[2022-12-06T03:47:01+08:00][sql] CONNECT:[ UseTime:0.000465s ] mysql:host=localhost;port=3316;dbname=coffee;charset=utf8
[2022-12-06T03:47:01+08:00][sql] SHOW FULL COLUMNS FROM `course` [ RunTime:0.001440s ]
[2022-12-06T03:47:01+08:00][sql] SELECT * FROM `course` WHERE  `id` = 7 LIMIT 1 [ RunTime:0.000325s ]
[2022-12-06T03:47:01+08:00][sql] SHOW FULL COLUMNS FROM `teacher` [ RunTime:0.000963s ]
[2022-12-06T03:47:01+08:00][sql] SELECT `teacher_name`,`teacher_title`,`teacher_avatar` FROM `teacher` WHERE  `id` = 1 LIMIT 1 [ RunTime:0.000271s ]
[2022-12-06T03:47:01+08:00][sql] SHOW FULL COLUMNS FROM `address` [ RunTime:0.000929s ]
[2022-12-06T03:47:01+08:00][sql] SELECT * FROM `address` WHERE  `id` = 1 LIMIT 1 [ RunTime:0.000290s ]
[2022-12-06T03:47:01+08:00][sql] SELECT * FROM `address` WHERE  `id` = 2 LIMIT 1 [ RunTime:0.000273s ]
[2022-12-06T03:49:05+08:00][sql] CONNECT:[ UseTime:0.000448s ] mysql:host=localhost;port=3316;dbname=coffee;charset=utf8
[2022-12-06T03:49:05+08:00][sql] SHOW FULL COLUMNS FROM `course` [ RunTime:0.001387s ]
[2022-12-06T03:49:05+08:00][sql] SELECT * FROM `course` WHERE  `id` = 7 LIMIT 1 [ RunTime:0.000329s ]
[2022-12-06T03:49:05+08:00][sql] SHOW FULL COLUMNS FROM `teacher` [ RunTime:0.000969s ]
[2022-12-06T03:49:05+08:00][sql] SELECT `teacher_name`,`teacher_title`,`teacher_avatar` FROM `teacher` WHERE  `id` = 1 LIMIT 1 [ RunTime:0.000251s ]
[2022-12-06T03:49:05+08:00][sql] SHOW FULL COLUMNS FROM `address` [ RunTime:0.000903s ]
[2022-12-06T03:49:05+08:00][sql] SELECT * FROM `address` WHERE  `id` = 1 LIMIT 1 [ RunTime:0.000272s ]
[2022-12-06T03:49:05+08:00][sql] SELECT * FROM `address` WHERE  `id` = 2 LIMIT 1 [ RunTime:0.000255s ]
[2022-12-06T03:51:02+08:00][sql] CONNECT:[ UseTime:0.000564s ] mysql:host=localhost;port=3316;dbname=coffee;charset=utf8
[2022-12-06T03:51:02+08:00][sql] SHOW FULL COLUMNS FROM `course` [ RunTime:0.001536s ]
[2022-12-06T03:51:02+08:00][sql] SELECT * FROM `course` WHERE  `id` = 5 LIMIT 1 [ RunTime:0.000399s ]
[2022-12-06T03:51:02+08:00][sql] SHOW FULL COLUMNS FROM `teacher` [ RunTime:0.000977s ]
[2022-12-06T03:51:02+08:00][sql] SELECT `teacher_name`,`teacher_title`,`teacher_avatar` FROM `teacher` WHERE  `id` = 1 LIMIT 1 [ RunTime:0.000279s ]
[2022-12-06T03:51:02+08:00][sql] SELECT `teacher_name`,`teacher_title`,`teacher_avatar` FROM `teacher` WHERE  `id` = 2 LIMIT 1 [ RunTime:0.000291s ]
[2022-12-06T03:51:02+08:00][sql] SHOW FULL COLUMNS FROM `address` [ RunTime:0.000985s ]
[2022-12-06T03:51:02+08:00][sql] SELECT * FROM `address` WHERE  `id` = 1 LIMIT 1 [ RunTime:0.000293s ]
[2022-12-06T03:51:02+08:00][sql] SELECT * FROM `address` WHERE  `id` = 2 LIMIT 1 [ RunTime:0.000251s ]
[2022-12-06T03:59:02+08:00][sql] CONNECT:[ UseTime:0.000440s ] mysql:host=localhost;port=3316;dbname=coffee;charset=utf8
[2022-12-06T03:59:02+08:00][sql] SHOW FULL COLUMNS FROM `course` [ RunTime:0.001334s ]
[2022-12-06T03:59:02+08:00][sql] SELECT * FROM `course` WHERE  `id` = 1 LIMIT 1 [ RunTime:0.000341s ]
[2022-12-06T03:59:02+08:00][sql] SHOW FULL COLUMNS FROM `teacher` [ RunTime:0.000942s ]
[2022-12-06T03:59:02+08:00][sql] SELECT `teacher_name`,`teacher_title`,`teacher_avatar` FROM `teacher` WHERE  `id` = 1 LIMIT 1 [ RunTime:0.000224s ]
[2022-12-06T03:59:02+08:00][sql] SELECT `teacher_name`,`teacher_title`,`teacher_avatar` FROM `teacher` WHERE  `id` = 2 LIMIT 1 [ RunTime:0.000188s ]
[2022-12-06T03:59:02+08:00][sql] SHOW FULL COLUMNS FROM `address` [ RunTime:0.000861s ]
[2022-12-06T03:59:02+08:00][sql] SELECT * FROM `address` WHERE  `id` = 1 LIMIT 1 [ RunTime:0.000302s ]
[2022-12-06T03:59:02+08:00][sql] SELECT * FROM `address` WHERE  `id` = 2 LIMIT 1 [ RunTime:0.000219s ]
[2022-12-06T20:05:56+08:00][sql] CONNECT:[ UseTime:0.000414s ] mysql:host=localhost;port=3316;dbname=coffee;charset=utf8
[2022-12-06T20:05:56+08:00][sql] SHOW FULL COLUMNS FROM `course` [ RunTime:0.001460s ]
[2022-12-06T20:05:56+08:00][sql] SELECT * FROM `course` WHERE  `id` = 7 LIMIT 1 [ RunTime:0.000343s ]
[2022-12-06T20:05:56+08:00][sql] SHOW FULL COLUMNS FROM `teacher` [ RunTime:0.000966s ]
[2022-12-06T20:05:56+08:00][sql] SELECT `teacher_name`,`teacher_title`,`teacher_avatar` FROM `teacher` WHERE  `id` = 1 LIMIT 1 [ RunTime:0.000270s ]
[2022-12-06T20:05:56+08:00][sql] SHOW FULL COLUMNS FROM `address` [ RunTime:0.001026s ]
[2022-12-06T20:05:56+08:00][sql] SELECT * FROM `address` WHERE  `id` = 1 LIMIT 1 [ RunTime:0.000335s ]
[2022-12-06T20:05:56+08:00][sql] SELECT * FROM `address` WHERE  `id` = 2 LIMIT 1 [ RunTime:0.000240s ]
