[2022-12-08T00:51:09+08:00][sql] CONNECT:[ UseTime:0.000410s ] mysql:host=localhost;port=3316;dbname=coffee;charset=utf8
[2022-12-08T00:51:09+08:00][sql] SHOW FULL COLUMNS FROM `course` [ RunTime:0.001558s ]
[2022-12-08T00:51:09+08:00][sql] SELECT `id`,`title`,`price`,`days`,`time` FROM `course` WHERE  `is_time` = 1 ORDER BY `sorting` ASC [ RunTime:0.000821s ]
[2022-12-08T00:51:09+08:00][sql] SELECT `id`,`title` FROM `course` WHERE  `status` = 1 [ RunTime:0.000249s ]
[2022-12-08T00:51:09+08:00][sql] SELECT `id`,`title` FROM `course` WHERE  `status` = 2 [ RunTime:0.000214s ]
[2022-12-08T00:51:09+08:00][sql] SHOW FULL COLUMNS FROM `address` [ RunTime:0.001050s ]
[2022-12-08T00:51:09+08:00][sql] SELECT * FROM `address` WHERE  `id` = 1 LIMIT 1 [ RunTime:0.000265s ]
[2022-12-08T00:51:09+08:00][sql] SELECT * FROM `address` WHERE  `id` = 2 LIMIT 1 [ RunTime:0.000229s ]
[2022-12-08T05:35:51+08:00][sql] CONNECT:[ UseTime:0.000395s ] mysql:host=localhost;port=3316;dbname=coffee;charset=utf8
[2022-12-08T05:35:51+08:00][sql] SHOW FULL COLUMNS FROM `course` [ RunTime:0.001379s ]
[2022-12-08T05:35:51+08:00][sql] SELECT * FROM `course` WHERE  `id` = 6 LIMIT 1 [ RunTime:0.000329s ]
[2022-12-08T05:35:51+08:00][sql] SHOW FULL COLUMNS FROM `teacher` [ RunTime:0.000868s ]
[2022-12-08T05:35:51+08:00][sql] SELECT `teacher_name`,`teacher_title`,`teacher_avatar` FROM `teacher` WHERE  `id` = 1 LIMIT 1 [ RunTime:0.000226s ]
[2022-12-08T05:35:51+08:00][sql] SHOW FULL COLUMNS FROM `address` [ RunTime:0.000894s ]
[2022-12-08T05:35:51+08:00][sql] SELECT * FROM `address` WHERE  `id` = 1 LIMIT 1 [ RunTime:0.000260s ]
[2022-12-08T05:35:51+08:00][sql] SELECT * FROM `address` WHERE  `id` = 2 LIMIT 1 [ RunTime:0.000196s ]
[2022-12-08T05:38:50+08:00][sql] CONNECT:[ UseTime:0.000428s ] mysql:host=localhost;port=3316;dbname=coffee;charset=utf8
[2022-12-08T05:38:50+08:00][sql] SHOW FULL COLUMNS FROM `course` [ RunTime:0.001591s ]
[2022-12-08T05:38:50+08:00][sql] SELECT * FROM `course` WHERE  `id` = 6 LIMIT 1 [ RunTime:0.000385s ]
[2022-12-08T05:38:50+08:00][sql] SHOW FULL COLUMNS FROM `teacher` [ RunTime:0.001074s ]
[2022-12-08T05:38:50+08:00][sql] SELECT `teacher_name`,`teacher_title`,`teacher_avatar` FROM `teacher` WHERE  `id` = 1 LIMIT 1 [ RunTime:0.000276s ]
[2022-12-08T05:38:50+08:00][sql] SHOW FULL COLUMNS FROM `address` [ RunTime:0.001213s ]
[2022-12-08T05:38:50+08:00][sql] SELECT * FROM `address` WHERE  `id` = 1 LIMIT 1 [ RunTime:0.000281s ]
[2022-12-08T05:38:50+08:00][sql] SELECT * FROM `address` WHERE  `id` = 2 LIMIT 1 [ RunTime:0.000255s ]
[2022-12-08T14:02:50+08:00][sql] CONNECT:[ UseTime:0.000363s ] mysql:host=localhost;port=3316;dbname=coffee;charset=utf8
[2022-12-08T14:02:50+08:00][sql] SHOW FULL COLUMNS FROM `course` [ RunTime:0.001389s ]
[2022-12-08T14:02:50+08:00][sql] SELECT * FROM `course` WHERE  `id` = 5 LIMIT 1 [ RunTime:0.000317s ]
[2022-12-08T14:02:50+08:00][sql] SHOW FULL COLUMNS FROM `teacher` [ RunTime:0.000920s ]
[2022-12-08T14:02:50+08:00][sql] SELECT `teacher_name`,`teacher_title`,`teacher_avatar` FROM `teacher` WHERE  `id` = 1 LIMIT 1 [ RunTime:0.000227s ]
[2022-12-08T14:02:50+08:00][sql] SELECT `teacher_name`,`teacher_title`,`teacher_avatar` FROM `teacher` WHERE  `id` = 2 LIMIT 1 [ RunTime:0.000210s ]
[2022-12-08T14:02:50+08:00][sql] SHOW FULL COLUMNS FROM `address` [ RunTime:0.001087s ]
[2022-12-08T14:02:50+08:00][sql] SELECT * FROM `address` WHERE  `id` = 1 LIMIT 1 [ RunTime:0.000243s ]
[2022-12-08T14:02:50+08:00][sql] SELECT * FROM `address` WHERE  `id` = 2 LIMIT 1 [ RunTime:0.000257s ]
