[2022-12-09T02:19:53+08:00][sql] CONNECT:[ UseTime:0.000422s ] mysql:host=localhost;port=3316;dbname=coffee;charset=utf8
[2022-12-09T02:19:53+08:00][sql] SHOW FULL COLUMNS FROM `course` [ RunTime:0.001462s ]
[2022-12-09T02:19:53+08:00][sql] SELECT * FROM `course` WHERE  `id` = 3 LIMIT 1 [ RunTime:0.000328s ]
[2022-12-09T02:19:53+08:00][sql] SHOW FULL COLUMNS FROM `teacher` [ RunTime:0.000929s ]
[2022-12-09T02:19:53+08:00][sql] SELECT `teacher_name`,`teacher_title`,`teacher_avatar` FROM `teacher` WHERE  `id` = 1 LIMIT 1 [ RunTime:0.000260s ]
[2022-12-09T02:19:53+08:00][sql] SHOW FULL COLUMNS FROM `address` [ RunTime:0.000930s ]
[2022-12-09T02:19:53+08:00][sql] SELECT * FROM `address` WHERE  `id` = 1 LIMIT 1 [ RunTime:0.000275s ]
[2022-12-09T02:19:53+08:00][sql] SELECT * FROM `address` WHERE  `id` = 2 LIMIT 1 [ RunTime:0.000262s ]
[2022-12-09T02:21:32+08:00][sql] CONNECT:[ UseTime:0.000445s ] mysql:host=localhost;port=3316;dbname=coffee;charset=utf8
[2022-12-09T02:21:32+08:00][sql] SHOW FULL COLUMNS FROM `course` [ RunTime:0.001456s ]
[2022-12-09T02:21:32+08:00][sql] SELECT * FROM `course` WHERE  `id` = 3 LIMIT 1 [ RunTime:0.000293s ]
[2022-12-09T02:21:32+08:00][sql] SHOW FULL COLUMNS FROM `teacher` [ RunTime:0.000913s ]
[2022-12-09T02:21:32+08:00][sql] SELECT `teacher_name`,`teacher_title`,`teacher_avatar` FROM `teacher` WHERE  `id` = 1 LIMIT 1 [ RunTime:0.000239s ]
[2022-12-09T02:21:32+08:00][sql] SHOW FULL COLUMNS FROM `address` [ RunTime:0.000898s ]
[2022-12-09T02:21:32+08:00][sql] SELECT * FROM `address` WHERE  `id` = 1 LIMIT 1 [ RunTime:0.000230s ]
[2022-12-09T02:21:32+08:00][sql] SELECT * FROM `address` WHERE  `id` = 2 LIMIT 1 [ RunTime:0.000199s ]
[2022-12-09T13:29:57+08:00][sql] CONNECT:[ UseTime:0.000412s ] mysql:host=localhost;port=3316;dbname=coffee;charset=utf8
[2022-12-09T13:29:57+08:00][sql] SHOW FULL COLUMNS FROM `course` [ RunTime:0.001429s ]
[2022-12-09T13:29:57+08:00][sql] SELECT * FROM `course` WHERE  `id` = 1 LIMIT 1 [ RunTime:0.000820s ]
[2022-12-09T13:29:57+08:00][sql] SHOW FULL COLUMNS FROM `teacher` [ RunTime:0.000927s ]
[2022-12-09T13:29:57+08:00][sql] SELECT `teacher_name`,`teacher_title`,`teacher_avatar` FROM `teacher` WHERE  `id` = 1 LIMIT 1 [ RunTime:0.000259s ]
[2022-12-09T13:29:57+08:00][sql] SELECT `teacher_name`,`teacher_title`,`teacher_avatar` FROM `teacher` WHERE  `id` = 2 LIMIT 1 [ RunTime:0.000236s ]
[2022-12-09T13:29:57+08:00][sql] SHOW FULL COLUMNS FROM `address` [ RunTime:0.001050s ]
[2022-12-09T13:29:57+08:00][sql] SELECT * FROM `address` WHERE  `id` = 1 LIMIT 1 [ RunTime:0.000336s ]
[2022-12-09T13:29:57+08:00][sql] SELECT * FROM `address` WHERE  `id` = 2 LIMIT 1 [ RunTime:0.000283s ]
[2022-12-09T13:31:34+08:00][sql] CONNECT:[ UseTime:0.000383s ] mysql:host=localhost;port=3316;dbname=coffee;charset=utf8
[2022-12-09T13:31:34+08:00][sql] SHOW FULL COLUMNS FROM `course` [ RunTime:0.001390s ]
[2022-12-09T13:31:34+08:00][sql] SELECT * FROM `course` WHERE  `id` = 2 LIMIT 1 [ RunTime:0.000765s ]
[2022-12-09T13:31:34+08:00][sql] SHOW FULL COLUMNS FROM `teacher` [ RunTime:0.000882s ]
[2022-12-09T13:31:34+08:00][sql] SELECT `teacher_name`,`teacher_title`,`teacher_avatar` FROM `teacher` WHERE  `id` = 3 LIMIT 1 [ RunTime:0.000227s ]
[2022-12-09T13:31:34+08:00][sql] SHOW FULL COLUMNS FROM `address` [ RunTime:0.000865s ]
[2022-12-09T13:31:34+08:00][sql] SELECT * FROM `address` WHERE  `id` = 1 LIMIT 1 [ RunTime:0.000236s ]
[2022-12-09T13:31:34+08:00][sql] SELECT * FROM `address` WHERE  `id` = 2 LIMIT 1 [ RunTime:0.000219s ]
[2022-12-09T13:32:34+08:00][sql] CONNECT:[ UseTime:0.000423s ] mysql:host=localhost;port=3316;dbname=coffee;charset=utf8
[2022-12-09T13:32:34+08:00][sql] SHOW FULL COLUMNS FROM `course` [ RunTime:0.001456s ]
[2022-12-09T13:32:34+08:00][sql] SELECT * FROM `course` WHERE  `id` = 2 LIMIT 1 [ RunTime:0.000377s ]
[2022-12-09T13:32:34+08:00][sql] SHOW FULL COLUMNS FROM `teacher` [ RunTime:0.001082s ]
[2022-12-09T13:32:34+08:00][sql] SELECT `teacher_name`,`teacher_title`,`teacher_avatar` FROM `teacher` WHERE  `id` = 3 LIMIT 1 [ RunTime:0.000253s ]
[2022-12-09T13:32:34+08:00][sql] SHOW FULL COLUMNS FROM `address` [ RunTime:0.000969s ]
[2022-12-09T13:32:34+08:00][sql] SELECT * FROM `address` WHERE  `id` = 1 LIMIT 1 [ RunTime:0.000247s ]
[2022-12-09T13:32:34+08:00][sql] SELECT * FROM `address` WHERE  `id` = 2 LIMIT 1 [ RunTime:0.000223s ]
[2022-12-09T14:56:38+08:00][sql] CONNECT:[ UseTime:0.000453s ] mysql:host=localhost;port=3316;dbname=coffee;charset=utf8
[2022-12-09T14:56:38+08:00][sql] SHOW FULL COLUMNS FROM `course` [ RunTime:0.001453s ]
[2022-12-09T14:56:38+08:00][sql] SELECT * FROM `course` WHERE  `id` = 2 LIMIT 1 [ RunTime:0.000345s ]
[2022-12-09T14:56:38+08:00][sql] SHOW FULL COLUMNS FROM `teacher` [ RunTime:0.001078s ]
[2022-12-09T14:56:38+08:00][sql] SELECT `teacher_name`,`teacher_title`,`teacher_avatar` FROM `teacher` WHERE  `id` = 3 LIMIT 1 [ RunTime:0.000314s ]
[2022-12-09T14:56:38+08:00][sql] SHOW FULL COLUMNS FROM `address` [ RunTime:0.000927s ]
[2022-12-09T14:56:38+08:00][sql] SELECT * FROM `address` WHERE  `id` = 1 LIMIT 1 [ RunTime:0.000270s ]
[2022-12-09T14:56:38+08:00][sql] SELECT * FROM `address` WHERE  `id` = 2 LIMIT 1 [ RunTime:0.000244s ]
[2022-12-09T15:05:09+08:00][sql] CONNECT:[ UseTime:0.000368s ] mysql:host=localhost;port=3316;dbname=coffee;charset=utf8
[2022-12-09T15:05:09+08:00][sql] SHOW FULL COLUMNS FROM `course` [ RunTime:0.001373s ]
[2022-12-09T15:05:09+08:00][sql] SELECT * FROM `course` WHERE  `id` = 2 LIMIT 1 [ RunTime:0.000326s ]
[2022-12-09T15:05:09+08:00][sql] SHOW FULL COLUMNS FROM `teacher` [ RunTime:0.000941s ]
[2022-12-09T15:05:09+08:00][sql] SELECT `teacher_name`,`teacher_title`,`teacher_avatar` FROM `teacher` WHERE  `id` = 3 LIMIT 1 [ RunTime:0.000287s ]
[2022-12-09T15:05:09+08:00][sql] SHOW FULL COLUMNS FROM `address` [ RunTime:0.001062s ]
[2022-12-09T15:05:09+08:00][sql] SELECT * FROM `address` WHERE  `id` = 1 LIMIT 1 [ RunTime:0.000303s ]
[2022-12-09T15:05:09+08:00][sql] SELECT * FROM `address` WHERE  `id` = 2 LIMIT 1 [ RunTime:0.000219s ]
[2022-12-09T15:59:00+08:00][sql] CONNECT:[ UseTime:0.000373s ] mysql:host=localhost;port=3316;dbname=coffee;charset=utf8
[2022-12-09T15:59:00+08:00][sql] SHOW FULL COLUMNS FROM `course` [ RunTime:0.001495s ]
[2022-12-09T15:59:00+08:00][sql] SELECT * FROM `course` WHERE  `id` = 2 LIMIT 1 [ RunTime:0.000356s ]
[2022-12-09T15:59:00+08:00][sql] SHOW FULL COLUMNS FROM `teacher` [ RunTime:0.000993s ]
[2022-12-09T15:59:00+08:00][sql] SELECT `teacher_name`,`teacher_title`,`teacher_avatar` FROM `teacher` WHERE  `id` = 3 LIMIT 1 [ RunTime:0.000273s ]
[2022-12-09T15:59:00+08:00][sql] SHOW FULL COLUMNS FROM `address` [ RunTime:0.001003s ]
[2022-12-09T15:59:00+08:00][sql] SELECT * FROM `address` WHERE  `id` = 1 LIMIT 1 [ RunTime:0.000308s ]
[2022-12-09T15:59:00+08:00][sql] SELECT * FROM `address` WHERE  `id` = 2 LIMIT 1 [ RunTime:0.000217s ]
[2022-12-09T17:20:02+08:00][sql] CONNECT:[ UseTime:0.000427s ] mysql:host=localhost;port=3316;dbname=coffee;charset=utf8
[2022-12-09T17:20:02+08:00][sql] SHOW FULL COLUMNS FROM `course` [ RunTime:0.001438s ]
[2022-12-09T17:20:02+08:00][sql] SELECT * FROM `course` WHERE  `id` = 6 LIMIT 1 [ RunTime:0.000381s ]
[2022-12-09T17:20:02+08:00][sql] SHOW FULL COLUMNS FROM `teacher` [ RunTime:0.000941s ]
[2022-12-09T17:20:02+08:00][sql] SELECT `teacher_name`,`teacher_title`,`teacher_avatar` FROM `teacher` WHERE  `id` = 1 LIMIT 1 [ RunTime:0.000261s ]
[2022-12-09T17:20:02+08:00][sql] SHOW FULL COLUMNS FROM `address` [ RunTime:0.000986s ]
[2022-12-09T17:20:02+08:00][sql] SELECT * FROM `address` WHERE  `id` = 1 LIMIT 1 [ RunTime:0.000319s ]
[2022-12-09T17:20:02+08:00][sql] SELECT * FROM `address` WHERE  `id` = 2 LIMIT 1 [ RunTime:0.000250s ]
[2022-12-09T21:33:08+08:00][sql] CONNECT:[ UseTime:0.000411s ] mysql:host=localhost;port=3316;dbname=coffee;charset=utf8
[2022-12-09T21:33:08+08:00][sql] SHOW FULL COLUMNS FROM `course` [ RunTime:0.001518s ]
[2022-12-09T21:33:08+08:00][sql] SELECT * FROM `course` WHERE  `id` = 7 LIMIT 1 [ RunTime:0.000312s ]
[2022-12-09T21:33:08+08:00][sql] SHOW FULL COLUMNS FROM `teacher` [ RunTime:0.000981s ]
[2022-12-09T21:33:08+08:00][sql] SELECT `teacher_name`,`teacher_title`,`teacher_avatar` FROM `teacher` WHERE  `id` = 1 LIMIT 1 [ RunTime:0.000284s ]
[2022-12-09T21:33:08+08:00][sql] SHOW FULL COLUMNS FROM `address` [ RunTime:0.000946s ]
[2022-12-09T21:33:08+08:00][sql] SELECT * FROM `address` WHERE  `id` = 1 LIMIT 1 [ RunTime:0.000268s ]
[2022-12-09T21:33:08+08:00][sql] SELECT * FROM `address` WHERE  `id` = 2 LIMIT 1 [ RunTime:0.000255s ]
[2022-12-09T21:52:22+08:00][sql] CONNECT:[ UseTime:0.000405s ] mysql:host=localhost;port=3316;dbname=coffee;charset=utf8
[2022-12-09T21:52:22+08:00][sql] SHOW FULL COLUMNS FROM `course` [ RunTime:0.001594s ]
[2022-12-09T21:52:22+08:00][sql] SELECT * FROM `course` WHERE  `id` = 7 LIMIT 1 [ RunTime:0.000308s ]
[2022-12-09T21:52:22+08:00][sql] SHOW FULL COLUMNS FROM `teacher` [ RunTime:0.001109s ]
[2022-12-09T21:52:22+08:00][sql] SELECT `teacher_name`,`teacher_title`,`teacher_avatar` FROM `teacher` WHERE  `id` = 1 LIMIT 1 [ RunTime:0.000314s ]
[2022-12-09T21:52:22+08:00][sql] SHOW FULL COLUMNS FROM `address` [ RunTime:0.000950s ]
[2022-12-09T21:52:22+08:00][sql] SELECT * FROM `address` WHERE  `id` = 1 LIMIT 1 [ RunTime:0.000276s ]
[2022-12-09T21:52:22+08:00][sql] SELECT * FROM `address` WHERE  `id` = 2 LIMIT 1 [ RunTime:0.000276s ]
