[2022-12-11T11:16:22+08:00][sql] CONNECT:[ UseTime:0.000360s ] mysql:host=localhost;port=3316;dbname=coffee;charset=utf8
[2022-12-11T11:16:22+08:00][sql] SHOW FULL COLUMNS FROM `course` [ RunTime:0.001428s ]
[2022-12-11T11:16:22+08:00][sql] SELECT * FROM `course` WHERE  `id` = 3 LIMIT 1 [ RunTime:0.000817s ]
[2022-12-11T11:16:22+08:00][sql] SHOW FULL COLUMNS FROM `teacher` [ RunTime:0.000901s ]
[2022-12-11T11:16:22+08:00][sql] SELECT `teacher_name`,`teacher_title`,`teacher_avatar` FROM `teacher` WHERE  `id` = 1 LIMIT 1 [ RunTime:0.000237s ]
[2022-12-11T11:16:22+08:00][sql] SHOW FULL COLUMNS FROM `address` [ RunTime:0.000932s ]
[2022-12-11T11:16:22+08:00][sql] SELECT * FROM `address` WHERE  `id` = 1 LIMIT 1 [ RunTime:0.000267s ]
[2022-12-11T11:16:22+08:00][sql] SELECT * FROM `address` WHERE  `id` = 2 LIMIT 1 [ RunTime:0.000241s ]
[2022-12-11T11:20:12+08:00][sql] CONNECT:[ UseTime:0.000482s ] mysql:host=localhost;port=3316;dbname=coffee;charset=utf8
[2022-12-11T11:20:12+08:00][sql] SHOW FULL COLUMNS FROM `course` [ RunTime:0.001453s ]
[2022-12-11T11:20:12+08:00][sql] SELECT * FROM `course` WHERE  `id` = 3 LIMIT 1 [ RunTime:0.000802s ]
[2022-12-11T11:20:12+08:00][sql] SHOW FULL COLUMNS FROM `teacher` [ RunTime:0.000957s ]
[2022-12-11T11:20:12+08:00][sql] SELECT `teacher_name`,`teacher_title`,`teacher_avatar` FROM `teacher` WHERE  `id` = 1 LIMIT 1 [ RunTime:0.000234s ]
[2022-12-11T11:20:12+08:00][sql] SHOW FULL COLUMNS FROM `address` [ RunTime:0.000864s ]
[2022-12-11T11:20:12+08:00][sql] SELECT * FROM `address` WHERE  `id` = 1 LIMIT 1 [ RunTime:0.000232s ]
[2022-12-11T11:20:12+08:00][sql] SELECT * FROM `address` WHERE  `id` = 2 LIMIT 1 [ RunTime:0.000190s ]
[2022-12-11T12:30:39+08:00][sql] CONNECT:[ UseTime:0.000397s ] mysql:host=localhost;port=3316;dbname=coffee;charset=utf8
[2022-12-11T12:30:39+08:00][sql] SHOW FULL COLUMNS FROM `course` [ RunTime:0.001502s ]
[2022-12-11T12:30:39+08:00][sql] SELECT * FROM `course` WHERE  `id` = 1 LIMIT 1 [ RunTime:0.001063s ]
[2022-12-11T12:30:39+08:00][sql] SHOW FULL COLUMNS FROM `teacher` [ RunTime:0.000993s ]
[2022-12-11T12:30:39+08:00][sql] SELECT `teacher_name`,`teacher_title`,`teacher_avatar` FROM `teacher` WHERE  `id` = 1 LIMIT 1 [ RunTime:0.000266s ]
[2022-12-11T12:30:39+08:00][sql] SELECT `teacher_name`,`teacher_title`,`teacher_avatar` FROM `teacher` WHERE  `id` = 2 LIMIT 1 [ RunTime:0.000235s ]
[2022-12-11T12:30:39+08:00][sql] SHOW FULL COLUMNS FROM `address` [ RunTime:0.000938s ]
[2022-12-11T12:30:39+08:00][sql] SELECT * FROM `address` WHERE  `id` = 1 LIMIT 1 [ RunTime:0.000281s ]
[2022-12-11T12:30:39+08:00][sql] SELECT * FROM `address` WHERE  `id` = 2 LIMIT 1 [ RunTime:0.000259s ]
[2022-12-11T12:38:45+08:00][sql] CONNECT:[ UseTime:0.000360s ] mysql:host=localhost;port=3316;dbname=coffee;charset=utf8
[2022-12-11T12:38:45+08:00][sql] SHOW FULL COLUMNS FROM `course` [ RunTime:0.001374s ]
[2022-12-11T12:38:45+08:00][sql] SELECT * FROM `course` WHERE  `id` = 1 LIMIT 1 [ RunTime:0.001031s ]
[2022-12-11T12:38:45+08:00][sql] SHOW FULL COLUMNS FROM `teacher` [ RunTime:0.000892s ]
[2022-12-11T12:38:45+08:00][sql] SELECT `teacher_name`,`teacher_title`,`teacher_avatar` FROM `teacher` WHERE  `id` = 1 LIMIT 1 [ RunTime:0.000232s ]
[2022-12-11T12:38:45+08:00][sql] SELECT `teacher_name`,`teacher_title`,`teacher_avatar` FROM `teacher` WHERE  `id` = 2 LIMIT 1 [ RunTime:0.000195s ]
[2022-12-11T12:38:45+08:00][sql] SHOW FULL COLUMNS FROM `address` [ RunTime:0.000877s ]
[2022-12-11T12:38:45+08:00][sql] SELECT * FROM `address` WHERE  `id` = 1 LIMIT 1 [ RunTime:0.000225s ]
[2022-12-11T12:38:45+08:00][sql] SELECT * FROM `address` WHERE  `id` = 2 LIMIT 1 [ RunTime:0.000191s ]
[2022-12-11T13:18:46+08:00][sql] CONNECT:[ UseTime:0.000389s ] mysql:host=localhost;port=3316;dbname=coffee;charset=utf8
[2022-12-11T13:18:46+08:00][sql] SHOW FULL COLUMNS FROM `course` [ RunTime:0.001491s ]
[2022-12-11T13:18:46+08:00][sql] SELECT * FROM `course` WHERE  `id` = 4 LIMIT 1 [ RunTime:0.000800s ]
[2022-12-11T13:18:46+08:00][sql] SHOW FULL COLUMNS FROM `teacher` [ RunTime:0.000937s ]
[2022-12-11T13:18:46+08:00][sql] SELECT `teacher_name`,`teacher_title`,`teacher_avatar` FROM `teacher` WHERE  `id` = 2 LIMIT 1 [ RunTime:0.000218s ]
[2022-12-11T13:18:46+08:00][sql] SHOW FULL COLUMNS FROM `address` [ RunTime:0.000904s ]
[2022-12-11T13:18:46+08:00][sql] SELECT * FROM `address` WHERE  `id` = 1 LIMIT 1 [ RunTime:0.000248s ]
[2022-12-11T13:18:46+08:00][sql] SELECT * FROM `address` WHERE  `id` = 2 LIMIT 1 [ RunTime:0.000225s ]
[2022-12-11T15:59:57+08:00][sql] CONNECT:[ UseTime:0.000393s ] mysql:host=localhost;port=3316;dbname=coffee;charset=utf8
[2022-12-11T15:59:57+08:00][sql] SHOW FULL COLUMNS FROM `course` [ RunTime:0.001509s ]
[2022-12-11T15:59:57+08:00][sql] SELECT * FROM `course` WHERE  `id` = 3 LIMIT 1 [ RunTime:0.000824s ]
[2022-12-11T15:59:57+08:00][sql] SHOW FULL COLUMNS FROM `teacher` [ RunTime:0.000977s ]
[2022-12-11T15:59:57+08:00][sql] SELECT `teacher_name`,`teacher_title`,`teacher_avatar` FROM `teacher` WHERE  `id` = 1 LIMIT 1 [ RunTime:0.000260s ]
[2022-12-11T15:59:57+08:00][sql] SHOW FULL COLUMNS FROM `address` [ RunTime:0.000959s ]
[2022-12-11T15:59:57+08:00][sql] SELECT * FROM `address` WHERE  `id` = 1 LIMIT 1 [ RunTime:0.000238s ]
[2022-12-11T15:59:57+08:00][sql] SELECT * FROM `address` WHERE  `id` = 2 LIMIT 1 [ RunTime:0.000232s ]
[2022-12-11T18:29:55+08:00][sql] CONNECT:[ UseTime:0.000393s ] mysql:host=localhost;port=3316;dbname=coffee;charset=utf8
[2022-12-11T18:29:55+08:00][sql] SHOW FULL COLUMNS FROM `course` [ RunTime:0.001446s ]
[2022-12-11T18:29:55+08:00][sql] SELECT `id`,`title`,`price`,`days`,`time` FROM `course` WHERE  `is_time` = 1 ORDER BY `sorting` ASC [ RunTime:0.001133s ]
[2022-12-11T18:29:55+08:00][sql] SELECT `id`,`title` FROM `course` WHERE  `status` = 1 [ RunTime:0.000303s ]
[2022-12-11T18:29:55+08:00][sql] SELECT `id`,`title` FROM `course` WHERE  `status` = 2 [ RunTime:0.000380s ]
[2022-12-11T18:29:55+08:00][sql] SHOW FULL COLUMNS FROM `address` [ RunTime:0.001073s ]
[2022-12-11T18:29:55+08:00][sql] SELECT * FROM `address` WHERE  `id` = 1 LIMIT 1 [ RunTime:0.000316s ]
[2022-12-11T18:29:55+08:00][sql] SELECT * FROM `address` WHERE  `id` = 2 LIMIT 1 [ RunTime:0.000246s ]
[2022-12-11T18:35:09+08:00][sql] CONNECT:[ UseTime:0.000363s ] mysql:host=localhost;port=3316;dbname=coffee;charset=utf8
[2022-12-11T18:35:09+08:00][sql] SHOW FULL COLUMNS FROM `course` [ RunTime:0.001467s ]
[2022-12-11T18:35:09+08:00][sql] SELECT `id`,`title`,`price`,`days`,`time` FROM `course` WHERE  `is_time` = 1 ORDER BY `sorting` ASC [ RunTime:0.000821s ]
[2022-12-11T18:35:09+08:00][sql] SELECT `id`,`title` FROM `course` WHERE  `status` = 1 [ RunTime:0.000239s ]
[2022-12-11T18:35:09+08:00][sql] SELECT `id`,`title` FROM `course` WHERE  `status` = 2 [ RunTime:0.000232s ]
[2022-12-11T18:35:09+08:00][sql] SHOW FULL COLUMNS FROM `address` [ RunTime:0.000985s ]
[2022-12-11T18:35:09+08:00][sql] SELECT * FROM `address` WHERE  `id` = 1 LIMIT 1 [ RunTime:0.000260s ]
[2022-12-11T18:35:09+08:00][sql] SELECT * FROM `address` WHERE  `id` = 2 LIMIT 1 [ RunTime:0.000234s ]
[2022-12-11T20:38:14+08:00][sql] CONNECT:[ UseTime:0.000434s ] mysql:host=localhost;port=3316;dbname=coffee;charset=utf8
[2022-12-11T20:38:14+08:00][sql] SHOW FULL COLUMNS FROM `course` [ RunTime:0.001484s ]
[2022-12-11T20:38:14+08:00][sql] SELECT * FROM `course` WHERE  `id` = 1 LIMIT 1 [ RunTime:0.000368s ]
[2022-12-11T20:38:14+08:00][sql] SHOW FULL COLUMNS FROM `teacher` [ RunTime:0.000998s ]
[2022-12-11T20:38:14+08:00][sql] SELECT `teacher_name`,`teacher_title`,`teacher_avatar` FROM `teacher` WHERE  `id` = 1 LIMIT 1 [ RunTime:0.000269s ]
[2022-12-11T20:38:14+08:00][sql] SELECT `teacher_name`,`teacher_title`,`teacher_avatar` FROM `teacher` WHERE  `id` = 2 LIMIT 1 [ RunTime:0.000277s ]
[2022-12-11T20:38:14+08:00][sql] SHOW FULL COLUMNS FROM `address` [ RunTime:0.000925s ]
[2022-12-11T20:38:14+08:00][sql] SELECT * FROM `address` WHERE  `id` = 1 LIMIT 1 [ RunTime:0.000288s ]
[2022-12-11T20:38:14+08:00][sql] SELECT * FROM `address` WHERE  `id` = 2 LIMIT 1 [ RunTime:0.000245s ]
[2022-12-11T20:48:38+08:00][sql] CONNECT:[ UseTime:0.000409s ] mysql:host=localhost;port=3316;dbname=coffee;charset=utf8
[2022-12-11T20:48:38+08:00][sql] SHOW FULL COLUMNS FROM `course` [ RunTime:0.001435s ]
[2022-12-11T20:48:38+08:00][sql] SELECT * FROM `course` WHERE  `id` = 1 LIMIT 1 [ RunTime:0.000777s ]
[2022-12-11T20:48:38+08:00][sql] SHOW FULL COLUMNS FROM `teacher` [ RunTime:0.000909s ]
[2022-12-11T20:48:38+08:00][sql] SELECT `teacher_name`,`teacher_title`,`teacher_avatar` FROM `teacher` WHERE  `id` = 1 LIMIT 1 [ RunTime:0.000245s ]
[2022-12-11T20:48:38+08:00][sql] SELECT `teacher_name`,`teacher_title`,`teacher_avatar` FROM `teacher` WHERE  `id` = 2 LIMIT 1 [ RunTime:0.000224s ]
[2022-12-11T20:48:38+08:00][sql] SHOW FULL COLUMNS FROM `address` [ RunTime:0.000882s ]
[2022-12-11T20:48:38+08:00][sql] SELECT * FROM `address` WHERE  `id` = 1 LIMIT 1 [ RunTime:0.000248s ]
[2022-12-11T20:48:38+08:00][sql] SELECT * FROM `address` WHERE  `id` = 2 LIMIT 1 [ RunTime:0.000207s ]
[2022-12-11T22:03:27+08:00][sql] CONNECT:[ UseTime:0.000436s ] mysql:host=localhost;port=3316;dbname=coffee;charset=utf8
[2022-12-11T22:03:27+08:00][sql] SHOW FULL COLUMNS FROM `course` [ RunTime:0.001517s ]
[2022-12-11T22:03:27+08:00][sql] SELECT * FROM `course` WHERE  `id` = 4 LIMIT 1 [ RunTime:0.000850s ]
[2022-12-11T22:03:27+08:00][sql] SHOW FULL COLUMNS FROM `teacher` [ RunTime:0.000986s ]
[2022-12-11T22:03:27+08:00][sql] SELECT `teacher_name`,`teacher_title`,`teacher_avatar` FROM `teacher` WHERE  `id` = 2 LIMIT 1 [ RunTime:0.000260s ]
[2022-12-11T22:03:27+08:00][sql] SHOW FULL COLUMNS FROM `address` [ RunTime:0.001022s ]
[2022-12-11T22:03:27+08:00][sql] SELECT * FROM `address` WHERE  `id` = 1 LIMIT 1 [ RunTime:0.000326s ]
[2022-12-11T22:03:27+08:00][sql] SELECT * FROM `address` WHERE  `id` = 2 LIMIT 1 [ RunTime:0.000250s ]
[2022-12-11T22:04:27+08:00][sql] CONNECT:[ UseTime:0.000449s ] mysql:host=localhost;port=3316;dbname=coffee;charset=utf8
[2022-12-11T22:04:27+08:00][sql] SHOW FULL COLUMNS FROM `course` [ RunTime:0.002150s ]
[2022-12-11T22:04:27+08:00][sql] SELECT * FROM `course` WHERE  `id` = 4 LIMIT 1 [ RunTime:0.000441s ]
[2022-12-11T22:04:27+08:00][sql] SHOW FULL COLUMNS FROM `teacher` [ RunTime:0.001380s ]
[2022-12-11T22:04:27+08:00][sql] SELECT `teacher_name`,`teacher_title`,`teacher_avatar` FROM `teacher` WHERE  `id` = 2 LIMIT 1 [ RunTime:0.000307s ]
[2022-12-11T22:04:27+08:00][sql] SHOW FULL COLUMNS FROM `address` [ RunTime:0.001484s ]
[2022-12-11T22:04:27+08:00][sql] SELECT * FROM `address` WHERE  `id` = 1 LIMIT 1 [ RunTime:0.000343s ]
[2022-12-11T22:04:27+08:00][sql] SELECT * FROM `address` WHERE  `id` = 2 LIMIT 1 [ RunTime:0.000267s ]
