[2022-12-15T01:56:38+08:00][sql] CONNECT:[ UseTime:0.000384s ] mysql:host=localhost;port=3316;dbname=coffee;charset=utf8
[2022-12-15T01:56:38+08:00][sql] SHOW FULL COLUMNS FROM `course` [ RunTime:0.001443s ]
[2022-12-15T01:56:38+08:00][sql] SELECT `id`,`title`,`price`,`days`,`time` FROM `course` WHERE  `is_time` = 1 ORDER BY `sorting` ASC [ RunTime:0.000792s ]
[2022-12-15T01:56:38+08:00][sql] SELECT `id`,`title` FROM `course` WHERE  `status` = 1 [ RunTime:0.000272s ]
[2022-12-15T01:56:38+08:00][sql] SELECT `id`,`title` FROM `course` WHERE  `status` = 2 [ RunTime:0.000228s ]
[2022-12-15T01:56:38+08:00][sql] SHOW FULL COLUMNS FROM `address` [ RunTime:0.001133s ]
[2022-12-15T01:56:38+08:00][sql] SELECT * FROM `address` WHERE  `id` = 1 LIMIT 1 [ RunTime:0.000308s ]
[2022-12-15T01:56:38+08:00][sql] SELECT * FROM `address` WHERE  `id` = 2 LIMIT 1 [ RunTime:0.000248s ]
[2022-12-15T02:04:56+08:00][sql] CONNECT:[ UseTime:0.000366s ] mysql:host=localhost;port=3316;dbname=coffee;charset=utf8
[2022-12-15T02:04:56+08:00][sql] SHOW FULL COLUMNS FROM `course` [ RunTime:0.001393s ]
[2022-12-15T02:04:56+08:00][sql] SELECT `id`,`title`,`price`,`days`,`time` FROM `course` WHERE  `is_time` = 1 ORDER BY `sorting` ASC [ RunTime:0.000769s ]
[2022-12-15T02:04:56+08:00][sql] SELECT `id`,`title` FROM `course` WHERE  `status` = 1 [ RunTime:0.000219s ]
[2022-12-15T02:04:56+08:00][sql] SELECT `id`,`title` FROM `course` WHERE  `status` = 2 [ RunTime:0.000213s ]
[2022-12-15T02:04:56+08:00][sql] SHOW FULL COLUMNS FROM `address` [ RunTime:0.001019s ]
[2022-12-15T02:04:56+08:00][sql] SELECT * FROM `address` WHERE  `id` = 1 LIMIT 1 [ RunTime:0.000240s ]
[2022-12-15T02:04:56+08:00][sql] SELECT * FROM `address` WHERE  `id` = 2 LIMIT 1 [ RunTime:0.000230s ]
[2022-12-15T07:05:41+08:00][sql] CONNECT:[ UseTime:0.000400s ] mysql:host=localhost;port=3316;dbname=coffee;charset=utf8
[2022-12-15T07:05:41+08:00][sql] SHOW FULL COLUMNS FROM `course` [ RunTime:0.001507s ]
[2022-12-15T07:05:41+08:00][sql] SELECT * FROM `course` WHERE  `id` = 7 LIMIT 1 [ RunTime:0.000336s ]
[2022-12-15T07:05:41+08:00][sql] SHOW FULL COLUMNS FROM `teacher` [ RunTime:0.000940s ]
[2022-12-15T07:05:41+08:00][sql] SELECT `teacher_name`,`teacher_title`,`teacher_avatar` FROM `teacher` WHERE  `id` = 1 LIMIT 1 [ RunTime:0.000261s ]
[2022-12-15T07:05:41+08:00][sql] SHOW FULL COLUMNS FROM `address` [ RunTime:0.000956s ]
[2022-12-15T07:05:41+08:00][sql] SELECT * FROM `address` WHERE  `id` = 1 LIMIT 1 [ RunTime:0.000279s ]
[2022-12-15T07:05:41+08:00][sql] SELECT * FROM `address` WHERE  `id` = 2 LIMIT 1 [ RunTime:0.000252s ]
[2022-12-15T07:07:36+08:00][sql] CONNECT:[ UseTime:0.000386s ] mysql:host=localhost;port=3316;dbname=coffee;charset=utf8
[2022-12-15T07:07:36+08:00][sql] SHOW FULL COLUMNS FROM `course` [ RunTime:0.001417s ]
[2022-12-15T07:07:36+08:00][sql] SELECT `id`,`title`,`price`,`days`,`time` FROM `course` WHERE  `is_time` = 1 ORDER BY `sorting` ASC [ RunTime:0.001027s ]
[2022-12-15T07:07:36+08:00][sql] SELECT `id`,`title` FROM `course` WHERE  `status` = 1 [ RunTime:0.000257s ]
[2022-12-15T07:07:36+08:00][sql] SELECT `id`,`title` FROM `course` WHERE  `status` = 2 [ RunTime:0.000244s ]
[2022-12-15T07:07:36+08:00][sql] SHOW FULL COLUMNS FROM `address` [ RunTime:0.000930s ]
[2022-12-15T07:07:36+08:00][sql] SELECT * FROM `address` WHERE  `id` = 1 LIMIT 1 [ RunTime:0.000278s ]
[2022-12-15T07:07:36+08:00][sql] SELECT * FROM `address` WHERE  `id` = 2 LIMIT 1 [ RunTime:0.000239s ]
[2022-12-15T07:10:47+08:00][sql] CONNECT:[ UseTime:0.000469s ] mysql:host=localhost;port=3316;dbname=coffee;charset=utf8
[2022-12-15T07:10:47+08:00][sql] SHOW FULL COLUMNS FROM `course` [ RunTime:0.002104s ]
[2022-12-15T07:10:47+08:00][sql] SELECT `id`,`title`,`price`,`days`,`time` FROM `course` WHERE  `is_time` = 1 ORDER BY `sorting` ASC [ RunTime:0.001056s ]
[2022-12-15T07:10:47+08:00][sql] SELECT `id`,`title` FROM `course` WHERE  `status` = 1 [ RunTime:0.000290s ]
[2022-12-15T07:10:47+08:00][sql] SELECT `id`,`title` FROM `course` WHERE  `status` = 2 [ RunTime:0.000262s ]
[2022-12-15T07:10:47+08:00][sql] SHOW FULL COLUMNS FROM `address` [ RunTime:0.001543s ]
[2022-12-15T07:10:47+08:00][sql] SELECT * FROM `address` WHERE  `id` = 1 LIMIT 1 [ RunTime:0.000339s ]
[2022-12-15T07:10:47+08:00][sql] SELECT * FROM `address` WHERE  `id` = 2 LIMIT 1 [ RunTime:0.000275s ]
[2022-12-15T07:13:02+08:00][sql] CONNECT:[ UseTime:0.000526s ] mysql:host=localhost;port=3316;dbname=coffee;charset=utf8
[2022-12-15T07:13:02+08:00][sql] SHOW FULL COLUMNS FROM `course` [ RunTime:0.001877s ]
[2022-12-15T07:13:02+08:00][sql] SELECT * FROM `course` WHERE  `id` = 7 LIMIT 1 [ RunTime:0.001069s ]
[2022-12-15T07:13:02+08:00][sql] SHOW FULL COLUMNS FROM `teacher` [ RunTime:0.001232s ]
[2022-12-15T07:13:02+08:00][sql] SELECT `teacher_name`,`teacher_title`,`teacher_avatar` FROM `teacher` WHERE  `id` = 1 LIMIT 1 [ RunTime:0.000283s ]
[2022-12-15T07:13:02+08:00][sql] SHOW FULL COLUMNS FROM `address` [ RunTime:0.001166s ]
[2022-12-15T07:13:02+08:00][sql] SELECT * FROM `address` WHERE  `id` = 1 LIMIT 1 [ RunTime:0.000304s ]
[2022-12-15T07:13:02+08:00][sql] SELECT * FROM `address` WHERE  `id` = 2 LIMIT 1 [ RunTime:0.000292s ]
[2022-12-15T14:11:30+08:00][sql] CONNECT:[ UseTime:0.002978s ] mysql:host=localhost;port=3316;dbname=coffee;charset=utf8
[2022-12-15T14:11:30+08:00][sql] SHOW FULL COLUMNS FROM `course` [ RunTime:0.003733s ]
[2022-12-15T14:11:30+08:00][sql] SELECT `id`,`title`,`price`,`days`,`time` FROM `course` WHERE  `is_time` = 1 ORDER BY `sorting` ASC [ RunTime:0.001014s ]
[2022-12-15T14:11:30+08:00][sql] SELECT `id`,`title` FROM `course` WHERE  `status` = 1 [ RunTime:0.000267s ]
[2022-12-15T14:11:30+08:00][sql] SELECT `id`,`title` FROM `course` WHERE  `status` = 2 [ RunTime:0.000354s ]
[2022-12-15T14:11:30+08:00][sql] SHOW FULL COLUMNS FROM `address` [ RunTime:0.001282s ]
[2022-12-15T14:11:30+08:00][sql] SELECT * FROM `address` WHERE  `id` = 1 LIMIT 1 [ RunTime:0.000993s ]
[2022-12-15T14:11:30+08:00][sql] SELECT * FROM `address` WHERE  `id` = 2 LIMIT 1 [ RunTime:0.000386s ]
[2022-12-15T17:09:29+08:00][sql] CONNECT:[ UseTime:0.000381s ] mysql:host=localhost;port=3316;dbname=coffee;charset=utf8
[2022-12-15T17:09:29+08:00][sql] SHOW FULL COLUMNS FROM `course` [ RunTime:0.001379s ]
[2022-12-15T17:09:29+08:00][sql] SELECT * FROM `course` WHERE  `id` = 2 LIMIT 1 [ RunTime:0.000294s ]
[2022-12-15T17:09:29+08:00][sql] SHOW FULL COLUMNS FROM `teacher` [ RunTime:0.000852s ]
[2022-12-15T17:09:29+08:00][sql] SELECT `teacher_name`,`teacher_title`,`teacher_avatar` FROM `teacher` WHERE  `id` = 3 LIMIT 1 [ RunTime:0.000220s ]
[2022-12-15T17:09:29+08:00][sql] SHOW FULL COLUMNS FROM `address` [ RunTime:0.000877s ]
[2022-12-15T17:09:29+08:00][sql] SELECT * FROM `address` WHERE  `id` = 1 LIMIT 1 [ RunTime:0.000287s ]
[2022-12-15T17:09:29+08:00][sql] SELECT * FROM `address` WHERE  `id` = 2 LIMIT 1 [ RunTime:0.000229s ]
[2022-12-15T17:15:13+08:00][sql] CONNECT:[ UseTime:0.000415s ] mysql:host=localhost;port=3316;dbname=coffee;charset=utf8
[2022-12-15T17:15:13+08:00][sql] SHOW FULL COLUMNS FROM `course` [ RunTime:0.001405s ]
[2022-12-15T17:15:13+08:00][sql] SELECT * FROM `course` WHERE  `id` = 2 LIMIT 1 [ RunTime:0.000288s ]
[2022-12-15T17:15:13+08:00][sql] SHOW FULL COLUMNS FROM `teacher` [ RunTime:0.000877s ]
[2022-12-15T17:15:13+08:00][sql] SELECT `teacher_name`,`teacher_title`,`teacher_avatar` FROM `teacher` WHERE  `id` = 3 LIMIT 1 [ RunTime:0.000236s ]
[2022-12-15T17:15:13+08:00][sql] SHOW FULL COLUMNS FROM `address` [ RunTime:0.000903s ]
[2022-12-15T17:15:13+08:00][sql] SELECT * FROM `address` WHERE  `id` = 1 LIMIT 1 [ RunTime:0.000255s ]
[2022-12-15T17:15:13+08:00][sql] SELECT * FROM `address` WHERE  `id` = 2 LIMIT 1 [ RunTime:0.000196s ]
[2022-12-15T18:29:21+08:00][sql] CONNECT:[ UseTime:0.000399s ] mysql:host=localhost;port=3316;dbname=coffee;charset=utf8
[2022-12-15T18:29:21+08:00][sql] SHOW FULL COLUMNS FROM `course` [ RunTime:0.001506s ]
[2022-12-15T18:29:21+08:00][sql] SELECT `id`,`title`,`price`,`days`,`time` FROM `course` WHERE  `is_time` = 1 ORDER BY `sorting` ASC [ RunTime:0.000816s ]
[2022-12-15T18:29:21+08:00][sql] SELECT `id`,`title` FROM `course` WHERE  `status` = 1 [ RunTime:0.000246s ]
[2022-12-15T18:29:21+08:00][sql] SELECT `id`,`title` FROM `course` WHERE  `status` = 2 [ RunTime:0.000232s ]
[2022-12-15T18:29:21+08:00][sql] SHOW FULL COLUMNS FROM `address` [ RunTime:0.000994s ]
[2022-12-15T18:29:21+08:00][sql] SELECT * FROM `address` WHERE  `id` = 1 LIMIT 1 [ RunTime:0.000302s ]
[2022-12-15T18:29:21+08:00][sql] SELECT * FROM `address` WHERE  `id` = 2 LIMIT 1 [ RunTime:0.000390s ]
[2022-12-15T20:37:34+08:00][sql] CONNECT:[ UseTime:0.000381s ] mysql:host=localhost;port=3316;dbname=coffee;charset=utf8
[2022-12-15T20:37:34+08:00][sql] SHOW FULL COLUMNS FROM `course` [ RunTime:0.001391s ]
[2022-12-15T20:37:34+08:00][sql] SELECT * FROM `course` WHERE  `id` = 1 LIMIT 1 [ RunTime:0.000418s ]
[2022-12-15T20:37:34+08:00][sql] SHOW FULL COLUMNS FROM `teacher` [ RunTime:0.000925s ]
[2022-12-15T20:37:34+08:00][sql] SELECT `teacher_name`,`teacher_title`,`teacher_avatar` FROM `teacher` WHERE  `id` = 1 LIMIT 1 [ RunTime:0.000222s ]
[2022-12-15T20:37:34+08:00][sql] SELECT `teacher_name`,`teacher_title`,`teacher_avatar` FROM `teacher` WHERE  `id` = 2 LIMIT 1 [ RunTime:0.000201s ]
[2022-12-15T20:37:34+08:00][sql] SHOW FULL COLUMNS FROM `address` [ RunTime:0.000898s ]
[2022-12-15T20:37:34+08:00][sql] SELECT * FROM `address` WHERE  `id` = 1 LIMIT 1 [ RunTime:0.000255s ]
[2022-12-15T20:37:34+08:00][sql] SELECT * FROM `address` WHERE  `id` = 2 LIMIT 1 [ RunTime:0.000237s ]
[2022-12-15T20:48:36+08:00][sql] CONNECT:[ UseTime:0.000350s ] mysql:host=localhost;port=3316;dbname=coffee;charset=utf8
[2022-12-15T20:48:36+08:00][sql] SHOW FULL COLUMNS FROM `course` [ RunTime:0.001609s ]
[2022-12-15T20:48:36+08:00][sql] SELECT * FROM `course` WHERE  `id` = 1 LIMIT 1 [ RunTime:0.001020s ]
[2022-12-15T20:48:36+08:00][sql] SHOW FULL COLUMNS FROM `teacher` [ RunTime:0.000958s ]
[2022-12-15T20:48:36+08:00][sql] SELECT `teacher_name`,`teacher_title`,`teacher_avatar` FROM `teacher` WHERE  `id` = 1 LIMIT 1 [ RunTime:0.000251s ]
[2022-12-15T20:48:36+08:00][sql] SELECT `teacher_name`,`teacher_title`,`teacher_avatar` FROM `teacher` WHERE  `id` = 2 LIMIT 1 [ RunTime:0.000360s ]
[2022-12-15T20:48:36+08:00][sql] SHOW FULL COLUMNS FROM `address` [ RunTime:0.000962s ]
[2022-12-15T20:48:36+08:00][sql] SELECT * FROM `address` WHERE  `id` = 1 LIMIT 1 [ RunTime:0.000281s ]
[2022-12-15T20:48:36+08:00][sql] SELECT * FROM `address` WHERE  `id` = 2 LIMIT 1 [ RunTime:0.000275s ]
