[2022-12-22T05:20:49+08:00][sql] CONNECT:[ UseTime:0.000333s ] mysql:host=localhost;port=3316;dbname=coffee;charset=utf8
[2022-12-22T05:20:49+08:00][sql] SHOW FULL COLUMNS FROM `course` [ RunTime:0.001387s ]
[2022-12-22T05:20:49+08:00][sql] SELECT * FROM `course` WHERE  `id` = 2 LIMIT 1 [ RunTime:0.000314s ]
[2022-12-22T05:20:49+08:00][sql] SHOW FULL COLUMNS FROM `teacher` [ RunTime:0.000903s ]
[2022-12-22T05:20:49+08:00][sql] SELECT `teacher_name`,`teacher_title`,`teacher_avatar` FROM `teacher` WHERE  `id` = 3 LIMIT 1 [ RunTime:0.000260s ]
[2022-12-22T05:20:49+08:00][sql] SHOW FULL COLUMNS FROM `address` [ RunTime:0.000870s ]
[2022-12-22T05:20:49+08:00][sql] SELECT * FROM `address` WHERE  `id` = 1 LIMIT 1 [ RunTime:0.000237s ]
[2022-12-22T05:20:49+08:00][sql] SELECT * FROM `address` WHERE  `id` = 2 LIMIT 1 [ RunTime:0.000205s ]
[2022-12-22T05:24:58+08:00][sql] CONNECT:[ UseTime:0.000410s ] mysql:host=localhost;port=3316;dbname=coffee;charset=utf8
[2022-12-22T05:24:58+08:00][sql] SHOW FULL COLUMNS FROM `course` [ RunTime:0.001540s ]
[2022-12-22T05:24:58+08:00][sql] SELECT * FROM `course` WHERE  `id` = 2 LIMIT 1 [ RunTime:0.000810s ]
[2022-12-22T05:24:58+08:00][sql] SHOW FULL COLUMNS FROM `teacher` [ RunTime:0.000987s ]
[2022-12-22T05:24:58+08:00][sql] SELECT `teacher_name`,`teacher_title`,`teacher_avatar` FROM `teacher` WHERE  `id` = 3 LIMIT 1 [ RunTime:0.000288s ]
[2022-12-22T05:24:58+08:00][sql] SHOW FULL COLUMNS FROM `address` [ RunTime:0.000967s ]
[2022-12-22T05:24:58+08:00][sql] SELECT * FROM `address` WHERE  `id` = 1 LIMIT 1 [ RunTime:0.000275s ]
[2022-12-22T05:24:58+08:00][sql] SELECT * FROM `address` WHERE  `id` = 2 LIMIT 1 [ RunTime:0.000272s ]
[2022-12-22T07:11:15+08:00][sql] CONNECT:[ UseTime:0.000463s ] mysql:host=localhost;port=3316;dbname=coffee;charset=utf8
[2022-12-22T07:11:15+08:00][sql] SHOW FULL COLUMNS FROM `course` [ RunTime:0.001400s ]
[2022-12-22T07:11:15+08:00][sql] SELECT * FROM `course` WHERE  `id` = 7 LIMIT 1 [ RunTime:0.000810s ]
[2022-12-22T07:11:15+08:00][sql] SHOW FULL COLUMNS FROM `teacher` [ RunTime:0.001249s ]
[2022-12-22T07:11:15+08:00][sql] SELECT `teacher_name`,`teacher_title`,`teacher_avatar` FROM `teacher` WHERE  `id` = 1 LIMIT 1 [ RunTime:0.000286s ]
[2022-12-22T07:11:15+08:00][sql] SHOW FULL COLUMNS FROM `address` [ RunTime:0.001078s ]
[2022-12-22T07:11:15+08:00][sql] SELECT * FROM `address` WHERE  `id` = 1 LIMIT 1 [ RunTime:0.000264s ]
[2022-12-22T07:11:15+08:00][sql] SELECT * FROM `address` WHERE  `id` = 2 LIMIT 1 [ RunTime:0.000222s ]
[2022-12-22T14:55:13+08:00][sql] CONNECT:[ UseTime:0.000411s ] mysql:host=localhost;port=3316;dbname=coffee;charset=utf8
[2022-12-22T14:55:13+08:00][sql] SHOW FULL COLUMNS FROM `course` [ RunTime:0.001469s ]
[2022-12-22T14:55:13+08:00][sql] SELECT * FROM `course` WHERE  `id` = 4 LIMIT 1 [ RunTime:0.000815s ]
[2022-12-22T14:55:13+08:00][sql] SHOW FULL COLUMNS FROM `teacher` [ RunTime:0.000951s ]
[2022-12-22T14:55:13+08:00][sql] SELECT `teacher_name`,`teacher_title`,`teacher_avatar` FROM `teacher` WHERE  `id` = 2 LIMIT 1 [ RunTime:0.000262s ]
[2022-12-22T14:55:13+08:00][sql] SHOW FULL COLUMNS FROM `address` [ RunTime:0.000940s ]
[2022-12-22T14:55:13+08:00][sql] SELECT * FROM `address` WHERE  `id` = 1 LIMIT 1 [ RunTime:0.000273s ]
[2022-12-22T14:55:13+08:00][sql] SELECT * FROM `address` WHERE  `id` = 2 LIMIT 1 [ RunTime:0.000269s ]
[2022-12-22T18:32:19+08:00][sql] CONNECT:[ UseTime:0.000364s ] mysql:host=localhost;port=3316;dbname=coffee;charset=utf8
[2022-12-22T18:32:19+08:00][sql] SHOW FULL COLUMNS FROM `course` [ RunTime:0.001340s ]
[2022-12-22T18:32:19+08:00][sql] SELECT * FROM `course` WHERE  `id` = 4 LIMIT 1 [ RunTime:0.000303s ]
[2022-12-22T18:32:19+08:00][sql] SHOW FULL COLUMNS FROM `teacher` [ RunTime:0.000953s ]
[2022-12-22T18:32:19+08:00][sql] SELECT `teacher_name`,`teacher_title`,`teacher_avatar` FROM `teacher` WHERE  `id` = 2 LIMIT 1 [ RunTime:0.000228s ]
[2022-12-22T18:32:19+08:00][sql] SHOW FULL COLUMNS FROM `address` [ RunTime:0.000884s ]
[2022-12-22T18:32:19+08:00][sql] SELECT * FROM `address` WHERE  `id` = 1 LIMIT 1 [ RunTime:0.000233s ]
[2022-12-22T18:32:19+08:00][sql] SELECT * FROM `address` WHERE  `id` = 2 LIMIT 1 [ RunTime:0.000226s ]
[2022-12-22T18:38:37+08:00][sql] CONNECT:[ UseTime:0.000413s ] mysql:host=localhost;port=3316;dbname=coffee;charset=utf8
[2022-12-22T18:38:37+08:00][sql] SHOW FULL COLUMNS FROM `course` [ RunTime:0.001478s ]
[2022-12-22T18:38:37+08:00][sql] SELECT * FROM `course` WHERE  `id` = 4 LIMIT 1 [ RunTime:0.000335s ]
[2022-12-22T18:38:37+08:00][sql] SHOW FULL COLUMNS FROM `teacher` [ RunTime:0.000956s ]
[2022-12-22T18:38:37+08:00][sql] SELECT `teacher_name`,`teacher_title`,`teacher_avatar` FROM `teacher` WHERE  `id` = 2 LIMIT 1 [ RunTime:0.000290s ]
[2022-12-22T18:38:37+08:00][sql] SHOW FULL COLUMNS FROM `address` [ RunTime:0.000970s ]
[2022-12-22T18:38:37+08:00][sql] SELECT * FROM `address` WHERE  `id` = 1 LIMIT 1 [ RunTime:0.000274s ]
[2022-12-22T18:38:37+08:00][sql] SELECT * FROM `address` WHERE  `id` = 2 LIMIT 1 [ RunTime:0.000263s ]
[2022-12-22T21:33:42+08:00][sql] CONNECT:[ UseTime:0.000415s ] mysql:host=localhost;port=3316;dbname=coffee;charset=utf8
[2022-12-22T21:33:42+08:00][sql] SHOW FULL COLUMNS FROM `course` [ RunTime:0.001515s ]
[2022-12-22T21:33:42+08:00][sql] SELECT * FROM `course` WHERE  `id` = 6 LIMIT 1 [ RunTime:0.000354s ]
[2022-12-22T21:33:42+08:00][sql] SHOW FULL COLUMNS FROM `teacher` [ RunTime:0.001040s ]
[2022-12-22T21:33:42+08:00][sql] SELECT `teacher_name`,`teacher_title`,`teacher_avatar` FROM `teacher` WHERE  `id` = 1 LIMIT 1 [ RunTime:0.000305s ]
[2022-12-22T21:33:42+08:00][sql] SHOW FULL COLUMNS FROM `address` [ RunTime:0.000919s ]
[2022-12-22T21:33:42+08:00][sql] SELECT * FROM `address` WHERE  `id` = 1 LIMIT 1 [ RunTime:0.000276s ]
[2022-12-22T21:33:42+08:00][sql] SELECT * FROM `address` WHERE  `id` = 2 LIMIT 1 [ RunTime:0.000240s ]
[2022-12-22T21:40:09+08:00][sql] CONNECT:[ UseTime:0.000381s ] mysql:host=localhost;port=3316;dbname=coffee;charset=utf8
[2022-12-22T21:40:09+08:00][sql] SHOW FULL COLUMNS FROM `course` [ RunTime:0.001450s ]
[2022-12-22T21:40:09+08:00][sql] SELECT * FROM `course` WHERE  `id` = 6 LIMIT 1 [ RunTime:0.000776s ]
[2022-12-22T21:40:09+08:00][sql] SHOW FULL COLUMNS FROM `teacher` [ RunTime:0.000984s ]
[2022-12-22T21:40:09+08:00][sql] SELECT `teacher_name`,`teacher_title`,`teacher_avatar` FROM `teacher` WHERE  `id` = 1 LIMIT 1 [ RunTime:0.000236s ]
[2022-12-22T21:40:09+08:00][sql] SHOW FULL COLUMNS FROM `address` [ RunTime:0.000884s ]
[2022-12-22T21:40:09+08:00][sql] SELECT * FROM `address` WHERE  `id` = 1 LIMIT 1 [ RunTime:0.000237s ]
[2022-12-22T21:40:09+08:00][sql] SELECT * FROM `address` WHERE  `id` = 2 LIMIT 1 [ RunTime:0.000203s ]
