[2022-12-23T05:57:16+08:00][sql] CONNECT:[ UseTime:0.000342s ] mysql:host=localhost;port=3316;dbname=coffee;charset=utf8
[2022-12-23T05:57:16+08:00][sql] SHOW FULL COLUMNS FROM `course` [ RunTime:0.001804s ]
[2022-12-23T05:57:16+08:00][sql] SELECT * FROM `course` WHERE  `id` = 1 LIMIT 1 [ RunTime:0.000847s ]
[2022-12-23T05:57:16+08:00][sql] SHOW FULL COLUMNS FROM `teacher` [ RunTime:0.001160s ]
[2022-12-23T05:57:16+08:00][sql] SELECT `teacher_name`,`teacher_title`,`teacher_avatar` FROM `teacher` WHERE  `id` = 1 LIMIT 1 [ RunTime:0.000281s ]
[2022-12-23T05:57:16+08:00][sql] SELECT `teacher_name`,`teacher_title`,`teacher_avatar` FROM `teacher` WHERE  `id` = 2 LIMIT 1 [ RunTime:0.000213s ]
[2022-12-23T05:57:16+08:00][sql] SHOW FULL COLUMNS FROM `address` [ RunTime:0.001230s ]
[2022-12-23T05:57:16+08:00][sql] SELECT * FROM `address` WHERE  `id` = 1 LIMIT 1 [ RunTime:0.000285s ]
[2022-12-23T05:57:16+08:00][sql] SELECT * FROM `address` WHERE  `id` = 2 LIMIT 1 [ RunTime:0.000227s ]
[2022-12-23T06:41:05+08:00][sql] CONNECT:[ UseTime:0.000370s ] mysql:host=localhost;port=3316;dbname=coffee;charset=utf8
[2022-12-23T06:41:05+08:00][sql] SHOW FULL COLUMNS FROM `course` [ RunTime:0.001619s ]
[2022-12-23T06:41:05+08:00][sql] SELECT * FROM `course` WHERE  `id` = 4 LIMIT 1 [ RunTime:0.000855s ]
[2022-12-23T06:41:05+08:00][sql] SHOW FULL COLUMNS FROM `teacher` [ RunTime:0.000953s ]
[2022-12-23T06:41:05+08:00][sql] SELECT `teacher_name`,`teacher_title`,`teacher_avatar` FROM `teacher` WHERE  `id` = 2 LIMIT 1 [ RunTime:0.000258s ]
[2022-12-23T06:41:05+08:00][sql] SHOW FULL COLUMNS FROM `address` [ RunTime:0.000948s ]
[2022-12-23T06:41:05+08:00][sql] SELECT * FROM `address` WHERE  `id` = 1 LIMIT 1 [ RunTime:0.000281s ]
[2022-12-23T06:41:05+08:00][sql] SELECT * FROM `address` WHERE  `id` = 2 LIMIT 1 [ RunTime:0.000285s ]
[2022-12-23T08:50:51+08:00][sql] CONNECT:[ UseTime:0.000390s ] mysql:host=localhost;port=3316;dbname=coffee;charset=utf8
[2022-12-23T08:50:51+08:00][sql] SHOW FULL COLUMNS FROM `course` [ RunTime:0.001417s ]
[2022-12-23T08:50:51+08:00][sql] SELECT * FROM `course` WHERE  `id` = 3 LIMIT 1 [ RunTime:0.000783s ]
[2022-12-23T08:50:51+08:00][sql] SHOW FULL COLUMNS FROM `teacher` [ RunTime:0.000911s ]
[2022-12-23T08:50:51+08:00][sql] SELECT `teacher_name`,`teacher_title`,`teacher_avatar` FROM `teacher` WHERE  `id` = 1 LIMIT 1 [ RunTime:0.000244s ]
[2022-12-23T08:50:51+08:00][sql] SHOW FULL COLUMNS FROM `address` [ RunTime:0.000909s ]
[2022-12-23T08:50:51+08:00][sql] SELECT * FROM `address` WHERE  `id` = 1 LIMIT 1 [ RunTime:0.000241s ]
[2022-12-23T08:50:51+08:00][sql] SELECT * FROM `address` WHERE  `id` = 2 LIMIT 1 [ RunTime:0.000200s ]
[2022-12-23T09:06:18+08:00][sql] CONNECT:[ UseTime:0.000516s ] mysql:host=localhost;port=3316;dbname=coffee;charset=utf8
[2022-12-23T09:06:18+08:00][sql] SHOW FULL COLUMNS FROM `course` [ RunTime:0.001959s ]
[2022-12-23T09:06:18+08:00][sql] SELECT * FROM `course` WHERE  `id` = 3 LIMIT 1 [ RunTime:0.000928s ]
[2022-12-23T09:06:18+08:00][sql] SHOW FULL COLUMNS FROM `teacher` [ RunTime:0.001278s ]
[2022-12-23T09:06:18+08:00][sql] SELECT `teacher_name`,`teacher_title`,`teacher_avatar` FROM `teacher` WHERE  `id` = 1 LIMIT 1 [ RunTime:0.000284s ]
[2022-12-23T09:06:18+08:00][sql] SHOW FULL COLUMNS FROM `address` [ RunTime:0.001242s ]
[2022-12-23T09:06:18+08:00][sql] SELECT * FROM `address` WHERE  `id` = 1 LIMIT 1 [ RunTime:0.000320s ]
[2022-12-23T09:06:18+08:00][sql] SELECT * FROM `address` WHERE  `id` = 2 LIMIT 1 [ RunTime:0.000256s ]
[2022-12-23T17:31:53+08:00][sql] CONNECT:[ UseTime:0.000352s ] mysql:host=localhost;port=3316;dbname=coffee;charset=utf8
[2022-12-23T17:31:53+08:00][sql] SHOW FULL COLUMNS FROM `course` [ RunTime:0.001416s ]
[2022-12-23T17:31:53+08:00][sql] SELECT * FROM `course` WHERE  `id` = 3 LIMIT 1 [ RunTime:0.000380s ]
[2022-12-23T17:31:53+08:00][sql] SHOW FULL COLUMNS FROM `teacher` [ RunTime:0.000977s ]
[2022-12-23T17:31:53+08:00][sql] SELECT `teacher_name`,`teacher_title`,`teacher_avatar` FROM `teacher` WHERE  `id` = 1 LIMIT 1 [ RunTime:0.000248s ]
[2022-12-23T17:31:53+08:00][sql] SHOW FULL COLUMNS FROM `address` [ RunTime:0.001202s ]
[2022-12-23T17:31:53+08:00][sql] SELECT * FROM `address` WHERE  `id` = 1 LIMIT 1 [ RunTime:0.000265s ]
[2022-12-23T17:31:53+08:00][sql] SELECT * FROM `address` WHERE  `id` = 2 LIMIT 1 [ RunTime:0.000230s ]
[2022-12-23T17:41:27+08:00][sql] CONNECT:[ UseTime:0.000348s ] mysql:host=localhost;port=3316;dbname=coffee;charset=utf8
[2022-12-23T17:41:27+08:00][sql] SHOW FULL COLUMNS FROM `course` [ RunTime:0.001383s ]
[2022-12-23T17:41:27+08:00][sql] SELECT * FROM `course` WHERE  `id` = 3 LIMIT 1 [ RunTime:0.000765s ]
[2022-12-23T17:41:27+08:00][sql] SHOW FULL COLUMNS FROM `teacher` [ RunTime:0.000969s ]
[2022-12-23T17:41:27+08:00][sql] SELECT `teacher_name`,`teacher_title`,`teacher_avatar` FROM `teacher` WHERE  `id` = 1 LIMIT 1 [ RunTime:0.000243s ]
[2022-12-23T17:41:27+08:00][sql] SHOW FULL COLUMNS FROM `address` [ RunTime:0.000913s ]
[2022-12-23T17:41:27+08:00][sql] SELECT * FROM `address` WHERE  `id` = 1 LIMIT 1 [ RunTime:0.000258s ]
[2022-12-23T17:41:27+08:00][sql] SELECT * FROM `address` WHERE  `id` = 2 LIMIT 1 [ RunTime:0.000234s ]
[2022-12-23T17:44:59+08:00][sql] CONNECT:[ UseTime:0.000412s ] mysql:host=localhost;port=3316;dbname=coffee;charset=utf8
[2022-12-23T17:44:59+08:00][sql] SHOW FULL COLUMNS FROM `course` [ RunTime:0.001338s ]
[2022-12-23T17:44:59+08:00][sql] SELECT * FROM `course` WHERE  `id` = 4 LIMIT 1 [ RunTime:0.000768s ]
[2022-12-23T17:44:59+08:00][sql] SHOW FULL COLUMNS FROM `teacher` [ RunTime:0.000860s ]
[2022-12-23T17:44:59+08:00][sql] SELECT `teacher_name`,`teacher_title`,`teacher_avatar` FROM `teacher` WHERE  `id` = 2 LIMIT 1 [ RunTime:0.000221s ]
[2022-12-23T17:44:59+08:00][sql] SHOW FULL COLUMNS FROM `address` [ RunTime:0.000873s ]
[2022-12-23T17:44:59+08:00][sql] SELECT * FROM `address` WHERE  `id` = 1 LIMIT 1 [ RunTime:0.000277s ]
[2022-12-23T17:44:59+08:00][sql] SELECT * FROM `address` WHERE  `id` = 2 LIMIT 1 [ RunTime:0.000206s ]
[2022-12-23T17:45:13+08:00][sql] CONNECT:[ UseTime:0.000386s ] mysql:host=localhost;port=3316;dbname=coffee;charset=utf8
[2022-12-23T17:45:13+08:00][sql] SHOW FULL COLUMNS FROM `course` [ RunTime:0.001418s ]
[2022-12-23T17:45:13+08:00][sql] SELECT * FROM `course` WHERE  `id` = 1 LIMIT 1 [ RunTime:0.000809s ]
[2022-12-23T17:45:13+08:00][sql] SHOW FULL COLUMNS FROM `teacher` [ RunTime:0.000930s ]
[2022-12-23T17:45:13+08:00][sql] SELECT `teacher_name`,`teacher_title`,`teacher_avatar` FROM `teacher` WHERE  `id` = 1 LIMIT 1 [ RunTime:0.000260s ]
[2022-12-23T17:45:13+08:00][sql] SELECT `teacher_name`,`teacher_title`,`teacher_avatar` FROM `teacher` WHERE  `id` = 2 LIMIT 1 [ RunTime:0.000227s ]
[2022-12-23T17:45:13+08:00][sql] SHOW FULL COLUMNS FROM `address` [ RunTime:0.000923s ]
[2022-12-23T17:45:13+08:00][sql] SELECT * FROM `address` WHERE  `id` = 1 LIMIT 1 [ RunTime:0.000282s ]
[2022-12-23T17:45:13+08:00][sql] SELECT * FROM `address` WHERE  `id` = 2 LIMIT 1 [ RunTime:0.000247s ]
[2022-12-23T17:45:58+08:00][sql] CONNECT:[ UseTime:0.000476s ] mysql:host=localhost;port=3316;dbname=coffee;charset=utf8
[2022-12-23T17:45:58+08:00][sql] SHOW FULL COLUMNS FROM `course` [ RunTime:0.001416s ]
[2022-12-23T17:45:58+08:00][sql] SELECT * FROM `course` WHERE  `id` = 4 LIMIT 1 [ RunTime:0.000356s ]
[2022-12-23T17:45:58+08:00][sql] SHOW FULL COLUMNS FROM `teacher` [ RunTime:0.000977s ]
[2022-12-23T17:45:58+08:00][sql] SELECT `teacher_name`,`teacher_title`,`teacher_avatar` FROM `teacher` WHERE  `id` = 2 LIMIT 1 [ RunTime:0.000301s ]
[2022-12-23T17:45:58+08:00][sql] SHOW FULL COLUMNS FROM `address` [ RunTime:0.000962s ]
[2022-12-23T17:45:58+08:00][sql] SELECT * FROM `address` WHERE  `id` = 1 LIMIT 1 [ RunTime:0.000286s ]
[2022-12-23T17:45:58+08:00][sql] SELECT * FROM `address` WHERE  `id` = 2 LIMIT 1 [ RunTime:0.000256s ]
[2022-12-23T17:46:13+08:00][sql] CONNECT:[ UseTime:0.000360s ] mysql:host=localhost;port=3316;dbname=coffee;charset=utf8
[2022-12-23T17:46:13+08:00][sql] SHOW FULL COLUMNS FROM `course` [ RunTime:0.001420s ]
[2022-12-23T17:46:13+08:00][sql] SELECT * FROM `course` WHERE  `id` = 1 LIMIT 1 [ RunTime:0.000347s ]
[2022-12-23T17:46:13+08:00][sql] SHOW FULL COLUMNS FROM `teacher` [ RunTime:0.000962s ]
[2022-12-23T17:46:13+08:00][sql] SELECT `teacher_name`,`teacher_title`,`teacher_avatar` FROM `teacher` WHERE  `id` = 1 LIMIT 1 [ RunTime:0.000231s ]
[2022-12-23T17:46:13+08:00][sql] SELECT `teacher_name`,`teacher_title`,`teacher_avatar` FROM `teacher` WHERE  `id` = 2 LIMIT 1 [ RunTime:0.000195s ]
[2022-12-23T17:46:13+08:00][sql] SHOW FULL COLUMNS FROM `address` [ RunTime:0.000899s ]
[2022-12-23T17:46:13+08:00][sql] SELECT * FROM `address` WHERE  `id` = 1 LIMIT 1 [ RunTime:0.000248s ]
[2022-12-23T17:46:13+08:00][sql] SELECT * FROM `address` WHERE  `id` = 2 LIMIT 1 [ RunTime:0.000208s ]
[2022-12-23T20:10:13+08:00][sql] CONNECT:[ UseTime:0.000358s ] mysql:host=localhost;port=3316;dbname=coffee;charset=utf8
[2022-12-23T20:10:13+08:00][sql] SHOW FULL COLUMNS FROM `course` [ RunTime:0.001457s ]
[2022-12-23T20:10:13+08:00][sql] SELECT * FROM `course` WHERE  `id` = 4 LIMIT 1 [ RunTime:0.000787s ]
[2022-12-23T20:10:13+08:00][sql] SHOW FULL COLUMNS FROM `teacher` [ RunTime:0.000977s ]
[2022-12-23T20:10:13+08:00][sql] SELECT `teacher_name`,`teacher_title`,`teacher_avatar` FROM `teacher` WHERE  `id` = 2 LIMIT 1 [ RunTime:0.000250s ]
[2022-12-23T20:10:13+08:00][sql] SHOW FULL COLUMNS FROM `address` [ RunTime:0.000956s ]
[2022-12-23T20:10:13+08:00][sql] SELECT * FROM `address` WHERE  `id` = 1 LIMIT 1 [ RunTime:0.000238s ]
[2022-12-23T20:10:13+08:00][sql] SELECT * FROM `address` WHERE  `id` = 2 LIMIT 1 [ RunTime:0.000227s ]
[2022-12-23T20:26:28+08:00][sql] CONNECT:[ UseTime:0.000427s ] mysql:host=localhost;port=3316;dbname=coffee;charset=utf8
[2022-12-23T20:26:28+08:00][sql] SHOW FULL COLUMNS FROM `course` [ RunTime:0.001423s ]
[2022-12-23T20:26:28+08:00][sql] SELECT * FROM `course` WHERE  `id` = 1 LIMIT 1 [ RunTime:0.000299s ]
[2022-12-23T20:26:28+08:00][sql] SHOW FULL COLUMNS FROM `teacher` [ RunTime:0.000918s ]
[2022-12-23T20:26:28+08:00][sql] SELECT `teacher_name`,`teacher_title`,`teacher_avatar` FROM `teacher` WHERE  `id` = 1 LIMIT 1 [ RunTime:0.000215s ]
[2022-12-23T20:26:28+08:00][sql] SELECT `teacher_name`,`teacher_title`,`teacher_avatar` FROM `teacher` WHERE  `id` = 2 LIMIT 1 [ RunTime:0.000187s ]
[2022-12-23T20:26:28+08:00][sql] SHOW FULL COLUMNS FROM `address` [ RunTime:0.000918s ]
[2022-12-23T20:26:28+08:00][sql] SELECT * FROM `address` WHERE  `id` = 1 LIMIT 1 [ RunTime:0.000259s ]
[2022-12-23T20:26:28+08:00][sql] SELECT * FROM `address` WHERE  `id` = 2 LIMIT 1 [ RunTime:0.000217s ]
[2022-12-23T20:32:15+08:00][sql] CONNECT:[ UseTime:0.000446s ] mysql:host=localhost;port=3316;dbname=coffee;charset=utf8
[2022-12-23T20:32:15+08:00][sql] SHOW FULL COLUMNS FROM `course` [ RunTime:0.001746s ]
[2022-12-23T20:32:15+08:00][sql] SELECT * FROM `course` WHERE  `id` = 1 LIMIT 1 [ RunTime:0.000397s ]
[2022-12-23T20:32:15+08:00][sql] SHOW FULL COLUMNS FROM `teacher` [ RunTime:0.001166s ]
[2022-12-23T20:32:15+08:00][sql] SELECT `teacher_name`,`teacher_title`,`teacher_avatar` FROM `teacher` WHERE  `id` = 1 LIMIT 1 [ RunTime:0.000300s ]
[2022-12-23T20:32:15+08:00][sql] SELECT `teacher_name`,`teacher_title`,`teacher_avatar` FROM `teacher` WHERE  `id` = 2 LIMIT 1 [ RunTime:0.000247s ]
[2022-12-23T20:32:15+08:00][sql] SHOW FULL COLUMNS FROM `address` [ RunTime:0.001119s ]
[2022-12-23T20:32:15+08:00][sql] SELECT * FROM `address` WHERE  `id` = 1 LIMIT 1 [ RunTime:0.000357s ]
[2022-12-23T20:32:15+08:00][sql] SELECT * FROM `address` WHERE  `id` = 2 LIMIT 1 [ RunTime:0.000278s ]
[2022-12-23T22:42:27+08:00][sql] CONNECT:[ UseTime:0.000471s ] mysql:host=localhost;port=3316;dbname=coffee;charset=utf8
[2022-12-23T22:42:27+08:00][sql] SHOW FULL COLUMNS FROM `course` [ RunTime:0.001965s ]
[2022-12-23T22:42:27+08:00][sql] SELECT * FROM `course` WHERE  `id` = 1 LIMIT 1 [ RunTime:0.000873s ]
[2022-12-23T22:42:27+08:00][sql] SHOW FULL COLUMNS FROM `teacher` [ RunTime:0.001354s ]
[2022-12-23T22:42:27+08:00][sql] SELECT `teacher_name`,`teacher_title`,`teacher_avatar` FROM `teacher` WHERE  `id` = 1 LIMIT 1 [ RunTime:0.000298s ]
[2022-12-23T22:42:27+08:00][sql] SELECT `teacher_name`,`teacher_title`,`teacher_avatar` FROM `teacher` WHERE  `id` = 2 LIMIT 1 [ RunTime:0.000221s ]
[2022-12-23T22:42:27+08:00][sql] SHOW FULL COLUMNS FROM `address` [ RunTime:0.001285s ]
[2022-12-23T22:42:27+08:00][sql] SELECT * FROM `address` WHERE  `id` = 1 LIMIT 1 [ RunTime:0.000285s ]
[2022-12-23T22:42:27+08:00][sql] SELECT * FROM `address` WHERE  `id` = 2 LIMIT 1 [ RunTime:0.000233s ]
[2022-12-23T22:43:23+08:00][sql] CONNECT:[ UseTime:0.000413s ] mysql:host=localhost;port=3316;dbname=coffee;charset=utf8
[2022-12-23T22:43:23+08:00][sql] SHOW FULL COLUMNS FROM `course` [ RunTime:0.001448s ]
[2022-12-23T22:43:23+08:00][sql] SELECT * FROM `course` WHERE  `id` = 2 LIMIT 1 [ RunTime:0.000858s ]
[2022-12-23T22:43:23+08:00][sql] SHOW FULL COLUMNS FROM `teacher` [ RunTime:0.000940s ]
[2022-12-23T22:43:23+08:00][sql] SELECT `teacher_name`,`teacher_title`,`teacher_avatar` FROM `teacher` WHERE  `id` = 3 LIMIT 1 [ RunTime:0.000260s ]
[2022-12-23T22:43:23+08:00][sql] SHOW FULL COLUMNS FROM `address` [ RunTime:0.000966s ]
[2022-12-23T22:43:23+08:00][sql] SELECT * FROM `address` WHERE  `id` = 1 LIMIT 1 [ RunTime:0.000287s ]
[2022-12-23T22:43:23+08:00][sql] SELECT * FROM `address` WHERE  `id` = 2 LIMIT 1 [ RunTime:0.000257s ]
[2022-12-23T22:44:23+08:00][sql] CONNECT:[ UseTime:0.000414s ] mysql:host=localhost;port=3316;dbname=coffee;charset=utf8
[2022-12-23T22:44:23+08:00][sql] SHOW FULL COLUMNS FROM `course` [ RunTime:0.001487s ]
[2022-12-23T22:44:23+08:00][sql] SELECT * FROM `course` WHERE  `id` = 2 LIMIT 1 [ RunTime:0.000393s ]
[2022-12-23T22:44:23+08:00][sql] SHOW FULL COLUMNS FROM `teacher` [ RunTime:0.000997s ]
[2022-12-23T22:44:23+08:00][sql] SELECT `teacher_name`,`teacher_title`,`teacher_avatar` FROM `teacher` WHERE  `id` = 3 LIMIT 1 [ RunTime:0.000256s ]
[2022-12-23T22:44:23+08:00][sql] SHOW FULL COLUMNS FROM `address` [ RunTime:0.000940s ]
[2022-12-23T22:44:23+08:00][sql] SELECT * FROM `address` WHERE  `id` = 1 LIMIT 1 [ RunTime:0.000275s ]
[2022-12-23T22:44:23+08:00][sql] SELECT * FROM `address` WHERE  `id` = 2 LIMIT 1 [ RunTime:0.000257s ]
[2022-12-23T22:44:41+08:00][sql] CONNECT:[ UseTime:0.000377s ] mysql:host=localhost;port=3316;dbname=coffee;charset=utf8
[2022-12-23T22:44:41+08:00][sql] SHOW FULL COLUMNS FROM `course` [ RunTime:0.001487s ]
[2022-12-23T22:44:41+08:00][sql] SELECT * FROM `course` WHERE  `id` = 4 LIMIT 1 [ RunTime:0.000337s ]
[2022-12-23T22:44:41+08:00][sql] SHOW FULL COLUMNS FROM `teacher` [ RunTime:0.000971s ]
[2022-12-23T22:44:41+08:00][sql] SELECT `teacher_name`,`teacher_title`,`teacher_avatar` FROM `teacher` WHERE  `id` = 2 LIMIT 1 [ RunTime:0.000275s ]
[2022-12-23T22:44:41+08:00][sql] SHOW FULL COLUMNS FROM `address` [ RunTime:0.000987s ]
[2022-12-23T22:44:41+08:00][sql] SELECT * FROM `address` WHERE  `id` = 1 LIMIT 1 [ RunTime:0.000283s ]
[2022-12-23T22:44:41+08:00][sql] SELECT * FROM `address` WHERE  `id` = 2 LIMIT 1 [ RunTime:0.000255s ]
[2022-12-23T22:45:00+08:00][sql] CONNECT:[ UseTime:0.000345s ] mysql:host=localhost;port=3316;dbname=coffee;charset=utf8
[2022-12-23T22:45:00+08:00][sql] SHOW FULL COLUMNS FROM `course` [ RunTime:0.001455s ]
[2022-12-23T22:45:00+08:00][sql] SELECT * FROM `course` WHERE  `id` = 6 LIMIT 1 [ RunTime:0.000841s ]
[2022-12-23T22:45:00+08:00][sql] SHOW FULL COLUMNS FROM `teacher` [ RunTime:0.000915s ]
[2022-12-23T22:45:00+08:00][sql] SELECT `teacher_name`,`teacher_title`,`teacher_avatar` FROM `teacher` WHERE  `id` = 1 LIMIT 1 [ RunTime:0.000245s ]
[2022-12-23T22:45:00+08:00][sql] SHOW FULL COLUMNS FROM `address` [ RunTime:0.000941s ]
[2022-12-23T22:45:00+08:00][sql] SELECT * FROM `address` WHERE  `id` = 1 LIMIT 1 [ RunTime:0.000243s ]
[2022-12-23T22:45:00+08:00][sql] SELECT * FROM `address` WHERE  `id` = 2 LIMIT 1 [ RunTime:0.000377s ]
[2022-12-23T22:46:00+08:00][sql] CONNECT:[ UseTime:0.000375s ] mysql:host=localhost;port=3316;dbname=coffee;charset=utf8
[2022-12-23T22:46:00+08:00][sql] SHOW FULL COLUMNS FROM `course` [ RunTime:0.001488s ]
[2022-12-23T22:46:00+08:00][sql] SELECT * FROM `course` WHERE  `id` = 6 LIMIT 1 [ RunTime:0.000348s ]
[2022-12-23T22:46:00+08:00][sql] SHOW FULL COLUMNS FROM `teacher` [ RunTime:0.000968s ]
[2022-12-23T22:46:00+08:00][sql] SELECT `teacher_name`,`teacher_title`,`teacher_avatar` FROM `teacher` WHERE  `id` = 1 LIMIT 1 [ RunTime:0.000296s ]
[2022-12-23T22:46:00+08:00][sql] SHOW FULL COLUMNS FROM `address` [ RunTime:0.000963s ]
[2022-12-23T22:46:00+08:00][sql] SELECT * FROM `address` WHERE  `id` = 1 LIMIT 1 [ RunTime:0.000276s ]
[2022-12-23T22:46:00+08:00][sql] SELECT * FROM `address` WHERE  `id` = 2 LIMIT 1 [ RunTime:0.000254s ]
[2022-12-23T22:49:14+08:00][sql] CONNECT:[ UseTime:0.000405s ] mysql:host=localhost;port=3316;dbname=coffee;charset=utf8
[2022-12-23T22:49:14+08:00][sql] SHOW FULL COLUMNS FROM `course` [ RunTime:0.001438s ]
[2022-12-23T22:49:14+08:00][sql] SELECT * FROM `course` WHERE  `id` = 6 LIMIT 1 [ RunTime:0.000352s ]
[2022-12-23T22:49:14+08:00][sql] SHOW FULL COLUMNS FROM `teacher` [ RunTime:0.000925s ]
[2022-12-23T22:49:14+08:00][sql] SELECT `teacher_name`,`teacher_title`,`teacher_avatar` FROM `teacher` WHERE  `id` = 1 LIMIT 1 [ RunTime:0.000251s ]
[2022-12-23T22:49:14+08:00][sql] SHOW FULL COLUMNS FROM `address` [ RunTime:0.000927s ]
[2022-12-23T22:49:14+08:00][sql] SELECT * FROM `address` WHERE  `id` = 1 LIMIT 1 [ RunTime:0.000368s ]
[2022-12-23T22:49:14+08:00][sql] SELECT * FROM `address` WHERE  `id` = 2 LIMIT 1 [ RunTime:0.000252s ]
