[2022-12-27T04:14:39+08:00][sql] CONNECT:[ UseTime:0.000372s ] mysql:host=localhost;port=3316;dbname=coffee;charset=utf8
[2022-12-27T04:14:39+08:00][sql] SHOW FULL COLUMNS FROM `course` [ RunTime:0.001370s ]
[2022-12-27T04:14:39+08:00][sql] SELECT `id`,`title`,`price`,`days`,`time` FROM `course` WHERE  `is_time` = 1 ORDER BY `sorting` ASC [ RunTime:0.000276s ]
[2022-12-27T04:14:39+08:00][sql] SELECT `id`,`title` FROM `course` WHERE  `status` = 1 [ RunTime:0.000266s ]
[2022-12-27T04:14:39+08:00][sql] SELECT `id`,`title` FROM `course` WHERE  `status` = 2 [ RunTime:0.000247s ]
[2022-12-27T04:14:39+08:00][sql] SHOW FULL COLUMNS FROM `address` [ RunTime:0.000981s ]
[2022-12-27T04:14:39+08:00][sql] SELECT * FROM `address` WHERE  `id` = 1 LIMIT 1 [ RunTime:0.000250s ]
[2022-12-27T04:14:39+08:00][sql] SELECT * FROM `address` WHERE  `id` = 2 LIMIT 1 [ RunTime:0.000201s ]
[2022-12-27T04:43:14+08:00][sql] CONNECT:[ UseTime:0.000441s ] mysql:host=localhost;port=3316;dbname=coffee;charset=utf8
[2022-12-27T04:43:14+08:00][sql] SHOW FULL COLUMNS FROM `course` [ RunTime:0.001438s ]
[2022-12-27T04:43:14+08:00][sql] SELECT * FROM `course` WHERE  `id` = 7 LIMIT 1 [ RunTime:0.000335s ]
[2022-12-27T04:43:14+08:00][sql] SHOW FULL COLUMNS FROM `teacher` [ RunTime:0.000940s ]
[2022-12-27T04:43:14+08:00][sql] SELECT `teacher_name`,`teacher_title`,`teacher_avatar` FROM `teacher` WHERE  `id` = 1 LIMIT 1 [ RunTime:0.000263s ]
[2022-12-27T04:43:14+08:00][sql] SHOW FULL COLUMNS FROM `address` [ RunTime:0.000950s ]
[2022-12-27T04:43:14+08:00][sql] SELECT * FROM `address` WHERE  `id` = 1 LIMIT 1 [ RunTime:0.000288s ]
[2022-12-27T04:43:14+08:00][sql] SELECT * FROM `address` WHERE  `id` = 2 LIMIT 1 [ RunTime:0.000255s ]
[2022-12-27T04:47:14+08:00][sql] CONNECT:[ UseTime:0.000377s ] mysql:host=localhost;port=3316;dbname=coffee;charset=utf8
[2022-12-27T04:47:14+08:00][sql] SHOW FULL COLUMNS FROM `course` [ RunTime:0.001441s ]
[2022-12-27T04:47:14+08:00][sql] SELECT * FROM `course` WHERE  `id` = 5 LIMIT 1 [ RunTime:0.000323s ]
[2022-12-27T04:47:14+08:00][sql] SHOW FULL COLUMNS FROM `teacher` [ RunTime:0.000937s ]
[2022-12-27T04:47:14+08:00][sql] SELECT `teacher_name`,`teacher_title`,`teacher_avatar` FROM `teacher` WHERE  `id` = 1 LIMIT 1 [ RunTime:0.000288s ]
[2022-12-27T04:47:14+08:00][sql] SELECT `teacher_name`,`teacher_title`,`teacher_avatar` FROM `teacher` WHERE  `id` = 2 LIMIT 1 [ RunTime:0.000296s ]
[2022-12-27T04:47:14+08:00][sql] SHOW FULL COLUMNS FROM `address` [ RunTime:0.000946s ]
[2022-12-27T04:47:14+08:00][sql] SELECT * FROM `address` WHERE  `id` = 1 LIMIT 1 [ RunTime:0.000300s ]
[2022-12-27T04:47:14+08:00][sql] SELECT * FROM `address` WHERE  `id` = 2 LIMIT 1 [ RunTime:0.000254s ]
[2022-12-27T04:49:03+08:00][sql] CONNECT:[ UseTime:0.000423s ] mysql:host=localhost;port=3316;dbname=coffee;charset=utf8
[2022-12-27T04:49:03+08:00][sql] SHOW FULL COLUMNS FROM `course` [ RunTime:0.001410s ]
[2022-12-27T04:49:03+08:00][sql] SELECT * FROM `course` WHERE  `id` = 7 LIMIT 1 [ RunTime:0.000338s ]
[2022-12-27T04:49:03+08:00][sql] SHOW FULL COLUMNS FROM `teacher` [ RunTime:0.001014s ]
[2022-12-27T04:49:03+08:00][sql] SELECT `teacher_name`,`teacher_title`,`teacher_avatar` FROM `teacher` WHERE  `id` = 1 LIMIT 1 [ RunTime:0.000269s ]
[2022-12-27T04:49:03+08:00][sql] SHOW FULL COLUMNS FROM `address` [ RunTime:0.000973s ]
[2022-12-27T04:49:03+08:00][sql] SELECT * FROM `address` WHERE  `id` = 1 LIMIT 1 [ RunTime:0.000296s ]
[2022-12-27T04:49:03+08:00][sql] SELECT * FROM `address` WHERE  `id` = 2 LIMIT 1 [ RunTime:0.000295s ]
[2022-12-27T04:55:15+08:00][sql] CONNECT:[ UseTime:0.000398s ] mysql:host=localhost;port=3316;dbname=coffee;charset=utf8
[2022-12-27T04:55:15+08:00][sql] SHOW FULL COLUMNS FROM `course` [ RunTime:0.001551s ]
[2022-12-27T04:55:15+08:00][sql] SELECT * FROM `course` WHERE  `id` = 1 LIMIT 1 [ RunTime:0.000306s ]
[2022-12-27T04:55:15+08:00][sql] SHOW FULL COLUMNS FROM `teacher` [ RunTime:0.000897s ]
[2022-12-27T04:55:15+08:00][sql] SELECT `teacher_name`,`teacher_title`,`teacher_avatar` FROM `teacher` WHERE  `id` = 1 LIMIT 1 [ RunTime:0.000228s ]
[2022-12-27T04:55:15+08:00][sql] SELECT `teacher_name`,`teacher_title`,`teacher_avatar` FROM `teacher` WHERE  `id` = 2 LIMIT 1 [ RunTime:0.000206s ]
[2022-12-27T04:55:15+08:00][sql] SHOW FULL COLUMNS FROM `address` [ RunTime:0.000875s ]
[2022-12-27T04:55:15+08:00][sql] SELECT * FROM `address` WHERE  `id` = 1 LIMIT 1 [ RunTime:0.000266s ]
[2022-12-27T04:55:15+08:00][sql] SELECT * FROM `address` WHERE  `id` = 2 LIMIT 1 [ RunTime:0.000194s ]
[2022-12-27T04:58:39+08:00][sql] CONNECT:[ UseTime:0.000362s ] mysql:host=localhost;port=3316;dbname=coffee;charset=utf8
[2022-12-27T04:58:39+08:00][sql] SHOW FULL COLUMNS FROM `course` [ RunTime:0.001355s ]
[2022-12-27T04:58:39+08:00][sql] SELECT * FROM `course` WHERE  `id` = 1 LIMIT 1 [ RunTime:0.000298s ]
[2022-12-27T04:58:39+08:00][sql] SHOW FULL COLUMNS FROM `teacher` [ RunTime:0.000862s ]
[2022-12-27T04:58:39+08:00][sql] SELECT `teacher_name`,`teacher_title`,`teacher_avatar` FROM `teacher` WHERE  `id` = 1 LIMIT 1 [ RunTime:0.000244s ]
[2022-12-27T04:58:39+08:00][sql] SELECT `teacher_name`,`teacher_title`,`teacher_avatar` FROM `teacher` WHERE  `id` = 2 LIMIT 1 [ RunTime:0.000196s ]
[2022-12-27T04:58:39+08:00][sql] SHOW FULL COLUMNS FROM `address` [ RunTime:0.000872s ]
[2022-12-27T04:58:39+08:00][sql] SELECT * FROM `address` WHERE  `id` = 1 LIMIT 1 [ RunTime:0.000239s ]
[2022-12-27T04:58:39+08:00][sql] SELECT * FROM `address` WHERE  `id` = 2 LIMIT 1 [ RunTime:0.000197s ]
[2022-12-27T10:52:11+08:00][sql] CONNECT:[ UseTime:0.000347s ] mysql:host=localhost;port=3316;dbname=coffee;charset=utf8
[2022-12-27T10:52:11+08:00][sql] SHOW FULL COLUMNS FROM `course` [ RunTime:0.001646s ]
[2022-12-27T10:52:11+08:00][sql] SELECT `id`,`title`,`price`,`days`,`time` FROM `course` WHERE  `is_time` = 1 ORDER BY `sorting` ASC [ RunTime:0.000354s ]
[2022-12-27T10:52:11+08:00][sql] SELECT `id`,`title` FROM `course` WHERE  `status` = 1 [ RunTime:0.000233s ]
[2022-12-27T10:52:11+08:00][sql] SELECT `id`,`title` FROM `course` WHERE  `status` = 2 [ RunTime:0.000224s ]
[2022-12-27T10:52:11+08:00][sql] SHOW FULL COLUMNS FROM `address` [ RunTime:0.001032s ]
[2022-12-27T10:52:11+08:00][sql] SELECT * FROM `address` WHERE  `id` = 1 LIMIT 1 [ RunTime:0.000318s ]
[2022-12-27T10:52:11+08:00][sql] SELECT * FROM `address` WHERE  `id` = 2 LIMIT 1 [ RunTime:0.000271s ]
[2022-12-27T19:21:45+08:00][sql] CONNECT:[ UseTime:0.000365s ] mysql:host=localhost;port=3316;dbname=coffee;charset=utf8
[2022-12-27T19:21:45+08:00][sql] SHOW FULL COLUMNS FROM `course` [ RunTime:0.001476s ]
[2022-12-27T19:21:45+08:00][sql] SELECT * FROM `course` WHERE  `id` = 4 LIMIT 1 [ RunTime:0.000321s ]
[2022-12-27T19:21:45+08:00][sql] SHOW FULL COLUMNS FROM `teacher` [ RunTime:0.001219s ]
[2022-12-27T19:21:45+08:00][sql] SELECT `teacher_name`,`teacher_title`,`teacher_avatar` FROM `teacher` WHERE  `id` = 2 LIMIT 1 [ RunTime:0.000290s ]
[2022-12-27T19:21:45+08:00][sql] SHOW FULL COLUMNS FROM `address` [ RunTime:0.001073s ]
[2022-12-27T19:21:45+08:00][sql] SELECT * FROM `address` WHERE  `id` = 1 LIMIT 1 [ RunTime:0.000267s ]
[2022-12-27T19:21:45+08:00][sql] SELECT * FROM `address` WHERE  `id` = 2 LIMIT 1 [ RunTime:0.000210s ]
[2022-12-27T19:29:41+08:00][sql] CONNECT:[ UseTime:0.000413s ] mysql:host=localhost;port=3316;dbname=coffee;charset=utf8
[2022-12-27T19:29:41+08:00][sql] SHOW FULL COLUMNS FROM `course` [ RunTime:0.001388s ]
[2022-12-27T19:29:41+08:00][sql] SELECT * FROM `course` WHERE  `id` = 4 LIMIT 1 [ RunTime:0.000301s ]
[2022-12-27T19:29:41+08:00][sql] SHOW FULL COLUMNS FROM `teacher` [ RunTime:0.000892s ]
[2022-12-27T19:29:41+08:00][sql] SELECT `teacher_name`,`teacher_title`,`teacher_avatar` FROM `teacher` WHERE  `id` = 2 LIMIT 1 [ RunTime:0.000231s ]
[2022-12-27T19:29:41+08:00][sql] SHOW FULL COLUMNS FROM `address` [ RunTime:0.000916s ]
[2022-12-27T19:29:41+08:00][sql] SELECT * FROM `address` WHERE  `id` = 1 LIMIT 1 [ RunTime:0.000241s ]
[2022-12-27T19:29:41+08:00][sql] SELECT * FROM `address` WHERE  `id` = 2 LIMIT 1 [ RunTime:0.000203s ]
[2022-12-27T20:03:41+08:00][sql] CONNECT:[ UseTime:0.000402s ] mysql:host=localhost;port=3316;dbname=coffee;charset=utf8
[2022-12-27T20:03:41+08:00][sql] SHOW FULL COLUMNS FROM `course` [ RunTime:0.001492s ]
[2022-12-27T20:03:41+08:00][sql] SELECT * FROM `course` WHERE  `id` = 1 LIMIT 1 [ RunTime:0.000363s ]
[2022-12-27T20:03:41+08:00][sql] SHOW FULL COLUMNS FROM `teacher` [ RunTime:0.000993s ]
[2022-12-27T20:03:41+08:00][sql] SELECT `teacher_name`,`teacher_title`,`teacher_avatar` FROM `teacher` WHERE  `id` = 1 LIMIT 1 [ RunTime:0.000279s ]
[2022-12-27T20:03:41+08:00][sql] SELECT `teacher_name`,`teacher_title`,`teacher_avatar` FROM `teacher` WHERE  `id` = 2 LIMIT 1 [ RunTime:0.000229s ]
[2022-12-27T20:03:41+08:00][sql] SHOW FULL COLUMNS FROM `address` [ RunTime:0.000995s ]
[2022-12-27T20:03:41+08:00][sql] SELECT * FROM `address` WHERE  `id` = 1 LIMIT 1 [ RunTime:0.000271s ]
[2022-12-27T20:03:41+08:00][sql] SELECT * FROM `address` WHERE  `id` = 2 LIMIT 1 [ RunTime:0.000252s ]
[2022-12-27T20:03:42+08:00][sql] CONNECT:[ UseTime:0.000450s ] mysql:host=localhost;port=3316;dbname=coffee;charset=utf8
[2022-12-27T20:03:42+08:00][sql] SHOW FULL COLUMNS FROM `course` [ RunTime:0.001451s ]
[2022-12-27T20:03:42+08:00][sql] SELECT `id`,`title`,`price`,`days`,`time` FROM `course` WHERE  `is_time` = 1 ORDER BY `sorting` ASC [ RunTime:0.000273s ]
[2022-12-27T20:03:42+08:00][sql] SELECT `id`,`title` FROM `course` WHERE  `status` = 1 [ RunTime:0.000203s ]
[2022-12-27T20:03:42+08:00][sql] SELECT `id`,`title` FROM `course` WHERE  `status` = 2 [ RunTime:0.000192s ]
[2022-12-27T20:03:42+08:00][sql] SHOW FULL COLUMNS FROM `address` [ RunTime:0.000882s ]
[2022-12-27T20:03:42+08:00][sql] SELECT * FROM `address` WHERE  `id` = 1 LIMIT 1 [ RunTime:0.000236s ]
[2022-12-27T20:03:42+08:00][sql] SELECT * FROM `address` WHERE  `id` = 2 LIMIT 1 [ RunTime:0.000215s ]
[2022-12-27T20:03:43+08:00][sql] CONNECT:[ UseTime:0.000446s ] mysql:host=localhost;port=3316;dbname=coffee;charset=utf8
[2022-12-27T20:03:43+08:00][sql] SHOW FULL COLUMNS FROM `course` [ RunTime:0.001529s ]
[2022-12-27T20:03:43+08:00][sql] SELECT * FROM `course` WHERE  `id` = 6 LIMIT 1 [ RunTime:0.000398s ]
[2022-12-27T20:03:43+08:00][sql] SHOW FULL COLUMNS FROM `teacher` [ RunTime:0.000982s ]
[2022-12-27T20:03:43+08:00][sql] SELECT `teacher_name`,`teacher_title`,`teacher_avatar` FROM `teacher` WHERE  `id` = 1 LIMIT 1 [ RunTime:0.000265s ]
[2022-12-27T20:03:43+08:00][sql] SHOW FULL COLUMNS FROM `address` [ RunTime:0.000947s ]
[2022-12-27T20:03:43+08:00][sql] SELECT * FROM `address` WHERE  `id` = 1 LIMIT 1 [ RunTime:0.000283s ]
[2022-12-27T20:03:43+08:00][sql] SELECT * FROM `address` WHERE  `id` = 2 LIMIT 1 [ RunTime:0.000251s ]
[2022-12-27T20:03:44+08:00][sql] CONNECT:[ UseTime:0.000419s ] mysql:host=localhost;port=3316;dbname=coffee;charset=utf8
[2022-12-27T20:03:44+08:00][sql] SHOW FULL COLUMNS FROM `course` [ RunTime:0.001431s ]
[2022-12-27T20:03:44+08:00][sql] SELECT * FROM `course` WHERE  `id` = 2 LIMIT 1 [ RunTime:0.000849s ]
[2022-12-27T20:03:44+08:00][sql] SHOW FULL COLUMNS FROM `teacher` [ RunTime:0.001055s ]
[2022-12-27T20:03:44+08:00][sql] SELECT `teacher_name`,`teacher_title`,`teacher_avatar` FROM `teacher` WHERE  `id` = 3 LIMIT 1 [ RunTime:0.000294s ]
[2022-12-27T20:03:44+08:00][sql] SHOW FULL COLUMNS FROM `address` [ RunTime:0.000944s ]
[2022-12-27T20:03:44+08:00][sql] SELECT * FROM `address` WHERE  `id` = 1 LIMIT 1 [ RunTime:0.000262s ]
[2022-12-27T20:03:44+08:00][sql] SELECT * FROM `address` WHERE  `id` = 2 LIMIT 1 [ RunTime:0.000241s ]
[2022-12-27T20:05:53+08:00][sql] CONNECT:[ UseTime:0.000449s ] mysql:host=localhost;port=3316;dbname=coffee;charset=utf8
[2022-12-27T20:05:53+08:00][sql] SHOW FULL COLUMNS FROM `course` [ RunTime:0.001422s ]
[2022-12-27T20:05:53+08:00][sql] SELECT `id`,`title`,`price`,`days`,`time` FROM `course` WHERE  `is_time` = 1 ORDER BY `sorting` ASC [ RunTime:0.000332s ]
[2022-12-27T20:05:53+08:00][sql] SELECT `id`,`title` FROM `course` WHERE  `status` = 1 [ RunTime:0.000267s ]
[2022-12-27T20:05:53+08:00][sql] SELECT `id`,`title` FROM `course` WHERE  `status` = 2 [ RunTime:0.000241s ]
[2022-12-27T20:05:53+08:00][sql] SHOW FULL COLUMNS FROM `address` [ RunTime:0.001096s ]
[2022-12-27T20:05:53+08:00][sql] SELECT * FROM `address` WHERE  `id` = 1 LIMIT 1 [ RunTime:0.000323s ]
[2022-12-27T20:05:53+08:00][sql] SELECT * FROM `address` WHERE  `id` = 2 LIMIT 1 [ RunTime:0.000246s ]
[2022-12-27T20:10:01+08:00][sql] CONNECT:[ UseTime:0.001348s ] mysql:host=localhost;port=3316;dbname=coffee;charset=utf8
[2022-12-27T20:10:01+08:00][sql] SHOW FULL COLUMNS FROM `course` [ RunTime:0.001672s ]
[2022-12-27T20:10:01+08:00][sql] SELECT * FROM `course` WHERE  `id` = 6 LIMIT 1 [ RunTime:0.000354s ]
[2022-12-27T20:10:01+08:00][sql] SHOW FULL COLUMNS FROM `teacher` [ RunTime:0.001037s ]
[2022-12-27T20:10:01+08:00][sql] SELECT `teacher_name`,`teacher_title`,`teacher_avatar` FROM `teacher` WHERE  `id` = 1 LIMIT 1 [ RunTime:0.000292s ]
[2022-12-27T20:10:01+08:00][sql] SHOW FULL COLUMNS FROM `address` [ RunTime:0.001318s ]
[2022-12-27T20:10:01+08:00][sql] SELECT * FROM `address` WHERE  `id` = 1 LIMIT 1 [ RunTime:0.000311s ]
[2022-12-27T20:10:01+08:00][sql] SELECT * FROM `address` WHERE  `id` = 2 LIMIT 1 [ RunTime:0.000317s ]
[2022-12-27T20:13:17+08:00][sql] CONNECT:[ UseTime:0.000373s ] mysql:host=localhost;port=3316;dbname=coffee;charset=utf8
[2022-12-27T20:13:17+08:00][sql] SHOW FULL COLUMNS FROM `course` [ RunTime:0.001586s ]
[2022-12-27T20:13:17+08:00][sql] SELECT * FROM `course` WHERE  `id` = 1 LIMIT 1 [ RunTime:0.000318s ]
[2022-12-27T20:13:17+08:00][sql] SHOW FULL COLUMNS FROM `teacher` [ RunTime:0.001049s ]
[2022-12-27T20:13:17+08:00][sql] SELECT `teacher_name`,`teacher_title`,`teacher_avatar` FROM `teacher` WHERE  `id` = 1 LIMIT 1 [ RunTime:0.000228s ]
[2022-12-27T20:13:17+08:00][sql] SELECT `teacher_name`,`teacher_title`,`teacher_avatar` FROM `teacher` WHERE  `id` = 2 LIMIT 1 [ RunTime:0.000215s ]
[2022-12-27T20:13:17+08:00][sql] SHOW FULL COLUMNS FROM `address` [ RunTime:0.001000s ]
[2022-12-27T20:13:17+08:00][sql] SELECT * FROM `address` WHERE  `id` = 1 LIMIT 1 [ RunTime:0.000288s ]
[2022-12-27T20:13:17+08:00][sql] SELECT * FROM `address` WHERE  `id` = 2 LIMIT 1 [ RunTime:0.000196s ]
