[2022-12-30T03:18:33+08:00][sql] CONNECT:[ UseTime:0.000342s ] mysql:host=localhost;port=3316;dbname=coffee;charset=utf8
[2022-12-30T03:18:33+08:00][sql] SHOW FULL COLUMNS FROM `course` [ RunTime:0.001382s ]
[2022-12-30T03:18:33+08:00][sql] SELECT `id`,`title`,`price`,`days`,`time` FROM `course` WHERE  `is_time` = 1 ORDER BY `sorting` ASC [ RunTime:0.000748s ]
[2022-12-30T03:18:33+08:00][sql] SELECT `id`,`title` FROM `course` WHERE  `status` = 1 [ RunTime:0.000221s ]
[2022-12-30T03:18:33+08:00][sql] SELECT `id`,`title` FROM `course` WHERE  `status` = 2 [ RunTime:0.000195s ]
[2022-12-30T03:18:33+08:00][sql] SHOW FULL COLUMNS FROM `address` [ RunTime:0.000900s ]
[2022-12-30T03:18:33+08:00][sql] SELECT * FROM `address` WHERE  `id` = 1 LIMIT 1 [ RunTime:0.000285s ]
[2022-12-30T03:18:33+08:00][sql] SELECT * FROM `address` WHERE  `id` = 2 LIMIT 1 [ RunTime:0.000209s ]
[2022-12-30T03:20:47+08:00][sql] CONNECT:[ UseTime:0.000401s ] mysql:host=localhost;port=3316;dbname=coffee;charset=utf8
[2022-12-30T03:20:47+08:00][sql] SHOW FULL COLUMNS FROM `course` [ RunTime:0.001385s ]
[2022-12-30T03:20:47+08:00][sql] SELECT `id`,`title`,`price`,`days`,`time` FROM `course` WHERE  `is_time` = 1 ORDER BY `sorting` ASC [ RunTime:0.000798s ]
[2022-12-30T03:20:47+08:00][sql] SELECT `id`,`title` FROM `course` WHERE  `status` = 1 [ RunTime:0.000260s ]
[2022-12-30T03:20:47+08:00][sql] SELECT `id`,`title` FROM `course` WHERE  `status` = 2 [ RunTime:0.000226s ]
[2022-12-30T03:20:47+08:00][sql] SHOW FULL COLUMNS FROM `address` [ RunTime:0.000955s ]
[2022-12-30T03:20:47+08:00][sql] SELECT * FROM `address` WHERE  `id` = 1 LIMIT 1 [ RunTime:0.000291s ]
[2022-12-30T03:20:47+08:00][sql] SELECT * FROM `address` WHERE  `id` = 2 LIMIT 1 [ RunTime:0.000242s ]
[2022-12-30T14:30:18+08:00][sql] CONNECT:[ UseTime:0.001247s ] mysql:host=localhost;port=3316;dbname=coffee;charset=utf8
[2022-12-30T14:30:18+08:00][sql] SHOW FULL COLUMNS FROM `course` [ RunTime:0.001409s ]
[2022-12-30T14:30:18+08:00][sql] SELECT * FROM `course` WHERE  `id` = 7 LIMIT 1 [ RunTime:0.000366s ]
[2022-12-30T14:30:18+08:00][sql] SHOW FULL COLUMNS FROM `teacher` [ RunTime:0.001015s ]
[2022-12-30T14:30:18+08:00][sql] SELECT `teacher_name`,`teacher_title`,`teacher_avatar` FROM `teacher` WHERE  `id` = 1 LIMIT 1 [ RunTime:0.000279s ]
[2022-12-30T14:30:18+08:00][sql] SHOW FULL COLUMNS FROM `address` [ RunTime:0.001013s ]
[2022-12-30T14:30:18+08:00][sql] SELECT * FROM `address` WHERE  `id` = 1 LIMIT 1 [ RunTime:0.000273s ]
[2022-12-30T14:30:18+08:00][sql] SELECT * FROM `address` WHERE  `id` = 2 LIMIT 1 [ RunTime:0.000295s ]
[2022-12-30T14:41:07+08:00][sql] CONNECT:[ UseTime:0.000443s ] mysql:host=localhost;port=3316;dbname=coffee;charset=utf8
[2022-12-30T14:41:07+08:00][sql] SHOW FULL COLUMNS FROM `course` [ RunTime:0.002599s ]
[2022-12-30T14:41:07+08:00][sql] SELECT * FROM `course` WHERE  `id` = 7 LIMIT 1 [ RunTime:0.000313s ]
[2022-12-30T14:41:07+08:00][sql] SHOW FULL COLUMNS FROM `teacher` [ RunTime:0.001066s ]
[2022-12-30T14:41:07+08:00][sql] SELECT `teacher_name`,`teacher_title`,`teacher_avatar` FROM `teacher` WHERE  `id` = 1 LIMIT 1 [ RunTime:0.000261s ]
[2022-12-30T14:41:07+08:00][sql] SHOW FULL COLUMNS FROM `address` [ RunTime:0.001069s ]
[2022-12-30T14:41:07+08:00][sql] SELECT * FROM `address` WHERE  `id` = 1 LIMIT 1 [ RunTime:0.000333s ]
[2022-12-30T14:41:07+08:00][sql] SELECT * FROM `address` WHERE  `id` = 2 LIMIT 1 [ RunTime:0.000269s ]
[2022-12-30T17:37:34+08:00][sql] CONNECT:[ UseTime:0.000427s ] mysql:host=localhost;port=3316;dbname=coffee;charset=utf8
[2022-12-30T17:37:34+08:00][sql] SHOW FULL COLUMNS FROM `course` [ RunTime:0.001543s ]
[2022-12-30T17:37:34+08:00][sql] SELECT * FROM `course` WHERE  `id` = 2 LIMIT 1 [ RunTime:0.000352s ]
[2022-12-30T17:37:34+08:00][sql] SHOW FULL COLUMNS FROM `teacher` [ RunTime:0.000959s ]
[2022-12-30T17:37:34+08:00][sql] SELECT `teacher_name`,`teacher_title`,`teacher_avatar` FROM `teacher` WHERE  `id` = 3 LIMIT 1 [ RunTime:0.000263s ]
[2022-12-30T17:37:34+08:00][sql] SHOW FULL COLUMNS FROM `address` [ RunTime:0.000917s ]
[2022-12-30T17:37:34+08:00][sql] SELECT * FROM `address` WHERE  `id` = 1 LIMIT 1 [ RunTime:0.000334s ]
[2022-12-30T17:37:34+08:00][sql] SELECT * FROM `address` WHERE  `id` = 2 LIMIT 1 [ RunTime:0.000250s ]
[2022-12-30T18:27:48+08:00][sql] CONNECT:[ UseTime:0.000431s ] mysql:host=localhost;port=3316;dbname=coffee;charset=utf8
[2022-12-30T18:27:48+08:00][sql] SHOW FULL COLUMNS FROM `course` [ RunTime:0.001442s ]
[2022-12-30T18:27:48+08:00][sql] SELECT * FROM `course` WHERE  `id` = 2 LIMIT 1 [ RunTime:0.000337s ]
[2022-12-30T18:27:48+08:00][sql] SHOW FULL COLUMNS FROM `teacher` [ RunTime:0.000963s ]
[2022-12-30T18:27:48+08:00][sql] SELECT `teacher_name`,`teacher_title`,`teacher_avatar` FROM `teacher` WHERE  `id` = 3 LIMIT 1 [ RunTime:0.000295s ]
[2022-12-30T18:27:48+08:00][sql] SHOW FULL COLUMNS FROM `address` [ RunTime:0.001051s ]
[2022-12-30T18:27:48+08:00][sql] SELECT * FROM `address` WHERE  `id` = 1 LIMIT 1 [ RunTime:0.000274s ]
[2022-12-30T18:27:48+08:00][sql] SELECT * FROM `address` WHERE  `id` = 2 LIMIT 1 [ RunTime:0.000296s ]
[2022-12-30T20:18:53+08:00][sql] CONNECT:[ UseTime:0.000342s ] mysql:host=localhost;port=3316;dbname=coffee;charset=utf8
[2022-12-30T20:18:53+08:00][sql] SHOW FULL COLUMNS FROM `course` [ RunTime:0.001448s ]
[2022-12-30T20:18:53+08:00][sql] SELECT `id`,`title`,`price`,`days`,`time` FROM `course` WHERE  `is_time` = 1 ORDER BY `sorting` ASC [ RunTime:0.000804s ]
[2022-12-30T20:18:53+08:00][sql] SELECT `id`,`title` FROM `course` WHERE  `status` = 1 [ RunTime:0.000229s ]
[2022-12-30T20:18:53+08:00][sql] SELECT `id`,`title` FROM `course` WHERE  `status` = 2 [ RunTime:0.000238s ]
[2022-12-30T20:18:53+08:00][sql] SHOW FULL COLUMNS FROM `address` [ RunTime:0.001070s ]
[2022-12-30T20:18:53+08:00][sql] SELECT * FROM `address` WHERE  `id` = 1 LIMIT 1 [ RunTime:0.000245s ]
[2022-12-30T20:18:53+08:00][sql] SELECT * FROM `address` WHERE  `id` = 2 LIMIT 1 [ RunTime:0.000221s ]
[2022-12-30T20:19:08+08:00][sql] CONNECT:[ UseTime:0.000422s ] mysql:host=localhost;port=3316;dbname=coffee;charset=utf8
[2022-12-30T20:19:08+08:00][sql] SHOW FULL COLUMNS FROM `course` [ RunTime:0.001402s ]
[2022-12-30T20:19:08+08:00][sql] SELECT * FROM `course` WHERE  `id` = 1 LIMIT 1 [ RunTime:0.000378s ]
[2022-12-30T20:19:08+08:00][sql] SHOW FULL COLUMNS FROM `teacher` [ RunTime:0.001083s ]
[2022-12-30T20:19:08+08:00][sql] SELECT `teacher_name`,`teacher_title`,`teacher_avatar` FROM `teacher` WHERE  `id` = 1 LIMIT 1 [ RunTime:0.000287s ]
[2022-12-30T20:19:08+08:00][sql] SELECT `teacher_name`,`teacher_title`,`teacher_avatar` FROM `teacher` WHERE  `id` = 2 LIMIT 1 [ RunTime:0.000238s ]
[2022-12-30T20:19:08+08:00][sql] SHOW FULL COLUMNS FROM `address` [ RunTime:0.000929s ]
[2022-12-30T20:19:08+08:00][sql] SELECT * FROM `address` WHERE  `id` = 1 LIMIT 1 [ RunTime:0.000312s ]
[2022-12-30T20:19:08+08:00][sql] SELECT * FROM `address` WHERE  `id` = 2 LIMIT 1 [ RunTime:0.000329s ]
