[2023-07-07T01:48:21+08:00][sql] CONNECT:[ UseTime:0.000528s ] mysql:host=localhost;port=3316;dbname=coffee;charset=utf8
[2023-07-07T01:48:21+08:00][sql] SHOW FULL COLUMNS FROM `information` [ RunTime:0.001920s ]
[2023-07-07T01:48:21+08:00][sql] SELECT * FROM `information` WHERE  `id` = 3 LIMIT 1 [ RunTime:0.000351s ]
[2023-07-07T01:48:21+08:00][sql] SHOW FULL COLUMNS FROM `address` [ RunTime:0.001291s ]
[2023-07-07T01:48:21+08:00][sql] SELECT * FROM `address` WHERE  `id` = 1 LIMIT 1 [ RunTime:0.000285s ]
[2023-07-07T01:48:21+08:00][sql] SELECT * FROM `address` WHERE  `id` = 2 LIMIT 1 [ RunTime:0.000255s ]
[2023-07-07T01:55:05+08:00][sql] CONNECT:[ UseTime:0.000605s ] mysql:host=localhost;port=3316;dbname=coffee;charset=utf8
[2023-07-07T01:55:05+08:00][sql] SHOW FULL COLUMNS FROM `information` [ RunTime:0.001994s ]
[2023-07-07T01:55:05+08:00][sql] SELECT * FROM `information` WHERE  `id` = 3 LIMIT 1 [ RunTime:0.000372s ]
[2023-07-07T01:55:05+08:00][sql] SHOW FULL COLUMNS FROM `address` [ RunTime:0.001104s ]
[2023-07-07T01:55:05+08:00][sql] SELECT * FROM `address` WHERE  `id` = 1 LIMIT 1 [ RunTime:0.000291s ]
[2023-07-07T01:55:05+08:00][sql] SELECT * FROM `address` WHERE  `id` = 2 LIMIT 1 [ RunTime:0.000240s ]
[2023-07-07T06:11:48+08:00][sql] CONNECT:[ UseTime:0.000432s ] mysql:host=localhost;port=3316;dbname=coffee;charset=utf8
[2023-07-07T06:11:48+08:00][sql] SHOW FULL COLUMNS FROM `information` [ RunTime:0.001471s ]
[2023-07-07T06:11:48+08:00][sql] SELECT * FROM `information` ORDER BY `time` DESC LIMIT 1 [ RunTime:0.000352s ]
[2023-07-07T06:11:48+08:00][sql] SHOW FULL COLUMNS FROM `topic` [ RunTime:0.000906s ]
[2023-07-07T06:11:48+08:00][sql] SELECT * FROM `topic` [ RunTime:0.000230s ]
[2023-07-07T06:11:48+08:00][sql] SELECT * FROM `information` ORDER BY `time` DESC [ RunTime:0.000894s ]
[2023-07-07T06:11:48+08:00][sql] SHOW FULL COLUMNS FROM `address` [ RunTime:0.001049s ]
[2023-07-07T06:11:48+08:00][sql] SELECT * FROM `address` WHERE  `id` = 1 LIMIT 1 [ RunTime:0.000313s ]
[2023-07-07T06:11:48+08:00][sql] SELECT * FROM `address` WHERE  `id` = 2 LIMIT 1 [ RunTime:0.000253s ]
[2023-07-07T06:19:29+08:00][sql] CONNECT:[ UseTime:0.000421s ] mysql:host=localhost;port=3316;dbname=coffee;charset=utf8
[2023-07-07T06:19:29+08:00][sql] SHOW FULL COLUMNS FROM `information` [ RunTime:0.001388s ]
[2023-07-07T06:19:29+08:00][sql] SELECT * FROM `information` ORDER BY `time` DESC LIMIT 1 [ RunTime:0.000455s ]
[2023-07-07T06:19:29+08:00][sql] SHOW FULL COLUMNS FROM `topic` [ RunTime:0.001202s ]
[2023-07-07T06:19:29+08:00][sql] SELECT * FROM `topic` [ RunTime:0.000217s ]
[2023-07-07T06:19:29+08:00][sql] SELECT * FROM `information` ORDER BY `time` DESC [ RunTime:0.001150s ]
[2023-07-07T06:19:29+08:00][sql] SHOW FULL COLUMNS FROM `address` [ RunTime:0.001320s ]
[2023-07-07T06:19:29+08:00][sql] SELECT * FROM `address` WHERE  `id` = 1 LIMIT 1 [ RunTime:0.000286s ]
[2023-07-07T06:19:29+08:00][sql] SELECT * FROM `address` WHERE  `id` = 2 LIMIT 1 [ RunTime:0.000300s ]
