[2023-07-08T00:09:12+08:00][sql] CONNECT:[ UseTime:0.000492s ] mysql:host=localhost;port=3316;dbname=coffee;charset=utf8
[2023-07-08T00:09:12+08:00][sql] SHOW FULL COLUMNS FROM `information` [ RunTime:0.001396s ]
[2023-07-08T00:09:12+08:00][sql] SELECT * FROM `information` WHERE  `id` = 11 LIMIT 1 [ RunTime:0.000294s ]
[2023-07-08T00:09:12+08:00][sql] SHOW FULL COLUMNS FROM `address` [ RunTime:0.000902s ]
[2023-07-08T00:09:12+08:00][sql] SELECT * FROM `address` WHERE  `id` = 1 LIMIT 1 [ RunTime:0.000227s ]
[2023-07-08T00:09:12+08:00][sql] SELECT * FROM `address` WHERE  `id` = 2 LIMIT 1 [ RunTime:0.000230s ]
[2023-07-08T00:09:20+08:00][sql] CONNECT:[ UseTime:0.000403s ] mysql:host=localhost;port=3316;dbname=coffee;charset=utf8
[2023-07-08T00:09:20+08:00][sql] SHOW FULL COLUMNS FROM `information` [ RunTime:0.001412s ]
[2023-07-08T00:09:20+08:00][sql] SELECT * FROM `information` WHERE  `id` = 12 LIMIT 1 [ RunTime:0.000302s ]
[2023-07-08T00:09:20+08:00][sql] SHOW FULL COLUMNS FROM `address` [ RunTime:0.001071s ]
[2023-07-08T00:09:20+08:00][sql] SELECT * FROM `address` WHERE  `id` = 1 LIMIT 1 [ RunTime:0.000242s ]
[2023-07-08T00:09:20+08:00][sql] SELECT * FROM `address` WHERE  `id` = 2 LIMIT 1 [ RunTime:0.000211s ]
[2023-07-08T00:15:00+08:00][sql] CONNECT:[ UseTime:0.000412s ] mysql:host=localhost;port=3316;dbname=coffee;charset=utf8
[2023-07-08T00:15:00+08:00][sql] SHOW FULL COLUMNS FROM `information` [ RunTime:0.001379s ]
[2023-07-08T00:15:00+08:00][sql] SELECT * FROM `information` WHERE  `id` = 12 LIMIT 1 [ RunTime:0.000315s ]
[2023-07-08T00:15:00+08:00][sql] SHOW FULL COLUMNS FROM `address` [ RunTime:0.001003s ]
[2023-07-08T00:15:00+08:00][sql] SELECT * FROM `address` WHERE  `id` = 1 LIMIT 1 [ RunTime:0.000243s ]
[2023-07-08T00:15:00+08:00][sql] SELECT * FROM `address` WHERE  `id` = 2 LIMIT 1 [ RunTime:0.000218s ]
[2023-07-08T00:16:45+08:00][sql] CONNECT:[ UseTime:0.000447s ] mysql:host=localhost;port=3316;dbname=coffee;charset=utf8
[2023-07-08T00:16:45+08:00][sql] SHOW FULL COLUMNS FROM `information` [ RunTime:0.001453s ]
[2023-07-08T00:16:45+08:00][sql] SELECT * FROM `information` WHERE  `id` = 3 LIMIT 1 [ RunTime:0.000277s ]
[2023-07-08T00:16:45+08:00][sql] SHOW FULL COLUMNS FROM `address` [ RunTime:0.000947s ]
[2023-07-08T00:16:45+08:00][sql] SELECT * FROM `address` WHERE  `id` = 1 LIMIT 1 [ RunTime:0.000241s ]
[2023-07-08T00:16:45+08:00][sql] SELECT * FROM `address` WHERE  `id` = 2 LIMIT 1 [ RunTime:0.000215s ]
[2023-07-08T00:21:03+08:00][sql] CONNECT:[ UseTime:0.000445s ] mysql:host=localhost;port=3316;dbname=coffee;charset=utf8
[2023-07-08T00:21:03+08:00][sql] SHOW FULL COLUMNS FROM `information` [ RunTime:0.001475s ]
[2023-07-08T00:21:03+08:00][sql] SELECT * FROM `information` WHERE  `id` = 11 LIMIT 1 [ RunTime:0.000275s ]
[2023-07-08T00:21:03+08:00][sql] SHOW FULL COLUMNS FROM `address` [ RunTime:0.000974s ]
[2023-07-08T00:21:03+08:00][sql] SELECT * FROM `address` WHERE  `id` = 1 LIMIT 1 [ RunTime:0.000247s ]
[2023-07-08T00:21:03+08:00][sql] SELECT * FROM `address` WHERE  `id` = 2 LIMIT 1 [ RunTime:0.000197s ]
[2023-07-08T00:25:20+08:00][sql] CONNECT:[ UseTime:0.000428s ] mysql:host=localhost;port=3316;dbname=coffee;charset=utf8
[2023-07-08T00:25:20+08:00][sql] SHOW FULL COLUMNS FROM `information` [ RunTime:0.001639s ]
[2023-07-08T00:25:20+08:00][sql] SELECT * FROM `information` WHERE  `id` = 3 LIMIT 1 [ RunTime:0.000284s ]
[2023-07-08T00:25:20+08:00][sql] SHOW FULL COLUMNS FROM `address` [ RunTime:0.001019s ]
[2023-07-08T00:25:20+08:00][sql] SELECT * FROM `address` WHERE  `id` = 1 LIMIT 1 [ RunTime:0.000246s ]
[2023-07-08T00:25:20+08:00][sql] SELECT * FROM `address` WHERE  `id` = 2 LIMIT 1 [ RunTime:0.000199s ]
[2023-07-08T01:37:38+08:00][sql] CONNECT:[ UseTime:0.000561s ] mysql:host=localhost;port=3316;dbname=coffee;charset=utf8
[2023-07-08T01:37:38+08:00][sql] SHOW FULL COLUMNS FROM `information` [ RunTime:0.001954s ]
[2023-07-08T01:37:38+08:00][sql] SELECT * FROM `information` WHERE  `id` = 4 LIMIT 1 [ RunTime:0.000399s ]
[2023-07-08T01:37:38+08:00][sql] SHOW FULL COLUMNS FROM `address` [ RunTime:0.001369s ]
[2023-07-08T01:37:38+08:00][sql] SELECT * FROM `address` WHERE  `id` = 1 LIMIT 1 [ RunTime:0.000328s ]
[2023-07-08T01:37:38+08:00][sql] SELECT * FROM `address` WHERE  `id` = 2 LIMIT 1 [ RunTime:0.000268s ]
[2023-07-08T01:40:20+08:00][sql] CONNECT:[ UseTime:0.000392s ] mysql:host=localhost;port=3316;dbname=coffee;charset=utf8
[2023-07-08T01:40:20+08:00][sql] SHOW FULL COLUMNS FROM `information` [ RunTime:0.001483s ]
[2023-07-08T01:40:20+08:00][sql] SELECT * FROM `information` WHERE  `id` = 4 LIMIT 1 [ RunTime:0.000320s ]
[2023-07-08T01:40:20+08:00][sql] SHOW FULL COLUMNS FROM `address` [ RunTime:0.000937s ]
[2023-07-08T01:40:20+08:00][sql] SELECT * FROM `address` WHERE  `id` = 1 LIMIT 1 [ RunTime:0.000241s ]
[2023-07-08T01:40:20+08:00][sql] SELECT * FROM `address` WHERE  `id` = 2 LIMIT 1 [ RunTime:0.000223s ]
[2023-07-08T04:13:53+08:00][sql] CONNECT:[ UseTime:0.000413s ] mysql:host=localhost;port=3316;dbname=coffee;charset=utf8
[2023-07-08T04:13:53+08:00][sql] SHOW FULL COLUMNS FROM `information` [ RunTime:0.001441s ]
[2023-07-08T04:13:53+08:00][sql] SELECT * FROM `information` WHERE  `id` = 15 LIMIT 1 [ RunTime:0.000304s ]
[2023-07-08T04:13:53+08:00][sql] SHOW FULL COLUMNS FROM `address` [ RunTime:0.000951s ]
[2023-07-08T04:13:53+08:00][sql] SELECT * FROM `address` WHERE  `id` = 1 LIMIT 1 [ RunTime:0.000259s ]
[2023-07-08T04:13:53+08:00][sql] SELECT * FROM `address` WHERE  `id` = 2 LIMIT 1 [ RunTime:0.000227s ]
[2023-07-08T04:18:39+08:00][sql] CONNECT:[ UseTime:0.000491s ] mysql:host=localhost;port=3316;dbname=coffee;charset=utf8
[2023-07-08T04:18:39+08:00][sql] SHOW FULL COLUMNS FROM `information` [ RunTime:0.001506s ]
[2023-07-08T04:18:39+08:00][sql] SELECT * FROM `information` WHERE  `id` = 15 LIMIT 1 [ RunTime:0.000315s ]
[2023-07-08T04:18:39+08:00][sql] SHOW FULL COLUMNS FROM `address` [ RunTime:0.001019s ]
[2023-07-08T04:18:39+08:00][sql] SELECT * FROM `address` WHERE  `id` = 1 LIMIT 1 [ RunTime:0.000279s ]
[2023-07-08T04:18:39+08:00][sql] SELECT * FROM `address` WHERE  `id` = 2 LIMIT 1 [ RunTime:0.000270s ]
[2023-07-08T18:16:18+08:00][sql] CONNECT:[ UseTime:0.000412s ] mysql:host=localhost;port=3316;dbname=coffee;charset=utf8
[2023-07-08T18:16:18+08:00][sql] SHOW FULL COLUMNS FROM `information` [ RunTime:0.001453s ]
[2023-07-08T18:16:18+08:00][sql] SELECT * FROM `information` WHERE  `id` = 20 LIMIT 1 [ RunTime:0.000332s ]
[2023-07-08T18:16:18+08:00][sql] SHOW FULL COLUMNS FROM `address` [ RunTime:0.000936s ]
[2023-07-08T18:16:18+08:00][sql] SELECT * FROM `address` WHERE  `id` = 1 LIMIT 1 [ RunTime:0.000259s ]
[2023-07-08T18:16:18+08:00][sql] SELECT * FROM `address` WHERE  `id` = 2 LIMIT 1 [ RunTime:0.000231s ]
[2023-07-08T18:24:02+08:00][sql] CONNECT:[ UseTime:0.000532s ] mysql:host=localhost;port=3316;dbname=coffee;charset=utf8
[2023-07-08T18:24:02+08:00][sql] SHOW FULL COLUMNS FROM `information` [ RunTime:0.001667s ]
[2023-07-08T18:24:02+08:00][sql] SELECT * FROM `information` WHERE  `id` = 20 LIMIT 1 [ RunTime:0.000395s ]
[2023-07-08T18:24:02+08:00][sql] SHOW FULL COLUMNS FROM `address` [ RunTime:0.000995s ]
[2023-07-08T18:24:02+08:00][sql] SELECT * FROM `address` WHERE  `id` = 1 LIMIT 1 [ RunTime:0.000306s ]
[2023-07-08T18:24:02+08:00][sql] SELECT * FROM `address` WHERE  `id` = 2 LIMIT 1 [ RunTime:0.000249s ]
[2023-07-08T21:17:56+08:00][sql] CONNECT:[ UseTime:0.000472s ] mysql:host=localhost;port=3316;dbname=coffee;charset=utf8
[2023-07-08T21:17:56+08:00][sql] SHOW FULL COLUMNS FROM `information` [ RunTime:0.001417s ]
[2023-07-08T21:17:56+08:00][sql] SELECT * FROM `information` WHERE  `id` = 20 LIMIT 1 [ RunTime:0.000351s ]
[2023-07-08T21:17:56+08:00][sql] SHOW FULL COLUMNS FROM `address` [ RunTime:0.001060s ]
[2023-07-08T21:17:56+08:00][sql] SELECT * FROM `address` WHERE  `id` = 1 LIMIT 1 [ RunTime:0.000252s ]
[2023-07-08T21:17:56+08:00][sql] SELECT * FROM `address` WHERE  `id` = 2 LIMIT 1 [ RunTime:0.000213s ]
[2023-07-08T21:29:00+08:00][sql] CONNECT:[ UseTime:0.000440s ] mysql:host=localhost;port=3316;dbname=coffee;charset=utf8
[2023-07-08T21:29:00+08:00][sql] SHOW FULL COLUMNS FROM `information` [ RunTime:0.001407s ]
[2023-07-08T21:29:00+08:00][sql] SELECT * FROM `information` WHERE  `id` = 20 LIMIT 1 [ RunTime:0.000336s ]
[2023-07-08T21:29:00+08:00][sql] SHOW FULL COLUMNS FROM `address` [ RunTime:0.000999s ]
[2023-07-08T21:29:00+08:00][sql] SELECT * FROM `address` WHERE  `id` = 1 LIMIT 1 [ RunTime:0.000287s ]
[2023-07-08T21:29:00+08:00][sql] SELECT * FROM `address` WHERE  `id` = 2 LIMIT 1 [ RunTime:0.000247s ]
