[2023-07-10T00:35:37+08:00][sql] CONNECT:[ UseTime:0.000453s ] mysql:host=localhost;port=3316;dbname=coffee;charset=utf8
[2023-07-10T00:35:37+08:00][sql] SHOW FULL COLUMNS FROM `information` [ RunTime:0.001437s ]
[2023-07-10T00:35:37+08:00][sql] SELECT * FROM `information` WHERE  `id` = 21 LIMIT 1 [ RunTime:0.000306s ]
[2023-07-10T00:35:37+08:00][sql] SHOW FULL COLUMNS FROM `address` [ RunTime:0.000925s ]
[2023-07-10T00:35:37+08:00][sql] SELECT * FROM `address` WHERE  `id` = 1 LIMIT 1 [ RunTime:0.000251s ]
[2023-07-10T00:35:37+08:00][sql] SELECT * FROM `address` WHERE  `id` = 2 LIMIT 1 [ RunTime:0.000198s ]
[2023-07-10T07:32:08+08:00][sql] CONNECT:[ UseTime:0.000473s ] mysql:host=localhost;port=3316;dbname=coffee;charset=utf8
[2023-07-10T07:32:08+08:00][sql] SHOW FULL COLUMNS FROM `information` [ RunTime:0.001384s ]
[2023-07-10T07:32:08+08:00][sql] SELECT * FROM `information` WHERE  `id` = 20 LIMIT 1 [ RunTime:0.000290s ]
[2023-07-10T07:32:08+08:00][sql] SHOW FULL COLUMNS FROM `address` [ RunTime:0.000907s ]
[2023-07-10T07:32:08+08:00][sql] SELECT * FROM `address` WHERE  `id` = 1 LIMIT 1 [ RunTime:0.000270s ]
[2023-07-10T07:32:08+08:00][sql] SELECT * FROM `address` WHERE  `id` = 2 LIMIT 1 [ RunTime:0.000217s ]
[2023-07-10T08:28:44+08:00][sql] CONNECT:[ UseTime:0.000494s ] mysql:host=localhost;port=3316;dbname=coffee;charset=utf8
[2023-07-10T08:28:44+08:00][sql] SHOW FULL COLUMNS FROM `information` [ RunTime:0.002049s ]
[2023-07-10T08:28:44+08:00][sql] SELECT * FROM `information` ORDER BY `time` DESC LIMIT 1 [ RunTime:0.000416s ]
[2023-07-10T08:28:44+08:00][sql] SHOW FULL COLUMNS FROM `topic` [ RunTime:0.001193s ]
[2023-07-10T08:28:44+08:00][sql] SELECT * FROM `topic` [ RunTime:0.000228s ]
[2023-07-10T08:28:44+08:00][sql] SELECT * FROM `information` ORDER BY `time` DESC [ RunTime:0.001120s ]
[2023-07-10T08:28:44+08:00][sql] SHOW FULL COLUMNS FROM `address` [ RunTime:0.001368s ]
[2023-07-10T08:28:44+08:00][sql] SELECT * FROM `address` WHERE  `id` = 1 LIMIT 1 [ RunTime:0.000331s ]
[2023-07-10T08:28:44+08:00][sql] SELECT * FROM `address` WHERE  `id` = 2 LIMIT 1 [ RunTime:0.000246s ]
[2023-07-10T08:39:42+08:00][sql] CONNECT:[ UseTime:0.000455s ] mysql:host=localhost;port=3316;dbname=coffee;charset=utf8
[2023-07-10T08:39:42+08:00][sql] SHOW FULL COLUMNS FROM `information` [ RunTime:0.001467s ]
[2023-07-10T08:39:42+08:00][sql] SELECT * FROM `information` ORDER BY `time` DESC LIMIT 1 [ RunTime:0.000322s ]
[2023-07-10T08:39:42+08:00][sql] SHOW FULL COLUMNS FROM `topic` [ RunTime:0.000924s ]
[2023-07-10T08:39:42+08:00][sql] SELECT * FROM `topic` [ RunTime:0.000200s ]
[2023-07-10T08:39:42+08:00][sql] SELECT * FROM `information` ORDER BY `time` DESC [ RunTime:0.000791s ]
[2023-07-10T08:39:42+08:00][sql] SHOW FULL COLUMNS FROM `address` [ RunTime:0.000936s ]
[2023-07-10T08:39:42+08:00][sql] SELECT * FROM `address` WHERE  `id` = 1 LIMIT 1 [ RunTime:0.000258s ]
[2023-07-10T08:39:42+08:00][sql] SELECT * FROM `address` WHERE  `id` = 2 LIMIT 1 [ RunTime:0.000210s ]
[2023-07-10T15:57:24+08:00][sql] CONNECT:[ UseTime:0.000447s ] mysql:host=localhost;port=3316;dbname=coffee;charset=utf8
[2023-07-10T15:57:24+08:00][sql] SHOW FULL COLUMNS FROM `information` [ RunTime:0.001532s ]
[2023-07-10T15:57:24+08:00][sql] SELECT * FROM `information` WHERE  `id` = 21 LIMIT 1 [ RunTime:0.000365s ]
[2023-07-10T15:57:24+08:00][sql] SHOW FULL COLUMNS FROM `address` [ RunTime:0.001067s ]
[2023-07-10T15:57:24+08:00][sql] SELECT * FROM `address` WHERE  `id` = 1 LIMIT 1 [ RunTime:0.000256s ]
[2023-07-10T15:57:24+08:00][sql] SELECT * FROM `address` WHERE  `id` = 2 LIMIT 1 [ RunTime:0.000234s ]
[2023-07-10T22:05:27+08:00][sql] CONNECT:[ UseTime:0.000421s ] mysql:host=localhost;port=3316;dbname=coffee;charset=utf8
[2023-07-10T22:05:27+08:00][sql] SHOW FULL COLUMNS FROM `information` [ RunTime:0.001500s ]
[2023-07-10T22:05:27+08:00][sql] SELECT * FROM `information` WHERE  `id` = 21 LIMIT 1 [ RunTime:0.000426s ]
[2023-07-10T22:05:27+08:00][sql] SHOW FULL COLUMNS FROM `address` [ RunTime:0.001143s ]
[2023-07-10T22:05:27+08:00][sql] SELECT * FROM `address` WHERE  `id` = 1 LIMIT 1 [ RunTime:0.000529s ]
[2023-07-10T22:05:27+08:00][sql] SELECT * FROM `address` WHERE  `id` = 2 LIMIT 1 [ RunTime:0.000290s ]
