[2023-07-15T00:00:46+08:00][sql] CONNECT:[ UseTime:0.000533s ] mysql:host=localhost;port=3316;dbname=coffee;charset=utf8
[2023-07-15T00:00:46+08:00][sql] SHOW FULL COLUMNS FROM `information` [ RunTime:0.001498s ]
[2023-07-15T00:00:46+08:00][sql] SELECT * FROM `information` WHERE  `id` = 21 LIMIT 1 [ RunTime:0.000332s ]
[2023-07-15T00:00:46+08:00][sql] SHOW FULL COLUMNS FROM `address` [ RunTime:0.001094s ]
[2023-07-15T00:00:46+08:00][sql] SELECT * FROM `address` WHERE  `id` = 1 LIMIT 1 [ RunTime:0.000430s ]
[2023-07-15T00:00:46+08:00][sql] SELECT * FROM `address` WHERE  `id` = 2 LIMIT 1 [ RunTime:0.000298s ]
[2023-07-15T02:16:55+08:00][sql] CONNECT:[ UseTime:0.000505s ] mysql:host=localhost;port=3316;dbname=coffee;charset=utf8
[2023-07-15T02:16:55+08:00][sql] SHOW FULL COLUMNS FROM `information` [ RunTime:0.003889s ]
[2023-07-15T02:16:55+08:00][sql] SELECT * FROM `information` WHERE  `id` = 15 LIMIT 1 [ RunTime:0.000287s ]
[2023-07-15T02:16:55+08:00][sql] SHOW FULL COLUMNS FROM `address` [ RunTime:0.000948s ]
[2023-07-15T02:16:55+08:00][sql] SELECT * FROM `address` WHERE  `id` = 1 LIMIT 1 [ RunTime:0.000745s ]
[2023-07-15T02:16:55+08:00][sql] SELECT * FROM `address` WHERE  `id` = 2 LIMIT 1 [ RunTime:0.000217s ]
[2023-07-15T02:24:57+08:00][sql] CONNECT:[ UseTime:0.000412s ] mysql:host=localhost;port=3316;dbname=coffee;charset=utf8
[2023-07-15T02:24:57+08:00][sql] SHOW FULL COLUMNS FROM `information` [ RunTime:0.001477s ]
[2023-07-15T02:24:57+08:00][sql] SELECT * FROM `information` WHERE  `id` = 15 LIMIT 1 [ RunTime:0.000310s ]
[2023-07-15T02:24:57+08:00][sql] SHOW FULL COLUMNS FROM `address` [ RunTime:0.001001s ]
[2023-07-15T02:24:57+08:00][sql] SELECT * FROM `address` WHERE  `id` = 1 LIMIT 1 [ RunTime:0.000291s ]
[2023-07-15T02:24:57+08:00][sql] SELECT * FROM `address` WHERE  `id` = 2 LIMIT 1 [ RunTime:0.000210s ]
[2023-07-15T03:37:21+08:00][sql] CONNECT:[ UseTime:0.000485s ] mysql:host=localhost;port=3316;dbname=coffee;charset=utf8
[2023-07-15T03:37:21+08:00][sql] SHOW FULL COLUMNS FROM `information` [ RunTime:0.001827s ]
[2023-07-15T03:37:21+08:00][sql] SELECT * FROM `information` WHERE  `id` = 21 LIMIT 1 [ RunTime:0.000348s ]
[2023-07-15T03:37:21+08:00][sql] SHOW FULL COLUMNS FROM `address` [ RunTime:0.001081s ]
[2023-07-15T03:37:21+08:00][sql] SELECT * FROM `address` WHERE  `id` = 1 LIMIT 1 [ RunTime:0.000326s ]
[2023-07-15T03:37:21+08:00][sql] SELECT * FROM `address` WHERE  `id` = 2 LIMIT 1 [ RunTime:0.000261s ]
[2023-07-15T03:46:17+08:00][sql] CONNECT:[ UseTime:0.000488s ] mysql:host=localhost;port=3316;dbname=coffee;charset=utf8
[2023-07-15T03:46:17+08:00][sql] SHOW FULL COLUMNS FROM `information` [ RunTime:0.001472s ]
[2023-07-15T03:46:17+08:00][sql] SELECT * FROM `information` WHERE  `id` = 21 LIMIT 1 [ RunTime:0.000309s ]
[2023-07-15T03:46:17+08:00][sql] SHOW FULL COLUMNS FROM `address` [ RunTime:0.001005s ]
[2023-07-15T03:46:17+08:00][sql] SELECT * FROM `address` WHERE  `id` = 1 LIMIT 1 [ RunTime:0.000263s ]
[2023-07-15T03:46:17+08:00][sql] SELECT * FROM `address` WHERE  `id` = 2 LIMIT 1 [ RunTime:0.000226s ]
[2023-07-15T09:09:48+08:00][sql] CONNECT:[ UseTime:0.000525s ] mysql:host=localhost;port=3316;dbname=coffee;charset=utf8
[2023-07-15T09:09:48+08:00][sql] SHOW FULL COLUMNS FROM `information` [ RunTime:0.001672s ]
[2023-07-15T09:09:48+08:00][sql] SELECT * FROM `information` WHERE  `id` = 12 LIMIT 1 [ RunTime:0.000353s ]
[2023-07-15T09:09:48+08:00][sql] SHOW FULL COLUMNS FROM `address` [ RunTime:0.001061s ]
[2023-07-15T09:09:48+08:00][sql] SELECT * FROM `address` WHERE  `id` = 1 LIMIT 1 [ RunTime:0.000261s ]
[2023-07-15T09:09:48+08:00][sql] SELECT * FROM `address` WHERE  `id` = 2 LIMIT 1 [ RunTime:0.000211s ]
[2023-07-15T09:24:32+08:00][sql] CONNECT:[ UseTime:0.000429s ] mysql:host=localhost;port=3316;dbname=coffee;charset=utf8
[2023-07-15T09:24:32+08:00][sql] SHOW FULL COLUMNS FROM `information` [ RunTime:0.001444s ]
[2023-07-15T09:24:32+08:00][sql] SELECT * FROM `information` WHERE  `id` = 12 LIMIT 1 [ RunTime:0.000394s ]
[2023-07-15T09:24:32+08:00][sql] SHOW FULL COLUMNS FROM `address` [ RunTime:0.000989s ]
[2023-07-15T09:24:32+08:00][sql] SELECT * FROM `address` WHERE  `id` = 1 LIMIT 1 [ RunTime:0.000303s ]
[2023-07-15T09:24:32+08:00][sql] SELECT * FROM `address` WHERE  `id` = 2 LIMIT 1 [ RunTime:0.000231s ]
[2023-07-15T10:38:49+08:00][sql] CONNECT:[ UseTime:0.000540s ] mysql:host=localhost;port=3316;dbname=coffee;charset=utf8
[2023-07-15T10:38:49+08:00][sql] SHOW FULL COLUMNS FROM `information` [ RunTime:0.002109s ]
[2023-07-15T10:38:49+08:00][sql] SELECT * FROM `information` WHERE  `id` = 1 LIMIT 1 [ RunTime:0.000444s ]
[2023-07-15T10:38:49+08:00][sql] SHOW FULL COLUMNS FROM `address` [ RunTime:0.001333s ]
[2023-07-15T10:38:49+08:00][sql] SELECT * FROM `address` WHERE  `id` = 1 LIMIT 1 [ RunTime:0.000269s ]
[2023-07-15T10:38:49+08:00][sql] SELECT * FROM `address` WHERE  `id` = 2 LIMIT 1 [ RunTime:0.000276s ]
[2023-07-15T10:45:18+08:00][sql] CONNECT:[ UseTime:0.000452s ] mysql:host=localhost;port=3316;dbname=coffee;charset=utf8
[2023-07-15T10:45:18+08:00][sql] SHOW FULL COLUMNS FROM `information` [ RunTime:0.001455s ]
[2023-07-15T10:45:18+08:00][sql] SELECT * FROM `information` WHERE  `id` = 1 LIMIT 1 [ RunTime:0.000303s ]
[2023-07-15T10:45:18+08:00][sql] SHOW FULL COLUMNS FROM `address` [ RunTime:0.001005s ]
[2023-07-15T10:45:18+08:00][sql] SELECT * FROM `address` WHERE  `id` = 1 LIMIT 1 [ RunTime:0.000250s ]
[2023-07-15T10:45:18+08:00][sql] SELECT * FROM `address` WHERE  `id` = 2 LIMIT 1 [ RunTime:0.000198s ]
[2023-07-15T11:40:29+08:00][sql] CONNECT:[ UseTime:0.000454s ] mysql:host=localhost;port=3316;dbname=coffee;charset=utf8
[2023-07-15T11:40:29+08:00][sql] SHOW FULL COLUMNS FROM `information` [ RunTime:0.001461s ]
[2023-07-15T11:40:29+08:00][sql] SELECT * FROM `information` WHERE  `id` = 15 LIMIT 1 [ RunTime:0.000305s ]
[2023-07-15T11:40:29+08:00][sql] SHOW FULL COLUMNS FROM `address` [ RunTime:0.000949s ]
[2023-07-15T11:40:29+08:00][sql] SELECT * FROM `address` WHERE  `id` = 1 LIMIT 1 [ RunTime:0.000247s ]
[2023-07-15T11:40:29+08:00][sql] SELECT * FROM `address` WHERE  `id` = 2 LIMIT 1 [ RunTime:0.000205s ]
[2023-07-15T13:30:11+08:00][sql] CONNECT:[ UseTime:0.000487s ] mysql:host=localhost;port=3316;dbname=coffee;charset=utf8
[2023-07-15T13:30:11+08:00][sql] SHOW FULL COLUMNS FROM `information` [ RunTime:0.001544s ]
[2023-07-15T13:30:11+08:00][sql] SELECT * FROM `information` WHERE  `id` = 1 LIMIT 1 [ RunTime:0.000304s ]
[2023-07-15T13:30:11+08:00][sql] SHOW FULL COLUMNS FROM `address` [ RunTime:0.000963s ]
[2023-07-15T13:30:11+08:00][sql] SELECT * FROM `address` WHERE  `id` = 1 LIMIT 1 [ RunTime:0.000290s ]
[2023-07-15T13:30:11+08:00][sql] SELECT * FROM `address` WHERE  `id` = 2 LIMIT 1 [ RunTime:0.000231s ]
[2023-07-15T13:40:27+08:00][sql] CONNECT:[ UseTime:0.000424s ] mysql:host=localhost;port=3316;dbname=coffee;charset=utf8
[2023-07-15T13:40:27+08:00][sql] SHOW FULL COLUMNS FROM `information` [ RunTime:0.001486s ]
[2023-07-15T13:40:27+08:00][sql] SELECT * FROM `information` WHERE  `id` = 1 LIMIT 1 [ RunTime:0.000293s ]
[2023-07-15T13:40:27+08:00][sql] SHOW FULL COLUMNS FROM `address` [ RunTime:0.001015s ]
[2023-07-15T13:40:27+08:00][sql] SELECT * FROM `address` WHERE  `id` = 1 LIMIT 1 [ RunTime:0.000241s ]
[2023-07-15T13:40:27+08:00][sql] SELECT * FROM `address` WHERE  `id` = 2 LIMIT 1 [ RunTime:0.000212s ]
[2023-07-15T20:06:37+08:00][sql] CONNECT:[ UseTime:0.000500s ] mysql:host=localhost;port=3316;dbname=coffee;charset=utf8
[2023-07-15T20:06:37+08:00][sql] SHOW FULL COLUMNS FROM `information` [ RunTime:0.001514s ]
[2023-07-15T20:06:37+08:00][sql] SELECT * FROM `information` WHERE  `id` = 17 LIMIT 1 [ RunTime:0.000317s ]
[2023-07-15T20:06:37+08:00][sql] SHOW FULL COLUMNS FROM `address` [ RunTime:0.000965s ]
[2023-07-15T20:06:37+08:00][sql] SELECT * FROM `address` WHERE  `id` = 1 LIMIT 1 [ RunTime:0.000262s ]
[2023-07-15T20:06:37+08:00][sql] SELECT * FROM `address` WHERE  `id` = 2 LIMIT 1 [ RunTime:0.000240s ]
[2023-07-15T20:09:27+08:00][sql] CONNECT:[ UseTime:0.000503s ] mysql:host=localhost;port=3316;dbname=coffee;charset=utf8
[2023-07-15T20:09:27+08:00][sql] SHOW FULL COLUMNS FROM `information` [ RunTime:0.001611s ]
[2023-07-15T20:09:27+08:00][sql] SELECT * FROM `information` WHERE  `id` = 17 LIMIT 1 [ RunTime:0.000428s ]
[2023-07-15T20:09:27+08:00][sql] SHOW FULL COLUMNS FROM `address` [ RunTime:0.001190s ]
[2023-07-15T20:09:27+08:00][sql] SELECT * FROM `address` WHERE  `id` = 1 LIMIT 1 [ RunTime:0.000259s ]
[2023-07-15T20:09:27+08:00][sql] SELECT * FROM `address` WHERE  `id` = 2 LIMIT 1 [ RunTime:0.000291s ]
[2023-07-15T22:42:04+08:00][sql] CONNECT:[ UseTime:0.000443s ] mysql:host=localhost;port=3316;dbname=coffee;charset=utf8
[2023-07-15T22:42:04+08:00][sql] SHOW FULL COLUMNS FROM `information` [ RunTime:0.001734s ]
[2023-07-15T22:42:04+08:00][sql] SELECT * FROM `information` WHERE  `id` = 20 LIMIT 1 [ RunTime:0.000338s ]
[2023-07-15T22:42:04+08:00][sql] SHOW FULL COLUMNS FROM `address` [ RunTime:0.001192s ]
[2023-07-15T22:42:04+08:00][sql] SELECT * FROM `address` WHERE  `id` = 1 LIMIT 1 [ RunTime:0.000288s ]
[2023-07-15T22:42:04+08:00][sql] SELECT * FROM `address` WHERE  `id` = 2 LIMIT 1 [ RunTime:0.000270s ]
[2023-07-15T22:54:24+08:00][sql] CONNECT:[ UseTime:0.000473s ] mysql:host=localhost;port=3316;dbname=coffee;charset=utf8
[2023-07-15T22:54:24+08:00][sql] SHOW FULL COLUMNS FROM `information` [ RunTime:0.001516s ]
[2023-07-15T22:54:24+08:00][sql] SELECT * FROM `information` WHERE  `id` = 20 LIMIT 1 [ RunTime:0.000385s ]
[2023-07-15T22:54:24+08:00][sql] SHOW FULL COLUMNS FROM `address` [ RunTime:0.001069s ]
[2023-07-15T22:54:24+08:00][sql] SELECT * FROM `address` WHERE  `id` = 1 LIMIT 1 [ RunTime:0.000270s ]
[2023-07-15T22:54:24+08:00][sql] SELECT * FROM `address` WHERE  `id` = 2 LIMIT 1 [ RunTime:0.000262s ]
[2023-07-15T23:05:40+08:00][sql] CONNECT:[ UseTime:0.000541s ] mysql:host=localhost;port=3316;dbname=coffee;charset=utf8
[2023-07-15T23:05:40+08:00][sql] SHOW FULL COLUMNS FROM `information` [ RunTime:0.001954s ]
[2023-07-15T23:05:40+08:00][sql] SELECT * FROM `information` WHERE  `id` = 4 LIMIT 1 [ RunTime:0.000419s ]
[2023-07-15T23:05:40+08:00][sql] SHOW FULL COLUMNS FROM `address` [ RunTime:0.001334s ]
[2023-07-15T23:05:40+08:00][sql] SELECT * FROM `address` WHERE  `id` = 1 LIMIT 1 [ RunTime:0.000358s ]
[2023-07-15T23:05:40+08:00][sql] SELECT * FROM `address` WHERE  `id` = 2 LIMIT 1 [ RunTime:0.000288s ]
[2023-07-15T23:10:00+08:00][sql] CONNECT:[ UseTime:0.000401s ] mysql:host=localhost;port=3316;dbname=coffee;charset=utf8
[2023-07-15T23:10:00+08:00][sql] SHOW FULL COLUMNS FROM `information` [ RunTime:0.001331s ]
[2023-07-15T23:10:00+08:00][sql] SELECT * FROM `information` WHERE  `id` = 4 LIMIT 1 [ RunTime:0.000284s ]
[2023-07-15T23:10:00+08:00][sql] SHOW FULL COLUMNS FROM `address` [ RunTime:0.000912s ]
[2023-07-15T23:10:00+08:00][sql] SELECT * FROM `address` WHERE  `id` = 1 LIMIT 1 [ RunTime:0.000237s ]
[2023-07-15T23:10:00+08:00][sql] SELECT * FROM `address` WHERE  `id` = 2 LIMIT 1 [ RunTime:0.000220s ]
[2023-07-15T23:50:40+08:00][sql] CONNECT:[ UseTime:0.000450s ] mysql:host=localhost;port=3316;dbname=coffee;charset=utf8
[2023-07-15T23:50:40+08:00][sql] SHOW FULL COLUMNS FROM `information` [ RunTime:0.001413s ]
[2023-07-15T23:50:40+08:00][sql] SELECT * FROM `information` WHERE  `id` = 4 LIMIT 1 [ RunTime:0.000322s ]
[2023-07-15T23:50:40+08:00][sql] SHOW FULL COLUMNS FROM `address` [ RunTime:0.000935s ]
[2023-07-15T23:50:40+08:00][sql] SELECT * FROM `address` WHERE  `id` = 1 LIMIT 1 [ RunTime:0.000267s ]
[2023-07-15T23:50:40+08:00][sql] SELECT * FROM `address` WHERE  `id` = 2 LIMIT 1 [ RunTime:0.000242s ]
