[2023-07-18T00:10:41+08:00][sql] CONNECT:[ UseTime:0.020988s ] mysql:host=localhost;port=3316;dbname=coffee;charset=utf8
[2023-07-18T00:10:41+08:00][sql] SHOW FULL COLUMNS FROM `information` [ RunTime:0.003790s ]
[2023-07-18T00:10:41+08:00][sql] SELECT * FROM `information` ORDER BY `time` DESC LIMIT 1 [ RunTime:0.002260s ]
[2023-07-18T00:10:41+08:00][sql] SHOW FULL COLUMNS FROM `topic` [ RunTime:0.001679s ]
[2023-07-18T00:10:41+08:00][sql] SELECT * FROM `topic` [ RunTime:0.000378s ]
[2023-07-18T00:10:41+08:00][sql] SELECT * FROM `information` ORDER BY `time` DESC [ RunTime:0.005830s ]
[2023-07-18T00:10:41+08:00][sql] SHOW FULL COLUMNS FROM `address` [ RunTime:0.002442s ]
[2023-07-18T00:10:41+08:00][sql] SELECT * FROM `address` WHERE  `id` = 1 LIMIT 1 [ RunTime:0.000264s ]
[2023-07-18T00:10:41+08:00][sql] SELECT * FROM `address` WHERE  `id` = 2 LIMIT 1 [ RunTime:0.000217s ]
[2023-07-18T00:10:41+08:00][sql] CONNECT:[ UseTime:0.002643s ] mysql:host=localhost;port=3316;dbname=coffee;charset=utf8
[2023-07-18T00:10:41+08:00][sql] SHOW FULL COLUMNS FROM `information` [ RunTime:0.001532s ]
[2023-07-18T00:10:41+08:00][sql] SELECT * FROM `information` WHERE  `id` = 20 LIMIT 1 [ RunTime:0.000423s ]
[2023-07-18T00:10:41+08:00][sql] SHOW FULL COLUMNS FROM `address` [ RunTime:0.001355s ]
[2023-07-18T00:10:41+08:00][sql] SELECT * FROM `address` WHERE  `id` = 1 LIMIT 1 [ RunTime:0.000609s ]
[2023-07-18T00:10:41+08:00][sql] SELECT * FROM `address` WHERE  `id` = 2 LIMIT 1 [ RunTime:0.000304s ]
[2023-07-18T00:10:41+08:00][sql] CONNECT:[ UseTime:0.007933s ] mysql:host=localhost;port=3316;dbname=coffee;charset=utf8
[2023-07-18T00:10:41+08:00][sql] SHOW FULL COLUMNS FROM `information` [ RunTime:0.003804s ]
[2023-07-18T00:10:41+08:00][sql] SELECT * FROM `information` WHERE  `id` = 21 LIMIT 1 [ RunTime:0.000325s ]
[2023-07-18T00:10:41+08:00][sql] SHOW FULL COLUMNS FROM `address` [ RunTime:0.001080s ]
[2023-07-18T00:10:41+08:00][sql] SELECT * FROM `address` WHERE  `id` = 1 LIMIT 1 [ RunTime:0.000428s ]
[2023-07-18T00:10:41+08:00][sql] SELECT * FROM `address` WHERE  `id` = 2 LIMIT 1 [ RunTime:0.001316s ]
[2023-07-18T00:10:41+08:00][sql] CONNECT:[ UseTime:0.011361s ] mysql:host=localhost;port=3316;dbname=coffee;charset=utf8
[2023-07-18T00:10:41+08:00][sql] SHOW FULL COLUMNS FROM `information` [ RunTime:0.002168s ]
[2023-07-18T00:10:41+08:00][sql] SELECT * FROM `information` WHERE  `id` = 17 LIMIT 1 [ RunTime:0.000816s ]
[2023-07-18T00:10:41+08:00][sql] SHOW FULL COLUMNS FROM `address` [ RunTime:0.001183s ]
[2023-07-18T00:10:41+08:00][sql] SELECT * FROM `address` WHERE  `id` = 1 LIMIT 1 [ RunTime:0.006340s ]
[2023-07-18T00:10:41+08:00][sql] SELECT * FROM `address` WHERE  `id` = 2 LIMIT 1 [ RunTime:0.000840s ]
[2023-07-18T00:10:41+08:00][sql] CONNECT:[ UseTime:0.002651s ] mysql:host=localhost;port=3316;dbname=coffee;charset=utf8
[2023-07-18T00:10:41+08:00][sql] SHOW FULL COLUMNS FROM `information` [ RunTime:0.001993s ]
[2023-07-18T00:10:41+08:00][sql] SELECT * FROM `information` WHERE  `id` = 18 LIMIT 1 [ RunTime:0.006814s ]
[2023-07-18T00:10:41+08:00][sql] SHOW FULL COLUMNS FROM `address` [ RunTime:0.008205s ]
[2023-07-18T00:10:41+08:00][sql] SELECT * FROM `address` WHERE  `id` = 1 LIMIT 1 [ RunTime:0.000923s ]
[2023-07-18T00:10:41+08:00][sql] SELECT * FROM `address` WHERE  `id` = 2 LIMIT 1 [ RunTime:0.000212s ]
[2023-07-18T00:10:41+08:00][sql] CONNECT:[ UseTime:0.000871s ] mysql:host=localhost;port=3316;dbname=coffee;charset=utf8
[2023-07-18T00:10:41+08:00][sql] SHOW FULL COLUMNS FROM `information` [ RunTime:0.001092s ]
[2023-07-18T00:10:41+08:00][sql] SELECT * FROM `information` WHERE  `id` = 19 LIMIT 1 [ RunTime:0.000266s ]
[2023-07-18T00:10:41+08:00][sql] SHOW FULL COLUMNS FROM `address` [ RunTime:0.001004s ]
[2023-07-18T00:10:41+08:00][sql] SELECT * FROM `address` WHERE  `id` = 1 LIMIT 1 [ RunTime:0.000266s ]
[2023-07-18T00:10:41+08:00][sql] SELECT * FROM `address` WHERE  `id` = 2 LIMIT 1 [ RunTime:0.000228s ]
[2023-07-18T00:20:10+08:00][sql] CONNECT:[ UseTime:0.000445s ] mysql:host=localhost;port=3316;dbname=coffee;charset=utf8
[2023-07-18T00:20:10+08:00][sql] SHOW FULL COLUMNS FROM `information` [ RunTime:0.001527s ]
[2023-07-18T00:20:10+08:00][sql] SELECT * FROM `information` WHERE  `id` = 16 LIMIT 1 [ RunTime:0.000349s ]
[2023-07-18T00:20:10+08:00][sql] SHOW FULL COLUMNS FROM `address` [ RunTime:0.001117s ]
[2023-07-18T00:20:10+08:00][sql] SELECT * FROM `address` WHERE  `id` = 1 LIMIT 1 [ RunTime:0.000278s ]
[2023-07-18T00:20:10+08:00][sql] SELECT * FROM `address` WHERE  `id` = 2 LIMIT 1 [ RunTime:0.000237s ]
[2023-07-18T00:20:25+08:00][sql] CONNECT:[ UseTime:0.000444s ] mysql:host=localhost;port=3316;dbname=coffee;charset=utf8
[2023-07-18T00:20:25+08:00][sql] SHOW FULL COLUMNS FROM `information` [ RunTime:0.001494s ]
[2023-07-18T00:20:25+08:00][sql] SELECT * FROM `information` WHERE  `id` = 19 LIMIT 1 [ RunTime:0.000285s ]
[2023-07-18T00:20:25+08:00][sql] SHOW FULL COLUMNS FROM `address` [ RunTime:0.000916s ]
[2023-07-18T00:20:25+08:00][sql] SELECT * FROM `address` WHERE  `id` = 1 LIMIT 1 [ RunTime:0.000237s ]
[2023-07-18T00:20:25+08:00][sql] SELECT * FROM `address` WHERE  `id` = 2 LIMIT 1 [ RunTime:0.000199s ]
[2023-07-18T00:20:53+08:00][sql] CONNECT:[ UseTime:0.000582s ] mysql:host=localhost;port=3316;dbname=coffee;charset=utf8
[2023-07-18T00:20:53+08:00][sql] SHOW FULL COLUMNS FROM `information` [ RunTime:0.001651s ]
[2023-07-18T00:20:53+08:00][sql] SELECT * FROM `information` ORDER BY `time` DESC LIMIT 1 [ RunTime:0.000352s ]
[2023-07-18T00:20:53+08:00][sql] SHOW FULL COLUMNS FROM `topic` [ RunTime:0.001028s ]
[2023-07-18T00:20:53+08:00][sql] SELECT * FROM `topic` [ RunTime:0.000213s ]
[2023-07-18T00:20:53+08:00][sql] SELECT * FROM `information` ORDER BY `time` DESC [ RunTime:0.000745s ]
[2023-07-18T00:20:53+08:00][sql] SHOW FULL COLUMNS FROM `address` [ RunTime:0.001036s ]
[2023-07-18T00:20:53+08:00][sql] SELECT * FROM `address` WHERE  `id` = 1 LIMIT 1 [ RunTime:0.000267s ]
[2023-07-18T00:20:53+08:00][sql] SELECT * FROM `address` WHERE  `id` = 2 LIMIT 1 [ RunTime:0.000214s ]
[2023-07-18T00:30:31+08:00][sql] CONNECT:[ UseTime:0.000439s ] mysql:host=localhost;port=3316;dbname=coffee;charset=utf8
[2023-07-18T00:30:31+08:00][sql] SHOW FULL COLUMNS FROM `information` [ RunTime:0.001490s ]
[2023-07-18T00:30:31+08:00][sql] SELECT * FROM `information` WHERE  `id` = 17 LIMIT 1 [ RunTime:0.000323s ]
[2023-07-18T00:30:31+08:00][sql] SHOW FULL COLUMNS FROM `address` [ RunTime:0.000916s ]
[2023-07-18T00:30:31+08:00][sql] SELECT * FROM `address` WHERE  `id` = 1 LIMIT 1 [ RunTime:0.000240s ]
[2023-07-18T00:30:31+08:00][sql] SELECT * FROM `address` WHERE  `id` = 2 LIMIT 1 [ RunTime:0.000206s ]
[2023-07-18T00:30:33+08:00][sql] CONNECT:[ UseTime:0.000423s ] mysql:host=localhost;port=3316;dbname=coffee;charset=utf8
[2023-07-18T00:30:33+08:00][sql] SHOW FULL COLUMNS FROM `information` [ RunTime:0.001537s ]
[2023-07-18T00:30:33+08:00][sql] SELECT * FROM `information` WHERE  `id` = 16 LIMIT 1 [ RunTime:0.000303s ]
[2023-07-18T00:30:33+08:00][sql] SHOW FULL COLUMNS FROM `address` [ RunTime:0.001003s ]
[2023-07-18T00:30:33+08:00][sql] SELECT * FROM `address` WHERE  `id` = 1 LIMIT 1 [ RunTime:0.000244s ]
[2023-07-18T00:30:33+08:00][sql] SELECT * FROM `address` WHERE  `id` = 2 LIMIT 1 [ RunTime:0.000227s ]
[2023-07-18T00:31:30+08:00][sql] CONNECT:[ UseTime:0.000423s ] mysql:host=localhost;port=3316;dbname=coffee;charset=utf8
[2023-07-18T00:31:30+08:00][sql] SHOW FULL COLUMNS FROM `information` [ RunTime:0.001367s ]
[2023-07-18T00:31:30+08:00][sql] SELECT * FROM `information` WHERE  `id` = 21 LIMIT 1 [ RunTime:0.000322s ]
[2023-07-18T00:31:30+08:00][sql] SHOW FULL COLUMNS FROM `address` [ RunTime:0.000945s ]
[2023-07-18T00:31:30+08:00][sql] SELECT * FROM `address` WHERE  `id` = 1 LIMIT 1 [ RunTime:0.000238s ]
[2023-07-18T00:31:30+08:00][sql] SELECT * FROM `address` WHERE  `id` = 2 LIMIT 1 [ RunTime:0.000203s ]
[2023-07-18T01:55:58+08:00][sql] CONNECT:[ UseTime:0.000514s ] mysql:host=localhost;port=3316;dbname=coffee;charset=utf8
[2023-07-18T01:55:58+08:00][sql] SHOW FULL COLUMNS FROM `information` [ RunTime:0.001610s ]
[2023-07-18T01:55:58+08:00][sql] SELECT * FROM `information` ORDER BY `time` DESC LIMIT 1 [ RunTime:0.000404s ]
[2023-07-18T01:55:58+08:00][sql] SHOW FULL COLUMNS FROM `topic` [ RunTime:0.000981s ]
[2023-07-18T01:55:58+08:00][sql] SELECT * FROM `topic` [ RunTime:0.000211s ]
[2023-07-18T01:55:58+08:00][sql] SELECT * FROM `information` ORDER BY `time` DESC [ RunTime:0.000745s ]
[2023-07-18T01:55:58+08:00][sql] SHOW FULL COLUMNS FROM `address` [ RunTime:0.000933s ]
[2023-07-18T01:55:58+08:00][sql] SELECT * FROM `address` WHERE  `id` = 1 LIMIT 1 [ RunTime:0.000239s ]
[2023-07-18T01:55:58+08:00][sql] SELECT * FROM `address` WHERE  `id` = 2 LIMIT 1 [ RunTime:0.000229s ]
[2023-07-18T01:58:27+08:00][sql] CONNECT:[ UseTime:0.000504s ] mysql:host=localhost;port=3316;dbname=coffee;charset=utf8
[2023-07-18T01:58:27+08:00][sql] SHOW FULL COLUMNS FROM `information` [ RunTime:0.001956s ]
[2023-07-18T01:58:27+08:00][sql] SELECT * FROM `information` WHERE  `id` = 12 LIMIT 1 [ RunTime:0.000358s ]
[2023-07-18T01:58:27+08:00][sql] SHOW FULL COLUMNS FROM `address` [ RunTime:0.001123s ]
[2023-07-18T01:58:27+08:00][sql] SELECT * FROM `address` WHERE  `id` = 1 LIMIT 1 [ RunTime:0.000341s ]
[2023-07-18T01:58:27+08:00][sql] SELECT * FROM `address` WHERE  `id` = 2 LIMIT 1 [ RunTime:0.000278s ]
[2023-07-18T01:58:27+08:00][sql] CONNECT:[ UseTime:0.000444s ] mysql:host=localhost;port=3316;dbname=coffee;charset=utf8
[2023-07-18T01:58:27+08:00][sql] SHOW FULL COLUMNS FROM `information` [ RunTime:0.001464s ]
[2023-07-18T01:58:27+08:00][sql] SELECT * FROM `information` WHERE  `id` = 12 LIMIT 1 [ RunTime:0.000280s ]
[2023-07-18T01:58:27+08:00][sql] SHOW FULL COLUMNS FROM `address` [ RunTime:0.000957s ]
[2023-07-18T01:58:27+08:00][sql] SELECT * FROM `address` WHERE  `id` = 1 LIMIT 1 [ RunTime:0.000255s ]
[2023-07-18T01:58:27+08:00][sql] SELECT * FROM `address` WHERE  `id` = 2 LIMIT 1 [ RunTime:0.000216s ]
[2023-07-18T01:59:48+08:00][sql] CONNECT:[ UseTime:0.000449s ] mysql:host=localhost;port=3316;dbname=coffee;charset=utf8
[2023-07-18T01:59:48+08:00][sql] SHOW FULL COLUMNS FROM `information` [ RunTime:0.001521s ]
[2023-07-18T01:59:48+08:00][sql] SELECT * FROM `information` ORDER BY `time` DESC LIMIT 1 [ RunTime:0.000335s ]
[2023-07-18T01:59:48+08:00][sql] SHOW FULL COLUMNS FROM `topic` [ RunTime:0.000865s ]
[2023-07-18T01:59:48+08:00][sql] SELECT * FROM `topic` [ RunTime:0.000194s ]
[2023-07-18T01:59:48+08:00][sql] SELECT * FROM `information` WHERE  `topic_id` = 2 [ RunTime:0.000384s ]
[2023-07-18T01:59:48+08:00][sql] SHOW FULL COLUMNS FROM `address` [ RunTime:0.001328s ]
[2023-07-18T01:59:48+08:00][sql] SELECT * FROM `address` WHERE  `id` = 1 LIMIT 1 [ RunTime:0.000325s ]
[2023-07-18T01:59:48+08:00][sql] SELECT * FROM `address` WHERE  `id` = 2 LIMIT 1 [ RunTime:0.000217s ]
[2023-07-18T02:20:05+08:00][sql] CONNECT:[ UseTime:0.000442s ] mysql:host=localhost;port=3316;dbname=coffee;charset=utf8
[2023-07-18T02:20:05+08:00][sql] SHOW FULL COLUMNS FROM `information` [ RunTime:0.001408s ]
[2023-07-18T02:20:05+08:00][sql] SELECT * FROM `information` ORDER BY `time` DESC LIMIT 1 [ RunTime:0.000354s ]
[2023-07-18T02:20:05+08:00][sql] SHOW FULL COLUMNS FROM `topic` [ RunTime:0.001040s ]
[2023-07-18T02:20:05+08:00][sql] SELECT * FROM `topic` [ RunTime:0.000223s ]
[2023-07-18T02:20:05+08:00][sql] SELECT * FROM `information` WHERE  `topic_id` = 2 [ RunTime:0.000378s ]
[2023-07-18T02:20:05+08:00][sql] SHOW FULL COLUMNS FROM `address` [ RunTime:0.000945s ]
[2023-07-18T02:20:05+08:00][sql] SELECT * FROM `address` WHERE  `id` = 1 LIMIT 1 [ RunTime:0.000247s ]
[2023-07-18T02:20:05+08:00][sql] SELECT * FROM `address` WHERE  `id` = 2 LIMIT 1 [ RunTime:0.000219s ]
[2023-07-18T03:18:59+08:00][sql] CONNECT:[ UseTime:0.000541s ] mysql:host=localhost;port=3316;dbname=coffee;charset=utf8
[2023-07-18T03:18:59+08:00][sql] SHOW FULL COLUMNS FROM `information` [ RunTime:0.001516s ]
[2023-07-18T03:18:59+08:00][sql] SELECT * FROM `information` WHERE  `id` = 12 LIMIT 1 [ RunTime:0.000324s ]
[2023-07-18T03:18:59+08:00][sql] SHOW FULL COLUMNS FROM `address` [ RunTime:0.000955s ]
[2023-07-18T03:18:59+08:00][sql] SELECT * FROM `address` WHERE  `id` = 1 LIMIT 1 [ RunTime:0.000289s ]
[2023-07-18T03:18:59+08:00][sql] SELECT * FROM `address` WHERE  `id` = 2 LIMIT 1 [ RunTime:0.000254s ]
[2023-07-18T03:19:56+08:00][sql] CONNECT:[ UseTime:0.000383s ] mysql:host=localhost;port=3316;dbname=coffee;charset=utf8
[2023-07-18T03:19:56+08:00][sql] SHOW FULL COLUMNS FROM `information` [ RunTime:0.001529s ]
[2023-07-18T03:19:56+08:00][sql] SELECT * FROM `information` ORDER BY `time` DESC LIMIT 1 [ RunTime:0.000370s ]
[2023-07-18T03:19:56+08:00][sql] SHOW FULL COLUMNS FROM `topic` [ RunTime:0.001008s ]
[2023-07-18T03:19:56+08:00][sql] SELECT * FROM `topic` [ RunTime:0.000206s ]
[2023-07-18T03:19:56+08:00][sql] SELECT * FROM `information` WHERE  `topic_id` = 3 [ RunTime:0.000720s ]
[2023-07-18T03:19:56+08:00][sql] SHOW FULL COLUMNS FROM `address` [ RunTime:0.001124s ]
[2023-07-18T03:19:56+08:00][sql] SELECT * FROM `address` WHERE  `id` = 1 LIMIT 1 [ RunTime:0.000289s ]
[2023-07-18T03:19:56+08:00][sql] SELECT * FROM `address` WHERE  `id` = 2 LIMIT 1 [ RunTime:0.000259s ]
[2023-07-18T03:29:27+08:00][sql] CONNECT:[ UseTime:0.000485s ] mysql:host=localhost;port=3316;dbname=coffee;charset=utf8
[2023-07-18T03:29:27+08:00][sql] SHOW FULL COLUMNS FROM `information` [ RunTime:0.001445s ]
[2023-07-18T03:29:27+08:00][sql] SELECT * FROM `information` ORDER BY `time` DESC LIMIT 1 [ RunTime:0.000335s ]
[2023-07-18T03:29:27+08:00][sql] SHOW FULL COLUMNS FROM `topic` [ RunTime:0.000848s ]
[2023-07-18T03:29:27+08:00][sql] SELECT * FROM `topic` [ RunTime:0.000458s ]
[2023-07-18T03:29:27+08:00][sql] SELECT * FROM `information` WHERE  `topic_id` = 3 [ RunTime:0.000625s ]
[2023-07-18T03:29:27+08:00][sql] SHOW FULL COLUMNS FROM `address` [ RunTime:0.001019s ]
[2023-07-18T03:29:27+08:00][sql] SELECT * FROM `address` WHERE  `id` = 1 LIMIT 1 [ RunTime:0.000272s ]
[2023-07-18T03:29:27+08:00][sql] SELECT * FROM `address` WHERE  `id` = 2 LIMIT 1 [ RunTime:0.000204s ]
[2023-07-18T05:58:02+08:00][sql] CONNECT:[ UseTime:0.000418s ] mysql:host=localhost;port=3316;dbname=coffee;charset=utf8
[2023-07-18T05:58:02+08:00][sql] SHOW FULL COLUMNS FROM `information` [ RunTime:0.001451s ]
[2023-07-18T05:58:02+08:00][sql] SELECT * FROM `information` ORDER BY `time` DESC LIMIT 1 [ RunTime:0.000323s ]
[2023-07-18T05:58:02+08:00][sql] SHOW FULL COLUMNS FROM `topic` [ RunTime:0.000916s ]
[2023-07-18T05:58:02+08:00][sql] SELECT * FROM `topic` [ RunTime:0.000232s ]
[2023-07-18T05:58:02+08:00][sql] SELECT * FROM `information` ORDER BY `time` DESC [ RunTime:0.000752s ]
[2023-07-18T05:58:02+08:00][sql] SHOW FULL COLUMNS FROM `address` [ RunTime:0.000988s ]
[2023-07-18T05:58:02+08:00][sql] SELECT * FROM `address` WHERE  `id` = 1 LIMIT 1 [ RunTime:0.000293s ]
[2023-07-18T05:58:02+08:00][sql] SELECT * FROM `address` WHERE  `id` = 2 LIMIT 1 [ RunTime:0.000236s ]
[2023-07-18T06:37:13+08:00][sql] CONNECT:[ UseTime:0.000376s ] mysql:host=localhost;port=3316;dbname=coffee;charset=utf8
[2023-07-18T06:37:13+08:00][sql] SHOW FULL COLUMNS FROM `information` [ RunTime:0.001470s ]
[2023-07-18T06:37:13+08:00][sql] SELECT * FROM `information` ORDER BY `time` DESC LIMIT 1 [ RunTime:0.000333s ]
[2023-07-18T06:37:13+08:00][sql] SHOW FULL COLUMNS FROM `topic` [ RunTime:0.000870s ]
[2023-07-18T06:37:13+08:00][sql] SELECT * FROM `topic` [ RunTime:0.000190s ]
[2023-07-18T06:37:13+08:00][sql] SELECT * FROM `information` WHERE  `topic_id` = 2 [ RunTime:0.000413s ]
[2023-07-18T06:37:13+08:00][sql] SHOW FULL COLUMNS FROM `address` [ RunTime:0.000957s ]
[2023-07-18T06:37:13+08:00][sql] SELECT * FROM `address` WHERE  `id` = 1 LIMIT 1 [ RunTime:0.000246s ]
[2023-07-18T06:37:13+08:00][sql] SELECT * FROM `address` WHERE  `id` = 2 LIMIT 1 [ RunTime:0.000216s ]
[2023-07-18T10:55:24+08:00][sql] CONNECT:[ UseTime:0.000465s ] mysql:host=localhost;port=3316;dbname=coffee;charset=utf8
[2023-07-18T10:55:24+08:00][sql] SHOW FULL COLUMNS FROM `information` [ RunTime:0.001389s ]
[2023-07-18T10:55:24+08:00][sql] SELECT * FROM `information` WHERE  `id` = 12 LIMIT 1 [ RunTime:0.000310s ]
[2023-07-18T10:55:24+08:00][sql] SHOW FULL COLUMNS FROM `address` [ RunTime:0.001012s ]
[2023-07-18T10:55:24+08:00][sql] SELECT * FROM `address` WHERE  `id` = 1 LIMIT 1 [ RunTime:0.000241s ]
[2023-07-18T10:55:24+08:00][sql] SELECT * FROM `address` WHERE  `id` = 2 LIMIT 1 [ RunTime:0.000231s ]
[2023-07-18T11:03:51+08:00][sql] CONNECT:[ UseTime:0.000497s ] mysql:host=localhost;port=3316;dbname=coffee;charset=utf8
[2023-07-18T11:03:51+08:00][sql] SHOW FULL COLUMNS FROM `information` [ RunTime:0.001930s ]
[2023-07-18T11:03:51+08:00][sql] SELECT * FROM `information` WHERE  `id` = 12 LIMIT 1 [ RunTime:0.000343s ]
[2023-07-18T11:03:51+08:00][sql] SHOW FULL COLUMNS FROM `address` [ RunTime:0.001241s ]
[2023-07-18T11:03:51+08:00][sql] SELECT * FROM `address` WHERE  `id` = 1 LIMIT 1 [ RunTime:0.000262s ]
[2023-07-18T11:03:51+08:00][sql] SELECT * FROM `address` WHERE  `id` = 2 LIMIT 1 [ RunTime:0.000217s ]
[2023-07-18T13:21:07+08:00][sql] CONNECT:[ UseTime:0.000438s ] mysql:host=localhost;port=3316;dbname=coffee;charset=utf8
[2023-07-18T13:21:07+08:00][sql] SHOW FULL COLUMNS FROM `information` [ RunTime:0.001955s ]
[2023-07-18T13:21:07+08:00][sql] SELECT * FROM `information` WHERE  `id` = 17 LIMIT 1 [ RunTime:0.000326s ]
[2023-07-18T13:21:07+08:00][sql] SHOW FULL COLUMNS FROM `address` [ RunTime:0.001040s ]
[2023-07-18T13:21:07+08:00][sql] SELECT * FROM `address` WHERE  `id` = 1 LIMIT 1 [ RunTime:0.000249s ]
[2023-07-18T13:21:07+08:00][sql] SELECT * FROM `address` WHERE  `id` = 2 LIMIT 1 [ RunTime:0.000198s ]
[2023-07-18T13:44:27+08:00][sql] CONNECT:[ UseTime:0.000419s ] mysql:host=localhost;port=3316;dbname=coffee;charset=utf8
[2023-07-18T13:44:27+08:00][sql] SHOW FULL COLUMNS FROM `information` [ RunTime:0.001545s ]
[2023-07-18T13:44:27+08:00][sql] SELECT * FROM `information` WHERE  `id` = 17 LIMIT 1 [ RunTime:0.000292s ]
[2023-07-18T13:44:27+08:00][sql] SHOW FULL COLUMNS FROM `address` [ RunTime:0.001005s ]
[2023-07-18T13:44:27+08:00][sql] SELECT * FROM `address` WHERE  `id` = 1 LIMIT 1 [ RunTime:0.000250s ]
[2023-07-18T13:44:27+08:00][sql] SELECT * FROM `address` WHERE  `id` = 2 LIMIT 1 [ RunTime:0.000213s ]
[2023-07-18T13:50:30+08:00][sql] CONNECT:[ UseTime:0.000646s ] mysql:host=localhost;port=3316;dbname=coffee;charset=utf8
[2023-07-18T13:50:30+08:00][sql] SHOW FULL COLUMNS FROM `information` [ RunTime:0.001985s ]
[2023-07-18T13:50:30+08:00][sql] SELECT * FROM `information` WHERE  `id` = 17 LIMIT 1 [ RunTime:0.000387s ]
[2023-07-18T13:50:30+08:00][sql] SHOW FULL COLUMNS FROM `address` [ RunTime:0.001014s ]
[2023-07-18T13:50:30+08:00][sql] SELECT * FROM `address` WHERE  `id` = 1 LIMIT 1 [ RunTime:0.000246s ]
[2023-07-18T13:50:30+08:00][sql] SELECT * FROM `address` WHERE  `id` = 2 LIMIT 1 [ RunTime:0.000225s ]
[2023-07-18T17:36:39+08:00][sql] CONNECT:[ UseTime:0.000429s ] mysql:host=localhost;port=3316;dbname=coffee;charset=utf8
[2023-07-18T17:36:39+08:00][sql] SHOW FULL COLUMNS FROM `information` [ RunTime:0.001656s ]
[2023-07-18T17:36:39+08:00][sql] SELECT * FROM `information` WHERE  `id` = 1 LIMIT 1 [ RunTime:0.000410s ]
[2023-07-18T17:36:39+08:00][sql] SHOW FULL COLUMNS FROM `address` [ RunTime:0.001323s ]
[2023-07-18T17:36:39+08:00][sql] SELECT * FROM `address` WHERE  `id` = 1 LIMIT 1 [ RunTime:0.000293s ]
[2023-07-18T17:36:39+08:00][sql] SELECT * FROM `address` WHERE  `id` = 2 LIMIT 1 [ RunTime:0.000660s ]
[2023-07-18T17:36:39+08:00][sql] CONNECT:[ UseTime:0.000464s ] mysql:host=localhost;port=3316;dbname=coffee;charset=utf8
[2023-07-18T17:36:39+08:00][sql] SHOW FULL COLUMNS FROM `information` [ RunTime:0.001923s ]
[2023-07-18T17:36:39+08:00][sql] SELECT * FROM `information` WHERE  `id` = 1 LIMIT 1 [ RunTime:0.000444s ]
[2023-07-18T17:36:39+08:00][sql] SHOW FULL COLUMNS FROM `address` [ RunTime:0.001238s ]
[2023-07-18T17:36:39+08:00][sql] SELECT * FROM `address` WHERE  `id` = 1 LIMIT 1 [ RunTime:0.000260s ]
[2023-07-18T17:36:39+08:00][sql] SELECT * FROM `address` WHERE  `id` = 2 LIMIT 1 [ RunTime:0.000212s ]
[2023-07-18T17:39:59+08:00][sql] CONNECT:[ UseTime:0.000594s ] mysql:host=localhost;port=3316;dbname=coffee;charset=utf8
[2023-07-18T17:39:59+08:00][sql] SHOW FULL COLUMNS FROM `information` [ RunTime:0.001549s ]
[2023-07-18T17:39:59+08:00][sql] SELECT * FROM `information` WHERE  `id` = 19 LIMIT 1 [ RunTime:0.000326s ]
[2023-07-18T17:39:59+08:00][sql] SHOW FULL COLUMNS FROM `address` [ RunTime:0.001020s ]
[2023-07-18T17:39:59+08:00][sql] SELECT * FROM `address` WHERE  `id` = 1 LIMIT 1 [ RunTime:0.000272s ]
[2023-07-18T17:39:59+08:00][sql] SELECT * FROM `address` WHERE  `id` = 2 LIMIT 1 [ RunTime:0.000235s ]
[2023-07-18T17:39:59+08:00][sql] CONNECT:[ UseTime:0.000476s ] mysql:host=localhost;port=3316;dbname=coffee;charset=utf8
[2023-07-18T17:39:59+08:00][sql] SHOW FULL COLUMNS FROM `information` [ RunTime:0.001883s ]
[2023-07-18T17:39:59+08:00][sql] SELECT * FROM `information` WHERE  `id` = 19 LIMIT 1 [ RunTime:0.000371s ]
[2023-07-18T17:39:59+08:00][sql] SHOW FULL COLUMNS FROM `address` [ RunTime:0.001051s ]
[2023-07-18T17:39:59+08:00][sql] SELECT * FROM `address` WHERE  `id` = 1 LIMIT 1 [ RunTime:0.000255s ]
[2023-07-18T17:39:59+08:00][sql] SELECT * FROM `address` WHERE  `id` = 2 LIMIT 1 [ RunTime:0.000221s ]
[2023-07-18T17:49:48+08:00][sql] CONNECT:[ UseTime:0.000477s ] mysql:host=localhost;port=3316;dbname=coffee;charset=utf8
[2023-07-18T17:49:48+08:00][sql] SHOW FULL COLUMNS FROM `information` [ RunTime:0.001415s ]
[2023-07-18T17:49:48+08:00][sql] SELECT * FROM `information` WHERE  `id` = 1 LIMIT 1 [ RunTime:0.000306s ]
[2023-07-18T17:49:48+08:00][sql] SHOW FULL COLUMNS FROM `address` [ RunTime:0.000933s ]
[2023-07-18T17:49:48+08:00][sql] SELECT * FROM `address` WHERE  `id` = 1 LIMIT 1 [ RunTime:0.000241s ]
[2023-07-18T17:49:48+08:00][sql] SELECT * FROM `address` WHERE  `id` = 2 LIMIT 1 [ RunTime:0.000218s ]
[2023-07-18T17:54:03+08:00][sql] CONNECT:[ UseTime:0.000455s ] mysql:host=localhost;port=3316;dbname=coffee;charset=utf8
[2023-07-18T17:54:03+08:00][sql] SHOW FULL COLUMNS FROM `information` [ RunTime:0.001583s ]
[2023-07-18T17:54:03+08:00][sql] SELECT * FROM `information` WHERE  `id` = 19 LIMIT 1 [ RunTime:0.000349s ]
[2023-07-18T17:54:03+08:00][sql] SHOW FULL COLUMNS FROM `address` [ RunTime:0.001005s ]
[2023-07-18T17:54:03+08:00][sql] SELECT * FROM `address` WHERE  `id` = 1 LIMIT 1 [ RunTime:0.000241s ]
[2023-07-18T17:54:03+08:00][sql] SELECT * FROM `address` WHERE  `id` = 2 LIMIT 1 [ RunTime:0.000333s ]
[2023-07-18T18:33:30+08:00][sql] CONNECT:[ UseTime:0.000459s ] mysql:host=localhost;port=3316;dbname=coffee;charset=utf8
[2023-07-18T18:33:30+08:00][sql] SHOW FULL COLUMNS FROM `information` [ RunTime:0.001594s ]
[2023-07-18T18:33:30+08:00][sql] SELECT * FROM `information` WHERE  `id` = 11 LIMIT 1 [ RunTime:0.000300s ]
[2023-07-18T18:33:30+08:00][sql] SHOW FULL COLUMNS FROM `address` [ RunTime:0.000970s ]
[2023-07-18T18:33:30+08:00][sql] SELECT * FROM `address` WHERE  `id` = 1 LIMIT 1 [ RunTime:0.000281s ]
[2023-07-18T18:33:30+08:00][sql] SELECT * FROM `address` WHERE  `id` = 2 LIMIT 1 [ RunTime:0.000246s ]
[2023-07-18T18:45:00+08:00][sql] CONNECT:[ UseTime:0.000463s ] mysql:host=localhost;port=3316;dbname=coffee;charset=utf8
[2023-07-18T18:45:00+08:00][sql] SHOW FULL COLUMNS FROM `information` [ RunTime:0.001442s ]
[2023-07-18T18:45:00+08:00][sql] SELECT * FROM `information` WHERE  `id` = 11 LIMIT 1 [ RunTime:0.000324s ]
[2023-07-18T18:45:00+08:00][sql] SHOW FULL COLUMNS FROM `address` [ RunTime:0.001048s ]
[2023-07-18T18:45:00+08:00][sql] SELECT * FROM `address` WHERE  `id` = 1 LIMIT 1 [ RunTime:0.000279s ]
[2023-07-18T18:45:00+08:00][sql] SELECT * FROM `address` WHERE  `id` = 2 LIMIT 1 [ RunTime:0.000269s ]
[2023-07-18T18:53:36+08:00][sql] CONNECT:[ UseTime:0.000482s ] mysql:host=localhost;port=3316;dbname=coffee;charset=utf8
[2023-07-18T18:53:36+08:00][sql] SHOW FULL COLUMNS FROM `information` [ RunTime:0.001788s ]
[2023-07-18T18:53:36+08:00][sql] SELECT * FROM `information` WHERE  `id` = 21 LIMIT 1 [ RunTime:0.000370s ]
[2023-07-18T18:53:36+08:00][sql] SHOW FULL COLUMNS FROM `address` [ RunTime:0.001323s ]
[2023-07-18T18:53:36+08:00][sql] SELECT * FROM `address` WHERE  `id` = 1 LIMIT 1 [ RunTime:0.000352s ]
[2023-07-18T18:53:36+08:00][sql] SELECT * FROM `address` WHERE  `id` = 2 LIMIT 1 [ RunTime:0.000307s ]
[2023-07-18T18:58:38+08:00][sql] CONNECT:[ UseTime:0.000613s ] mysql:host=localhost;port=3316;dbname=coffee;charset=utf8
[2023-07-18T18:58:38+08:00][sql] SHOW FULL COLUMNS FROM `information` [ RunTime:0.001570s ]
[2023-07-18T18:58:38+08:00][sql] SELECT * FROM `information` WHERE  `id` = 21 LIMIT 1 [ RunTime:0.000389s ]
[2023-07-18T18:58:38+08:00][sql] SHOW FULL COLUMNS FROM `address` [ RunTime:0.001382s ]
[2023-07-18T18:58:38+08:00][sql] SELECT * FROM `address` WHERE  `id` = 1 LIMIT 1 [ RunTime:0.000318s ]
[2023-07-18T18:58:38+08:00][sql] SELECT * FROM `address` WHERE  `id` = 2 LIMIT 1 [ RunTime:0.000247s ]
[2023-07-18T21:55:32+08:00][sql] CONNECT:[ UseTime:0.000450s ] mysql:host=localhost;port=3316;dbname=coffee;charset=utf8
[2023-07-18T21:55:32+08:00][sql] SHOW FULL COLUMNS FROM `information` [ RunTime:0.001570s ]
[2023-07-18T21:55:32+08:00][sql] SELECT * FROM `information` WHERE  `id` = 20 LIMIT 1 [ RunTime:0.000323s ]
[2023-07-18T21:55:32+08:00][sql] SHOW FULL COLUMNS FROM `address` [ RunTime:0.001446s ]
[2023-07-18T21:55:32+08:00][sql] SELECT * FROM `address` WHERE  `id` = 1 LIMIT 1 [ RunTime:0.000318s ]
[2023-07-18T21:55:32+08:00][sql] SELECT * FROM `address` WHERE  `id` = 2 LIMIT 1 [ RunTime:0.000239s ]
[2023-07-18T22:06:19+08:00][sql] CONNECT:[ UseTime:0.000485s ] mysql:host=localhost;port=3316;dbname=coffee;charset=utf8
[2023-07-18T22:06:19+08:00][sql] SHOW FULL COLUMNS FROM `information` [ RunTime:0.001763s ]
[2023-07-18T22:06:19+08:00][sql] SELECT * FROM `information` WHERE  `id` = 20 LIMIT 1 [ RunTime:0.000357s ]
[2023-07-18T22:06:19+08:00][sql] SHOW FULL COLUMNS FROM `address` [ RunTime:0.001492s ]
[2023-07-18T22:06:19+08:00][sql] SELECT * FROM `address` WHERE  `id` = 1 LIMIT 1 [ RunTime:0.000268s ]
[2023-07-18T22:06:19+08:00][sql] SELECT * FROM `address` WHERE  `id` = 2 LIMIT 1 [ RunTime:0.000255s ]
