[2023-07-20T00:01:59+08:00][sql] CONNECT:[ UseTime:0.000490s ] mysql:host=localhost;port=3316;dbname=coffee;charset=utf8
[2023-07-20T00:01:59+08:00][sql] SHOW FULL COLUMNS FROM `information` [ RunTime:0.001549s ]
[2023-07-20T00:01:59+08:00][sql] SELECT * FROM `information` ORDER BY `time` DESC LIMIT 1 [ RunTime:0.000356s ]
[2023-07-20T00:01:59+08:00][sql] SHOW FULL COLUMNS FROM `topic` [ RunTime:0.001055s ]
[2023-07-20T00:01:59+08:00][sql] SELECT * FROM `topic` [ RunTime:0.000215s ]
[2023-07-20T00:01:59+08:00][sql] SELECT * FROM `information` ORDER BY `time` DESC [ RunTime:0.000812s ]
[2023-07-20T00:01:59+08:00][sql] SHOW FULL COLUMNS FROM `address` [ RunTime:0.001001s ]
[2023-07-20T00:01:59+08:00][sql] SELECT * FROM `address` WHERE  `id` = 1 LIMIT 1 [ RunTime:0.000287s ]
[2023-07-20T00:01:59+08:00][sql] SELECT * FROM `address` WHERE  `id` = 2 LIMIT 1 [ RunTime:0.000223s ]
[2023-07-20T01:03:09+08:00][sql] CONNECT:[ UseTime:0.000461s ] mysql:host=localhost;port=3316;dbname=coffee;charset=utf8
[2023-07-20T01:03:09+08:00][sql] SHOW FULL COLUMNS FROM `information` [ RunTime:0.001438s ]
[2023-07-20T01:03:09+08:00][sql] SELECT * FROM `information` WHERE  `id` = 21 LIMIT 1 [ RunTime:0.000313s ]
[2023-07-20T01:03:09+08:00][sql] SHOW FULL COLUMNS FROM `address` [ RunTime:0.000898s ]
[2023-07-20T01:03:09+08:00][sql] SELECT * FROM `address` WHERE  `id` = 1 LIMIT 1 [ RunTime:0.000445s ]
[2023-07-20T01:03:09+08:00][sql] SELECT * FROM `address` WHERE  `id` = 2 LIMIT 1 [ RunTime:0.000268s ]
[2023-07-20T01:33:09+08:00][sql] CONNECT:[ UseTime:0.000409s ] mysql:host=localhost;port=3316;dbname=coffee;charset=utf8
[2023-07-20T01:33:09+08:00][sql] SHOW FULL COLUMNS FROM `information` [ RunTime:0.001423s ]
[2023-07-20T01:33:09+08:00][sql] SELECT * FROM `information` WHERE  `id` = 8 LIMIT 1 [ RunTime:0.000315s ]
[2023-07-20T01:33:09+08:00][sql] SHOW FULL COLUMNS FROM `address` [ RunTime:0.000982s ]
[2023-07-20T01:33:09+08:00][sql] SELECT * FROM `address` WHERE  `id` = 1 LIMIT 1 [ RunTime:0.000287s ]
[2023-07-20T01:33:09+08:00][sql] SELECT * FROM `address` WHERE  `id` = 2 LIMIT 1 [ RunTime:0.000229s ]
[2023-07-20T02:03:09+08:00][sql] CONNECT:[ UseTime:0.000409s ] mysql:host=localhost;port=3316;dbname=coffee;charset=utf8
[2023-07-20T02:03:09+08:00][sql] SHOW FULL COLUMNS FROM `information` [ RunTime:0.001405s ]
[2023-07-20T02:03:09+08:00][sql] SELECT * FROM `information` WHERE  `id` = 8 LIMIT 1 [ RunTime:0.000294s ]
[2023-07-20T02:03:09+08:00][sql] SHOW FULL COLUMNS FROM `address` [ RunTime:0.000926s ]
[2023-07-20T02:03:09+08:00][sql] SELECT * FROM `address` WHERE  `id` = 1 LIMIT 1 [ RunTime:0.000243s ]
[2023-07-20T02:03:09+08:00][sql] SELECT * FROM `address` WHERE  `id` = 2 LIMIT 1 [ RunTime:0.000218s ]
[2023-07-20T05:32:58+08:00][sql] CONNECT:[ UseTime:0.000455s ] mysql:host=localhost;port=3316;dbname=coffee;charset=utf8
[2023-07-20T05:32:58+08:00][sql] SHOW FULL COLUMNS FROM `information` [ RunTime:0.001780s ]
[2023-07-20T05:32:58+08:00][sql] SELECT * FROM `information` WHERE  `id` = 7 LIMIT 1 [ RunTime:0.000365s ]
[2023-07-20T05:32:58+08:00][sql] SHOW FULL COLUMNS FROM `address` [ RunTime:0.001282s ]
[2023-07-20T05:32:58+08:00][sql] SELECT * FROM `address` WHERE  `id` = 1 LIMIT 1 [ RunTime:0.000278s ]
[2023-07-20T05:32:58+08:00][sql] SELECT * FROM `address` WHERE  `id` = 2 LIMIT 1 [ RunTime:0.000240s ]
[2023-07-20T07:01:15+08:00][sql] CONNECT:[ UseTime:0.000399s ] mysql:host=localhost;port=3316;dbname=coffee;charset=utf8
[2023-07-20T07:01:15+08:00][sql] SHOW FULL COLUMNS FROM `information` [ RunTime:0.001400s ]
[2023-07-20T07:01:15+08:00][sql] SELECT * FROM `information` WHERE  `id` = 19 LIMIT 1 [ RunTime:0.000293s ]
[2023-07-20T07:01:15+08:00][sql] SHOW FULL COLUMNS FROM `address` [ RunTime:0.000917s ]
[2023-07-20T07:01:15+08:00][sql] SELECT * FROM `address` WHERE  `id` = 1 LIMIT 1 [ RunTime:0.000270s ]
[2023-07-20T07:01:15+08:00][sql] SELECT * FROM `address` WHERE  `id` = 2 LIMIT 1 [ RunTime:0.000254s ]
[2023-07-20T07:10:30+08:00][sql] CONNECT:[ UseTime:0.000421s ] mysql:host=localhost;port=3316;dbname=coffee;charset=utf8
[2023-07-20T07:10:30+08:00][sql] SHOW FULL COLUMNS FROM `information` [ RunTime:0.001519s ]
[2023-07-20T07:10:30+08:00][sql] SELECT * FROM `information` WHERE  `id` = 19 LIMIT 1 [ RunTime:0.000258s ]
[2023-07-20T07:10:30+08:00][sql] SHOW FULL COLUMNS FROM `address` [ RunTime:0.000907s ]
[2023-07-20T07:10:30+08:00][sql] SELECT * FROM `address` WHERE  `id` = 1 LIMIT 1 [ RunTime:0.000249s ]
[2023-07-20T07:10:30+08:00][sql] SELECT * FROM `address` WHERE  `id` = 2 LIMIT 1 [ RunTime:0.000188s ]
[2023-07-20T07:28:10+08:00][sql] CONNECT:[ UseTime:0.000473s ] mysql:host=localhost;port=3316;dbname=coffee;charset=utf8
[2023-07-20T07:28:10+08:00][sql] SHOW FULL COLUMNS FROM `information` [ RunTime:0.001414s ]
[2023-07-20T07:28:10+08:00][sql] SELECT * FROM `information` WHERE  `id` = 2 LIMIT 1 [ RunTime:0.000312s ]
[2023-07-20T07:28:10+08:00][sql] SHOW FULL COLUMNS FROM `address` [ RunTime:0.000938s ]
[2023-07-20T07:28:10+08:00][sql] SELECT * FROM `address` WHERE  `id` = 1 LIMIT 1 [ RunTime:0.000258s ]
[2023-07-20T07:28:10+08:00][sql] SELECT * FROM `address` WHERE  `id` = 2 LIMIT 1 [ RunTime:0.000227s ]
[2023-07-20T07:38:38+08:00][sql] CONNECT:[ UseTime:0.000523s ] mysql:host=localhost;port=3316;dbname=coffee;charset=utf8
[2023-07-20T07:38:38+08:00][sql] SHOW FULL COLUMNS FROM `information` [ RunTime:0.001525s ]
[2023-07-20T07:38:38+08:00][sql] SELECT * FROM `information` WHERE  `id` = 2 LIMIT 1 [ RunTime:0.000348s ]
[2023-07-20T07:38:38+08:00][sql] SHOW FULL COLUMNS FROM `address` [ RunTime:0.001067s ]
[2023-07-20T07:38:38+08:00][sql] SELECT * FROM `address` WHERE  `id` = 1 LIMIT 1 [ RunTime:0.000321s ]
[2023-07-20T07:38:38+08:00][sql] SELECT * FROM `address` WHERE  `id` = 2 LIMIT 1 [ RunTime:0.000235s ]
[2023-07-20T10:22:00+08:00][sql] CONNECT:[ UseTime:0.000468s ] mysql:host=localhost;port=3316;dbname=coffee;charset=utf8
[2023-07-20T10:22:00+08:00][sql] SHOW FULL COLUMNS FROM `information` [ RunTime:0.001329s ]
[2023-07-20T10:22:00+08:00][sql] SELECT * FROM `information` WHERE  `id` = 18 LIMIT 1 [ RunTime:0.000348s ]
[2023-07-20T10:22:00+08:00][sql] SHOW FULL COLUMNS FROM `address` [ RunTime:0.001058s ]
[2023-07-20T10:22:00+08:00][sql] SELECT * FROM `address` WHERE  `id` = 1 LIMIT 1 [ RunTime:0.000305s ]
[2023-07-20T10:22:00+08:00][sql] SELECT * FROM `address` WHERE  `id` = 2 LIMIT 1 [ RunTime:0.000248s ]
[2023-07-20T10:27:28+08:00][sql] CONNECT:[ UseTime:0.000535s ] mysql:host=localhost;port=3316;dbname=coffee;charset=utf8
[2023-07-20T10:27:28+08:00][sql] SHOW FULL COLUMNS FROM `information` [ RunTime:0.001546s ]
[2023-07-20T10:27:28+08:00][sql] SELECT * FROM `information` WHERE  `id` = 18 LIMIT 1 [ RunTime:0.000332s ]
[2023-07-20T10:27:28+08:00][sql] SHOW FULL COLUMNS FROM `address` [ RunTime:0.001113s ]
[2023-07-20T10:27:28+08:00][sql] SELECT * FROM `address` WHERE  `id` = 1 LIMIT 1 [ RunTime:0.000267s ]
[2023-07-20T10:27:28+08:00][sql] SELECT * FROM `address` WHERE  `id` = 2 LIMIT 1 [ RunTime:0.000222s ]
[2023-07-20T11:58:10+08:00][sql] CONNECT:[ UseTime:0.000573s ] mysql:host=localhost;port=3316;dbname=coffee;charset=utf8
[2023-07-20T11:58:10+08:00][sql] SHOW FULL COLUMNS FROM `information` [ RunTime:0.001943s ]
[2023-07-20T11:58:10+08:00][sql] SELECT * FROM `information` WHERE  `id` = 14 LIMIT 1 [ RunTime:0.000352s ]
[2023-07-20T11:58:10+08:00][sql] SHOW FULL COLUMNS FROM `address` [ RunTime:0.001035s ]
[2023-07-20T11:58:10+08:00][sql] SELECT * FROM `address` WHERE  `id` = 1 LIMIT 1 [ RunTime:0.000276s ]
[2023-07-20T11:58:10+08:00][sql] SELECT * FROM `address` WHERE  `id` = 2 LIMIT 1 [ RunTime:0.000245s ]
[2023-07-20T12:03:06+08:00][sql] CONNECT:[ UseTime:0.000455s ] mysql:host=localhost;port=3316;dbname=coffee;charset=utf8
[2023-07-20T12:03:06+08:00][sql] SHOW FULL COLUMNS FROM `information` [ RunTime:0.001400s ]
[2023-07-20T12:03:06+08:00][sql] SELECT * FROM `information` WHERE  `id` = 14 LIMIT 1 [ RunTime:0.000326s ]
[2023-07-20T12:03:06+08:00][sql] SHOW FULL COLUMNS FROM `address` [ RunTime:0.000959s ]
[2023-07-20T12:03:06+08:00][sql] SELECT * FROM `address` WHERE  `id` = 1 LIMIT 1 [ RunTime:0.000248s ]
[2023-07-20T12:03:06+08:00][sql] SELECT * FROM `address` WHERE  `id` = 2 LIMIT 1 [ RunTime:0.000215s ]
[2023-07-20T15:18:40+08:00][sql] CONNECT:[ UseTime:0.000506s ] mysql:host=localhost;port=3316;dbname=coffee;charset=utf8
[2023-07-20T15:18:40+08:00][sql] SHOW FULL COLUMNS FROM `information` [ RunTime:0.002007s ]
[2023-07-20T15:18:40+08:00][sql] SELECT * FROM `information` WHERE  `id` = 19 LIMIT 1 [ RunTime:0.000385s ]
[2023-07-20T15:18:40+08:00][sql] SHOW FULL COLUMNS FROM `address` [ RunTime:0.001458s ]
[2023-07-20T15:18:40+08:00][sql] SELECT * FROM `address` WHERE  `id` = 1 LIMIT 1 [ RunTime:0.000319s ]
[2023-07-20T15:18:40+08:00][sql] SELECT * FROM `address` WHERE  `id` = 2 LIMIT 1 [ RunTime:0.000274s ]
[2023-07-20T16:52:58+08:00][sql] CONNECT:[ UseTime:0.000498s ] mysql:host=localhost;port=3316;dbname=coffee;charset=utf8
[2023-07-20T16:52:58+08:00][sql] SHOW FULL COLUMNS FROM `information` [ RunTime:0.001896s ]
[2023-07-20T16:52:58+08:00][sql] SELECT * FROM `information` WHERE  `id` = 12 LIMIT 1 [ RunTime:0.000354s ]
[2023-07-20T16:52:58+08:00][sql] SHOW FULL COLUMNS FROM `address` [ RunTime:0.001276s ]
[2023-07-20T16:52:58+08:00][sql] SELECT * FROM `address` WHERE  `id` = 1 LIMIT 1 [ RunTime:0.000286s ]
[2023-07-20T16:52:58+08:00][sql] SELECT * FROM `address` WHERE  `id` = 2 LIMIT 1 [ RunTime:0.000266s ]
[2023-07-20T17:03:58+08:00][sql] CONNECT:[ UseTime:0.000434s ] mysql:host=localhost;port=3316;dbname=coffee;charset=utf8
[2023-07-20T17:03:58+08:00][sql] SHOW FULL COLUMNS FROM `information` [ RunTime:0.001534s ]
[2023-07-20T17:03:58+08:00][sql] SELECT * FROM `information` WHERE  `id` = 12 LIMIT 1 [ RunTime:0.000307s ]
[2023-07-20T17:03:58+08:00][sql] SHOW FULL COLUMNS FROM `address` [ RunTime:0.001026s ]
[2023-07-20T17:03:58+08:00][sql] SELECT * FROM `address` WHERE  `id` = 1 LIMIT 1 [ RunTime:0.000250s ]
[2023-07-20T17:03:58+08:00][sql] SELECT * FROM `address` WHERE  `id` = 2 LIMIT 1 [ RunTime:0.000199s ]
[2023-07-20T18:17:45+08:00][sql] CONNECT:[ UseTime:0.000471s ] mysql:host=localhost;port=3316;dbname=coffee;charset=utf8
[2023-07-20T18:17:45+08:00][sql] SHOW FULL COLUMNS FROM `information` [ RunTime:0.001475s ]
[2023-07-20T18:17:45+08:00][sql] SELECT * FROM `information` WHERE  `id` = 2 LIMIT 1 [ RunTime:0.000315s ]
[2023-07-20T18:17:45+08:00][sql] SHOW FULL COLUMNS FROM `address` [ RunTime:0.000940s ]
[2023-07-20T18:17:45+08:00][sql] SELECT * FROM `address` WHERE  `id` = 1 LIMIT 1 [ RunTime:0.000241s ]
[2023-07-20T18:17:45+08:00][sql] SELECT * FROM `address` WHERE  `id` = 2 LIMIT 1 [ RunTime:0.000216s ]
[2023-07-20T18:31:07+08:00][sql] CONNECT:[ UseTime:0.000389s ] mysql:host=localhost;port=3316;dbname=coffee;charset=utf8
[2023-07-20T18:31:07+08:00][sql] SHOW FULL COLUMNS FROM `information` [ RunTime:0.001459s ]
[2023-07-20T18:31:07+08:00][sql] SELECT * FROM `information` WHERE  `id` = 2 LIMIT 1 [ RunTime:0.000311s ]
[2023-07-20T18:31:07+08:00][sql] SHOW FULL COLUMNS FROM `address` [ RunTime:0.000980s ]
[2023-07-20T18:31:07+08:00][sql] SELECT * FROM `address` WHERE  `id` = 1 LIMIT 1 [ RunTime:0.000241s ]
[2023-07-20T18:31:07+08:00][sql] SELECT * FROM `address` WHERE  `id` = 2 LIMIT 1 [ RunTime:0.000232s ]
[2023-07-20T20:19:53+08:00][sql] CONNECT:[ UseTime:0.000430s ] mysql:host=localhost;port=3316;dbname=coffee;charset=utf8
[2023-07-20T20:19:53+08:00][sql] SHOW FULL COLUMNS FROM `information` [ RunTime:0.001379s ]
[2023-07-20T20:19:53+08:00][sql] SELECT * FROM `information` WHERE  `id` = 21 LIMIT 1 [ RunTime:0.000320s ]
[2023-07-20T20:19:53+08:00][sql] SHOW FULL COLUMNS FROM `address` [ RunTime:0.001043s ]
[2023-07-20T20:19:53+08:00][sql] SELECT * FROM `address` WHERE  `id` = 1 LIMIT 1 [ RunTime:0.000238s ]
[2023-07-20T20:19:53+08:00][sql] SELECT * FROM `address` WHERE  `id` = 2 LIMIT 1 [ RunTime:0.000214s ]
[2023-07-20T20:19:54+08:00][sql] CONNECT:[ UseTime:0.000468s ] mysql:host=localhost;port=3316;dbname=coffee;charset=utf8
[2023-07-20T20:19:54+08:00][sql] SHOW FULL COLUMNS FROM `information` [ RunTime:0.001469s ]
[2023-07-20T20:19:54+08:00][sql] SELECT * FROM `information` WHERE  `id` = 20 LIMIT 1 [ RunTime:0.000330s ]
[2023-07-20T20:19:54+08:00][sql] SHOW FULL COLUMNS FROM `address` [ RunTime:0.001004s ]
[2023-07-20T20:19:54+08:00][sql] SELECT * FROM `address` WHERE  `id` = 1 LIMIT 1 [ RunTime:0.000245s ]
[2023-07-20T20:19:54+08:00][sql] SELECT * FROM `address` WHERE  `id` = 2 LIMIT 1 [ RunTime:0.000223s ]
[2023-07-20T20:19:55+08:00][sql] CONNECT:[ UseTime:0.000472s ] mysql:host=localhost;port=3316;dbname=coffee;charset=utf8
[2023-07-20T20:19:55+08:00][sql] SHOW FULL COLUMNS FROM `information` [ RunTime:0.001521s ]
[2023-07-20T20:19:55+08:00][sql] SELECT * FROM `information` WHERE  `id` = 19 LIMIT 1 [ RunTime:0.000313s ]
[2023-07-20T20:19:55+08:00][sql] SHOW FULL COLUMNS FROM `address` [ RunTime:0.001000s ]
[2023-07-20T20:19:55+08:00][sql] SELECT * FROM `address` WHERE  `id` = 1 LIMIT 1 [ RunTime:0.000277s ]
[2023-07-20T20:19:55+08:00][sql] SELECT * FROM `address` WHERE  `id` = 2 LIMIT 1 [ RunTime:0.000203s ]
[2023-07-20T20:19:56+08:00][sql] CONNECT:[ UseTime:0.000510s ] mysql:host=localhost;port=3316;dbname=coffee;charset=utf8
[2023-07-20T20:19:56+08:00][sql] SHOW FULL COLUMNS FROM `information` [ RunTime:0.001472s ]
[2023-07-20T20:19:56+08:00][sql] SELECT * FROM `information` WHERE  `id` = 18 LIMIT 1 [ RunTime:0.000389s ]
[2023-07-20T20:19:56+08:00][sql] SHOW FULL COLUMNS FROM `address` [ RunTime:0.001008s ]
[2023-07-20T20:19:56+08:00][sql] SELECT * FROM `address` WHERE  `id` = 1 LIMIT 1 [ RunTime:0.000291s ]
[2023-07-20T20:19:56+08:00][sql] SELECT * FROM `address` WHERE  `id` = 2 LIMIT 1 [ RunTime:0.000256s ]
[2023-07-20T20:19:57+08:00][sql] CONNECT:[ UseTime:0.000493s ] mysql:host=localhost;port=3316;dbname=coffee;charset=utf8
[2023-07-20T20:19:57+08:00][sql] SHOW FULL COLUMNS FROM `information` [ RunTime:0.001895s ]
[2023-07-20T20:19:57+08:00][sql] SELECT * FROM `information` WHERE  `id` = 17 LIMIT 1 [ RunTime:0.000372s ]
[2023-07-20T20:19:57+08:00][sql] SHOW FULL COLUMNS FROM `address` [ RunTime:0.000983s ]
[2023-07-20T20:19:57+08:00][sql] SELECT * FROM `address` WHERE  `id` = 1 LIMIT 1 [ RunTime:0.000232s ]
[2023-07-20T20:19:57+08:00][sql] SELECT * FROM `address` WHERE  `id` = 2 LIMIT 1 [ RunTime:0.000194s ]
[2023-07-20T20:31:09+08:00][sql] CONNECT:[ UseTime:0.000437s ] mysql:host=localhost;port=3316;dbname=coffee;charset=utf8
[2023-07-20T20:31:09+08:00][sql] SHOW FULL COLUMNS FROM `information` [ RunTime:0.001948s ]
[2023-07-20T20:31:09+08:00][sql] SELECT * FROM `information` WHERE  `id` = 17 LIMIT 1 [ RunTime:0.000415s ]
[2023-07-20T20:31:09+08:00][sql] SHOW FULL COLUMNS FROM `address` [ RunTime:0.001305s ]
[2023-07-20T20:31:09+08:00][sql] SELECT * FROM `address` WHERE  `id` = 1 LIMIT 1 [ RunTime:0.000435s ]
[2023-07-20T20:31:09+08:00][sql] SELECT * FROM `address` WHERE  `id` = 2 LIMIT 1 [ RunTime:0.000267s ]
[2023-07-20T20:32:25+08:00][sql] CONNECT:[ UseTime:0.000524s ] mysql:host=localhost;port=3316;dbname=coffee;charset=utf8
[2023-07-20T20:32:25+08:00][sql] SHOW FULL COLUMNS FROM `information` [ RunTime:0.001892s ]
[2023-07-20T20:32:25+08:00][sql] SELECT * FROM `information` WHERE  `id` = 19 LIMIT 1 [ RunTime:0.000339s ]
[2023-07-20T20:32:25+08:00][sql] SHOW FULL COLUMNS FROM `address` [ RunTime:0.001256s ]
[2023-07-20T20:32:25+08:00][sql] SELECT * FROM `address` WHERE  `id` = 1 LIMIT 1 [ RunTime:0.000320s ]
[2023-07-20T20:32:25+08:00][sql] SELECT * FROM `address` WHERE  `id` = 2 LIMIT 1 [ RunTime:0.000246s ]
[2023-07-20T20:37:56+08:00][sql] CONNECT:[ UseTime:0.000423s ] mysql:host=localhost;port=3316;dbname=coffee;charset=utf8
[2023-07-20T20:37:56+08:00][sql] SHOW FULL COLUMNS FROM `information` [ RunTime:0.001929s ]
[2023-07-20T20:37:56+08:00][sql] SELECT * FROM `information` WHERE  `id` = 18 LIMIT 1 [ RunTime:0.000393s ]
[2023-07-20T20:37:56+08:00][sql] SHOW FULL COLUMNS FROM `address` [ RunTime:0.001413s ]
[2023-07-20T20:37:56+08:00][sql] SELECT * FROM `address` WHERE  `id` = 1 LIMIT 1 [ RunTime:0.000312s ]
[2023-07-20T20:37:56+08:00][sql] SELECT * FROM `address` WHERE  `id` = 2 LIMIT 1 [ RunTime:0.000310s ]
[2023-07-20T20:40:08+08:00][sql] CONNECT:[ UseTime:0.000438s ] mysql:host=localhost;port=3316;dbname=coffee;charset=utf8
[2023-07-20T20:40:08+08:00][sql] SHOW FULL COLUMNS FROM `information` [ RunTime:0.001442s ]
[2023-07-20T20:40:08+08:00][sql] SELECT * FROM `information` WHERE  `id` = 20 LIMIT 1 [ RunTime:0.000331s ]
[2023-07-20T20:40:08+08:00][sql] SHOW FULL COLUMNS FROM `address` [ RunTime:0.000986s ]
[2023-07-20T20:40:08+08:00][sql] SELECT * FROM `address` WHERE  `id` = 1 LIMIT 1 [ RunTime:0.000302s ]
[2023-07-20T20:40:08+08:00][sql] SELECT * FROM `address` WHERE  `id` = 2 LIMIT 1 [ RunTime:0.000284s ]
[2023-07-20T20:55:57+08:00][sql] CONNECT:[ UseTime:0.000468s ] mysql:host=localhost;port=3316;dbname=coffee;charset=utf8
[2023-07-20T20:55:57+08:00][sql] SHOW FULL COLUMNS FROM `information` [ RunTime:0.001690s ]
[2023-07-20T20:55:57+08:00][sql] SELECT * FROM `information` WHERE  `id` = 21 LIMIT 1 [ RunTime:0.000461s ]
[2023-07-20T20:55:57+08:00][sql] SHOW FULL COLUMNS FROM `address` [ RunTime:0.001385s ]
[2023-07-20T20:55:57+08:00][sql] SELECT * FROM `address` WHERE  `id` = 1 LIMIT 1 [ RunTime:0.000318s ]
[2023-07-20T20:55:57+08:00][sql] SELECT * FROM `address` WHERE  `id` = 2 LIMIT 1 [ RunTime:0.000353s ]
[2023-07-20T21:03:37+08:00][sql] CONNECT:[ UseTime:0.000448s ] mysql:host=localhost;port=3316;dbname=coffee;charset=utf8
[2023-07-20T21:03:37+08:00][sql] SHOW FULL COLUMNS FROM `information` [ RunTime:0.001541s ]
[2023-07-20T21:03:37+08:00][sql] SELECT * FROM `information` WHERE  `id` = 11 LIMIT 1 [ RunTime:0.000322s ]
[2023-07-20T21:03:37+08:00][sql] SHOW FULL COLUMNS FROM `address` [ RunTime:0.001184s ]
[2023-07-20T21:03:37+08:00][sql] SELECT * FROM `address` WHERE  `id` = 1 LIMIT 1 [ RunTime:0.000281s ]
[2023-07-20T21:03:37+08:00][sql] SELECT * FROM `address` WHERE  `id` = 2 LIMIT 1 [ RunTime:0.000213s ]
[2023-07-20T21:21:12+08:00][sql] CONNECT:[ UseTime:0.000526s ] mysql:host=localhost;port=3316;dbname=coffee;charset=utf8
[2023-07-20T21:21:12+08:00][sql] SHOW FULL COLUMNS FROM `information` [ RunTime:0.001711s ]
[2023-07-20T21:21:12+08:00][sql] SELECT * FROM `information` WHERE  `id` = 11 LIMIT 1 [ RunTime:0.000350s ]
[2023-07-20T21:21:12+08:00][sql] SHOW FULL COLUMNS FROM `address` [ RunTime:0.001144s ]
[2023-07-20T21:21:12+08:00][sql] SELECT * FROM `address` WHERE  `id` = 1 LIMIT 1 [ RunTime:0.000248s ]
[2023-07-20T21:21:12+08:00][sql] SELECT * FROM `address` WHERE  `id` = 2 LIMIT 1 [ RunTime:0.000198s ]
