[2023-07-22T01:37:50+08:00][sql] CONNECT:[ UseTime:0.000441s ] mysql:host=localhost;port=3316;dbname=coffee;charset=utf8
[2023-07-22T01:37:50+08:00][sql] SHOW FULL COLUMNS FROM `information` [ RunTime:0.001362s ]
[2023-07-22T01:37:50+08:00][sql] SELECT * FROM `information` WHERE  `id` = 17 LIMIT 1 [ RunTime:0.000280s ]
[2023-07-22T01:37:50+08:00][sql] SHOW FULL COLUMNS FROM `address` [ RunTime:0.000873s ]
[2023-07-22T01:37:50+08:00][sql] SELECT * FROM `address` WHERE  `id` = 1 LIMIT 1 [ RunTime:0.000239s ]
[2023-07-22T01:37:50+08:00][sql] SELECT * FROM `address` WHERE  `id` = 2 LIMIT 1 [ RunTime:0.000284s ]
[2023-07-22T01:38:52+08:00][sql] CONNECT:[ UseTime:0.000500s ] mysql:host=localhost;port=3316;dbname=coffee;charset=utf8
[2023-07-22T01:38:52+08:00][sql] SHOW FULL COLUMNS FROM `information` [ RunTime:0.001420s ]
[2023-07-22T01:38:52+08:00][sql] SELECT * FROM `information` WHERE  `id` = 17 LIMIT 1 [ RunTime:0.000318s ]
[2023-07-22T01:38:52+08:00][sql] SHOW FULL COLUMNS FROM `address` [ RunTime:0.000908s ]
[2023-07-22T01:38:52+08:00][sql] SELECT * FROM `address` WHERE  `id` = 1 LIMIT 1 [ RunTime:0.000249s ]
[2023-07-22T01:38:52+08:00][sql] SELECT * FROM `address` WHERE  `id` = 2 LIMIT 1 [ RunTime:0.000206s ]
[2023-07-22T04:05:46+08:00][sql] CONNECT:[ UseTime:0.000386s ] mysql:host=localhost;port=3316;dbname=coffee;charset=utf8
[2023-07-22T04:05:46+08:00][sql] SHOW FULL COLUMNS FROM `information` [ RunTime:0.001337s ]
[2023-07-22T04:05:46+08:00][sql] SELECT * FROM `information` WHERE  `id` = 20 LIMIT 1 [ RunTime:0.000300s ]
[2023-07-22T04:05:46+08:00][sql] SHOW FULL COLUMNS FROM `address` [ RunTime:0.000908s ]
[2023-07-22T04:05:46+08:00][sql] SELECT * FROM `address` WHERE  `id` = 1 LIMIT 1 [ RunTime:0.000243s ]
[2023-07-22T04:05:46+08:00][sql] SELECT * FROM `address` WHERE  `id` = 2 LIMIT 1 [ RunTime:0.000201s ]
[2023-07-22T04:09:54+08:00][sql] CONNECT:[ UseTime:0.000430s ] mysql:host=localhost;port=3316;dbname=coffee;charset=utf8
[2023-07-22T04:09:54+08:00][sql] SHOW FULL COLUMNS FROM `information` [ RunTime:0.001433s ]
[2023-07-22T04:09:54+08:00][sql] SELECT * FROM `information` WHERE  `id` = 20 LIMIT 1 [ RunTime:0.000297s ]
[2023-07-22T04:09:54+08:00][sql] SHOW FULL COLUMNS FROM `address` [ RunTime:0.000937s ]
[2023-07-22T04:09:54+08:00][sql] SELECT * FROM `address` WHERE  `id` = 1 LIMIT 1 [ RunTime:0.000238s ]
[2023-07-22T04:09:54+08:00][sql] SELECT * FROM `address` WHERE  `id` = 2 LIMIT 1 [ RunTime:0.000220s ]
[2023-07-22T04:59:46+08:00][sql] CONNECT:[ UseTime:0.000617s ] mysql:host=localhost;port=3316;dbname=coffee;charset=utf8
[2023-07-22T04:59:46+08:00][sql] SHOW FULL COLUMNS FROM `information` [ RunTime:0.001464s ]
[2023-07-22T04:59:46+08:00][sql] SELECT * FROM `information` WHERE  `id` = 7 LIMIT 1 [ RunTime:0.000384s ]
[2023-07-22T04:59:46+08:00][sql] SHOW FULL COLUMNS FROM `address` [ RunTime:0.001028s ]
[2023-07-22T04:59:46+08:00][sql] SELECT * FROM `address` WHERE  `id` = 1 LIMIT 1 [ RunTime:0.000287s ]
[2023-07-22T04:59:46+08:00][sql] SELECT * FROM `address` WHERE  `id` = 2 LIMIT 1 [ RunTime:0.000319s ]
[2023-07-22T05:04:23+08:00][sql] CONNECT:[ UseTime:0.000438s ] mysql:host=localhost;port=3316;dbname=coffee;charset=utf8
[2023-07-22T05:04:23+08:00][sql] SHOW FULL COLUMNS FROM `information` [ RunTime:0.001297s ]
[2023-07-22T05:04:23+08:00][sql] SELECT * FROM `information` WHERE  `id` = 7 LIMIT 1 [ RunTime:0.000297s ]
[2023-07-22T05:04:23+08:00][sql] SHOW FULL COLUMNS FROM `address` [ RunTime:0.000870s ]
[2023-07-22T05:04:23+08:00][sql] SELECT * FROM `address` WHERE  `id` = 1 LIMIT 1 [ RunTime:0.000233s ]
[2023-07-22T05:04:23+08:00][sql] SELECT * FROM `address` WHERE  `id` = 2 LIMIT 1 [ RunTime:0.000190s ]
[2023-07-22T17:22:44+08:00][sql] CONNECT:[ UseTime:0.000456s ] mysql:host=localhost;port=3316;dbname=coffee;charset=utf8
[2023-07-22T17:22:44+08:00][sql] SHOW FULL COLUMNS FROM `information` [ RunTime:0.001986s ]
[2023-07-22T17:22:44+08:00][sql] SELECT * FROM `information` WHERE  `id` = 8 LIMIT 1 [ RunTime:0.000381s ]
[2023-07-22T17:22:44+08:00][sql] SHOW FULL COLUMNS FROM `address` [ RunTime:0.001176s ]
[2023-07-22T17:22:44+08:00][sql] SELECT * FROM `address` WHERE  `id` = 1 LIMIT 1 [ RunTime:0.000292s ]
[2023-07-22T17:22:44+08:00][sql] SELECT * FROM `address` WHERE  `id` = 2 LIMIT 1 [ RunTime:0.000249s ]
[2023-07-22T17:41:11+08:00][sql] CONNECT:[ UseTime:0.000447s ] mysql:host=localhost;port=3316;dbname=coffee;charset=utf8
[2023-07-22T17:41:11+08:00][sql] SHOW FULL COLUMNS FROM `information` [ RunTime:0.001496s ]
[2023-07-22T17:41:11+08:00][sql] SELECT * FROM `information` WHERE  `id` = 8 LIMIT 1 [ RunTime:0.000306s ]
[2023-07-22T17:41:11+08:00][sql] SHOW FULL COLUMNS FROM `address` [ RunTime:0.000918s ]
[2023-07-22T17:41:11+08:00][sql] SELECT * FROM `address` WHERE  `id` = 1 LIMIT 1 [ RunTime:0.000241s ]
[2023-07-22T17:41:11+08:00][sql] SELECT * FROM `address` WHERE  `id` = 2 LIMIT 1 [ RunTime:0.000214s ]
[2023-07-22T18:07:45+08:00][sql] CONNECT:[ UseTime:0.000450s ] mysql:host=localhost;port=3316;dbname=coffee;charset=utf8
[2023-07-22T18:07:45+08:00][sql] SHOW FULL COLUMNS FROM `information` [ RunTime:0.001537s ]
[2023-07-22T18:07:45+08:00][sql] SELECT * FROM `information` WHERE  `id` = 14 LIMIT 1 [ RunTime:0.000375s ]
[2023-07-22T18:07:45+08:00][sql] SHOW FULL COLUMNS FROM `address` [ RunTime:0.001414s ]
[2023-07-22T18:07:45+08:00][sql] SELECT * FROM `address` WHERE  `id` = 1 LIMIT 1 [ RunTime:0.000261s ]
[2023-07-22T18:07:45+08:00][sql] SELECT * FROM `address` WHERE  `id` = 2 LIMIT 1 [ RunTime:0.000211s ]
[2023-07-22T18:10:50+08:00][sql] CONNECT:[ UseTime:0.000517s ] mysql:host=localhost;port=3316;dbname=coffee;charset=utf8
[2023-07-22T18:10:50+08:00][sql] SHOW FULL COLUMNS FROM `information` [ RunTime:0.001919s ]
[2023-07-22T18:10:50+08:00][sql] SELECT * FROM `information` WHERE  `id` = 14 LIMIT 1 [ RunTime:0.000381s ]
[2023-07-22T18:10:50+08:00][sql] SHOW FULL COLUMNS FROM `address` [ RunTime:0.001310s ]
[2023-07-22T18:10:50+08:00][sql] SELECT * FROM `address` WHERE  `id` = 1 LIMIT 1 [ RunTime:0.000264s ]
[2023-07-22T18:10:50+08:00][sql] SELECT * FROM `address` WHERE  `id` = 2 LIMIT 1 [ RunTime:0.000200s ]
[2023-07-22T18:53:20+08:00][sql] CONNECT:[ UseTime:0.000439s ] mysql:host=localhost;port=3316;dbname=coffee;charset=utf8
[2023-07-22T18:53:20+08:00][sql] SHOW FULL COLUMNS FROM `information` [ RunTime:0.001442s ]
[2023-07-22T18:53:20+08:00][sql] SELECT * FROM `information` WHERE  `id` = 21 LIMIT 1 [ RunTime:0.000333s ]
[2023-07-22T18:53:20+08:00][sql] SHOW FULL COLUMNS FROM `address` [ RunTime:0.000975s ]
[2023-07-22T18:53:20+08:00][sql] SELECT * FROM `address` WHERE  `id` = 1 LIMIT 1 [ RunTime:0.000262s ]
[2023-07-22T18:53:20+08:00][sql] SELECT * FROM `address` WHERE  `id` = 2 LIMIT 1 [ RunTime:0.000217s ]
[2023-07-22T19:01:00+08:00][sql] CONNECT:[ UseTime:0.000497s ] mysql:host=localhost;port=3316;dbname=coffee;charset=utf8
[2023-07-22T19:01:00+08:00][sql] SHOW FULL COLUMNS FROM `information` [ RunTime:0.001791s ]
[2023-07-22T19:01:00+08:00][sql] SELECT * FROM `information` WHERE  `id` = 21 LIMIT 1 [ RunTime:0.000378s ]
[2023-07-22T19:01:00+08:00][sql] SHOW FULL COLUMNS FROM `address` [ RunTime:0.000947s ]
[2023-07-22T19:01:00+08:00][sql] SELECT * FROM `address` WHERE  `id` = 1 LIMIT 1 [ RunTime:0.000230s ]
[2023-07-22T19:01:00+08:00][sql] SELECT * FROM `address` WHERE  `id` = 2 LIMIT 1 [ RunTime:0.000198s ]
[2023-07-22T19:52:47+08:00][sql] CONNECT:[ UseTime:0.000512s ] mysql:host=localhost;port=3316;dbname=coffee;charset=utf8
[2023-07-22T19:52:47+08:00][sql] SHOW FULL COLUMNS FROM `information` [ RunTime:0.001511s ]
[2023-07-22T19:52:47+08:00][sql] SELECT * FROM `information` WHERE  `id` = 14 LIMIT 1 [ RunTime:0.000329s ]
[2023-07-22T19:52:47+08:00][sql] SHOW FULL COLUMNS FROM `address` [ RunTime:0.001005s ]
[2023-07-22T19:52:47+08:00][sql] SELECT * FROM `address` WHERE  `id` = 1 LIMIT 1 [ RunTime:0.000286s ]
[2023-07-22T19:52:47+08:00][sql] SELECT * FROM `address` WHERE  `id` = 2 LIMIT 1 [ RunTime:0.000248s ]
[2023-07-22T20:37:47+08:00][sql] CONNECT:[ UseTime:0.000472s ] mysql:host=localhost;port=3316;dbname=coffee;charset=utf8
[2023-07-22T20:37:47+08:00][sql] SHOW FULL COLUMNS FROM `information` [ RunTime:0.001499s ]
[2023-07-22T20:37:47+08:00][sql] SELECT * FROM `information` WHERE  `id` = 8 LIMIT 1 [ RunTime:0.000344s ]
[2023-07-22T20:37:47+08:00][sql] SHOW FULL COLUMNS FROM `address` [ RunTime:0.000921s ]
[2023-07-22T20:37:47+08:00][sql] SELECT * FROM `address` WHERE  `id` = 1 LIMIT 1 [ RunTime:0.000256s ]
[2023-07-22T20:37:47+08:00][sql] SELECT * FROM `address` WHERE  `id` = 2 LIMIT 1 [ RunTime:0.000197s ]
[2023-07-22T21:11:08+08:00][sql] CONNECT:[ UseTime:0.000400s ] mysql:host=localhost;port=3316;dbname=coffee;charset=utf8
[2023-07-22T21:11:08+08:00][sql] SHOW FULL COLUMNS FROM `information` [ RunTime:0.001411s ]
[2023-07-22T21:11:08+08:00][sql] SELECT * FROM `information` WHERE  `id` = 15 LIMIT 1 [ RunTime:0.000286s ]
[2023-07-22T21:11:08+08:00][sql] SHOW FULL COLUMNS FROM `address` [ RunTime:0.000964s ]
[2023-07-22T21:11:08+08:00][sql] SELECT * FROM `address` WHERE  `id` = 1 LIMIT 1 [ RunTime:0.000258s ]
[2023-07-22T21:11:08+08:00][sql] SELECT * FROM `address` WHERE  `id` = 2 LIMIT 1 [ RunTime:0.000220s ]
[2023-07-22T21:11:10+08:00][sql] CONNECT:[ UseTime:0.000447s ] mysql:host=localhost;port=3316;dbname=coffee;charset=utf8
[2023-07-22T21:11:10+08:00][sql] SHOW FULL COLUMNS FROM `information` [ RunTime:0.001459s ]
[2023-07-22T21:11:10+08:00][sql] SELECT * FROM `information` WHERE  `id` = 15 LIMIT 1 [ RunTime:0.000324s ]
[2023-07-22T21:11:10+08:00][sql] SHOW FULL COLUMNS FROM `address` [ RunTime:0.000996s ]
[2023-07-22T21:11:10+08:00][sql] SELECT * FROM `address` WHERE  `id` = 1 LIMIT 1 [ RunTime:0.000269s ]
[2023-07-22T21:11:10+08:00][sql] SELECT * FROM `address` WHERE  `id` = 2 LIMIT 1 [ RunTime:0.000234s ]
[2023-07-22T21:15:37+08:00][sql] CONNECT:[ UseTime:0.000453s ] mysql:host=localhost;port=3316;dbname=coffee;charset=utf8
[2023-07-22T21:15:37+08:00][sql] SHOW FULL COLUMNS FROM `information` [ RunTime:0.001531s ]
[2023-07-22T21:15:37+08:00][sql] SELECT * FROM `information` WHERE  `id` = 15 LIMIT 1 [ RunTime:0.000306s ]
[2023-07-22T21:15:37+08:00][sql] SHOW FULL COLUMNS FROM `address` [ RunTime:0.000970s ]
[2023-07-22T21:15:37+08:00][sql] SELECT * FROM `address` WHERE  `id` = 1 LIMIT 1 [ RunTime:0.000256s ]
[2023-07-22T21:15:37+08:00][sql] SELECT * FROM `address` WHERE  `id` = 2 LIMIT 1 [ RunTime:0.000234s ]
[2023-07-22T23:50:58+08:00][sql] CONNECT:[ UseTime:0.000436s ] mysql:host=localhost;port=3316;dbname=coffee;charset=utf8
[2023-07-22T23:50:58+08:00][sql] SHOW FULL COLUMNS FROM `information` [ RunTime:0.001502s ]
[2023-07-22T23:50:58+08:00][sql] SELECT * FROM `information` WHERE  `id` = 21 LIMIT 1 [ RunTime:0.000302s ]
[2023-07-22T23:50:58+08:00][sql] SHOW FULL COLUMNS FROM `address` [ RunTime:0.000998s ]
[2023-07-22T23:50:58+08:00][sql] SELECT * FROM `address` WHERE  `id` = 1 LIMIT 1 [ RunTime:0.000275s ]
[2023-07-22T23:50:58+08:00][sql] SELECT * FROM `address` WHERE  `id` = 2 LIMIT 1 [ RunTime:0.000210s ]
[2023-07-22T23:57:13+08:00][sql] CONNECT:[ UseTime:0.000538s ] mysql:host=localhost;port=3316;dbname=coffee;charset=utf8
[2023-07-22T23:57:13+08:00][sql] SHOW FULL COLUMNS FROM `information` [ RunTime:0.001661s ]
[2023-07-22T23:57:13+08:00][sql] SELECT * FROM `information` WHERE  `id` = 21 LIMIT 1 [ RunTime:0.000323s ]
[2023-07-22T23:57:13+08:00][sql] SHOW FULL COLUMNS FROM `address` [ RunTime:0.001042s ]
[2023-07-22T23:57:13+08:00][sql] SELECT * FROM `address` WHERE  `id` = 1 LIMIT 1 [ RunTime:0.000276s ]
[2023-07-22T23:57:13+08:00][sql] SELECT * FROM `address` WHERE  `id` = 2 LIMIT 1 [ RunTime:0.000266s ]
