[2023-08-27T03:04:25+08:00][sql] CONNECT:[ UseTime:0.000481s ] mysql:host=localhost;port=3316;dbname=coffee;charset=utf8
[2023-08-27T03:04:25+08:00][sql] SHOW FULL COLUMNS FROM `information` [ RunTime:0.001489s ]
[2023-08-27T03:04:25+08:00][sql] SELECT * FROM `information` ORDER BY `time` DESC LIMIT 1 [ RunTime:0.000343s ]
[2023-08-27T03:04:25+08:00][sql] SHOW FULL COLUMNS FROM `topic` [ RunTime:0.000946s ]
[2023-08-27T03:04:25+08:00][sql] SELECT * FROM `topic` [ RunTime:0.000227s ]
[2023-08-27T03:04:25+08:00][sql] SELECT * FROM `information` WHERE  `topic_id` = 3 [ RunTime:0.000705s ]
[2023-08-27T03:04:25+08:00][sql] SHOW FULL COLUMNS FROM `address` [ RunTime:0.001007s ]
[2023-08-27T03:04:25+08:00][sql] SELECT * FROM `address` WHERE  `id` = 1 LIMIT 1 [ RunTime:0.000264s ]
[2023-08-27T03:04:25+08:00][sql] SELECT * FROM `address` WHERE  `id` = 2 LIMIT 1 [ RunTime:0.000208s ]
[2023-08-27T03:09:31+08:00][sql] CONNECT:[ UseTime:0.000446s ] mysql:host=localhost;port=3316;dbname=coffee;charset=utf8
[2023-08-27T03:09:31+08:00][sql] SHOW FULL COLUMNS FROM `information` [ RunTime:0.001379s ]
[2023-08-27T03:09:31+08:00][sql] SELECT * FROM `information` ORDER BY `time` DESC LIMIT 1 [ RunTime:0.000309s ]
[2023-08-27T03:09:31+08:00][sql] SHOW FULL COLUMNS FROM `topic` [ RunTime:0.000932s ]
[2023-08-27T03:09:31+08:00][sql] SELECT * FROM `topic` [ RunTime:0.000207s ]
[2023-08-27T03:09:31+08:00][sql] SELECT * FROM `information` WHERE  `topic_id` = 3 [ RunTime:0.000679s ]
[2023-08-27T03:09:31+08:00][sql] SHOW FULL COLUMNS FROM `address` [ RunTime:0.000896s ]
[2023-08-27T03:09:31+08:00][sql] SELECT * FROM `address` WHERE  `id` = 1 LIMIT 1 [ RunTime:0.000236s ]
[2023-08-27T03:09:31+08:00][sql] SELECT * FROM `address` WHERE  `id` = 2 LIMIT 1 [ RunTime:0.000249s ]
[2023-08-27T13:15:39+08:00][sql] CONNECT:[ UseTime:0.000459s ] mysql:host=localhost;port=3316;dbname=coffee;charset=utf8
[2023-08-27T13:15:39+08:00][sql] SHOW FULL COLUMNS FROM `information` [ RunTime:0.001410s ]
[2023-08-27T13:15:39+08:00][sql] SELECT * FROM `information` WHERE  `id` = 21 LIMIT 1 [ RunTime:0.000330s ]
[2023-08-27T13:15:39+08:00][sql] SHOW FULL COLUMNS FROM `address` [ RunTime:0.000967s ]
[2023-08-27T13:15:39+08:00][sql] SELECT * FROM `address` WHERE  `id` = 1 LIMIT 1 [ RunTime:0.000272s ]
[2023-08-27T13:15:39+08:00][sql] SELECT * FROM `address` WHERE  `id` = 2 LIMIT 1 [ RunTime:0.000217s ]
[2023-08-27T13:15:39+08:00][sql] CONNECT:[ UseTime:0.000399s ] mysql:host=localhost;port=3316;dbname=coffee;charset=utf8
[2023-08-27T13:15:39+08:00][sql] SHOW FULL COLUMNS FROM `information` [ RunTime:0.001371s ]
[2023-08-27T13:15:39+08:00][sql] SELECT * FROM `information` WHERE  `id` = 20 LIMIT 1 [ RunTime:0.000308s ]
[2023-08-27T13:15:39+08:00][sql] SHOW FULL COLUMNS FROM `address` [ RunTime:0.000899s ]
[2023-08-27T13:15:39+08:00][sql] SELECT * FROM `address` WHERE  `id` = 1 LIMIT 1 [ RunTime:0.000223s ]
[2023-08-27T13:15:39+08:00][sql] SELECT * FROM `address` WHERE  `id` = 2 LIMIT 1 [ RunTime:0.000212s ]
[2023-08-27T13:15:40+08:00][sql] CONNECT:[ UseTime:0.000454s ] mysql:host=localhost;port=3316;dbname=coffee;charset=utf8
[2023-08-27T13:15:40+08:00][sql] SHOW FULL COLUMNS FROM `information` [ RunTime:0.001466s ]
[2023-08-27T13:15:40+08:00][sql] SELECT * FROM `information` WHERE  `id` = 19 LIMIT 1 [ RunTime:0.000288s ]
[2023-08-27T13:15:40+08:00][sql] SHOW FULL COLUMNS FROM `address` [ RunTime:0.000982s ]
[2023-08-27T13:15:40+08:00][sql] SELECT * FROM `address` WHERE  `id` = 1 LIMIT 1 [ RunTime:0.000292s ]
[2023-08-27T13:15:40+08:00][sql] SELECT * FROM `address` WHERE  `id` = 2 LIMIT 1 [ RunTime:0.000198s ]
[2023-08-27T13:15:40+08:00][sql] CONNECT:[ UseTime:0.000417s ] mysql:host=localhost;port=3316;dbname=coffee;charset=utf8
[2023-08-27T13:15:40+08:00][sql] SHOW FULL COLUMNS FROM `information` [ RunTime:0.001354s ]
[2023-08-27T13:15:40+08:00][sql] SELECT * FROM `information` WHERE  `id` = 18 LIMIT 1 [ RunTime:0.000288s ]
[2023-08-27T13:15:40+08:00][sql] SHOW FULL COLUMNS FROM `address` [ RunTime:0.000891s ]
[2023-08-27T13:15:40+08:00][sql] SELECT * FROM `address` WHERE  `id` = 1 LIMIT 1 [ RunTime:0.000238s ]
[2023-08-27T13:15:40+08:00][sql] SELECT * FROM `address` WHERE  `id` = 2 LIMIT 1 [ RunTime:0.000213s ]
[2023-08-27T13:15:40+08:00][sql] CONNECT:[ UseTime:0.000446s ] mysql:host=localhost;port=3316;dbname=coffee;charset=utf8
[2023-08-27T13:15:40+08:00][sql] SHOW FULL COLUMNS FROM `information` [ RunTime:0.001533s ]
[2023-08-27T13:15:40+08:00][sql] SELECT * FROM `information` WHERE  `id` = 17 LIMIT 1 [ RunTime:0.000308s ]
[2023-08-27T13:15:40+08:00][sql] SHOW FULL COLUMNS FROM `address` [ RunTime:0.000995s ]
[2023-08-27T13:15:40+08:00][sql] SELECT * FROM `address` WHERE  `id` = 1 LIMIT 1 [ RunTime:0.000291s ]
[2023-08-27T13:15:40+08:00][sql] SELECT * FROM `address` WHERE  `id` = 2 LIMIT 1 [ RunTime:0.000257s ]
[2023-08-27T13:15:49+08:00][sql] CONNECT:[ UseTime:0.000532s ] mysql:host=localhost;port=3316;dbname=coffee;charset=utf8
[2023-08-27T13:15:49+08:00][sql] SHOW FULL COLUMNS FROM `information` [ RunTime:0.001590s ]
[2023-08-27T13:15:49+08:00][sql] SELECT * FROM `information` ORDER BY `time` DESC LIMIT 1 [ RunTime:0.000398s ]
[2023-08-27T13:15:49+08:00][sql] SHOW FULL COLUMNS FROM `topic` [ RunTime:0.001153s ]
[2023-08-27T13:15:49+08:00][sql] SELECT * FROM `topic` [ RunTime:0.000281s ]
[2023-08-27T13:15:49+08:00][sql] SELECT * FROM `information` ORDER BY `time` DESC [ RunTime:0.000840s ]
[2023-08-27T13:15:49+08:00][sql] SHOW FULL COLUMNS FROM `address` [ RunTime:0.001359s ]
[2023-08-27T13:15:49+08:00][sql] SELECT * FROM `address` WHERE  `id` = 1 LIMIT 1 [ RunTime:0.000319s ]
[2023-08-27T13:15:49+08:00][sql] SELECT * FROM `address` WHERE  `id` = 2 LIMIT 1 [ RunTime:0.000241s ]
[2023-08-27T13:18:58+08:00][sql] CONNECT:[ UseTime:0.000574s ] mysql:host=localhost;port=3316;dbname=coffee;charset=utf8
[2023-08-27T13:18:58+08:00][sql] SHOW FULL COLUMNS FROM `information` [ RunTime:0.002130s ]
[2023-08-27T13:18:58+08:00][sql] SELECT * FROM `information` WHERE  `id` = 21 LIMIT 1 [ RunTime:0.000403s ]
[2023-08-27T13:18:58+08:00][sql] SHOW FULL COLUMNS FROM `address` [ RunTime:0.001400s ]
[2023-08-27T13:18:58+08:00][sql] SELECT * FROM `address` WHERE  `id` = 1 LIMIT 1 [ RunTime:0.000316s ]
[2023-08-27T13:18:58+08:00][sql] SELECT * FROM `address` WHERE  `id` = 2 LIMIT 1 [ RunTime:0.000287s ]
[2023-08-27T13:20:35+08:00][sql] CONNECT:[ UseTime:0.000450s ] mysql:host=localhost;port=3316;dbname=coffee;charset=utf8
[2023-08-27T13:20:35+08:00][sql] SHOW FULL COLUMNS FROM `information` [ RunTime:0.001460s ]
[2023-08-27T13:20:35+08:00][sql] SELECT * FROM `information` WHERE  `id` = 20 LIMIT 1 [ RunTime:0.000354s ]
[2023-08-27T13:20:35+08:00][sql] SHOW FULL COLUMNS FROM `address` [ RunTime:0.001018s ]
[2023-08-27T13:20:35+08:00][sql] SELECT * FROM `address` WHERE  `id` = 1 LIMIT 1 [ RunTime:0.000274s ]
[2023-08-27T13:20:35+08:00][sql] SELECT * FROM `address` WHERE  `id` = 2 LIMIT 1 [ RunTime:0.000215s ]
[2023-08-27T13:21:00+08:00][sql] CONNECT:[ UseTime:0.000435s ] mysql:host=localhost;port=3316;dbname=coffee;charset=utf8
[2023-08-27T13:21:00+08:00][sql] SHOW FULL COLUMNS FROM `information` [ RunTime:0.001500s ]
[2023-08-27T13:21:00+08:00][sql] SELECT * FROM `information` WHERE  `id` = 19 LIMIT 1 [ RunTime:0.000281s ]
[2023-08-27T13:21:00+08:00][sql] SHOW FULL COLUMNS FROM `address` [ RunTime:0.001066s ]
[2023-08-27T13:21:00+08:00][sql] SELECT * FROM `address` WHERE  `id` = 1 LIMIT 1 [ RunTime:0.000269s ]
[2023-08-27T13:21:00+08:00][sql] SELECT * FROM `address` WHERE  `id` = 2 LIMIT 1 [ RunTime:0.000240s ]
[2023-08-27T13:21:53+08:00][sql] CONNECT:[ UseTime:0.000469s ] mysql:host=localhost;port=3316;dbname=coffee;charset=utf8
[2023-08-27T13:21:53+08:00][sql] SHOW FULL COLUMNS FROM `information` [ RunTime:0.001385s ]
[2023-08-27T13:21:53+08:00][sql] SELECT * FROM `information` WHERE  `id` = 18 LIMIT 1 [ RunTime:0.000292s ]
[2023-08-27T13:21:53+08:00][sql] SHOW FULL COLUMNS FROM `address` [ RunTime:0.000948s ]
[2023-08-27T13:21:53+08:00][sql] SELECT * FROM `address` WHERE  `id` = 1 LIMIT 1 [ RunTime:0.000232s ]
[2023-08-27T13:21:53+08:00][sql] SELECT * FROM `address` WHERE  `id` = 2 LIMIT 1 [ RunTime:0.000210s ]
[2023-08-27T13:24:44+08:00][sql] CONNECT:[ UseTime:0.000493s ] mysql:host=localhost;port=3316;dbname=coffee;charset=utf8
[2023-08-27T13:24:44+08:00][sql] SHOW FULL COLUMNS FROM `information` [ RunTime:0.001575s ]
[2023-08-27T13:24:44+08:00][sql] SELECT * FROM `information` WHERE  `id` = 17 LIMIT 1 [ RunTime:0.000371s ]
[2023-08-27T13:24:44+08:00][sql] SHOW FULL COLUMNS FROM `address` [ RunTime:0.001048s ]
[2023-08-27T13:24:44+08:00][sql] SELECT * FROM `address` WHERE  `id` = 1 LIMIT 1 [ RunTime:0.000243s ]
[2023-08-27T13:24:44+08:00][sql] SELECT * FROM `address` WHERE  `id` = 2 LIMIT 1 [ RunTime:0.000215s ]
[2023-08-27T13:31:11+08:00][sql] CONNECT:[ UseTime:0.000502s ] mysql:host=localhost;port=3316;dbname=coffee;charset=utf8
[2023-08-27T13:31:11+08:00][sql] SHOW FULL COLUMNS FROM `information` [ RunTime:0.001999s ]
[2023-08-27T13:31:11+08:00][sql] SELECT * FROM `information` WHERE  `id` = 9 LIMIT 1 [ RunTime:0.000435s ]
[2023-08-27T13:31:11+08:00][sql] SHOW FULL COLUMNS FROM `address` [ RunTime:0.001497s ]
[2023-08-27T13:31:11+08:00][sql] SELECT * FROM `address` WHERE  `id` = 1 LIMIT 1 [ RunTime:0.000328s ]
[2023-08-27T13:31:11+08:00][sql] SELECT * FROM `address` WHERE  `id` = 2 LIMIT 1 [ RunTime:0.000228s ]
[2023-08-27T14:29:09+08:00][sql] CONNECT:[ UseTime:0.000435s ] mysql:host=localhost;port=3316;dbname=coffee;charset=utf8
[2023-08-27T14:29:09+08:00][sql] SHOW FULL COLUMNS FROM `information` [ RunTime:0.001446s ]
[2023-08-27T14:29:09+08:00][sql] SELECT * FROM `information` ORDER BY `time` DESC LIMIT 1 [ RunTime:0.000312s ]
[2023-08-27T14:29:09+08:00][sql] SHOW FULL COLUMNS FROM `topic` [ RunTime:0.001251s ]
[2023-08-27T14:29:09+08:00][sql] SELECT * FROM `topic` [ RunTime:0.000259s ]
[2023-08-27T14:29:09+08:00][sql] SELECT * FROM `information` ORDER BY `time` DESC [ RunTime:0.001177s ]
[2023-08-27T14:29:09+08:00][sql] SHOW FULL COLUMNS FROM `address` [ RunTime:0.000981s ]
[2023-08-27T14:29:09+08:00][sql] SELECT * FROM `address` WHERE  `id` = 1 LIMIT 1 [ RunTime:0.000242s ]
[2023-08-27T14:29:09+08:00][sql] SELECT * FROM `address` WHERE  `id` = 2 LIMIT 1 [ RunTime:0.000197s ]
