[2022-11-02T00:10:16+08:00][sql] CONNECT:[ UseTime:0.000399s ] mysql:host=localhost;port=3316;dbname=coffee;charset=utf8
[2022-11-02T00:10:16+08:00][sql] SHOW FULL COLUMNS FROM `course` [ RunTime:0.001521s ]
[2022-11-02T00:10:16+08:00][sql] SELECT `id`,`title`,`price`,`days`,`time` FROM `course` WHERE  `is_time` = 1 ORDER BY `sorting` ASC [ RunTime:0.000971s ]
[2022-11-02T00:10:16+08:00][sql] SELECT `id`,`title` FROM `course` WHERE  `status` = 1 [ RunTime:0.000257s ]
[2022-11-02T00:10:16+08:00][sql] SELECT `id`,`title` FROM `course` WHERE  `status` = 2 [ RunTime:0.000238s ]
[2022-11-02T00:10:16+08:00][sql] SHOW FULL COLUMNS FROM `address` [ RunTime:0.000986s ]
[2022-11-02T00:10:16+08:00][sql] SELECT * FROM `address` WHERE  `id` = 1 LIMIT 1 [ RunTime:0.000279s ]
[2022-11-02T00:10:16+08:00][sql] SELECT * FROM `address` WHERE  `id` = 2 LIMIT 1 [ RunTime:0.000268s ]
[2022-11-02T00:15:48+08:00][sql] CONNECT:[ UseTime:0.000392s ] mysql:host=localhost;port=3316;dbname=coffee;charset=utf8
[2022-11-02T00:15:48+08:00][sql] SHOW FULL COLUMNS FROM `course` [ RunTime:0.001421s ]
[2022-11-02T00:15:48+08:00][sql] SELECT `id`,`title`,`price`,`days`,`time` FROM `course` WHERE  `is_time` = 1 ORDER BY `sorting` ASC [ RunTime:0.000963s ]
[2022-11-02T00:15:48+08:00][sql] SELECT `id`,`title` FROM `course` WHERE  `status` = 1 [ RunTime:0.000295s ]
[2022-11-02T00:15:48+08:00][sql] SELECT `id`,`title` FROM `course` WHERE  `status` = 2 [ RunTime:0.000199s ]
[2022-11-02T00:15:48+08:00][sql] SHOW FULL COLUMNS FROM `address` [ RunTime:0.001030s ]
[2022-11-02T00:15:48+08:00][sql] SELECT * FROM `address` WHERE  `id` = 1 LIMIT 1 [ RunTime:0.000245s ]
[2022-11-02T00:15:48+08:00][sql] SELECT * FROM `address` WHERE  `id` = 2 LIMIT 1 [ RunTime:0.000212s ]
[2022-11-02T00:23:17+08:00][sql] CONNECT:[ UseTime:0.000475s ] mysql:host=localhost;port=3316;dbname=coffee;charset=utf8
[2022-11-02T00:23:17+08:00][sql] SHOW FULL COLUMNS FROM `course` [ RunTime:0.001498s ]
[2022-11-02T00:23:17+08:00][sql] SELECT * FROM `course` WHERE  `id` = 7 LIMIT 1 [ RunTime:0.000266s ]
[2022-11-02T00:23:17+08:00][sql] SHOW FULL COLUMNS FROM `teacher` [ RunTime:0.000863s ]
[2022-11-02T00:23:17+08:00][sql] SELECT `teacher_name`,`teacher_title`,`teacher_avatar` FROM `teacher` WHERE  `id` = 1 LIMIT 1 [ RunTime:0.000230s ]
[2022-11-02T00:23:17+08:00][sql] SHOW FULL COLUMNS FROM `address` [ RunTime:0.000832s ]
[2022-11-02T00:23:17+08:00][sql] SELECT * FROM `address` WHERE  `id` = 1 LIMIT 1 [ RunTime:0.000226s ]
[2022-11-02T00:23:17+08:00][sql] SELECT * FROM `address` WHERE  `id` = 2 LIMIT 1 [ RunTime:0.000190s ]
[2022-11-02T02:33:54+08:00][sql] CONNECT:[ UseTime:0.000493s ] mysql:host=localhost;port=3316;dbname=coffee;charset=utf8
[2022-11-02T02:33:54+08:00][sql] SHOW FULL COLUMNS FROM `course` [ RunTime:0.001371s ]
[2022-11-02T02:33:54+08:00][sql] SELECT * FROM `course` WHERE  `id` = 4 LIMIT 1 [ RunTime:0.000334s ]
[2022-11-02T02:33:54+08:00][sql] SHOW FULL COLUMNS FROM `teacher` [ RunTime:0.001047s ]
[2022-11-02T02:33:54+08:00][sql] SELECT `teacher_name`,`teacher_title`,`teacher_avatar` FROM `teacher` WHERE  `id` = 2 LIMIT 1 [ RunTime:0.000250s ]
[2022-11-02T02:33:54+08:00][sql] SHOW FULL COLUMNS FROM `address` [ RunTime:0.001145s ]
[2022-11-02T02:33:54+08:00][sql] SELECT * FROM `address` WHERE  `id` = 1 LIMIT 1 [ RunTime:0.000267s ]
[2022-11-02T02:33:54+08:00][sql] SELECT * FROM `address` WHERE  `id` = 2 LIMIT 1 [ RunTime:0.000318s ]
[2022-11-02T02:38:09+08:00][sql] CONNECT:[ UseTime:0.000422s ] mysql:host=localhost;port=3316;dbname=coffee;charset=utf8
[2022-11-02T02:38:09+08:00][sql] SHOW FULL COLUMNS FROM `course` [ RunTime:0.001455s ]
[2022-11-02T02:38:09+08:00][sql] SELECT * FROM `course` WHERE  `id` = 4 LIMIT 1 [ RunTime:0.000322s ]
[2022-11-02T02:38:09+08:00][sql] SHOW FULL COLUMNS FROM `teacher` [ RunTime:0.001065s ]
[2022-11-02T02:38:09+08:00][sql] SELECT `teacher_name`,`teacher_title`,`teacher_avatar` FROM `teacher` WHERE  `id` = 2 LIMIT 1 [ RunTime:0.000263s ]
[2022-11-02T02:38:09+08:00][sql] SHOW FULL COLUMNS FROM `address` [ RunTime:0.000928s ]
[2022-11-02T02:38:09+08:00][sql] SELECT * FROM `address` WHERE  `id` = 1 LIMIT 1 [ RunTime:0.000269s ]
[2022-11-02T02:38:09+08:00][sql] SELECT * FROM `address` WHERE  `id` = 2 LIMIT 1 [ RunTime:0.000306s ]
[2022-11-02T17:15:15+08:00][sql] CONNECT:[ UseTime:0.000375s ] mysql:host=localhost;port=3316;dbname=coffee;charset=utf8
[2022-11-02T17:15:15+08:00][sql] SHOW FULL COLUMNS FROM `course` [ RunTime:0.001434s ]
[2022-11-02T17:15:15+08:00][sql] SELECT * FROM `course` WHERE  `id` = 7 LIMIT 1 [ RunTime:0.000329s ]
[2022-11-02T17:15:15+08:00][sql] SHOW FULL COLUMNS FROM `teacher` [ RunTime:0.001021s ]
[2022-11-02T17:15:15+08:00][sql] SELECT `teacher_name`,`teacher_title`,`teacher_avatar` FROM `teacher` WHERE  `id` = 1 LIMIT 1 [ RunTime:0.000286s ]
[2022-11-02T17:15:15+08:00][sql] SHOW FULL COLUMNS FROM `address` [ RunTime:0.000987s ]
[2022-11-02T17:15:15+08:00][sql] SELECT * FROM `address` WHERE  `id` = 1 LIMIT 1 [ RunTime:0.000282s ]
[2022-11-02T17:15:15+08:00][sql] SELECT * FROM `address` WHERE  `id` = 2 LIMIT 1 [ RunTime:0.000251s ]
