[2022-11-03T03:06:03+08:00][sql] CONNECT:[ UseTime:0.000338s ] mysql:host=localhost;port=3316;dbname=coffee;charset=utf8
[2022-11-03T03:06:03+08:00][sql] SHOW FULL COLUMNS FROM `course` [ RunTime:0.001478s ]
[2022-11-03T03:06:03+08:00][sql] SELECT * FROM `course` WHERE  `id` = 6 LIMIT 1 [ RunTime:0.000965s ]
[2022-11-03T03:06:03+08:00][sql] SHOW FULL COLUMNS FROM `teacher` [ RunTime:0.000930s ]
[2022-11-03T03:06:03+08:00][sql] SELECT `teacher_name`,`teacher_title`,`teacher_avatar` FROM `teacher` WHERE  `id` = 1 LIMIT 1 [ RunTime:0.000262s ]
[2022-11-03T03:06:03+08:00][sql] SHOW FULL COLUMNS FROM `address` [ RunTime:0.000922s ]
[2022-11-03T03:06:03+08:00][sql] SELECT * FROM `address` WHERE  `id` = 1 LIMIT 1 [ RunTime:0.000283s ]
[2022-11-03T03:06:03+08:00][sql] SELECT * FROM `address` WHERE  `id` = 2 LIMIT 1 [ RunTime:0.000240s ]
[2022-11-03T03:09:43+08:00][sql] CONNECT:[ UseTime:0.000400s ] mysql:host=localhost;port=3316;dbname=coffee;charset=utf8
[2022-11-03T03:09:43+08:00][sql] SHOW FULL COLUMNS FROM `course` [ RunTime:0.001500s ]
[2022-11-03T03:09:43+08:00][sql] SELECT * FROM `course` WHERE  `id` = 6 LIMIT 1 [ RunTime:0.000379s ]
[2022-11-03T03:09:43+08:00][sql] SHOW FULL COLUMNS FROM `teacher` [ RunTime:0.000910s ]
[2022-11-03T03:09:43+08:00][sql] SELECT `teacher_name`,`teacher_title`,`teacher_avatar` FROM `teacher` WHERE  `id` = 1 LIMIT 1 [ RunTime:0.000235s ]
[2022-11-03T03:09:43+08:00][sql] SHOW FULL COLUMNS FROM `address` [ RunTime:0.000883s ]
[2022-11-03T03:09:43+08:00][sql] SELECT * FROM `address` WHERE  `id` = 1 LIMIT 1 [ RunTime:0.000246s ]
[2022-11-03T03:09:43+08:00][sql] SELECT * FROM `address` WHERE  `id` = 2 LIMIT 1 [ RunTime:0.000227s ]
[2022-11-03T06:38:20+08:00][sql] CONNECT:[ UseTime:0.000390s ] mysql:host=localhost;port=3316;dbname=coffee;charset=utf8
[2022-11-03T06:38:20+08:00][sql] SHOW FULL COLUMNS FROM `course` [ RunTime:0.001373s ]
[2022-11-03T06:38:20+08:00][sql] SELECT `id`,`title`,`price`,`days`,`time` FROM `course` WHERE  `is_time` = 1 ORDER BY `sorting` ASC [ RunTime:0.000786s ]
[2022-11-03T06:38:20+08:00][sql] SELECT `id`,`title` FROM `course` WHERE  `status` = 1 [ RunTime:0.000312s ]
[2022-11-03T06:38:20+08:00][sql] SELECT `id`,`title` FROM `course` WHERE  `status` = 2 [ RunTime:0.000202s ]
[2022-11-03T06:38:20+08:00][sql] SHOW FULL COLUMNS FROM `address` [ RunTime:0.000851s ]
[2022-11-03T06:38:20+08:00][sql] SELECT * FROM `address` WHERE  `id` = 1 LIMIT 1 [ RunTime:0.000240s ]
[2022-11-03T06:38:20+08:00][sql] SELECT * FROM `address` WHERE  `id` = 2 LIMIT 1 [ RunTime:0.000209s ]
[2022-11-03T08:25:32+08:00][sql] CONNECT:[ UseTime:0.000377s ] mysql:host=localhost;port=3316;dbname=coffee;charset=utf8
[2022-11-03T08:25:32+08:00][sql] SHOW FULL COLUMNS FROM `course` [ RunTime:0.001464s ]
[2022-11-03T08:25:32+08:00][sql] SELECT * FROM `course` WHERE  `id` = 5 LIMIT 1 [ RunTime:0.000980s ]
[2022-11-03T08:25:32+08:00][sql] SHOW FULL COLUMNS FROM `teacher` [ RunTime:0.000981s ]
[2022-11-03T08:25:32+08:00][sql] SELECT `teacher_name`,`teacher_title`,`teacher_avatar` FROM `teacher` WHERE  `id` = 1 LIMIT 1 [ RunTime:0.000225s ]
[2022-11-03T08:25:32+08:00][sql] SELECT `teacher_name`,`teacher_title`,`teacher_avatar` FROM `teacher` WHERE  `id` = 2 LIMIT 1 [ RunTime:0.000192s ]
[2022-11-03T08:25:32+08:00][sql] SHOW FULL COLUMNS FROM `address` [ RunTime:0.000920s ]
[2022-11-03T08:25:32+08:00][sql] SELECT * FROM `address` WHERE  `id` = 1 LIMIT 1 [ RunTime:0.000252s ]
[2022-11-03T08:25:32+08:00][sql] SELECT * FROM `address` WHERE  `id` = 2 LIMIT 1 [ RunTime:0.000232s ]
[2022-11-03T08:35:49+08:00][sql] CONNECT:[ UseTime:0.000394s ] mysql:host=localhost;port=3316;dbname=coffee;charset=utf8
[2022-11-03T08:35:49+08:00][sql] SHOW FULL COLUMNS FROM `course` [ RunTime:0.002079s ]
[2022-11-03T08:35:49+08:00][sql] SELECT * FROM `course` WHERE  `id` = 5 LIMIT 1 [ RunTime:0.000976s ]
[2022-11-03T08:35:49+08:00][sql] SHOW FULL COLUMNS FROM `teacher` [ RunTime:0.001014s ]
[2022-11-03T08:35:49+08:00][sql] SELECT `teacher_name`,`teacher_title`,`teacher_avatar` FROM `teacher` WHERE  `id` = 1 LIMIT 1 [ RunTime:0.000221s ]
[2022-11-03T08:35:49+08:00][sql] SELECT `teacher_name`,`teacher_title`,`teacher_avatar` FROM `teacher` WHERE  `id` = 2 LIMIT 1 [ RunTime:0.000219s ]
[2022-11-03T08:35:49+08:00][sql] SHOW FULL COLUMNS FROM `address` [ RunTime:0.000959s ]
[2022-11-03T08:35:49+08:00][sql] SELECT * FROM `address` WHERE  `id` = 1 LIMIT 1 [ RunTime:0.000225s ]
[2022-11-03T08:35:49+08:00][sql] SELECT * FROM `address` WHERE  `id` = 2 LIMIT 1 [ RunTime:0.000211s ]
[2022-11-03T10:28:31+08:00][sql] CONNECT:[ UseTime:0.000433s ] mysql:host=localhost;port=3316;dbname=coffee;charset=utf8
[2022-11-03T10:28:31+08:00][sql] SHOW FULL COLUMNS FROM `course` [ RunTime:0.001564s ]
[2022-11-03T10:28:31+08:00][sql] SELECT `id`,`title`,`price`,`days`,`time` FROM `course` WHERE  `is_time` = 1 ORDER BY `sorting` ASC [ RunTime:0.001030s ]
[2022-11-03T10:28:31+08:00][sql] SELECT `id`,`title` FROM `course` WHERE  `status` = 1 [ RunTime:0.000252s ]
[2022-11-03T10:28:31+08:00][sql] SELECT `id`,`title` FROM `course` WHERE  `status` = 2 [ RunTime:0.000234s ]
[2022-11-03T10:28:31+08:00][sql] SHOW FULL COLUMNS FROM `address` [ RunTime:0.001071s ]
[2022-11-03T10:28:31+08:00][sql] SELECT * FROM `address` WHERE  `id` = 1 LIMIT 1 [ RunTime:0.000294s ]
[2022-11-03T10:28:31+08:00][sql] SELECT * FROM `address` WHERE  `id` = 2 LIMIT 1 [ RunTime:0.000247s ]
[2022-11-03T10:33:34+08:00][sql] CONNECT:[ UseTime:0.000480s ] mysql:host=localhost;port=3316;dbname=coffee;charset=utf8
[2022-11-03T10:33:34+08:00][sql] SHOW FULL COLUMNS FROM `course` [ RunTime:0.001979s ]
[2022-11-03T10:33:34+08:00][sql] SELECT `id`,`title`,`price`,`days`,`time` FROM `course` WHERE  `is_time` = 1 ORDER BY `sorting` ASC [ RunTime:0.000830s ]
[2022-11-03T10:33:34+08:00][sql] SELECT `id`,`title` FROM `course` WHERE  `status` = 1 [ RunTime:0.000288s ]
[2022-11-03T10:33:34+08:00][sql] SELECT `id`,`title` FROM `course` WHERE  `status` = 2 [ RunTime:0.000256s ]
[2022-11-03T10:33:34+08:00][sql] SHOW FULL COLUMNS FROM `address` [ RunTime:0.001323s ]
[2022-11-03T10:33:34+08:00][sql] SELECT * FROM `address` WHERE  `id` = 1 LIMIT 1 [ RunTime:0.000318s ]
[2022-11-03T10:33:34+08:00][sql] SELECT * FROM `address` WHERE  `id` = 2 LIMIT 1 [ RunTime:0.000251s ]
[2022-11-03T12:04:11+08:00][sql] CONNECT:[ UseTime:0.000405s ] mysql:host=localhost;port=3316;dbname=coffee;charset=utf8
[2022-11-03T12:04:11+08:00][sql] SHOW FULL COLUMNS FROM `course` [ RunTime:0.001356s ]
[2022-11-03T12:04:11+08:00][sql] SELECT * FROM `course` WHERE  `id` = 4 LIMIT 1 [ RunTime:0.000921s ]
[2022-11-03T12:04:11+08:00][sql] SHOW FULL COLUMNS FROM `teacher` [ RunTime:0.000864s ]
[2022-11-03T12:04:11+08:00][sql] SELECT `teacher_name`,`teacher_title`,`teacher_avatar` FROM `teacher` WHERE  `id` = 2 LIMIT 1 [ RunTime:0.000222s ]
[2022-11-03T12:04:11+08:00][sql] SHOW FULL COLUMNS FROM `address` [ RunTime:0.000880s ]
[2022-11-03T12:04:11+08:00][sql] SELECT * FROM `address` WHERE  `id` = 1 LIMIT 1 [ RunTime:0.000231s ]
[2022-11-03T12:04:11+08:00][sql] SELECT * FROM `address` WHERE  `id` = 2 LIMIT 1 [ RunTime:0.000189s ]
[2022-11-03T12:10:19+08:00][sql] CONNECT:[ UseTime:0.000363s ] mysql:host=localhost;port=3316;dbname=coffee;charset=utf8
[2022-11-03T12:10:19+08:00][sql] SHOW FULL COLUMNS FROM `course` [ RunTime:0.001363s ]
[2022-11-03T12:10:19+08:00][sql] SELECT * FROM `course` WHERE  `id` = 4 LIMIT 1 [ RunTime:0.000327s ]
[2022-11-03T12:10:19+08:00][sql] SHOW FULL COLUMNS FROM `teacher` [ RunTime:0.000902s ]
[2022-11-03T12:10:19+08:00][sql] SELECT `teacher_name`,`teacher_title`,`teacher_avatar` FROM `teacher` WHERE  `id` = 2 LIMIT 1 [ RunTime:0.000253s ]
[2022-11-03T12:10:19+08:00][sql] SHOW FULL COLUMNS FROM `address` [ RunTime:0.000947s ]
[2022-11-03T12:10:19+08:00][sql] SELECT * FROM `address` WHERE  `id` = 1 LIMIT 1 [ RunTime:0.000313s ]
[2022-11-03T12:10:19+08:00][sql] SELECT * FROM `address` WHERE  `id` = 2 LIMIT 1 [ RunTime:0.000236s ]
[2022-11-03T15:01:26+08:00][sql] CONNECT:[ UseTime:0.000385s ] mysql:host=localhost;port=3316;dbname=coffee;charset=utf8
[2022-11-03T15:01:26+08:00][sql] SHOW FULL COLUMNS FROM `course` [ RunTime:0.001433s ]
[2022-11-03T15:01:26+08:00][sql] SELECT * FROM `course` WHERE  `id` = 3 LIMIT 1 [ RunTime:0.000960s ]
[2022-11-03T15:01:26+08:00][sql] SHOW FULL COLUMNS FROM `teacher` [ RunTime:0.000912s ]
[2022-11-03T15:01:26+08:00][sql] SELECT `teacher_name`,`teacher_title`,`teacher_avatar` FROM `teacher` WHERE  `id` = 1 LIMIT 1 [ RunTime:0.000265s ]
[2022-11-03T15:01:26+08:00][sql] SHOW FULL COLUMNS FROM `address` [ RunTime:0.000878s ]
[2022-11-03T15:01:26+08:00][sql] SELECT * FROM `address` WHERE  `id` = 1 LIMIT 1 [ RunTime:0.000251s ]
[2022-11-03T15:01:26+08:00][sql] SELECT * FROM `address` WHERE  `id` = 2 LIMIT 1 [ RunTime:0.000199s ]
[2022-11-03T15:10:26+08:00][sql] CONNECT:[ UseTime:0.000454s ] mysql:host=localhost;port=3316;dbname=coffee;charset=utf8
[2022-11-03T15:10:26+08:00][sql] SHOW FULL COLUMNS FROM `course` [ RunTime:0.001395s ]
[2022-11-03T15:10:26+08:00][sql] SELECT * FROM `course` WHERE  `id` = 3 LIMIT 1 [ RunTime:0.000378s ]
[2022-11-03T15:10:26+08:00][sql] SHOW FULL COLUMNS FROM `teacher` [ RunTime:0.000865s ]
[2022-11-03T15:10:26+08:00][sql] SELECT `teacher_name`,`teacher_title`,`teacher_avatar` FROM `teacher` WHERE  `id` = 1 LIMIT 1 [ RunTime:0.000246s ]
[2022-11-03T15:10:26+08:00][sql] SHOW FULL COLUMNS FROM `address` [ RunTime:0.000872s ]
[2022-11-03T15:10:26+08:00][sql] SELECT * FROM `address` WHERE  `id` = 1 LIMIT 1 [ RunTime:0.000231s ]
[2022-11-03T15:10:26+08:00][sql] SELECT * FROM `address` WHERE  `id` = 2 LIMIT 1 [ RunTime:0.000207s ]
[2022-11-03T22:34:58+08:00][sql] CONNECT:[ UseTime:0.000400s ] mysql:host=localhost;port=3316;dbname=coffee;charset=utf8
[2022-11-03T22:34:58+08:00][sql] SHOW FULL COLUMNS FROM `course` [ RunTime:0.001658s ]
[2022-11-03T22:34:58+08:00][sql] SELECT * FROM `course` WHERE  `id` = 6 LIMIT 1 [ RunTime:0.000321s ]
[2022-11-03T22:34:58+08:00][sql] SHOW FULL COLUMNS FROM `teacher` [ RunTime:0.000872s ]
[2022-11-03T22:34:58+08:00][sql] SELECT `teacher_name`,`teacher_title`,`teacher_avatar` FROM `teacher` WHERE  `id` = 1 LIMIT 1 [ RunTime:0.000251s ]
[2022-11-03T22:34:58+08:00][sql] SHOW FULL COLUMNS FROM `address` [ RunTime:0.000905s ]
[2022-11-03T22:34:58+08:00][sql] SELECT * FROM `address` WHERE  `id` = 1 LIMIT 1 [ RunTime:0.000231s ]
[2022-11-03T22:34:58+08:00][sql] SELECT * FROM `address` WHERE  `id` = 2 LIMIT 1 [ RunTime:0.000212s ]
[2022-11-03T22:42:11+08:00][sql] CONNECT:[ UseTime:0.000460s ] mysql:host=localhost;port=3316;dbname=coffee;charset=utf8
[2022-11-03T22:42:11+08:00][sql] SHOW FULL COLUMNS FROM `course` [ RunTime:0.001432s ]
[2022-11-03T22:42:11+08:00][sql] SELECT * FROM `course` WHERE  `id` = 6 LIMIT 1 [ RunTime:0.000341s ]
[2022-11-03T22:42:11+08:00][sql] SHOW FULL COLUMNS FROM `teacher` [ RunTime:0.001164s ]
[2022-11-03T22:42:11+08:00][sql] SELECT `teacher_name`,`teacher_title`,`teacher_avatar` FROM `teacher` WHERE  `id` = 1 LIMIT 1 [ RunTime:0.000287s ]
[2022-11-03T22:42:11+08:00][sql] SHOW FULL COLUMNS FROM `address` [ RunTime:0.000943s ]
[2022-11-03T22:42:11+08:00][sql] SELECT * FROM `address` WHERE  `id` = 1 LIMIT 1 [ RunTime:0.000261s ]
[2022-11-03T22:42:11+08:00][sql] SELECT * FROM `address` WHERE  `id` = 2 LIMIT 1 [ RunTime:0.000279s ]
