[2022-11-09T01:26:44+08:00][sql] CONNECT:[ UseTime:0.000394s ] mysql:host=localhost;port=3316;dbname=coffee;charset=utf8
[2022-11-09T01:26:44+08:00][sql] SHOW FULL COLUMNS FROM `course` [ RunTime:0.001355s ]
[2022-11-09T01:26:44+08:00][sql] SELECT * FROM `course` WHERE  `id` = 1 LIMIT 1 [ RunTime:0.000789s ]
[2022-11-09T01:26:44+08:00][sql] SHOW FULL COLUMNS FROM `teacher` [ RunTime:0.000948s ]
[2022-11-09T01:26:44+08:00][sql] SELECT `teacher_name`,`teacher_title`,`teacher_avatar` FROM `teacher` WHERE  `id` = 1 LIMIT 1 [ RunTime:0.000264s ]
[2022-11-09T01:26:44+08:00][sql] SELECT `teacher_name`,`teacher_title`,`teacher_avatar` FROM `teacher` WHERE  `id` = 2 LIMIT 1 [ RunTime:0.000237s ]
[2022-11-09T01:26:44+08:00][sql] SHOW FULL COLUMNS FROM `address` [ RunTime:0.000895s ]
[2022-11-09T01:26:44+08:00][sql] SELECT * FROM `address` WHERE  `id` = 1 LIMIT 1 [ RunTime:0.000263s ]
[2022-11-09T01:26:44+08:00][sql] SELECT * FROM `address` WHERE  `id` = 2 LIMIT 1 [ RunTime:0.000248s ]
[2022-11-09T01:26:45+08:00][sql] CONNECT:[ UseTime:0.000383s ] mysql:host=localhost;port=3316;dbname=coffee;charset=utf8
[2022-11-09T01:26:45+08:00][sql] SHOW FULL COLUMNS FROM `course` [ RunTime:0.001374s ]
[2022-11-09T01:26:45+08:00][sql] SELECT `id`,`title`,`price`,`days`,`time` FROM `course` WHERE  `is_time` = 1 ORDER BY `sorting` ASC [ RunTime:0.000746s ]
[2022-11-09T01:26:45+08:00][sql] SELECT `id`,`title` FROM `course` WHERE  `status` = 1 [ RunTime:0.000279s ]
[2022-11-09T01:26:45+08:00][sql] SELECT `id`,`title` FROM `course` WHERE  `status` = 2 [ RunTime:0.000187s ]
[2022-11-09T01:26:45+08:00][sql] SHOW FULL COLUMNS FROM `address` [ RunTime:0.000907s ]
[2022-11-09T01:26:45+08:00][sql] SELECT * FROM `address` WHERE  `id` = 1 LIMIT 1 [ RunTime:0.000256s ]
[2022-11-09T01:26:45+08:00][sql] SELECT * FROM `address` WHERE  `id` = 2 LIMIT 1 [ RunTime:0.000221s ]
[2022-11-09T01:26:47+08:00][sql] CONNECT:[ UseTime:0.000513s ] mysql:host=localhost;port=3316;dbname=coffee;charset=utf8
[2022-11-09T01:26:47+08:00][sql] SHOW FULL COLUMNS FROM `course` [ RunTime:0.002060s ]
[2022-11-09T01:26:47+08:00][sql] SELECT * FROM `course` WHERE  `id` = 6 LIMIT 1 [ RunTime:0.000873s ]
[2022-11-09T01:26:47+08:00][sql] SHOW FULL COLUMNS FROM `teacher` [ RunTime:0.001214s ]
[2022-11-09T01:26:47+08:00][sql] SELECT `teacher_name`,`teacher_title`,`teacher_avatar` FROM `teacher` WHERE  `id` = 1 LIMIT 1 [ RunTime:0.000275s ]
[2022-11-09T01:26:47+08:00][sql] SHOW FULL COLUMNS FROM `address` [ RunTime:0.001239s ]
[2022-11-09T01:26:47+08:00][sql] SELECT * FROM `address` WHERE  `id` = 1 LIMIT 1 [ RunTime:0.000281s ]
[2022-11-09T01:26:47+08:00][sql] SELECT * FROM `address` WHERE  `id` = 2 LIMIT 1 [ RunTime:0.000274s ]
[2022-11-09T01:26:48+08:00][sql] CONNECT:[ UseTime:0.000402s ] mysql:host=localhost;port=3316;dbname=coffee;charset=utf8
[2022-11-09T01:26:48+08:00][sql] SHOW FULL COLUMNS FROM `course` [ RunTime:0.001398s ]
[2022-11-09T01:26:48+08:00][sql] SELECT * FROM `course` WHERE  `id` = 2 LIMIT 1 [ RunTime:0.000818s ]
[2022-11-09T01:26:48+08:00][sql] SHOW FULL COLUMNS FROM `teacher` [ RunTime:0.000952s ]
[2022-11-09T01:26:48+08:00][sql] SELECT `teacher_name`,`teacher_title`,`teacher_avatar` FROM `teacher` WHERE  `id` = 3 LIMIT 1 [ RunTime:0.000258s ]
[2022-11-09T01:26:48+08:00][sql] SHOW FULL COLUMNS FROM `address` [ RunTime:0.000944s ]
[2022-11-09T01:26:48+08:00][sql] SELECT * FROM `address` WHERE  `id` = 1 LIMIT 1 [ RunTime:0.000305s ]
[2022-11-09T01:26:48+08:00][sql] SELECT * FROM `address` WHERE  `id` = 2 LIMIT 1 [ RunTime:0.000260s ]
[2022-11-09T11:39:14+08:00][sql] CONNECT:[ UseTime:0.000417s ] mysql:host=localhost;port=3316;dbname=coffee;charset=utf8
[2022-11-09T11:39:14+08:00][sql] SHOW FULL COLUMNS FROM `course` [ RunTime:0.001468s ]
[2022-11-09T11:39:14+08:00][sql] SELECT `id`,`title`,`price`,`days`,`time` FROM `course` WHERE  `is_time` = 1 ORDER BY `sorting` ASC [ RunTime:0.000314s ]
[2022-11-09T11:39:14+08:00][sql] SELECT `id`,`title` FROM `course` WHERE  `status` = 1 [ RunTime:0.000258s ]
[2022-11-09T11:39:14+08:00][sql] SELECT `id`,`title` FROM `course` WHERE  `status` = 2 [ RunTime:0.000236s ]
[2022-11-09T11:39:14+08:00][sql] SHOW FULL COLUMNS FROM `address` [ RunTime:0.000954s ]
[2022-11-09T11:39:14+08:00][sql] SELECT * FROM `address` WHERE  `id` = 1 LIMIT 1 [ RunTime:0.000281s ]
[2022-11-09T11:39:14+08:00][sql] SELECT * FROM `address` WHERE  `id` = 2 LIMIT 1 [ RunTime:0.000252s ]
[2022-11-09T11:39:18+08:00][sql] CONNECT:[ UseTime:0.000346s ] mysql:host=localhost;port=3316;dbname=coffee;charset=utf8
[2022-11-09T11:39:18+08:00][sql] SHOW FULL COLUMNS FROM `course` [ RunTime:0.001392s ]
[2022-11-09T11:39:18+08:00][sql] SELECT * FROM `course` WHERE  `id` = 1 LIMIT 1 [ RunTime:0.000792s ]
[2022-11-09T11:39:18+08:00][sql] SHOW FULL COLUMNS FROM `teacher` [ RunTime:0.000928s ]
[2022-11-09T11:39:18+08:00][sql] SELECT `teacher_name`,`teacher_title`,`teacher_avatar` FROM `teacher` WHERE  `id` = 1 LIMIT 1 [ RunTime:0.000234s ]
[2022-11-09T11:39:18+08:00][sql] SELECT `teacher_name`,`teacher_title`,`teacher_avatar` FROM `teacher` WHERE  `id` = 2 LIMIT 1 [ RunTime:0.000226s ]
[2022-11-09T11:39:18+08:00][sql] SHOW FULL COLUMNS FROM `address` [ RunTime:0.000919s ]
[2022-11-09T11:39:18+08:00][sql] SELECT * FROM `address` WHERE  `id` = 1 LIMIT 1 [ RunTime:0.000246s ]
[2022-11-09T11:39:18+08:00][sql] SELECT * FROM `address` WHERE  `id` = 2 LIMIT 1 [ RunTime:0.000219s ]
[2022-11-09T11:41:57+08:00][sql] CONNECT:[ UseTime:0.000389s ] mysql:host=localhost;port=3316;dbname=coffee;charset=utf8
[2022-11-09T11:41:57+08:00][sql] SHOW FULL COLUMNS FROM `course` [ RunTime:0.001407s ]
[2022-11-09T11:41:57+08:00][sql] SELECT `id`,`title`,`price`,`days`,`time` FROM `course` WHERE  `is_time` = 1 ORDER BY `sorting` ASC [ RunTime:0.000785s ]
[2022-11-09T11:41:57+08:00][sql] SELECT `id`,`title` FROM `course` WHERE  `status` = 1 [ RunTime:0.000306s ]
[2022-11-09T11:41:57+08:00][sql] SELECT `id`,`title` FROM `course` WHERE  `status` = 2 [ RunTime:0.000224s ]
[2022-11-09T11:41:57+08:00][sql] SHOW FULL COLUMNS FROM `address` [ RunTime:0.000905s ]
[2022-11-09T11:41:57+08:00][sql] SELECT * FROM `address` WHERE  `id` = 1 LIMIT 1 [ RunTime:0.000267s ]
[2022-11-09T11:41:57+08:00][sql] SELECT * FROM `address` WHERE  `id` = 2 LIMIT 1 [ RunTime:0.000251s ]
[2022-11-09T14:35:38+08:00][sql] CONNECT:[ UseTime:0.000351s ] mysql:host=localhost;port=3316;dbname=coffee;charset=utf8
[2022-11-09T14:35:38+08:00][sql] SHOW FULL COLUMNS FROM `course` [ RunTime:0.001482s ]
[2022-11-09T14:35:38+08:00][sql] SELECT * FROM `course` WHERE  `id` = 1 LIMIT 1 [ RunTime:0.000338s ]
[2022-11-09T14:35:38+08:00][sql] SHOW FULL COLUMNS FROM `teacher` [ RunTime:0.000962s ]
[2022-11-09T14:35:38+08:00][sql] SELECT `teacher_name`,`teacher_title`,`teacher_avatar` FROM `teacher` WHERE  `id` = 1 LIMIT 1 [ RunTime:0.000302s ]
[2022-11-09T14:35:38+08:00][sql] SELECT `teacher_name`,`teacher_title`,`teacher_avatar` FROM `teacher` WHERE  `id` = 2 LIMIT 1 [ RunTime:0.000203s ]
[2022-11-09T14:35:38+08:00][sql] SHOW FULL COLUMNS FROM `address` [ RunTime:0.000957s ]
[2022-11-09T14:35:38+08:00][sql] SELECT * FROM `address` WHERE  `id` = 1 LIMIT 1 [ RunTime:0.000267s ]
[2022-11-09T14:35:38+08:00][sql] SELECT * FROM `address` WHERE  `id` = 2 LIMIT 1 [ RunTime:0.000219s ]
[2022-11-09T18:26:36+08:00][sql] CONNECT:[ UseTime:0.000400s ] mysql:host=localhost;port=3316;dbname=coffee;charset=utf8
[2022-11-09T18:26:36+08:00][sql] SHOW FULL COLUMNS FROM `course` [ RunTime:0.001385s ]
[2022-11-09T18:26:36+08:00][sql] SELECT * FROM `course` WHERE  `id` = 2 LIMIT 1 [ RunTime:0.000335s ]
[2022-11-09T18:26:36+08:00][sql] SHOW FULL COLUMNS FROM `teacher` [ RunTime:0.000897s ]
[2022-11-09T18:26:36+08:00][sql] SELECT `teacher_name`,`teacher_title`,`teacher_avatar` FROM `teacher` WHERE  `id` = 3 LIMIT 1 [ RunTime:0.000223s ]
[2022-11-09T18:26:36+08:00][sql] SHOW FULL COLUMNS FROM `address` [ RunTime:0.000872s ]
[2022-11-09T18:26:36+08:00][sql] SELECT * FROM `address` WHERE  `id` = 1 LIMIT 1 [ RunTime:0.000239s ]
[2022-11-09T18:26:36+08:00][sql] SELECT * FROM `address` WHERE  `id` = 2 LIMIT 1 [ RunTime:0.000203s ]
[2022-11-09T18:27:03+08:00][sql] CONNECT:[ UseTime:0.000411s ] mysql:host=localhost;port=3316;dbname=coffee;charset=utf8
[2022-11-09T18:27:03+08:00][sql] SHOW FULL COLUMNS FROM `course` [ RunTime:0.001552s ]
[2022-11-09T18:27:03+08:00][sql] SELECT * FROM `course` WHERE  `id` = 7 LIMIT 1 [ RunTime:0.000307s ]
[2022-11-09T18:27:03+08:00][sql] SHOW FULL COLUMNS FROM `teacher` [ RunTime:0.000952s ]
[2022-11-09T18:27:03+08:00][sql] SELECT `teacher_name`,`teacher_title`,`teacher_avatar` FROM `teacher` WHERE  `id` = 1 LIMIT 1 [ RunTime:0.000246s ]
[2022-11-09T18:27:03+08:00][sql] SHOW FULL COLUMNS FROM `address` [ RunTime:0.000880s ]
[2022-11-09T18:27:03+08:00][sql] SELECT * FROM `address` WHERE  `id` = 1 LIMIT 1 [ RunTime:0.000293s ]
[2022-11-09T18:27:03+08:00][sql] SELECT * FROM `address` WHERE  `id` = 2 LIMIT 1 [ RunTime:0.000205s ]
[2022-11-09T18:27:20+08:00][sql] CONNECT:[ UseTime:0.000462s ] mysql:host=localhost;port=3316;dbname=coffee;charset=utf8
[2022-11-09T18:27:20+08:00][sql] SHOW FULL COLUMNS FROM `course` [ RunTime:0.001941s ]
[2022-11-09T18:27:20+08:00][sql] SELECT * FROM `course` WHERE  `id` = 4 LIMIT 1 [ RunTime:0.000370s ]
[2022-11-09T18:27:20+08:00][sql] SHOW FULL COLUMNS FROM `teacher` [ RunTime:0.001183s ]
[2022-11-09T18:27:20+08:00][sql] SELECT `teacher_name`,`teacher_title`,`teacher_avatar` FROM `teacher` WHERE  `id` = 2 LIMIT 1 [ RunTime:0.000260s ]
[2022-11-09T18:27:20+08:00][sql] SHOW FULL COLUMNS FROM `address` [ RunTime:0.001171s ]
[2022-11-09T18:27:20+08:00][sql] SELECT * FROM `address` WHERE  `id` = 1 LIMIT 1 [ RunTime:0.000281s ]
[2022-11-09T18:27:20+08:00][sql] SELECT * FROM `address` WHERE  `id` = 2 LIMIT 1 [ RunTime:0.000286s ]
[2022-11-09T18:27:24+08:00][sql] CONNECT:[ UseTime:0.002166s ] mysql:host=localhost;port=3316;dbname=coffee;charset=utf8
[2022-11-09T18:27:24+08:00][sql] SHOW FULL COLUMNS FROM `course` [ RunTime:0.012423s ]
[2022-11-09T18:27:24+08:00][sql] SELECT * FROM `course` WHERE  `id` = 2 LIMIT 1 [ RunTime:0.000518s ]
[2022-11-09T18:27:24+08:00][sql] SHOW FULL COLUMNS FROM `teacher` [ RunTime:0.001486s ]
[2022-11-09T18:27:24+08:00][sql] SELECT `teacher_name`,`teacher_title`,`teacher_avatar` FROM `teacher` WHERE  `id` = 3 LIMIT 1 [ RunTime:0.000385s ]
[2022-11-09T18:27:24+08:00][sql] SHOW FULL COLUMNS FROM `address` [ RunTime:0.001370s ]
[2022-11-09T18:27:24+08:00][sql] SELECT * FROM `address` WHERE  `id` = 1 LIMIT 1 [ RunTime:0.000450s ]
[2022-11-09T18:27:24+08:00][sql] SELECT * FROM `address` WHERE  `id` = 2 LIMIT 1 [ RunTime:0.000401s ]
[2022-11-09T18:27:38+08:00][sql] CONNECT:[ UseTime:0.000428s ] mysql:host=localhost;port=3316;dbname=coffee;charset=utf8
[2022-11-09T18:27:38+08:00][sql] SHOW FULL COLUMNS FROM `course` [ RunTime:0.001953s ]
[2022-11-09T18:27:38+08:00][sql] SELECT * FROM `course` WHERE  `id` = 1 LIMIT 1 [ RunTime:0.001056s ]
[2022-11-09T18:27:38+08:00][sql] SHOW FULL COLUMNS FROM `teacher` [ RunTime:0.000997s ]
[2022-11-09T18:27:38+08:00][sql] SELECT `teacher_name`,`teacher_title`,`teacher_avatar` FROM `teacher` WHERE  `id` = 1 LIMIT 1 [ RunTime:0.000290s ]
[2022-11-09T18:27:38+08:00][sql] SELECT `teacher_name`,`teacher_title`,`teacher_avatar` FROM `teacher` WHERE  `id` = 2 LIMIT 1 [ RunTime:0.000235s ]
[2022-11-09T18:27:38+08:00][sql] SHOW FULL COLUMNS FROM `address` [ RunTime:0.000931s ]
[2022-11-09T18:27:38+08:00][sql] SELECT * FROM `address` WHERE  `id` = 1 LIMIT 1 [ RunTime:0.000301s ]
[2022-11-09T18:27:38+08:00][sql] SELECT * FROM `address` WHERE  `id` = 2 LIMIT 1 [ RunTime:0.000275s ]
[2022-11-09T18:28:04+08:00][sql] CONNECT:[ UseTime:0.000399s ] mysql:host=localhost;port=3316;dbname=coffee;charset=utf8
[2022-11-09T18:28:04+08:00][sql] SHOW FULL COLUMNS FROM `course` [ RunTime:0.001365s ]
[2022-11-09T18:28:04+08:00][sql] SELECT * FROM `course` WHERE  `id` = 7 LIMIT 1 [ RunTime:0.000314s ]
[2022-11-09T18:28:04+08:00][sql] SHOW FULL COLUMNS FROM `teacher` [ RunTime:0.000925s ]
[2022-11-09T18:28:04+08:00][sql] SELECT `teacher_name`,`teacher_title`,`teacher_avatar` FROM `teacher` WHERE  `id` = 1 LIMIT 1 [ RunTime:0.000272s ]
[2022-11-09T18:28:04+08:00][sql] SHOW FULL COLUMNS FROM `address` [ RunTime:0.000971s ]
[2022-11-09T18:28:04+08:00][sql] SELECT * FROM `address` WHERE  `id` = 1 LIMIT 1 [ RunTime:0.000269s ]
[2022-11-09T18:28:04+08:00][sql] SELECT * FROM `address` WHERE  `id` = 2 LIMIT 1 [ RunTime:0.000239s ]
[2022-11-09T18:37:10+08:00][sql] CONNECT:[ UseTime:0.000413s ] mysql:host=localhost;port=3316;dbname=coffee;charset=utf8
[2022-11-09T18:37:10+08:00][sql] SHOW FULL COLUMNS FROM `course` [ RunTime:0.001499s ]
[2022-11-09T18:37:10+08:00][sql] SELECT * FROM `course` WHERE  `id` = 2 LIMIT 1 [ RunTime:0.000343s ]
[2022-11-09T18:37:10+08:00][sql] SHOW FULL COLUMNS FROM `teacher` [ RunTime:0.000962s ]
[2022-11-09T18:37:10+08:00][sql] SELECT `teacher_name`,`teacher_title`,`teacher_avatar` FROM `teacher` WHERE  `id` = 3 LIMIT 1 [ RunTime:0.000267s ]
[2022-11-09T18:37:10+08:00][sql] SHOW FULL COLUMNS FROM `address` [ RunTime:0.000993s ]
[2022-11-09T18:37:10+08:00][sql] SELECT * FROM `address` WHERE  `id` = 1 LIMIT 1 [ RunTime:0.000282s ]
[2022-11-09T18:37:10+08:00][sql] SELECT * FROM `address` WHERE  `id` = 2 LIMIT 1 [ RunTime:0.000295s ]
[2022-11-09T19:56:58+08:00][sql] CONNECT:[ UseTime:0.000380s ] mysql:host=localhost;port=3316;dbname=coffee;charset=utf8
[2022-11-09T19:56:58+08:00][sql] SHOW FULL COLUMNS FROM `course` [ RunTime:0.001480s ]
[2022-11-09T19:56:58+08:00][sql] SELECT `id`,`title`,`price`,`days`,`time` FROM `course` WHERE  `is_time` = 1 ORDER BY `sorting` ASC [ RunTime:0.000955s ]
[2022-11-09T19:56:58+08:00][sql] SELECT `id`,`title` FROM `course` WHERE  `status` = 1 [ RunTime:0.000249s ]
[2022-11-09T19:56:58+08:00][sql] SELECT `id`,`title` FROM `course` WHERE  `status` = 2 [ RunTime:0.000206s ]
[2022-11-09T19:56:58+08:00][sql] SHOW FULL COLUMNS FROM `address` [ RunTime:0.000938s ]
[2022-11-09T19:56:58+08:00][sql] SELECT * FROM `address` WHERE  `id` = 1 LIMIT 1 [ RunTime:0.000286s ]
[2022-11-09T19:56:58+08:00][sql] SELECT * FROM `address` WHERE  `id` = 2 LIMIT 1 [ RunTime:0.000228s ]
[2022-11-09T22:27:22+08:00][sql] CONNECT:[ UseTime:0.000591s ] mysql:host=localhost;port=3316;dbname=coffee;charset=utf8
[2022-11-09T22:27:22+08:00][sql] SHOW FULL COLUMNS FROM `course` [ RunTime:0.001443s ]
[2022-11-09T22:27:22+08:00][sql] SELECT * FROM `course` WHERE  `id` = 7 LIMIT 1 [ RunTime:0.000792s ]
[2022-11-09T22:27:22+08:00][sql] SHOW FULL COLUMNS FROM `teacher` [ RunTime:0.000987s ]
[2022-11-09T22:27:22+08:00][sql] SELECT `teacher_name`,`teacher_title`,`teacher_avatar` FROM `teacher` WHERE  `id` = 1 LIMIT 1 [ RunTime:0.000279s ]
[2022-11-09T22:27:22+08:00][sql] SHOW FULL COLUMNS FROM `address` [ RunTime:0.001091s ]
[2022-11-09T22:27:22+08:00][sql] SELECT * FROM `address` WHERE  `id` = 1 LIMIT 1 [ RunTime:0.000314s ]
[2022-11-09T22:27:22+08:00][sql] SELECT * FROM `address` WHERE  `id` = 2 LIMIT 1 [ RunTime:0.000243s ]
