[2022-11-18T00:19:06+08:00][sql] CONNECT:[ UseTime:0.000429s ] mysql:host=localhost;port=3316;dbname=coffee;charset=utf8
[2022-11-18T00:19:06+08:00][sql] SHOW FULL COLUMNS FROM `course` [ RunTime:0.001617s ]
[2022-11-18T00:19:06+08:00][sql] SELECT * FROM `course` WHERE  `id` = 7 LIMIT 1 [ RunTime:0.000833s ]
[2022-11-18T00:19:06+08:00][sql] SHOW FULL COLUMNS FROM `teacher` [ RunTime:0.000993s ]
[2022-11-18T00:19:06+08:00][sql] SELECT `teacher_name`,`teacher_title`,`teacher_avatar` FROM `teacher` WHERE  `id` = 1 LIMIT 1 [ RunTime:0.000296s ]
[2022-11-18T00:19:06+08:00][sql] SHOW FULL COLUMNS FROM `address` [ RunTime:0.000998s ]
[2022-11-18T00:19:06+08:00][sql] SELECT * FROM `address` WHERE  `id` = 1 LIMIT 1 [ RunTime:0.000280s ]
[2022-11-18T00:19:06+08:00][sql] SELECT * FROM `address` WHERE  `id` = 2 LIMIT 1 [ RunTime:0.000251s ]
[2022-11-18T00:29:06+08:00][sql] CONNECT:[ UseTime:0.000391s ] mysql:host=localhost;port=3316;dbname=coffee;charset=utf8
[2022-11-18T00:29:06+08:00][sql] SHOW FULL COLUMNS FROM `course` [ RunTime:0.001626s ]
[2022-11-18T00:29:06+08:00][sql] SELECT * FROM `course` WHERE  `id` = 7 LIMIT 1 [ RunTime:0.000310s ]
[2022-11-18T00:29:06+08:00][sql] SHOW FULL COLUMNS FROM `teacher` [ RunTime:0.001018s ]
[2022-11-18T00:29:06+08:00][sql] SELECT `teacher_name`,`teacher_title`,`teacher_avatar` FROM `teacher` WHERE  `id` = 1 LIMIT 1 [ RunTime:0.000253s ]
[2022-11-18T00:29:06+08:00][sql] SHOW FULL COLUMNS FROM `address` [ RunTime:0.001058s ]
[2022-11-18T00:29:06+08:00][sql] SELECT * FROM `address` WHERE  `id` = 1 LIMIT 1 [ RunTime:0.000277s ]
[2022-11-18T00:29:06+08:00][sql] SELECT * FROM `address` WHERE  `id` = 2 LIMIT 1 [ RunTime:0.000287s ]
[2022-11-18T01:42:47+08:00][sql] CONNECT:[ UseTime:0.000412s ] mysql:host=localhost;port=3316;dbname=coffee;charset=utf8
[2022-11-18T01:42:47+08:00][sql] SHOW FULL COLUMNS FROM `course` [ RunTime:0.001404s ]
[2022-11-18T01:42:47+08:00][sql] SELECT * FROM `course` WHERE  `id` = 1 LIMIT 1 [ RunTime:0.001003s ]
[2022-11-18T01:42:47+08:00][sql] SHOW FULL COLUMNS FROM `teacher` [ RunTime:0.001012s ]
[2022-11-18T01:42:47+08:00][sql] SELECT `teacher_name`,`teacher_title`,`teacher_avatar` FROM `teacher` WHERE  `id` = 1 LIMIT 1 [ RunTime:0.000266s ]
[2022-11-18T01:42:47+08:00][sql] SELECT `teacher_name`,`teacher_title`,`teacher_avatar` FROM `teacher` WHERE  `id` = 2 LIMIT 1 [ RunTime:0.000242s ]
[2022-11-18T01:42:47+08:00][sql] SHOW FULL COLUMNS FROM `address` [ RunTime:0.000941s ]
[2022-11-18T01:42:47+08:00][sql] SELECT * FROM `address` WHERE  `id` = 1 LIMIT 1 [ RunTime:0.000279s ]
[2022-11-18T01:42:47+08:00][sql] SELECT * FROM `address` WHERE  `id` = 2 LIMIT 1 [ RunTime:0.000242s ]
[2022-11-18T01:48:44+08:00][sql] CONNECT:[ UseTime:0.000476s ] mysql:host=localhost;port=3316;dbname=coffee;charset=utf8
[2022-11-18T01:48:44+08:00][sql] SHOW FULL COLUMNS FROM `course` [ RunTime:0.001921s ]
[2022-11-18T01:48:44+08:00][sql] SELECT * FROM `course` WHERE  `id` = 1 LIMIT 1 [ RunTime:0.001031s ]
[2022-11-18T01:48:44+08:00][sql] SHOW FULL COLUMNS FROM `teacher` [ RunTime:0.001260s ]
[2022-11-18T01:48:44+08:00][sql] SELECT `teacher_name`,`teacher_title`,`teacher_avatar` FROM `teacher` WHERE  `id` = 1 LIMIT 1 [ RunTime:0.000285s ]
[2022-11-18T01:48:44+08:00][sql] SELECT `teacher_name`,`teacher_title`,`teacher_avatar` FROM `teacher` WHERE  `id` = 2 LIMIT 1 [ RunTime:0.000266s ]
[2022-11-18T01:48:44+08:00][sql] SHOW FULL COLUMNS FROM `address` [ RunTime:0.001248s ]
[2022-11-18T01:48:44+08:00][sql] SELECT * FROM `address` WHERE  `id` = 1 LIMIT 1 [ RunTime:0.000303s ]
[2022-11-18T01:48:44+08:00][sql] SELECT * FROM `address` WHERE  `id` = 2 LIMIT 1 [ RunTime:0.000269s ]
[2022-11-18T02:39:40+08:00][sql] CONNECT:[ UseTime:0.000390s ] mysql:host=localhost;port=3316;dbname=coffee;charset=utf8
[2022-11-18T02:39:40+08:00][sql] SHOW FULL COLUMNS FROM `course` [ RunTime:0.001396s ]
[2022-11-18T02:39:40+08:00][sql] SELECT * FROM `course` WHERE  `id` = 4 LIMIT 1 [ RunTime:0.000784s ]
[2022-11-18T02:39:40+08:00][sql] SHOW FULL COLUMNS FROM `teacher` [ RunTime:0.000868s ]
[2022-11-18T02:39:40+08:00][sql] SELECT `teacher_name`,`teacher_title`,`teacher_avatar` FROM `teacher` WHERE  `id` = 2 LIMIT 1 [ RunTime:0.000215s ]
[2022-11-18T02:39:40+08:00][sql] SHOW FULL COLUMNS FROM `address` [ RunTime:0.000856s ]
[2022-11-18T02:39:40+08:00][sql] SELECT * FROM `address` WHERE  `id` = 1 LIMIT 1 [ RunTime:0.000254s ]
[2022-11-18T02:39:40+08:00][sql] SELECT * FROM `address` WHERE  `id` = 2 LIMIT 1 [ RunTime:0.000216s ]
[2022-11-18T02:49:57+08:00][sql] CONNECT:[ UseTime:0.000437s ] mysql:host=localhost;port=3316;dbname=coffee;charset=utf8
[2022-11-18T02:49:57+08:00][sql] SHOW FULL COLUMNS FROM `course` [ RunTime:0.001813s ]
[2022-11-18T02:49:57+08:00][sql] SELECT * FROM `course` WHERE  `id` = 4 LIMIT 1 [ RunTime:0.000806s ]
[2022-11-18T02:49:57+08:00][sql] SHOW FULL COLUMNS FROM `teacher` [ RunTime:0.000899s ]
[2022-11-18T02:49:57+08:00][sql] SELECT `teacher_name`,`teacher_title`,`teacher_avatar` FROM `teacher` WHERE  `id` = 2 LIMIT 1 [ RunTime:0.000252s ]
[2022-11-18T02:49:57+08:00][sql] SHOW FULL COLUMNS FROM `address` [ RunTime:0.000874s ]
[2022-11-18T02:49:57+08:00][sql] SELECT * FROM `address` WHERE  `id` = 1 LIMIT 1 [ RunTime:0.000303s ]
[2022-11-18T02:49:57+08:00][sql] SELECT * FROM `address` WHERE  `id` = 2 LIMIT 1 [ RunTime:0.002153s ]
[2022-11-18T06:03:39+08:00][sql] CONNECT:[ UseTime:0.000367s ] mysql:host=localhost;port=3316;dbname=coffee;charset=utf8
[2022-11-18T06:03:39+08:00][sql] SHOW FULL COLUMNS FROM `course` [ RunTime:0.001332s ]
[2022-11-18T06:03:39+08:00][sql] SELECT * FROM `course` WHERE  `id` = 3 LIMIT 1 [ RunTime:0.000300s ]
[2022-11-18T06:03:39+08:00][sql] SHOW FULL COLUMNS FROM `teacher` [ RunTime:0.000860s ]
[2022-11-18T06:03:39+08:00][sql] SELECT `teacher_name`,`teacher_title`,`teacher_avatar` FROM `teacher` WHERE  `id` = 1 LIMIT 1 [ RunTime:0.000231s ]
[2022-11-18T06:03:39+08:00][sql] SHOW FULL COLUMNS FROM `address` [ RunTime:0.000914s ]
[2022-11-18T06:03:39+08:00][sql] SELECT * FROM `address` WHERE  `id` = 1 LIMIT 1 [ RunTime:0.000267s ]
[2022-11-18T06:03:39+08:00][sql] SELECT * FROM `address` WHERE  `id` = 2 LIMIT 1 [ RunTime:0.000255s ]
[2022-11-18T06:10:03+08:00][sql] CONNECT:[ UseTime:0.000469s ] mysql:host=localhost;port=3316;dbname=coffee;charset=utf8
[2022-11-18T06:10:03+08:00][sql] SHOW FULL COLUMNS FROM `course` [ RunTime:0.002163s ]
[2022-11-18T06:10:03+08:00][sql] SELECT * FROM `course` WHERE  `id` = 3 LIMIT 1 [ RunTime:0.000441s ]
[2022-11-18T06:10:03+08:00][sql] SHOW FULL COLUMNS FROM `teacher` [ RunTime:0.001361s ]
[2022-11-18T06:10:03+08:00][sql] SELECT `teacher_name`,`teacher_title`,`teacher_avatar` FROM `teacher` WHERE  `id` = 1 LIMIT 1 [ RunTime:0.000288s ]
[2022-11-18T06:10:03+08:00][sql] SHOW FULL COLUMNS FROM `address` [ RunTime:0.001366s ]
[2022-11-18T06:10:03+08:00][sql] SELECT * FROM `address` WHERE  `id` = 1 LIMIT 1 [ RunTime:0.000287s ]
[2022-11-18T06:10:03+08:00][sql] SELECT * FROM `address` WHERE  `id` = 2 LIMIT 1 [ RunTime:0.000258s ]
