[2022-11-20T05:55:32+08:00][sql] CONNECT:[ UseTime:0.000405s ] mysql:host=localhost;port=3316;dbname=coffee;charset=utf8
[2022-11-20T05:55:32+08:00][sql] SHOW FULL COLUMNS FROM `course` [ RunTime:0.001439s ]
[2022-11-20T05:55:32+08:00][sql] SELECT * FROM `course` WHERE  `id` = 1 LIMIT 1 [ RunTime:0.000335s ]
[2022-11-20T05:55:32+08:00][sql] SHOW FULL COLUMNS FROM `teacher` [ RunTime:0.000948s ]
[2022-11-20T05:55:32+08:00][sql] SELECT `teacher_name`,`teacher_title`,`teacher_avatar` FROM `teacher` WHERE  `id` = 1 LIMIT 1 [ RunTime:0.000296s ]
[2022-11-20T05:55:32+08:00][sql] SELECT `teacher_name`,`teacher_title`,`teacher_avatar` FROM `teacher` WHERE  `id` = 2 LIMIT 1 [ RunTime:0.000240s ]
[2022-11-20T05:55:32+08:00][sql] SHOW FULL COLUMNS FROM `address` [ RunTime:0.000926s ]
[2022-11-20T05:55:32+08:00][sql] SELECT * FROM `address` WHERE  `id` = 1 LIMIT 1 [ RunTime:0.000272s ]
[2022-11-20T05:55:32+08:00][sql] SELECT * FROM `address` WHERE  `id` = 2 LIMIT 1 [ RunTime:0.000300s ]
[2022-11-20T05:55:32+08:00][sql] CONNECT:[ UseTime:0.000423s ] mysql:host=localhost;port=3316;dbname=coffee;charset=utf8
[2022-11-20T05:55:32+08:00][sql] SHOW FULL COLUMNS FROM `course` [ RunTime:0.001446s ]
[2022-11-20T05:55:32+08:00][sql] SELECT * FROM `course` WHERE  `id` = 2 LIMIT 1 [ RunTime:0.000380s ]
[2022-11-20T05:55:32+08:00][sql] SHOW FULL COLUMNS FROM `teacher` [ RunTime:0.001049s ]
[2022-11-20T05:55:32+08:00][sql] SELECT `teacher_name`,`teacher_title`,`teacher_avatar` FROM `teacher` WHERE  `id` = 3 LIMIT 1 [ RunTime:0.000286s ]
[2022-11-20T05:55:32+08:00][sql] SHOW FULL COLUMNS FROM `address` [ RunTime:0.000940s ]
[2022-11-20T05:55:32+08:00][sql] SELECT * FROM `address` WHERE  `id` = 1 LIMIT 1 [ RunTime:0.000274s ]
[2022-11-20T05:55:32+08:00][sql] SELECT * FROM `address` WHERE  `id` = 2 LIMIT 1 [ RunTime:0.000253s ]
[2022-11-20T05:55:32+08:00][sql] CONNECT:[ UseTime:0.000334s ] mysql:host=localhost;port=3316;dbname=coffee;charset=utf8
[2022-11-20T05:55:32+08:00][sql] SHOW FULL COLUMNS FROM `course` [ RunTime:0.001484s ]
[2022-11-20T05:55:32+08:00][sql] SELECT * FROM `course` WHERE  `id` = 6 LIMIT 1 [ RunTime:0.000307s ]
[2022-11-20T05:55:32+08:00][sql] SHOW FULL COLUMNS FROM `teacher` [ RunTime:0.000952s ]
[2022-11-20T05:55:32+08:00][sql] SELECT `teacher_name`,`teacher_title`,`teacher_avatar` FROM `teacher` WHERE  `id` = 1 LIMIT 1 [ RunTime:0.000283s ]
[2022-11-20T05:55:32+08:00][sql] SHOW FULL COLUMNS FROM `address` [ RunTime:0.000916s ]
[2022-11-20T05:55:32+08:00][sql] SELECT * FROM `address` WHERE  `id` = 1 LIMIT 1 [ RunTime:0.000272s ]
[2022-11-20T05:55:32+08:00][sql] SELECT * FROM `address` WHERE  `id` = 2 LIMIT 1 [ RunTime:0.000219s ]
[2022-11-20T05:55:33+08:00][sql] CONNECT:[ UseTime:0.000389s ] mysql:host=localhost;port=3316;dbname=coffee;charset=utf8
[2022-11-20T05:55:33+08:00][sql] SHOW FULL COLUMNS FROM `course` [ RunTime:0.001632s ]
[2022-11-20T05:55:33+08:00][sql] SELECT * FROM `course` WHERE  `id` = 5 LIMIT 1 [ RunTime:0.000362s ]
[2022-11-20T05:55:33+08:00][sql] SHOW FULL COLUMNS FROM `teacher` [ RunTime:0.000971s ]
[2022-11-20T05:55:33+08:00][sql] SELECT `teacher_name`,`teacher_title`,`teacher_avatar` FROM `teacher` WHERE  `id` = 1 LIMIT 1 [ RunTime:0.000234s ]
[2022-11-20T05:55:33+08:00][sql] SELECT `teacher_name`,`teacher_title`,`teacher_avatar` FROM `teacher` WHERE  `id` = 2 LIMIT 1 [ RunTime:0.000693s ]
[2022-11-20T05:55:33+08:00][sql] SHOW FULL COLUMNS FROM `address` [ RunTime:0.000967s ]
[2022-11-20T05:55:33+08:00][sql] SELECT * FROM `address` WHERE  `id` = 1 LIMIT 1 [ RunTime:0.000245s ]
[2022-11-20T05:55:33+08:00][sql] SELECT * FROM `address` WHERE  `id` = 2 LIMIT 1 [ RunTime:0.000223s ]
[2022-11-20T05:55:33+08:00][sql] CONNECT:[ UseTime:0.000457s ] mysql:host=localhost;port=3316;dbname=coffee;charset=utf8
[2022-11-20T05:55:33+08:00][sql] SHOW FULL COLUMNS FROM `course` [ RunTime:0.001486s ]
[2022-11-20T05:55:33+08:00][sql] SELECT * FROM `course` WHERE  `id` = 4 LIMIT 1 [ RunTime:0.000416s ]
[2022-11-20T05:55:33+08:00][sql] SHOW FULL COLUMNS FROM `teacher` [ RunTime:0.001008s ]
[2022-11-20T05:55:33+08:00][sql] SELECT `teacher_name`,`teacher_title`,`teacher_avatar` FROM `teacher` WHERE  `id` = 2 LIMIT 1 [ RunTime:0.000273s ]
[2022-11-20T05:55:33+08:00][sql] SHOW FULL COLUMNS FROM `address` [ RunTime:0.000997s ]
[2022-11-20T05:55:33+08:00][sql] SELECT * FROM `address` WHERE  `id` = 1 LIMIT 1 [ RunTime:0.000352s ]
[2022-11-20T05:55:33+08:00][sql] SELECT * FROM `address` WHERE  `id` = 2 LIMIT 1 [ RunTime:0.000263s ]
[2022-11-20T05:55:33+08:00][sql] CONNECT:[ UseTime:0.000410s ] mysql:host=localhost;port=3316;dbname=coffee;charset=utf8
[2022-11-20T05:55:33+08:00][sql] SHOW FULL COLUMNS FROM `course` [ RunTime:0.001663s ]
[2022-11-20T05:55:33+08:00][sql] SELECT * FROM `course` WHERE  `id` = 7 LIMIT 1 [ RunTime:0.000337s ]
[2022-11-20T05:55:33+08:00][sql] SHOW FULL COLUMNS FROM `teacher` [ RunTime:0.000996s ]
[2022-11-20T05:55:33+08:00][sql] SELECT `teacher_name`,`teacher_title`,`teacher_avatar` FROM `teacher` WHERE  `id` = 1 LIMIT 1 [ RunTime:0.000320s ]
[2022-11-20T05:55:33+08:00][sql] SHOW FULL COLUMNS FROM `address` [ RunTime:0.001041s ]
[2022-11-20T05:55:33+08:00][sql] SELECT * FROM `address` WHERE  `id` = 1 LIMIT 1 [ RunTime:0.000283s ]
[2022-11-20T05:55:33+08:00][sql] SELECT * FROM `address` WHERE  `id` = 2 LIMIT 1 [ RunTime:0.000264s ]
[2022-11-20T05:55:34+08:00][sql] CONNECT:[ UseTime:0.000463s ] mysql:host=localhost;port=3316;dbname=coffee;charset=utf8
[2022-11-20T05:55:34+08:00][sql] SHOW FULL COLUMNS FROM `course` [ RunTime:0.001656s ]
[2022-11-20T05:55:34+08:00][sql] SELECT `id`,`title`,`price`,`days`,`time` FROM `course` WHERE  `is_time` = 1 ORDER BY `sorting` ASC [ RunTime:0.000409s ]
[2022-11-20T05:55:34+08:00][sql] SELECT `id`,`title` FROM `course` WHERE  `status` = 1 [ RunTime:0.000300s ]
[2022-11-20T05:55:34+08:00][sql] SELECT `id`,`title` FROM `course` WHERE  `status` = 2 [ RunTime:0.000265s ]
[2022-11-20T05:55:34+08:00][sql] SHOW FULL COLUMNS FROM `address` [ RunTime:0.001134s ]
[2022-11-20T05:55:34+08:00][sql] SELECT * FROM `address` WHERE  `id` = 1 LIMIT 1 [ RunTime:0.000382s ]
[2022-11-20T05:55:34+08:00][sql] SELECT * FROM `address` WHERE  `id` = 2 LIMIT 1 [ RunTime:0.000277s ]
[2022-11-20T05:55:36+08:00][sql] CONNECT:[ UseTime:0.000400s ] mysql:host=localhost;port=3316;dbname=coffee;charset=utf8
[2022-11-20T05:55:36+08:00][sql] SHOW FULL COLUMNS FROM `course` [ RunTime:0.001469s ]
[2022-11-20T05:55:36+08:00][sql] SELECT * FROM `course` WHERE  `id` = 1 LIMIT 1 [ RunTime:0.000362s ]
[2022-11-20T05:55:36+08:00][sql] SHOW FULL COLUMNS FROM `teacher` [ RunTime:0.000942s ]
[2022-11-20T05:55:36+08:00][sql] SELECT `teacher_name`,`teacher_title`,`teacher_avatar` FROM `teacher` WHERE  `id` = 1 LIMIT 1 [ RunTime:0.000263s ]
[2022-11-20T05:55:36+08:00][sql] SELECT `teacher_name`,`teacher_title`,`teacher_avatar` FROM `teacher` WHERE  `id` = 2 LIMIT 1 [ RunTime:0.000317s ]
[2022-11-20T05:55:36+08:00][sql] SHOW FULL COLUMNS FROM `address` [ RunTime:0.000935s ]
[2022-11-20T05:55:36+08:00][sql] SELECT * FROM `address` WHERE  `id` = 1 LIMIT 1 [ RunTime:0.000296s ]
[2022-11-20T05:55:36+08:00][sql] SELECT * FROM `address` WHERE  `id` = 2 LIMIT 1 [ RunTime:0.000243s ]
[2022-11-20T05:55:36+08:00][sql] CONNECT:[ UseTime:0.000459s ] mysql:host=localhost;port=3316;dbname=coffee;charset=utf8
[2022-11-20T05:55:36+08:00][sql] SHOW FULL COLUMNS FROM `course` [ RunTime:0.001421s ]
[2022-11-20T05:55:36+08:00][sql] SELECT * FROM `course` WHERE  `id` = 2 LIMIT 1 [ RunTime:0.000372s ]
[2022-11-20T05:55:36+08:00][sql] SHOW FULL COLUMNS FROM `teacher` [ RunTime:0.000961s ]
[2022-11-20T05:55:36+08:00][sql] SELECT `teacher_name`,`teacher_title`,`teacher_avatar` FROM `teacher` WHERE  `id` = 3 LIMIT 1 [ RunTime:0.000273s ]
[2022-11-20T05:55:36+08:00][sql] SHOW FULL COLUMNS FROM `address` [ RunTime:0.000937s ]
[2022-11-20T05:55:36+08:00][sql] SELECT * FROM `address` WHERE  `id` = 1 LIMIT 1 [ RunTime:0.000304s ]
[2022-11-20T05:55:36+08:00][sql] SELECT * FROM `address` WHERE  `id` = 2 LIMIT 1 [ RunTime:0.000245s ]
[2022-11-20T05:55:36+08:00][sql] CONNECT:[ UseTime:0.000386s ] mysql:host=localhost;port=3316;dbname=coffee;charset=utf8
[2022-11-20T05:55:36+08:00][sql] SHOW FULL COLUMNS FROM `course` [ RunTime:0.001416s ]
[2022-11-20T05:55:36+08:00][sql] SELECT * FROM `course` WHERE  `id` = 6 LIMIT 1 [ RunTime:0.000313s ]
[2022-11-20T05:55:36+08:00][sql] SHOW FULL COLUMNS FROM `teacher` [ RunTime:0.000910s ]
[2022-11-20T05:55:36+08:00][sql] SELECT `teacher_name`,`teacher_title`,`teacher_avatar` FROM `teacher` WHERE  `id` = 1 LIMIT 1 [ RunTime:0.000251s ]
[2022-11-20T05:55:36+08:00][sql] SHOW FULL COLUMNS FROM `address` [ RunTime:0.000931s ]
[2022-11-20T05:55:36+08:00][sql] SELECT * FROM `address` WHERE  `id` = 1 LIMIT 1 [ RunTime:0.000266s ]
[2022-11-20T05:55:36+08:00][sql] SELECT * FROM `address` WHERE  `id` = 2 LIMIT 1 [ RunTime:0.000228s ]
[2022-11-20T05:55:37+08:00][sql] CONNECT:[ UseTime:0.000466s ] mysql:host=localhost;port=3316;dbname=coffee;charset=utf8
[2022-11-20T05:55:37+08:00][sql] SHOW FULL COLUMNS FROM `course` [ RunTime:0.001402s ]
[2022-11-20T05:55:37+08:00][sql] SELECT * FROM `course` WHERE  `id` = 5 LIMIT 1 [ RunTime:0.000334s ]
[2022-11-20T05:55:37+08:00][sql] SHOW FULL COLUMNS FROM `teacher` [ RunTime:0.000946s ]
[2022-11-20T05:55:37+08:00][sql] SELECT `teacher_name`,`teacher_title`,`teacher_avatar` FROM `teacher` WHERE  `id` = 1 LIMIT 1 [ RunTime:0.000261s ]
[2022-11-20T05:55:37+08:00][sql] SELECT `teacher_name`,`teacher_title`,`teacher_avatar` FROM `teacher` WHERE  `id` = 2 LIMIT 1 [ RunTime:0.000714s ]
[2022-11-20T05:55:37+08:00][sql] SHOW FULL COLUMNS FROM `address` [ RunTime:0.001037s ]
[2022-11-20T05:55:37+08:00][sql] SELECT * FROM `address` WHERE  `id` = 1 LIMIT 1 [ RunTime:0.000275s ]
[2022-11-20T05:55:37+08:00][sql] SELECT * FROM `address` WHERE  `id` = 2 LIMIT 1 [ RunTime:0.000257s ]
[2022-11-20T05:55:37+08:00][sql] CONNECT:[ UseTime:0.000437s ] mysql:host=localhost;port=3316;dbname=coffee;charset=utf8
[2022-11-20T05:55:37+08:00][sql] SHOW FULL COLUMNS FROM `course` [ RunTime:0.001760s ]
[2022-11-20T05:55:37+08:00][sql] SELECT * FROM `course` WHERE  `id` = 4 LIMIT 1 [ RunTime:0.000332s ]
[2022-11-20T05:55:37+08:00][sql] SHOW FULL COLUMNS FROM `teacher` [ RunTime:0.000908s ]
[2022-11-20T05:55:37+08:00][sql] SELECT `teacher_name`,`teacher_title`,`teacher_avatar` FROM `teacher` WHERE  `id` = 2 LIMIT 1 [ RunTime:0.000234s ]
[2022-11-20T05:55:37+08:00][sql] SHOW FULL COLUMNS FROM `address` [ RunTime:0.000988s ]
[2022-11-20T05:55:37+08:00][sql] SELECT * FROM `address` WHERE  `id` = 1 LIMIT 1 [ RunTime:0.000264s ]
[2022-11-20T05:55:37+08:00][sql] SELECT * FROM `address` WHERE  `id` = 2 LIMIT 1 [ RunTime:0.000200s ]
[2022-11-20T05:55:37+08:00][sql] CONNECT:[ UseTime:0.000407s ] mysql:host=localhost;port=3316;dbname=coffee;charset=utf8
[2022-11-20T05:55:37+08:00][sql] SHOW FULL COLUMNS FROM `course` [ RunTime:0.001460s ]
[2022-11-20T05:55:37+08:00][sql] SELECT * FROM `course` WHERE  `id` = 7 LIMIT 1 [ RunTime:0.000322s ]
[2022-11-20T05:55:37+08:00][sql] SHOW FULL COLUMNS FROM `teacher` [ RunTime:0.000950s ]
[2022-11-20T05:55:37+08:00][sql] SELECT `teacher_name`,`teacher_title`,`teacher_avatar` FROM `teacher` WHERE  `id` = 1 LIMIT 1 [ RunTime:0.000257s ]
[2022-11-20T05:55:37+08:00][sql] SHOW FULL COLUMNS FROM `address` [ RunTime:0.000955s ]
[2022-11-20T05:55:37+08:00][sql] SELECT * FROM `address` WHERE  `id` = 1 LIMIT 1 [ RunTime:0.000273s ]
[2022-11-20T05:55:37+08:00][sql] SELECT * FROM `address` WHERE  `id` = 2 LIMIT 1 [ RunTime:0.000272s ]
[2022-11-20T05:55:38+08:00][sql] CONNECT:[ UseTime:0.000423s ] mysql:host=localhost;port=3316;dbname=coffee;charset=utf8
[2022-11-20T05:55:38+08:00][sql] SHOW FULL COLUMNS FROM `course` [ RunTime:0.001737s ]
[2022-11-20T05:55:38+08:00][sql] SELECT `id`,`title`,`price`,`days`,`time` FROM `course` WHERE  `is_time` = 1 ORDER BY `sorting` ASC [ RunTime:0.001024s ]
[2022-11-20T05:55:38+08:00][sql] SELECT `id`,`title` FROM `course` WHERE  `status` = 1 [ RunTime:0.000473s ]
[2022-11-20T05:55:38+08:00][sql] SELECT `id`,`title` FROM `course` WHERE  `status` = 2 [ RunTime:0.000261s ]
[2022-11-20T05:55:38+08:00][sql] SHOW FULL COLUMNS FROM `address` [ RunTime:0.001203s ]
[2022-11-20T05:55:38+08:00][sql] SELECT * FROM `address` WHERE  `id` = 1 LIMIT 1 [ RunTime:0.000405s ]
[2022-11-20T05:55:38+08:00][sql] SELECT * FROM `address` WHERE  `id` = 2 LIMIT 1 [ RunTime:0.000266s ]
[2022-11-20T05:55:39+08:00][sql] CONNECT:[ UseTime:0.000433s ] mysql:host=localhost;port=3316;dbname=coffee;charset=utf8
[2022-11-20T05:55:39+08:00][sql] SHOW FULL COLUMNS FROM `course` [ RunTime:0.001492s ]
[2022-11-20T05:55:39+08:00][sql] SELECT * FROM `course` WHERE  `id` = 3 LIMIT 1 [ RunTime:0.000340s ]
[2022-11-20T05:55:39+08:00][sql] SHOW FULL COLUMNS FROM `teacher` [ RunTime:0.001005s ]
[2022-11-20T05:55:39+08:00][sql] SELECT `teacher_name`,`teacher_title`,`teacher_avatar` FROM `teacher` WHERE  `id` = 1 LIMIT 1 [ RunTime:0.000286s ]
[2022-11-20T05:55:39+08:00][sql] SHOW FULL COLUMNS FROM `address` [ RunTime:0.000929s ]
[2022-11-20T05:55:39+08:00][sql] SELECT * FROM `address` WHERE  `id` = 1 LIMIT 1 [ RunTime:0.000302s ]
[2022-11-20T05:55:39+08:00][sql] SELECT * FROM `address` WHERE  `id` = 2 LIMIT 1 [ RunTime:0.000254s ]
[2022-11-20T06:00:01+08:00][sql] CONNECT:[ UseTime:0.001411s ] mysql:host=localhost;port=3316;dbname=coffee;charset=utf8
[2022-11-20T06:00:01+08:00][sql] SHOW FULL COLUMNS FROM `course` [ RunTime:0.002098s ]
[2022-11-20T06:00:01+08:00][sql] SELECT * FROM `course` WHERE  `id` = 3 LIMIT 1 [ RunTime:0.000467s ]
[2022-11-20T06:00:01+08:00][sql] SHOW FULL COLUMNS FROM `teacher` [ RunTime:0.001444s ]
[2022-11-20T06:00:01+08:00][sql] SELECT `teacher_name`,`teacher_title`,`teacher_avatar` FROM `teacher` WHERE  `id` = 1 LIMIT 1 [ RunTime:0.000363s ]
[2022-11-20T06:00:01+08:00][sql] SHOW FULL COLUMNS FROM `address` [ RunTime:0.001553s ]
[2022-11-20T06:00:01+08:00][sql] SELECT * FROM `address` WHERE  `id` = 1 LIMIT 1 [ RunTime:0.001400s ]
[2022-11-20T06:00:01+08:00][sql] SELECT * FROM `address` WHERE  `id` = 2 LIMIT 1 [ RunTime:0.003931s ]
[2022-11-20T16:33:40+08:00][sql] CONNECT:[ UseTime:0.000453s ] mysql:host=localhost;port=3316;dbname=coffee;charset=utf8
[2022-11-20T16:33:40+08:00][sql] SHOW FULL COLUMNS FROM `course` [ RunTime:0.001525s ]
[2022-11-20T16:33:40+08:00][sql] SELECT * FROM `course` WHERE  `id` = 6 LIMIT 1 [ RunTime:0.000385s ]
[2022-11-20T16:33:40+08:00][sql] SHOW FULL COLUMNS FROM `teacher` [ RunTime:0.001118s ]
[2022-11-20T16:33:40+08:00][sql] SELECT `teacher_name`,`teacher_title`,`teacher_avatar` FROM `teacher` WHERE  `id` = 1 LIMIT 1 [ RunTime:0.000593s ]
[2022-11-20T16:33:40+08:00][sql] SHOW FULL COLUMNS FROM `address` [ RunTime:0.001124s ]
[2022-11-20T16:33:40+08:00][sql] SELECT * FROM `address` WHERE  `id` = 1 LIMIT 1 [ RunTime:0.000439s ]
[2022-11-20T16:33:40+08:00][sql] SELECT * FROM `address` WHERE  `id` = 2 LIMIT 1 [ RunTime:0.000264s ]
