[2022-11-22T00:23:17+08:00][sql] CONNECT:[ UseTime:0.000402s ] mysql:host=localhost;port=3316;dbname=coffee;charset=utf8
[2022-11-22T00:23:17+08:00][sql] SHOW FULL COLUMNS FROM `course` [ RunTime:0.001400s ]
[2022-11-22T00:23:17+08:00][sql] SELECT * FROM `course` WHERE  `id` = 1 LIMIT 1 [ RunTime:0.001065s ]
[2022-11-22T00:23:17+08:00][sql] SHOW FULL COLUMNS FROM `teacher` [ RunTime:0.001053s ]
[2022-11-22T00:23:17+08:00][sql] SELECT `teacher_name`,`teacher_title`,`teacher_avatar` FROM `teacher` WHERE  `id` = 1 LIMIT 1 [ RunTime:0.000271s ]
[2022-11-22T00:23:17+08:00][sql] SELECT `teacher_name`,`teacher_title`,`teacher_avatar` FROM `teacher` WHERE  `id` = 2 LIMIT 1 [ RunTime:0.000237s ]
[2022-11-22T00:23:17+08:00][sql] SHOW FULL COLUMNS FROM `address` [ RunTime:0.001019s ]
[2022-11-22T00:23:17+08:00][sql] SELECT * FROM `address` WHERE  `id` = 1 LIMIT 1 [ RunTime:0.000290s ]
[2022-11-22T00:23:17+08:00][sql] SELECT * FROM `address` WHERE  `id` = 2 LIMIT 1 [ RunTime:0.000259s ]
[2022-11-22T00:47:25+08:00][sql] CONNECT:[ UseTime:0.000394s ] mysql:host=localhost;port=3316;dbname=coffee;charset=utf8
[2022-11-22T00:47:25+08:00][sql] SHOW FULL COLUMNS FROM `course` [ RunTime:0.001454s ]
[2022-11-22T00:47:25+08:00][sql] SELECT `id`,`title`,`price`,`days`,`time` FROM `course` WHERE  `is_time` = 1 ORDER BY `sorting` ASC [ RunTime:0.000961s ]
[2022-11-22T00:47:25+08:00][sql] SELECT `id`,`title` FROM `course` WHERE  `status` = 1 [ RunTime:0.000257s ]
[2022-11-22T00:47:25+08:00][sql] SELECT `id`,`title` FROM `course` WHERE  `status` = 2 [ RunTime:0.000241s ]
[2022-11-22T00:47:25+08:00][sql] SHOW FULL COLUMNS FROM `address` [ RunTime:0.002227s ]
[2022-11-22T00:47:25+08:00][sql] SELECT * FROM `address` WHERE  `id` = 1 LIMIT 1 [ RunTime:0.000281s ]
[2022-11-22T00:47:25+08:00][sql] SELECT * FROM `address` WHERE  `id` = 2 LIMIT 1 [ RunTime:0.000256s ]
[2022-11-22T12:24:50+08:00][sql] CONNECT:[ UseTime:0.000422s ] mysql:host=localhost;port=3316;dbname=coffee;charset=utf8
[2022-11-22T12:24:50+08:00][sql] SHOW FULL COLUMNS FROM `course` [ RunTime:0.001468s ]
[2022-11-22T12:24:50+08:00][sql] SELECT * FROM `course` WHERE  `id` = 6 LIMIT 1 [ RunTime:0.000344s ]
[2022-11-22T12:24:50+08:00][sql] SHOW FULL COLUMNS FROM `teacher` [ RunTime:0.001069s ]
[2022-11-22T12:24:50+08:00][sql] SELECT `teacher_name`,`teacher_title`,`teacher_avatar` FROM `teacher` WHERE  `id` = 1 LIMIT 1 [ RunTime:0.000286s ]
[2022-11-22T12:24:50+08:00][sql] SHOW FULL COLUMNS FROM `address` [ RunTime:0.000948s ]
[2022-11-22T12:24:50+08:00][sql] SELECT * FROM `address` WHERE  `id` = 1 LIMIT 1 [ RunTime:0.000284s ]
[2022-11-22T12:24:50+08:00][sql] SELECT * FROM `address` WHERE  `id` = 2 LIMIT 1 [ RunTime:0.000254s ]
[2022-11-22T12:30:01+08:00][sql] CONNECT:[ UseTime:0.000397s ] mysql:host=localhost;port=3316;dbname=coffee;charset=utf8
[2022-11-22T12:30:01+08:00][sql] SHOW FULL COLUMNS FROM `course` [ RunTime:0.001522s ]
[2022-11-22T12:30:01+08:00][sql] SELECT * FROM `course` WHERE  `id` = 6 LIMIT 1 [ RunTime:0.001012s ]
[2022-11-22T12:30:01+08:00][sql] SHOW FULL COLUMNS FROM `teacher` [ RunTime:0.000944s ]
[2022-11-22T12:30:01+08:00][sql] SELECT `teacher_name`,`teacher_title`,`teacher_avatar` FROM `teacher` WHERE  `id` = 1 LIMIT 1 [ RunTime:0.000223s ]
[2022-11-22T12:30:01+08:00][sql] SHOW FULL COLUMNS FROM `address` [ RunTime:0.000938s ]
[2022-11-22T12:30:01+08:00][sql] SELECT * FROM `address` WHERE  `id` = 1 LIMIT 1 [ RunTime:0.000246s ]
[2022-11-22T12:30:01+08:00][sql] SELECT * FROM `address` WHERE  `id` = 2 LIMIT 1 [ RunTime:0.000238s ]
[2022-11-22T19:28:23+08:00][sql] CONNECT:[ UseTime:0.000490s ] mysql:host=localhost;port=3316;dbname=coffee;charset=utf8
[2022-11-22T19:28:23+08:00][sql] SHOW FULL COLUMNS FROM `course` [ RunTime:0.001801s ]
[2022-11-22T19:28:23+08:00][sql] SELECT * FROM `course` WHERE  `id` = 7 LIMIT 1 [ RunTime:0.000978s ]
[2022-11-22T19:28:23+08:00][sql] SHOW FULL COLUMNS FROM `teacher` [ RunTime:0.001100s ]
[2022-11-22T19:28:23+08:00][sql] SELECT `teacher_name`,`teacher_title`,`teacher_avatar` FROM `teacher` WHERE  `id` = 1 LIMIT 1 [ RunTime:0.000233s ]
[2022-11-22T19:28:23+08:00][sql] SHOW FULL COLUMNS FROM `address` [ RunTime:0.000928s ]
[2022-11-22T19:28:23+08:00][sql] SELECT * FROM `address` WHERE  `id` = 1 LIMIT 1 [ RunTime:0.000317s ]
[2022-11-22T19:28:23+08:00][sql] SELECT * FROM `address` WHERE  `id` = 2 LIMIT 1 [ RunTime:0.000232s ]
[2022-11-22T19:28:29+08:00][sql] CONNECT:[ UseTime:0.000430s ] mysql:host=localhost;port=3316;dbname=coffee;charset=utf8
[2022-11-22T19:28:29+08:00][sql] SHOW FULL COLUMNS FROM `course` [ RunTime:0.001426s ]
[2022-11-22T19:28:29+08:00][sql] SELECT `id`,`title`,`price`,`days`,`time` FROM `course` WHERE  `is_time` = 1 ORDER BY `sorting` ASC [ RunTime:0.000999s ]
[2022-11-22T19:28:29+08:00][sql] SELECT `id`,`title` FROM `course` WHERE  `status` = 1 [ RunTime:0.000262s ]
[2022-11-22T19:28:29+08:00][sql] SELECT `id`,`title` FROM `course` WHERE  `status` = 2 [ RunTime:0.000239s ]
[2022-11-22T19:28:29+08:00][sql] SHOW FULL COLUMNS FROM `address` [ RunTime:0.001031s ]
[2022-11-22T19:28:29+08:00][sql] SELECT * FROM `address` WHERE  `id` = 1 LIMIT 1 [ RunTime:0.000282s ]
[2022-11-22T19:28:29+08:00][sql] SELECT * FROM `address` WHERE  `id` = 2 LIMIT 1 [ RunTime:0.000273s ]
[2022-11-22T19:28:31+08:00][sql] CONNECT:[ UseTime:0.000563s ] mysql:host=localhost;port=3316;dbname=coffee;charset=utf8
[2022-11-22T19:28:31+08:00][sql] SHOW FULL COLUMNS FROM `course` [ RunTime:0.001626s ]
[2022-11-22T19:28:31+08:00][sql] SELECT * FROM `course` WHERE  `id` = 2 LIMIT 1 [ RunTime:0.001017s ]
[2022-11-22T19:28:31+08:00][sql] SHOW FULL COLUMNS FROM `teacher` [ RunTime:0.000975s ]
[2022-11-22T19:28:31+08:00][sql] SELECT `teacher_name`,`teacher_title`,`teacher_avatar` FROM `teacher` WHERE  `id` = 3 LIMIT 1 [ RunTime:0.000289s ]
[2022-11-22T19:28:31+08:00][sql] SHOW FULL COLUMNS FROM `address` [ RunTime:0.000966s ]
[2022-11-22T19:28:31+08:00][sql] SELECT * FROM `address` WHERE  `id` = 1 LIMIT 1 [ RunTime:0.000268s ]
[2022-11-22T19:28:31+08:00][sql] SELECT * FROM `address` WHERE  `id` = 2 LIMIT 1 [ RunTime:0.000231s ]
[2022-11-22T19:28:54+08:00][sql] CONNECT:[ UseTime:0.000439s ] mysql:host=localhost;port=3316;dbname=coffee;charset=utf8
[2022-11-22T19:28:54+08:00][sql] SHOW FULL COLUMNS FROM `course` [ RunTime:0.001451s ]
[2022-11-22T19:28:54+08:00][sql] SELECT * FROM `course` WHERE  `id` = 7 LIMIT 1 [ RunTime:0.000322s ]
[2022-11-22T19:28:54+08:00][sql] SHOW FULL COLUMNS FROM `teacher` [ RunTime:0.001026s ]
[2022-11-22T19:28:54+08:00][sql] SELECT `teacher_name`,`teacher_title`,`teacher_avatar` FROM `teacher` WHERE  `id` = 1 LIMIT 1 [ RunTime:0.000267s ]
[2022-11-22T19:28:54+08:00][sql] SHOW FULL COLUMNS FROM `address` [ RunTime:0.000982s ]
[2022-11-22T19:28:54+08:00][sql] SELECT * FROM `address` WHERE  `id` = 1 LIMIT 1 [ RunTime:0.000289s ]
[2022-11-22T19:28:54+08:00][sql] SELECT * FROM `address` WHERE  `id` = 2 LIMIT 1 [ RunTime:0.000271s ]
[2022-11-22T19:29:13+08:00][sql] CONNECT:[ UseTime:0.001341s ] mysql:host=localhost;port=3316;dbname=coffee;charset=utf8
[2022-11-22T19:29:13+08:00][sql] SHOW FULL COLUMNS FROM `course` [ RunTime:0.001446s ]
[2022-11-22T19:29:13+08:00][sql] SELECT * FROM `course` WHERE  `id` = 7 LIMIT 1 [ RunTime:0.000283s ]
[2022-11-22T19:29:13+08:00][sql] SHOW FULL COLUMNS FROM `teacher` [ RunTime:0.000891s ]
[2022-11-22T19:29:13+08:00][sql] SELECT `teacher_name`,`teacher_title`,`teacher_avatar` FROM `teacher` WHERE  `id` = 1 LIMIT 1 [ RunTime:0.000228s ]
[2022-11-22T19:29:13+08:00][sql] SHOW FULL COLUMNS FROM `address` [ RunTime:0.000867s ]
[2022-11-22T19:29:13+08:00][sql] SELECT * FROM `address` WHERE  `id` = 1 LIMIT 1 [ RunTime:0.000242s ]
[2022-11-22T19:29:13+08:00][sql] SELECT * FROM `address` WHERE  `id` = 2 LIMIT 1 [ RunTime:0.000242s ]
[2022-11-22T19:29:22+08:00][sql] CONNECT:[ UseTime:0.000450s ] mysql:host=localhost;port=3316;dbname=coffee;charset=utf8
[2022-11-22T19:29:22+08:00][sql] SHOW FULL COLUMNS FROM `course` [ RunTime:0.001621s ]
[2022-11-22T19:29:22+08:00][sql] SELECT * FROM `course` WHERE  `id` = 7 LIMIT 1 [ RunTime:0.000336s ]
[2022-11-22T19:29:22+08:00][sql] SHOW FULL COLUMNS FROM `teacher` [ RunTime:0.000971s ]
[2022-11-22T19:29:22+08:00][sql] SELECT `teacher_name`,`teacher_title`,`teacher_avatar` FROM `teacher` WHERE  `id` = 1 LIMIT 1 [ RunTime:0.000307s ]
[2022-11-22T19:29:22+08:00][sql] SHOW FULL COLUMNS FROM `address` [ RunTime:0.000975s ]
[2022-11-22T19:29:22+08:00][sql] SELECT * FROM `address` WHERE  `id` = 1 LIMIT 1 [ RunTime:0.000286s ]
[2022-11-22T19:29:22+08:00][sql] SELECT * FROM `address` WHERE  `id` = 2 LIMIT 1 [ RunTime:0.000273s ]
[2022-11-22T19:29:29+08:00][sql] CONNECT:[ UseTime:0.000443s ] mysql:host=localhost;port=3316;dbname=coffee;charset=utf8
[2022-11-22T19:29:29+08:00][sql] SHOW FULL COLUMNS FROM `course` [ RunTime:0.001735s ]
[2022-11-22T19:29:29+08:00][sql] SELECT `id`,`title`,`price`,`days`,`time` FROM `course` WHERE  `is_time` = 1 ORDER BY `sorting` ASC [ RunTime:0.000351s ]
[2022-11-22T19:29:29+08:00][sql] SELECT `id`,`title` FROM `course` WHERE  `status` = 1 [ RunTime:0.000232s ]
[2022-11-22T19:29:29+08:00][sql] SELECT `id`,`title` FROM `course` WHERE  `status` = 2 [ RunTime:0.000231s ]
[2022-11-22T19:29:29+08:00][sql] SHOW FULL COLUMNS FROM `address` [ RunTime:0.001073s ]
[2022-11-22T19:29:29+08:00][sql] SELECT * FROM `address` WHERE  `id` = 1 LIMIT 1 [ RunTime:0.000311s ]
[2022-11-22T19:29:29+08:00][sql] SELECT * FROM `address` WHERE  `id` = 2 LIMIT 1 [ RunTime:0.000236s ]
[2022-11-22T19:29:31+08:00][sql] CONNECT:[ UseTime:0.000445s ] mysql:host=localhost;port=3316;dbname=coffee;charset=utf8
[2022-11-22T19:29:31+08:00][sql] SHOW FULL COLUMNS FROM `course` [ RunTime:0.001652s ]
[2022-11-22T19:29:31+08:00][sql] SELECT * FROM `course` WHERE  `id` = 2 LIMIT 1 [ RunTime:0.000420s ]
[2022-11-22T19:29:31+08:00][sql] SHOW FULL COLUMNS FROM `teacher` [ RunTime:0.001118s ]
[2022-11-22T19:29:31+08:00][sql] SELECT `teacher_name`,`teacher_title`,`teacher_avatar` FROM `teacher` WHERE  `id` = 3 LIMIT 1 [ RunTime:0.000288s ]
[2022-11-22T19:29:31+08:00][sql] SHOW FULL COLUMNS FROM `address` [ RunTime:0.001031s ]
[2022-11-22T19:29:31+08:00][sql] SELECT * FROM `address` WHERE  `id` = 1 LIMIT 1 [ RunTime:0.000318s ]
[2022-11-22T19:29:31+08:00][sql] SELECT * FROM `address` WHERE  `id` = 2 LIMIT 1 [ RunTime:0.000264s ]
[2022-11-22T19:29:51+08:00][sql] CONNECT:[ UseTime:0.000412s ] mysql:host=localhost;port=3316;dbname=coffee;charset=utf8
[2022-11-22T19:29:51+08:00][sql] SHOW FULL COLUMNS FROM `course` [ RunTime:0.001419s ]
[2022-11-22T19:29:51+08:00][sql] SELECT * FROM `course` WHERE  `id` = 7 LIMIT 1 [ RunTime:0.000320s ]
[2022-11-22T19:29:51+08:00][sql] SHOW FULL COLUMNS FROM `teacher` [ RunTime:0.000932s ]
[2022-11-22T19:29:51+08:00][sql] SELECT `teacher_name`,`teacher_title`,`teacher_avatar` FROM `teacher` WHERE  `id` = 1 LIMIT 1 [ RunTime:0.000347s ]
[2022-11-22T19:29:51+08:00][sql] SHOW FULL COLUMNS FROM `address` [ RunTime:0.000977s ]
[2022-11-22T19:29:51+08:00][sql] SELECT * FROM `address` WHERE  `id` = 1 LIMIT 1 [ RunTime:0.000275s ]
[2022-11-22T19:29:51+08:00][sql] SELECT * FROM `address` WHERE  `id` = 2 LIMIT 1 [ RunTime:0.000257s ]
