[2022-11-29T00:36:25+08:00][sql] CONNECT:[ UseTime:0.000402s ] mysql:host=localhost;port=3316;dbname=coffee;charset=utf8
[2022-11-29T00:36:25+08:00][sql] SHOW FULL COLUMNS FROM `course` [ RunTime:0.001519s ]
[2022-11-29T00:36:25+08:00][sql] SELECT * FROM `course` WHERE  `id` = 7 LIMIT 1 [ RunTime:0.000315s ]
[2022-11-29T00:36:25+08:00][sql] SHOW FULL COLUMNS FROM `teacher` [ RunTime:0.000937s ]
[2022-11-29T00:36:25+08:00][sql] SELECT `teacher_name`,`teacher_title`,`teacher_avatar` FROM `teacher` WHERE  `id` = 1 LIMIT 1 [ RunTime:0.000244s ]
[2022-11-29T00:36:25+08:00][sql] SHOW FULL COLUMNS FROM `address` [ RunTime:0.000938s ]
[2022-11-29T00:36:25+08:00][sql] SELECT * FROM `address` WHERE  `id` = 1 LIMIT 1 [ RunTime:0.000243s ]
[2022-11-29T00:36:25+08:00][sql] SELECT * FROM `address` WHERE  `id` = 2 LIMIT 1 [ RunTime:0.000228s ]
[2022-11-29T01:32:40+08:00][sql] CONNECT:[ UseTime:0.000468s ] mysql:host=localhost;port=3316;dbname=coffee;charset=utf8
[2022-11-29T01:32:40+08:00][sql] SHOW FULL COLUMNS FROM `course` [ RunTime:0.001441s ]
[2022-11-29T01:32:40+08:00][sql] SELECT * FROM `course` WHERE  `id` = 3 LIMIT 1 [ RunTime:0.000355s ]
[2022-11-29T01:32:40+08:00][sql] SHOW FULL COLUMNS FROM `teacher` [ RunTime:0.001053s ]
[2022-11-29T01:32:40+08:00][sql] SELECT `teacher_name`,`teacher_title`,`teacher_avatar` FROM `teacher` WHERE  `id` = 1 LIMIT 1 [ RunTime:0.000274s ]
[2022-11-29T01:32:40+08:00][sql] SHOW FULL COLUMNS FROM `address` [ RunTime:0.000938s ]
[2022-11-29T01:32:40+08:00][sql] SELECT * FROM `address` WHERE  `id` = 1 LIMIT 1 [ RunTime:0.000276s ]
[2022-11-29T01:32:40+08:00][sql] SELECT * FROM `address` WHERE  `id` = 2 LIMIT 1 [ RunTime:0.000256s ]
[2022-11-29T01:40:04+08:00][sql] CONNECT:[ UseTime:0.000415s ] mysql:host=localhost;port=3316;dbname=coffee;charset=utf8
[2022-11-29T01:40:04+08:00][sql] SHOW FULL COLUMNS FROM `course` [ RunTime:0.001626s ]
[2022-11-29T01:40:04+08:00][sql] SELECT * FROM `course` WHERE  `id` = 3 LIMIT 1 [ RunTime:0.000345s ]
[2022-11-29T01:40:04+08:00][sql] SHOW FULL COLUMNS FROM `teacher` [ RunTime:0.001003s ]
[2022-11-29T01:40:04+08:00][sql] SELECT `teacher_name`,`teacher_title`,`teacher_avatar` FROM `teacher` WHERE  `id` = 1 LIMIT 1 [ RunTime:0.000276s ]
[2022-11-29T01:40:04+08:00][sql] SHOW FULL COLUMNS FROM `address` [ RunTime:0.000995s ]
[2022-11-29T01:40:04+08:00][sql] SELECT * FROM `address` WHERE  `id` = 1 LIMIT 1 [ RunTime:0.000291s ]
[2022-11-29T01:40:04+08:00][sql] SELECT * FROM `address` WHERE  `id` = 2 LIMIT 1 [ RunTime:0.000287s ]
[2022-11-29T10:50:08+08:00][sql] CONNECT:[ UseTime:0.000395s ] mysql:host=localhost;port=3316;dbname=coffee;charset=utf8
[2022-11-29T10:50:08+08:00][sql] SHOW FULL COLUMNS FROM `course` [ RunTime:0.001550s ]
[2022-11-29T10:50:08+08:00][sql] SELECT `id`,`title`,`price`,`days`,`time` FROM `course` WHERE  `is_time` = 1 ORDER BY `sorting` ASC [ RunTime:0.000788s ]
[2022-11-29T10:50:08+08:00][sql] SELECT `id`,`title` FROM `course` WHERE  `status` = 1 [ RunTime:0.000254s ]
[2022-11-29T10:50:08+08:00][sql] SELECT `id`,`title` FROM `course` WHERE  `status` = 2 [ RunTime:0.000231s ]
[2022-11-29T10:50:08+08:00][sql] SHOW FULL COLUMNS FROM `address` [ RunTime:0.000943s ]
[2022-11-29T10:50:08+08:00][sql] SELECT * FROM `address` WHERE  `id` = 1 LIMIT 1 [ RunTime:0.000287s ]
[2022-11-29T10:50:08+08:00][sql] SELECT * FROM `address` WHERE  `id` = 2 LIMIT 1 [ RunTime:0.000267s ]
[2022-11-29T10:50:09+08:00][sql] CONNECT:[ UseTime:0.000376s ] mysql:host=localhost;port=3316;dbname=coffee;charset=utf8
[2022-11-29T10:50:09+08:00][sql] SHOW FULL COLUMNS FROM `course` [ RunTime:0.001441s ]
[2022-11-29T10:50:09+08:00][sql] SELECT * FROM `course` WHERE  `id` = 1 LIMIT 1 [ RunTime:0.000330s ]
[2022-11-29T10:50:09+08:00][sql] SHOW FULL COLUMNS FROM `teacher` [ RunTime:0.000925s ]
[2022-11-29T10:50:09+08:00][sql] SELECT `teacher_name`,`teacher_title`,`teacher_avatar` FROM `teacher` WHERE  `id` = 1 LIMIT 1 [ RunTime:0.000231s ]
[2022-11-29T10:50:09+08:00][sql] SELECT `teacher_name`,`teacher_title`,`teacher_avatar` FROM `teacher` WHERE  `id` = 2 LIMIT 1 [ RunTime:0.000231s ]
[2022-11-29T10:50:09+08:00][sql] SHOW FULL COLUMNS FROM `address` [ RunTime:0.000993s ]
[2022-11-29T10:50:09+08:00][sql] SELECT * FROM `address` WHERE  `id` = 1 LIMIT 1 [ RunTime:0.000271s ]
[2022-11-29T10:50:09+08:00][sql] SELECT * FROM `address` WHERE  `id` = 2 LIMIT 1 [ RunTime:0.000241s ]
[2022-11-29T10:50:44+08:00][sql] CONNECT:[ UseTime:0.000406s ] mysql:host=localhost;port=3316;dbname=coffee;charset=utf8
[2022-11-29T10:50:44+08:00][sql] SHOW FULL COLUMNS FROM `course` [ RunTime:0.001453s ]
[2022-11-29T10:50:44+08:00][sql] SELECT * FROM `course` WHERE  `id` = 1 LIMIT 1 [ RunTime:0.000344s ]
[2022-11-29T10:50:44+08:00][sql] SHOW FULL COLUMNS FROM `teacher` [ RunTime:0.000909s ]
[2022-11-29T10:50:44+08:00][sql] SELECT `teacher_name`,`teacher_title`,`teacher_avatar` FROM `teacher` WHERE  `id` = 1 LIMIT 1 [ RunTime:0.000293s ]
[2022-11-29T10:50:44+08:00][sql] SELECT `teacher_name`,`teacher_title`,`teacher_avatar` FROM `teacher` WHERE  `id` = 2 LIMIT 1 [ RunTime:0.000239s ]
[2022-11-29T10:50:44+08:00][sql] SHOW FULL COLUMNS FROM `address` [ RunTime:0.000944s ]
[2022-11-29T10:50:44+08:00][sql] SELECT * FROM `address` WHERE  `id` = 1 LIMIT 1 [ RunTime:0.000286s ]
[2022-11-29T10:50:44+08:00][sql] SELECT * FROM `address` WHERE  `id` = 2 LIMIT 1 [ RunTime:0.000239s ]
[2022-11-29T10:51:09+08:00][sql] CONNECT:[ UseTime:0.000498s ] mysql:host=localhost;port=3316;dbname=coffee;charset=utf8
[2022-11-29T10:51:09+08:00][sql] SHOW FULL COLUMNS FROM `course` [ RunTime:0.001579s ]
[2022-11-29T10:51:09+08:00][sql] SELECT * FROM `course` WHERE  `id` = 1 LIMIT 1 [ RunTime:0.000364s ]
[2022-11-29T10:51:09+08:00][sql] SHOW FULL COLUMNS FROM `teacher` [ RunTime:0.001026s ]
[2022-11-29T10:51:09+08:00][sql] SELECT `teacher_name`,`teacher_title`,`teacher_avatar` FROM `teacher` WHERE  `id` = 1 LIMIT 1 [ RunTime:0.000284s ]
[2022-11-29T10:51:09+08:00][sql] SELECT `teacher_name`,`teacher_title`,`teacher_avatar` FROM `teacher` WHERE  `id` = 2 LIMIT 1 [ RunTime:0.000265s ]
[2022-11-29T10:51:09+08:00][sql] SHOW FULL COLUMNS FROM `address` [ RunTime:0.001088s ]
[2022-11-29T10:51:09+08:00][sql] SELECT * FROM `address` WHERE  `id` = 1 LIMIT 1 [ RunTime:0.000291s ]
[2022-11-29T10:51:09+08:00][sql] SELECT * FROM `address` WHERE  `id` = 2 LIMIT 1 [ RunTime:0.000253s ]
[2022-11-29T16:09:58+08:00][sql] CONNECT:[ UseTime:0.000422s ] mysql:host=localhost;port=3316;dbname=coffee;charset=utf8
[2022-11-29T16:09:58+08:00][sql] SHOW FULL COLUMNS FROM `course` [ RunTime:0.001399s ]
[2022-11-29T16:09:58+08:00][sql] SELECT * FROM `course` WHERE  `id` = 7 LIMIT 1 [ RunTime:0.000308s ]
[2022-11-29T16:09:58+08:00][sql] SHOW FULL COLUMNS FROM `teacher` [ RunTime:0.000924s ]
[2022-11-29T16:09:58+08:00][sql] SELECT `teacher_name`,`teacher_title`,`teacher_avatar` FROM `teacher` WHERE  `id` = 1 LIMIT 1 [ RunTime:0.000231s ]
[2022-11-29T16:09:58+08:00][sql] SHOW FULL COLUMNS FROM `address` [ RunTime:0.001366s ]
[2022-11-29T16:09:58+08:00][sql] SELECT * FROM `address` WHERE  `id` = 1 LIMIT 1 [ RunTime:0.000327s ]
[2022-11-29T16:09:58+08:00][sql] SELECT * FROM `address` WHERE  `id` = 2 LIMIT 1 [ RunTime:0.000265s ]
[2022-11-29T16:20:40+08:00][sql] CONNECT:[ UseTime:0.000448s ] mysql:host=localhost;port=3316;dbname=coffee;charset=utf8
[2022-11-29T16:20:40+08:00][sql] SHOW FULL COLUMNS FROM `course` [ RunTime:0.001432s ]
[2022-11-29T16:20:40+08:00][sql] SELECT * FROM `course` WHERE  `id` = 7 LIMIT 1 [ RunTime:0.000345s ]
[2022-11-29T16:20:40+08:00][sql] SHOW FULL COLUMNS FROM `teacher` [ RunTime:0.000934s ]
[2022-11-29T16:20:40+08:00][sql] SELECT `teacher_name`,`teacher_title`,`teacher_avatar` FROM `teacher` WHERE  `id` = 1 LIMIT 1 [ RunTime:0.000269s ]
[2022-11-29T16:20:40+08:00][sql] SHOW FULL COLUMNS FROM `address` [ RunTime:0.001048s ]
[2022-11-29T16:20:40+08:00][sql] SELECT * FROM `address` WHERE  `id` = 1 LIMIT 1 [ RunTime:0.000286s ]
[2022-11-29T16:20:40+08:00][sql] SELECT * FROM `address` WHERE  `id` = 2 LIMIT 1 [ RunTime:0.000258s ]
[2022-11-29T19:38:20+08:00][sql] CONNECT:[ UseTime:0.000360s ] mysql:host=localhost;port=3316;dbname=coffee;charset=utf8
[2022-11-29T19:38:20+08:00][sql] SHOW FULL COLUMNS FROM `course` [ RunTime:0.001417s ]
[2022-11-29T19:38:20+08:00][sql] SELECT `id`,`title`,`price`,`days`,`time` FROM `course` WHERE  `is_time` = 1 ORDER BY `sorting` ASC [ RunTime:0.000336s ]
[2022-11-29T19:38:20+08:00][sql] SELECT `id`,`title` FROM `course` WHERE  `status` = 1 [ RunTime:0.000224s ]
[2022-11-29T19:38:20+08:00][sql] SELECT `id`,`title` FROM `course` WHERE  `status` = 2 [ RunTime:0.000222s ]
[2022-11-29T19:38:20+08:00][sql] SHOW FULL COLUMNS FROM `address` [ RunTime:0.000947s ]
[2022-11-29T19:38:20+08:00][sql] SELECT * FROM `address` WHERE  `id` = 1 LIMIT 1 [ RunTime:0.000259s ]
[2022-11-29T19:38:20+08:00][sql] SELECT * FROM `address` WHERE  `id` = 2 LIMIT 1 [ RunTime:0.000211s ]
[2022-11-29T19:45:02+08:00][sql] CONNECT:[ UseTime:0.000478s ] mysql:host=localhost;port=3316;dbname=coffee;charset=utf8
[2022-11-29T19:45:02+08:00][sql] SHOW FULL COLUMNS FROM `course` [ RunTime:0.002169s ]
[2022-11-29T19:45:02+08:00][sql] SELECT `id`,`title`,`price`,`days`,`time` FROM `course` WHERE  `is_time` = 1 ORDER BY `sorting` ASC [ RunTime:0.000429s ]
[2022-11-29T19:45:02+08:00][sql] SELECT `id`,`title` FROM `course` WHERE  `status` = 1 [ RunTime:0.000296s ]
[2022-11-29T19:45:02+08:00][sql] SELECT `id`,`title` FROM `course` WHERE  `status` = 2 [ RunTime:0.000333s ]
[2022-11-29T19:45:02+08:00][sql] SHOW FULL COLUMNS FROM `address` [ RunTime:0.001573s ]
[2022-11-29T19:45:02+08:00][sql] SELECT * FROM `address` WHERE  `id` = 1 LIMIT 1 [ RunTime:0.000327s ]
[2022-11-29T19:45:02+08:00][sql] SELECT * FROM `address` WHERE  `id` = 2 LIMIT 1 [ RunTime:0.000268s ]
[2022-11-29T21:10:09+08:00][sql] CONNECT:[ UseTime:0.000445s ] mysql:host=localhost;port=3316;dbname=coffee;charset=utf8
[2022-11-29T21:10:09+08:00][sql] SHOW FULL COLUMNS FROM `course` [ RunTime:0.001581s ]
[2022-11-29T21:10:09+08:00][sql] SELECT * FROM `course` WHERE  `id` = 5 LIMIT 1 [ RunTime:0.000347s ]
[2022-11-29T21:10:09+08:00][sql] SHOW FULL COLUMNS FROM `teacher` [ RunTime:0.000958s ]
[2022-11-29T21:10:09+08:00][sql] SELECT `teacher_name`,`teacher_title`,`teacher_avatar` FROM `teacher` WHERE  `id` = 1 LIMIT 1 [ RunTime:0.000284s ]
[2022-11-29T21:10:09+08:00][sql] SELECT `teacher_name`,`teacher_title`,`teacher_avatar` FROM `teacher` WHERE  `id` = 2 LIMIT 1 [ RunTime:0.000788s ]
[2022-11-29T21:10:09+08:00][sql] SHOW FULL COLUMNS FROM `address` [ RunTime:0.001051s ]
[2022-11-29T21:10:09+08:00][sql] SELECT * FROM `address` WHERE  `id` = 1 LIMIT 1 [ RunTime:0.000299s ]
[2022-11-29T21:10:09+08:00][sql] SELECT * FROM `address` WHERE  `id` = 2 LIMIT 1 [ RunTime:0.000262s ]
[2022-11-29T21:19:41+08:00][sql] CONNECT:[ UseTime:0.000442s ] mysql:host=localhost;port=3316;dbname=coffee;charset=utf8
[2022-11-29T21:19:41+08:00][sql] SHOW FULL COLUMNS FROM `course` [ RunTime:0.001551s ]
[2022-11-29T21:19:41+08:00][sql] SELECT * FROM `course` WHERE  `id` = 5 LIMIT 1 [ RunTime:0.000908s ]
[2022-11-29T21:19:41+08:00][sql] SHOW FULL COLUMNS FROM `teacher` [ RunTime:0.000984s ]
[2022-11-29T21:19:41+08:00][sql] SELECT `teacher_name`,`teacher_title`,`teacher_avatar` FROM `teacher` WHERE  `id` = 1 LIMIT 1 [ RunTime:0.000242s ]
[2022-11-29T21:19:41+08:00][sql] SELECT `teacher_name`,`teacher_title`,`teacher_avatar` FROM `teacher` WHERE  `id` = 2 LIMIT 1 [ RunTime:0.000196s ]
[2022-11-29T21:19:41+08:00][sql] SHOW FULL COLUMNS FROM `address` [ RunTime:0.000909s ]
[2022-11-29T21:19:41+08:00][sql] SELECT * FROM `address` WHERE  `id` = 1 LIMIT 1 [ RunTime:0.000236s ]
[2022-11-29T21:19:41+08:00][sql] SELECT * FROM `address` WHERE  `id` = 2 LIMIT 1 [ RunTime:0.000254s ]
