[2023-03-03T05:02:31+08:00][sql] CONNECT:[ UseTime:0.000404s ] mysql:host=localhost;port=3316;dbname=coffee;charset=utf8
[2023-03-03T05:02:31+08:00][sql] SHOW FULL COLUMNS FROM `information` [ RunTime:0.001444s ]
[2023-03-03T05:02:31+08:00][sql] SELECT * FROM `information` WHERE  `id` = 4 LIMIT 1 [ RunTime:0.000297s ]
[2023-03-03T05:02:31+08:00][sql] SHOW FULL COLUMNS FROM `address` [ RunTime:0.000875s ]
[2023-03-03T05:02:31+08:00][sql] SELECT * FROM `address` WHERE  `id` = 1 LIMIT 1 [ RunTime:0.000287s ]
[2023-03-03T05:02:31+08:00][sql] SELECT * FROM `address` WHERE  `id` = 2 LIMIT 1 [ RunTime:0.000286s ]
[2023-03-03T05:22:45+08:00][sql] CONNECT:[ UseTime:0.000482s ] mysql:host=localhost;port=3316;dbname=coffee;charset=utf8
[2023-03-03T05:22:45+08:00][sql] SHOW FULL COLUMNS FROM `information` [ RunTime:0.001259s ]
[2023-03-03T05:22:45+08:00][sql] SELECT * FROM `information` WHERE  `id` = 15 LIMIT 1 [ RunTime:0.000326s ]
[2023-03-03T05:22:45+08:00][sql] SHOW FULL COLUMNS FROM `address` [ RunTime:0.000929s ]
[2023-03-03T05:22:45+08:00][sql] SELECT * FROM `address` WHERE  `id` = 1 LIMIT 1 [ RunTime:0.000311s ]
[2023-03-03T05:22:45+08:00][sql] SELECT * FROM `address` WHERE  `id` = 2 LIMIT 1 [ RunTime:0.001302s ]
[2023-03-03T05:22:49+08:00][sql] CONNECT:[ UseTime:0.000408s ] mysql:host=localhost;port=3316;dbname=coffee;charset=utf8
[2023-03-03T05:22:49+08:00][sql] SHOW FULL COLUMNS FROM `information` [ RunTime:0.001342s ]
[2023-03-03T05:22:49+08:00][sql] SELECT * FROM `information` WHERE  `id` = 19 LIMIT 1 [ RunTime:0.000313s ]
[2023-03-03T05:22:49+08:00][sql] SHOW FULL COLUMNS FROM `address` [ RunTime:0.000982s ]
[2023-03-03T05:22:49+08:00][sql] SELECT * FROM `address` WHERE  `id` = 1 LIMIT 1 [ RunTime:0.000287s ]
[2023-03-03T05:22:49+08:00][sql] SELECT * FROM `address` WHERE  `id` = 2 LIMIT 1 [ RunTime:0.000241s ]
[2023-03-03T05:22:50+08:00][sql] CONNECT:[ UseTime:0.000396s ] mysql:host=localhost;port=3316;dbname=coffee;charset=utf8
[2023-03-03T05:22:50+08:00][sql] SHOW FULL COLUMNS FROM `information` [ RunTime:0.001291s ]
[2023-03-03T05:22:50+08:00][sql] SELECT * FROM `information` WHERE  `id` = 18 LIMIT 1 [ RunTime:0.000294s ]
[2023-03-03T05:22:50+08:00][sql] SHOW FULL COLUMNS FROM `address` [ RunTime:0.000931s ]
[2023-03-03T05:22:50+08:00][sql] SELECT * FROM `address` WHERE  `id` = 1 LIMIT 1 [ RunTime:0.000273s ]
[2023-03-03T05:22:50+08:00][sql] SELECT * FROM `address` WHERE  `id` = 2 LIMIT 1 [ RunTime:0.000214s ]
[2023-03-03T05:22:51+08:00][sql] CONNECT:[ UseTime:0.000358s ] mysql:host=localhost;port=3316;dbname=coffee;charset=utf8
[2023-03-03T05:22:51+08:00][sql] SHOW FULL COLUMNS FROM `information` [ RunTime:0.001251s ]
[2023-03-03T05:22:51+08:00][sql] SELECT * FROM `information` WHERE  `id` = 17 LIMIT 1 [ RunTime:0.000314s ]
[2023-03-03T05:22:51+08:00][sql] SHOW FULL COLUMNS FROM `address` [ RunTime:0.000905s ]
[2023-03-03T05:22:51+08:00][sql] SELECT * FROM `address` WHERE  `id` = 1 LIMIT 1 [ RunTime:0.000236s ]
[2023-03-03T05:22:51+08:00][sql] SELECT * FROM `address` WHERE  `id` = 2 LIMIT 1 [ RunTime:0.000215s ]
[2023-03-03T05:22:52+08:00][sql] CONNECT:[ UseTime:0.000329s ] mysql:host=localhost;port=3316;dbname=coffee;charset=utf8
[2023-03-03T05:22:52+08:00][sql] SHOW FULL COLUMNS FROM `information` [ RunTime:0.001260s ]
[2023-03-03T05:22:52+08:00][sql] SELECT * FROM `information` WHERE  `id` = 16 LIMIT 1 [ RunTime:0.000290s ]
[2023-03-03T05:22:52+08:00][sql] SHOW FULL COLUMNS FROM `address` [ RunTime:0.000908s ]
[2023-03-03T05:22:52+08:00][sql] SELECT * FROM `address` WHERE  `id` = 1 LIMIT 1 [ RunTime:0.000239s ]
[2023-03-03T05:22:52+08:00][sql] SELECT * FROM `address` WHERE  `id` = 2 LIMIT 1 [ RunTime:0.000209s ]
[2023-03-03T05:27:03+08:00][sql] CONNECT:[ UseTime:0.000464s ] mysql:host=localhost;port=3316;dbname=coffee;charset=utf8
[2023-03-03T05:27:03+08:00][sql] SHOW FULL COLUMNS FROM `information` [ RunTime:0.001723s ]
[2023-03-03T05:27:03+08:00][sql] SELECT * FROM `information` WHERE  `id` = 15 LIMIT 1 [ RunTime:0.000373s ]
[2023-03-03T05:27:03+08:00][sql] SHOW FULL COLUMNS FROM `address` [ RunTime:0.001278s ]
[2023-03-03T05:27:03+08:00][sql] SELECT * FROM `address` WHERE  `id` = 1 LIMIT 1 [ RunTime:0.000316s ]
[2023-03-03T05:27:03+08:00][sql] SELECT * FROM `address` WHERE  `id` = 2 LIMIT 1 [ RunTime:0.000257s ]
[2023-03-03T08:58:39+08:00][sql] CONNECT:[ UseTime:0.000411s ] mysql:host=localhost;port=3316;dbname=coffee;charset=utf8
[2023-03-03T08:58:39+08:00][sql] SHOW FULL COLUMNS FROM `information` [ RunTime:0.001284s ]
[2023-03-03T08:58:39+08:00][sql] SELECT * FROM `information` WHERE  `id` = 7 LIMIT 1 [ RunTime:0.000318s ]
[2023-03-03T08:58:39+08:00][sql] SHOW FULL COLUMNS FROM `address` [ RunTime:0.001012s ]
[2023-03-03T08:58:39+08:00][sql] SELECT * FROM `address` WHERE  `id` = 1 LIMIT 1 [ RunTime:0.000253s ]
[2023-03-03T08:58:39+08:00][sql] SELECT * FROM `address` WHERE  `id` = 2 LIMIT 1 [ RunTime:0.000215s ]
[2023-03-03T10:02:12+08:00][sql] CONNECT:[ UseTime:0.000376s ] mysql:host=localhost;port=3316;dbname=coffee;charset=utf8
[2023-03-03T10:02:12+08:00][sql] SHOW FULL COLUMNS FROM `information` [ RunTime:0.001442s ]
[2023-03-03T10:02:12+08:00][sql] SELECT * FROM `information` WHERE  `id` = 11 LIMIT 1 [ RunTime:0.000286s ]
[2023-03-03T10:02:12+08:00][sql] SHOW FULL COLUMNS FROM `address` [ RunTime:0.000940s ]
[2023-03-03T10:02:12+08:00][sql] SELECT * FROM `address` WHERE  `id` = 1 LIMIT 1 [ RunTime:0.000304s ]
[2023-03-03T10:02:12+08:00][sql] SELECT * FROM `address` WHERE  `id` = 2 LIMIT 1 [ RunTime:0.000212s ]
[2023-03-03T10:28:02+08:00][sql] CONNECT:[ UseTime:0.000400s ] mysql:host=localhost;port=3316;dbname=coffee;charset=utf8
[2023-03-03T10:28:02+08:00][sql] SHOW FULL COLUMNS FROM `information` [ RunTime:0.001325s ]
[2023-03-03T10:28:02+08:00][sql] SELECT * FROM `information` WHERE  `id` = 11 LIMIT 1 [ RunTime:0.000273s ]
[2023-03-03T10:28:02+08:00][sql] SHOW FULL COLUMNS FROM `address` [ RunTime:0.000862s ]
[2023-03-03T10:28:02+08:00][sql] SELECT * FROM `address` WHERE  `id` = 1 LIMIT 1 [ RunTime:0.000226s ]
[2023-03-03T10:28:02+08:00][sql] SELECT * FROM `address` WHERE  `id` = 2 LIMIT 1 [ RunTime:0.000213s ]
[2023-03-03T11:32:11+08:00][sql] CONNECT:[ UseTime:0.000384s ] mysql:host=localhost;port=3316;dbname=coffee;charset=utf8
[2023-03-03T11:32:11+08:00][sql] SHOW FULL COLUMNS FROM `information` [ RunTime:0.001407s ]
[2023-03-03T11:32:11+08:00][sql] SELECT * FROM `information` WHERE  `id` = 1 LIMIT 1 [ RunTime:0.000312s ]
[2023-03-03T11:32:11+08:00][sql] SHOW FULL COLUMNS FROM `address` [ RunTime:0.001046s ]
[2023-03-03T11:32:11+08:00][sql] SELECT * FROM `address` WHERE  `id` = 1 LIMIT 1 [ RunTime:0.000271s ]
[2023-03-03T11:32:11+08:00][sql] SELECT * FROM `address` WHERE  `id` = 2 LIMIT 1 [ RunTime:0.000244s ]
[2023-03-03T16:19:34+08:00][sql] CONNECT:[ UseTime:0.000383s ] mysql:host=localhost;port=3316;dbname=coffee;charset=utf8
[2023-03-03T16:19:34+08:00][sql] SHOW FULL COLUMNS FROM `information` [ RunTime:0.001329s ]
[2023-03-03T16:19:34+08:00][sql] SELECT * FROM `information` ORDER BY `time` DESC LIMIT 1 [ RunTime:0.000337s ]
[2023-03-03T16:19:34+08:00][sql] SHOW FULL COLUMNS FROM `topic` [ RunTime:0.000939s ]
[2023-03-03T16:19:34+08:00][sql] SELECT * FROM `topic` [ RunTime:0.000234s ]
[2023-03-03T16:19:34+08:00][sql] SELECT * FROM `information` WHERE  `topic_id` = 2 [ RunTime:0.000402s ]
[2023-03-03T16:19:34+08:00][sql] SHOW FULL COLUMNS FROM `address` [ RunTime:0.000958s ]
[2023-03-03T16:19:34+08:00][sql] SELECT * FROM `address` WHERE  `id` = 1 LIMIT 1 [ RunTime:0.000279s ]
[2023-03-03T16:19:34+08:00][sql] SELECT * FROM `address` WHERE  `id` = 2 LIMIT 1 [ RunTime:0.000297s ]
[2023-03-03T17:35:02+08:00][sql] CONNECT:[ UseTime:0.000399s ] mysql:host=localhost;port=3316;dbname=coffee;charset=utf8
[2023-03-03T17:35:02+08:00][sql] SHOW FULL COLUMNS FROM `information` [ RunTime:0.001346s ]
[2023-03-03T17:35:02+08:00][sql] SELECT * FROM `information` WHERE  `id` = 8 LIMIT 1 [ RunTime:0.000340s ]
[2023-03-03T17:35:02+08:00][sql] SHOW FULL COLUMNS FROM `address` [ RunTime:0.001020s ]
[2023-03-03T17:35:02+08:00][sql] SELECT * FROM `address` WHERE  `id` = 1 LIMIT 1 [ RunTime:0.000283s ]
[2023-03-03T17:35:02+08:00][sql] SELECT * FROM `address` WHERE  `id` = 2 LIMIT 1 [ RunTime:0.000275s ]
[2023-03-03T18:44:56+08:00][sql] CONNECT:[ UseTime:0.000351s ] mysql:host=localhost;port=3316;dbname=coffee;charset=utf8
[2023-03-03T18:44:56+08:00][sql] SHOW FULL COLUMNS FROM `information` [ RunTime:0.001407s ]
[2023-03-03T18:44:56+08:00][sql] SELECT * FROM `information` WHERE  `id` = 5 LIMIT 1 [ RunTime:0.000335s ]
[2023-03-03T18:44:56+08:00][sql] SHOW FULL COLUMNS FROM `address` [ RunTime:0.001128s ]
[2023-03-03T18:44:56+08:00][sql] SELECT * FROM `address` WHERE  `id` = 1 LIMIT 1 [ RunTime:0.000270s ]
[2023-03-03T18:44:56+08:00][sql] SELECT * FROM `address` WHERE  `id` = 2 LIMIT 1 [ RunTime:0.000207s ]
[2023-03-03T20:23:13+08:00][sql] CONNECT:[ UseTime:0.000411s ] mysql:host=localhost;port=3316;dbname=coffee;charset=utf8
[2023-03-03T20:23:13+08:00][sql] SHOW FULL COLUMNS FROM `information` [ RunTime:0.001437s ]
[2023-03-03T20:23:13+08:00][sql] SELECT * FROM `information` WHERE  `id` = 3 LIMIT 1 [ RunTime:0.000320s ]
[2023-03-03T20:23:13+08:00][sql] SHOW FULL COLUMNS FROM `address` [ RunTime:0.001074s ]
[2023-03-03T20:23:13+08:00][sql] SELECT * FROM `address` WHERE  `id` = 1 LIMIT 1 [ RunTime:0.000276s ]
[2023-03-03T20:23:13+08:00][sql] SELECT * FROM `address` WHERE  `id` = 2 LIMIT 1 [ RunTime:0.000226s ]
[2023-03-03T20:31:49+08:00][sql] CONNECT:[ UseTime:0.000437s ] mysql:host=localhost;port=3316;dbname=coffee;charset=utf8
[2023-03-03T20:31:49+08:00][sql] SHOW FULL COLUMNS FROM `information` [ RunTime:0.001352s ]
[2023-03-03T20:31:49+08:00][sql] SELECT * FROM `information` WHERE  `id` = 3 LIMIT 1 [ RunTime:0.000310s ]
[2023-03-03T20:31:49+08:00][sql] SHOW FULL COLUMNS FROM `address` [ RunTime:0.000958s ]
[2023-03-03T20:31:49+08:00][sql] SELECT * FROM `address` WHERE  `id` = 1 LIMIT 1 [ RunTime:0.000287s ]
[2023-03-03T20:31:49+08:00][sql] SELECT * FROM `address` WHERE  `id` = 2 LIMIT 1 [ RunTime:0.000254s ]
[2023-03-03T21:41:27+08:00][sql] CONNECT:[ UseTime:0.000416s ] mysql:host=localhost;port=3316;dbname=coffee;charset=utf8
[2023-03-03T21:41:27+08:00][sql] SHOW FULL COLUMNS FROM `information` [ RunTime:0.001518s ]
[2023-03-03T21:41:27+08:00][sql] SELECT * FROM `information` WHERE  `id` = 17 LIMIT 1 [ RunTime:0.000317s ]
[2023-03-03T21:41:27+08:00][sql] SHOW FULL COLUMNS FROM `address` [ RunTime:0.001205s ]
[2023-03-03T21:41:27+08:00][sql] SELECT * FROM `address` WHERE  `id` = 1 LIMIT 1 [ RunTime:0.000260s ]
[2023-03-03T21:41:27+08:00][sql] SELECT * FROM `address` WHERE  `id` = 2 LIMIT 1 [ RunTime:0.000212s ]
[2023-03-03T22:41:39+08:00][sql] CONNECT:[ UseTime:0.000445s ] mysql:host=localhost;port=3316;dbname=coffee;charset=utf8
[2023-03-03T22:41:39+08:00][sql] SHOW FULL COLUMNS FROM `information` [ RunTime:0.001368s ]
[2023-03-03T22:41:39+08:00][sql] SELECT * FROM `information` WHERE  `id` = 9 LIMIT 1 [ RunTime:0.000330s ]
[2023-03-03T22:41:39+08:00][sql] SHOW FULL COLUMNS FROM `address` [ RunTime:0.001004s ]
[2023-03-03T22:41:39+08:00][sql] SELECT * FROM `address` WHERE  `id` = 1 LIMIT 1 [ RunTime:0.000274s ]
[2023-03-03T22:41:39+08:00][sql] SELECT * FROM `address` WHERE  `id` = 2 LIMIT 1 [ RunTime:0.000259s ]
