[2023-03-10T00:28:14+08:00][sql] CONNECT:[ UseTime:0.000449s ] mysql:host=localhost;port=3316;dbname=coffee;charset=utf8
[2023-03-10T00:28:14+08:00][sql] SHOW FULL COLUMNS FROM `information` [ RunTime:0.001359s ]
[2023-03-10T00:28:14+08:00][sql] SELECT * FROM `information` WHERE  `id` = 19 LIMIT 1 [ RunTime:0.000338s ]
[2023-03-10T00:28:14+08:00][sql] SHOW FULL COLUMNS FROM `address` [ RunTime:0.000928s ]
[2023-03-10T00:28:14+08:00][sql] SELECT * FROM `address` WHERE  `id` = 1 LIMIT 1 [ RunTime:0.000292s ]
[2023-03-10T00:28:14+08:00][sql] SELECT * FROM `address` WHERE  `id` = 2 LIMIT 1 [ RunTime:0.000248s ]
[2023-03-10T00:30:30+08:00][sql] CONNECT:[ UseTime:0.000377s ] mysql:host=localhost;port=3316;dbname=coffee;charset=utf8
[2023-03-10T00:30:30+08:00][sql] SHOW FULL COLUMNS FROM `information` [ RunTime:0.001266s ]
[2023-03-10T00:30:30+08:00][sql] SELECT * FROM `information` WHERE  `id` = 19 LIMIT 1 [ RunTime:0.000308s ]
[2023-03-10T00:30:30+08:00][sql] SHOW FULL COLUMNS FROM `address` [ RunTime:0.000962s ]
[2023-03-10T00:30:30+08:00][sql] SELECT * FROM `address` WHERE  `id` = 1 LIMIT 1 [ RunTime:0.000257s ]
[2023-03-10T00:30:30+08:00][sql] SELECT * FROM `address` WHERE  `id` = 2 LIMIT 1 [ RunTime:0.000208s ]
[2023-03-10T01:10:57+08:00][sql] CONNECT:[ UseTime:0.000411s ] mysql:host=localhost;port=3316;dbname=coffee;charset=utf8
[2023-03-10T01:10:57+08:00][sql] SHOW FULL COLUMNS FROM `information` [ RunTime:0.001262s ]
[2023-03-10T01:10:57+08:00][sql] SELECT * FROM `information` WHERE  `id` = 8 LIMIT 1 [ RunTime:0.000335s ]
[2023-03-10T01:10:57+08:00][sql] SHOW FULL COLUMNS FROM `address` [ RunTime:0.000930s ]
[2023-03-10T01:10:57+08:00][sql] SELECT * FROM `address` WHERE  `id` = 1 LIMIT 1 [ RunTime:0.000235s ]
[2023-03-10T01:10:57+08:00][sql] SELECT * FROM `address` WHERE  `id` = 2 LIMIT 1 [ RunTime:0.000209s ]
[2023-03-10T01:18:07+08:00][sql] CONNECT:[ UseTime:0.000433s ] mysql:host=localhost;port=3316;dbname=coffee;charset=utf8
[2023-03-10T01:18:07+08:00][sql] SHOW FULL COLUMNS FROM `information` [ RunTime:0.001293s ]
[2023-03-10T01:18:07+08:00][sql] SELECT * FROM `information` WHERE  `id` = 8 LIMIT 1 [ RunTime:0.000324s ]
[2023-03-10T01:18:07+08:00][sql] SHOW FULL COLUMNS FROM `address` [ RunTime:0.001017s ]
[2023-03-10T01:18:07+08:00][sql] SELECT * FROM `address` WHERE  `id` = 1 LIMIT 1 [ RunTime:0.000283s ]
[2023-03-10T01:18:07+08:00][sql] SELECT * FROM `address` WHERE  `id` = 2 LIMIT 1 [ RunTime:0.000253s ]
[2023-03-10T02:28:26+08:00][sql] CONNECT:[ UseTime:0.000372s ] mysql:host=localhost;port=3316;dbname=coffee;charset=utf8
[2023-03-10T02:28:26+08:00][sql] SHOW FULL COLUMNS FROM `information` [ RunTime:0.001335s ]
[2023-03-10T02:28:26+08:00][sql] SELECT * FROM `information` WHERE  `id` = 3 LIMIT 1 [ RunTime:0.000306s ]
[2023-03-10T02:28:26+08:00][sql] SHOW FULL COLUMNS FROM `address` [ RunTime:0.000963s ]
[2023-03-10T02:28:26+08:00][sql] SELECT * FROM `address` WHERE  `id` = 1 LIMIT 1 [ RunTime:0.000251s ]
[2023-03-10T02:28:26+08:00][sql] SELECT * FROM `address` WHERE  `id` = 2 LIMIT 1 [ RunTime:0.000251s ]
[2023-03-10T02:31:24+08:00][sql] CONNECT:[ UseTime:0.000394s ] mysql:host=localhost;port=3316;dbname=coffee;charset=utf8
[2023-03-10T02:31:24+08:00][sql] SHOW FULL COLUMNS FROM `information` [ RunTime:0.001319s ]
[2023-03-10T02:31:24+08:00][sql] SELECT * FROM `information` WHERE  `id` = 3 LIMIT 1 [ RunTime:0.000272s ]
[2023-03-10T02:31:24+08:00][sql] SHOW FULL COLUMNS FROM `address` [ RunTime:0.000966s ]
[2023-03-10T02:31:24+08:00][sql] SELECT * FROM `address` WHERE  `id` = 1 LIMIT 1 [ RunTime:0.000238s ]
[2023-03-10T02:31:24+08:00][sql] SELECT * FROM `address` WHERE  `id` = 2 LIMIT 1 [ RunTime:0.000226s ]
[2023-03-10T02:45:19+08:00][sql] CONNECT:[ UseTime:0.000407s ] mysql:host=localhost;port=3316;dbname=coffee;charset=utf8
[2023-03-10T02:45:19+08:00][sql] SHOW FULL COLUMNS FROM `information` [ RunTime:0.001336s ]
[2023-03-10T02:45:19+08:00][sql] SELECT * FROM `information` WHERE  `id` = 18 LIMIT 1 [ RunTime:0.000324s ]
[2023-03-10T02:45:19+08:00][sql] SHOW FULL COLUMNS FROM `address` [ RunTime:0.000973s ]
[2023-03-10T02:45:19+08:00][sql] SELECT * FROM `address` WHERE  `id` = 1 LIMIT 1 [ RunTime:0.000294s ]
[2023-03-10T02:45:19+08:00][sql] SELECT * FROM `address` WHERE  `id` = 2 LIMIT 1 [ RunTime:0.000241s ]
[2023-03-10T02:54:41+08:00][sql] CONNECT:[ UseTime:0.000391s ] mysql:host=localhost;port=3316;dbname=coffee;charset=utf8
[2023-03-10T02:54:41+08:00][sql] SHOW FULL COLUMNS FROM `information` [ RunTime:0.001273s ]
[2023-03-10T02:54:41+08:00][sql] SELECT * FROM `information` WHERE  `id` = 18 LIMIT 1 [ RunTime:0.000341s ]
[2023-03-10T02:54:41+08:00][sql] SHOW FULL COLUMNS FROM `address` [ RunTime:0.000930s ]
[2023-03-10T02:54:41+08:00][sql] SELECT * FROM `address` WHERE  `id` = 1 LIMIT 1 [ RunTime:0.000271s ]
[2023-03-10T02:54:41+08:00][sql] SELECT * FROM `address` WHERE  `id` = 2 LIMIT 1 [ RunTime:0.000250s ]
[2023-03-10T03:28:15+08:00][sql] CONNECT:[ UseTime:0.000808s ] mysql:host=localhost;port=3316;dbname=coffee;charset=utf8
[2023-03-10T03:28:15+08:00][sql] SHOW FULL COLUMNS FROM `information` [ RunTime:0.001701s ]
[2023-03-10T03:28:15+08:00][sql] SELECT * FROM `information` WHERE  `id` = 18 LIMIT 1 [ RunTime:0.000371s ]
[2023-03-10T03:28:15+08:00][sql] SHOW FULL COLUMNS FROM `address` [ RunTime:0.001307s ]
[2023-03-10T03:28:15+08:00][sql] SELECT * FROM `address` WHERE  `id` = 1 LIMIT 1 [ RunTime:0.000289s ]
[2023-03-10T03:28:15+08:00][sql] SELECT * FROM `address` WHERE  `id` = 2 LIMIT 1 [ RunTime:0.000295s ]
[2023-03-10T04:17:38+08:00][sql] CONNECT:[ UseTime:0.000384s ] mysql:host=localhost;port=3316;dbname=coffee;charset=utf8
[2023-03-10T04:17:38+08:00][sql] SHOW FULL COLUMNS FROM `information` [ RunTime:0.001286s ]
[2023-03-10T04:17:38+08:00][sql] SELECT * FROM `information` WHERE  `id` = 12 LIMIT 1 [ RunTime:0.000285s ]
[2023-03-10T04:17:38+08:00][sql] SHOW FULL COLUMNS FROM `address` [ RunTime:0.000927s ]
[2023-03-10T04:17:38+08:00][sql] SELECT * FROM `address` WHERE  `id` = 1 LIMIT 1 [ RunTime:0.000258s ]
[2023-03-10T04:17:38+08:00][sql] SELECT * FROM `address` WHERE  `id` = 2 LIMIT 1 [ RunTime:0.000208s ]
[2023-03-10T04:21:38+08:00][sql] CONNECT:[ UseTime:0.000381s ] mysql:host=localhost;port=3316;dbname=coffee;charset=utf8
[2023-03-10T04:21:38+08:00][sql] SHOW FULL COLUMNS FROM `information` [ RunTime:0.001294s ]
[2023-03-10T04:21:38+08:00][sql] SELECT * FROM `information` ORDER BY `time` DESC LIMIT 1 [ RunTime:0.000352s ]
[2023-03-10T04:21:38+08:00][sql] SHOW FULL COLUMNS FROM `topic` [ RunTime:0.000851s ]
[2023-03-10T04:21:38+08:00][sql] SELECT * FROM `topic` [ RunTime:0.000225s ]
[2023-03-10T04:21:38+08:00][sql] SELECT * FROM `information` ORDER BY `time` DESC [ RunTime:0.000906s ]
[2023-03-10T04:21:38+08:00][sql] SHOW FULL COLUMNS FROM `address` [ RunTime:0.000960s ]
[2023-03-10T04:21:38+08:00][sql] SELECT * FROM `address` WHERE  `id` = 1 LIMIT 1 [ RunTime:0.000279s ]
[2023-03-10T04:21:38+08:00][sql] SELECT * FROM `address` WHERE  `id` = 2 LIMIT 1 [ RunTime:0.000256s ]
[2023-03-10T04:22:01+08:00][sql] CONNECT:[ UseTime:0.000429s ] mysql:host=localhost;port=3316;dbname=coffee;charset=utf8
[2023-03-10T04:22:01+08:00][sql] SHOW FULL COLUMNS FROM `information` [ RunTime:0.001306s ]
[2023-03-10T04:22:01+08:00][sql] SELECT * FROM `information` WHERE  `id` = 12 LIMIT 1 [ RunTime:0.000288s ]
[2023-03-10T04:22:01+08:00][sql] SHOW FULL COLUMNS FROM `address` [ RunTime:0.000871s ]
[2023-03-10T04:22:01+08:00][sql] SELECT * FROM `address` WHERE  `id` = 1 LIMIT 1 [ RunTime:0.000232s ]
[2023-03-10T04:22:01+08:00][sql] SELECT * FROM `address` WHERE  `id` = 2 LIMIT 1 [ RunTime:0.000204s ]
[2023-03-10T04:24:23+08:00][sql] CONNECT:[ UseTime:0.000375s ] mysql:host=localhost;port=3316;dbname=coffee;charset=utf8
[2023-03-10T04:24:23+08:00][sql] SHOW FULL COLUMNS FROM `information` [ RunTime:0.001277s ]
[2023-03-10T04:24:23+08:00][sql] SELECT * FROM `information` WHERE  `id` = 12 LIMIT 1 [ RunTime:0.000271s ]
[2023-03-10T04:24:23+08:00][sql] SHOW FULL COLUMNS FROM `address` [ RunTime:0.000901s ]
[2023-03-10T04:24:23+08:00][sql] SELECT * FROM `address` WHERE  `id` = 1 LIMIT 1 [ RunTime:0.000271s ]
[2023-03-10T04:24:23+08:00][sql] SELECT * FROM `address` WHERE  `id` = 2 LIMIT 1 [ RunTime:0.000210s ]
[2023-03-10T04:24:48+08:00][sql] CONNECT:[ UseTime:0.000381s ] mysql:host=localhost;port=3316;dbname=coffee;charset=utf8
[2023-03-10T04:24:48+08:00][sql] SHOW FULL COLUMNS FROM `information` [ RunTime:0.001262s ]
[2023-03-10T04:24:48+08:00][sql] SELECT * FROM `information` ORDER BY `time` DESC LIMIT 1 [ RunTime:0.000308s ]
[2023-03-10T04:24:48+08:00][sql] SHOW FULL COLUMNS FROM `topic` [ RunTime:0.000850s ]
[2023-03-10T04:24:48+08:00][sql] SELECT * FROM `topic` [ RunTime:0.000188s ]
[2023-03-10T04:24:48+08:00][sql] SELECT * FROM `information` ORDER BY `time` DESC [ RunTime:0.000690s ]
[2023-03-10T04:24:48+08:00][sql] SHOW FULL COLUMNS FROM `address` [ RunTime:0.000887s ]
[2023-03-10T04:24:48+08:00][sql] SELECT * FROM `address` WHERE  `id` = 1 LIMIT 1 [ RunTime:0.000244s ]
[2023-03-10T04:24:48+08:00][sql] SELECT * FROM `address` WHERE  `id` = 2 LIMIT 1 [ RunTime:0.000206s ]
[2023-03-10T04:29:39+08:00][sql] CONNECT:[ UseTime:0.000414s ] mysql:host=localhost;port=3316;dbname=coffee;charset=utf8
[2023-03-10T04:29:39+08:00][sql] SHOW FULL COLUMNS FROM `information` [ RunTime:0.001261s ]
[2023-03-10T04:29:39+08:00][sql] SELECT * FROM `information` WHERE  `id` = 8 LIMIT 1 [ RunTime:0.000317s ]
[2023-03-10T04:29:39+08:00][sql] SHOW FULL COLUMNS FROM `address` [ RunTime:0.000935s ]
[2023-03-10T04:29:39+08:00][sql] SELECT * FROM `address` WHERE  `id` = 1 LIMIT 1 [ RunTime:0.000269s ]
[2023-03-10T04:29:39+08:00][sql] SELECT * FROM `address` WHERE  `id` = 2 LIMIT 1 [ RunTime:0.000263s ]
[2023-03-10T04:33:38+08:00][sql] CONNECT:[ UseTime:0.000422s ] mysql:host=localhost;port=3316;dbname=coffee;charset=utf8
[2023-03-10T04:33:38+08:00][sql] SHOW FULL COLUMNS FROM `information` [ RunTime:0.001301s ]
[2023-03-10T04:33:38+08:00][sql] SELECT * FROM `information` WHERE  `id` = 21 LIMIT 1 [ RunTime:0.000324s ]
[2023-03-10T04:33:38+08:00][sql] SHOW FULL COLUMNS FROM `address` [ RunTime:0.000975s ]
[2023-03-10T04:33:38+08:00][sql] SELECT * FROM `address` WHERE  `id` = 1 LIMIT 1 [ RunTime:0.000293s ]
[2023-03-10T04:33:38+08:00][sql] SELECT * FROM `address` WHERE  `id` = 2 LIMIT 1 [ RunTime:0.000249s ]
[2023-03-10T04:37:38+08:00][sql] CONNECT:[ UseTime:0.000367s ] mysql:host=localhost;port=3316;dbname=coffee;charset=utf8
[2023-03-10T04:37:38+08:00][sql] SHOW FULL COLUMNS FROM `information` [ RunTime:0.001323s ]
[2023-03-10T04:37:38+08:00][sql] SELECT * FROM `information` WHERE  `id` = 20 LIMIT 1 [ RunTime:0.000337s ]
[2023-03-10T04:37:38+08:00][sql] SHOW FULL COLUMNS FROM `address` [ RunTime:0.000960s ]
[2023-03-10T04:37:38+08:00][sql] SELECT * FROM `address` WHERE  `id` = 1 LIMIT 1 [ RunTime:0.000282s ]
[2023-03-10T04:37:38+08:00][sql] SELECT * FROM `address` WHERE  `id` = 2 LIMIT 1 [ RunTime:0.000265s ]
[2023-03-10T04:40:02+08:00][sql] CONNECT:[ UseTime:0.000403s ] mysql:host=localhost;port=3316;dbname=coffee;charset=utf8
[2023-03-10T04:40:02+08:00][sql] SHOW FULL COLUMNS FROM `information` [ RunTime:0.001319s ]
[2023-03-10T04:40:02+08:00][sql] SELECT * FROM `information` WHERE  `id` = 8 LIMIT 1 [ RunTime:0.000301s ]
[2023-03-10T04:40:02+08:00][sql] SHOW FULL COLUMNS FROM `address` [ RunTime:0.001025s ]
[2023-03-10T04:40:02+08:00][sql] SELECT * FROM `address` WHERE  `id` = 1 LIMIT 1 [ RunTime:0.000250s ]
[2023-03-10T04:40:02+08:00][sql] SELECT * FROM `address` WHERE  `id` = 2 LIMIT 1 [ RunTime:0.000232s ]
[2023-03-10T04:40:29+08:00][sql] CONNECT:[ UseTime:0.000451s ] mysql:host=localhost;port=3316;dbname=coffee;charset=utf8
[2023-03-10T04:40:29+08:00][sql] SHOW FULL COLUMNS FROM `information` [ RunTime:0.002006s ]
[2023-03-10T04:40:29+08:00][sql] SELECT * FROM `information` WHERE  `id` = 21 LIMIT 1 [ RunTime:0.000411s ]
[2023-03-10T04:40:29+08:00][sql] SHOW FULL COLUMNS FROM `address` [ RunTime:0.001254s ]
[2023-03-10T04:40:29+08:00][sql] SELECT * FROM `address` WHERE  `id` = 1 LIMIT 1 [ RunTime:0.000326s ]
[2023-03-10T04:40:29+08:00][sql] SELECT * FROM `address` WHERE  `id` = 2 LIMIT 1 [ RunTime:0.000298s ]
[2023-03-10T04:40:58+08:00][sql] CONNECT:[ UseTime:0.000391s ] mysql:host=localhost;port=3316;dbname=coffee;charset=utf8
[2023-03-10T04:40:58+08:00][sql] SHOW FULL COLUMNS FROM `information` [ RunTime:0.001326s ]
[2023-03-10T04:40:58+08:00][sql] SELECT * FROM `information` WHERE  `id` = 20 LIMIT 1 [ RunTime:0.000276s ]
[2023-03-10T04:40:58+08:00][sql] SHOW FULL COLUMNS FROM `address` [ RunTime:0.000902s ]
[2023-03-10T04:40:58+08:00][sql] SELECT * FROM `address` WHERE  `id` = 1 LIMIT 1 [ RunTime:0.000286s ]
[2023-03-10T04:40:58+08:00][sql] SELECT * FROM `address` WHERE  `id` = 2 LIMIT 1 [ RunTime:0.000217s ]
[2023-03-10T05:00:06+08:00][sql] CONNECT:[ UseTime:0.000387s ] mysql:host=localhost;port=3316;dbname=coffee;charset=utf8
[2023-03-10T05:00:06+08:00][sql] SHOW FULL COLUMNS FROM `information` [ RunTime:0.002054s ]
[2023-03-10T05:00:06+08:00][sql] SELECT * FROM `information` ORDER BY `time` DESC LIMIT 1 [ RunTime:0.000368s ]
[2023-03-10T05:00:06+08:00][sql] SHOW FULL COLUMNS FROM `topic` [ RunTime:0.000881s ]
[2023-03-10T05:00:06+08:00][sql] SELECT * FROM `topic` [ RunTime:0.000239s ]
[2023-03-10T05:00:06+08:00][sql] SELECT * FROM `information` ORDER BY `time` DESC [ RunTime:0.001070s ]
[2023-03-10T05:00:06+08:00][sql] SHOW FULL COLUMNS FROM `address` [ RunTime:0.001249s ]
[2023-03-10T05:00:06+08:00][sql] SELECT * FROM `address` WHERE  `id` = 1 LIMIT 1 [ RunTime:0.000390s ]
[2023-03-10T05:00:06+08:00][sql] SELECT * FROM `address` WHERE  `id` = 2 LIMIT 1 [ RunTime:0.000252s ]
[2023-03-10T05:32:36+08:00][sql] CONNECT:[ UseTime:0.000456s ] mysql:host=localhost;port=3316;dbname=coffee;charset=utf8
[2023-03-10T05:32:36+08:00][sql] SHOW FULL COLUMNS FROM `information` [ RunTime:0.001231s ]
[2023-03-10T05:32:36+08:00][sql] SELECT * FROM `information` WHERE  `id` = 19 LIMIT 1 [ RunTime:0.000273s ]
[2023-03-10T05:32:36+08:00][sql] SHOW FULL COLUMNS FROM `address` [ RunTime:0.000906s ]
[2023-03-10T05:32:36+08:00][sql] SELECT * FROM `address` WHERE  `id` = 1 LIMIT 1 [ RunTime:0.000258s ]
[2023-03-10T05:32:36+08:00][sql] SELECT * FROM `address` WHERE  `id` = 2 LIMIT 1 [ RunTime:0.000209s ]
[2023-03-10T05:40:31+08:00][sql] CONNECT:[ UseTime:0.015122s ] mysql:host=localhost;port=3316;dbname=coffee;charset=utf8
[2023-03-10T05:40:31+08:00][sql] SHOW FULL COLUMNS FROM `information` [ RunTime:0.001960s ]
[2023-03-10T05:40:31+08:00][sql] SELECT * FROM `information` WHERE  `id` = 19 LIMIT 1 [ RunTime:0.000482s ]
[2023-03-10T05:40:31+08:00][sql] SHOW FULL COLUMNS FROM `address` [ RunTime:0.001347s ]
[2023-03-10T05:40:31+08:00][sql] SELECT * FROM `address` WHERE  `id` = 1 LIMIT 1 [ RunTime:0.000413s ]
[2023-03-10T05:40:31+08:00][sql] SELECT * FROM `address` WHERE  `id` = 2 LIMIT 1 [ RunTime:0.000373s ]
[2023-03-10T07:40:19+08:00][sql] CONNECT:[ UseTime:0.006717s ] mysql:host=localhost;port=3316;dbname=coffee;charset=utf8
[2023-03-10T07:40:19+08:00][sql] SHOW FULL COLUMNS FROM `information` [ RunTime:0.003575s ]
[2023-03-10T07:40:19+08:00][sql] SELECT * FROM `information` WHERE  `id` = 13 LIMIT 1 [ RunTime:0.000540s ]
[2023-03-10T07:40:19+08:00][sql] SHOW FULL COLUMNS FROM `address` [ RunTime:0.001480s ]
[2023-03-10T07:40:19+08:00][sql] SELECT * FROM `address` WHERE  `id` = 1 LIMIT 1 [ RunTime:0.000412s ]
[2023-03-10T07:40:19+08:00][sql] SELECT * FROM `address` WHERE  `id` = 2 LIMIT 1 [ RunTime:0.000697s ]
[2023-03-10T08:37:27+08:00][sql] CONNECT:[ UseTime:0.000444s ] mysql:host=localhost;port=3316;dbname=coffee;charset=utf8
[2023-03-10T08:37:27+08:00][sql] SHOW FULL COLUMNS FROM `information` [ RunTime:0.001241s ]
[2023-03-10T08:37:27+08:00][sql] SELECT * FROM `information` WHERE  `id` = 14 LIMIT 1 [ RunTime:0.000295s ]
[2023-03-10T08:37:27+08:00][sql] SHOW FULL COLUMNS FROM `address` [ RunTime:0.000868s ]
[2023-03-10T08:37:27+08:00][sql] SELECT * FROM `address` WHERE  `id` = 1 LIMIT 1 [ RunTime:0.000226s ]
[2023-03-10T08:37:27+08:00][sql] SELECT * FROM `address` WHERE  `id` = 2 LIMIT 1 [ RunTime:0.000200s ]
[2023-03-10T08:41:03+08:00][sql] CONNECT:[ UseTime:0.000383s ] mysql:host=localhost;port=3316;dbname=coffee;charset=utf8
[2023-03-10T08:41:03+08:00][sql] SHOW FULL COLUMNS FROM `information` [ RunTime:0.001267s ]
[2023-03-10T08:41:03+08:00][sql] SELECT * FROM `information` WHERE  `id` = 14 LIMIT 1 [ RunTime:0.000302s ]
[2023-03-10T08:41:03+08:00][sql] SHOW FULL COLUMNS FROM `address` [ RunTime:0.000893s ]
[2023-03-10T08:41:03+08:00][sql] SELECT * FROM `address` WHERE  `id` = 1 LIMIT 1 [ RunTime:0.000229s ]
[2023-03-10T08:41:03+08:00][sql] SELECT * FROM `address` WHERE  `id` = 2 LIMIT 1 [ RunTime:0.000217s ]
[2023-03-10T10:58:27+08:00][sql] CONNECT:[ UseTime:0.000397s ] mysql:host=localhost;port=3316;dbname=coffee;charset=utf8
[2023-03-10T10:58:27+08:00][sql] SHOW FULL COLUMNS FROM `information` [ RunTime:0.001322s ]
[2023-03-10T10:58:27+08:00][sql] SELECT * FROM `information` WHERE  `id` = 21 LIMIT 1 [ RunTime:0.000375s ]
[2023-03-10T10:58:27+08:00][sql] SHOW FULL COLUMNS FROM `address` [ RunTime:0.001056s ]
[2023-03-10T10:58:27+08:00][sql] SELECT * FROM `address` WHERE  `id` = 1 LIMIT 1 [ RunTime:0.000267s ]
[2023-03-10T10:58:27+08:00][sql] SELECT * FROM `address` WHERE  `id` = 2 LIMIT 1 [ RunTime:0.000243s ]
[2023-03-10T11:06:37+08:00][sql] CONNECT:[ UseTime:0.000387s ] mysql:host=localhost;port=3316;dbname=coffee;charset=utf8
[2023-03-10T11:06:37+08:00][sql] SHOW FULL COLUMNS FROM `information` [ RunTime:0.001282s ]
[2023-03-10T11:06:37+08:00][sql] SELECT * FROM `information` WHERE  `id` = 21 LIMIT 1 [ RunTime:0.000298s ]
[2023-03-10T11:06:37+08:00][sql] SHOW FULL COLUMNS FROM `address` [ RunTime:0.000903s ]
[2023-03-10T11:06:37+08:00][sql] SELECT * FROM `address` WHERE  `id` = 1 LIMIT 1 [ RunTime:0.000235s ]
[2023-03-10T11:06:37+08:00][sql] SELECT * FROM `address` WHERE  `id` = 2 LIMIT 1 [ RunTime:0.000266s ]
[2023-03-10T13:00:37+08:00][sql] CONNECT:[ UseTime:0.000419s ] mysql:host=localhost;port=3316;dbname=coffee;charset=utf8
[2023-03-10T13:00:37+08:00][sql] SHOW FULL COLUMNS FROM `information` [ RunTime:0.001367s ]
[2023-03-10T13:00:37+08:00][sql] SELECT * FROM `information` ORDER BY `time` DESC LIMIT 1 [ RunTime:0.000339s ]
[2023-03-10T13:00:37+08:00][sql] SHOW FULL COLUMNS FROM `topic` [ RunTime:0.000947s ]
[2023-03-10T13:00:37+08:00][sql] SELECT * FROM `topic` [ RunTime:0.000243s ]
[2023-03-10T13:00:37+08:00][sql] SELECT * FROM `information` WHERE  `topic_id` = 3 [ RunTime:0.000812s ]
[2023-03-10T13:00:37+08:00][sql] SHOW FULL COLUMNS FROM `address` [ RunTime:0.001028s ]
[2023-03-10T13:00:37+08:00][sql] SELECT * FROM `address` WHERE  `id` = 1 LIMIT 1 [ RunTime:0.000282s ]
[2023-03-10T13:00:37+08:00][sql] SELECT * FROM `address` WHERE  `id` = 2 LIMIT 1 [ RunTime:0.000284s ]
[2023-03-10T15:31:14+08:00][sql] CONNECT:[ UseTime:0.000403s ] mysql:host=localhost;port=3316;dbname=coffee;charset=utf8
[2023-03-10T15:31:14+08:00][sql] SHOW FULL COLUMNS FROM `information` [ RunTime:0.001399s ]
[2023-03-10T15:31:14+08:00][sql] SELECT * FROM `information` WHERE  `id` = 9 LIMIT 1 [ RunTime:0.000303s ]
[2023-03-10T15:31:14+08:00][sql] SHOW FULL COLUMNS FROM `address` [ RunTime:0.000928s ]
[2023-03-10T15:31:14+08:00][sql] SELECT * FROM `address` WHERE  `id` = 1 LIMIT 1 [ RunTime:0.000256s ]
[2023-03-10T15:31:14+08:00][sql] SELECT * FROM `address` WHERE  `id` = 2 LIMIT 1 [ RunTime:0.000296s ]
[2023-03-10T17:51:53+08:00][sql] CONNECT:[ UseTime:0.000445s ] mysql:host=localhost;port=3316;dbname=coffee;charset=utf8
[2023-03-10T17:51:53+08:00][sql] SHOW FULL COLUMNS FROM `information` [ RunTime:0.001685s ]
[2023-03-10T17:51:53+08:00][sql] SELECT * FROM `information` WHERE  `id` = 7 LIMIT 1 [ RunTime:0.000372s ]
[2023-03-10T17:51:53+08:00][sql] SHOW FULL COLUMNS FROM `address` [ RunTime:0.001067s ]
[2023-03-10T17:51:53+08:00][sql] SELECT * FROM `address` WHERE  `id` = 1 LIMIT 1 [ RunTime:0.000285s ]
[2023-03-10T17:51:53+08:00][sql] SELECT * FROM `address` WHERE  `id` = 2 LIMIT 1 [ RunTime:0.000287s ]
[2023-03-10T19:27:49+08:00][sql] CONNECT:[ UseTime:0.000425s ] mysql:host=localhost;port=3316;dbname=coffee;charset=utf8
[2023-03-10T19:27:49+08:00][sql] SHOW FULL COLUMNS FROM `information` [ RunTime:0.001375s ]
[2023-03-10T19:27:49+08:00][sql] SELECT * FROM `information` WHERE  `id` = 1 LIMIT 1 [ RunTime:0.000306s ]
[2023-03-10T19:27:49+08:00][sql] SHOW FULL COLUMNS FROM `address` [ RunTime:0.001048s ]
[2023-03-10T19:27:49+08:00][sql] SELECT * FROM `address` WHERE  `id` = 1 LIMIT 1 [ RunTime:0.000292s ]
[2023-03-10T19:27:49+08:00][sql] SELECT * FROM `address` WHERE  `id` = 2 LIMIT 1 [ RunTime:0.000250s ]
[2023-03-10T19:52:30+08:00][sql] CONNECT:[ UseTime:0.000413s ] mysql:host=localhost;port=3316;dbname=coffee;charset=utf8
[2023-03-10T19:52:30+08:00][sql] SHOW FULL COLUMNS FROM `information` [ RunTime:0.001434s ]
[2023-03-10T19:52:30+08:00][sql] SELECT * FROM `information` WHERE  `id` = 21 LIMIT 1 [ RunTime:0.000339s ]
[2023-03-10T19:52:30+08:00][sql] SHOW FULL COLUMNS FROM `address` [ RunTime:0.000974s ]
[2023-03-10T19:52:30+08:00][sql] SELECT * FROM `address` WHERE  `id` = 1 LIMIT 1 [ RunTime:0.000276s ]
[2023-03-10T19:52:30+08:00][sql] SELECT * FROM `address` WHERE  `id` = 2 LIMIT 1 [ RunTime:0.000244s ]
[2023-03-10T20:37:30+08:00][sql] CONNECT:[ UseTime:0.003947s ] mysql:host=localhost;port=3316;dbname=coffee;charset=utf8
[2023-03-10T20:37:30+08:00][sql] SHOW FULL COLUMNS FROM `information` [ RunTime:0.001400s ]
[2023-03-10T20:37:30+08:00][sql] SELECT * FROM `information` WHERE  `id` = 21 LIMIT 1 [ RunTime:0.000349s ]
[2023-03-10T20:37:30+08:00][sql] SHOW FULL COLUMNS FROM `address` [ RunTime:0.001111s ]
[2023-03-10T20:37:30+08:00][sql] SELECT * FROM `address` WHERE  `id` = 1 LIMIT 1 [ RunTime:0.000480s ]
[2023-03-10T20:37:30+08:00][sql] SELECT * FROM `address` WHERE  `id` = 2 LIMIT 1 [ RunTime:0.000313s ]
[2023-03-10T21:06:29+08:00][sql] CONNECT:[ UseTime:0.000383s ] mysql:host=localhost;port=3316;dbname=coffee;charset=utf8
[2023-03-10T21:06:29+08:00][sql] SHOW FULL COLUMNS FROM `information` [ RunTime:0.001375s ]
[2023-03-10T21:06:29+08:00][sql] SELECT * FROM `information` WHERE  `id` = 7 LIMIT 1 [ RunTime:0.000299s ]
[2023-03-10T21:06:29+08:00][sql] SHOW FULL COLUMNS FROM `address` [ RunTime:0.000939s ]
[2023-03-10T21:06:29+08:00][sql] SELECT * FROM `address` WHERE  `id` = 1 LIMIT 1 [ RunTime:0.000241s ]
[2023-03-10T21:06:29+08:00][sql] SELECT * FROM `address` WHERE  `id` = 2 LIMIT 1 [ RunTime:0.000222s ]
[2023-03-10T21:53:09+08:00][sql] CONNECT:[ UseTime:0.000397s ] mysql:host=localhost;port=3316;dbname=coffee;charset=utf8
[2023-03-10T21:53:09+08:00][sql] SHOW FULL COLUMNS FROM `information` [ RunTime:0.001316s ]
[2023-03-10T21:53:09+08:00][sql] SELECT * FROM `information` WHERE  `id` = 11 LIMIT 1 [ RunTime:0.000312s ]
[2023-03-10T21:53:09+08:00][sql] SHOW FULL COLUMNS FROM `address` [ RunTime:0.000977s ]
[2023-03-10T21:53:09+08:00][sql] SELECT * FROM `address` WHERE  `id` = 1 LIMIT 1 [ RunTime:0.000243s ]
[2023-03-10T21:53:09+08:00][sql] SELECT * FROM `address` WHERE  `id` = 2 LIMIT 1 [ RunTime:0.000221s ]
[2023-03-10T21:56:29+08:00][sql] CONNECT:[ UseTime:0.000420s ] mysql:host=localhost;port=3316;dbname=coffee;charset=utf8
[2023-03-10T21:56:29+08:00][sql] SHOW FULL COLUMNS FROM `information` [ RunTime:0.001275s ]
[2023-03-10T21:56:29+08:00][sql] SELECT * FROM `information` WHERE  `id` = 11 LIMIT 1 [ RunTime:0.000321s ]
[2023-03-10T21:56:29+08:00][sql] SHOW FULL COLUMNS FROM `address` [ RunTime:0.000939s ]
[2023-03-10T21:56:29+08:00][sql] SELECT * FROM `address` WHERE  `id` = 1 LIMIT 1 [ RunTime:0.000257s ]
[2023-03-10T21:56:29+08:00][sql] SELECT * FROM `address` WHERE  `id` = 2 LIMIT 1 [ RunTime:0.000226s ]
[2023-03-10T21:56:29+08:00][sql] CONNECT:[ UseTime:0.000422s ] mysql:host=localhost;port=3316;dbname=coffee;charset=utf8
[2023-03-10T21:56:29+08:00][sql] SHOW FULL COLUMNS FROM `information` [ RunTime:0.001353s ]
[2023-03-10T21:56:29+08:00][sql] SELECT * FROM `information` WHERE  `id` = 11 LIMIT 1 [ RunTime:0.000278s ]
[2023-03-10T21:56:29+08:00][sql] SHOW FULL COLUMNS FROM `address` [ RunTime:0.001076s ]
[2023-03-10T21:56:29+08:00][sql] SELECT * FROM `address` WHERE  `id` = 1 LIMIT 1 [ RunTime:0.000245s ]
[2023-03-10T21:56:29+08:00][sql] SELECT * FROM `address` WHERE  `id` = 2 LIMIT 1 [ RunTime:0.000212s ]
[2023-03-10T21:59:32+08:00][sql] CONNECT:[ UseTime:0.000429s ] mysql:host=localhost;port=3316;dbname=coffee;charset=utf8
[2023-03-10T21:59:32+08:00][sql] SHOW FULL COLUMNS FROM `information` [ RunTime:0.001315s ]
[2023-03-10T21:59:32+08:00][sql] SELECT * FROM `information` WHERE  `id` = 11 LIMIT 1 [ RunTime:0.000327s ]
[2023-03-10T21:59:32+08:00][sql] SHOW FULL COLUMNS FROM `address` [ RunTime:0.001096s ]
[2023-03-10T21:59:32+08:00][sql] SELECT * FROM `address` WHERE  `id` = 1 LIMIT 1 [ RunTime:0.000251s ]
[2023-03-10T21:59:32+08:00][sql] SELECT * FROM `address` WHERE  `id` = 2 LIMIT 1 [ RunTime:0.000242s ]
[2023-03-10T22:26:50+08:00][sql] CONNECT:[ UseTime:0.000388s ] mysql:host=localhost;port=3316;dbname=coffee;charset=utf8
[2023-03-10T22:26:50+08:00][sql] SHOW FULL COLUMNS FROM `information` [ RunTime:0.001327s ]
[2023-03-10T22:26:50+08:00][sql] SELECT * FROM `information` WHERE  `id` = 4 LIMIT 1 [ RunTime:0.000337s ]
[2023-03-10T22:26:50+08:00][sql] SHOW FULL COLUMNS FROM `address` [ RunTime:0.000993s ]
[2023-03-10T22:26:50+08:00][sql] SELECT * FROM `address` WHERE  `id` = 1 LIMIT 1 [ RunTime:0.000263s ]
[2023-03-10T22:26:50+08:00][sql] SELECT * FROM `address` WHERE  `id` = 2 LIMIT 1 [ RunTime:0.000273s ]
[2023-03-10T22:30:13+08:00][sql] CONNECT:[ UseTime:0.000453s ] mysql:host=localhost;port=3316;dbname=coffee;charset=utf8
[2023-03-10T22:30:13+08:00][sql] SHOW FULL COLUMNS FROM `information` [ RunTime:0.001268s ]
[2023-03-10T22:30:13+08:00][sql] SELECT * FROM `information` WHERE  `id` = 4 LIMIT 1 [ RunTime:0.000281s ]
[2023-03-10T22:30:13+08:00][sql] SHOW FULL COLUMNS FROM `address` [ RunTime:0.000882s ]
[2023-03-10T22:30:13+08:00][sql] SELECT * FROM `address` WHERE  `id` = 1 LIMIT 1 [ RunTime:0.000248s ]
[2023-03-10T22:30:13+08:00][sql] SELECT * FROM `address` WHERE  `id` = 2 LIMIT 1 [ RunTime:0.000209s ]
[2023-03-10T22:53:46+08:00][sql] CONNECT:[ UseTime:0.000461s ] mysql:host=localhost;port=3316;dbname=coffee;charset=utf8
[2023-03-10T22:53:46+08:00][sql] SHOW FULL COLUMNS FROM `information` [ RunTime:0.001283s ]
[2023-03-10T22:53:46+08:00][sql] SELECT * FROM `information` WHERE  `id` = 10 LIMIT 1 [ RunTime:0.000323s ]
[2023-03-10T22:53:46+08:00][sql] SHOW FULL COLUMNS FROM `address` [ RunTime:0.000972s ]
[2023-03-10T22:53:46+08:00][sql] SELECT * FROM `address` WHERE  `id` = 1 LIMIT 1 [ RunTime:0.000278s ]
[2023-03-10T22:53:46+08:00][sql] SELECT * FROM `address` WHERE  `id` = 2 LIMIT 1 [ RunTime:0.000263s ]
