[2023-03-11T00:26:49+08:00][sql] CONNECT:[ UseTime:0.000337s ] mysql:host=localhost;port=3316;dbname=coffee;charset=utf8
[2023-03-11T00:26:49+08:00][sql] SHOW FULL COLUMNS FROM `information` [ RunTime:0.001304s ]
[2023-03-11T00:26:49+08:00][sql] SELECT * FROM `information` WHERE  `id` = 21 LIMIT 1 [ RunTime:0.000324s ]
[2023-03-11T00:26:49+08:00][sql] SHOW FULL COLUMNS FROM `address` [ RunTime:0.000925s ]
[2023-03-11T00:26:49+08:00][sql] SELECT * FROM `address` WHERE  `id` = 1 LIMIT 1 [ RunTime:0.000260s ]
[2023-03-11T00:26:49+08:00][sql] SELECT * FROM `address` WHERE  `id` = 2 LIMIT 1 [ RunTime:0.000238s ]
[2023-03-11T01:39:04+08:00][sql] CONNECT:[ UseTime:0.000386s ] mysql:host=localhost;port=3316;dbname=coffee;charset=utf8
[2023-03-11T01:39:04+08:00][sql] SHOW FULL COLUMNS FROM `information` [ RunTime:0.001258s ]
[2023-03-11T01:39:04+08:00][sql] SELECT * FROM `information` WHERE  `id` = 6 LIMIT 1 [ RunTime:0.000336s ]
[2023-03-11T01:39:04+08:00][sql] SHOW FULL COLUMNS FROM `address` [ RunTime:0.000941s ]
[2023-03-11T01:39:04+08:00][sql] SELECT * FROM `address` WHERE  `id` = 1 LIMIT 1 [ RunTime:0.000274s ]
[2023-03-11T01:39:04+08:00][sql] SELECT * FROM `address` WHERE  `id` = 2 LIMIT 1 [ RunTime:0.000240s ]
[2023-03-11T02:28:01+08:00][sql] CONNECT:[ UseTime:0.000412s ] mysql:host=localhost;port=3316;dbname=coffee;charset=utf8
[2023-03-11T02:28:01+08:00][sql] SHOW FULL COLUMNS FROM `information` [ RunTime:0.001758s ]
[2023-03-11T02:28:01+08:00][sql] SELECT * FROM `information` WHERE  `id` = 1 LIMIT 1 [ RunTime:0.000349s ]
[2023-03-11T02:28:01+08:00][sql] SHOW FULL COLUMNS FROM `address` [ RunTime:0.001251s ]
[2023-03-11T02:28:01+08:00][sql] SELECT * FROM `address` WHERE  `id` = 1 LIMIT 1 [ RunTime:0.000260s ]
[2023-03-11T02:28:01+08:00][sql] SELECT * FROM `address` WHERE  `id` = 2 LIMIT 1 [ RunTime:0.000196s ]
[2023-03-11T04:00:16+08:00][sql] CONNECT:[ UseTime:0.000380s ] mysql:host=localhost;port=3316;dbname=coffee;charset=utf8
[2023-03-11T04:00:16+08:00][sql] SHOW FULL COLUMNS FROM `information` [ RunTime:0.001241s ]
[2023-03-11T04:00:16+08:00][sql] SELECT * FROM `information` WHERE  `id` = 20 LIMIT 1 [ RunTime:0.000266s ]
[2023-03-11T04:00:16+08:00][sql] SHOW FULL COLUMNS FROM `address` [ RunTime:0.000882s ]
[2023-03-11T04:00:16+08:00][sql] SELECT * FROM `address` WHERE  `id` = 1 LIMIT 1 [ RunTime:0.000243s ]
[2023-03-11T04:00:16+08:00][sql] SELECT * FROM `address` WHERE  `id` = 2 LIMIT 1 [ RunTime:0.000202s ]
[2023-03-11T04:11:13+08:00][sql] CONNECT:[ UseTime:0.000425s ] mysql:host=localhost;port=3316;dbname=coffee;charset=utf8
[2023-03-11T04:11:13+08:00][sql] SHOW FULL COLUMNS FROM `information` [ RunTime:0.001424s ]
[2023-03-11T04:11:13+08:00][sql] SELECT * FROM `information` WHERE  `id` = 13 LIMIT 1 [ RunTime:0.000339s ]
[2023-03-11T04:11:13+08:00][sql] SHOW FULL COLUMNS FROM `address` [ RunTime:0.000991s ]
[2023-03-11T04:11:13+08:00][sql] SELECT * FROM `address` WHERE  `id` = 1 LIMIT 1 [ RunTime:0.000274s ]
[2023-03-11T04:11:13+08:00][sql] SELECT * FROM `address` WHERE  `id` = 2 LIMIT 1 [ RunTime:0.000248s ]
[2023-03-11T05:49:21+08:00][sql] CONNECT:[ UseTime:0.000396s ] mysql:host=localhost;port=3316;dbname=coffee;charset=utf8
[2023-03-11T05:49:21+08:00][sql] SHOW FULL COLUMNS FROM `information` [ RunTime:0.001434s ]
[2023-03-11T05:49:21+08:00][sql] SELECT * FROM `information` WHERE  `id` = 4 LIMIT 1 [ RunTime:0.000322s ]
[2023-03-11T05:49:21+08:00][sql] SHOW FULL COLUMNS FROM `address` [ RunTime:0.001052s ]
[2023-03-11T05:49:21+08:00][sql] SELECT * FROM `address` WHERE  `id` = 1 LIMIT 1 [ RunTime:0.000293s ]
[2023-03-11T05:49:21+08:00][sql] SELECT * FROM `address` WHERE  `id` = 2 LIMIT 1 [ RunTime:0.000263s ]
[2023-03-11T07:49:00+08:00][sql] CONNECT:[ UseTime:0.000329s ] mysql:host=localhost;port=3316;dbname=coffee;charset=utf8
[2023-03-11T07:49:00+08:00][sql] SHOW FULL COLUMNS FROM `information` [ RunTime:0.001248s ]
[2023-03-11T07:49:00+08:00][sql] SELECT * FROM `information` WHERE  `id` = 12 LIMIT 1 [ RunTime:0.000277s ]
[2023-03-11T07:49:00+08:00][sql] SHOW FULL COLUMNS FROM `address` [ RunTime:0.001143s ]
[2023-03-11T07:49:00+08:00][sql] SELECT * FROM `address` WHERE  `id` = 1 LIMIT 1 [ RunTime:0.000371s ]
[2023-03-11T07:49:00+08:00][sql] SELECT * FROM `address` WHERE  `id` = 2 LIMIT 1 [ RunTime:0.000253s ]
[2023-03-11T10:52:44+08:00][sql] CONNECT:[ UseTime:0.000433s ] mysql:host=localhost;port=3316;dbname=coffee;charset=utf8
[2023-03-11T10:52:44+08:00][sql] SHOW FULL COLUMNS FROM `information` [ RunTime:0.001309s ]
[2023-03-11T10:52:44+08:00][sql] SELECT * FROM `information` WHERE  `id` = 21 LIMIT 1 [ RunTime:0.000352s ]
[2023-03-11T10:52:44+08:00][sql] SHOW FULL COLUMNS FROM `address` [ RunTime:0.000935s ]
[2023-03-11T10:52:44+08:00][sql] SELECT * FROM `address` WHERE  `id` = 1 LIMIT 1 [ RunTime:0.000277s ]
[2023-03-11T10:52:44+08:00][sql] SELECT * FROM `address` WHERE  `id` = 2 LIMIT 1 [ RunTime:0.000248s ]
[2023-03-11T10:55:37+08:00][sql] CONNECT:[ UseTime:0.013977s ] mysql:host=localhost;port=3316;dbname=coffee;charset=utf8
[2023-03-11T10:55:37+08:00][sql] SHOW FULL COLUMNS FROM `information` [ RunTime:0.001923s ]
[2023-03-11T10:55:37+08:00][sql] SELECT * FROM `information` WHERE  `id` = 20 LIMIT 1 [ RunTime:0.000509s ]
[2023-03-11T10:55:37+08:00][sql] SHOW FULL COLUMNS FROM `address` [ RunTime:0.001538s ]
[2023-03-11T10:55:37+08:00][sql] SELECT * FROM `address` WHERE  `id` = 1 LIMIT 1 [ RunTime:0.000415s ]
[2023-03-11T10:55:37+08:00][sql] SELECT * FROM `address` WHERE  `id` = 2 LIMIT 1 [ RunTime:0.000377s ]
[2023-03-11T11:23:10+08:00][sql] CONNECT:[ UseTime:0.016250s ] mysql:host=localhost;port=3316;dbname=coffee;charset=utf8
[2023-03-11T11:23:10+08:00][sql] SHOW FULL COLUMNS FROM `information` [ RunTime:0.006032s ]
[2023-03-11T11:23:10+08:00][sql] SELECT * FROM `information` WHERE  `id` = 9 LIMIT 1 [ RunTime:0.000490s ]
[2023-03-11T11:23:10+08:00][sql] SHOW FULL COLUMNS FROM `address` [ RunTime:0.001756s ]
[2023-03-11T11:23:10+08:00][sql] SELECT * FROM `address` WHERE  `id` = 1 LIMIT 1 [ RunTime:0.000365s ]
[2023-03-11T11:23:10+08:00][sql] SELECT * FROM `address` WHERE  `id` = 2 LIMIT 1 [ RunTime:0.000273s ]
[2023-03-11T11:24:52+08:00][sql] CONNECT:[ UseTime:0.000426s ] mysql:host=localhost;port=3316;dbname=coffee;charset=utf8
[2023-03-11T11:24:52+08:00][sql] SHOW FULL COLUMNS FROM `information` [ RunTime:0.001287s ]
[2023-03-11T11:24:52+08:00][sql] SELECT * FROM `information` ORDER BY `time` DESC LIMIT 1 [ RunTime:0.000339s ]
[2023-03-11T11:24:52+08:00][sql] SHOW FULL COLUMNS FROM `topic` [ RunTime:0.000917s ]
[2023-03-11T11:24:52+08:00][sql] SELECT * FROM `topic` [ RunTime:0.000256s ]
[2023-03-11T11:24:52+08:00][sql] SELECT * FROM `information` WHERE  `topic_id` = 3 [ RunTime:0.000785s ]
[2023-03-11T11:24:52+08:00][sql] SHOW FULL COLUMNS FROM `address` [ RunTime:0.000984s ]
[2023-03-11T11:24:52+08:00][sql] SELECT * FROM `address` WHERE  `id` = 1 LIMIT 1 [ RunTime:0.000336s ]
[2023-03-11T11:24:52+08:00][sql] SELECT * FROM `address` WHERE  `id` = 2 LIMIT 1 [ RunTime:0.000251s ]
[2023-03-11T11:26:42+08:00][sql] CONNECT:[ UseTime:0.007899s ] mysql:host=localhost;port=3316;dbname=coffee;charset=utf8
[2023-03-11T11:26:42+08:00][sql] SHOW FULL COLUMNS FROM `information` [ RunTime:0.002027s ]
[2023-03-11T11:26:42+08:00][sql] SELECT * FROM `information` WHERE  `id` = 9 LIMIT 1 [ RunTime:0.000494s ]
[2023-03-11T11:26:42+08:00][sql] SHOW FULL COLUMNS FROM `address` [ RunTime:0.001578s ]
[2023-03-11T11:26:42+08:00][sql] SELECT * FROM `address` WHERE  `id` = 1 LIMIT 1 [ RunTime:0.000412s ]
[2023-03-11T11:26:42+08:00][sql] SELECT * FROM `address` WHERE  `id` = 2 LIMIT 1 [ RunTime:0.000408s ]
[2023-03-11T11:36:32+08:00][sql] CONNECT:[ UseTime:0.000439s ] mysql:host=localhost;port=3316;dbname=coffee;charset=utf8
[2023-03-11T11:36:32+08:00][sql] SHOW FULL COLUMNS FROM `information` [ RunTime:0.001279s ]
[2023-03-11T11:36:32+08:00][sql] SELECT * FROM `information` WHERE  `id` = 9 LIMIT 1 [ RunTime:0.000359s ]
[2023-03-11T11:36:32+08:00][sql] SHOW FULL COLUMNS FROM `address` [ RunTime:0.000931s ]
[2023-03-11T11:36:32+08:00][sql] SELECT * FROM `address` WHERE  `id` = 1 LIMIT 1 [ RunTime:0.000225s ]
[2023-03-11T11:36:32+08:00][sql] SELECT * FROM `address` WHERE  `id` = 2 LIMIT 1 [ RunTime:0.000218s ]
[2023-03-11T11:46:35+08:00][sql] CONNECT:[ UseTime:0.000414s ] mysql:host=localhost;port=3316;dbname=coffee;charset=utf8
[2023-03-11T11:46:35+08:00][sql] SHOW FULL COLUMNS FROM `information` [ RunTime:0.001275s ]
[2023-03-11T11:46:35+08:00][sql] SELECT * FROM `information` WHERE  `id` = 9 LIMIT 1 [ RunTime:0.000323s ]
[2023-03-11T11:46:35+08:00][sql] SHOW FULL COLUMNS FROM `address` [ RunTime:0.000967s ]
[2023-03-11T11:46:35+08:00][sql] SELECT * FROM `address` WHERE  `id` = 1 LIMIT 1 [ RunTime:0.000294s ]
[2023-03-11T11:46:35+08:00][sql] SELECT * FROM `address` WHERE  `id` = 2 LIMIT 1 [ RunTime:0.000253s ]
[2023-03-11T12:18:40+08:00][sql] CONNECT:[ UseTime:0.000432s ] mysql:host=localhost;port=3316;dbname=coffee;charset=utf8
[2023-03-11T12:18:40+08:00][sql] SHOW FULL COLUMNS FROM `information` [ RunTime:0.001314s ]
[2023-03-11T12:18:40+08:00][sql] SELECT * FROM `information` ORDER BY `time` DESC LIMIT 1 [ RunTime:0.000308s ]
[2023-03-11T12:18:40+08:00][sql] SHOW FULL COLUMNS FROM `topic` [ RunTime:0.000897s ]
[2023-03-11T12:18:40+08:00][sql] SELECT * FROM `topic` [ RunTime:0.000198s ]
[2023-03-11T12:18:40+08:00][sql] SELECT * FROM `information` ORDER BY `time` DESC [ RunTime:0.000681s ]
[2023-03-11T12:18:40+08:00][sql] SHOW FULL COLUMNS FROM `address` [ RunTime:0.000924s ]
[2023-03-11T12:18:40+08:00][sql] SELECT * FROM `address` WHERE  `id` = 1 LIMIT 1 [ RunTime:0.000321s ]
[2023-03-11T12:18:40+08:00][sql] SELECT * FROM `address` WHERE  `id` = 2 LIMIT 1 [ RunTime:0.000246s ]
[2023-03-11T12:19:05+08:00][sql] CONNECT:[ UseTime:0.000409s ] mysql:host=localhost;port=3316;dbname=coffee;charset=utf8
[2023-03-11T12:19:05+08:00][sql] SHOW FULL COLUMNS FROM `information` [ RunTime:0.001339s ]
[2023-03-11T12:19:05+08:00][sql] SELECT * FROM `information` ORDER BY `time` DESC LIMIT 1 [ RunTime:0.000342s ]
[2023-03-11T12:19:05+08:00][sql] SHOW FULL COLUMNS FROM `topic` [ RunTime:0.000915s ]
[2023-03-11T12:19:05+08:00][sql] SELECT * FROM `topic` [ RunTime:0.000259s ]
[2023-03-11T12:19:05+08:00][sql] SELECT * FROM `information` WHERE  `topic_id` = 3 [ RunTime:0.000785s ]
[2023-03-11T12:19:05+08:00][sql] SHOW FULL COLUMNS FROM `address` [ RunTime:0.000961s ]
[2023-03-11T12:19:05+08:00][sql] SELECT * FROM `address` WHERE  `id` = 1 LIMIT 1 [ RunTime:0.000279s ]
[2023-03-11T12:19:05+08:00][sql] SELECT * FROM `address` WHERE  `id` = 2 LIMIT 1 [ RunTime:0.000260s ]
[2023-03-11T13:40:15+08:00][sql] CONNECT:[ UseTime:0.006989s ] mysql:host=localhost;port=3316;dbname=coffee;charset=utf8
[2023-03-11T13:40:15+08:00][sql] SHOW FULL COLUMNS FROM `information` [ RunTime:0.001741s ]
[2023-03-11T13:40:15+08:00][sql] SELECT * FROM `information` WHERE  `id` = 15 LIMIT 1 [ RunTime:0.000421s ]
[2023-03-11T13:40:15+08:00][sql] SHOW FULL COLUMNS FROM `address` [ RunTime:0.001283s ]
[2023-03-11T13:40:15+08:00][sql] SELECT * FROM `address` WHERE  `id` = 1 LIMIT 1 [ RunTime:0.000369s ]
[2023-03-11T13:40:15+08:00][sql] SELECT * FROM `address` WHERE  `id` = 2 LIMIT 1 [ RunTime:0.000350s ]
[2023-03-11T14:43:50+08:00][sql] CONNECT:[ UseTime:0.000441s ] mysql:host=localhost;port=3316;dbname=coffee;charset=utf8
[2023-03-11T14:43:50+08:00][sql] SHOW FULL COLUMNS FROM `information` [ RunTime:0.001262s ]
[2023-03-11T14:43:50+08:00][sql] SELECT * FROM `information` WHERE  `id` = 8 LIMIT 1 [ RunTime:0.000326s ]
[2023-03-11T14:43:50+08:00][sql] SHOW FULL COLUMNS FROM `address` [ RunTime:0.000950s ]
[2023-03-11T14:43:50+08:00][sql] SELECT * FROM `address` WHERE  `id` = 1 LIMIT 1 [ RunTime:0.000316s ]
[2023-03-11T14:43:50+08:00][sql] SELECT * FROM `address` WHERE  `id` = 2 LIMIT 1 [ RunTime:0.000276s ]
[2023-03-11T14:55:23+08:00][sql] CONNECT:[ UseTime:0.000442s ] mysql:host=localhost;port=3316;dbname=coffee;charset=utf8
[2023-03-11T14:55:23+08:00][sql] SHOW FULL COLUMNS FROM `information` [ RunTime:0.001370s ]
[2023-03-11T14:55:23+08:00][sql] SELECT * FROM `information` WHERE  `id` = 18 LIMIT 1 [ RunTime:0.000322s ]
[2023-03-11T14:55:23+08:00][sql] SHOW FULL COLUMNS FROM `address` [ RunTime:0.000979s ]
[2023-03-11T14:55:23+08:00][sql] SELECT * FROM `address` WHERE  `id` = 1 LIMIT 1 [ RunTime:0.000284s ]
[2023-03-11T14:55:23+08:00][sql] SELECT * FROM `address` WHERE  `id` = 2 LIMIT 1 [ RunTime:0.000284s ]
[2023-03-11T18:04:39+08:00][sql] CONNECT:[ UseTime:0.000470s ] mysql:host=localhost;port=3316;dbname=coffee;charset=utf8
[2023-03-11T18:04:39+08:00][sql] SHOW FULL COLUMNS FROM `information` [ RunTime:0.001355s ]
[2023-03-11T18:04:39+08:00][sql] SELECT * FROM `information` WHERE  `id` = 1 LIMIT 1 [ RunTime:0.000338s ]
[2023-03-11T18:04:39+08:00][sql] SHOW FULL COLUMNS FROM `address` [ RunTime:0.001161s ]
[2023-03-11T18:04:39+08:00][sql] SELECT * FROM `address` WHERE  `id` = 1 LIMIT 1 [ RunTime:0.000280s ]
[2023-03-11T18:04:39+08:00][sql] SELECT * FROM `address` WHERE  `id` = 2 LIMIT 1 [ RunTime:0.000208s ]
[2023-03-11T18:04:39+08:00][sql] CONNECT:[ UseTime:0.000427s ] mysql:host=localhost;port=3316;dbname=coffee;charset=utf8
[2023-03-11T18:04:39+08:00][sql] SHOW FULL COLUMNS FROM `information` [ RunTime:0.001306s ]
[2023-03-11T18:04:39+08:00][sql] SELECT * FROM `information` WHERE  `id` = 1 LIMIT 1 [ RunTime:0.000269s ]
[2023-03-11T18:04:39+08:00][sql] SHOW FULL COLUMNS FROM `address` [ RunTime:0.000986s ]
[2023-03-11T18:04:39+08:00][sql] SELECT * FROM `address` WHERE  `id` = 1 LIMIT 1 [ RunTime:0.000272s ]
[2023-03-11T18:04:39+08:00][sql] SELECT * FROM `address` WHERE  `id` = 2 LIMIT 1 [ RunTime:0.000222s ]
[2023-03-11T18:14:19+08:00][sql] CONNECT:[ UseTime:0.000521s ] mysql:host=localhost;port=3316;dbname=coffee;charset=utf8
[2023-03-11T18:14:19+08:00][sql] SHOW FULL COLUMNS FROM `information` [ RunTime:0.004104s ]
[2023-03-11T18:14:19+08:00][sql] SELECT * FROM `information` WHERE  `id` = 1 LIMIT 1 [ RunTime:0.000765s ]
[2023-03-11T18:14:19+08:00][sql] SHOW FULL COLUMNS FROM `address` [ RunTime:0.002454s ]
[2023-03-11T18:14:19+08:00][sql] SELECT * FROM `address` WHERE  `id` = 1 LIMIT 1 [ RunTime:0.000341s ]
[2023-03-11T18:14:19+08:00][sql] SELECT * FROM `address` WHERE  `id` = 2 LIMIT 1 [ RunTime:0.000373s ]
[2023-03-11T20:29:30+08:00][sql] CONNECT:[ UseTime:0.000485s ] mysql:host=localhost;port=3316;dbname=coffee;charset=utf8
[2023-03-11T20:29:30+08:00][sql] SHOW FULL COLUMNS FROM `information` [ RunTime:0.001765s ]
[2023-03-11T20:29:30+08:00][sql] SELECT * FROM `information` WHERE  `id` = 2 LIMIT 1 [ RunTime:0.000336s ]
[2023-03-11T20:29:30+08:00][sql] SHOW FULL COLUMNS FROM `address` [ RunTime:0.000980s ]
[2023-03-11T20:29:30+08:00][sql] SELECT * FROM `address` WHERE  `id` = 1 LIMIT 1 [ RunTime:0.000231s ]
[2023-03-11T20:29:30+08:00][sql] SELECT * FROM `address` WHERE  `id` = 2 LIMIT 1 [ RunTime:0.000192s ]
[2023-03-11T21:41:55+08:00][sql] CONNECT:[ UseTime:0.001033s ] mysql:host=localhost;port=3316;dbname=coffee;charset=utf8
[2023-03-11T21:41:55+08:00][sql] SHOW FULL COLUMNS FROM `information` [ RunTime:0.001425s ]
[2023-03-11T21:41:55+08:00][sql] SELECT * FROM `information` WHERE  `id` = 6 LIMIT 1 [ RunTime:0.000285s ]
[2023-03-11T21:41:55+08:00][sql] SHOW FULL COLUMNS FROM `address` [ RunTime:0.000948s ]
[2023-03-11T21:41:55+08:00][sql] SELECT * FROM `address` WHERE  `id` = 1 LIMIT 1 [ RunTime:0.000250s ]
[2023-03-11T21:41:55+08:00][sql] SELECT * FROM `address` WHERE  `id` = 2 LIMIT 1 [ RunTime:0.000231s ]
[2023-03-11T22:57:15+08:00][sql] CONNECT:[ UseTime:0.000442s ] mysql:host=localhost;port=3316;dbname=coffee;charset=utf8
[2023-03-11T22:57:15+08:00][sql] SHOW FULL COLUMNS FROM `information` [ RunTime:0.001405s ]
[2023-03-11T22:57:15+08:00][sql] SELECT * FROM `information` WHERE  `id` = 3 LIMIT 1 [ RunTime:0.000336s ]
[2023-03-11T22:57:15+08:00][sql] SHOW FULL COLUMNS FROM `address` [ RunTime:0.001038s ]
[2023-03-11T22:57:15+08:00][sql] SELECT * FROM `address` WHERE  `id` = 1 LIMIT 1 [ RunTime:0.000277s ]
[2023-03-11T22:57:15+08:00][sql] SELECT * FROM `address` WHERE  `id` = 2 LIMIT 1 [ RunTime:0.000385s ]
