[2023-03-18T03:39:57+08:00][sql] CONNECT:[ UseTime:0.000446s ] mysql:host=localhost;port=3316;dbname=coffee;charset=utf8
[2023-03-18T03:39:57+08:00][sql] SHOW FULL COLUMNS FROM `information` [ RunTime:0.001307s ]
[2023-03-18T03:39:57+08:00][sql] SELECT * FROM `information` WHERE  `id` = 8 LIMIT 1 [ RunTime:0.000328s ]
[2023-03-18T03:39:57+08:00][sql] SHOW FULL COLUMNS FROM `address` [ RunTime:0.000961s ]
[2023-03-18T03:39:57+08:00][sql] SELECT * FROM `address` WHERE  `id` = 1 LIMIT 1 [ RunTime:0.000276s ]
[2023-03-18T03:39:57+08:00][sql] SELECT * FROM `address` WHERE  `id` = 2 LIMIT 1 [ RunTime:0.000257s ]
[2023-03-18T05:52:13+08:00][sql] CONNECT:[ UseTime:0.000430s ] mysql:host=localhost;port=3316;dbname=coffee;charset=utf8
[2023-03-18T05:52:13+08:00][sql] SHOW FULL COLUMNS FROM `information` [ RunTime:0.001291s ]
[2023-03-18T05:52:13+08:00][sql] SELECT * FROM `information` ORDER BY `time` DESC LIMIT 1 [ RunTime:0.000359s ]
[2023-03-18T05:52:13+08:00][sql] SHOW FULL COLUMNS FROM `topic` [ RunTime:0.000876s ]
[2023-03-18T05:52:13+08:00][sql] SELECT * FROM `topic` [ RunTime:0.000256s ]
[2023-03-18T05:52:13+08:00][sql] SELECT * FROM `information` ORDER BY `time` DESC [ RunTime:0.000899s ]
[2023-03-18T05:52:13+08:00][sql] SHOW FULL COLUMNS FROM `address` [ RunTime:0.000981s ]
[2023-03-18T05:52:13+08:00][sql] SELECT * FROM `address` WHERE  `id` = 1 LIMIT 1 [ RunTime:0.000320s ]
[2023-03-18T05:52:13+08:00][sql] SELECT * FROM `address` WHERE  `id` = 2 LIMIT 1 [ RunTime:0.000304s ]
[2023-03-18T06:00:37+08:00][sql] CONNECT:[ UseTime:0.000367s ] mysql:host=localhost;port=3316;dbname=coffee;charset=utf8
[2023-03-18T06:00:37+08:00][sql] SHOW FULL COLUMNS FROM `information` [ RunTime:0.001273s ]
[2023-03-18T06:00:37+08:00][sql] SELECT * FROM `information` WHERE  `id` = 4 LIMIT 1 [ RunTime:0.000281s ]
[2023-03-18T06:00:37+08:00][sql] SHOW FULL COLUMNS FROM `address` [ RunTime:0.000903s ]
[2023-03-18T06:00:37+08:00][sql] SELECT * FROM `address` WHERE  `id` = 1 LIMIT 1 [ RunTime:0.000224s ]
[2023-03-18T06:00:37+08:00][sql] SELECT * FROM `address` WHERE  `id` = 2 LIMIT 1 [ RunTime:0.000200s ]
[2023-03-18T11:34:38+08:00][sql] CONNECT:[ UseTime:0.000392s ] mysql:host=localhost;port=3316;dbname=coffee;charset=utf8
[2023-03-18T11:34:38+08:00][sql] SHOW FULL COLUMNS FROM `information` [ RunTime:0.001325s ]
[2023-03-18T11:34:38+08:00][sql] SELECT * FROM `information` ORDER BY `time` DESC LIMIT 1 [ RunTime:0.000314s ]
[2023-03-18T11:34:38+08:00][sql] SHOW FULL COLUMNS FROM `topic` [ RunTime:0.000964s ]
[2023-03-18T11:34:38+08:00][sql] SELECT * FROM `topic` [ RunTime:0.000192s ]
[2023-03-18T11:34:38+08:00][sql] SELECT * FROM `information` ORDER BY `time` DESC [ RunTime:0.000724s ]
[2023-03-18T11:34:38+08:00][sql] SHOW FULL COLUMNS FROM `address` [ RunTime:0.001069s ]
[2023-03-18T11:34:38+08:00][sql] SELECT * FROM `address` WHERE  `id` = 1 LIMIT 1 [ RunTime:0.000249s ]
[2023-03-18T11:34:38+08:00][sql] SELECT * FROM `address` WHERE  `id` = 2 LIMIT 1 [ RunTime:0.000236s ]
[2023-03-18T11:42:42+08:00][sql] CONNECT:[ UseTime:0.000400s ] mysql:host=localhost;port=3316;dbname=coffee;charset=utf8
[2023-03-18T11:42:42+08:00][sql] SHOW FULL COLUMNS FROM `information` [ RunTime:0.001323s ]
[2023-03-18T11:42:42+08:00][sql] SELECT * FROM `information` WHERE  `id` = 18 LIMIT 1 [ RunTime:0.000319s ]
[2023-03-18T11:42:42+08:00][sql] SHOW FULL COLUMNS FROM `address` [ RunTime:0.000953s ]
[2023-03-18T11:42:42+08:00][sql] SELECT * FROM `address` WHERE  `id` = 1 LIMIT 1 [ RunTime:0.000269s ]
[2023-03-18T11:42:42+08:00][sql] SELECT * FROM `address` WHERE  `id` = 2 LIMIT 1 [ RunTime:0.000303s ]
[2023-03-18T15:43:54+08:00][sql] CONNECT:[ UseTime:0.000438s ] mysql:host=localhost;port=3316;dbname=coffee;charset=utf8
[2023-03-18T15:43:54+08:00][sql] SHOW FULL COLUMNS FROM `information` [ RunTime:0.001516s ]
[2023-03-18T15:43:54+08:00][sql] SELECT * FROM `information` ORDER BY `time` DESC LIMIT 1 [ RunTime:0.000339s ]
[2023-03-18T15:43:54+08:00][sql] SHOW FULL COLUMNS FROM `topic` [ RunTime:0.000942s ]
[2023-03-18T15:43:54+08:00][sql] SELECT * FROM `topic` [ RunTime:0.000231s ]
[2023-03-18T15:43:54+08:00][sql] SELECT * FROM `information` ORDER BY `time` DESC [ RunTime:0.000877s ]
[2023-03-18T15:43:54+08:00][sql] SHOW FULL COLUMNS FROM `address` [ RunTime:0.000947s ]
[2023-03-18T15:43:54+08:00][sql] SELECT * FROM `address` WHERE  `id` = 1 LIMIT 1 [ RunTime:0.000275s ]
[2023-03-18T15:43:54+08:00][sql] SELECT * FROM `address` WHERE  `id` = 2 LIMIT 1 [ RunTime:0.000247s ]
[2023-03-18T15:44:15+08:00][sql] CONNECT:[ UseTime:0.000410s ] mysql:host=localhost;port=3316;dbname=coffee;charset=utf8
[2023-03-18T15:44:15+08:00][sql] SHOW FULL COLUMNS FROM `information` [ RunTime:0.001313s ]
[2023-03-18T15:44:15+08:00][sql] SELECT * FROM `information` ORDER BY `time` DESC LIMIT 1 [ RunTime:0.000359s ]
[2023-03-18T15:44:15+08:00][sql] SHOW FULL COLUMNS FROM `topic` [ RunTime:0.000914s ]
[2023-03-18T15:44:15+08:00][sql] SELECT * FROM `topic` [ RunTime:0.000237s ]
[2023-03-18T15:44:15+08:00][sql] SELECT * FROM `information` ORDER BY `time` DESC [ RunTime:0.000912s ]
[2023-03-18T15:44:15+08:00][sql] SHOW FULL COLUMNS FROM `address` [ RunTime:0.001011s ]
[2023-03-18T15:44:15+08:00][sql] SELECT * FROM `address` WHERE  `id` = 1 LIMIT 1 [ RunTime:0.000289s ]
[2023-03-18T15:44:15+08:00][sql] SELECT * FROM `address` WHERE  `id` = 2 LIMIT 1 [ RunTime:0.000241s ]
[2023-03-18T22:33:26+08:00][sql] CONNECT:[ UseTime:0.000411s ] mysql:host=localhost;port=3316;dbname=coffee;charset=utf8
[2023-03-18T22:33:26+08:00][sql] SHOW FULL COLUMNS FROM `information` [ RunTime:0.001319s ]
[2023-03-18T22:33:26+08:00][sql] SELECT * FROM `information` WHERE  `id` = 20 LIMIT 1 [ RunTime:0.000284s ]
[2023-03-18T22:33:26+08:00][sql] SHOW FULL COLUMNS FROM `address` [ RunTime:0.000919s ]
[2023-03-18T22:33:26+08:00][sql] SELECT * FROM `address` WHERE  `id` = 1 LIMIT 1 [ RunTime:0.000246s ]
[2023-03-18T22:33:26+08:00][sql] SELECT * FROM `address` WHERE  `id` = 2 LIMIT 1 [ RunTime:0.000215s ]
