[2023-03-20T02:53:05+08:00][sql] CONNECT:[ UseTime:0.000383s ] mysql:host=localhost;port=3316;dbname=coffee;charset=utf8
[2023-03-20T02:53:05+08:00][sql] SHOW FULL COLUMNS FROM `information` [ RunTime:0.001338s ]
[2023-03-20T02:53:05+08:00][sql] SELECT * FROM `information` WHERE  `id` = 21 LIMIT 1 [ RunTime:0.000344s ]
[2023-03-20T02:53:05+08:00][sql] SHOW FULL COLUMNS FROM `address` [ RunTime:0.000990s ]
[2023-03-20T02:53:05+08:00][sql] SELECT * FROM `address` WHERE  `id` = 1 LIMIT 1 [ RunTime:0.000274s ]
[2023-03-20T02:53:05+08:00][sql] SELECT * FROM `address` WHERE  `id` = 2 LIMIT 1 [ RunTime:0.000332s ]
[2023-03-20T04:16:14+08:00][sql] CONNECT:[ UseTime:0.000590s ] mysql:host=localhost;port=3316;dbname=coffee;charset=utf8
[2023-03-20T04:16:14+08:00][sql] SHOW FULL COLUMNS FROM `information` [ RunTime:0.001367s ]
[2023-03-20T04:16:14+08:00][sql] SELECT * FROM `information` WHERE  `id` = 6 LIMIT 1 [ RunTime:0.000309s ]
[2023-03-20T04:16:14+08:00][sql] SHOW FULL COLUMNS FROM `address` [ RunTime:0.001038s ]
[2023-03-20T04:16:14+08:00][sql] SELECT * FROM `address` WHERE  `id` = 1 LIMIT 1 [ RunTime:0.000297s ]
[2023-03-20T04:16:14+08:00][sql] SELECT * FROM `address` WHERE  `id` = 2 LIMIT 1 [ RunTime:0.000252s ]
[2023-03-20T09:01:06+08:00][sql] CONNECT:[ UseTime:0.000389s ] mysql:host=localhost;port=3316;dbname=coffee;charset=utf8
[2023-03-20T09:01:06+08:00][sql] SHOW FULL COLUMNS FROM `information` [ RunTime:0.001295s ]
[2023-03-20T09:01:06+08:00][sql] SELECT * FROM `information` WHERE  `id` = 20 LIMIT 1 [ RunTime:0.000381s ]
[2023-03-20T09:01:06+08:00][sql] SHOW FULL COLUMNS FROM `address` [ RunTime:0.000921s ]
[2023-03-20T09:01:06+08:00][sql] SELECT * FROM `address` WHERE  `id` = 1 LIMIT 1 [ RunTime:0.000304s ]
[2023-03-20T09:01:06+08:00][sql] SELECT * FROM `address` WHERE  `id` = 2 LIMIT 1 [ RunTime:0.000225s ]
[2023-03-20T10:44:11+08:00][sql] CONNECT:[ UseTime:0.000380s ] mysql:host=localhost;port=3316;dbname=coffee;charset=utf8
[2023-03-20T10:44:11+08:00][sql] SHOW FULL COLUMNS FROM `information` [ RunTime:0.001224s ]
[2023-03-20T10:44:11+08:00][sql] SELECT * FROM `information` ORDER BY `time` DESC LIMIT 1 [ RunTime:0.000328s ]
[2023-03-20T10:44:11+08:00][sql] SHOW FULL COLUMNS FROM `topic` [ RunTime:0.000852s ]
[2023-03-20T10:44:11+08:00][sql] SELECT * FROM `topic` [ RunTime:0.000196s ]
[2023-03-20T10:44:11+08:00][sql] SELECT * FROM `information` ORDER BY `time` DESC [ RunTime:0.000731s ]
[2023-03-20T10:44:11+08:00][sql] SHOW FULL COLUMNS FROM `address` [ RunTime:0.000922s ]
[2023-03-20T10:44:11+08:00][sql] SELECT * FROM `address` WHERE  `id` = 1 LIMIT 1 [ RunTime:0.000315s ]
[2023-03-20T10:44:11+08:00][sql] SELECT * FROM `address` WHERE  `id` = 2 LIMIT 1 [ RunTime:0.000252s ]
[2023-03-20T10:44:36+08:00][sql] CONNECT:[ UseTime:0.000406s ] mysql:host=localhost;port=3316;dbname=coffee;charset=utf8
[2023-03-20T10:44:36+08:00][sql] SHOW FULL COLUMNS FROM `information` [ RunTime:0.001346s ]
[2023-03-20T10:44:36+08:00][sql] SELECT * FROM `information` WHERE  `id` = 16 LIMIT 1 [ RunTime:0.000319s ]
[2023-03-20T10:44:36+08:00][sql] SHOW FULL COLUMNS FROM `address` [ RunTime:0.000910s ]
[2023-03-20T10:44:36+08:00][sql] SELECT * FROM `address` WHERE  `id` = 1 LIMIT 1 [ RunTime:0.000281s ]
[2023-03-20T10:44:36+08:00][sql] SELECT * FROM `address` WHERE  `id` = 2 LIMIT 1 [ RunTime:0.000218s ]
[2023-03-20T10:45:06+08:00][sql] CONNECT:[ UseTime:0.001979s ] mysql:host=localhost;port=3316;dbname=coffee;charset=utf8
[2023-03-20T10:45:06+08:00][sql] SHOW FULL COLUMNS FROM `information` [ RunTime:0.001849s ]
[2023-03-20T10:45:06+08:00][sql] SELECT * FROM `information` ORDER BY `time` DESC LIMIT 1 [ RunTime:0.000405s ]
[2023-03-20T10:45:06+08:00][sql] SHOW FULL COLUMNS FROM `topic` [ RunTime:0.001105s ]
[2023-03-20T10:45:06+08:00][sql] SELECT * FROM `topic` [ RunTime:0.000227s ]
[2023-03-20T10:45:06+08:00][sql] SELECT * FROM `information` WHERE  `topic_id` = 3 [ RunTime:0.000907s ]
[2023-03-20T10:45:06+08:00][sql] SHOW FULL COLUMNS FROM `address` [ RunTime:0.001241s ]
[2023-03-20T10:45:06+08:00][sql] SELECT * FROM `address` WHERE  `id` = 1 LIMIT 1 [ RunTime:0.000296s ]
[2023-03-20T10:45:06+08:00][sql] SELECT * FROM `address` WHERE  `id` = 2 LIMIT 1 [ RunTime:0.000238s ]
[2023-03-20T12:57:36+08:00][sql] CONNECT:[ UseTime:0.000365s ] mysql:host=localhost;port=3316;dbname=coffee;charset=utf8
[2023-03-20T12:57:36+08:00][sql] SHOW FULL COLUMNS FROM `information` [ RunTime:0.001314s ]
[2023-03-20T12:57:36+08:00][sql] SELECT * FROM `information` WHERE  `id` = 13 LIMIT 1 [ RunTime:0.000301s ]
[2023-03-20T12:57:36+08:00][sql] SHOW FULL COLUMNS FROM `address` [ RunTime:0.000970s ]
[2023-03-20T12:57:36+08:00][sql] SELECT * FROM `address` WHERE  `id` = 1 LIMIT 1 [ RunTime:0.000244s ]
[2023-03-20T12:57:36+08:00][sql] SELECT * FROM `address` WHERE  `id` = 2 LIMIT 1 [ RunTime:0.000236s ]
[2023-03-20T12:57:39+08:00][sql] CONNECT:[ UseTime:0.000390s ] mysql:host=localhost;port=3316;dbname=coffee;charset=utf8
[2023-03-20T12:57:39+08:00][sql] SHOW FULL COLUMNS FROM `information` [ RunTime:0.001265s ]
[2023-03-20T12:57:39+08:00][sql] SELECT * FROM `information` WHERE  `id` = 13 LIMIT 1 [ RunTime:0.000347s ]
[2023-03-20T12:57:39+08:00][sql] SHOW FULL COLUMNS FROM `address` [ RunTime:0.000944s ]
[2023-03-20T12:57:39+08:00][sql] SELECT * FROM `address` WHERE  `id` = 1 LIMIT 1 [ RunTime:0.000271s ]
[2023-03-20T12:57:39+08:00][sql] SELECT * FROM `address` WHERE  `id` = 2 LIMIT 1 [ RunTime:0.000260s ]
[2023-03-20T12:57:49+08:00][sql] CONNECT:[ UseTime:0.000463s ] mysql:host=localhost;port=3316;dbname=coffee;charset=utf8
[2023-03-20T12:57:49+08:00][sql] SHOW FULL COLUMNS FROM `information` [ RunTime:0.001520s ]
[2023-03-20T12:57:49+08:00][sql] SELECT * FROM `information` WHERE  `id` = 13 LIMIT 1 [ RunTime:0.000353s ]
[2023-03-20T12:57:49+08:00][sql] SHOW FULL COLUMNS FROM `address` [ RunTime:0.001095s ]
[2023-03-20T12:57:49+08:00][sql] SELECT * FROM `address` WHERE  `id` = 1 LIMIT 1 [ RunTime:0.000315s ]
[2023-03-20T12:57:49+08:00][sql] SELECT * FROM `address` WHERE  `id` = 2 LIMIT 1 [ RunTime:0.000271s ]
[2023-03-20T13:08:07+08:00][sql] CONNECT:[ UseTime:0.000433s ] mysql:host=localhost;port=3316;dbname=coffee;charset=utf8
[2023-03-20T13:08:07+08:00][sql] SHOW FULL COLUMNS FROM `information` [ RunTime:0.001336s ]
[2023-03-20T13:08:07+08:00][sql] SELECT * FROM `information` WHERE  `id` = 13 LIMIT 1 [ RunTime:0.000331s ]
[2023-03-20T13:08:07+08:00][sql] SHOW FULL COLUMNS FROM `address` [ RunTime:0.000948s ]
[2023-03-20T13:08:07+08:00][sql] SELECT * FROM `address` WHERE  `id` = 1 LIMIT 1 [ RunTime:0.000284s ]
[2023-03-20T13:08:07+08:00][sql] SELECT * FROM `address` WHERE  `id` = 2 LIMIT 1 [ RunTime:0.000250s ]
[2023-03-20T15:11:25+08:00][sql] CONNECT:[ UseTime:0.000429s ] mysql:host=localhost;port=3316;dbname=coffee;charset=utf8
[2023-03-20T15:11:25+08:00][sql] SHOW FULL COLUMNS FROM `information` [ RunTime:0.001268s ]
[2023-03-20T15:11:25+08:00][sql] SELECT * FROM `information` WHERE  `id` = 12 LIMIT 1 [ RunTime:0.000293s ]
[2023-03-20T15:11:25+08:00][sql] SHOW FULL COLUMNS FROM `address` [ RunTime:0.000888s ]
[2023-03-20T15:11:25+08:00][sql] SELECT * FROM `address` WHERE  `id` = 1 LIMIT 1 [ RunTime:0.000317s ]
[2023-03-20T15:11:25+08:00][sql] SELECT * FROM `address` WHERE  `id` = 2 LIMIT 1 [ RunTime:0.000255s ]
[2023-03-20T18:26:14+08:00][sql] CONNECT:[ UseTime:0.000513s ] mysql:host=localhost;port=3316;dbname=coffee;charset=utf8
[2023-03-20T18:26:14+08:00][sql] SHOW FULL COLUMNS FROM `information` [ RunTime:0.001654s ]
[2023-03-20T18:26:14+08:00][sql] SELECT * FROM `information` WHERE  `id` = 16 LIMIT 1 [ RunTime:0.000335s ]
[2023-03-20T18:26:14+08:00][sql] SHOW FULL COLUMNS FROM `address` [ RunTime:0.001049s ]
[2023-03-20T18:26:14+08:00][sql] SELECT * FROM `address` WHERE  `id` = 1 LIMIT 1 [ RunTime:0.000261s ]
[2023-03-20T18:26:14+08:00][sql] SELECT * FROM `address` WHERE  `id` = 2 LIMIT 1 [ RunTime:0.000213s ]
[2023-03-20T23:10:19+08:00][sql] CONNECT:[ UseTime:0.000402s ] mysql:host=localhost;port=3316;dbname=coffee;charset=utf8
[2023-03-20T23:10:19+08:00][sql] SHOW FULL COLUMNS FROM `information` [ RunTime:0.001295s ]
[2023-03-20T23:10:19+08:00][sql] SELECT * FROM `information` WHERE  `id` = 16 LIMIT 1 [ RunTime:0.000283s ]
[2023-03-20T23:10:19+08:00][sql] SHOW FULL COLUMNS FROM `address` [ RunTime:0.000933s ]
[2023-03-20T23:10:19+08:00][sql] SELECT * FROM `address` WHERE  `id` = 1 LIMIT 1 [ RunTime:0.000277s ]
[2023-03-20T23:10:19+08:00][sql] SELECT * FROM `address` WHERE  `id` = 2 LIMIT 1 [ RunTime:0.000256s ]
