[2023-03-22T06:21:28+08:00][sql] CONNECT:[ UseTime:0.000402s ] mysql:host=localhost;port=3316;dbname=coffee;charset=utf8
[2023-03-22T06:21:28+08:00][sql] SHOW FULL COLUMNS FROM `information` [ RunTime:0.001268s ]
[2023-03-22T06:21:28+08:00][sql] SELECT * FROM `information` ORDER BY `time` DESC LIMIT 1 [ RunTime:0.000329s ]
[2023-03-22T06:21:28+08:00][sql] SHOW FULL COLUMNS FROM `topic` [ RunTime:0.000880s ]
[2023-03-22T06:21:28+08:00][sql] SELECT * FROM `topic` [ RunTime:0.000251s ]
[2023-03-22T06:21:28+08:00][sql] SELECT * FROM `information` WHERE  `topic_id` = 3 [ RunTime:0.000757s ]
[2023-03-22T06:21:28+08:00][sql] SHOW FULL COLUMNS FROM `address` [ RunTime:0.000956s ]
[2023-03-22T06:21:28+08:00][sql] SELECT * FROM `address` WHERE  `id` = 1 LIMIT 1 [ RunTime:0.000274s ]
[2023-03-22T06:21:28+08:00][sql] SELECT * FROM `address` WHERE  `id` = 2 LIMIT 1 [ RunTime:0.000246s ]
[2023-03-22T12:06:53+08:00][sql] CONNECT:[ UseTime:0.000480s ] mysql:host=localhost;port=3316;dbname=coffee;charset=utf8
[2023-03-22T12:06:53+08:00][sql] SHOW FULL COLUMNS FROM `information` [ RunTime:0.001336s ]
[2023-03-22T12:06:53+08:00][sql] SELECT * FROM `information` WHERE  `id` = 20 LIMIT 1 [ RunTime:0.000324s ]
[2023-03-22T12:06:53+08:00][sql] SHOW FULL COLUMNS FROM `address` [ RunTime:0.000997s ]
[2023-03-22T12:06:53+08:00][sql] SELECT * FROM `address` WHERE  `id` = 1 LIMIT 1 [ RunTime:0.000281s ]
[2023-03-22T12:06:53+08:00][sql] SELECT * FROM `address` WHERE  `id` = 2 LIMIT 1 [ RunTime:0.000295s ]
[2023-03-22T12:50:37+08:00][sql] CONNECT:[ UseTime:0.000429s ] mysql:host=localhost;port=3316;dbname=coffee;charset=utf8
[2023-03-22T12:50:37+08:00][sql] SHOW FULL COLUMNS FROM `information` [ RunTime:0.001344s ]
[2023-03-22T12:50:37+08:00][sql] SELECT * FROM `information` WHERE  `id` = 17 LIMIT 1 [ RunTime:0.000320s ]
[2023-03-22T12:50:37+08:00][sql] SHOW FULL COLUMNS FROM `address` [ RunTime:0.000971s ]
[2023-03-22T12:50:37+08:00][sql] SELECT * FROM `address` WHERE  `id` = 1 LIMIT 1 [ RunTime:0.000287s ]
[2023-03-22T12:50:37+08:00][sql] SELECT * FROM `address` WHERE  `id` = 2 LIMIT 1 [ RunTime:0.000250s ]
[2023-03-22T13:35:02+08:00][sql] CONNECT:[ UseTime:0.000423s ] mysql:host=localhost;port=3316;dbname=coffee;charset=utf8
[2023-03-22T13:35:02+08:00][sql] SHOW FULL COLUMNS FROM `information` [ RunTime:0.001349s ]
[2023-03-22T13:35:02+08:00][sql] SELECT * FROM `information` WHERE  `id` = 12 LIMIT 1 [ RunTime:0.000337s ]
[2023-03-22T13:35:02+08:00][sql] SHOW FULL COLUMNS FROM `address` [ RunTime:0.000971s ]
[2023-03-22T13:35:02+08:00][sql] SELECT * FROM `address` WHERE  `id` = 1 LIMIT 1 [ RunTime:0.000300s ]
[2023-03-22T13:35:02+08:00][sql] SELECT * FROM `address` WHERE  `id` = 2 LIMIT 1 [ RunTime:0.000310s ]
[2023-03-22T15:19:26+08:00][sql] CONNECT:[ UseTime:0.000405s ] mysql:host=localhost;port=3316;dbname=coffee;charset=utf8
[2023-03-22T15:19:26+08:00][sql] SHOW FULL COLUMNS FROM `information` [ RunTime:0.001356s ]
[2023-03-22T15:19:26+08:00][sql] SELECT * FROM `information` WHERE  `id` = 15 LIMIT 1 [ RunTime:0.000321s ]
[2023-03-22T15:19:26+08:00][sql] SHOW FULL COLUMNS FROM `address` [ RunTime:0.000955s ]
[2023-03-22T15:19:26+08:00][sql] SELECT * FROM `address` WHERE  `id` = 1 LIMIT 1 [ RunTime:0.000301s ]
[2023-03-22T15:19:26+08:00][sql] SELECT * FROM `address` WHERE  `id` = 2 LIMIT 1 [ RunTime:0.000250s ]
[2023-03-22T16:39:32+08:00][sql] CONNECT:[ UseTime:0.000357s ] mysql:host=localhost;port=3316;dbname=coffee;charset=utf8
[2023-03-22T16:39:32+08:00][sql] SHOW FULL COLUMNS FROM `information` [ RunTime:0.001315s ]
[2023-03-22T16:39:32+08:00][sql] SELECT * FROM `information` WHERE  `id` = 18 LIMIT 1 [ RunTime:0.000316s ]
[2023-03-22T16:39:32+08:00][sql] SHOW FULL COLUMNS FROM `address` [ RunTime:0.001013s ]
[2023-03-22T16:39:32+08:00][sql] SELECT * FROM `address` WHERE  `id` = 1 LIMIT 1 [ RunTime:0.000239s ]
[2023-03-22T16:39:32+08:00][sql] SELECT * FROM `address` WHERE  `id` = 2 LIMIT 1 [ RunTime:0.000262s ]
[2023-03-22T17:13:14+08:00][sql] CONNECT:[ UseTime:0.000412s ] mysql:host=localhost;port=3316;dbname=coffee;charset=utf8
[2023-03-22T17:13:14+08:00][sql] SHOW FULL COLUMNS FROM `information` [ RunTime:0.001313s ]
[2023-03-22T17:13:14+08:00][sql] SELECT * FROM `information` WHERE  `id` = 18 LIMIT 1 [ RunTime:0.000373s ]
[2023-03-22T17:13:14+08:00][sql] SHOW FULL COLUMNS FROM `address` [ RunTime:0.000954s ]
[2023-03-22T17:13:14+08:00][sql] SELECT * FROM `address` WHERE  `id` = 1 LIMIT 1 [ RunTime:0.000274s ]
[2023-03-22T17:13:14+08:00][sql] SELECT * FROM `address` WHERE  `id` = 2 LIMIT 1 [ RunTime:0.000254s ]
[2023-03-22T18:25:05+08:00][sql] CONNECT:[ UseTime:0.000373s ] mysql:host=localhost;port=3316;dbname=coffee;charset=utf8
[2023-03-22T18:25:05+08:00][sql] SHOW FULL COLUMNS FROM `information` [ RunTime:0.001334s ]
[2023-03-22T18:25:05+08:00][sql] SELECT * FROM `information` WHERE  `id` = 2 LIMIT 1 [ RunTime:0.000300s ]
[2023-03-22T18:25:05+08:00][sql] SHOW FULL COLUMNS FROM `address` [ RunTime:0.001047s ]
[2023-03-22T18:25:05+08:00][sql] SELECT * FROM `address` WHERE  `id` = 1 LIMIT 1 [ RunTime:0.000234s ]
[2023-03-22T18:25:05+08:00][sql] SELECT * FROM `address` WHERE  `id` = 2 LIMIT 1 [ RunTime:0.000221s ]
