[2023-03-25T00:07:47+08:00][sql] CONNECT:[ UseTime:0.001179s ] mysql:host=localhost;port=3316;dbname=coffee;charset=utf8
[2023-03-25T00:07:47+08:00][sql] SHOW FULL COLUMNS FROM `information` [ RunTime:0.001313s ]
[2023-03-25T00:07:47+08:00][sql] SELECT * FROM `information` ORDER BY `time` DESC LIMIT 1 [ RunTime:0.000345s ]
[2023-03-25T00:07:47+08:00][sql] SHOW FULL COLUMNS FROM `topic` [ RunTime:0.000907s ]
[2023-03-25T00:07:47+08:00][sql] SELECT * FROM `topic` [ RunTime:0.000234s ]
[2023-03-25T00:07:47+08:00][sql] SELECT * FROM `information` WHERE  `topic_id` = 3 [ RunTime:0.000775s ]
[2023-03-25T00:07:47+08:00][sql] SHOW FULL COLUMNS FROM `address` [ RunTime:0.000948s ]
[2023-03-25T00:07:47+08:00][sql] SELECT * FROM `address` WHERE  `id` = 1 LIMIT 1 [ RunTime:0.000272s ]
[2023-03-25T00:07:47+08:00][sql] SELECT * FROM `address` WHERE  `id` = 2 LIMIT 1 [ RunTime:0.000252s ]
[2023-03-25T00:15:13+08:00][sql] CONNECT:[ UseTime:0.000420s ] mysql:host=localhost;port=3316;dbname=coffee;charset=utf8
[2023-03-25T00:15:13+08:00][sql] SHOW FULL COLUMNS FROM `information` [ RunTime:0.001430s ]
[2023-03-25T00:15:13+08:00][sql] SELECT * FROM `information` ORDER BY `time` DESC LIMIT 1 [ RunTime:0.000352s ]
[2023-03-25T00:15:13+08:00][sql] SHOW FULL COLUMNS FROM `topic` [ RunTime:0.000915s ]
[2023-03-25T00:15:13+08:00][sql] SELECT * FROM `topic` [ RunTime:0.000243s ]
[2023-03-25T00:15:13+08:00][sql] SELECT * FROM `information` WHERE  `topic_id` = 3 [ RunTime:0.000805s ]
[2023-03-25T00:15:13+08:00][sql] SHOW FULL COLUMNS FROM `address` [ RunTime:0.001082s ]
[2023-03-25T00:15:13+08:00][sql] SELECT * FROM `address` WHERE  `id` = 1 LIMIT 1 [ RunTime:0.000280s ]
[2023-03-25T00:15:13+08:00][sql] SELECT * FROM `address` WHERE  `id` = 2 LIMIT 1 [ RunTime:0.000249s ]
[2023-03-25T05:34:18+08:00][sql] CONNECT:[ UseTime:0.000366s ] mysql:host=localhost;port=3316;dbname=coffee;charset=utf8
[2023-03-25T05:34:18+08:00][sql] SHOW FULL COLUMNS FROM `information` [ RunTime:0.001272s ]
[2023-03-25T05:34:18+08:00][sql] SELECT * FROM `information` WHERE  `id` = 17 LIMIT 1 [ RunTime:0.000274s ]
[2023-03-25T05:34:18+08:00][sql] SHOW FULL COLUMNS FROM `address` [ RunTime:0.000881s ]
[2023-03-25T05:34:18+08:00][sql] SELECT * FROM `address` WHERE  `id` = 1 LIMIT 1 [ RunTime:0.000268s ]
[2023-03-25T05:34:18+08:00][sql] SELECT * FROM `address` WHERE  `id` = 2 LIMIT 1 [ RunTime:0.000194s ]
[2023-03-25T05:38:18+08:00][sql] CONNECT:[ UseTime:0.000414s ] mysql:host=localhost;port=3316;dbname=coffee;charset=utf8
[2023-03-25T05:38:18+08:00][sql] SHOW FULL COLUMNS FROM `information` [ RunTime:0.001271s ]
[2023-03-25T05:38:18+08:00][sql] SELECT * FROM `information` ORDER BY `time` DESC LIMIT 1 [ RunTime:0.000364s ]
[2023-03-25T05:38:18+08:00][sql] SHOW FULL COLUMNS FROM `topic` [ RunTime:0.000882s ]
[2023-03-25T05:38:18+08:00][sql] SELECT * FROM `topic` [ RunTime:0.000231s ]
[2023-03-25T05:38:18+08:00][sql] SELECT * FROM `information` WHERE  `topic_id` = 2 [ RunTime:0.000406s ]
[2023-03-25T05:38:18+08:00][sql] SHOW FULL COLUMNS FROM `address` [ RunTime:0.000975s ]
[2023-03-25T05:38:18+08:00][sql] SELECT * FROM `address` WHERE  `id` = 1 LIMIT 1 [ RunTime:0.000300s ]
[2023-03-25T05:38:18+08:00][sql] SELECT * FROM `address` WHERE  `id` = 2 LIMIT 1 [ RunTime:0.000262s ]
[2023-03-25T05:39:41+08:00][sql] CONNECT:[ UseTime:0.000411s ] mysql:host=localhost;port=3316;dbname=coffee;charset=utf8
[2023-03-25T05:39:41+08:00][sql] SHOW FULL COLUMNS FROM `information` [ RunTime:0.001317s ]
[2023-03-25T05:39:41+08:00][sql] SELECT * FROM `information` WHERE  `id` = 17 LIMIT 1 [ RunTime:0.000325s ]
[2023-03-25T05:39:41+08:00][sql] SHOW FULL COLUMNS FROM `address` [ RunTime:0.000930s ]
[2023-03-25T05:39:41+08:00][sql] SELECT * FROM `address` WHERE  `id` = 1 LIMIT 1 [ RunTime:0.000267s ]
[2023-03-25T05:39:41+08:00][sql] SELECT * FROM `address` WHERE  `id` = 2 LIMIT 1 [ RunTime:0.000239s ]
[2023-03-25T05:42:19+08:00][sql] CONNECT:[ UseTime:0.000496s ] mysql:host=localhost;port=3316;dbname=coffee;charset=utf8
[2023-03-25T05:42:19+08:00][sql] SHOW FULL COLUMNS FROM `information` [ RunTime:0.001288s ]
[2023-03-25T05:42:19+08:00][sql] SELECT * FROM `information` WHERE  `id` = 4 LIMIT 1 [ RunTime:0.000337s ]
[2023-03-25T05:42:19+08:00][sql] SHOW FULL COLUMNS FROM `address` [ RunTime:0.000966s ]
[2023-03-25T05:42:19+08:00][sql] SELECT * FROM `address` WHERE  `id` = 1 LIMIT 1 [ RunTime:0.000284s ]
[2023-03-25T05:42:19+08:00][sql] SELECT * FROM `address` WHERE  `id` = 2 LIMIT 1 [ RunTime:0.000284s ]
[2023-03-25T05:45:03+08:00][sql] CONNECT:[ UseTime:0.000454s ] mysql:host=localhost;port=3316;dbname=coffee;charset=utf8
[2023-03-25T05:45:03+08:00][sql] SHOW FULL COLUMNS FROM `information` [ RunTime:0.001249s ]
[2023-03-25T05:45:03+08:00][sql] SELECT * FROM `information` ORDER BY `time` DESC LIMIT 1 [ RunTime:0.000302s ]
[2023-03-25T05:45:03+08:00][sql] SHOW FULL COLUMNS FROM `topic` [ RunTime:0.000821s ]
[2023-03-25T05:45:03+08:00][sql] SELECT * FROM `topic` [ RunTime:0.000183s ]
[2023-03-25T05:45:03+08:00][sql] SELECT * FROM `information` WHERE  `topic_id` = 2 [ RunTime:0.000350s ]
[2023-03-25T05:45:03+08:00][sql] SHOW FULL COLUMNS FROM `address` [ RunTime:0.000858s ]
[2023-03-25T05:45:03+08:00][sql] SELECT * FROM `address` WHERE  `id` = 1 LIMIT 1 [ RunTime:0.000261s ]
[2023-03-25T05:45:03+08:00][sql] SELECT * FROM `address` WHERE  `id` = 2 LIMIT 1 [ RunTime:0.000198s ]
[2023-03-25T05:48:07+08:00][sql] CONNECT:[ UseTime:0.000398s ] mysql:host=localhost;port=3316;dbname=coffee;charset=utf8
[2023-03-25T05:48:07+08:00][sql] SHOW FULL COLUMNS FROM `information` [ RunTime:0.001303s ]
[2023-03-25T05:48:07+08:00][sql] SELECT * FROM `information` ORDER BY `time` DESC LIMIT 1 [ RunTime:0.000336s ]
[2023-03-25T05:48:07+08:00][sql] SHOW FULL COLUMNS FROM `topic` [ RunTime:0.000884s ]
[2023-03-25T05:48:07+08:00][sql] SELECT * FROM `topic` [ RunTime:0.000282s ]
[2023-03-25T05:48:07+08:00][sql] SELECT * FROM `information` WHERE  `topic_id` = 2 [ RunTime:0.000405s ]
[2023-03-25T05:48:07+08:00][sql] SHOW FULL COLUMNS FROM `address` [ RunTime:0.001027s ]
[2023-03-25T05:48:07+08:00][sql] SELECT * FROM `address` WHERE  `id` = 1 LIMIT 1 [ RunTime:0.000294s ]
[2023-03-25T05:48:07+08:00][sql] SELECT * FROM `address` WHERE  `id` = 2 LIMIT 1 [ RunTime:0.000254s ]
[2023-03-25T06:15:29+08:00][sql] CONNECT:[ UseTime:0.000498s ] mysql:host=localhost;port=3316;dbname=coffee;charset=utf8
[2023-03-25T06:15:29+08:00][sql] SHOW FULL COLUMNS FROM `information` [ RunTime:0.002001s ]
[2023-03-25T06:15:29+08:00][sql] SELECT * FROM `information` WHERE  `id` = 17 LIMIT 1 [ RunTime:0.000393s ]
[2023-03-25T06:15:29+08:00][sql] SHOW FULL COLUMNS FROM `address` [ RunTime:0.001393s ]
[2023-03-25T06:15:29+08:00][sql] SELECT * FROM `address` WHERE  `id` = 1 LIMIT 1 [ RunTime:0.000310s ]
[2023-03-25T06:15:29+08:00][sql] SELECT * FROM `address` WHERE  `id` = 2 LIMIT 1 [ RunTime:0.000252s ]
[2023-03-25T07:00:29+08:00][sql] CONNECT:[ UseTime:0.000485s ] mysql:host=localhost;port=3316;dbname=coffee;charset=utf8
[2023-03-25T07:00:29+08:00][sql] SHOW FULL COLUMNS FROM `information` [ RunTime:0.001683s ]
[2023-03-25T07:00:29+08:00][sql] SELECT * FROM `information` WHERE  `id` = 17 LIMIT 1 [ RunTime:0.000383s ]
[2023-03-25T07:00:29+08:00][sql] SHOW FULL COLUMNS FROM `address` [ RunTime:0.001301s ]
[2023-03-25T07:00:29+08:00][sql] SELECT * FROM `address` WHERE  `id` = 1 LIMIT 1 [ RunTime:0.000299s ]
[2023-03-25T07:00:29+08:00][sql] SELECT * FROM `address` WHERE  `id` = 2 LIMIT 1 [ RunTime:0.000254s ]
[2023-03-25T07:31:05+08:00][sql] CONNECT:[ UseTime:0.000459s ] mysql:host=localhost;port=3316;dbname=coffee;charset=utf8
[2023-03-25T07:31:05+08:00][sql] SHOW FULL COLUMNS FROM `information` [ RunTime:0.001343s ]
[2023-03-25T07:31:05+08:00][sql] SELECT * FROM `information` WHERE  `id` = 15 LIMIT 1 [ RunTime:0.000315s ]
[2023-03-25T07:31:05+08:00][sql] SHOW FULL COLUMNS FROM `address` [ RunTime:0.001011s ]
[2023-03-25T07:31:05+08:00][sql] SELECT * FROM `address` WHERE  `id` = 1 LIMIT 1 [ RunTime:0.000294s ]
[2023-03-25T07:31:05+08:00][sql] SELECT * FROM `address` WHERE  `id` = 2 LIMIT 1 [ RunTime:0.000288s ]
[2023-03-25T14:48:51+08:00][sql] CONNECT:[ UseTime:0.000576s ] mysql:host=localhost;port=3316;dbname=coffee;charset=utf8
[2023-03-25T14:48:51+08:00][sql] SHOW FULL COLUMNS FROM `information` [ RunTime:0.001312s ]
[2023-03-25T14:48:51+08:00][sql] SELECT * FROM `information` WHERE  `id` = 4 LIMIT 1 [ RunTime:0.000371s ]
[2023-03-25T14:48:51+08:00][sql] SHOW FULL COLUMNS FROM `address` [ RunTime:0.000945s ]
[2023-03-25T14:48:51+08:00][sql] SELECT * FROM `address` WHERE  `id` = 1 LIMIT 1 [ RunTime:0.000288s ]
[2023-03-25T14:48:51+08:00][sql] SELECT * FROM `address` WHERE  `id` = 2 LIMIT 1 [ RunTime:0.000268s ]
[2023-03-25T14:48:51+08:00][sql] CONNECT:[ UseTime:0.000402s ] mysql:host=localhost;port=3316;dbname=coffee;charset=utf8
[2023-03-25T14:48:51+08:00][sql] SHOW FULL COLUMNS FROM `information` [ RunTime:0.001253s ]
[2023-03-25T14:48:51+08:00][sql] SELECT * FROM `information` WHERE  `id` = 4 LIMIT 1 [ RunTime:0.000353s ]
[2023-03-25T14:48:51+08:00][sql] SHOW FULL COLUMNS FROM `address` [ RunTime:0.001125s ]
[2023-03-25T14:48:51+08:00][sql] SELECT * FROM `address` WHERE  `id` = 1 LIMIT 1 [ RunTime:0.000310s ]
[2023-03-25T14:48:51+08:00][sql] SELECT * FROM `address` WHERE  `id` = 2 LIMIT 1 [ RunTime:0.000268s ]
[2023-03-25T14:55:21+08:00][sql] CONNECT:[ UseTime:0.000431s ] mysql:host=localhost;port=3316;dbname=coffee;charset=utf8
[2023-03-25T14:55:21+08:00][sql] SHOW FULL COLUMNS FROM `information` [ RunTime:0.001417s ]
[2023-03-25T14:55:21+08:00][sql] SELECT * FROM `information` WHERE  `id` = 4 LIMIT 1 [ RunTime:0.000298s ]
[2023-03-25T14:55:21+08:00][sql] SHOW FULL COLUMNS FROM `address` [ RunTime:0.001001s ]
[2023-03-25T14:55:21+08:00][sql] SELECT * FROM `address` WHERE  `id` = 1 LIMIT 1 [ RunTime:0.000261s ]
[2023-03-25T14:55:21+08:00][sql] SELECT * FROM `address` WHERE  `id` = 2 LIMIT 1 [ RunTime:0.000202s ]
[2023-03-25T14:55:21+08:00][sql] CONNECT:[ UseTime:0.000422s ] mysql:host=localhost;port=3316;dbname=coffee;charset=utf8
[2023-03-25T14:55:21+08:00][sql] SHOW FULL COLUMNS FROM `information` [ RunTime:0.001446s ]
[2023-03-25T14:55:21+08:00][sql] SELECT * FROM `information` WHERE  `id` = 4 LIMIT 1 [ RunTime:0.000358s ]
[2023-03-25T14:55:21+08:00][sql] SHOW FULL COLUMNS FROM `address` [ RunTime:0.002279s ]
[2023-03-25T14:55:21+08:00][sql] SELECT * FROM `address` WHERE  `id` = 1 LIMIT 1 [ RunTime:0.000293s ]
[2023-03-25T14:55:21+08:00][sql] SELECT * FROM `address` WHERE  `id` = 2 LIMIT 1 [ RunTime:0.000268s ]
[2023-03-25T18:51:57+08:00][sql] CONNECT:[ UseTime:0.000372s ] mysql:host=localhost;port=3316;dbname=coffee;charset=utf8
[2023-03-25T18:51:57+08:00][sql] SHOW FULL COLUMNS FROM `information` [ RunTime:0.001626s ]
[2023-03-25T18:51:57+08:00][sql] SELECT * FROM `information` WHERE  `id` = 3 LIMIT 1 [ RunTime:0.000392s ]
[2023-03-25T18:51:57+08:00][sql] SHOW FULL COLUMNS FROM `address` [ RunTime:0.001323s ]
[2023-03-25T18:51:57+08:00][sql] SELECT * FROM `address` WHERE  `id` = 1 LIMIT 1 [ RunTime:0.000294s ]
[2023-03-25T18:51:57+08:00][sql] SELECT * FROM `address` WHERE  `id` = 2 LIMIT 1 [ RunTime:0.000270s ]
[2023-03-25T22:44:29+08:00][sql] CONNECT:[ UseTime:0.000425s ] mysql:host=localhost;port=3316;dbname=coffee;charset=utf8
[2023-03-25T22:44:29+08:00][sql] SHOW FULL COLUMNS FROM `information` [ RunTime:0.001382s ]
[2023-03-25T22:44:29+08:00][sql] SELECT * FROM `information` WHERE  `id` = 20 LIMIT 1 [ RunTime:0.000396s ]
[2023-03-25T22:44:29+08:00][sql] SHOW FULL COLUMNS FROM `address` [ RunTime:0.000951s ]
[2023-03-25T22:44:29+08:00][sql] SELECT * FROM `address` WHERE  `id` = 1 LIMIT 1 [ RunTime:0.000282s ]
[2023-03-25T22:44:29+08:00][sql] SELECT * FROM `address` WHERE  `id` = 2 LIMIT 1 [ RunTime:0.000250s ]
