[2023-03-26T01:19:03+08:00][sql] CONNECT:[ UseTime:0.000413s ] mysql:host=localhost;port=3316;dbname=coffee;charset=utf8
[2023-03-26T01:19:03+08:00][sql] SHOW FULL COLUMNS FROM `information` [ RunTime:0.001272s ]
[2023-03-26T01:19:03+08:00][sql] SELECT * FROM `information` WHERE  `id` = 12 LIMIT 1 [ RunTime:0.000351s ]
[2023-03-26T01:19:03+08:00][sql] SHOW FULL COLUMNS FROM `address` [ RunTime:0.000880s ]
[2023-03-26T01:19:03+08:00][sql] SELECT * FROM `address` WHERE  `id` = 1 LIMIT 1 [ RunTime:0.000236s ]
[2023-03-26T01:19:03+08:00][sql] SELECT * FROM `address` WHERE  `id` = 2 LIMIT 1 [ RunTime:0.000198s ]
[2023-03-26T03:49:52+08:00][sql] CONNECT:[ UseTime:0.000411s ] mysql:host=localhost;port=3316;dbname=coffee;charset=utf8
[2023-03-26T03:49:52+08:00][sql] SHOW FULL COLUMNS FROM `information` [ RunTime:0.001322s ]
[2023-03-26T03:49:52+08:00][sql] SELECT * FROM `information` WHERE  `id` = 11 LIMIT 1 [ RunTime:0.000325s ]
[2023-03-26T03:49:52+08:00][sql] SHOW FULL COLUMNS FROM `address` [ RunTime:0.000999s ]
[2023-03-26T03:49:52+08:00][sql] SELECT * FROM `address` WHERE  `id` = 1 LIMIT 1 [ RunTime:0.000277s ]
[2023-03-26T03:49:52+08:00][sql] SELECT * FROM `address` WHERE  `id` = 2 LIMIT 1 [ RunTime:0.000262s ]
[2023-03-26T05:50:05+08:00][sql] CONNECT:[ UseTime:0.000336s ] mysql:host=localhost;port=3316;dbname=coffee;charset=utf8
[2023-03-26T05:50:05+08:00][sql] SHOW FULL COLUMNS FROM `information` [ RunTime:0.001290s ]
[2023-03-26T05:50:05+08:00][sql] SELECT * FROM `information` WHERE  `id` = 20 LIMIT 1 [ RunTime:0.000307s ]
[2023-03-26T05:50:05+08:00][sql] SHOW FULL COLUMNS FROM `address` [ RunTime:0.000937s ]
[2023-03-26T05:50:05+08:00][sql] SELECT * FROM `address` WHERE  `id` = 1 LIMIT 1 [ RunTime:0.000247s ]
[2023-03-26T05:50:05+08:00][sql] SELECT * FROM `address` WHERE  `id` = 2 LIMIT 1 [ RunTime:0.000252s ]
[2023-03-26T07:50:51+08:00][sql] CONNECT:[ UseTime:0.000411s ] mysql:host=localhost;port=3316;dbname=coffee;charset=utf8
[2023-03-26T07:50:51+08:00][sql] SHOW FULL COLUMNS FROM `information` [ RunTime:0.001333s ]
[2023-03-26T07:50:51+08:00][sql] SELECT * FROM `information` WHERE  `id` = 17 LIMIT 1 [ RunTime:0.000332s ]
[2023-03-26T07:50:51+08:00][sql] SHOW FULL COLUMNS FROM `address` [ RunTime:0.000959s ]
[2023-03-26T07:50:51+08:00][sql] SELECT * FROM `address` WHERE  `id` = 1 LIMIT 1 [ RunTime:0.000277s ]
[2023-03-26T07:50:51+08:00][sql] SELECT * FROM `address` WHERE  `id` = 2 LIMIT 1 [ RunTime:0.000301s ]
[2023-03-26T09:48:26+08:00][sql] CONNECT:[ UseTime:0.000381s ] mysql:host=localhost;port=3316;dbname=coffee;charset=utf8
[2023-03-26T09:48:26+08:00][sql] SHOW FULL COLUMNS FROM `information` [ RunTime:0.001397s ]
[2023-03-26T09:48:26+08:00][sql] SELECT * FROM `information` WHERE  `id` = 10 LIMIT 1 [ RunTime:0.000337s ]
[2023-03-26T09:48:26+08:00][sql] SHOW FULL COLUMNS FROM `address` [ RunTime:0.000950s ]
[2023-03-26T09:48:26+08:00][sql] SELECT * FROM `address` WHERE  `id` = 1 LIMIT 1 [ RunTime:0.000235s ]
[2023-03-26T09:48:26+08:00][sql] SELECT * FROM `address` WHERE  `id` = 2 LIMIT 1 [ RunTime:0.000221s ]
[2023-03-26T10:24:39+08:00][sql] CONNECT:[ UseTime:0.000382s ] mysql:host=localhost;port=3316;dbname=coffee;charset=utf8
[2023-03-26T10:24:39+08:00][sql] SHOW FULL COLUMNS FROM `information` [ RunTime:0.001315s ]
[2023-03-26T10:24:39+08:00][sql] SELECT * FROM `information` WHERE  `id` = 21 LIMIT 1 [ RunTime:0.000317s ]
[2023-03-26T10:24:39+08:00][sql] SHOW FULL COLUMNS FROM `address` [ RunTime:0.000941s ]
[2023-03-26T10:24:39+08:00][sql] SELECT * FROM `address` WHERE  `id` = 1 LIMIT 1 [ RunTime:0.000236s ]
[2023-03-26T10:24:39+08:00][sql] SELECT * FROM `address` WHERE  `id` = 2 LIMIT 1 [ RunTime:0.000216s ]
[2023-03-26T10:24:39+08:00][sql] CONNECT:[ UseTime:0.000433s ] mysql:host=localhost;port=3316;dbname=coffee;charset=utf8
[2023-03-26T10:24:39+08:00][sql] SHOW FULL COLUMNS FROM `information` [ RunTime:0.001319s ]
[2023-03-26T10:24:39+08:00][sql] SELECT * FROM `information` WHERE  `id` = 20 LIMIT 1 [ RunTime:0.000333s ]
[2023-03-26T10:24:39+08:00][sql] SHOW FULL COLUMNS FROM `address` [ RunTime:0.001113s ]
[2023-03-26T10:24:39+08:00][sql] SELECT * FROM `address` WHERE  `id` = 1 LIMIT 1 [ RunTime:0.000277s ]
[2023-03-26T10:24:39+08:00][sql] SELECT * FROM `address` WHERE  `id` = 2 LIMIT 1 [ RunTime:0.000319s ]
[2023-03-26T10:24:40+08:00][sql] CONNECT:[ UseTime:0.000414s ] mysql:host=localhost;port=3316;dbname=coffee;charset=utf8
[2023-03-26T10:24:40+08:00][sql] SHOW FULL COLUMNS FROM `information` [ RunTime:0.001349s ]
[2023-03-26T10:24:40+08:00][sql] SELECT * FROM `information` WHERE  `id` = 19 LIMIT 1 [ RunTime:0.000324s ]
[2023-03-26T10:24:40+08:00][sql] SHOW FULL COLUMNS FROM `address` [ RunTime:0.000978s ]
[2023-03-26T10:24:40+08:00][sql] SELECT * FROM `address` WHERE  `id` = 1 LIMIT 1 [ RunTime:0.000289s ]
[2023-03-26T10:24:40+08:00][sql] SELECT * FROM `address` WHERE  `id` = 2 LIMIT 1 [ RunTime:0.000254s ]
[2023-03-26T10:24:40+08:00][sql] CONNECT:[ UseTime:0.000425s ] mysql:host=localhost;port=3316;dbname=coffee;charset=utf8
[2023-03-26T10:24:40+08:00][sql] SHOW FULL COLUMNS FROM `information` [ RunTime:0.001312s ]
[2023-03-26T10:24:40+08:00][sql] SELECT * FROM `information` WHERE  `id` = 18 LIMIT 1 [ RunTime:0.000316s ]
[2023-03-26T10:24:40+08:00][sql] SHOW FULL COLUMNS FROM `address` [ RunTime:0.001001s ]
[2023-03-26T10:24:40+08:00][sql] SELECT * FROM `address` WHERE  `id` = 1 LIMIT 1 [ RunTime:0.000311s ]
[2023-03-26T10:24:40+08:00][sql] SELECT * FROM `address` WHERE  `id` = 2 LIMIT 1 [ RunTime:0.000250s ]
[2023-03-26T10:24:41+08:00][sql] CONNECT:[ UseTime:0.000409s ] mysql:host=localhost;port=3316;dbname=coffee;charset=utf8
[2023-03-26T10:24:41+08:00][sql] SHOW FULL COLUMNS FROM `information` [ RunTime:0.001260s ]
[2023-03-26T10:24:41+08:00][sql] SELECT * FROM `information` WHERE  `id` = 17 LIMIT 1 [ RunTime:0.000292s ]
[2023-03-26T10:24:41+08:00][sql] SHOW FULL COLUMNS FROM `address` [ RunTime:0.000932s ]
[2023-03-26T10:24:41+08:00][sql] SELECT * FROM `address` WHERE  `id` = 1 LIMIT 1 [ RunTime:0.000300s ]
[2023-03-26T10:24:41+08:00][sql] SELECT * FROM `address` WHERE  `id` = 2 LIMIT 1 [ RunTime:0.000276s ]
[2023-03-26T10:24:47+08:00][sql] CONNECT:[ UseTime:0.000405s ] mysql:host=localhost;port=3316;dbname=coffee;charset=utf8
[2023-03-26T10:24:47+08:00][sql] SHOW FULL COLUMNS FROM `information` [ RunTime:0.001430s ]
[2023-03-26T10:24:47+08:00][sql] SELECT * FROM `information` WHERE  `id` = 19 LIMIT 1 [ RunTime:0.000284s ]
[2023-03-26T10:24:47+08:00][sql] SHOW FULL COLUMNS FROM `address` [ RunTime:0.001299s ]
[2023-03-26T10:24:47+08:00][sql] SELECT * FROM `address` WHERE  `id` = 1 LIMIT 1 [ RunTime:0.000416s ]
[2023-03-26T10:24:47+08:00][sql] SELECT * FROM `address` WHERE  `id` = 2 LIMIT 1 [ RunTime:0.000276s ]
[2023-03-26T10:24:47+08:00][sql] CONNECT:[ UseTime:0.000349s ] mysql:host=localhost;port=3316;dbname=coffee;charset=utf8
[2023-03-26T10:24:47+08:00][sql] SHOW FULL COLUMNS FROM `information` [ RunTime:0.001277s ]
[2023-03-26T10:24:47+08:00][sql] SELECT * FROM `information` WHERE  `id` = 18 LIMIT 1 [ RunTime:0.000298s ]
[2023-03-26T10:24:47+08:00][sql] SHOW FULL COLUMNS FROM `address` [ RunTime:0.000908s ]
[2023-03-26T10:24:47+08:00][sql] SELECT * FROM `address` WHERE  `id` = 1 LIMIT 1 [ RunTime:0.000240s ]
[2023-03-26T10:24:47+08:00][sql] SELECT * FROM `address` WHERE  `id` = 2 LIMIT 1 [ RunTime:0.000217s ]
[2023-03-26T10:24:48+08:00][sql] CONNECT:[ UseTime:0.000354s ] mysql:host=localhost;port=3316;dbname=coffee;charset=utf8
[2023-03-26T10:24:48+08:00][sql] SHOW FULL COLUMNS FROM `information` [ RunTime:0.001249s ]
[2023-03-26T10:24:48+08:00][sql] SELECT * FROM `information` WHERE  `id` = 17 LIMIT 1 [ RunTime:0.000287s ]
[2023-03-26T10:24:48+08:00][sql] SHOW FULL COLUMNS FROM `address` [ RunTime:0.000923s ]
[2023-03-26T10:24:48+08:00][sql] SELECT * FROM `address` WHERE  `id` = 1 LIMIT 1 [ RunTime:0.000244s ]
[2023-03-26T10:24:48+08:00][sql] SELECT * FROM `address` WHERE  `id` = 2 LIMIT 1 [ RunTime:0.000240s ]
[2023-03-26T10:25:08+08:00][sql] CONNECT:[ UseTime:0.000372s ] mysql:host=localhost;port=3316;dbname=coffee;charset=utf8
[2023-03-26T10:25:08+08:00][sql] SHOW FULL COLUMNS FROM `information` [ RunTime:0.001257s ]
[2023-03-26T10:25:08+08:00][sql] SELECT * FROM `information` ORDER BY `time` DESC LIMIT 1 [ RunTime:0.000324s ]
[2023-03-26T10:25:08+08:00][sql] SHOW FULL COLUMNS FROM `topic` [ RunTime:0.000821s ]
[2023-03-26T10:25:08+08:00][sql] SELECT * FROM `topic` [ RunTime:0.000202s ]
[2023-03-26T10:25:08+08:00][sql] SELECT * FROM `information` ORDER BY `time` DESC [ RunTime:0.000721s ]
[2023-03-26T10:25:08+08:00][sql] SHOW FULL COLUMNS FROM `address` [ RunTime:0.001032s ]
[2023-03-26T10:25:08+08:00][sql] SELECT * FROM `address` WHERE  `id` = 1 LIMIT 1 [ RunTime:0.000242s ]
[2023-03-26T10:25:08+08:00][sql] SELECT * FROM `address` WHERE  `id` = 2 LIMIT 1 [ RunTime:0.000204s ]
[2023-03-26T11:07:49+08:00][sql] CONNECT:[ UseTime:0.000434s ] mysql:host=localhost;port=3316;dbname=coffee;charset=utf8
[2023-03-26T11:07:49+08:00][sql] SHOW FULL COLUMNS FROM `information` [ RunTime:0.001343s ]
[2023-03-26T11:07:49+08:00][sql] SELECT * FROM `information` WHERE  `id` = 5 LIMIT 1 [ RunTime:0.000322s ]
[2023-03-26T11:07:49+08:00][sql] SHOW FULL COLUMNS FROM `address` [ RunTime:0.000953s ]
[2023-03-26T11:07:49+08:00][sql] SELECT * FROM `address` WHERE  `id` = 1 LIMIT 1 [ RunTime:0.000298s ]
[2023-03-26T11:07:49+08:00][sql] SELECT * FROM `address` WHERE  `id` = 2 LIMIT 1 [ RunTime:0.000266s ]
[2023-03-26T11:36:37+08:00][sql] CONNECT:[ UseTime:0.000434s ] mysql:host=localhost;port=3316;dbname=coffee;charset=utf8
[2023-03-26T11:36:37+08:00][sql] SHOW FULL COLUMNS FROM `information` [ RunTime:0.001595s ]
[2023-03-26T11:36:37+08:00][sql] SELECT * FROM `information` WHERE  `id` = 17 LIMIT 1 [ RunTime:0.000319s ]
[2023-03-26T11:36:37+08:00][sql] SHOW FULL COLUMNS FROM `address` [ RunTime:0.000953s ]
[2023-03-26T11:36:37+08:00][sql] SELECT * FROM `address` WHERE  `id` = 1 LIMIT 1 [ RunTime:0.000263s ]
[2023-03-26T11:36:37+08:00][sql] SELECT * FROM `address` WHERE  `id` = 2 LIMIT 1 [ RunTime:0.000198s ]
[2023-03-26T11:37:36+08:00][sql] CONNECT:[ UseTime:0.000433s ] mysql:host=localhost;port=3316;dbname=coffee;charset=utf8
[2023-03-26T11:37:36+08:00][sql] SHOW FULL COLUMNS FROM `information` [ RunTime:0.001312s ]
[2023-03-26T11:37:36+08:00][sql] SELECT * FROM `information` WHERE  `id` = 17 LIMIT 1 [ RunTime:0.000335s ]
[2023-03-26T11:37:36+08:00][sql] SHOW FULL COLUMNS FROM `address` [ RunTime:0.000974s ]
[2023-03-26T11:37:36+08:00][sql] SELECT * FROM `address` WHERE  `id` = 1 LIMIT 1 [ RunTime:0.000315s ]
[2023-03-26T11:37:36+08:00][sql] SELECT * FROM `address` WHERE  `id` = 2 LIMIT 1 [ RunTime:0.000344s ]
[2023-03-26T12:10:20+08:00][sql] CONNECT:[ UseTime:0.000417s ] mysql:host=localhost;port=3316;dbname=coffee;charset=utf8
[2023-03-26T12:10:20+08:00][sql] SHOW FULL COLUMNS FROM `information` [ RunTime:0.001276s ]
[2023-03-26T12:10:20+08:00][sql] SELECT * FROM `information` WHERE  `id` = 9 LIMIT 1 [ RunTime:0.000298s ]
[2023-03-26T12:10:20+08:00][sql] SHOW FULL COLUMNS FROM `address` [ RunTime:0.000933s ]
[2023-03-26T12:10:20+08:00][sql] SELECT * FROM `address` WHERE  `id` = 1 LIMIT 1 [ RunTime:0.000261s ]
[2023-03-26T12:10:20+08:00][sql] SELECT * FROM `address` WHERE  `id` = 2 LIMIT 1 [ RunTime:0.000194s ]
[2023-03-26T12:10:20+08:00][sql] CONNECT:[ UseTime:0.000404s ] mysql:host=localhost;port=3316;dbname=coffee;charset=utf8
[2023-03-26T12:10:20+08:00][sql] SHOW FULL COLUMNS FROM `information` [ RunTime:0.001343s ]
[2023-03-26T12:10:20+08:00][sql] SELECT * FROM `information` WHERE  `id` = 9 LIMIT 1 [ RunTime:0.000316s ]
[2023-03-26T12:10:20+08:00][sql] SHOW FULL COLUMNS FROM `address` [ RunTime:0.000944s ]
[2023-03-26T12:10:20+08:00][sql] SELECT * FROM `address` WHERE  `id` = 1 LIMIT 1 [ RunTime:0.000305s ]
[2023-03-26T12:10:20+08:00][sql] SELECT * FROM `address` WHERE  `id` = 2 LIMIT 1 [ RunTime:0.000245s ]
[2023-03-26T12:27:05+08:00][sql] CONNECT:[ UseTime:0.000468s ] mysql:host=localhost;port=3316;dbname=coffee;charset=utf8
[2023-03-26T12:27:05+08:00][sql] SHOW FULL COLUMNS FROM `information` [ RunTime:0.001352s ]
[2023-03-26T12:27:05+08:00][sql] SELECT * FROM `information` WHERE  `id` = 3 LIMIT 1 [ RunTime:0.000389s ]
[2023-03-26T12:27:05+08:00][sql] SHOW FULL COLUMNS FROM `address` [ RunTime:0.001293s ]
[2023-03-26T12:27:05+08:00][sql] SELECT * FROM `address` WHERE  `id` = 1 LIMIT 1 [ RunTime:0.000269s ]
[2023-03-26T12:27:05+08:00][sql] SELECT * FROM `address` WHERE  `id` = 2 LIMIT 1 [ RunTime:0.000255s ]
[2023-03-26T13:55:54+08:00][sql] CONNECT:[ UseTime:0.000497s ] mysql:host=localhost;port=3316;dbname=coffee;charset=utf8
[2023-03-26T13:55:54+08:00][sql] SHOW FULL COLUMNS FROM `information` [ RunTime:0.001379s ]
[2023-03-26T13:55:54+08:00][sql] SELECT * FROM `information` WHERE  `id` = 17 LIMIT 1 [ RunTime:0.000345s ]
[2023-03-26T13:55:54+08:00][sql] SHOW FULL COLUMNS FROM `address` [ RunTime:0.000941s ]
[2023-03-26T13:55:54+08:00][sql] SELECT * FROM `address` WHERE  `id` = 1 LIMIT 1 [ RunTime:0.000281s ]
[2023-03-26T13:55:54+08:00][sql] SELECT * FROM `address` WHERE  `id` = 2 LIMIT 1 [ RunTime:0.000269s ]
[2023-03-26T15:03:56+08:00][sql] CONNECT:[ UseTime:0.000399s ] mysql:host=localhost;port=3316;dbname=coffee;charset=utf8
[2023-03-26T15:03:56+08:00][sql] SHOW FULL COLUMNS FROM `information` [ RunTime:0.001334s ]
[2023-03-26T15:03:56+08:00][sql] SELECT * FROM `information` WHERE  `id` = 19 LIMIT 1 [ RunTime:0.000275s ]
[2023-03-26T15:03:56+08:00][sql] SHOW FULL COLUMNS FROM `address` [ RunTime:0.000920s ]
[2023-03-26T15:03:56+08:00][sql] SELECT * FROM `address` WHERE  `id` = 1 LIMIT 1 [ RunTime:0.000267s ]
[2023-03-26T15:03:56+08:00][sql] SELECT * FROM `address` WHERE  `id` = 2 LIMIT 1 [ RunTime:0.000247s ]
[2023-03-26T16:56:30+08:00][sql] CONNECT:[ UseTime:0.000459s ] mysql:host=localhost;port=3316;dbname=coffee;charset=utf8
[2023-03-26T16:56:30+08:00][sql] SHOW FULL COLUMNS FROM `information` [ RunTime:0.001674s ]
[2023-03-26T16:56:30+08:00][sql] SELECT * FROM `information` WHERE  `id` = 13 LIMIT 1 [ RunTime:0.000343s ]
[2023-03-26T16:56:30+08:00][sql] SHOW FULL COLUMNS FROM `address` [ RunTime:0.001110s ]
[2023-03-26T16:56:30+08:00][sql] SELECT * FROM `address` WHERE  `id` = 1 LIMIT 1 [ RunTime:0.000250s ]
[2023-03-26T16:56:30+08:00][sql] SELECT * FROM `address` WHERE  `id` = 2 LIMIT 1 [ RunTime:0.000221s ]
[2023-03-26T17:16:29+08:00][sql] CONNECT:[ UseTime:0.000415s ] mysql:host=localhost;port=3316;dbname=coffee;charset=utf8
[2023-03-26T17:16:29+08:00][sql] SHOW FULL COLUMNS FROM `information` [ RunTime:0.001317s ]
[2023-03-26T17:16:29+08:00][sql] SELECT * FROM `information` WHERE  `id` = 8 LIMIT 1 [ RunTime:0.000349s ]
[2023-03-26T17:16:29+08:00][sql] SHOW FULL COLUMNS FROM `address` [ RunTime:0.000977s ]
[2023-03-26T17:16:29+08:00][sql] SELECT * FROM `address` WHERE  `id` = 1 LIMIT 1 [ RunTime:0.000280s ]
[2023-03-26T17:16:29+08:00][sql] SELECT * FROM `address` WHERE  `id` = 2 LIMIT 1 [ RunTime:0.000307s ]
[2023-03-26T17:32:39+08:00][sql] CONNECT:[ UseTime:0.000387s ] mysql:host=localhost;port=3316;dbname=coffee;charset=utf8
[2023-03-26T17:32:39+08:00][sql] SHOW FULL COLUMNS FROM `information` [ RunTime:0.001339s ]
[2023-03-26T17:32:39+08:00][sql] SELECT * FROM `information` WHERE  `id` = 20 LIMIT 1 [ RunTime:0.000292s ]
[2023-03-26T17:32:39+08:00][sql] SHOW FULL COLUMNS FROM `address` [ RunTime:0.000915s ]
[2023-03-26T17:32:39+08:00][sql] SELECT * FROM `address` WHERE  `id` = 1 LIMIT 1 [ RunTime:0.000286s ]
[2023-03-26T17:32:39+08:00][sql] SELECT * FROM `address` WHERE  `id` = 2 LIMIT 1 [ RunTime:0.000210s ]
[2023-03-26T21:28:20+08:00][sql] CONNECT:[ UseTime:0.000443s ] mysql:host=localhost;port=3316;dbname=coffee;charset=utf8
[2023-03-26T21:28:20+08:00][sql] SHOW FULL COLUMNS FROM `information` [ RunTime:0.001441s ]
[2023-03-26T21:28:20+08:00][sql] SELECT * FROM `information` WHERE  `id` = 21 LIMIT 1 [ RunTime:0.000375s ]
[2023-03-26T21:28:20+08:00][sql] SHOW FULL COLUMNS FROM `address` [ RunTime:0.001170s ]
[2023-03-26T21:28:20+08:00][sql] SELECT * FROM `address` WHERE  `id` = 1 LIMIT 1 [ RunTime:0.000273s ]
[2023-03-26T21:28:20+08:00][sql] SELECT * FROM `address` WHERE  `id` = 2 LIMIT 1 [ RunTime:0.000221s ]
[2023-03-26T21:28:21+08:00][sql] CONNECT:[ UseTime:0.000429s ] mysql:host=localhost;port=3316;dbname=coffee;charset=utf8
[2023-03-26T21:28:21+08:00][sql] SHOW FULL COLUMNS FROM `information` [ RunTime:0.001347s ]
[2023-03-26T21:28:21+08:00][sql] SELECT * FROM `information` ORDER BY `time` DESC LIMIT 1 [ RunTime:0.000302s ]
[2023-03-26T21:28:21+08:00][sql] SHOW FULL COLUMNS FROM `topic` [ RunTime:0.000901s ]
[2023-03-26T21:28:21+08:00][sql] SELECT * FROM `topic` [ RunTime:0.000248s ]
[2023-03-26T21:28:21+08:00][sql] SELECT * FROM `information` ORDER BY `time` DESC [ RunTime:0.000743s ]
[2023-03-26T21:28:21+08:00][sql] SHOW FULL COLUMNS FROM `address` [ RunTime:0.000953s ]
[2023-03-26T21:28:21+08:00][sql] SELECT * FROM `address` WHERE  `id` = 1 LIMIT 1 [ RunTime:0.000241s ]
[2023-03-26T21:28:21+08:00][sql] SELECT * FROM `address` WHERE  `id` = 2 LIMIT 1 [ RunTime:0.000235s ]
[2023-03-26T21:28:24+08:00][sql] CONNECT:[ UseTime:0.000446s ] mysql:host=localhost;port=3316;dbname=coffee;charset=utf8
[2023-03-26T21:28:24+08:00][sql] SHOW FULL COLUMNS FROM `information` [ RunTime:0.001366s ]
[2023-03-26T21:28:24+08:00][sql] SELECT * FROM `information` WHERE  `id` = 11 LIMIT 1 [ RunTime:0.000324s ]
[2023-03-26T21:28:24+08:00][sql] SHOW FULL COLUMNS FROM `address` [ RunTime:0.000990s ]
[2023-03-26T21:28:24+08:00][sql] SELECT * FROM `address` WHERE  `id` = 1 LIMIT 1 [ RunTime:0.000303s ]
[2023-03-26T21:28:24+08:00][sql] SELECT * FROM `address` WHERE  `id` = 2 LIMIT 1 [ RunTime:0.000259s ]
[2023-03-26T22:54:24+08:00][sql] CONNECT:[ UseTime:0.001299s ] mysql:host=localhost;port=3316;dbname=coffee;charset=utf8
[2023-03-26T22:54:24+08:00][sql] SHOW FULL COLUMNS FROM `information` [ RunTime:0.001422s ]
[2023-03-26T22:54:24+08:00][sql] SELECT * FROM `information` WHERE  `id` = 12 LIMIT 1 [ RunTime:0.000300s ]
[2023-03-26T22:54:24+08:00][sql] SHOW FULL COLUMNS FROM `address` [ RunTime:0.001093s ]
[2023-03-26T22:54:24+08:00][sql] SELECT * FROM `address` WHERE  `id` = 1 LIMIT 1 [ RunTime:0.000279s ]
[2023-03-26T22:54:24+08:00][sql] SELECT * FROM `address` WHERE  `id` = 2 LIMIT 1 [ RunTime:0.000256s ]
[2023-03-26T22:54:24+08:00][sql] CONNECT:[ UseTime:0.000879s ] mysql:host=localhost;port=3316;dbname=coffee;charset=utf8
[2023-03-26T22:54:24+08:00][sql] SHOW FULL COLUMNS FROM `information` [ RunTime:0.001613s ]
[2023-03-26T22:54:24+08:00][sql] SELECT * FROM `information` WHERE  `id` = 12 LIMIT 1 [ RunTime:0.000349s ]
[2023-03-26T22:54:24+08:00][sql] SHOW FULL COLUMNS FROM `address` [ RunTime:0.001360s ]
[2023-03-26T22:54:24+08:00][sql] SELECT * FROM `address` WHERE  `id` = 1 LIMIT 1 [ RunTime:0.000324s ]
[2023-03-26T22:54:24+08:00][sql] SELECT * FROM `address` WHERE  `id` = 2 LIMIT 1 [ RunTime:0.000330s ]
[2023-03-26T23:28:47+08:00][sql] CONNECT:[ UseTime:0.000459s ] mysql:host=localhost;port=3316;dbname=coffee;charset=utf8
[2023-03-26T23:28:47+08:00][sql] SHOW FULL COLUMNS FROM `information` [ RunTime:0.001692s ]
[2023-03-26T23:28:47+08:00][sql] SELECT * FROM `information` WHERE  `id` = 2 LIMIT 1 [ RunTime:0.000342s ]
[2023-03-26T23:28:47+08:00][sql] SHOW FULL COLUMNS FROM `address` [ RunTime:0.001152s ]
[2023-03-26T23:28:47+08:00][sql] SELECT * FROM `address` WHERE  `id` = 1 LIMIT 1 [ RunTime:0.000264s ]
[2023-03-26T23:28:47+08:00][sql] SELECT * FROM `address` WHERE  `id` = 2 LIMIT 1 [ RunTime:0.000240s ]
[2023-03-26T23:58:38+08:00][sql] CONNECT:[ UseTime:0.013065s ] mysql:host=localhost;port=3316;dbname=coffee;charset=utf8
[2023-03-26T23:58:38+08:00][sql] SHOW FULL COLUMNS FROM `information` [ RunTime:0.003545s ]
[2023-03-26T23:58:38+08:00][sql] SELECT * FROM `information` WHERE  `id` = 6 LIMIT 1 [ RunTime:0.000608s ]
[2023-03-26T23:58:38+08:00][sql] SHOW FULL COLUMNS FROM `address` [ RunTime:0.001423s ]
[2023-03-26T23:58:38+08:00][sql] SELECT * FROM `address` WHERE  `id` = 1 LIMIT 1 [ RunTime:0.000281s ]
[2023-03-26T23:58:38+08:00][sql] SELECT * FROM `address` WHERE  `id` = 2 LIMIT 1 [ RunTime:0.000243s ]
