[2023-03-27T00:30:50+08:00][sql] CONNECT:[ UseTime:0.000470s ] mysql:host=localhost;port=3316;dbname=coffee;charset=utf8
[2023-03-27T00:30:50+08:00][sql] SHOW FULL COLUMNS FROM `information` [ RunTime:0.001365s ]
[2023-03-27T00:30:50+08:00][sql] SELECT * FROM `information` WHERE  `id` = 9 LIMIT 1 [ RunTime:0.000337s ]
[2023-03-27T00:30:50+08:00][sql] SHOW FULL COLUMNS FROM `address` [ RunTime:0.001283s ]
[2023-03-27T00:30:50+08:00][sql] SELECT * FROM `address` WHERE  `id` = 1 LIMIT 1 [ RunTime:0.000447s ]
[2023-03-27T00:30:50+08:00][sql] SELECT * FROM `address` WHERE  `id` = 2 LIMIT 1 [ RunTime:0.000269s ]
[2023-03-27T01:59:54+08:00][sql] CONNECT:[ UseTime:0.005556s ] mysql:host=localhost;port=3316;dbname=coffee;charset=utf8
[2023-03-27T01:59:54+08:00][sql] SHOW FULL COLUMNS FROM `information` [ RunTime:0.001334s ]
[2023-03-27T01:59:54+08:00][sql] SELECT * FROM `information` ORDER BY `time` DESC LIMIT 1 [ RunTime:0.000352s ]
[2023-03-27T01:59:54+08:00][sql] SHOW FULL COLUMNS FROM `topic` [ RunTime:0.000875s ]
[2023-03-27T01:59:54+08:00][sql] SELECT * FROM `topic` [ RunTime:0.000226s ]
[2023-03-27T01:59:54+08:00][sql] SELECT * FROM `information` WHERE  `topic_id` = 2 [ RunTime:0.000420s ]
[2023-03-27T01:59:54+08:00][sql] SHOW FULL COLUMNS FROM `address` [ RunTime:0.000954s ]
[2023-03-27T01:59:54+08:00][sql] SELECT * FROM `address` WHERE  `id` = 1 LIMIT 1 [ RunTime:0.000276s ]
[2023-03-27T01:59:54+08:00][sql] SELECT * FROM `address` WHERE  `id` = 2 LIMIT 1 [ RunTime:0.000239s ]
[2023-03-27T02:12:35+08:00][sql] CONNECT:[ UseTime:0.000392s ] mysql:host=localhost;port=3316;dbname=coffee;charset=utf8
[2023-03-27T02:12:35+08:00][sql] SHOW FULL COLUMNS FROM `information` [ RunTime:0.001301s ]
[2023-03-27T02:12:35+08:00][sql] SELECT * FROM `information` WHERE  `id` = 9 LIMIT 1 [ RunTime:0.000281s ]
[2023-03-27T02:12:35+08:00][sql] SHOW FULL COLUMNS FROM `address` [ RunTime:0.000908s ]
[2023-03-27T02:12:35+08:00][sql] SELECT * FROM `address` WHERE  `id` = 1 LIMIT 1 [ RunTime:0.000232s ]
[2023-03-27T02:12:35+08:00][sql] SELECT * FROM `address` WHERE  `id` = 2 LIMIT 1 [ RunTime:0.000243s ]
[2023-03-27T03:48:51+08:00][sql] CONNECT:[ UseTime:0.000421s ] mysql:host=localhost;port=3316;dbname=coffee;charset=utf8
[2023-03-27T03:48:51+08:00][sql] SHOW FULL COLUMNS FROM `information` [ RunTime:0.001247s ]
[2023-03-27T03:48:51+08:00][sql] SELECT * FROM `information` WHERE  `id` = 12 LIMIT 1 [ RunTime:0.000322s ]
[2023-03-27T03:48:51+08:00][sql] SHOW FULL COLUMNS FROM `address` [ RunTime:0.000951s ]
[2023-03-27T03:48:51+08:00][sql] SELECT * FROM `address` WHERE  `id` = 1 LIMIT 1 [ RunTime:0.000274s ]
[2023-03-27T03:48:51+08:00][sql] SELECT * FROM `address` WHERE  `id` = 2 LIMIT 1 [ RunTime:0.000254s ]
[2023-03-27T03:56:24+08:00][sql] CONNECT:[ UseTime:0.000465s ] mysql:host=localhost;port=3316;dbname=coffee;charset=utf8
[2023-03-27T03:56:24+08:00][sql] SHOW FULL COLUMNS FROM `information` [ RunTime:0.002006s ]
[2023-03-27T03:56:24+08:00][sql] SELECT * FROM `information` WHERE  `id` = 4 LIMIT 1 [ RunTime:0.000388s ]
[2023-03-27T03:56:24+08:00][sql] SHOW FULL COLUMNS FROM `address` [ RunTime:0.001411s ]
[2023-03-27T03:56:24+08:00][sql] SELECT * FROM `address` WHERE  `id` = 1 LIMIT 1 [ RunTime:0.000361s ]
[2023-03-27T03:56:24+08:00][sql] SELECT * FROM `address` WHERE  `id` = 2 LIMIT 1 [ RunTime:0.000283s ]
[2023-03-27T04:23:22+08:00][sql] CONNECT:[ UseTime:0.000400s ] mysql:host=localhost;port=3316;dbname=coffee;charset=utf8
[2023-03-27T04:23:22+08:00][sql] SHOW FULL COLUMNS FROM `information` [ RunTime:0.001353s ]
[2023-03-27T04:23:22+08:00][sql] SELECT * FROM `information` WHERE  `id` = 18 LIMIT 1 [ RunTime:0.000335s ]
[2023-03-27T04:23:22+08:00][sql] SHOW FULL COLUMNS FROM `address` [ RunTime:0.001034s ]
[2023-03-27T04:23:22+08:00][sql] SELECT * FROM `address` WHERE  `id` = 1 LIMIT 1 [ RunTime:0.000267s ]
[2023-03-27T04:23:22+08:00][sql] SELECT * FROM `address` WHERE  `id` = 2 LIMIT 1 [ RunTime:0.000250s ]
[2023-03-27T04:27:01+08:00][sql] CONNECT:[ UseTime:0.000393s ] mysql:host=localhost;port=3316;dbname=coffee;charset=utf8
[2023-03-27T04:27:01+08:00][sql] SHOW FULL COLUMNS FROM `information` [ RunTime:0.001294s ]
[2023-03-27T04:27:01+08:00][sql] SELECT * FROM `information` WHERE  `id` = 18 LIMIT 1 [ RunTime:0.000280s ]
[2023-03-27T04:27:01+08:00][sql] SHOW FULL COLUMNS FROM `address` [ RunTime:0.000928s ]
[2023-03-27T04:27:01+08:00][sql] SELECT * FROM `address` WHERE  `id` = 1 LIMIT 1 [ RunTime:0.000280s ]
[2023-03-27T04:27:01+08:00][sql] SELECT * FROM `address` WHERE  `id` = 2 LIMIT 1 [ RunTime:0.000208s ]
[2023-03-27T04:31:22+08:00][sql] CONNECT:[ UseTime:0.000360s ] mysql:host=localhost;port=3316;dbname=coffee;charset=utf8
[2023-03-27T04:31:22+08:00][sql] SHOW FULL COLUMNS FROM `information` [ RunTime:0.001419s ]
[2023-03-27T04:31:22+08:00][sql] SELECT * FROM `information` WHERE  `id` = 19 LIMIT 1 [ RunTime:0.000326s ]
[2023-03-27T04:31:22+08:00][sql] SHOW FULL COLUMNS FROM `address` [ RunTime:0.001022s ]
[2023-03-27T04:31:22+08:00][sql] SELECT * FROM `address` WHERE  `id` = 1 LIMIT 1 [ RunTime:0.000278s ]
[2023-03-27T04:31:22+08:00][sql] SELECT * FROM `address` WHERE  `id` = 2 LIMIT 1 [ RunTime:0.000240s ]
[2023-03-27T07:15:13+08:00][sql] CONNECT:[ UseTime:0.001088s ] mysql:host=localhost;port=3316;dbname=coffee;charset=utf8
[2023-03-27T07:15:13+08:00][sql] SHOW FULL COLUMNS FROM `information` [ RunTime:0.001276s ]
[2023-03-27T07:15:13+08:00][sql] SELECT * FROM `information` WHERE  `id` = 18 LIMIT 1 [ RunTime:0.000307s ]
[2023-03-27T07:15:13+08:00][sql] SHOW FULL COLUMNS FROM `address` [ RunTime:0.000927s ]
[2023-03-27T07:15:13+08:00][sql] SELECT * FROM `address` WHERE  `id` = 1 LIMIT 1 [ RunTime:0.000235s ]
[2023-03-27T07:15:13+08:00][sql] SELECT * FROM `address` WHERE  `id` = 2 LIMIT 1 [ RunTime:0.000329s ]
[2023-03-27T11:16:25+08:00][sql] CONNECT:[ UseTime:0.000443s ] mysql:host=localhost;port=3316;dbname=coffee;charset=utf8
[2023-03-27T11:16:25+08:00][sql] SHOW FULL COLUMNS FROM `information` [ RunTime:0.001498s ]
[2023-03-27T11:16:25+08:00][sql] SELECT * FROM `information` WHERE  `id` = 17 LIMIT 1 [ RunTime:0.000347s ]
[2023-03-27T11:16:25+08:00][sql] SHOW FULL COLUMNS FROM `address` [ RunTime:0.001023s ]
[2023-03-27T11:16:25+08:00][sql] SELECT * FROM `address` WHERE  `id` = 1 LIMIT 1 [ RunTime:0.000244s ]
[2023-03-27T11:16:25+08:00][sql] SELECT * FROM `address` WHERE  `id` = 2 LIMIT 1 [ RunTime:0.000238s ]
[2023-03-27T11:19:35+08:00][sql] CONNECT:[ UseTime:0.000374s ] mysql:host=localhost;port=3316;dbname=coffee;charset=utf8
[2023-03-27T11:19:35+08:00][sql] SHOW FULL COLUMNS FROM `information` [ RunTime:0.001236s ]
[2023-03-27T11:19:35+08:00][sql] SELECT * FROM `information` WHERE  `id` = 17 LIMIT 1 [ RunTime:0.000300s ]
[2023-03-27T11:19:35+08:00][sql] SHOW FULL COLUMNS FROM `address` [ RunTime:0.000938s ]
[2023-03-27T11:19:35+08:00][sql] SELECT * FROM `address` WHERE  `id` = 1 LIMIT 1 [ RunTime:0.000244s ]
[2023-03-27T11:19:35+08:00][sql] SELECT * FROM `address` WHERE  `id` = 2 LIMIT 1 [ RunTime:0.000206s ]
[2023-03-27T15:59:04+08:00][sql] CONNECT:[ UseTime:0.000436s ] mysql:host=localhost;port=3316;dbname=coffee;charset=utf8
[2023-03-27T15:59:04+08:00][sql] SHOW FULL COLUMNS FROM `information` [ RunTime:0.001420s ]
[2023-03-27T15:59:04+08:00][sql] SELECT * FROM `information` WHERE  `id` = 7 LIMIT 1 [ RunTime:0.000335s ]
[2023-03-27T15:59:04+08:00][sql] SHOW FULL COLUMNS FROM `address` [ RunTime:0.000962s ]
[2023-03-27T15:59:04+08:00][sql] SELECT * FROM `address` WHERE  `id` = 1 LIMIT 1 [ RunTime:0.000238s ]
[2023-03-27T15:59:04+08:00][sql] SELECT * FROM `address` WHERE  `id` = 2 LIMIT 1 [ RunTime:0.000201s ]
[2023-03-27T16:48:27+08:00][sql] CONNECT:[ UseTime:0.000367s ] mysql:host=localhost;port=3316;dbname=coffee;charset=utf8
[2023-03-27T16:48:27+08:00][sql] SHOW FULL COLUMNS FROM `information` [ RunTime:0.001310s ]
[2023-03-27T16:48:27+08:00][sql] SELECT * FROM `information` ORDER BY `time` DESC LIMIT 1 [ RunTime:0.000353s ]
[2023-03-27T16:48:27+08:00][sql] SHOW FULL COLUMNS FROM `topic` [ RunTime:0.000865s ]
[2023-03-27T16:48:27+08:00][sql] SELECT * FROM `topic` [ RunTime:0.000192s ]
[2023-03-27T16:48:27+08:00][sql] SELECT * FROM `information` ORDER BY `time` DESC [ RunTime:0.000746s ]
[2023-03-27T16:48:27+08:00][sql] SHOW FULL COLUMNS FROM `address` [ RunTime:0.001036s ]
[2023-03-27T16:48:27+08:00][sql] SELECT * FROM `address` WHERE  `id` = 1 LIMIT 1 [ RunTime:0.000279s ]
[2023-03-27T16:48:27+08:00][sql] SELECT * FROM `address` WHERE  `id` = 2 LIMIT 1 [ RunTime:0.000267s ]
[2023-03-27T16:59:39+08:00][sql] CONNECT:[ UseTime:0.002424s ] mysql:host=localhost;port=3316;dbname=coffee;charset=utf8
[2023-03-27T16:59:39+08:00][sql] SHOW FULL COLUMNS FROM `information` [ RunTime:0.001317s ]
[2023-03-27T16:59:39+08:00][sql] SELECT * FROM `information` ORDER BY `time` DESC LIMIT 1 [ RunTime:0.000314s ]
[2023-03-27T16:59:39+08:00][sql] SHOW FULL COLUMNS FROM `topic` [ RunTime:0.000863s ]
[2023-03-27T16:59:39+08:00][sql] SELECT * FROM `topic` [ RunTime:0.000197s ]
[2023-03-27T16:59:39+08:00][sql] SELECT * FROM `information` ORDER BY `time` DESC [ RunTime:0.000789s ]
[2023-03-27T16:59:39+08:00][sql] SHOW FULL COLUMNS FROM `address` [ RunTime:0.000927s ]
[2023-03-27T16:59:39+08:00][sql] SELECT * FROM `address` WHERE  `id` = 1 LIMIT 1 [ RunTime:0.000270s ]
[2023-03-27T16:59:39+08:00][sql] SELECT * FROM `address` WHERE  `id` = 2 LIMIT 1 [ RunTime:0.000234s ]
[2023-03-27T17:43:44+08:00][sql] CONNECT:[ UseTime:0.000418s ] mysql:host=localhost;port=3316;dbname=coffee;charset=utf8
[2023-03-27T17:43:44+08:00][sql] SHOW FULL COLUMNS FROM `information` [ RunTime:0.001271s ]
[2023-03-27T17:43:44+08:00][sql] SELECT * FROM `information` WHERE  `id` = 8 LIMIT 1 [ RunTime:0.000327s ]
[2023-03-27T17:43:44+08:00][sql] SHOW FULL COLUMNS FROM `address` [ RunTime:0.000980s ]
[2023-03-27T17:43:44+08:00][sql] SELECT * FROM `address` WHERE  `id` = 1 LIMIT 1 [ RunTime:0.000283s ]
[2023-03-27T17:43:44+08:00][sql] SELECT * FROM `address` WHERE  `id` = 2 LIMIT 1 [ RunTime:0.000266s ]
[2023-03-27T18:02:00+08:00][sql] CONNECT:[ UseTime:0.013354s ] mysql:host=localhost;port=3316;dbname=coffee;charset=utf8
[2023-03-27T18:02:00+08:00][sql] SHOW FULL COLUMNS FROM `information` [ RunTime:0.001937s ]
[2023-03-27T18:02:00+08:00][sql] SELECT * FROM `information` WHERE  `id` = 21 LIMIT 1 [ RunTime:0.000408s ]
[2023-03-27T18:02:00+08:00][sql] SHOW FULL COLUMNS FROM `address` [ RunTime:0.001396s ]
[2023-03-27T18:02:00+08:00][sql] SELECT * FROM `address` WHERE  `id` = 1 LIMIT 1 [ RunTime:0.000334s ]
[2023-03-27T18:02:00+08:00][sql] SELECT * FROM `address` WHERE  `id` = 2 LIMIT 1 [ RunTime:0.000280s ]
[2023-03-27T19:35:01+08:00][sql] CONNECT:[ UseTime:0.000416s ] mysql:host=localhost;port=3316;dbname=coffee;charset=utf8
[2023-03-27T19:35:01+08:00][sql] SHOW FULL COLUMNS FROM `information` [ RunTime:0.001342s ]
[2023-03-27T19:35:01+08:00][sql] SELECT * FROM `information` WHERE  `id` = 5 LIMIT 1 [ RunTime:0.000313s ]
[2023-03-27T19:35:01+08:00][sql] SHOW FULL COLUMNS FROM `address` [ RunTime:0.000983s ]
[2023-03-27T19:35:01+08:00][sql] SELECT * FROM `address` WHERE  `id` = 1 LIMIT 1 [ RunTime:0.000289s ]
[2023-03-27T19:35:01+08:00][sql] SELECT * FROM `address` WHERE  `id` = 2 LIMIT 1 [ RunTime:0.000253s ]
[2023-03-27T20:18:34+08:00][sql] CONNECT:[ UseTime:0.000407s ] mysql:host=localhost;port=3316;dbname=coffee;charset=utf8
[2023-03-27T20:18:34+08:00][sql] SHOW FULL COLUMNS FROM `information` [ RunTime:0.001345s ]
[2023-03-27T20:18:34+08:00][sql] SELECT * FROM `information` WHERE  `id` = 3 LIMIT 1 [ RunTime:0.000282s ]
[2023-03-27T20:18:34+08:00][sql] SHOW FULL COLUMNS FROM `address` [ RunTime:0.000936s ]
[2023-03-27T20:18:34+08:00][sql] SELECT * FROM `address` WHERE  `id` = 1 LIMIT 1 [ RunTime:0.000239s ]
[2023-03-27T20:18:34+08:00][sql] SELECT * FROM `address` WHERE  `id` = 2 LIMIT 1 [ RunTime:0.000240s ]
[2023-03-27T20:22:38+08:00][sql] CONNECT:[ UseTime:0.000393s ] mysql:host=localhost;port=3316;dbname=coffee;charset=utf8
[2023-03-27T20:22:38+08:00][sql] SHOW FULL COLUMNS FROM `information` [ RunTime:0.001366s ]
[2023-03-27T20:22:38+08:00][sql] SELECT * FROM `information` WHERE  `id` = 3 LIMIT 1 [ RunTime:0.000296s ]
[2023-03-27T20:22:38+08:00][sql] SHOW FULL COLUMNS FROM `address` [ RunTime:0.000988s ]
[2023-03-27T20:22:38+08:00][sql] SELECT * FROM `address` WHERE  `id` = 1 LIMIT 1 [ RunTime:0.000271s ]
[2023-03-27T20:22:38+08:00][sql] SELECT * FROM `address` WHERE  `id` = 2 LIMIT 1 [ RunTime:0.000234s ]
[2023-03-27T21:30:51+08:00][sql] CONNECT:[ UseTime:0.000406s ] mysql:host=localhost;port=3316;dbname=coffee;charset=utf8
[2023-03-27T21:30:51+08:00][sql] SHOW FULL COLUMNS FROM `information` [ RunTime:0.001327s ]
[2023-03-27T21:30:51+08:00][sql] SELECT * FROM `information` ORDER BY `time` DESC LIMIT 1 [ RunTime:0.000367s ]
[2023-03-27T21:30:51+08:00][sql] SHOW FULL COLUMNS FROM `topic` [ RunTime:0.000915s ]
[2023-03-27T21:30:51+08:00][sql] SELECT * FROM `topic` [ RunTime:0.000238s ]
[2023-03-27T21:30:51+08:00][sql] SELECT * FROM `information` WHERE  `topic_id` = 2 [ RunTime:0.000412s ]
[2023-03-27T21:30:51+08:00][sql] SHOW FULL COLUMNS FROM `address` [ RunTime:0.000997s ]
[2023-03-27T21:30:51+08:00][sql] SELECT * FROM `address` WHERE  `id` = 1 LIMIT 1 [ RunTime:0.000298s ]
[2023-03-27T21:30:51+08:00][sql] SELECT * FROM `address` WHERE  `id` = 2 LIMIT 1 [ RunTime:0.000270s ]
[2023-03-27T21:39:38+08:00][sql] CONNECT:[ UseTime:0.000437s ] mysql:host=localhost;port=3316;dbname=coffee;charset=utf8
[2023-03-27T21:39:38+08:00][sql] SHOW FULL COLUMNS FROM `information` [ RunTime:0.001304s ]
[2023-03-27T21:39:38+08:00][sql] SELECT * FROM `information` ORDER BY `time` DESC LIMIT 1 [ RunTime:0.000310s ]
[2023-03-27T21:39:38+08:00][sql] SHOW FULL COLUMNS FROM `topic` [ RunTime:0.000952s ]
[2023-03-27T21:39:38+08:00][sql] SELECT * FROM `topic` [ RunTime:0.000195s ]
[2023-03-27T21:39:38+08:00][sql] SELECT * FROM `information` WHERE  `topic_id` = 2 [ RunTime:0.000350s ]
[2023-03-27T21:39:38+08:00][sql] SHOW FULL COLUMNS FROM `address` [ RunTime:0.000978s ]
[2023-03-27T21:39:38+08:00][sql] SELECT * FROM `address` WHERE  `id` = 1 LIMIT 1 [ RunTime:0.000234s ]
[2023-03-27T21:39:38+08:00][sql] SELECT * FROM `address` WHERE  `id` = 2 LIMIT 1 [ RunTime:0.000211s ]
[2023-03-27T21:49:48+08:00][sql] CONNECT:[ UseTime:0.000410s ] mysql:host=localhost;port=3316;dbname=coffee;charset=utf8
[2023-03-27T21:49:48+08:00][sql] SHOW FULL COLUMNS FROM `information` [ RunTime:0.001384s ]
[2023-03-27T21:49:48+08:00][sql] SELECT * FROM `information` WHERE  `id` = 15 LIMIT 1 [ RunTime:0.000330s ]
[2023-03-27T21:49:48+08:00][sql] SHOW FULL COLUMNS FROM `address` [ RunTime:0.000965s ]
[2023-03-27T21:49:48+08:00][sql] SELECT * FROM `address` WHERE  `id` = 1 LIMIT 1 [ RunTime:0.000246s ]
[2023-03-27T21:49:48+08:00][sql] SELECT * FROM `address` WHERE  `id` = 2 LIMIT 1 [ RunTime:0.000226s ]
[2023-03-27T21:57:17+08:00][sql] CONNECT:[ UseTime:0.000506s ] mysql:host=localhost;port=3316;dbname=coffee;charset=utf8
[2023-03-27T21:57:17+08:00][sql] SHOW FULL COLUMNS FROM `information` [ RunTime:0.001327s ]
[2023-03-27T21:57:17+08:00][sql] SELECT * FROM `information` WHERE  `id` = 15 LIMIT 1 [ RunTime:0.000347s ]
[2023-03-27T21:57:17+08:00][sql] SHOW FULL COLUMNS FROM `address` [ RunTime:0.000974s ]
[2023-03-27T21:57:17+08:00][sql] SELECT * FROM `address` WHERE  `id` = 1 LIMIT 1 [ RunTime:0.000279s ]
[2023-03-27T21:57:17+08:00][sql] SELECT * FROM `address` WHERE  `id` = 2 LIMIT 1 [ RunTime:0.000280s ]
[2023-03-27T23:13:03+08:00][sql] CONNECT:[ UseTime:0.000396s ] mysql:host=localhost;port=3316;dbname=coffee;charset=utf8
[2023-03-27T23:13:03+08:00][sql] SHOW FULL COLUMNS FROM `information` [ RunTime:0.001253s ]
[2023-03-27T23:13:03+08:00][sql] SELECT * FROM `information` WHERE  `id` = 7 LIMIT 1 [ RunTime:0.000308s ]
[2023-03-27T23:13:03+08:00][sql] SHOW FULL COLUMNS FROM `address` [ RunTime:0.000953s ]
[2023-03-27T23:13:03+08:00][sql] SELECT * FROM `address` WHERE  `id` = 1 LIMIT 1 [ RunTime:0.000277s ]
[2023-03-27T23:13:03+08:00][sql] SELECT * FROM `address` WHERE  `id` = 2 LIMIT 1 [ RunTime:0.000277s ]
[2023-03-27T23:30:32+08:00][sql] CONNECT:[ UseTime:0.006937s ] mysql:host=localhost;port=3316;dbname=coffee;charset=utf8
[2023-03-27T23:30:32+08:00][sql] SHOW FULL COLUMNS FROM `information` [ RunTime:0.007817s ]
[2023-03-27T23:30:32+08:00][sql] SELECT * FROM `information` WHERE  `id` = 16 LIMIT 1 [ RunTime:0.000640s ]
[2023-03-27T23:30:32+08:00][sql] SHOW FULL COLUMNS FROM `address` [ RunTime:0.003878s ]
[2023-03-27T23:30:32+08:00][sql] SELECT * FROM `address` WHERE  `id` = 1 LIMIT 1 [ RunTime:0.000530s ]
[2023-03-27T23:30:32+08:00][sql] SELECT * FROM `address` WHERE  `id` = 2 LIMIT 1 [ RunTime:0.000397s ]
