[2022-10-17T14:35:20+08:00][sql] CONNECT:[ UseTime:0.000400s ] mysql:host=localhost;port=3316;dbname=coffee;charset=utf8
[2022-10-17T14:35:20+08:00][sql] SHOW FULL COLUMNS FROM `teacher` [ RunTime:0.001587s ]
[2022-10-17T14:35:20+08:00][sql] SELECT `id`,`teacher_name`,`teacher_avatar`,`Introduction` FROM `teacher` [ RunTime:0.000262s ]
[2022-10-17T14:35:20+08:00][sql] SHOW FULL COLUMNS FROM `address` [ RunTime:0.000970s ]
[2022-10-17T14:35:20+08:00][sql] SELECT * FROM `address` WHERE  `id` = 1 LIMIT 1 [ RunTime:0.000258s ]
[2022-10-17T14:35:20+08:00][sql] SELECT * FROM `address` WHERE  `id` = 2 LIMIT 1 [ RunTime:0.000280s ]
[2022-10-17T14:42:37+08:00][sql] CONNECT:[ UseTime:0.000554s ] mysql:host=localhost;port=3316;dbname=coffee;charset=utf8
[2022-10-17T14:42:37+08:00][sql] SHOW FULL COLUMNS FROM `teacher` [ RunTime:0.001306s ]
[2022-10-17T14:42:37+08:00][sql] SELECT `id`,`teacher_name`,`teacher_avatar`,`Introduction` FROM `teacher` [ RunTime:0.000258s ]
[2022-10-17T14:42:37+08:00][sql] SHOW FULL COLUMNS FROM `address` [ RunTime:0.001134s ]
[2022-10-17T14:42:37+08:00][sql] SELECT * FROM `address` WHERE  `id` = 1 LIMIT 1 [ RunTime:0.000324s ]
[2022-10-17T14:42:37+08:00][sql] SELECT * FROM `address` WHERE  `id` = 2 LIMIT 1 [ RunTime:0.000255s ]
[2022-10-17T15:37:32+08:00][sql] CONNECT:[ UseTime:0.000409s ] mysql:host=localhost;port=3316;dbname=coffee;charset=utf8
[2022-10-17T15:37:32+08:00][sql] SHOW FULL COLUMNS FROM `teacher` [ RunTime:0.001270s ]
[2022-10-17T15:37:32+08:00][sql] SELECT `id`,`teacher_name`,`teacher_avatar`,`Introduction` FROM `teacher` [ RunTime:0.000254s ]
[2022-10-17T15:37:32+08:00][sql] SHOW FULL COLUMNS FROM `address` [ RunTime:0.000955s ]
[2022-10-17T15:37:32+08:00][sql] SELECT * FROM `address` WHERE  `id` = 1 LIMIT 1 [ RunTime:0.000282s ]
[2022-10-17T15:37:32+08:00][sql] SELECT * FROM `address` WHERE  `id` = 2 LIMIT 1 [ RunTime:0.000240s ]
[2022-10-17T22:40:10+08:00][sql] CONNECT:[ UseTime:0.000468s ] mysql:host=localhost;port=3316;dbname=coffee;charset=utf8
[2022-10-17T22:40:10+08:00][sql] SHOW FULL COLUMNS FROM `teacher` [ RunTime:0.001360s ]
[2022-10-17T22:40:10+08:00][sql] SELECT `teacher_name`,`teacher_title`,`teacher_avatar`,`detail` FROM `teacher` WHERE  `id` = 3 LIMIT 1 [ RunTime:0.000282s ]
[2022-10-17T22:40:10+08:00][sql] SHOW FULL COLUMNS FROM `course` [ RunTime:0.001179s ]
[2022-10-17T22:40:10+08:00][sql] SELECT * FROM `course` WHERE  `about_instructor` LIKE '%3%' [ RunTime:0.000343s ]
[2022-10-17T22:40:10+08:00][sql] SHOW FULL COLUMNS FROM `address` [ RunTime:0.001010s ]
[2022-10-17T22:40:10+08:00][sql] SELECT * FROM `address` WHERE  `id` = 1 LIMIT 1 [ RunTime:0.000344s ]
[2022-10-17T22:40:10+08:00][sql] SELECT * FROM `address` WHERE  `id` = 2 LIMIT 1 [ RunTime:0.000428s ]
[2022-10-17T22:40:11+08:00][sql] CONNECT:[ UseTime:0.000398s ] mysql:host=localhost;port=3316;dbname=coffee;charset=utf8
[2022-10-17T22:40:11+08:00][sql] SHOW FULL COLUMNS FROM `teacher` [ RunTime:0.001273s ]
[2022-10-17T22:40:11+08:00][sql] SELECT `teacher_name`,`teacher_title`,`teacher_avatar`,`detail` FROM `teacher` WHERE  `id` = 1 LIMIT 1 [ RunTime:0.000285s ]
[2022-10-17T22:40:11+08:00][sql] SHOW FULL COLUMNS FROM `course` [ RunTime:0.001128s ]
[2022-10-17T22:40:11+08:00][sql] SELECT * FROM `course` WHERE  `about_instructor` LIKE '%1%' [ RunTime:0.000481s ]
[2022-10-17T22:40:11+08:00][sql] SHOW FULL COLUMNS FROM `address` [ RunTime:0.000945s ]
[2022-10-17T22:40:11+08:00][sql] SELECT * FROM `address` WHERE  `id` = 1 LIMIT 1 [ RunTime:0.000270s ]
[2022-10-17T22:40:11+08:00][sql] SELECT * FROM `address` WHERE  `id` = 2 LIMIT 1 [ RunTime:0.000255s ]
[2022-10-17T22:40:12+08:00][sql] CONNECT:[ UseTime:0.000521s ] mysql:host=localhost;port=3316;dbname=coffee;charset=utf8
[2022-10-17T22:40:12+08:00][sql] SHOW FULL COLUMNS FROM `teacher` [ RunTime:0.001202s ]
[2022-10-17T22:40:12+08:00][sql] SELECT `id`,`teacher_name`,`teacher_avatar`,`Introduction` FROM `teacher` [ RunTime:0.000244s ]
[2022-10-17T22:40:12+08:00][sql] SHOW FULL COLUMNS FROM `address` [ RunTime:0.000972s ]
[2022-10-17T22:40:12+08:00][sql] SELECT * FROM `address` WHERE  `id` = 1 LIMIT 1 [ RunTime:0.000244s ]
[2022-10-17T22:40:12+08:00][sql] SELECT * FROM `address` WHERE  `id` = 2 LIMIT 1 [ RunTime:0.000202s ]
[2022-10-17T22:40:12+08:00][sql] CONNECT:[ UseTime:0.000336s ] mysql:host=localhost;port=3316;dbname=coffee;charset=utf8
[2022-10-17T22:40:12+08:00][sql] SHOW FULL COLUMNS FROM `teacher` [ RunTime:0.001241s ]
[2022-10-17T22:40:12+08:00][sql] SELECT `teacher_name`,`teacher_title`,`teacher_avatar`,`detail` FROM `teacher` WHERE  `id` = 2 LIMIT 1 [ RunTime:0.000265s ]
[2022-10-17T22:40:12+08:00][sql] SHOW FULL COLUMNS FROM `course` [ RunTime:0.001063s ]
[2022-10-17T22:40:12+08:00][sql] SELECT * FROM `course` WHERE  `about_instructor` LIKE '%2%' [ RunTime:0.000374s ]
[2022-10-17T22:40:12+08:00][sql] SHOW FULL COLUMNS FROM `address` [ RunTime:0.001077s ]
[2022-10-17T22:40:12+08:00][sql] SELECT * FROM `address` WHERE  `id` = 1 LIMIT 1 [ RunTime:0.000245s ]
[2022-10-17T22:40:12+08:00][sql] SELECT * FROM `address` WHERE  `id` = 2 LIMIT 1 [ RunTime:0.000259s ]
[2022-10-17T22:45:17+08:00][sql] CONNECT:[ UseTime:0.000603s ] mysql:host=localhost;port=3316;dbname=coffee;charset=utf8
[2022-10-17T22:45:17+08:00][sql] SHOW FULL COLUMNS FROM `teacher` [ RunTime:0.001282s ]
[2022-10-17T22:45:17+08:00][sql] SELECT `teacher_name`,`teacher_title`,`teacher_avatar`,`detail` FROM `teacher` WHERE  `id` = 1 LIMIT 1 [ RunTime:0.000404s ]
[2022-10-17T22:45:17+08:00][sql] SHOW FULL COLUMNS FROM `course` [ RunTime:0.001158s ]
[2022-10-17T22:45:17+08:00][sql] SELECT * FROM `course` WHERE  `about_instructor` LIKE '%1%' [ RunTime:0.000443s ]
[2022-10-17T22:45:17+08:00][sql] SHOW FULL COLUMNS FROM `address` [ RunTime:0.001028s ]
[2022-10-17T22:45:17+08:00][sql] SELECT * FROM `address` WHERE  `id` = 1 LIMIT 1 [ RunTime:0.000332s ]
[2022-10-17T22:45:17+08:00][sql] SELECT * FROM `address` WHERE  `id` = 2 LIMIT 1 [ RunTime:0.000241s ]
