[2023-04-09T05:26:04+08:00][sql] CONNECT:[ UseTime:0.000408s ] mysql:host=localhost;port=3316;dbname=coffee;charset=utf8
[2023-04-09T05:26:04+08:00][sql] SHOW FULL COLUMNS FROM `course` [ RunTime:0.001384s ]
[2023-04-09T05:26:04+08:00][sql] SELECT * FROM `course` WHERE  `id` = 2 LIMIT 1 [ RunTime:0.000363s ]
[2023-04-09T05:26:04+08:00][sql] SHOW FULL COLUMNS FROM `teacher` [ RunTime:0.001102s ]
[2023-04-09T05:26:04+08:00][sql] SELECT `teacher_name`,`teacher_title`,`teacher_avatar` FROM `teacher` WHERE  `id` = 3 LIMIT 1 [ RunTime:0.000256s ]
[2023-04-09T05:26:04+08:00][sql] SHOW FULL COLUMNS FROM `address` [ RunTime:0.001448s ]
[2023-04-09T05:26:04+08:00][sql] SELECT * FROM `address` WHERE  `id` = 1 LIMIT 1 [ RunTime:0.000268s ]
[2023-04-09T05:26:04+08:00][sql] SELECT * FROM `address` WHERE  `id` = 2 LIMIT 1 [ RunTime:0.000239s ]
[2023-04-09T05:41:17+08:00][sql] CONNECT:[ UseTime:0.000419s ] mysql:host=localhost;port=3316;dbname=coffee;charset=utf8
[2023-04-09T05:41:17+08:00][sql] SHOW FULL COLUMNS FROM `course` [ RunTime:0.001484s ]
[2023-04-09T05:41:17+08:00][sql] SELECT * FROM `course` WHERE  `id` = 6 LIMIT 1 [ RunTime:0.000886s ]
[2023-04-09T05:41:17+08:00][sql] SHOW FULL COLUMNS FROM `teacher` [ RunTime:0.001086s ]
[2023-04-09T05:41:17+08:00][sql] SELECT `teacher_name`,`teacher_title`,`teacher_avatar` FROM `teacher` WHERE  `id` = 1 LIMIT 1 [ RunTime:0.000439s ]
[2023-04-09T05:41:17+08:00][sql] SHOW FULL COLUMNS FROM `address` [ RunTime:0.001357s ]
[2023-04-09T05:41:17+08:00][sql] SELECT * FROM `address` WHERE  `id` = 1 LIMIT 1 [ RunTime:0.000484s ]
[2023-04-09T05:41:17+08:00][sql] SELECT * FROM `address` WHERE  `id` = 2 LIMIT 1 [ RunTime:0.000614s ]
[2023-04-09T05:53:00+08:00][sql] CONNECT:[ UseTime:0.000417s ] mysql:host=localhost;port=3316;dbname=coffee;charset=utf8
[2023-04-09T05:53:00+08:00][sql] SHOW FULL COLUMNS FROM `course` [ RunTime:0.001622s ]
[2023-04-09T05:53:00+08:00][sql] SELECT * FROM `course` WHERE  `id` = 6 LIMIT 1 [ RunTime:0.001018s ]
[2023-04-09T05:53:00+08:00][sql] SHOW FULL COLUMNS FROM `teacher` [ RunTime:0.001154s ]
[2023-04-09T05:53:00+08:00][sql] SELECT `teacher_name`,`teacher_title`,`teacher_avatar` FROM `teacher` WHERE  `id` = 1 LIMIT 1 [ RunTime:0.000292s ]
[2023-04-09T05:53:00+08:00][sql] SHOW FULL COLUMNS FROM `address` [ RunTime:0.001181s ]
[2023-04-09T05:53:00+08:00][sql] SELECT * FROM `address` WHERE  `id` = 1 LIMIT 1 [ RunTime:0.000528s ]
[2023-04-09T05:53:00+08:00][sql] SELECT * FROM `address` WHERE  `id` = 2 LIMIT 1 [ RunTime:0.000284s ]
[2023-04-09T05:56:36+08:00][sql] CONNECT:[ UseTime:0.000405s ] mysql:host=localhost;port=3316;dbname=coffee;charset=utf8
[2023-04-09T05:56:36+08:00][sql] SHOW FULL COLUMNS FROM `course` [ RunTime:0.001498s ]
[2023-04-09T05:56:36+08:00][sql] SELECT * FROM `course` WHERE  `id` = 6 LIMIT 1 [ RunTime:0.000845s ]
[2023-04-09T05:56:36+08:00][sql] SHOW FULL COLUMNS FROM `teacher` [ RunTime:0.001033s ]
[2023-04-09T05:56:36+08:00][sql] SELECT `teacher_name`,`teacher_title`,`teacher_avatar` FROM `teacher` WHERE  `id` = 1 LIMIT 1 [ RunTime:0.000265s ]
[2023-04-09T05:56:36+08:00][sql] SHOW FULL COLUMNS FROM `address` [ RunTime:0.000899s ]
[2023-04-09T05:56:36+08:00][sql] SELECT * FROM `address` WHERE  `id` = 1 LIMIT 1 [ RunTime:0.000237s ]
[2023-04-09T05:56:36+08:00][sql] SELECT * FROM `address` WHERE  `id` = 2 LIMIT 1 [ RunTime:0.000220s ]
[2023-04-09T07:33:09+08:00][sql] CONNECT:[ UseTime:0.008652s ] mysql:host=localhost;port=3316;dbname=coffee;charset=utf8
[2023-04-09T07:33:09+08:00][sql] SHOW FULL COLUMNS FROM `course` [ RunTime:0.002095s ]
[2023-04-09T07:33:09+08:00][sql] SELECT * FROM `course` WHERE  `id` = 1 LIMIT 1 [ RunTime:0.000415s ]
[2023-04-09T07:33:09+08:00][sql] SHOW FULL COLUMNS FROM `teacher` [ RunTime:0.001290s ]
[2023-04-09T07:33:09+08:00][sql] SELECT `teacher_name`,`teacher_title`,`teacher_avatar` FROM `teacher` WHERE  `id` = 1 LIMIT 1 [ RunTime:0.000288s ]
[2023-04-09T07:33:09+08:00][sql] SELECT `teacher_name`,`teacher_title`,`teacher_avatar` FROM `teacher` WHERE  `id` = 2 LIMIT 1 [ RunTime:0.000819s ]
[2023-04-09T07:33:09+08:00][sql] SHOW FULL COLUMNS FROM `address` [ RunTime:0.001348s ]
[2023-04-09T07:33:09+08:00][sql] SELECT * FROM `address` WHERE  `id` = 1 LIMIT 1 [ RunTime:0.000412s ]
[2023-04-09T07:33:09+08:00][sql] SELECT * FROM `address` WHERE  `id` = 2 LIMIT 1 [ RunTime:0.000339s ]
[2023-04-09T07:33:10+08:00][sql] CONNECT:[ UseTime:0.000410s ] mysql:host=localhost;port=3316;dbname=coffee;charset=utf8
[2023-04-09T07:33:10+08:00][sql] SHOW FULL COLUMNS FROM `course` [ RunTime:0.001552s ]
[2023-04-09T07:33:10+08:00][sql] SELECT * FROM `course` WHERE  `id` = 2 LIMIT 1 [ RunTime:0.000323s ]
[2023-04-09T07:33:10+08:00][sql] SHOW FULL COLUMNS FROM `teacher` [ RunTime:0.001029s ]
[2023-04-09T07:33:10+08:00][sql] SELECT `teacher_name`,`teacher_title`,`teacher_avatar` FROM `teacher` WHERE  `id` = 3 LIMIT 1 [ RunTime:0.000228s ]
[2023-04-09T07:33:10+08:00][sql] SHOW FULL COLUMNS FROM `address` [ RunTime:0.001400s ]
[2023-04-09T07:33:10+08:00][sql] SELECT * FROM `address` WHERE  `id` = 1 LIMIT 1 [ RunTime:0.000250s ]
[2023-04-09T07:33:10+08:00][sql] SELECT * FROM `address` WHERE  `id` = 2 LIMIT 1 [ RunTime:0.000236s ]
[2023-04-09T15:47:46+08:00][sql] CONNECT:[ UseTime:0.000345s ] mysql:host=localhost;port=3316;dbname=coffee;charset=utf8
[2023-04-09T15:47:46+08:00][sql] SHOW FULL COLUMNS FROM `course` [ RunTime:0.001516s ]
[2023-04-09T15:47:46+08:00][sql] SELECT `id`,`title`,`price`,`days`,`time` FROM `course` WHERE  `is_time` = 1 ORDER BY `sorting` ASC [ RunTime:0.000887s ]
[2023-04-09T15:47:46+08:00][sql] SELECT `id`,`title` FROM `course` WHERE  `status` = 1 [ RunTime:0.000217s ]
[2023-04-09T15:47:46+08:00][sql] SELECT `id`,`title` FROM `course` WHERE  `status` = 2 [ RunTime:0.000203s ]
[2023-04-09T15:47:46+08:00][sql] SHOW FULL COLUMNS FROM `address` [ RunTime:0.000919s ]
[2023-04-09T15:47:46+08:00][sql] SELECT * FROM `address` WHERE  `id` = 1 LIMIT 1 [ RunTime:0.000311s ]
[2023-04-09T15:47:46+08:00][sql] SELECT * FROM `address` WHERE  `id` = 2 LIMIT 1 [ RunTime:0.000277s ]
[2023-04-09T15:50:51+08:00][sql] CONNECT:[ UseTime:0.000425s ] mysql:host=localhost;port=3316;dbname=coffee;charset=utf8
[2023-04-09T15:50:51+08:00][sql] SHOW FULL COLUMNS FROM `course` [ RunTime:0.001461s ]
[2023-04-09T15:50:51+08:00][sql] SELECT `id`,`title`,`price`,`days`,`time` FROM `course` WHERE  `is_time` = 1 ORDER BY `sorting` ASC [ RunTime:0.001011s ]
[2023-04-09T15:50:51+08:00][sql] SELECT `id`,`title` FROM `course` WHERE  `status` = 1 [ RunTime:0.000255s ]
[2023-04-09T15:50:51+08:00][sql] SELECT `id`,`title` FROM `course` WHERE  `status` = 2 [ RunTime:0.000231s ]
[2023-04-09T15:50:51+08:00][sql] SHOW FULL COLUMNS FROM `address` [ RunTime:0.001028s ]
[2023-04-09T15:50:51+08:00][sql] SELECT * FROM `address` WHERE  `id` = 1 LIMIT 1 [ RunTime:0.000281s ]
[2023-04-09T15:50:51+08:00][sql] SELECT * FROM `address` WHERE  `id` = 2 LIMIT 1 [ RunTime:0.000322s ]
[2023-04-09T17:23:59+08:00][sql] CONNECT:[ UseTime:0.000399s ] mysql:host=localhost;port=3316;dbname=coffee;charset=utf8
[2023-04-09T17:23:59+08:00][sql] SHOW FULL COLUMNS FROM `course` [ RunTime:0.001510s ]
[2023-04-09T17:23:59+08:00][sql] SELECT * FROM `course` WHERE  `id` = 5 LIMIT 1 [ RunTime:0.000325s ]
[2023-04-09T17:23:59+08:00][sql] SHOW FULL COLUMNS FROM `teacher` [ RunTime:0.000904s ]
[2023-04-09T17:23:59+08:00][sql] SELECT `teacher_name`,`teacher_title`,`teacher_avatar` FROM `teacher` WHERE  `id` = 1 LIMIT 1 [ RunTime:0.000290s ]
[2023-04-09T17:23:59+08:00][sql] SELECT `teacher_name`,`teacher_title`,`teacher_avatar` FROM `teacher` WHERE  `id` = 2 LIMIT 1 [ RunTime:0.000230s ]
[2023-04-09T17:23:59+08:00][sql] SHOW FULL COLUMNS FROM `address` [ RunTime:0.000986s ]
[2023-04-09T17:23:59+08:00][sql] SELECT * FROM `address` WHERE  `id` = 1 LIMIT 1 [ RunTime:0.000497s ]
[2023-04-09T17:23:59+08:00][sql] SELECT * FROM `address` WHERE  `id` = 2 LIMIT 1 [ RunTime:0.000246s ]
[2023-04-09T20:35:30+08:00][sql] CONNECT:[ UseTime:0.000393s ] mysql:host=localhost;port=3316;dbname=coffee;charset=utf8
[2023-04-09T20:35:30+08:00][sql] SHOW FULL COLUMNS FROM `course` [ RunTime:0.001410s ]
[2023-04-09T20:35:30+08:00][sql] SELECT `id`,`title`,`price`,`days`,`time` FROM `course` WHERE  `is_time` = 1 ORDER BY `sorting` ASC [ RunTime:0.000326s ]
[2023-04-09T20:35:30+08:00][sql] SELECT `id`,`title` FROM `course` WHERE  `status` = 1 [ RunTime:0.000264s ]
[2023-04-09T20:35:30+08:00][sql] SELECT `id`,`title` FROM `course` WHERE  `status` = 2 [ RunTime:0.000199s ]
[2023-04-09T20:35:30+08:00][sql] SHOW FULL COLUMNS FROM `address` [ RunTime:0.000939s ]
[2023-04-09T20:35:30+08:00][sql] SELECT * FROM `address` WHERE  `id` = 1 LIMIT 1 [ RunTime:0.000244s ]
[2023-04-09T20:35:30+08:00][sql] SELECT * FROM `address` WHERE  `id` = 2 LIMIT 1 [ RunTime:0.000243s ]
[2023-04-09T20:35:34+08:00][sql] CONNECT:[ UseTime:0.005796s ] mysql:host=localhost;port=3316;dbname=coffee;charset=utf8
[2023-04-09T20:35:34+08:00][sql] SHOW FULL COLUMNS FROM `course` [ RunTime:0.002665s ]
[2023-04-09T20:35:34+08:00][sql] SELECT `id`,`title`,`price`,`days`,`time` FROM `course` WHERE  `is_time` = 1 ORDER BY `sorting` ASC [ RunTime:0.000867s ]
[2023-04-09T20:35:34+08:00][sql] SELECT `id`,`title` FROM `course` WHERE  `status` = 1 [ RunTime:0.000274s ]
[2023-04-09T20:35:34+08:00][sql] SELECT `id`,`title` FROM `course` WHERE  `status` = 2 [ RunTime:0.000231s ]
[2023-04-09T20:35:34+08:00][sql] SHOW FULL COLUMNS FROM `address` [ RunTime:0.001218s ]
[2023-04-09T20:35:34+08:00][sql] SELECT * FROM `address` WHERE  `id` = 1 LIMIT 1 [ RunTime:0.000292s ]
[2023-04-09T20:35:34+08:00][sql] SELECT * FROM `address` WHERE  `id` = 2 LIMIT 1 [ RunTime:0.000262s ]
[2023-04-09T21:30:01+08:00][sql] CONNECT:[ UseTime:0.000768s ] mysql:host=localhost;port=3316;dbname=coffee;charset=utf8
[2023-04-09T21:30:01+08:00][sql] SHOW FULL COLUMNS FROM `course` [ RunTime:0.001850s ]
[2023-04-09T21:30:01+08:00][sql] SELECT `id`,`title`,`price`,`days`,`time` FROM `course` WHERE  `is_time` = 1 ORDER BY `sorting` ASC [ RunTime:0.001052s ]
[2023-04-09T21:30:01+08:00][sql] SELECT `id`,`title` FROM `course` WHERE  `status` = 1 [ RunTime:0.000234s ]
[2023-04-09T21:30:01+08:00][sql] SELECT `id`,`title` FROM `course` WHERE  `status` = 2 [ RunTime:0.000217s ]
[2023-04-09T21:30:01+08:00][sql] SHOW FULL COLUMNS FROM `address` [ RunTime:0.001043s ]
[2023-04-09T21:30:01+08:00][sql] SELECT * FROM `address` WHERE  `id` = 1 LIMIT 1 [ RunTime:0.000244s ]
[2023-04-09T21:30:01+08:00][sql] SELECT * FROM `address` WHERE  `id` = 2 LIMIT 1 [ RunTime:0.000213s ]
[2023-04-09T23:56:18+08:00][sql] CONNECT:[ UseTime:0.000635s ] mysql:host=localhost;port=3316;dbname=coffee;charset=utf8
[2023-04-09T23:56:18+08:00][sql] SHOW FULL COLUMNS FROM `course` [ RunTime:0.001902s ]
[2023-04-09T23:56:18+08:00][sql] SELECT * FROM `course` WHERE  `id` = 7 LIMIT 1 [ RunTime:0.004648s ]
[2023-04-09T23:56:18+08:00][sql] SHOW FULL COLUMNS FROM `teacher` [ RunTime:0.001700s ]
[2023-04-09T23:56:18+08:00][sql] SELECT `teacher_name`,`teacher_title`,`teacher_avatar` FROM `teacher` WHERE  `id` = 1 LIMIT 1 [ RunTime:0.000387s ]
[2023-04-09T23:56:18+08:00][sql] SHOW FULL COLUMNS FROM `address` [ RunTime:0.001508s ]
[2023-04-09T23:56:18+08:00][sql] SELECT * FROM `address` WHERE  `id` = 1 LIMIT 1 [ RunTime:0.000445s ]
[2023-04-09T23:56:18+08:00][sql] SELECT * FROM `address` WHERE  `id` = 2 LIMIT 1 [ RunTime:0.000442s ]
