[2023-04-15T02:03:26+08:00][sql] CONNECT:[ UseTime:0.000407s ] mysql:host=localhost;port=3316;dbname=coffee;charset=utf8
[2023-04-15T02:03:26+08:00][sql] SHOW FULL COLUMNS FROM `course` [ RunTime:0.001361s ]
[2023-04-15T02:03:26+08:00][sql] SELECT * FROM `course` WHERE  `id` = 5 LIMIT 1 [ RunTime:0.000302s ]
[2023-04-15T02:03:26+08:00][sql] SHOW FULL COLUMNS FROM `teacher` [ RunTime:0.000897s ]
[2023-04-15T02:03:26+08:00][sql] SELECT `teacher_name`,`teacher_title`,`teacher_avatar` FROM `teacher` WHERE  `id` = 1 LIMIT 1 [ RunTime:0.000232s ]
[2023-04-15T02:03:26+08:00][sql] SELECT `teacher_name`,`teacher_title`,`teacher_avatar` FROM `teacher` WHERE  `id` = 2 LIMIT 1 [ RunTime:0.000192s ]
[2023-04-15T02:03:26+08:00][sql] SHOW FULL COLUMNS FROM `address` [ RunTime:0.000901s ]
[2023-04-15T02:03:26+08:00][sql] SELECT * FROM `address` WHERE  `id` = 1 LIMIT 1 [ RunTime:0.000238s ]
[2023-04-15T02:03:26+08:00][sql] SELECT * FROM `address` WHERE  `id` = 2 LIMIT 1 [ RunTime:0.000231s ]
[2023-04-15T02:54:26+08:00][sql] CONNECT:[ UseTime:0.000427s ] mysql:host=localhost;port=3316;dbname=coffee;charset=utf8
[2023-04-15T02:54:26+08:00][sql] SHOW FULL COLUMNS FROM `course` [ RunTime:0.001425s ]
[2023-04-15T02:54:26+08:00][sql] SELECT * FROM `course` WHERE  `id` = 1 LIMIT 1 [ RunTime:0.000359s ]
[2023-04-15T02:54:26+08:00][sql] SHOW FULL COLUMNS FROM `teacher` [ RunTime:0.000936s ]
[2023-04-15T02:54:26+08:00][sql] SELECT `teacher_name`,`teacher_title`,`teacher_avatar` FROM `teacher` WHERE  `id` = 1 LIMIT 1 [ RunTime:0.000255s ]
[2023-04-15T02:54:26+08:00][sql] SELECT `teacher_name`,`teacher_title`,`teacher_avatar` FROM `teacher` WHERE  `id` = 2 LIMIT 1 [ RunTime:0.000233s ]
[2023-04-15T02:54:26+08:00][sql] SHOW FULL COLUMNS FROM `address` [ RunTime:0.000956s ]
[2023-04-15T02:54:26+08:00][sql] SELECT * FROM `address` WHERE  `id` = 1 LIMIT 1 [ RunTime:0.000286s ]
[2023-04-15T02:54:26+08:00][sql] SELECT * FROM `address` WHERE  `id` = 2 LIMIT 1 [ RunTime:0.000252s ]
[2023-04-15T11:17:56+08:00][sql] CONNECT:[ UseTime:0.000429s ] mysql:host=localhost;port=3316;dbname=coffee;charset=utf8
[2023-04-15T11:17:56+08:00][sql] SHOW FULL COLUMNS FROM `course` [ RunTime:0.001405s ]
[2023-04-15T11:17:56+08:00][sql] SELECT `id`,`title`,`price`,`days`,`time` FROM `course` WHERE  `is_time` = 1 ORDER BY `sorting` ASC [ RunTime:0.000326s ]
[2023-04-15T11:17:56+08:00][sql] SELECT `id`,`title` FROM `course` WHERE  `status` = 1 [ RunTime:0.000302s ]
[2023-04-15T11:17:56+08:00][sql] SELECT `id`,`title` FROM `course` WHERE  `status` = 2 [ RunTime:0.000236s ]
[2023-04-15T11:17:56+08:00][sql] SHOW FULL COLUMNS FROM `address` [ RunTime:0.000972s ]
[2023-04-15T11:17:56+08:00][sql] SELECT * FROM `address` WHERE  `id` = 1 LIMIT 1 [ RunTime:0.000287s ]
[2023-04-15T11:17:56+08:00][sql] SELECT * FROM `address` WHERE  `id` = 2 LIMIT 1 [ RunTime:0.000260s ]
[2023-04-15T12:29:29+08:00][sql] CONNECT:[ UseTime:0.000412s ] mysql:host=localhost;port=3316;dbname=coffee;charset=utf8
[2023-04-15T12:29:29+08:00][sql] SHOW FULL COLUMNS FROM `course` [ RunTime:0.001414s ]
[2023-04-15T12:29:29+08:00][sql] SELECT * FROM `course` WHERE  `id` = 7 LIMIT 1 [ RunTime:0.000803s ]
[2023-04-15T12:29:29+08:00][sql] SHOW FULL COLUMNS FROM `teacher` [ RunTime:0.000939s ]
[2023-04-15T12:29:29+08:00][sql] SELECT `teacher_name`,`teacher_title`,`teacher_avatar` FROM `teacher` WHERE  `id` = 1 LIMIT 1 [ RunTime:0.000245s ]
[2023-04-15T12:29:29+08:00][sql] SHOW FULL COLUMNS FROM `address` [ RunTime:0.000921s ]
[2023-04-15T12:29:29+08:00][sql] SELECT * FROM `address` WHERE  `id` = 1 LIMIT 1 [ RunTime:0.000287s ]
[2023-04-15T12:29:29+08:00][sql] SELECT * FROM `address` WHERE  `id` = 2 LIMIT 1 [ RunTime:0.000242s ]
[2023-04-15T13:18:14+08:00][sql] CONNECT:[ UseTime:0.000421s ] mysql:host=localhost;port=3316;dbname=coffee;charset=utf8
[2023-04-15T13:18:14+08:00][sql] SHOW FULL COLUMNS FROM `course` [ RunTime:0.001461s ]
[2023-04-15T13:18:14+08:00][sql] SELECT * FROM `course` WHERE  `id` = 1 LIMIT 1 [ RunTime:0.000383s ]
[2023-04-15T13:18:14+08:00][sql] SHOW FULL COLUMNS FROM `teacher` [ RunTime:0.001014s ]
[2023-04-15T13:18:14+08:00][sql] SELECT `teacher_name`,`teacher_title`,`teacher_avatar` FROM `teacher` WHERE  `id` = 1 LIMIT 1 [ RunTime:0.000262s ]
[2023-04-15T13:18:14+08:00][sql] SELECT `teacher_name`,`teacher_title`,`teacher_avatar` FROM `teacher` WHERE  `id` = 2 LIMIT 1 [ RunTime:0.000292s ]
[2023-04-15T13:18:14+08:00][sql] SHOW FULL COLUMNS FROM `address` [ RunTime:0.000963s ]
[2023-04-15T13:18:14+08:00][sql] SELECT * FROM `address` WHERE  `id` = 1 LIMIT 1 [ RunTime:0.000271s ]
[2023-04-15T13:18:14+08:00][sql] SELECT * FROM `address` WHERE  `id` = 2 LIMIT 1 [ RunTime:0.000245s ]
[2023-04-15T15:46:07+08:00][sql] CONNECT:[ UseTime:0.000417s ] mysql:host=localhost;port=3316;dbname=coffee;charset=utf8
[2023-04-15T15:46:07+08:00][sql] SHOW FULL COLUMNS FROM `course` [ RunTime:0.001443s ]
[2023-04-15T15:46:07+08:00][sql] SELECT * FROM `course` WHERE  `id` = 2 LIMIT 1 [ RunTime:0.000381s ]
[2023-04-15T15:46:07+08:00][sql] SHOW FULL COLUMNS FROM `teacher` [ RunTime:0.000950s ]
[2023-04-15T15:46:07+08:00][sql] SELECT `teacher_name`,`teacher_title`,`teacher_avatar` FROM `teacher` WHERE  `id` = 3 LIMIT 1 [ RunTime:0.000279s ]
[2023-04-15T15:46:07+08:00][sql] SHOW FULL COLUMNS FROM `address` [ RunTime:0.000990s ]
[2023-04-15T15:46:07+08:00][sql] SELECT * FROM `address` WHERE  `id` = 1 LIMIT 1 [ RunTime:0.000277s ]
[2023-04-15T15:46:07+08:00][sql] SELECT * FROM `address` WHERE  `id` = 2 LIMIT 1 [ RunTime:0.000267s ]
[2023-04-15T15:46:41+08:00][sql] CONNECT:[ UseTime:0.000402s ] mysql:host=localhost;port=3316;dbname=coffee;charset=utf8
[2023-04-15T15:46:41+08:00][sql] SHOW FULL COLUMNS FROM `course` [ RunTime:0.001714s ]
[2023-04-15T15:46:41+08:00][sql] SELECT * FROM `course` WHERE  `id` = 7 LIMIT 1 [ RunTime:0.000345s ]
[2023-04-15T15:46:41+08:00][sql] SHOW FULL COLUMNS FROM `teacher` [ RunTime:0.001089s ]
[2023-04-15T15:46:41+08:00][sql] SELECT `teacher_name`,`teacher_title`,`teacher_avatar` FROM `teacher` WHERE  `id` = 1 LIMIT 1 [ RunTime:0.000242s ]
[2023-04-15T15:46:41+08:00][sql] SHOW FULL COLUMNS FROM `address` [ RunTime:0.001152s ]
[2023-04-15T15:46:41+08:00][sql] SELECT * FROM `address` WHERE  `id` = 1 LIMIT 1 [ RunTime:0.000270s ]
[2023-04-15T15:46:41+08:00][sql] SELECT * FROM `address` WHERE  `id` = 2 LIMIT 1 [ RunTime:0.000279s ]
[2023-04-15T15:47:26+08:00][sql] CONNECT:[ UseTime:0.000506s ] mysql:host=localhost;port=3316;dbname=coffee;charset=utf8
[2023-04-15T15:47:26+08:00][sql] SHOW FULL COLUMNS FROM `course` [ RunTime:0.002076s ]
[2023-04-15T15:47:26+08:00][sql] SELECT * FROM `course` WHERE  `id` = 4 LIMIT 1 [ RunTime:0.000419s ]
[2023-04-15T15:47:26+08:00][sql] SHOW FULL COLUMNS FROM `teacher` [ RunTime:0.001273s ]
[2023-04-15T15:47:26+08:00][sql] SELECT `teacher_name`,`teacher_title`,`teacher_avatar` FROM `teacher` WHERE  `id` = 2 LIMIT 1 [ RunTime:0.000312s ]
[2023-04-15T15:47:26+08:00][sql] SHOW FULL COLUMNS FROM `address` [ RunTime:0.001503s ]
[2023-04-15T15:47:26+08:00][sql] SELECT * FROM `address` WHERE  `id` = 1 LIMIT 1 [ RunTime:0.000399s ]
[2023-04-15T15:47:26+08:00][sql] SELECT * FROM `address` WHERE  `id` = 2 LIMIT 1 [ RunTime:0.000301s ]
[2023-04-15T16:40:04+08:00][sql] CONNECT:[ UseTime:0.000445s ] mysql:host=localhost;port=3316;dbname=coffee;charset=utf8
[2023-04-15T16:40:04+08:00][sql] SHOW FULL COLUMNS FROM `course` [ RunTime:0.001407s ]
[2023-04-15T16:40:04+08:00][sql] SELECT `id`,`title`,`price`,`days`,`time` FROM `course` WHERE  `is_time` = 1 ORDER BY `sorting` ASC [ RunTime:0.000310s ]
[2023-04-15T16:40:04+08:00][sql] SELECT `id`,`title` FROM `course` WHERE  `status` = 1 [ RunTime:0.000217s ]
[2023-04-15T16:40:04+08:00][sql] SELECT `id`,`title` FROM `course` WHERE  `status` = 2 [ RunTime:0.000208s ]
[2023-04-15T16:40:04+08:00][sql] SHOW FULL COLUMNS FROM `address` [ RunTime:0.000976s ]
[2023-04-15T16:40:04+08:00][sql] SELECT * FROM `address` WHERE  `id` = 1 LIMIT 1 [ RunTime:0.000256s ]
[2023-04-15T16:40:04+08:00][sql] SELECT * FROM `address` WHERE  `id` = 2 LIMIT 1 [ RunTime:0.000210s ]
[2023-04-15T17:12:02+08:00][sql] CONNECT:[ UseTime:0.013462s ] mysql:host=localhost;port=3316;dbname=coffee;charset=utf8
[2023-04-15T17:12:02+08:00][sql] SHOW FULL COLUMNS FROM `course` [ RunTime:0.003739s ]
[2023-04-15T17:12:02+08:00][sql] SELECT * FROM `course` WHERE  `id` = 1 LIMIT 1 [ RunTime:0.001175s ]
[2023-04-15T17:12:02+08:00][sql] SHOW FULL COLUMNS FROM `teacher` [ RunTime:0.001615s ]
[2023-04-15T17:12:02+08:00][sql] SELECT `teacher_name`,`teacher_title`,`teacher_avatar` FROM `teacher` WHERE  `id` = 1 LIMIT 1 [ RunTime:0.000413s ]
[2023-04-15T17:12:02+08:00][sql] SELECT `teacher_name`,`teacher_title`,`teacher_avatar` FROM `teacher` WHERE  `id` = 2 LIMIT 1 [ RunTime:0.000397s ]
[2023-04-15T17:12:02+08:00][sql] SHOW FULL COLUMNS FROM `address` [ RunTime:0.008337s ]
[2023-04-15T17:12:02+08:00][sql] SELECT * FROM `address` WHERE  `id` = 1 LIMIT 1 [ RunTime:0.000504s ]
[2023-04-15T17:12:02+08:00][sql] SELECT * FROM `address` WHERE  `id` = 2 LIMIT 1 [ RunTime:0.000388s ]
[2023-04-15T17:18:51+08:00][sql] CONNECT:[ UseTime:0.000373s ] mysql:host=localhost;port=3316;dbname=coffee;charset=utf8
[2023-04-15T17:18:51+08:00][sql] SHOW FULL COLUMNS FROM `course` [ RunTime:0.001456s ]
[2023-04-15T17:18:51+08:00][sql] SELECT * FROM `course` WHERE  `id` = 1 LIMIT 1 [ RunTime:0.000316s ]
[2023-04-15T17:18:51+08:00][sql] SHOW FULL COLUMNS FROM `teacher` [ RunTime:0.000898s ]
[2023-04-15T17:18:51+08:00][sql] SELECT `teacher_name`,`teacher_title`,`teacher_avatar` FROM `teacher` WHERE  `id` = 1 LIMIT 1 [ RunTime:0.000236s ]
[2023-04-15T17:18:51+08:00][sql] SELECT `teacher_name`,`teacher_title`,`teacher_avatar` FROM `teacher` WHERE  `id` = 2 LIMIT 1 [ RunTime:0.000216s ]
[2023-04-15T17:18:51+08:00][sql] SHOW FULL COLUMNS FROM `address` [ RunTime:0.001113s ]
[2023-04-15T17:18:51+08:00][sql] SELECT * FROM `address` WHERE  `id` = 1 LIMIT 1 [ RunTime:0.000236s ]
[2023-04-15T17:18:51+08:00][sql] SELECT * FROM `address` WHERE  `id` = 2 LIMIT 1 [ RunTime:0.000216s ]
[2023-04-15T20:22:51+08:00][sql] CONNECT:[ UseTime:0.000891s ] mysql:host=localhost;port=3316;dbname=coffee;charset=utf8
[2023-04-15T20:22:51+08:00][sql] SHOW FULL COLUMNS FROM `course` [ RunTime:0.001440s ]
[2023-04-15T20:22:51+08:00][sql] SELECT * FROM `course` WHERE  `id` = 6 LIMIT 1 [ RunTime:0.000340s ]
[2023-04-15T20:22:51+08:00][sql] SHOW FULL COLUMNS FROM `teacher` [ RunTime:0.000928s ]
[2023-04-15T20:22:51+08:00][sql] SELECT `teacher_name`,`teacher_title`,`teacher_avatar` FROM `teacher` WHERE  `id` = 1 LIMIT 1 [ RunTime:0.000223s ]
[2023-04-15T20:22:51+08:00][sql] SHOW FULL COLUMNS FROM `address` [ RunTime:0.000917s ]
[2023-04-15T20:22:51+08:00][sql] SELECT * FROM `address` WHERE  `id` = 1 LIMIT 1 [ RunTime:0.000257s ]
[2023-04-15T20:22:51+08:00][sql] SELECT * FROM `address` WHERE  `id` = 2 LIMIT 1 [ RunTime:0.000260s ]
[2023-04-15T20:27:39+08:00][sql] CONNECT:[ UseTime:0.000456s ] mysql:host=localhost;port=3316;dbname=coffee;charset=utf8
[2023-04-15T20:27:39+08:00][sql] SHOW FULL COLUMNS FROM `course` [ RunTime:0.001987s ]
[2023-04-15T20:27:39+08:00][sql] SELECT * FROM `course` WHERE  `id` = 6 LIMIT 1 [ RunTime:0.000487s ]
[2023-04-15T20:27:39+08:00][sql] SHOW FULL COLUMNS FROM `teacher` [ RunTime:0.001381s ]
[2023-04-15T20:27:39+08:00][sql] SELECT `teacher_name`,`teacher_title`,`teacher_avatar` FROM `teacher` WHERE  `id` = 1 LIMIT 1 [ RunTime:0.000317s ]
[2023-04-15T20:27:39+08:00][sql] SHOW FULL COLUMNS FROM `address` [ RunTime:0.001301s ]
[2023-04-15T20:27:39+08:00][sql] SELECT * FROM `address` WHERE  `id` = 1 LIMIT 1 [ RunTime:0.000300s ]
[2023-04-15T20:27:39+08:00][sql] SELECT * FROM `address` WHERE  `id` = 2 LIMIT 1 [ RunTime:0.000265s ]
