[2023-04-26T03:28:49+08:00][sql] CONNECT:[ UseTime:0.013872s ] mysql:host=localhost;port=3316;dbname=coffee;charset=utf8
[2023-04-26T03:28:49+08:00][sql] SHOW FULL COLUMNS FROM `course` [ RunTime:0.005696s ]
[2023-04-26T03:28:49+08:00][sql] SELECT * FROM `course` WHERE  `id` = 3 LIMIT 1 [ RunTime:0.000717s ]
[2023-04-26T03:28:49+08:00][sql] SHOW FULL COLUMNS FROM `teacher` [ RunTime:0.001618s ]
[2023-04-26T03:28:49+08:00][sql] SELECT `teacher_name`,`teacher_title`,`teacher_avatar` FROM `teacher` WHERE  `id` = 1 LIMIT 1 [ RunTime:0.000451s ]
[2023-04-26T03:28:49+08:00][sql] SHOW FULL COLUMNS FROM `address` [ RunTime:0.001453s ]
[2023-04-26T03:28:49+08:00][sql] SELECT * FROM `address` WHERE  `id` = 1 LIMIT 1 [ RunTime:0.000401s ]
[2023-04-26T03:28:49+08:00][sql] SELECT * FROM `address` WHERE  `id` = 2 LIMIT 1 [ RunTime:0.000519s ]
[2023-04-26T05:03:58+08:00][sql] CONNECT:[ UseTime:0.008711s ] mysql:host=localhost;port=3316;dbname=coffee;charset=utf8
[2023-04-26T05:03:58+08:00][sql] SHOW FULL COLUMNS FROM `course` [ RunTime:0.002070s ]
[2023-04-26T05:03:58+08:00][sql] SELECT * FROM `course` WHERE  `id` = 4 LIMIT 1 [ RunTime:0.000533s ]
[2023-04-26T05:03:58+08:00][sql] SHOW FULL COLUMNS FROM `teacher` [ RunTime:0.001324s ]
[2023-04-26T05:03:58+08:00][sql] SELECT `teacher_name`,`teacher_title`,`teacher_avatar` FROM `teacher` WHERE  `id` = 2 LIMIT 1 [ RunTime:0.000410s ]
[2023-04-26T05:03:58+08:00][sql] SHOW FULL COLUMNS FROM `address` [ RunTime:0.001323s ]
[2023-04-26T05:03:58+08:00][sql] SELECT * FROM `address` WHERE  `id` = 1 LIMIT 1 [ RunTime:0.000425s ]
[2023-04-26T05:03:58+08:00][sql] SELECT * FROM `address` WHERE  `id` = 2 LIMIT 1 [ RunTime:0.000377s ]
[2023-04-26T10:46:25+08:00][sql] CONNECT:[ UseTime:0.000406s ] mysql:host=localhost;port=3316;dbname=coffee;charset=utf8
[2023-04-26T10:46:25+08:00][sql] SHOW FULL COLUMNS FROM `course` [ RunTime:0.001550s ]
[2023-04-26T10:46:25+08:00][sql] SELECT `id`,`title`,`price`,`days`,`time` FROM `course` WHERE  `is_time` = 1 ORDER BY `sorting` ASC [ RunTime:0.000317s ]
[2023-04-26T10:46:25+08:00][sql] SELECT `id`,`title` FROM `course` WHERE  `status` = 1 [ RunTime:0.000232s ]
[2023-04-26T10:46:25+08:00][sql] SELECT `id`,`title` FROM `course` WHERE  `status` = 2 [ RunTime:0.000254s ]
[2023-04-26T10:46:25+08:00][sql] SHOW FULL COLUMNS FROM `address` [ RunTime:0.001063s ]
[2023-04-26T10:46:25+08:00][sql] SELECT * FROM `address` WHERE  `id` = 1 LIMIT 1 [ RunTime:0.000264s ]
[2023-04-26T10:46:25+08:00][sql] SELECT * FROM `address` WHERE  `id` = 2 LIMIT 1 [ RunTime:0.000249s ]
[2023-04-26T11:56:41+08:00][sql] CONNECT:[ UseTime:0.000475s ] mysql:host=localhost;port=3316;dbname=coffee;charset=utf8
[2023-04-26T11:56:41+08:00][sql] SHOW FULL COLUMNS FROM `course` [ RunTime:0.001464s ]
[2023-04-26T11:56:41+08:00][sql] SELECT * FROM `course` WHERE  `id` = 6 LIMIT 1 [ RunTime:0.000363s ]
[2023-04-26T11:56:41+08:00][sql] SHOW FULL COLUMNS FROM `teacher` [ RunTime:0.000956s ]
[2023-04-26T11:56:41+08:00][sql] SELECT `teacher_name`,`teacher_title`,`teacher_avatar` FROM `teacher` WHERE  `id` = 1 LIMIT 1 [ RunTime:0.000225s ]
[2023-04-26T11:56:41+08:00][sql] SHOW FULL COLUMNS FROM `address` [ RunTime:0.001176s ]
[2023-04-26T11:56:41+08:00][sql] SELECT * FROM `address` WHERE  `id` = 1 LIMIT 1 [ RunTime:0.000274s ]
[2023-04-26T11:56:41+08:00][sql] SELECT * FROM `address` WHERE  `id` = 2 LIMIT 1 [ RunTime:0.000248s ]
[2023-04-26T14:48:53+08:00][sql] CONNECT:[ UseTime:0.000427s ] mysql:host=localhost;port=3316;dbname=coffee;charset=utf8
[2023-04-26T14:48:53+08:00][sql] SHOW FULL COLUMNS FROM `course` [ RunTime:0.003213s ]
[2023-04-26T14:48:53+08:00][sql] SELECT `id`,`title`,`price`,`days`,`time` FROM `course` WHERE  `is_time` = 1 ORDER BY `sorting` ASC [ RunTime:0.002717s ]
[2023-04-26T14:48:53+08:00][sql] SELECT `id`,`title` FROM `course` WHERE  `status` = 1 [ RunTime:0.000293s ]
[2023-04-26T14:48:53+08:00][sql] SELECT `id`,`title` FROM `course` WHERE  `status` = 2 [ RunTime:0.000264s ]
[2023-04-26T14:48:53+08:00][sql] SHOW FULL COLUMNS FROM `address` [ RunTime:0.002764s ]
[2023-04-26T14:48:53+08:00][sql] SELECT * FROM `address` WHERE  `id` = 1 LIMIT 1 [ RunTime:0.000403s ]
[2023-04-26T14:48:53+08:00][sql] SELECT * FROM `address` WHERE  `id` = 2 LIMIT 1 [ RunTime:0.000270s ]
[2023-04-26T17:31:46+08:00][sql] CONNECT:[ UseTime:0.000438s ] mysql:host=localhost;port=3316;dbname=coffee;charset=utf8
[2023-04-26T17:31:46+08:00][sql] SHOW FULL COLUMNS FROM `course` [ RunTime:0.001433s ]
[2023-04-26T17:31:46+08:00][sql] SELECT * FROM `course` WHERE  `id` = 4 LIMIT 1 [ RunTime:0.000330s ]
[2023-04-26T17:31:46+08:00][sql] SHOW FULL COLUMNS FROM `teacher` [ RunTime:0.001085s ]
[2023-04-26T17:31:46+08:00][sql] SELECT `teacher_name`,`teacher_title`,`teacher_avatar` FROM `teacher` WHERE  `id` = 2 LIMIT 1 [ RunTime:0.000283s ]
[2023-04-26T17:31:46+08:00][sql] SHOW FULL COLUMNS FROM `address` [ RunTime:0.000981s ]
[2023-04-26T17:31:46+08:00][sql] SELECT * FROM `address` WHERE  `id` = 1 LIMIT 1 [ RunTime:0.000271s ]
[2023-04-26T17:31:46+08:00][sql] SELECT * FROM `address` WHERE  `id` = 2 LIMIT 1 [ RunTime:0.000245s ]
[2023-04-26T17:40:08+08:00][sql] CONNECT:[ UseTime:0.000451s ] mysql:host=localhost;port=3316;dbname=coffee;charset=utf8
[2023-04-26T17:40:08+08:00][sql] SHOW FULL COLUMNS FROM `course` [ RunTime:0.001548s ]
[2023-04-26T17:40:08+08:00][sql] SELECT * FROM `course` WHERE  `id` = 4 LIMIT 1 [ RunTime:0.000301s ]
[2023-04-26T17:40:08+08:00][sql] SHOW FULL COLUMNS FROM `teacher` [ RunTime:0.000914s ]
[2023-04-26T17:40:08+08:00][sql] SELECT `teacher_name`,`teacher_title`,`teacher_avatar` FROM `teacher` WHERE  `id` = 2 LIMIT 1 [ RunTime:0.000328s ]
[2023-04-26T17:40:08+08:00][sql] SHOW FULL COLUMNS FROM `address` [ RunTime:0.001196s ]
[2023-04-26T17:40:08+08:00][sql] SELECT * FROM `address` WHERE  `id` = 1 LIMIT 1 [ RunTime:0.000418s ]
[2023-04-26T17:40:08+08:00][sql] SELECT * FROM `address` WHERE  `id` = 2 LIMIT 1 [ RunTime:0.000300s ]
