[2022-11-04T01:17:20+08:00][sql] CONNECT:[ UseTime:0.000365s ] mysql:host=localhost;port=3316;dbname=coffee;charset=utf8
[2022-11-04T01:17:20+08:00][sql] SHOW FULL COLUMNS FROM `information` [ RunTime:0.001280s ]
[2022-11-04T01:17:20+08:00][sql] SELECT * FROM `information` WHERE  `id` = 16 LIMIT 1 [ RunTime:0.000303s ]
[2022-11-04T01:17:20+08:00][sql] SHOW FULL COLUMNS FROM `address` [ RunTime:0.000963s ]
[2022-11-04T01:17:20+08:00][sql] SELECT * FROM `address` WHERE  `id` = 1 LIMIT 1 [ RunTime:0.000248s ]
[2022-11-04T01:17:20+08:00][sql] SELECT * FROM `address` WHERE  `id` = 2 LIMIT 1 [ RunTime:0.000208s ]
[2022-11-04T03:15:14+08:00][sql] CONNECT:[ UseTime:0.000407s ] mysql:host=localhost;port=3316;dbname=coffee;charset=utf8
[2022-11-04T03:15:14+08:00][sql] SHOW FULL COLUMNS FROM `information` [ RunTime:0.001252s ]
[2022-11-04T03:15:14+08:00][sql] SELECT * FROM `information` WHERE  `id` = 1 LIMIT 1 [ RunTime:0.000286s ]
[2022-11-04T03:15:14+08:00][sql] SHOW FULL COLUMNS FROM `address` [ RunTime:0.000887s ]
[2022-11-04T03:15:14+08:00][sql] SELECT * FROM `address` WHERE  `id` = 1 LIMIT 1 [ RunTime:0.000253s ]
[2022-11-04T03:15:14+08:00][sql] SELECT * FROM `address` WHERE  `id` = 2 LIMIT 1 [ RunTime:0.000226s ]
[2022-11-04T08:36:28+08:00][sql] CONNECT:[ UseTime:0.000409s ] mysql:host=localhost;port=3316;dbname=coffee;charset=utf8
[2022-11-04T08:36:28+08:00][sql] SHOW FULL COLUMNS FROM `information` [ RunTime:0.001333s ]
[2022-11-04T08:36:28+08:00][sql] SELECT * FROM `information` WHERE  `id` = 8 LIMIT 1 [ RunTime:0.000324s ]
[2022-11-04T08:36:28+08:00][sql] SHOW FULL COLUMNS FROM `address` [ RunTime:0.000970s ]
[2022-11-04T08:36:28+08:00][sql] SELECT * FROM `address` WHERE  `id` = 1 LIMIT 1 [ RunTime:0.000276s ]
[2022-11-04T08:36:28+08:00][sql] SELECT * FROM `address` WHERE  `id` = 2 LIMIT 1 [ RunTime:0.000263s ]
[2022-11-04T08:40:14+08:00][sql] CONNECT:[ UseTime:0.000410s ] mysql:host=localhost;port=3316;dbname=coffee;charset=utf8
[2022-11-04T08:40:14+08:00][sql] SHOW FULL COLUMNS FROM `information` [ RunTime:0.001273s ]
[2022-11-04T08:40:14+08:00][sql] SELECT * FROM `information` WHERE  `id` = 8 LIMIT 1 [ RunTime:0.000305s ]
[2022-11-04T08:40:14+08:00][sql] SHOW FULL COLUMNS FROM `address` [ RunTime:0.000933s ]
[2022-11-04T08:40:14+08:00][sql] SELECT * FROM `address` WHERE  `id` = 1 LIMIT 1 [ RunTime:0.000267s ]
[2022-11-04T08:40:14+08:00][sql] SELECT * FROM `address` WHERE  `id` = 2 LIMIT 1 [ RunTime:0.000213s ]
[2022-11-04T12:49:18+08:00][sql] CONNECT:[ UseTime:0.000544s ] mysql:host=localhost;port=3316;dbname=coffee;charset=utf8
[2022-11-04T12:49:18+08:00][sql] SHOW FULL COLUMNS FROM `information` [ RunTime:0.001328s ]
[2022-11-04T12:49:18+08:00][sql] SELECT * FROM `information` WHERE  `id` = 15 LIMIT 1 [ RunTime:0.000322s ]
[2022-11-04T12:49:18+08:00][sql] SHOW FULL COLUMNS FROM `address` [ RunTime:0.001229s ]
[2022-11-04T12:49:18+08:00][sql] SELECT * FROM `address` WHERE  `id` = 1 LIMIT 1 [ RunTime:0.000275s ]
[2022-11-04T12:49:18+08:00][sql] SELECT * FROM `address` WHERE  `id` = 2 LIMIT 1 [ RunTime:0.000249s ]
[2022-11-04T12:55:05+08:00][sql] CONNECT:[ UseTime:0.000451s ] mysql:host=localhost;port=3316;dbname=coffee;charset=utf8
[2022-11-04T12:55:05+08:00][sql] SHOW FULL COLUMNS FROM `information` [ RunTime:0.001287s ]
[2022-11-04T12:55:05+08:00][sql] SELECT * FROM `information` WHERE  `id` = 15 LIMIT 1 [ RunTime:0.000334s ]
[2022-11-04T12:55:05+08:00][sql] SHOW FULL COLUMNS FROM `address` [ RunTime:0.000951s ]
[2022-11-04T12:55:05+08:00][sql] SELECT * FROM `address` WHERE  `id` = 1 LIMIT 1 [ RunTime:0.000275s ]
[2022-11-04T12:55:05+08:00][sql] SELECT * FROM `address` WHERE  `id` = 2 LIMIT 1 [ RunTime:0.000258s ]
[2022-11-04T13:55:47+08:00][sql] CONNECT:[ UseTime:0.000413s ] mysql:host=localhost;port=3316;dbname=coffee;charset=utf8
[2022-11-04T13:55:47+08:00][sql] SHOW FULL COLUMNS FROM `information` [ RunTime:0.001328s ]
[2022-11-04T13:55:47+08:00][sql] SELECT * FROM `information` WHERE  `id` = 16 LIMIT 1 [ RunTime:0.000375s ]
[2022-11-04T13:55:47+08:00][sql] SHOW FULL COLUMNS FROM `address` [ RunTime:0.001020s ]
[2022-11-04T13:55:47+08:00][sql] SELECT * FROM `address` WHERE  `id` = 1 LIMIT 1 [ RunTime:0.000280s ]
[2022-11-04T13:55:47+08:00][sql] SELECT * FROM `address` WHERE  `id` = 2 LIMIT 1 [ RunTime:0.000252s ]
[2022-11-04T14:18:47+08:00][sql] CONNECT:[ UseTime:0.000486s ] mysql:host=localhost;port=3316;dbname=coffee;charset=utf8
[2022-11-04T14:18:47+08:00][sql] SHOW FULL COLUMNS FROM `information` [ RunTime:0.001289s ]
[2022-11-04T14:18:47+08:00][sql] SELECT * FROM `information` WHERE  `id` = 19 LIMIT 1 [ RunTime:0.000392s ]
[2022-11-04T14:18:47+08:00][sql] SHOW FULL COLUMNS FROM `address` [ RunTime:0.002054s ]
[2022-11-04T14:18:47+08:00][sql] SELECT * FROM `address` WHERE  `id` = 1 LIMIT 1 [ RunTime:0.000292s ]
[2022-11-04T14:18:47+08:00][sql] SELECT * FROM `address` WHERE  `id` = 2 LIMIT 1 [ RunTime:0.000266s ]
[2022-11-04T14:18:48+08:00][sql] CONNECT:[ UseTime:0.000401s ] mysql:host=localhost;port=3316;dbname=coffee;charset=utf8
[2022-11-04T14:18:48+08:00][sql] SHOW FULL COLUMNS FROM `information` [ RunTime:0.001274s ]
[2022-11-04T14:18:48+08:00][sql] SELECT * FROM `information` ORDER BY `time` DESC LIMIT 1 [ RunTime:0.000302s ]
[2022-11-04T14:18:48+08:00][sql] SHOW FULL COLUMNS FROM `topic` [ RunTime:0.000808s ]
[2022-11-04T14:18:48+08:00][sql] SELECT * FROM `topic` [ RunTime:0.000188s ]
[2022-11-04T14:18:48+08:00][sql] SELECT * FROM `information` ORDER BY `time` DESC [ RunTime:0.000661s ]
[2022-11-04T14:18:48+08:00][sql] SHOW FULL COLUMNS FROM `address` [ RunTime:0.000947s ]
[2022-11-04T14:18:48+08:00][sql] SELECT * FROM `address` WHERE  `id` = 1 LIMIT 1 [ RunTime:0.000253s ]
[2022-11-04T14:18:48+08:00][sql] SELECT * FROM `address` WHERE  `id` = 2 LIMIT 1 [ RunTime:0.000220s ]
[2022-11-04T14:18:50+08:00][sql] CONNECT:[ UseTime:0.000423s ] mysql:host=localhost;port=3316;dbname=coffee;charset=utf8
[2022-11-04T14:18:50+08:00][sql] SHOW FULL COLUMNS FROM `information` [ RunTime:0.001346s ]
[2022-11-04T14:18:50+08:00][sql] SELECT * FROM `information` WHERE  `id` = 11 LIMIT 1 [ RunTime:0.000294s ]
[2022-11-04T14:18:50+08:00][sql] SHOW FULL COLUMNS FROM `address` [ RunTime:0.000971s ]
[2022-11-04T14:18:50+08:00][sql] SELECT * FROM `address` WHERE  `id` = 1 LIMIT 1 [ RunTime:0.000262s ]
[2022-11-04T14:18:50+08:00][sql] SELECT * FROM `address` WHERE  `id` = 2 LIMIT 1 [ RunTime:0.000225s ]
[2022-11-04T14:20:53+08:00][sql] CONNECT:[ UseTime:0.000386s ] mysql:host=localhost;port=3316;dbname=coffee;charset=utf8
[2022-11-04T14:20:53+08:00][sql] SHOW FULL COLUMNS FROM `information` [ RunTime:0.001276s ]
[2022-11-04T14:20:53+08:00][sql] SELECT * FROM `information` WHERE  `id` = 19 LIMIT 1 [ RunTime:0.000287s ]
[2022-11-04T14:20:53+08:00][sql] SHOW FULL COLUMNS FROM `address` [ RunTime:0.001098s ]
[2022-11-04T14:20:53+08:00][sql] SELECT * FROM `address` WHERE  `id` = 1 LIMIT 1 [ RunTime:0.000278s ]
[2022-11-04T14:20:53+08:00][sql] SELECT * FROM `address` WHERE  `id` = 2 LIMIT 1 [ RunTime:0.000256s ]
[2022-11-04T14:22:09+08:00][sql] CONNECT:[ UseTime:0.000393s ] mysql:host=localhost;port=3316;dbname=coffee;charset=utf8
[2022-11-04T14:22:09+08:00][sql] SHOW FULL COLUMNS FROM `information` [ RunTime:0.001335s ]
[2022-11-04T14:22:09+08:00][sql] SELECT * FROM `information` WHERE  `id` = 11 LIMIT 1 [ RunTime:0.000309s ]
[2022-11-04T14:22:09+08:00][sql] SHOW FULL COLUMNS FROM `address` [ RunTime:0.000916s ]
[2022-11-04T14:22:09+08:00][sql] SELECT * FROM `address` WHERE  `id` = 1 LIMIT 1 [ RunTime:0.000260s ]
[2022-11-04T14:22:09+08:00][sql] SELECT * FROM `address` WHERE  `id` = 2 LIMIT 1 [ RunTime:0.000220s ]
[2022-11-04T14:55:35+08:00][sql] CONNECT:[ UseTime:0.000436s ] mysql:host=localhost;port=3316;dbname=coffee;charset=utf8
[2022-11-04T14:55:35+08:00][sql] SHOW FULL COLUMNS FROM `information` [ RunTime:0.001334s ]
[2022-11-04T14:55:35+08:00][sql] SELECT * FROM `information` ORDER BY `time` DESC LIMIT 1 [ RunTime:0.000348s ]
[2022-11-04T14:55:35+08:00][sql] SHOW FULL COLUMNS FROM `topic` [ RunTime:0.000916s ]
[2022-11-04T14:55:35+08:00][sql] SELECT * FROM `topic` [ RunTime:0.000232s ]
[2022-11-04T14:55:35+08:00][sql] SELECT * FROM `information` ORDER BY `time` DESC [ RunTime:0.000847s ]
[2022-11-04T14:55:35+08:00][sql] SHOW FULL COLUMNS FROM `address` [ RunTime:0.000937s ]
[2022-11-04T14:55:35+08:00][sql] SELECT * FROM `address` WHERE  `id` = 1 LIMIT 1 [ RunTime:0.000309s ]
[2022-11-04T14:55:35+08:00][sql] SELECT * FROM `address` WHERE  `id` = 2 LIMIT 1 [ RunTime:0.000247s ]
[2022-11-04T15:41:07+08:00][sql] CONNECT:[ UseTime:0.000518s ] mysql:host=localhost;port=3316;dbname=coffee;charset=utf8
[2022-11-04T15:41:07+08:00][sql] SHOW FULL COLUMNS FROM `information` [ RunTime:0.001273s ]
[2022-11-04T15:41:07+08:00][sql] SELECT * FROM `information` ORDER BY `time` DESC LIMIT 1 [ RunTime:0.000352s ]
[2022-11-04T15:41:07+08:00][sql] SHOW FULL COLUMNS FROM `topic` [ RunTime:0.000923s ]
[2022-11-04T15:41:07+08:00][sql] SELECT * FROM `topic` [ RunTime:0.000227s ]
[2022-11-04T15:41:07+08:00][sql] SELECT * FROM `information` ORDER BY `time` DESC [ RunTime:0.003751s ]
[2022-11-04T15:41:07+08:00][sql] SHOW FULL COLUMNS FROM `address` [ RunTime:0.001168s ]
[2022-11-04T15:41:07+08:00][sql] SELECT * FROM `address` WHERE  `id` = 1 LIMIT 1 [ RunTime:0.000310s ]
[2022-11-04T15:41:07+08:00][sql] SELECT * FROM `address` WHERE  `id` = 2 LIMIT 1 [ RunTime:0.000269s ]
[2022-11-04T15:50:27+08:00][sql] CONNECT:[ UseTime:0.000393s ] mysql:host=localhost;port=3316;dbname=coffee;charset=utf8
[2022-11-04T15:50:27+08:00][sql] SHOW FULL COLUMNS FROM `information` [ RunTime:0.001470s ]
[2022-11-04T15:50:27+08:00][sql] SELECT * FROM `information` ORDER BY `time` DESC LIMIT 1 [ RunTime:0.000298s ]
[2022-11-04T15:50:27+08:00][sql] SHOW FULL COLUMNS FROM `topic` [ RunTime:0.000931s ]
[2022-11-04T15:50:27+08:00][sql] SELECT * FROM `topic` [ RunTime:0.000250s ]
[2022-11-04T15:50:27+08:00][sql] SELECT * FROM `information` ORDER BY `time` DESC [ RunTime:0.000739s ]
[2022-11-04T15:50:27+08:00][sql] SHOW FULL COLUMNS FROM `address` [ RunTime:0.001006s ]
[2022-11-04T15:50:27+08:00][sql] SELECT * FROM `address` WHERE  `id` = 1 LIMIT 1 [ RunTime:0.000237s ]
[2022-11-04T15:50:27+08:00][sql] SELECT * FROM `address` WHERE  `id` = 2 LIMIT 1 [ RunTime:0.000212s ]
[2022-11-04T17:32:52+08:00][sql] CONNECT:[ UseTime:0.000397s ] mysql:host=localhost;port=3316;dbname=coffee;charset=utf8
[2022-11-04T17:32:52+08:00][sql] SHOW FULL COLUMNS FROM `information` [ RunTime:0.001341s ]
[2022-11-04T17:32:52+08:00][sql] SELECT * FROM `information` WHERE  `id` = 5 LIMIT 1 [ RunTime:0.000281s ]
[2022-11-04T17:32:52+08:00][sql] SHOW FULL COLUMNS FROM `address` [ RunTime:0.000939s ]
[2022-11-04T17:32:52+08:00][sql] SELECT * FROM `address` WHERE  `id` = 1 LIMIT 1 [ RunTime:0.000274s ]
[2022-11-04T17:32:52+08:00][sql] SELECT * FROM `address` WHERE  `id` = 2 LIMIT 1 [ RunTime:0.000218s ]
[2022-11-04T17:40:30+08:00][sql] CONNECT:[ UseTime:0.000474s ] mysql:host=localhost;port=3316;dbname=coffee;charset=utf8
[2022-11-04T17:40:30+08:00][sql] SHOW FULL COLUMNS FROM `information` [ RunTime:0.001434s ]
[2022-11-04T17:40:30+08:00][sql] SELECT * FROM `information` WHERE  `id` = 5 LIMIT 1 [ RunTime:0.000331s ]
[2022-11-04T17:40:30+08:00][sql] SHOW FULL COLUMNS FROM `address` [ RunTime:0.001070s ]
[2022-11-04T17:40:30+08:00][sql] SELECT * FROM `address` WHERE  `id` = 1 LIMIT 1 [ RunTime:0.000324s ]
[2022-11-04T17:40:30+08:00][sql] SELECT * FROM `address` WHERE  `id` = 2 LIMIT 1 [ RunTime:0.000271s ]
