[2022-11-05T00:54:35+08:00][sql] CONNECT:[ UseTime:0.000482s ] mysql:host=localhost;port=3316;dbname=coffee;charset=utf8
[2022-11-05T00:54:35+08:00][sql] SHOW FULL COLUMNS FROM `information` [ RunTime:0.001328s ]
[2022-11-05T00:54:35+08:00][sql] SELECT * FROM `information` WHERE  `id` = 19 LIMIT 1 [ RunTime:0.000317s ]
[2022-11-05T00:54:35+08:00][sql] SHOW FULL COLUMNS FROM `address` [ RunTime:0.000986s ]
[2022-11-05T00:54:35+08:00][sql] SELECT * FROM `address` WHERE  `id` = 1 LIMIT 1 [ RunTime:0.000278s ]
[2022-11-05T00:54:35+08:00][sql] SELECT * FROM `address` WHERE  `id` = 2 LIMIT 1 [ RunTime:0.000240s ]
[2022-11-05T00:54:35+08:00][sql] CONNECT:[ UseTime:0.000416s ] mysql:host=localhost;port=3316;dbname=coffee;charset=utf8
[2022-11-05T00:54:35+08:00][sql] SHOW FULL COLUMNS FROM `information` [ RunTime:0.001271s ]
[2022-11-05T00:54:35+08:00][sql] SELECT * FROM `information` ORDER BY `time` DESC LIMIT 1 [ RunTime:0.000302s ]
[2022-11-05T00:54:35+08:00][sql] SHOW FULL COLUMNS FROM `topic` [ RunTime:0.000839s ]
[2022-11-05T00:54:35+08:00][sql] SELECT * FROM `topic` [ RunTime:0.000183s ]
[2022-11-05T00:54:35+08:00][sql] SELECT * FROM `information` ORDER BY `time` DESC [ RunTime:0.000666s ]
[2022-11-05T00:54:35+08:00][sql] SHOW FULL COLUMNS FROM `address` [ RunTime:0.000869s ]
[2022-11-05T00:54:35+08:00][sql] SELECT * FROM `address` WHERE  `id` = 1 LIMIT 1 [ RunTime:0.000237s ]
[2022-11-05T00:54:35+08:00][sql] SELECT * FROM `address` WHERE  `id` = 2 LIMIT 1 [ RunTime:0.000272s ]
[2022-11-05T00:54:38+08:00][sql] CONNECT:[ UseTime:0.000365s ] mysql:host=localhost;port=3316;dbname=coffee;charset=utf8
[2022-11-05T00:54:38+08:00][sql] SHOW FULL COLUMNS FROM `information` [ RunTime:0.001225s ]
[2022-11-05T00:54:38+08:00][sql] SELECT * FROM `information` WHERE  `id` = 11 LIMIT 1 [ RunTime:0.000312s ]
[2022-11-05T00:54:38+08:00][sql] SHOW FULL COLUMNS FROM `address` [ RunTime:0.000863s ]
[2022-11-05T00:54:38+08:00][sql] SELECT * FROM `address` WHERE  `id` = 1 LIMIT 1 [ RunTime:0.000226s ]
[2022-11-05T00:54:38+08:00][sql] SELECT * FROM `address` WHERE  `id` = 2 LIMIT 1 [ RunTime:0.000245s ]
[2022-11-05T04:32:47+08:00][sql] CONNECT:[ UseTime:0.000340s ] mysql:host=localhost;port=3316;dbname=coffee;charset=utf8
[2022-11-05T04:32:47+08:00][sql] SHOW FULL COLUMNS FROM `information` [ RunTime:0.001271s ]
[2022-11-05T04:32:47+08:00][sql] SELECT * FROM `information` WHERE  `id` = 7 LIMIT 1 [ RunTime:0.000332s ]
[2022-11-05T04:32:47+08:00][sql] SHOW FULL COLUMNS FROM `address` [ RunTime:0.000930s ]
[2022-11-05T04:32:47+08:00][sql] SELECT * FROM `address` WHERE  `id` = 1 LIMIT 1 [ RunTime:0.000233s ]
[2022-11-05T04:32:47+08:00][sql] SELECT * FROM `address` WHERE  `id` = 2 LIMIT 1 [ RunTime:0.000189s ]
[2022-11-05T04:40:03+08:00][sql] CONNECT:[ UseTime:0.000445s ] mysql:host=localhost;port=3316;dbname=coffee;charset=utf8
[2022-11-05T04:40:03+08:00][sql] SHOW FULL COLUMNS FROM `information` [ RunTime:0.001297s ]
[2022-11-05T04:40:03+08:00][sql] SELECT * FROM `information` WHERE  `id` = 7 LIMIT 1 [ RunTime:0.000343s ]
[2022-11-05T04:40:03+08:00][sql] SHOW FULL COLUMNS FROM `address` [ RunTime:0.001043s ]
[2022-11-05T04:40:03+08:00][sql] SELECT * FROM `address` WHERE  `id` = 1 LIMIT 1 [ RunTime:0.000277s ]
[2022-11-05T04:40:03+08:00][sql] SELECT * FROM `address` WHERE  `id` = 2 LIMIT 1 [ RunTime:0.000246s ]
[2022-11-05T08:16:24+08:00][sql] CONNECT:[ UseTime:0.000405s ] mysql:host=localhost;port=3316;dbname=coffee;charset=utf8
[2022-11-05T08:16:24+08:00][sql] SHOW FULL COLUMNS FROM `information` [ RunTime:0.001371s ]
[2022-11-05T08:16:24+08:00][sql] SELECT * FROM `information` WHERE  `id` = 15 LIMIT 1 [ RunTime:0.000310s ]
[2022-11-05T08:16:24+08:00][sql] SHOW FULL COLUMNS FROM `address` [ RunTime:0.001041s ]
[2022-11-05T08:16:24+08:00][sql] SELECT * FROM `address` WHERE  `id` = 1 LIMIT 1 [ RunTime:0.000308s ]
[2022-11-05T08:16:24+08:00][sql] SELECT * FROM `address` WHERE  `id` = 2 LIMIT 1 [ RunTime:0.000248s ]
[2022-11-05T08:22:16+08:00][sql] CONNECT:[ UseTime:0.000370s ] mysql:host=localhost;port=3316;dbname=coffee;charset=utf8
[2022-11-05T08:22:16+08:00][sql] SHOW FULL COLUMNS FROM `information` [ RunTime:0.001344s ]
[2022-11-05T08:22:16+08:00][sql] SELECT * FROM `information` WHERE  `id` = 10 LIMIT 1 [ RunTime:0.000333s ]
[2022-11-05T08:22:16+08:00][sql] SHOW FULL COLUMNS FROM `address` [ RunTime:0.000946s ]
[2022-11-05T08:22:16+08:00][sql] SELECT * FROM `address` WHERE  `id` = 1 LIMIT 1 [ RunTime:0.000252s ]
[2022-11-05T08:22:16+08:00][sql] SELECT * FROM `address` WHERE  `id` = 2 LIMIT 1 [ RunTime:0.000206s ]
[2022-11-05T08:31:58+08:00][sql] CONNECT:[ UseTime:0.000402s ] mysql:host=localhost;port=3316;dbname=coffee;charset=utf8
[2022-11-05T08:31:58+08:00][sql] SHOW FULL COLUMNS FROM `information` [ RunTime:0.001262s ]
[2022-11-05T08:31:58+08:00][sql] SELECT * FROM `information` WHERE  `id` = 10 LIMIT 1 [ RunTime:0.000294s ]
[2022-11-05T08:31:58+08:00][sql] SHOW FULL COLUMNS FROM `address` [ RunTime:0.000929s ]
[2022-11-05T08:31:58+08:00][sql] SELECT * FROM `address` WHERE  `id` = 1 LIMIT 1 [ RunTime:0.000263s ]
[2022-11-05T08:31:58+08:00][sql] SELECT * FROM `address` WHERE  `id` = 2 LIMIT 1 [ RunTime:0.000224s ]
[2022-11-05T19:08:14+08:00][sql] CONNECT:[ UseTime:0.000399s ] mysql:host=localhost;port=3316;dbname=coffee;charset=utf8
[2022-11-05T19:08:14+08:00][sql] SHOW FULL COLUMNS FROM `information` [ RunTime:0.001263s ]
[2022-11-05T19:08:14+08:00][sql] SELECT * FROM `information` WHERE  `id` = 4 LIMIT 1 [ RunTime:0.000269s ]
[2022-11-05T19:08:14+08:00][sql] SHOW FULL COLUMNS FROM `address` [ RunTime:0.000900s ]
[2022-11-05T19:08:14+08:00][sql] SELECT * FROM `address` WHERE  `id` = 1 LIMIT 1 [ RunTime:0.000223s ]
[2022-11-05T19:08:14+08:00][sql] SELECT * FROM `address` WHERE  `id` = 2 LIMIT 1 [ RunTime:0.000218s ]
[2022-11-05T19:11:09+08:00][sql] CONNECT:[ UseTime:0.000412s ] mysql:host=localhost;port=3316;dbname=coffee;charset=utf8
[2022-11-05T19:11:09+08:00][sql] SHOW FULL COLUMNS FROM `information` [ RunTime:0.001351s ]
[2022-11-05T19:11:09+08:00][sql] SELECT * FROM `information` WHERE  `id` = 4 LIMIT 1 [ RunTime:0.000318s ]
[2022-11-05T19:11:09+08:00][sql] SHOW FULL COLUMNS FROM `address` [ RunTime:0.000988s ]
[2022-11-05T19:11:09+08:00][sql] SELECT * FROM `address` WHERE  `id` = 1 LIMIT 1 [ RunTime:0.000276s ]
[2022-11-05T19:11:09+08:00][sql] SELECT * FROM `address` WHERE  `id` = 2 LIMIT 1 [ RunTime:0.000271s ]
[2022-11-05T23:26:23+08:00][sql] CONNECT:[ UseTime:0.000362s ] mysql:host=localhost;port=3316;dbname=coffee;charset=utf8
[2022-11-05T23:26:23+08:00][sql] SHOW FULL COLUMNS FROM `information` [ RunTime:0.001294s ]
[2022-11-05T23:26:23+08:00][sql] SELECT * FROM `information` WHERE  `id` = 19 LIMIT 1 [ RunTime:0.000330s ]
[2022-11-05T23:26:23+08:00][sql] SHOW FULL COLUMNS FROM `address` [ RunTime:0.001049s ]
[2022-11-05T23:26:23+08:00][sql] SELECT * FROM `address` WHERE  `id` = 1 LIMIT 1 [ RunTime:0.000229s ]
[2022-11-05T23:26:23+08:00][sql] SELECT * FROM `address` WHERE  `id` = 2 LIMIT 1 [ RunTime:0.000244s ]
[2022-11-05T23:32:06+08:00][sql] CONNECT:[ UseTime:0.000408s ] mysql:host=localhost;port=3316;dbname=coffee;charset=utf8
[2022-11-05T23:32:06+08:00][sql] SHOW FULL COLUMNS FROM `information` [ RunTime:0.001346s ]
[2022-11-05T23:32:06+08:00][sql] SELECT * FROM `information` WHERE  `id` = 19 LIMIT 1 [ RunTime:0.000282s ]
[2022-11-05T23:32:06+08:00][sql] SHOW FULL COLUMNS FROM `address` [ RunTime:0.000959s ]
[2022-11-05T23:32:06+08:00][sql] SELECT * FROM `address` WHERE  `id` = 1 LIMIT 1 [ RunTime:0.000271s ]
[2022-11-05T23:32:06+08:00][sql] SELECT * FROM `address` WHERE  `id` = 2 LIMIT 1 [ RunTime:0.000233s ]
