[2022-11-12T01:07:28+08:00][sql] CONNECT:[ UseTime:0.000409s ] mysql:host=localhost;port=3316;dbname=coffee;charset=utf8
[2022-11-12T01:07:28+08:00][sql] SHOW FULL COLUMNS FROM `information` [ RunTime:0.001290s ]
[2022-11-12T01:07:28+08:00][sql] SELECT * FROM `information` WHERE  `id` = 11 LIMIT 1 [ RunTime:0.000313s ]
[2022-11-12T01:07:28+08:00][sql] SHOW FULL COLUMNS FROM `address` [ RunTime:0.000982s ]
[2022-11-12T01:07:28+08:00][sql] SELECT * FROM `address` WHERE  `id` = 1 LIMIT 1 [ RunTime:0.000263s ]
[2022-11-12T01:07:28+08:00][sql] SELECT * FROM `address` WHERE  `id` = 2 LIMIT 1 [ RunTime:0.000256s ]
[2022-11-12T01:09:35+08:00][sql] CONNECT:[ UseTime:0.000420s ] mysql:host=localhost;port=3316;dbname=coffee;charset=utf8
[2022-11-12T01:09:35+08:00][sql] SHOW FULL COLUMNS FROM `information` [ RunTime:0.001315s ]
[2022-11-12T01:09:35+08:00][sql] SELECT * FROM `information` WHERE  `id` = 11 LIMIT 1 [ RunTime:0.000306s ]
[2022-11-12T01:09:35+08:00][sql] SHOW FULL COLUMNS FROM `address` [ RunTime:0.001003s ]
[2022-11-12T01:09:35+08:00][sql] SELECT * FROM `address` WHERE  `id` = 1 LIMIT 1 [ RunTime:0.000281s ]
[2022-11-12T01:09:35+08:00][sql] SELECT * FROM `address` WHERE  `id` = 2 LIMIT 1 [ RunTime:0.000240s ]
[2022-11-12T05:05:05+08:00][sql] CONNECT:[ UseTime:0.000445s ] mysql:host=localhost;port=3316;dbname=coffee;charset=utf8
[2022-11-12T05:05:05+08:00][sql] SHOW FULL COLUMNS FROM `information` [ RunTime:0.001428s ]
[2022-11-12T05:05:05+08:00][sql] SELECT * FROM `information` WHERE  `id` = 5 LIMIT 1 [ RunTime:0.000296s ]
[2022-11-12T05:05:05+08:00][sql] SHOW FULL COLUMNS FROM `address` [ RunTime:0.001162s ]
[2022-11-12T05:05:05+08:00][sql] SELECT * FROM `address` WHERE  `id` = 1 LIMIT 1 [ RunTime:0.000232s ]
[2022-11-12T05:05:05+08:00][sql] SELECT * FROM `address` WHERE  `id` = 2 LIMIT 1 [ RunTime:0.000198s ]
[2022-11-12T05:11:49+08:00][sql] CONNECT:[ UseTime:0.000380s ] mysql:host=localhost;port=3316;dbname=coffee;charset=utf8
[2022-11-12T05:11:49+08:00][sql] SHOW FULL COLUMNS FROM `information` [ RunTime:0.001200s ]
[2022-11-12T05:11:49+08:00][sql] SELECT * FROM `information` WHERE  `id` = 5 LIMIT 1 [ RunTime:0.000271s ]
[2022-11-12T05:11:49+08:00][sql] SHOW FULL COLUMNS FROM `address` [ RunTime:0.000868s ]
[2022-11-12T05:11:49+08:00][sql] SELECT * FROM `address` WHERE  `id` = 1 LIMIT 1 [ RunTime:0.000238s ]
[2022-11-12T05:11:49+08:00][sql] SELECT * FROM `address` WHERE  `id` = 2 LIMIT 1 [ RunTime:0.000209s ]
[2022-11-12T08:35:10+08:00][sql] CONNECT:[ UseTime:0.000340s ] mysql:host=localhost;port=3316;dbname=coffee;charset=utf8
[2022-11-12T08:35:10+08:00][sql] SHOW FULL COLUMNS FROM `information` [ RunTime:0.001327s ]
[2022-11-12T08:35:10+08:00][sql] SELECT * FROM `information` ORDER BY `time` DESC LIMIT 1 [ RunTime:0.000304s ]
[2022-11-12T08:35:10+08:00][sql] SHOW FULL COLUMNS FROM `topic` [ RunTime:0.000846s ]
[2022-11-12T08:35:10+08:00][sql] SELECT * FROM `topic` [ RunTime:0.000200s ]
[2022-11-12T08:35:10+08:00][sql] SELECT * FROM `information` WHERE  `topic_id` = 3 [ RunTime:0.000658s ]
[2022-11-12T08:35:10+08:00][sql] SHOW FULL COLUMNS FROM `address` [ RunTime:0.000929s ]
[2022-11-12T08:35:10+08:00][sql] SELECT * FROM `address` WHERE  `id` = 1 LIMIT 1 [ RunTime:0.000249s ]
[2022-11-12T08:35:10+08:00][sql] SELECT * FROM `address` WHERE  `id` = 2 LIMIT 1 [ RunTime:0.000206s ]
[2022-11-12T08:39:52+08:00][sql] CONNECT:[ UseTime:0.000415s ] mysql:host=localhost;port=3316;dbname=coffee;charset=utf8
[2022-11-12T08:39:52+08:00][sql] SHOW FULL COLUMNS FROM `information` [ RunTime:0.001336s ]
[2022-11-12T08:39:52+08:00][sql] SELECT * FROM `information` ORDER BY `time` DESC LIMIT 1 [ RunTime:0.000350s ]
[2022-11-12T08:39:52+08:00][sql] SHOW FULL COLUMNS FROM `topic` [ RunTime:0.000939s ]
[2022-11-12T08:39:52+08:00][sql] SELECT * FROM `topic` [ RunTime:0.000222s ]
[2022-11-12T08:39:52+08:00][sql] SELECT * FROM `information` WHERE  `topic_id` = 3 [ RunTime:0.000773s ]
[2022-11-12T08:39:52+08:00][sql] SHOW FULL COLUMNS FROM `address` [ RunTime:0.000969s ]
[2022-11-12T08:39:52+08:00][sql] SELECT * FROM `address` WHERE  `id` = 1 LIMIT 1 [ RunTime:0.000265s ]
[2022-11-12T08:39:52+08:00][sql] SELECT * FROM `address` WHERE  `id` = 2 LIMIT 1 [ RunTime:0.000252s ]
[2022-11-12T10:33:26+08:00][sql] CONNECT:[ UseTime:0.000554s ] mysql:host=localhost;port=3316;dbname=coffee;charset=utf8
[2022-11-12T10:33:26+08:00][sql] SHOW FULL COLUMNS FROM `information` [ RunTime:0.001280s ]
[2022-11-12T10:33:26+08:00][sql] SELECT * FROM `information` WHERE  `id` = 18 LIMIT 1 [ RunTime:0.000321s ]
[2022-11-12T10:33:26+08:00][sql] SHOW FULL COLUMNS FROM `address` [ RunTime:0.000955s ]
[2022-11-12T10:33:26+08:00][sql] SELECT * FROM `address` WHERE  `id` = 1 LIMIT 1 [ RunTime:0.000334s ]
[2022-11-12T10:33:26+08:00][sql] SELECT * FROM `address` WHERE  `id` = 2 LIMIT 1 [ RunTime:0.000255s ]
[2022-11-12T12:28:24+08:00][sql] CONNECT:[ UseTime:0.000387s ] mysql:host=localhost;port=3316;dbname=coffee;charset=utf8
[2022-11-12T12:28:24+08:00][sql] SHOW FULL COLUMNS FROM `information` [ RunTime:0.001653s ]
[2022-11-12T12:28:24+08:00][sql] SELECT * FROM `information` WHERE  `id` = 18 LIMIT 1 [ RunTime:0.000405s ]
[2022-11-12T12:28:24+08:00][sql] SHOW FULL COLUMNS FROM `address` [ RunTime:0.000982s ]
[2022-11-12T12:28:24+08:00][sql] SELECT * FROM `address` WHERE  `id` = 1 LIMIT 1 [ RunTime:0.000366s ]
[2022-11-12T12:28:24+08:00][sql] SELECT * FROM `address` WHERE  `id` = 2 LIMIT 1 [ RunTime:0.000277s ]
[2022-11-12T12:28:42+08:00][sql] CONNECT:[ UseTime:0.000386s ] mysql:host=localhost;port=3316;dbname=coffee;charset=utf8
[2022-11-12T12:28:42+08:00][sql] SHOW FULL COLUMNS FROM `information` [ RunTime:0.001321s ]
[2022-11-12T12:28:42+08:00][sql] SELECT * FROM `information` ORDER BY `time` DESC LIMIT 1 [ RunTime:0.000367s ]
[2022-11-12T12:28:42+08:00][sql] SHOW FULL COLUMNS FROM `topic` [ RunTime:0.000879s ]
[2022-11-12T12:28:42+08:00][sql] SELECT * FROM `topic` [ RunTime:0.000229s ]
[2022-11-12T12:28:42+08:00][sql] SELECT * FROM `information` ORDER BY `time` DESC [ RunTime:0.000834s ]
[2022-11-12T12:28:42+08:00][sql] SHOW FULL COLUMNS FROM `address` [ RunTime:0.000969s ]
[2022-11-12T12:28:42+08:00][sql] SELECT * FROM `address` WHERE  `id` = 1 LIMIT 1 [ RunTime:0.000298s ]
[2022-11-12T12:28:42+08:00][sql] SELECT * FROM `address` WHERE  `id` = 2 LIMIT 1 [ RunTime:0.000253s ]
[2022-11-12T12:29:01+08:00][sql] CONNECT:[ UseTime:0.006652s ] mysql:host=localhost;port=3316;dbname=coffee;charset=utf8
[2022-11-12T12:29:01+08:00][sql] SHOW FULL COLUMNS FROM `information` [ RunTime:0.002200s ]
[2022-11-12T12:29:01+08:00][sql] SELECT * FROM `information` WHERE  `id` = 9 LIMIT 1 [ RunTime:0.000541s ]
[2022-11-12T12:29:01+08:00][sql] SHOW FULL COLUMNS FROM `address` [ RunTime:0.001439s ]
[2022-11-12T12:29:01+08:00][sql] SELECT * FROM `address` WHERE  `id` = 1 LIMIT 1 [ RunTime:0.000883s ]
[2022-11-12T12:29:01+08:00][sql] SELECT * FROM `address` WHERE  `id` = 2 LIMIT 1 [ RunTime:0.000548s ]
[2022-11-12T12:33:57+08:00][sql] CONNECT:[ UseTime:0.000401s ] mysql:host=localhost;port=3316;dbname=coffee;charset=utf8
[2022-11-12T12:33:57+08:00][sql] SHOW FULL COLUMNS FROM `information` [ RunTime:0.001344s ]
[2022-11-12T12:33:57+08:00][sql] SELECT * FROM `information` WHERE  `id` = 9 LIMIT 1 [ RunTime:0.000455s ]
[2022-11-12T12:33:57+08:00][sql] SHOW FULL COLUMNS FROM `address` [ RunTime:0.001050s ]
[2022-11-12T12:33:57+08:00][sql] SELECT * FROM `address` WHERE  `id` = 1 LIMIT 1 [ RunTime:0.000277s ]
[2022-11-12T12:33:57+08:00][sql] SELECT * FROM `address` WHERE  `id` = 2 LIMIT 1 [ RunTime:0.000331s ]
[2022-11-12T13:05:42+08:00][sql] CONNECT:[ UseTime:0.000409s ] mysql:host=localhost;port=3316;dbname=coffee;charset=utf8
[2022-11-12T13:05:42+08:00][sql] SHOW FULL COLUMNS FROM `information` [ RunTime:0.001488s ]
[2022-11-12T13:05:42+08:00][sql] SELECT * FROM `information` WHERE  `id` = 15 LIMIT 1 [ RunTime:0.000343s ]
[2022-11-12T13:05:42+08:00][sql] SHOW FULL COLUMNS FROM `address` [ RunTime:0.000982s ]
[2022-11-12T13:05:42+08:00][sql] SELECT * FROM `address` WHERE  `id` = 1 LIMIT 1 [ RunTime:0.000299s ]
[2022-11-12T13:05:42+08:00][sql] SELECT * FROM `address` WHERE  `id` = 2 LIMIT 1 [ RunTime:0.000272s ]
[2022-11-12T13:07:10+08:00][sql] CONNECT:[ UseTime:0.000401s ] mysql:host=localhost;port=3316;dbname=coffee;charset=utf8
[2022-11-12T13:07:10+08:00][sql] SHOW FULL COLUMNS FROM `information` [ RunTime:0.001251s ]
[2022-11-12T13:07:10+08:00][sql] SELECT * FROM `information` WHERE  `id` = 15 LIMIT 1 [ RunTime:0.000271s ]
[2022-11-12T13:07:10+08:00][sql] SHOW FULL COLUMNS FROM `address` [ RunTime:0.000946s ]
[2022-11-12T13:07:10+08:00][sql] SELECT * FROM `address` WHERE  `id` = 1 LIMIT 1 [ RunTime:0.000252s ]
[2022-11-12T13:07:10+08:00][sql] SELECT * FROM `address` WHERE  `id` = 2 LIMIT 1 [ RunTime:0.000199s ]
[2022-11-12T13:10:19+08:00][sql] CONNECT:[ UseTime:0.000347s ] mysql:host=localhost;port=3316;dbname=coffee;charset=utf8
[2022-11-12T13:10:19+08:00][sql] SHOW FULL COLUMNS FROM `information` [ RunTime:0.001326s ]
[2022-11-12T13:10:19+08:00][sql] SELECT * FROM `information` ORDER BY `time` DESC LIMIT 1 [ RunTime:0.000295s ]
[2022-11-12T13:10:19+08:00][sql] SHOW FULL COLUMNS FROM `topic` [ RunTime:0.000871s ]
[2022-11-12T13:10:19+08:00][sql] SELECT * FROM `topic` [ RunTime:0.000185s ]
[2022-11-12T13:10:19+08:00][sql] SELECT * FROM `information` WHERE  `topic_id` = 2 [ RunTime:0.000414s ]
[2022-11-12T13:10:19+08:00][sql] SHOW FULL COLUMNS FROM `address` [ RunTime:0.000946s ]
[2022-11-12T13:10:19+08:00][sql] SELECT * FROM `address` WHERE  `id` = 1 LIMIT 1 [ RunTime:0.000240s ]
[2022-11-12T13:10:19+08:00][sql] SELECT * FROM `address` WHERE  `id` = 2 LIMIT 1 [ RunTime:0.000216s ]
[2022-11-12T13:24:34+08:00][sql] CONNECT:[ UseTime:0.000444s ] mysql:host=localhost;port=3316;dbname=coffee;charset=utf8
[2022-11-12T13:24:34+08:00][sql] SHOW FULL COLUMNS FROM `information` [ RunTime:0.001346s ]
[2022-11-12T13:24:34+08:00][sql] SELECT * FROM `information` ORDER BY `time` DESC LIMIT 1 [ RunTime:0.000310s ]
[2022-11-12T13:24:34+08:00][sql] SHOW FULL COLUMNS FROM `topic` [ RunTime:0.000969s ]
[2022-11-12T13:24:34+08:00][sql] SELECT * FROM `topic` [ RunTime:0.000194s ]
[2022-11-12T13:24:34+08:00][sql] SELECT * FROM `information` WHERE  `topic_id` = 2 [ RunTime:0.000344s ]
[2022-11-12T13:24:34+08:00][sql] SHOW FULL COLUMNS FROM `address` [ RunTime:0.000955s ]
[2022-11-12T13:24:34+08:00][sql] SELECT * FROM `address` WHERE  `id` = 1 LIMIT 1 [ RunTime:0.000266s ]
[2022-11-12T13:24:34+08:00][sql] SELECT * FROM `address` WHERE  `id` = 2 LIMIT 1 [ RunTime:0.000228s ]
[2022-11-12T13:57:27+08:00][sql] CONNECT:[ UseTime:0.000437s ] mysql:host=localhost;port=3316;dbname=coffee;charset=utf8
[2022-11-12T13:57:27+08:00][sql] SHOW FULL COLUMNS FROM `information` [ RunTime:0.001239s ]
[2022-11-12T13:57:27+08:00][sql] SELECT * FROM `information` ORDER BY `time` DESC LIMIT 1 [ RunTime:0.000340s ]
[2022-11-12T13:57:27+08:00][sql] SHOW FULL COLUMNS FROM `topic` [ RunTime:0.000921s ]
[2022-11-12T13:57:27+08:00][sql] SELECT * FROM `topic` [ RunTime:0.000188s ]
[2022-11-12T13:57:27+08:00][sql] SELECT * FROM `information` ORDER BY `time` DESC [ RunTime:0.000678s ]
[2022-11-12T13:57:27+08:00][sql] SHOW FULL COLUMNS FROM `address` [ RunTime:0.000868s ]
[2022-11-12T13:57:27+08:00][sql] SELECT * FROM `address` WHERE  `id` = 1 LIMIT 1 [ RunTime:0.000244s ]
[2022-11-12T13:57:27+08:00][sql] SELECT * FROM `address` WHERE  `id` = 2 LIMIT 1 [ RunTime:0.000205s ]
[2022-11-12T13:58:10+08:00][sql] CONNECT:[ UseTime:0.000414s ] mysql:host=localhost;port=3316;dbname=coffee;charset=utf8
[2022-11-12T13:58:10+08:00][sql] SHOW FULL COLUMNS FROM `information` [ RunTime:0.001277s ]
[2022-11-12T13:58:10+08:00][sql] SELECT * FROM `information` ORDER BY `time` DESC LIMIT 1 [ RunTime:0.000333s ]
[2022-11-12T13:58:10+08:00][sql] SHOW FULL COLUMNS FROM `topic` [ RunTime:0.000886s ]
[2022-11-12T13:58:10+08:00][sql] SELECT * FROM `topic` [ RunTime:0.000259s ]
[2022-11-12T13:58:10+08:00][sql] SELECT * FROM `information` ORDER BY `time` DESC [ RunTime:0.000869s ]
[2022-11-12T13:58:10+08:00][sql] SHOW FULL COLUMNS FROM `address` [ RunTime:0.001026s ]
[2022-11-12T13:58:10+08:00][sql] SELECT * FROM `address` WHERE  `id` = 1 LIMIT 1 [ RunTime:0.000324s ]
[2022-11-12T13:58:10+08:00][sql] SELECT * FROM `address` WHERE  `id` = 2 LIMIT 1 [ RunTime:0.000256s ]
[2022-11-12T13:58:14+08:00][sql] CONNECT:[ UseTime:0.000434s ] mysql:host=localhost;port=3316;dbname=coffee;charset=utf8
[2022-11-12T13:58:14+08:00][sql] SHOW FULL COLUMNS FROM `information` [ RunTime:0.001312s ]
[2022-11-12T13:58:14+08:00][sql] SELECT * FROM `information` WHERE  `id` = 15 LIMIT 1 [ RunTime:0.000324s ]
[2022-11-12T13:58:14+08:00][sql] SHOW FULL COLUMNS FROM `address` [ RunTime:0.000987s ]
[2022-11-12T13:58:14+08:00][sql] SELECT * FROM `address` WHERE  `id` = 1 LIMIT 1 [ RunTime:0.000272s ]
[2022-11-12T13:58:14+08:00][sql] SELECT * FROM `address` WHERE  `id` = 2 LIMIT 1 [ RunTime:0.000240s ]
[2022-11-12T14:10:43+08:00][sql] CONNECT:[ UseTime:0.000392s ] mysql:host=localhost;port=3316;dbname=coffee;charset=utf8
[2022-11-12T14:10:43+08:00][sql] SHOW FULL COLUMNS FROM `information` [ RunTime:0.001239s ]
[2022-11-12T14:10:43+08:00][sql] SELECT * FROM `information` WHERE  `id` = 12 LIMIT 1 [ RunTime:0.000324s ]
[2022-11-12T14:10:43+08:00][sql] SHOW FULL COLUMNS FROM `address` [ RunTime:0.000949s ]
[2022-11-12T14:10:43+08:00][sql] SELECT * FROM `address` WHERE  `id` = 1 LIMIT 1 [ RunTime:0.000279s ]
[2022-11-12T14:10:43+08:00][sql] SELECT * FROM `address` WHERE  `id` = 2 LIMIT 1 [ RunTime:0.000262s ]
[2022-11-12T14:21:46+08:00][sql] CONNECT:[ UseTime:0.000449s ] mysql:host=localhost;port=3316;dbname=coffee;charset=utf8
[2022-11-12T14:21:46+08:00][sql] SHOW FULL COLUMNS FROM `information` [ RunTime:0.001328s ]
[2022-11-12T14:21:46+08:00][sql] SELECT * FROM `information` WHERE  `id` = 12 LIMIT 1 [ RunTime:0.000334s ]
[2022-11-12T14:21:46+08:00][sql] SHOW FULL COLUMNS FROM `address` [ RunTime:0.000998s ]
[2022-11-12T14:21:46+08:00][sql] SELECT * FROM `address` WHERE  `id` = 1 LIMIT 1 [ RunTime:0.000302s ]
[2022-11-12T14:21:46+08:00][sql] SELECT * FROM `address` WHERE  `id` = 2 LIMIT 1 [ RunTime:0.000245s ]
[2022-11-12T14:28:05+08:00][sql] CONNECT:[ UseTime:0.000560s ] mysql:host=localhost;port=3316;dbname=coffee;charset=utf8
[2022-11-12T14:28:05+08:00][sql] SHOW FULL COLUMNS FROM `information` [ RunTime:0.001799s ]
[2022-11-12T14:28:05+08:00][sql] SELECT * FROM `information` WHERE  `id` = 14 LIMIT 1 [ RunTime:0.001388s ]
[2022-11-12T14:28:05+08:00][sql] SHOW FULL COLUMNS FROM `address` [ RunTime:0.001622s ]
[2022-11-12T14:28:05+08:00][sql] SELECT * FROM `address` WHERE  `id` = 1 LIMIT 1 [ RunTime:0.000314s ]
[2022-11-12T14:28:05+08:00][sql] SELECT * FROM `address` WHERE  `id` = 2 LIMIT 1 [ RunTime:0.000279s ]
[2022-11-12T15:58:05+08:00][sql] CONNECT:[ UseTime:0.000383s ] mysql:host=localhost;port=3316;dbname=coffee;charset=utf8
[2022-11-12T15:58:05+08:00][sql] SHOW FULL COLUMNS FROM `information` [ RunTime:0.001309s ]
[2022-11-12T15:58:05+08:00][sql] SELECT * FROM `information` WHERE  `id` = 14 LIMIT 1 [ RunTime:0.000291s ]
[2022-11-12T15:58:05+08:00][sql] SHOW FULL COLUMNS FROM `address` [ RunTime:0.000939s ]
[2022-11-12T15:58:05+08:00][sql] SELECT * FROM `address` WHERE  `id` = 1 LIMIT 1 [ RunTime:0.000233s ]
[2022-11-12T15:58:05+08:00][sql] SELECT * FROM `address` WHERE  `id` = 2 LIMIT 1 [ RunTime:0.000211s ]
