[2022-11-14T00:46:09+08:00][sql] CONNECT:[ UseTime:0.000392s ] mysql:host=localhost;port=3316;dbname=coffee;charset=utf8
[2022-11-14T00:46:09+08:00][sql] SHOW FULL COLUMNS FROM `information` [ RunTime:0.001293s ]
[2022-11-14T00:46:09+08:00][sql] SELECT * FROM `information` WHERE  `id` = 1 LIMIT 1 [ RunTime:0.000308s ]
[2022-11-14T00:46:09+08:00][sql] SHOW FULL COLUMNS FROM `address` [ RunTime:0.000941s ]
[2022-11-14T00:46:09+08:00][sql] SELECT * FROM `address` WHERE  `id` = 1 LIMIT 1 [ RunTime:0.000288s ]
[2022-11-14T00:46:09+08:00][sql] SELECT * FROM `address` WHERE  `id` = 2 LIMIT 1 [ RunTime:0.000242s ]
[2022-11-14T00:51:51+08:00][sql] CONNECT:[ UseTime:0.000409s ] mysql:host=localhost;port=3316;dbname=coffee;charset=utf8
[2022-11-14T00:51:51+08:00][sql] SHOW FULL COLUMNS FROM `information` [ RunTime:0.001734s ]
[2022-11-14T00:51:51+08:00][sql] SELECT * FROM `information` WHERE  `id` = 1 LIMIT 1 [ RunTime:0.000316s ]
[2022-11-14T00:51:51+08:00][sql] SHOW FULL COLUMNS FROM `address` [ RunTime:0.001238s ]
[2022-11-14T00:51:51+08:00][sql] SELECT * FROM `address` WHERE  `id` = 1 LIMIT 1 [ RunTime:0.000280s ]
[2022-11-14T00:51:51+08:00][sql] SELECT * FROM `address` WHERE  `id` = 2 LIMIT 1 [ RunTime:0.000238s ]
[2022-11-14T01:14:09+08:00][sql] CONNECT:[ UseTime:0.000416s ] mysql:host=localhost;port=3316;dbname=coffee;charset=utf8
[2022-11-14T01:14:09+08:00][sql] SHOW FULL COLUMNS FROM `information` [ RunTime:0.001256s ]
[2022-11-14T01:14:09+08:00][sql] SELECT * FROM `information` WHERE  `id` = 12 LIMIT 1 [ RunTime:0.000273s ]
[2022-11-14T01:14:09+08:00][sql] SHOW FULL COLUMNS FROM `address` [ RunTime:0.000868s ]
[2022-11-14T01:14:09+08:00][sql] SELECT * FROM `address` WHERE  `id` = 1 LIMIT 1 [ RunTime:0.000230s ]
[2022-11-14T01:14:09+08:00][sql] SELECT * FROM `address` WHERE  `id` = 2 LIMIT 1 [ RunTime:0.000221s ]
[2022-11-14T01:26:43+08:00][sql] CONNECT:[ UseTime:0.000403s ] mysql:host=localhost;port=3316;dbname=coffee;charset=utf8
[2022-11-14T01:26:43+08:00][sql] SHOW FULL COLUMNS FROM `information` [ RunTime:0.001299s ]
[2022-11-14T01:26:43+08:00][sql] SELECT * FROM `information` WHERE  `id` = 12 LIMIT 1 [ RunTime:0.000274s ]
[2022-11-14T01:26:43+08:00][sql] SHOW FULL COLUMNS FROM `address` [ RunTime:0.000887s ]
[2022-11-14T01:26:43+08:00][sql] SELECT * FROM `address` WHERE  `id` = 1 LIMIT 1 [ RunTime:0.000244s ]
[2022-11-14T01:26:43+08:00][sql] SELECT * FROM `address` WHERE  `id` = 2 LIMIT 1 [ RunTime:0.000199s ]
[2022-11-14T01:59:08+08:00][sql] CONNECT:[ UseTime:0.000402s ] mysql:host=localhost;port=3316;dbname=coffee;charset=utf8
[2022-11-14T01:59:08+08:00][sql] SHOW FULL COLUMNS FROM `information` [ RunTime:0.001215s ]
[2022-11-14T01:59:08+08:00][sql] SELECT * FROM `information` WHERE  `id` = 1 LIMIT 1 [ RunTime:0.000288s ]
[2022-11-14T01:59:08+08:00][sql] SHOW FULL COLUMNS FROM `address` [ RunTime:0.000888s ]
[2022-11-14T01:59:08+08:00][sql] SELECT * FROM `address` WHERE  `id` = 1 LIMIT 1 [ RunTime:0.000230s ]
[2022-11-14T01:59:08+08:00][sql] SELECT * FROM `address` WHERE  `id` = 2 LIMIT 1 [ RunTime:0.000208s ]
[2022-11-14T03:20:29+08:00][sql] CONNECT:[ UseTime:0.001272s ] mysql:host=localhost;port=3316;dbname=coffee;charset=utf8
[2022-11-14T03:20:29+08:00][sql] SHOW FULL COLUMNS FROM `information` [ RunTime:0.001266s ]
[2022-11-14T03:20:29+08:00][sql] SELECT * FROM `information` WHERE  `id` = 13 LIMIT 1 [ RunTime:0.000267s ]
[2022-11-14T03:20:29+08:00][sql] SHOW FULL COLUMNS FROM `address` [ RunTime:0.000919s ]
[2022-11-14T03:20:29+08:00][sql] SELECT * FROM `address` WHERE  `id` = 1 LIMIT 1 [ RunTime:0.000244s ]
[2022-11-14T03:20:29+08:00][sql] SELECT * FROM `address` WHERE  `id` = 2 LIMIT 1 [ RunTime:0.000195s ]
[2022-11-14T03:29:44+08:00][sql] CONNECT:[ UseTime:0.000447s ] mysql:host=localhost;port=3316;dbname=coffee;charset=utf8
[2022-11-14T03:29:44+08:00][sql] SHOW FULL COLUMNS FROM `information` [ RunTime:0.001346s ]
[2022-11-14T03:29:44+08:00][sql] SELECT * FROM `information` WHERE  `id` = 13 LIMIT 1 [ RunTime:0.000332s ]
[2022-11-14T03:29:44+08:00][sql] SHOW FULL COLUMNS FROM `address` [ RunTime:0.000942s ]
[2022-11-14T03:29:44+08:00][sql] SELECT * FROM `address` WHERE  `id` = 1 LIMIT 1 [ RunTime:0.000250s ]
[2022-11-14T03:29:44+08:00][sql] SELECT * FROM `address` WHERE  `id` = 2 LIMIT 1 [ RunTime:0.000225s ]
[2022-11-14T05:45:05+08:00][sql] CONNECT:[ UseTime:0.000397s ] mysql:host=localhost;port=3316;dbname=coffee;charset=utf8
[2022-11-14T05:45:05+08:00][sql] SHOW FULL COLUMNS FROM `information` [ RunTime:0.001279s ]
[2022-11-14T05:45:05+08:00][sql] SELECT * FROM `information` WHERE  `id` = 9 LIMIT 1 [ RunTime:0.000277s ]
[2022-11-14T05:45:05+08:00][sql] SHOW FULL COLUMNS FROM `address` [ RunTime:0.000904s ]
[2022-11-14T05:45:05+08:00][sql] SELECT * FROM `address` WHERE  `id` = 1 LIMIT 1 [ RunTime:0.000252s ]
[2022-11-14T05:45:05+08:00][sql] SELECT * FROM `address` WHERE  `id` = 2 LIMIT 1 [ RunTime:0.000213s ]
[2022-11-14T08:18:42+08:00][sql] CONNECT:[ UseTime:0.000352s ] mysql:host=localhost;port=3316;dbname=coffee;charset=utf8
[2022-11-14T08:18:42+08:00][sql] SHOW FULL COLUMNS FROM `information` [ RunTime:0.001272s ]
[2022-11-14T08:18:42+08:00][sql] SELECT * FROM `information` WHERE  `id` = 3 LIMIT 1 [ RunTime:0.000317s ]
[2022-11-14T08:18:42+08:00][sql] SHOW FULL COLUMNS FROM `address` [ RunTime:0.000912s ]
[2022-11-14T08:18:42+08:00][sql] SELECT * FROM `address` WHERE  `id` = 1 LIMIT 1 [ RunTime:0.000241s ]
[2022-11-14T08:18:42+08:00][sql] SELECT * FROM `address` WHERE  `id` = 2 LIMIT 1 [ RunTime:0.000212s ]
[2022-11-14T08:21:55+08:00][sql] CONNECT:[ UseTime:0.000488s ] mysql:host=localhost;port=3316;dbname=coffee;charset=utf8
[2022-11-14T08:21:55+08:00][sql] SHOW FULL COLUMNS FROM `information` [ RunTime:0.001746s ]
[2022-11-14T08:21:55+08:00][sql] SELECT * FROM `information` WHERE  `id` = 3 LIMIT 1 [ RunTime:0.000322s ]
[2022-11-14T08:21:55+08:00][sql] SHOW FULL COLUMNS FROM `address` [ RunTime:0.001267s ]
[2022-11-14T08:21:55+08:00][sql] SELECT * FROM `address` WHERE  `id` = 1 LIMIT 1 [ RunTime:0.000326s ]
[2022-11-14T08:21:55+08:00][sql] SELECT * FROM `address` WHERE  `id` = 2 LIMIT 1 [ RunTime:0.000604s ]
[2022-11-14T12:31:33+08:00][sql] CONNECT:[ UseTime:0.000421s ] mysql:host=localhost;port=3316;dbname=coffee;charset=utf8
[2022-11-14T12:31:33+08:00][sql] SHOW FULL COLUMNS FROM `information` [ RunTime:0.001260s ]
[2022-11-14T12:31:33+08:00][sql] SELECT * FROM `information` WHERE  `id` = 8 LIMIT 1 [ RunTime:0.000272s ]
[2022-11-14T12:31:33+08:00][sql] SHOW FULL COLUMNS FROM `address` [ RunTime:0.000880s ]
[2022-11-14T12:31:33+08:00][sql] SELECT * FROM `address` WHERE  `id` = 1 LIMIT 1 [ RunTime:0.000238s ]
[2022-11-14T12:31:33+08:00][sql] SELECT * FROM `address` WHERE  `id` = 2 LIMIT 1 [ RunTime:0.000197s ]
[2022-11-14T15:03:08+08:00][sql] CONNECT:[ UseTime:0.000454s ] mysql:host=localhost;port=3316;dbname=coffee;charset=utf8
[2022-11-14T15:03:08+08:00][sql] SHOW FULL COLUMNS FROM `information` [ RunTime:0.001352s ]
[2022-11-14T15:03:08+08:00][sql] SELECT * FROM `information` WHERE  `id` = 18 LIMIT 1 [ RunTime:0.000345s ]
[2022-11-14T15:03:08+08:00][sql] SHOW FULL COLUMNS FROM `address` [ RunTime:0.000964s ]
[2022-11-14T15:03:08+08:00][sql] SELECT * FROM `address` WHERE  `id` = 1 LIMIT 1 [ RunTime:0.000264s ]
[2022-11-14T15:03:08+08:00][sql] SELECT * FROM `address` WHERE  `id` = 2 LIMIT 1 [ RunTime:0.000220s ]
[2022-11-14T19:59:23+08:00][sql] CONNECT:[ UseTime:0.000380s ] mysql:host=localhost;port=3316;dbname=coffee;charset=utf8
[2022-11-14T19:59:23+08:00][sql] SHOW FULL COLUMNS FROM `information` [ RunTime:0.001385s ]
[2022-11-14T19:59:23+08:00][sql] SELECT * FROM `information` WHERE  `id` = 15 LIMIT 1 [ RunTime:0.000287s ]
[2022-11-14T19:59:23+08:00][sql] SHOW FULL COLUMNS FROM `address` [ RunTime:0.000975s ]
[2022-11-14T19:59:23+08:00][sql] SELECT * FROM `address` WHERE  `id` = 1 LIMIT 1 [ RunTime:0.000272s ]
[2022-11-14T19:59:23+08:00][sql] SELECT * FROM `address` WHERE  `id` = 2 LIMIT 1 [ RunTime:0.000242s ]
[2022-11-14T20:06:55+08:00][sql] CONNECT:[ UseTime:0.000705s ] mysql:host=localhost;port=3316;dbname=coffee;charset=utf8
[2022-11-14T20:06:55+08:00][sql] SHOW FULL COLUMNS FROM `information` [ RunTime:0.001309s ]
[2022-11-14T20:06:55+08:00][sql] SELECT * FROM `information` WHERE  `id` = 11 LIMIT 1 [ RunTime:0.000321s ]
[2022-11-14T20:06:55+08:00][sql] SHOW FULL COLUMNS FROM `address` [ RunTime:0.001052s ]
[2022-11-14T20:06:55+08:00][sql] SELECT * FROM `address` WHERE  `id` = 1 LIMIT 1 [ RunTime:0.000246s ]
[2022-11-14T20:06:55+08:00][sql] SELECT * FROM `address` WHERE  `id` = 2 LIMIT 1 [ RunTime:0.000222s ]
[2022-11-14T22:58:08+08:00][sql] CONNECT:[ UseTime:0.000422s ] mysql:host=localhost;port=3316;dbname=coffee;charset=utf8
[2022-11-14T22:58:08+08:00][sql] SHOW FULL COLUMNS FROM `information` [ RunTime:0.001492s ]
[2022-11-14T22:58:08+08:00][sql] SELECT * FROM `information` WHERE  `id` = 5 LIMIT 1 [ RunTime:0.000319s ]
[2022-11-14T22:58:08+08:00][sql] SHOW FULL COLUMNS FROM `address` [ RunTime:0.000969s ]
[2022-11-14T22:58:08+08:00][sql] SELECT * FROM `address` WHERE  `id` = 1 LIMIT 1 [ RunTime:0.000300s ]
[2022-11-14T22:58:08+08:00][sql] SELECT * FROM `address` WHERE  `id` = 2 LIMIT 1 [ RunTime:0.000253s ]
[2022-11-14T23:02:06+08:00][sql] CONNECT:[ UseTime:0.000457s ] mysql:host=localhost;port=3316;dbname=coffee;charset=utf8
[2022-11-14T23:02:06+08:00][sql] SHOW FULL COLUMNS FROM `information` [ RunTime:0.001295s ]
[2022-11-14T23:02:06+08:00][sql] SELECT * FROM `information` WHERE  `id` = 11 LIMIT 1 [ RunTime:0.000319s ]
[2022-11-14T23:02:06+08:00][sql] SHOW FULL COLUMNS FROM `address` [ RunTime:0.001095s ]
[2022-11-14T23:02:06+08:00][sql] SELECT * FROM `address` WHERE  `id` = 1 LIMIT 1 [ RunTime:0.000325s ]
[2022-11-14T23:02:06+08:00][sql] SELECT * FROM `address` WHERE  `id` = 2 LIMIT 1 [ RunTime:0.000245s ]
