[2022-11-24T00:24:21+08:00][sql] CONNECT:[ UseTime:0.000380s ] mysql:host=localhost;port=3316;dbname=coffee;charset=utf8
[2022-11-24T00:24:21+08:00][sql] SHOW FULL COLUMNS FROM `information` [ RunTime:0.001460s ]
[2022-11-24T00:24:21+08:00][sql] SELECT * FROM `information` WHERE  `id` = 15 LIMIT 1 [ RunTime:0.000276s ]
[2022-11-24T00:24:21+08:00][sql] SHOW FULL COLUMNS FROM `address` [ RunTime:0.000881s ]
[2022-11-24T00:24:21+08:00][sql] SELECT * FROM `address` WHERE  `id` = 1 LIMIT 1 [ RunTime:0.000236s ]
[2022-11-24T00:24:21+08:00][sql] SELECT * FROM `address` WHERE  `id` = 2 LIMIT 1 [ RunTime:0.000212s ]
[2022-11-24T00:35:05+08:00][sql] CONNECT:[ UseTime:0.000394s ] mysql:host=localhost;port=3316;dbname=coffee;charset=utf8
[2022-11-24T00:35:05+08:00][sql] SHOW FULL COLUMNS FROM `information` [ RunTime:0.001263s ]
[2022-11-24T00:35:05+08:00][sql] SELECT * FROM `information` WHERE  `id` = 15 LIMIT 1 [ RunTime:0.000311s ]
[2022-11-24T00:35:05+08:00][sql] SHOW FULL COLUMNS FROM `address` [ RunTime:0.000934s ]
[2022-11-24T00:35:05+08:00][sql] SELECT * FROM `address` WHERE  `id` = 1 LIMIT 1 [ RunTime:0.000267s ]
[2022-11-24T00:35:05+08:00][sql] SELECT * FROM `address` WHERE  `id` = 2 LIMIT 1 [ RunTime:0.000270s ]
[2022-11-24T01:09:21+08:00][sql] CONNECT:[ UseTime:0.000423s ] mysql:host=localhost;port=3316;dbname=coffee;charset=utf8
[2022-11-24T01:09:21+08:00][sql] SHOW FULL COLUMNS FROM `information` [ RunTime:0.001361s ]
[2022-11-24T01:09:21+08:00][sql] SELECT * FROM `information` WHERE  `id` = 5 LIMIT 1 [ RunTime:0.000386s ]
[2022-11-24T01:09:21+08:00][sql] SHOW FULL COLUMNS FROM `address` [ RunTime:0.000970s ]
[2022-11-24T01:09:21+08:00][sql] SELECT * FROM `address` WHERE  `id` = 1 LIMIT 1 [ RunTime:0.000295s ]
[2022-11-24T01:09:21+08:00][sql] SELECT * FROM `address` WHERE  `id` = 2 LIMIT 1 [ RunTime:0.000247s ]
[2022-11-24T01:19:32+08:00][sql] CONNECT:[ UseTime:0.000371s ] mysql:host=localhost;port=3316;dbname=coffee;charset=utf8
[2022-11-24T01:19:32+08:00][sql] SHOW FULL COLUMNS FROM `information` [ RunTime:0.001315s ]
[2022-11-24T01:19:32+08:00][sql] SELECT * FROM `information` WHERE  `id` = 5 LIMIT 1 [ RunTime:0.000285s ]
[2022-11-24T01:19:32+08:00][sql] SHOW FULL COLUMNS FROM `address` [ RunTime:0.000923s ]
[2022-11-24T01:19:32+08:00][sql] SELECT * FROM `address` WHERE  `id` = 1 LIMIT 1 [ RunTime:0.000246s ]
[2022-11-24T01:19:32+08:00][sql] SELECT * FROM `address` WHERE  `id` = 2 LIMIT 1 [ RunTime:0.000211s ]
[2022-11-24T02:47:42+08:00][sql] CONNECT:[ UseTime:0.000367s ] mysql:host=localhost;port=3316;dbname=coffee;charset=utf8
[2022-11-24T02:47:42+08:00][sql] SHOW FULL COLUMNS FROM `information` [ RunTime:0.001220s ]
[2022-11-24T02:47:42+08:00][sql] SELECT * FROM `information` WHERE  `id` = 17 LIMIT 1 [ RunTime:0.000292s ]
[2022-11-24T02:47:42+08:00][sql] SHOW FULL COLUMNS FROM `address` [ RunTime:0.000967s ]
[2022-11-24T02:47:42+08:00][sql] SELECT * FROM `address` WHERE  `id` = 1 LIMIT 1 [ RunTime:0.000250s ]
[2022-11-24T02:47:42+08:00][sql] SELECT * FROM `address` WHERE  `id` = 2 LIMIT 1 [ RunTime:0.000315s ]
[2022-11-24T02:49:40+08:00][sql] CONNECT:[ UseTime:0.000419s ] mysql:host=localhost;port=3316;dbname=coffee;charset=utf8
[2022-11-24T02:49:40+08:00][sql] SHOW FULL COLUMNS FROM `information` [ RunTime:0.001297s ]
[2022-11-24T02:49:40+08:00][sql] SELECT * FROM `information` WHERE  `id` = 17 LIMIT 1 [ RunTime:0.000335s ]
[2022-11-24T02:49:40+08:00][sql] SHOW FULL COLUMNS FROM `address` [ RunTime:0.000973s ]
[2022-11-24T02:49:40+08:00][sql] SELECT * FROM `address` WHERE  `id` = 1 LIMIT 1 [ RunTime:0.000274s ]
[2022-11-24T02:49:40+08:00][sql] SELECT * FROM `address` WHERE  `id` = 2 LIMIT 1 [ RunTime:0.000254s ]
[2022-11-24T10:02:50+08:00][sql] CONNECT:[ UseTime:0.000369s ] mysql:host=localhost;port=3316;dbname=coffee;charset=utf8
[2022-11-24T10:02:50+08:00][sql] SHOW FULL COLUMNS FROM `information` [ RunTime:0.001322s ]
[2022-11-24T10:02:50+08:00][sql] SELECT * FROM `information` ORDER BY `time` DESC LIMIT 1 [ RunTime:0.000346s ]
[2022-11-24T10:02:50+08:00][sql] SHOW FULL COLUMNS FROM `topic` [ RunTime:0.000878s ]
[2022-11-24T10:02:50+08:00][sql] SELECT * FROM `topic` [ RunTime:0.000212s ]
[2022-11-24T10:02:50+08:00][sql] SELECT * FROM `information` ORDER BY `time` DESC [ RunTime:0.000741s ]
[2022-11-24T10:02:50+08:00][sql] SHOW FULL COLUMNS FROM `address` [ RunTime:0.000974s ]
[2022-11-24T10:02:50+08:00][sql] SELECT * FROM `address` WHERE  `id` = 1 LIMIT 1 [ RunTime:0.000262s ]
[2022-11-24T10:02:50+08:00][sql] SELECT * FROM `address` WHERE  `id` = 2 LIMIT 1 [ RunTime:0.000238s ]
[2022-11-24T10:03:50+08:00][sql] CONNECT:[ UseTime:0.000486s ] mysql:host=localhost;port=3316;dbname=coffee;charset=utf8
[2022-11-24T10:03:50+08:00][sql] SHOW FULL COLUMNS FROM `information` [ RunTime:0.001766s ]
[2022-11-24T10:03:50+08:00][sql] SELECT * FROM `information` ORDER BY `time` DESC LIMIT 1 [ RunTime:0.000342s ]
[2022-11-24T10:03:50+08:00][sql] SHOW FULL COLUMNS FROM `topic` [ RunTime:0.000979s ]
[2022-11-24T10:03:50+08:00][sql] SELECT * FROM `topic` [ RunTime:0.000268s ]
[2022-11-24T10:03:50+08:00][sql] SELECT * FROM `information` ORDER BY `time` DESC [ RunTime:0.000710s ]
[2022-11-24T10:03:50+08:00][sql] SHOW FULL COLUMNS FROM `address` [ RunTime:0.000954s ]
[2022-11-24T10:03:50+08:00][sql] SELECT * FROM `address` WHERE  `id` = 1 LIMIT 1 [ RunTime:0.000261s ]
[2022-11-24T10:03:50+08:00][sql] SELECT * FROM `address` WHERE  `id` = 2 LIMIT 1 [ RunTime:0.000240s ]
[2022-11-24T11:36:23+08:00][sql] CONNECT:[ UseTime:0.000379s ] mysql:host=localhost;port=3316;dbname=coffee;charset=utf8
[2022-11-24T11:36:23+08:00][sql] SHOW FULL COLUMNS FROM `information` [ RunTime:0.001455s ]
[2022-11-24T11:36:23+08:00][sql] SELECT * FROM `information` ORDER BY `time` DESC LIMIT 1 [ RunTime:0.000291s ]
[2022-11-24T11:36:23+08:00][sql] SHOW FULL COLUMNS FROM `topic` [ RunTime:0.000963s ]
[2022-11-24T11:36:23+08:00][sql] SELECT * FROM `topic` [ RunTime:0.000201s ]
[2022-11-24T11:36:23+08:00][sql] SELECT * FROM `information` ORDER BY `time` DESC [ RunTime:0.000690s ]
[2022-11-24T11:36:23+08:00][sql] SHOW FULL COLUMNS FROM `address` [ RunTime:0.001037s ]
[2022-11-24T11:36:23+08:00][sql] SELECT * FROM `address` WHERE  `id` = 1 LIMIT 1 [ RunTime:0.000248s ]
[2022-11-24T11:36:23+08:00][sql] SELECT * FROM `address` WHERE  `id` = 2 LIMIT 1 [ RunTime:0.000265s ]
[2022-11-24T11:36:38+08:00][sql] CONNECT:[ UseTime:0.000447s ] mysql:host=localhost;port=3316;dbname=coffee;charset=utf8
[2022-11-24T11:36:38+08:00][sql] SHOW FULL COLUMNS FROM `information` [ RunTime:0.001268s ]
[2022-11-24T11:36:38+08:00][sql] SELECT * FROM `information` WHERE  `id` = 2 LIMIT 1 [ RunTime:0.000349s ]
[2022-11-24T11:36:38+08:00][sql] SHOW FULL COLUMNS FROM `address` [ RunTime:0.000948s ]
[2022-11-24T11:36:38+08:00][sql] SELECT * FROM `address` WHERE  `id` = 1 LIMIT 1 [ RunTime:0.000278s ]
[2022-11-24T11:36:38+08:00][sql] SELECT * FROM `address` WHERE  `id` = 2 LIMIT 1 [ RunTime:0.000395s ]
[2022-11-24T11:37:27+08:00][sql] CONNECT:[ UseTime:0.000407s ] mysql:host=localhost;port=3316;dbname=coffee;charset=utf8
[2022-11-24T11:37:27+08:00][sql] SHOW FULL COLUMNS FROM `information` [ RunTime:0.001253s ]
[2022-11-24T11:37:27+08:00][sql] SELECT * FROM `information` ORDER BY `time` DESC LIMIT 1 [ RunTime:0.000293s ]
[2022-11-24T11:37:27+08:00][sql] SHOW FULL COLUMNS FROM `topic` [ RunTime:0.000889s ]
[2022-11-24T11:37:27+08:00][sql] SELECT * FROM `topic` [ RunTime:0.000199s ]
[2022-11-24T11:37:27+08:00][sql] SELECT * FROM `information` ORDER BY `time` DESC [ RunTime:0.000689s ]
[2022-11-24T11:37:27+08:00][sql] SHOW FULL COLUMNS FROM `address` [ RunTime:0.001106s ]
[2022-11-24T11:37:27+08:00][sql] SELECT * FROM `address` WHERE  `id` = 1 LIMIT 1 [ RunTime:0.000271s ]
[2022-11-24T11:37:27+08:00][sql] SELECT * FROM `address` WHERE  `id` = 2 LIMIT 1 [ RunTime:0.000251s ]
[2022-11-24T11:37:38+08:00][sql] CONNECT:[ UseTime:0.000452s ] mysql:host=localhost;port=3316;dbname=coffee;charset=utf8
[2022-11-24T11:37:38+08:00][sql] SHOW FULL COLUMNS FROM `information` [ RunTime:0.001282s ]
[2022-11-24T11:37:38+08:00][sql] SELECT * FROM `information` WHERE  `id` = 2 LIMIT 1 [ RunTime:0.000311s ]
[2022-11-24T11:37:38+08:00][sql] SHOW FULL COLUMNS FROM `address` [ RunTime:0.000981s ]
[2022-11-24T11:37:38+08:00][sql] SELECT * FROM `address` WHERE  `id` = 1 LIMIT 1 [ RunTime:0.000286s ]
[2022-11-24T11:37:38+08:00][sql] SELECT * FROM `address` WHERE  `id` = 2 LIMIT 1 [ RunTime:0.000261s ]
[2022-11-24T13:14:29+08:00][sql] CONNECT:[ UseTime:0.000461s ] mysql:host=localhost;port=3316;dbname=coffee;charset=utf8
[2022-11-24T13:14:29+08:00][sql] SHOW FULL COLUMNS FROM `information` [ RunTime:0.001283s ]
[2022-11-24T13:14:29+08:00][sql] SELECT * FROM `information` ORDER BY `time` DESC LIMIT 1 [ RunTime:0.000288s ]
[2022-11-24T13:14:29+08:00][sql] SHOW FULL COLUMNS FROM `topic` [ RunTime:0.000859s ]
[2022-11-24T13:14:29+08:00][sql] SELECT * FROM `topic` [ RunTime:0.000188s ]
[2022-11-24T13:14:29+08:00][sql] SELECT * FROM `information` ORDER BY `time` DESC [ RunTime:0.000772s ]
[2022-11-24T13:14:29+08:00][sql] SHOW FULL COLUMNS FROM `address` [ RunTime:0.001015s ]
[2022-11-24T13:14:29+08:00][sql] SELECT * FROM `address` WHERE  `id` = 1 LIMIT 1 [ RunTime:0.000306s ]
[2022-11-24T13:14:29+08:00][sql] SELECT * FROM `address` WHERE  `id` = 2 LIMIT 1 [ RunTime:0.000239s ]
[2022-11-24T20:05:35+08:00][sql] CONNECT:[ UseTime:0.000444s ] mysql:host=localhost;port=3316;dbname=coffee;charset=utf8
[2022-11-24T20:05:35+08:00][sql] SHOW FULL COLUMNS FROM `information` [ RunTime:0.001970s ]
[2022-11-24T20:05:35+08:00][sql] SELECT * FROM `information` WHERE  `id` = 5 LIMIT 1 [ RunTime:0.000368s ]
[2022-11-24T20:05:35+08:00][sql] SHOW FULL COLUMNS FROM `address` [ RunTime:0.001276s ]
[2022-11-24T20:05:35+08:00][sql] SELECT * FROM `address` WHERE  `id` = 1 LIMIT 1 [ RunTime:0.000279s ]
[2022-11-24T20:05:35+08:00][sql] SELECT * FROM `address` WHERE  `id` = 2 LIMIT 1 [ RunTime:0.000244s ]
[2022-11-24T20:14:35+08:00][sql] CONNECT:[ UseTime:0.000456s ] mysql:host=localhost;port=3316;dbname=coffee;charset=utf8
[2022-11-24T20:14:35+08:00][sql] SHOW FULL COLUMNS FROM `information` [ RunTime:0.001278s ]
[2022-11-24T20:14:35+08:00][sql] SELECT * FROM `information` WHERE  `id` = 5 LIMIT 1 [ RunTime:0.000308s ]
[2022-11-24T20:14:35+08:00][sql] SHOW FULL COLUMNS FROM `address` [ RunTime:0.000921s ]
[2022-11-24T20:14:35+08:00][sql] SELECT * FROM `address` WHERE  `id` = 1 LIMIT 1 [ RunTime:0.000254s ]
[2022-11-24T20:14:35+08:00][sql] SELECT * FROM `address` WHERE  `id` = 2 LIMIT 1 [ RunTime:0.000219s ]
