[2022-11-29T04:08:47+08:00][sql] CONNECT:[ UseTime:0.000394s ] mysql:host=localhost;port=3316;dbname=coffee;charset=utf8
[2022-11-29T04:08:47+08:00][sql] SHOW FULL COLUMNS FROM `information` [ RunTime:0.001389s ]
[2022-11-29T04:08:47+08:00][sql] SELECT * FROM `information` WHERE  `id` = 9 LIMIT 1 [ RunTime:0.000297s ]
[2022-11-29T04:08:47+08:00][sql] SHOW FULL COLUMNS FROM `address` [ RunTime:0.000889s ]
[2022-11-29T04:08:47+08:00][sql] SELECT * FROM `address` WHERE  `id` = 1 LIMIT 1 [ RunTime:0.000242s ]
[2022-11-29T04:08:47+08:00][sql] SELECT * FROM `address` WHERE  `id` = 2 LIMIT 1 [ RunTime:0.000225s ]
[2022-11-29T04:12:10+08:00][sql] CONNECT:[ UseTime:0.000382s ] mysql:host=localhost;port=3316;dbname=coffee;charset=utf8
[2022-11-29T04:12:10+08:00][sql] SHOW FULL COLUMNS FROM `information` [ RunTime:0.001328s ]
[2022-11-29T04:12:10+08:00][sql] SELECT * FROM `information` WHERE  `id` = 9 LIMIT 1 [ RunTime:0.000352s ]
[2022-11-29T04:12:10+08:00][sql] SHOW FULL COLUMNS FROM `address` [ RunTime:0.000999s ]
[2022-11-29T04:12:10+08:00][sql] SELECT * FROM `address` WHERE  `id` = 1 LIMIT 1 [ RunTime:0.000279s ]
[2022-11-29T04:12:10+08:00][sql] SELECT * FROM `address` WHERE  `id` = 2 LIMIT 1 [ RunTime:0.000263s ]
[2022-11-29T04:46:58+08:00][sql] CONNECT:[ UseTime:0.000436s ] mysql:host=localhost;port=3316;dbname=coffee;charset=utf8
[2022-11-29T04:46:58+08:00][sql] SHOW FULL COLUMNS FROM `information` [ RunTime:0.001353s ]
[2022-11-29T04:46:58+08:00][sql] SELECT * FROM `information` WHERE  `id` = 1 LIMIT 1 [ RunTime:0.000293s ]
[2022-11-29T04:46:58+08:00][sql] SHOW FULL COLUMNS FROM `address` [ RunTime:0.000981s ]
[2022-11-29T04:46:58+08:00][sql] SELECT * FROM `address` WHERE  `id` = 1 LIMIT 1 [ RunTime:0.000249s ]
[2022-11-29T04:46:58+08:00][sql] SELECT * FROM `address` WHERE  `id` = 2 LIMIT 1 [ RunTime:0.000259s ]
[2022-11-29T05:36:09+08:00][sql] CONNECT:[ UseTime:0.000389s ] mysql:host=localhost;port=3316;dbname=coffee;charset=utf8
[2022-11-29T05:36:09+08:00][sql] SHOW FULL COLUMNS FROM `information` [ RunTime:0.001296s ]
[2022-11-29T05:36:09+08:00][sql] SELECT * FROM `information` WHERE  `id` = 4 LIMIT 1 [ RunTime:0.000333s ]
[2022-11-29T05:36:09+08:00][sql] SHOW FULL COLUMNS FROM `address` [ RunTime:0.000947s ]
[2022-11-29T05:36:09+08:00][sql] SELECT * FROM `address` WHERE  `id` = 1 LIMIT 1 [ RunTime:0.000277s ]
[2022-11-29T05:36:09+08:00][sql] SELECT * FROM `address` WHERE  `id` = 2 LIMIT 1 [ RunTime:0.000297s ]
[2022-11-29T05:52:26+08:00][sql] CONNECT:[ UseTime:0.000385s ] mysql:host=localhost;port=3316;dbname=coffee;charset=utf8
[2022-11-29T05:52:26+08:00][sql] SHOW FULL COLUMNS FROM `information` [ RunTime:0.001293s ]
[2022-11-29T05:52:26+08:00][sql] SELECT * FROM `information` ORDER BY `time` DESC LIMIT 1 [ RunTime:0.000303s ]
[2022-11-29T05:52:26+08:00][sql] SHOW FULL COLUMNS FROM `topic` [ RunTime:0.000878s ]
[2022-11-29T05:52:26+08:00][sql] SELECT * FROM `topic` [ RunTime:0.000192s ]
[2022-11-29T05:52:26+08:00][sql] SELECT * FROM `information` ORDER BY `time` DESC [ RunTime:0.000713s ]
[2022-11-29T05:52:26+08:00][sql] SHOW FULL COLUMNS FROM `address` [ RunTime:0.000941s ]
[2022-11-29T05:52:26+08:00][sql] SELECT * FROM `address` WHERE  `id` = 1 LIMIT 1 [ RunTime:0.000259s ]
[2022-11-29T05:52:26+08:00][sql] SELECT * FROM `address` WHERE  `id` = 2 LIMIT 1 [ RunTime:0.000238s ]
[2022-11-29T05:54:53+08:00][sql] CONNECT:[ UseTime:0.000380s ] mysql:host=localhost;port=3316;dbname=coffee;charset=utf8
[2022-11-29T05:54:53+08:00][sql] SHOW FULL COLUMNS FROM `information` [ RunTime:0.001263s ]
[2022-11-29T05:54:53+08:00][sql] SELECT * FROM `information` ORDER BY `time` DESC LIMIT 1 [ RunTime:0.000333s ]
[2022-11-29T05:54:53+08:00][sql] SHOW FULL COLUMNS FROM `topic` [ RunTime:0.000863s ]
[2022-11-29T05:54:53+08:00][sql] SELECT * FROM `topic` [ RunTime:0.000235s ]
[2022-11-29T05:54:53+08:00][sql] SELECT * FROM `information` ORDER BY `time` DESC [ RunTime:0.000845s ]
[2022-11-29T05:54:53+08:00][sql] SHOW FULL COLUMNS FROM `address` [ RunTime:0.000966s ]
[2022-11-29T05:54:53+08:00][sql] SELECT * FROM `address` WHERE  `id` = 1 LIMIT 1 [ RunTime:0.000273s ]
[2022-11-29T05:54:53+08:00][sql] SELECT * FROM `address` WHERE  `id` = 2 LIMIT 1 [ RunTime:0.000254s ]
[2022-11-29T09:42:26+08:00][sql] CONNECT:[ UseTime:0.000409s ] mysql:host=localhost;port=3316;dbname=coffee;charset=utf8
[2022-11-29T09:42:26+08:00][sql] SHOW FULL COLUMNS FROM `information` [ RunTime:0.001318s ]
[2022-11-29T09:42:26+08:00][sql] SELECT * FROM `information` WHERE  `id` = 6 LIMIT 1 [ RunTime:0.000358s ]
[2022-11-29T09:42:26+08:00][sql] SHOW FULL COLUMNS FROM `address` [ RunTime:0.000952s ]
[2022-11-29T09:42:26+08:00][sql] SELECT * FROM `address` WHERE  `id` = 1 LIMIT 1 [ RunTime:0.000287s ]
[2022-11-29T09:42:26+08:00][sql] SELECT * FROM `address` WHERE  `id` = 2 LIMIT 1 [ RunTime:0.000263s ]
[2022-11-29T09:51:05+08:00][sql] CONNECT:[ UseTime:0.000389s ] mysql:host=localhost;port=3316;dbname=coffee;charset=utf8
[2022-11-29T09:51:05+08:00][sql] SHOW FULL COLUMNS FROM `information` [ RunTime:0.001353s ]
[2022-11-29T09:51:05+08:00][sql] SELECT * FROM `information` WHERE  `id` = 6 LIMIT 1 [ RunTime:0.000296s ]
[2022-11-29T09:51:05+08:00][sql] SHOW FULL COLUMNS FROM `address` [ RunTime:0.000969s ]
[2022-11-29T09:51:05+08:00][sql] SELECT * FROM `address` WHERE  `id` = 1 LIMIT 1 [ RunTime:0.000260s ]
[2022-11-29T09:51:05+08:00][sql] SELECT * FROM `address` WHERE  `id` = 2 LIMIT 1 [ RunTime:0.000234s ]
[2022-11-29T10:14:24+08:00][sql] CONNECT:[ UseTime:0.001191s ] mysql:host=localhost;port=3316;dbname=coffee;charset=utf8
[2022-11-29T10:14:24+08:00][sql] SHOW FULL COLUMNS FROM `information` [ RunTime:0.001304s ]
[2022-11-29T10:14:24+08:00][sql] SELECT * FROM `information` WHERE  `id` = 10 LIMIT 1 [ RunTime:0.000324s ]
[2022-11-29T10:14:24+08:00][sql] SHOW FULL COLUMNS FROM `address` [ RunTime:0.000942s ]
[2022-11-29T10:14:24+08:00][sql] SELECT * FROM `address` WHERE  `id` = 1 LIMIT 1 [ RunTime:0.000276s ]
[2022-11-29T10:14:24+08:00][sql] SELECT * FROM `address` WHERE  `id` = 2 LIMIT 1 [ RunTime:0.000341s ]
[2022-11-29T12:46:10+08:00][sql] CONNECT:[ UseTime:0.000481s ] mysql:host=localhost;port=3316;dbname=coffee;charset=utf8
[2022-11-29T12:46:10+08:00][sql] SHOW FULL COLUMNS FROM `information` [ RunTime:0.001279s ]
[2022-11-29T12:46:10+08:00][sql] SELECT * FROM `information` WHERE  `id` = 19 LIMIT 1 [ RunTime:0.000309s ]
[2022-11-29T12:46:10+08:00][sql] SHOW FULL COLUMNS FROM `address` [ RunTime:0.000924s ]
[2022-11-29T12:46:10+08:00][sql] SELECT * FROM `address` WHERE  `id` = 1 LIMIT 1 [ RunTime:0.000295s ]
[2022-11-29T12:46:10+08:00][sql] SELECT * FROM `address` WHERE  `id` = 2 LIMIT 1 [ RunTime:0.000241s ]
[2022-11-29T12:50:50+08:00][sql] CONNECT:[ UseTime:0.000431s ] mysql:host=localhost;port=3316;dbname=coffee;charset=utf8
[2022-11-29T12:50:50+08:00][sql] SHOW FULL COLUMNS FROM `information` [ RunTime:0.001837s ]
[2022-11-29T12:50:50+08:00][sql] SELECT * FROM `information` WHERE  `id` = 19 LIMIT 1 [ RunTime:0.000357s ]
[2022-11-29T12:50:50+08:00][sql] SHOW FULL COLUMNS FROM `address` [ RunTime:0.001113s ]
[2022-11-29T12:50:50+08:00][sql] SELECT * FROM `address` WHERE  `id` = 1 LIMIT 1 [ RunTime:0.000290s ]
[2022-11-29T12:50:50+08:00][sql] SELECT * FROM `address` WHERE  `id` = 2 LIMIT 1 [ RunTime:0.000263s ]
[2022-11-29T15:01:44+08:00][sql] CONNECT:[ UseTime:0.000508s ] mysql:host=localhost;port=3316;dbname=coffee;charset=utf8
[2022-11-29T15:01:44+08:00][sql] SHOW FULL COLUMNS FROM `information` [ RunTime:0.001821s ]
[2022-11-29T15:01:44+08:00][sql] SELECT * FROM `information` ORDER BY `time` DESC LIMIT 1 [ RunTime:0.000321s ]
[2022-11-29T15:01:44+08:00][sql] SHOW FULL COLUMNS FROM `topic` [ RunTime:0.000888s ]
[2022-11-29T15:01:44+08:00][sql] SELECT * FROM `topic` [ RunTime:0.000198s ]
[2022-11-29T15:01:44+08:00][sql] SELECT * FROM `information` WHERE  `topic_id` = 3 [ RunTime:0.000582s ]
[2022-11-29T15:01:44+08:00][sql] SHOW FULL COLUMNS FROM `address` [ RunTime:0.000887s ]
[2022-11-29T15:01:44+08:00][sql] SELECT * FROM `address` WHERE  `id` = 1 LIMIT 1 [ RunTime:0.000247s ]
[2022-11-29T15:01:44+08:00][sql] SELECT * FROM `address` WHERE  `id` = 2 LIMIT 1 [ RunTime:0.000231s ]
[2022-11-29T15:09:43+08:00][sql] CONNECT:[ UseTime:0.000438s ] mysql:host=localhost;port=3316;dbname=coffee;charset=utf8
[2022-11-29T15:09:43+08:00][sql] SHOW FULL COLUMNS FROM `information` [ RunTime:0.001312s ]
[2022-11-29T15:09:43+08:00][sql] SELECT * FROM `information` ORDER BY `time` DESC LIMIT 1 [ RunTime:0.000350s ]
[2022-11-29T15:09:43+08:00][sql] SHOW FULL COLUMNS FROM `topic` [ RunTime:0.000938s ]
[2022-11-29T15:09:43+08:00][sql] SELECT * FROM `topic` [ RunTime:0.000252s ]
[2022-11-29T15:09:43+08:00][sql] SELECT * FROM `information` WHERE  `topic_id` = 3 [ RunTime:0.000747s ]
[2022-11-29T15:09:43+08:00][sql] SHOW FULL COLUMNS FROM `address` [ RunTime:0.000953s ]
[2022-11-29T15:09:43+08:00][sql] SELECT * FROM `address` WHERE  `id` = 1 LIMIT 1 [ RunTime:0.000282s ]
[2022-11-29T15:09:43+08:00][sql] SELECT * FROM `address` WHERE  `id` = 2 LIMIT 1 [ RunTime:0.000280s ]
[2022-11-29T17:44:13+08:00][sql] CONNECT:[ UseTime:0.000410s ] mysql:host=localhost;port=3316;dbname=coffee;charset=utf8
[2022-11-29T17:44:13+08:00][sql] SHOW FULL COLUMNS FROM `information` [ RunTime:0.001402s ]
[2022-11-29T17:44:13+08:00][sql] SELECT * FROM `information` ORDER BY `time` DESC LIMIT 1 [ RunTime:0.000391s ]
[2022-11-29T17:44:13+08:00][sql] SHOW FULL COLUMNS FROM `topic` [ RunTime:0.000970s ]
[2022-11-29T17:44:13+08:00][sql] SELECT * FROM `topic` [ RunTime:0.000252s ]
[2022-11-29T17:44:13+08:00][sql] SELECT * FROM `information` WHERE  `topic_id` = 3 [ RunTime:0.000743s ]
[2022-11-29T17:44:13+08:00][sql] SHOW FULL COLUMNS FROM `address` [ RunTime:0.001033s ]
[2022-11-29T17:44:13+08:00][sql] SELECT * FROM `address` WHERE  `id` = 1 LIMIT 1 [ RunTime:0.000279s ]
[2022-11-29T17:44:13+08:00][sql] SELECT * FROM `address` WHERE  `id` = 2 LIMIT 1 [ RunTime:0.000250s ]
