[2023-02-02T00:50:01+08:00][sql] CONNECT:[ UseTime:0.000451s ] mysql:host=localhost;port=3316;dbname=coffee;charset=utf8
[2023-02-02T00:50:01+08:00][sql] SHOW FULL COLUMNS FROM `information` [ RunTime:0.002449s ]
[2023-02-02T00:50:01+08:00][sql] SELECT * FROM `information` WHERE  `id` = 10 LIMIT 1 [ RunTime:0.002316s ]
[2023-02-02T00:50:01+08:00][sql] SHOW FULL COLUMNS FROM `address` [ RunTime:0.001466s ]
[2023-02-02T00:50:01+08:00][sql] SELECT * FROM `address` WHERE  `id` = 1 LIMIT 1 [ RunTime:0.000304s ]
[2023-02-02T00:50:01+08:00][sql] SELECT * FROM `address` WHERE  `id` = 2 LIMIT 1 [ RunTime:0.000295s ]
[2023-02-02T00:54:44+08:00][sql] CONNECT:[ UseTime:0.000342s ] mysql:host=localhost;port=3316;dbname=coffee;charset=utf8
[2023-02-02T00:54:44+08:00][sql] SHOW FULL COLUMNS FROM `information` [ RunTime:0.001228s ]
[2023-02-02T00:54:44+08:00][sql] SELECT * FROM `information` WHERE  `id` = 10 LIMIT 1 [ RunTime:0.000277s ]
[2023-02-02T00:54:44+08:00][sql] SHOW FULL COLUMNS FROM `address` [ RunTime:0.000891s ]
[2023-02-02T00:54:44+08:00][sql] SELECT * FROM `address` WHERE  `id` = 1 LIMIT 1 [ RunTime:0.000255s ]
[2023-02-02T00:54:44+08:00][sql] SELECT * FROM `address` WHERE  `id` = 2 LIMIT 1 [ RunTime:0.000197s ]
[2023-02-02T04:19:45+08:00][sql] CONNECT:[ UseTime:0.000544s ] mysql:host=localhost;port=3316;dbname=coffee;charset=utf8
[2023-02-02T04:19:45+08:00][sql] SHOW FULL COLUMNS FROM `information` [ RunTime:0.001649s ]
[2023-02-02T04:19:45+08:00][sql] SELECT * FROM `information` WHERE  `id` = 12 LIMIT 1 [ RunTime:0.000390s ]
[2023-02-02T04:19:45+08:00][sql] SHOW FULL COLUMNS FROM `address` [ RunTime:0.000972s ]
[2023-02-02T04:19:45+08:00][sql] SELECT * FROM `address` WHERE  `id` = 1 LIMIT 1 [ RunTime:0.000245s ]
[2023-02-02T04:19:45+08:00][sql] SELECT * FROM `address` WHERE  `id` = 2 LIMIT 1 [ RunTime:0.000198s ]
[2023-02-02T04:20:42+08:00][sql] CONNECT:[ UseTime:0.000447s ] mysql:host=localhost;port=3316;dbname=coffee;charset=utf8
[2023-02-02T04:20:42+08:00][sql] SHOW FULL COLUMNS FROM `information` [ RunTime:0.001293s ]
[2023-02-02T04:20:42+08:00][sql] SELECT * FROM `information` WHERE  `id` = 12 LIMIT 1 [ RunTime:0.000315s ]
[2023-02-02T04:20:42+08:00][sql] SHOW FULL COLUMNS FROM `address` [ RunTime:0.000996s ]
[2023-02-02T04:20:42+08:00][sql] SELECT * FROM `address` WHERE  `id` = 1 LIMIT 1 [ RunTime:0.000290s ]
[2023-02-02T04:20:42+08:00][sql] SELECT * FROM `address` WHERE  `id` = 2 LIMIT 1 [ RunTime:0.000244s ]
[2023-02-02T05:58:32+08:00][sql] CONNECT:[ UseTime:0.000449s ] mysql:host=localhost;port=3316;dbname=coffee;charset=utf8
[2023-02-02T05:58:32+08:00][sql] SHOW FULL COLUMNS FROM `information` [ RunTime:0.001810s ]
[2023-02-02T05:58:32+08:00][sql] SELECT * FROM `information` WHERE  `id` = 15 LIMIT 1 [ RunTime:0.000382s ]
[2023-02-02T05:58:32+08:00][sql] SHOW FULL COLUMNS FROM `address` [ RunTime:0.001350s ]
[2023-02-02T05:58:32+08:00][sql] SELECT * FROM `address` WHERE  `id` = 1 LIMIT 1 [ RunTime:0.000307s ]
[2023-02-02T05:58:32+08:00][sql] SELECT * FROM `address` WHERE  `id` = 2 LIMIT 1 [ RunTime:0.000301s ]
[2023-02-02T06:05:00+08:00][sql] CONNECT:[ UseTime:0.000394s ] mysql:host=localhost;port=3316;dbname=coffee;charset=utf8
[2023-02-02T06:05:00+08:00][sql] SHOW FULL COLUMNS FROM `information` [ RunTime:0.001289s ]
[2023-02-02T06:05:00+08:00][sql] SELECT * FROM `information` WHERE  `id` = 15 LIMIT 1 [ RunTime:0.000330s ]
[2023-02-02T06:05:00+08:00][sql] SHOW FULL COLUMNS FROM `address` [ RunTime:0.000978s ]
[2023-02-02T06:05:00+08:00][sql] SELECT * FROM `address` WHERE  `id` = 1 LIMIT 1 [ RunTime:0.000274s ]
[2023-02-02T06:05:00+08:00][sql] SELECT * FROM `address` WHERE  `id` = 2 LIMIT 1 [ RunTime:0.000290s ]
[2023-02-02T06:17:18+08:00][sql] CONNECT:[ UseTime:0.000457s ] mysql:host=localhost;port=3316;dbname=coffee;charset=utf8
[2023-02-02T06:17:18+08:00][sql] SHOW FULL COLUMNS FROM `information` [ RunTime:0.001706s ]
[2023-02-02T06:17:18+08:00][sql] SELECT * FROM `information` WHERE  `id` = 19 LIMIT 1 [ RunTime:0.000376s ]
[2023-02-02T06:17:18+08:00][sql] SHOW FULL COLUMNS FROM `address` [ RunTime:0.001170s ]
[2023-02-02T06:17:18+08:00][sql] SELECT * FROM `address` WHERE  `id` = 1 LIMIT 1 [ RunTime:0.000285s ]
[2023-02-02T06:17:18+08:00][sql] SELECT * FROM `address` WHERE  `id` = 2 LIMIT 1 [ RunTime:0.000852s ]
[2023-02-02T06:24:15+08:00][sql] CONNECT:[ UseTime:0.001562s ] mysql:host=localhost;port=3316;dbname=coffee;charset=utf8
[2023-02-02T06:24:15+08:00][sql] SHOW FULL COLUMNS FROM `information` [ RunTime:0.001276s ]
[2023-02-02T06:24:15+08:00][sql] SELECT * FROM `information` WHERE  `id` = 6 LIMIT 1 [ RunTime:0.000340s ]
[2023-02-02T06:24:15+08:00][sql] SHOW FULL COLUMNS FROM `address` [ RunTime:0.000966s ]
[2023-02-02T06:24:15+08:00][sql] SELECT * FROM `address` WHERE  `id` = 1 LIMIT 1 [ RunTime:0.000274s ]
[2023-02-02T06:24:15+08:00][sql] SELECT * FROM `address` WHERE  `id` = 2 LIMIT 1 [ RunTime:0.000275s ]
[2023-02-02T06:24:15+08:00][sql] CONNECT:[ UseTime:0.000376s ] mysql:host=localhost;port=3316;dbname=coffee;charset=utf8
[2023-02-02T06:24:15+08:00][sql] SHOW FULL COLUMNS FROM `information` [ RunTime:0.001260s ]
[2023-02-02T06:24:15+08:00][sql] SELECT * FROM `information` WHERE  `id` = 6 LIMIT 1 [ RunTime:0.000289s ]
[2023-02-02T06:24:15+08:00][sql] SHOW FULL COLUMNS FROM `address` [ RunTime:0.000908s ]
[2023-02-02T06:24:15+08:00][sql] SELECT * FROM `address` WHERE  `id` = 1 LIMIT 1 [ RunTime:0.000229s ]
[2023-02-02T06:24:15+08:00][sql] SELECT * FROM `address` WHERE  `id` = 2 LIMIT 1 [ RunTime:0.000211s ]
[2023-02-02T09:16:08+08:00][sql] CONNECT:[ UseTime:0.000460s ] mysql:host=localhost;port=3316;dbname=coffee;charset=utf8
[2023-02-02T09:16:08+08:00][sql] SHOW FULL COLUMNS FROM `information` [ RunTime:0.001384s ]
[2023-02-02T09:16:08+08:00][sql] SELECT * FROM `information` WHERE  `id` = 11 LIMIT 1 [ RunTime:0.000321s ]
[2023-02-02T09:16:08+08:00][sql] SHOW FULL COLUMNS FROM `address` [ RunTime:0.000978s ]
[2023-02-02T09:16:08+08:00][sql] SELECT * FROM `address` WHERE  `id` = 1 LIMIT 1 [ RunTime:0.000283s ]
[2023-02-02T09:16:08+08:00][sql] SELECT * FROM `address` WHERE  `id` = 2 LIMIT 1 [ RunTime:0.000247s ]
[2023-02-02T09:19:34+08:00][sql] CONNECT:[ UseTime:0.000368s ] mysql:host=localhost;port=3316;dbname=coffee;charset=utf8
[2023-02-02T09:19:34+08:00][sql] SHOW FULL COLUMNS FROM `information` [ RunTime:0.001317s ]
[2023-02-02T09:19:34+08:00][sql] SELECT * FROM `information` WHERE  `id` = 11 LIMIT 1 [ RunTime:0.000286s ]
[2023-02-02T09:19:34+08:00][sql] SHOW FULL COLUMNS FROM `address` [ RunTime:0.000938s ]
[2023-02-02T09:19:34+08:00][sql] SELECT * FROM `address` WHERE  `id` = 1 LIMIT 1 [ RunTime:0.000238s ]
[2023-02-02T09:19:34+08:00][sql] SELECT * FROM `address` WHERE  `id` = 2 LIMIT 1 [ RunTime:0.000235s ]
[2023-02-02T09:37:31+08:00][sql] CONNECT:[ UseTime:0.016476s ] mysql:host=localhost;port=3316;dbname=coffee;charset=utf8
[2023-02-02T09:37:31+08:00][sql] SHOW FULL COLUMNS FROM `information` [ RunTime:0.002755s ]
[2023-02-02T09:37:31+08:00][sql] SELECT * FROM `information` WHERE  `id` = 5 LIMIT 1 [ RunTime:0.000555s ]
[2023-02-02T09:37:31+08:00][sql] SHOW FULL COLUMNS FROM `address` [ RunTime:0.001479s ]
[2023-02-02T09:37:31+08:00][sql] SELECT * FROM `address` WHERE  `id` = 1 LIMIT 1 [ RunTime:0.000443s ]
[2023-02-02T09:37:31+08:00][sql] SELECT * FROM `address` WHERE  `id` = 2 LIMIT 1 [ RunTime:0.000405s ]
[2023-02-02T09:37:31+08:00][sql] CONNECT:[ UseTime:0.000413s ] mysql:host=localhost;port=3316;dbname=coffee;charset=utf8
[2023-02-02T09:37:31+08:00][sql] SHOW FULL COLUMNS FROM `information` [ RunTime:0.001390s ]
[2023-02-02T09:37:31+08:00][sql] SELECT * FROM `information` WHERE  `id` = 5 LIMIT 1 [ RunTime:0.000318s ]
[2023-02-02T09:37:31+08:00][sql] SHOW FULL COLUMNS FROM `address` [ RunTime:0.000988s ]
[2023-02-02T09:37:31+08:00][sql] SELECT * FROM `address` WHERE  `id` = 1 LIMIT 1 [ RunTime:0.000289s ]
[2023-02-02T09:37:31+08:00][sql] SELECT * FROM `address` WHERE  `id` = 2 LIMIT 1 [ RunTime:0.000252s ]
[2023-02-02T09:41:18+08:00][sql] CONNECT:[ UseTime:0.000412s ] mysql:host=localhost;port=3316;dbname=coffee;charset=utf8
[2023-02-02T09:41:18+08:00][sql] SHOW FULL COLUMNS FROM `information` [ RunTime:0.001323s ]
[2023-02-02T09:41:18+08:00][sql] SELECT * FROM `information` WHERE  `id` = 5 LIMIT 1 [ RunTime:0.000328s ]
[2023-02-02T09:41:18+08:00][sql] SHOW FULL COLUMNS FROM `address` [ RunTime:0.000953s ]
[2023-02-02T09:41:18+08:00][sql] SELECT * FROM `address` WHERE  `id` = 1 LIMIT 1 [ RunTime:0.000274s ]
[2023-02-02T09:41:18+08:00][sql] SELECT * FROM `address` WHERE  `id` = 2 LIMIT 1 [ RunTime:0.000288s ]
[2023-02-02T10:36:16+08:00][sql] CONNECT:[ UseTime:0.000393s ] mysql:host=localhost;port=3316;dbname=coffee;charset=utf8
[2023-02-02T10:36:16+08:00][sql] SHOW FULL COLUMNS FROM `information` [ RunTime:0.001386s ]
[2023-02-02T10:36:16+08:00][sql] SELECT * FROM `information` WHERE  `id` = 1 LIMIT 1 [ RunTime:0.000287s ]
[2023-02-02T10:36:16+08:00][sql] SHOW FULL COLUMNS FROM `address` [ RunTime:0.000956s ]
[2023-02-02T10:36:16+08:00][sql] SELECT * FROM `address` WHERE  `id` = 1 LIMIT 1 [ RunTime:0.000281s ]
[2023-02-02T10:36:16+08:00][sql] SELECT * FROM `address` WHERE  `id` = 2 LIMIT 1 [ RunTime:0.000232s ]
[2023-02-02T10:40:33+08:00][sql] CONNECT:[ UseTime:0.000432s ] mysql:host=localhost;port=3316;dbname=coffee;charset=utf8
[2023-02-02T10:40:33+08:00][sql] SHOW FULL COLUMNS FROM `information` [ RunTime:0.001294s ]
[2023-02-02T10:40:33+08:00][sql] SELECT * FROM `information` WHERE  `id` = 1 LIMIT 1 [ RunTime:0.000311s ]
[2023-02-02T10:40:33+08:00][sql] SHOW FULL COLUMNS FROM `address` [ RunTime:0.000963s ]
[2023-02-02T10:40:33+08:00][sql] SELECT * FROM `address` WHERE  `id` = 1 LIMIT 1 [ RunTime:0.000281s ]
[2023-02-02T10:40:33+08:00][sql] SELECT * FROM `address` WHERE  `id` = 2 LIMIT 1 [ RunTime:0.000258s ]
[2023-02-02T11:42:57+08:00][sql] CONNECT:[ UseTime:0.004537s ] mysql:host=localhost;port=3316;dbname=coffee;charset=utf8
[2023-02-02T11:42:57+08:00][sql] SHOW FULL COLUMNS FROM `information` [ RunTime:0.001286s ]
[2023-02-02T11:42:57+08:00][sql] SELECT * FROM `information` WHERE  `id` = 19 LIMIT 1 [ RunTime:0.000285s ]
[2023-02-02T11:42:57+08:00][sql] SHOW FULL COLUMNS FROM `address` [ RunTime:0.000913s ]
[2023-02-02T11:42:57+08:00][sql] SELECT * FROM `address` WHERE  `id` = 1 LIMIT 1 [ RunTime:0.000255s ]
[2023-02-02T11:42:57+08:00][sql] SELECT * FROM `address` WHERE  `id` = 2 LIMIT 1 [ RunTime:0.000233s ]
[2023-02-02T15:26:40+08:00][sql] CONNECT:[ UseTime:0.000438s ] mysql:host=localhost;port=3316;dbname=coffee;charset=utf8
[2023-02-02T15:26:40+08:00][sql] SHOW FULL COLUMNS FROM `information` [ RunTime:0.002580s ]
[2023-02-02T15:26:40+08:00][sql] SELECT * FROM `information` WHERE  `id` = 7 LIMIT 1 [ RunTime:0.000358s ]
[2023-02-02T15:26:40+08:00][sql] SHOW FULL COLUMNS FROM `address` [ RunTime:0.000993s ]
[2023-02-02T15:26:40+08:00][sql] SELECT * FROM `address` WHERE  `id` = 1 LIMIT 1 [ RunTime:0.000294s ]
[2023-02-02T15:26:40+08:00][sql] SELECT * FROM `address` WHERE  `id` = 2 LIMIT 1 [ RunTime:0.000455s ]
[2023-02-02T15:26:40+08:00][sql] CONNECT:[ UseTime:0.000418s ] mysql:host=localhost;port=3316;dbname=coffee;charset=utf8
[2023-02-02T15:26:40+08:00][sql] SHOW FULL COLUMNS FROM `information` [ RunTime:0.001356s ]
[2023-02-02T15:26:40+08:00][sql] SELECT * FROM `information` WHERE  `id` = 7 LIMIT 1 [ RunTime:0.000297s ]
[2023-02-02T15:26:40+08:00][sql] SHOW FULL COLUMNS FROM `address` [ RunTime:0.000894s ]
[2023-02-02T15:26:40+08:00][sql] SELECT * FROM `address` WHERE  `id` = 1 LIMIT 1 [ RunTime:0.000230s ]
[2023-02-02T15:26:40+08:00][sql] SELECT * FROM `address` WHERE  `id` = 2 LIMIT 1 [ RunTime:0.000203s ]
[2023-02-02T15:33:52+08:00][sql] CONNECT:[ UseTime:0.000373s ] mysql:host=localhost;port=3316;dbname=coffee;charset=utf8
[2023-02-02T15:33:52+08:00][sql] SHOW FULL COLUMNS FROM `information` [ RunTime:0.001447s ]
[2023-02-02T15:33:52+08:00][sql] SELECT * FROM `information` WHERE  `id` = 7 LIMIT 1 [ RunTime:0.000295s ]
[2023-02-02T15:33:52+08:00][sql] SHOW FULL COLUMNS FROM `address` [ RunTime:0.001024s ]
[2023-02-02T15:33:52+08:00][sql] SELECT * FROM `address` WHERE  `id` = 1 LIMIT 1 [ RunTime:0.000263s ]
[2023-02-02T15:33:52+08:00][sql] SELECT * FROM `address` WHERE  `id` = 2 LIMIT 1 [ RunTime:0.000224s ]
[2023-02-02T16:02:49+08:00][sql] CONNECT:[ UseTime:0.000425s ] mysql:host=localhost;port=3316;dbname=coffee;charset=utf8
[2023-02-02T16:02:49+08:00][sql] SHOW FULL COLUMNS FROM `information` [ RunTime:0.001313s ]
[2023-02-02T16:02:49+08:00][sql] SELECT * FROM `information` ORDER BY `time` DESC LIMIT 1 [ RunTime:0.000386s ]
[2023-02-02T16:02:49+08:00][sql] SHOW FULL COLUMNS FROM `topic` [ RunTime:0.000888s ]
[2023-02-02T16:02:49+08:00][sql] SELECT * FROM `topic` [ RunTime:0.000225s ]
[2023-02-02T16:02:49+08:00][sql] SELECT * FROM `information` ORDER BY `time` DESC [ RunTime:0.000961s ]
[2023-02-02T16:02:49+08:00][sql] SHOW FULL COLUMNS FROM `address` [ RunTime:0.000932s ]
[2023-02-02T16:02:49+08:00][sql] SELECT * FROM `address` WHERE  `id` = 1 LIMIT 1 [ RunTime:0.000283s ]
[2023-02-02T16:02:49+08:00][sql] SELECT * FROM `address` WHERE  `id` = 2 LIMIT 1 [ RunTime:0.000252s ]
[2023-02-02T16:10:18+08:00][sql] CONNECT:[ UseTime:0.000432s ] mysql:host=localhost;port=3316;dbname=coffee;charset=utf8
[2023-02-02T16:10:18+08:00][sql] SHOW FULL COLUMNS FROM `information` [ RunTime:0.001360s ]
[2023-02-02T16:10:18+08:00][sql] SELECT * FROM `information` ORDER BY `time` DESC LIMIT 1 [ RunTime:0.000330s ]
[2023-02-02T16:10:18+08:00][sql] SHOW FULL COLUMNS FROM `topic` [ RunTime:0.000898s ]
[2023-02-02T16:10:18+08:00][sql] SELECT * FROM `topic` [ RunTime:0.000230s ]
[2023-02-02T16:10:18+08:00][sql] SELECT * FROM `information` ORDER BY `time` DESC [ RunTime:0.000859s ]
[2023-02-02T16:10:18+08:00][sql] SHOW FULL COLUMNS FROM `address` [ RunTime:0.000936s ]
[2023-02-02T16:10:18+08:00][sql] SELECT * FROM `address` WHERE  `id` = 1 LIMIT 1 [ RunTime:0.000295s ]
[2023-02-02T16:10:18+08:00][sql] SELECT * FROM `address` WHERE  `id` = 2 LIMIT 1 [ RunTime:0.000253s ]
[2023-02-02T20:14:43+08:00][sql] CONNECT:[ UseTime:0.000471s ] mysql:host=localhost;port=3316;dbname=coffee;charset=utf8
[2023-02-02T20:14:43+08:00][sql] SHOW FULL COLUMNS FROM `information` [ RunTime:0.001496s ]
[2023-02-02T20:14:43+08:00][sql] SELECT * FROM `information` WHERE  `id` = 2 LIMIT 1 [ RunTime:0.000353s ]
[2023-02-02T20:14:43+08:00][sql] SHOW FULL COLUMNS FROM `address` [ RunTime:0.001201s ]
[2023-02-02T20:14:43+08:00][sql] SELECT * FROM `address` WHERE  `id` = 1 LIMIT 1 [ RunTime:0.000291s ]
[2023-02-02T20:14:43+08:00][sql] SELECT * FROM `address` WHERE  `id` = 2 LIMIT 1 [ RunTime:0.000339s ]
[2023-02-02T20:18:31+08:00][sql] CONNECT:[ UseTime:0.001075s ] mysql:host=localhost;port=3316;dbname=coffee;charset=utf8
[2023-02-02T20:18:31+08:00][sql] SHOW FULL COLUMNS FROM `information` [ RunTime:0.001709s ]
[2023-02-02T20:18:31+08:00][sql] SELECT * FROM `information` WHERE  `id` = 2 LIMIT 1 [ RunTime:0.000289s ]
[2023-02-02T20:18:31+08:00][sql] SHOW FULL COLUMNS FROM `address` [ RunTime:0.000935s ]
[2023-02-02T20:18:31+08:00][sql] SELECT * FROM `address` WHERE  `id` = 1 LIMIT 1 [ RunTime:0.000264s ]
[2023-02-02T20:18:31+08:00][sql] SELECT * FROM `address` WHERE  `id` = 2 LIMIT 1 [ RunTime:0.000211s ]
