[2023-02-06T00:50:12+08:00][sql] CONNECT:[ UseTime:0.000401s ] mysql:host=localhost;port=3316;dbname=coffee;charset=utf8
[2023-02-06T00:50:12+08:00][sql] SHOW FULL COLUMNS FROM `information` [ RunTime:0.001303s ]
[2023-02-06T00:50:12+08:00][sql] SELECT * FROM `information` WHERE  `id` = 11 LIMIT 1 [ RunTime:0.000344s ]
[2023-02-06T00:50:12+08:00][sql] SHOW FULL COLUMNS FROM `address` [ RunTime:0.000964s ]
[2023-02-06T00:50:12+08:00][sql] SELECT * FROM `address` WHERE  `id` = 1 LIMIT 1 [ RunTime:0.000302s ]
[2023-02-06T00:50:12+08:00][sql] SELECT * FROM `address` WHERE  `id` = 2 LIMIT 1 [ RunTime:0.000285s ]
[2023-02-06T00:52:16+08:00][sql] CONNECT:[ UseTime:0.000476s ] mysql:host=localhost;port=3316;dbname=coffee;charset=utf8
[2023-02-06T00:52:16+08:00][sql] SHOW FULL COLUMNS FROM `information` [ RunTime:0.001781s ]
[2023-02-06T00:52:16+08:00][sql] SELECT * FROM `information` WHERE  `id` = 11 LIMIT 1 [ RunTime:0.000378s ]
[2023-02-06T00:52:16+08:00][sql] SHOW FULL COLUMNS FROM `address` [ RunTime:0.001303s ]
[2023-02-06T00:52:16+08:00][sql] SELECT * FROM `address` WHERE  `id` = 1 LIMIT 1 [ RunTime:0.000330s ]
[2023-02-06T00:52:16+08:00][sql] SELECT * FROM `address` WHERE  `id` = 2 LIMIT 1 [ RunTime:0.000307s ]
[2023-02-06T03:17:26+08:00][sql] CONNECT:[ UseTime:0.000416s ] mysql:host=localhost;port=3316;dbname=coffee;charset=utf8
[2023-02-06T03:17:26+08:00][sql] SHOW FULL COLUMNS FROM `information` [ RunTime:0.001303s ]
[2023-02-06T03:17:26+08:00][sql] SELECT * FROM `information` ORDER BY `time` DESC LIMIT 1 [ RunTime:0.000348s ]
[2023-02-06T03:17:26+08:00][sql] SHOW FULL COLUMNS FROM `topic` [ RunTime:0.000950s ]
[2023-02-06T03:17:26+08:00][sql] SELECT * FROM `topic` [ RunTime:0.000252s ]
[2023-02-06T03:17:26+08:00][sql] SELECT * FROM `information` WHERE  `topic_id` = 2 [ RunTime:0.000443s ]
[2023-02-06T03:17:26+08:00][sql] SHOW FULL COLUMNS FROM `address` [ RunTime:0.000967s ]
[2023-02-06T03:17:26+08:00][sql] SELECT * FROM `address` WHERE  `id` = 1 LIMIT 1 [ RunTime:0.000284s ]
[2023-02-06T03:17:26+08:00][sql] SELECT * FROM `address` WHERE  `id` = 2 LIMIT 1 [ RunTime:0.000253s ]
[2023-02-06T03:19:43+08:00][sql] CONNECT:[ UseTime:0.000426s ] mysql:host=localhost;port=3316;dbname=coffee;charset=utf8
[2023-02-06T03:19:43+08:00][sql] SHOW FULL COLUMNS FROM `information` [ RunTime:0.001360s ]
[2023-02-06T03:19:43+08:00][sql] SELECT * FROM `information` ORDER BY `time` DESC LIMIT 1 [ RunTime:0.000355s ]
[2023-02-06T03:19:43+08:00][sql] SHOW FULL COLUMNS FROM `topic` [ RunTime:0.000973s ]
[2023-02-06T03:19:43+08:00][sql] SELECT * FROM `topic` [ RunTime:0.000243s ]
[2023-02-06T03:19:43+08:00][sql] SELECT * FROM `information` WHERE  `topic_id` = 2 [ RunTime:0.000436s ]
[2023-02-06T03:19:43+08:00][sql] SHOW FULL COLUMNS FROM `address` [ RunTime:0.000937s ]
[2023-02-06T03:19:43+08:00][sql] SELECT * FROM `address` WHERE  `id` = 1 LIMIT 1 [ RunTime:0.000286s ]
[2023-02-06T03:19:43+08:00][sql] SELECT * FROM `address` WHERE  `id` = 2 LIMIT 1 [ RunTime:0.000273s ]
[2023-02-06T05:50:49+08:00][sql] CONNECT:[ UseTime:0.000378s ] mysql:host=localhost;port=3316;dbname=coffee;charset=utf8
[2023-02-06T05:50:49+08:00][sql] SHOW FULL COLUMNS FROM `information` [ RunTime:0.001304s ]
[2023-02-06T05:50:49+08:00][sql] SELECT * FROM `information` WHERE  `id` = 19 LIMIT 1 [ RunTime:0.000277s ]
[2023-02-06T05:50:49+08:00][sql] SHOW FULL COLUMNS FROM `address` [ RunTime:0.000923s ]
[2023-02-06T05:50:49+08:00][sql] SELECT * FROM `address` WHERE  `id` = 1 LIMIT 1 [ RunTime:0.000231s ]
[2023-02-06T05:50:49+08:00][sql] SELECT * FROM `address` WHERE  `id` = 2 LIMIT 1 [ RunTime:0.000242s ]
[2023-02-06T06:00:29+08:00][sql] CONNECT:[ UseTime:0.000393s ] mysql:host=localhost;port=3316;dbname=coffee;charset=utf8
[2023-02-06T06:00:29+08:00][sql] SHOW FULL COLUMNS FROM `information` [ RunTime:0.001270s ]
[2023-02-06T06:00:29+08:00][sql] SELECT * FROM `information` WHERE  `id` = 19 LIMIT 1 [ RunTime:0.000278s ]
[2023-02-06T06:00:29+08:00][sql] SHOW FULL COLUMNS FROM `address` [ RunTime:0.000913s ]
[2023-02-06T06:00:29+08:00][sql] SELECT * FROM `address` WHERE  `id` = 1 LIMIT 1 [ RunTime:0.000291s ]
[2023-02-06T06:00:29+08:00][sql] SELECT * FROM `address` WHERE  `id` = 2 LIMIT 1 [ RunTime:0.000218s ]
[2023-02-06T06:17:26+08:00][sql] CONNECT:[ UseTime:0.000347s ] mysql:host=localhost;port=3316;dbname=coffee;charset=utf8
[2023-02-06T06:17:26+08:00][sql] SHOW FULL COLUMNS FROM `information` [ RunTime:0.001222s ]
[2023-02-06T06:17:26+08:00][sql] SELECT * FROM `information` WHERE  `id` = 15 LIMIT 1 [ RunTime:0.000278s ]
[2023-02-06T06:17:26+08:00][sql] SHOW FULL COLUMNS FROM `address` [ RunTime:0.000886s ]
[2023-02-06T06:17:26+08:00][sql] SELECT * FROM `address` WHERE  `id` = 1 LIMIT 1 [ RunTime:0.000246s ]
[2023-02-06T06:17:26+08:00][sql] SELECT * FROM `address` WHERE  `id` = 2 LIMIT 1 [ RunTime:0.000219s ]
[2023-02-06T07:52:44+08:00][sql] CONNECT:[ UseTime:0.000413s ] mysql:host=localhost;port=3316;dbname=coffee;charset=utf8
[2023-02-06T07:52:44+08:00][sql] SHOW FULL COLUMNS FROM `information` [ RunTime:0.001287s ]
[2023-02-06T07:52:44+08:00][sql] SELECT * FROM `information` WHERE  `id` = 18 LIMIT 1 [ RunTime:0.000339s ]
[2023-02-06T07:52:44+08:00][sql] SHOW FULL COLUMNS FROM `address` [ RunTime:0.001000s ]
[2023-02-06T07:52:44+08:00][sql] SELECT * FROM `address` WHERE  `id` = 1 LIMIT 1 [ RunTime:0.000282s ]
[2023-02-06T07:52:44+08:00][sql] SELECT * FROM `address` WHERE  `id` = 2 LIMIT 1 [ RunTime:0.000293s ]
[2023-02-06T08:52:45+08:00][sql] CONNECT:[ UseTime:0.000369s ] mysql:host=localhost;port=3316;dbname=coffee;charset=utf8
[2023-02-06T08:52:45+08:00][sql] SHOW FULL COLUMNS FROM `information` [ RunTime:0.001321s ]
[2023-02-06T08:52:45+08:00][sql] SELECT * FROM `information` ORDER BY `time` DESC LIMIT 1 [ RunTime:0.000318s ]
[2023-02-06T08:52:45+08:00][sql] SHOW FULL COLUMNS FROM `topic` [ RunTime:0.000943s ]
[2023-02-06T08:52:45+08:00][sql] SELECT * FROM `topic` [ RunTime:0.000205s ]
[2023-02-06T08:52:45+08:00][sql] SELECT * FROM `information` WHERE  `topic_id` = 3 [ RunTime:0.000558s ]
[2023-02-06T08:52:45+08:00][sql] SHOW FULL COLUMNS FROM `address` [ RunTime:0.000913s ]
[2023-02-06T08:52:45+08:00][sql] SELECT * FROM `address` WHERE  `id` = 1 LIMIT 1 [ RunTime:0.000229s ]
[2023-02-06T08:52:45+08:00][sql] SELECT * FROM `address` WHERE  `id` = 2 LIMIT 1 [ RunTime:0.000217s ]
[2023-02-06T09:47:39+08:00][sql] CONNECT:[ UseTime:0.013314s ] mysql:host=localhost;port=3316;dbname=coffee;charset=utf8
[2023-02-06T09:47:39+08:00][sql] SHOW FULL COLUMNS FROM `information` [ RunTime:0.003999s ]
[2023-02-06T09:47:39+08:00][sql] SELECT * FROM `information` WHERE  `id` = 17 LIMIT 1 [ RunTime:0.000508s ]
[2023-02-06T09:47:39+08:00][sql] SHOW FULL COLUMNS FROM `address` [ RunTime:0.001640s ]
[2023-02-06T09:47:39+08:00][sql] SELECT * FROM `address` WHERE  `id` = 1 LIMIT 1 [ RunTime:0.000441s ]
[2023-02-06T09:47:39+08:00][sql] SELECT * FROM `address` WHERE  `id` = 2 LIMIT 1 [ RunTime:0.000378s ]
[2023-02-06T09:49:30+08:00][sql] CONNECT:[ UseTime:0.000486s ] mysql:host=localhost;port=3316;dbname=coffee;charset=utf8
[2023-02-06T09:49:30+08:00][sql] SHOW FULL COLUMNS FROM `information` [ RunTime:0.001314s ]
[2023-02-06T09:49:30+08:00][sql] SELECT * FROM `information` WHERE  `id` = 17 LIMIT 1 [ RunTime:0.000323s ]
[2023-02-06T09:49:30+08:00][sql] SHOW FULL COLUMNS FROM `address` [ RunTime:0.001076s ]
[2023-02-06T09:49:30+08:00][sql] SELECT * FROM `address` WHERE  `id` = 1 LIMIT 1 [ RunTime:0.000285s ]
[2023-02-06T09:49:30+08:00][sql] SELECT * FROM `address` WHERE  `id` = 2 LIMIT 1 [ RunTime:0.000247s ]
[2023-02-06T11:07:50+08:00][sql] CONNECT:[ UseTime:0.002800s ] mysql:host=localhost;port=3316;dbname=coffee;charset=utf8
[2023-02-06T11:07:50+08:00][sql] SHOW FULL COLUMNS FROM `information` [ RunTime:0.001353s ]
[2023-02-06T11:07:50+08:00][sql] SELECT * FROM `information` WHERE  `id` = 6 LIMIT 1 [ RunTime:0.000350s ]
[2023-02-06T11:07:50+08:00][sql] SHOW FULL COLUMNS FROM `address` [ RunTime:0.000988s ]
[2023-02-06T11:07:50+08:00][sql] SELECT * FROM `address` WHERE  `id` = 1 LIMIT 1 [ RunTime:0.000305s ]
[2023-02-06T11:07:50+08:00][sql] SELECT * FROM `address` WHERE  `id` = 2 LIMIT 1 [ RunTime:0.000253s ]
[2023-02-06T11:10:59+08:00][sql] CONNECT:[ UseTime:0.000391s ] mysql:host=localhost;port=3316;dbname=coffee;charset=utf8
[2023-02-06T11:10:59+08:00][sql] SHOW FULL COLUMNS FROM `information` [ RunTime:0.001276s ]
[2023-02-06T11:10:59+08:00][sql] SELECT * FROM `information` WHERE  `id` = 6 LIMIT 1 [ RunTime:0.000281s ]
[2023-02-06T11:10:59+08:00][sql] SHOW FULL COLUMNS FROM `address` [ RunTime:0.000952s ]
[2023-02-06T11:10:59+08:00][sql] SELECT * FROM `address` WHERE  `id` = 1 LIMIT 1 [ RunTime:0.000236s ]
[2023-02-06T11:10:59+08:00][sql] SELECT * FROM `address` WHERE  `id` = 2 LIMIT 1 [ RunTime:0.000211s ]
[2023-02-06T12:55:16+08:00][sql] CONNECT:[ UseTime:0.000407s ] mysql:host=localhost;port=3316;dbname=coffee;charset=utf8
[2023-02-06T12:55:16+08:00][sql] SHOW FULL COLUMNS FROM `information` [ RunTime:0.001357s ]
[2023-02-06T12:55:16+08:00][sql] SELECT * FROM `information` ORDER BY `time` DESC LIMIT 1 [ RunTime:0.000371s ]
[2023-02-06T12:55:16+08:00][sql] SHOW FULL COLUMNS FROM `topic` [ RunTime:0.000864s ]
[2023-02-06T12:55:16+08:00][sql] SELECT * FROM `topic` [ RunTime:0.000226s ]
[2023-02-06T12:55:16+08:00][sql] SELECT * FROM `information` ORDER BY `time` DESC [ RunTime:0.000866s ]
[2023-02-06T12:55:16+08:00][sql] SHOW FULL COLUMNS FROM `address` [ RunTime:0.000937s ]
[2023-02-06T12:55:16+08:00][sql] SELECT * FROM `address` WHERE  `id` = 1 LIMIT 1 [ RunTime:0.000335s ]
[2023-02-06T12:55:16+08:00][sql] SELECT * FROM `address` WHERE  `id` = 2 LIMIT 1 [ RunTime:0.000252s ]
[2023-02-06T13:04:59+08:00][sql] CONNECT:[ UseTime:0.000438s ] mysql:host=localhost;port=3316;dbname=coffee;charset=utf8
[2023-02-06T13:04:59+08:00][sql] SHOW FULL COLUMNS FROM `information` [ RunTime:0.001340s ]
[2023-02-06T13:04:59+08:00][sql] SELECT * FROM `information` ORDER BY `time` DESC LIMIT 1 [ RunTime:0.000360s ]
[2023-02-06T13:04:59+08:00][sql] SHOW FULL COLUMNS FROM `topic` [ RunTime:0.000969s ]
[2023-02-06T13:04:59+08:00][sql] SELECT * FROM `topic` [ RunTime:0.000251s ]
[2023-02-06T13:04:59+08:00][sql] SELECT * FROM `information` ORDER BY `time` DESC [ RunTime:0.000946s ]
[2023-02-06T13:04:59+08:00][sql] SHOW FULL COLUMNS FROM `address` [ RunTime:0.001047s ]
[2023-02-06T13:04:59+08:00][sql] SELECT * FROM `address` WHERE  `id` = 1 LIMIT 1 [ RunTime:0.000290s ]
[2023-02-06T13:04:59+08:00][sql] SELECT * FROM `address` WHERE  `id` = 2 LIMIT 1 [ RunTime:0.000282s ]
[2023-02-06T14:47:43+08:00][sql] CONNECT:[ UseTime:0.000446s ] mysql:host=localhost;port=3316;dbname=coffee;charset=utf8
[2023-02-06T14:47:43+08:00][sql] SHOW FULL COLUMNS FROM `information` [ RunTime:0.001284s ]
[2023-02-06T14:47:43+08:00][sql] SELECT * FROM `information` ORDER BY `time` DESC LIMIT 1 [ RunTime:0.000346s ]
[2023-02-06T14:47:43+08:00][sql] SHOW FULL COLUMNS FROM `topic` [ RunTime:0.000873s ]
[2023-02-06T14:47:43+08:00][sql] SELECT * FROM `topic` [ RunTime:0.000269s ]
[2023-02-06T14:47:43+08:00][sql] SELECT * FROM `information` ORDER BY `time` DESC [ RunTime:0.000921s ]
[2023-02-06T14:47:43+08:00][sql] SHOW FULL COLUMNS FROM `address` [ RunTime:0.000968s ]
[2023-02-06T14:47:43+08:00][sql] SELECT * FROM `address` WHERE  `id` = 1 LIMIT 1 [ RunTime:0.000300s ]
[2023-02-06T14:47:43+08:00][sql] SELECT * FROM `address` WHERE  `id` = 2 LIMIT 1 [ RunTime:0.000256s ]
[2023-02-06T14:49:34+08:00][sql] CONNECT:[ UseTime:0.000418s ] mysql:host=localhost;port=3316;dbname=coffee;charset=utf8
[2023-02-06T14:49:34+08:00][sql] SHOW FULL COLUMNS FROM `information` [ RunTime:0.001329s ]
[2023-02-06T14:49:34+08:00][sql] SELECT * FROM `information` ORDER BY `time` DESC LIMIT 1 [ RunTime:0.000340s ]
[2023-02-06T14:49:34+08:00][sql] SHOW FULL COLUMNS FROM `topic` [ RunTime:0.000881s ]
[2023-02-06T14:49:34+08:00][sql] SELECT * FROM `topic` [ RunTime:0.000224s ]
[2023-02-06T14:49:34+08:00][sql] SELECT * FROM `information` ORDER BY `time` DESC [ RunTime:0.000837s ]
[2023-02-06T14:49:34+08:00][sql] SHOW FULL COLUMNS FROM `address` [ RunTime:0.000935s ]
[2023-02-06T14:49:34+08:00][sql] SELECT * FROM `address` WHERE  `id` = 1 LIMIT 1 [ RunTime:0.000277s ]
[2023-02-06T14:49:34+08:00][sql] SELECT * FROM `address` WHERE  `id` = 2 LIMIT 1 [ RunTime:0.000259s ]
[2023-02-06T16:58:21+08:00][sql] CONNECT:[ UseTime:0.000403s ] mysql:host=localhost;port=3316;dbname=coffee;charset=utf8
[2023-02-06T16:58:21+08:00][sql] SHOW FULL COLUMNS FROM `information` [ RunTime:0.001372s ]
[2023-02-06T16:58:21+08:00][sql] SELECT * FROM `information` WHERE  `id` = 11 LIMIT 1 [ RunTime:0.000313s ]
[2023-02-06T16:58:21+08:00][sql] SHOW FULL COLUMNS FROM `address` [ RunTime:0.001057s ]
[2023-02-06T16:58:21+08:00][sql] SELECT * FROM `address` WHERE  `id` = 1 LIMIT 1 [ RunTime:0.000275s ]
[2023-02-06T16:58:21+08:00][sql] SELECT * FROM `address` WHERE  `id` = 2 LIMIT 1 [ RunTime:0.000404s ]
[2023-02-06T16:59:31+08:00][sql] CONNECT:[ UseTime:0.000401s ] mysql:host=localhost;port=3316;dbname=coffee;charset=utf8
[2023-02-06T16:59:31+08:00][sql] SHOW FULL COLUMNS FROM `information` [ RunTime:0.001307s ]
[2023-02-06T16:59:31+08:00][sql] SELECT * FROM `information` WHERE  `id` = 11 LIMIT 1 [ RunTime:0.000319s ]
[2023-02-06T16:59:31+08:00][sql] SHOW FULL COLUMNS FROM `address` [ RunTime:0.000918s ]
[2023-02-06T16:59:31+08:00][sql] SELECT * FROM `address` WHERE  `id` = 1 LIMIT 1 [ RunTime:0.000284s ]
[2023-02-06T16:59:31+08:00][sql] SELECT * FROM `address` WHERE  `id` = 2 LIMIT 1 [ RunTime:0.000245s ]
[2023-02-06T19:47:39+08:00][sql] CONNECT:[ UseTime:0.000454s ] mysql:host=localhost;port=3316;dbname=coffee;charset=utf8
[2023-02-06T19:47:39+08:00][sql] SHOW FULL COLUMNS FROM `information` [ RunTime:0.001347s ]
[2023-02-06T19:47:39+08:00][sql] SELECT * FROM `information` ORDER BY `time` DESC LIMIT 1 [ RunTime:0.000338s ]
[2023-02-06T19:47:39+08:00][sql] SHOW FULL COLUMNS FROM `topic` [ RunTime:0.000998s ]
[2023-02-06T19:47:39+08:00][sql] SELECT * FROM `topic` [ RunTime:0.000198s ]
[2023-02-06T19:47:39+08:00][sql] SELECT * FROM `information` ORDER BY `time` DESC [ RunTime:0.000733s ]
[2023-02-06T19:47:39+08:00][sql] SHOW FULL COLUMNS FROM `address` [ RunTime:0.000940s ]
[2023-02-06T19:47:39+08:00][sql] SELECT * FROM `address` WHERE  `id` = 1 LIMIT 1 [ RunTime:0.000243s ]
[2023-02-06T19:47:39+08:00][sql] SELECT * FROM `address` WHERE  `id` = 2 LIMIT 1 [ RunTime:0.000208s ]
[2023-02-06T19:54:41+08:00][sql] CONNECT:[ UseTime:0.000341s ] mysql:host=localhost;port=3316;dbname=coffee;charset=utf8
[2023-02-06T19:54:41+08:00][sql] SHOW FULL COLUMNS FROM `information` [ RunTime:0.001410s ]
[2023-02-06T19:54:41+08:00][sql] SELECT * FROM `information` WHERE  `id` = 14 LIMIT 1 [ RunTime:0.000435s ]
[2023-02-06T19:54:41+08:00][sql] SHOW FULL COLUMNS FROM `address` [ RunTime:0.001092s ]
[2023-02-06T19:54:41+08:00][sql] SELECT * FROM `address` WHERE  `id` = 1 LIMIT 1 [ RunTime:0.000334s ]
[2023-02-06T19:54:41+08:00][sql] SELECT * FROM `address` WHERE  `id` = 2 LIMIT 1 [ RunTime:0.000250s ]
[2023-02-06T20:00:48+08:00][sql] CONNECT:[ UseTime:0.000413s ] mysql:host=localhost;port=3316;dbname=coffee;charset=utf8
[2023-02-06T20:00:48+08:00][sql] SHOW FULL COLUMNS FROM `information` [ RunTime:0.001342s ]
[2023-02-06T20:00:48+08:00][sql] SELECT * FROM `information` WHERE  `id` = 14 LIMIT 1 [ RunTime:0.000326s ]
[2023-02-06T20:00:48+08:00][sql] SHOW FULL COLUMNS FROM `address` [ RunTime:0.000977s ]
[2023-02-06T20:00:48+08:00][sql] SELECT * FROM `address` WHERE  `id` = 1 LIMIT 1 [ RunTime:0.000275s ]
[2023-02-06T20:00:48+08:00][sql] SELECT * FROM `address` WHERE  `id` = 2 LIMIT 1 [ RunTime:0.000260s ]
[2023-02-06T20:05:43+08:00][sql] CONNECT:[ UseTime:0.000647s ] mysql:host=localhost;port=3316;dbname=coffee;charset=utf8
[2023-02-06T20:05:43+08:00][sql] SHOW FULL COLUMNS FROM `information` [ RunTime:0.001710s ]
[2023-02-06T20:05:43+08:00][sql] SELECT * FROM `information` WHERE  `id` = 19 LIMIT 1 [ RunTime:0.000402s ]
[2023-02-06T20:05:43+08:00][sql] SHOW FULL COLUMNS FROM `address` [ RunTime:0.001251s ]
[2023-02-06T20:05:43+08:00][sql] SELECT * FROM `address` WHERE  `id` = 1 LIMIT 1 [ RunTime:0.000293s ]
[2023-02-06T20:05:43+08:00][sql] SELECT * FROM `address` WHERE  `id` = 2 LIMIT 1 [ RunTime:0.000251s ]
[2023-02-06T20:10:42+08:00][sql] CONNECT:[ UseTime:0.007734s ] mysql:host=localhost;port=3316;dbname=coffee;charset=utf8
[2023-02-06T20:10:42+08:00][sql] SHOW FULL COLUMNS FROM `information` [ RunTime:0.001789s ]
[2023-02-06T20:10:42+08:00][sql] SELECT * FROM `information` WHERE  `id` = 19 LIMIT 1 [ RunTime:0.000415s ]
[2023-02-06T20:10:42+08:00][sql] SHOW FULL COLUMNS FROM `address` [ RunTime:0.001402s ]
[2023-02-06T20:10:42+08:00][sql] SELECT * FROM `address` WHERE  `id` = 1 LIMIT 1 [ RunTime:0.000349s ]
[2023-02-06T20:10:42+08:00][sql] SELECT * FROM `address` WHERE  `id` = 2 LIMIT 1 [ RunTime:0.000287s ]
