[2023-02-09T04:34:54+08:00][sql] CONNECT:[ UseTime:0.000416s ] mysql:host=localhost;port=3316;dbname=coffee;charset=utf8
[2023-02-09T04:34:54+08:00][sql] SHOW FULL COLUMNS FROM `information` [ RunTime:0.001243s ]
[2023-02-09T04:34:54+08:00][sql] SELECT * FROM `information` ORDER BY `time` DESC LIMIT 1 [ RunTime:0.000360s ]
[2023-02-09T04:34:54+08:00][sql] SHOW FULL COLUMNS FROM `topic` [ RunTime:0.000847s ]
[2023-02-09T04:34:54+08:00][sql] SELECT * FROM `topic` [ RunTime:0.000237s ]
[2023-02-09T04:34:54+08:00][sql] SELECT * FROM `information` WHERE  `topic_id` = 2 [ RunTime:0.000422s ]
[2023-02-09T04:34:54+08:00][sql] SHOW FULL COLUMNS FROM `address` [ RunTime:0.000935s ]
[2023-02-09T04:34:54+08:00][sql] SELECT * FROM `address` WHERE  `id` = 1 LIMIT 1 [ RunTime:0.000296s ]
[2023-02-09T04:34:54+08:00][sql] SELECT * FROM `address` WHERE  `id` = 2 LIMIT 1 [ RunTime:0.000253s ]
[2023-02-09T04:53:32+08:00][sql] CONNECT:[ UseTime:0.000380s ] mysql:host=localhost;port=3316;dbname=coffee;charset=utf8
[2023-02-09T04:53:32+08:00][sql] SHOW FULL COLUMNS FROM `information` [ RunTime:0.001270s ]
[2023-02-09T04:53:32+08:00][sql] SELECT * FROM `information` WHERE  `id` = 9 LIMIT 1 [ RunTime:0.000351s ]
[2023-02-09T04:53:32+08:00][sql] SHOW FULL COLUMNS FROM `address` [ RunTime:0.001365s ]
[2023-02-09T04:53:32+08:00][sql] SELECT * FROM `address` WHERE  `id` = 1 LIMIT 1 [ RunTime:0.000304s ]
[2023-02-09T04:53:32+08:00][sql] SELECT * FROM `address` WHERE  `id` = 2 LIMIT 1 [ RunTime:0.000243s ]
[2023-02-09T04:57:58+08:00][sql] CONNECT:[ UseTime:0.000378s ] mysql:host=localhost;port=3316;dbname=coffee;charset=utf8
[2023-02-09T04:57:58+08:00][sql] SHOW FULL COLUMNS FROM `information` [ RunTime:0.001308s ]
[2023-02-09T04:57:58+08:00][sql] SELECT * FROM `information` WHERE  `id` = 9 LIMIT 1 [ RunTime:0.000315s ]
[2023-02-09T04:57:58+08:00][sql] SHOW FULL COLUMNS FROM `address` [ RunTime:0.000960s ]
[2023-02-09T04:57:58+08:00][sql] SELECT * FROM `address` WHERE  `id` = 1 LIMIT 1 [ RunTime:0.000283s ]
[2023-02-09T04:57:58+08:00][sql] SELECT * FROM `address` WHERE  `id` = 2 LIMIT 1 [ RunTime:0.000318s ]
[2023-02-09T13:43:24+08:00][sql] CONNECT:[ UseTime:0.000391s ] mysql:host=localhost;port=3316;dbname=coffee;charset=utf8
[2023-02-09T13:43:24+08:00][sql] SHOW FULL COLUMNS FROM `information` [ RunTime:0.001366s ]
[2023-02-09T13:43:24+08:00][sql] SELECT * FROM `information` WHERE  `id` = 17 LIMIT 1 [ RunTime:0.000320s ]
[2023-02-09T13:43:24+08:00][sql] SHOW FULL COLUMNS FROM `address` [ RunTime:0.000978s ]
[2023-02-09T13:43:24+08:00][sql] SELECT * FROM `address` WHERE  `id` = 1 LIMIT 1 [ RunTime:0.000275s ]
[2023-02-09T13:43:24+08:00][sql] SELECT * FROM `address` WHERE  `id` = 2 LIMIT 1 [ RunTime:0.000251s ]
[2023-02-09T13:50:49+08:00][sql] CONNECT:[ UseTime:0.000565s ] mysql:host=localhost;port=3316;dbname=coffee;charset=utf8
[2023-02-09T13:50:49+08:00][sql] SHOW FULL COLUMNS FROM `information` [ RunTime:0.001684s ]
[2023-02-09T13:50:49+08:00][sql] SELECT * FROM `information` WHERE  `id` = 17 LIMIT 1 [ RunTime:0.000343s ]
[2023-02-09T13:50:49+08:00][sql] SHOW FULL COLUMNS FROM `address` [ RunTime:0.001159s ]
[2023-02-09T13:50:49+08:00][sql] SELECT * FROM `address` WHERE  `id` = 1 LIMIT 1 [ RunTime:0.000267s ]
[2023-02-09T13:50:49+08:00][sql] SELECT * FROM `address` WHERE  `id` = 2 LIMIT 1 [ RunTime:0.000238s ]
[2023-02-09T13:53:13+08:00][sql] CONNECT:[ UseTime:0.000355s ] mysql:host=localhost;port=3316;dbname=coffee;charset=utf8
[2023-02-09T13:53:13+08:00][sql] SHOW FULL COLUMNS FROM `information` [ RunTime:0.001387s ]
[2023-02-09T13:53:13+08:00][sql] SELECT * FROM `information` WHERE  `id` = 13 LIMIT 1 [ RunTime:0.000368s ]
[2023-02-09T13:53:13+08:00][sql] SHOW FULL COLUMNS FROM `address` [ RunTime:0.001264s ]
[2023-02-09T13:53:13+08:00][sql] SELECT * FROM `address` WHERE  `id` = 1 LIMIT 1 [ RunTime:0.000242s ]
[2023-02-09T13:53:13+08:00][sql] SELECT * FROM `address` WHERE  `id` = 2 LIMIT 1 [ RunTime:0.000225s ]
[2023-02-09T15:06:47+08:00][sql] CONNECT:[ UseTime:0.000408s ] mysql:host=localhost;port=3316;dbname=coffee;charset=utf8
[2023-02-09T15:06:47+08:00][sql] SHOW FULL COLUMNS FROM `information` [ RunTime:0.001273s ]
[2023-02-09T15:06:47+08:00][sql] SELECT * FROM `information` WHERE  `id` = 1 LIMIT 1 [ RunTime:0.000310s ]
[2023-02-09T15:06:47+08:00][sql] SHOW FULL COLUMNS FROM `address` [ RunTime:0.000936s ]
[2023-02-09T15:06:47+08:00][sql] SELECT * FROM `address` WHERE  `id` = 1 LIMIT 1 [ RunTime:0.000294s ]
[2023-02-09T15:06:47+08:00][sql] SELECT * FROM `address` WHERE  `id` = 2 LIMIT 1 [ RunTime:0.000251s ]
[2023-02-09T15:10:29+08:00][sql] CONNECT:[ UseTime:0.000468s ] mysql:host=localhost;port=3316;dbname=coffee;charset=utf8
[2023-02-09T15:10:29+08:00][sql] SHOW FULL COLUMNS FROM `information` [ RunTime:0.002392s ]
[2023-02-09T15:10:29+08:00][sql] SELECT * FROM `information` WHERE  `id` = 1 LIMIT 1 [ RunTime:0.000307s ]
[2023-02-09T15:10:29+08:00][sql] SHOW FULL COLUMNS FROM `address` [ RunTime:0.001013s ]
[2023-02-09T15:10:29+08:00][sql] SELECT * FROM `address` WHERE  `id` = 1 LIMIT 1 [ RunTime:0.000310s ]
[2023-02-09T15:10:29+08:00][sql] SELECT * FROM `address` WHERE  `id` = 2 LIMIT 1 [ RunTime:0.000257s ]
[2023-02-09T20:43:55+08:00][sql] CONNECT:[ UseTime:0.000424s ] mysql:host=localhost;port=3316;dbname=coffee;charset=utf8
[2023-02-09T20:43:55+08:00][sql] SHOW FULL COLUMNS FROM `information` [ RunTime:0.001320s ]
[2023-02-09T20:43:55+08:00][sql] SELECT * FROM `information` WHERE  `id` = 13 LIMIT 1 [ RunTime:0.000279s ]
[2023-02-09T20:43:55+08:00][sql] SHOW FULL COLUMNS FROM `address` [ RunTime:0.000925s ]
[2023-02-09T20:43:55+08:00][sql] SELECT * FROM `address` WHERE  `id` = 1 LIMIT 1 [ RunTime:0.000250s ]
[2023-02-09T20:43:55+08:00][sql] SELECT * FROM `address` WHERE  `id` = 2 LIMIT 1 [ RunTime:0.000209s ]
[2023-02-09T20:49:32+08:00][sql] CONNECT:[ UseTime:0.000480s ] mysql:host=localhost;port=3316;dbname=coffee;charset=utf8
[2023-02-09T20:49:32+08:00][sql] SHOW FULL COLUMNS FROM `information` [ RunTime:0.001404s ]
[2023-02-09T20:49:32+08:00][sql] SELECT * FROM `information` WHERE  `id` = 13 LIMIT 1 [ RunTime:0.000278s ]
[2023-02-09T20:49:32+08:00][sql] SHOW FULL COLUMNS FROM `address` [ RunTime:0.000875s ]
[2023-02-09T20:49:32+08:00][sql] SELECT * FROM `address` WHERE  `id` = 1 LIMIT 1 [ RunTime:0.000237s ]
[2023-02-09T20:49:32+08:00][sql] SELECT * FROM `address` WHERE  `id` = 2 LIMIT 1 [ RunTime:0.000217s ]
