[2023-02-20T00:40:22+08:00][sql] CONNECT:[ UseTime:0.000390s ] mysql:host=localhost;port=3316;dbname=coffee;charset=utf8
[2023-02-20T00:40:22+08:00][sql] SHOW FULL COLUMNS FROM `information` [ RunTime:0.001420s ]
[2023-02-20T00:40:22+08:00][sql] SELECT * FROM `information` ORDER BY `time` DESC LIMIT 1 [ RunTime:0.000312s ]
[2023-02-20T00:40:22+08:00][sql] SHOW FULL COLUMNS FROM `topic` [ RunTime:0.000887s ]
[2023-02-20T00:40:22+08:00][sql] SELECT * FROM `topic` [ RunTime:0.000205s ]
[2023-02-20T00:40:22+08:00][sql] SELECT * FROM `information` WHERE  `topic_id` = 3 [ RunTime:0.000804s ]
[2023-02-20T00:40:22+08:00][sql] SHOW FULL COLUMNS FROM `address` [ RunTime:0.000914s ]
[2023-02-20T00:40:22+08:00][sql] SELECT * FROM `address` WHERE  `id` = 1 LIMIT 1 [ RunTime:0.000265s ]
[2023-02-20T00:40:22+08:00][sql] SELECT * FROM `address` WHERE  `id` = 2 LIMIT 1 [ RunTime:0.000218s ]
[2023-02-20T00:44:54+08:00][sql] CONNECT:[ UseTime:0.000338s ] mysql:host=localhost;port=3316;dbname=coffee;charset=utf8
[2023-02-20T00:44:54+08:00][sql] SHOW FULL COLUMNS FROM `information` [ RunTime:0.001337s ]
[2023-02-20T00:44:54+08:00][sql] SELECT * FROM `information` ORDER BY `time` DESC LIMIT 1 [ RunTime:0.000295s ]
[2023-02-20T00:44:54+08:00][sql] SHOW FULL COLUMNS FROM `topic` [ RunTime:0.000859s ]
[2023-02-20T00:44:54+08:00][sql] SELECT * FROM `topic` [ RunTime:0.000192s ]
[2023-02-20T00:44:54+08:00][sql] SELECT * FROM `information` WHERE  `topic_id` = 3 [ RunTime:0.000839s ]
[2023-02-20T00:44:54+08:00][sql] SHOW FULL COLUMNS FROM `address` [ RunTime:0.001395s ]
[2023-02-20T00:44:54+08:00][sql] SELECT * FROM `address` WHERE  `id` = 1 LIMIT 1 [ RunTime:0.000357s ]
[2023-02-20T00:44:54+08:00][sql] SELECT * FROM `address` WHERE  `id` = 2 LIMIT 1 [ RunTime:0.000250s ]
[2023-02-20T01:16:27+08:00][sql] CONNECT:[ UseTime:0.000398s ] mysql:host=localhost;port=3316;dbname=coffee;charset=utf8
[2023-02-20T01:16:27+08:00][sql] SHOW FULL COLUMNS FROM `information` [ RunTime:0.001334s ]
[2023-02-20T01:16:27+08:00][sql] SELECT * FROM `information` WHERE  `id` = 7 LIMIT 1 [ RunTime:0.000404s ]
[2023-02-20T01:16:27+08:00][sql] SHOW FULL COLUMNS FROM `address` [ RunTime:0.000942s ]
[2023-02-20T01:16:27+08:00][sql] SELECT * FROM `address` WHERE  `id` = 1 LIMIT 1 [ RunTime:0.000239s ]
[2023-02-20T01:16:27+08:00][sql] SELECT * FROM `address` WHERE  `id` = 2 LIMIT 1 [ RunTime:0.000211s ]
[2023-02-20T01:20:16+08:00][sql] CONNECT:[ UseTime:0.000495s ] mysql:host=localhost;port=3316;dbname=coffee;charset=utf8
[2023-02-20T01:20:16+08:00][sql] SHOW FULL COLUMNS FROM `information` [ RunTime:0.001276s ]
[2023-02-20T01:20:16+08:00][sql] SELECT * FROM `information` WHERE  `id` = 7 LIMIT 1 [ RunTime:0.000313s ]
[2023-02-20T01:20:16+08:00][sql] SHOW FULL COLUMNS FROM `address` [ RunTime:0.000938s ]
[2023-02-20T01:20:16+08:00][sql] SELECT * FROM `address` WHERE  `id` = 1 LIMIT 1 [ RunTime:0.000288s ]
[2023-02-20T01:20:16+08:00][sql] SELECT * FROM `address` WHERE  `id` = 2 LIMIT 1 [ RunTime:0.000253s ]
[2023-02-20T02:10:21+08:00][sql] CONNECT:[ UseTime:0.000393s ] mysql:host=localhost;port=3316;dbname=coffee;charset=utf8
[2023-02-20T02:10:21+08:00][sql] SHOW FULL COLUMNS FROM `information` [ RunTime:0.001260s ]
[2023-02-20T02:10:21+08:00][sql] SELECT * FROM `information` WHERE  `id` = 16 LIMIT 1 [ RunTime:0.000317s ]
[2023-02-20T02:10:21+08:00][sql] SHOW FULL COLUMNS FROM `address` [ RunTime:0.000937s ]
[2023-02-20T02:10:21+08:00][sql] SELECT * FROM `address` WHERE  `id` = 1 LIMIT 1 [ RunTime:0.000237s ]
[2023-02-20T02:10:21+08:00][sql] SELECT * FROM `address` WHERE  `id` = 2 LIMIT 1 [ RunTime:0.000206s ]
[2023-02-20T02:14:48+08:00][sql] CONNECT:[ UseTime:0.000421s ] mysql:host=localhost;port=3316;dbname=coffee;charset=utf8
[2023-02-20T02:14:48+08:00][sql] SHOW FULL COLUMNS FROM `information` [ RunTime:0.001300s ]
[2023-02-20T02:14:48+08:00][sql] SELECT * FROM `information` WHERE  `id` = 16 LIMIT 1 [ RunTime:0.000338s ]
[2023-02-20T02:14:48+08:00][sql] SHOW FULL COLUMNS FROM `address` [ RunTime:0.001096s ]
[2023-02-20T02:14:48+08:00][sql] SELECT * FROM `address` WHERE  `id` = 1 LIMIT 1 [ RunTime:0.000382s ]
[2023-02-20T02:14:48+08:00][sql] SELECT * FROM `address` WHERE  `id` = 2 LIMIT 1 [ RunTime:0.000257s ]
[2023-02-20T10:26:42+08:00][sql] CONNECT:[ UseTime:0.000399s ] mysql:host=localhost;port=3316;dbname=coffee;charset=utf8
[2023-02-20T10:26:42+08:00][sql] SHOW FULL COLUMNS FROM `information` [ RunTime:0.001283s ]
[2023-02-20T10:26:42+08:00][sql] SELECT * FROM `information` ORDER BY `time` DESC LIMIT 1 [ RunTime:0.000308s ]
[2023-02-20T10:26:42+08:00][sql] SHOW FULL COLUMNS FROM `topic` [ RunTime:0.000793s ]
[2023-02-20T10:26:42+08:00][sql] SELECT * FROM `topic` [ RunTime:0.000183s ]
[2023-02-20T10:26:42+08:00][sql] SELECT * FROM `information` ORDER BY `time` DESC [ RunTime:0.000662s ]
[2023-02-20T10:26:42+08:00][sql] SHOW FULL COLUMNS FROM `address` [ RunTime:0.000938s ]
[2023-02-20T10:26:42+08:00][sql] SELECT * FROM `address` WHERE  `id` = 1 LIMIT 1 [ RunTime:0.000241s ]
[2023-02-20T10:26:42+08:00][sql] SELECT * FROM `address` WHERE  `id` = 2 LIMIT 1 [ RunTime:0.000211s ]
[2023-02-20T10:27:42+08:00][sql] CONNECT:[ UseTime:0.000400s ] mysql:host=localhost;port=3316;dbname=coffee;charset=utf8
[2023-02-20T10:27:42+08:00][sql] SHOW FULL COLUMNS FROM `information` [ RunTime:0.001258s ]
[2023-02-20T10:27:42+08:00][sql] SELECT * FROM `information` ORDER BY `time` DESC LIMIT 1 [ RunTime:0.000304s ]
[2023-02-20T10:27:42+08:00][sql] SHOW FULL COLUMNS FROM `topic` [ RunTime:0.000820s ]
[2023-02-20T10:27:42+08:00][sql] SELECT * FROM `topic` [ RunTime:0.000184s ]
[2023-02-20T10:27:42+08:00][sql] SELECT * FROM `information` ORDER BY `time` DESC [ RunTime:0.000681s ]
[2023-02-20T10:27:42+08:00][sql] SHOW FULL COLUMNS FROM `address` [ RunTime:0.000872s ]
[2023-02-20T10:27:42+08:00][sql] SELECT * FROM `address` WHERE  `id` = 1 LIMIT 1 [ RunTime:0.000240s ]
[2023-02-20T10:27:42+08:00][sql] SELECT * FROM `address` WHERE  `id` = 2 LIMIT 1 [ RunTime:0.000198s ]
[2023-02-20T10:29:15+08:00][sql] CONNECT:[ UseTime:0.000368s ] mysql:host=localhost;port=3316;dbname=coffee;charset=utf8
[2023-02-20T10:29:15+08:00][sql] SHOW FULL COLUMNS FROM `information` [ RunTime:0.001269s ]
[2023-02-20T10:29:15+08:00][sql] SELECT * FROM `information` WHERE  `id` = 19 LIMIT 1 [ RunTime:0.000286s ]
[2023-02-20T10:29:15+08:00][sql] SHOW FULL COLUMNS FROM `address` [ RunTime:0.000917s ]
[2023-02-20T10:29:15+08:00][sql] SELECT * FROM `address` WHERE  `id` = 1 LIMIT 1 [ RunTime:0.000260s ]
[2023-02-20T10:29:15+08:00][sql] SELECT * FROM `address` WHERE  `id` = 2 LIMIT 1 [ RunTime:0.000232s ]
[2023-02-20T10:30:44+08:00][sql] CONNECT:[ UseTime:0.000370s ] mysql:host=localhost;port=3316;dbname=coffee;charset=utf8
[2023-02-20T10:30:44+08:00][sql] SHOW FULL COLUMNS FROM `information` [ RunTime:0.001298s ]
[2023-02-20T10:30:44+08:00][sql] SELECT * FROM `information` WHERE  `id` = 19 LIMIT 1 [ RunTime:0.000285s ]
[2023-02-20T10:30:44+08:00][sql] SHOW FULL COLUMNS FROM `address` [ RunTime:0.000919s ]
[2023-02-20T10:30:44+08:00][sql] SELECT * FROM `address` WHERE  `id` = 1 LIMIT 1 [ RunTime:0.000251s ]
[2023-02-20T10:30:44+08:00][sql] SELECT * FROM `address` WHERE  `id` = 2 LIMIT 1 [ RunTime:0.000207s ]
[2023-02-20T10:58:02+08:00][sql] CONNECT:[ UseTime:0.000456s ] mysql:host=localhost;port=3316;dbname=coffee;charset=utf8
[2023-02-20T10:58:02+08:00][sql] SHOW FULL COLUMNS FROM `information` [ RunTime:0.001868s ]
[2023-02-20T10:58:02+08:00][sql] SELECT * FROM `information` WHERE  `id` = 7 LIMIT 1 [ RunTime:0.000442s ]
[2023-02-20T10:58:02+08:00][sql] SHOW FULL COLUMNS FROM `address` [ RunTime:0.001262s ]
[2023-02-20T10:58:02+08:00][sql] SELECT * FROM `address` WHERE  `id` = 1 LIMIT 1 [ RunTime:0.000319s ]
[2023-02-20T10:58:02+08:00][sql] SELECT * FROM `address` WHERE  `id` = 2 LIMIT 1 [ RunTime:0.000260s ]
[2023-02-20T11:02:04+08:00][sql] CONNECT:[ UseTime:0.000425s ] mysql:host=localhost;port=3316;dbname=coffee;charset=utf8
[2023-02-20T11:02:04+08:00][sql] SHOW FULL COLUMNS FROM `information` [ RunTime:0.001302s ]
[2023-02-20T11:02:04+08:00][sql] SELECT * FROM `information` WHERE  `id` = 7 LIMIT 1 [ RunTime:0.000374s ]
[2023-02-20T11:02:04+08:00][sql] SHOW FULL COLUMNS FROM `address` [ RunTime:0.001039s ]
[2023-02-20T11:02:04+08:00][sql] SELECT * FROM `address` WHERE  `id` = 1 LIMIT 1 [ RunTime:0.000271s ]
[2023-02-20T11:02:04+08:00][sql] SELECT * FROM `address` WHERE  `id` = 2 LIMIT 1 [ RunTime:0.000245s ]
[2023-02-20T11:05:06+08:00][sql] CONNECT:[ UseTime:0.000402s ] mysql:host=localhost;port=3316;dbname=coffee;charset=utf8
[2023-02-20T11:05:06+08:00][sql] SHOW FULL COLUMNS FROM `information` [ RunTime:0.001331s ]
[2023-02-20T11:05:06+08:00][sql] SELECT * FROM `information` WHERE  `id` = 7 LIMIT 1 [ RunTime:0.000320s ]
[2023-02-20T11:05:06+08:00][sql] SHOW FULL COLUMNS FROM `address` [ RunTime:0.000943s ]
[2023-02-20T11:05:06+08:00][sql] SELECT * FROM `address` WHERE  `id` = 1 LIMIT 1 [ RunTime:0.000271s ]
[2023-02-20T11:05:06+08:00][sql] SELECT * FROM `address` WHERE  `id` = 2 LIMIT 1 [ RunTime:0.000290s ]
[2023-02-20T11:06:46+08:00][sql] CONNECT:[ UseTime:0.009949s ] mysql:host=localhost;port=3316;dbname=coffee;charset=utf8
[2023-02-20T11:06:46+08:00][sql] SHOW FULL COLUMNS FROM `information` [ RunTime:0.002024s ]
[2023-02-20T11:06:46+08:00][sql] SELECT * FROM `information` WHERE  `id` = 7 LIMIT 1 [ RunTime:0.000500s ]
[2023-02-20T11:06:46+08:00][sql] SHOW FULL COLUMNS FROM `address` [ RunTime:0.001490s ]
[2023-02-20T11:06:46+08:00][sql] SELECT * FROM `address` WHERE  `id` = 1 LIMIT 1 [ RunTime:0.000494s ]
[2023-02-20T11:06:46+08:00][sql] SELECT * FROM `address` WHERE  `id` = 2 LIMIT 1 [ RunTime:0.000503s ]
[2023-02-20T12:59:08+08:00][sql] CONNECT:[ UseTime:0.000433s ] mysql:host=localhost;port=3316;dbname=coffee;charset=utf8
[2023-02-20T12:59:08+08:00][sql] SHOW FULL COLUMNS FROM `information` [ RunTime:0.001248s ]
[2023-02-20T12:59:08+08:00][sql] SELECT * FROM `information` WHERE  `id` = 11 LIMIT 1 [ RunTime:0.000292s ]
[2023-02-20T12:59:08+08:00][sql] SHOW FULL COLUMNS FROM `address` [ RunTime:0.000873s ]
[2023-02-20T12:59:08+08:00][sql] SELECT * FROM `address` WHERE  `id` = 1 LIMIT 1 [ RunTime:0.000242s ]
[2023-02-20T12:59:08+08:00][sql] SELECT * FROM `address` WHERE  `id` = 2 LIMIT 1 [ RunTime:0.000238s ]
[2023-02-20T13:09:33+08:00][sql] CONNECT:[ UseTime:0.000412s ] mysql:host=localhost;port=3316;dbname=coffee;charset=utf8
[2023-02-20T13:09:33+08:00][sql] SHOW FULL COLUMNS FROM `information` [ RunTime:0.001368s ]
[2023-02-20T13:09:33+08:00][sql] SELECT * FROM `information` WHERE  `id` = 11 LIMIT 1 [ RunTime:0.000291s ]
[2023-02-20T13:09:33+08:00][sql] SHOW FULL COLUMNS FROM `address` [ RunTime:0.000986s ]
[2023-02-20T13:09:33+08:00][sql] SELECT * FROM `address` WHERE  `id` = 1 LIMIT 1 [ RunTime:0.000296s ]
[2023-02-20T13:09:33+08:00][sql] SELECT * FROM `address` WHERE  `id` = 2 LIMIT 1 [ RunTime:0.000235s ]
