[2023-02-21T00:38:15+08:00][sql] CONNECT:[ UseTime:0.000385s ] mysql:host=localhost;port=3316;dbname=coffee;charset=utf8
[2023-02-21T00:38:15+08:00][sql] SHOW FULL COLUMNS FROM `information` [ RunTime:0.001291s ]
[2023-02-21T00:38:15+08:00][sql] SELECT * FROM `information` WHERE  `id` = 19 LIMIT 1 [ RunTime:0.000320s ]
[2023-02-21T00:38:15+08:00][sql] SHOW FULL COLUMNS FROM `address` [ RunTime:0.000964s ]
[2023-02-21T00:38:15+08:00][sql] SELECT * FROM `address` WHERE  `id` = 1 LIMIT 1 [ RunTime:0.000276s ]
[2023-02-21T00:38:15+08:00][sql] SELECT * FROM `address` WHERE  `id` = 2 LIMIT 1 [ RunTime:0.000246s ]
[2023-02-21T00:54:04+08:00][sql] CONNECT:[ UseTime:0.000427s ] mysql:host=localhost;port=3316;dbname=coffee;charset=utf8
[2023-02-21T00:54:04+08:00][sql] SHOW FULL COLUMNS FROM `information` [ RunTime:0.001404s ]
[2023-02-21T00:54:04+08:00][sql] SELECT * FROM `information` WHERE  `id` = 19 LIMIT 1 [ RunTime:0.000354s ]
[2023-02-21T00:54:04+08:00][sql] SHOW FULL COLUMNS FROM `address` [ RunTime:0.001085s ]
[2023-02-21T00:54:04+08:00][sql] SELECT * FROM `address` WHERE  `id` = 1 LIMIT 1 [ RunTime:0.000328s ]
[2023-02-21T00:54:04+08:00][sql] SELECT * FROM `address` WHERE  `id` = 2 LIMIT 1 [ RunTime:0.000299s ]
[2023-02-21T02:46:34+08:00][sql] CONNECT:[ UseTime:0.000449s ] mysql:host=localhost;port=3316;dbname=coffee;charset=utf8
[2023-02-21T02:46:34+08:00][sql] SHOW FULL COLUMNS FROM `information` [ RunTime:0.001565s ]
[2023-02-21T02:46:34+08:00][sql] SELECT * FROM `information` ORDER BY `time` DESC LIMIT 1 [ RunTime:0.000511s ]
[2023-02-21T02:46:34+08:00][sql] SHOW FULL COLUMNS FROM `topic` [ RunTime:0.001377s ]
[2023-02-21T02:46:34+08:00][sql] SELECT * FROM `topic` [ RunTime:0.000315s ]
[2023-02-21T02:46:34+08:00][sql] SELECT * FROM `information` ORDER BY `time` DESC [ RunTime:0.000946s ]
[2023-02-21T02:46:34+08:00][sql] SHOW FULL COLUMNS FROM `address` [ RunTime:0.002109s ]
[2023-02-21T02:46:34+08:00][sql] SELECT * FROM `address` WHERE  `id` = 1 LIMIT 1 [ RunTime:0.000365s ]
[2023-02-21T02:46:34+08:00][sql] SELECT * FROM `address` WHERE  `id` = 2 LIMIT 1 [ RunTime:0.000254s ]
[2023-02-21T02:49:26+08:00][sql] CONNECT:[ UseTime:0.000413s ] mysql:host=localhost;port=3316;dbname=coffee;charset=utf8
[2023-02-21T02:49:26+08:00][sql] SHOW FULL COLUMNS FROM `information` [ RunTime:0.001344s ]
[2023-02-21T02:49:26+08:00][sql] SELECT * FROM `information` ORDER BY `time` DESC LIMIT 1 [ RunTime:0.000343s ]
[2023-02-21T02:49:26+08:00][sql] SHOW FULL COLUMNS FROM `topic` [ RunTime:0.000952s ]
[2023-02-21T02:49:26+08:00][sql] SELECT * FROM `topic` [ RunTime:0.000228s ]
[2023-02-21T02:49:26+08:00][sql] SELECT * FROM `information` ORDER BY `time` DESC [ RunTime:0.000874s ]
[2023-02-21T02:49:26+08:00][sql] SHOW FULL COLUMNS FROM `address` [ RunTime:0.000925s ]
[2023-02-21T02:49:26+08:00][sql] SELECT * FROM `address` WHERE  `id` = 1 LIMIT 1 [ RunTime:0.000273s ]
[2023-02-21T02:49:26+08:00][sql] SELECT * FROM `address` WHERE  `id` = 2 LIMIT 1 [ RunTime:0.000245s ]
[2023-02-21T02:50:34+08:00][sql] CONNECT:[ UseTime:0.000452s ] mysql:host=localhost;port=3316;dbname=coffee;charset=utf8
[2023-02-21T02:50:34+08:00][sql] SHOW FULL COLUMNS FROM `information` [ RunTime:0.001638s ]
[2023-02-21T02:50:34+08:00][sql] SELECT * FROM `information` ORDER BY `time` DESC LIMIT 1 [ RunTime:0.000381s ]
[2023-02-21T02:50:34+08:00][sql] SHOW FULL COLUMNS FROM `topic` [ RunTime:0.001124s ]
[2023-02-21T02:50:34+08:00][sql] SELECT * FROM `topic` [ RunTime:0.000257s ]
[2023-02-21T02:50:34+08:00][sql] SELECT * FROM `information` WHERE  `topic_id` = 2 [ RunTime:0.000423s ]
[2023-02-21T02:50:34+08:00][sql] SHOW FULL COLUMNS FROM `address` [ RunTime:0.001129s ]
[2023-02-21T02:50:34+08:00][sql] SELECT * FROM `address` WHERE  `id` = 1 LIMIT 1 [ RunTime:0.000291s ]
[2023-02-21T02:50:34+08:00][sql] SELECT * FROM `address` WHERE  `id` = 2 LIMIT 1 [ RunTime:0.000232s ]
[2023-02-21T02:54:13+08:00][sql] CONNECT:[ UseTime:0.000363s ] mysql:host=localhost;port=3316;dbname=coffee;charset=utf8
[2023-02-21T02:54:13+08:00][sql] SHOW FULL COLUMNS FROM `information` [ RunTime:0.001570s ]
[2023-02-21T02:54:13+08:00][sql] SELECT * FROM `information` WHERE  `id` = 19 LIMIT 1 [ RunTime:0.001562s ]
[2023-02-21T02:54:13+08:00][sql] SHOW FULL COLUMNS FROM `address` [ RunTime:0.000944s ]
[2023-02-21T02:54:13+08:00][sql] SELECT * FROM `address` WHERE  `id` = 1 LIMIT 1 [ RunTime:0.000279s ]
[2023-02-21T02:54:13+08:00][sql] SELECT * FROM `address` WHERE  `id` = 2 LIMIT 1 [ RunTime:0.000251s ]
[2023-02-21T03:04:37+08:00][sql] CONNECT:[ UseTime:0.000477s ] mysql:host=localhost;port=3316;dbname=coffee;charset=utf8
[2023-02-21T03:04:37+08:00][sql] SHOW FULL COLUMNS FROM `information` [ RunTime:0.001748s ]
[2023-02-21T03:04:37+08:00][sql] SELECT * FROM `information` ORDER BY `time` DESC LIMIT 1 [ RunTime:0.000366s ]
[2023-02-21T03:04:37+08:00][sql] SHOW FULL COLUMNS FROM `topic` [ RunTime:0.001168s ]
[2023-02-21T03:04:37+08:00][sql] SELECT * FROM `topic` [ RunTime:0.000252s ]
[2023-02-21T03:04:37+08:00][sql] SELECT * FROM `information` WHERE  `topic_id` = 2 [ RunTime:0.000422s ]
[2023-02-21T03:04:37+08:00][sql] SHOW FULL COLUMNS FROM `address` [ RunTime:0.000917s ]
[2023-02-21T03:04:37+08:00][sql] SELECT * FROM `address` WHERE  `id` = 1 LIMIT 1 [ RunTime:0.000230s ]
[2023-02-21T03:04:37+08:00][sql] SELECT * FROM `address` WHERE  `id` = 2 LIMIT 1 [ RunTime:0.000194s ]
[2023-02-21T09:06:10+08:00][sql] CONNECT:[ UseTime:0.000403s ] mysql:host=localhost;port=3316;dbname=coffee;charset=utf8
[2023-02-21T09:06:10+08:00][sql] SHOW FULL COLUMNS FROM `information` [ RunTime:0.001293s ]
[2023-02-21T09:06:10+08:00][sql] SELECT * FROM `information` ORDER BY `time` DESC LIMIT 1 [ RunTime:0.000335s ]
[2023-02-21T09:06:10+08:00][sql] SHOW FULL COLUMNS FROM `topic` [ RunTime:0.000844s ]
[2023-02-21T09:06:10+08:00][sql] SELECT * FROM `topic` [ RunTime:0.000263s ]
[2023-02-21T09:06:10+08:00][sql] SELECT * FROM `information` ORDER BY `time` DESC [ RunTime:0.000868s ]
[2023-02-21T09:06:10+08:00][sql] SHOW FULL COLUMNS FROM `address` [ RunTime:0.000946s ]
[2023-02-21T09:06:10+08:00][sql] SELECT * FROM `address` WHERE  `id` = 1 LIMIT 1 [ RunTime:0.000292s ]
[2023-02-21T09:06:10+08:00][sql] SELECT * FROM `address` WHERE  `id` = 2 LIMIT 1 [ RunTime:0.000247s ]
[2023-02-21T09:14:54+08:00][sql] CONNECT:[ UseTime:0.000478s ] mysql:host=localhost;port=3316;dbname=coffee;charset=utf8
[2023-02-21T09:14:54+08:00][sql] SHOW FULL COLUMNS FROM `information` [ RunTime:0.001337s ]
[2023-02-21T09:14:54+08:00][sql] SELECT * FROM `information` ORDER BY `time` DESC LIMIT 1 [ RunTime:0.000363s ]
[2023-02-21T09:14:54+08:00][sql] SHOW FULL COLUMNS FROM `topic` [ RunTime:0.000861s ]
[2023-02-21T09:14:54+08:00][sql] SELECT * FROM `topic` [ RunTime:0.000244s ]
[2023-02-21T09:14:54+08:00][sql] SELECT * FROM `information` ORDER BY `time` DESC [ RunTime:0.000829s ]
[2023-02-21T09:14:54+08:00][sql] SHOW FULL COLUMNS FROM `address` [ RunTime:0.000929s ]
[2023-02-21T09:14:54+08:00][sql] SELECT * FROM `address` WHERE  `id` = 1 LIMIT 1 [ RunTime:0.000285s ]
[2023-02-21T09:14:54+08:00][sql] SELECT * FROM `address` WHERE  `id` = 2 LIMIT 1 [ RunTime:0.000246s ]
[2023-02-21T11:37:15+08:00][sql] CONNECT:[ UseTime:0.000377s ] mysql:host=localhost;port=3316;dbname=coffee;charset=utf8
[2023-02-21T11:37:15+08:00][sql] SHOW FULL COLUMNS FROM `information` [ RunTime:0.001242s ]
[2023-02-21T11:37:15+08:00][sql] SELECT * FROM `information` ORDER BY `time` DESC LIMIT 1 [ RunTime:0.000311s ]
[2023-02-21T11:37:15+08:00][sql] SHOW FULL COLUMNS FROM `topic` [ RunTime:0.000791s ]
[2023-02-21T11:37:15+08:00][sql] SELECT * FROM `topic` [ RunTime:0.000197s ]
[2023-02-21T11:37:15+08:00][sql] SELECT * FROM `information` ORDER BY `time` DESC [ RunTime:0.000667s ]
[2023-02-21T11:37:15+08:00][sql] SHOW FULL COLUMNS FROM `address` [ RunTime:0.000841s ]
[2023-02-21T11:37:15+08:00][sql] SELECT * FROM `address` WHERE  `id` = 1 LIMIT 1 [ RunTime:0.000241s ]
[2023-02-21T11:37:15+08:00][sql] SELECT * FROM `address` WHERE  `id` = 2 LIMIT 1 [ RunTime:0.000228s ]
[2023-02-21T15:51:44+08:00][sql] CONNECT:[ UseTime:0.000371s ] mysql:host=localhost;port=3316;dbname=coffee;charset=utf8
[2023-02-21T15:51:44+08:00][sql] SHOW FULL COLUMNS FROM `information` [ RunTime:0.001290s ]
[2023-02-21T15:51:44+08:00][sql] SELECT * FROM `information` WHERE  `id` = 14 LIMIT 1 [ RunTime:0.000299s ]
[2023-02-21T15:51:44+08:00][sql] SHOW FULL COLUMNS FROM `address` [ RunTime:0.000931s ]
[2023-02-21T15:51:44+08:00][sql] SELECT * FROM `address` WHERE  `id` = 1 LIMIT 1 [ RunTime:0.000249s ]
[2023-02-21T15:51:44+08:00][sql] SELECT * FROM `address` WHERE  `id` = 2 LIMIT 1 [ RunTime:0.000214s ]
[2023-02-21T16:05:10+08:00][sql] CONNECT:[ UseTime:0.000462s ] mysql:host=localhost;port=3316;dbname=coffee;charset=utf8
[2023-02-21T16:05:10+08:00][sql] SHOW FULL COLUMNS FROM `information` [ RunTime:0.001265s ]
[2023-02-21T16:05:10+08:00][sql] SELECT * FROM `information` WHERE  `id` = 14 LIMIT 1 [ RunTime:0.000410s ]
[2023-02-21T16:05:10+08:00][sql] SHOW FULL COLUMNS FROM `address` [ RunTime:0.000937s ]
[2023-02-21T16:05:10+08:00][sql] SELECT * FROM `address` WHERE  `id` = 1 LIMIT 1 [ RunTime:0.000272s ]
[2023-02-21T16:05:10+08:00][sql] SELECT * FROM `address` WHERE  `id` = 2 LIMIT 1 [ RunTime:0.000267s ]
[2023-02-21T17:35:05+08:00][sql] CONNECT:[ UseTime:0.000454s ] mysql:host=localhost;port=3316;dbname=coffee;charset=utf8
[2023-02-21T17:35:05+08:00][sql] SHOW FULL COLUMNS FROM `information` [ RunTime:0.001242s ]
[2023-02-21T17:35:05+08:00][sql] SELECT * FROM `information` WHERE  `id` = 1 LIMIT 1 [ RunTime:0.000267s ]
[2023-02-21T17:35:05+08:00][sql] SHOW FULL COLUMNS FROM `address` [ RunTime:0.000926s ]
[2023-02-21T17:35:05+08:00][sql] SELECT * FROM `address` WHERE  `id` = 1 LIMIT 1 [ RunTime:0.000249s ]
[2023-02-21T17:35:05+08:00][sql] SELECT * FROM `address` WHERE  `id` = 2 LIMIT 1 [ RunTime:0.000193s ]
[2023-02-21T17:40:15+08:00][sql] CONNECT:[ UseTime:0.000372s ] mysql:host=localhost;port=3316;dbname=coffee;charset=utf8
[2023-02-21T17:40:15+08:00][sql] SHOW FULL COLUMNS FROM `information` [ RunTime:0.001280s ]
[2023-02-21T17:40:15+08:00][sql] SELECT * FROM `information` WHERE  `id` = 1 LIMIT 1 [ RunTime:0.000316s ]
[2023-02-21T17:40:15+08:00][sql] SHOW FULL COLUMNS FROM `address` [ RunTime:0.000966s ]
[2023-02-21T17:40:15+08:00][sql] SELECT * FROM `address` WHERE  `id` = 1 LIMIT 1 [ RunTime:0.000274s ]
[2023-02-21T17:40:15+08:00][sql] SELECT * FROM `address` WHERE  `id` = 2 LIMIT 1 [ RunTime:0.000249s ]
[2023-02-21T19:16:42+08:00][sql] CONNECT:[ UseTime:0.000500s ] mysql:host=localhost;port=3316;dbname=coffee;charset=utf8
[2023-02-21T19:16:42+08:00][sql] SHOW FULL COLUMNS FROM `information` [ RunTime:0.001444s ]
[2023-02-21T19:16:42+08:00][sql] SELECT * FROM `information` ORDER BY `time` DESC LIMIT 1 [ RunTime:0.000317s ]
[2023-02-21T19:16:42+08:00][sql] SHOW FULL COLUMNS FROM `topic` [ RunTime:0.000882s ]
[2023-02-21T19:16:42+08:00][sql] SELECT * FROM `topic` [ RunTime:0.000230s ]
[2023-02-21T19:16:42+08:00][sql] SELECT * FROM `information` ORDER BY `time` DESC [ RunTime:0.000860s ]
[2023-02-21T19:16:42+08:00][sql] SHOW FULL COLUMNS FROM `address` [ RunTime:0.000945s ]
[2023-02-21T19:16:42+08:00][sql] SELECT * FROM `address` WHERE  `id` = 1 LIMIT 1 [ RunTime:0.000277s ]
[2023-02-21T19:16:42+08:00][sql] SELECT * FROM `address` WHERE  `id` = 2 LIMIT 1 [ RunTime:0.000255s ]
[2023-02-21T19:19:32+08:00][sql] CONNECT:[ UseTime:0.000423s ] mysql:host=localhost;port=3316;dbname=coffee;charset=utf8
[2023-02-21T19:19:32+08:00][sql] SHOW FULL COLUMNS FROM `information` [ RunTime:0.001322s ]
[2023-02-21T19:19:32+08:00][sql] SELECT * FROM `information` ORDER BY `time` DESC LIMIT 1 [ RunTime:0.000332s ]
[2023-02-21T19:19:32+08:00][sql] SHOW FULL COLUMNS FROM `topic` [ RunTime:0.001063s ]
[2023-02-21T19:19:32+08:00][sql] SELECT * FROM `topic` [ RunTime:0.000251s ]
[2023-02-21T19:19:32+08:00][sql] SELECT * FROM `information` ORDER BY `time` DESC [ RunTime:0.000880s ]
[2023-02-21T19:19:32+08:00][sql] SHOW FULL COLUMNS FROM `address` [ RunTime:0.001128s ]
[2023-02-21T19:19:32+08:00][sql] SELECT * FROM `address` WHERE  `id` = 1 LIMIT 1 [ RunTime:0.000296s ]
[2023-02-21T19:19:32+08:00][sql] SELECT * FROM `address` WHERE  `id` = 2 LIMIT 1 [ RunTime:0.000255s ]
[2023-02-21T21:12:19+08:00][sql] CONNECT:[ UseTime:0.000373s ] mysql:host=localhost;port=3316;dbname=coffee;charset=utf8
[2023-02-21T21:12:19+08:00][sql] SHOW FULL COLUMNS FROM `information` [ RunTime:0.001478s ]
[2023-02-21T21:12:19+08:00][sql] SELECT * FROM `information` WHERE  `id` = 18 LIMIT 1 [ RunTime:0.000303s ]
[2023-02-21T21:12:19+08:00][sql] SHOW FULL COLUMNS FROM `address` [ RunTime:0.000979s ]
[2023-02-21T21:12:19+08:00][sql] SELECT * FROM `address` WHERE  `id` = 1 LIMIT 1 [ RunTime:0.000259s ]
[2023-02-21T21:12:19+08:00][sql] SELECT * FROM `address` WHERE  `id` = 2 LIMIT 1 [ RunTime:0.000244s ]
[2023-02-21T21:12:22+08:00][sql] CONNECT:[ UseTime:0.000475s ] mysql:host=localhost;port=3316;dbname=coffee;charset=utf8
[2023-02-21T21:12:22+08:00][sql] SHOW FULL COLUMNS FROM `information` [ RunTime:0.001870s ]
[2023-02-21T21:12:22+08:00][sql] SELECT * FROM `information` WHERE  `id` = 18 LIMIT 1 [ RunTime:0.000381s ]
[2023-02-21T21:12:22+08:00][sql] SHOW FULL COLUMNS FROM `address` [ RunTime:0.001034s ]
[2023-02-21T21:12:22+08:00][sql] SELECT * FROM `address` WHERE  `id` = 1 LIMIT 1 [ RunTime:0.000270s ]
[2023-02-21T21:12:22+08:00][sql] SELECT * FROM `address` WHERE  `id` = 2 LIMIT 1 [ RunTime:0.000258s ]
[2023-02-21T21:17:52+08:00][sql] CONNECT:[ UseTime:0.000537s ] mysql:host=localhost;port=3316;dbname=coffee;charset=utf8
[2023-02-21T21:17:52+08:00][sql] SHOW FULL COLUMNS FROM `information` [ RunTime:0.001432s ]
[2023-02-21T21:17:52+08:00][sql] SELECT * FROM `information` WHERE  `id` = 18 LIMIT 1 [ RunTime:0.000380s ]
[2023-02-21T21:17:52+08:00][sql] SHOW FULL COLUMNS FROM `address` [ RunTime:0.001158s ]
[2023-02-21T21:17:52+08:00][sql] SELECT * FROM `address` WHERE  `id` = 1 LIMIT 1 [ RunTime:0.000292s ]
[2023-02-21T21:17:52+08:00][sql] SELECT * FROM `address` WHERE  `id` = 2 LIMIT 1 [ RunTime:0.000241s ]
[2023-02-21T23:44:58+08:00][sql] CONNECT:[ UseTime:0.000456s ] mysql:host=localhost;port=3316;dbname=coffee;charset=utf8
[2023-02-21T23:44:58+08:00][sql] SHOW FULL COLUMNS FROM `information` [ RunTime:0.001376s ]
[2023-02-21T23:44:58+08:00][sql] SELECT * FROM `information` WHERE  `id` = 8 LIMIT 1 [ RunTime:0.000353s ]
[2023-02-21T23:44:58+08:00][sql] SHOW FULL COLUMNS FROM `address` [ RunTime:0.000979s ]
[2023-02-21T23:44:58+08:00][sql] SELECT * FROM `address` WHERE  `id` = 1 LIMIT 1 [ RunTime:0.000267s ]
[2023-02-21T23:44:58+08:00][sql] SELECT * FROM `address` WHERE  `id` = 2 LIMIT 1 [ RunTime:0.000247s ]
[2023-02-21T23:50:11+08:00][sql] CONNECT:[ UseTime:0.000460s ] mysql:host=localhost;port=3316;dbname=coffee;charset=utf8
[2023-02-21T23:50:11+08:00][sql] SHOW FULL COLUMNS FROM `information` [ RunTime:0.001335s ]
[2023-02-21T23:50:11+08:00][sql] SELECT * FROM `information` WHERE  `id` = 8 LIMIT 1 [ RunTime:0.000343s ]
[2023-02-21T23:50:11+08:00][sql] SHOW FULL COLUMNS FROM `address` [ RunTime:0.000939s ]
[2023-02-21T23:50:11+08:00][sql] SELECT * FROM `address` WHERE  `id` = 1 LIMIT 1 [ RunTime:0.000274s ]
[2023-02-21T23:50:11+08:00][sql] SELECT * FROM `address` WHERE  `id` = 2 LIMIT 1 [ RunTime:0.000242s ]
