[2023-02-24T10:42:14+08:00][sql] CONNECT:[ UseTime:0.000386s ] mysql:host=localhost;port=3316;dbname=coffee;charset=utf8
[2023-02-24T10:42:14+08:00][sql] SHOW FULL COLUMNS FROM `information` [ RunTime:0.001350s ]
[2023-02-24T10:42:14+08:00][sql] SELECT * FROM `information` WHERE  `id` = 4 LIMIT 1 [ RunTime:0.000318s ]
[2023-02-24T10:42:14+08:00][sql] SHOW FULL COLUMNS FROM `address` [ RunTime:0.000967s ]
[2023-02-24T10:42:14+08:00][sql] SELECT * FROM `address` WHERE  `id` = 1 LIMIT 1 [ RunTime:0.000276s ]
[2023-02-24T10:42:14+08:00][sql] SELECT * FROM `address` WHERE  `id` = 2 LIMIT 1 [ RunTime:0.000244s ]
[2023-02-24T10:50:01+08:00][sql] CONNECT:[ UseTime:0.000412s ] mysql:host=localhost;port=3316;dbname=coffee;charset=utf8
[2023-02-24T10:50:01+08:00][sql] SHOW FULL COLUMNS FROM `information` [ RunTime:0.001380s ]
[2023-02-24T10:50:01+08:00][sql] SELECT * FROM `information` WHERE  `id` = 4 LIMIT 1 [ RunTime:0.000321s ]
[2023-02-24T10:50:01+08:00][sql] SHOW FULL COLUMNS FROM `address` [ RunTime:0.001014s ]
[2023-02-24T10:50:01+08:00][sql] SELECT * FROM `address` WHERE  `id` = 1 LIMIT 1 [ RunTime:0.000329s ]
[2023-02-24T10:50:01+08:00][sql] SELECT * FROM `address` WHERE  `id` = 2 LIMIT 1 [ RunTime:0.000247s ]
[2023-02-24T13:44:06+08:00][sql] CONNECT:[ UseTime:0.000459s ] mysql:host=localhost;port=3316;dbname=coffee;charset=utf8
[2023-02-24T13:44:06+08:00][sql] SHOW FULL COLUMNS FROM `information` [ RunTime:0.001624s ]
[2023-02-24T13:44:06+08:00][sql] SELECT * FROM `information` WHERE  `id` = 4 LIMIT 1 [ RunTime:0.000352s ]
[2023-02-24T13:44:06+08:00][sql] SHOW FULL COLUMNS FROM `address` [ RunTime:0.001146s ]
[2023-02-24T13:44:06+08:00][sql] SELECT * FROM `address` WHERE  `id` = 1 LIMIT 1 [ RunTime:0.000278s ]
[2023-02-24T13:44:06+08:00][sql] SELECT * FROM `address` WHERE  `id` = 2 LIMIT 1 [ RunTime:0.000234s ]
[2023-02-24T19:27:58+08:00][sql] CONNECT:[ UseTime:0.000479s ] mysql:host=localhost;port=3316;dbname=coffee;charset=utf8
[2023-02-24T19:27:58+08:00][sql] SHOW FULL COLUMNS FROM `information` [ RunTime:0.001950s ]
[2023-02-24T19:27:58+08:00][sql] SELECT * FROM `information` WHERE  `id` = 3 LIMIT 1 [ RunTime:0.000344s ]
[2023-02-24T19:27:58+08:00][sql] SHOW FULL COLUMNS FROM `address` [ RunTime:0.001373s ]
[2023-02-24T19:27:58+08:00][sql] SELECT * FROM `address` WHERE  `id` = 1 LIMIT 1 [ RunTime:0.000301s ]
[2023-02-24T19:27:58+08:00][sql] SELECT * FROM `address` WHERE  `id` = 2 LIMIT 1 [ RunTime:0.000275s ]
[2023-02-24T19:57:53+08:00][sql] CONNECT:[ UseTime:0.000431s ] mysql:host=localhost;port=3316;dbname=coffee;charset=utf8
[2023-02-24T19:57:53+08:00][sql] SHOW FULL COLUMNS FROM `information` [ RunTime:0.001499s ]
[2023-02-24T19:57:53+08:00][sql] SELECT * FROM `information` WHERE  `id` = 18 LIMIT 1 [ RunTime:0.000334s ]
[2023-02-24T19:57:53+08:00][sql] SHOW FULL COLUMNS FROM `address` [ RunTime:0.000960s ]
[2023-02-24T19:57:53+08:00][sql] SELECT * FROM `address` WHERE  `id` = 1 LIMIT 1 [ RunTime:0.000274s ]
[2023-02-24T19:57:53+08:00][sql] SELECT * FROM `address` WHERE  `id` = 2 LIMIT 1 [ RunTime:0.000290s ]
[2023-02-24T20:01:28+08:00][sql] CONNECT:[ UseTime:0.000437s ] mysql:host=localhost;port=3316;dbname=coffee;charset=utf8
[2023-02-24T20:01:28+08:00][sql] SHOW FULL COLUMNS FROM `information` [ RunTime:0.001295s ]
[2023-02-24T20:01:28+08:00][sql] SELECT * FROM `information` WHERE  `id` = 15 LIMIT 1 [ RunTime:0.000345s ]
[2023-02-24T20:01:28+08:00][sql] SHOW FULL COLUMNS FROM `address` [ RunTime:0.001042s ]
[2023-02-24T20:01:28+08:00][sql] SELECT * FROM `address` WHERE  `id` = 1 LIMIT 1 [ RunTime:0.000330s ]
[2023-02-24T20:01:28+08:00][sql] SELECT * FROM `address` WHERE  `id` = 2 LIMIT 1 [ RunTime:0.000269s ]
[2023-02-24T20:07:17+08:00][sql] CONNECT:[ UseTime:0.000388s ] mysql:host=localhost;port=3316;dbname=coffee;charset=utf8
[2023-02-24T20:07:17+08:00][sql] SHOW FULL COLUMNS FROM `information` [ RunTime:0.001321s ]
[2023-02-24T20:07:17+08:00][sql] SELECT * FROM `information` ORDER BY `time` DESC LIMIT 1 [ RunTime:0.000308s ]
[2023-02-24T20:07:17+08:00][sql] SHOW FULL COLUMNS FROM `topic` [ RunTime:0.000924s ]
[2023-02-24T20:07:17+08:00][sql] SELECT * FROM `topic` [ RunTime:0.000197s ]
[2023-02-24T20:07:17+08:00][sql] SELECT * FROM `information` ORDER BY `time` DESC [ RunTime:0.000781s ]
[2023-02-24T20:07:17+08:00][sql] SHOW FULL COLUMNS FROM `address` [ RunTime:0.001003s ]
[2023-02-24T20:07:17+08:00][sql] SELECT * FROM `address` WHERE  `id` = 1 LIMIT 1 [ RunTime:0.000307s ]
[2023-02-24T20:07:17+08:00][sql] SELECT * FROM `address` WHERE  `id` = 2 LIMIT 1 [ RunTime:0.000220s ]
[2023-02-24T20:10:51+08:00][sql] CONNECT:[ UseTime:0.000394s ] mysql:host=localhost;port=3316;dbname=coffee;charset=utf8
[2023-02-24T20:10:51+08:00][sql] SHOW FULL COLUMNS FROM `information` [ RunTime:0.001262s ]
[2023-02-24T20:10:51+08:00][sql] SELECT * FROM `information` WHERE  `id` = 18 LIMIT 1 [ RunTime:0.000316s ]
[2023-02-24T20:10:51+08:00][sql] SHOW FULL COLUMNS FROM `address` [ RunTime:0.001112s ]
[2023-02-24T20:10:51+08:00][sql] SELECT * FROM `address` WHERE  `id` = 1 LIMIT 1 [ RunTime:0.000274s ]
[2023-02-24T20:10:51+08:00][sql] SELECT * FROM `address` WHERE  `id` = 2 LIMIT 1 [ RunTime:0.000249s ]
