[2023-02-25T02:33:42+08:00][sql] CONNECT:[ UseTime:0.000379s ] mysql:host=localhost;port=3316;dbname=coffee;charset=utf8
[2023-02-25T02:33:42+08:00][sql] SHOW FULL COLUMNS FROM `information` [ RunTime:0.001272s ]
[2023-02-25T02:33:42+08:00][sql] SELECT * FROM `information` ORDER BY `time` DESC LIMIT 1 [ RunTime:0.000354s ]
[2023-02-25T02:33:42+08:00][sql] SHOW FULL COLUMNS FROM `topic` [ RunTime:0.000936s ]
[2023-02-25T02:33:42+08:00][sql] SELECT * FROM `topic` [ RunTime:0.000259s ]
[2023-02-25T02:33:42+08:00][sql] SELECT * FROM `information` ORDER BY `time` DESC [ RunTime:0.000844s ]
[2023-02-25T02:33:42+08:00][sql] SHOW FULL COLUMNS FROM `address` [ RunTime:0.000968s ]
[2023-02-25T02:33:42+08:00][sql] SELECT * FROM `address` WHERE  `id` = 1 LIMIT 1 [ RunTime:0.000282s ]
[2023-02-25T02:33:42+08:00][sql] SELECT * FROM `address` WHERE  `id` = 2 LIMIT 1 [ RunTime:0.000257s ]
[2023-02-25T02:33:50+08:00][sql] CONNECT:[ UseTime:0.000501s ] mysql:host=localhost;port=3316;dbname=coffee;charset=utf8
[2023-02-25T02:33:50+08:00][sql] SHOW FULL COLUMNS FROM `information` [ RunTime:0.001721s ]
[2023-02-25T02:33:50+08:00][sql] SELECT * FROM `information` WHERE  `id` = 19 LIMIT 1 [ RunTime:0.000375s ]
[2023-02-25T02:33:50+08:00][sql] SHOW FULL COLUMNS FROM `address` [ RunTime:0.001222s ]
[2023-02-25T02:33:50+08:00][sql] SELECT * FROM `address` WHERE  `id` = 1 LIMIT 1 [ RunTime:0.000325s ]
[2023-02-25T02:33:50+08:00][sql] SELECT * FROM `address` WHERE  `id` = 2 LIMIT 1 [ RunTime:0.000313s ]
[2023-02-25T02:36:10+08:00][sql] CONNECT:[ UseTime:0.000380s ] mysql:host=localhost;port=3316;dbname=coffee;charset=utf8
[2023-02-25T02:36:10+08:00][sql] SHOW FULL COLUMNS FROM `information` [ RunTime:0.001213s ]
[2023-02-25T02:36:10+08:00][sql] SELECT * FROM `information` WHERE  `id` = 1 LIMIT 1 [ RunTime:0.000271s ]
[2023-02-25T02:36:10+08:00][sql] SHOW FULL COLUMNS FROM `address` [ RunTime:0.000902s ]
[2023-02-25T02:36:10+08:00][sql] SELECT * FROM `address` WHERE  `id` = 1 LIMIT 1 [ RunTime:0.000347s ]
[2023-02-25T02:36:10+08:00][sql] SELECT * FROM `address` WHERE  `id` = 2 LIMIT 1 [ RunTime:0.000250s ]
[2023-02-25T02:41:14+08:00][sql] CONNECT:[ UseTime:0.000475s ] mysql:host=localhost;port=3316;dbname=coffee;charset=utf8
[2023-02-25T02:41:14+08:00][sql] SHOW FULL COLUMNS FROM `information` [ RunTime:0.001795s ]
[2023-02-25T02:41:14+08:00][sql] SELECT * FROM `information` WHERE  `id` = 12 LIMIT 1 [ RunTime:0.000305s ]
[2023-02-25T02:41:14+08:00][sql] SHOW FULL COLUMNS FROM `address` [ RunTime:0.000947s ]
[2023-02-25T02:41:14+08:00][sql] SELECT * FROM `address` WHERE  `id` = 1 LIMIT 1 [ RunTime:0.000284s ]
[2023-02-25T02:41:14+08:00][sql] SELECT * FROM `address` WHERE  `id` = 2 LIMIT 1 [ RunTime:0.000317s ]
[2023-02-25T02:44:31+08:00][sql] CONNECT:[ UseTime:0.000349s ] mysql:host=localhost;port=3316;dbname=coffee;charset=utf8
[2023-02-25T02:44:31+08:00][sql] SHOW FULL COLUMNS FROM `information` [ RunTime:0.001267s ]
[2023-02-25T02:44:31+08:00][sql] SELECT * FROM `information` WHERE  `id` = 11 LIMIT 1 [ RunTime:0.000270s ]
[2023-02-25T02:44:31+08:00][sql] SHOW FULL COLUMNS FROM `address` [ RunTime:0.000911s ]
[2023-02-25T02:44:31+08:00][sql] SELECT * FROM `address` WHERE  `id` = 1 LIMIT 1 [ RunTime:0.000245s ]
[2023-02-25T02:44:31+08:00][sql] SELECT * FROM `address` WHERE  `id` = 2 LIMIT 1 [ RunTime:0.000223s ]
[2023-02-25T02:48:00+08:00][sql] CONNECT:[ UseTime:0.000386s ] mysql:host=localhost;port=3316;dbname=coffee;charset=utf8
[2023-02-25T02:48:00+08:00][sql] SHOW FULL COLUMNS FROM `information` [ RunTime:0.001368s ]
[2023-02-25T02:48:00+08:00][sql] SELECT * FROM `information` WHERE  `id` = 10 LIMIT 1 [ RunTime:0.000286s ]
[2023-02-25T02:48:00+08:00][sql] SHOW FULL COLUMNS FROM `address` [ RunTime:0.000926s ]
[2023-02-25T02:48:00+08:00][sql] SELECT * FROM `address` WHERE  `id` = 1 LIMIT 1 [ RunTime:0.000270s ]
[2023-02-25T02:48:00+08:00][sql] SELECT * FROM `address` WHERE  `id` = 2 LIMIT 1 [ RunTime:0.000215s ]
[2023-02-25T02:52:18+08:00][sql] CONNECT:[ UseTime:0.000399s ] mysql:host=localhost;port=3316;dbname=coffee;charset=utf8
[2023-02-25T02:52:18+08:00][sql] SHOW FULL COLUMNS FROM `information` [ RunTime:0.001291s ]
[2023-02-25T02:52:18+08:00][sql] SELECT * FROM `information` WHERE  `id` = 9 LIMIT 1 [ RunTime:0.000281s ]
[2023-02-25T02:52:18+08:00][sql] SHOW FULL COLUMNS FROM `address` [ RunTime:0.000932s ]
[2023-02-25T02:52:18+08:00][sql] SELECT * FROM `address` WHERE  `id` = 1 LIMIT 1 [ RunTime:0.000242s ]
[2023-02-25T02:52:18+08:00][sql] SELECT * FROM `address` WHERE  `id` = 2 LIMIT 1 [ RunTime:0.000208s ]
[2023-02-25T03:01:22+08:00][sql] CONNECT:[ UseTime:0.000410s ] mysql:host=localhost;port=3316;dbname=coffee;charset=utf8
[2023-02-25T03:01:22+08:00][sql] SHOW FULL COLUMNS FROM `information` [ RunTime:0.001248s ]
[2023-02-25T03:01:22+08:00][sql] SELECT * FROM `information` WHERE  `id` = 9 LIMIT 1 [ RunTime:0.000318s ]
[2023-02-25T03:01:22+08:00][sql] SHOW FULL COLUMNS FROM `address` [ RunTime:0.000923s ]
[2023-02-25T03:01:22+08:00][sql] SELECT * FROM `address` WHERE  `id` = 1 LIMIT 1 [ RunTime:0.000305s ]
[2023-02-25T03:01:22+08:00][sql] SELECT * FROM `address` WHERE  `id` = 2 LIMIT 1 [ RunTime:0.000244s ]
[2023-02-25T05:48:32+08:00][sql] CONNECT:[ UseTime:0.001794s ] mysql:host=localhost;port=3316;dbname=coffee;charset=utf8
[2023-02-25T05:48:32+08:00][sql] SHOW FULL COLUMNS FROM `information` [ RunTime:0.001263s ]
[2023-02-25T05:48:32+08:00][sql] SELECT * FROM `information` WHERE  `id` = 15 LIMIT 1 [ RunTime:0.000345s ]
[2023-02-25T05:48:32+08:00][sql] SHOW FULL COLUMNS FROM `address` [ RunTime:0.000943s ]
[2023-02-25T05:48:32+08:00][sql] SELECT * FROM `address` WHERE  `id` = 1 LIMIT 1 [ RunTime:0.000276s ]
[2023-02-25T05:48:32+08:00][sql] SELECT * FROM `address` WHERE  `id` = 2 LIMIT 1 [ RunTime:0.000253s ]
[2023-02-25T05:54:55+08:00][sql] CONNECT:[ UseTime:0.000407s ] mysql:host=localhost;port=3316;dbname=coffee;charset=utf8
[2023-02-25T05:54:55+08:00][sql] SHOW FULL COLUMNS FROM `information` [ RunTime:0.001321s ]
[2023-02-25T05:54:55+08:00][sql] SELECT * FROM `information` WHERE  `id` = 15 LIMIT 1 [ RunTime:0.000330s ]
[2023-02-25T05:54:55+08:00][sql] SHOW FULL COLUMNS FROM `address` [ RunTime:0.000960s ]
[2023-02-25T05:54:55+08:00][sql] SELECT * FROM `address` WHERE  `id` = 1 LIMIT 1 [ RunTime:0.000279s ]
[2023-02-25T05:54:55+08:00][sql] SELECT * FROM `address` WHERE  `id` = 2 LIMIT 1 [ RunTime:0.000247s ]
[2023-02-25T08:50:46+08:00][sql] CONNECT:[ UseTime:0.000395s ] mysql:host=localhost;port=3316;dbname=coffee;charset=utf8
[2023-02-25T08:50:46+08:00][sql] SHOW FULL COLUMNS FROM `information` [ RunTime:0.001277s ]
[2023-02-25T08:50:46+08:00][sql] SELECT * FROM `information` WHERE  `id` = 8 LIMIT 1 [ RunTime:0.000291s ]
[2023-02-25T08:50:46+08:00][sql] SHOW FULL COLUMNS FROM `address` [ RunTime:0.000918s ]
[2023-02-25T08:50:46+08:00][sql] SELECT * FROM `address` WHERE  `id` = 1 LIMIT 1 [ RunTime:0.000244s ]
[2023-02-25T08:50:46+08:00][sql] SELECT * FROM `address` WHERE  `id` = 2 LIMIT 1 [ RunTime:0.000210s ]
[2023-02-25T08:51:08+08:00][sql] CONNECT:[ UseTime:0.013563s ] mysql:host=localhost;port=3316;dbname=coffee;charset=utf8
[2023-02-25T08:51:08+08:00][sql] SHOW FULL COLUMNS FROM `information` [ RunTime:0.001923s ]
[2023-02-25T08:51:08+08:00][sql] SELECT * FROM `information` WHERE  `id` = 7 LIMIT 1 [ RunTime:0.000518s ]
[2023-02-25T08:51:08+08:00][sql] SHOW FULL COLUMNS FROM `address` [ RunTime:0.001397s ]
[2023-02-25T08:51:08+08:00][sql] SELECT * FROM `address` WHERE  `id` = 1 LIMIT 1 [ RunTime:0.000622s ]
[2023-02-25T08:51:08+08:00][sql] SELECT * FROM `address` WHERE  `id` = 2 LIMIT 1 [ RunTime:0.000381s ]
[2023-02-25T08:51:29+08:00][sql] CONNECT:[ UseTime:0.000348s ] mysql:host=localhost;port=3316;dbname=coffee;charset=utf8
[2023-02-25T08:51:29+08:00][sql] SHOW FULL COLUMNS FROM `information` [ RunTime:0.001265s ]
[2023-02-25T08:51:29+08:00][sql] SELECT * FROM `information` WHERE  `id` = 3 LIMIT 1 [ RunTime:0.000274s ]
[2023-02-25T08:51:29+08:00][sql] SHOW FULL COLUMNS FROM `address` [ RunTime:0.000964s ]
[2023-02-25T08:51:29+08:00][sql] SELECT * FROM `address` WHERE  `id` = 1 LIMIT 1 [ RunTime:0.000254s ]
[2023-02-25T08:51:29+08:00][sql] SELECT * FROM `address` WHERE  `id` = 2 LIMIT 1 [ RunTime:0.000220s ]
[2023-02-25T08:51:57+08:00][sql] CONNECT:[ UseTime:0.000413s ] mysql:host=localhost;port=3316;dbname=coffee;charset=utf8
[2023-02-25T08:51:57+08:00][sql] SHOW FULL COLUMNS FROM `information` [ RunTime:0.001305s ]
[2023-02-25T08:51:57+08:00][sql] SELECT * FROM `information` WHERE  `id` = 5 LIMIT 1 [ RunTime:0.000304s ]
[2023-02-25T08:51:57+08:00][sql] SHOW FULL COLUMNS FROM `address` [ RunTime:0.000922s ]
[2023-02-25T08:51:57+08:00][sql] SELECT * FROM `address` WHERE  `id` = 1 LIMIT 1 [ RunTime:0.000287s ]
[2023-02-25T08:51:57+08:00][sql] SELECT * FROM `address` WHERE  `id` = 2 LIMIT 1 [ RunTime:0.000250s ]
[2023-02-25T08:52:20+08:00][sql] CONNECT:[ UseTime:0.000369s ] mysql:host=localhost;port=3316;dbname=coffee;charset=utf8
[2023-02-25T08:52:20+08:00][sql] SHOW FULL COLUMNS FROM `information` [ RunTime:0.001338s ]
[2023-02-25T08:52:20+08:00][sql] SELECT * FROM `information` WHERE  `id` = 4 LIMIT 1 [ RunTime:0.000292s ]
[2023-02-25T08:52:20+08:00][sql] SHOW FULL COLUMNS FROM `address` [ RunTime:0.000919s ]
[2023-02-25T08:52:20+08:00][sql] SELECT * FROM `address` WHERE  `id` = 1 LIMIT 1 [ RunTime:0.000238s ]
[2023-02-25T08:52:20+08:00][sql] SELECT * FROM `address` WHERE  `id` = 2 LIMIT 1 [ RunTime:0.000233s ]
[2023-02-25T08:54:56+08:00][sql] CONNECT:[ UseTime:0.000361s ] mysql:host=localhost;port=3316;dbname=coffee;charset=utf8
[2023-02-25T08:54:56+08:00][sql] SHOW FULL COLUMNS FROM `information` [ RunTime:0.001295s ]
[2023-02-25T08:54:56+08:00][sql] SELECT * FROM `information` WHERE  `id` = 7 LIMIT 1 [ RunTime:0.000278s ]
[2023-02-25T08:54:56+08:00][sql] SHOW FULL COLUMNS FROM `address` [ RunTime:0.000932s ]
[2023-02-25T08:54:56+08:00][sql] SELECT * FROM `address` WHERE  `id` = 1 LIMIT 1 [ RunTime:0.000231s ]
[2023-02-25T08:54:56+08:00][sql] SELECT * FROM `address` WHERE  `id` = 2 LIMIT 1 [ RunTime:0.000265s ]
[2023-02-25T08:59:54+08:00][sql] CONNECT:[ UseTime:0.000442s ] mysql:host=localhost;port=3316;dbname=coffee;charset=utf8
[2023-02-25T08:59:54+08:00][sql] SHOW FULL COLUMNS FROM `information` [ RunTime:0.001684s ]
[2023-02-25T08:59:54+08:00][sql] SELECT * FROM `information` WHERE  `id` = 17 LIMIT 1 [ RunTime:0.000348s ]
[2023-02-25T08:59:54+08:00][sql] SHOW FULL COLUMNS FROM `address` [ RunTime:0.001135s ]
[2023-02-25T08:59:54+08:00][sql] SELECT * FROM `address` WHERE  `id` = 1 LIMIT 1 [ RunTime:0.000274s ]
[2023-02-25T08:59:54+08:00][sql] SELECT * FROM `address` WHERE  `id` = 2 LIMIT 1 [ RunTime:0.000231s ]
[2023-02-25T09:01:14+08:00][sql] CONNECT:[ UseTime:0.000375s ] mysql:host=localhost;port=3316;dbname=coffee;charset=utf8
[2023-02-25T09:01:14+08:00][sql] SHOW FULL COLUMNS FROM `information` [ RunTime:0.001233s ]
[2023-02-25T09:01:14+08:00][sql] SELECT * FROM `information` WHERE  `id` = 5 LIMIT 1 [ RunTime:0.000313s ]
[2023-02-25T09:01:14+08:00][sql] SHOW FULL COLUMNS FROM `address` [ RunTime:0.000878s ]
[2023-02-25T09:01:14+08:00][sql] SELECT * FROM `address` WHERE  `id` = 1 LIMIT 1 [ RunTime:0.000229s ]
[2023-02-25T09:01:14+08:00][sql] SELECT * FROM `address` WHERE  `id` = 2 LIMIT 1 [ RunTime:0.000201s ]
[2023-02-25T09:01:32+08:00][sql] CONNECT:[ UseTime:0.000419s ] mysql:host=localhost;port=3316;dbname=coffee;charset=utf8
[2023-02-25T09:01:32+08:00][sql] SHOW FULL COLUMNS FROM `information` [ RunTime:0.001357s ]
[2023-02-25T09:01:32+08:00][sql] SELECT * FROM `information` WHERE  `id` = 3 LIMIT 1 [ RunTime:0.000323s ]
[2023-02-25T09:01:32+08:00][sql] SHOW FULL COLUMNS FROM `address` [ RunTime:0.001013s ]
[2023-02-25T09:01:32+08:00][sql] SELECT * FROM `address` WHERE  `id` = 1 LIMIT 1 [ RunTime:0.000281s ]
[2023-02-25T09:01:32+08:00][sql] SELECT * FROM `address` WHERE  `id` = 2 LIMIT 1 [ RunTime:0.000249s ]
[2023-02-25T09:03:20+08:00][sql] CONNECT:[ UseTime:0.000391s ] mysql:host=localhost;port=3316;dbname=coffee;charset=utf8
[2023-02-25T09:03:20+08:00][sql] SHOW FULL COLUMNS FROM `information` [ RunTime:0.001728s ]
[2023-02-25T09:03:20+08:00][sql] SELECT * FROM `information` WHERE  `id` = 8 LIMIT 1 [ RunTime:0.000378s ]
[2023-02-25T09:03:20+08:00][sql] SHOW FULL COLUMNS FROM `address` [ RunTime:0.001364s ]
[2023-02-25T09:03:20+08:00][sql] SELECT * FROM `address` WHERE  `id` = 1 LIMIT 1 [ RunTime:0.000305s ]
[2023-02-25T09:03:20+08:00][sql] SELECT * FROM `address` WHERE  `id` = 2 LIMIT 1 [ RunTime:0.000254s ]
[2023-02-25T10:43:40+08:00][sql] CONNECT:[ UseTime:0.000460s ] mysql:host=localhost;port=3316;dbname=coffee;charset=utf8
[2023-02-25T10:43:40+08:00][sql] SHOW FULL COLUMNS FROM `information` [ RunTime:0.001273s ]
[2023-02-25T10:43:40+08:00][sql] SELECT * FROM `information` WHERE  `id` = 13 LIMIT 1 [ RunTime:0.000328s ]
[2023-02-25T10:43:40+08:00][sql] SHOW FULL COLUMNS FROM `address` [ RunTime:0.001251s ]
[2023-02-25T10:43:40+08:00][sql] SELECT * FROM `address` WHERE  `id` = 1 LIMIT 1 [ RunTime:0.001151s ]
[2023-02-25T10:43:40+08:00][sql] SELECT * FROM `address` WHERE  `id` = 2 LIMIT 1 [ RunTime:0.000265s ]
[2023-02-25T10:47:01+08:00][sql] CONNECT:[ UseTime:0.009138s ] mysql:host=localhost;port=3316;dbname=coffee;charset=utf8
[2023-02-25T10:47:01+08:00][sql] SHOW FULL COLUMNS FROM `information` [ RunTime:0.001460s ]
[2023-02-25T10:47:01+08:00][sql] SELECT * FROM `information` WHERE  `id` = 13 LIMIT 1 [ RunTime:0.000395s ]
[2023-02-25T10:47:01+08:00][sql] SHOW FULL COLUMNS FROM `address` [ RunTime:0.001366s ]
[2023-02-25T10:47:01+08:00][sql] SELECT * FROM `address` WHERE  `id` = 1 LIMIT 1 [ RunTime:0.000336s ]
[2023-02-25T10:47:01+08:00][sql] SELECT * FROM `address` WHERE  `id` = 2 LIMIT 1 [ RunTime:0.000276s ]
[2023-02-25T10:47:49+08:00][sql] CONNECT:[ UseTime:0.000453s ] mysql:host=localhost;port=3316;dbname=coffee;charset=utf8
[2023-02-25T10:47:49+08:00][sql] SHOW FULL COLUMNS FROM `information` [ RunTime:0.001291s ]
[2023-02-25T10:47:49+08:00][sql] SELECT * FROM `information` WHERE  `id` = 9 LIMIT 1 [ RunTime:0.001882s ]
[2023-02-25T10:47:49+08:00][sql] SHOW FULL COLUMNS FROM `address` [ RunTime:0.001653s ]
[2023-02-25T10:47:49+08:00][sql] SELECT * FROM `address` WHERE  `id` = 1 LIMIT 1 [ RunTime:0.000347s ]
[2023-02-25T10:47:49+08:00][sql] SELECT * FROM `address` WHERE  `id` = 2 LIMIT 1 [ RunTime:0.002086s ]
[2023-02-25T10:59:55+08:00][sql] CONNECT:[ UseTime:0.000404s ] mysql:host=localhost;port=3316;dbname=coffee;charset=utf8
[2023-02-25T10:59:55+08:00][sql] SHOW FULL COLUMNS FROM `information` [ RunTime:0.001276s ]
[2023-02-25T10:59:55+08:00][sql] SELECT * FROM `information` WHERE  `id` = 5 LIMIT 1 [ RunTime:0.000329s ]
[2023-02-25T10:59:55+08:00][sql] SHOW FULL COLUMNS FROM `address` [ RunTime:0.000961s ]
[2023-02-25T10:59:55+08:00][sql] SELECT * FROM `address` WHERE  `id` = 1 LIMIT 1 [ RunTime:0.000275s ]
[2023-02-25T10:59:55+08:00][sql] SELECT * FROM `address` WHERE  `id` = 2 LIMIT 1 [ RunTime:0.000259s ]
[2023-02-25T11:03:46+08:00][sql] CONNECT:[ UseTime:0.000398s ] mysql:host=localhost;port=3316;dbname=coffee;charset=utf8
[2023-02-25T11:03:46+08:00][sql] SHOW FULL COLUMNS FROM `information` [ RunTime:0.001341s ]
[2023-02-25T11:03:46+08:00][sql] SELECT * FROM `information` WHERE  `id` = 19 LIMIT 1 [ RunTime:0.000286s ]
[2023-02-25T11:03:46+08:00][sql] SHOW FULL COLUMNS FROM `address` [ RunTime:0.000907s ]
[2023-02-25T11:03:46+08:00][sql] SELECT * FROM `address` WHERE  `id` = 1 LIMIT 1 [ RunTime:0.000238s ]
[2023-02-25T11:03:46+08:00][sql] SELECT * FROM `address` WHERE  `id` = 2 LIMIT 1 [ RunTime:0.000213s ]
[2023-02-25T11:07:49+08:00][sql] CONNECT:[ UseTime:0.014652s ] mysql:host=localhost;port=3316;dbname=coffee;charset=utf8
[2023-02-25T11:07:49+08:00][sql] SHOW FULL COLUMNS FROM `information` [ RunTime:0.002199s ]
[2023-02-25T11:07:49+08:00][sql] SELECT * FROM `information` ORDER BY `time` DESC LIMIT 1 [ RunTime:0.000359s ]
[2023-02-25T11:07:49+08:00][sql] SHOW FULL COLUMNS FROM `topic` [ RunTime:0.000879s ]
[2023-02-25T11:07:49+08:00][sql] SELECT * FROM `topic` [ RunTime:0.000232s ]
[2023-02-25T11:07:49+08:00][sql] SELECT * FROM `information` WHERE  `topic_id` = 3 [ RunTime:0.000783s ]
[2023-02-25T11:07:49+08:00][sql] SHOW FULL COLUMNS FROM `address` [ RunTime:0.000945s ]
[2023-02-25T11:07:49+08:00][sql] SELECT * FROM `address` WHERE  `id` = 1 LIMIT 1 [ RunTime:0.000276s ]
[2023-02-25T11:07:49+08:00][sql] SELECT * FROM `address` WHERE  `id` = 2 LIMIT 1 [ RunTime:0.000267s ]
[2023-02-25T11:10:06+08:00][sql] CONNECT:[ UseTime:0.000413s ] mysql:host=localhost;port=3316;dbname=coffee;charset=utf8
[2023-02-25T11:10:06+08:00][sql] SHOW FULL COLUMNS FROM `information` [ RunTime:0.001317s ]
[2023-02-25T11:10:06+08:00][sql] SELECT * FROM `information` WHERE  `id` = 5 LIMIT 1 [ RunTime:0.000351s ]
[2023-02-25T11:10:06+08:00][sql] SHOW FULL COLUMNS FROM `address` [ RunTime:0.000911s ]
[2023-02-25T11:10:06+08:00][sql] SELECT * FROM `address` WHERE  `id` = 1 LIMIT 1 [ RunTime:0.000226s ]
[2023-02-25T11:10:06+08:00][sql] SELECT * FROM `address` WHERE  `id` = 2 LIMIT 1 [ RunTime:0.000194s ]
[2023-02-25T11:15:08+08:00][sql] CONNECT:[ UseTime:0.000407s ] mysql:host=localhost;port=3316;dbname=coffee;charset=utf8
[2023-02-25T11:15:08+08:00][sql] SHOW FULL COLUMNS FROM `information` [ RunTime:0.001552s ]
[2023-02-25T11:15:08+08:00][sql] SELECT * FROM `information` ORDER BY `time` DESC LIMIT 1 [ RunTime:0.002244s ]
[2023-02-25T11:15:08+08:00][sql] SHOW FULL COLUMNS FROM `topic` [ RunTime:0.001104s ]
[2023-02-25T11:15:08+08:00][sql] SELECT * FROM `topic` [ RunTime:0.001807s ]
[2023-02-25T11:15:08+08:00][sql] SELECT * FROM `information` WHERE  `topic_id` = 3 [ RunTime:0.000827s ]
[2023-02-25T11:15:08+08:00][sql] SHOW FULL COLUMNS FROM `address` [ RunTime:0.001118s ]
[2023-02-25T11:15:08+08:00][sql] SELECT * FROM `address` WHERE  `id` = 1 LIMIT 1 [ RunTime:0.000277s ]
[2023-02-25T11:15:08+08:00][sql] SELECT * FROM `address` WHERE  `id` = 2 LIMIT 1 [ RunTime:0.000261s ]
[2023-02-25T11:28:10+08:00][sql] CONNECT:[ UseTime:0.000409s ] mysql:host=localhost;port=3316;dbname=coffee;charset=utf8
[2023-02-25T11:28:10+08:00][sql] SHOW FULL COLUMNS FROM `information` [ RunTime:0.001270s ]
[2023-02-25T11:28:10+08:00][sql] SELECT * FROM `information` WHERE  `id` = 10 LIMIT 1 [ RunTime:0.000316s ]
[2023-02-25T11:28:10+08:00][sql] SHOW FULL COLUMNS FROM `address` [ RunTime:0.000936s ]
[2023-02-25T11:28:10+08:00][sql] SELECT * FROM `address` WHERE  `id` = 1 LIMIT 1 [ RunTime:0.000283s ]
[2023-02-25T11:28:10+08:00][sql] SELECT * FROM `address` WHERE  `id` = 2 LIMIT 1 [ RunTime:0.000244s ]
[2023-02-25T11:36:01+08:00][sql] CONNECT:[ UseTime:0.000464s ] mysql:host=localhost;port=3316;dbname=coffee;charset=utf8
[2023-02-25T11:36:01+08:00][sql] SHOW FULL COLUMNS FROM `information` [ RunTime:0.001706s ]
[2023-02-25T11:36:01+08:00][sql] SELECT * FROM `information` WHERE  `id` = 2 LIMIT 1 [ RunTime:0.000379s ]
[2023-02-25T11:36:01+08:00][sql] SHOW FULL COLUMNS FROM `address` [ RunTime:0.001316s ]
[2023-02-25T11:36:01+08:00][sql] SELECT * FROM `address` WHERE  `id` = 1 LIMIT 1 [ RunTime:0.000312s ]
[2023-02-25T11:36:01+08:00][sql] SELECT * FROM `address` WHERE  `id` = 2 LIMIT 1 [ RunTime:0.000274s ]
[2023-02-25T11:47:58+08:00][sql] CONNECT:[ UseTime:0.000401s ] mysql:host=localhost;port=3316;dbname=coffee;charset=utf8
[2023-02-25T11:47:58+08:00][sql] SHOW FULL COLUMNS FROM `information` [ RunTime:0.001347s ]
[2023-02-25T11:47:58+08:00][sql] SELECT * FROM `information` WHERE  `id` = 16 LIMIT 1 [ RunTime:0.000347s ]
[2023-02-25T11:47:58+08:00][sql] SHOW FULL COLUMNS FROM `address` [ RunTime:0.000959s ]
[2023-02-25T11:47:58+08:00][sql] SELECT * FROM `address` WHERE  `id` = 1 LIMIT 1 [ RunTime:0.000300s ]
[2023-02-25T11:47:58+08:00][sql] SELECT * FROM `address` WHERE  `id` = 2 LIMIT 1 [ RunTime:0.000246s ]
[2023-02-25T11:54:57+08:00][sql] CONNECT:[ UseTime:0.000408s ] mysql:host=localhost;port=3316;dbname=coffee;charset=utf8
[2023-02-25T11:54:57+08:00][sql] SHOW FULL COLUMNS FROM `information` [ RunTime:0.001387s ]
[2023-02-25T11:54:57+08:00][sql] SELECT * FROM `information` WHERE  `id` = 16 LIMIT 1 [ RunTime:0.000286s ]
[2023-02-25T11:54:57+08:00][sql] SHOW FULL COLUMNS FROM `address` [ RunTime:0.000903s ]
[2023-02-25T11:54:57+08:00][sql] SELECT * FROM `address` WHERE  `id` = 1 LIMIT 1 [ RunTime:0.000274s ]
[2023-02-25T11:54:57+08:00][sql] SELECT * FROM `address` WHERE  `id` = 2 LIMIT 1 [ RunTime:0.000212s ]
[2023-02-25T11:56:01+08:00][sql] CONNECT:[ UseTime:0.000483s ] mysql:host=localhost;port=3316;dbname=coffee;charset=utf8
[2023-02-25T11:56:01+08:00][sql] SHOW FULL COLUMNS FROM `information` [ RunTime:0.001898s ]
[2023-02-25T11:56:01+08:00][sql] SELECT * FROM `information` WHERE  `id` = 14 LIMIT 1 [ RunTime:0.000391s ]
[2023-02-25T11:56:01+08:00][sql] SHOW FULL COLUMNS FROM `address` [ RunTime:0.001386s ]
[2023-02-25T11:56:01+08:00][sql] SELECT * FROM `address` WHERE  `id` = 1 LIMIT 1 [ RunTime:0.000341s ]
[2023-02-25T11:56:01+08:00][sql] SELECT * FROM `address` WHERE  `id` = 2 LIMIT 1 [ RunTime:0.000258s ]
[2023-02-25T21:46:38+08:00][sql] CONNECT:[ UseTime:0.000405s ] mysql:host=localhost;port=3316;dbname=coffee;charset=utf8
[2023-02-25T21:46:38+08:00][sql] SHOW FULL COLUMNS FROM `information` [ RunTime:0.001244s ]
[2023-02-25T21:46:38+08:00][sql] SELECT * FROM `information` WHERE  `id` = 4 LIMIT 1 [ RunTime:0.000302s ]
[2023-02-25T21:46:38+08:00][sql] SHOW FULL COLUMNS FROM `address` [ RunTime:0.000914s ]
[2023-02-25T21:46:38+08:00][sql] SELECT * FROM `address` WHERE  `id` = 1 LIMIT 1 [ RunTime:0.000252s ]
[2023-02-25T21:46:38+08:00][sql] SELECT * FROM `address` WHERE  `id` = 2 LIMIT 1 [ RunTime:0.000195s ]
[2023-02-25T21:50:07+08:00][sql] CONNECT:[ UseTime:0.000417s ] mysql:host=localhost;port=3316;dbname=coffee;charset=utf8
[2023-02-25T21:50:07+08:00][sql] SHOW FULL COLUMNS FROM `information` [ RunTime:0.001350s ]
[2023-02-25T21:50:07+08:00][sql] SELECT * FROM `information` WHERE  `id` = 4 LIMIT 1 [ RunTime:0.000338s ]
[2023-02-25T21:50:07+08:00][sql] SHOW FULL COLUMNS FROM `address` [ RunTime:0.000944s ]
[2023-02-25T21:50:07+08:00][sql] SELECT * FROM `address` WHERE  `id` = 1 LIMIT 1 [ RunTime:0.000282s ]
[2023-02-25T21:50:07+08:00][sql] SELECT * FROM `address` WHERE  `id` = 2 LIMIT 1 [ RunTime:0.000248s ]
