[2023-04-21T00:00:40+08:00][sql] CONNECT:[ UseTime:0.000403s ] mysql:host=localhost;port=3316;dbname=coffee;charset=utf8
[2023-04-21T00:00:40+08:00][sql] SHOW FULL COLUMNS FROM `information` [ RunTime:0.001345s ]
[2023-04-21T00:00:40+08:00][sql] SELECT * FROM `information` WHERE  `id` = 7 LIMIT 1 [ RunTime:0.000327s ]
[2023-04-21T00:00:40+08:00][sql] SHOW FULL COLUMNS FROM `address` [ RunTime:0.000967s ]
[2023-04-21T00:00:40+08:00][sql] SELECT * FROM `address` WHERE  `id` = 1 LIMIT 1 [ RunTime:0.000285s ]
[2023-04-21T00:00:40+08:00][sql] SELECT * FROM `address` WHERE  `id` = 2 LIMIT 1 [ RunTime:0.000247s ]
[2023-04-21T00:07:48+08:00][sql] CONNECT:[ UseTime:0.000413s ] mysql:host=localhost;port=3316;dbname=coffee;charset=utf8
[2023-04-21T00:07:48+08:00][sql] SHOW FULL COLUMNS FROM `information` [ RunTime:0.001316s ]
[2023-04-21T00:07:48+08:00][sql] SELECT * FROM `information` WHERE  `id` = 14 LIMIT 1 [ RunTime:0.000288s ]
[2023-04-21T00:07:48+08:00][sql] SHOW FULL COLUMNS FROM `address` [ RunTime:0.000921s ]
[2023-04-21T00:07:48+08:00][sql] SELECT * FROM `address` WHERE  `id` = 1 LIMIT 1 [ RunTime:0.000340s ]
[2023-04-21T00:07:48+08:00][sql] SELECT * FROM `address` WHERE  `id` = 2 LIMIT 1 [ RunTime:0.000281s ]
[2023-04-21T00:35:17+08:00][sql] CONNECT:[ UseTime:0.000398s ] mysql:host=localhost;port=3316;dbname=coffee;charset=utf8
[2023-04-21T00:35:17+08:00][sql] SHOW FULL COLUMNS FROM `information` [ RunTime:0.001322s ]
[2023-04-21T00:35:17+08:00][sql] SELECT * FROM `information` WHERE  `id` = 8 LIMIT 1 [ RunTime:0.000383s ]
[2023-04-21T00:35:17+08:00][sql] SHOW FULL COLUMNS FROM `address` [ RunTime:0.000998s ]
[2023-04-21T00:35:17+08:00][sql] SELECT * FROM `address` WHERE  `id` = 1 LIMIT 1 [ RunTime:0.000284s ]
[2023-04-21T00:35:17+08:00][sql] SELECT * FROM `address` WHERE  `id` = 2 LIMIT 1 [ RunTime:0.000299s ]
[2023-04-21T01:12:38+08:00][sql] CONNECT:[ UseTime:0.000416s ] mysql:host=localhost;port=3316;dbname=coffee;charset=utf8
[2023-04-21T01:12:38+08:00][sql] SHOW FULL COLUMNS FROM `information` [ RunTime:0.001252s ]
[2023-04-21T01:12:38+08:00][sql] SELECT * FROM `information` WHERE  `id` = 5 LIMIT 1 [ RunTime:0.000279s ]
[2023-04-21T01:12:38+08:00][sql] SHOW FULL COLUMNS FROM `address` [ RunTime:0.000936s ]
[2023-04-21T01:12:38+08:00][sql] SELECT * FROM `address` WHERE  `id` = 1 LIMIT 1 [ RunTime:0.000250s ]
[2023-04-21T01:12:38+08:00][sql] SELECT * FROM `address` WHERE  `id` = 2 LIMIT 1 [ RunTime:0.000219s ]
[2023-04-21T01:18:38+08:00][sql] CONNECT:[ UseTime:0.000375s ] mysql:host=localhost;port=3316;dbname=coffee;charset=utf8
[2023-04-21T01:18:38+08:00][sql] SHOW FULL COLUMNS FROM `information` [ RunTime:0.001470s ]
[2023-04-21T01:18:38+08:00][sql] SELECT * FROM `information` WHERE  `id` = 16 LIMIT 1 [ RunTime:0.000315s ]
[2023-04-21T01:18:38+08:00][sql] SHOW FULL COLUMNS FROM `address` [ RunTime:0.000950s ]
[2023-04-21T01:18:38+08:00][sql] SELECT * FROM `address` WHERE  `id` = 1 LIMIT 1 [ RunTime:0.000273s ]
[2023-04-21T01:18:38+08:00][sql] SELECT * FROM `address` WHERE  `id` = 2 LIMIT 1 [ RunTime:0.000210s ]
[2023-04-21T02:01:22+08:00][sql] CONNECT:[ UseTime:0.000400s ] mysql:host=localhost;port=3316;dbname=coffee;charset=utf8
[2023-04-21T02:01:22+08:00][sql] SHOW FULL COLUMNS FROM `information` [ RunTime:0.001278s ]
[2023-04-21T02:01:22+08:00][sql] SELECT * FROM `information` WHERE  `id` = 3 LIMIT 1 [ RunTime:0.000315s ]
[2023-04-21T02:01:22+08:00][sql] SHOW FULL COLUMNS FROM `address` [ RunTime:0.000931s ]
[2023-04-21T02:01:22+08:00][sql] SELECT * FROM `address` WHERE  `id` = 1 LIMIT 1 [ RunTime:0.000269s ]
[2023-04-21T02:01:22+08:00][sql] SELECT * FROM `address` WHERE  `id` = 2 LIMIT 1 [ RunTime:0.000280s ]
[2023-04-21T04:11:22+08:00][sql] CONNECT:[ UseTime:0.000340s ] mysql:host=localhost;port=3316;dbname=coffee;charset=utf8
[2023-04-21T04:11:22+08:00][sql] SHOW FULL COLUMNS FROM `information` [ RunTime:0.001304s ]
[2023-04-21T04:11:22+08:00][sql] SELECT * FROM `information` WHERE  `id` = 5 LIMIT 1 [ RunTime:0.000315s ]
[2023-04-21T04:11:22+08:00][sql] SHOW FULL COLUMNS FROM `address` [ RunTime:0.000909s ]
[2023-04-21T04:11:22+08:00][sql] SELECT * FROM `address` WHERE  `id` = 1 LIMIT 1 [ RunTime:0.000252s ]
[2023-04-21T04:11:22+08:00][sql] SELECT * FROM `address` WHERE  `id` = 2 LIMIT 1 [ RunTime:0.000223s ]
[2023-04-21T05:13:26+08:00][sql] CONNECT:[ UseTime:0.000337s ] mysql:host=localhost;port=3316;dbname=coffee;charset=utf8
[2023-04-21T05:13:26+08:00][sql] SHOW FULL COLUMNS FROM `information` [ RunTime:0.001262s ]
[2023-04-21T05:13:26+08:00][sql] SELECT * FROM `information` WHERE  `id` = 16 LIMIT 1 [ RunTime:0.000313s ]
[2023-04-21T05:13:26+08:00][sql] SHOW FULL COLUMNS FROM `address` [ RunTime:0.000915s ]
[2023-04-21T05:13:26+08:00][sql] SELECT * FROM `address` WHERE  `id` = 1 LIMIT 1 [ RunTime:0.000238s ]
[2023-04-21T05:13:26+08:00][sql] SELECT * FROM `address` WHERE  `id` = 2 LIMIT 1 [ RunTime:0.000206s ]
[2023-04-21T05:30:46+08:00][sql] CONNECT:[ UseTime:0.000385s ] mysql:host=localhost;port=3316;dbname=coffee;charset=utf8
[2023-04-21T05:30:46+08:00][sql] SHOW FULL COLUMNS FROM `information` [ RunTime:0.001373s ]
[2023-04-21T05:30:46+08:00][sql] SELECT * FROM `information` WHERE  `id` = 15 LIMIT 1 [ RunTime:0.000290s ]
[2023-04-21T05:30:46+08:00][sql] SHOW FULL COLUMNS FROM `address` [ RunTime:0.000932s ]
[2023-04-21T05:30:46+08:00][sql] SELECT * FROM `address` WHERE  `id` = 1 LIMIT 1 [ RunTime:0.000269s ]
[2023-04-21T05:30:46+08:00][sql] SELECT * FROM `address` WHERE  `id` = 2 LIMIT 1 [ RunTime:0.000226s ]
[2023-04-21T06:37:03+08:00][sql] CONNECT:[ UseTime:0.000430s ] mysql:host=localhost;port=3316;dbname=coffee;charset=utf8
[2023-04-21T06:37:03+08:00][sql] SHOW FULL COLUMNS FROM `information` [ RunTime:0.001451s ]
[2023-04-21T06:37:03+08:00][sql] SELECT * FROM `information` WHERE  `id` = 17 LIMIT 1 [ RunTime:0.000295s ]
[2023-04-21T06:37:03+08:00][sql] SHOW FULL COLUMNS FROM `address` [ RunTime:0.000936s ]
[2023-04-21T06:37:03+08:00][sql] SELECT * FROM `address` WHERE  `id` = 1 LIMIT 1 [ RunTime:0.000278s ]
[2023-04-21T06:37:03+08:00][sql] SELECT * FROM `address` WHERE  `id` = 2 LIMIT 1 [ RunTime:0.000227s ]
[2023-04-21T06:45:29+08:00][sql] CONNECT:[ UseTime:0.000401s ] mysql:host=localhost;port=3316;dbname=coffee;charset=utf8
[2023-04-21T06:45:29+08:00][sql] SHOW FULL COLUMNS FROM `information` [ RunTime:0.001417s ]
[2023-04-21T06:45:29+08:00][sql] SELECT * FROM `information` WHERE  `id` = 12 LIMIT 1 [ RunTime:0.000311s ]
[2023-04-21T06:45:29+08:00][sql] SHOW FULL COLUMNS FROM `address` [ RunTime:0.000977s ]
[2023-04-21T06:45:29+08:00][sql] SELECT * FROM `address` WHERE  `id` = 1 LIMIT 1 [ RunTime:0.000278s ]
[2023-04-21T06:45:29+08:00][sql] SELECT * FROM `address` WHERE  `id` = 2 LIMIT 1 [ RunTime:0.000248s ]
[2023-04-21T06:49:53+08:00][sql] CONNECT:[ UseTime:0.000402s ] mysql:host=localhost;port=3316;dbname=coffee;charset=utf8
[2023-04-21T06:49:53+08:00][sql] SHOW FULL COLUMNS FROM `information` [ RunTime:0.001276s ]
[2023-04-21T06:49:53+08:00][sql] SELECT * FROM `information` ORDER BY `time` DESC LIMIT 1 [ RunTime:0.000389s ]
[2023-04-21T06:49:53+08:00][sql] SHOW FULL COLUMNS FROM `topic` [ RunTime:0.000883s ]
[2023-04-21T06:49:53+08:00][sql] SELECT * FROM `topic` [ RunTime:0.000226s ]
[2023-04-21T06:49:53+08:00][sql] SELECT * FROM `information` ORDER BY `time` DESC [ RunTime:0.000904s ]
[2023-04-21T06:49:53+08:00][sql] SHOW FULL COLUMNS FROM `address` [ RunTime:0.000979s ]
[2023-04-21T06:49:53+08:00][sql] SELECT * FROM `address` WHERE  `id` = 1 LIMIT 1 [ RunTime:0.000311s ]
[2023-04-21T06:49:53+08:00][sql] SELECT * FROM `address` WHERE  `id` = 2 LIMIT 1 [ RunTime:0.000254s ]
[2023-04-21T07:27:36+08:00][sql] CONNECT:[ UseTime:0.000402s ] mysql:host=localhost;port=3316;dbname=coffee;charset=utf8
[2023-04-21T07:27:36+08:00][sql] SHOW FULL COLUMNS FROM `information` [ RunTime:0.001318s ]
[2023-04-21T07:27:36+08:00][sql] SELECT * FROM `information` WHERE  `id` = 20 LIMIT 1 [ RunTime:0.000284s ]
[2023-04-21T07:27:36+08:00][sql] SHOW FULL COLUMNS FROM `address` [ RunTime:0.000918s ]
[2023-04-21T07:27:36+08:00][sql] SELECT * FROM `address` WHERE  `id` = 1 LIMIT 1 [ RunTime:0.000264s ]
[2023-04-21T07:27:36+08:00][sql] SELECT * FROM `address` WHERE  `id` = 2 LIMIT 1 [ RunTime:0.000202s ]
[2023-04-21T07:30:44+08:00][sql] CONNECT:[ UseTime:0.000447s ] mysql:host=localhost;port=3316;dbname=coffee;charset=utf8
[2023-04-21T07:30:44+08:00][sql] SHOW FULL COLUMNS FROM `information` [ RunTime:0.001288s ]
[2023-04-21T07:30:44+08:00][sql] SELECT * FROM `information` WHERE  `id` = 18 LIMIT 1 [ RunTime:0.000337s ]
[2023-04-21T07:30:44+08:00][sql] SHOW FULL COLUMNS FROM `address` [ RunTime:0.001111s ]
[2023-04-21T07:30:44+08:00][sql] SELECT * FROM `address` WHERE  `id` = 1 LIMIT 1 [ RunTime:0.000331s ]
[2023-04-21T07:30:44+08:00][sql] SELECT * FROM `address` WHERE  `id` = 2 LIMIT 1 [ RunTime:0.000302s ]
[2023-04-21T07:31:41+08:00][sql] CONNECT:[ UseTime:0.000410s ] mysql:host=localhost;port=3316;dbname=coffee;charset=utf8
[2023-04-21T07:31:41+08:00][sql] SHOW FULL COLUMNS FROM `information` [ RunTime:0.001404s ]
[2023-04-21T07:31:41+08:00][sql] SELECT * FROM `information` WHERE  `id` = 19 LIMIT 1 [ RunTime:0.000316s ]
[2023-04-21T07:31:41+08:00][sql] SHOW FULL COLUMNS FROM `address` [ RunTime:0.000972s ]
[2023-04-21T07:31:41+08:00][sql] SELECT * FROM `address` WHERE  `id` = 1 LIMIT 1 [ RunTime:0.000237s ]
[2023-04-21T07:31:41+08:00][sql] SELECT * FROM `address` WHERE  `id` = 2 LIMIT 1 [ RunTime:0.000233s ]
[2023-04-21T07:35:30+08:00][sql] CONNECT:[ UseTime:0.000473s ] mysql:host=localhost;port=3316;dbname=coffee;charset=utf8
[2023-04-21T07:35:30+08:00][sql] SHOW FULL COLUMNS FROM `information` [ RunTime:0.001315s ]
[2023-04-21T07:35:30+08:00][sql] SELECT * FROM `information` ORDER BY `time` DESC LIMIT 1 [ RunTime:0.000337s ]
[2023-04-21T07:35:30+08:00][sql] SHOW FULL COLUMNS FROM `topic` [ RunTime:0.000875s ]
[2023-04-21T07:35:30+08:00][sql] SELECT * FROM `topic` [ RunTime:0.000232s ]
[2023-04-21T07:35:30+08:00][sql] SELECT * FROM `information` ORDER BY `time` DESC [ RunTime:0.000934s ]
[2023-04-21T07:35:30+08:00][sql] SHOW FULL COLUMNS FROM `address` [ RunTime:0.000957s ]
[2023-04-21T07:35:30+08:00][sql] SELECT * FROM `address` WHERE  `id` = 1 LIMIT 1 [ RunTime:0.000285s ]
[2023-04-21T07:35:30+08:00][sql] SELECT * FROM `address` WHERE  `id` = 2 LIMIT 1 [ RunTime:0.000251s ]
[2023-04-21T07:39:13+08:00][sql] CONNECT:[ UseTime:0.000468s ] mysql:host=localhost;port=3316;dbname=coffee;charset=utf8
[2023-04-21T07:39:13+08:00][sql] SHOW FULL COLUMNS FROM `information` [ RunTime:0.001359s ]
[2023-04-21T07:39:13+08:00][sql] SELECT * FROM `information` WHERE  `id` = 17 LIMIT 1 [ RunTime:0.000344s ]
[2023-04-21T07:39:13+08:00][sql] SHOW FULL COLUMNS FROM `address` [ RunTime:0.001012s ]
[2023-04-21T07:39:13+08:00][sql] SELECT * FROM `address` WHERE  `id` = 1 LIMIT 1 [ RunTime:0.000274s ]
[2023-04-21T07:39:13+08:00][sql] SELECT * FROM `address` WHERE  `id` = 2 LIMIT 1 [ RunTime:0.000247s ]
[2023-04-21T07:45:13+08:00][sql] CONNECT:[ UseTime:0.000345s ] mysql:host=localhost;port=3316;dbname=coffee;charset=utf8
[2023-04-21T07:45:13+08:00][sql] SHOW FULL COLUMNS FROM `information` [ RunTime:0.001281s ]
[2023-04-21T07:45:13+08:00][sql] SELECT * FROM `information` WHERE  `id` = 19 LIMIT 1 [ RunTime:0.000297s ]
[2023-04-21T07:45:13+08:00][sql] SHOW FULL COLUMNS FROM `address` [ RunTime:0.000973s ]
[2023-04-21T07:45:13+08:00][sql] SELECT * FROM `address` WHERE  `id` = 1 LIMIT 1 [ RunTime:0.000237s ]
[2023-04-21T07:45:13+08:00][sql] SELECT * FROM `address` WHERE  `id` = 2 LIMIT 1 [ RunTime:0.000208s ]
[2023-04-21T07:56:05+08:00][sql] CONNECT:[ UseTime:0.000419s ] mysql:host=localhost;port=3316;dbname=coffee;charset=utf8
[2023-04-21T07:56:05+08:00][sql] SHOW FULL COLUMNS FROM `information` [ RunTime:0.001293s ]
[2023-04-21T07:56:05+08:00][sql] SELECT * FROM `information` WHERE  `id` = 20 LIMIT 1 [ RunTime:0.000289s ]
[2023-04-21T07:56:05+08:00][sql] SHOW FULL COLUMNS FROM `address` [ RunTime:0.000894s ]
[2023-04-21T07:56:05+08:00][sql] SELECT * FROM `address` WHERE  `id` = 1 LIMIT 1 [ RunTime:0.000243s ]
[2023-04-21T07:56:05+08:00][sql] SELECT * FROM `address` WHERE  `id` = 2 LIMIT 1 [ RunTime:0.000204s ]
[2023-04-21T08:03:01+08:00][sql] CONNECT:[ UseTime:0.000333s ] mysql:host=localhost;port=3316;dbname=coffee;charset=utf8
[2023-04-21T08:03:01+08:00][sql] SHOW FULL COLUMNS FROM `information` [ RunTime:0.001264s ]
[2023-04-21T08:03:01+08:00][sql] SELECT * FROM `information` WHERE  `id` = 18 LIMIT 1 [ RunTime:0.000317s ]
[2023-04-21T08:03:01+08:00][sql] SHOW FULL COLUMNS FROM `address` [ RunTime:0.000962s ]
[2023-04-21T08:03:01+08:00][sql] SELECT * FROM `address` WHERE  `id` = 1 LIMIT 1 [ RunTime:0.000376s ]
[2023-04-21T08:03:01+08:00][sql] SELECT * FROM `address` WHERE  `id` = 2 LIMIT 1 [ RunTime:0.000312s ]
[2023-04-21T08:09:05+08:00][sql] CONNECT:[ UseTime:0.000377s ] mysql:host=localhost;port=3316;dbname=coffee;charset=utf8
[2023-04-21T08:09:05+08:00][sql] SHOW FULL COLUMNS FROM `information` [ RunTime:0.001307s ]
[2023-04-21T08:09:05+08:00][sql] SELECT * FROM `information` WHERE  `id` = 17 LIMIT 1 [ RunTime:0.000274s ]
[2023-04-21T08:09:05+08:00][sql] SHOW FULL COLUMNS FROM `address` [ RunTime:0.000939s ]
[2023-04-21T08:09:05+08:00][sql] SELECT * FROM `address` WHERE  `id` = 1 LIMIT 1 [ RunTime:0.000234s ]
[2023-04-21T08:09:05+08:00][sql] SELECT * FROM `address` WHERE  `id` = 2 LIMIT 1 [ RunTime:0.000215s ]
[2023-04-21T08:14:27+08:00][sql] CONNECT:[ UseTime:0.000473s ] mysql:host=localhost;port=3316;dbname=coffee;charset=utf8
[2023-04-21T08:14:27+08:00][sql] SHOW FULL COLUMNS FROM `information` [ RunTime:0.001260s ]
[2023-04-21T08:14:27+08:00][sql] SELECT * FROM `information` WHERE  `id` = 9 LIMIT 1 [ RunTime:0.000336s ]
[2023-04-21T08:14:27+08:00][sql] SHOW FULL COLUMNS FROM `address` [ RunTime:0.000958s ]
[2023-04-21T08:14:27+08:00][sql] SELECT * FROM `address` WHERE  `id` = 1 LIMIT 1 [ RunTime:0.000264s ]
[2023-04-21T08:14:27+08:00][sql] SELECT * FROM `address` WHERE  `id` = 2 LIMIT 1 [ RunTime:0.000243s ]
[2023-04-21T08:19:08+08:00][sql] CONNECT:[ UseTime:0.000347s ] mysql:host=localhost;port=3316;dbname=coffee;charset=utf8
[2023-04-21T08:19:08+08:00][sql] SHOW FULL COLUMNS FROM `information` [ RunTime:0.001266s ]
[2023-04-21T08:19:08+08:00][sql] SELECT * FROM `information` WHERE  `id` = 5 LIMIT 1 [ RunTime:0.000299s ]
[2023-04-21T08:19:08+08:00][sql] SHOW FULL COLUMNS FROM `address` [ RunTime:0.000992s ]
[2023-04-21T08:19:08+08:00][sql] SELECT * FROM `address` WHERE  `id` = 1 LIMIT 1 [ RunTime:0.000229s ]
[2023-04-21T08:19:08+08:00][sql] SELECT * FROM `address` WHERE  `id` = 2 LIMIT 1 [ RunTime:0.000210s ]
[2023-04-21T08:23:00+08:00][sql] CONNECT:[ UseTime:0.000432s ] mysql:host=localhost;port=3316;dbname=coffee;charset=utf8
[2023-04-21T08:23:00+08:00][sql] SHOW FULL COLUMNS FROM `information` [ RunTime:0.001332s ]
[2023-04-21T08:23:00+08:00][sql] SELECT * FROM `information` WHERE  `id` = 21 LIMIT 1 [ RunTime:0.000301s ]
[2023-04-21T08:23:00+08:00][sql] SHOW FULL COLUMNS FROM `address` [ RunTime:0.000969s ]
[2023-04-21T08:23:00+08:00][sql] SELECT * FROM `address` WHERE  `id` = 1 LIMIT 1 [ RunTime:0.000249s ]
[2023-04-21T08:23:00+08:00][sql] SELECT * FROM `address` WHERE  `id` = 2 LIMIT 1 [ RunTime:0.000224s ]
[2023-04-21T08:27:17+08:00][sql] CONNECT:[ UseTime:0.000484s ] mysql:host=localhost;port=3316;dbname=coffee;charset=utf8
[2023-04-21T08:27:17+08:00][sql] SHOW FULL COLUMNS FROM `information` [ RunTime:0.001399s ]
[2023-04-21T08:27:17+08:00][sql] SELECT * FROM `information` WHERE  `id` = 19 LIMIT 1 [ RunTime:0.000325s ]
[2023-04-21T08:27:17+08:00][sql] SHOW FULL COLUMNS FROM `address` [ RunTime:0.000920s ]
[2023-04-21T08:27:17+08:00][sql] SELECT * FROM `address` WHERE  `id` = 1 LIMIT 1 [ RunTime:0.000283s ]
[2023-04-21T08:27:17+08:00][sql] SELECT * FROM `address` WHERE  `id` = 2 LIMIT 1 [ RunTime:0.000275s ]
[2023-04-21T08:31:05+08:00][sql] CONNECT:[ UseTime:0.000409s ] mysql:host=localhost;port=3316;dbname=coffee;charset=utf8
[2023-04-21T08:31:05+08:00][sql] SHOW FULL COLUMNS FROM `information` [ RunTime:0.001328s ]
[2023-04-21T08:31:05+08:00][sql] SELECT * FROM `information` WHERE  `id` = 20 LIMIT 1 [ RunTime:0.000346s ]
[2023-04-21T08:31:05+08:00][sql] SHOW FULL COLUMNS FROM `address` [ RunTime:0.001081s ]
[2023-04-21T08:31:05+08:00][sql] SELECT * FROM `address` WHERE  `id` = 1 LIMIT 1 [ RunTime:0.000277s ]
[2023-04-21T08:31:05+08:00][sql] SELECT * FROM `address` WHERE  `id` = 2 LIMIT 1 [ RunTime:0.000259s ]
[2023-04-21T09:04:49+08:00][sql] CONNECT:[ UseTime:0.000393s ] mysql:host=localhost;port=3316;dbname=coffee;charset=utf8
[2023-04-21T09:04:49+08:00][sql] SHOW FULL COLUMNS FROM `information` [ RunTime:0.001349s ]
[2023-04-21T09:04:49+08:00][sql] SELECT * FROM `information` WHERE  `id` = 13 LIMIT 1 [ RunTime:0.000310s ]
[2023-04-21T09:04:49+08:00][sql] SHOW FULL COLUMNS FROM `address` [ RunTime:0.000938s ]
[2023-04-21T09:04:49+08:00][sql] SELECT * FROM `address` WHERE  `id` = 1 LIMIT 1 [ RunTime:0.000341s ]
[2023-04-21T09:04:49+08:00][sql] SELECT * FROM `address` WHERE  `id` = 2 LIMIT 1 [ RunTime:0.000245s ]
[2023-04-21T09:14:28+08:00][sql] CONNECT:[ UseTime:0.000411s ] mysql:host=localhost;port=3316;dbname=coffee;charset=utf8
[2023-04-21T09:14:28+08:00][sql] SHOW FULL COLUMNS FROM `information` [ RunTime:0.001349s ]
[2023-04-21T09:14:28+08:00][sql] SELECT * FROM `information` WHERE  `id` = 21 LIMIT 1 [ RunTime:0.000389s ]
[2023-04-21T09:14:28+08:00][sql] SHOW FULL COLUMNS FROM `address` [ RunTime:0.001044s ]
[2023-04-21T09:14:28+08:00][sql] SELECT * FROM `address` WHERE  `id` = 1 LIMIT 1 [ RunTime:0.000293s ]
[2023-04-21T09:14:28+08:00][sql] SELECT * FROM `address` WHERE  `id` = 2 LIMIT 1 [ RunTime:0.000231s ]
[2023-04-21T09:39:14+08:00][sql] CONNECT:[ UseTime:0.000381s ] mysql:host=localhost;port=3316;dbname=coffee;charset=utf8
[2023-04-21T09:39:14+08:00][sql] SHOW FULL COLUMNS FROM `information` [ RunTime:0.001362s ]
[2023-04-21T09:39:14+08:00][sql] SELECT * FROM `information` WHERE  `id` = 21 LIMIT 1 [ RunTime:0.000381s ]
[2023-04-21T09:39:14+08:00][sql] SHOW FULL COLUMNS FROM `address` [ RunTime:0.000983s ]
[2023-04-21T09:39:14+08:00][sql] SELECT * FROM `address` WHERE  `id` = 1 LIMIT 1 [ RunTime:0.000241s ]
[2023-04-21T09:39:14+08:00][sql] SELECT * FROM `address` WHERE  `id` = 2 LIMIT 1 [ RunTime:0.000206s ]
[2023-04-21T09:40:38+08:00][sql] CONNECT:[ UseTime:0.000348s ] mysql:host=localhost;port=3316;dbname=coffee;charset=utf8
[2023-04-21T09:40:38+08:00][sql] SHOW FULL COLUMNS FROM `information` [ RunTime:0.001388s ]
[2023-04-21T09:40:38+08:00][sql] SELECT * FROM `information` WHERE  `id` = 4 LIMIT 1 [ RunTime:0.000284s ]
[2023-04-21T09:40:38+08:00][sql] SHOW FULL COLUMNS FROM `address` [ RunTime:0.001059s ]
[2023-04-21T09:40:38+08:00][sql] SELECT * FROM `address` WHERE  `id` = 1 LIMIT 1 [ RunTime:0.000250s ]
[2023-04-21T09:40:38+08:00][sql] SELECT * FROM `address` WHERE  `id` = 2 LIMIT 1 [ RunTime:0.000292s ]
[2023-04-21T14:23:12+08:00][sql] CONNECT:[ UseTime:0.000449s ] mysql:host=localhost;port=3316;dbname=coffee;charset=utf8
[2023-04-21T14:23:12+08:00][sql] SHOW FULL COLUMNS FROM `information` [ RunTime:0.001306s ]
[2023-04-21T14:23:12+08:00][sql] SELECT * FROM `information` WHERE  `id` = 8 LIMIT 1 [ RunTime:0.000368s ]
[2023-04-21T14:23:12+08:00][sql] SHOW FULL COLUMNS FROM `address` [ RunTime:0.000959s ]
[2023-04-21T14:23:12+08:00][sql] SELECT * FROM `address` WHERE  `id` = 1 LIMIT 1 [ RunTime:0.000293s ]
[2023-04-21T14:23:12+08:00][sql] SELECT * FROM `address` WHERE  `id` = 2 LIMIT 1 [ RunTime:0.000262s ]
[2023-04-21T15:01:11+08:00][sql] CONNECT:[ UseTime:0.000366s ] mysql:host=localhost;port=3316;dbname=coffee;charset=utf8
[2023-04-21T15:01:11+08:00][sql] SHOW FULL COLUMNS FROM `information` [ RunTime:0.001315s ]
[2023-04-21T15:01:11+08:00][sql] SELECT * FROM `information` WHERE  `id` = 9 LIMIT 1 [ RunTime:0.000318s ]
[2023-04-21T15:01:11+08:00][sql] SHOW FULL COLUMNS FROM `address` [ RunTime:0.001017s ]
[2023-04-21T15:01:11+08:00][sql] SELECT * FROM `address` WHERE  `id` = 1 LIMIT 1 [ RunTime:0.000251s ]
[2023-04-21T15:01:11+08:00][sql] SELECT * FROM `address` WHERE  `id` = 2 LIMIT 1 [ RunTime:0.000231s ]
[2023-04-21T17:31:05+08:00][sql] CONNECT:[ UseTime:0.000419s ] mysql:host=localhost;port=3316;dbname=coffee;charset=utf8
[2023-04-21T17:31:05+08:00][sql] SHOW FULL COLUMNS FROM `information` [ RunTime:0.001490s ]
[2023-04-21T17:31:05+08:00][sql] SELECT * FROM `information` WHERE  `id` = 14 LIMIT 1 [ RunTime:0.000301s ]
[2023-04-21T17:31:05+08:00][sql] SHOW FULL COLUMNS FROM `address` [ RunTime:0.000932s ]
[2023-04-21T17:31:05+08:00][sql] SELECT * FROM `address` WHERE  `id` = 1 LIMIT 1 [ RunTime:0.000249s ]
[2023-04-21T17:31:05+08:00][sql] SELECT * FROM `address` WHERE  `id` = 2 LIMIT 1 [ RunTime:0.000220s ]
[2023-04-21T20:41:48+08:00][sql] CONNECT:[ UseTime:0.000417s ] mysql:host=localhost;port=3316;dbname=coffee;charset=utf8
[2023-04-21T20:41:48+08:00][sql] SHOW FULL COLUMNS FROM `information` [ RunTime:0.001301s ]
[2023-04-21T20:41:48+08:00][sql] SELECT * FROM `information` WHERE  `id` = 3 LIMIT 1 [ RunTime:0.000360s ]
[2023-04-21T20:41:48+08:00][sql] SHOW FULL COLUMNS FROM `address` [ RunTime:0.000958s ]
[2023-04-21T20:41:48+08:00][sql] SELECT * FROM `address` WHERE  `id` = 1 LIMIT 1 [ RunTime:0.000277s ]
[2023-04-21T20:41:48+08:00][sql] SELECT * FROM `address` WHERE  `id` = 2 LIMIT 1 [ RunTime:0.000260s ]
