[2023-04-23T03:37:37+08:00][sql] CONNECT:[ UseTime:0.000355s ] mysql:host=localhost;port=3316;dbname=coffee;charset=utf8
[2023-04-23T03:37:37+08:00][sql] SHOW FULL COLUMNS FROM `information` [ RunTime:0.001314s ]
[2023-04-23T03:37:37+08:00][sql] SELECT * FROM `information` WHERE  `id` = 9 LIMIT 1 [ RunTime:0.000303s ]
[2023-04-23T03:37:37+08:00][sql] SHOW FULL COLUMNS FROM `address` [ RunTime:0.000940s ]
[2023-04-23T03:37:37+08:00][sql] SELECT * FROM `address` WHERE  `id` = 1 LIMIT 1 [ RunTime:0.000234s ]
[2023-04-23T03:37:37+08:00][sql] SELECT * FROM `address` WHERE  `id` = 2 LIMIT 1 [ RunTime:0.000229s ]
[2023-04-23T06:25:08+08:00][sql] CONNECT:[ UseTime:0.000432s ] mysql:host=localhost;port=3316;dbname=coffee;charset=utf8
[2023-04-23T06:25:08+08:00][sql] SHOW FULL COLUMNS FROM `information` [ RunTime:0.001504s ]
[2023-04-23T06:25:08+08:00][sql] SELECT * FROM `information` WHERE  `id` = 20 LIMIT 1 [ RunTime:0.000391s ]
[2023-04-23T06:25:08+08:00][sql] SHOW FULL COLUMNS FROM `address` [ RunTime:0.000989s ]
[2023-04-23T06:25:08+08:00][sql] SELECT * FROM `address` WHERE  `id` = 1 LIMIT 1 [ RunTime:0.000270s ]
[2023-04-23T06:25:08+08:00][sql] SELECT * FROM `address` WHERE  `id` = 2 LIMIT 1 [ RunTime:0.000263s ]
[2023-04-23T12:39:55+08:00][sql] CONNECT:[ UseTime:0.000442s ] mysql:host=localhost;port=3316;dbname=coffee;charset=utf8
[2023-04-23T12:39:55+08:00][sql] SHOW FULL COLUMNS FROM `information` [ RunTime:0.001339s ]
[2023-04-23T12:39:55+08:00][sql] SELECT * FROM `information` ORDER BY `time` DESC LIMIT 1 [ RunTime:0.000355s ]
[2023-04-23T12:39:55+08:00][sql] SHOW FULL COLUMNS FROM `topic` [ RunTime:0.000898s ]
[2023-04-23T12:39:55+08:00][sql] SELECT * FROM `topic` [ RunTime:0.000226s ]
[2023-04-23T12:39:55+08:00][sql] SELECT * FROM `information` ORDER BY `time` DESC [ RunTime:0.000916s ]
[2023-04-23T12:39:55+08:00][sql] SHOW FULL COLUMNS FROM `address` [ RunTime:0.001069s ]
[2023-04-23T12:39:55+08:00][sql] SELECT * FROM `address` WHERE  `id` = 1 LIMIT 1 [ RunTime:0.000320s ]
[2023-04-23T12:39:55+08:00][sql] SELECT * FROM `address` WHERE  `id` = 2 LIMIT 1 [ RunTime:0.000254s ]
[2023-04-23T12:40:20+08:00][sql] CONNECT:[ UseTime:0.000480s ] mysql:host=localhost;port=3316;dbname=coffee;charset=utf8
[2023-04-23T12:40:20+08:00][sql] SHOW FULL COLUMNS FROM `information` [ RunTime:0.001348s ]
[2023-04-23T12:40:20+08:00][sql] SELECT * FROM `information` ORDER BY `time` DESC LIMIT 1 [ RunTime:0.000302s ]
[2023-04-23T12:40:20+08:00][sql] SHOW FULL COLUMNS FROM `topic` [ RunTime:0.000830s ]
[2023-04-23T12:40:20+08:00][sql] SELECT * FROM `topic` [ RunTime:0.000179s ]
[2023-04-23T12:40:20+08:00][sql] SELECT * FROM `information` WHERE  `topic_id` = 3 [ RunTime:0.000608s ]
[2023-04-23T12:40:20+08:00][sql] SHOW FULL COLUMNS FROM `address` [ RunTime:0.001041s ]
[2023-04-23T12:40:20+08:00][sql] SELECT * FROM `address` WHERE  `id` = 1 LIMIT 1 [ RunTime:0.000282s ]
[2023-04-23T12:40:20+08:00][sql] SELECT * FROM `address` WHERE  `id` = 2 LIMIT 1 [ RunTime:0.000288s ]
[2023-04-23T14:42:14+08:00][sql] CONNECT:[ UseTime:0.000420s ] mysql:host=localhost;port=3316;dbname=coffee;charset=utf8
[2023-04-23T14:42:14+08:00][sql] SHOW FULL COLUMNS FROM `information` [ RunTime:0.001650s ]
[2023-04-23T14:42:14+08:00][sql] SELECT * FROM `information` WHERE  `id` = 19 LIMIT 1 [ RunTime:0.000334s ]
[2023-04-23T14:42:14+08:00][sql] SHOW FULL COLUMNS FROM `address` [ RunTime:0.001178s ]
[2023-04-23T14:42:14+08:00][sql] SELECT * FROM `address` WHERE  `id` = 1 LIMIT 1 [ RunTime:0.000597s ]
[2023-04-23T14:42:14+08:00][sql] SELECT * FROM `address` WHERE  `id` = 2 LIMIT 1 [ RunTime:0.000243s ]
[2023-04-23T14:42:14+08:00][sql] CONNECT:[ UseTime:0.000451s ] mysql:host=localhost;port=3316;dbname=coffee;charset=utf8
[2023-04-23T14:42:14+08:00][sql] SHOW FULL COLUMNS FROM `information` [ RunTime:0.001298s ]
[2023-04-23T14:42:14+08:00][sql] SELECT * FROM `information` WHERE  `id` = 19 LIMIT 1 [ RunTime:0.000326s ]
[2023-04-23T14:42:14+08:00][sql] SHOW FULL COLUMNS FROM `address` [ RunTime:0.000960s ]
[2023-04-23T14:42:14+08:00][sql] SELECT * FROM `address` WHERE  `id` = 1 LIMIT 1 [ RunTime:0.000279s ]
[2023-04-23T14:42:14+08:00][sql] SELECT * FROM `address` WHERE  `id` = 2 LIMIT 1 [ RunTime:0.000247s ]
[2023-04-23T14:45:34+08:00][sql] CONNECT:[ UseTime:0.000604s ] mysql:host=localhost;port=3316;dbname=coffee;charset=utf8
[2023-04-23T14:45:34+08:00][sql] SHOW FULL COLUMNS FROM `information` [ RunTime:0.001577s ]
[2023-04-23T14:45:34+08:00][sql] SELECT * FROM `information` WHERE  `id` = 19 LIMIT 1 [ RunTime:0.000276s ]
[2023-04-23T14:45:34+08:00][sql] SHOW FULL COLUMNS FROM `address` [ RunTime:0.001195s ]
[2023-04-23T14:45:34+08:00][sql] SELECT * FROM `address` WHERE  `id` = 1 LIMIT 1 [ RunTime:0.000273s ]
[2023-04-23T14:45:34+08:00][sql] SELECT * FROM `address` WHERE  `id` = 2 LIMIT 1 [ RunTime:0.000257s ]
[2023-04-23T14:45:34+08:00][sql] CONNECT:[ UseTime:0.000416s ] mysql:host=localhost;port=3316;dbname=coffee;charset=utf8
[2023-04-23T14:45:34+08:00][sql] SHOW FULL COLUMNS FROM `information` [ RunTime:0.001365s ]
[2023-04-23T14:45:34+08:00][sql] SELECT * FROM `information` WHERE  `id` = 19 LIMIT 1 [ RunTime:0.000302s ]
[2023-04-23T14:45:34+08:00][sql] SHOW FULL COLUMNS FROM `address` [ RunTime:0.001008s ]
[2023-04-23T14:45:34+08:00][sql] SELECT * FROM `address` WHERE  `id` = 1 LIMIT 1 [ RunTime:0.000337s ]
[2023-04-23T14:45:34+08:00][sql] SELECT * FROM `address` WHERE  `id` = 2 LIMIT 1 [ RunTime:0.000201s ]
[2023-04-23T16:09:57+08:00][sql] CONNECT:[ UseTime:0.000427s ] mysql:host=localhost;port=3316;dbname=coffee;charset=utf8
[2023-04-23T16:09:57+08:00][sql] SHOW FULL COLUMNS FROM `information` [ RunTime:0.001258s ]
[2023-04-23T16:09:57+08:00][sql] SELECT * FROM `information` WHERE  `id` = 12 LIMIT 1 [ RunTime:0.000272s ]
[2023-04-23T16:09:57+08:00][sql] SHOW FULL COLUMNS FROM `address` [ RunTime:0.000937s ]
[2023-04-23T16:09:57+08:00][sql] SELECT * FROM `address` WHERE  `id` = 1 LIMIT 1 [ RunTime:0.000290s ]
[2023-04-23T16:09:57+08:00][sql] SELECT * FROM `address` WHERE  `id` = 2 LIMIT 1 [ RunTime:0.000218s ]
[2023-04-23T16:09:57+08:00][sql] CONNECT:[ UseTime:0.000383s ] mysql:host=localhost;port=3316;dbname=coffee;charset=utf8
[2023-04-23T16:09:57+08:00][sql] SHOW FULL COLUMNS FROM `information` [ RunTime:0.001397s ]
[2023-04-23T16:09:57+08:00][sql] SELECT * FROM `information` WHERE  `id` = 12 LIMIT 1 [ RunTime:0.000281s ]
[2023-04-23T16:09:57+08:00][sql] SHOW FULL COLUMNS FROM `address` [ RunTime:0.000925s ]
[2023-04-23T16:09:57+08:00][sql] SELECT * FROM `address` WHERE  `id` = 1 LIMIT 1 [ RunTime:0.000246s ]
[2023-04-23T16:09:57+08:00][sql] SELECT * FROM `address` WHERE  `id` = 2 LIMIT 1 [ RunTime:0.000215s ]
[2023-04-23T17:39:05+08:00][sql] CONNECT:[ UseTime:0.000519s ] mysql:host=localhost;port=3316;dbname=coffee;charset=utf8
[2023-04-23T17:39:05+08:00][sql] SHOW FULL COLUMNS FROM `information` [ RunTime:0.001984s ]
[2023-04-23T17:39:05+08:00][sql] SELECT * FROM `information` WHERE  `id` = 1 LIMIT 1 [ RunTime:0.000351s ]
[2023-04-23T17:39:05+08:00][sql] SHOW FULL COLUMNS FROM `address` [ RunTime:0.001466s ]
[2023-04-23T17:39:05+08:00][sql] SELECT * FROM `address` WHERE  `id` = 1 LIMIT 1 [ RunTime:0.000280s ]
[2023-04-23T17:39:05+08:00][sql] SELECT * FROM `address` WHERE  `id` = 2 LIMIT 1 [ RunTime:0.000343s ]
[2023-04-23T17:39:05+08:00][sql] CONNECT:[ UseTime:0.000364s ] mysql:host=localhost;port=3316;dbname=coffee;charset=utf8
[2023-04-23T17:39:05+08:00][sql] SHOW FULL COLUMNS FROM `information` [ RunTime:0.001180s ]
[2023-04-23T17:39:05+08:00][sql] SELECT * FROM `information` WHERE  `id` = 1 LIMIT 1 [ RunTime:0.000293s ]
[2023-04-23T17:39:05+08:00][sql] SHOW FULL COLUMNS FROM `address` [ RunTime:0.001068s ]
[2023-04-23T17:39:05+08:00][sql] SELECT * FROM `address` WHERE  `id` = 1 LIMIT 1 [ RunTime:0.000279s ]
[2023-04-23T17:39:05+08:00][sql] SELECT * FROM `address` WHERE  `id` = 2 LIMIT 1 [ RunTime:0.000243s ]
[2023-04-23T18:18:03+08:00][sql] CONNECT:[ UseTime:0.000383s ] mysql:host=localhost;port=3316;dbname=coffee;charset=utf8
[2023-04-23T18:18:03+08:00][sql] SHOW FULL COLUMNS FROM `information` [ RunTime:0.001322s ]
[2023-04-23T18:18:03+08:00][sql] SELECT * FROM `information` WHERE  `id` = 7 LIMIT 1 [ RunTime:0.000291s ]
[2023-04-23T18:18:03+08:00][sql] SHOW FULL COLUMNS FROM `address` [ RunTime:0.000935s ]
[2023-04-23T18:18:03+08:00][sql] SELECT * FROM `address` WHERE  `id` = 1 LIMIT 1 [ RunTime:0.000267s ]
[2023-04-23T18:18:03+08:00][sql] SELECT * FROM `address` WHERE  `id` = 2 LIMIT 1 [ RunTime:0.000211s ]
[2023-04-23T18:18:04+08:00][sql] CONNECT:[ UseTime:0.000384s ] mysql:host=localhost;port=3316;dbname=coffee;charset=utf8
[2023-04-23T18:18:04+08:00][sql] SHOW FULL COLUMNS FROM `information` [ RunTime:0.001316s ]
[2023-04-23T18:18:04+08:00][sql] SELECT * FROM `information` WHERE  `id` = 7 LIMIT 1 [ RunTime:0.000288s ]
[2023-04-23T18:18:04+08:00][sql] SHOW FULL COLUMNS FROM `address` [ RunTime:0.000955s ]
[2023-04-23T18:18:04+08:00][sql] SELECT * FROM `address` WHERE  `id` = 1 LIMIT 1 [ RunTime:0.000249s ]
[2023-04-23T18:18:04+08:00][sql] SELECT * FROM `address` WHERE  `id` = 2 LIMIT 1 [ RunTime:0.000248s ]
[2023-04-23T20:48:01+08:00][sql] CONNECT:[ UseTime:0.000437s ] mysql:host=localhost;port=3316;dbname=coffee;charset=utf8
[2023-04-23T20:48:01+08:00][sql] SHOW FULL COLUMNS FROM `information` [ RunTime:0.001418s ]
[2023-04-23T20:48:01+08:00][sql] SELECT * FROM `information` WHERE  `id` = 5 LIMIT 1 [ RunTime:0.000339s ]
[2023-04-23T20:48:01+08:00][sql] SHOW FULL COLUMNS FROM `address` [ RunTime:0.001042s ]
[2023-04-23T20:48:01+08:00][sql] SELECT * FROM `address` WHERE  `id` = 1 LIMIT 1 [ RunTime:0.000333s ]
[2023-04-23T20:48:01+08:00][sql] SELECT * FROM `address` WHERE  `id` = 2 LIMIT 1 [ RunTime:0.000243s ]
[2023-04-23T20:48:02+08:00][sql] CONNECT:[ UseTime:0.000553s ] mysql:host=localhost;port=3316;dbname=coffee;charset=utf8
[2023-04-23T20:48:02+08:00][sql] SHOW FULL COLUMNS FROM `information` [ RunTime:0.001471s ]
[2023-04-23T20:48:02+08:00][sql] SELECT * FROM `information` WHERE  `id` = 5 LIMIT 1 [ RunTime:0.000300s ]
[2023-04-23T20:48:02+08:00][sql] SHOW FULL COLUMNS FROM `address` [ RunTime:0.001139s ]
[2023-04-23T20:48:02+08:00][sql] SELECT * FROM `address` WHERE  `id` = 1 LIMIT 1 [ RunTime:0.000249s ]
[2023-04-23T20:48:02+08:00][sql] SELECT * FROM `address` WHERE  `id` = 2 LIMIT 1 [ RunTime:0.000222s ]
[2023-04-23T21:01:09+08:00][sql] CONNECT:[ UseTime:0.000382s ] mysql:host=localhost;port=3316;dbname=coffee;charset=utf8
[2023-04-23T21:01:09+08:00][sql] SHOW FULL COLUMNS FROM `information` [ RunTime:0.001397s ]
[2023-04-23T21:01:09+08:00][sql] SELECT * FROM `information` WHERE  `id` = 7 LIMIT 1 [ RunTime:0.000308s ]
[2023-04-23T21:01:09+08:00][sql] SHOW FULL COLUMNS FROM `address` [ RunTime:0.000946s ]
[2023-04-23T21:01:09+08:00][sql] SELECT * FROM `address` WHERE  `id` = 1 LIMIT 1 [ RunTime:0.000241s ]
[2023-04-23T21:01:09+08:00][sql] SELECT * FROM `address` WHERE  `id` = 2 LIMIT 1 [ RunTime:0.000213s ]
[2023-04-23T21:01:13+08:00][sql] CONNECT:[ UseTime:0.000396s ] mysql:host=localhost;port=3316;dbname=coffee;charset=utf8
[2023-04-23T21:01:13+08:00][sql] SHOW FULL COLUMNS FROM `information` [ RunTime:0.001276s ]
[2023-04-23T21:01:13+08:00][sql] SELECT * FROM `information` WHERE  `id` = 7 LIMIT 1 [ RunTime:0.000356s ]
[2023-04-23T21:01:13+08:00][sql] SHOW FULL COLUMNS FROM `address` [ RunTime:0.001010s ]
[2023-04-23T21:01:13+08:00][sql] SELECT * FROM `address` WHERE  `id` = 1 LIMIT 1 [ RunTime:0.000262s ]
[2023-04-23T21:01:13+08:00][sql] SELECT * FROM `address` WHERE  `id` = 2 LIMIT 1 [ RunTime:0.000266s ]
[2023-04-23T21:10:47+08:00][sql] CONNECT:[ UseTime:0.000537s ] mysql:host=localhost;port=3316;dbname=coffee;charset=utf8
[2023-04-23T21:10:47+08:00][sql] SHOW FULL COLUMNS FROM `information` [ RunTime:0.001739s ]
[2023-04-23T21:10:47+08:00][sql] SELECT * FROM `information` WHERE  `id` = 5 LIMIT 1 [ RunTime:0.000403s ]
[2023-04-23T21:10:47+08:00][sql] SHOW FULL COLUMNS FROM `address` [ RunTime:0.001304s ]
[2023-04-23T21:10:47+08:00][sql] SELECT * FROM `address` WHERE  `id` = 1 LIMIT 1 [ RunTime:0.000433s ]
[2023-04-23T21:10:47+08:00][sql] SELECT * FROM `address` WHERE  `id` = 2 LIMIT 1 [ RunTime:0.000391s ]
[2023-04-23T21:10:49+08:00][sql] CONNECT:[ UseTime:0.000432s ] mysql:host=localhost;port=3316;dbname=coffee;charset=utf8
[2023-04-23T21:10:49+08:00][sql] SHOW FULL COLUMNS FROM `information` [ RunTime:0.001467s ]
[2023-04-23T21:10:49+08:00][sql] SELECT * FROM `information` WHERE  `id` = 5 LIMIT 1 [ RunTime:0.000297s ]
[2023-04-23T21:10:49+08:00][sql] SHOW FULL COLUMNS FROM `address` [ RunTime:0.001087s ]
[2023-04-23T21:10:49+08:00][sql] SELECT * FROM `address` WHERE  `id` = 1 LIMIT 1 [ RunTime:0.000235s ]
[2023-04-23T21:10:49+08:00][sql] SELECT * FROM `address` WHERE  `id` = 2 LIMIT 1 [ RunTime:0.000232s ]
