[2023-04-24T00:05:53+08:00][sql] CONNECT:[ UseTime:0.000424s ] mysql:host=localhost;port=3316;dbname=coffee;charset=utf8
[2023-04-24T00:05:53+08:00][sql] SHOW FULL COLUMNS FROM `information` [ RunTime:0.001319s ]
[2023-04-24T00:05:53+08:00][sql] SELECT * FROM `information` WHERE  `id` = 16 LIMIT 1 [ RunTime:0.000295s ]
[2023-04-24T00:05:53+08:00][sql] SHOW FULL COLUMNS FROM `address` [ RunTime:0.000917s ]
[2023-04-24T00:05:53+08:00][sql] SELECT * FROM `address` WHERE  `id` = 1 LIMIT 1 [ RunTime:0.000248s ]
[2023-04-24T00:05:53+08:00][sql] SELECT * FROM `address` WHERE  `id` = 2 LIMIT 1 [ RunTime:0.000227s ]
[2023-04-24T00:05:54+08:00][sql] CONNECT:[ UseTime:0.000396s ] mysql:host=localhost;port=3316;dbname=coffee;charset=utf8
[2023-04-24T00:05:54+08:00][sql] SHOW FULL COLUMNS FROM `information` [ RunTime:0.001306s ]
[2023-04-24T00:05:54+08:00][sql] SELECT * FROM `information` WHERE  `id` = 16 LIMIT 1 [ RunTime:0.000291s ]
[2023-04-24T00:05:54+08:00][sql] SHOW FULL COLUMNS FROM `address` [ RunTime:0.000869s ]
[2023-04-24T00:05:54+08:00][sql] SELECT * FROM `address` WHERE  `id` = 1 LIMIT 1 [ RunTime:0.000240s ]
[2023-04-24T00:05:54+08:00][sql] SELECT * FROM `address` WHERE  `id` = 2 LIMIT 1 [ RunTime:0.000230s ]
[2023-04-24T00:09:13+08:00][sql] CONNECT:[ UseTime:0.000418s ] mysql:host=localhost;port=3316;dbname=coffee;charset=utf8
[2023-04-24T00:09:13+08:00][sql] SHOW FULL COLUMNS FROM `information` [ RunTime:0.001248s ]
[2023-04-24T00:09:13+08:00][sql] SELECT * FROM `information` WHERE  `id` = 16 LIMIT 1 [ RunTime:0.000281s ]
[2023-04-24T00:09:13+08:00][sql] SHOW FULL COLUMNS FROM `address` [ RunTime:0.000922s ]
[2023-04-24T00:09:13+08:00][sql] SELECT * FROM `address` WHERE  `id` = 1 LIMIT 1 [ RunTime:0.000270s ]
[2023-04-24T00:09:13+08:00][sql] SELECT * FROM `address` WHERE  `id` = 2 LIMIT 1 [ RunTime:0.000232s ]
[2023-04-24T00:09:13+08:00][sql] CONNECT:[ UseTime:0.000365s ] mysql:host=localhost;port=3316;dbname=coffee;charset=utf8
[2023-04-24T00:09:13+08:00][sql] SHOW FULL COLUMNS FROM `information` [ RunTime:0.001206s ]
[2023-04-24T00:09:13+08:00][sql] SELECT * FROM `information` WHERE  `id` = 16 LIMIT 1 [ RunTime:0.000278s ]
[2023-04-24T00:09:13+08:00][sql] SHOW FULL COLUMNS FROM `address` [ RunTime:0.000891s ]
[2023-04-24T00:09:13+08:00][sql] SELECT * FROM `address` WHERE  `id` = 1 LIMIT 1 [ RunTime:0.000231s ]
[2023-04-24T00:09:13+08:00][sql] SELECT * FROM `address` WHERE  `id` = 2 LIMIT 1 [ RunTime:0.000202s ]
[2023-04-24T01:14:51+08:00][sql] CONNECT:[ UseTime:0.000382s ] mysql:host=localhost;port=3316;dbname=coffee;charset=utf8
[2023-04-24T01:14:51+08:00][sql] SHOW FULL COLUMNS FROM `information` [ RunTime:0.001350s ]
[2023-04-24T01:14:51+08:00][sql] SELECT * FROM `information` WHERE  `id` = 16 LIMIT 1 [ RunTime:0.000310s ]
[2023-04-24T01:14:51+08:00][sql] SHOW FULL COLUMNS FROM `address` [ RunTime:0.000911s ]
[2023-04-24T01:14:51+08:00][sql] SELECT * FROM `address` WHERE  `id` = 1 LIMIT 1 [ RunTime:0.000232s ]
[2023-04-24T01:14:51+08:00][sql] SELECT * FROM `address` WHERE  `id` = 2 LIMIT 1 [ RunTime:0.000218s ]
[2023-04-24T02:44:30+08:00][sql] CONNECT:[ UseTime:0.000342s ] mysql:host=localhost;port=3316;dbname=coffee;charset=utf8
[2023-04-24T02:44:30+08:00][sql] SHOW FULL COLUMNS FROM `information` [ RunTime:0.001301s ]
[2023-04-24T02:44:30+08:00][sql] SELECT * FROM `information` ORDER BY `time` DESC LIMIT 1 [ RunTime:0.000336s ]
[2023-04-24T02:44:30+08:00][sql] SHOW FULL COLUMNS FROM `topic` [ RunTime:0.000851s ]
[2023-04-24T02:44:30+08:00][sql] SELECT * FROM `topic` [ RunTime:0.000197s ]
[2023-04-24T02:44:30+08:00][sql] SELECT * FROM `information` ORDER BY `time` DESC [ RunTime:0.000782s ]
[2023-04-24T02:44:30+08:00][sql] SHOW FULL COLUMNS FROM `address` [ RunTime:0.001019s ]
[2023-04-24T02:44:30+08:00][sql] SELECT * FROM `address` WHERE  `id` = 1 LIMIT 1 [ RunTime:0.000288s ]
[2023-04-24T02:44:30+08:00][sql] SELECT * FROM `address` WHERE  `id` = 2 LIMIT 1 [ RunTime:0.000275s ]
[2023-04-24T03:20:40+08:00][sql] CONNECT:[ UseTime:0.000413s ] mysql:host=localhost;port=3316;dbname=coffee;charset=utf8
[2023-04-24T03:20:40+08:00][sql] SHOW FULL COLUMNS FROM `information` [ RunTime:0.001451s ]
[2023-04-24T03:20:40+08:00][sql] SELECT * FROM `information` WHERE  `id` = 18 LIMIT 1 [ RunTime:0.000360s ]
[2023-04-24T03:20:40+08:00][sql] SHOW FULL COLUMNS FROM `address` [ RunTime:0.000949s ]
[2023-04-24T03:20:40+08:00][sql] SELECT * FROM `address` WHERE  `id` = 1 LIMIT 1 [ RunTime:0.000365s ]
[2023-04-24T03:20:40+08:00][sql] SELECT * FROM `address` WHERE  `id` = 2 LIMIT 1 [ RunTime:0.000285s ]
[2023-04-24T04:10:24+08:00][sql] CONNECT:[ UseTime:0.000387s ] mysql:host=localhost;port=3316;dbname=coffee;charset=utf8
[2023-04-24T04:10:24+08:00][sql] SHOW FULL COLUMNS FROM `information` [ RunTime:0.001283s ]
[2023-04-24T04:10:24+08:00][sql] SELECT * FROM `information` WHERE  `id` = 14 LIMIT 1 [ RunTime:0.000330s ]
[2023-04-24T04:10:24+08:00][sql] SHOW FULL COLUMNS FROM `address` [ RunTime:0.000978s ]
[2023-04-24T04:10:24+08:00][sql] SELECT * FROM `address` WHERE  `id` = 1 LIMIT 1 [ RunTime:0.000277s ]
[2023-04-24T04:10:24+08:00][sql] SELECT * FROM `address` WHERE  `id` = 2 LIMIT 1 [ RunTime:0.000263s ]
[2023-04-24T04:55:56+08:00][sql] CONNECT:[ UseTime:0.010402s ] mysql:host=localhost;port=3316;dbname=coffee;charset=utf8
[2023-04-24T04:55:56+08:00][sql] SHOW FULL COLUMNS FROM `information` [ RunTime:0.005137s ]
[2023-04-24T04:55:56+08:00][sql] SELECT * FROM `information` WHERE  `id` = 21 LIMIT 1 [ RunTime:0.000556s ]
[2023-04-24T04:55:56+08:00][sql] SHOW FULL COLUMNS FROM `address` [ RunTime:0.002601s ]
[2023-04-24T04:55:56+08:00][sql] SELECT * FROM `address` WHERE  `id` = 1 LIMIT 1 [ RunTime:0.000428s ]
[2023-04-24T04:55:56+08:00][sql] SELECT * FROM `address` WHERE  `id` = 2 LIMIT 1 [ RunTime:0.000852s ]
[2023-04-24T08:00:24+08:00][sql] CONNECT:[ UseTime:0.000403s ] mysql:host=localhost;port=3316;dbname=coffee;charset=utf8
[2023-04-24T08:00:24+08:00][sql] SHOW FULL COLUMNS FROM `information` [ RunTime:0.001261s ]
[2023-04-24T08:00:24+08:00][sql] SELECT * FROM `information` WHERE  `id` = 16 LIMIT 1 [ RunTime:0.000340s ]
[2023-04-24T08:00:24+08:00][sql] SHOW FULL COLUMNS FROM `address` [ RunTime:0.000994s ]
[2023-04-24T08:00:24+08:00][sql] SELECT * FROM `address` WHERE  `id` = 1 LIMIT 1 [ RunTime:0.000274s ]
[2023-04-24T08:00:24+08:00][sql] SELECT * FROM `address` WHERE  `id` = 2 LIMIT 1 [ RunTime:0.000248s ]
[2023-04-24T08:03:28+08:00][sql] CONNECT:[ UseTime:0.000485s ] mysql:host=localhost;port=3316;dbname=coffee;charset=utf8
[2023-04-24T08:03:28+08:00][sql] SHOW FULL COLUMNS FROM `information` [ RunTime:0.001813s ]
[2023-04-24T08:03:28+08:00][sql] SELECT * FROM `information` WHERE  `id` = 16 LIMIT 1 [ RunTime:0.000368s ]
[2023-04-24T08:03:28+08:00][sql] SHOW FULL COLUMNS FROM `address` [ RunTime:0.001383s ]
[2023-04-24T08:03:28+08:00][sql] SELECT * FROM `address` WHERE  `id` = 1 LIMIT 1 [ RunTime:0.000294s ]
[2023-04-24T08:03:28+08:00][sql] SELECT * FROM `address` WHERE  `id` = 2 LIMIT 1 [ RunTime:0.000278s ]
[2023-04-24T08:04:24+08:00][sql] CONNECT:[ UseTime:0.000399s ] mysql:host=localhost;port=3316;dbname=coffee;charset=utf8
[2023-04-24T08:04:24+08:00][sql] SHOW FULL COLUMNS FROM `information` [ RunTime:0.001783s ]
[2023-04-24T08:04:24+08:00][sql] SELECT * FROM `information` WHERE  `id` = 16 LIMIT 1 [ RunTime:0.000380s ]
[2023-04-24T08:04:24+08:00][sql] SHOW FULL COLUMNS FROM `address` [ RunTime:0.001125s ]
[2023-04-24T08:04:24+08:00][sql] SELECT * FROM `address` WHERE  `id` = 1 LIMIT 1 [ RunTime:0.000280s ]
[2023-04-24T08:04:24+08:00][sql] SELECT * FROM `address` WHERE  `id` = 2 LIMIT 1 [ RunTime:0.000261s ]
[2023-04-24T08:23:56+08:00][sql] CONNECT:[ UseTime:0.000414s ] mysql:host=localhost;port=3316;dbname=coffee;charset=utf8
[2023-04-24T08:23:56+08:00][sql] SHOW FULL COLUMNS FROM `information` [ RunTime:0.001347s ]
[2023-04-24T08:23:56+08:00][sql] SELECT * FROM `information` ORDER BY `time` DESC LIMIT 1 [ RunTime:0.000374s ]
[2023-04-24T08:23:56+08:00][sql] SHOW FULL COLUMNS FROM `topic` [ RunTime:0.000862s ]
[2023-04-24T08:23:56+08:00][sql] SELECT * FROM `topic` [ RunTime:0.000223s ]
[2023-04-24T08:23:56+08:00][sql] SELECT * FROM `information` ORDER BY `time` DESC [ RunTime:0.000891s ]
[2023-04-24T08:23:56+08:00][sql] SHOW FULL COLUMNS FROM `address` [ RunTime:0.000938s ]
[2023-04-24T08:23:56+08:00][sql] SELECT * FROM `address` WHERE  `id` = 1 LIMIT 1 [ RunTime:0.000271s ]
[2023-04-24T08:23:56+08:00][sql] SELECT * FROM `address` WHERE  `id` = 2 LIMIT 1 [ RunTime:0.000267s ]
[2023-04-24T08:24:45+08:00][sql] CONNECT:[ UseTime:0.000416s ] mysql:host=localhost;port=3316;dbname=coffee;charset=utf8
[2023-04-24T08:24:45+08:00][sql] SHOW FULL COLUMNS FROM `information` [ RunTime:0.001283s ]
[2023-04-24T08:24:45+08:00][sql] SELECT * FROM `information` WHERE  `id` = 17 LIMIT 1 [ RunTime:0.000290s ]
[2023-04-24T08:24:45+08:00][sql] SHOW FULL COLUMNS FROM `address` [ RunTime:0.000926s ]
[2023-04-24T08:24:45+08:00][sql] SELECT * FROM `address` WHERE  `id` = 1 LIMIT 1 [ RunTime:0.000248s ]
[2023-04-24T08:24:45+08:00][sql] SELECT * FROM `address` WHERE  `id` = 2 LIMIT 1 [ RunTime:0.000209s ]
[2023-04-24T08:28:15+08:00][sql] CONNECT:[ UseTime:0.000363s ] mysql:host=localhost;port=3316;dbname=coffee;charset=utf8
[2023-04-24T08:28:15+08:00][sql] SHOW FULL COLUMNS FROM `information` [ RunTime:0.001269s ]
[2023-04-24T08:28:15+08:00][sql] SELECT * FROM `information` WHERE  `id` = 17 LIMIT 1 [ RunTime:0.000292s ]
[2023-04-24T08:28:15+08:00][sql] SHOW FULL COLUMNS FROM `address` [ RunTime:0.000859s ]
[2023-04-24T08:28:15+08:00][sql] SELECT * FROM `address` WHERE  `id` = 1 LIMIT 1 [ RunTime:0.000230s ]
[2023-04-24T08:28:15+08:00][sql] SELECT * FROM `address` WHERE  `id` = 2 LIMIT 1 [ RunTime:0.000201s ]
[2023-04-24T08:29:24+08:00][sql] CONNECT:[ UseTime:0.006804s ] mysql:host=localhost;port=3316;dbname=coffee;charset=utf8
[2023-04-24T08:29:24+08:00][sql] SHOW FULL COLUMNS FROM `information` [ RunTime:0.003863s ]
[2023-04-24T08:29:24+08:00][sql] SELECT * FROM `information` ORDER BY `time` DESC LIMIT 1 [ RunTime:0.000524s ]
[2023-04-24T08:29:24+08:00][sql] SHOW FULL COLUMNS FROM `topic` [ RunTime:0.001244s ]
[2023-04-24T08:29:24+08:00][sql] SELECT * FROM `topic` [ RunTime:0.000361s ]
[2023-04-24T08:29:24+08:00][sql] SELECT * FROM `information` ORDER BY `time` DESC [ RunTime:0.001244s ]
[2023-04-24T08:29:24+08:00][sql] SHOW FULL COLUMNS FROM `address` [ RunTime:0.001467s ]
[2023-04-24T08:29:24+08:00][sql] SELECT * FROM `address` WHERE  `id` = 1 LIMIT 1 [ RunTime:0.000416s ]
[2023-04-24T08:29:24+08:00][sql] SELECT * FROM `address` WHERE  `id` = 2 LIMIT 1 [ RunTime:0.000374s ]
[2023-04-24T08:50:50+08:00][sql] CONNECT:[ UseTime:0.000382s ] mysql:host=localhost;port=3316;dbname=coffee;charset=utf8
[2023-04-24T08:50:50+08:00][sql] SHOW FULL COLUMNS FROM `information` [ RunTime:0.001219s ]
[2023-04-24T08:50:50+08:00][sql] SELECT * FROM `information` WHERE  `id` = 11 LIMIT 1 [ RunTime:0.000277s ]
[2023-04-24T08:50:50+08:00][sql] SHOW FULL COLUMNS FROM `address` [ RunTime:0.000902s ]
[2023-04-24T08:50:50+08:00][sql] SELECT * FROM `address` WHERE  `id` = 1 LIMIT 1 [ RunTime:0.000231s ]
[2023-04-24T08:50:50+08:00][sql] SELECT * FROM `address` WHERE  `id` = 2 LIMIT 1 [ RunTime:0.000216s ]
[2023-04-24T08:50:50+08:00][sql] CONNECT:[ UseTime:0.000377s ] mysql:host=localhost;port=3316;dbname=coffee;charset=utf8
[2023-04-24T08:50:50+08:00][sql] SHOW FULL COLUMNS FROM `information` [ RunTime:0.001220s ]
[2023-04-24T08:50:50+08:00][sql] SELECT * FROM `information` WHERE  `id` = 11 LIMIT 1 [ RunTime:0.000280s ]
[2023-04-24T08:50:50+08:00][sql] SHOW FULL COLUMNS FROM `address` [ RunTime:0.000884s ]
[2023-04-24T08:50:50+08:00][sql] SELECT * FROM `address` WHERE  `id` = 1 LIMIT 1 [ RunTime:0.000265s ]
[2023-04-24T08:50:50+08:00][sql] SELECT * FROM `address` WHERE  `id` = 2 LIMIT 1 [ RunTime:0.000203s ]
[2023-04-24T09:33:32+08:00][sql] CONNECT:[ UseTime:0.000518s ] mysql:host=localhost;port=3316;dbname=coffee;charset=utf8
[2023-04-24T09:33:32+08:00][sql] SHOW FULL COLUMNS FROM `information` [ RunTime:0.001956s ]
[2023-04-24T09:33:32+08:00][sql] SELECT * FROM `information` WHERE  `id` = 13 LIMIT 1 [ RunTime:0.000370s ]
[2023-04-24T09:33:32+08:00][sql] SHOW FULL COLUMNS FROM `address` [ RunTime:0.001407s ]
[2023-04-24T09:33:32+08:00][sql] SELECT * FROM `address` WHERE  `id` = 1 LIMIT 1 [ RunTime:0.000299s ]
[2023-04-24T09:33:32+08:00][sql] SELECT * FROM `address` WHERE  `id` = 2 LIMIT 1 [ RunTime:0.000264s ]
[2023-04-24T12:40:39+08:00][sql] CONNECT:[ UseTime:0.000366s ] mysql:host=localhost;port=3316;dbname=coffee;charset=utf8
[2023-04-24T12:40:39+08:00][sql] SHOW FULL COLUMNS FROM `information` [ RunTime:0.001349s ]
[2023-04-24T12:40:39+08:00][sql] SELECT * FROM `information` WHERE  `id` = 2 LIMIT 1 [ RunTime:0.000292s ]
[2023-04-24T12:40:39+08:00][sql] SHOW FULL COLUMNS FROM `address` [ RunTime:0.000918s ]
[2023-04-24T12:40:39+08:00][sql] SELECT * FROM `address` WHERE  `id` = 1 LIMIT 1 [ RunTime:0.000256s ]
[2023-04-24T12:40:39+08:00][sql] SELECT * FROM `address` WHERE  `id` = 2 LIMIT 1 [ RunTime:0.000206s ]
[2023-04-24T12:43:54+08:00][sql] CONNECT:[ UseTime:0.000431s ] mysql:host=localhost;port=3316;dbname=coffee;charset=utf8
[2023-04-24T12:43:54+08:00][sql] SHOW FULL COLUMNS FROM `information` [ RunTime:0.001286s ]
[2023-04-24T12:43:54+08:00][sql] SELECT * FROM `information` WHERE  `id` = 2 LIMIT 1 [ RunTime:0.000310s ]
[2023-04-24T12:43:54+08:00][sql] SHOW FULL COLUMNS FROM `address` [ RunTime:0.001073s ]
[2023-04-24T12:43:54+08:00][sql] SELECT * FROM `address` WHERE  `id` = 1 LIMIT 1 [ RunTime:0.000273s ]
[2023-04-24T12:43:54+08:00][sql] SELECT * FROM `address` WHERE  `id` = 2 LIMIT 1 [ RunTime:0.000269s ]
[2023-04-24T12:43:54+08:00][sql] CONNECT:[ UseTime:0.000340s ] mysql:host=localhost;port=3316;dbname=coffee;charset=utf8
[2023-04-24T12:43:54+08:00][sql] SHOW FULL COLUMNS FROM `information` [ RunTime:0.001369s ]
[2023-04-24T12:43:54+08:00][sql] SELECT * FROM `information` WHERE  `id` = 2 LIMIT 1 [ RunTime:0.000294s ]
[2023-04-24T12:43:54+08:00][sql] SHOW FULL COLUMNS FROM `address` [ RunTime:0.000928s ]
[2023-04-24T12:43:54+08:00][sql] SELECT * FROM `address` WHERE  `id` = 1 LIMIT 1 [ RunTime:0.000292s ]
[2023-04-24T12:43:54+08:00][sql] SELECT * FROM `address` WHERE  `id` = 2 LIMIT 1 [ RunTime:0.000220s ]
[2023-04-24T13:45:07+08:00][sql] CONNECT:[ UseTime:0.000374s ] mysql:host=localhost;port=3316;dbname=coffee;charset=utf8
[2023-04-24T13:45:07+08:00][sql] SHOW FULL COLUMNS FROM `information` [ RunTime:0.001346s ]
[2023-04-24T13:45:07+08:00][sql] SELECT * FROM `information` WHERE  `id` = 20 LIMIT 1 [ RunTime:0.000300s ]
[2023-04-24T13:45:07+08:00][sql] SHOW FULL COLUMNS FROM `address` [ RunTime:0.000922s ]
[2023-04-24T13:45:07+08:00][sql] SELECT * FROM `address` WHERE  `id` = 1 LIMIT 1 [ RunTime:0.000251s ]
[2023-04-24T13:45:07+08:00][sql] SELECT * FROM `address` WHERE  `id` = 2 LIMIT 1 [ RunTime:0.000219s ]
[2023-04-24T14:51:04+08:00][sql] CONNECT:[ UseTime:0.000461s ] mysql:host=localhost;port=3316;dbname=coffee;charset=utf8
[2023-04-24T14:51:04+08:00][sql] SHOW FULL COLUMNS FROM `information` [ RunTime:0.001664s ]
[2023-04-24T14:51:04+08:00][sql] SELECT * FROM `information` WHERE  `id` = 21 LIMIT 1 [ RunTime:0.000353s ]
[2023-04-24T14:51:04+08:00][sql] SHOW FULL COLUMNS FROM `address` [ RunTime:0.001179s ]
[2023-04-24T14:51:04+08:00][sql] SELECT * FROM `address` WHERE  `id` = 1 LIMIT 1 [ RunTime:0.000314s ]
[2023-04-24T14:51:04+08:00][sql] SELECT * FROM `address` WHERE  `id` = 2 LIMIT 1 [ RunTime:0.000263s ]
