[2023-04-29T00:18:37+08:00][sql] CONNECT:[ UseTime:0.000458s ] mysql:host=localhost;port=3316;dbname=coffee;charset=utf8
[2023-04-29T00:18:37+08:00][sql] SHOW FULL COLUMNS FROM `information` [ RunTime:0.001611s ]
[2023-04-29T00:18:37+08:00][sql] SELECT * FROM `information` WHERE  `id` = 17 LIMIT 1 [ RunTime:0.000441s ]
[2023-04-29T00:18:37+08:00][sql] SHOW FULL COLUMNS FROM `address` [ RunTime:0.001044s ]
[2023-04-29T00:18:37+08:00][sql] SELECT * FROM `address` WHERE  `id` = 1 LIMIT 1 [ RunTime:0.000378s ]
[2023-04-29T00:18:37+08:00][sql] SELECT * FROM `address` WHERE  `id` = 2 LIMIT 1 [ RunTime:0.000270s ]
[2023-04-29T01:52:30+08:00][sql] CONNECT:[ UseTime:0.000413s ] mysql:host=localhost;port=3316;dbname=coffee;charset=utf8
[2023-04-29T01:52:30+08:00][sql] SHOW FULL COLUMNS FROM `information` [ RunTime:0.001307s ]
[2023-04-29T01:52:30+08:00][sql] SELECT * FROM `information` WHERE  `id` = 12 LIMIT 1 [ RunTime:0.000303s ]
[2023-04-29T01:52:30+08:00][sql] SHOW FULL COLUMNS FROM `address` [ RunTime:0.000945s ]
[2023-04-29T01:52:30+08:00][sql] SELECT * FROM `address` WHERE  `id` = 1 LIMIT 1 [ RunTime:0.000283s ]
[2023-04-29T01:52:30+08:00][sql] SELECT * FROM `address` WHERE  `id` = 2 LIMIT 1 [ RunTime:0.000248s ]
[2023-04-29T05:09:12+08:00][sql] CONNECT:[ UseTime:0.000427s ] mysql:host=localhost;port=3316;dbname=coffee;charset=utf8
[2023-04-29T05:09:12+08:00][sql] SHOW FULL COLUMNS FROM `information` [ RunTime:0.001280s ]
[2023-04-29T05:09:12+08:00][sql] SELECT * FROM `information` WHERE  `id` = 8 LIMIT 1 [ RunTime:0.000319s ]
[2023-04-29T05:09:12+08:00][sql] SHOW FULL COLUMNS FROM `address` [ RunTime:0.000904s ]
[2023-04-29T05:09:12+08:00][sql] SELECT * FROM `address` WHERE  `id` = 1 LIMIT 1 [ RunTime:0.000267s ]
[2023-04-29T05:09:12+08:00][sql] SELECT * FROM `address` WHERE  `id` = 2 LIMIT 1 [ RunTime:0.000245s ]
[2023-04-29T07:58:02+08:00][sql] CONNECT:[ UseTime:0.000469s ] mysql:host=localhost;port=3316;dbname=coffee;charset=utf8
[2023-04-29T07:58:02+08:00][sql] SHOW FULL COLUMNS FROM `information` [ RunTime:0.001719s ]
[2023-04-29T07:58:02+08:00][sql] SELECT * FROM `information` WHERE  `id` = 20 LIMIT 1 [ RunTime:0.000380s ]
[2023-04-29T07:58:02+08:00][sql] SHOW FULL COLUMNS FROM `address` [ RunTime:0.001263s ]
[2023-04-29T07:58:02+08:00][sql] SELECT * FROM `address` WHERE  `id` = 1 LIMIT 1 [ RunTime:0.000301s ]
[2023-04-29T07:58:02+08:00][sql] SELECT * FROM `address` WHERE  `id` = 2 LIMIT 1 [ RunTime:0.000229s ]
[2023-04-29T15:13:34+08:00][sql] CONNECT:[ UseTime:0.000329s ] mysql:host=localhost;port=3316;dbname=coffee;charset=utf8
[2023-04-29T15:13:34+08:00][sql] SHOW FULL COLUMNS FROM `information` [ RunTime:0.001263s ]
[2023-04-29T15:13:34+08:00][sql] SELECT * FROM `information` WHERE  `id` = 17 LIMIT 1 [ RunTime:0.000302s ]
[2023-04-29T15:13:34+08:00][sql] SHOW FULL COLUMNS FROM `address` [ RunTime:0.000928s ]
[2023-04-29T15:13:34+08:00][sql] SELECT * FROM `address` WHERE  `id` = 1 LIMIT 1 [ RunTime:0.000240s ]
[2023-04-29T15:13:34+08:00][sql] SELECT * FROM `address` WHERE  `id` = 2 LIMIT 1 [ RunTime:0.000274s ]
[2023-04-29T17:38:46+08:00][sql] CONNECT:[ UseTime:0.000417s ] mysql:host=localhost;port=3316;dbname=coffee;charset=utf8
[2023-04-29T17:38:46+08:00][sql] SHOW FULL COLUMNS FROM `information` [ RunTime:0.001382s ]
[2023-04-29T17:38:46+08:00][sql] SELECT * FROM `information` WHERE  `id` = 4 LIMIT 1 [ RunTime:0.000273s ]
[2023-04-29T17:38:46+08:00][sql] SHOW FULL COLUMNS FROM `address` [ RunTime:0.001020s ]
[2023-04-29T17:38:46+08:00][sql] SELECT * FROM `address` WHERE  `id` = 1 LIMIT 1 [ RunTime:0.000262s ]
[2023-04-29T17:38:46+08:00][sql] SELECT * FROM `address` WHERE  `id` = 2 LIMIT 1 [ RunTime:0.000212s ]
[2023-04-29T18:47:21+08:00][sql] CONNECT:[ UseTime:0.000447s ] mysql:host=localhost;port=3316;dbname=coffee;charset=utf8
[2023-04-29T18:47:21+08:00][sql] SHOW FULL COLUMNS FROM `information` [ RunTime:0.001385s ]
[2023-04-29T18:47:21+08:00][sql] SELECT * FROM `information` WHERE  `id` = 13 LIMIT 1 [ RunTime:0.000305s ]
[2023-04-29T18:47:21+08:00][sql] SHOW FULL COLUMNS FROM `address` [ RunTime:0.000992s ]
[2023-04-29T18:47:21+08:00][sql] SELECT * FROM `address` WHERE  `id` = 1 LIMIT 1 [ RunTime:0.000273s ]
[2023-04-29T18:47:21+08:00][sql] SELECT * FROM `address` WHERE  `id` = 2 LIMIT 1 [ RunTime:0.000228s ]
[2023-04-29T22:15:51+08:00][sql] CONNECT:[ UseTime:0.000391s ] mysql:host=localhost;port=3316;dbname=coffee;charset=utf8
[2023-04-29T22:15:51+08:00][sql] SHOW FULL COLUMNS FROM `information` [ RunTime:0.001496s ]
[2023-04-29T22:15:51+08:00][sql] SELECT * FROM `information` WHERE  `id` = 12 LIMIT 1 [ RunTime:0.000453s ]
[2023-04-29T22:15:51+08:00][sql] SHOW FULL COLUMNS FROM `address` [ RunTime:0.001009s ]
[2023-04-29T22:15:51+08:00][sql] SELECT * FROM `address` WHERE  `id` = 1 LIMIT 1 [ RunTime:0.000257s ]
[2023-04-29T22:15:51+08:00][sql] SELECT * FROM `address` WHERE  `id` = 2 LIMIT 1 [ RunTime:0.000290s ]
[2023-04-29T23:21:22+08:00][sql] CONNECT:[ UseTime:0.012703s ] mysql:host=localhost;port=3316;dbname=coffee;charset=utf8
[2023-04-29T23:21:22+08:00][sql] SHOW FULL COLUMNS FROM `information` [ RunTime:0.001886s ]
[2023-04-29T23:21:22+08:00][sql] SELECT * FROM `information` WHERE  `id` = 9 LIMIT 1 [ RunTime:0.000471s ]
[2023-04-29T23:21:22+08:00][sql] SHOW FULL COLUMNS FROM `address` [ RunTime:0.001377s ]
[2023-04-29T23:21:22+08:00][sql] SELECT * FROM `address` WHERE  `id` = 1 LIMIT 1 [ RunTime:0.000393s ]
[2023-04-29T23:21:22+08:00][sql] SELECT * FROM `address` WHERE  `id` = 2 LIMIT 1 [ RunTime:0.000355s ]
