[2023-02-01T10:36:43+08:00][sql] CONNECT:[ UseTime:0.000443s ] mysql:host=localhost;port=3316;dbname=coffee;charset=utf8
[2023-02-01T10:36:43+08:00][sql] SHOW FULL COLUMNS FROM `course` [ RunTime:0.001397s ]
[2023-02-01T10:36:43+08:00][sql] SELECT `id`,`title`,`price`,`days`,`time` FROM `course` WHERE  `is_time` = 1 ORDER BY `sorting` ASC [ RunTime:0.000827s ]
[2023-02-01T10:36:43+08:00][sql] SELECT `id`,`title` FROM `course` WHERE  `status` = 1 [ RunTime:0.000250s ]
[2023-02-01T10:36:43+08:00][sql] SELECT `id`,`title` FROM `course` WHERE  `status` = 2 [ RunTime:0.000230s ]
[2023-02-01T10:36:43+08:00][sql] SHOW FULL COLUMNS FROM `address` [ RunTime:0.000973s ]
[2023-02-01T10:36:43+08:00][sql] SELECT * FROM `address` WHERE  `id` = 1 LIMIT 1 [ RunTime:0.000405s ]
[2023-02-01T10:36:43+08:00][sql] SELECT * FROM `address` WHERE  `id` = 2 LIMIT 1 [ RunTime:0.000247s ]
[2023-02-01T10:41:24+08:00][sql] CONNECT:[ UseTime:0.007248s ] mysql:host=localhost;port=3316;dbname=coffee;charset=utf8
[2023-02-01T10:41:24+08:00][sql] SHOW FULL COLUMNS FROM `course` [ RunTime:0.002427s ]
[2023-02-01T10:41:24+08:00][sql] SELECT `id`,`title`,`price`,`days`,`time` FROM `course` WHERE  `is_time` = 1 ORDER BY `sorting` ASC [ RunTime:0.007261s ]
[2023-02-01T10:41:24+08:00][sql] SELECT `id`,`title` FROM `course` WHERE  `status` = 1 [ RunTime:0.000949s ]
[2023-02-01T10:41:24+08:00][sql] SELECT `id`,`title` FROM `course` WHERE  `status` = 2 [ RunTime:0.000349s ]
[2023-02-01T10:41:24+08:00][sql] SHOW FULL COLUMNS FROM `address` [ RunTime:0.001779s ]
[2023-02-01T10:41:24+08:00][sql] SELECT * FROM `address` WHERE  `id` = 1 LIMIT 1 [ RunTime:0.000434s ]
[2023-02-01T10:41:24+08:00][sql] SELECT * FROM `address` WHERE  `id` = 2 LIMIT 1 [ RunTime:0.000491s ]
[2023-02-01T15:35:46+08:00][sql] CONNECT:[ UseTime:0.000426s ] mysql:host=localhost;port=3316;dbname=coffee;charset=utf8
[2023-02-01T15:35:46+08:00][sql] SHOW FULL COLUMNS FROM `course` [ RunTime:0.001387s ]
[2023-02-01T15:35:46+08:00][sql] SELECT * FROM `course` WHERE  `id` = 7 LIMIT 1 [ RunTime:0.000326s ]
[2023-02-01T15:35:46+08:00][sql] SHOW FULL COLUMNS FROM `teacher` [ RunTime:0.000941s ]
[2023-02-01T15:35:46+08:00][sql] SELECT `teacher_name`,`teacher_title`,`teacher_avatar` FROM `teacher` WHERE  `id` = 1 LIMIT 1 [ RunTime:0.000271s ]
[2023-02-01T15:35:46+08:00][sql] SHOW FULL COLUMNS FROM `address` [ RunTime:0.000942s ]
[2023-02-01T15:35:46+08:00][sql] SELECT * FROM `address` WHERE  `id` = 1 LIMIT 1 [ RunTime:0.000296s ]
[2023-02-01T15:35:46+08:00][sql] SELECT * FROM `address` WHERE  `id` = 2 LIMIT 1 [ RunTime:0.000247s ]
[2023-02-01T15:36:08+08:00][sql] CONNECT:[ UseTime:0.000467s ] mysql:host=localhost;port=3316;dbname=coffee;charset=utf8
[2023-02-01T15:36:08+08:00][sql] SHOW FULL COLUMNS FROM `course` [ RunTime:0.001519s ]
[2023-02-01T15:36:08+08:00][sql] SELECT * FROM `course` WHERE  `id` = 7 LIMIT 1 [ RunTime:0.000336s ]
[2023-02-01T15:36:08+08:00][sql] SHOW FULL COLUMNS FROM `teacher` [ RunTime:0.000904s ]
[2023-02-01T15:36:08+08:00][sql] SELECT `teacher_name`,`teacher_title`,`teacher_avatar` FROM `teacher` WHERE  `id` = 1 LIMIT 1 [ RunTime:0.000268s ]
[2023-02-01T15:36:08+08:00][sql] SHOW FULL COLUMNS FROM `address` [ RunTime:0.000935s ]
[2023-02-01T15:36:08+08:00][sql] SELECT * FROM `address` WHERE  `id` = 1 LIMIT 1 [ RunTime:0.000285s ]
[2023-02-01T15:36:08+08:00][sql] SELECT * FROM `address` WHERE  `id` = 2 LIMIT 1 [ RunTime:0.000268s ]
[2023-02-01T15:39:15+08:00][sql] CONNECT:[ UseTime:0.000422s ] mysql:host=localhost;port=3316;dbname=coffee;charset=utf8
[2023-02-01T15:39:15+08:00][sql] SHOW FULL COLUMNS FROM `course` [ RunTime:0.001462s ]
[2023-02-01T15:39:15+08:00][sql] SELECT * FROM `course` WHERE  `id` = 7 LIMIT 1 [ RunTime:0.000788s ]
[2023-02-01T15:39:15+08:00][sql] SHOW FULL COLUMNS FROM `teacher` [ RunTime:0.000942s ]
[2023-02-01T15:39:15+08:00][sql] SELECT `teacher_name`,`teacher_title`,`teacher_avatar` FROM `teacher` WHERE  `id` = 1 LIMIT 1 [ RunTime:0.000252s ]
[2023-02-01T15:39:15+08:00][sql] SHOW FULL COLUMNS FROM `address` [ RunTime:0.000979s ]
[2023-02-01T15:39:15+08:00][sql] SELECT * FROM `address` WHERE  `id` = 1 LIMIT 1 [ RunTime:0.000261s ]
[2023-02-01T15:39:15+08:00][sql] SELECT * FROM `address` WHERE  `id` = 2 LIMIT 1 [ RunTime:0.000213s ]
[2023-02-01T15:43:00+08:00][sql] CONNECT:[ UseTime:0.000362s ] mysql:host=localhost;port=3316;dbname=coffee;charset=utf8
[2023-02-01T15:43:00+08:00][sql] SHOW FULL COLUMNS FROM `course` [ RunTime:0.001515s ]
[2023-02-01T15:43:00+08:00][sql] SELECT * FROM `course` WHERE  `id` = 7 LIMIT 1 [ RunTime:0.000301s ]
[2023-02-01T15:43:00+08:00][sql] SHOW FULL COLUMNS FROM `teacher` [ RunTime:0.000968s ]
[2023-02-01T15:43:00+08:00][sql] SELECT `teacher_name`,`teacher_title`,`teacher_avatar` FROM `teacher` WHERE  `id` = 1 LIMIT 1 [ RunTime:0.000266s ]
[2023-02-01T15:43:00+08:00][sql] SHOW FULL COLUMNS FROM `address` [ RunTime:0.000957s ]
[2023-02-01T15:43:00+08:00][sql] SELECT * FROM `address` WHERE  `id` = 1 LIMIT 1 [ RunTime:0.000302s ]
[2023-02-01T15:43:00+08:00][sql] SELECT * FROM `address` WHERE  `id` = 2 LIMIT 1 [ RunTime:0.000250s ]
[2023-02-01T16:52:54+08:00][sql] CONNECT:[ UseTime:0.000448s ] mysql:host=localhost;port=3316;dbname=coffee;charset=utf8
[2023-02-01T16:52:54+08:00][sql] SHOW FULL COLUMNS FROM `course` [ RunTime:0.002157s ]
[2023-02-01T16:52:54+08:00][sql] SELECT * FROM `course` WHERE  `id` = 4 LIMIT 1 [ RunTime:0.000393s ]
[2023-02-01T16:52:54+08:00][sql] SHOW FULL COLUMNS FROM `teacher` [ RunTime:0.001429s ]
[2023-02-01T16:52:54+08:00][sql] SELECT `teacher_name`,`teacher_title`,`teacher_avatar` FROM `teacher` WHERE  `id` = 2 LIMIT 1 [ RunTime:0.000289s ]
[2023-02-01T16:52:54+08:00][sql] SHOW FULL COLUMNS FROM `address` [ RunTime:0.001195s ]
[2023-02-01T16:52:54+08:00][sql] SELECT * FROM `address` WHERE  `id` = 1 LIMIT 1 [ RunTime:0.000382s ]
[2023-02-01T16:52:54+08:00][sql] SELECT * FROM `address` WHERE  `id` = 2 LIMIT 1 [ RunTime:0.000582s ]
[2023-02-01T16:58:35+08:00][sql] CONNECT:[ UseTime:0.000406s ] mysql:host=localhost;port=3316;dbname=coffee;charset=utf8
[2023-02-01T16:58:35+08:00][sql] SHOW FULL COLUMNS FROM `course` [ RunTime:0.001468s ]
[2023-02-01T16:58:35+08:00][sql] SELECT * FROM `course` WHERE  `id` = 4 LIMIT 1 [ RunTime:0.000335s ]
[2023-02-01T16:58:35+08:00][sql] SHOW FULL COLUMNS FROM `teacher` [ RunTime:0.000934s ]
[2023-02-01T16:58:35+08:00][sql] SELECT `teacher_name`,`teacher_title`,`teacher_avatar` FROM `teacher` WHERE  `id` = 2 LIMIT 1 [ RunTime:0.000261s ]
[2023-02-01T16:58:35+08:00][sql] SHOW FULL COLUMNS FROM `address` [ RunTime:0.000974s ]
[2023-02-01T16:58:35+08:00][sql] SELECT * FROM `address` WHERE  `id` = 1 LIMIT 1 [ RunTime:0.000270s ]
[2023-02-01T16:58:35+08:00][sql] SELECT * FROM `address` WHERE  `id` = 2 LIMIT 1 [ RunTime:0.000286s ]
[2023-02-01T20:17:24+08:00][sql] CONNECT:[ UseTime:0.000444s ] mysql:host=localhost;port=3316;dbname=coffee;charset=utf8
[2023-02-01T20:17:24+08:00][sql] SHOW FULL COLUMNS FROM `course` [ RunTime:0.002086s ]
[2023-02-01T20:17:24+08:00][sql] SELECT * FROM `course` WHERE  `id` = 4 LIMIT 1 [ RunTime:0.000384s ]
[2023-02-01T20:17:24+08:00][sql] SHOW FULL COLUMNS FROM `teacher` [ RunTime:0.001349s ]
[2023-02-01T20:17:24+08:00][sql] SELECT `teacher_name`,`teacher_title`,`teacher_avatar` FROM `teacher` WHERE  `id` = 2 LIMIT 1 [ RunTime:0.000272s ]
[2023-02-01T20:17:24+08:00][sql] SHOW FULL COLUMNS FROM `address` [ RunTime:0.001280s ]
[2023-02-01T20:17:24+08:00][sql] SELECT * FROM `address` WHERE  `id` = 1 LIMIT 1 [ RunTime:0.000298s ]
[2023-02-01T20:17:24+08:00][sql] SELECT * FROM `address` WHERE  `id` = 2 LIMIT 1 [ RunTime:0.000254s ]
