[2023-02-06T00:31:14+08:00][sql] CONNECT:[ UseTime:0.000423s ] mysql:host=localhost;port=3316;dbname=coffee;charset=utf8
[2023-02-06T00:31:14+08:00][sql] SHOW FULL COLUMNS FROM `course` [ RunTime:0.001469s ]
[2023-02-06T00:31:14+08:00][sql] SELECT * FROM `course` WHERE  `id` = 5 LIMIT 1 [ RunTime:0.000820s ]
[2023-02-06T00:31:14+08:00][sql] SHOW FULL COLUMNS FROM `teacher` [ RunTime:0.001037s ]
[2023-02-06T00:31:14+08:00][sql] SELECT `teacher_name`,`teacher_title`,`teacher_avatar` FROM `teacher` WHERE  `id` = 1 LIMIT 1 [ RunTime:0.000259s ]
[2023-02-06T00:31:14+08:00][sql] SELECT `teacher_name`,`teacher_title`,`teacher_avatar` FROM `teacher` WHERE  `id` = 2 LIMIT 1 [ RunTime:0.000245s ]
[2023-02-06T00:31:14+08:00][sql] SHOW FULL COLUMNS FROM `address` [ RunTime:0.000924s ]
[2023-02-06T00:31:14+08:00][sql] SELECT * FROM `address` WHERE  `id` = 1 LIMIT 1 [ RunTime:0.000288s ]
[2023-02-06T00:31:14+08:00][sql] SELECT * FROM `address` WHERE  `id` = 2 LIMIT 1 [ RunTime:0.000242s ]
[2023-02-06T00:35:13+08:00][sql] CONNECT:[ UseTime:0.000406s ] mysql:host=localhost;port=3316;dbname=coffee;charset=utf8
[2023-02-06T00:35:13+08:00][sql] SHOW FULL COLUMNS FROM `course` [ RunTime:0.001430s ]
[2023-02-06T00:35:13+08:00][sql] SELECT * FROM `course` WHERE  `id` = 5 LIMIT 1 [ RunTime:0.000340s ]
[2023-02-06T00:35:13+08:00][sql] SHOW FULL COLUMNS FROM `teacher` [ RunTime:0.000959s ]
[2023-02-06T00:35:13+08:00][sql] SELECT `teacher_name`,`teacher_title`,`teacher_avatar` FROM `teacher` WHERE  `id` = 1 LIMIT 1 [ RunTime:0.000270s ]
[2023-02-06T00:35:13+08:00][sql] SELECT `teacher_name`,`teacher_title`,`teacher_avatar` FROM `teacher` WHERE  `id` = 2 LIMIT 1 [ RunTime:0.000245s ]
[2023-02-06T00:35:13+08:00][sql] SHOW FULL COLUMNS FROM `address` [ RunTime:0.000985s ]
[2023-02-06T00:35:13+08:00][sql] SELECT * FROM `address` WHERE  `id` = 1 LIMIT 1 [ RunTime:0.000274s ]
[2023-02-06T00:35:13+08:00][sql] SELECT * FROM `address` WHERE  `id` = 2 LIMIT 1 [ RunTime:0.000280s ]
[2023-02-06T08:17:11+08:00][sql] CONNECT:[ UseTime:0.009193s ] mysql:host=localhost;port=3316;dbname=coffee;charset=utf8
[2023-02-06T08:17:11+08:00][sql] SHOW FULL COLUMNS FROM `course` [ RunTime:0.007058s ]
[2023-02-06T08:17:11+08:00][sql] SELECT * FROM `course` WHERE  `id` = 5 LIMIT 1 [ RunTime:0.000586s ]
[2023-02-06T08:17:11+08:00][sql] SHOW FULL COLUMNS FROM `teacher` [ RunTime:0.002905s ]
[2023-02-06T08:17:11+08:00][sql] SELECT `teacher_name`,`teacher_title`,`teacher_avatar` FROM `teacher` WHERE  `id` = 1 LIMIT 1 [ RunTime:0.000427s ]
[2023-02-06T08:17:11+08:00][sql] SELECT `teacher_name`,`teacher_title`,`teacher_avatar` FROM `teacher` WHERE  `id` = 2 LIMIT 1 [ RunTime:0.000442s ]
[2023-02-06T08:17:11+08:00][sql] SHOW FULL COLUMNS FROM `address` [ RunTime:0.002448s ]
[2023-02-06T08:17:11+08:00][sql] SELECT * FROM `address` WHERE  `id` = 1 LIMIT 1 [ RunTime:0.000486s ]
[2023-02-06T08:17:11+08:00][sql] SELECT * FROM `address` WHERE  `id` = 2 LIMIT 1 [ RunTime:0.000394s ]
[2023-02-06T08:19:52+08:00][sql] CONNECT:[ UseTime:0.000380s ] mysql:host=localhost;port=3316;dbname=coffee;charset=utf8
[2023-02-06T08:19:52+08:00][sql] SHOW FULL COLUMNS FROM `course` [ RunTime:0.001344s ]
[2023-02-06T08:19:52+08:00][sql] SELECT * FROM `course` WHERE  `id` = 5 LIMIT 1 [ RunTime:0.000327s ]
[2023-02-06T08:19:52+08:00][sql] SHOW FULL COLUMNS FROM `teacher` [ RunTime:0.000846s ]
[2023-02-06T08:19:52+08:00][sql] SELECT `teacher_name`,`teacher_title`,`teacher_avatar` FROM `teacher` WHERE  `id` = 1 LIMIT 1 [ RunTime:0.000212s ]
[2023-02-06T08:19:52+08:00][sql] SELECT `teacher_name`,`teacher_title`,`teacher_avatar` FROM `teacher` WHERE  `id` = 2 LIMIT 1 [ RunTime:0.000205s ]
[2023-02-06T08:19:52+08:00][sql] SHOW FULL COLUMNS FROM `address` [ RunTime:0.000850s ]
[2023-02-06T08:19:52+08:00][sql] SELECT * FROM `address` WHERE  `id` = 1 LIMIT 1 [ RunTime:0.000229s ]
[2023-02-06T08:19:52+08:00][sql] SELECT * FROM `address` WHERE  `id` = 2 LIMIT 1 [ RunTime:0.000235s ]
[2023-02-06T09:25:34+08:00][sql] CONNECT:[ UseTime:0.000401s ] mysql:host=localhost;port=3316;dbname=coffee;charset=utf8
[2023-02-06T09:25:34+08:00][sql] SHOW FULL COLUMNS FROM `course` [ RunTime:0.001334s ]
[2023-02-06T09:25:34+08:00][sql] SELECT * FROM `course` WHERE  `id` = 1 LIMIT 1 [ RunTime:0.000301s ]
[2023-02-06T09:25:34+08:00][sql] SHOW FULL COLUMNS FROM `teacher` [ RunTime:0.000906s ]
[2023-02-06T09:25:34+08:00][sql] SELECT `teacher_name`,`teacher_title`,`teacher_avatar` FROM `teacher` WHERE  `id` = 1 LIMIT 1 [ RunTime:0.000227s ]
[2023-02-06T09:25:34+08:00][sql] SELECT `teacher_name`,`teacher_title`,`teacher_avatar` FROM `teacher` WHERE  `id` = 2 LIMIT 1 [ RunTime:0.000186s ]
[2023-02-06T09:25:34+08:00][sql] SHOW FULL COLUMNS FROM `address` [ RunTime:0.000835s ]
[2023-02-06T09:25:34+08:00][sql] SELECT * FROM `address` WHERE  `id` = 1 LIMIT 1 [ RunTime:0.000242s ]
[2023-02-06T09:25:34+08:00][sql] SELECT * FROM `address` WHERE  `id` = 2 LIMIT 1 [ RunTime:0.000199s ]
[2023-02-06T12:44:56+08:00][sql] CONNECT:[ UseTime:0.000450s ] mysql:host=localhost;port=3316;dbname=coffee;charset=utf8
[2023-02-06T12:44:56+08:00][sql] SHOW FULL COLUMNS FROM `course` [ RunTime:0.001521s ]
[2023-02-06T12:44:56+08:00][sql] SELECT * FROM `course` WHERE  `id` = 2 LIMIT 1 [ RunTime:0.000345s ]
[2023-02-06T12:44:56+08:00][sql] SHOW FULL COLUMNS FROM `teacher` [ RunTime:0.001116s ]
[2023-02-06T12:44:56+08:00][sql] SELECT `teacher_name`,`teacher_title`,`teacher_avatar` FROM `teacher` WHERE  `id` = 3 LIMIT 1 [ RunTime:0.000273s ]
[2023-02-06T12:44:56+08:00][sql] SHOW FULL COLUMNS FROM `address` [ RunTime:0.001107s ]
[2023-02-06T12:44:56+08:00][sql] SELECT * FROM `address` WHERE  `id` = 1 LIMIT 1 [ RunTime:0.000264s ]
[2023-02-06T12:44:56+08:00][sql] SELECT * FROM `address` WHERE  `id` = 2 LIMIT 1 [ RunTime:0.001957s ]
[2023-02-06T13:26:00+08:00][sql] CONNECT:[ UseTime:0.000436s ] mysql:host=localhost;port=3316;dbname=coffee;charset=utf8
[2023-02-06T13:26:00+08:00][sql] SHOW FULL COLUMNS FROM `course` [ RunTime:0.001453s ]
[2023-02-06T13:26:00+08:00][sql] SELECT * FROM `course` WHERE  `id` = 2 LIMIT 1 [ RunTime:0.000355s ]
[2023-02-06T13:26:00+08:00][sql] SHOW FULL COLUMNS FROM `teacher` [ RunTime:0.001014s ]
[2023-02-06T13:26:00+08:00][sql] SELECT `teacher_name`,`teacher_title`,`teacher_avatar` FROM `teacher` WHERE  `id` = 3 LIMIT 1 [ RunTime:0.002189s ]
[2023-02-06T13:26:00+08:00][sql] SHOW FULL COLUMNS FROM `address` [ RunTime:0.000936s ]
[2023-02-06T13:26:00+08:00][sql] SELECT * FROM `address` WHERE  `id` = 1 LIMIT 1 [ RunTime:0.000354s ]
[2023-02-06T13:26:00+08:00][sql] SELECT * FROM `address` WHERE  `id` = 2 LIMIT 1 [ RunTime:0.000244s ]
[2023-02-06T15:55:45+08:00][sql] CONNECT:[ UseTime:0.000495s ] mysql:host=localhost;port=3316;dbname=coffee;charset=utf8
[2023-02-06T15:55:45+08:00][sql] SHOW FULL COLUMNS FROM `course` [ RunTime:0.001447s ]
[2023-02-06T15:55:45+08:00][sql] SELECT * FROM `course` WHERE  `id` = 1 LIMIT 1 [ RunTime:0.000391s ]
[2023-02-06T15:55:45+08:00][sql] SHOW FULL COLUMNS FROM `teacher` [ RunTime:0.001088s ]
[2023-02-06T15:55:45+08:00][sql] SELECT `teacher_name`,`teacher_title`,`teacher_avatar` FROM `teacher` WHERE  `id` = 1 LIMIT 1 [ RunTime:0.000395s ]
[2023-02-06T15:55:45+08:00][sql] SELECT `teacher_name`,`teacher_title`,`teacher_avatar` FROM `teacher` WHERE  `id` = 2 LIMIT 1 [ RunTime:0.000323s ]
[2023-02-06T15:55:45+08:00][sql] SHOW FULL COLUMNS FROM `address` [ RunTime:0.001014s ]
[2023-02-06T15:55:45+08:00][sql] SELECT * FROM `address` WHERE  `id` = 1 LIMIT 1 [ RunTime:0.000280s ]
[2023-02-06T15:55:45+08:00][sql] SELECT * FROM `address` WHERE  `id` = 2 LIMIT 1 [ RunTime:0.000311s ]
[2023-02-06T21:22:33+08:00][sql] CONNECT:[ UseTime:0.000390s ] mysql:host=localhost;port=3316;dbname=coffee;charset=utf8
[2023-02-06T21:22:33+08:00][sql] SHOW FULL COLUMNS FROM `course` [ RunTime:0.001412s ]
[2023-02-06T21:22:33+08:00][sql] SELECT * FROM `course` WHERE  `id` = 7 LIMIT 1 [ RunTime:0.000335s ]
[2023-02-06T21:22:33+08:00][sql] SHOW FULL COLUMNS FROM `teacher` [ RunTime:0.000987s ]
[2023-02-06T21:22:33+08:00][sql] SELECT `teacher_name`,`teacher_title`,`teacher_avatar` FROM `teacher` WHERE  `id` = 1 LIMIT 1 [ RunTime:0.000232s ]
[2023-02-06T21:22:33+08:00][sql] SHOW FULL COLUMNS FROM `address` [ RunTime:0.001228s ]
[2023-02-06T21:22:33+08:00][sql] SELECT * FROM `address` WHERE  `id` = 1 LIMIT 1 [ RunTime:0.000276s ]
[2023-02-06T21:22:33+08:00][sql] SELECT * FROM `address` WHERE  `id` = 2 LIMIT 1 [ RunTime:0.000238s ]
