[2022-10-19T00:23:24+08:00][sql] CONNECT:[ UseTime:0.000391s ] mysql:host=localhost;port=3316;dbname=coffee;charset=utf8
[2022-10-19T00:23:24+08:00][sql] SHOW FULL COLUMNS FROM `banner` [ RunTime:0.001595s ]
[2022-10-19T00:23:24+08:00][sql] SELECT * FROM `banner` [ RunTime:0.000254s ]
[2022-10-19T00:23:24+08:00][sql] SHOW FULL COLUMNS FROM `information` [ RunTime:0.001268s ]
[2022-10-19T00:23:24+08:00][sql] SELECT * FROM `information` ORDER BY `time` DESC LIMIT 1 [ RunTime:0.000348s ]
[2022-10-19T00:23:24+08:00][sql] SELECT * FROM `information` ORDER BY `time` DESC LIMIT 1,4 [ RunTime:0.000618s ]
[2022-10-19T00:23:24+08:00][sql] SHOW FULL COLUMNS FROM `course` [ RunTime:0.001347s ]
[2022-10-19T00:23:24+08:00][sql] SELECT `id`,`title` FROM `course` ORDER BY `sorting` ASC LIMIT 0,6 [ RunTime:0.000252s ]
[2022-10-19T00:23:24+08:00][sql] SHOW FULL COLUMNS FROM `teacher` [ RunTime:0.001117s ]
[2022-10-19T00:23:24+08:00][sql] SELECT * FROM `teacher` [ RunTime:0.000288s ]
[2022-10-19T00:23:24+08:00][sql] SHOW FULL COLUMNS FROM `address` [ RunTime:0.001173s ]
[2022-10-19T00:23:24+08:00][sql] SELECT * FROM `address` WHERE  `id` = 1 LIMIT 1 [ RunTime:0.000236s ]
[2022-10-19T00:23:24+08:00][sql] SELECT * FROM `address` WHERE  `id` = 2 LIMIT 1 [ RunTime:0.000216s ]
[2022-10-19T00:38:23+08:00][sql] CONNECT:[ UseTime:0.000400s ] mysql:host=localhost;port=3316;dbname=coffee;charset=utf8
[2022-10-19T00:38:23+08:00][sql] SHOW FULL COLUMNS FROM `banner` [ RunTime:0.001262s ]
[2022-10-19T00:38:23+08:00][sql] SELECT * FROM `banner` [ RunTime:0.000260s ]
[2022-10-19T00:38:23+08:00][sql] SHOW FULL COLUMNS FROM `information` [ RunTime:0.000981s ]
[2022-10-19T00:38:23+08:00][sql] SELECT * FROM `information` ORDER BY `time` DESC LIMIT 1 [ RunTime:0.000330s ]
[2022-10-19T00:38:23+08:00][sql] SELECT * FROM `information` ORDER BY `time` DESC LIMIT 1,4 [ RunTime:0.000358s ]
[2022-10-19T00:38:23+08:00][sql] SHOW FULL COLUMNS FROM `course` [ RunTime:0.001051s ]
[2022-10-19T00:38:23+08:00][sql] SELECT `id`,`title` FROM `course` ORDER BY `sorting` ASC LIMIT 0,6 [ RunTime:0.000254s ]
[2022-10-19T00:38:23+08:00][sql] SHOW FULL COLUMNS FROM `teacher` [ RunTime:0.000874s ]
[2022-10-19T00:38:23+08:00][sql] SELECT * FROM `teacher` [ RunTime:0.000266s ]
[2022-10-19T00:38:23+08:00][sql] SHOW FULL COLUMNS FROM `address` [ RunTime:0.000936s ]
[2022-10-19T00:38:23+08:00][sql] SELECT * FROM `address` WHERE  `id` = 1 LIMIT 1 [ RunTime:0.000283s ]
[2022-10-19T00:38:23+08:00][sql] SELECT * FROM `address` WHERE  `id` = 2 LIMIT 1 [ RunTime:0.000241s ]
[2022-10-19T00:48:17+08:00][sql] CONNECT:[ UseTime:0.000344s ] mysql:host=localhost;port=3316;dbname=coffee;charset=utf8
[2022-10-19T00:48:17+08:00][sql] SHOW FULL COLUMNS FROM `banner` [ RunTime:0.001206s ]
[2022-10-19T00:48:17+08:00][sql] SELECT * FROM `banner` [ RunTime:0.000222s ]
[2022-10-19T00:48:17+08:00][sql] SHOW FULL COLUMNS FROM `information` [ RunTime:0.000968s ]
[2022-10-19T00:48:17+08:00][sql] SELECT * FROM `information` ORDER BY `time` DESC LIMIT 1 [ RunTime:0.000295s ]
[2022-10-19T00:48:17+08:00][sql] SELECT * FROM `information` ORDER BY `time` DESC LIMIT 1,4 [ RunTime:0.000340s ]
[2022-10-19T00:48:17+08:00][sql] SHOW FULL COLUMNS FROM `course` [ RunTime:0.001057s ]
[2022-10-19T00:48:17+08:00][sql] SELECT `id`,`title` FROM `course` ORDER BY `sorting` ASC LIMIT 0,6 [ RunTime:0.000254s ]
[2022-10-19T00:48:17+08:00][sql] SHOW FULL COLUMNS FROM `teacher` [ RunTime:0.000882s ]
[2022-10-19T00:48:17+08:00][sql] SELECT * FROM `teacher` [ RunTime:0.000220s ]
[2022-10-19T00:48:17+08:00][sql] SHOW FULL COLUMNS FROM `address` [ RunTime:0.000882s ]
[2022-10-19T00:48:17+08:00][sql] SELECT * FROM `address` WHERE  `id` = 1 LIMIT 1 [ RunTime:0.000250s ]
[2022-10-19T00:48:17+08:00][sql] SELECT * FROM `address` WHERE  `id` = 2 LIMIT 1 [ RunTime:0.000205s ]
[2022-10-19T00:54:03+08:00][sql] CONNECT:[ UseTime:0.000445s ] mysql:host=localhost;port=3316;dbname=coffee;charset=utf8
[2022-10-19T00:54:03+08:00][sql] SHOW FULL COLUMNS FROM `banner` [ RunTime:0.001199s ]
[2022-10-19T00:54:03+08:00][sql] SELECT * FROM `banner` [ RunTime:0.000263s ]
[2022-10-19T00:54:03+08:00][sql] SHOW FULL COLUMNS FROM `information` [ RunTime:0.001017s ]
[2022-10-19T00:54:03+08:00][sql] SELECT * FROM `information` ORDER BY `time` DESC LIMIT 1 [ RunTime:0.000332s ]
[2022-10-19T00:54:03+08:00][sql] SELECT * FROM `information` ORDER BY `time` DESC LIMIT 1,4 [ RunTime:0.000362s ]
[2022-10-19T00:54:03+08:00][sql] SHOW FULL COLUMNS FROM `course` [ RunTime:0.001086s ]
[2022-10-19T00:54:03+08:00][sql] SELECT `id`,`title` FROM `course` ORDER BY `sorting` ASC LIMIT 0,6 [ RunTime:0.000271s ]
[2022-10-19T00:54:03+08:00][sql] SHOW FULL COLUMNS FROM `teacher` [ RunTime:0.000919s ]
[2022-10-19T00:54:03+08:00][sql] SELECT * FROM `teacher` [ RunTime:0.000258s ]
[2022-10-19T00:54:03+08:00][sql] SHOW FULL COLUMNS FROM `address` [ RunTime:0.001473s ]
[2022-10-19T00:54:03+08:00][sql] SELECT * FROM `address` WHERE  `id` = 1 LIMIT 1 [ RunTime:0.000277s ]
[2022-10-19T00:54:03+08:00][sql] SELECT * FROM `address` WHERE  `id` = 2 LIMIT 1 [ RunTime:0.000382s ]
[2022-10-19T00:54:04+08:00][sql] CONNECT:[ UseTime:0.000463s ] mysql:host=localhost;port=3316;dbname=coffee;charset=utf8
[2022-10-19T00:54:04+08:00][sql] SHOW FULL COLUMNS FROM `banner` [ RunTime:0.001753s ]
[2022-10-19T00:54:04+08:00][sql] SELECT * FROM `banner` [ RunTime:0.000266s ]
[2022-10-19T00:54:04+08:00][sql] SHOW FULL COLUMNS FROM `information` [ RunTime:0.001333s ]
[2022-10-19T00:54:04+08:00][sql] SELECT * FROM `information` ORDER BY `time` DESC LIMIT 1 [ RunTime:0.000412s ]
[2022-10-19T00:54:04+08:00][sql] SELECT * FROM `information` ORDER BY `time` DESC LIMIT 1,4 [ RunTime:0.000416s ]
[2022-10-19T00:54:04+08:00][sql] SHOW FULL COLUMNS FROM `course` [ RunTime:0.001209s ]
[2022-10-19T00:54:04+08:00][sql] SELECT `id`,`title` FROM `course` ORDER BY `sorting` ASC LIMIT 0,6 [ RunTime:0.000248s ]
[2022-10-19T00:54:04+08:00][sql] SHOW FULL COLUMNS FROM `teacher` [ RunTime:0.000840s ]
[2022-10-19T00:54:04+08:00][sql] SELECT * FROM `teacher` [ RunTime:0.000262s ]
[2022-10-19T00:54:04+08:00][sql] SHOW FULL COLUMNS FROM `address` [ RunTime:0.000893s ]
[2022-10-19T00:54:04+08:00][sql] SELECT * FROM `address` WHERE  `id` = 1 LIMIT 1 [ RunTime:0.000251s ]
[2022-10-19T00:54:04+08:00][sql] SELECT * FROM `address` WHERE  `id` = 2 LIMIT 1 [ RunTime:0.000213s ]
[2022-10-19T00:54:06+08:00][sql] CONNECT:[ UseTime:0.000388s ] mysql:host=localhost;port=3316;dbname=coffee;charset=utf8
[2022-10-19T00:54:06+08:00][sql] SHOW FULL COLUMNS FROM `banner` [ RunTime:0.001216s ]
[2022-10-19T00:54:06+08:00][sql] SELECT * FROM `banner` [ RunTime:0.000278s ]
[2022-10-19T00:54:06+08:00][sql] SHOW FULL COLUMNS FROM `information` [ RunTime:0.000966s ]
[2022-10-19T00:54:06+08:00][sql] SELECT * FROM `information` ORDER BY `time` DESC LIMIT 1 [ RunTime:0.000369s ]
[2022-10-19T00:54:06+08:00][sql] SELECT * FROM `information` ORDER BY `time` DESC LIMIT 1,4 [ RunTime:0.000364s ]
[2022-10-19T00:54:06+08:00][sql] SHOW FULL COLUMNS FROM `course` [ RunTime:0.001105s ]
[2022-10-19T00:54:06+08:00][sql] SELECT `id`,`title` FROM `course` ORDER BY `sorting` ASC LIMIT 0,6 [ RunTime:0.000255s ]
[2022-10-19T00:54:06+08:00][sql] SHOW FULL COLUMNS FROM `teacher` [ RunTime:0.000886s ]
[2022-10-19T00:54:06+08:00][sql] SELECT * FROM `teacher` [ RunTime:0.000251s ]
[2022-10-19T00:54:06+08:00][sql] SHOW FULL COLUMNS FROM `address` [ RunTime:0.001067s ]
[2022-10-19T00:54:06+08:00][sql] SELECT * FROM `address` WHERE  `id` = 1 LIMIT 1 [ RunTime:0.000288s ]
[2022-10-19T00:54:06+08:00][sql] SELECT * FROM `address` WHERE  `id` = 2 LIMIT 1 [ RunTime:0.000263s ]
[2022-10-19T00:58:09+08:00][sql] CONNECT:[ UseTime:0.000403s ] mysql:host=localhost;port=3316;dbname=coffee;charset=utf8
[2022-10-19T00:58:09+08:00][sql] SHOW FULL COLUMNS FROM `banner` [ RunTime:0.001139s ]
[2022-10-19T00:58:09+08:00][sql] SELECT * FROM `banner` [ RunTime:0.000225s ]
[2022-10-19T00:58:09+08:00][sql] SHOW FULL COLUMNS FROM `information` [ RunTime:0.000888s ]
[2022-10-19T00:58:09+08:00][sql] SELECT * FROM `information` ORDER BY `time` DESC LIMIT 1 [ RunTime:0.000286s ]
[2022-10-19T00:58:09+08:00][sql] SELECT * FROM `information` ORDER BY `time` DESC LIMIT 1,4 [ RunTime:0.000311s ]
[2022-10-19T00:58:09+08:00][sql] SHOW FULL COLUMNS FROM `course` [ RunTime:0.001009s ]
[2022-10-19T00:58:09+08:00][sql] SELECT `id`,`title` FROM `course` ORDER BY `sorting` ASC LIMIT 0,6 [ RunTime:0.000226s ]
[2022-10-19T00:58:09+08:00][sql] SHOW FULL COLUMNS FROM `teacher` [ RunTime:0.000834s ]
[2022-10-19T00:58:09+08:00][sql] SELECT * FROM `teacher` [ RunTime:0.000221s ]
[2022-10-19T00:58:09+08:00][sql] SHOW FULL COLUMNS FROM `address` [ RunTime:0.000829s ]
[2022-10-19T00:58:09+08:00][sql] SELECT * FROM `address` WHERE  `id` = 1 LIMIT 1 [ RunTime:0.000221s ]
[2022-10-19T00:58:09+08:00][sql] SELECT * FROM `address` WHERE  `id` = 2 LIMIT 1 [ RunTime:0.000219s ]
[2022-10-19T01:06:31+08:00][sql] CONNECT:[ UseTime:0.000421s ] mysql:host=localhost;port=3316;dbname=coffee;charset=utf8
[2022-10-19T01:06:31+08:00][sql] SHOW FULL COLUMNS FROM `banner` [ RunTime:0.001291s ]
[2022-10-19T01:06:31+08:00][sql] SELECT * FROM `banner` [ RunTime:0.000273s ]
[2022-10-19T01:06:31+08:00][sql] SHOW FULL COLUMNS FROM `information` [ RunTime:0.001039s ]
[2022-10-19T01:06:31+08:00][sql] SELECT * FROM `information` ORDER BY `time` DESC LIMIT 1 [ RunTime:0.000332s ]
[2022-10-19T01:06:31+08:00][sql] SELECT * FROM `information` ORDER BY `time` DESC LIMIT 1,4 [ RunTime:0.000364s ]
[2022-10-19T01:06:31+08:00][sql] SHOW FULL COLUMNS FROM `course` [ RunTime:0.001179s ]
[2022-10-19T01:06:31+08:00][sql] SELECT `id`,`title` FROM `course` ORDER BY `sorting` ASC LIMIT 0,6 [ RunTime:0.000268s ]
[2022-10-19T01:06:31+08:00][sql] SHOW FULL COLUMNS FROM `teacher` [ RunTime:0.000957s ]
[2022-10-19T01:06:31+08:00][sql] SELECT * FROM `teacher` [ RunTime:0.000270s ]
[2022-10-19T01:06:31+08:00][sql] SHOW FULL COLUMNS FROM `address` [ RunTime:0.000959s ]
[2022-10-19T01:06:31+08:00][sql] SELECT * FROM `address` WHERE  `id` = 1 LIMIT 1 [ RunTime:0.000289s ]
[2022-10-19T01:06:31+08:00][sql] SELECT * FROM `address` WHERE  `id` = 2 LIMIT 1 [ RunTime:0.000253s ]
[2022-10-19T02:42:10+08:00][sql] CONNECT:[ UseTime:0.000451s ] mysql:host=localhost;port=3316;dbname=coffee;charset=utf8
[2022-10-19T02:42:10+08:00][sql] SHOW FULL COLUMNS FROM `banner` [ RunTime:0.001294s ]
[2022-10-19T02:42:10+08:00][sql] SELECT * FROM `banner` [ RunTime:0.000234s ]
[2022-10-19T02:42:10+08:00][sql] SHOW FULL COLUMNS FROM `information` [ RunTime:0.001021s ]
[2022-10-19T02:42:10+08:00][sql] SELECT * FROM `information` ORDER BY `time` DESC LIMIT 1 [ RunTime:0.000298s ]
[2022-10-19T02:42:10+08:00][sql] SELECT * FROM `information` ORDER BY `time` DESC LIMIT 1,4 [ RunTime:0.000290s ]
[2022-10-19T02:42:10+08:00][sql] SHOW FULL COLUMNS FROM `course` [ RunTime:0.001179s ]
[2022-10-19T02:42:10+08:00][sql] SELECT `id`,`title` FROM `course` ORDER BY `sorting` ASC LIMIT 0,6 [ RunTime:0.000214s ]
[2022-10-19T02:42:10+08:00][sql] SHOW FULL COLUMNS FROM `teacher` [ RunTime:0.000996s ]
[2022-10-19T02:42:10+08:00][sql] SELECT * FROM `teacher` [ RunTime:0.000231s ]
[2022-10-19T02:42:10+08:00][sql] SHOW FULL COLUMNS FROM `address` [ RunTime:0.000983s ]
[2022-10-19T02:42:10+08:00][sql] SELECT * FROM `address` WHERE  `id` = 1 LIMIT 1 [ RunTime:0.000242s ]
[2022-10-19T02:42:10+08:00][sql] SELECT * FROM `address` WHERE  `id` = 2 LIMIT 1 [ RunTime:0.000192s ]
[2022-10-19T02:49:22+08:00][sql] CONNECT:[ UseTime:0.000402s ] mysql:host=localhost;port=3316;dbname=coffee;charset=utf8
[2022-10-19T02:49:22+08:00][sql] SHOW FULL COLUMNS FROM `banner` [ RunTime:0.001341s ]
[2022-10-19T02:49:22+08:00][sql] SELECT * FROM `banner` [ RunTime:0.000292s ]
[2022-10-19T02:49:22+08:00][sql] SHOW FULL COLUMNS FROM `information` [ RunTime:0.002695s ]
[2022-10-19T02:49:22+08:00][sql] SELECT * FROM `information` ORDER BY `time` DESC LIMIT 1 [ RunTime:0.000990s ]
[2022-10-19T02:49:22+08:00][sql] SELECT * FROM `information` ORDER BY `time` DESC LIMIT 1,4 [ RunTime:0.000368s ]
[2022-10-19T02:49:22+08:00][sql] SHOW FULL COLUMNS FROM `course` [ RunTime:0.001061s ]
[2022-10-19T02:49:22+08:00][sql] SELECT `id`,`title` FROM `course` ORDER BY `sorting` ASC LIMIT 0,6 [ RunTime:0.000274s ]
[2022-10-19T02:49:22+08:00][sql] SHOW FULL COLUMNS FROM `teacher` [ RunTime:0.000965s ]
[2022-10-19T02:49:22+08:00][sql] SELECT * FROM `teacher` [ RunTime:0.000285s ]
[2022-10-19T02:49:22+08:00][sql] SHOW FULL COLUMNS FROM `address` [ RunTime:0.000958s ]
[2022-10-19T02:49:22+08:00][sql] SELECT * FROM `address` WHERE  `id` = 1 LIMIT 1 [ RunTime:0.000286s ]
[2022-10-19T02:49:22+08:00][sql] SELECT * FROM `address` WHERE  `id` = 2 LIMIT 1 [ RunTime:0.000268s ]
[2022-10-19T02:49:22+08:00][sql] CONNECT:[ UseTime:0.000407s ] mysql:host=localhost;port=3316;dbname=coffee;charset=utf8
[2022-10-19T02:49:22+08:00][sql] SHOW FULL COLUMNS FROM `banner` [ RunTime:0.001202s ]
[2022-10-19T02:49:22+08:00][sql] SELECT * FROM `banner` [ RunTime:0.000259s ]
[2022-10-19T02:49:22+08:00][sql] SHOW FULL COLUMNS FROM `information` [ RunTime:0.000967s ]
[2022-10-19T02:49:22+08:00][sql] SELECT * FROM `information` ORDER BY `time` DESC LIMIT 1 [ RunTime:0.000329s ]
[2022-10-19T02:49:22+08:00][sql] SELECT * FROM `information` ORDER BY `time` DESC LIMIT 1,4 [ RunTime:0.000375s ]
[2022-10-19T02:49:22+08:00][sql] SHOW FULL COLUMNS FROM `course` [ RunTime:0.001127s ]
[2022-10-19T02:49:22+08:00][sql] SELECT `id`,`title` FROM `course` ORDER BY `sorting` ASC LIMIT 0,6 [ RunTime:0.000272s ]
[2022-10-19T02:49:22+08:00][sql] SHOW FULL COLUMNS FROM `teacher` [ RunTime:0.000968s ]
[2022-10-19T02:49:22+08:00][sql] SELECT * FROM `teacher` [ RunTime:0.000269s ]
[2022-10-19T02:49:22+08:00][sql] SHOW FULL COLUMNS FROM `address` [ RunTime:0.000887s ]
[2022-10-19T02:49:22+08:00][sql] SELECT * FROM `address` WHERE  `id` = 1 LIMIT 1 [ RunTime:0.000283s ]
[2022-10-19T02:49:22+08:00][sql] SELECT * FROM `address` WHERE  `id` = 2 LIMIT 1 [ RunTime:0.000272s ]
[2022-10-19T03:48:12+08:00][sql] CONNECT:[ UseTime:0.000519s ] mysql:host=localhost;port=3316;dbname=coffee;charset=utf8
[2022-10-19T03:48:12+08:00][sql] SHOW FULL COLUMNS FROM `banner` [ RunTime:0.001226s ]
[2022-10-19T03:48:12+08:00][sql] SELECT * FROM `banner` [ RunTime:0.000268s ]
[2022-10-19T03:48:12+08:00][sql] SHOW FULL COLUMNS FROM `information` [ RunTime:0.001055s ]
[2022-10-19T03:48:12+08:00][sql] SELECT * FROM `information` ORDER BY `time` DESC LIMIT 1 [ RunTime:0.000342s ]
[2022-10-19T03:48:12+08:00][sql] SELECT * FROM `information` ORDER BY `time` DESC LIMIT 1,4 [ RunTime:0.000376s ]
[2022-10-19T03:48:12+08:00][sql] SHOW FULL COLUMNS FROM `course` [ RunTime:0.001104s ]
[2022-10-19T03:48:12+08:00][sql] SELECT `id`,`title` FROM `course` ORDER BY `sorting` ASC LIMIT 0,6 [ RunTime:0.000316s ]
[2022-10-19T03:48:12+08:00][sql] SHOW FULL COLUMNS FROM `teacher` [ RunTime:0.000928s ]
[2022-10-19T03:48:12+08:00][sql] SELECT * FROM `teacher` [ RunTime:0.000256s ]
[2022-10-19T03:48:12+08:00][sql] SHOW FULL COLUMNS FROM `address` [ RunTime:0.000939s ]
[2022-10-19T03:48:12+08:00][sql] SELECT * FROM `address` WHERE  `id` = 1 LIMIT 1 [ RunTime:0.000298s ]
[2022-10-19T03:48:12+08:00][sql] SELECT * FROM `address` WHERE  `id` = 2 LIMIT 1 [ RunTime:0.000277s ]
[2022-10-19T04:00:01+08:00][sql] CONNECT:[ UseTime:0.000442s ] mysql:host=localhost;port=3316;dbname=coffee;charset=utf8
[2022-10-19T04:00:01+08:00][sql] SHOW FULL COLUMNS FROM `banner` [ RunTime:0.001270s ]
[2022-10-19T04:00:01+08:00][sql] SELECT * FROM `banner` [ RunTime:0.000258s ]
[2022-10-19T04:00:01+08:00][sql] SHOW FULL COLUMNS FROM `information` [ RunTime:0.000989s ]
[2022-10-19T04:00:01+08:00][sql] SELECT * FROM `information` ORDER BY `time` DESC LIMIT 1 [ RunTime:0.000329s ]
[2022-10-19T04:00:01+08:00][sql] SELECT * FROM `information` ORDER BY `time` DESC LIMIT 1,4 [ RunTime:0.000381s ]
[2022-10-19T04:00:01+08:00][sql] SHOW FULL COLUMNS FROM `course` [ RunTime:0.001070s ]
[2022-10-19T04:00:01+08:00][sql] SELECT `id`,`title` FROM `course` ORDER BY `sorting` ASC LIMIT 0,6 [ RunTime:0.000258s ]
[2022-10-19T04:00:01+08:00][sql] SHOW FULL COLUMNS FROM `teacher` [ RunTime:0.000898s ]
[2022-10-19T04:00:01+08:00][sql] SELECT * FROM `teacher` [ RunTime:0.000261s ]
[2022-10-19T04:00:01+08:00][sql] SHOW FULL COLUMNS FROM `address` [ RunTime:0.000936s ]
[2022-10-19T04:00:01+08:00][sql] SELECT * FROM `address` WHERE  `id` = 1 LIMIT 1 [ RunTime:0.000311s ]
[2022-10-19T04:00:01+08:00][sql] SELECT * FROM `address` WHERE  `id` = 2 LIMIT 1 [ RunTime:0.000255s ]
[2022-10-19T04:00:38+08:00][sql] CONNECT:[ UseTime:0.000414s ] mysql:host=localhost;port=3316;dbname=coffee;charset=utf8
[2022-10-19T04:00:38+08:00][sql] SHOW FULL COLUMNS FROM `banner` [ RunTime:0.001273s ]
[2022-10-19T04:00:38+08:00][sql] SELECT * FROM `banner` [ RunTime:0.000254s ]
[2022-10-19T04:00:38+08:00][sql] SHOW FULL COLUMNS FROM `information` [ RunTime:0.001029s ]
[2022-10-19T04:00:38+08:00][sql] SELECT * FROM `information` ORDER BY `time` DESC LIMIT 1 [ RunTime:0.000330s ]
[2022-10-19T04:00:38+08:00][sql] SELECT * FROM `information` ORDER BY `time` DESC LIMIT 1,4 [ RunTime:0.000368s ]
[2022-10-19T04:00:38+08:00][sql] SHOW FULL COLUMNS FROM `course` [ RunTime:0.001117s ]
[2022-10-19T04:00:38+08:00][sql] SELECT `id`,`title` FROM `course` ORDER BY `sorting` ASC LIMIT 0,6 [ RunTime:0.000265s ]
[2022-10-19T04:00:38+08:00][sql] SHOW FULL COLUMNS FROM `teacher` [ RunTime:0.000913s ]
[2022-10-19T04:00:38+08:00][sql] SELECT * FROM `teacher` [ RunTime:0.000333s ]
[2022-10-19T04:00:38+08:00][sql] SHOW FULL COLUMNS FROM `address` [ RunTime:0.000950s ]
[2022-10-19T04:00:38+08:00][sql] SELECT * FROM `address` WHERE  `id` = 1 LIMIT 1 [ RunTime:0.000291s ]
[2022-10-19T04:00:38+08:00][sql] SELECT * FROM `address` WHERE  `id` = 2 LIMIT 1 [ RunTime:0.000240s ]
[2022-10-19T04:00:38+08:00][sql] CONNECT:[ UseTime:0.000384s ] mysql:host=localhost;port=3316;dbname=coffee;charset=utf8
[2022-10-19T04:00:38+08:00][sql] SHOW FULL COLUMNS FROM `banner` [ RunTime:0.001332s ]
[2022-10-19T04:00:38+08:00][sql] SELECT * FROM `banner` [ RunTime:0.000252s ]
[2022-10-19T04:00:38+08:00][sql] SHOW FULL COLUMNS FROM `information` [ RunTime:0.001110s ]
[2022-10-19T04:00:38+08:00][sql] SELECT * FROM `information` ORDER BY `time` DESC LIMIT 1 [ RunTime:0.000362s ]
[2022-10-19T04:00:38+08:00][sql] SELECT * FROM `information` ORDER BY `time` DESC LIMIT 1,4 [ RunTime:0.000364s ]
[2022-10-19T04:00:38+08:00][sql] SHOW FULL COLUMNS FROM `course` [ RunTime:0.001259s ]
[2022-10-19T04:00:38+08:00][sql] SELECT `id`,`title` FROM `course` ORDER BY `sorting` ASC LIMIT 0,6 [ RunTime:0.000279s ]
[2022-10-19T04:00:38+08:00][sql] SHOW FULL COLUMNS FROM `teacher` [ RunTime:0.001021s ]
[2022-10-19T04:00:38+08:00][sql] SELECT * FROM `teacher` [ RunTime:0.000295s ]
[2022-10-19T04:00:38+08:00][sql] SHOW FULL COLUMNS FROM `address` [ RunTime:0.000987s ]
[2022-10-19T04:00:38+08:00][sql] SELECT * FROM `address` WHERE  `id` = 1 LIMIT 1 [ RunTime:0.000283s ]
[2022-10-19T04:00:38+08:00][sql] SELECT * FROM `address` WHERE  `id` = 2 LIMIT 1 [ RunTime:0.000249s ]
[2022-10-19T05:32:38+08:00][sql] CONNECT:[ UseTime:0.000407s ] mysql:host=localhost;port=3316;dbname=coffee;charset=utf8
[2022-10-19T05:32:38+08:00][sql] SHOW FULL COLUMNS FROM `banner` [ RunTime:0.001205s ]
[2022-10-19T05:32:38+08:00][sql] SELECT * FROM `banner` [ RunTime:0.000275s ]
[2022-10-19T05:32:38+08:00][sql] SHOW FULL COLUMNS FROM `information` [ RunTime:0.001004s ]
[2022-10-19T05:32:38+08:00][sql] SELECT * FROM `information` ORDER BY `time` DESC LIMIT 1 [ RunTime:0.000341s ]
[2022-10-19T05:32:38+08:00][sql] SELECT * FROM `information` ORDER BY `time` DESC LIMIT 1,4 [ RunTime:0.000357s ]
[2022-10-19T05:32:38+08:00][sql] SHOW FULL COLUMNS FROM `course` [ RunTime:0.001055s ]
[2022-10-19T05:32:38+08:00][sql] SELECT `id`,`title` FROM `course` ORDER BY `sorting` ASC LIMIT 0,6 [ RunTime:0.000256s ]
[2022-10-19T05:32:38+08:00][sql] SHOW FULL COLUMNS FROM `teacher` [ RunTime:0.000922s ]
[2022-10-19T05:32:38+08:00][sql] SELECT * FROM `teacher` [ RunTime:0.000253s ]
[2022-10-19T05:32:38+08:00][sql] SHOW FULL COLUMNS FROM `address` [ RunTime:0.000988s ]
[2022-10-19T05:32:38+08:00][sql] SELECT * FROM `address` WHERE  `id` = 1 LIMIT 1 [ RunTime:0.000280s ]
[2022-10-19T05:32:38+08:00][sql] SELECT * FROM `address` WHERE  `id` = 2 LIMIT 1 [ RunTime:0.000404s ]
[2022-10-19T05:44:54+08:00][sql] CONNECT:[ UseTime:0.000429s ] mysql:host=localhost;port=3316;dbname=coffee;charset=utf8
[2022-10-19T05:44:54+08:00][sql] SHOW FULL COLUMNS FROM `banner` [ RunTime:0.001262s ]
[2022-10-19T05:44:54+08:00][sql] SELECT * FROM `banner` [ RunTime:0.000277s ]
[2022-10-19T05:44:54+08:00][sql] SHOW FULL COLUMNS FROM `information` [ RunTime:0.001044s ]
[2022-10-19T05:44:54+08:00][sql] SELECT * FROM `information` ORDER BY `time` DESC LIMIT 1 [ RunTime:0.000346s ]
[2022-10-19T05:44:54+08:00][sql] SELECT * FROM `information` ORDER BY `time` DESC LIMIT 1,4 [ RunTime:0.000421s ]
[2022-10-19T05:44:54+08:00][sql] SHOW FULL COLUMNS FROM `course` [ RunTime:0.001078s ]
[2022-10-19T05:44:54+08:00][sql] SELECT `id`,`title` FROM `course` ORDER BY `sorting` ASC LIMIT 0,6 [ RunTime:0.000279s ]
[2022-10-19T05:44:54+08:00][sql] SHOW FULL COLUMNS FROM `teacher` [ RunTime:0.000931s ]
[2022-10-19T05:44:54+08:00][sql] SELECT * FROM `teacher` [ RunTime:0.000273s ]
[2022-10-19T05:44:54+08:00][sql] SHOW FULL COLUMNS FROM `address` [ RunTime:0.000905s ]
[2022-10-19T05:44:54+08:00][sql] SELECT * FROM `address` WHERE  `id` = 1 LIMIT 1 [ RunTime:0.000280s ]
[2022-10-19T05:44:54+08:00][sql] SELECT * FROM `address` WHERE  `id` = 2 LIMIT 1 [ RunTime:0.000256s ]
[2022-10-19T06:18:12+08:00][sql] CONNECT:[ UseTime:0.000391s ] mysql:host=localhost;port=3316;dbname=coffee;charset=utf8
[2022-10-19T06:18:12+08:00][sql] SHOW FULL COLUMNS FROM `banner` [ RunTime:0.001264s ]
[2022-10-19T06:18:12+08:00][sql] SELECT * FROM `banner` [ RunTime:0.000218s ]
[2022-10-19T06:18:12+08:00][sql] SHOW FULL COLUMNS FROM `information` [ RunTime:0.000946s ]
[2022-10-19T06:18:12+08:00][sql] SELECT * FROM `information` ORDER BY `time` DESC LIMIT 1 [ RunTime:0.000301s ]
[2022-10-19T06:18:12+08:00][sql] SELECT * FROM `information` ORDER BY `time` DESC LIMIT 1,4 [ RunTime:0.000317s ]
[2022-10-19T06:18:12+08:00][sql] SHOW FULL COLUMNS FROM `course` [ RunTime:0.001004s ]
[2022-10-19T06:18:12+08:00][sql] SELECT `id`,`title` FROM `course` ORDER BY `sorting` ASC LIMIT 0,6 [ RunTime:0.000235s ]
[2022-10-19T06:18:12+08:00][sql] SHOW FULL COLUMNS FROM `teacher` [ RunTime:0.000846s ]
[2022-10-19T06:18:12+08:00][sql] SELECT * FROM `teacher` [ RunTime:0.000224s ]
[2022-10-19T06:18:12+08:00][sql] SHOW FULL COLUMNS FROM `address` [ RunTime:0.000859s ]
[2022-10-19T06:18:12+08:00][sql] SELECT * FROM `address` WHERE  `id` = 1 LIMIT 1 [ RunTime:0.000247s ]
[2022-10-19T06:18:12+08:00][sql] SELECT * FROM `address` WHERE  `id` = 2 LIMIT 1 [ RunTime:0.000217s ]
[2022-10-19T06:24:23+08:00][sql] CONNECT:[ UseTime:0.000454s ] mysql:host=localhost;port=3316;dbname=coffee;charset=utf8
[2022-10-19T06:24:23+08:00][sql] SHOW FULL COLUMNS FROM `banner` [ RunTime:0.001224s ]
[2022-10-19T06:24:23+08:00][sql] SELECT * FROM `banner` [ RunTime:0.000232s ]
[2022-10-19T06:24:23+08:00][sql] SHOW FULL COLUMNS FROM `information` [ RunTime:0.001295s ]
[2022-10-19T06:24:23+08:00][sql] SELECT * FROM `information` ORDER BY `time` DESC LIMIT 1 [ RunTime:0.000357s ]
[2022-10-19T06:24:23+08:00][sql] SELECT * FROM `information` ORDER BY `time` DESC LIMIT 1,4 [ RunTime:0.000359s ]
[2022-10-19T06:24:23+08:00][sql] SHOW FULL COLUMNS FROM `course` [ RunTime:0.001095s ]
[2022-10-19T06:24:23+08:00][sql] SELECT `id`,`title` FROM `course` ORDER BY `sorting` ASC LIMIT 0,6 [ RunTime:0.000254s ]
[2022-10-19T06:24:23+08:00][sql] SHOW FULL COLUMNS FROM `teacher` [ RunTime:0.000867s ]
[2022-10-19T06:24:23+08:00][sql] SELECT * FROM `teacher` [ RunTime:0.000221s ]
[2022-10-19T06:24:23+08:00][sql] SHOW FULL COLUMNS FROM `address` [ RunTime:0.000870s ]
[2022-10-19T06:24:23+08:00][sql] SELECT * FROM `address` WHERE  `id` = 1 LIMIT 1 [ RunTime:0.000269s ]
[2022-10-19T06:24:23+08:00][sql] SELECT * FROM `address` WHERE  `id` = 2 LIMIT 1 [ RunTime:0.000282s ]
[2022-10-19T07:10:31+08:00][sql] CONNECT:[ UseTime:0.000485s ] mysql:host=localhost;port=3316;dbname=coffee;charset=utf8
[2022-10-19T07:10:31+08:00][sql] SHOW FULL COLUMNS FROM `banner` [ RunTime:0.001261s ]
[2022-10-19T07:10:31+08:00][sql] SELECT * FROM `banner` [ RunTime:0.000267s ]
[2022-10-19T07:10:31+08:00][sql] SHOW FULL COLUMNS FROM `information` [ RunTime:0.000956s ]
[2022-10-19T07:10:31+08:00][sql] SELECT * FROM `information` ORDER BY `time` DESC LIMIT 1 [ RunTime:0.000328s ]
[2022-10-19T07:10:31+08:00][sql] SELECT * FROM `information` ORDER BY `time` DESC LIMIT 1,4 [ RunTime:0.000357s ]
[2022-10-19T07:10:31+08:00][sql] SHOW FULL COLUMNS FROM `course` [ RunTime:0.001128s ]
[2022-10-19T07:10:31+08:00][sql] SELECT `id`,`title` FROM `course` ORDER BY `sorting` ASC LIMIT 0,6 [ RunTime:0.000281s ]
[2022-10-19T07:10:31+08:00][sql] SHOW FULL COLUMNS FROM `teacher` [ RunTime:0.000989s ]
[2022-10-19T07:10:31+08:00][sql] SELECT * FROM `teacher` [ RunTime:0.000264s ]
[2022-10-19T07:10:31+08:00][sql] SHOW FULL COLUMNS FROM `address` [ RunTime:0.000970s ]
[2022-10-19T07:10:31+08:00][sql] SELECT * FROM `address` WHERE  `id` = 1 LIMIT 1 [ RunTime:0.000285s ]
[2022-10-19T07:10:31+08:00][sql] SELECT * FROM `address` WHERE  `id` = 2 LIMIT 1 [ RunTime:0.000302s ]
[2022-10-19T07:22:10+08:00][sql] CONNECT:[ UseTime:0.000355s ] mysql:host=localhost;port=3316;dbname=coffee;charset=utf8
[2022-10-19T07:22:10+08:00][sql] SHOW FULL COLUMNS FROM `banner` [ RunTime:0.001170s ]
[2022-10-19T07:22:10+08:00][sql] SELECT * FROM `banner` [ RunTime:0.000227s ]
[2022-10-19T07:22:10+08:00][sql] SHOW FULL COLUMNS FROM `information` [ RunTime:0.000891s ]
[2022-10-19T07:22:10+08:00][sql] SELECT * FROM `information` ORDER BY `time` DESC LIMIT 1 [ RunTime:0.000293s ]
[2022-10-19T07:22:10+08:00][sql] SELECT * FROM `information` ORDER BY `time` DESC LIMIT 1,4 [ RunTime:0.000293s ]
[2022-10-19T07:22:10+08:00][sql] SHOW FULL COLUMNS FROM `course` [ RunTime:0.001010s ]
[2022-10-19T07:22:10+08:00][sql] SELECT `id`,`title` FROM `course` ORDER BY `sorting` ASC LIMIT 0,6 [ RunTime:0.000220s ]
[2022-10-19T07:22:10+08:00][sql] SHOW FULL COLUMNS FROM `teacher` [ RunTime:0.000838s ]
[2022-10-19T07:22:10+08:00][sql] SELECT * FROM `teacher` [ RunTime:0.000225s ]
[2022-10-19T07:22:10+08:00][sql] SHOW FULL COLUMNS FROM `address` [ RunTime:0.000843s ]
[2022-10-19T07:22:10+08:00][sql] SELECT * FROM `address` WHERE  `id` = 1 LIMIT 1 [ RunTime:0.000322s ]
[2022-10-19T07:22:10+08:00][sql] SELECT * FROM `address` WHERE  `id` = 2 LIMIT 1 [ RunTime:0.000245s ]
[2022-10-19T07:29:46+08:00][sql] CONNECT:[ UseTime:0.000459s ] mysql:host=localhost;port=3316;dbname=coffee;charset=utf8
[2022-10-19T07:29:46+08:00][sql] SHOW FULL COLUMNS FROM `banner` [ RunTime:0.001232s ]
[2022-10-19T07:29:46+08:00][sql] SELECT * FROM `banner` [ RunTime:0.000251s ]
[2022-10-19T07:29:46+08:00][sql] SHOW FULL COLUMNS FROM `information` [ RunTime:0.000995s ]
[2022-10-19T07:29:46+08:00][sql] SELECT * FROM `information` ORDER BY `time` DESC LIMIT 1 [ RunTime:0.000332s ]
[2022-10-19T07:29:46+08:00][sql] SELECT * FROM `information` ORDER BY `time` DESC LIMIT 1,4 [ RunTime:0.000415s ]
[2022-10-19T07:29:46+08:00][sql] SHOW FULL COLUMNS FROM `course` [ RunTime:0.001144s ]
[2022-10-19T07:29:46+08:00][sql] SELECT `id`,`title` FROM `course` ORDER BY `sorting` ASC LIMIT 0,6 [ RunTime:0.000265s ]
[2022-10-19T07:29:46+08:00][sql] SHOW FULL COLUMNS FROM `teacher` [ RunTime:0.000916s ]
[2022-10-19T07:29:46+08:00][sql] SELECT * FROM `teacher` [ RunTime:0.000312s ]
[2022-10-19T07:29:46+08:00][sql] SHOW FULL COLUMNS FROM `address` [ RunTime:0.000975s ]
[2022-10-19T07:29:46+08:00][sql] SELECT * FROM `address` WHERE  `id` = 1 LIMIT 1 [ RunTime:0.000282s ]
[2022-10-19T07:29:46+08:00][sql] SELECT * FROM `address` WHERE  `id` = 2 LIMIT 1 [ RunTime:0.000304s ]
[2022-10-19T07:40:42+08:00][sql] CONNECT:[ UseTime:0.000382s ] mysql:host=localhost;port=3316;dbname=coffee;charset=utf8
[2022-10-19T07:40:42+08:00][sql] SHOW FULL COLUMNS FROM `banner` [ RunTime:0.001229s ]
[2022-10-19T07:40:42+08:00][sql] SELECT * FROM `banner` [ RunTime:0.000209s ]
[2022-10-19T07:40:42+08:00][sql] SHOW FULL COLUMNS FROM `information` [ RunTime:0.001041s ]
[2022-10-19T07:40:42+08:00][sql] SELECT * FROM `information` ORDER BY `time` DESC LIMIT 1 [ RunTime:0.000320s ]
[2022-10-19T07:40:42+08:00][sql] SELECT * FROM `information` ORDER BY `time` DESC LIMIT 1,4 [ RunTime:0.000318s ]
[2022-10-19T07:40:42+08:00][sql] SHOW FULL COLUMNS FROM `course` [ RunTime:0.001100s ]
[2022-10-19T07:40:42+08:00][sql] SELECT `id`,`title` FROM `course` ORDER BY `sorting` ASC LIMIT 0,6 [ RunTime:0.000224s ]
[2022-10-19T07:40:42+08:00][sql] SHOW FULL COLUMNS FROM `teacher` [ RunTime:0.000898s ]
[2022-10-19T07:40:42+08:00][sql] SELECT * FROM `teacher` [ RunTime:0.000216s ]
[2022-10-19T07:40:42+08:00][sql] SHOW FULL COLUMNS FROM `address` [ RunTime:0.000950s ]
[2022-10-19T07:40:42+08:00][sql] SELECT * FROM `address` WHERE  `id` = 1 LIMIT 1 [ RunTime:0.000273s ]
[2022-10-19T07:40:42+08:00][sql] SELECT * FROM `address` WHERE  `id` = 2 LIMIT 1 [ RunTime:0.000203s ]
[2022-10-19T08:04:49+08:00][sql] CONNECT:[ UseTime:0.000490s ] mysql:host=localhost;port=3316;dbname=coffee;charset=utf8
[2022-10-19T08:04:49+08:00][sql] SHOW FULL COLUMNS FROM `banner` [ RunTime:0.001699s ]
[2022-10-19T08:04:49+08:00][sql] SELECT * FROM `banner` [ RunTime:0.000304s ]
[2022-10-19T08:04:49+08:00][sql] SHOW FULL COLUMNS FROM `information` [ RunTime:0.001052s ]
[2022-10-19T08:04:49+08:00][sql] SELECT * FROM `information` ORDER BY `time` DESC LIMIT 1 [ RunTime:0.000354s ]
[2022-10-19T08:04:49+08:00][sql] SELECT * FROM `information` ORDER BY `time` DESC LIMIT 1,4 [ RunTime:0.000387s ]
[2022-10-19T08:04:49+08:00][sql] SHOW FULL COLUMNS FROM `course` [ RunTime:0.001067s ]
[2022-10-19T08:04:49+08:00][sql] SELECT `id`,`title` FROM `course` ORDER BY `sorting` ASC LIMIT 0,6 [ RunTime:0.000283s ]
[2022-10-19T08:04:49+08:00][sql] SHOW FULL COLUMNS FROM `teacher` [ RunTime:0.000916s ]
[2022-10-19T08:04:49+08:00][sql] SELECT * FROM `teacher` [ RunTime:0.000297s ]
[2022-10-19T08:04:49+08:00][sql] SHOW FULL COLUMNS FROM `address` [ RunTime:0.001496s ]
[2022-10-19T08:04:49+08:00][sql] SELECT * FROM `address` WHERE  `id` = 1 LIMIT 1 [ RunTime:0.000336s ]
[2022-10-19T08:04:49+08:00][sql] SELECT * FROM `address` WHERE  `id` = 2 LIMIT 1 [ RunTime:0.000245s ]
[2022-10-19T09:19:07+08:00][sql] CONNECT:[ UseTime:0.000442s ] mysql:host=localhost;port=3316;dbname=coffee;charset=utf8
[2022-10-19T09:19:07+08:00][sql] SHOW FULL COLUMNS FROM `banner` [ RunTime:0.001205s ]
[2022-10-19T09:19:07+08:00][sql] SELECT * FROM `banner` [ RunTime:0.000223s ]
[2022-10-19T09:19:07+08:00][sql] SHOW FULL COLUMNS FROM `information` [ RunTime:0.001013s ]
[2022-10-19T09:19:07+08:00][sql] SELECT * FROM `information` ORDER BY `time` DESC LIMIT 1 [ RunTime:0.000294s ]
[2022-10-19T09:19:07+08:00][sql] SELECT * FROM `information` ORDER BY `time` DESC LIMIT 1,4 [ RunTime:0.000351s ]
[2022-10-19T09:19:07+08:00][sql] SHOW FULL COLUMNS FROM `course` [ RunTime:0.001066s ]
[2022-10-19T09:19:07+08:00][sql] SELECT `id`,`title` FROM `course` ORDER BY `sorting` ASC LIMIT 0,6 [ RunTime:0.000241s ]
[2022-10-19T09:19:07+08:00][sql] SHOW FULL COLUMNS FROM `teacher` [ RunTime:0.000917s ]
[2022-10-19T09:19:07+08:00][sql] SELECT * FROM `teacher` [ RunTime:0.000269s ]
[2022-10-19T09:19:07+08:00][sql] SHOW FULL COLUMNS FROM `address` [ RunTime:0.000909s ]
[2022-10-19T09:19:07+08:00][sql] SELECT * FROM `address` WHERE  `id` = 1 LIMIT 1 [ RunTime:0.000239s ]
[2022-10-19T09:19:07+08:00][sql] SELECT * FROM `address` WHERE  `id` = 2 LIMIT 1 [ RunTime:0.000204s ]
[2022-10-19T09:30:27+08:00][sql] CONNECT:[ UseTime:0.000467s ] mysql:host=localhost;port=3316;dbname=coffee;charset=utf8
[2022-10-19T09:30:27+08:00][sql] SHOW FULL COLUMNS FROM `banner` [ RunTime:0.001876s ]
[2022-10-19T09:30:27+08:00][sql] SELECT * FROM `banner` [ RunTime:0.000276s ]
[2022-10-19T09:30:27+08:00][sql] SHOW FULL COLUMNS FROM `information` [ RunTime:0.000982s ]
[2022-10-19T09:30:27+08:00][sql] SELECT * FROM `information` ORDER BY `time` DESC LIMIT 1 [ RunTime:0.000290s ]
[2022-10-19T09:30:27+08:00][sql] SELECT * FROM `information` ORDER BY `time` DESC LIMIT 1,4 [ RunTime:0.000314s ]
[2022-10-19T09:30:27+08:00][sql] SHOW FULL COLUMNS FROM `course` [ RunTime:0.001099s ]
[2022-10-19T09:30:27+08:00][sql] SELECT `id`,`title` FROM `course` ORDER BY `sorting` ASC LIMIT 0,6 [ RunTime:0.000495s ]
[2022-10-19T09:30:27+08:00][sql] SHOW FULL COLUMNS FROM `teacher` [ RunTime:0.000974s ]
[2022-10-19T09:30:27+08:00][sql] SELECT * FROM `teacher` [ RunTime:0.000279s ]
[2022-10-19T09:30:27+08:00][sql] SHOW FULL COLUMNS FROM `address` [ RunTime:0.001375s ]
[2022-10-19T09:30:27+08:00][sql] SELECT * FROM `address` WHERE  `id` = 1 LIMIT 1 [ RunTime:0.000290s ]
[2022-10-19T09:30:27+08:00][sql] SELECT * FROM `address` WHERE  `id` = 2 LIMIT 1 [ RunTime:0.000277s ]
[2022-10-19T09:31:31+08:00][sql] CONNECT:[ UseTime:0.000449s ] mysql:host=localhost;port=3316;dbname=coffee;charset=utf8
[2022-10-19T09:31:31+08:00][sql] SHOW FULL COLUMNS FROM `banner` [ RunTime:0.001319s ]
[2022-10-19T09:31:31+08:00][sql] SELECT * FROM `banner` [ RunTime:0.000262s ]
[2022-10-19T09:31:31+08:00][sql] SHOW FULL COLUMNS FROM `information` [ RunTime:0.000996s ]
[2022-10-19T09:31:31+08:00][sql] SELECT * FROM `information` ORDER BY `time` DESC LIMIT 1 [ RunTime:0.000354s ]
[2022-10-19T09:31:31+08:00][sql] SELECT * FROM `information` ORDER BY `time` DESC LIMIT 1,4 [ RunTime:0.000378s ]
[2022-10-19T09:31:31+08:00][sql] SHOW FULL COLUMNS FROM `course` [ RunTime:0.001142s ]
[2022-10-19T09:31:31+08:00][sql] SELECT `id`,`title` FROM `course` ORDER BY `sorting` ASC LIMIT 0,6 [ RunTime:0.000266s ]
[2022-10-19T09:31:31+08:00][sql] SHOW FULL COLUMNS FROM `teacher` [ RunTime:0.000907s ]
[2022-10-19T09:31:31+08:00][sql] SELECT * FROM `teacher` [ RunTime:0.000296s ]
[2022-10-19T09:31:31+08:00][sql] SHOW FULL COLUMNS FROM `address` [ RunTime:0.000919s ]
[2022-10-19T09:31:31+08:00][sql] SELECT * FROM `address` WHERE  `id` = 1 LIMIT 1 [ RunTime:0.000297s ]
[2022-10-19T09:31:31+08:00][sql] SELECT * FROM `address` WHERE  `id` = 2 LIMIT 1 [ RunTime:0.000261s ]
[2022-10-19T10:04:42+08:00][sql] CONNECT:[ UseTime:0.000424s ] mysql:host=localhost;port=3316;dbname=coffee;charset=utf8
[2022-10-19T10:04:42+08:00][sql] SHOW FULL COLUMNS FROM `banner` [ RunTime:0.001407s ]
[2022-10-19T10:04:42+08:00][sql] SELECT * FROM `banner` [ RunTime:0.000253s ]
[2022-10-19T10:04:42+08:00][sql] SHOW FULL COLUMNS FROM `information` [ RunTime:0.000965s ]
[2022-10-19T10:04:42+08:00][sql] SELECT * FROM `information` ORDER BY `time` DESC LIMIT 1 [ RunTime:0.000383s ]
[2022-10-19T10:04:42+08:00][sql] SELECT * FROM `information` ORDER BY `time` DESC LIMIT 1,4 [ RunTime:0.000376s ]
[2022-10-19T10:04:42+08:00][sql] SHOW FULL COLUMNS FROM `course` [ RunTime:0.001098s ]
[2022-10-19T10:04:42+08:00][sql] SELECT `id`,`title` FROM `course` ORDER BY `sorting` ASC LIMIT 0,6 [ RunTime:0.000259s ]
[2022-10-19T10:04:42+08:00][sql] SHOW FULL COLUMNS FROM `teacher` [ RunTime:0.000929s ]
[2022-10-19T10:04:42+08:00][sql] SELECT * FROM `teacher` [ RunTime:0.000251s ]
[2022-10-19T10:04:42+08:00][sql] SHOW FULL COLUMNS FROM `address` [ RunTime:0.000920s ]
[2022-10-19T10:04:42+08:00][sql] SELECT * FROM `address` WHERE  `id` = 1 LIMIT 1 [ RunTime:0.000282s ]
[2022-10-19T10:04:42+08:00][sql] SELECT * FROM `address` WHERE  `id` = 2 LIMIT 1 [ RunTime:0.000234s ]
[2022-10-19T10:10:49+08:00][sql] CONNECT:[ UseTime:0.000397s ] mysql:host=localhost;port=3316;dbname=coffee;charset=utf8
[2022-10-19T10:10:49+08:00][sql] SHOW FULL COLUMNS FROM `banner` [ RunTime:0.001248s ]
[2022-10-19T10:10:49+08:00][sql] SELECT * FROM `banner` [ RunTime:0.000219s ]
[2022-10-19T10:10:49+08:00][sql] SHOW FULL COLUMNS FROM `information` [ RunTime:0.001002s ]
[2022-10-19T10:10:49+08:00][sql] SELECT * FROM `information` ORDER BY `time` DESC LIMIT 1 [ RunTime:0.000331s ]
[2022-10-19T10:10:49+08:00][sql] SELECT * FROM `information` ORDER BY `time` DESC LIMIT 1,4 [ RunTime:0.000308s ]
[2022-10-19T10:10:49+08:00][sql] SHOW FULL COLUMNS FROM `course` [ RunTime:0.001215s ]
[2022-10-19T10:10:49+08:00][sql] SELECT `id`,`title` FROM `course` ORDER BY `sorting` ASC LIMIT 0,6 [ RunTime:0.000235s ]
[2022-10-19T10:10:49+08:00][sql] SHOW FULL COLUMNS FROM `teacher` [ RunTime:0.000893s ]
[2022-10-19T10:10:49+08:00][sql] SELECT * FROM `teacher` [ RunTime:0.000221s ]
[2022-10-19T10:10:49+08:00][sql] SHOW FULL COLUMNS FROM `address` [ RunTime:0.000915s ]
[2022-10-19T10:10:49+08:00][sql] SELECT * FROM `address` WHERE  `id` = 1 LIMIT 1 [ RunTime:0.000253s ]
[2022-10-19T10:10:49+08:00][sql] SELECT * FROM `address` WHERE  `id` = 2 LIMIT 1 [ RunTime:0.000217s ]
[2022-10-19T10:23:12+08:00][sql] CONNECT:[ UseTime:0.000478s ] mysql:host=localhost;port=3316;dbname=coffee;charset=utf8
[2022-10-19T10:23:12+08:00][sql] SHOW FULL COLUMNS FROM `banner` [ RunTime:0.001277s ]
[2022-10-19T10:23:12+08:00][sql] SELECT * FROM `banner` [ RunTime:0.000294s ]
[2022-10-19T10:23:12+08:00][sql] SHOW FULL COLUMNS FROM `information` [ RunTime:0.001132s ]
[2022-10-19T10:23:12+08:00][sql] SELECT * FROM `information` ORDER BY `time` DESC LIMIT 1 [ RunTime:0.000359s ]
[2022-10-19T10:23:12+08:00][sql] SELECT * FROM `information` ORDER BY `time` DESC LIMIT 1,4 [ RunTime:0.000411s ]
[2022-10-19T10:23:12+08:00][sql] SHOW FULL COLUMNS FROM `course` [ RunTime:0.001113s ]
[2022-10-19T10:23:12+08:00][sql] SELECT `id`,`title` FROM `course` ORDER BY `sorting` ASC LIMIT 0,6 [ RunTime:0.000268s ]
[2022-10-19T10:23:12+08:00][sql] SHOW FULL COLUMNS FROM `teacher` [ RunTime:0.000951s ]
[2022-10-19T10:23:12+08:00][sql] SELECT * FROM `teacher` [ RunTime:0.000277s ]
[2022-10-19T10:23:12+08:00][sql] SHOW FULL COLUMNS FROM `address` [ RunTime:0.000967s ]
[2022-10-19T10:23:12+08:00][sql] SELECT * FROM `address` WHERE  `id` = 1 LIMIT 1 [ RunTime:0.000313s ]
[2022-10-19T10:23:12+08:00][sql] SELECT * FROM `address` WHERE  `id` = 2 LIMIT 1 [ RunTime:0.000250s ]
[2022-10-19T11:03:08+08:00][sql] CONNECT:[ UseTime:0.000440s ] mysql:host=localhost;port=3316;dbname=coffee;charset=utf8
[2022-10-19T11:03:08+08:00][sql] SHOW FULL COLUMNS FROM `banner` [ RunTime:0.001206s ]
[2022-10-19T11:03:08+08:00][sql] SELECT * FROM `banner` [ RunTime:0.000221s ]
[2022-10-19T11:03:08+08:00][sql] SHOW FULL COLUMNS FROM `information` [ RunTime:0.000952s ]
[2022-10-19T11:03:08+08:00][sql] SELECT * FROM `information` ORDER BY `time` DESC LIMIT 1 [ RunTime:0.000281s ]
[2022-10-19T11:03:08+08:00][sql] SELECT * FROM `information` ORDER BY `time` DESC LIMIT 1,4 [ RunTime:0.000311s ]
[2022-10-19T11:03:08+08:00][sql] SHOW FULL COLUMNS FROM `course` [ RunTime:0.001075s ]
[2022-10-19T11:03:08+08:00][sql] SELECT `id`,`title` FROM `course` ORDER BY `sorting` ASC LIMIT 0,6 [ RunTime:0.000237s ]
[2022-10-19T11:03:08+08:00][sql] SHOW FULL COLUMNS FROM `teacher` [ RunTime:0.000854s ]
[2022-10-19T11:03:08+08:00][sql] SELECT * FROM `teacher` [ RunTime:0.000249s ]
[2022-10-19T11:03:08+08:00][sql] SHOW FULL COLUMNS FROM `address` [ RunTime:0.000908s ]
[2022-10-19T11:03:08+08:00][sql] SELECT * FROM `address` WHERE  `id` = 1 LIMIT 1 [ RunTime:0.000269s ]
[2022-10-19T11:03:08+08:00][sql] SELECT * FROM `address` WHERE  `id` = 2 LIMIT 1 [ RunTime:0.000197s ]
[2022-10-19T11:33:57+08:00][sql] CONNECT:[ UseTime:0.000440s ] mysql:host=localhost;port=3316;dbname=coffee;charset=utf8
[2022-10-19T11:33:57+08:00][sql] SHOW FULL COLUMNS FROM `banner` [ RunTime:0.001324s ]
[2022-10-19T11:33:57+08:00][sql] SELECT * FROM `banner` [ RunTime:0.000220s ]
[2022-10-19T11:33:57+08:00][sql] SHOW FULL COLUMNS FROM `information` [ RunTime:0.000934s ]
[2022-10-19T11:33:57+08:00][sql] SELECT * FROM `information` ORDER BY `time` DESC LIMIT 1 [ RunTime:0.000296s ]
[2022-10-19T11:33:57+08:00][sql] SELECT * FROM `information` ORDER BY `time` DESC LIMIT 1,4 [ RunTime:0.000325s ]
[2022-10-19T11:33:57+08:00][sql] SHOW FULL COLUMNS FROM `course` [ RunTime:0.001173s ]
[2022-10-19T11:33:57+08:00][sql] SELECT `id`,`title` FROM `course` ORDER BY `sorting` ASC LIMIT 0,6 [ RunTime:0.000211s ]
[2022-10-19T11:33:57+08:00][sql] SHOW FULL COLUMNS FROM `teacher` [ RunTime:0.000942s ]
[2022-10-19T11:33:57+08:00][sql] SELECT * FROM `teacher` [ RunTime:0.000251s ]
[2022-10-19T11:33:57+08:00][sql] SHOW FULL COLUMNS FROM `address` [ RunTime:0.000893s ]
[2022-10-19T11:33:57+08:00][sql] SELECT * FROM `address` WHERE  `id` = 1 LIMIT 1 [ RunTime:0.000232s ]
[2022-10-19T11:33:57+08:00][sql] SELECT * FROM `address` WHERE  `id` = 2 LIMIT 1 [ RunTime:0.000197s ]
[2022-10-19T11:36:27+08:00][sql] CONNECT:[ UseTime:0.000398s ] mysql:host=localhost;port=3316;dbname=coffee;charset=utf8
[2022-10-19T11:36:27+08:00][sql] SHOW FULL COLUMNS FROM `banner` [ RunTime:0.001244s ]
[2022-10-19T11:36:27+08:00][sql] SELECT * FROM `banner` [ RunTime:0.000275s ]
[2022-10-19T11:36:27+08:00][sql] SHOW FULL COLUMNS FROM `information` [ RunTime:0.001022s ]
[2022-10-19T11:36:27+08:00][sql] SELECT * FROM `information` ORDER BY `time` DESC LIMIT 1 [ RunTime:0.000348s ]
[2022-10-19T11:36:27+08:00][sql] SELECT * FROM `information` ORDER BY `time` DESC LIMIT 1,4 [ RunTime:0.000368s ]
[2022-10-19T11:36:27+08:00][sql] SHOW FULL COLUMNS FROM `course` [ RunTime:0.001077s ]
[2022-10-19T11:36:27+08:00][sql] SELECT `id`,`title` FROM `course` ORDER BY `sorting` ASC LIMIT 0,6 [ RunTime:0.000264s ]
[2022-10-19T11:36:27+08:00][sql] SHOW FULL COLUMNS FROM `teacher` [ RunTime:0.000917s ]
[2022-10-19T11:36:27+08:00][sql] SELECT * FROM `teacher` [ RunTime:0.000275s ]
[2022-10-19T11:36:27+08:00][sql] SHOW FULL COLUMNS FROM `address` [ RunTime:0.000932s ]
[2022-10-19T11:36:27+08:00][sql] SELECT * FROM `address` WHERE  `id` = 1 LIMIT 1 [ RunTime:0.000284s ]
[2022-10-19T11:36:27+08:00][sql] SELECT * FROM `address` WHERE  `id` = 2 LIMIT 1 [ RunTime:0.000253s ]
[2022-10-19T11:39:46+08:00][sql] CONNECT:[ UseTime:0.000568s ] mysql:host=localhost;port=3316;dbname=coffee;charset=utf8
[2022-10-19T11:39:46+08:00][sql] SHOW FULL COLUMNS FROM `banner` [ RunTime:0.001217s ]
[2022-10-19T11:39:46+08:00][sql] SELECT * FROM `banner` [ RunTime:0.000355s ]
[2022-10-19T11:39:46+08:00][sql] SHOW FULL COLUMNS FROM `information` [ RunTime:0.000952s ]
[2022-10-19T11:39:46+08:00][sql] SELECT * FROM `information` ORDER BY `time` DESC LIMIT 1 [ RunTime:0.000350s ]
[2022-10-19T11:39:46+08:00][sql] SELECT * FROM `information` ORDER BY `time` DESC LIMIT 1,4 [ RunTime:0.000300s ]
[2022-10-19T11:39:46+08:00][sql] SHOW FULL COLUMNS FROM `course` [ RunTime:0.001045s ]
[2022-10-19T11:39:46+08:00][sql] SELECT `id`,`title` FROM `course` ORDER BY `sorting` ASC LIMIT 0,6 [ RunTime:0.000272s ]
[2022-10-19T11:39:46+08:00][sql] SHOW FULL COLUMNS FROM `teacher` [ RunTime:0.000937s ]
[2022-10-19T11:39:46+08:00][sql] SELECT * FROM `teacher` [ RunTime:0.000272s ]
[2022-10-19T11:39:46+08:00][sql] SHOW FULL COLUMNS FROM `address` [ RunTime:0.001140s ]
[2022-10-19T11:39:46+08:00][sql] SELECT * FROM `address` WHERE  `id` = 1 LIMIT 1 [ RunTime:0.000258s ]
[2022-10-19T11:39:46+08:00][sql] SELECT * FROM `address` WHERE  `id` = 2 LIMIT 1 [ RunTime:0.000234s ]
[2022-10-19T12:40:04+08:00][sql] CONNECT:[ UseTime:0.000396s ] mysql:host=localhost;port=3316;dbname=coffee;charset=utf8
[2022-10-19T12:40:04+08:00][sql] SHOW FULL COLUMNS FROM `banner` [ RunTime:0.001285s ]
[2022-10-19T12:40:04+08:00][sql] SELECT * FROM `banner` [ RunTime:0.000214s ]
[2022-10-19T12:40:04+08:00][sql] SHOW FULL COLUMNS FROM `information` [ RunTime:0.001063s ]
[2022-10-19T12:40:04+08:00][sql] SELECT * FROM `information` ORDER BY `time` DESC LIMIT 1 [ RunTime:0.000330s ]
[2022-10-19T12:40:04+08:00][sql] SELECT * FROM `information` ORDER BY `time` DESC LIMIT 1,4 [ RunTime:0.000374s ]
[2022-10-19T12:40:04+08:00][sql] SHOW FULL COLUMNS FROM `course` [ RunTime:0.001053s ]
[2022-10-19T12:40:04+08:00][sql] SELECT `id`,`title` FROM `course` ORDER BY `sorting` ASC LIMIT 0,6 [ RunTime:0.000255s ]
[2022-10-19T12:40:04+08:00][sql] SHOW FULL COLUMNS FROM `teacher` [ RunTime:0.000936s ]
[2022-10-19T12:40:04+08:00][sql] SELECT * FROM `teacher` [ RunTime:0.000271s ]
[2022-10-19T12:40:04+08:00][sql] SHOW FULL COLUMNS FROM `address` [ RunTime:0.000947s ]
[2022-10-19T12:40:04+08:00][sql] SELECT * FROM `address` WHERE  `id` = 1 LIMIT 1 [ RunTime:0.000275s ]
[2022-10-19T12:40:04+08:00][sql] SELECT * FROM `address` WHERE  `id` = 2 LIMIT 1 [ RunTime:0.000246s ]
[2022-10-19T12:52:11+08:00][sql] CONNECT:[ UseTime:0.000412s ] mysql:host=localhost;port=3316;dbname=coffee;charset=utf8
[2022-10-19T12:52:11+08:00][sql] SHOW FULL COLUMNS FROM `banner` [ RunTime:0.001375s ]
[2022-10-19T12:52:11+08:00][sql] SELECT * FROM `banner` [ RunTime:0.000329s ]
[2022-10-19T12:52:11+08:00][sql] SHOW FULL COLUMNS FROM `information` [ RunTime:0.000984s ]
[2022-10-19T12:52:11+08:00][sql] SELECT * FROM `information` ORDER BY `time` DESC LIMIT 1 [ RunTime:0.000325s ]
[2022-10-19T12:52:11+08:00][sql] SELECT * FROM `information` ORDER BY `time` DESC LIMIT 1,4 [ RunTime:0.000378s ]
[2022-10-19T12:52:11+08:00][sql] SHOW FULL COLUMNS FROM `course` [ RunTime:0.001084s ]
[2022-10-19T12:52:11+08:00][sql] SELECT `id`,`title` FROM `course` ORDER BY `sorting` ASC LIMIT 0,6 [ RunTime:0.000253s ]
[2022-10-19T12:52:11+08:00][sql] SHOW FULL COLUMNS FROM `teacher` [ RunTime:0.000917s ]
[2022-10-19T12:52:11+08:00][sql] SELECT * FROM `teacher` [ RunTime:0.000273s ]
[2022-10-19T12:52:11+08:00][sql] SHOW FULL COLUMNS FROM `address` [ RunTime:0.000974s ]
[2022-10-19T12:52:11+08:00][sql] SELECT * FROM `address` WHERE  `id` = 1 LIMIT 1 [ RunTime:0.000283s ]
[2022-10-19T12:52:11+08:00][sql] SELECT * FROM `address` WHERE  `id` = 2 LIMIT 1 [ RunTime:0.000238s ]
[2022-10-19T13:11:07+08:00][sql] CONNECT:[ UseTime:0.000365s ] mysql:host=localhost;port=3316;dbname=coffee;charset=utf8
[2022-10-19T13:11:07+08:00][sql] SHOW FULL COLUMNS FROM `banner` [ RunTime:0.001225s ]
[2022-10-19T13:11:07+08:00][sql] SELECT * FROM `banner` [ RunTime:0.000270s ]
[2022-10-19T13:11:07+08:00][sql] SHOW FULL COLUMNS FROM `information` [ RunTime:0.000957s ]
[2022-10-19T13:11:07+08:00][sql] SELECT * FROM `information` ORDER BY `time` DESC LIMIT 1 [ RunTime:0.000301s ]
[2022-10-19T13:11:07+08:00][sql] SELECT * FROM `information` ORDER BY `time` DESC LIMIT 1,4 [ RunTime:0.000331s ]
[2022-10-19T13:11:07+08:00][sql] SHOW FULL COLUMNS FROM `course` [ RunTime:0.001098s ]
[2022-10-19T13:11:07+08:00][sql] SELECT `id`,`title` FROM `course` ORDER BY `sorting` ASC LIMIT 0,6 [ RunTime:0.000245s ]
[2022-10-19T13:11:07+08:00][sql] SHOW FULL COLUMNS FROM `teacher` [ RunTime:0.000875s ]
[2022-10-19T13:11:07+08:00][sql] SELECT * FROM `teacher` [ RunTime:0.000238s ]
[2022-10-19T13:11:07+08:00][sql] SHOW FULL COLUMNS FROM `address` [ RunTime:0.000879s ]
[2022-10-19T13:11:07+08:00][sql] SELECT * FROM `address` WHERE  `id` = 1 LIMIT 1 [ RunTime:0.000275s ]
[2022-10-19T13:11:07+08:00][sql] SELECT * FROM `address` WHERE  `id` = 2 LIMIT 1 [ RunTime:0.000206s ]
[2022-10-19T14:19:08+08:00][sql] CONNECT:[ UseTime:0.000494s ] mysql:host=localhost;port=3316;dbname=coffee;charset=utf8
[2022-10-19T14:19:08+08:00][sql] SHOW FULL COLUMNS FROM `banner` [ RunTime:0.001227s ]
[2022-10-19T14:19:08+08:00][sql] SELECT * FROM `banner` [ RunTime:0.000281s ]
[2022-10-19T14:19:08+08:00][sql] SHOW FULL COLUMNS FROM `information` [ RunTime:0.001018s ]
[2022-10-19T14:19:08+08:00][sql] SELECT * FROM `information` ORDER BY `time` DESC LIMIT 1 [ RunTime:0.000338s ]
[2022-10-19T14:19:08+08:00][sql] SELECT * FROM `information` ORDER BY `time` DESC LIMIT 1,4 [ RunTime:0.000302s ]
[2022-10-19T14:19:08+08:00][sql] SHOW FULL COLUMNS FROM `course` [ RunTime:0.001034s ]
[2022-10-19T14:19:08+08:00][sql] SELECT `id`,`title` FROM `course` ORDER BY `sorting` ASC LIMIT 0,6 [ RunTime:0.000240s ]
[2022-10-19T14:19:08+08:00][sql] SHOW FULL COLUMNS FROM `teacher` [ RunTime:0.000878s ]
[2022-10-19T14:19:08+08:00][sql] SELECT * FROM `teacher` [ RunTime:0.000223s ]
[2022-10-19T14:19:08+08:00][sql] SHOW FULL COLUMNS FROM `address` [ RunTime:0.000856s ]
[2022-10-19T14:19:08+08:00][sql] SELECT * FROM `address` WHERE  `id` = 1 LIMIT 1 [ RunTime:0.000235s ]
[2022-10-19T14:19:08+08:00][sql] SELECT * FROM `address` WHERE  `id` = 2 LIMIT 1 [ RunTime:0.000201s ]
[2022-10-19T14:20:21+08:00][sql] CONNECT:[ UseTime:0.000387s ] mysql:host=localhost;port=3316;dbname=coffee;charset=utf8
[2022-10-19T14:20:21+08:00][sql] SHOW FULL COLUMNS FROM `banner` [ RunTime:0.001189s ]
[2022-10-19T14:20:21+08:00][sql] SELECT * FROM `banner` [ RunTime:0.000237s ]
[2022-10-19T14:20:21+08:00][sql] SHOW FULL COLUMNS FROM `information` [ RunTime:0.001033s ]
[2022-10-19T14:20:21+08:00][sql] SELECT * FROM `information` ORDER BY `time` DESC LIMIT 1 [ RunTime:0.000327s ]
[2022-10-19T14:20:21+08:00][sql] SELECT * FROM `information` ORDER BY `time` DESC LIMIT 1,4 [ RunTime:0.000392s ]
[2022-10-19T14:20:21+08:00][sql] SHOW FULL COLUMNS FROM `course` [ RunTime:0.001068s ]
[2022-10-19T14:20:21+08:00][sql] SELECT `id`,`title` FROM `course` ORDER BY `sorting` ASC LIMIT 0,6 [ RunTime:0.000271s ]
[2022-10-19T14:20:21+08:00][sql] SHOW FULL COLUMNS FROM `teacher` [ RunTime:0.000972s ]
[2022-10-19T14:20:21+08:00][sql] SELECT * FROM `teacher` [ RunTime:0.000278s ]
[2022-10-19T14:20:21+08:00][sql] SHOW FULL COLUMNS FROM `address` [ RunTime:0.001019s ]
[2022-10-19T14:20:21+08:00][sql] SELECT * FROM `address` WHERE  `id` = 1 LIMIT 1 [ RunTime:0.000280s ]
[2022-10-19T14:20:21+08:00][sql] SELECT * FROM `address` WHERE  `id` = 2 LIMIT 1 [ RunTime:0.000243s ]
[2022-10-19T14:26:19+08:00][sql] CONNECT:[ UseTime:0.000408s ] mysql:host=localhost;port=3316;dbname=coffee;charset=utf8
[2022-10-19T14:26:19+08:00][sql] SHOW FULL COLUMNS FROM `banner` [ RunTime:0.001201s ]
[2022-10-19T14:26:19+08:00][sql] SELECT * FROM `banner` [ RunTime:0.000221s ]
[2022-10-19T14:26:19+08:00][sql] SHOW FULL COLUMNS FROM `information` [ RunTime:0.000967s ]
[2022-10-19T14:26:19+08:00][sql] SELECT * FROM `information` ORDER BY `time` DESC LIMIT 1 [ RunTime:0.000350s ]
[2022-10-19T14:26:19+08:00][sql] SELECT * FROM `information` ORDER BY `time` DESC LIMIT 1,4 [ RunTime:0.000351s ]
[2022-10-19T14:26:19+08:00][sql] SHOW FULL COLUMNS FROM `course` [ RunTime:0.001017s ]
[2022-10-19T14:26:19+08:00][sql] SELECT `id`,`title` FROM `course` ORDER BY `sorting` ASC LIMIT 0,6 [ RunTime:0.000274s ]
[2022-10-19T14:26:19+08:00][sql] SHOW FULL COLUMNS FROM `teacher` [ RunTime:0.000834s ]
[2022-10-19T14:26:19+08:00][sql] SELECT * FROM `teacher` [ RunTime:0.000240s ]
[2022-10-19T14:26:19+08:00][sql] SHOW FULL COLUMNS FROM `address` [ RunTime:0.000863s ]
[2022-10-19T14:26:19+08:00][sql] SELECT * FROM `address` WHERE  `id` = 1 LIMIT 1 [ RunTime:0.000248s ]
[2022-10-19T14:26:19+08:00][sql] SELECT * FROM `address` WHERE  `id` = 2 LIMIT 1 [ RunTime:0.000194s ]
[2022-10-19T14:52:01+08:00][sql] CONNECT:[ UseTime:0.000387s ] mysql:host=localhost;port=3316;dbname=coffee;charset=utf8
[2022-10-19T14:52:01+08:00][sql] SHOW FULL COLUMNS FROM `banner` [ RunTime:0.001226s ]
[2022-10-19T14:52:01+08:00][sql] SELECT * FROM `banner` [ RunTime:0.000260s ]
[2022-10-19T14:52:01+08:00][sql] SHOW FULL COLUMNS FROM `information` [ RunTime:0.000959s ]
[2022-10-19T14:52:01+08:00][sql] SELECT * FROM `information` ORDER BY `time` DESC LIMIT 1 [ RunTime:0.000344s ]
[2022-10-19T14:52:01+08:00][sql] SELECT * FROM `information` ORDER BY `time` DESC LIMIT 1,4 [ RunTime:0.000382s ]
[2022-10-19T14:52:01+08:00][sql] SHOW FULL COLUMNS FROM `course` [ RunTime:0.001326s ]
[2022-10-19T14:52:01+08:00][sql] SELECT `id`,`title` FROM `course` ORDER BY `sorting` ASC LIMIT 0,6 [ RunTime:0.000262s ]
[2022-10-19T14:52:01+08:00][sql] SHOW FULL COLUMNS FROM `teacher` [ RunTime:0.000904s ]
[2022-10-19T14:52:01+08:00][sql] SELECT * FROM `teacher` [ RunTime:0.000279s ]
[2022-10-19T14:52:01+08:00][sql] SHOW FULL COLUMNS FROM `address` [ RunTime:0.000909s ]
[2022-10-19T14:52:01+08:00][sql] SELECT * FROM `address` WHERE  `id` = 1 LIMIT 1 [ RunTime:0.000302s ]
[2022-10-19T14:52:01+08:00][sql] SELECT * FROM `address` WHERE  `id` = 2 LIMIT 1 [ RunTime:0.000255s ]
[2022-10-19T14:52:37+08:00][sql] CONNECT:[ UseTime:0.000407s ] mysql:host=localhost;port=3316;dbname=coffee;charset=utf8
[2022-10-19T14:52:37+08:00][sql] SHOW FULL COLUMNS FROM `banner` [ RunTime:0.001383s ]
[2022-10-19T14:52:37+08:00][sql] SELECT * FROM `banner` [ RunTime:0.000284s ]
[2022-10-19T14:52:37+08:00][sql] SHOW FULL COLUMNS FROM `information` [ RunTime:0.000994s ]
[2022-10-19T14:52:37+08:00][sql] SELECT * FROM `information` ORDER BY `time` DESC LIMIT 1 [ RunTime:0.000321s ]
[2022-10-19T14:52:37+08:00][sql] SELECT * FROM `information` ORDER BY `time` DESC LIMIT 1,4 [ RunTime:0.000419s ]
[2022-10-19T14:52:37+08:00][sql] SHOW FULL COLUMNS FROM `course` [ RunTime:0.001165s ]
[2022-10-19T14:52:37+08:00][sql] SELECT `id`,`title` FROM `course` ORDER BY `sorting` ASC LIMIT 0,6 [ RunTime:0.000269s ]
[2022-10-19T14:52:37+08:00][sql] SHOW FULL COLUMNS FROM `teacher` [ RunTime:0.000914s ]
[2022-10-19T14:52:37+08:00][sql] SELECT * FROM `teacher` [ RunTime:0.000309s ]
[2022-10-19T14:52:37+08:00][sql] SHOW FULL COLUMNS FROM `address` [ RunTime:0.000940s ]
[2022-10-19T14:52:37+08:00][sql] SELECT * FROM `address` WHERE  `id` = 1 LIMIT 1 [ RunTime:0.000310s ]
[2022-10-19T14:52:37+08:00][sql] SELECT * FROM `address` WHERE  `id` = 2 LIMIT 1 [ RunTime:0.000244s ]
[2022-10-19T15:13:30+08:00][sql] CONNECT:[ UseTime:0.000372s ] mysql:host=localhost;port=3316;dbname=coffee;charset=utf8
[2022-10-19T15:13:30+08:00][sql] SHOW FULL COLUMNS FROM `banner` [ RunTime:0.001469s ]
[2022-10-19T15:13:30+08:00][sql] SELECT * FROM `banner` [ RunTime:0.000241s ]
[2022-10-19T15:13:30+08:00][sql] SHOW FULL COLUMNS FROM `information` [ RunTime:0.001005s ]
[2022-10-19T15:13:30+08:00][sql] SELECT * FROM `information` ORDER BY `time` DESC LIMIT 1 [ RunTime:0.000298s ]
[2022-10-19T15:13:30+08:00][sql] SELECT * FROM `information` ORDER BY `time` DESC LIMIT 1,4 [ RunTime:0.000335s ]
[2022-10-19T15:13:30+08:00][sql] SHOW FULL COLUMNS FROM `course` [ RunTime:0.001089s ]
[2022-10-19T15:13:30+08:00][sql] SELECT `id`,`title` FROM `course` ORDER BY `sorting` ASC LIMIT 0,6 [ RunTime:0.000240s ]
[2022-10-19T15:13:30+08:00][sql] SHOW FULL COLUMNS FROM `teacher` [ RunTime:0.000903s ]
[2022-10-19T15:13:30+08:00][sql] SELECT * FROM `teacher` [ RunTime:0.000220s ]
[2022-10-19T15:13:30+08:00][sql] SHOW FULL COLUMNS FROM `address` [ RunTime:0.000886s ]
[2022-10-19T15:13:30+08:00][sql] SELECT * FROM `address` WHERE  `id` = 1 LIMIT 1 [ RunTime:0.000247s ]
[2022-10-19T15:13:30+08:00][sql] SELECT * FROM `address` WHERE  `id` = 2 LIMIT 1 [ RunTime:0.000242s ]
[2022-10-19T15:32:16+08:00][sql] CONNECT:[ UseTime:0.000409s ] mysql:host=localhost;port=3316;dbname=coffee;charset=utf8
[2022-10-19T15:32:16+08:00][sql] SHOW FULL COLUMNS FROM `banner` [ RunTime:0.001221s ]
[2022-10-19T15:32:16+08:00][sql] SELECT * FROM `banner` [ RunTime:0.001120s ]
[2022-10-19T15:32:16+08:00][sql] SHOW FULL COLUMNS FROM `information` [ RunTime:0.000959s ]
[2022-10-19T15:32:16+08:00][sql] SELECT * FROM `information` ORDER BY `time` DESC LIMIT 1 [ RunTime:0.000306s ]
[2022-10-19T15:32:16+08:00][sql] SELECT * FROM `information` ORDER BY `time` DESC LIMIT 1,4 [ RunTime:0.000333s ]
[2022-10-19T15:32:16+08:00][sql] SHOW FULL COLUMNS FROM `course` [ RunTime:0.001007s ]
[2022-10-19T15:32:16+08:00][sql] SELECT `id`,`title` FROM `course` ORDER BY `sorting` ASC LIMIT 0,6 [ RunTime:0.000249s ]
[2022-10-19T15:32:16+08:00][sql] SHOW FULL COLUMNS FROM `teacher` [ RunTime:0.000920s ]
[2022-10-19T15:32:16+08:00][sql] SELECT * FROM `teacher` [ RunTime:0.000254s ]
[2022-10-19T15:32:16+08:00][sql] SHOW FULL COLUMNS FROM `address` [ RunTime:0.000888s ]
[2022-10-19T15:32:16+08:00][sql] SELECT * FROM `address` WHERE  `id` = 1 LIMIT 1 [ RunTime:0.000261s ]
[2022-10-19T15:32:16+08:00][sql] SELECT * FROM `address` WHERE  `id` = 2 LIMIT 1 [ RunTime:0.000192s ]
[2022-10-19T15:39:46+08:00][sql] CONNECT:[ UseTime:0.000350s ] mysql:host=localhost;port=3316;dbname=coffee;charset=utf8
[2022-10-19T15:39:46+08:00][sql] SHOW FULL COLUMNS FROM `banner` [ RunTime:0.001256s ]
[2022-10-19T15:39:46+08:00][sql] SELECT * FROM `banner` [ RunTime:0.000228s ]
[2022-10-19T15:39:46+08:00][sql] SHOW FULL COLUMNS FROM `information` [ RunTime:0.000989s ]
[2022-10-19T15:39:46+08:00][sql] SELECT * FROM `information` ORDER BY `time` DESC LIMIT 1 [ RunTime:0.000302s ]
[2022-10-19T15:39:46+08:00][sql] SELECT * FROM `information` ORDER BY `time` DESC LIMIT 1,4 [ RunTime:0.000315s ]
[2022-10-19T15:39:46+08:00][sql] SHOW FULL COLUMNS FROM `course` [ RunTime:0.001147s ]
[2022-10-19T15:39:46+08:00][sql] SELECT `id`,`title` FROM `course` ORDER BY `sorting` ASC LIMIT 0,6 [ RunTime:0.000242s ]
[2022-10-19T15:39:46+08:00][sql] SHOW FULL COLUMNS FROM `teacher` [ RunTime:0.000898s ]
[2022-10-19T15:39:46+08:00][sql] SELECT * FROM `teacher` [ RunTime:0.000243s ]
[2022-10-19T15:39:46+08:00][sql] SHOW FULL COLUMNS FROM `address` [ RunTime:0.000901s ]
[2022-10-19T15:39:46+08:00][sql] SELECT * FROM `address` WHERE  `id` = 1 LIMIT 1 [ RunTime:0.000270s ]
[2022-10-19T15:39:46+08:00][sql] SELECT * FROM `address` WHERE  `id` = 2 LIMIT 1 [ RunTime:0.000216s ]
[2022-10-19T15:55:15+08:00][sql] CONNECT:[ UseTime:0.000446s ] mysql:host=localhost;port=3316;dbname=coffee;charset=utf8
[2022-10-19T15:55:15+08:00][sql] SHOW FULL COLUMNS FROM `banner` [ RunTime:0.001268s ]
[2022-10-19T15:55:15+08:00][sql] SELECT * FROM `banner` [ RunTime:0.000252s ]
[2022-10-19T15:55:15+08:00][sql] SHOW FULL COLUMNS FROM `information` [ RunTime:0.000987s ]
[2022-10-19T15:55:15+08:00][sql] SELECT * FROM `information` ORDER BY `time` DESC LIMIT 1 [ RunTime:0.000319s ]
[2022-10-19T15:55:15+08:00][sql] SELECT * FROM `information` ORDER BY `time` DESC LIMIT 1,4 [ RunTime:0.000354s ]
[2022-10-19T15:55:15+08:00][sql] SHOW FULL COLUMNS FROM `course` [ RunTime:0.001117s ]
[2022-10-19T15:55:15+08:00][sql] SELECT `id`,`title` FROM `course` ORDER BY `sorting` ASC LIMIT 0,6 [ RunTime:0.000256s ]
[2022-10-19T15:55:15+08:00][sql] SHOW FULL COLUMNS FROM `teacher` [ RunTime:0.000948s ]
[2022-10-19T15:55:15+08:00][sql] SELECT * FROM `teacher` [ RunTime:0.000395s ]
[2022-10-19T15:55:15+08:00][sql] SHOW FULL COLUMNS FROM `address` [ RunTime:0.000996s ]
[2022-10-19T15:55:15+08:00][sql] SELECT * FROM `address` WHERE  `id` = 1 LIMIT 1 [ RunTime:0.000290s ]
[2022-10-19T15:55:15+08:00][sql] SELECT * FROM `address` WHERE  `id` = 2 LIMIT 1 [ RunTime:0.000237s ]
[2022-10-19T16:06:21+08:00][sql] CONNECT:[ UseTime:0.000473s ] mysql:host=localhost;port=3316;dbname=coffee;charset=utf8
[2022-10-19T16:06:21+08:00][sql] SHOW FULL COLUMNS FROM `banner` [ RunTime:0.001207s ]
[2022-10-19T16:06:21+08:00][sql] SELECT * FROM `banner` [ RunTime:0.000410s ]
[2022-10-19T16:06:21+08:00][sql] SHOW FULL COLUMNS FROM `information` [ RunTime:0.001090s ]
[2022-10-19T16:06:21+08:00][sql] SELECT * FROM `information` ORDER BY `time` DESC LIMIT 1 [ RunTime:0.000351s ]
[2022-10-19T16:06:21+08:00][sql] SELECT * FROM `information` ORDER BY `time` DESC LIMIT 1,4 [ RunTime:0.000382s ]
[2022-10-19T16:06:21+08:00][sql] SHOW FULL COLUMNS FROM `course` [ RunTime:0.001225s ]
[2022-10-19T16:06:21+08:00][sql] SELECT `id`,`title` FROM `course` ORDER BY `sorting` ASC LIMIT 0,6 [ RunTime:0.000254s ]
[2022-10-19T16:06:21+08:00][sql] SHOW FULL COLUMNS FROM `teacher` [ RunTime:0.000945s ]
[2022-10-19T16:06:21+08:00][sql] SELECT * FROM `teacher` [ RunTime:0.000253s ]
[2022-10-19T16:06:21+08:00][sql] SHOW FULL COLUMNS FROM `address` [ RunTime:0.000925s ]
[2022-10-19T16:06:21+08:00][sql] SELECT * FROM `address` WHERE  `id` = 1 LIMIT 1 [ RunTime:0.000375s ]
[2022-10-19T16:06:21+08:00][sql] SELECT * FROM `address` WHERE  `id` = 2 LIMIT 1 [ RunTime:0.000237s ]
[2022-10-19T16:07:42+08:00][sql] CONNECT:[ UseTime:0.000534s ] mysql:host=localhost;port=3316;dbname=coffee;charset=utf8
[2022-10-19T16:07:42+08:00][sql] SHOW FULL COLUMNS FROM `banner` [ RunTime:0.001269s ]
[2022-10-19T16:07:42+08:00][sql] SELECT * FROM `banner` [ RunTime:0.000298s ]
[2022-10-19T16:07:42+08:00][sql] SHOW FULL COLUMNS FROM `information` [ RunTime:0.001027s ]
[2022-10-19T16:07:42+08:00][sql] SELECT * FROM `information` ORDER BY `time` DESC LIMIT 1 [ RunTime:0.000327s ]
[2022-10-19T16:07:42+08:00][sql] SELECT * FROM `information` ORDER BY `time` DESC LIMIT 1,4 [ RunTime:0.000384s ]
[2022-10-19T16:07:42+08:00][sql] SHOW FULL COLUMNS FROM `course` [ RunTime:0.001091s ]
[2022-10-19T16:07:42+08:00][sql] SELECT `id`,`title` FROM `course` ORDER BY `sorting` ASC LIMIT 0,6 [ RunTime:0.000262s ]
[2022-10-19T16:07:42+08:00][sql] SHOW FULL COLUMNS FROM `teacher` [ RunTime:0.000898s ]
[2022-10-19T16:07:42+08:00][sql] SELECT * FROM `teacher` [ RunTime:0.000328s ]
[2022-10-19T16:07:42+08:00][sql] SHOW FULL COLUMNS FROM `address` [ RunTime:0.000904s ]
[2022-10-19T16:07:42+08:00][sql] SELECT * FROM `address` WHERE  `id` = 1 LIMIT 1 [ RunTime:0.000262s ]
[2022-10-19T16:07:42+08:00][sql] SELECT * FROM `address` WHERE  `id` = 2 LIMIT 1 [ RunTime:0.000307s ]
[2022-10-19T16:09:40+08:00][sql] CONNECT:[ UseTime:0.000349s ] mysql:host=localhost;port=3316;dbname=coffee;charset=utf8
[2022-10-19T16:09:40+08:00][sql] SHOW FULL COLUMNS FROM `banner` [ RunTime:0.001249s ]
[2022-10-19T16:09:40+08:00][sql] SELECT * FROM `banner` [ RunTime:0.000211s ]
[2022-10-19T16:09:40+08:00][sql] SHOW FULL COLUMNS FROM `information` [ RunTime:0.000996s ]
[2022-10-19T16:09:40+08:00][sql] SELECT * FROM `information` ORDER BY `time` DESC LIMIT 1 [ RunTime:0.000294s ]
[2022-10-19T16:09:40+08:00][sql] SELECT * FROM `information` ORDER BY `time` DESC LIMIT 1,4 [ RunTime:0.000320s ]
[2022-10-19T16:09:40+08:00][sql] SHOW FULL COLUMNS FROM `course` [ RunTime:0.001066s ]
[2022-10-19T16:09:40+08:00][sql] SELECT `id`,`title` FROM `course` ORDER BY `sorting` ASC LIMIT 0,6 [ RunTime:0.000222s ]
[2022-10-19T16:09:40+08:00][sql] SHOW FULL COLUMNS FROM `teacher` [ RunTime:0.000906s ]
[2022-10-19T16:09:40+08:00][sql] SELECT * FROM `teacher` [ RunTime:0.000231s ]
[2022-10-19T16:09:40+08:00][sql] SHOW FULL COLUMNS FROM `address` [ RunTime:0.000834s ]
[2022-10-19T16:09:40+08:00][sql] SELECT * FROM `address` WHERE  `id` = 1 LIMIT 1 [ RunTime:0.000245s ]
[2022-10-19T16:09:40+08:00][sql] SELECT * FROM `address` WHERE  `id` = 2 LIMIT 1 [ RunTime:0.000212s ]
[2022-10-19T16:19:55+08:00][sql] CONNECT:[ UseTime:0.000370s ] mysql:host=localhost;port=3316;dbname=coffee;charset=utf8
[2022-10-19T16:19:55+08:00][sql] SHOW FULL COLUMNS FROM `banner` [ RunTime:0.001237s ]
[2022-10-19T16:19:55+08:00][sql] SELECT * FROM `banner` [ RunTime:0.000222s ]
[2022-10-19T16:19:55+08:00][sql] SHOW FULL COLUMNS FROM `information` [ RunTime:0.001057s ]
[2022-10-19T16:19:55+08:00][sql] SELECT * FROM `information` ORDER BY `time` DESC LIMIT 1 [ RunTime:0.000294s ]
[2022-10-19T16:19:55+08:00][sql] SELECT * FROM `information` ORDER BY `time` DESC LIMIT 1,4 [ RunTime:0.000339s ]
[2022-10-19T16:19:55+08:00][sql] SHOW FULL COLUMNS FROM `course` [ RunTime:0.001137s ]
[2022-10-19T16:19:55+08:00][sql] SELECT `id`,`title` FROM `course` ORDER BY `sorting` ASC LIMIT 0,6 [ RunTime:0.000229s ]
[2022-10-19T16:19:55+08:00][sql] SHOW FULL COLUMNS FROM `teacher` [ RunTime:0.000902s ]
[2022-10-19T16:19:55+08:00][sql] SELECT * FROM `teacher` [ RunTime:0.000238s ]
[2022-10-19T16:19:55+08:00][sql] SHOW FULL COLUMNS FROM `address` [ RunTime:0.000989s ]
[2022-10-19T16:19:55+08:00][sql] SELECT * FROM `address` WHERE  `id` = 1 LIMIT 1 [ RunTime:0.000281s ]
[2022-10-19T16:19:55+08:00][sql] SELECT * FROM `address` WHERE  `id` = 2 LIMIT 1 [ RunTime:0.000227s ]
[2022-10-19T16:19:55+08:00][sql] CONNECT:[ UseTime:0.000426s ] mysql:host=localhost;port=3316;dbname=coffee;charset=utf8
[2022-10-19T16:19:55+08:00][sql] SHOW FULL COLUMNS FROM `banner` [ RunTime:0.001234s ]
[2022-10-19T16:19:55+08:00][sql] SELECT * FROM `banner` [ RunTime:0.000286s ]
[2022-10-19T16:19:55+08:00][sql] SHOW FULL COLUMNS FROM `information` [ RunTime:0.000994s ]
[2022-10-19T16:19:55+08:00][sql] SELECT * FROM `information` ORDER BY `time` DESC LIMIT 1 [ RunTime:0.000342s ]
[2022-10-19T16:19:55+08:00][sql] SELECT * FROM `information` ORDER BY `time` DESC LIMIT 1,4 [ RunTime:0.000382s ]
[2022-10-19T16:19:55+08:00][sql] SHOW FULL COLUMNS FROM `course` [ RunTime:0.001075s ]
[2022-10-19T16:19:55+08:00][sql] SELECT `id`,`title` FROM `course` ORDER BY `sorting` ASC LIMIT 0,6 [ RunTime:0.000272s ]
[2022-10-19T16:19:55+08:00][sql] SHOW FULL COLUMNS FROM `teacher` [ RunTime:0.000907s ]
[2022-10-19T16:19:55+08:00][sql] SELECT * FROM `teacher` [ RunTime:0.000258s ]
[2022-10-19T16:19:55+08:00][sql] SHOW FULL COLUMNS FROM `address` [ RunTime:0.000895s ]
[2022-10-19T16:19:55+08:00][sql] SELECT * FROM `address` WHERE  `id` = 1 LIMIT 1 [ RunTime:0.000288s ]
[2022-10-19T16:19:55+08:00][sql] SELECT * FROM `address` WHERE  `id` = 2 LIMIT 1 [ RunTime:0.000253s ]
[2022-10-19T17:03:37+08:00][sql] CONNECT:[ UseTime:0.000395s ] mysql:host=localhost;port=3316;dbname=coffee;charset=utf8
[2022-10-19T17:03:37+08:00][sql] SHOW FULL COLUMNS FROM `banner` [ RunTime:0.001282s ]
[2022-10-19T17:03:37+08:00][sql] SELECT * FROM `banner` [ RunTime:0.000255s ]
[2022-10-19T17:03:37+08:00][sql] SHOW FULL COLUMNS FROM `information` [ RunTime:0.000984s ]
[2022-10-19T17:03:37+08:00][sql] SELECT * FROM `information` ORDER BY `time` DESC LIMIT 1 [ RunTime:0.000330s ]
[2022-10-19T17:03:37+08:00][sql] SELECT * FROM `information` ORDER BY `time` DESC LIMIT 1,4 [ RunTime:0.000704s ]
[2022-10-19T17:03:37+08:00][sql] SHOW FULL COLUMNS FROM `course` [ RunTime:0.001094s ]
[2022-10-19T17:03:37+08:00][sql] SELECT `id`,`title` FROM `course` ORDER BY `sorting` ASC LIMIT 0,6 [ RunTime:0.000263s ]
[2022-10-19T17:03:37+08:00][sql] SHOW FULL COLUMNS FROM `teacher` [ RunTime:0.000965s ]
[2022-10-19T17:03:37+08:00][sql] SELECT * FROM `teacher` [ RunTime:0.000276s ]
[2022-10-19T17:03:37+08:00][sql] SHOW FULL COLUMNS FROM `address` [ RunTime:0.001021s ]
[2022-10-19T17:03:37+08:00][sql] SELECT * FROM `address` WHERE  `id` = 1 LIMIT 1 [ RunTime:0.000288s ]
[2022-10-19T17:03:37+08:00][sql] SELECT * FROM `address` WHERE  `id` = 2 LIMIT 1 [ RunTime:0.000267s ]
[2022-10-19T17:07:24+08:00][sql] CONNECT:[ UseTime:0.000432s ] mysql:host=localhost;port=3316;dbname=coffee;charset=utf8
[2022-10-19T17:07:24+08:00][sql] SHOW FULL COLUMNS FROM `banner` [ RunTime:0.001254s ]
[2022-10-19T17:07:24+08:00][sql] SELECT * FROM `banner` [ RunTime:0.000264s ]
[2022-10-19T17:07:24+08:00][sql] SHOW FULL COLUMNS FROM `information` [ RunTime:0.001059s ]
[2022-10-19T17:07:24+08:00][sql] SELECT * FROM `information` ORDER BY `time` DESC LIMIT 1 [ RunTime:0.000351s ]
[2022-10-19T17:07:24+08:00][sql] SELECT * FROM `information` ORDER BY `time` DESC LIMIT 1,4 [ RunTime:0.000559s ]
[2022-10-19T17:07:24+08:00][sql] SHOW FULL COLUMNS FROM `course` [ RunTime:0.001185s ]
[2022-10-19T17:07:24+08:00][sql] SELECT `id`,`title` FROM `course` ORDER BY `sorting` ASC LIMIT 0,6 [ RunTime:0.000267s ]
[2022-10-19T17:07:24+08:00][sql] SHOW FULL COLUMNS FROM `teacher` [ RunTime:0.000931s ]
[2022-10-19T17:07:24+08:00][sql] SELECT * FROM `teacher` [ RunTime:0.000328s ]
[2022-10-19T17:07:24+08:00][sql] SHOW FULL COLUMNS FROM `address` [ RunTime:0.001007s ]
[2022-10-19T17:07:24+08:00][sql] SELECT * FROM `address` WHERE  `id` = 1 LIMIT 1 [ RunTime:0.000283s ]
[2022-10-19T17:07:24+08:00][sql] SELECT * FROM `address` WHERE  `id` = 2 LIMIT 1 [ RunTime:0.000284s ]
[2022-10-19T18:15:37+08:00][sql] CONNECT:[ UseTime:0.000420s ] mysql:host=localhost;port=3316;dbname=coffee;charset=utf8
[2022-10-19T18:15:37+08:00][sql] SHOW FULL COLUMNS FROM `banner` [ RunTime:0.001362s ]
[2022-10-19T18:15:37+08:00][sql] SELECT * FROM `banner` [ RunTime:0.000276s ]
[2022-10-19T18:15:37+08:00][sql] SHOW FULL COLUMNS FROM `information` [ RunTime:0.001037s ]
[2022-10-19T18:15:37+08:00][sql] SELECT * FROM `information` ORDER BY `time` DESC LIMIT 1 [ RunTime:0.000343s ]
[2022-10-19T18:15:37+08:00][sql] SELECT * FROM `information` ORDER BY `time` DESC LIMIT 1,4 [ RunTime:0.000424s ]
[2022-10-19T18:15:37+08:00][sql] SHOW FULL COLUMNS FROM `course` [ RunTime:0.001128s ]
[2022-10-19T18:15:37+08:00][sql] SELECT `id`,`title` FROM `course` ORDER BY `sorting` ASC LIMIT 0,6 [ RunTime:0.000289s ]
[2022-10-19T18:15:37+08:00][sql] SHOW FULL COLUMNS FROM `teacher` [ RunTime:0.000941s ]
[2022-10-19T18:15:37+08:00][sql] SELECT * FROM `teacher` [ RunTime:0.000271s ]
[2022-10-19T18:15:37+08:00][sql] SHOW FULL COLUMNS FROM `address` [ RunTime:0.000946s ]
[2022-10-19T18:15:37+08:00][sql] SELECT * FROM `address` WHERE  `id` = 1 LIMIT 1 [ RunTime:0.000304s ]
[2022-10-19T18:15:37+08:00][sql] SELECT * FROM `address` WHERE  `id` = 2 LIMIT 1 [ RunTime:0.000244s ]
[2022-10-19T19:05:08+08:00][sql] CONNECT:[ UseTime:0.000400s ] mysql:host=localhost;port=3316;dbname=coffee;charset=utf8
[2022-10-19T19:05:08+08:00][sql] SHOW FULL COLUMNS FROM `banner` [ RunTime:0.001196s ]
[2022-10-19T19:05:08+08:00][sql] SELECT * FROM `banner` [ RunTime:0.000257s ]
[2022-10-19T19:05:08+08:00][sql] SHOW FULL COLUMNS FROM `information` [ RunTime:0.001094s ]
[2022-10-19T19:05:08+08:00][sql] SELECT * FROM `information` ORDER BY `time` DESC LIMIT 1 [ RunTime:0.000338s ]
[2022-10-19T19:05:08+08:00][sql] SELECT * FROM `information` ORDER BY `time` DESC LIMIT 1,4 [ RunTime:0.000400s ]
[2022-10-19T19:05:08+08:00][sql] SHOW FULL COLUMNS FROM `course` [ RunTime:0.001123s ]
[2022-10-19T19:05:08+08:00][sql] SELECT `id`,`title` FROM `course` ORDER BY `sorting` ASC LIMIT 0,6 [ RunTime:0.000279s ]
[2022-10-19T19:05:08+08:00][sql] SHOW FULL COLUMNS FROM `teacher` [ RunTime:0.000925s ]
[2022-10-19T19:05:08+08:00][sql] SELECT * FROM `teacher` [ RunTime:0.000295s ]
[2022-10-19T19:05:08+08:00][sql] SHOW FULL COLUMNS FROM `address` [ RunTime:0.001033s ]
[2022-10-19T19:05:08+08:00][sql] SELECT * FROM `address` WHERE  `id` = 1 LIMIT 1 [ RunTime:0.000270s ]
[2022-10-19T19:05:08+08:00][sql] SELECT * FROM `address` WHERE  `id` = 2 LIMIT 1 [ RunTime:0.000244s ]
[2022-10-19T19:44:45+08:00][sql] CONNECT:[ UseTime:0.000467s ] mysql:host=localhost;port=3316;dbname=coffee;charset=utf8
[2022-10-19T19:44:45+08:00][sql] SHOW FULL COLUMNS FROM `banner` [ RunTime:0.001667s ]
[2022-10-19T19:44:45+08:00][sql] SELECT * FROM `banner` [ RunTime:0.000272s ]
[2022-10-19T19:44:45+08:00][sql] SHOW FULL COLUMNS FROM `information` [ RunTime:0.001317s ]
[2022-10-19T19:44:45+08:00][sql] SELECT * FROM `information` ORDER BY `time` DESC LIMIT 1 [ RunTime:0.000403s ]
[2022-10-19T19:44:45+08:00][sql] SELECT * FROM `information` ORDER BY `time` DESC LIMIT 1,4 [ RunTime:0.000461s ]
[2022-10-19T19:44:45+08:00][sql] SHOW FULL COLUMNS FROM `course` [ RunTime:0.001457s ]
[2022-10-19T19:44:45+08:00][sql] SELECT `id`,`title` FROM `course` ORDER BY `sorting` ASC LIMIT 0,6 [ RunTime:0.000288s ]
[2022-10-19T19:44:45+08:00][sql] SHOW FULL COLUMNS FROM `teacher` [ RunTime:0.001202s ]
[2022-10-19T19:44:45+08:00][sql] SELECT * FROM `teacher` [ RunTime:0.000280s ]
[2022-10-19T19:44:45+08:00][sql] SHOW FULL COLUMNS FROM `address` [ RunTime:0.001236s ]
[2022-10-19T19:44:45+08:00][sql] SELECT * FROM `address` WHERE  `id` = 1 LIMIT 1 [ RunTime:0.000326s ]
[2022-10-19T19:44:45+08:00][sql] SELECT * FROM `address` WHERE  `id` = 2 LIMIT 1 [ RunTime:0.000257s ]
[2022-10-19T19:57:41+08:00][sql] CONNECT:[ UseTime:0.000381s ] mysql:host=localhost;port=3316;dbname=coffee;charset=utf8
[2022-10-19T19:57:41+08:00][sql] SHOW FULL COLUMNS FROM `banner` [ RunTime:0.001225s ]
[2022-10-19T19:57:41+08:00][sql] SELECT * FROM `banner` [ RunTime:0.000268s ]
[2022-10-19T19:57:41+08:00][sql] SHOW FULL COLUMNS FROM `information` [ RunTime:0.000900s ]
[2022-10-19T19:57:41+08:00][sql] SELECT * FROM `information` ORDER BY `time` DESC LIMIT 1 [ RunTime:0.000288s ]
[2022-10-19T19:57:41+08:00][sql] SELECT * FROM `information` ORDER BY `time` DESC LIMIT 1,4 [ RunTime:0.000325s ]
[2022-10-19T19:57:41+08:00][sql] SHOW FULL COLUMNS FROM `course` [ RunTime:0.000990s ]
[2022-10-19T19:57:41+08:00][sql] SELECT `id`,`title` FROM `course` ORDER BY `sorting` ASC LIMIT 0,6 [ RunTime:0.000205s ]
[2022-10-19T19:57:41+08:00][sql] SHOW FULL COLUMNS FROM `teacher` [ RunTime:0.000817s ]
[2022-10-19T19:57:41+08:00][sql] SELECT * FROM `teacher` [ RunTime:0.000215s ]
[2022-10-19T19:57:41+08:00][sql] SHOW FULL COLUMNS FROM `address` [ RunTime:0.000843s ]
[2022-10-19T19:57:41+08:00][sql] SELECT * FROM `address` WHERE  `id` = 1 LIMIT 1 [ RunTime:0.000254s ]
[2022-10-19T19:57:41+08:00][sql] SELECT * FROM `address` WHERE  `id` = 2 LIMIT 1 [ RunTime:0.000200s ]
[2022-10-19T20:33:27+08:00][sql] CONNECT:[ UseTime:0.000436s ] mysql:host=localhost;port=3316;dbname=coffee;charset=utf8
[2022-10-19T20:33:27+08:00][sql] SHOW FULL COLUMNS FROM `banner` [ RunTime:0.001242s ]
[2022-10-19T20:33:27+08:00][sql] SELECT * FROM `banner` [ RunTime:0.000274s ]
[2022-10-19T20:33:27+08:00][sql] SHOW FULL COLUMNS FROM `information` [ RunTime:0.000988s ]
[2022-10-19T20:33:27+08:00][sql] SELECT * FROM `information` ORDER BY `time` DESC LIMIT 1 [ RunTime:0.000367s ]
[2022-10-19T20:33:27+08:00][sql] SELECT * FROM `information` ORDER BY `time` DESC LIMIT 1,4 [ RunTime:0.000371s ]
[2022-10-19T20:33:27+08:00][sql] SHOW FULL COLUMNS FROM `course` [ RunTime:0.001077s ]
[2022-10-19T20:33:27+08:00][sql] SELECT `id`,`title` FROM `course` ORDER BY `sorting` ASC LIMIT 0,6 [ RunTime:0.000255s ]
[2022-10-19T20:33:27+08:00][sql] SHOW FULL COLUMNS FROM `teacher` [ RunTime:0.000955s ]
[2022-10-19T20:33:27+08:00][sql] SELECT * FROM `teacher` [ RunTime:0.000265s ]
[2022-10-19T20:33:27+08:00][sql] SHOW FULL COLUMNS FROM `address` [ RunTime:0.000934s ]
[2022-10-19T20:33:27+08:00][sql] SELECT * FROM `address` WHERE  `id` = 1 LIMIT 1 [ RunTime:0.000299s ]
[2022-10-19T20:33:27+08:00][sql] SELECT * FROM `address` WHERE  `id` = 2 LIMIT 1 [ RunTime:0.000247s ]
[2022-10-19T20:34:27+08:00][sql] CONNECT:[ UseTime:0.000420s ] mysql:host=localhost;port=3316;dbname=coffee;charset=utf8
[2022-10-19T20:34:27+08:00][sql] SHOW FULL COLUMNS FROM `banner` [ RunTime:0.001358s ]
[2022-10-19T20:34:27+08:00][sql] SELECT * FROM `banner` [ RunTime:0.000241s ]
[2022-10-19T20:34:27+08:00][sql] SHOW FULL COLUMNS FROM `information` [ RunTime:0.000959s ]
[2022-10-19T20:34:27+08:00][sql] SELECT * FROM `information` ORDER BY `time` DESC LIMIT 1 [ RunTime:0.000318s ]
[2022-10-19T20:34:27+08:00][sql] SELECT * FROM `information` ORDER BY `time` DESC LIMIT 1,4 [ RunTime:0.000371s ]
[2022-10-19T20:34:27+08:00][sql] SHOW FULL COLUMNS FROM `course` [ RunTime:0.001085s ]
[2022-10-19T20:34:27+08:00][sql] SELECT `id`,`title` FROM `course` ORDER BY `sorting` ASC LIMIT 0,6 [ RunTime:0.000257s ]
[2022-10-19T20:34:27+08:00][sql] SHOW FULL COLUMNS FROM `teacher` [ RunTime:0.000924s ]
[2022-10-19T20:34:27+08:00][sql] SELECT * FROM `teacher` [ RunTime:0.000254s ]
[2022-10-19T20:34:27+08:00][sql] SHOW FULL COLUMNS FROM `address` [ RunTime:0.000957s ]
[2022-10-19T20:34:27+08:00][sql] SELECT * FROM `address` WHERE  `id` = 1 LIMIT 1 [ RunTime:0.000282s ]
[2022-10-19T20:34:27+08:00][sql] SELECT * FROM `address` WHERE  `id` = 2 LIMIT 1 [ RunTime:0.000244s ]
[2022-10-19T20:43:36+08:00][sql] CONNECT:[ UseTime:0.000420s ] mysql:host=localhost;port=3316;dbname=coffee;charset=utf8
[2022-10-19T20:43:36+08:00][sql] SHOW FULL COLUMNS FROM `banner` [ RunTime:0.001209s ]
[2022-10-19T20:43:36+08:00][sql] SELECT * FROM `banner` [ RunTime:0.000327s ]
[2022-10-19T20:43:36+08:00][sql] SHOW FULL COLUMNS FROM `information` [ RunTime:0.001084s ]
[2022-10-19T20:43:36+08:00][sql] SELECT * FROM `information` ORDER BY `time` DESC LIMIT 1 [ RunTime:0.000311s ]
[2022-10-19T20:43:36+08:00][sql] SELECT * FROM `information` ORDER BY `time` DESC LIMIT 1,4 [ RunTime:0.000320s ]
[2022-10-19T20:43:36+08:00][sql] SHOW FULL COLUMNS FROM `course` [ RunTime:0.001244s ]
[2022-10-19T20:43:36+08:00][sql] SELECT `id`,`title` FROM `course` ORDER BY `sorting` ASC LIMIT 0,6 [ RunTime:0.000234s ]
[2022-10-19T20:43:36+08:00][sql] SHOW FULL COLUMNS FROM `teacher` [ RunTime:0.000999s ]
[2022-10-19T20:43:36+08:00][sql] SELECT * FROM `teacher` [ RunTime:0.000254s ]
[2022-10-19T20:43:36+08:00][sql] SHOW FULL COLUMNS FROM `address` [ RunTime:0.000918s ]
[2022-10-19T20:43:36+08:00][sql] SELECT * FROM `address` WHERE  `id` = 1 LIMIT 1 [ RunTime:0.000239s ]
[2022-10-19T20:43:36+08:00][sql] SELECT * FROM `address` WHERE  `id` = 2 LIMIT 1 [ RunTime:0.000320s ]
[2022-10-19T20:47:04+08:00][sql] CONNECT:[ UseTime:0.000413s ] mysql:host=localhost;port=3316;dbname=coffee;charset=utf8
[2022-10-19T20:47:04+08:00][sql] SHOW FULL COLUMNS FROM `banner` [ RunTime:0.001234s ]
[2022-10-19T20:47:04+08:00][sql] SELECT * FROM `banner` [ RunTime:0.000253s ]
[2022-10-19T20:47:04+08:00][sql] SHOW FULL COLUMNS FROM `information` [ RunTime:0.000965s ]
[2022-10-19T20:47:04+08:00][sql] SELECT * FROM `information` ORDER BY `time` DESC LIMIT 1 [ RunTime:0.000407s ]
[2022-10-19T20:47:04+08:00][sql] SELECT * FROM `information` ORDER BY `time` DESC LIMIT 1,4 [ RunTime:0.000405s ]
[2022-10-19T20:47:04+08:00][sql] SHOW FULL COLUMNS FROM `course` [ RunTime:0.001059s ]
[2022-10-19T20:47:04+08:00][sql] SELECT `id`,`title` FROM `course` ORDER BY `sorting` ASC LIMIT 0,6 [ RunTime:0.000286s ]
[2022-10-19T20:47:04+08:00][sql] SHOW FULL COLUMNS FROM `teacher` [ RunTime:0.000934s ]
[2022-10-19T20:47:04+08:00][sql] SELECT * FROM `teacher` [ RunTime:0.000255s ]
[2022-10-19T20:47:04+08:00][sql] SHOW FULL COLUMNS FROM `address` [ RunTime:0.000997s ]
[2022-10-19T20:47:04+08:00][sql] SELECT * FROM `address` WHERE  `id` = 1 LIMIT 1 [ RunTime:0.000308s ]
[2022-10-19T20:47:04+08:00][sql] SELECT * FROM `address` WHERE  `id` = 2 LIMIT 1 [ RunTime:0.000251s ]
[2022-10-19T21:39:41+08:00][sql] CONNECT:[ UseTime:0.000436s ] mysql:host=localhost;port=3316;dbname=coffee;charset=utf8
[2022-10-19T21:39:41+08:00][sql] SHOW FULL COLUMNS FROM `banner` [ RunTime:0.001251s ]
[2022-10-19T21:39:41+08:00][sql] SELECT * FROM `banner` [ RunTime:0.000252s ]
[2022-10-19T21:39:41+08:00][sql] SHOW FULL COLUMNS FROM `information` [ RunTime:0.000980s ]
[2022-10-19T21:39:41+08:00][sql] SELECT * FROM `information` ORDER BY `time` DESC LIMIT 1 [ RunTime:0.000320s ]
[2022-10-19T21:39:41+08:00][sql] SELECT * FROM `information` ORDER BY `time` DESC LIMIT 1,4 [ RunTime:0.000385s ]
[2022-10-19T21:39:41+08:00][sql] SHOW FULL COLUMNS FROM `course` [ RunTime:0.001107s ]
[2022-10-19T21:39:41+08:00][sql] SELECT `id`,`title` FROM `course` ORDER BY `sorting` ASC LIMIT 0,6 [ RunTime:0.000307s ]
[2022-10-19T21:39:41+08:00][sql] SHOW FULL COLUMNS FROM `teacher` [ RunTime:0.000926s ]
[2022-10-19T21:39:41+08:00][sql] SELECT * FROM `teacher` [ RunTime:0.000259s ]
[2022-10-19T21:39:41+08:00][sql] SHOW FULL COLUMNS FROM `address` [ RunTime:0.000929s ]
[2022-10-19T21:39:41+08:00][sql] SELECT * FROM `address` WHERE  `id` = 1 LIMIT 1 [ RunTime:0.000280s ]
[2022-10-19T21:39:41+08:00][sql] SELECT * FROM `address` WHERE  `id` = 2 LIMIT 1 [ RunTime:0.000253s ]
[2022-10-19T21:40:16+08:00][sql] CONNECT:[ UseTime:0.000492s ] mysql:host=localhost;port=3316;dbname=coffee;charset=utf8
[2022-10-19T21:40:16+08:00][sql] SHOW FULL COLUMNS FROM `banner` [ RunTime:0.001374s ]
[2022-10-19T21:40:16+08:00][sql] SELECT * FROM `banner` [ RunTime:0.001379s ]
[2022-10-19T21:40:16+08:00][sql] SHOW FULL COLUMNS FROM `information` [ RunTime:0.001162s ]
[2022-10-19T21:40:16+08:00][sql] SELECT * FROM `information` ORDER BY `time` DESC LIMIT 1 [ RunTime:0.000357s ]
[2022-10-19T21:40:16+08:00][sql] SELECT * FROM `information` ORDER BY `time` DESC LIMIT 1,4 [ RunTime:0.000411s ]
[2022-10-19T21:40:16+08:00][sql] SHOW FULL COLUMNS FROM `course` [ RunTime:0.001135s ]
[2022-10-19T21:40:16+08:00][sql] SELECT `id`,`title` FROM `course` ORDER BY `sorting` ASC LIMIT 0,6 [ RunTime:0.000263s ]
[2022-10-19T21:40:16+08:00][sql] SHOW FULL COLUMNS FROM `teacher` [ RunTime:0.001021s ]
[2022-10-19T21:40:16+08:00][sql] SELECT * FROM `teacher` [ RunTime:0.000308s ]
[2022-10-19T21:40:16+08:00][sql] SHOW FULL COLUMNS FROM `address` [ RunTime:0.001006s ]
[2022-10-19T21:40:16+08:00][sql] SELECT * FROM `address` WHERE  `id` = 1 LIMIT 1 [ RunTime:0.000292s ]
[2022-10-19T21:40:16+08:00][sql] SELECT * FROM `address` WHERE  `id` = 2 LIMIT 1 [ RunTime:0.000250s ]
[2022-10-19T21:40:40+08:00][sql] CONNECT:[ UseTime:0.000369s ] mysql:host=localhost;port=3316;dbname=coffee;charset=utf8
[2022-10-19T21:40:40+08:00][sql] SHOW FULL COLUMNS FROM `banner` [ RunTime:0.001260s ]
[2022-10-19T21:40:40+08:00][sql] SELECT * FROM `banner` [ RunTime:0.000226s ]
[2022-10-19T21:40:40+08:00][sql] SHOW FULL COLUMNS FROM `information` [ RunTime:0.001016s ]
[2022-10-19T21:40:40+08:00][sql] SELECT * FROM `information` ORDER BY `time` DESC LIMIT 1 [ RunTime:0.000336s ]
[2022-10-19T21:40:40+08:00][sql] SELECT * FROM `information` ORDER BY `time` DESC LIMIT 1,4 [ RunTime:0.000333s ]
[2022-10-19T21:40:40+08:00][sql] SHOW FULL COLUMNS FROM `course` [ RunTime:0.001211s ]
[2022-10-19T21:40:40+08:00][sql] SELECT `id`,`title` FROM `course` ORDER BY `sorting` ASC LIMIT 0,6 [ RunTime:0.000227s ]
[2022-10-19T21:40:40+08:00][sql] SHOW FULL COLUMNS FROM `teacher` [ RunTime:0.000848s ]
[2022-10-19T21:40:40+08:00][sql] SELECT * FROM `teacher` [ RunTime:0.000216s ]
[2022-10-19T21:40:40+08:00][sql] SHOW FULL COLUMNS FROM `address` [ RunTime:0.000852s ]
[2022-10-19T21:40:40+08:00][sql] SELECT * FROM `address` WHERE  `id` = 1 LIMIT 1 [ RunTime:0.000227s ]
[2022-10-19T21:40:40+08:00][sql] SELECT * FROM `address` WHERE  `id` = 2 LIMIT 1 [ RunTime:0.000198s ]
[2022-10-19T21:55:36+08:00][sql] CONNECT:[ UseTime:0.000461s ] mysql:host=localhost;port=3316;dbname=coffee;charset=utf8
[2022-10-19T21:55:36+08:00][sql] SHOW FULL COLUMNS FROM `banner` [ RunTime:0.001261s ]
[2022-10-19T21:55:36+08:00][sql] SELECT * FROM `banner` [ RunTime:0.000230s ]
[2022-10-19T21:55:36+08:00][sql] SHOW FULL COLUMNS FROM `information` [ RunTime:0.000954s ]
[2022-10-19T21:55:36+08:00][sql] SELECT * FROM `information` ORDER BY `time` DESC LIMIT 1 [ RunTime:0.000304s ]
[2022-10-19T21:55:36+08:00][sql] SELECT * FROM `information` ORDER BY `time` DESC LIMIT 1,4 [ RunTime:0.000345s ]
[2022-10-19T21:55:36+08:00][sql] SHOW FULL COLUMNS FROM `course` [ RunTime:0.001059s ]
[2022-10-19T21:55:36+08:00][sql] SELECT `id`,`title` FROM `course` ORDER BY `sorting` ASC LIMIT 0,6 [ RunTime:0.000219s ]
[2022-10-19T21:55:36+08:00][sql] SHOW FULL COLUMNS FROM `teacher` [ RunTime:0.000863s ]
[2022-10-19T21:55:36+08:00][sql] SELECT * FROM `teacher` [ RunTime:0.000219s ]
[2022-10-19T21:55:36+08:00][sql] SHOW FULL COLUMNS FROM `address` [ RunTime:0.000927s ]
[2022-10-19T21:55:36+08:00][sql] SELECT * FROM `address` WHERE  `id` = 1 LIMIT 1 [ RunTime:0.000254s ]
[2022-10-19T21:55:36+08:00][sql] SELECT * FROM `address` WHERE  `id` = 2 LIMIT 1 [ RunTime:0.000194s ]
[2022-10-19T21:55:36+08:00][sql] CONNECT:[ UseTime:0.000461s ] mysql:host=localhost;port=3316;dbname=coffee;charset=utf8
[2022-10-19T21:55:36+08:00][sql] SHOW FULL COLUMNS FROM `banner` [ RunTime:0.001646s ]
[2022-10-19T21:55:36+08:00][sql] SELECT * FROM `banner` [ RunTime:0.000262s ]
[2022-10-19T21:55:36+08:00][sql] SHOW FULL COLUMNS FROM `information` [ RunTime:0.000969s ]
[2022-10-19T21:55:36+08:00][sql] SELECT * FROM `information` ORDER BY `time` DESC LIMIT 1 [ RunTime:0.000312s ]
[2022-10-19T21:55:36+08:00][sql] SELECT * FROM `information` ORDER BY `time` DESC LIMIT 1,4 [ RunTime:0.000307s ]
[2022-10-19T21:55:36+08:00][sql] SHOW FULL COLUMNS FROM `course` [ RunTime:0.001042s ]
[2022-10-19T21:55:36+08:00][sql] SELECT `id`,`title` FROM `course` ORDER BY `sorting` ASC LIMIT 0,6 [ RunTime:0.000245s ]
[2022-10-19T21:55:36+08:00][sql] SHOW FULL COLUMNS FROM `teacher` [ RunTime:0.000837s ]
[2022-10-19T21:55:36+08:00][sql] SELECT * FROM `teacher` [ RunTime:0.000228s ]
[2022-10-19T21:55:36+08:00][sql] SHOW FULL COLUMNS FROM `address` [ RunTime:0.000858s ]
[2022-10-19T21:55:36+08:00][sql] SELECT * FROM `address` WHERE  `id` = 1 LIMIT 1 [ RunTime:0.000235s ]
[2022-10-19T21:55:36+08:00][sql] SELECT * FROM `address` WHERE  `id` = 2 LIMIT 1 [ RunTime:0.000204s ]
[2022-10-19T22:20:27+08:00][sql] CONNECT:[ UseTime:0.000398s ] mysql:host=localhost;port=3316;dbname=coffee;charset=utf8
[2022-10-19T22:20:27+08:00][sql] SHOW FULL COLUMNS FROM `banner` [ RunTime:0.001318s ]
[2022-10-19T22:20:27+08:00][sql] SELECT * FROM `banner` [ RunTime:0.000255s ]
[2022-10-19T22:20:27+08:00][sql] SHOW FULL COLUMNS FROM `information` [ RunTime:0.000964s ]
[2022-10-19T22:20:27+08:00][sql] SELECT * FROM `information` ORDER BY `time` DESC LIMIT 1 [ RunTime:0.000320s ]
[2022-10-19T22:20:27+08:00][sql] SELECT * FROM `information` ORDER BY `time` DESC LIMIT 1,4 [ RunTime:0.000410s ]
[2022-10-19T22:20:27+08:00][sql] SHOW FULL COLUMNS FROM `course` [ RunTime:0.001090s ]
[2022-10-19T22:20:27+08:00][sql] SELECT `id`,`title` FROM `course` ORDER BY `sorting` ASC LIMIT 0,6 [ RunTime:0.000265s ]
[2022-10-19T22:20:27+08:00][sql] SHOW FULL COLUMNS FROM `teacher` [ RunTime:0.000884s ]
[2022-10-19T22:20:27+08:00][sql] SELECT * FROM `teacher` [ RunTime:0.000262s ]
[2022-10-19T22:20:27+08:00][sql] SHOW FULL COLUMNS FROM `address` [ RunTime:0.000911s ]
[2022-10-19T22:20:27+08:00][sql] SELECT * FROM `address` WHERE  `id` = 1 LIMIT 1 [ RunTime:0.000294s ]
[2022-10-19T22:20:27+08:00][sql] SELECT * FROM `address` WHERE  `id` = 2 LIMIT 1 [ RunTime:0.000242s ]
[2022-10-19T22:27:05+08:00][sql] CONNECT:[ UseTime:0.000445s ] mysql:host=localhost;port=3316;dbname=coffee;charset=utf8
[2022-10-19T22:27:05+08:00][sql] SHOW FULL COLUMNS FROM `banner` [ RunTime:0.001301s ]
[2022-10-19T22:27:05+08:00][sql] SELECT * FROM `banner` [ RunTime:0.000254s ]
[2022-10-19T22:27:05+08:00][sql] SHOW FULL COLUMNS FROM `information` [ RunTime:0.000991s ]
[2022-10-19T22:27:05+08:00][sql] SELECT * FROM `information` ORDER BY `time` DESC LIMIT 1 [ RunTime:0.000317s ]
[2022-10-19T22:27:05+08:00][sql] SELECT * FROM `information` ORDER BY `time` DESC LIMIT 1,4 [ RunTime:0.000403s ]
[2022-10-19T22:27:05+08:00][sql] SHOW FULL COLUMNS FROM `course` [ RunTime:0.001145s ]
[2022-10-19T22:27:05+08:00][sql] SELECT `id`,`title` FROM `course` ORDER BY `sorting` ASC LIMIT 0,6 [ RunTime:0.000271s ]
[2022-10-19T22:27:05+08:00][sql] SHOW FULL COLUMNS FROM `teacher` [ RunTime:0.000900s ]
[2022-10-19T22:27:05+08:00][sql] SELECT * FROM `teacher` [ RunTime:0.000268s ]
[2022-10-19T22:27:05+08:00][sql] SHOW FULL COLUMNS FROM `address` [ RunTime:0.000922s ]
[2022-10-19T22:27:05+08:00][sql] SELECT * FROM `address` WHERE  `id` = 1 LIMIT 1 [ RunTime:0.000274s ]
[2022-10-19T22:27:05+08:00][sql] SELECT * FROM `address` WHERE  `id` = 2 LIMIT 1 [ RunTime:0.000246s ]
[2022-10-19T22:27:21+08:00][sql] CONNECT:[ UseTime:0.000377s ] mysql:host=localhost;port=3316;dbname=coffee;charset=utf8
[2022-10-19T22:27:21+08:00][sql] SHOW FULL COLUMNS FROM `banner` [ RunTime:0.001486s ]
[2022-10-19T22:27:21+08:00][sql] SELECT * FROM `banner` [ RunTime:0.000309s ]
[2022-10-19T22:27:21+08:00][sql] SHOW FULL COLUMNS FROM `information` [ RunTime:0.001067s ]
[2022-10-19T22:27:21+08:00][sql] SELECT * FROM `information` ORDER BY `time` DESC LIMIT 1 [ RunTime:0.000276s ]
[2022-10-19T22:27:21+08:00][sql] SELECT * FROM `information` ORDER BY `time` DESC LIMIT 1,4 [ RunTime:0.000338s ]
[2022-10-19T22:27:21+08:00][sql] SHOW FULL COLUMNS FROM `course` [ RunTime:0.001190s ]
[2022-10-19T22:27:21+08:00][sql] SELECT `id`,`title` FROM `course` ORDER BY `sorting` ASC LIMIT 0,6 [ RunTime:0.000217s ]
[2022-10-19T22:27:21+08:00][sql] SHOW FULL COLUMNS FROM `teacher` [ RunTime:0.001045s ]
[2022-10-19T22:27:21+08:00][sql] SELECT * FROM `teacher` [ RunTime:0.000214s ]
[2022-10-19T22:27:21+08:00][sql] SHOW FULL COLUMNS FROM `address` [ RunTime:0.001007s ]
[2022-10-19T22:27:21+08:00][sql] SELECT * FROM `address` WHERE  `id` = 1 LIMIT 1 [ RunTime:0.000236s ]
[2022-10-19T22:27:21+08:00][sql] SELECT * FROM `address` WHERE  `id` = 2 LIMIT 1 [ RunTime:0.000224s ]
[2022-10-19T22:27:48+08:00][sql] CONNECT:[ UseTime:0.000393s ] mysql:host=localhost;port=3316;dbname=coffee;charset=utf8
[2022-10-19T22:27:48+08:00][sql] SHOW FULL COLUMNS FROM `banner` [ RunTime:0.001287s ]
[2022-10-19T22:27:48+08:00][sql] SELECT * FROM `banner` [ RunTime:0.000286s ]
[2022-10-19T22:27:48+08:00][sql] SHOW FULL COLUMNS FROM `information` [ RunTime:0.001020s ]
[2022-10-19T22:27:48+08:00][sql] SELECT * FROM `information` ORDER BY `time` DESC LIMIT 1 [ RunTime:0.000339s ]
[2022-10-19T22:27:48+08:00][sql] SELECT * FROM `information` ORDER BY `time` DESC LIMIT 1,4 [ RunTime:0.000368s ]
[2022-10-19T22:27:48+08:00][sql] SHOW FULL COLUMNS FROM `course` [ RunTime:0.001065s ]
[2022-10-19T22:27:48+08:00][sql] SELECT `id`,`title` FROM `course` ORDER BY `sorting` ASC LIMIT 0,6 [ RunTime:0.000287s ]
[2022-10-19T22:27:48+08:00][sql] SHOW FULL COLUMNS FROM `teacher` [ RunTime:0.000915s ]
[2022-10-19T22:27:48+08:00][sql] SELECT * FROM `teacher` [ RunTime:0.000262s ]
[2022-10-19T22:27:48+08:00][sql] SHOW FULL COLUMNS FROM `address` [ RunTime:0.000910s ]
[2022-10-19T22:27:48+08:00][sql] SELECT * FROM `address` WHERE  `id` = 1 LIMIT 1 [ RunTime:0.000287s ]
[2022-10-19T22:27:48+08:00][sql] SELECT * FROM `address` WHERE  `id` = 2 LIMIT 1 [ RunTime:0.000255s ]
[2022-10-19T22:33:31+08:00][sql] CONNECT:[ UseTime:0.000412s ] mysql:host=localhost;port=3316;dbname=coffee;charset=utf8
[2022-10-19T22:33:31+08:00][sql] SHOW FULL COLUMNS FROM `banner` [ RunTime:0.001260s ]
[2022-10-19T22:33:31+08:00][sql] SELECT * FROM `banner` [ RunTime:0.000241s ]
[2022-10-19T22:33:31+08:00][sql] SHOW FULL COLUMNS FROM `information` [ RunTime:0.000986s ]
[2022-10-19T22:33:31+08:00][sql] SELECT * FROM `information` ORDER BY `time` DESC LIMIT 1 [ RunTime:0.000337s ]
[2022-10-19T22:33:31+08:00][sql] SELECT * FROM `information` ORDER BY `time` DESC LIMIT 1,4 [ RunTime:0.000413s ]
[2022-10-19T22:33:31+08:00][sql] SHOW FULL COLUMNS FROM `course` [ RunTime:0.001049s ]
[2022-10-19T22:33:31+08:00][sql] SELECT `id`,`title` FROM `course` ORDER BY `sorting` ASC LIMIT 0,6 [ RunTime:0.000324s ]
[2022-10-19T22:33:31+08:00][sql] SHOW FULL COLUMNS FROM `teacher` [ RunTime:0.000896s ]
[2022-10-19T22:33:31+08:00][sql] SELECT * FROM `teacher` [ RunTime:0.000248s ]
[2022-10-19T22:33:31+08:00][sql] SHOW FULL COLUMNS FROM `address` [ RunTime:0.000951s ]
[2022-10-19T22:33:31+08:00][sql] SELECT * FROM `address` WHERE  `id` = 1 LIMIT 1 [ RunTime:0.000291s ]
[2022-10-19T22:33:31+08:00][sql] SELECT * FROM `address` WHERE  `id` = 2 LIMIT 1 [ RunTime:0.000343s ]
[2022-10-19T23:13:52+08:00][sql] CONNECT:[ UseTime:0.000448s ] mysql:host=localhost;port=3316;dbname=coffee;charset=utf8
[2022-10-19T23:13:52+08:00][sql] SHOW FULL COLUMNS FROM `banner` [ RunTime:0.001297s ]
[2022-10-19T23:13:52+08:00][sql] SELECT * FROM `banner` [ RunTime:0.004300s ]
[2022-10-19T23:13:52+08:00][sql] SHOW FULL COLUMNS FROM `information` [ RunTime:0.001111s ]
[2022-10-19T23:13:52+08:00][sql] SELECT * FROM `information` ORDER BY `time` DESC LIMIT 1 [ RunTime:0.000340s ]
[2022-10-19T23:13:52+08:00][sql] SELECT * FROM `information` ORDER BY `time` DESC LIMIT 1,4 [ RunTime:0.000419s ]
[2022-10-19T23:13:52+08:00][sql] SHOW FULL COLUMNS FROM `course` [ RunTime:0.001097s ]
[2022-10-19T23:13:52+08:00][sql] SELECT `id`,`title` FROM `course` ORDER BY `sorting` ASC LIMIT 0,6 [ RunTime:0.000264s ]
[2022-10-19T23:13:52+08:00][sql] SHOW FULL COLUMNS FROM `teacher` [ RunTime:0.000940s ]
[2022-10-19T23:13:52+08:00][sql] SELECT * FROM `teacher` [ RunTime:0.000331s ]
[2022-10-19T23:13:52+08:00][sql] SHOW FULL COLUMNS FROM `address` [ RunTime:0.000945s ]
[2022-10-19T23:13:52+08:00][sql] SELECT * FROM `address` WHERE  `id` = 1 LIMIT 1 [ RunTime:0.000286s ]
[2022-10-19T23:13:52+08:00][sql] SELECT * FROM `address` WHERE  `id` = 2 LIMIT 1 [ RunTime:0.000301s ]
[2022-10-19T23:13:52+08:00][sql] CONNECT:[ UseTime:0.000420s ] mysql:host=localhost;port=3316;dbname=coffee;charset=utf8
[2022-10-19T23:13:52+08:00][sql] SHOW FULL COLUMNS FROM `banner` [ RunTime:0.001221s ]
[2022-10-19T23:13:52+08:00][sql] SELECT * FROM `banner` [ RunTime:0.000263s ]
[2022-10-19T23:13:52+08:00][sql] SHOW FULL COLUMNS FROM `information` [ RunTime:0.000970s ]
[2022-10-19T23:13:52+08:00][sql] SELECT * FROM `information` ORDER BY `time` DESC LIMIT 1 [ RunTime:0.000349s ]
[2022-10-19T23:13:52+08:00][sql] SELECT * FROM `information` ORDER BY `time` DESC LIMIT 1,4 [ RunTime:0.000374s ]
[2022-10-19T23:13:52+08:00][sql] SHOW FULL COLUMNS FROM `course` [ RunTime:0.001066s ]
[2022-10-19T23:13:52+08:00][sql] SELECT `id`,`title` FROM `course` ORDER BY `sorting` ASC LIMIT 0,6 [ RunTime:0.000283s ]
[2022-10-19T23:13:52+08:00][sql] SHOW FULL COLUMNS FROM `teacher` [ RunTime:0.000902s ]
[2022-10-19T23:13:52+08:00][sql] SELECT * FROM `teacher` [ RunTime:0.000262s ]
[2022-10-19T23:13:52+08:00][sql] SHOW FULL COLUMNS FROM `address` [ RunTime:0.000964s ]
[2022-10-19T23:13:52+08:00][sql] SELECT * FROM `address` WHERE  `id` = 1 LIMIT 1 [ RunTime:0.000281s ]
[2022-10-19T23:13:52+08:00][sql] SELECT * FROM `address` WHERE  `id` = 2 LIMIT 1 [ RunTime:0.000272s ]
[2022-10-19T23:13:53+08:00][sql] CONNECT:[ UseTime:0.000407s ] mysql:host=localhost;port=3316;dbname=coffee;charset=utf8
[2022-10-19T23:13:53+08:00][sql] SHOW FULL COLUMNS FROM `banner` [ RunTime:0.001232s ]
[2022-10-19T23:13:53+08:00][sql] SELECT * FROM `banner` [ RunTime:0.000226s ]
[2022-10-19T23:13:53+08:00][sql] SHOW FULL COLUMNS FROM `information` [ RunTime:0.000964s ]
[2022-10-19T23:13:53+08:00][sql] SELECT * FROM `information` ORDER BY `time` DESC LIMIT 1 [ RunTime:0.000324s ]
[2022-10-19T23:13:53+08:00][sql] SELECT * FROM `information` ORDER BY `time` DESC LIMIT 1,4 [ RunTime:0.000441s ]
[2022-10-19T23:13:53+08:00][sql] SHOW FULL COLUMNS FROM `course` [ RunTime:0.001212s ]
[2022-10-19T23:13:53+08:00][sql] SELECT `id`,`title` FROM `course` ORDER BY `sorting` ASC LIMIT 0,6 [ RunTime:0.000258s ]
[2022-10-19T23:13:53+08:00][sql] SHOW FULL COLUMNS FROM `teacher` [ RunTime:0.000930s ]
[2022-10-19T23:13:53+08:00][sql] SELECT * FROM `teacher` [ RunTime:0.000264s ]
[2022-10-19T23:13:53+08:00][sql] SHOW FULL COLUMNS FROM `address` [ RunTime:0.000948s ]
[2022-10-19T23:13:53+08:00][sql] SELECT * FROM `address` WHERE  `id` = 1 LIMIT 1 [ RunTime:0.000273s ]
[2022-10-19T23:13:53+08:00][sql] SELECT * FROM `address` WHERE  `id` = 2 LIMIT 1 [ RunTime:0.000297s ]
