[2022-10-28T00:01:14+08:00][sql] CONNECT:[ UseTime:0.000387s ] mysql:host=localhost;port=3316;dbname=coffee;charset=utf8
[2022-10-28T00:01:14+08:00][sql] SHOW FULL COLUMNS FROM `banner` [ RunTime:0.001343s ]
[2022-10-28T00:01:14+08:00][sql] SELECT * FROM `banner` [ RunTime:0.000251s ]
[2022-10-28T00:01:14+08:00][sql] SHOW FULL COLUMNS FROM `information` [ RunTime:0.000968s ]
[2022-10-28T00:01:14+08:00][sql] SELECT * FROM `information` ORDER BY `time` DESC LIMIT 1 [ RunTime:0.000330s ]
[2022-10-28T00:01:14+08:00][sql] SELECT * FROM `information` ORDER BY `time` DESC LIMIT 1,4 [ RunTime:0.000414s ]
[2022-10-28T00:01:14+08:00][sql] SHOW FULL COLUMNS FROM `course` [ RunTime:0.001131s ]
[2022-10-28T00:01:14+08:00][sql] SELECT `id`,`title` FROM `course` ORDER BY `sorting` ASC LIMIT 0,6 [ RunTime:0.000259s ]
[2022-10-28T00:01:14+08:00][sql] SHOW FULL COLUMNS FROM `teacher` [ RunTime:0.000901s ]
[2022-10-28T00:01:14+08:00][sql] SELECT * FROM `teacher` [ RunTime:0.000261s ]
[2022-10-28T00:01:14+08:00][sql] SHOW FULL COLUMNS FROM `address` [ RunTime:0.000892s ]
[2022-10-28T00:01:14+08:00][sql] SELECT * FROM `address` WHERE  `id` = 1 LIMIT 1 [ RunTime:0.000294s ]
[2022-10-28T00:01:14+08:00][sql] SELECT * FROM `address` WHERE  `id` = 2 LIMIT 1 [ RunTime:0.000241s ]
[2022-10-28T00:01:14+08:00][sql] CONNECT:[ UseTime:0.000447s ] mysql:host=localhost;port=3316;dbname=coffee;charset=utf8
[2022-10-28T00:01:14+08:00][sql] SHOW FULL COLUMNS FROM `banner` [ RunTime:0.001627s ]
[2022-10-28T00:01:14+08:00][sql] SELECT * FROM `banner` [ RunTime:0.000252s ]
[2022-10-28T00:01:14+08:00][sql] SHOW FULL COLUMNS FROM `information` [ RunTime:0.001180s ]
[2022-10-28T00:01:14+08:00][sql] SELECT * FROM `information` ORDER BY `time` DESC LIMIT 1 [ RunTime:0.000348s ]
[2022-10-28T00:01:14+08:00][sql] SELECT * FROM `information` ORDER BY `time` DESC LIMIT 1,4 [ RunTime:0.000389s ]
[2022-10-28T00:01:14+08:00][sql] SHOW FULL COLUMNS FROM `course` [ RunTime:0.001336s ]
[2022-10-28T00:01:14+08:00][sql] SELECT `id`,`title` FROM `course` ORDER BY `sorting` ASC LIMIT 0,6 [ RunTime:0.000272s ]
[2022-10-28T00:01:14+08:00][sql] SHOW FULL COLUMNS FROM `teacher` [ RunTime:0.001102s ]
[2022-10-28T00:01:14+08:00][sql] SELECT * FROM `teacher` [ RunTime:0.000281s ]
[2022-10-28T00:01:14+08:00][sql] SHOW FULL COLUMNS FROM `address` [ RunTime:0.001120s ]
[2022-10-28T00:01:14+08:00][sql] SELECT * FROM `address` WHERE  `id` = 1 LIMIT 1 [ RunTime:0.000263s ]
[2022-10-28T00:01:14+08:00][sql] SELECT * FROM `address` WHERE  `id` = 2 LIMIT 1 [ RunTime:0.000232s ]
[2022-10-28T00:07:48+08:00][sql] CONNECT:[ UseTime:0.000383s ] mysql:host=localhost;port=3316;dbname=coffee;charset=utf8
[2022-10-28T00:07:48+08:00][sql] SHOW FULL COLUMNS FROM `banner` [ RunTime:0.001221s ]
[2022-10-28T00:07:48+08:00][sql] SELECT * FROM `banner` [ RunTime:0.000222s ]
[2022-10-28T00:07:48+08:00][sql] SHOW FULL COLUMNS FROM `information` [ RunTime:0.000969s ]
[2022-10-28T00:07:48+08:00][sql] SELECT * FROM `information` ORDER BY `time` DESC LIMIT 1 [ RunTime:0.000267s ]
[2022-10-28T00:07:48+08:00][sql] SELECT * FROM `information` ORDER BY `time` DESC LIMIT 1,4 [ RunTime:0.000340s ]
[2022-10-28T00:07:48+08:00][sql] SHOW FULL COLUMNS FROM `course` [ RunTime:0.001081s ]
[2022-10-28T00:07:48+08:00][sql] SELECT `id`,`title` FROM `course` ORDER BY `sorting` ASC LIMIT 0,6 [ RunTime:0.000231s ]
[2022-10-28T00:07:48+08:00][sql] SHOW FULL COLUMNS FROM `teacher` [ RunTime:0.000901s ]
[2022-10-28T00:07:48+08:00][sql] SELECT * FROM `teacher` [ RunTime:0.000217s ]
[2022-10-28T00:07:48+08:00][sql] SHOW FULL COLUMNS FROM `address` [ RunTime:0.000928s ]
[2022-10-28T00:07:48+08:00][sql] SELECT * FROM `address` WHERE  `id` = 1 LIMIT 1 [ RunTime:0.000266s ]
[2022-10-28T00:07:48+08:00][sql] SELECT * FROM `address` WHERE  `id` = 2 LIMIT 1 [ RunTime:0.000215s ]
[2022-10-28T01:01:45+08:00][sql] CONNECT:[ UseTime:0.000406s ] mysql:host=localhost;port=3316;dbname=coffee;charset=utf8
[2022-10-28T01:01:45+08:00][sql] SHOW FULL COLUMNS FROM `banner` [ RunTime:0.001263s ]
[2022-10-28T01:01:45+08:00][sql] SELECT * FROM `banner` [ RunTime:0.000251s ]
[2022-10-28T01:01:45+08:00][sql] SHOW FULL COLUMNS FROM `information` [ RunTime:0.000977s ]
[2022-10-28T01:01:45+08:00][sql] SELECT * FROM `information` ORDER BY `time` DESC LIMIT 1 [ RunTime:0.000327s ]
[2022-10-28T01:01:45+08:00][sql] SELECT * FROM `information` ORDER BY `time` DESC LIMIT 1,4 [ RunTime:0.000413s ]
[2022-10-28T01:01:45+08:00][sql] SHOW FULL COLUMNS FROM `course` [ RunTime:0.001103s ]
[2022-10-28T01:01:45+08:00][sql] SELECT `id`,`title` FROM `course` ORDER BY `sorting` ASC LIMIT 0,6 [ RunTime:0.000273s ]
[2022-10-28T01:01:45+08:00][sql] SHOW FULL COLUMNS FROM `teacher` [ RunTime:0.000907s ]
[2022-10-28T01:01:45+08:00][sql] SELECT * FROM `teacher` [ RunTime:0.000254s ]
[2022-10-28T01:01:45+08:00][sql] SHOW FULL COLUMNS FROM `address` [ RunTime:0.000921s ]
[2022-10-28T01:01:45+08:00][sql] SELECT * FROM `address` WHERE  `id` = 1 LIMIT 1 [ RunTime:0.000294s ]
[2022-10-28T01:01:45+08:00][sql] SELECT * FROM `address` WHERE  `id` = 2 LIMIT 1 [ RunTime:0.000242s ]
[2022-10-28T01:50:27+08:00][sql] CONNECT:[ UseTime:0.000399s ] mysql:host=localhost;port=3316;dbname=coffee;charset=utf8
[2022-10-28T01:50:27+08:00][sql] SHOW FULL COLUMNS FROM `banner` [ RunTime:0.001246s ]
[2022-10-28T01:50:27+08:00][sql] SELECT * FROM `banner` [ RunTime:0.000255s ]
[2022-10-28T01:50:27+08:00][sql] SHOW FULL COLUMNS FROM `information` [ RunTime:0.001257s ]
[2022-10-28T01:50:27+08:00][sql] SELECT * FROM `information` ORDER BY `time` DESC LIMIT 1 [ RunTime:0.000344s ]
[2022-10-28T01:50:27+08:00][sql] SELECT * FROM `information` ORDER BY `time` DESC LIMIT 1,4 [ RunTime:0.000380s ]
[2022-10-28T01:50:27+08:00][sql] SHOW FULL COLUMNS FROM `course` [ RunTime:0.001060s ]
[2022-10-28T01:50:27+08:00][sql] SELECT `id`,`title` FROM `course` ORDER BY `sorting` ASC LIMIT 0,6 [ RunTime:0.000290s ]
[2022-10-28T01:50:27+08:00][sql] SHOW FULL COLUMNS FROM `teacher` [ RunTime:0.000942s ]
[2022-10-28T01:50:27+08:00][sql] SELECT * FROM `teacher` [ RunTime:0.000264s ]
[2022-10-28T01:50:27+08:00][sql] SHOW FULL COLUMNS FROM `address` [ RunTime:0.000933s ]
[2022-10-28T01:50:27+08:00][sql] SELECT * FROM `address` WHERE  `id` = 1 LIMIT 1 [ RunTime:0.000279s ]
[2022-10-28T01:50:27+08:00][sql] SELECT * FROM `address` WHERE  `id` = 2 LIMIT 1 [ RunTime:0.000260s ]
[2022-10-28T02:54:45+08:00][sql] CONNECT:[ UseTime:0.000427s ] mysql:host=localhost;port=3316;dbname=coffee;charset=utf8
[2022-10-28T02:54:45+08:00][sql] SHOW FULL COLUMNS FROM `banner` [ RunTime:0.001726s ]
[2022-10-28T02:54:45+08:00][sql] SELECT * FROM `banner` [ RunTime:0.000280s ]
[2022-10-28T02:54:45+08:00][sql] SHOW FULL COLUMNS FROM `information` [ RunTime:0.001289s ]
[2022-10-28T02:54:45+08:00][sql] SELECT * FROM `information` ORDER BY `time` DESC LIMIT 1 [ RunTime:0.000300s ]
[2022-10-28T02:54:45+08:00][sql] SELECT * FROM `information` ORDER BY `time` DESC LIMIT 1,4 [ RunTime:0.000329s ]
[2022-10-28T02:54:45+08:00][sql] SHOW FULL COLUMNS FROM `course` [ RunTime:0.001095s ]
[2022-10-28T02:54:45+08:00][sql] SELECT `id`,`title` FROM `course` ORDER BY `sorting` ASC LIMIT 0,6 [ RunTime:0.000231s ]
[2022-10-28T02:54:45+08:00][sql] SHOW FULL COLUMNS FROM `teacher` [ RunTime:0.000899s ]
[2022-10-28T02:54:45+08:00][sql] SELECT * FROM `teacher` [ RunTime:0.000233s ]
[2022-10-28T02:54:45+08:00][sql] SHOW FULL COLUMNS FROM `address` [ RunTime:0.000926s ]
[2022-10-28T02:54:45+08:00][sql] SELECT * FROM `address` WHERE  `id` = 1 LIMIT 1 [ RunTime:0.000240s ]
[2022-10-28T02:54:45+08:00][sql] SELECT * FROM `address` WHERE  `id` = 2 LIMIT 1 [ RunTime:0.000227s ]
[2022-10-28T03:11:48+08:00][sql] CONNECT:[ UseTime:0.000372s ] mysql:host=localhost;port=3316;dbname=coffee;charset=utf8
[2022-10-28T03:11:48+08:00][sql] SHOW FULL COLUMNS FROM `banner` [ RunTime:0.001144s ]
[2022-10-28T03:11:48+08:00][sql] SELECT * FROM `banner` [ RunTime:0.000221s ]
[2022-10-28T03:11:48+08:00][sql] SHOW FULL COLUMNS FROM `information` [ RunTime:0.000909s ]
[2022-10-28T03:11:48+08:00][sql] SELECT * FROM `information` ORDER BY `time` DESC LIMIT 1 [ RunTime:0.000295s ]
[2022-10-28T03:11:48+08:00][sql] SELECT * FROM `information` ORDER BY `time` DESC LIMIT 1,4 [ RunTime:0.000312s ]
[2022-10-28T03:11:48+08:00][sql] SHOW FULL COLUMNS FROM `course` [ RunTime:0.001001s ]
[2022-10-28T03:11:48+08:00][sql] SELECT `id`,`title` FROM `course` ORDER BY `sorting` ASC LIMIT 0,6 [ RunTime:0.000219s ]
[2022-10-28T03:11:48+08:00][sql] SHOW FULL COLUMNS FROM `teacher` [ RunTime:0.000871s ]
[2022-10-28T03:11:48+08:00][sql] SELECT * FROM `teacher` [ RunTime:0.000253s ]
[2022-10-28T03:11:48+08:00][sql] SHOW FULL COLUMNS FROM `address` [ RunTime:0.000823s ]
[2022-10-28T03:11:48+08:00][sql] SELECT * FROM `address` WHERE  `id` = 1 LIMIT 1 [ RunTime:0.000230s ]
[2022-10-28T03:11:48+08:00][sql] SELECT * FROM `address` WHERE  `id` = 2 LIMIT 1 [ RunTime:0.000242s ]
[2022-10-28T03:39:43+08:00][sql] CONNECT:[ UseTime:0.000364s ] mysql:host=localhost;port=3316;dbname=coffee;charset=utf8
[2022-10-28T03:39:43+08:00][sql] SHOW FULL COLUMNS FROM `banner` [ RunTime:0.001321s ]
[2022-10-28T03:39:43+08:00][sql] SELECT * FROM `banner` [ RunTime:0.000229s ]
[2022-10-28T03:39:43+08:00][sql] SHOW FULL COLUMNS FROM `information` [ RunTime:0.000911s ]
[2022-10-28T03:39:43+08:00][sql] SELECT * FROM `information` ORDER BY `time` DESC LIMIT 1 [ RunTime:0.000337s ]
[2022-10-28T03:39:43+08:00][sql] SELECT * FROM `information` ORDER BY `time` DESC LIMIT 1,4 [ RunTime:0.000423s ]
[2022-10-28T03:39:43+08:00][sql] SHOW FULL COLUMNS FROM `course` [ RunTime:0.001163s ]
[2022-10-28T03:39:43+08:00][sql] SELECT `id`,`title` FROM `course` ORDER BY `sorting` ASC LIMIT 0,6 [ RunTime:0.000238s ]
[2022-10-28T03:39:43+08:00][sql] SHOW FULL COLUMNS FROM `teacher` [ RunTime:0.000908s ]
[2022-10-28T03:39:43+08:00][sql] SELECT * FROM `teacher` [ RunTime:0.000222s ]
[2022-10-28T03:39:43+08:00][sql] SHOW FULL COLUMNS FROM `address` [ RunTime:0.000868s ]
[2022-10-28T03:39:43+08:00][sql] SELECT * FROM `address` WHERE  `id` = 1 LIMIT 1 [ RunTime:0.000294s ]
[2022-10-28T03:39:43+08:00][sql] SELECT * FROM `address` WHERE  `id` = 2 LIMIT 1 [ RunTime:0.000200s ]
[2022-10-28T03:57:14+08:00][sql] CONNECT:[ UseTime:0.000375s ] mysql:host=localhost;port=3316;dbname=coffee;charset=utf8
[2022-10-28T03:57:14+08:00][sql] SHOW FULL COLUMNS FROM `banner` [ RunTime:0.001184s ]
[2022-10-28T03:57:14+08:00][sql] SELECT * FROM `banner` [ RunTime:0.000219s ]
[2022-10-28T03:57:14+08:00][sql] SHOW FULL COLUMNS FROM `information` [ RunTime:0.000927s ]
[2022-10-28T03:57:14+08:00][sql] SELECT * FROM `information` ORDER BY `time` DESC LIMIT 1 [ RunTime:0.000287s ]
[2022-10-28T03:57:14+08:00][sql] SELECT * FROM `information` ORDER BY `time` DESC LIMIT 1,4 [ RunTime:0.000334s ]
[2022-10-28T03:57:14+08:00][sql] SHOW FULL COLUMNS FROM `course` [ RunTime:0.001028s ]
[2022-10-28T03:57:14+08:00][sql] SELECT `id`,`title` FROM `course` ORDER BY `sorting` ASC LIMIT 0,6 [ RunTime:0.000225s ]
[2022-10-28T03:57:14+08:00][sql] SHOW FULL COLUMNS FROM `teacher` [ RunTime:0.000870s ]
[2022-10-28T03:57:14+08:00][sql] SELECT * FROM `teacher` [ RunTime:0.000248s ]
[2022-10-28T03:57:14+08:00][sql] SHOW FULL COLUMNS FROM `address` [ RunTime:0.000887s ]
[2022-10-28T03:57:14+08:00][sql] SELECT * FROM `address` WHERE  `id` = 1 LIMIT 1 [ RunTime:0.000243s ]
[2022-10-28T03:57:14+08:00][sql] SELECT * FROM `address` WHERE  `id` = 2 LIMIT 1 [ RunTime:0.000197s ]
[2022-10-28T03:57:16+08:00][sql] CONNECT:[ UseTime:0.000406s ] mysql:host=localhost;port=3316;dbname=coffee;charset=utf8
[2022-10-28T03:57:16+08:00][sql] SHOW FULL COLUMNS FROM `banner` [ RunTime:0.001172s ]
[2022-10-28T03:57:16+08:00][sql] SELECT * FROM `banner` [ RunTime:0.000208s ]
[2022-10-28T03:57:16+08:00][sql] SHOW FULL COLUMNS FROM `information` [ RunTime:0.001072s ]
[2022-10-28T03:57:16+08:00][sql] SELECT * FROM `information` ORDER BY `time` DESC LIMIT 1 [ RunTime:0.000332s ]
[2022-10-28T03:57:16+08:00][sql] SELECT * FROM `information` ORDER BY `time` DESC LIMIT 1,4 [ RunTime:0.000315s ]
[2022-10-28T03:57:16+08:00][sql] SHOW FULL COLUMNS FROM `course` [ RunTime:0.001032s ]
[2022-10-28T03:57:16+08:00][sql] SELECT `id`,`title` FROM `course` ORDER BY `sorting` ASC LIMIT 0,6 [ RunTime:0.000214s ]
[2022-10-28T03:57:16+08:00][sql] SHOW FULL COLUMNS FROM `teacher` [ RunTime:0.000974s ]
[2022-10-28T03:57:16+08:00][sql] SELECT * FROM `teacher` [ RunTime:0.000217s ]
[2022-10-28T03:57:16+08:00][sql] SHOW FULL COLUMNS FROM `address` [ RunTime:0.000871s ]
[2022-10-28T03:57:16+08:00][sql] SELECT * FROM `address` WHERE  `id` = 1 LIMIT 1 [ RunTime:0.000248s ]
[2022-10-28T03:57:16+08:00][sql] SELECT * FROM `address` WHERE  `id` = 2 LIMIT 1 [ RunTime:0.000188s ]
[2022-10-28T04:07:16+08:00][sql] CONNECT:[ UseTime:0.000369s ] mysql:host=localhost;port=3316;dbname=coffee;charset=utf8
[2022-10-28T04:07:16+08:00][sql] SHOW FULL COLUMNS FROM `banner` [ RunTime:0.001220s ]
[2022-10-28T04:07:16+08:00][sql] SELECT * FROM `banner` [ RunTime:0.000224s ]
[2022-10-28T04:07:16+08:00][sql] SHOW FULL COLUMNS FROM `information` [ RunTime:0.001072s ]
[2022-10-28T04:07:16+08:00][sql] SELECT * FROM `information` ORDER BY `time` DESC LIMIT 1 [ RunTime:0.000305s ]
[2022-10-28T04:07:16+08:00][sql] SELECT * FROM `information` ORDER BY `time` DESC LIMIT 1,4 [ RunTime:0.000366s ]
[2022-10-28T04:07:16+08:00][sql] SHOW FULL COLUMNS FROM `course` [ RunTime:0.001044s ]
[2022-10-28T04:07:16+08:00][sql] SELECT `id`,`title` FROM `course` ORDER BY `sorting` ASC LIMIT 0,6 [ RunTime:0.000218s ]
[2022-10-28T04:07:16+08:00][sql] SHOW FULL COLUMNS FROM `teacher` [ RunTime:0.000917s ]
[2022-10-28T04:07:16+08:00][sql] SELECT * FROM `teacher` [ RunTime:0.000262s ]
[2022-10-28T04:07:16+08:00][sql] SHOW FULL COLUMNS FROM `address` [ RunTime:0.001055s ]
[2022-10-28T04:07:16+08:00][sql] SELECT * FROM `address` WHERE  `id` = 1 LIMIT 1 [ RunTime:0.000240s ]
[2022-10-28T04:07:16+08:00][sql] SELECT * FROM `address` WHERE  `id` = 2 LIMIT 1 [ RunTime:0.000212s ]
[2022-10-28T04:43:39+08:00][sql] CONNECT:[ UseTime:0.000398s ] mysql:host=localhost;port=3316;dbname=coffee;charset=utf8
[2022-10-28T04:43:39+08:00][sql] SHOW FULL COLUMNS FROM `banner` [ RunTime:0.001388s ]
[2022-10-28T04:43:39+08:00][sql] SELECT * FROM `banner` [ RunTime:0.000236s ]
[2022-10-28T04:43:39+08:00][sql] SHOW FULL COLUMNS FROM `information` [ RunTime:0.001092s ]
[2022-10-28T04:43:39+08:00][sql] SELECT * FROM `information` ORDER BY `time` DESC LIMIT 1 [ RunTime:0.000352s ]
[2022-10-28T04:43:39+08:00][sql] SELECT * FROM `information` ORDER BY `time` DESC LIMIT 1,4 [ RunTime:0.000449s ]
[2022-10-28T04:43:39+08:00][sql] SHOW FULL COLUMNS FROM `course` [ RunTime:0.001151s ]
[2022-10-28T04:43:39+08:00][sql] SELECT `id`,`title` FROM `course` ORDER BY `sorting` ASC LIMIT 0,6 [ RunTime:0.000295s ]
[2022-10-28T04:43:39+08:00][sql] SHOW FULL COLUMNS FROM `teacher` [ RunTime:0.000836s ]
[2022-10-28T04:43:39+08:00][sql] SELECT * FROM `teacher` [ RunTime:0.000284s ]
[2022-10-28T04:43:39+08:00][sql] SHOW FULL COLUMNS FROM `address` [ RunTime:0.000919s ]
[2022-10-28T04:43:39+08:00][sql] SELECT * FROM `address` WHERE  `id` = 1 LIMIT 1 [ RunTime:0.000299s ]
[2022-10-28T04:43:39+08:00][sql] SELECT * FROM `address` WHERE  `id` = 2 LIMIT 1 [ RunTime:0.000270s ]
[2022-10-28T04:47:16+08:00][sql] CONNECT:[ UseTime:0.000375s ] mysql:host=localhost;port=3316;dbname=coffee;charset=utf8
[2022-10-28T04:47:16+08:00][sql] SHOW FULL COLUMNS FROM `banner` [ RunTime:0.001259s ]
[2022-10-28T04:47:16+08:00][sql] SELECT * FROM `banner` [ RunTime:0.000266s ]
[2022-10-28T04:47:16+08:00][sql] SHOW FULL COLUMNS FROM `information` [ RunTime:0.000949s ]
[2022-10-28T04:47:16+08:00][sql] SELECT * FROM `information` ORDER BY `time` DESC LIMIT 1 [ RunTime:0.000273s ]
[2022-10-28T04:47:16+08:00][sql] SELECT * FROM `information` ORDER BY `time` DESC LIMIT 1,4 [ RunTime:0.000362s ]
[2022-10-28T04:47:16+08:00][sql] SHOW FULL COLUMNS FROM `course` [ RunTime:0.001066s ]
[2022-10-28T04:47:16+08:00][sql] SELECT `id`,`title` FROM `course` ORDER BY `sorting` ASC LIMIT 0,6 [ RunTime:0.000223s ]
[2022-10-28T04:47:16+08:00][sql] SHOW FULL COLUMNS FROM `teacher` [ RunTime:0.000884s ]
[2022-10-28T04:47:16+08:00][sql] SELECT * FROM `teacher` [ RunTime:0.000218s ]
[2022-10-28T04:47:16+08:00][sql] SHOW FULL COLUMNS FROM `address` [ RunTime:0.000892s ]
[2022-10-28T04:47:16+08:00][sql] SELECT * FROM `address` WHERE  `id` = 1 LIMIT 1 [ RunTime:0.000283s ]
[2022-10-28T04:47:16+08:00][sql] SELECT * FROM `address` WHERE  `id` = 2 LIMIT 1 [ RunTime:0.000228s ]
[2022-10-28T05:53:51+08:00][sql] CONNECT:[ UseTime:0.000414s ] mysql:host=localhost;port=3316;dbname=coffee;charset=utf8
[2022-10-28T05:53:51+08:00][sql] SHOW FULL COLUMNS FROM `banner` [ RunTime:0.001246s ]
[2022-10-28T05:53:51+08:00][sql] SELECT * FROM `banner` [ RunTime:0.000242s ]
[2022-10-28T05:53:51+08:00][sql] SHOW FULL COLUMNS FROM `information` [ RunTime:0.000946s ]
[2022-10-28T05:53:51+08:00][sql] SELECT * FROM `information` ORDER BY `time` DESC LIMIT 1 [ RunTime:0.000315s ]
[2022-10-28T05:53:51+08:00][sql] SELECT * FROM `information` ORDER BY `time` DESC LIMIT 1,4 [ RunTime:0.000377s ]
[2022-10-28T05:53:51+08:00][sql] SHOW FULL COLUMNS FROM `course` [ RunTime:0.001095s ]
[2022-10-28T05:53:51+08:00][sql] SELECT `id`,`title` FROM `course` ORDER BY `sorting` ASC LIMIT 0,6 [ RunTime:0.000224s ]
[2022-10-28T05:53:51+08:00][sql] SHOW FULL COLUMNS FROM `teacher` [ RunTime:0.000872s ]
[2022-10-28T05:53:51+08:00][sql] SELECT * FROM `teacher` [ RunTime:0.000213s ]
[2022-10-28T05:53:51+08:00][sql] SHOW FULL COLUMNS FROM `address` [ RunTime:0.000844s ]
[2022-10-28T05:53:51+08:00][sql] SELECT * FROM `address` WHERE  `id` = 1 LIMIT 1 [ RunTime:0.000224s ]
[2022-10-28T05:53:51+08:00][sql] SELECT * FROM `address` WHERE  `id` = 2 LIMIT 1 [ RunTime:0.000207s ]
[2022-10-28T05:54:12+08:00][sql] CONNECT:[ UseTime:0.000399s ] mysql:host=localhost;port=3316;dbname=coffee;charset=utf8
[2022-10-28T05:54:12+08:00][sql] SHOW FULL COLUMNS FROM `banner` [ RunTime:0.001209s ]
[2022-10-28T05:54:12+08:00][sql] SELECT * FROM `banner` [ RunTime:0.000227s ]
[2022-10-28T05:54:12+08:00][sql] SHOW FULL COLUMNS FROM `information` [ RunTime:0.000969s ]
[2022-10-28T05:54:12+08:00][sql] SELECT * FROM `information` ORDER BY `time` DESC LIMIT 1 [ RunTime:0.000328s ]
[2022-10-28T05:54:12+08:00][sql] SELECT * FROM `information` ORDER BY `time` DESC LIMIT 1,4 [ RunTime:0.000340s ]
[2022-10-28T05:54:12+08:00][sql] SHOW FULL COLUMNS FROM `course` [ RunTime:0.001060s ]
[2022-10-28T05:54:12+08:00][sql] SELECT `id`,`title` FROM `course` ORDER BY `sorting` ASC LIMIT 0,6 [ RunTime:0.000249s ]
[2022-10-28T05:54:12+08:00][sql] SHOW FULL COLUMNS FROM `teacher` [ RunTime:0.000956s ]
[2022-10-28T05:54:12+08:00][sql] SELECT * FROM `teacher` [ RunTime:0.000221s ]
[2022-10-28T05:54:12+08:00][sql] SHOW FULL COLUMNS FROM `address` [ RunTime:0.000913s ]
[2022-10-28T05:54:12+08:00][sql] SELECT * FROM `address` WHERE  `id` = 1 LIMIT 1 [ RunTime:0.000237s ]
[2022-10-28T05:54:12+08:00][sql] SELECT * FROM `address` WHERE  `id` = 2 LIMIT 1 [ RunTime:0.000203s ]
[2022-10-28T06:09:35+08:00][sql] CONNECT:[ UseTime:0.000352s ] mysql:host=localhost;port=3316;dbname=coffee;charset=utf8
[2022-10-28T06:09:35+08:00][sql] SHOW FULL COLUMNS FROM `banner` [ RunTime:0.001311s ]
[2022-10-28T06:09:35+08:00][sql] SELECT * FROM `banner` [ RunTime:0.000209s ]
[2022-10-28T06:09:35+08:00][sql] SHOW FULL COLUMNS FROM `information` [ RunTime:0.000986s ]
[2022-10-28T06:09:35+08:00][sql] SELECT * FROM `information` ORDER BY `time` DESC LIMIT 1 [ RunTime:0.000271s ]
[2022-10-28T06:09:35+08:00][sql] SELECT * FROM `information` ORDER BY `time` DESC LIMIT 1,4 [ RunTime:0.000360s ]
[2022-10-28T06:09:35+08:00][sql] SHOW FULL COLUMNS FROM `course` [ RunTime:0.001056s ]
[2022-10-28T06:09:35+08:00][sql] SELECT `id`,`title` FROM `course` ORDER BY `sorting` ASC LIMIT 0,6 [ RunTime:0.000222s ]
[2022-10-28T06:09:35+08:00][sql] SHOW FULL COLUMNS FROM `teacher` [ RunTime:0.000873s ]
[2022-10-28T06:09:35+08:00][sql] SELECT * FROM `teacher` [ RunTime:0.000244s ]
[2022-10-28T06:09:35+08:00][sql] SHOW FULL COLUMNS FROM `address` [ RunTime:0.000998s ]
[2022-10-28T06:09:35+08:00][sql] SELECT * FROM `address` WHERE  `id` = 1 LIMIT 1 [ RunTime:0.000239s ]
[2022-10-28T06:09:35+08:00][sql] SELECT * FROM `address` WHERE  `id` = 2 LIMIT 1 [ RunTime:0.000206s ]
[2022-10-28T06:15:35+08:00][sql] CONNECT:[ UseTime:0.000349s ] mysql:host=localhost;port=3316;dbname=coffee;charset=utf8
[2022-10-28T06:15:35+08:00][sql] SHOW FULL COLUMNS FROM `banner` [ RunTime:0.001309s ]
[2022-10-28T06:15:35+08:00][sql] SELECT * FROM `banner` [ RunTime:0.000213s ]
[2022-10-28T06:15:35+08:00][sql] SHOW FULL COLUMNS FROM `information` [ RunTime:0.000955s ]
[2022-10-28T06:15:35+08:00][sql] SELECT * FROM `information` ORDER BY `time` DESC LIMIT 1 [ RunTime:0.000269s ]
[2022-10-28T06:15:35+08:00][sql] SELECT * FROM `information` ORDER BY `time` DESC LIMIT 1,4 [ RunTime:0.000393s ]
[2022-10-28T06:15:35+08:00][sql] SHOW FULL COLUMNS FROM `course` [ RunTime:0.001048s ]
[2022-10-28T06:15:35+08:00][sql] SELECT `id`,`title` FROM `course` ORDER BY `sorting` ASC LIMIT 0,6 [ RunTime:0.000218s ]
[2022-10-28T06:15:35+08:00][sql] SHOW FULL COLUMNS FROM `teacher` [ RunTime:0.000886s ]
[2022-10-28T06:15:35+08:00][sql] SELECT * FROM `teacher` [ RunTime:0.000217s ]
[2022-10-28T06:15:35+08:00][sql] SHOW FULL COLUMNS FROM `address` [ RunTime:0.000903s ]
[2022-10-28T06:15:35+08:00][sql] SELECT * FROM `address` WHERE  `id` = 1 LIMIT 1 [ RunTime:0.000283s ]
[2022-10-28T06:15:35+08:00][sql] SELECT * FROM `address` WHERE  `id` = 2 LIMIT 1 [ RunTime:0.000206s ]
[2022-10-28T06:47:22+08:00][sql] CONNECT:[ UseTime:0.000400s ] mysql:host=localhost;port=3316;dbname=coffee;charset=utf8
[2022-10-28T06:47:22+08:00][sql] SHOW FULL COLUMNS FROM `banner` [ RunTime:0.001448s ]
[2022-10-28T06:47:22+08:00][sql] SELECT * FROM `banner` [ RunTime:0.000228s ]
[2022-10-28T06:47:22+08:00][sql] SHOW FULL COLUMNS FROM `information` [ RunTime:0.000935s ]
[2022-10-28T06:47:22+08:00][sql] SELECT * FROM `information` ORDER BY `time` DESC LIMIT 1 [ RunTime:0.000289s ]
[2022-10-28T06:47:22+08:00][sql] SELECT * FROM `information` ORDER BY `time` DESC LIMIT 1,4 [ RunTime:0.000338s ]
[2022-10-28T06:47:22+08:00][sql] SHOW FULL COLUMNS FROM `course` [ RunTime:0.001016s ]
[2022-10-28T06:47:22+08:00][sql] SELECT `id`,`title` FROM `course` ORDER BY `sorting` ASC LIMIT 0,6 [ RunTime:0.000205s ]
[2022-10-28T06:47:22+08:00][sql] SHOW FULL COLUMNS FROM `teacher` [ RunTime:0.000919s ]
[2022-10-28T06:47:22+08:00][sql] SELECT * FROM `teacher` [ RunTime:0.000255s ]
[2022-10-28T06:47:22+08:00][sql] SHOW FULL COLUMNS FROM `address` [ RunTime:0.000923s ]
[2022-10-28T06:47:22+08:00][sql] SELECT * FROM `address` WHERE  `id` = 1 LIMIT 1 [ RunTime:0.000297s ]
[2022-10-28T06:47:22+08:00][sql] SELECT * FROM `address` WHERE  `id` = 2 LIMIT 1 [ RunTime:0.000245s ]
[2022-10-28T07:27:15+08:00][sql] CONNECT:[ UseTime:0.000417s ] mysql:host=localhost;port=3316;dbname=coffee;charset=utf8
[2022-10-28T07:27:15+08:00][sql] SHOW FULL COLUMNS FROM `banner` [ RunTime:0.001266s ]
[2022-10-28T07:27:15+08:00][sql] SELECT * FROM `banner` [ RunTime:0.000249s ]
[2022-10-28T07:27:15+08:00][sql] SHOW FULL COLUMNS FROM `information` [ RunTime:0.000984s ]
[2022-10-28T07:27:15+08:00][sql] SELECT * FROM `information` ORDER BY `time` DESC LIMIT 1 [ RunTime:0.000315s ]
[2022-10-28T07:27:15+08:00][sql] SELECT * FROM `information` ORDER BY `time` DESC LIMIT 1,4 [ RunTime:0.000406s ]
[2022-10-28T07:27:15+08:00][sql] SHOW FULL COLUMNS FROM `course` [ RunTime:0.001130s ]
[2022-10-28T07:27:15+08:00][sql] SELECT `id`,`title` FROM `course` ORDER BY `sorting` ASC LIMIT 0,6 [ RunTime:0.000265s ]
[2022-10-28T07:27:15+08:00][sql] SHOW FULL COLUMNS FROM `teacher` [ RunTime:0.000931s ]
[2022-10-28T07:27:15+08:00][sql] SELECT * FROM `teacher` [ RunTime:0.000266s ]
[2022-10-28T07:27:15+08:00][sql] SHOW FULL COLUMNS FROM `address` [ RunTime:0.000969s ]
[2022-10-28T07:27:15+08:00][sql] SELECT * FROM `address` WHERE  `id` = 1 LIMIT 1 [ RunTime:0.000304s ]
[2022-10-28T07:27:15+08:00][sql] SELECT * FROM `address` WHERE  `id` = 2 LIMIT 1 [ RunTime:0.000332s ]
[2022-10-28T07:32:42+08:00][sql] CONNECT:[ UseTime:0.000419s ] mysql:host=localhost;port=3316;dbname=coffee;charset=utf8
[2022-10-28T07:32:42+08:00][sql] SHOW FULL COLUMNS FROM `banner` [ RunTime:0.001268s ]
[2022-10-28T07:32:42+08:00][sql] SELECT * FROM `banner` [ RunTime:0.000214s ]
[2022-10-28T07:32:42+08:00][sql] SHOW FULL COLUMNS FROM `information` [ RunTime:0.001107s ]
[2022-10-28T07:32:42+08:00][sql] SELECT * FROM `information` ORDER BY `time` DESC LIMIT 1 [ RunTime:0.000295s ]
[2022-10-28T07:32:42+08:00][sql] SELECT * FROM `information` ORDER BY `time` DESC LIMIT 1,4 [ RunTime:0.000433s ]
[2022-10-28T07:32:42+08:00][sql] SHOW FULL COLUMNS FROM `course` [ RunTime:0.001039s ]
[2022-10-28T07:32:42+08:00][sql] SELECT `id`,`title` FROM `course` ORDER BY `sorting` ASC LIMIT 0,6 [ RunTime:0.000275s ]
[2022-10-28T07:32:42+08:00][sql] SHOW FULL COLUMNS FROM `teacher` [ RunTime:0.000824s ]
[2022-10-28T07:32:42+08:00][sql] SELECT * FROM `teacher` [ RunTime:0.000289s ]
[2022-10-28T07:32:42+08:00][sql] SHOW FULL COLUMNS FROM `address` [ RunTime:0.000873s ]
[2022-10-28T07:32:42+08:00][sql] SELECT * FROM `address` WHERE  `id` = 1 LIMIT 1 [ RunTime:0.000279s ]
[2022-10-28T07:32:42+08:00][sql] SELECT * FROM `address` WHERE  `id` = 2 LIMIT 1 [ RunTime:0.000207s ]
[2022-10-28T08:15:17+08:00][sql] CONNECT:[ UseTime:0.000488s ] mysql:host=localhost;port=3316;dbname=coffee;charset=utf8
[2022-10-28T08:15:17+08:00][sql] SHOW FULL COLUMNS FROM `banner` [ RunTime:0.002440s ]
[2022-10-28T08:15:17+08:00][sql] SELECT * FROM `banner` [ RunTime:0.000250s ]
[2022-10-28T08:15:17+08:00][sql] SHOW FULL COLUMNS FROM `information` [ RunTime:0.000983s ]
[2022-10-28T08:15:17+08:00][sql] SELECT * FROM `information` ORDER BY `time` DESC LIMIT 1 [ RunTime:0.000324s ]
[2022-10-28T08:15:17+08:00][sql] SELECT * FROM `information` ORDER BY `time` DESC LIMIT 1,4 [ RunTime:0.000346s ]
[2022-10-28T08:15:17+08:00][sql] SHOW FULL COLUMNS FROM `course` [ RunTime:0.001040s ]
[2022-10-28T08:15:17+08:00][sql] SELECT `id`,`title` FROM `course` ORDER BY `sorting` ASC LIMIT 0,6 [ RunTime:0.000249s ]
[2022-10-28T08:15:17+08:00][sql] SHOW FULL COLUMNS FROM `teacher` [ RunTime:0.000832s ]
[2022-10-28T08:15:17+08:00][sql] SELECT * FROM `teacher` [ RunTime:0.000219s ]
[2022-10-28T08:15:17+08:00][sql] SHOW FULL COLUMNS FROM `address` [ RunTime:0.000864s ]
[2022-10-28T08:15:17+08:00][sql] SELECT * FROM `address` WHERE  `id` = 1 LIMIT 1 [ RunTime:0.000240s ]
[2022-10-28T08:15:17+08:00][sql] SELECT * FROM `address` WHERE  `id` = 2 LIMIT 1 [ RunTime:0.000267s ]
[2022-10-28T10:11:16+08:00][sql] CONNECT:[ UseTime:0.000685s ] mysql:host=localhost;port=3316;dbname=coffee;charset=utf8
[2022-10-28T10:11:16+08:00][sql] SHOW FULL COLUMNS FROM `banner` [ RunTime:0.001820s ]
[2022-10-28T10:11:16+08:00][sql] SELECT * FROM `banner` [ RunTime:0.000309s ]
[2022-10-28T10:11:16+08:00][sql] SHOW FULL COLUMNS FROM `information` [ RunTime:0.001370s ]
[2022-10-28T10:11:16+08:00][sql] SELECT * FROM `information` ORDER BY `time` DESC LIMIT 1 [ RunTime:0.000395s ]
[2022-10-28T10:11:16+08:00][sql] SELECT * FROM `information` ORDER BY `time` DESC LIMIT 1,4 [ RunTime:0.000469s ]
[2022-10-28T10:11:16+08:00][sql] SHOW FULL COLUMNS FROM `course` [ RunTime:0.001613s ]
[2022-10-28T10:11:16+08:00][sql] SELECT `id`,`title` FROM `course` ORDER BY `sorting` ASC LIMIT 0,6 [ RunTime:0.000285s ]
[2022-10-28T10:11:16+08:00][sql] SHOW FULL COLUMNS FROM `teacher` [ RunTime:0.001346s ]
[2022-10-28T10:11:16+08:00][sql] SELECT * FROM `teacher` [ RunTime:0.000277s ]
[2022-10-28T10:11:16+08:00][sql] SHOW FULL COLUMNS FROM `address` [ RunTime:0.001295s ]
[2022-10-28T10:11:16+08:00][sql] SELECT * FROM `address` WHERE  `id` = 1 LIMIT 1 [ RunTime:0.000336s ]
[2022-10-28T10:11:16+08:00][sql] SELECT * FROM `address` WHERE  `id` = 2 LIMIT 1 [ RunTime:0.000247s ]
[2022-10-28T10:36:20+08:00][sql] CONNECT:[ UseTime:0.000460s ] mysql:host=localhost;port=3316;dbname=coffee;charset=utf8
[2022-10-28T10:36:20+08:00][sql] SHOW FULL COLUMNS FROM `banner` [ RunTime:0.001233s ]
[2022-10-28T10:36:20+08:00][sql] SELECT * FROM `banner` [ RunTime:0.000223s ]
[2022-10-28T10:36:20+08:00][sql] SHOW FULL COLUMNS FROM `information` [ RunTime:0.000914s ]
[2022-10-28T10:36:20+08:00][sql] SELECT * FROM `information` ORDER BY `time` DESC LIMIT 1 [ RunTime:0.000287s ]
[2022-10-28T10:36:20+08:00][sql] SELECT * FROM `information` ORDER BY `time` DESC LIMIT 1,4 [ RunTime:0.000335s ]
[2022-10-28T10:36:20+08:00][sql] SHOW FULL COLUMNS FROM `course` [ RunTime:0.001055s ]
[2022-10-28T10:36:20+08:00][sql] SELECT `id`,`title` FROM `course` ORDER BY `sorting` ASC LIMIT 0,6 [ RunTime:0.000236s ]
[2022-10-28T10:36:20+08:00][sql] SHOW FULL COLUMNS FROM `teacher` [ RunTime:0.000864s ]
[2022-10-28T10:36:20+08:00][sql] SELECT * FROM `teacher` [ RunTime:0.000227s ]
[2022-10-28T10:36:20+08:00][sql] SHOW FULL COLUMNS FROM `address` [ RunTime:0.000845s ]
[2022-10-28T10:36:20+08:00][sql] SELECT * FROM `address` WHERE  `id` = 1 LIMIT 1 [ RunTime:0.000237s ]
[2022-10-28T10:36:20+08:00][sql] SELECT * FROM `address` WHERE  `id` = 2 LIMIT 1 [ RunTime:0.000193s ]
[2022-10-28T10:45:43+08:00][sql] CONNECT:[ UseTime:0.000395s ] mysql:host=localhost;port=3316;dbname=coffee;charset=utf8
[2022-10-28T10:45:43+08:00][sql] SHOW FULL COLUMNS FROM `banner` [ RunTime:0.001206s ]
[2022-10-28T10:45:43+08:00][sql] SELECT * FROM `banner` [ RunTime:0.000210s ]
[2022-10-28T10:45:43+08:00][sql] SHOW FULL COLUMNS FROM `information` [ RunTime:0.000946s ]
[2022-10-28T10:45:43+08:00][sql] SELECT * FROM `information` ORDER BY `time` DESC LIMIT 1 [ RunTime:0.000276s ]
[2022-10-28T10:45:43+08:00][sql] SELECT * FROM `information` ORDER BY `time` DESC LIMIT 1,4 [ RunTime:0.000370s ]
[2022-10-28T10:45:43+08:00][sql] SHOW FULL COLUMNS FROM `course` [ RunTime:0.001069s ]
[2022-10-28T10:45:43+08:00][sql] SELECT `id`,`title` FROM `course` ORDER BY `sorting` ASC LIMIT 0,6 [ RunTime:0.000281s ]
[2022-10-28T10:45:43+08:00][sql] SHOW FULL COLUMNS FROM `teacher` [ RunTime:0.000888s ]
[2022-10-28T10:45:43+08:00][sql] SELECT * FROM `teacher` [ RunTime:0.000218s ]
[2022-10-28T10:45:43+08:00][sql] SHOW FULL COLUMNS FROM `address` [ RunTime:0.000882s ]
[2022-10-28T10:45:43+08:00][sql] SELECT * FROM `address` WHERE  `id` = 1 LIMIT 1 [ RunTime:0.000250s ]
[2022-10-28T10:45:43+08:00][sql] SELECT * FROM `address` WHERE  `id` = 2 LIMIT 1 [ RunTime:0.000205s ]
[2022-10-28T10:45:44+08:00][sql] CONNECT:[ UseTime:0.000421s ] mysql:host=localhost;port=3316;dbname=coffee;charset=utf8
[2022-10-28T10:45:44+08:00][sql] SHOW FULL COLUMNS FROM `banner` [ RunTime:0.001314s ]
[2022-10-28T10:45:44+08:00][sql] SELECT * FROM `banner` [ RunTime:0.000220s ]
[2022-10-28T10:45:44+08:00][sql] SHOW FULL COLUMNS FROM `information` [ RunTime:0.001003s ]
[2022-10-28T10:45:44+08:00][sql] SELECT * FROM `information` ORDER BY `time` DESC LIMIT 1 [ RunTime:0.000277s ]
[2022-10-28T10:45:44+08:00][sql] SELECT * FROM `information` ORDER BY `time` DESC LIMIT 1,4 [ RunTime:0.000350s ]
[2022-10-28T10:45:44+08:00][sql] SHOW FULL COLUMNS FROM `course` [ RunTime:0.001065s ]
[2022-10-28T10:45:44+08:00][sql] SELECT `id`,`title` FROM `course` ORDER BY `sorting` ASC LIMIT 0,6 [ RunTime:0.000249s ]
[2022-10-28T10:45:44+08:00][sql] SHOW FULL COLUMNS FROM `teacher` [ RunTime:0.000882s ]
[2022-10-28T10:45:44+08:00][sql] SELECT * FROM `teacher` [ RunTime:0.000218s ]
[2022-10-28T10:45:44+08:00][sql] SHOW FULL COLUMNS FROM `address` [ RunTime:0.000887s ]
[2022-10-28T10:45:44+08:00][sql] SELECT * FROM `address` WHERE  `id` = 1 LIMIT 1 [ RunTime:0.000286s ]
[2022-10-28T10:45:44+08:00][sql] SELECT * FROM `address` WHERE  `id` = 2 LIMIT 1 [ RunTime:0.000208s ]
[2022-10-28T10:45:45+08:00][sql] CONNECT:[ UseTime:0.000405s ] mysql:host=localhost;port=3316;dbname=coffee;charset=utf8
[2022-10-28T10:45:45+08:00][sql] SHOW FULL COLUMNS FROM `banner` [ RunTime:0.001159s ]
[2022-10-28T10:45:45+08:00][sql] SELECT * FROM `banner` [ RunTime:0.000217s ]
[2022-10-28T10:45:45+08:00][sql] SHOW FULL COLUMNS FROM `information` [ RunTime:0.000898s ]
[2022-10-28T10:45:45+08:00][sql] SELECT * FROM `information` ORDER BY `time` DESC LIMIT 1 [ RunTime:0.000273s ]
[2022-10-28T10:45:45+08:00][sql] SELECT * FROM `information` ORDER BY `time` DESC LIMIT 1,4 [ RunTime:0.000328s ]
[2022-10-28T10:45:45+08:00][sql] SHOW FULL COLUMNS FROM `course` [ RunTime:0.001030s ]
[2022-10-28T10:45:45+08:00][sql] SELECT `id`,`title` FROM `course` ORDER BY `sorting` ASC LIMIT 0,6 [ RunTime:0.000212s ]
[2022-10-28T10:45:45+08:00][sql] SHOW FULL COLUMNS FROM `teacher` [ RunTime:0.000864s ]
[2022-10-28T10:45:45+08:00][sql] SELECT * FROM `teacher` [ RunTime:0.000261s ]
[2022-10-28T10:45:45+08:00][sql] SHOW FULL COLUMNS FROM `address` [ RunTime:0.000935s ]
[2022-10-28T10:45:45+08:00][sql] SELECT * FROM `address` WHERE  `id` = 1 LIMIT 1 [ RunTime:0.000287s ]
[2022-10-28T10:45:45+08:00][sql] SELECT * FROM `address` WHERE  `id` = 2 LIMIT 1 [ RunTime:0.000238s ]
[2022-10-28T10:50:12+08:00][sql] CONNECT:[ UseTime:0.000367s ] mysql:host=localhost;port=3316;dbname=coffee;charset=utf8
[2022-10-28T10:50:12+08:00][sql] SHOW FULL COLUMNS FROM `banner` [ RunTime:0.001244s ]
[2022-10-28T10:50:12+08:00][sql] SELECT * FROM `banner` [ RunTime:0.000230s ]
[2022-10-28T10:50:12+08:00][sql] SHOW FULL COLUMNS FROM `information` [ RunTime:0.000942s ]
[2022-10-28T10:50:12+08:00][sql] SELECT * FROM `information` ORDER BY `time` DESC LIMIT 1 [ RunTime:0.000271s ]
[2022-10-28T10:50:12+08:00][sql] SELECT * FROM `information` ORDER BY `time` DESC LIMIT 1,4 [ RunTime:0.000486s ]
[2022-10-28T10:50:12+08:00][sql] SHOW FULL COLUMNS FROM `course` [ RunTime:0.001105s ]
[2022-10-28T10:50:12+08:00][sql] SELECT `id`,`title` FROM `course` ORDER BY `sorting` ASC LIMIT 0,6 [ RunTime:0.000217s ]
[2022-10-28T10:50:12+08:00][sql] SHOW FULL COLUMNS FROM `teacher` [ RunTime:0.000874s ]
[2022-10-28T10:50:12+08:00][sql] SELECT * FROM `teacher` [ RunTime:0.000241s ]
[2022-10-28T10:50:12+08:00][sql] SHOW FULL COLUMNS FROM `address` [ RunTime:0.000825s ]
[2022-10-28T10:50:12+08:00][sql] SELECT * FROM `address` WHERE  `id` = 1 LIMIT 1 [ RunTime:0.000291s ]
[2022-10-28T10:50:12+08:00][sql] SELECT * FROM `address` WHERE  `id` = 2 LIMIT 1 [ RunTime:0.000251s ]
[2022-10-28T10:50:12+08:00][sql] CONNECT:[ UseTime:0.000419s ] mysql:host=localhost;port=3316;dbname=coffee;charset=utf8
[2022-10-28T10:50:12+08:00][sql] SHOW FULL COLUMNS FROM `banner` [ RunTime:0.001262s ]
[2022-10-28T10:50:12+08:00][sql] SELECT * FROM `banner` [ RunTime:0.000249s ]
[2022-10-28T10:50:12+08:00][sql] SHOW FULL COLUMNS FROM `information` [ RunTime:0.001035s ]
[2022-10-28T10:50:12+08:00][sql] SELECT * FROM `information` ORDER BY `time` DESC LIMIT 1 [ RunTime:0.000316s ]
[2022-10-28T10:50:12+08:00][sql] SELECT * FROM `information` ORDER BY `time` DESC LIMIT 1,4 [ RunTime:0.000410s ]
[2022-10-28T10:50:12+08:00][sql] SHOW FULL COLUMNS FROM `course` [ RunTime:0.001067s ]
[2022-10-28T10:50:12+08:00][sql] SELECT `id`,`title` FROM `course` ORDER BY `sorting` ASC LIMIT 0,6 [ RunTime:0.000261s ]
[2022-10-28T10:50:12+08:00][sql] SHOW FULL COLUMNS FROM `teacher` [ RunTime:0.000901s ]
[2022-10-28T10:50:12+08:00][sql] SELECT * FROM `teacher` [ RunTime:0.000304s ]
[2022-10-28T10:50:12+08:00][sql] SHOW FULL COLUMNS FROM `address` [ RunTime:0.000953s ]
[2022-10-28T10:50:12+08:00][sql] SELECT * FROM `address` WHERE  `id` = 1 LIMIT 1 [ RunTime:0.000276s ]
[2022-10-28T10:50:12+08:00][sql] SELECT * FROM `address` WHERE  `id` = 2 LIMIT 1 [ RunTime:0.000243s ]
[2022-10-28T11:55:47+08:00][sql] CONNECT:[ UseTime:0.000409s ] mysql:host=localhost;port=3316;dbname=coffee;charset=utf8
[2022-10-28T11:55:47+08:00][sql] SHOW FULL COLUMNS FROM `banner` [ RunTime:0.001240s ]
[2022-10-28T11:55:47+08:00][sql] SELECT * FROM `banner` [ RunTime:0.000302s ]
[2022-10-28T11:55:47+08:00][sql] SHOW FULL COLUMNS FROM `information` [ RunTime:0.001025s ]
[2022-10-28T11:55:47+08:00][sql] SELECT * FROM `information` ORDER BY `time` DESC LIMIT 1 [ RunTime:0.000310s ]
[2022-10-28T11:55:47+08:00][sql] SELECT * FROM `information` ORDER BY `time` DESC LIMIT 1,4 [ RunTime:0.000400s ]
[2022-10-28T11:55:47+08:00][sql] SHOW FULL COLUMNS FROM `course` [ RunTime:0.001071s ]
[2022-10-28T11:55:47+08:00][sql] SELECT `id`,`title` FROM `course` ORDER BY `sorting` ASC LIMIT 0,6 [ RunTime:0.000258s ]
[2022-10-28T11:55:47+08:00][sql] SHOW FULL COLUMNS FROM `teacher` [ RunTime:0.000906s ]
[2022-10-28T11:55:47+08:00][sql] SELECT * FROM `teacher` [ RunTime:0.000267s ]
[2022-10-28T11:55:47+08:00][sql] SHOW FULL COLUMNS FROM `address` [ RunTime:0.000915s ]
[2022-10-28T11:55:47+08:00][sql] SELECT * FROM `address` WHERE  `id` = 1 LIMIT 1 [ RunTime:0.000266s ]
[2022-10-28T11:55:47+08:00][sql] SELECT * FROM `address` WHERE  `id` = 2 LIMIT 1 [ RunTime:0.000231s ]
[2022-10-28T13:13:11+08:00][sql] CONNECT:[ UseTime:0.000420s ] mysql:host=localhost;port=3316;dbname=coffee;charset=utf8
[2022-10-28T13:13:11+08:00][sql] SHOW FULL COLUMNS FROM `banner` [ RunTime:0.001298s ]
[2022-10-28T13:13:11+08:00][sql] SELECT * FROM `banner` [ RunTime:0.000432s ]
[2022-10-28T13:13:11+08:00][sql] SHOW FULL COLUMNS FROM `information` [ RunTime:0.000957s ]
[2022-10-28T13:13:11+08:00][sql] SELECT * FROM `information` ORDER BY `time` DESC LIMIT 1 [ RunTime:0.000335s ]
[2022-10-28T13:13:11+08:00][sql] SELECT * FROM `information` ORDER BY `time` DESC LIMIT 1,4 [ RunTime:0.000404s ]
[2022-10-28T13:13:11+08:00][sql] SHOW FULL COLUMNS FROM `course` [ RunTime:0.001095s ]
[2022-10-28T13:13:11+08:00][sql] SELECT `id`,`title` FROM `course` ORDER BY `sorting` ASC LIMIT 0,6 [ RunTime:0.000410s ]
[2022-10-28T13:13:11+08:00][sql] SHOW FULL COLUMNS FROM `teacher` [ RunTime:0.000988s ]
[2022-10-28T13:13:11+08:00][sql] SELECT * FROM `teacher` [ RunTime:0.000250s ]
[2022-10-28T13:13:11+08:00][sql] SHOW FULL COLUMNS FROM `address` [ RunTime:0.000902s ]
[2022-10-28T13:13:11+08:00][sql] SELECT * FROM `address` WHERE  `id` = 1 LIMIT 1 [ RunTime:0.000265s ]
[2022-10-28T13:13:11+08:00][sql] SELECT * FROM `address` WHERE  `id` = 2 LIMIT 1 [ RunTime:0.000248s ]
[2022-10-28T13:13:11+08:00][sql] CONNECT:[ UseTime:0.000423s ] mysql:host=localhost;port=3316;dbname=coffee;charset=utf8
[2022-10-28T13:13:11+08:00][sql] SHOW FULL COLUMNS FROM `banner` [ RunTime:0.002364s ]
[2022-10-28T13:13:11+08:00][sql] SELECT * FROM `banner` [ RunTime:0.000388s ]
[2022-10-28T13:13:11+08:00][sql] SHOW FULL COLUMNS FROM `information` [ RunTime:0.001536s ]
[2022-10-28T13:13:11+08:00][sql] SELECT * FROM `information` ORDER BY `time` DESC LIMIT 1 [ RunTime:0.000380s ]
[2022-10-28T13:13:11+08:00][sql] SELECT * FROM `information` ORDER BY `time` DESC LIMIT 1,4 [ RunTime:0.000371s ]
[2022-10-28T13:13:11+08:00][sql] SHOW FULL COLUMNS FROM `course` [ RunTime:0.001467s ]
[2022-10-28T13:13:11+08:00][sql] SELECT `id`,`title` FROM `course` ORDER BY `sorting` ASC LIMIT 0,6 [ RunTime:0.000271s ]
[2022-10-28T13:13:11+08:00][sql] SHOW FULL COLUMNS FROM `teacher` [ RunTime:0.001053s ]
[2022-10-28T13:13:11+08:00][sql] SELECT * FROM `teacher` [ RunTime:0.000387s ]
[2022-10-28T13:13:11+08:00][sql] SHOW FULL COLUMNS FROM `address` [ RunTime:0.001221s ]
[2022-10-28T13:13:11+08:00][sql] SELECT * FROM `address` WHERE  `id` = 1 LIMIT 1 [ RunTime:0.000317s ]
[2022-10-28T13:13:11+08:00][sql] SELECT * FROM `address` WHERE  `id` = 2 LIMIT 1 [ RunTime:0.000207s ]
[2022-10-28T13:13:11+08:00][sql] CONNECT:[ UseTime:0.003524s ] mysql:host=localhost;port=3316;dbname=coffee;charset=utf8
[2022-10-28T13:13:11+08:00][sql] SHOW FULL COLUMNS FROM `banner` [ RunTime:0.001582s ]
[2022-10-28T13:13:11+08:00][sql] SELECT * FROM `banner` [ RunTime:0.000941s ]
[2022-10-28T13:13:11+08:00][sql] SHOW FULL COLUMNS FROM `information` [ RunTime:0.001759s ]
[2022-10-28T13:13:11+08:00][sql] SELECT * FROM `information` ORDER BY `time` DESC LIMIT 1 [ RunTime:0.001065s ]
[2022-10-28T13:13:11+08:00][sql] SELECT * FROM `information` ORDER BY `time` DESC LIMIT 1,4 [ RunTime:0.001654s ]
[2022-10-28T13:13:11+08:00][sql] SHOW FULL COLUMNS FROM `course` [ RunTime:0.002982s ]
[2022-10-28T13:13:11+08:00][sql] SELECT `id`,`title` FROM `course` ORDER BY `sorting` ASC LIMIT 0,6 [ RunTime:0.000362s ]
[2022-10-28T13:13:11+08:00][sql] SHOW FULL COLUMNS FROM `teacher` [ RunTime:0.002099s ]
[2022-10-28T13:13:11+08:00][sql] SELECT * FROM `teacher` [ RunTime:0.000514s ]
[2022-10-28T13:13:11+08:00][sql] SHOW FULL COLUMNS FROM `address` [ RunTime:0.001346s ]
[2022-10-28T13:13:11+08:00][sql] SELECT * FROM `address` WHERE  `id` = 1 LIMIT 1 [ RunTime:0.000542s ]
[2022-10-28T13:13:11+08:00][sql] SELECT * FROM `address` WHERE  `id` = 2 LIMIT 1 [ RunTime:0.000814s ]
[2022-10-28T13:13:11+08:00][sql] CONNECT:[ UseTime:0.001360s ] mysql:host=localhost;port=3316;dbname=coffee;charset=utf8
[2022-10-28T13:13:11+08:00][sql] SHOW FULL COLUMNS FROM `banner` [ RunTime:0.001301s ]
[2022-10-28T13:13:11+08:00][sql] SELECT * FROM `banner` [ RunTime:0.000231s ]
[2022-10-28T13:13:11+08:00][sql] SHOW FULL COLUMNS FROM `information` [ RunTime:0.002902s ]
[2022-10-28T13:13:11+08:00][sql] SELECT * FROM `information` ORDER BY `time` DESC LIMIT 1 [ RunTime:0.000616s ]
[2022-10-28T13:13:11+08:00][sql] SELECT * FROM `information` ORDER BY `time` DESC LIMIT 1,4 [ RunTime:0.000514s ]
[2022-10-28T13:13:11+08:00][sql] SHOW FULL COLUMNS FROM `course` [ RunTime:0.001449s ]
[2022-10-28T13:13:11+08:00][sql] SELECT `id`,`title` FROM `course` ORDER BY `sorting` ASC LIMIT 0,6 [ RunTime:0.000432s ]
[2022-10-28T13:13:11+08:00][sql] SHOW FULL COLUMNS FROM `teacher` [ RunTime:0.001395s ]
[2022-10-28T13:13:11+08:00][sql] SELECT * FROM `teacher` [ RunTime:0.000717s ]
[2022-10-28T13:13:11+08:00][sql] SHOW FULL COLUMNS FROM `address` [ RunTime:0.001799s ]
[2022-10-28T13:13:11+08:00][sql] SELECT * FROM `address` WHERE  `id` = 1 LIMIT 1 [ RunTime:0.000308s ]
[2022-10-28T13:13:11+08:00][sql] SELECT * FROM `address` WHERE  `id` = 2 LIMIT 1 [ RunTime:0.000272s ]
[2022-10-28T13:13:11+08:00][sql] CONNECT:[ UseTime:0.000313s ] mysql:host=localhost;port=3316;dbname=coffee;charset=utf8
[2022-10-28T13:13:11+08:00][sql] SHOW FULL COLUMNS FROM `banner` [ RunTime:0.001556s ]
[2022-10-28T13:13:11+08:00][sql] SELECT * FROM `banner` [ RunTime:0.000315s ]
[2022-10-28T13:13:11+08:00][sql] SHOW FULL COLUMNS FROM `information` [ RunTime:0.001420s ]
[2022-10-28T13:13:11+08:00][sql] SELECT * FROM `information` ORDER BY `time` DESC LIMIT 1 [ RunTime:0.000404s ]
[2022-10-28T13:13:11+08:00][sql] SELECT * FROM `information` ORDER BY `time` DESC LIMIT 1,4 [ RunTime:0.000555s ]
[2022-10-28T13:13:11+08:00][sql] SHOW FULL COLUMNS FROM `course` [ RunTime:0.001619s ]
[2022-10-28T13:13:11+08:00][sql] SELECT `id`,`title` FROM `course` ORDER BY `sorting` ASC LIMIT 0,6 [ RunTime:0.000298s ]
[2022-10-28T13:13:11+08:00][sql] SHOW FULL COLUMNS FROM `teacher` [ RunTime:0.001310s ]
[2022-10-28T13:13:11+08:00][sql] SELECT * FROM `teacher` [ RunTime:0.000297s ]
[2022-10-28T13:13:11+08:00][sql] SHOW FULL COLUMNS FROM `address` [ RunTime:0.001344s ]
[2022-10-28T13:13:11+08:00][sql] SELECT * FROM `address` WHERE  `id` = 1 LIMIT 1 [ RunTime:0.000339s ]
[2022-10-28T13:13:11+08:00][sql] SELECT * FROM `address` WHERE  `id` = 2 LIMIT 1 [ RunTime:0.000316s ]
[2022-10-28T13:13:12+08:00][sql] CONNECT:[ UseTime:0.000441s ] mysql:host=localhost;port=3316;dbname=coffee;charset=utf8
[2022-10-28T13:13:12+08:00][sql] SHOW FULL COLUMNS FROM `banner` [ RunTime:0.001297s ]
[2022-10-28T13:13:12+08:00][sql] SELECT * FROM `banner` [ RunTime:0.000252s ]
[2022-10-28T13:13:12+08:00][sql] SHOW FULL COLUMNS FROM `information` [ RunTime:0.001105s ]
[2022-10-28T13:13:12+08:00][sql] SELECT * FROM `information` ORDER BY `time` DESC LIMIT 1 [ RunTime:0.000328s ]
[2022-10-28T13:13:12+08:00][sql] SELECT * FROM `information` ORDER BY `time` DESC LIMIT 1,4 [ RunTime:0.000421s ]
[2022-10-28T13:13:12+08:00][sql] SHOW FULL COLUMNS FROM `course` [ RunTime:0.001146s ]
[2022-10-28T13:13:12+08:00][sql] SELECT `id`,`title` FROM `course` ORDER BY `sorting` ASC LIMIT 0,6 [ RunTime:0.000260s ]
[2022-10-28T13:13:12+08:00][sql] SHOW FULL COLUMNS FROM `teacher` [ RunTime:0.000995s ]
[2022-10-28T13:13:12+08:00][sql] SELECT * FROM `teacher` [ RunTime:0.000301s ]
[2022-10-28T13:13:12+08:00][sql] SHOW FULL COLUMNS FROM `address` [ RunTime:0.000948s ]
[2022-10-28T13:13:12+08:00][sql] SELECT * FROM `address` WHERE  `id` = 1 LIMIT 1 [ RunTime:0.000276s ]
[2022-10-28T13:13:12+08:00][sql] SELECT * FROM `address` WHERE  `id` = 2 LIMIT 1 [ RunTime:0.000253s ]
[2022-10-28T13:13:12+08:00][sql] CONNECT:[ UseTime:0.000403s ] mysql:host=localhost;port=3316;dbname=coffee;charset=utf8
[2022-10-28T13:13:12+08:00][sql] SHOW FULL COLUMNS FROM `banner` [ RunTime:0.001253s ]
[2022-10-28T13:13:12+08:00][sql] SELECT * FROM `banner` [ RunTime:0.000211s ]
[2022-10-28T13:13:12+08:00][sql] SHOW FULL COLUMNS FROM `information` [ RunTime:0.001031s ]
[2022-10-28T13:13:12+08:00][sql] SELECT * FROM `information` ORDER BY `time` DESC LIMIT 1 [ RunTime:0.000278s ]
[2022-10-28T13:13:12+08:00][sql] SELECT * FROM `information` ORDER BY `time` DESC LIMIT 1,4 [ RunTime:0.000387s ]
[2022-10-28T13:13:12+08:00][sql] SHOW FULL COLUMNS FROM `course` [ RunTime:0.001091s ]
[2022-10-28T13:13:12+08:00][sql] SELECT `id`,`title` FROM `course` ORDER BY `sorting` ASC LIMIT 0,6 [ RunTime:0.000224s ]
[2022-10-28T13:13:12+08:00][sql] SHOW FULL COLUMNS FROM `teacher` [ RunTime:0.000923s ]
[2022-10-28T13:13:12+08:00][sql] SELECT * FROM `teacher` [ RunTime:0.000221s ]
[2022-10-28T13:13:12+08:00][sql] SHOW FULL COLUMNS FROM `address` [ RunTime:0.000906s ]
[2022-10-28T13:13:12+08:00][sql] SELECT * FROM `address` WHERE  `id` = 1 LIMIT 1 [ RunTime:0.000245s ]
[2022-10-28T13:13:12+08:00][sql] SELECT * FROM `address` WHERE  `id` = 2 LIMIT 1 [ RunTime:0.000218s ]
[2022-10-28T13:13:12+08:00][sql] CONNECT:[ UseTime:0.000366s ] mysql:host=localhost;port=3316;dbname=coffee;charset=utf8
[2022-10-28T13:13:12+08:00][sql] SHOW FULL COLUMNS FROM `banner` [ RunTime:0.001220s ]
[2022-10-28T13:13:12+08:00][sql] SELECT * FROM `banner` [ RunTime:0.000249s ]
[2022-10-28T13:13:12+08:00][sql] SHOW FULL COLUMNS FROM `information` [ RunTime:0.000970s ]
[2022-10-28T13:13:12+08:00][sql] SELECT * FROM `information` ORDER BY `time` DESC LIMIT 1 [ RunTime:0.000333s ]
[2022-10-28T13:13:12+08:00][sql] SELECT * FROM `information` ORDER BY `time` DESC LIMIT 1,4 [ RunTime:0.000402s ]
[2022-10-28T13:13:12+08:00][sql] SHOW FULL COLUMNS FROM `course` [ RunTime:0.001063s ]
[2022-10-28T13:13:12+08:00][sql] SELECT `id`,`title` FROM `course` ORDER BY `sorting` ASC LIMIT 0,6 [ RunTime:0.000261s ]
[2022-10-28T13:13:12+08:00][sql] SHOW FULL COLUMNS FROM `teacher` [ RunTime:0.000885s ]
[2022-10-28T13:13:12+08:00][sql] SELECT * FROM `teacher` [ RunTime:0.000251s ]
[2022-10-28T13:13:12+08:00][sql] SHOW FULL COLUMNS FROM `address` [ RunTime:0.000999s ]
[2022-10-28T13:13:12+08:00][sql] SELECT * FROM `address` WHERE  `id` = 1 LIMIT 1 [ RunTime:0.001385s ]
[2022-10-28T13:13:12+08:00][sql] SELECT * FROM `address` WHERE  `id` = 2 LIMIT 1 [ RunTime:0.000474s ]
[2022-10-28T13:13:12+08:00][sql] CONNECT:[ UseTime:0.000377s ] mysql:host=localhost;port=3316;dbname=coffee;charset=utf8
[2022-10-28T13:13:12+08:00][sql] SHOW FULL COLUMNS FROM `banner` [ RunTime:0.001195s ]
[2022-10-28T13:13:12+08:00][sql] SELECT * FROM `banner` [ RunTime:0.000239s ]
[2022-10-28T13:13:12+08:00][sql] SHOW FULL COLUMNS FROM `information` [ RunTime:0.000916s ]
[2022-10-28T13:13:12+08:00][sql] SELECT * FROM `information` ORDER BY `time` DESC LIMIT 1 [ RunTime:0.000276s ]
[2022-10-28T13:13:12+08:00][sql] SELECT * FROM `information` ORDER BY `time` DESC LIMIT 1,4 [ RunTime:0.000307s ]
[2022-10-28T13:13:12+08:00][sql] SHOW FULL COLUMNS FROM `course` [ RunTime:0.000988s ]
[2022-10-28T13:13:12+08:00][sql] SELECT `id`,`title` FROM `course` ORDER BY `sorting` ASC LIMIT 0,6 [ RunTime:0.000215s ]
[2022-10-28T13:13:12+08:00][sql] SHOW FULL COLUMNS FROM `teacher` [ RunTime:0.000854s ]
[2022-10-28T13:13:12+08:00][sql] SELECT * FROM `teacher` [ RunTime:0.000237s ]
[2022-10-28T13:13:12+08:00][sql] SHOW FULL COLUMNS FROM `address` [ RunTime:0.000852s ]
[2022-10-28T13:13:12+08:00][sql] SELECT * FROM `address` WHERE  `id` = 1 LIMIT 1 [ RunTime:0.000232s ]
[2022-10-28T13:13:12+08:00][sql] SELECT * FROM `address` WHERE  `id` = 2 LIMIT 1 [ RunTime:0.000204s ]
[2022-10-28T13:13:13+08:00][sql] CONNECT:[ UseTime:0.000381s ] mysql:host=localhost;port=3316;dbname=coffee;charset=utf8
[2022-10-28T13:13:13+08:00][sql] SHOW FULL COLUMNS FROM `banner` [ RunTime:0.001212s ]
[2022-10-28T13:13:13+08:00][sql] SELECT * FROM `banner` [ RunTime:0.000210s ]
[2022-10-28T13:13:13+08:00][sql] SHOW FULL COLUMNS FROM `information` [ RunTime:0.000920s ]
[2022-10-28T13:13:13+08:00][sql] SELECT * FROM `information` ORDER BY `time` DESC LIMIT 1 [ RunTime:0.000276s ]
[2022-10-28T13:13:13+08:00][sql] SELECT * FROM `information` ORDER BY `time` DESC LIMIT 1,4 [ RunTime:0.000309s ]
[2022-10-28T13:13:13+08:00][sql] SHOW FULL COLUMNS FROM `course` [ RunTime:0.001104s ]
[2022-10-28T13:13:13+08:00][sql] SELECT `id`,`title` FROM `course` ORDER BY `sorting` ASC LIMIT 0,6 [ RunTime:0.000221s ]
[2022-10-28T13:13:13+08:00][sql] SHOW FULL COLUMNS FROM `teacher` [ RunTime:0.000874s ]
[2022-10-28T13:13:13+08:00][sql] SELECT * FROM `teacher` [ RunTime:0.000236s ]
[2022-10-28T13:13:13+08:00][sql] SHOW FULL COLUMNS FROM `address` [ RunTime:0.000921s ]
[2022-10-28T13:13:13+08:00][sql] SELECT * FROM `address` WHERE  `id` = 1 LIMIT 1 [ RunTime:0.000235s ]
[2022-10-28T13:13:13+08:00][sql] SELECT * FROM `address` WHERE  `id` = 2 LIMIT 1 [ RunTime:0.000230s ]
[2022-10-28T13:13:21+08:00][sql] CONNECT:[ UseTime:0.000720s ] mysql:host=localhost;port=3316;dbname=coffee;charset=utf8
[2022-10-28T13:13:21+08:00][sql] SHOW FULL COLUMNS FROM `banner` [ RunTime:0.001396s ]
[2022-10-28T13:13:21+08:00][sql] SELECT * FROM `banner` [ RunTime:0.000258s ]
[2022-10-28T13:13:21+08:00][sql] SHOW FULL COLUMNS FROM `information` [ RunTime:0.001103s ]
[2022-10-28T13:13:21+08:00][sql] SELECT * FROM `information` ORDER BY `time` DESC LIMIT 1 [ RunTime:0.000386s ]
[2022-10-28T13:13:21+08:00][sql] SELECT * FROM `information` ORDER BY `time` DESC LIMIT 1,4 [ RunTime:0.000376s ]
[2022-10-28T13:13:21+08:00][sql] SHOW FULL COLUMNS FROM `course` [ RunTime:0.001188s ]
[2022-10-28T13:13:21+08:00][sql] SELECT `id`,`title` FROM `course` ORDER BY `sorting` ASC LIMIT 0,6 [ RunTime:0.000256s ]
[2022-10-28T13:13:21+08:00][sql] SHOW FULL COLUMNS FROM `teacher` [ RunTime:0.000966s ]
[2022-10-28T13:13:21+08:00][sql] SELECT * FROM `teacher` [ RunTime:0.000272s ]
[2022-10-28T13:13:21+08:00][sql] SHOW FULL COLUMNS FROM `address` [ RunTime:0.000966s ]
[2022-10-28T13:13:21+08:00][sql] SELECT * FROM `address` WHERE  `id` = 1 LIMIT 1 [ RunTime:0.000284s ]
[2022-10-28T13:13:21+08:00][sql] SELECT * FROM `address` WHERE  `id` = 2 LIMIT 1 [ RunTime:0.000236s ]
[2022-10-28T13:13:22+08:00][sql] CONNECT:[ UseTime:0.000391s ] mysql:host=localhost;port=3316;dbname=coffee;charset=utf8
[2022-10-28T13:13:22+08:00][sql] SHOW FULL COLUMNS FROM `banner` [ RunTime:0.001188s ]
[2022-10-28T13:13:22+08:00][sql] SELECT * FROM `banner` [ RunTime:0.000215s ]
[2022-10-28T13:13:22+08:00][sql] SHOW FULL COLUMNS FROM `information` [ RunTime:0.000882s ]
[2022-10-28T13:13:22+08:00][sql] SELECT * FROM `information` ORDER BY `time` DESC LIMIT 1 [ RunTime:0.000272s ]
[2022-10-28T13:13:22+08:00][sql] SELECT * FROM `information` ORDER BY `time` DESC LIMIT 1,4 [ RunTime:0.000319s ]
[2022-10-28T13:13:22+08:00][sql] SHOW FULL COLUMNS FROM `course` [ RunTime:0.001064s ]
[2022-10-28T13:13:22+08:00][sql] SELECT `id`,`title` FROM `course` ORDER BY `sorting` ASC LIMIT 0,6 [ RunTime:0.000214s ]
[2022-10-28T13:13:22+08:00][sql] SHOW FULL COLUMNS FROM `teacher` [ RunTime:0.000971s ]
[2022-10-28T13:13:22+08:00][sql] SELECT * FROM `teacher` [ RunTime:0.000217s ]
[2022-10-28T13:13:22+08:00][sql] SHOW FULL COLUMNS FROM `address` [ RunTime:0.000854s ]
[2022-10-28T13:13:22+08:00][sql] SELECT * FROM `address` WHERE  `id` = 1 LIMIT 1 [ RunTime:0.000240s ]
[2022-10-28T13:13:22+08:00][sql] SELECT * FROM `address` WHERE  `id` = 2 LIMIT 1 [ RunTime:0.000190s ]
[2022-10-28T13:13:22+08:00][sql] CONNECT:[ UseTime:0.000332s ] mysql:host=localhost;port=3316;dbname=coffee;charset=utf8
[2022-10-28T13:13:22+08:00][sql] SHOW FULL COLUMNS FROM `banner` [ RunTime:0.001187s ]
[2022-10-28T13:13:22+08:00][sql] SELECT * FROM `banner` [ RunTime:0.000210s ]
[2022-10-28T13:13:22+08:00][sql] SHOW FULL COLUMNS FROM `information` [ RunTime:0.000983s ]
[2022-10-28T13:13:22+08:00][sql] SELECT * FROM `information` ORDER BY `time` DESC LIMIT 1 [ RunTime:0.000280s ]
[2022-10-28T13:13:22+08:00][sql] SELECT * FROM `information` ORDER BY `time` DESC LIMIT 1,4 [ RunTime:0.000355s ]
[2022-10-28T13:13:22+08:00][sql] SHOW FULL COLUMNS FROM `course` [ RunTime:0.001045s ]
[2022-10-28T13:13:22+08:00][sql] SELECT `id`,`title` FROM `course` ORDER BY `sorting` ASC LIMIT 0,6 [ RunTime:0.000235s ]
[2022-10-28T13:13:22+08:00][sql] SHOW FULL COLUMNS FROM `teacher` [ RunTime:0.000879s ]
[2022-10-28T13:13:22+08:00][sql] SELECT * FROM `teacher` [ RunTime:0.000217s ]
[2022-10-28T13:13:22+08:00][sql] SHOW FULL COLUMNS FROM `address` [ RunTime:0.000910s ]
[2022-10-28T13:13:22+08:00][sql] SELECT * FROM `address` WHERE  `id` = 1 LIMIT 1 [ RunTime:0.000250s ]
[2022-10-28T13:13:22+08:00][sql] SELECT * FROM `address` WHERE  `id` = 2 LIMIT 1 [ RunTime:0.000230s ]
[2022-10-28T13:21:23+08:00][sql] CONNECT:[ UseTime:0.000355s ] mysql:host=localhost;port=3316;dbname=coffee;charset=utf8
[2022-10-28T13:21:23+08:00][sql] SHOW FULL COLUMNS FROM `banner` [ RunTime:0.001167s ]
[2022-10-28T13:21:23+08:00][sql] SELECT * FROM `banner` [ RunTime:0.000208s ]
[2022-10-28T13:21:23+08:00][sql] SHOW FULL COLUMNS FROM `information` [ RunTime:0.000934s ]
[2022-10-28T13:21:23+08:00][sql] SELECT * FROM `information` ORDER BY `time` DESC LIMIT 1 [ RunTime:0.000275s ]
[2022-10-28T13:21:23+08:00][sql] SELECT * FROM `information` ORDER BY `time` DESC LIMIT 1,4 [ RunTime:0.000321s ]
[2022-10-28T13:21:23+08:00][sql] SHOW FULL COLUMNS FROM `course` [ RunTime:0.001001s ]
[2022-10-28T13:21:23+08:00][sql] SELECT `id`,`title` FROM `course` ORDER BY `sorting` ASC LIMIT 0,6 [ RunTime:0.000212s ]
[2022-10-28T13:21:23+08:00][sql] SHOW FULL COLUMNS FROM `teacher` [ RunTime:0.000824s ]
[2022-10-28T13:21:23+08:00][sql] SELECT * FROM `teacher` [ RunTime:0.000210s ]
[2022-10-28T13:21:23+08:00][sql] SHOW FULL COLUMNS FROM `address` [ RunTime:0.000832s ]
[2022-10-28T13:21:23+08:00][sql] SELECT * FROM `address` WHERE  `id` = 1 LIMIT 1 [ RunTime:0.000230s ]
[2022-10-28T13:21:23+08:00][sql] SELECT * FROM `address` WHERE  `id` = 2 LIMIT 1 [ RunTime:0.000202s ]
[2022-10-28T13:24:16+08:00][sql] CONNECT:[ UseTime:0.000368s ] mysql:host=localhost;port=3316;dbname=coffee;charset=utf8
[2022-10-28T13:24:16+08:00][sql] SHOW FULL COLUMNS FROM `banner` [ RunTime:0.001215s ]
[2022-10-28T13:24:16+08:00][sql] SELECT * FROM `banner` [ RunTime:0.000230s ]
[2022-10-28T13:24:16+08:00][sql] SHOW FULL COLUMNS FROM `information` [ RunTime:0.001002s ]
[2022-10-28T13:24:16+08:00][sql] SELECT * FROM `information` ORDER BY `time` DESC LIMIT 1 [ RunTime:0.000285s ]
[2022-10-28T13:24:16+08:00][sql] SELECT * FROM `information` ORDER BY `time` DESC LIMIT 1,4 [ RunTime:0.000324s ]
[2022-10-28T13:24:16+08:00][sql] SHOW FULL COLUMNS FROM `course` [ RunTime:0.001020s ]
[2022-10-28T13:24:16+08:00][sql] SELECT `id`,`title` FROM `course` ORDER BY `sorting` ASC LIMIT 0,6 [ RunTime:0.000224s ]
[2022-10-28T13:24:16+08:00][sql] SHOW FULL COLUMNS FROM `teacher` [ RunTime:0.000853s ]
[2022-10-28T13:24:16+08:00][sql] SELECT * FROM `teacher` [ RunTime:0.000223s ]
[2022-10-28T13:24:16+08:00][sql] SHOW FULL COLUMNS FROM `address` [ RunTime:0.000890s ]
[2022-10-28T13:24:16+08:00][sql] SELECT * FROM `address` WHERE  `id` = 1 LIMIT 1 [ RunTime:0.000249s ]
[2022-10-28T13:24:16+08:00][sql] SELECT * FROM `address` WHERE  `id` = 2 LIMIT 1 [ RunTime:0.000212s ]
[2022-10-28T13:24:36+08:00][sql] CONNECT:[ UseTime:0.000423s ] mysql:host=localhost;port=3316;dbname=coffee;charset=utf8
[2022-10-28T13:24:36+08:00][sql] SHOW FULL COLUMNS FROM `banner` [ RunTime:0.001154s ]
[2022-10-28T13:24:36+08:00][sql] SELECT * FROM `banner` [ RunTime:0.000211s ]
[2022-10-28T13:24:36+08:00][sql] SHOW FULL COLUMNS FROM `information` [ RunTime:0.000890s ]
[2022-10-28T13:24:36+08:00][sql] SELECT * FROM `information` ORDER BY `time` DESC LIMIT 1 [ RunTime:0.000302s ]
[2022-10-28T13:24:36+08:00][sql] SELECT * FROM `information` ORDER BY `time` DESC LIMIT 1,4 [ RunTime:0.000324s ]
[2022-10-28T13:24:36+08:00][sql] SHOW FULL COLUMNS FROM `course` [ RunTime:0.000996s ]
[2022-10-28T13:24:36+08:00][sql] SELECT `id`,`title` FROM `course` ORDER BY `sorting` ASC LIMIT 0,6 [ RunTime:0.000213s ]
[2022-10-28T13:24:36+08:00][sql] SHOW FULL COLUMNS FROM `teacher` [ RunTime:0.000871s ]
[2022-10-28T13:24:36+08:00][sql] SELECT * FROM `teacher` [ RunTime:0.000229s ]
[2022-10-28T13:24:36+08:00][sql] SHOW FULL COLUMNS FROM `address` [ RunTime:0.000832s ]
[2022-10-28T13:24:36+08:00][sql] SELECT * FROM `address` WHERE  `id` = 1 LIMIT 1 [ RunTime:0.000230s ]
[2022-10-28T13:24:36+08:00][sql] SELECT * FROM `address` WHERE  `id` = 2 LIMIT 1 [ RunTime:0.000194s ]
[2022-10-28T13:25:55+08:00][sql] CONNECT:[ UseTime:0.000419s ] mysql:host=localhost;port=3316;dbname=coffee;charset=utf8
[2022-10-28T13:25:55+08:00][sql] SHOW FULL COLUMNS FROM `banner` [ RunTime:0.001261s ]
[2022-10-28T13:25:55+08:00][sql] SELECT * FROM `banner` [ RunTime:0.000227s ]
[2022-10-28T13:25:55+08:00][sql] SHOW FULL COLUMNS FROM `information` [ RunTime:0.000938s ]
[2022-10-28T13:25:55+08:00][sql] SELECT * FROM `information` ORDER BY `time` DESC LIMIT 1 [ RunTime:0.000303s ]
[2022-10-28T13:25:55+08:00][sql] SELECT * FROM `information` ORDER BY `time` DESC LIMIT 1,4 [ RunTime:0.000324s ]
[2022-10-28T13:25:55+08:00][sql] SHOW FULL COLUMNS FROM `course` [ RunTime:0.001003s ]
[2022-10-28T13:25:55+08:00][sql] SELECT `id`,`title` FROM `course` ORDER BY `sorting` ASC LIMIT 0,6 [ RunTime:0.000220s ]
[2022-10-28T13:25:55+08:00][sql] SHOW FULL COLUMNS FROM `teacher` [ RunTime:0.000901s ]
[2022-10-28T13:25:55+08:00][sql] SELECT * FROM `teacher` [ RunTime:0.000243s ]
[2022-10-28T13:25:55+08:00][sql] SHOW FULL COLUMNS FROM `address` [ RunTime:0.000876s ]
[2022-10-28T13:25:55+08:00][sql] SELECT * FROM `address` WHERE  `id` = 1 LIMIT 1 [ RunTime:0.000258s ]
[2022-10-28T13:25:55+08:00][sql] SELECT * FROM `address` WHERE  `id` = 2 LIMIT 1 [ RunTime:0.000212s ]
[2022-10-28T13:29:38+08:00][sql] CONNECT:[ UseTime:0.000375s ] mysql:host=localhost;port=3316;dbname=coffee;charset=utf8
[2022-10-28T13:29:38+08:00][sql] SHOW FULL COLUMNS FROM `banner` [ RunTime:0.001268s ]
[2022-10-28T13:29:38+08:00][sql] SELECT * FROM `banner` [ RunTime:0.000213s ]
[2022-10-28T13:29:38+08:00][sql] SHOW FULL COLUMNS FROM `information` [ RunTime:0.001007s ]
[2022-10-28T13:29:38+08:00][sql] SELECT * FROM `information` ORDER BY `time` DESC LIMIT 1 [ RunTime:0.000332s ]
[2022-10-28T13:29:38+08:00][sql] SELECT * FROM `information` ORDER BY `time` DESC LIMIT 1,4 [ RunTime:0.000381s ]
[2022-10-28T13:29:38+08:00][sql] SHOW FULL COLUMNS FROM `course` [ RunTime:0.001093s ]
[2022-10-28T13:29:38+08:00][sql] SELECT `id`,`title` FROM `course` ORDER BY `sorting` ASC LIMIT 0,6 [ RunTime:0.000275s ]
[2022-10-28T13:29:38+08:00][sql] SHOW FULL COLUMNS FROM `teacher` [ RunTime:0.000894s ]
[2022-10-28T13:29:38+08:00][sql] SELECT * FROM `teacher` [ RunTime:0.000254s ]
[2022-10-28T13:29:38+08:00][sql] SHOW FULL COLUMNS FROM `address` [ RunTime:0.000945s ]
[2022-10-28T13:29:38+08:00][sql] SELECT * FROM `address` WHERE  `id` = 1 LIMIT 1 [ RunTime:0.000273s ]
[2022-10-28T13:29:38+08:00][sql] SELECT * FROM `address` WHERE  `id` = 2 LIMIT 1 [ RunTime:0.000247s ]
[2022-10-28T14:10:50+08:00][sql] CONNECT:[ UseTime:0.000370s ] mysql:host=localhost;port=3316;dbname=coffee;charset=utf8
[2022-10-28T14:10:50+08:00][sql] SHOW FULL COLUMNS FROM `banner` [ RunTime:0.001152s ]
[2022-10-28T14:10:50+08:00][sql] SELECT * FROM `banner` [ RunTime:0.000212s ]
[2022-10-28T14:10:50+08:00][sql] SHOW FULL COLUMNS FROM `information` [ RunTime:0.000899s ]
[2022-10-28T14:10:50+08:00][sql] SELECT * FROM `information` ORDER BY `time` DESC LIMIT 1 [ RunTime:0.000287s ]
[2022-10-28T14:10:50+08:00][sql] SELECT * FROM `information` ORDER BY `time` DESC LIMIT 1,4 [ RunTime:0.000325s ]
[2022-10-28T14:10:50+08:00][sql] SHOW FULL COLUMNS FROM `course` [ RunTime:0.000989s ]
[2022-10-28T14:10:50+08:00][sql] SELECT `id`,`title` FROM `course` ORDER BY `sorting` ASC LIMIT 0,6 [ RunTime:0.000237s ]
[2022-10-28T14:10:50+08:00][sql] SHOW FULL COLUMNS FROM `teacher` [ RunTime:0.000848s ]
[2022-10-28T14:10:50+08:00][sql] SELECT * FROM `teacher` [ RunTime:0.000246s ]
[2022-10-28T14:10:50+08:00][sql] SHOW FULL COLUMNS FROM `address` [ RunTime:0.000890s ]
[2022-10-28T14:10:50+08:00][sql] SELECT * FROM `address` WHERE  `id` = 1 LIMIT 1 [ RunTime:0.000241s ]
[2022-10-28T14:10:50+08:00][sql] SELECT * FROM `address` WHERE  `id` = 2 LIMIT 1 [ RunTime:0.000201s ]
[2022-10-28T15:07:31+08:00][sql] CONNECT:[ UseTime:0.000432s ] mysql:host=localhost;port=3316;dbname=coffee;charset=utf8
[2022-10-28T15:07:31+08:00][sql] SHOW FULL COLUMNS FROM `banner` [ RunTime:0.001317s ]
[2022-10-28T15:07:31+08:00][sql] SELECT * FROM `banner` [ RunTime:0.000245s ]
[2022-10-28T15:07:31+08:00][sql] SHOW FULL COLUMNS FROM `information` [ RunTime:0.001000s ]
[2022-10-28T15:07:31+08:00][sql] SELECT * FROM `information` ORDER BY `time` DESC LIMIT 1 [ RunTime:0.000289s ]
[2022-10-28T15:07:31+08:00][sql] SELECT * FROM `information` ORDER BY `time` DESC LIMIT 1,4 [ RunTime:0.000365s ]
[2022-10-28T15:07:31+08:00][sql] SHOW FULL COLUMNS FROM `course` [ RunTime:0.001041s ]
[2022-10-28T15:07:31+08:00][sql] SELECT `id`,`title` FROM `course` ORDER BY `sorting` ASC LIMIT 0,6 [ RunTime:0.000225s ]
[2022-10-28T15:07:31+08:00][sql] SHOW FULL COLUMNS FROM `teacher` [ RunTime:0.000845s ]
[2022-10-28T15:07:31+08:00][sql] SELECT * FROM `teacher` [ RunTime:0.000227s ]
[2022-10-28T15:07:31+08:00][sql] SHOW FULL COLUMNS FROM `address` [ RunTime:0.000929s ]
[2022-10-28T15:07:31+08:00][sql] SELECT * FROM `address` WHERE  `id` = 1 LIMIT 1 [ RunTime:0.000242s ]
[2022-10-28T15:07:31+08:00][sql] SELECT * FROM `address` WHERE  `id` = 2 LIMIT 1 [ RunTime:0.000215s ]
[2022-10-28T15:23:34+08:00][sql] CONNECT:[ UseTime:0.000386s ] mysql:host=localhost;port=3316;dbname=coffee;charset=utf8
[2022-10-28T15:23:34+08:00][sql] SHOW FULL COLUMNS FROM `banner` [ RunTime:0.001223s ]
[2022-10-28T15:23:34+08:00][sql] SELECT * FROM `banner` [ RunTime:0.000213s ]
[2022-10-28T15:23:34+08:00][sql] SHOW FULL COLUMNS FROM `information` [ RunTime:0.000968s ]
[2022-10-28T15:23:34+08:00][sql] SELECT * FROM `information` ORDER BY `time` DESC LIMIT 1 [ RunTime:0.000295s ]
[2022-10-28T15:23:34+08:00][sql] SELECT * FROM `information` ORDER BY `time` DESC LIMIT 1,4 [ RunTime:0.000334s ]
[2022-10-28T15:23:34+08:00][sql] SHOW FULL COLUMNS FROM `course` [ RunTime:0.001032s ]
[2022-10-28T15:23:34+08:00][sql] SELECT `id`,`title` FROM `course` ORDER BY `sorting` ASC LIMIT 0,6 [ RunTime:0.000229s ]
[2022-10-28T15:23:34+08:00][sql] SHOW FULL COLUMNS FROM `teacher` [ RunTime:0.000901s ]
[2022-10-28T15:23:34+08:00][sql] SELECT * FROM `teacher` [ RunTime:0.000267s ]
[2022-10-28T15:23:34+08:00][sql] SHOW FULL COLUMNS FROM `address` [ RunTime:0.000900s ]
[2022-10-28T15:23:34+08:00][sql] SELECT * FROM `address` WHERE  `id` = 1 LIMIT 1 [ RunTime:0.000241s ]
[2022-10-28T15:23:34+08:00][sql] SELECT * FROM `address` WHERE  `id` = 2 LIMIT 1 [ RunTime:0.000223s ]
[2022-10-28T15:33:20+08:00][sql] CONNECT:[ UseTime:0.000376s ] mysql:host=localhost;port=3316;dbname=coffee;charset=utf8
[2022-10-28T15:33:20+08:00][sql] SHOW FULL COLUMNS FROM `banner` [ RunTime:0.001196s ]
[2022-10-28T15:33:20+08:00][sql] SELECT * FROM `banner` [ RunTime:0.000231s ]
[2022-10-28T15:33:20+08:00][sql] SHOW FULL COLUMNS FROM `information` [ RunTime:0.001068s ]
[2022-10-28T15:33:20+08:00][sql] SELECT * FROM `information` ORDER BY `time` DESC LIMIT 1 [ RunTime:0.000270s ]
[2022-10-28T15:33:20+08:00][sql] SELECT * FROM `information` ORDER BY `time` DESC LIMIT 1,4 [ RunTime:0.000335s ]
[2022-10-28T15:33:20+08:00][sql] SHOW FULL COLUMNS FROM `course` [ RunTime:0.001085s ]
[2022-10-28T15:33:20+08:00][sql] SELECT `id`,`title` FROM `course` ORDER BY `sorting` ASC LIMIT 0,6 [ RunTime:0.000214s ]
[2022-10-28T15:33:20+08:00][sql] SHOW FULL COLUMNS FROM `teacher` [ RunTime:0.000850s ]
[2022-10-28T15:33:20+08:00][sql] SELECT * FROM `teacher` [ RunTime:0.000216s ]
[2022-10-28T15:33:20+08:00][sql] SHOW FULL COLUMNS FROM `address` [ RunTime:0.000860s ]
[2022-10-28T15:33:20+08:00][sql] SELECT * FROM `address` WHERE  `id` = 1 LIMIT 1 [ RunTime:0.000262s ]
[2022-10-28T15:33:20+08:00][sql] SELECT * FROM `address` WHERE  `id` = 2 LIMIT 1 [ RunTime:0.000196s ]
[2022-10-28T15:36:05+08:00][sql] CONNECT:[ UseTime:0.000392s ] mysql:host=localhost;port=3316;dbname=coffee;charset=utf8
[2022-10-28T15:36:05+08:00][sql] SHOW FULL COLUMNS FROM `banner` [ RunTime:0.001248s ]
[2022-10-28T15:36:05+08:00][sql] SELECT * FROM `banner` [ RunTime:0.000268s ]
[2022-10-28T15:36:05+08:00][sql] SHOW FULL COLUMNS FROM `information` [ RunTime:0.000964s ]
[2022-10-28T15:36:05+08:00][sql] SELECT * FROM `information` ORDER BY `time` DESC LIMIT 1 [ RunTime:0.000310s ]
[2022-10-28T15:36:05+08:00][sql] SELECT * FROM `information` ORDER BY `time` DESC LIMIT 1,4 [ RunTime:0.000421s ]
[2022-10-28T15:36:05+08:00][sql] SHOW FULL COLUMNS FROM `course` [ RunTime:0.001117s ]
[2022-10-28T15:36:05+08:00][sql] SELECT `id`,`title` FROM `course` ORDER BY `sorting` ASC LIMIT 0,6 [ RunTime:0.000258s ]
[2022-10-28T15:36:05+08:00][sql] SHOW FULL COLUMNS FROM `teacher` [ RunTime:0.000912s ]
[2022-10-28T15:36:05+08:00][sql] SELECT * FROM `teacher` [ RunTime:0.000273s ]
[2022-10-28T15:36:05+08:00][sql] SHOW FULL COLUMNS FROM `address` [ RunTime:0.000915s ]
[2022-10-28T15:36:05+08:00][sql] SELECT * FROM `address` WHERE  `id` = 1 LIMIT 1 [ RunTime:0.000267s ]
[2022-10-28T15:36:05+08:00][sql] SELECT * FROM `address` WHERE  `id` = 2 LIMIT 1 [ RunTime:0.000234s ]
[2022-10-28T15:36:07+08:00][sql] CONNECT:[ UseTime:0.000446s ] mysql:host=localhost;port=3316;dbname=coffee;charset=utf8
[2022-10-28T15:36:07+08:00][sql] SHOW FULL COLUMNS FROM `banner` [ RunTime:0.001265s ]
[2022-10-28T15:36:07+08:00][sql] SELECT * FROM `banner` [ RunTime:0.000259s ]
[2022-10-28T15:36:07+08:00][sql] SHOW FULL COLUMNS FROM `information` [ RunTime:0.001087s ]
[2022-10-28T15:36:07+08:00][sql] SELECT * FROM `information` ORDER BY `time` DESC LIMIT 1 [ RunTime:0.000339s ]
[2022-10-28T15:36:07+08:00][sql] SELECT * FROM `information` ORDER BY `time` DESC LIMIT 1,4 [ RunTime:0.000413s ]
[2022-10-28T15:36:07+08:00][sql] SHOW FULL COLUMNS FROM `course` [ RunTime:0.001079s ]
[2022-10-28T15:36:07+08:00][sql] SELECT `id`,`title` FROM `course` ORDER BY `sorting` ASC LIMIT 0,6 [ RunTime:0.000257s ]
[2022-10-28T15:36:07+08:00][sql] SHOW FULL COLUMNS FROM `teacher` [ RunTime:0.000937s ]
[2022-10-28T15:36:07+08:00][sql] SELECT * FROM `teacher` [ RunTime:0.000273s ]
[2022-10-28T15:36:07+08:00][sql] SHOW FULL COLUMNS FROM `address` [ RunTime:0.000891s ]
[2022-10-28T15:36:07+08:00][sql] SELECT * FROM `address` WHERE  `id` = 1 LIMIT 1 [ RunTime:0.000280s ]
[2022-10-28T15:36:07+08:00][sql] SELECT * FROM `address` WHERE  `id` = 2 LIMIT 1 [ RunTime:0.000242s ]
[2022-10-28T15:36:45+08:00][sql] CONNECT:[ UseTime:0.000452s ] mysql:host=localhost;port=3316;dbname=coffee;charset=utf8
[2022-10-28T15:36:45+08:00][sql] SHOW FULL COLUMNS FROM `banner` [ RunTime:0.001231s ]
[2022-10-28T15:36:45+08:00][sql] SELECT * FROM `banner` [ RunTime:0.000263s ]
[2022-10-28T15:36:45+08:00][sql] SHOW FULL COLUMNS FROM `information` [ RunTime:0.000956s ]
[2022-10-28T15:36:45+08:00][sql] SELECT * FROM `information` ORDER BY `time` DESC LIMIT 1 [ RunTime:0.000358s ]
[2022-10-28T15:36:45+08:00][sql] SELECT * FROM `information` ORDER BY `time` DESC LIMIT 1,4 [ RunTime:0.000381s ]
[2022-10-28T15:36:45+08:00][sql] SHOW FULL COLUMNS FROM `course` [ RunTime:0.001100s ]
[2022-10-28T15:36:45+08:00][sql] SELECT `id`,`title` FROM `course` ORDER BY `sorting` ASC LIMIT 0,6 [ RunTime:0.000260s ]
[2022-10-28T15:36:45+08:00][sql] SHOW FULL COLUMNS FROM `teacher` [ RunTime:0.000909s ]
[2022-10-28T15:36:45+08:00][sql] SELECT * FROM `teacher` [ RunTime:0.000256s ]
[2022-10-28T15:36:45+08:00][sql] SHOW FULL COLUMNS FROM `address` [ RunTime:0.000997s ]
[2022-10-28T15:36:45+08:00][sql] SELECT * FROM `address` WHERE  `id` = 1 LIMIT 1 [ RunTime:0.000291s ]
[2022-10-28T15:36:45+08:00][sql] SELECT * FROM `address` WHERE  `id` = 2 LIMIT 1 [ RunTime:0.000241s ]
[2022-10-28T15:42:12+08:00][sql] CONNECT:[ UseTime:0.000409s ] mysql:host=localhost;port=3316;dbname=coffee;charset=utf8
[2022-10-28T15:42:12+08:00][sql] SHOW FULL COLUMNS FROM `banner` [ RunTime:0.001195s ]
[2022-10-28T15:42:12+08:00][sql] SELECT * FROM `banner` [ RunTime:0.000233s ]
[2022-10-28T15:42:12+08:00][sql] SHOW FULL COLUMNS FROM `information` [ RunTime:0.001125s ]
[2022-10-28T15:42:12+08:00][sql] SELECT * FROM `information` ORDER BY `time` DESC LIMIT 1 [ RunTime:0.000325s ]
[2022-10-28T15:42:12+08:00][sql] SELECT * FROM `information` ORDER BY `time` DESC LIMIT 1,4 [ RunTime:0.000403s ]
[2022-10-28T15:42:12+08:00][sql] SHOW FULL COLUMNS FROM `course` [ RunTime:0.001072s ]
[2022-10-28T15:42:12+08:00][sql] SELECT `id`,`title` FROM `course` ORDER BY `sorting` ASC LIMIT 0,6 [ RunTime:0.000258s ]
[2022-10-28T15:42:12+08:00][sql] SHOW FULL COLUMNS FROM `teacher` [ RunTime:0.000949s ]
[2022-10-28T15:42:12+08:00][sql] SELECT * FROM `teacher` [ RunTime:0.000270s ]
[2022-10-28T15:42:12+08:00][sql] SHOW FULL COLUMNS FROM `address` [ RunTime:0.001005s ]
[2022-10-28T15:42:12+08:00][sql] SELECT * FROM `address` WHERE  `id` = 1 LIMIT 1 [ RunTime:0.000319s ]
[2022-10-28T15:42:12+08:00][sql] SELECT * FROM `address` WHERE  `id` = 2 LIMIT 1 [ RunTime:0.000244s ]
[2022-10-28T16:07:16+08:00][sql] CONNECT:[ UseTime:0.000425s ] mysql:host=localhost;port=3316;dbname=coffee;charset=utf8
[2022-10-28T16:07:16+08:00][sql] SHOW FULL COLUMNS FROM `banner` [ RunTime:0.001265s ]
[2022-10-28T16:07:16+08:00][sql] SELECT * FROM `banner` [ RunTime:0.000214s ]
[2022-10-28T16:07:16+08:00][sql] SHOW FULL COLUMNS FROM `information` [ RunTime:0.001228s ]
[2022-10-28T16:07:16+08:00][sql] SELECT * FROM `information` ORDER BY `time` DESC LIMIT 1 [ RunTime:0.000412s ]
[2022-10-28T16:07:16+08:00][sql] SELECT * FROM `information` ORDER BY `time` DESC LIMIT 1,4 [ RunTime:0.000548s ]
[2022-10-28T16:07:16+08:00][sql] SHOW FULL COLUMNS FROM `course` [ RunTime:0.001254s ]
[2022-10-28T16:07:16+08:00][sql] SELECT `id`,`title` FROM `course` ORDER BY `sorting` ASC LIMIT 0,6 [ RunTime:0.000239s ]
[2022-10-28T16:07:16+08:00][sql] SHOW FULL COLUMNS FROM `teacher` [ RunTime:0.000877s ]
[2022-10-28T16:07:16+08:00][sql] SELECT * FROM `teacher` [ RunTime:0.000222s ]
[2022-10-28T16:07:16+08:00][sql] SHOW FULL COLUMNS FROM `address` [ RunTime:0.000905s ]
[2022-10-28T16:07:16+08:00][sql] SELECT * FROM `address` WHERE  `id` = 1 LIMIT 1 [ RunTime:0.000252s ]
[2022-10-28T16:07:16+08:00][sql] SELECT * FROM `address` WHERE  `id` = 2 LIMIT 1 [ RunTime:0.000204s ]
[2022-10-28T16:46:04+08:00][sql] CONNECT:[ UseTime:0.000387s ] mysql:host=localhost;port=3316;dbname=coffee;charset=utf8
[2022-10-28T16:46:04+08:00][sql] SHOW FULL COLUMNS FROM `banner` [ RunTime:0.001223s ]
[2022-10-28T16:46:04+08:00][sql] SELECT * FROM `banner` [ RunTime:0.000238s ]
[2022-10-28T16:46:04+08:00][sql] SHOW FULL COLUMNS FROM `information` [ RunTime:0.001192s ]
[2022-10-28T16:46:04+08:00][sql] SELECT * FROM `information` ORDER BY `time` DESC LIMIT 1 [ RunTime:0.000388s ]
[2022-10-28T16:46:04+08:00][sql] SELECT * FROM `information` ORDER BY `time` DESC LIMIT 1,4 [ RunTime:0.000431s ]
[2022-10-28T16:46:04+08:00][sql] SHOW FULL COLUMNS FROM `course` [ RunTime:0.001163s ]
[2022-10-28T16:46:04+08:00][sql] SELECT `id`,`title` FROM `course` ORDER BY `sorting` ASC LIMIT 0,6 [ RunTime:0.000259s ]
[2022-10-28T16:46:04+08:00][sql] SHOW FULL COLUMNS FROM `teacher` [ RunTime:0.000903s ]
[2022-10-28T16:46:04+08:00][sql] SELECT * FROM `teacher` [ RunTime:0.000261s ]
[2022-10-28T16:46:04+08:00][sql] SHOW FULL COLUMNS FROM `address` [ RunTime:0.000956s ]
[2022-10-28T16:46:04+08:00][sql] SELECT * FROM `address` WHERE  `id` = 1 LIMIT 1 [ RunTime:0.000343s ]
[2022-10-28T16:46:04+08:00][sql] SELECT * FROM `address` WHERE  `id` = 2 LIMIT 1 [ RunTime:0.000258s ]
[2022-10-28T16:46:04+08:00][sql] CONNECT:[ UseTime:0.000388s ] mysql:host=localhost;port=3316;dbname=coffee;charset=utf8
[2022-10-28T16:46:04+08:00][sql] SHOW FULL COLUMNS FROM `banner` [ RunTime:0.001216s ]
[2022-10-28T16:46:04+08:00][sql] SELECT * FROM `banner` [ RunTime:0.000242s ]
[2022-10-28T16:46:04+08:00][sql] SHOW FULL COLUMNS FROM `information` [ RunTime:0.000997s ]
[2022-10-28T16:46:04+08:00][sql] SELECT * FROM `information` ORDER BY `time` DESC LIMIT 1 [ RunTime:0.000291s ]
[2022-10-28T16:46:04+08:00][sql] SELECT * FROM `information` ORDER BY `time` DESC LIMIT 1,4 [ RunTime:0.000310s ]
[2022-10-28T16:46:04+08:00][sql] SHOW FULL COLUMNS FROM `course` [ RunTime:0.001012s ]
[2022-10-28T16:46:04+08:00][sql] SELECT `id`,`title` FROM `course` ORDER BY `sorting` ASC LIMIT 0,6 [ RunTime:0.000244s ]
[2022-10-28T16:46:04+08:00][sql] SHOW FULL COLUMNS FROM `teacher` [ RunTime:0.000976s ]
[2022-10-28T16:46:04+08:00][sql] SELECT * FROM `teacher` [ RunTime:0.000224s ]
[2022-10-28T16:46:04+08:00][sql] SHOW FULL COLUMNS FROM `address` [ RunTime:0.000931s ]
[2022-10-28T16:46:04+08:00][sql] SELECT * FROM `address` WHERE  `id` = 1 LIMIT 1 [ RunTime:0.000261s ]
[2022-10-28T16:46:04+08:00][sql] SELECT * FROM `address` WHERE  `id` = 2 LIMIT 1 [ RunTime:0.000209s ]
[2022-10-28T17:49:54+08:00][sql] CONNECT:[ UseTime:0.000405s ] mysql:host=localhost;port=3316;dbname=coffee;charset=utf8
[2022-10-28T17:49:54+08:00][sql] SHOW FULL COLUMNS FROM `banner` [ RunTime:0.001559s ]
[2022-10-28T17:49:54+08:00][sql] SELECT * FROM `banner` [ RunTime:0.000255s ]
[2022-10-28T17:49:54+08:00][sql] SHOW FULL COLUMNS FROM `information` [ RunTime:0.001370s ]
[2022-10-28T17:49:54+08:00][sql] SELECT * FROM `information` ORDER BY `time` DESC LIMIT 1 [ RunTime:0.000458s ]
[2022-10-28T17:49:54+08:00][sql] SELECT * FROM `information` ORDER BY `time` DESC LIMIT 1,4 [ RunTime:0.000413s ]
[2022-10-28T17:49:54+08:00][sql] SHOW FULL COLUMNS FROM `course` [ RunTime:0.001198s ]
[2022-10-28T17:49:54+08:00][sql] SELECT `id`,`title` FROM `course` ORDER BY `sorting` ASC LIMIT 0,6 [ RunTime:0.000262s ]
[2022-10-28T17:49:54+08:00][sql] SHOW FULL COLUMNS FROM `teacher` [ RunTime:0.001116s ]
[2022-10-28T17:49:54+08:00][sql] SELECT * FROM `teacher` [ RunTime:0.000264s ]
[2022-10-28T17:49:54+08:00][sql] SHOW FULL COLUMNS FROM `address` [ RunTime:0.001082s ]
[2022-10-28T17:49:54+08:00][sql] SELECT * FROM `address` WHERE  `id` = 1 LIMIT 1 [ RunTime:0.000281s ]
[2022-10-28T17:49:54+08:00][sql] SELECT * FROM `address` WHERE  `id` = 2 LIMIT 1 [ RunTime:0.000244s ]
[2022-10-28T18:04:50+08:00][sql] CONNECT:[ UseTime:0.000402s ] mysql:host=localhost;port=3316;dbname=coffee;charset=utf8
[2022-10-28T18:04:50+08:00][sql] SHOW FULL COLUMNS FROM `banner` [ RunTime:0.001222s ]
[2022-10-28T18:04:50+08:00][sql] SELECT * FROM `banner` [ RunTime:0.000230s ]
[2022-10-28T18:04:50+08:00][sql] SHOW FULL COLUMNS FROM `information` [ RunTime:0.001151s ]
[2022-10-28T18:04:50+08:00][sql] SELECT * FROM `information` ORDER BY `time` DESC LIMIT 1 [ RunTime:0.000328s ]
[2022-10-28T18:04:50+08:00][sql] SELECT * FROM `information` ORDER BY `time` DESC LIMIT 1,4 [ RunTime:0.000383s ]
[2022-10-28T18:04:50+08:00][sql] SHOW FULL COLUMNS FROM `course` [ RunTime:0.001069s ]
[2022-10-28T18:04:50+08:00][sql] SELECT `id`,`title` FROM `course` ORDER BY `sorting` ASC LIMIT 0,6 [ RunTime:0.000234s ]
[2022-10-28T18:04:50+08:00][sql] SHOW FULL COLUMNS FROM `teacher` [ RunTime:0.000878s ]
[2022-10-28T18:04:50+08:00][sql] SELECT * FROM `teacher` [ RunTime:0.000223s ]
[2022-10-28T18:04:50+08:00][sql] SHOW FULL COLUMNS FROM `address` [ RunTime:0.001075s ]
[2022-10-28T18:04:50+08:00][sql] SELECT * FROM `address` WHERE  `id` = 1 LIMIT 1 [ RunTime:0.000251s ]
[2022-10-28T18:04:50+08:00][sql] SELECT * FROM `address` WHERE  `id` = 2 LIMIT 1 [ RunTime:0.000219s ]
[2022-10-28T18:10:44+08:00][sql] CONNECT:[ UseTime:0.000403s ] mysql:host=localhost;port=3316;dbname=coffee;charset=utf8
[2022-10-28T18:10:44+08:00][sql] SHOW FULL COLUMNS FROM `banner` [ RunTime:0.001304s ]
[2022-10-28T18:10:44+08:00][sql] SELECT * FROM `banner` [ RunTime:0.000215s ]
[2022-10-28T18:10:44+08:00][sql] SHOW FULL COLUMNS FROM `information` [ RunTime:0.001015s ]
[2022-10-28T18:10:44+08:00][sql] SELECT * FROM `information` ORDER BY `time` DESC LIMIT 1 [ RunTime:0.000287s ]
[2022-10-28T18:10:44+08:00][sql] SELECT * FROM `information` ORDER BY `time` DESC LIMIT 1,4 [ RunTime:0.000345s ]
[2022-10-28T18:10:44+08:00][sql] SHOW FULL COLUMNS FROM `course` [ RunTime:0.001053s ]
[2022-10-28T18:10:44+08:00][sql] SELECT `id`,`title` FROM `course` ORDER BY `sorting` ASC LIMIT 0,6 [ RunTime:0.000214s ]
[2022-10-28T18:10:44+08:00][sql] SHOW FULL COLUMNS FROM `teacher` [ RunTime:0.000838s ]
[2022-10-28T18:10:44+08:00][sql] SELECT * FROM `teacher` [ RunTime:0.000233s ]
[2022-10-28T18:10:44+08:00][sql] SHOW FULL COLUMNS FROM `address` [ RunTime:0.000827s ]
[2022-10-28T18:10:44+08:00][sql] SELECT * FROM `address` WHERE  `id` = 1 LIMIT 1 [ RunTime:0.000228s ]
[2022-10-28T18:10:44+08:00][sql] SELECT * FROM `address` WHERE  `id` = 2 LIMIT 1 [ RunTime:0.000199s ]
[2022-10-28T18:13:24+08:00][sql] CONNECT:[ UseTime:0.000413s ] mysql:host=localhost;port=3316;dbname=coffee;charset=utf8
[2022-10-28T18:13:24+08:00][sql] SHOW FULL COLUMNS FROM `banner` [ RunTime:0.001265s ]
[2022-10-28T18:13:24+08:00][sql] SELECT * FROM `banner` [ RunTime:0.000254s ]
[2022-10-28T18:13:24+08:00][sql] SHOW FULL COLUMNS FROM `information` [ RunTime:0.001012s ]
[2022-10-28T18:13:24+08:00][sql] SELECT * FROM `information` ORDER BY `time` DESC LIMIT 1 [ RunTime:0.000336s ]
[2022-10-28T18:13:24+08:00][sql] SELECT * FROM `information` ORDER BY `time` DESC LIMIT 1,4 [ RunTime:0.000384s ]
[2022-10-28T18:13:24+08:00][sql] SHOW FULL COLUMNS FROM `course` [ RunTime:0.001066s ]
[2022-10-28T18:13:24+08:00][sql] SELECT `id`,`title` FROM `course` ORDER BY `sorting` ASC LIMIT 0,6 [ RunTime:0.000259s ]
[2022-10-28T18:13:24+08:00][sql] SHOW FULL COLUMNS FROM `teacher` [ RunTime:0.000898s ]
[2022-10-28T18:13:24+08:00][sql] SELECT * FROM `teacher` [ RunTime:0.000256s ]
[2022-10-28T18:13:24+08:00][sql] SHOW FULL COLUMNS FROM `address` [ RunTime:0.000931s ]
[2022-10-28T18:13:24+08:00][sql] SELECT * FROM `address` WHERE  `id` = 1 LIMIT 1 [ RunTime:0.000336s ]
[2022-10-28T18:13:24+08:00][sql] SELECT * FROM `address` WHERE  `id` = 2 LIMIT 1 [ RunTime:0.000257s ]
[2022-10-28T18:26:15+08:00][sql] CONNECT:[ UseTime:0.000376s ] mysql:host=localhost;port=3316;dbname=coffee;charset=utf8
[2022-10-28T18:26:15+08:00][sql] SHOW FULL COLUMNS FROM `banner` [ RunTime:0.001199s ]
[2022-10-28T18:26:15+08:00][sql] SELECT * FROM `banner` [ RunTime:0.000234s ]
[2022-10-28T18:26:15+08:00][sql] SHOW FULL COLUMNS FROM `information` [ RunTime:0.000949s ]
[2022-10-28T18:26:15+08:00][sql] SELECT * FROM `information` ORDER BY `time` DESC LIMIT 1 [ RunTime:0.000355s ]
[2022-10-28T18:26:15+08:00][sql] SELECT * FROM `information` ORDER BY `time` DESC LIMIT 1,4 [ RunTime:0.000419s ]
[2022-10-28T18:26:15+08:00][sql] SHOW FULL COLUMNS FROM `course` [ RunTime:0.001114s ]
[2022-10-28T18:26:15+08:00][sql] SELECT `id`,`title` FROM `course` ORDER BY `sorting` ASC LIMIT 0,6 [ RunTime:0.000259s ]
[2022-10-28T18:26:15+08:00][sql] SHOW FULL COLUMNS FROM `teacher` [ RunTime:0.000896s ]
[2022-10-28T18:26:15+08:00][sql] SELECT * FROM `teacher` [ RunTime:0.000310s ]
[2022-10-28T18:26:15+08:00][sql] SHOW FULL COLUMNS FROM `address` [ RunTime:0.000929s ]
[2022-10-28T18:26:15+08:00][sql] SELECT * FROM `address` WHERE  `id` = 1 LIMIT 1 [ RunTime:0.000375s ]
[2022-10-28T18:26:15+08:00][sql] SELECT * FROM `address` WHERE  `id` = 2 LIMIT 1 [ RunTime:0.000238s ]
[2022-10-28T18:52:51+08:00][sql] CONNECT:[ UseTime:0.000412s ] mysql:host=localhost;port=3316;dbname=coffee;charset=utf8
[2022-10-28T18:52:51+08:00][sql] SHOW FULL COLUMNS FROM `banner` [ RunTime:0.001281s ]
[2022-10-28T18:52:51+08:00][sql] SELECT * FROM `banner` [ RunTime:0.000277s ]
[2022-10-28T18:52:51+08:00][sql] SHOW FULL COLUMNS FROM `information` [ RunTime:0.001033s ]
[2022-10-28T18:52:51+08:00][sql] SELECT * FROM `information` ORDER BY `time` DESC LIMIT 1 [ RunTime:0.000485s ]
[2022-10-28T18:52:51+08:00][sql] SELECT * FROM `information` ORDER BY `time` DESC LIMIT 1,4 [ RunTime:0.000394s ]
[2022-10-28T18:52:51+08:00][sql] SHOW FULL COLUMNS FROM `course` [ RunTime:0.001061s ]
[2022-10-28T18:52:51+08:00][sql] SELECT `id`,`title` FROM `course` ORDER BY `sorting` ASC LIMIT 0,6 [ RunTime:0.000309s ]
[2022-10-28T18:52:51+08:00][sql] SHOW FULL COLUMNS FROM `teacher` [ RunTime:0.000878s ]
[2022-10-28T18:52:51+08:00][sql] SELECT * FROM `teacher` [ RunTime:0.000259s ]
[2022-10-28T18:52:51+08:00][sql] SHOW FULL COLUMNS FROM `address` [ RunTime:0.000933s ]
[2022-10-28T18:52:51+08:00][sql] SELECT * FROM `address` WHERE  `id` = 1 LIMIT 1 [ RunTime:0.000279s ]
[2022-10-28T18:52:51+08:00][sql] SELECT * FROM `address` WHERE  `id` = 2 LIMIT 1 [ RunTime:0.000264s ]
[2022-10-28T18:53:49+08:00][sql] CONNECT:[ UseTime:0.000522s ] mysql:host=localhost;port=3316;dbname=coffee;charset=utf8
[2022-10-28T18:53:49+08:00][sql] SHOW FULL COLUMNS FROM `banner` [ RunTime:0.001888s ]
[2022-10-28T18:53:49+08:00][sql] SELECT * FROM `banner` [ RunTime:0.000240s ]
[2022-10-28T18:53:49+08:00][sql] SHOW FULL COLUMNS FROM `information` [ RunTime:0.001053s ]
[2022-10-28T18:53:49+08:00][sql] SELECT * FROM `information` ORDER BY `time` DESC LIMIT 1 [ RunTime:0.000299s ]
[2022-10-28T18:53:49+08:00][sql] SELECT * FROM `information` ORDER BY `time` DESC LIMIT 1,4 [ RunTime:0.000347s ]
[2022-10-28T18:53:49+08:00][sql] SHOW FULL COLUMNS FROM `course` [ RunTime:0.001110s ]
[2022-10-28T18:53:49+08:00][sql] SELECT `id`,`title` FROM `course` ORDER BY `sorting` ASC LIMIT 0,6 [ RunTime:0.000231s ]
[2022-10-28T18:53:49+08:00][sql] SHOW FULL COLUMNS FROM `teacher` [ RunTime:0.000913s ]
[2022-10-28T18:53:49+08:00][sql] SELECT * FROM `teacher` [ RunTime:0.000214s ]
[2022-10-28T18:53:49+08:00][sql] SHOW FULL COLUMNS FROM `address` [ RunTime:0.000931s ]
[2022-10-28T18:53:49+08:00][sql] SELECT * FROM `address` WHERE  `id` = 1 LIMIT 1 [ RunTime:0.000268s ]
[2022-10-28T18:53:49+08:00][sql] SELECT * FROM `address` WHERE  `id` = 2 LIMIT 1 [ RunTime:0.000231s ]
[2022-10-28T19:28:18+08:00][sql] CONNECT:[ UseTime:0.000411s ] mysql:host=localhost;port=3316;dbname=coffee;charset=utf8
[2022-10-28T19:28:18+08:00][sql] SHOW FULL COLUMNS FROM `banner` [ RunTime:0.001223s ]
[2022-10-28T19:28:18+08:00][sql] SELECT * FROM `banner` [ RunTime:0.000290s ]
[2022-10-28T19:28:18+08:00][sql] SHOW FULL COLUMNS FROM `information` [ RunTime:0.000976s ]
[2022-10-28T19:28:18+08:00][sql] SELECT * FROM `information` ORDER BY `time` DESC LIMIT 1 [ RunTime:0.000301s ]
[2022-10-28T19:28:18+08:00][sql] SELECT * FROM `information` ORDER BY `time` DESC LIMIT 1,4 [ RunTime:0.000405s ]
[2022-10-28T19:28:18+08:00][sql] SHOW FULL COLUMNS FROM `course` [ RunTime:0.001025s ]
[2022-10-28T19:28:18+08:00][sql] SELECT `id`,`title` FROM `course` ORDER BY `sorting` ASC LIMIT 0,6 [ RunTime:0.000216s ]
[2022-10-28T19:28:18+08:00][sql] SHOW FULL COLUMNS FROM `teacher` [ RunTime:0.000876s ]
[2022-10-28T19:28:18+08:00][sql] SELECT * FROM `teacher` [ RunTime:0.000228s ]
[2022-10-28T19:28:18+08:00][sql] SHOW FULL COLUMNS FROM `address` [ RunTime:0.000891s ]
[2022-10-28T19:28:18+08:00][sql] SELECT * FROM `address` WHERE  `id` = 1 LIMIT 1 [ RunTime:0.000434s ]
[2022-10-28T19:28:18+08:00][sql] SELECT * FROM `address` WHERE  `id` = 2 LIMIT 1 [ RunTime:0.000229s ]
[2022-10-28T19:28:48+08:00][sql] CONNECT:[ UseTime:0.000421s ] mysql:host=localhost;port=3316;dbname=coffee;charset=utf8
[2022-10-28T19:28:48+08:00][sql] SHOW FULL COLUMNS FROM `banner` [ RunTime:0.001243s ]
[2022-10-28T19:28:48+08:00][sql] SELECT * FROM `banner` [ RunTime:0.000224s ]
[2022-10-28T19:28:48+08:00][sql] SHOW FULL COLUMNS FROM `information` [ RunTime:0.000986s ]
[2022-10-28T19:28:48+08:00][sql] SELECT * FROM `information` ORDER BY `time` DESC LIMIT 1 [ RunTime:0.000301s ]
[2022-10-28T19:28:48+08:00][sql] SELECT * FROM `information` ORDER BY `time` DESC LIMIT 1,4 [ RunTime:0.000310s ]
[2022-10-28T19:28:48+08:00][sql] SHOW FULL COLUMNS FROM `course` [ RunTime:0.001022s ]
[2022-10-28T19:28:48+08:00][sql] SELECT `id`,`title` FROM `course` ORDER BY `sorting` ASC LIMIT 0,6 [ RunTime:0.000265s ]
[2022-10-28T19:28:48+08:00][sql] SHOW FULL COLUMNS FROM `teacher` [ RunTime:0.000846s ]
[2022-10-28T19:28:48+08:00][sql] SELECT * FROM `teacher` [ RunTime:0.000232s ]
[2022-10-28T19:28:48+08:00][sql] SHOW FULL COLUMNS FROM `address` [ RunTime:0.000869s ]
[2022-10-28T19:28:48+08:00][sql] SELECT * FROM `address` WHERE  `id` = 1 LIMIT 1 [ RunTime:0.000302s ]
[2022-10-28T19:28:48+08:00][sql] SELECT * FROM `address` WHERE  `id` = 2 LIMIT 1 [ RunTime:0.000270s ]
[2022-10-28T19:44:40+08:00][sql] CONNECT:[ UseTime:0.000389s ] mysql:host=localhost;port=3316;dbname=coffee;charset=utf8
[2022-10-28T19:44:40+08:00][sql] SHOW FULL COLUMNS FROM `banner` [ RunTime:0.001266s ]
[2022-10-28T19:44:40+08:00][sql] SELECT * FROM `banner` [ RunTime:0.000225s ]
[2022-10-28T19:44:40+08:00][sql] SHOW FULL COLUMNS FROM `information` [ RunTime:0.001043s ]
[2022-10-28T19:44:40+08:00][sql] SELECT * FROM `information` ORDER BY `time` DESC LIMIT 1 [ RunTime:0.000346s ]
[2022-10-28T19:44:40+08:00][sql] SELECT * FROM `information` ORDER BY `time` DESC LIMIT 1,4 [ RunTime:0.000365s ]
[2022-10-28T19:44:40+08:00][sql] SHOW FULL COLUMNS FROM `course` [ RunTime:0.001054s ]
[2022-10-28T19:44:40+08:00][sql] SELECT `id`,`title` FROM `course` ORDER BY `sorting` ASC LIMIT 0,6 [ RunTime:0.000222s ]
[2022-10-28T19:44:40+08:00][sql] SHOW FULL COLUMNS FROM `teacher` [ RunTime:0.000905s ]
[2022-10-28T19:44:40+08:00][sql] SELECT * FROM `teacher` [ RunTime:0.000249s ]
[2022-10-28T19:44:40+08:00][sql] SHOW FULL COLUMNS FROM `address` [ RunTime:0.000929s ]
[2022-10-28T19:44:40+08:00][sql] SELECT * FROM `address` WHERE  `id` = 1 LIMIT 1 [ RunTime:0.000246s ]
[2022-10-28T19:44:40+08:00][sql] SELECT * FROM `address` WHERE  `id` = 2 LIMIT 1 [ RunTime:0.000208s ]
[2022-10-28T19:46:22+08:00][sql] CONNECT:[ UseTime:0.000337s ] mysql:host=localhost;port=3316;dbname=coffee;charset=utf8
[2022-10-28T19:46:22+08:00][sql] SHOW FULL COLUMNS FROM `banner` [ RunTime:0.001208s ]
[2022-10-28T19:46:22+08:00][sql] SELECT * FROM `banner` [ RunTime:0.000236s ]
[2022-10-28T19:46:22+08:00][sql] SHOW FULL COLUMNS FROM `information` [ RunTime:0.001311s ]
[2022-10-28T19:46:22+08:00][sql] SELECT * FROM `information` ORDER BY `time` DESC LIMIT 1 [ RunTime:0.000503s ]
[2022-10-28T19:46:22+08:00][sql] SELECT * FROM `information` ORDER BY `time` DESC LIMIT 1,4 [ RunTime:0.000463s ]
[2022-10-28T19:46:22+08:00][sql] SHOW FULL COLUMNS FROM `course` [ RunTime:0.001482s ]
[2022-10-28T19:46:22+08:00][sql] SELECT `id`,`title` FROM `course` ORDER BY `sorting` ASC LIMIT 0,6 [ RunTime:0.000292s ]
[2022-10-28T19:46:22+08:00][sql] SHOW FULL COLUMNS FROM `teacher` [ RunTime:0.001308s ]
[2022-10-28T19:46:22+08:00][sql] SELECT * FROM `teacher` [ RunTime:0.000289s ]
[2022-10-28T19:46:22+08:00][sql] SHOW FULL COLUMNS FROM `address` [ RunTime:0.001259s ]
[2022-10-28T19:46:22+08:00][sql] SELECT * FROM `address` WHERE  `id` = 1 LIMIT 1 [ RunTime:0.000308s ]
[2022-10-28T19:46:22+08:00][sql] SELECT * FROM `address` WHERE  `id` = 2 LIMIT 1 [ RunTime:0.000265s ]
[2022-10-28T19:50:44+08:00][sql] CONNECT:[ UseTime:0.000369s ] mysql:host=localhost;port=3316;dbname=coffee;charset=utf8
[2022-10-28T19:50:44+08:00][sql] SHOW FULL COLUMNS FROM `banner` [ RunTime:0.001271s ]
[2022-10-28T19:50:44+08:00][sql] SELECT * FROM `banner` [ RunTime:0.000258s ]
[2022-10-28T19:50:44+08:00][sql] SHOW FULL COLUMNS FROM `information` [ RunTime:0.001076s ]
[2022-10-28T19:50:44+08:00][sql] SELECT * FROM `information` ORDER BY `time` DESC LIMIT 1 [ RunTime:0.000289s ]
[2022-10-28T19:50:44+08:00][sql] SELECT * FROM `information` ORDER BY `time` DESC LIMIT 1,4 [ RunTime:0.000373s ]
[2022-10-28T19:50:44+08:00][sql] SHOW FULL COLUMNS FROM `course` [ RunTime:0.001218s ]
[2022-10-28T19:50:44+08:00][sql] SELECT `id`,`title` FROM `course` ORDER BY `sorting` ASC LIMIT 0,6 [ RunTime:0.000238s ]
[2022-10-28T19:50:44+08:00][sql] SHOW FULL COLUMNS FROM `teacher` [ RunTime:0.000896s ]
[2022-10-28T19:50:44+08:00][sql] SELECT * FROM `teacher` [ RunTime:0.000240s ]
[2022-10-28T19:50:44+08:00][sql] SHOW FULL COLUMNS FROM `address` [ RunTime:0.000934s ]
[2022-10-28T19:50:44+08:00][sql] SELECT * FROM `address` WHERE  `id` = 1 LIMIT 1 [ RunTime:0.000258s ]
[2022-10-28T19:50:44+08:00][sql] SELECT * FROM `address` WHERE  `id` = 2 LIMIT 1 [ RunTime:0.000207s ]
[2022-10-28T20:40:40+08:00][sql] CONNECT:[ UseTime:0.001393s ] mysql:host=localhost;port=3316;dbname=coffee;charset=utf8
[2022-10-28T20:40:40+08:00][sql] SHOW FULL COLUMNS FROM `banner` [ RunTime:0.001476s ]
[2022-10-28T20:40:40+08:00][sql] SELECT * FROM `banner` [ RunTime:0.000259s ]
[2022-10-28T20:40:40+08:00][sql] SHOW FULL COLUMNS FROM `information` [ RunTime:0.001071s ]
[2022-10-28T20:40:40+08:00][sql] SELECT * FROM `information` ORDER BY `time` DESC LIMIT 1 [ RunTime:0.000333s ]
[2022-10-28T20:40:40+08:00][sql] SELECT * FROM `information` ORDER BY `time` DESC LIMIT 1,4 [ RunTime:0.000373s ]
[2022-10-28T20:40:40+08:00][sql] SHOW FULL COLUMNS FROM `course` [ RunTime:0.001119s ]
[2022-10-28T20:40:40+08:00][sql] SELECT `id`,`title` FROM `course` ORDER BY `sorting` ASC LIMIT 0,6 [ RunTime:0.000275s ]
[2022-10-28T20:40:40+08:00][sql] SHOW FULL COLUMNS FROM `teacher` [ RunTime:0.000948s ]
[2022-10-28T20:40:40+08:00][sql] SELECT * FROM `teacher` [ RunTime:0.000263s ]
[2022-10-28T20:40:40+08:00][sql] SHOW FULL COLUMNS FROM `address` [ RunTime:0.000952s ]
[2022-10-28T20:40:40+08:00][sql] SELECT * FROM `address` WHERE  `id` = 1 LIMIT 1 [ RunTime:0.000305s ]
[2022-10-28T20:40:40+08:00][sql] SELECT * FROM `address` WHERE  `id` = 2 LIMIT 1 [ RunTime:0.000246s ]
[2022-10-28T21:12:42+08:00][sql] CONNECT:[ UseTime:0.000401s ] mysql:host=localhost;port=3316;dbname=coffee;charset=utf8
[2022-10-28T21:12:42+08:00][sql] SHOW FULL COLUMNS FROM `banner` [ RunTime:0.001240s ]
[2022-10-28T21:12:42+08:00][sql] SELECT * FROM `banner` [ RunTime:0.000221s ]
[2022-10-28T21:12:42+08:00][sql] SHOW FULL COLUMNS FROM `information` [ RunTime:0.000954s ]
[2022-10-28T21:12:42+08:00][sql] SELECT * FROM `information` ORDER BY `time` DESC LIMIT 1 [ RunTime:0.000307s ]
[2022-10-28T21:12:42+08:00][sql] SELECT * FROM `information` ORDER BY `time` DESC LIMIT 1,4 [ RunTime:0.000324s ]
[2022-10-28T21:12:42+08:00][sql] SHOW FULL COLUMNS FROM `course` [ RunTime:0.001038s ]
[2022-10-28T21:12:42+08:00][sql] SELECT `id`,`title` FROM `course` ORDER BY `sorting` ASC LIMIT 0,6 [ RunTime:0.000239s ]
[2022-10-28T21:12:42+08:00][sql] SHOW FULL COLUMNS FROM `teacher` [ RunTime:0.000830s ]
[2022-10-28T21:12:42+08:00][sql] SELECT * FROM `teacher` [ RunTime:0.000226s ]
[2022-10-28T21:12:42+08:00][sql] SHOW FULL COLUMNS FROM `address` [ RunTime:0.000853s ]
[2022-10-28T21:12:42+08:00][sql] SELECT * FROM `address` WHERE  `id` = 1 LIMIT 1 [ RunTime:0.000235s ]
[2022-10-28T21:12:42+08:00][sql] SELECT * FROM `address` WHERE  `id` = 2 LIMIT 1 [ RunTime:0.000193s ]
[2022-10-28T21:15:06+08:00][sql] CONNECT:[ UseTime:0.000422s ] mysql:host=localhost;port=3316;dbname=coffee;charset=utf8
[2022-10-28T21:15:06+08:00][sql] SHOW FULL COLUMNS FROM `banner` [ RunTime:0.001367s ]
[2022-10-28T21:15:06+08:00][sql] SELECT * FROM `banner` [ RunTime:0.000276s ]
[2022-10-28T21:15:06+08:00][sql] SHOW FULL COLUMNS FROM `information` [ RunTime:0.001044s ]
[2022-10-28T21:15:06+08:00][sql] SELECT * FROM `information` ORDER BY `time` DESC LIMIT 1 [ RunTime:0.000282s ]
[2022-10-28T21:15:06+08:00][sql] SELECT * FROM `information` ORDER BY `time` DESC LIMIT 1,4 [ RunTime:0.000365s ]
[2022-10-28T21:15:06+08:00][sql] SHOW FULL COLUMNS FROM `course` [ RunTime:0.001140s ]
[2022-10-28T21:15:06+08:00][sql] SELECT `id`,`title` FROM `course` ORDER BY `sorting` ASC LIMIT 0,6 [ RunTime:0.000251s ]
[2022-10-28T21:15:06+08:00][sql] SHOW FULL COLUMNS FROM `teacher` [ RunTime:0.000939s ]
[2022-10-28T21:15:06+08:00][sql] SELECT * FROM `teacher` [ RunTime:0.000244s ]
[2022-10-28T21:15:06+08:00][sql] SHOW FULL COLUMNS FROM `address` [ RunTime:0.000924s ]
[2022-10-28T21:15:06+08:00][sql] SELECT * FROM `address` WHERE  `id` = 1 LIMIT 1 [ RunTime:0.000248s ]
[2022-10-28T21:15:06+08:00][sql] SELECT * FROM `address` WHERE  `id` = 2 LIMIT 1 [ RunTime:0.000209s ]
[2022-10-28T21:45:06+08:00][sql] CONNECT:[ UseTime:0.000353s ] mysql:host=localhost;port=3316;dbname=coffee;charset=utf8
[2022-10-28T21:45:06+08:00][sql] SHOW FULL COLUMNS FROM `banner` [ RunTime:0.001328s ]
[2022-10-28T21:45:06+08:00][sql] SELECT * FROM `banner` [ RunTime:0.000228s ]
[2022-10-28T21:45:06+08:00][sql] SHOW FULL COLUMNS FROM `information` [ RunTime:0.000977s ]
[2022-10-28T21:45:06+08:00][sql] SELECT * FROM `information` ORDER BY `time` DESC LIMIT 1 [ RunTime:0.000303s ]
[2022-10-28T21:45:06+08:00][sql] SELECT * FROM `information` ORDER BY `time` DESC LIMIT 1,4 [ RunTime:0.000324s ]
[2022-10-28T21:45:06+08:00][sql] SHOW FULL COLUMNS FROM `course` [ RunTime:0.001029s ]
[2022-10-28T21:45:06+08:00][sql] SELECT `id`,`title` FROM `course` ORDER BY `sorting` ASC LIMIT 0,6 [ RunTime:0.000255s ]
[2022-10-28T21:45:06+08:00][sql] SHOW FULL COLUMNS FROM `teacher` [ RunTime:0.000936s ]
[2022-10-28T21:45:06+08:00][sql] SELECT * FROM `teacher` [ RunTime:0.000217s ]
[2022-10-28T21:45:06+08:00][sql] SHOW FULL COLUMNS FROM `address` [ RunTime:0.000878s ]
[2022-10-28T21:45:06+08:00][sql] SELECT * FROM `address` WHERE  `id` = 1 LIMIT 1 [ RunTime:0.000240s ]
[2022-10-28T21:45:06+08:00][sql] SELECT * FROM `address` WHERE  `id` = 2 LIMIT 1 [ RunTime:0.000237s ]
[2022-10-28T21:50:46+08:00][sql] CONNECT:[ UseTime:0.000401s ] mysql:host=localhost;port=3316;dbname=coffee;charset=utf8
[2022-10-28T21:50:46+08:00][sql] SHOW FULL COLUMNS FROM `banner` [ RunTime:0.001272s ]
[2022-10-28T21:50:46+08:00][sql] SELECT * FROM `banner` [ RunTime:0.000223s ]
[2022-10-28T21:50:46+08:00][sql] SHOW FULL COLUMNS FROM `information` [ RunTime:0.001010s ]
[2022-10-28T21:50:46+08:00][sql] SELECT * FROM `information` ORDER BY `time` DESC LIMIT 1 [ RunTime:0.000297s ]
[2022-10-28T21:50:46+08:00][sql] SELECT * FROM `information` ORDER BY `time` DESC LIMIT 1,4 [ RunTime:0.000331s ]
[2022-10-28T21:50:46+08:00][sql] SHOW FULL COLUMNS FROM `course` [ RunTime:0.001051s ]
[2022-10-28T21:50:46+08:00][sql] SELECT `id`,`title` FROM `course` ORDER BY `sorting` ASC LIMIT 0,6 [ RunTime:0.000226s ]
[2022-10-28T21:50:46+08:00][sql] SHOW FULL COLUMNS FROM `teacher` [ RunTime:0.000860s ]
[2022-10-28T21:50:46+08:00][sql] SELECT * FROM `teacher` [ RunTime:0.000221s ]
[2022-10-28T21:50:46+08:00][sql] SHOW FULL COLUMNS FROM `address` [ RunTime:0.000899s ]
[2022-10-28T21:50:46+08:00][sql] SELECT * FROM `address` WHERE  `id` = 1 LIMIT 1 [ RunTime:0.000261s ]
[2022-10-28T21:50:46+08:00][sql] SELECT * FROM `address` WHERE  `id` = 2 LIMIT 1 [ RunTime:0.000266s ]
[2022-10-28T22:18:49+08:00][sql] CONNECT:[ UseTime:0.000444s ] mysql:host=localhost;port=3316;dbname=coffee;charset=utf8
[2022-10-28T22:18:49+08:00][sql] SHOW FULL COLUMNS FROM `banner` [ RunTime:0.001254s ]
[2022-10-28T22:18:49+08:00][sql] SELECT * FROM `banner` [ RunTime:0.000219s ]
[2022-10-28T22:18:49+08:00][sql] SHOW FULL COLUMNS FROM `information` [ RunTime:0.001078s ]
[2022-10-28T22:18:49+08:00][sql] SELECT * FROM `information` ORDER BY `time` DESC LIMIT 1 [ RunTime:0.000349s ]
[2022-10-28T22:18:49+08:00][sql] SELECT * FROM `information` ORDER BY `time` DESC LIMIT 1,4 [ RunTime:0.000365s ]
[2022-10-28T22:18:49+08:00][sql] SHOW FULL COLUMNS FROM `course` [ RunTime:0.001117s ]
[2022-10-28T22:18:49+08:00][sql] SELECT `id`,`title` FROM `course` ORDER BY `sorting` ASC LIMIT 0,6 [ RunTime:0.000237s ]
[2022-10-28T22:18:49+08:00][sql] SHOW FULL COLUMNS FROM `teacher` [ RunTime:0.000979s ]
[2022-10-28T22:18:49+08:00][sql] SELECT * FROM `teacher` [ RunTime:0.000271s ]
[2022-10-28T22:18:49+08:00][sql] SHOW FULL COLUMNS FROM `address` [ RunTime:0.001012s ]
[2022-10-28T22:18:49+08:00][sql] SELECT * FROM `address` WHERE  `id` = 1 LIMIT 1 [ RunTime:0.000259s ]
[2022-10-28T22:18:49+08:00][sql] SELECT * FROM `address` WHERE  `id` = 2 LIMIT 1 [ RunTime:0.000223s ]
[2022-10-28T23:10:33+08:00][sql] CONNECT:[ UseTime:0.000482s ] mysql:host=localhost;port=3316;dbname=coffee;charset=utf8
[2022-10-28T23:10:33+08:00][sql] SHOW FULL COLUMNS FROM `banner` [ RunTime:0.001289s ]
[2022-10-28T23:10:33+08:00][sql] SELECT * FROM `banner` [ RunTime:0.000246s ]
[2022-10-28T23:10:33+08:00][sql] SHOW FULL COLUMNS FROM `information` [ RunTime:0.001064s ]
[2022-10-28T23:10:33+08:00][sql] SELECT * FROM `information` ORDER BY `time` DESC LIMIT 1 [ RunTime:0.000320s ]
[2022-10-28T23:10:33+08:00][sql] SELECT * FROM `information` ORDER BY `time` DESC LIMIT 1,4 [ RunTime:0.000398s ]
[2022-10-28T23:10:33+08:00][sql] SHOW FULL COLUMNS FROM `course` [ RunTime:0.001139s ]
[2022-10-28T23:10:33+08:00][sql] SELECT `id`,`title` FROM `course` ORDER BY `sorting` ASC LIMIT 0,6 [ RunTime:0.000249s ]
[2022-10-28T23:10:33+08:00][sql] SHOW FULL COLUMNS FROM `teacher` [ RunTime:0.000983s ]
[2022-10-28T23:10:33+08:00][sql] SELECT * FROM `teacher` [ RunTime:0.000395s ]
[2022-10-28T23:10:33+08:00][sql] SHOW FULL COLUMNS FROM `address` [ RunTime:0.001132s ]
[2022-10-28T23:10:33+08:00][sql] SELECT * FROM `address` WHERE  `id` = 1 LIMIT 1 [ RunTime:0.000275s ]
[2022-10-28T23:10:33+08:00][sql] SELECT * FROM `address` WHERE  `id` = 2 LIMIT 1 [ RunTime:0.000258s ]
[2022-10-28T23:34:36+08:00][sql] CONNECT:[ UseTime:0.000473s ] mysql:host=localhost;port=3316;dbname=coffee;charset=utf8
[2022-10-28T23:34:36+08:00][sql] SHOW FULL COLUMNS FROM `banner` [ RunTime:0.001335s ]
[2022-10-28T23:34:36+08:00][sql] SELECT * FROM `banner` [ RunTime:0.000266s ]
[2022-10-28T23:34:36+08:00][sql] SHOW FULL COLUMNS FROM `information` [ RunTime:0.001033s ]
[2022-10-28T23:34:36+08:00][sql] SELECT * FROM `information` ORDER BY `time` DESC LIMIT 1 [ RunTime:0.000324s ]
[2022-10-28T23:34:36+08:00][sql] SELECT * FROM `information` ORDER BY `time` DESC LIMIT 1,4 [ RunTime:0.000406s ]
[2022-10-28T23:34:36+08:00][sql] SHOW FULL COLUMNS FROM `course` [ RunTime:0.001084s ]
[2022-10-28T23:34:36+08:00][sql] SELECT `id`,`title` FROM `course` ORDER BY `sorting` ASC LIMIT 0,6 [ RunTime:0.000261s ]
[2022-10-28T23:34:36+08:00][sql] SHOW FULL COLUMNS FROM `teacher` [ RunTime:0.000929s ]
[2022-10-28T23:34:36+08:00][sql] SELECT * FROM `teacher` [ RunTime:0.000280s ]
[2022-10-28T23:34:36+08:00][sql] SHOW FULL COLUMNS FROM `address` [ RunTime:0.000892s ]
[2022-10-28T23:34:36+08:00][sql] SELECT * FROM `address` WHERE  `id` = 1 LIMIT 1 [ RunTime:0.000282s ]
[2022-10-28T23:34:36+08:00][sql] SELECT * FROM `address` WHERE  `id` = 2 LIMIT 1 [ RunTime:0.000237s ]
