[2023-04-04T00:25:38+08:00][sql] CONNECT:[ UseTime:0.000463s ] mysql:host=localhost;port=3316;dbname=coffee;charset=utf8
[2023-04-04T00:25:38+08:00][sql] SHOW FULL COLUMNS FROM `teacher` [ RunTime:0.001607s ]
[2023-04-04T00:25:38+08:00][sql] SELECT `id`,`teacher_name`,`teacher_avatar`,`Introduction` FROM `teacher` [ RunTime:0.000272s ]
[2023-04-04T00:25:38+08:00][sql] SHOW FULL COLUMNS FROM `address` [ RunTime:0.001242s ]
[2023-04-04T00:25:38+08:00][sql] SELECT * FROM `address` WHERE  `id` = 1 LIMIT 1 [ RunTime:0.000300s ]
[2023-04-04T00:25:38+08:00][sql] SELECT * FROM `address` WHERE  `id` = 2 LIMIT 1 [ RunTime:0.000254s ]
[2023-04-04T00:41:48+08:00][sql] CONNECT:[ UseTime:0.000417s ] mysql:host=localhost;port=3316;dbname=coffee;charset=utf8
[2023-04-04T00:41:48+08:00][sql] SHOW FULL COLUMNS FROM `teacher` [ RunTime:0.001303s ]
[2023-04-04T00:41:48+08:00][sql] SELECT `teacher_name`,`teacher_title`,`teacher_avatar`,`detail` FROM `teacher` WHERE  `id` = 1 LIMIT 1 [ RunTime:0.000284s ]
[2023-04-04T00:41:48+08:00][sql] SHOW FULL COLUMNS FROM `course` [ RunTime:0.001092s ]
[2023-04-04T00:41:48+08:00][sql] SELECT * FROM `course` WHERE  `about_instructor` LIKE '%1%' [ RunTime:0.000433s ]
[2023-04-04T00:41:48+08:00][sql] SHOW FULL COLUMNS FROM `address` [ RunTime:0.000984s ]
[2023-04-04T00:41:48+08:00][sql] SELECT * FROM `address` WHERE  `id` = 1 LIMIT 1 [ RunTime:0.000266s ]
[2023-04-04T00:41:48+08:00][sql] SELECT * FROM `address` WHERE  `id` = 2 LIMIT 1 [ RunTime:0.000260s ]
[2023-04-04T00:41:49+08:00][sql] CONNECT:[ UseTime:0.000388s ] mysql:host=localhost;port=3316;dbname=coffee;charset=utf8
[2023-04-04T00:41:49+08:00][sql] SHOW FULL COLUMNS FROM `teacher` [ RunTime:0.001305s ]
[2023-04-04T00:41:49+08:00][sql] SELECT `teacher_name`,`teacher_title`,`teacher_avatar`,`detail` FROM `teacher` WHERE  `id` = 2 LIMIT 1 [ RunTime:0.000282s ]
[2023-04-04T00:41:49+08:00][sql] SHOW FULL COLUMNS FROM `course` [ RunTime:0.001054s ]
[2023-04-04T00:41:49+08:00][sql] SELECT * FROM `course` WHERE  `about_instructor` LIKE '%2%' [ RunTime:0.000502s ]
[2023-04-04T00:41:49+08:00][sql] SHOW FULL COLUMNS FROM `address` [ RunTime:0.001222s ]
[2023-04-04T00:41:49+08:00][sql] SELECT * FROM `address` WHERE  `id` = 1 LIMIT 1 [ RunTime:0.000278s ]
[2023-04-04T00:41:49+08:00][sql] SELECT * FROM `address` WHERE  `id` = 2 LIMIT 1 [ RunTime:0.000257s ]
[2023-04-04T00:41:50+08:00][sql] CONNECT:[ UseTime:0.000505s ] mysql:host=localhost;port=3316;dbname=coffee;charset=utf8
[2023-04-04T00:41:50+08:00][sql] SHOW FULL COLUMNS FROM `teacher` [ RunTime:0.001662s ]
[2023-04-04T00:41:50+08:00][sql] SELECT `teacher_name`,`teacher_title`,`teacher_avatar`,`detail` FROM `teacher` WHERE  `id` = 3 LIMIT 1 [ RunTime:0.000316s ]
[2023-04-04T00:41:50+08:00][sql] SHOW FULL COLUMNS FROM `course` [ RunTime:0.001404s ]
[2023-04-04T00:41:50+08:00][sql] SELECT * FROM `course` WHERE  `about_instructor` LIKE '%3%' [ RunTime:0.000392s ]
[2023-04-04T00:41:50+08:00][sql] SHOW FULL COLUMNS FROM `address` [ RunTime:0.001270s ]
[2023-04-04T00:41:50+08:00][sql] SELECT * FROM `address` WHERE  `id` = 1 LIMIT 1 [ RunTime:0.000350s ]
[2023-04-04T00:41:50+08:00][sql] SELECT * FROM `address` WHERE  `id` = 2 LIMIT 1 [ RunTime:0.000281s ]
[2023-04-04T00:41:52+08:00][sql] CONNECT:[ UseTime:0.000452s ] mysql:host=localhost;port=3316;dbname=coffee;charset=utf8
[2023-04-04T00:41:52+08:00][sql] SHOW FULL COLUMNS FROM `teacher` [ RunTime:0.001674s ]
[2023-04-04T00:41:52+08:00][sql] SELECT `id`,`teacher_name`,`teacher_avatar`,`Introduction` FROM `teacher` [ RunTime:0.000313s ]
[2023-04-04T00:41:52+08:00][sql] SHOW FULL COLUMNS FROM `address` [ RunTime:0.001040s ]
[2023-04-04T00:41:52+08:00][sql] SELECT * FROM `address` WHERE  `id` = 1 LIMIT 1 [ RunTime:0.000261s ]
[2023-04-04T00:41:52+08:00][sql] SELECT * FROM `address` WHERE  `id` = 2 LIMIT 1 [ RunTime:0.000218s ]
[2023-04-04T08:19:49+08:00][sql] CONNECT:[ UseTime:0.000471s ] mysql:host=localhost;port=3316;dbname=coffee;charset=utf8
[2023-04-04T08:19:49+08:00][sql] SHOW FULL COLUMNS FROM `teacher` [ RunTime:0.001310s ]
[2023-04-04T08:19:49+08:00][sql] SELECT `teacher_name`,`teacher_title`,`teacher_avatar`,`detail` FROM `teacher` WHERE  `id` = 2 LIMIT 1 [ RunTime:0.000272s ]
[2023-04-04T08:19:49+08:00][sql] SHOW FULL COLUMNS FROM `course` [ RunTime:0.001105s ]
[2023-04-04T08:19:49+08:00][sql] SELECT * FROM `course` WHERE  `about_instructor` LIKE '%2%' [ RunTime:0.000418s ]
[2023-04-04T08:19:49+08:00][sql] SHOW FULL COLUMNS FROM `address` [ RunTime:0.001418s ]
[2023-04-04T08:19:49+08:00][sql] SELECT * FROM `address` WHERE  `id` = 1 LIMIT 1 [ RunTime:0.000271s ]
[2023-04-04T08:19:49+08:00][sql] SELECT * FROM `address` WHERE  `id` = 2 LIMIT 1 [ RunTime:0.000240s ]
