[2023-04-07T11:59:49+08:00][sql] CONNECT:[ UseTime:0.000264s ] mysql:host=localhost;port=3316;dbname=coffee;charset=utf8
[2023-04-07T11:59:49+08:00][sql] SHOW FULL COLUMNS FROM `teacher` [ RunTime:0.001023s ]
[2023-04-07T11:59:49+08:00][sql] SELECT `teacher_name`,`teacher_title`,`teacher_avatar`,`detail` FROM `teacher` WHERE  `id` = 1 LIMIT 1 [ RunTime:0.000248s ]
[2023-04-07T11:59:49+08:00][sql] SHOW FULL COLUMNS FROM `course` [ RunTime:0.001043s ]
[2023-04-07T11:59:49+08:00][sql] SELECT * FROM `course` WHERE  `about_instructor` LIKE '%1%' [ RunTime:0.000862s ]
[2023-04-07T11:59:49+08:00][sql] SHOW FULL COLUMNS FROM `address` [ RunTime:0.000949s ]
[2023-04-07T11:59:49+08:00][sql] SELECT * FROM `address` WHERE  `id` = 1 LIMIT 1 [ RunTime:0.000250s ]
[2023-04-07T11:59:49+08:00][sql] SELECT * FROM `address` WHERE  `id` = 2 LIMIT 1 [ RunTime:0.000236s ]
[2023-04-07T12:11:56+08:00][sql] CONNECT:[ UseTime:0.000420s ] mysql:host=localhost;port=3316;dbname=coffee;charset=utf8
[2023-04-07T12:11:56+08:00][sql] SHOW FULL COLUMNS FROM `teacher` [ RunTime:0.001264s ]
[2023-04-07T12:11:56+08:00][sql] SELECT `teacher_name`,`teacher_title`,`teacher_avatar`,`detail` FROM `teacher` WHERE  `id` = 1 LIMIT 1 [ RunTime:0.000282s ]
[2023-04-07T12:11:56+08:00][sql] SHOW FULL COLUMNS FROM `course` [ RunTime:0.001075s ]
[2023-04-07T12:11:56+08:00][sql] SELECT * FROM `course` WHERE  `about_instructor` LIKE '%1%' [ RunTime:0.000454s ]
[2023-04-07T12:11:56+08:00][sql] SHOW FULL COLUMNS FROM `address` [ RunTime:0.000945s ]
[2023-04-07T12:11:56+08:00][sql] SELECT * FROM `address` WHERE  `id` = 1 LIMIT 1 [ RunTime:0.000296s ]
[2023-04-07T12:11:56+08:00][sql] SELECT * FROM `address` WHERE  `id` = 2 LIMIT 1 [ RunTime:0.000260s ]
[2023-04-07T12:19:16+08:00][sql] CONNECT:[ UseTime:0.000463s ] mysql:host=localhost;port=3316;dbname=coffee;charset=utf8
[2023-04-07T12:19:16+08:00][sql] SHOW FULL COLUMNS FROM `teacher` [ RunTime:0.001451s ]
[2023-04-07T12:19:16+08:00][sql] SELECT `teacher_name`,`teacher_title`,`teacher_avatar`,`detail` FROM `teacher` WHERE  `id` = 2 LIMIT 1 [ RunTime:0.000348s ]
[2023-04-07T12:19:16+08:00][sql] SHOW FULL COLUMNS FROM `course` [ RunTime:0.001106s ]
[2023-04-07T12:19:16+08:00][sql] SELECT * FROM `course` WHERE  `about_instructor` LIKE '%2%' [ RunTime:0.000377s ]
[2023-04-07T12:19:16+08:00][sql] SHOW FULL COLUMNS FROM `address` [ RunTime:0.001114s ]
[2023-04-07T12:19:16+08:00][sql] SELECT * FROM `address` WHERE  `id` = 1 LIMIT 1 [ RunTime:0.000247s ]
[2023-04-07T12:19:16+08:00][sql] SELECT * FROM `address` WHERE  `id` = 2 LIMIT 1 [ RunTime:0.000219s ]
[2023-04-07T12:22:13+08:00][sql] CONNECT:[ UseTime:0.000475s ] mysql:host=localhost;port=3316;dbname=coffee;charset=utf8
[2023-04-07T12:22:13+08:00][sql] SHOW FULL COLUMNS FROM `teacher` [ RunTime:0.001356s ]
[2023-04-07T12:22:13+08:00][sql] SELECT `teacher_name`,`teacher_title`,`teacher_avatar`,`detail` FROM `teacher` WHERE  `id` = 2 LIMIT 1 [ RunTime:0.000308s ]
[2023-04-07T12:22:13+08:00][sql] SHOW FULL COLUMNS FROM `course` [ RunTime:0.001113s ]
[2023-04-07T12:22:13+08:00][sql] SELECT * FROM `course` WHERE  `about_instructor` LIKE '%2%' [ RunTime:0.000403s ]
[2023-04-07T12:22:13+08:00][sql] SHOW FULL COLUMNS FROM `address` [ RunTime:0.001020s ]
[2023-04-07T12:22:13+08:00][sql] SELECT * FROM `address` WHERE  `id` = 1 LIMIT 1 [ RunTime:0.000285s ]
[2023-04-07T12:22:13+08:00][sql] SELECT * FROM `address` WHERE  `id` = 2 LIMIT 1 [ RunTime:0.000249s ]
[2023-04-07T13:34:26+08:00][sql] CONNECT:[ UseTime:0.000501s ] mysql:host=localhost;port=3316;dbname=coffee;charset=utf8
[2023-04-07T13:34:26+08:00][sql] SHOW FULL COLUMNS FROM `teacher` [ RunTime:0.001236s ]
[2023-04-07T13:34:26+08:00][sql] SELECT `teacher_name`,`teacher_title`,`teacher_avatar`,`detail` FROM `teacher` WHERE  `id` = 1 LIMIT 1 [ RunTime:0.000286s ]
[2023-04-07T13:34:26+08:00][sql] SHOW FULL COLUMNS FROM `course` [ RunTime:0.001070s ]
[2023-04-07T13:34:26+08:00][sql] SELECT * FROM `course` WHERE  `about_instructor` LIKE '%1%' [ RunTime:0.000429s ]
[2023-04-07T13:34:26+08:00][sql] SHOW FULL COLUMNS FROM `address` [ RunTime:0.000988s ]
[2023-04-07T13:34:26+08:00][sql] SELECT * FROM `address` WHERE  `id` = 1 LIMIT 1 [ RunTime:0.000277s ]
[2023-04-07T13:34:26+08:00][sql] SELECT * FROM `address` WHERE  `id` = 2 LIMIT 1 [ RunTime:0.000261s ]
[2023-04-07T18:58:06+08:00][sql] CONNECT:[ UseTime:0.000414s ] mysql:host=localhost;port=3316;dbname=coffee;charset=utf8
[2023-04-07T18:58:06+08:00][sql] SHOW FULL COLUMNS FROM `teacher` [ RunTime:0.001440s ]
[2023-04-07T18:58:06+08:00][sql] SELECT `teacher_name`,`teacher_title`,`teacher_avatar`,`detail` FROM `teacher` WHERE  `id` = 3 LIMIT 1 [ RunTime:0.000294s ]
[2023-04-07T18:58:06+08:00][sql] SHOW FULL COLUMNS FROM `course` [ RunTime:0.001328s ]
[2023-04-07T18:58:06+08:00][sql] SELECT * FROM `course` WHERE  `about_instructor` LIKE '%3%' [ RunTime:0.000380s ]
[2023-04-07T18:58:06+08:00][sql] SHOW FULL COLUMNS FROM `address` [ RunTime:0.001047s ]
[2023-04-07T18:58:06+08:00][sql] SELECT * FROM `address` WHERE  `id` = 1 LIMIT 1 [ RunTime:0.000278s ]
[2023-04-07T18:58:06+08:00][sql] SELECT * FROM `address` WHERE  `id` = 2 LIMIT 1 [ RunTime:0.000227s ]
[2023-04-07T19:03:05+08:00][sql] CONNECT:[ UseTime:0.000392s ] mysql:host=localhost;port=3316;dbname=coffee;charset=utf8
[2023-04-07T19:03:05+08:00][sql] SHOW FULL COLUMNS FROM `teacher` [ RunTime:0.001284s ]
[2023-04-07T19:03:05+08:00][sql] SELECT `teacher_name`,`teacher_title`,`teacher_avatar`,`detail` FROM `teacher` WHERE  `id` = 3 LIMIT 1 [ RunTime:0.000290s ]
[2023-04-07T19:03:05+08:00][sql] SHOW FULL COLUMNS FROM `course` [ RunTime:0.001120s ]
[2023-04-07T19:03:05+08:00][sql] SELECT * FROM `course` WHERE  `about_instructor` LIKE '%3%' [ RunTime:0.000349s ]
[2023-04-07T19:03:05+08:00][sql] SHOW FULL COLUMNS FROM `address` [ RunTime:0.000965s ]
[2023-04-07T19:03:05+08:00][sql] SELECT * FROM `address` WHERE  `id` = 1 LIMIT 1 [ RunTime:0.000339s ]
[2023-04-07T19:03:05+08:00][sql] SELECT * FROM `address` WHERE  `id` = 2 LIMIT 1 [ RunTime:0.000296s ]
