[2023-04-12T03:56:48+08:00][sql] CONNECT:[ UseTime:0.000435s ] mysql:host=localhost;port=3316;dbname=coffee;charset=utf8
[2023-04-12T03:56:48+08:00][sql] SHOW FULL COLUMNS FROM `teacher` [ RunTime:0.001237s ]
[2023-04-12T03:56:48+08:00][sql] SELECT `teacher_name`,`teacher_title`,`teacher_avatar`,`detail` FROM `teacher` WHERE  `id` = 1 LIMIT 1 [ RunTime:0.000276s ]
[2023-04-12T03:56:48+08:00][sql] SHOW FULL COLUMNS FROM `course` [ RunTime:0.001108s ]
[2023-04-12T03:56:48+08:00][sql] SELECT * FROM `course` WHERE  `about_instructor` LIKE '%1%' [ RunTime:0.000451s ]
[2023-04-12T03:56:48+08:00][sql] SHOW FULL COLUMNS FROM `address` [ RunTime:0.001021s ]
[2023-04-12T03:56:48+08:00][sql] SELECT * FROM `address` WHERE  `id` = 1 LIMIT 1 [ RunTime:0.000284s ]
[2023-04-12T03:56:48+08:00][sql] SELECT * FROM `address` WHERE  `id` = 2 LIMIT 1 [ RunTime:0.000257s ]
[2023-04-12T03:56:48+08:00][sql] CONNECT:[ UseTime:0.000453s ] mysql:host=localhost;port=3316;dbname=coffee;charset=utf8
[2023-04-12T03:56:48+08:00][sql] SHOW FULL COLUMNS FROM `teacher` [ RunTime:0.001274s ]
[2023-04-12T03:56:48+08:00][sql] SELECT `teacher_name`,`teacher_title`,`teacher_avatar`,`detail` FROM `teacher` WHERE  `id` = 1 LIMIT 1 [ RunTime:0.000288s ]
[2023-04-12T03:56:48+08:00][sql] SHOW FULL COLUMNS FROM `course` [ RunTime:0.001112s ]
[2023-04-12T03:56:48+08:00][sql] SELECT * FROM `course` WHERE  `about_instructor` LIKE '%1%' [ RunTime:0.000446s ]
[2023-04-12T03:56:48+08:00][sql] SHOW FULL COLUMNS FROM `address` [ RunTime:0.000943s ]
[2023-04-12T03:56:48+08:00][sql] SELECT * FROM `address` WHERE  `id` = 1 LIMIT 1 [ RunTime:0.000273s ]
[2023-04-12T03:56:48+08:00][sql] SELECT * FROM `address` WHERE  `id` = 2 LIMIT 1 [ RunTime:0.000289s ]
[2023-04-12T04:07:03+08:00][sql] CONNECT:[ UseTime:0.000421s ] mysql:host=localhost;port=3316;dbname=coffee;charset=utf8
[2023-04-12T04:07:03+08:00][sql] SHOW FULL COLUMNS FROM `teacher` [ RunTime:0.001274s ]
[2023-04-12T04:07:03+08:00][sql] SELECT `teacher_name`,`teacher_title`,`teacher_avatar`,`detail` FROM `teacher` WHERE  `id` = 1 LIMIT 1 [ RunTime:0.000251s ]
[2023-04-12T04:07:03+08:00][sql] SHOW FULL COLUMNS FROM `course` [ RunTime:0.001052s ]
[2023-04-12T04:07:03+08:00][sql] SELECT * FROM `course` WHERE  `about_instructor` LIKE '%1%' [ RunTime:0.000397s ]
[2023-04-12T04:07:03+08:00][sql] SHOW FULL COLUMNS FROM `address` [ RunTime:0.000915s ]
[2023-04-12T04:07:03+08:00][sql] SELECT * FROM `address` WHERE  `id` = 1 LIMIT 1 [ RunTime:0.000287s ]
[2023-04-12T04:07:03+08:00][sql] SELECT * FROM `address` WHERE  `id` = 2 LIMIT 1 [ RunTime:0.000212s ]
[2023-04-12T20:19:52+08:00][sql] CONNECT:[ UseTime:0.000352s ] mysql:host=localhost;port=3316;dbname=coffee;charset=utf8
[2023-04-12T20:19:52+08:00][sql] SHOW FULL COLUMNS FROM `teacher` [ RunTime:0.001277s ]
[2023-04-12T20:19:52+08:00][sql] SELECT `teacher_name`,`teacher_title`,`teacher_avatar`,`detail` FROM `teacher` WHERE  `id` = 1 LIMIT 1 [ RunTime:0.000275s ]
[2023-04-12T20:19:52+08:00][sql] SHOW FULL COLUMNS FROM `course` [ RunTime:0.001063s ]
[2023-04-12T20:19:52+08:00][sql] SELECT * FROM `course` WHERE  `about_instructor` LIKE '%1%' [ RunTime:0.000876s ]
[2023-04-12T20:19:52+08:00][sql] SHOW FULL COLUMNS FROM `address` [ RunTime:0.001008s ]
[2023-04-12T20:19:52+08:00][sql] SELECT * FROM `address` WHERE  `id` = 1 LIMIT 1 [ RunTime:0.000319s ]
[2023-04-12T20:19:52+08:00][sql] SELECT * FROM `address` WHERE  `id` = 2 LIMIT 1 [ RunTime:0.000289s ]
[2023-04-12T20:24:25+08:00][sql] CONNECT:[ UseTime:0.000381s ] mysql:host=localhost;port=3316;dbname=coffee;charset=utf8
[2023-04-12T20:24:25+08:00][sql] SHOW FULL COLUMNS FROM `teacher` [ RunTime:0.001196s ]
[2023-04-12T20:24:25+08:00][sql] SELECT `teacher_name`,`teacher_title`,`teacher_avatar`,`detail` FROM `teacher` WHERE  `id` = 1 LIMIT 1 [ RunTime:0.000304s ]
[2023-04-12T20:24:25+08:00][sql] SHOW FULL COLUMNS FROM `course` [ RunTime:0.001139s ]
[2023-04-12T20:24:25+08:00][sql] SELECT * FROM `course` WHERE  `about_instructor` LIKE '%1%' [ RunTime:0.000463s ]
[2023-04-12T20:24:25+08:00][sql] SHOW FULL COLUMNS FROM `address` [ RunTime:0.000958s ]
[2023-04-12T20:24:25+08:00][sql] SELECT * FROM `address` WHERE  `id` = 1 LIMIT 1 [ RunTime:0.000284s ]
[2023-04-12T20:24:25+08:00][sql] SELECT * FROM `address` WHERE  `id` = 2 LIMIT 1 [ RunTime:0.000247s ]
[2023-04-12T20:33:11+08:00][sql] CONNECT:[ UseTime:0.000415s ] mysql:host=localhost;port=3316;dbname=coffee;charset=utf8
[2023-04-12T20:33:11+08:00][sql] SHOW FULL COLUMNS FROM `teacher` [ RunTime:0.001229s ]
[2023-04-12T20:33:11+08:00][sql] SELECT `teacher_name`,`teacher_title`,`teacher_avatar`,`detail` FROM `teacher` WHERE  `id` = 1 LIMIT 1 [ RunTime:0.000270s ]
[2023-04-12T20:33:11+08:00][sql] SHOW FULL COLUMNS FROM `course` [ RunTime:0.001274s ]
[2023-04-12T20:33:11+08:00][sql] SELECT * FROM `course` WHERE  `about_instructor` LIKE '%1%' [ RunTime:0.000409s ]
[2023-04-12T20:33:11+08:00][sql] SHOW FULL COLUMNS FROM `address` [ RunTime:0.000983s ]
[2023-04-12T20:33:11+08:00][sql] SELECT * FROM `address` WHERE  `id` = 1 LIMIT 1 [ RunTime:0.000327s ]
[2023-04-12T20:33:11+08:00][sql] SELECT * FROM `address` WHERE  `id` = 2 LIMIT 1 [ RunTime:0.000212s ]
