[2023-04-19T06:23:53+08:00][sql] CONNECT:[ UseTime:0.000443s ] mysql:host=localhost;port=3316;dbname=coffee;charset=utf8
[2023-04-19T06:23:53+08:00][sql] SHOW FULL COLUMNS FROM `teacher` [ RunTime:0.001244s ]
[2023-04-19T06:23:53+08:00][sql] SELECT `id`,`teacher_name`,`teacher_avatar`,`Introduction` FROM `teacher` [ RunTime:0.000258s ]
[2023-04-19T06:23:53+08:00][sql] SHOW FULL COLUMNS FROM `address` [ RunTime:0.001003s ]
[2023-04-19T06:23:53+08:00][sql] SELECT * FROM `address` WHERE  `id` = 1 LIMIT 1 [ RunTime:0.000321s ]
[2023-04-19T06:23:53+08:00][sql] SELECT * FROM `address` WHERE  `id` = 2 LIMIT 1 [ RunTime:0.000252s ]
[2023-04-19T08:05:58+08:00][sql] CONNECT:[ UseTime:0.000389s ] mysql:host=localhost;port=3316;dbname=coffee;charset=utf8
[2023-04-19T08:05:58+08:00][sql] SHOW FULL COLUMNS FROM `teacher` [ RunTime:0.001239s ]
[2023-04-19T08:05:58+08:00][sql] SELECT `teacher_name`,`teacher_title`,`teacher_avatar`,`detail` FROM `teacher` WHERE  `id` = 3 LIMIT 1 [ RunTime:0.000247s ]
[2023-04-19T08:05:58+08:00][sql] SHOW FULL COLUMNS FROM `course` [ RunTime:0.001050s ]
[2023-04-19T08:05:58+08:00][sql] SELECT * FROM `course` WHERE  `about_instructor` LIKE '%3%' [ RunTime:0.000291s ]
[2023-04-19T08:05:58+08:00][sql] SHOW FULL COLUMNS FROM `address` [ RunTime:0.001090s ]
[2023-04-19T08:05:58+08:00][sql] SELECT * FROM `address` WHERE  `id` = 1 LIMIT 1 [ RunTime:0.000243s ]
[2023-04-19T08:05:58+08:00][sql] SELECT * FROM `address` WHERE  `id` = 2 LIMIT 1 [ RunTime:0.000347s ]
[2023-04-19T08:11:40+08:00][sql] CONNECT:[ UseTime:0.000375s ] mysql:host=localhost;port=3316;dbname=coffee;charset=utf8
[2023-04-19T08:11:40+08:00][sql] SHOW FULL COLUMNS FROM `teacher` [ RunTime:0.001247s ]
[2023-04-19T08:11:40+08:00][sql] SELECT `teacher_name`,`teacher_title`,`teacher_avatar`,`detail` FROM `teacher` WHERE  `id` = 3 LIMIT 1 [ RunTime:0.000299s ]
[2023-04-19T08:11:40+08:00][sql] SHOW FULL COLUMNS FROM `course` [ RunTime:0.001058s ]
[2023-04-19T08:11:40+08:00][sql] SELECT * FROM `course` WHERE  `about_instructor` LIKE '%3%' [ RunTime:0.000334s ]
[2023-04-19T08:11:40+08:00][sql] SHOW FULL COLUMNS FROM `address` [ RunTime:0.000928s ]
[2023-04-19T08:11:40+08:00][sql] SELECT * FROM `address` WHERE  `id` = 1 LIMIT 1 [ RunTime:0.000271s ]
[2023-04-19T08:11:40+08:00][sql] SELECT * FROM `address` WHERE  `id` = 2 LIMIT 1 [ RunTime:0.000241s ]
[2023-04-19T14:24:10+08:00][sql] CONNECT:[ UseTime:0.000388s ] mysql:host=localhost;port=3316;dbname=coffee;charset=utf8
[2023-04-19T14:24:10+08:00][sql] SHOW FULL COLUMNS FROM `teacher` [ RunTime:0.001271s ]
[2023-04-19T14:24:10+08:00][sql] SELECT `id`,`teacher_name`,`teacher_avatar`,`Introduction` FROM `teacher` [ RunTime:0.000213s ]
[2023-04-19T14:24:10+08:00][sql] SHOW FULL COLUMNS FROM `address` [ RunTime:0.000978s ]
[2023-04-19T14:24:10+08:00][sql] SELECT * FROM `address` WHERE  `id` = 1 LIMIT 1 [ RunTime:0.000258s ]
[2023-04-19T14:24:10+08:00][sql] SELECT * FROM `address` WHERE  `id` = 2 LIMIT 1 [ RunTime:0.000247s ]
[2023-04-19T17:18:59+08:00][sql] CONNECT:[ UseTime:0.000406s ] mysql:host=localhost;port=3316;dbname=coffee;charset=utf8
[2023-04-19T17:18:59+08:00][sql] SHOW FULL COLUMNS FROM `teacher` [ RunTime:0.001263s ]
[2023-04-19T17:18:59+08:00][sql] SELECT `teacher_name`,`teacher_title`,`teacher_avatar`,`detail` FROM `teacher` WHERE  `id` = 1 LIMIT 1 [ RunTime:0.000306s ]
[2023-04-19T17:18:59+08:00][sql] SHOW FULL COLUMNS FROM `course` [ RunTime:0.001078s ]
[2023-04-19T17:18:59+08:00][sql] SELECT * FROM `course` WHERE  `about_instructor` LIKE '%1%' [ RunTime:0.000424s ]
[2023-04-19T17:18:59+08:00][sql] SHOW FULL COLUMNS FROM `address` [ RunTime:0.000949s ]
[2023-04-19T17:18:59+08:00][sql] SELECT * FROM `address` WHERE  `id` = 1 LIMIT 1 [ RunTime:0.000271s ]
[2023-04-19T17:18:59+08:00][sql] SELECT * FROM `address` WHERE  `id` = 2 LIMIT 1 [ RunTime:0.000262s ]
[2023-04-19T17:22:08+08:00][sql] CONNECT:[ UseTime:0.000429s ] mysql:host=localhost;port=3316;dbname=coffee;charset=utf8
[2023-04-19T17:22:08+08:00][sql] SHOW FULL COLUMNS FROM `teacher` [ RunTime:0.001405s ]
[2023-04-19T17:22:08+08:00][sql] SELECT `teacher_name`,`teacher_title`,`teacher_avatar`,`detail` FROM `teacher` WHERE  `id` = 1 LIMIT 1 [ RunTime:0.000298s ]
[2023-04-19T17:22:08+08:00][sql] SHOW FULL COLUMNS FROM `course` [ RunTime:0.001111s ]
[2023-04-19T17:22:08+08:00][sql] SELECT * FROM `course` WHERE  `about_instructor` LIKE '%1%' [ RunTime:0.000449s ]
[2023-04-19T17:22:08+08:00][sql] SHOW FULL COLUMNS FROM `address` [ RunTime:0.000961s ]
[2023-04-19T17:22:08+08:00][sql] SELECT * FROM `address` WHERE  `id` = 1 LIMIT 1 [ RunTime:0.000276s ]
[2023-04-19T17:22:08+08:00][sql] SELECT * FROM `address` WHERE  `id` = 2 LIMIT 1 [ RunTime:0.000241s ]
[2023-04-19T17:22:11+08:00][sql] CONNECT:[ UseTime:0.000416s ] mysql:host=localhost;port=3316;dbname=coffee;charset=utf8
[2023-04-19T17:22:11+08:00][sql] SHOW FULL COLUMNS FROM `teacher` [ RunTime:0.001301s ]
[2023-04-19T17:22:11+08:00][sql] SELECT `teacher_name`,`teacher_title`,`teacher_avatar`,`detail` FROM `teacher` WHERE  `id` = 1 LIMIT 1 [ RunTime:0.000278s ]
[2023-04-19T17:22:11+08:00][sql] SHOW FULL COLUMNS FROM `course` [ RunTime:0.001085s ]
[2023-04-19T17:22:11+08:00][sql] SELECT * FROM `course` WHERE  `about_instructor` LIKE '%1%' [ RunTime:0.000480s ]
[2023-04-19T17:22:11+08:00][sql] SHOW FULL COLUMNS FROM `address` [ RunTime:0.000956s ]
[2023-04-19T17:22:11+08:00][sql] SELECT * FROM `address` WHERE  `id` = 1 LIMIT 1 [ RunTime:0.000274s ]
[2023-04-19T17:22:11+08:00][sql] SELECT * FROM `address` WHERE  `id` = 2 LIMIT 1 [ RunTime:0.000253s ]
[2023-04-19T19:59:31+08:00][sql] CONNECT:[ UseTime:0.000452s ] mysql:host=localhost;port=3316;dbname=coffee;charset=utf8
[2023-04-19T19:59:31+08:00][sql] SHOW FULL COLUMNS FROM `teacher` [ RunTime:0.001432s ]
[2023-04-19T19:59:31+08:00][sql] SELECT `teacher_name`,`teacher_title`,`teacher_avatar`,`detail` FROM `teacher` WHERE  `id` = 3 LIMIT 1 [ RunTime:0.000362s ]
[2023-04-19T19:59:31+08:00][sql] SHOW FULL COLUMNS FROM `course` [ RunTime:0.001108s ]
[2023-04-19T19:59:31+08:00][sql] SELECT * FROM `course` WHERE  `about_instructor` LIKE '%3%' [ RunTime:0.000342s ]
[2023-04-19T19:59:31+08:00][sql] SHOW FULL COLUMNS FROM `address` [ RunTime:0.000975s ]
[2023-04-19T19:59:31+08:00][sql] SELECT * FROM `address` WHERE  `id` = 1 LIMIT 1 [ RunTime:0.000274s ]
[2023-04-19T19:59:31+08:00][sql] SELECT * FROM `address` WHERE  `id` = 2 LIMIT 1 [ RunTime:0.000269s ]
