[2023-04-23T11:11:42+08:00][sql] CONNECT:[ UseTime:0.000430s ] mysql:host=localhost;port=3316;dbname=coffee;charset=utf8
[2023-04-23T11:11:42+08:00][sql] SHOW FULL COLUMNS FROM `teacher` [ RunTime:0.001292s ]
[2023-04-23T11:11:42+08:00][sql] SELECT `id`,`teacher_name`,`teacher_avatar`,`Introduction` FROM `teacher` [ RunTime:0.000326s ]
[2023-04-23T11:11:42+08:00][sql] SHOW FULL COLUMNS FROM `address` [ RunTime:0.000968s ]
[2023-04-23T11:11:42+08:00][sql] SELECT * FROM `address` WHERE  `id` = 1 LIMIT 1 [ RunTime:0.000284s ]
[2023-04-23T11:11:42+08:00][sql] SELECT * FROM `address` WHERE  `id` = 2 LIMIT 1 [ RunTime:0.000263s ]
[2023-04-23T17:01:21+08:00][sql] CONNECT:[ UseTime:0.000439s ] mysql:host=localhost;port=3316;dbname=coffee;charset=utf8
[2023-04-23T17:01:21+08:00][sql] SHOW FULL COLUMNS FROM `teacher` [ RunTime:0.001306s ]
[2023-04-23T17:01:21+08:00][sql] SELECT `teacher_name`,`teacher_title`,`teacher_avatar`,`detail` FROM `teacher` WHERE  `id` = 1 LIMIT 1 [ RunTime:0.000290s ]
[2023-04-23T17:01:21+08:00][sql] SHOW FULL COLUMNS FROM `course` [ RunTime:0.001118s ]
[2023-04-23T17:01:21+08:00][sql] SELECT * FROM `course` WHERE  `about_instructor` LIKE '%1%' [ RunTime:0.001080s ]
[2023-04-23T17:01:21+08:00][sql] SHOW FULL COLUMNS FROM `address` [ RunTime:0.001013s ]
[2023-04-23T17:01:21+08:00][sql] SELECT * FROM `address` WHERE  `id` = 1 LIMIT 1 [ RunTime:0.000267s ]
[2023-04-23T17:01:21+08:00][sql] SELECT * FROM `address` WHERE  `id` = 2 LIMIT 1 [ RunTime:0.000260s ]
[2023-04-23T17:01:46+08:00][sql] CONNECT:[ UseTime:0.000476s ] mysql:host=localhost;port=3316;dbname=coffee;charset=utf8
[2023-04-23T17:01:46+08:00][sql] SHOW FULL COLUMNS FROM `teacher` [ RunTime:0.001251s ]
[2023-04-23T17:01:46+08:00][sql] SELECT `teacher_name`,`teacher_title`,`teacher_avatar`,`detail` FROM `teacher` WHERE  `id` = 1 LIMIT 1 [ RunTime:0.000287s ]
[2023-04-23T17:01:46+08:00][sql] SHOW FULL COLUMNS FROM `course` [ RunTime:0.001117s ]
[2023-04-23T17:01:46+08:00][sql] SELECT * FROM `course` WHERE  `about_instructor` LIKE '%1%' [ RunTime:0.000474s ]
[2023-04-23T17:01:46+08:00][sql] SHOW FULL COLUMNS FROM `address` [ RunTime:0.000937s ]
[2023-04-23T17:01:46+08:00][sql] SELECT * FROM `address` WHERE  `id` = 1 LIMIT 1 [ RunTime:0.000286s ]
[2023-04-23T17:01:46+08:00][sql] SELECT * FROM `address` WHERE  `id` = 2 LIMIT 1 [ RunTime:0.000249s ]
[2023-04-23T17:02:41+08:00][sql] CONNECT:[ UseTime:0.000395s ] mysql:host=localhost;port=3316;dbname=coffee;charset=utf8
[2023-04-23T17:02:41+08:00][sql] SHOW FULL COLUMNS FROM `teacher` [ RunTime:0.001290s ]
[2023-04-23T17:02:41+08:00][sql] SELECT `teacher_name`,`teacher_title`,`teacher_avatar`,`detail` FROM `teacher` WHERE  `id` = 1 LIMIT 1 [ RunTime:0.000274s ]
[2023-04-23T17:02:41+08:00][sql] SHOW FULL COLUMNS FROM `course` [ RunTime:0.001072s ]
[2023-04-23T17:02:41+08:00][sql] SELECT * FROM `course` WHERE  `about_instructor` LIKE '%1%' [ RunTime:0.000440s ]
[2023-04-23T17:02:41+08:00][sql] SHOW FULL COLUMNS FROM `address` [ RunTime:0.000960s ]
[2023-04-23T17:02:41+08:00][sql] SELECT * FROM `address` WHERE  `id` = 1 LIMIT 1 [ RunTime:0.000307s ]
[2023-04-23T17:02:41+08:00][sql] SELECT * FROM `address` WHERE  `id` = 2 LIMIT 1 [ RunTime:0.000247s ]
[2023-04-23T17:04:36+08:00][sql] CONNECT:[ UseTime:0.000409s ] mysql:host=localhost;port=3316;dbname=coffee;charset=utf8
[2023-04-23T17:04:36+08:00][sql] SHOW FULL COLUMNS FROM `teacher` [ RunTime:0.001283s ]
[2023-04-23T17:04:36+08:00][sql] SELECT `teacher_name`,`teacher_title`,`teacher_avatar`,`detail` FROM `teacher` WHERE  `id` = 1 LIMIT 1 [ RunTime:0.000302s ]
[2023-04-23T17:04:36+08:00][sql] SHOW FULL COLUMNS FROM `course` [ RunTime:0.001076s ]
[2023-04-23T17:04:36+08:00][sql] SELECT * FROM `course` WHERE  `about_instructor` LIKE '%1%' [ RunTime:0.000436s ]
[2023-04-23T17:04:36+08:00][sql] SHOW FULL COLUMNS FROM `address` [ RunTime:0.000952s ]
[2023-04-23T17:04:36+08:00][sql] SELECT * FROM `address` WHERE  `id` = 1 LIMIT 1 [ RunTime:0.000285s ]
[2023-04-23T17:04:36+08:00][sql] SELECT * FROM `address` WHERE  `id` = 2 LIMIT 1 [ RunTime:0.000248s ]
[2023-04-23T17:10:24+08:00][sql] CONNECT:[ UseTime:0.000391s ] mysql:host=localhost;port=3316;dbname=coffee;charset=utf8
[2023-04-23T17:10:24+08:00][sql] SHOW FULL COLUMNS FROM `teacher` [ RunTime:0.001349s ]
[2023-04-23T17:10:24+08:00][sql] SELECT `teacher_name`,`teacher_title`,`teacher_avatar`,`detail` FROM `teacher` WHERE  `id` = 1 LIMIT 1 [ RunTime:0.000285s ]
[2023-04-23T17:10:24+08:00][sql] SHOW FULL COLUMNS FROM `course` [ RunTime:0.001203s ]
[2023-04-23T17:10:24+08:00][sql] SELECT * FROM `course` WHERE  `about_instructor` LIKE '%1%' [ RunTime:0.000454s ]
[2023-04-23T17:10:24+08:00][sql] SHOW FULL COLUMNS FROM `address` [ RunTime:0.001010s ]
[2023-04-23T17:10:24+08:00][sql] SELECT * FROM `address` WHERE  `id` = 1 LIMIT 1 [ RunTime:0.000305s ]
[2023-04-23T17:10:24+08:00][sql] SELECT * FROM `address` WHERE  `id` = 2 LIMIT 1 [ RunTime:0.000248s ]
[2023-04-23T17:16:49+08:00][sql] CONNECT:[ UseTime:0.000395s ] mysql:host=localhost;port=3316;dbname=coffee;charset=utf8
[2023-04-23T17:16:49+08:00][sql] SHOW FULL COLUMNS FROM `teacher` [ RunTime:0.001345s ]
[2023-04-23T17:16:49+08:00][sql] SELECT `teacher_name`,`teacher_title`,`teacher_avatar`,`detail` FROM `teacher` WHERE  `id` = 1 LIMIT 1 [ RunTime:0.000289s ]
[2023-04-23T17:16:49+08:00][sql] SHOW FULL COLUMNS FROM `course` [ RunTime:0.001128s ]
[2023-04-23T17:16:49+08:00][sql] SELECT * FROM `course` WHERE  `about_instructor` LIKE '%1%' [ RunTime:0.000474s ]
[2023-04-23T17:16:49+08:00][sql] SHOW FULL COLUMNS FROM `address` [ RunTime:0.000950s ]
[2023-04-23T17:16:49+08:00][sql] SELECT * FROM `address` WHERE  `id` = 1 LIMIT 1 [ RunTime:0.000294s ]
[2023-04-23T17:16:49+08:00][sql] SELECT * FROM `address` WHERE  `id` = 2 LIMIT 1 [ RunTime:0.000246s ]
[2023-04-23T19:36:49+08:00][sql] CONNECT:[ UseTime:0.000412s ] mysql:host=localhost;port=3316;dbname=coffee;charset=utf8
[2023-04-23T19:36:49+08:00][sql] SHOW FULL COLUMNS FROM `teacher` [ RunTime:0.001312s ]
[2023-04-23T19:36:49+08:00][sql] SELECT `teacher_name`,`teacher_title`,`teacher_avatar`,`detail` FROM `teacher` WHERE  `id` = 1 LIMIT 1 [ RunTime:0.000285s ]
[2023-04-23T19:36:49+08:00][sql] SHOW FULL COLUMNS FROM `course` [ RunTime:0.001131s ]
[2023-04-23T19:36:49+08:00][sql] SELECT * FROM `course` WHERE  `about_instructor` LIKE '%1%' [ RunTime:0.000467s ]
[2023-04-23T19:36:49+08:00][sql] SHOW FULL COLUMNS FROM `address` [ RunTime:0.001046s ]
[2023-04-23T19:36:49+08:00][sql] SELECT * FROM `address` WHERE  `id` = 1 LIMIT 1 [ RunTime:0.000321s ]
[2023-04-23T19:36:49+08:00][sql] SELECT * FROM `address` WHERE  `id` = 2 LIMIT 1 [ RunTime:0.000259s ]
[2023-04-23T20:23:03+08:00][sql] CONNECT:[ UseTime:0.000424s ] mysql:host=localhost;port=3316;dbname=coffee;charset=utf8
[2023-04-23T20:23:03+08:00][sql] SHOW FULL COLUMNS FROM `teacher` [ RunTime:0.001270s ]
[2023-04-23T20:23:03+08:00][sql] SELECT `teacher_name`,`teacher_title`,`teacher_avatar`,`detail` FROM `teacher` WHERE  `id` = 1 LIMIT 1 [ RunTime:0.000265s ]
[2023-04-23T20:23:03+08:00][sql] SHOW FULL COLUMNS FROM `course` [ RunTime:0.001095s ]
[2023-04-23T20:23:03+08:00][sql] SELECT * FROM `course` WHERE  `about_instructor` LIKE '%1%' [ RunTime:0.000413s ]
[2023-04-23T20:23:03+08:00][sql] SHOW FULL COLUMNS FROM `address` [ RunTime:0.000951s ]
[2023-04-23T20:23:03+08:00][sql] SELECT * FROM `address` WHERE  `id` = 1 LIMIT 1 [ RunTime:0.000239s ]
[2023-04-23T20:23:03+08:00][sql] SELECT * FROM `address` WHERE  `id` = 2 LIMIT 1 [ RunTime:0.000248s ]
[2023-04-23T20:23:03+08:00][sql] CONNECT:[ UseTime:0.000426s ] mysql:host=localhost;port=3316;dbname=coffee;charset=utf8
[2023-04-23T20:23:03+08:00][sql] SHOW FULL COLUMNS FROM `teacher` [ RunTime:0.001397s ]
[2023-04-23T20:23:03+08:00][sql] SELECT `teacher_name`,`teacher_title`,`teacher_avatar`,`detail` FROM `teacher` WHERE  `id` = 1 LIMIT 1 [ RunTime:0.000299s ]
[2023-04-23T20:23:03+08:00][sql] SHOW FULL COLUMNS FROM `course` [ RunTime:0.001201s ]
[2023-04-23T20:23:03+08:00][sql] SELECT * FROM `course` WHERE  `about_instructor` LIKE '%1%' [ RunTime:0.000457s ]
[2023-04-23T20:23:03+08:00][sql] SHOW FULL COLUMNS FROM `address` [ RunTime:0.000991s ]
[2023-04-23T20:23:03+08:00][sql] SELECT * FROM `address` WHERE  `id` = 1 LIMIT 1 [ RunTime:0.000295s ]
[2023-04-23T20:23:03+08:00][sql] SELECT * FROM `address` WHERE  `id` = 2 LIMIT 1 [ RunTime:0.000278s ]
[2023-04-23T23:35:30+08:00][sql] CONNECT:[ UseTime:0.000412s ] mysql:host=localhost;port=3316;dbname=coffee;charset=utf8
[2023-04-23T23:35:30+08:00][sql] SHOW FULL COLUMNS FROM `teacher` [ RunTime:0.001352s ]
[2023-04-23T23:35:30+08:00][sql] SELECT `teacher_name`,`teacher_title`,`teacher_avatar`,`detail` FROM `teacher` WHERE  `id` = 1 LIMIT 1 [ RunTime:0.000302s ]
[2023-04-23T23:35:30+08:00][sql] SHOW FULL COLUMNS FROM `course` [ RunTime:0.001304s ]
[2023-04-23T23:35:30+08:00][sql] SELECT * FROM `course` WHERE  `about_instructor` LIKE '%1%' [ RunTime:0.000420s ]
[2023-04-23T23:35:30+08:00][sql] SHOW FULL COLUMNS FROM `address` [ RunTime:0.001114s ]
[2023-04-23T23:35:30+08:00][sql] SELECT * FROM `address` WHERE  `id` = 1 LIMIT 1 [ RunTime:0.000247s ]
[2023-04-23T23:35:30+08:00][sql] SELECT * FROM `address` WHERE  `id` = 2 LIMIT 1 [ RunTime:0.000268s ]
