[2023-04-27T12:56:32+08:00][sql] CONNECT:[ UseTime:0.000503s ] mysql:host=localhost;port=3316;dbname=coffee;charset=utf8
[2023-04-27T12:56:32+08:00][sql] SHOW FULL COLUMNS FROM `teacher` [ RunTime:0.001552s ]
[2023-04-27T12:56:32+08:00][sql] SELECT `id`,`teacher_name`,`teacher_avatar`,`Introduction` FROM `teacher` [ RunTime:0.000277s ]
[2023-04-27T12:56:32+08:00][sql] SHOW FULL COLUMNS FROM `address` [ RunTime:0.001126s ]
[2023-04-27T12:56:32+08:00][sql] SELECT * FROM `address` WHERE  `id` = 1 LIMIT 1 [ RunTime:0.000330s ]
[2023-04-27T12:56:32+08:00][sql] SELECT * FROM `address` WHERE  `id` = 2 LIMIT 1 [ RunTime:0.000262s ]
[2023-04-27T13:00:57+08:00][sql] CONNECT:[ UseTime:0.000407s ] mysql:host=localhost;port=3316;dbname=coffee;charset=utf8
[2023-04-27T13:00:57+08:00][sql] SHOW FULL COLUMNS FROM `teacher` [ RunTime:0.001264s ]
[2023-04-27T13:00:57+08:00][sql] SELECT `id`,`teacher_name`,`teacher_avatar`,`Introduction` FROM `teacher` [ RunTime:0.000215s ]
[2023-04-27T13:00:57+08:00][sql] SHOW FULL COLUMNS FROM `address` [ RunTime:0.000948s ]
[2023-04-27T13:00:57+08:00][sql] SELECT * FROM `address` WHERE  `id` = 1 LIMIT 1 [ RunTime:0.000292s ]
[2023-04-27T13:00:57+08:00][sql] SELECT * FROM `address` WHERE  `id` = 2 LIMIT 1 [ RunTime:0.000210s ]
[2023-04-27T17:02:15+08:00][sql] CONNECT:[ UseTime:0.000404s ] mysql:host=localhost;port=3316;dbname=coffee;charset=utf8
[2023-04-27T17:02:15+08:00][sql] SHOW FULL COLUMNS FROM `teacher` [ RunTime:0.001404s ]
[2023-04-27T17:02:15+08:00][sql] SELECT `teacher_name`,`teacher_title`,`teacher_avatar`,`detail` FROM `teacher` WHERE  `id` = 3 LIMIT 1 [ RunTime:0.000355s ]
[2023-04-27T17:02:15+08:00][sql] SHOW FULL COLUMNS FROM `course` [ RunTime:0.001150s ]
[2023-04-27T17:02:15+08:00][sql] SELECT * FROM `course` WHERE  `about_instructor` LIKE '%3%' [ RunTime:0.000367s ]
[2023-04-27T17:02:15+08:00][sql] SHOW FULL COLUMNS FROM `address` [ RunTime:0.000949s ]
[2023-04-27T17:02:15+08:00][sql] SELECT * FROM `address` WHERE  `id` = 1 LIMIT 1 [ RunTime:0.000291s ]
[2023-04-27T17:02:15+08:00][sql] SELECT * FROM `address` WHERE  `id` = 2 LIMIT 1 [ RunTime:0.000250s ]
[2023-04-27T17:07:45+08:00][sql] CONNECT:[ UseTime:0.000457s ] mysql:host=localhost;port=3316;dbname=coffee;charset=utf8
[2023-04-27T17:07:45+08:00][sql] SHOW FULL COLUMNS FROM `teacher` [ RunTime:0.001456s ]
[2023-04-27T17:07:45+08:00][sql] SELECT `teacher_name`,`teacher_title`,`teacher_avatar`,`detail` FROM `teacher` WHERE  `id` = 3 LIMIT 1 [ RunTime:0.000293s ]
[2023-04-27T17:07:45+08:00][sql] SHOW FULL COLUMNS FROM `course` [ RunTime:0.001213s ]
[2023-04-27T17:07:45+08:00][sql] SELECT * FROM `course` WHERE  `about_instructor` LIKE '%3%' [ RunTime:0.000349s ]
[2023-04-27T17:07:45+08:00][sql] SHOW FULL COLUMNS FROM `address` [ RunTime:0.001007s ]
[2023-04-27T17:07:45+08:00][sql] SELECT * FROM `address` WHERE  `id` = 1 LIMIT 1 [ RunTime:0.000282s ]
[2023-04-27T17:07:45+08:00][sql] SELECT * FROM `address` WHERE  `id` = 2 LIMIT 1 [ RunTime:0.000236s ]
