[2023-04-28T09:04:33+08:00][sql] CONNECT:[ UseTime:0.000380s ] mysql:host=localhost;port=3316;dbname=coffee;charset=utf8
[2023-04-28T09:04:33+08:00][sql] SHOW FULL COLUMNS FROM `teacher` [ RunTime:0.001260s ]
[2023-04-28T09:04:33+08:00][sql] SELECT `teacher_name`,`teacher_title`,`teacher_avatar`,`detail` FROM `teacher` WHERE  `id` = 1 LIMIT 1 [ RunTime:0.000289s ]
[2023-04-28T09:04:33+08:00][sql] SHOW FULL COLUMNS FROM `course` [ RunTime:0.001095s ]
[2023-04-28T09:04:33+08:00][sql] SELECT * FROM `course` WHERE  `about_instructor` LIKE '%1%' [ RunTime:0.000395s ]
[2023-04-28T09:04:33+08:00][sql] SHOW FULL COLUMNS FROM `address` [ RunTime:0.000941s ]
[2023-04-28T09:04:33+08:00][sql] SELECT * FROM `address` WHERE  `id` = 1 LIMIT 1 [ RunTime:0.000283s ]
[2023-04-28T09:04:33+08:00][sql] SELECT * FROM `address` WHERE  `id` = 2 LIMIT 1 [ RunTime:0.000254s ]
[2023-04-28T09:07:09+08:00][sql] CONNECT:[ UseTime:0.000479s ] mysql:host=localhost;port=3316;dbname=coffee;charset=utf8
[2023-04-28T09:07:09+08:00][sql] SHOW FULL COLUMNS FROM `teacher` [ RunTime:0.001452s ]
[2023-04-28T09:07:09+08:00][sql] SELECT `teacher_name`,`teacher_title`,`teacher_avatar`,`detail` FROM `teacher` WHERE  `id` = 1 LIMIT 1 [ RunTime:0.000345s ]
[2023-04-28T09:07:09+08:00][sql] SHOW FULL COLUMNS FROM `course` [ RunTime:0.001153s ]
[2023-04-28T09:07:09+08:00][sql] SELECT * FROM `course` WHERE  `about_instructor` LIKE '%1%' [ RunTime:0.000646s ]
[2023-04-28T09:07:09+08:00][sql] SHOW FULL COLUMNS FROM `address` [ RunTime:0.001426s ]
[2023-04-28T09:07:09+08:00][sql] SELECT * FROM `address` WHERE  `id` = 1 LIMIT 1 [ RunTime:0.000343s ]
[2023-04-28T09:07:09+08:00][sql] SELECT * FROM `address` WHERE  `id` = 2 LIMIT 1 [ RunTime:0.000344s ]
[2023-04-28T22:58:41+08:00][sql] CONNECT:[ UseTime:0.000425s ] mysql:host=localhost;port=3316;dbname=coffee;charset=utf8
[2023-04-28T22:58:41+08:00][sql] SHOW FULL COLUMNS FROM `teacher` [ RunTime:0.001747s ]
[2023-04-28T22:58:41+08:00][sql] SELECT `teacher_name`,`teacher_title`,`teacher_avatar`,`detail` FROM `teacher` WHERE  `id` = 3 LIMIT 1 [ RunTime:0.000308s ]
[2023-04-28T22:58:41+08:00][sql] SHOW FULL COLUMNS FROM `course` [ RunTime:0.001634s ]
[2023-04-28T22:58:41+08:00][sql] SELECT * FROM `course` WHERE  `about_instructor` LIKE '%3%' [ RunTime:0.000382s ]
[2023-04-28T22:58:41+08:00][sql] SHOW FULL COLUMNS FROM `address` [ RunTime:0.001016s ]
[2023-04-28T22:58:41+08:00][sql] SELECT * FROM `address` WHERE  `id` = 1 LIMIT 1 [ RunTime:0.000283s ]
[2023-04-28T22:58:41+08:00][sql] SELECT * FROM `address` WHERE  `id` = 2 LIMIT 1 [ RunTime:0.000244s ]
[2023-04-28T23:07:35+08:00][sql] CONNECT:[ UseTime:0.000475s ] mysql:host=localhost;port=3316;dbname=coffee;charset=utf8
[2023-04-28T23:07:35+08:00][sql] SHOW FULL COLUMNS FROM `teacher` [ RunTime:0.001277s ]
[2023-04-28T23:07:35+08:00][sql] SELECT `teacher_name`,`teacher_title`,`teacher_avatar`,`detail` FROM `teacher` WHERE  `id` = 3 LIMIT 1 [ RunTime:0.000290s ]
[2023-04-28T23:07:35+08:00][sql] SHOW FULL COLUMNS FROM `course` [ RunTime:0.001089s ]
[2023-04-28T23:07:35+08:00][sql] SELECT * FROM `course` WHERE  `about_instructor` LIKE '%3%' [ RunTime:0.000363s ]
[2023-04-28T23:07:35+08:00][sql] SHOW FULL COLUMNS FROM `address` [ RunTime:0.000997s ]
[2023-04-28T23:07:35+08:00][sql] SELECT * FROM `address` WHERE  `id` = 1 LIMIT 1 [ RunTime:0.000313s ]
[2023-04-28T23:07:35+08:00][sql] SELECT * FROM `address` WHERE  `id` = 2 LIMIT 1 [ RunTime:0.000289s ]
[2023-04-28T23:18:22+08:00][sql] CONNECT:[ UseTime:0.000345s ] mysql:host=localhost;port=3316;dbname=coffee;charset=utf8
[2023-04-28T23:18:22+08:00][sql] SHOW FULL COLUMNS FROM `teacher` [ RunTime:0.001288s ]
[2023-04-28T23:18:22+08:00][sql] SELECT `teacher_name`,`teacher_title`,`teacher_avatar`,`detail` FROM `teacher` WHERE  `id` = 2 LIMIT 1 [ RunTime:0.000258s ]
[2023-04-28T23:18:22+08:00][sql] SHOW FULL COLUMNS FROM `course` [ RunTime:0.001104s ]
[2023-04-28T23:18:22+08:00][sql] SELECT * FROM `course` WHERE  `about_instructor` LIKE '%2%' [ RunTime:0.000407s ]
[2023-04-28T23:18:22+08:00][sql] SHOW FULL COLUMNS FROM `address` [ RunTime:0.000955s ]
[2023-04-28T23:18:22+08:00][sql] SELECT * FROM `address` WHERE  `id` = 1 LIMIT 1 [ RunTime:0.000259s ]
[2023-04-28T23:18:22+08:00][sql] SELECT * FROM `address` WHERE  `id` = 2 LIMIT 1 [ RunTime:0.000208s ]
[2023-04-28T23:22:13+08:00][sql] CONNECT:[ UseTime:0.000377s ] mysql:host=localhost;port=3316;dbname=coffee;charset=utf8
[2023-04-28T23:22:13+08:00][sql] SHOW FULL COLUMNS FROM `teacher` [ RunTime:0.001226s ]
[2023-04-28T23:22:13+08:00][sql] SELECT `teacher_name`,`teacher_title`,`teacher_avatar`,`detail` FROM `teacher` WHERE  `id` = 2 LIMIT 1 [ RunTime:0.000257s ]
[2023-04-28T23:22:13+08:00][sql] SHOW FULL COLUMNS FROM `course` [ RunTime:0.001090s ]
[2023-04-28T23:22:13+08:00][sql] SELECT * FROM `course` WHERE  `about_instructor` LIKE '%2%' [ RunTime:0.000332s ]
[2023-04-28T23:22:13+08:00][sql] SHOW FULL COLUMNS FROM `address` [ RunTime:0.000921s ]
[2023-04-28T23:22:13+08:00][sql] SELECT * FROM `address` WHERE  `id` = 1 LIMIT 1 [ RunTime:0.000238s ]
[2023-04-28T23:22:13+08:00][sql] SELECT * FROM `address` WHERE  `id` = 2 LIMIT 1 [ RunTime:0.000213s ]
