[2023-09-03T00:54:57+08:00][sql] CONNECT:[ UseTime:0.000443s ] mysql:host=localhost;port=3316;dbname=coffee;charset=utf8
[2023-09-03T00:54:57+08:00][sql] SHOW FULL COLUMNS FROM `information` [ RunTime:0.001425s ]
[2023-09-03T00:54:57+08:00][sql] SELECT * FROM `information` WHERE  `id` = 20 LIMIT 1 [ RunTime:0.000283s ]
[2023-09-03T00:54:57+08:00][sql] SHOW FULL COLUMNS FROM `address` [ RunTime:0.000969s ]
[2023-09-03T00:54:57+08:00][sql] SELECT * FROM `address` WHERE  `id` = 1 LIMIT 1 [ RunTime:0.000259s ]
[2023-09-03T00:54:57+08:00][sql] SELECT * FROM `address` WHERE  `id` = 2 LIMIT 1 [ RunTime:0.000210s ]
[2023-09-03T02:19:22+08:00][sql] CONNECT:[ UseTime:0.000461s ] mysql:host=localhost;port=3316;dbname=coffee;charset=utf8
[2023-09-03T02:19:22+08:00][sql] SHOW FULL COLUMNS FROM `information` [ RunTime:0.001413s ]
[2023-09-03T02:19:22+08:00][sql] SELECT * FROM `information` WHERE  `id` = 13 LIMIT 1 [ RunTime:0.000290s ]
[2023-09-03T02:19:22+08:00][sql] SHOW FULL COLUMNS FROM `address` [ RunTime:0.000964s ]
[2023-09-03T02:19:22+08:00][sql] SELECT * FROM `address` WHERE  `id` = 1 LIMIT 1 [ RunTime:0.000240s ]
[2023-09-03T02:19:22+08:00][sql] SELECT * FROM `address` WHERE  `id` = 2 LIMIT 1 [ RunTime:0.000203s ]
[2023-09-03T04:14:58+08:00][sql] CONNECT:[ UseTime:0.000439s ] mysql:host=localhost;port=3316;dbname=coffee;charset=utf8
[2023-09-03T04:14:58+08:00][sql] SHOW FULL COLUMNS FROM `information` [ RunTime:0.001361s ]
[2023-09-03T04:14:58+08:00][sql] SELECT * FROM `information` WHERE  `id` = 14 LIMIT 1 [ RunTime:0.000293s ]
[2023-09-03T04:14:58+08:00][sql] SHOW FULL COLUMNS FROM `address` [ RunTime:0.000921s ]
[2023-09-03T04:14:58+08:00][sql] SELECT * FROM `address` WHERE  `id` = 1 LIMIT 1 [ RunTime:0.000276s ]
[2023-09-03T04:14:58+08:00][sql] SELECT * FROM `address` WHERE  `id` = 2 LIMIT 1 [ RunTime:0.000214s ]
[2023-09-03T04:43:07+08:00][sql] CONNECT:[ UseTime:0.000448s ] mysql:host=localhost;port=3316;dbname=coffee;charset=utf8
[2023-09-03T04:43:07+08:00][sql] SHOW FULL COLUMNS FROM `information` [ RunTime:0.001420s ]
[2023-09-03T04:43:07+08:00][sql] SELECT * FROM `information` WHERE  `id` = 4 LIMIT 1 [ RunTime:0.000320s ]
[2023-09-03T04:43:07+08:00][sql] SHOW FULL COLUMNS FROM `address` [ RunTime:0.000956s ]
[2023-09-03T04:43:07+08:00][sql] SELECT * FROM `address` WHERE  `id` = 1 LIMIT 1 [ RunTime:0.000299s ]
[2023-09-03T04:43:07+08:00][sql] SELECT * FROM `address` WHERE  `id` = 2 LIMIT 1 [ RunTime:0.000244s ]
[2023-09-03T04:57:01+08:00][sql] CONNECT:[ UseTime:0.000434s ] mysql:host=localhost;port=3316;dbname=coffee;charset=utf8
[2023-09-03T04:57:01+08:00][sql] SHOW FULL COLUMNS FROM `information` [ RunTime:0.001402s ]
[2023-09-03T04:57:01+08:00][sql] SELECT * FROM `information` WHERE  `id` = 19 LIMIT 1 [ RunTime:0.000276s ]
[2023-09-03T04:57:01+08:00][sql] SHOW FULL COLUMNS FROM `address` [ RunTime:0.001186s ]
[2023-09-03T04:57:01+08:00][sql] SELECT * FROM `address` WHERE  `id` = 1 LIMIT 1 [ RunTime:0.000259s ]
[2023-09-03T04:57:01+08:00][sql] SELECT * FROM `address` WHERE  `id` = 2 LIMIT 1 [ RunTime:0.000201s ]
[2023-09-03T06:58:43+08:00][sql] CONNECT:[ UseTime:0.000434s ] mysql:host=localhost;port=3316;dbname=coffee;charset=utf8
[2023-09-03T06:58:43+08:00][sql] SHOW FULL COLUMNS FROM `information` [ RunTime:0.001499s ]
[2023-09-03T06:58:43+08:00][sql] SELECT * FROM `information` WHERE  `id` = 6 LIMIT 1 [ RunTime:0.000324s ]
[2023-09-03T06:58:43+08:00][sql] SHOW FULL COLUMNS FROM `address` [ RunTime:0.000927s ]
[2023-09-03T06:58:43+08:00][sql] SELECT * FROM `address` WHERE  `id` = 1 LIMIT 1 [ RunTime:0.000267s ]
[2023-09-03T06:58:43+08:00][sql] SELECT * FROM `address` WHERE  `id` = 2 LIMIT 1 [ RunTime:0.000207s ]
[2023-09-03T07:03:23+08:00][sql] CONNECT:[ UseTime:0.000442s ] mysql:host=localhost;port=3316;dbname=coffee;charset=utf8
[2023-09-03T07:03:23+08:00][sql] SHOW FULL COLUMNS FROM `information` [ RunTime:0.001650s ]
[2023-09-03T07:03:23+08:00][sql] SELECT * FROM `information` WHERE  `id` = 14 LIMIT 1 [ RunTime:0.000339s ]
[2023-09-03T07:03:23+08:00][sql] SHOW FULL COLUMNS FROM `address` [ RunTime:0.001192s ]
[2023-09-03T07:03:23+08:00][sql] SELECT * FROM `address` WHERE  `id` = 1 LIMIT 1 [ RunTime:0.000239s ]
[2023-09-03T07:03:23+08:00][sql] SELECT * FROM `address` WHERE  `id` = 2 LIMIT 1 [ RunTime:0.000205s ]
[2023-09-03T07:37:28+08:00][sql] CONNECT:[ UseTime:0.000471s ] mysql:host=localhost;port=3316;dbname=coffee;charset=utf8
[2023-09-03T07:37:28+08:00][sql] SHOW FULL COLUMNS FROM `information` [ RunTime:0.001367s ]
[2023-09-03T07:37:28+08:00][sql] SELECT * FROM `information` WHERE  `id` = 7 LIMIT 1 [ RunTime:0.000289s ]
[2023-09-03T07:37:28+08:00][sql] SHOW FULL COLUMNS FROM `address` [ RunTime:0.000919s ]
[2023-09-03T07:37:28+08:00][sql] SELECT * FROM `address` WHERE  `id` = 1 LIMIT 1 [ RunTime:0.000238s ]
[2023-09-03T07:37:28+08:00][sql] SELECT * FROM `address` WHERE  `id` = 2 LIMIT 1 [ RunTime:0.000228s ]
[2023-09-03T07:53:06+08:00][sql] CONNECT:[ UseTime:0.000505s ] mysql:host=localhost;port=3316;dbname=coffee;charset=utf8
[2023-09-03T07:53:06+08:00][sql] SHOW FULL COLUMNS FROM `information` [ RunTime:0.001461s ]
[2023-09-03T07:53:06+08:00][sql] SELECT * FROM `information` WHERE  `id` = 18 LIMIT 1 [ RunTime:0.000353s ]
[2023-09-03T07:53:06+08:00][sql] SHOW FULL COLUMNS FROM `address` [ RunTime:0.000991s ]
[2023-09-03T07:53:06+08:00][sql] SELECT * FROM `address` WHERE  `id` = 1 LIMIT 1 [ RunTime:0.000266s ]
[2023-09-03T07:53:06+08:00][sql] SELECT * FROM `address` WHERE  `id` = 2 LIMIT 1 [ RunTime:0.000211s ]
[2023-09-03T09:15:20+08:00][sql] CONNECT:[ UseTime:0.000522s ] mysql:host=localhost;port=3316;dbname=coffee;charset=utf8
[2023-09-03T09:15:20+08:00][sql] SHOW FULL COLUMNS FROM `information` [ RunTime:0.001457s ]
[2023-09-03T09:15:20+08:00][sql] SELECT * FROM `information` WHERE  `id` = 12 LIMIT 1 [ RunTime:0.000321s ]
[2023-09-03T09:15:20+08:00][sql] SHOW FULL COLUMNS FROM `address` [ RunTime:0.000922s ]
[2023-09-03T09:15:20+08:00][sql] SELECT * FROM `address` WHERE  `id` = 1 LIMIT 1 [ RunTime:0.000240s ]
[2023-09-03T09:15:20+08:00][sql] SELECT * FROM `address` WHERE  `id` = 2 LIMIT 1 [ RunTime:0.000243s ]
[2023-09-03T10:35:59+08:00][sql] CONNECT:[ UseTime:0.000450s ] mysql:host=localhost;port=3316;dbname=coffee;charset=utf8
[2023-09-03T10:35:59+08:00][sql] SHOW FULL COLUMNS FROM `information` [ RunTime:0.001399s ]
[2023-09-03T10:35:59+08:00][sql] SELECT * FROM `information` WHERE  `id` = 20 LIMIT 1 [ RunTime:0.000298s ]
[2023-09-03T10:35:59+08:00][sql] SHOW FULL COLUMNS FROM `address` [ RunTime:0.000953s ]
[2023-09-03T10:35:59+08:00][sql] SELECT * FROM `address` WHERE  `id` = 1 LIMIT 1 [ RunTime:0.000240s ]
[2023-09-03T10:35:59+08:00][sql] SELECT * FROM `address` WHERE  `id` = 2 LIMIT 1 [ RunTime:0.000249s ]
[2023-09-03T11:27:18+08:00][sql] CONNECT:[ UseTime:0.000447s ] mysql:host=localhost;port=3316;dbname=coffee;charset=utf8
[2023-09-03T11:27:18+08:00][sql] SHOW FULL COLUMNS FROM `information` [ RunTime:0.001500s ]
[2023-09-03T11:27:18+08:00][sql] SELECT * FROM `information` WHERE  `id` = 20 LIMIT 1 [ RunTime:0.000302s ]
[2023-09-03T11:27:18+08:00][sql] SHOW FULL COLUMNS FROM `address` [ RunTime:0.001030s ]
[2023-09-03T11:27:18+08:00][sql] SELECT * FROM `address` WHERE  `id` = 1 LIMIT 1 [ RunTime:0.000349s ]
[2023-09-03T11:27:18+08:00][sql] SELECT * FROM `address` WHERE  `id` = 2 LIMIT 1 [ RunTime:0.000266s ]
[2023-09-03T11:31:03+08:00][sql] CONNECT:[ UseTime:0.000412s ] mysql:host=localhost;port=3316;dbname=coffee;charset=utf8
[2023-09-03T11:31:03+08:00][sql] SHOW FULL COLUMNS FROM `information` [ RunTime:0.001449s ]
[2023-09-03T11:31:03+08:00][sql] SELECT * FROM `information` WHERE  `id` = 13 LIMIT 1 [ RunTime:0.000318s ]
[2023-09-03T11:31:03+08:00][sql] SHOW FULL COLUMNS FROM `address` [ RunTime:0.001018s ]
[2023-09-03T11:31:03+08:00][sql] SELECT * FROM `address` WHERE  `id` = 1 LIMIT 1 [ RunTime:0.000309s ]
[2023-09-03T11:31:03+08:00][sql] SELECT * FROM `address` WHERE  `id` = 2 LIMIT 1 [ RunTime:0.000218s ]
[2023-09-03T12:23:21+08:00][sql] CONNECT:[ UseTime:0.000411s ] mysql:host=localhost;port=3316;dbname=coffee;charset=utf8
[2023-09-03T12:23:21+08:00][sql] SHOW FULL COLUMNS FROM `information` [ RunTime:0.001587s ]
[2023-09-03T12:23:21+08:00][sql] SELECT * FROM `information` ORDER BY `time` DESC LIMIT 1 [ RunTime:0.000350s ]
[2023-09-03T12:23:21+08:00][sql] SHOW FULL COLUMNS FROM `topic` [ RunTime:0.000929s ]
[2023-09-03T12:23:21+08:00][sql] SELECT * FROM `topic` [ RunTime:0.000220s ]
[2023-09-03T12:23:21+08:00][sql] SELECT * FROM `information` ORDER BY `time` DESC [ RunTime:0.000814s ]
[2023-09-03T12:23:21+08:00][sql] SHOW FULL COLUMNS FROM `address` [ RunTime:0.000989s ]
[2023-09-03T12:23:21+08:00][sql] SELECT * FROM `address` WHERE  `id` = 1 LIMIT 1 [ RunTime:0.000258s ]
[2023-09-03T12:23:21+08:00][sql] SELECT * FROM `address` WHERE  `id` = 2 LIMIT 1 [ RunTime:0.000274s ]
[2023-09-03T13:24:39+08:00][sql] CONNECT:[ UseTime:0.000493s ] mysql:host=localhost;port=3316;dbname=coffee;charset=utf8
[2023-09-03T13:24:39+08:00][sql] SHOW FULL COLUMNS FROM `information` [ RunTime:0.001648s ]
[2023-09-03T13:24:39+08:00][sql] SELECT * FROM `information` WHERE  `id` = 8 LIMIT 1 [ RunTime:0.000333s ]
[2023-09-03T13:24:39+08:00][sql] SHOW FULL COLUMNS FROM `address` [ RunTime:0.000996s ]
[2023-09-03T13:24:39+08:00][sql] SELECT * FROM `address` WHERE  `id` = 1 LIMIT 1 [ RunTime:0.000273s ]
[2023-09-03T13:24:39+08:00][sql] SELECT * FROM `address` WHERE  `id` = 2 LIMIT 1 [ RunTime:0.000224s ]
[2023-09-03T13:29:45+08:00][sql] CONNECT:[ UseTime:0.000512s ] mysql:host=localhost;port=3316;dbname=coffee;charset=utf8
[2023-09-03T13:29:45+08:00][sql] SHOW FULL COLUMNS FROM `information` [ RunTime:0.001653s ]
[2023-09-03T13:29:45+08:00][sql] SELECT * FROM `information` WHERE  `id` = 4 LIMIT 1 [ RunTime:0.000303s ]
[2023-09-03T13:29:45+08:00][sql] SHOW FULL COLUMNS FROM `address` [ RunTime:0.001039s ]
[2023-09-03T13:29:45+08:00][sql] SELECT * FROM `address` WHERE  `id` = 1 LIMIT 1 [ RunTime:0.000268s ]
[2023-09-03T13:29:45+08:00][sql] SELECT * FROM `address` WHERE  `id` = 2 LIMIT 1 [ RunTime:0.000206s ]
[2023-09-03T13:53:19+08:00][sql] CONNECT:[ UseTime:0.000418s ] mysql:host=localhost;port=3316;dbname=coffee;charset=utf8
[2023-09-03T13:53:19+08:00][sql] SHOW FULL COLUMNS FROM `information` [ RunTime:0.001356s ]
[2023-09-03T13:53:19+08:00][sql] SELECT * FROM `information` WHERE  `id` = 14 LIMIT 1 [ RunTime:0.000376s ]
[2023-09-03T13:53:19+08:00][sql] SHOW FULL COLUMNS FROM `address` [ RunTime:0.001206s ]
[2023-09-03T13:53:19+08:00][sql] SELECT * FROM `address` WHERE  `id` = 1 LIMIT 1 [ RunTime:0.000259s ]
[2023-09-03T13:53:19+08:00][sql] SELECT * FROM `address` WHERE  `id` = 2 LIMIT 1 [ RunTime:0.000291s ]
[2023-09-03T14:53:44+08:00][sql] CONNECT:[ UseTime:0.000447s ] mysql:host=localhost;port=3316;dbname=coffee;charset=utf8
[2023-09-03T14:53:44+08:00][sql] SHOW FULL COLUMNS FROM `information` [ RunTime:0.001543s ]
[2023-09-03T14:53:44+08:00][sql] SELECT * FROM `information` WHERE  `id` = 9 LIMIT 1 [ RunTime:0.000295s ]
[2023-09-03T14:53:44+08:00][sql] SHOW FULL COLUMNS FROM `address` [ RunTime:0.001027s ]
[2023-09-03T14:53:44+08:00][sql] SELECT * FROM `address` WHERE  `id` = 1 LIMIT 1 [ RunTime:0.000276s ]
[2023-09-03T14:53:44+08:00][sql] SELECT * FROM `address` WHERE  `id` = 2 LIMIT 1 [ RunTime:0.000243s ]
[2023-09-03T14:55:27+08:00][sql] CONNECT:[ UseTime:0.000424s ] mysql:host=localhost;port=3316;dbname=coffee;charset=utf8
[2023-09-03T14:55:27+08:00][sql] SHOW FULL COLUMNS FROM `information` [ RunTime:0.001596s ]
[2023-09-03T14:55:27+08:00][sql] SELECT * FROM `information` WHERE  `id` = 18 LIMIT 1 [ RunTime:0.000355s ]
[2023-09-03T14:55:27+08:00][sql] SHOW FULL COLUMNS FROM `address` [ RunTime:0.001056s ]
[2023-09-03T14:55:27+08:00][sql] SELECT * FROM `address` WHERE  `id` = 1 LIMIT 1 [ RunTime:0.000296s ]
[2023-09-03T14:55:27+08:00][sql] SELECT * FROM `address` WHERE  `id` = 2 LIMIT 1 [ RunTime:0.000218s ]
[2023-09-03T16:23:11+08:00][sql] CONNECT:[ UseTime:0.000476s ] mysql:host=localhost;port=3316;dbname=coffee;charset=utf8
[2023-09-03T16:23:11+08:00][sql] SHOW FULL COLUMNS FROM `information` [ RunTime:0.001466s ]
[2023-09-03T16:23:11+08:00][sql] SELECT * FROM `information` WHERE  `id` = 12 LIMIT 1 [ RunTime:0.000318s ]
[2023-09-03T16:23:11+08:00][sql] SHOW FULL COLUMNS FROM `address` [ RunTime:0.001005s ]
[2023-09-03T16:23:11+08:00][sql] SELECT * FROM `address` WHERE  `id` = 1 LIMIT 1 [ RunTime:0.000270s ]
[2023-09-03T16:23:11+08:00][sql] SELECT * FROM `address` WHERE  `id` = 2 LIMIT 1 [ RunTime:0.000222s ]
[2023-09-03T17:41:54+08:00][sql] CONNECT:[ UseTime:0.000457s ] mysql:host=localhost;port=3316;dbname=coffee;charset=utf8
[2023-09-03T17:41:54+08:00][sql] SHOW FULL COLUMNS FROM `information` [ RunTime:0.001401s ]
[2023-09-03T17:41:54+08:00][sql] SELECT * FROM `information` WHERE  `id` = 2 LIMIT 1 [ RunTime:0.000271s ]
[2023-09-03T17:41:54+08:00][sql] SHOW FULL COLUMNS FROM `address` [ RunTime:0.000923s ]
[2023-09-03T17:41:54+08:00][sql] SELECT * FROM `address` WHERE  `id` = 1 LIMIT 1 [ RunTime:0.000259s ]
[2023-09-03T17:41:54+08:00][sql] SELECT * FROM `address` WHERE  `id` = 2 LIMIT 1 [ RunTime:0.000216s ]
[2023-09-03T18:40:19+08:00][sql] CONNECT:[ UseTime:0.000429s ] mysql:host=localhost;port=3316;dbname=coffee;charset=utf8
[2023-09-03T18:40:19+08:00][sql] SHOW FULL COLUMNS FROM `information` [ RunTime:0.001431s ]
[2023-09-03T18:40:19+08:00][sql] SELECT * FROM `information` WHERE  `id` = 20 LIMIT 1 [ RunTime:0.000289s ]
[2023-09-03T18:40:19+08:00][sql] SHOW FULL COLUMNS FROM `address` [ RunTime:0.000902s ]
[2023-09-03T18:40:19+08:00][sql] SELECT * FROM `address` WHERE  `id` = 1 LIMIT 1 [ RunTime:0.000230s ]
[2023-09-03T18:40:19+08:00][sql] SELECT * FROM `address` WHERE  `id` = 2 LIMIT 1 [ RunTime:0.000363s ]
[2023-09-03T20:32:08+08:00][sql] CONNECT:[ UseTime:0.000487s ] mysql:host=localhost;port=3316;dbname=coffee;charset=utf8
[2023-09-03T20:32:08+08:00][sql] SHOW FULL COLUMNS FROM `information` [ RunTime:0.001559s ]
[2023-09-03T20:32:08+08:00][sql] SELECT * FROM `information` ORDER BY `time` DESC LIMIT 1 [ RunTime:0.000336s ]
[2023-09-03T20:32:08+08:00][sql] SHOW FULL COLUMNS FROM `topic` [ RunTime:0.000991s ]
[2023-09-03T20:32:08+08:00][sql] SELECT * FROM `topic` [ RunTime:0.000265s ]
[2023-09-03T20:32:08+08:00][sql] SELECT * FROM `information` ORDER BY `time` DESC [ RunTime:0.000807s ]
[2023-09-03T20:32:08+08:00][sql] SHOW FULL COLUMNS FROM `address` [ RunTime:0.001002s ]
[2023-09-03T20:32:08+08:00][sql] SELECT * FROM `address` WHERE  `id` = 1 LIMIT 1 [ RunTime:0.000252s ]
[2023-09-03T20:32:08+08:00][sql] SELECT * FROM `address` WHERE  `id` = 2 LIMIT 1 [ RunTime:0.000223s ]
[2023-09-03T20:36:05+08:00][sql] CONNECT:[ UseTime:0.000505s ] mysql:host=localhost;port=3316;dbname=coffee;charset=utf8
[2023-09-03T20:36:05+08:00][sql] SHOW FULL COLUMNS FROM `information` [ RunTime:0.001596s ]
[2023-09-03T20:36:05+08:00][sql] SELECT * FROM `information` WHERE  `id` = 12 LIMIT 1 [ RunTime:0.000444s ]
[2023-09-03T20:36:05+08:00][sql] SHOW FULL COLUMNS FROM `address` [ RunTime:0.001227s ]
[2023-09-03T20:36:05+08:00][sql] SELECT * FROM `address` WHERE  `id` = 1 LIMIT 1 [ RunTime:0.000333s ]
[2023-09-03T20:36:05+08:00][sql] SELECT * FROM `address` WHERE  `id` = 2 LIMIT 1 [ RunTime:0.000224s ]
[2023-09-03T20:36:05+08:00][sql] CONNECT:[ UseTime:0.000438s ] mysql:host=localhost;port=3316;dbname=coffee;charset=utf8
[2023-09-03T20:36:05+08:00][sql] SHOW FULL COLUMNS FROM `information` [ RunTime:0.001563s ]
[2023-09-03T20:36:05+08:00][sql] SELECT * FROM `information` WHERE  `id` = 12 LIMIT 1 [ RunTime:0.000337s ]
[2023-09-03T20:36:05+08:00][sql] SHOW FULL COLUMNS FROM `address` [ RunTime:0.000978s ]
[2023-09-03T20:36:05+08:00][sql] SELECT * FROM `address` WHERE  `id` = 1 LIMIT 1 [ RunTime:0.000246s ]
[2023-09-03T20:36:05+08:00][sql] SELECT * FROM `address` WHERE  `id` = 2 LIMIT 1 [ RunTime:0.000191s ]
[2023-09-03T20:48:37+08:00][sql] CONNECT:[ UseTime:0.000457s ] mysql:host=localhost;port=3316;dbname=coffee;charset=utf8
[2023-09-03T20:48:37+08:00][sql] SHOW FULL COLUMNS FROM `information` [ RunTime:0.001429s ]
[2023-09-03T20:48:37+08:00][sql] SELECT * FROM `information` WHERE  `id` = 8 LIMIT 1 [ RunTime:0.000474s ]
[2023-09-03T20:48:37+08:00][sql] SHOW FULL COLUMNS FROM `address` [ RunTime:0.000946s ]
[2023-09-03T20:48:37+08:00][sql] SELECT * FROM `address` WHERE  `id` = 1 LIMIT 1 [ RunTime:0.000362s ]
[2023-09-03T20:48:37+08:00][sql] SELECT * FROM `address` WHERE  `id` = 2 LIMIT 1 [ RunTime:0.000256s ]
[2023-09-03T21:07:34+08:00][sql] CONNECT:[ UseTime:0.000579s ] mysql:host=localhost;port=3316;dbname=coffee;charset=utf8
[2023-09-03T21:07:34+08:00][sql] SHOW FULL COLUMNS FROM `information` [ RunTime:0.002168s ]
[2023-09-03T21:07:34+08:00][sql] SELECT * FROM `information` WHERE  `id` = 13 LIMIT 1 [ RunTime:0.000379s ]
[2023-09-03T21:07:34+08:00][sql] SHOW FULL COLUMNS FROM `address` [ RunTime:0.001096s ]
[2023-09-03T21:07:34+08:00][sql] SELECT * FROM `address` WHERE  `id` = 1 LIMIT 1 [ RunTime:0.000256s ]
[2023-09-03T21:07:34+08:00][sql] SELECT * FROM `address` WHERE  `id` = 2 LIMIT 1 [ RunTime:0.000240s ]
[2023-09-03T22:16:26+08:00][sql] CONNECT:[ UseTime:0.000435s ] mysql:host=localhost;port=3316;dbname=coffee;charset=utf8
[2023-09-03T22:16:26+08:00][sql] SHOW FULL COLUMNS FROM `information` [ RunTime:0.001531s ]
[2023-09-03T22:16:26+08:00][sql] SELECT * FROM `information` WHERE  `id` = 14 LIMIT 1 [ RunTime:0.000323s ]
[2023-09-03T22:16:26+08:00][sql] SHOW FULL COLUMNS FROM `address` [ RunTime:0.000999s ]
[2023-09-03T22:16:26+08:00][sql] SELECT * FROM `address` WHERE  `id` = 1 LIMIT 1 [ RunTime:0.000318s ]
[2023-09-03T22:16:26+08:00][sql] SELECT * FROM `address` WHERE  `id` = 2 LIMIT 1 [ RunTime:0.000244s ]
[2023-09-03T22:33:01+08:00][sql] CONNECT:[ UseTime:0.000417s ] mysql:host=localhost;port=3316;dbname=coffee;charset=utf8
[2023-09-03T22:33:01+08:00][sql] SHOW FULL COLUMNS FROM `information` [ RunTime:0.001414s ]
[2023-09-03T22:33:01+08:00][sql] SELECT * FROM `information` WHERE  `id` = 3 LIMIT 1 [ RunTime:0.000334s ]
[2023-09-03T22:33:01+08:00][sql] SHOW FULL COLUMNS FROM `address` [ RunTime:0.001083s ]
[2023-09-03T22:33:01+08:00][sql] SELECT * FROM `address` WHERE  `id` = 1 LIMIT 1 [ RunTime:0.000256s ]
[2023-09-03T22:33:01+08:00][sql] SELECT * FROM `address` WHERE  `id` = 2 LIMIT 1 [ RunTime:0.000230s ]
[2023-09-03T23:41:21+08:00][sql] CONNECT:[ UseTime:0.000430s ] mysql:host=localhost;port=3316;dbname=coffee;charset=utf8
[2023-09-03T23:41:21+08:00][sql] SHOW FULL COLUMNS FROM `information` [ RunTime:0.001928s ]
[2023-09-03T23:41:21+08:00][sql] SELECT * FROM `information` WHERE  `id` = 9 LIMIT 1 [ RunTime:0.000446s ]
[2023-09-03T23:41:21+08:00][sql] SHOW FULL COLUMNS FROM `address` [ RunTime:0.001133s ]
[2023-09-03T23:41:21+08:00][sql] SELECT * FROM `address` WHERE  `id` = 1 LIMIT 1 [ RunTime:0.000272s ]
[2023-09-03T23:41:21+08:00][sql] SELECT * FROM `address` WHERE  `id` = 2 LIMIT 1 [ RunTime:0.000246s ]
[2023-09-03T23:43:07+08:00][sql] CONNECT:[ UseTime:0.000443s ] mysql:host=localhost;port=3316;dbname=coffee;charset=utf8
[2023-09-03T23:43:07+08:00][sql] SHOW FULL COLUMNS FROM `information` [ RunTime:0.001807s ]
[2023-09-03T23:43:07+08:00][sql] SELECT * FROM `information` WHERE  `id` = 18 LIMIT 1 [ RunTime:0.000395s ]
[2023-09-03T23:43:07+08:00][sql] SHOW FULL COLUMNS FROM `address` [ RunTime:0.001036s ]
[2023-09-03T23:43:07+08:00][sql] SELECT * FROM `address` WHERE  `id` = 1 LIMIT 1 [ RunTime:0.000239s ]
[2023-09-03T23:43:07+08:00][sql] SELECT * FROM `address` WHERE  `id` = 2 LIMIT 1 [ RunTime:0.000231s ]
