[2022-11-20T05:55:33+08:00][sql] CONNECT:[ UseTime:0.000406s ] mysql:host=localhost;port=3316;dbname=coffee;charset=utf8
[2022-11-20T05:55:33+08:00][sql] SHOW FULL COLUMNS FROM `teacher` [ RunTime:0.001343s ]
[2022-11-20T05:55:33+08:00][sql] SELECT `teacher_name`,`teacher_title`,`teacher_avatar`,`detail` FROM `teacher` WHERE  `id` = 1 LIMIT 1 [ RunTime:0.000262s ]
[2022-11-20T05:55:33+08:00][sql] SHOW FULL COLUMNS FROM `course` [ RunTime:0.001235s ]
[2022-11-20T05:55:33+08:00][sql] SELECT * FROM `course` WHERE  `about_instructor` LIKE '%1%' [ RunTime:0.000456s ]
[2022-11-20T05:55:33+08:00][sql] SHOW FULL COLUMNS FROM `address` [ RunTime:0.000975s ]
[2022-11-20T05:55:33+08:00][sql] SELECT * FROM `address` WHERE  `id` = 1 LIMIT 1 [ RunTime:0.000246s ]
[2022-11-20T05:55:33+08:00][sql] SELECT * FROM `address` WHERE  `id` = 2 LIMIT 1 [ RunTime:0.000218s ]
[2022-11-20T05:55:33+08:00][sql] CONNECT:[ UseTime:0.000449s ] mysql:host=localhost;port=3316;dbname=coffee;charset=utf8
[2022-11-20T05:55:33+08:00][sql] SHOW FULL COLUMNS FROM `teacher` [ RunTime:0.001393s ]
[2022-11-20T05:55:33+08:00][sql] SELECT `teacher_name`,`teacher_title`,`teacher_avatar`,`detail` FROM `teacher` WHERE  `id` = 2 LIMIT 1 [ RunTime:0.000332s ]
[2022-11-20T05:55:33+08:00][sql] SHOW FULL COLUMNS FROM `course` [ RunTime:0.001259s ]
[2022-11-20T05:55:33+08:00][sql] SELECT * FROM `course` WHERE  `about_instructor` LIKE '%2%' [ RunTime:0.000521s ]
[2022-11-20T05:55:33+08:00][sql] SHOW FULL COLUMNS FROM `address` [ RunTime:0.001135s ]
[2022-11-20T05:55:33+08:00][sql] SELECT * FROM `address` WHERE  `id` = 1 LIMIT 1 [ RunTime:0.000318s ]
[2022-11-20T05:55:33+08:00][sql] SELECT * FROM `address` WHERE  `id` = 2 LIMIT 1 [ RunTime:0.000272s ]
[2022-11-20T05:55:34+08:00][sql] CONNECT:[ UseTime:0.000451s ] mysql:host=localhost;port=3316;dbname=coffee;charset=utf8
[2022-11-20T05:55:34+08:00][sql] SHOW FULL COLUMNS FROM `teacher` [ RunTime:0.001337s ]
[2022-11-20T05:55:34+08:00][sql] SELECT `teacher_name`,`teacher_title`,`teacher_avatar`,`detail` FROM `teacher` WHERE  `id` = 3 LIMIT 1 [ RunTime:0.000306s ]
[2022-11-20T05:55:34+08:00][sql] SHOW FULL COLUMNS FROM `course` [ RunTime:0.001201s ]
[2022-11-20T05:55:34+08:00][sql] SELECT * FROM `course` WHERE  `about_instructor` LIKE '%3%' [ RunTime:0.000368s ]
[2022-11-20T05:55:34+08:00][sql] SHOW FULL COLUMNS FROM `address` [ RunTime:0.001068s ]
[2022-11-20T05:55:34+08:00][sql] SELECT * FROM `address` WHERE  `id` = 1 LIMIT 1 [ RunTime:0.000283s ]
[2022-11-20T05:55:34+08:00][sql] SELECT * FROM `address` WHERE  `id` = 2 LIMIT 1 [ RunTime:0.000367s ]
[2022-11-20T05:55:34+08:00][sql] CONNECT:[ UseTime:0.000407s ] mysql:host=localhost;port=3316;dbname=coffee;charset=utf8
[2022-11-20T05:55:34+08:00][sql] SHOW FULL COLUMNS FROM `teacher` [ RunTime:0.001267s ]
[2022-11-20T05:55:34+08:00][sql] SELECT `id`,`teacher_name`,`teacher_avatar`,`Introduction` FROM `teacher` [ RunTime:0.000230s ]
[2022-11-20T05:55:34+08:00][sql] SHOW FULL COLUMNS FROM `address` [ RunTime:0.000950s ]
[2022-11-20T05:55:34+08:00][sql] SELECT * FROM `address` WHERE  `id` = 1 LIMIT 1 [ RunTime:0.000314s ]
[2022-11-20T05:55:34+08:00][sql] SELECT * FROM `address` WHERE  `id` = 2 LIMIT 1 [ RunTime:0.000213s ]
[2022-11-20T05:55:37+08:00][sql] CONNECT:[ UseTime:0.000433s ] mysql:host=localhost;port=3316;dbname=coffee;charset=utf8
[2022-11-20T05:55:37+08:00][sql] SHOW FULL COLUMNS FROM `teacher` [ RunTime:0.001335s ]
[2022-11-20T05:55:37+08:00][sql] SELECT `teacher_name`,`teacher_title`,`teacher_avatar`,`detail` FROM `teacher` WHERE  `id` = 1 LIMIT 1 [ RunTime:0.000332s ]
[2022-11-20T05:55:37+08:00][sql] SHOW FULL COLUMNS FROM `course` [ RunTime:0.001202s ]
[2022-11-20T05:55:37+08:00][sql] SELECT * FROM `course` WHERE  `about_instructor` LIKE '%1%' [ RunTime:0.000456s ]
[2022-11-20T05:55:37+08:00][sql] SHOW FULL COLUMNS FROM `address` [ RunTime:0.000994s ]
[2022-11-20T05:55:37+08:00][sql] SELECT * FROM `address` WHERE  `id` = 1 LIMIT 1 [ RunTime:0.000284s ]
[2022-11-20T05:55:37+08:00][sql] SELECT * FROM `address` WHERE  `id` = 2 LIMIT 1 [ RunTime:0.000257s ]
[2022-11-20T05:55:38+08:00][sql] CONNECT:[ UseTime:0.000397s ] mysql:host=localhost;port=3316;dbname=coffee;charset=utf8
[2022-11-20T05:55:38+08:00][sql] SHOW FULL COLUMNS FROM `teacher` [ RunTime:0.001269s ]
[2022-11-20T05:55:38+08:00][sql] SELECT `teacher_name`,`teacher_title`,`teacher_avatar`,`detail` FROM `teacher` WHERE  `id` = 2 LIMIT 1 [ RunTime:0.000280s ]
[2022-11-20T05:55:38+08:00][sql] SHOW FULL COLUMNS FROM `course` [ RunTime:0.001091s ]
[2022-11-20T05:55:38+08:00][sql] SELECT * FROM `course` WHERE  `about_instructor` LIKE '%2%' [ RunTime:0.000407s ]
[2022-11-20T05:55:38+08:00][sql] SHOW FULL COLUMNS FROM `address` [ RunTime:0.000977s ]
[2022-11-20T05:55:38+08:00][sql] SELECT * FROM `address` WHERE  `id` = 1 LIMIT 1 [ RunTime:0.000329s ]
[2022-11-20T05:55:38+08:00][sql] SELECT * FROM `address` WHERE  `id` = 2 LIMIT 1 [ RunTime:0.000248s ]
[2022-11-20T05:55:38+08:00][sql] CONNECT:[ UseTime:0.000399s ] mysql:host=localhost;port=3316;dbname=coffee;charset=utf8
[2022-11-20T05:55:38+08:00][sql] SHOW FULL COLUMNS FROM `teacher` [ RunTime:0.001276s ]
[2022-11-20T05:55:38+08:00][sql] SELECT `teacher_name`,`teacher_title`,`teacher_avatar`,`detail` FROM `teacher` WHERE  `id` = 3 LIMIT 1 [ RunTime:0.000306s ]
[2022-11-20T05:55:38+08:00][sql] SHOW FULL COLUMNS FROM `course` [ RunTime:0.001096s ]
[2022-11-20T05:55:38+08:00][sql] SELECT * FROM `course` WHERE  `about_instructor` LIKE '%3%' [ RunTime:0.000339s ]
[2022-11-20T05:55:38+08:00][sql] SHOW FULL COLUMNS FROM `address` [ RunTime:0.000952s ]
[2022-11-20T05:55:38+08:00][sql] SELECT * FROM `address` WHERE  `id` = 1 LIMIT 1 [ RunTime:0.000276s ]
[2022-11-20T05:55:38+08:00][sql] SELECT * FROM `address` WHERE  `id` = 2 LIMIT 1 [ RunTime:0.000297s ]
[2022-11-20T05:55:38+08:00][sql] CONNECT:[ UseTime:0.000468s ] mysql:host=localhost;port=3316;dbname=coffee;charset=utf8
[2022-11-20T05:55:38+08:00][sql] SHOW FULL COLUMNS FROM `teacher` [ RunTime:0.001486s ]
[2022-11-20T05:55:38+08:00][sql] SELECT `id`,`teacher_name`,`teacher_avatar`,`Introduction` FROM `teacher` [ RunTime:0.000282s ]
[2022-11-20T05:55:38+08:00][sql] SHOW FULL COLUMNS FROM `address` [ RunTime:0.001228s ]
[2022-11-20T05:55:38+08:00][sql] SELECT * FROM `address` WHERE  `id` = 1 LIMIT 1 [ RunTime:0.000266s ]
[2022-11-20T05:55:38+08:00][sql] SELECT * FROM `address` WHERE  `id` = 2 LIMIT 1 [ RunTime:0.000247s ]
[2022-11-20T06:07:50+08:00][sql] CONNECT:[ UseTime:0.000417s ] mysql:host=localhost;port=3316;dbname=coffee;charset=utf8
[2022-11-20T06:07:50+08:00][sql] SHOW FULL COLUMNS FROM `teacher` [ RunTime:0.001287s ]
[2022-11-20T06:07:50+08:00][sql] SELECT `teacher_name`,`teacher_title`,`teacher_avatar`,`detail` FROM `teacher` WHERE  `id` = 2 LIMIT 1 [ RunTime:0.000293s ]
[2022-11-20T06:07:50+08:00][sql] SHOW FULL COLUMNS FROM `course` [ RunTime:0.001163s ]
[2022-11-20T06:07:50+08:00][sql] SELECT * FROM `course` WHERE  `about_instructor` LIKE '%2%' [ RunTime:0.000412s ]
[2022-11-20T06:07:50+08:00][sql] SHOW FULL COLUMNS FROM `address` [ RunTime:0.000968s ]
[2022-11-20T06:07:50+08:00][sql] SELECT * FROM `address` WHERE  `id` = 1 LIMIT 1 [ RunTime:0.000292s ]
[2022-11-20T06:07:50+08:00][sql] SELECT * FROM `address` WHERE  `id` = 2 LIMIT 1 [ RunTime:0.000245s ]
