[2022-11-27T04:19:56+08:00][sql] CONNECT:[ UseTime:0.000412s ] mysql:host=localhost;port=3316;dbname=coffee;charset=utf8
[2022-11-27T04:19:56+08:00][sql] SHOW FULL COLUMNS FROM `teacher` [ RunTime:0.001263s ]
[2022-11-27T04:19:56+08:00][sql] SELECT `teacher_name`,`teacher_title`,`teacher_avatar`,`detail` FROM `teacher` WHERE  `id` = 1 LIMIT 1 [ RunTime:0.000468s ]
[2022-11-27T04:19:56+08:00][sql] SHOW FULL COLUMNS FROM `course` [ RunTime:0.001092s ]
[2022-11-27T04:19:56+08:00][sql] SELECT * FROM `course` WHERE  `about_instructor` LIKE '%1%' [ RunTime:0.000454s ]
[2022-11-27T04:19:56+08:00][sql] SHOW FULL COLUMNS FROM `address` [ RunTime:0.000978s ]
[2022-11-27T04:19:56+08:00][sql] SELECT * FROM `address` WHERE  `id` = 1 LIMIT 1 [ RunTime:0.000277s ]
[2022-11-27T04:19:56+08:00][sql] SELECT * FROM `address` WHERE  `id` = 2 LIMIT 1 [ RunTime:0.000246s ]
[2022-11-27T04:25:09+08:00][sql] CONNECT:[ UseTime:0.000427s ] mysql:host=localhost;port=3316;dbname=coffee;charset=utf8
[2022-11-27T04:25:09+08:00][sql] SHOW FULL COLUMNS FROM `teacher` [ RunTime:0.002628s ]
[2022-11-27T04:25:09+08:00][sql] SELECT `teacher_name`,`teacher_title`,`teacher_avatar`,`detail` FROM `teacher` WHERE  `id` = 1 LIMIT 1 [ RunTime:0.000301s ]
[2022-11-27T04:25:09+08:00][sql] SHOW FULL COLUMNS FROM `course` [ RunTime:0.001253s ]
[2022-11-27T04:25:09+08:00][sql] SELECT * FROM `course` WHERE  `about_instructor` LIKE '%1%' [ RunTime:0.000387s ]
[2022-11-27T04:25:09+08:00][sql] SHOW FULL COLUMNS FROM `address` [ RunTime:0.000916s ]
[2022-11-27T04:25:09+08:00][sql] SELECT * FROM `address` WHERE  `id` = 1 LIMIT 1 [ RunTime:0.000230s ]
[2022-11-27T04:25:09+08:00][sql] SELECT * FROM `address` WHERE  `id` = 2 LIMIT 1 [ RunTime:0.000204s ]
[2022-11-27T05:26:16+08:00][sql] CONNECT:[ UseTime:0.000421s ] mysql:host=localhost;port=3316;dbname=coffee;charset=utf8
[2022-11-27T05:26:16+08:00][sql] SHOW FULL COLUMNS FROM `teacher` [ RunTime:0.001326s ]
[2022-11-27T05:26:16+08:00][sql] SELECT `teacher_name`,`teacher_title`,`teacher_avatar`,`detail` FROM `teacher` WHERE  `id` = 1 LIMIT 1 [ RunTime:0.000294s ]
[2022-11-27T05:26:16+08:00][sql] SHOW FULL COLUMNS FROM `course` [ RunTime:0.001281s ]
[2022-11-27T05:26:16+08:00][sql] SELECT * FROM `course` WHERE  `about_instructor` LIKE '%1%' [ RunTime:0.000458s ]
[2022-11-27T05:26:16+08:00][sql] SHOW FULL COLUMNS FROM `address` [ RunTime:0.000963s ]
[2022-11-27T05:26:16+08:00][sql] SELECT * FROM `address` WHERE  `id` = 1 LIMIT 1 [ RunTime:0.000318s ]
[2022-11-27T05:26:16+08:00][sql] SELECT * FROM `address` WHERE  `id` = 2 LIMIT 1 [ RunTime:0.000263s ]
