[2022-11-28T02:35:11+08:00][sql] CONNECT:[ UseTime:0.000466s ] mysql:host=localhost;port=3316;dbname=coffee;charset=utf8
[2022-11-28T02:35:11+08:00][sql] SHOW FULL COLUMNS FROM `teacher` [ RunTime:0.001390s ]
[2022-11-28T02:35:11+08:00][sql] SELECT `teacher_name`,`teacher_title`,`teacher_avatar`,`detail` FROM `teacher` WHERE  `id` = 3 LIMIT 1 [ RunTime:0.000285s ]
[2022-11-28T02:35:11+08:00][sql] SHOW FULL COLUMNS FROM `course` [ RunTime:0.001310s ]
[2022-11-28T02:35:11+08:00][sql] SELECT * FROM `course` WHERE  `about_instructor` LIKE '%3%' [ RunTime:0.000331s ]
[2022-11-28T02:35:11+08:00][sql] SHOW FULL COLUMNS FROM `address` [ RunTime:0.001015s ]
[2022-11-28T02:35:11+08:00][sql] SELECT * FROM `address` WHERE  `id` = 1 LIMIT 1 [ RunTime:0.000290s ]
[2022-11-28T02:35:11+08:00][sql] SELECT * FROM `address` WHERE  `id` = 2 LIMIT 1 [ RunTime:0.000257s ]
[2022-11-28T16:43:45+08:00][sql] CONNECT:[ UseTime:0.000587s ] mysql:host=localhost;port=3316;dbname=coffee;charset=utf8
[2022-11-28T16:43:45+08:00][sql] SHOW FULL COLUMNS FROM `teacher` [ RunTime:0.001823s ]
[2022-11-28T16:43:45+08:00][sql] SELECT `teacher_name`,`teacher_title`,`teacher_avatar`,`detail` FROM `teacher` WHERE  `id` = 1 LIMIT 1 [ RunTime:0.000294s ]
[2022-11-28T16:43:45+08:00][sql] SHOW FULL COLUMNS FROM `course` [ RunTime:0.001257s ]
[2022-11-28T16:43:45+08:00][sql] SELECT * FROM `course` WHERE  `about_instructor` LIKE '%1%' [ RunTime:0.000465s ]
[2022-11-28T16:43:45+08:00][sql] SHOW FULL COLUMNS FROM `address` [ RunTime:0.001029s ]
[2022-11-28T16:43:45+08:00][sql] SELECT * FROM `address` WHERE  `id` = 1 LIMIT 1 [ RunTime:0.000360s ]
[2022-11-28T16:43:45+08:00][sql] SELECT * FROM `address` WHERE  `id` = 2 LIMIT 1 [ RunTime:0.000352s ]
[2022-11-28T16:47:08+08:00][sql] CONNECT:[ UseTime:0.000407s ] mysql:host=localhost;port=3316;dbname=coffee;charset=utf8
[2022-11-28T16:47:08+08:00][sql] SHOW FULL COLUMNS FROM `teacher` [ RunTime:0.001351s ]
[2022-11-28T16:47:08+08:00][sql] SELECT `teacher_name`,`teacher_title`,`teacher_avatar`,`detail` FROM `teacher` WHERE  `id` = 1 LIMIT 1 [ RunTime:0.000268s ]
[2022-11-28T16:47:08+08:00][sql] SHOW FULL COLUMNS FROM `course` [ RunTime:0.001247s ]
[2022-11-28T16:47:08+08:00][sql] SELECT * FROM `course` WHERE  `about_instructor` LIKE '%1%' [ RunTime:0.000401s ]
[2022-11-28T16:47:08+08:00][sql] SHOW FULL COLUMNS FROM `address` [ RunTime:0.001120s ]
[2022-11-28T16:47:08+08:00][sql] SELECT * FROM `address` WHERE  `id` = 1 LIMIT 1 [ RunTime:0.000248s ]
[2022-11-28T16:47:08+08:00][sql] SELECT * FROM `address` WHERE  `id` = 2 LIMIT 1 [ RunTime:0.000229s ]
[2022-11-28T23:07:15+08:00][sql] CONNECT:[ UseTime:0.000437s ] mysql:host=localhost;port=3316;dbname=coffee;charset=utf8
[2022-11-28T23:07:15+08:00][sql] SHOW FULL COLUMNS FROM `teacher` [ RunTime:0.001253s ]
[2022-11-28T23:07:15+08:00][sql] SELECT `teacher_name`,`teacher_title`,`teacher_avatar`,`detail` FROM `teacher` WHERE  `id` = 1 LIMIT 1 [ RunTime:0.000272s ]
[2022-11-28T23:07:15+08:00][sql] SHOW FULL COLUMNS FROM `course` [ RunTime:0.001091s ]
[2022-11-28T23:07:15+08:00][sql] SELECT * FROM `course` WHERE  `about_instructor` LIKE '%1%' [ RunTime:0.000392s ]
[2022-11-28T23:07:15+08:00][sql] SHOW FULL COLUMNS FROM `address` [ RunTime:0.000936s ]
[2022-11-28T23:07:15+08:00][sql] SELECT * FROM `address` WHERE  `id` = 1 LIMIT 1 [ RunTime:0.000239s ]
[2022-11-28T23:07:15+08:00][sql] SELECT * FROM `address` WHERE  `id` = 2 LIMIT 1 [ RunTime:0.000214s ]
