[2022-11-29T00:41:06+08:00][sql] CONNECT:[ UseTime:0.000393s ] mysql:host=localhost;port=3316;dbname=coffee;charset=utf8
[2022-11-29T00:41:06+08:00][sql] SHOW FULL COLUMNS FROM `teacher` [ RunTime:0.001293s ]
[2022-11-29T00:41:06+08:00][sql] SELECT `teacher_name`,`teacher_title`,`teacher_avatar`,`detail` FROM `teacher` WHERE  `id` = 3 LIMIT 1 [ RunTime:0.000263s ]
[2022-11-29T00:41:06+08:00][sql] SHOW FULL COLUMNS FROM `course` [ RunTime:0.001135s ]
[2022-11-29T00:41:06+08:00][sql] SELECT * FROM `course` WHERE  `about_instructor` LIKE '%3%' [ RunTime:0.000306s ]
[2022-11-29T00:41:06+08:00][sql] SHOW FULL COLUMNS FROM `address` [ RunTime:0.000906s ]
[2022-11-29T00:41:06+08:00][sql] SELECT * FROM `address` WHERE  `id` = 1 LIMIT 1 [ RunTime:0.000258s ]
[2022-11-29T00:41:06+08:00][sql] SELECT * FROM `address` WHERE  `id` = 2 LIMIT 1 [ RunTime:0.000234s ]
[2022-11-29T00:47:33+08:00][sql] CONNECT:[ UseTime:0.022605s ] mysql:host=localhost;port=3316;dbname=coffee;charset=utf8
[2022-11-29T00:47:33+08:00][sql] SHOW FULL COLUMNS FROM `teacher` [ RunTime:0.003266s ]
[2022-11-29T00:47:33+08:00][sql] SELECT `teacher_name`,`teacher_title`,`teacher_avatar`,`detail` FROM `teacher` WHERE  `id` = 3 LIMIT 1 [ RunTime:0.000561s ]
[2022-11-29T00:47:33+08:00][sql] SHOW FULL COLUMNS FROM `course` [ RunTime:0.001905s ]
[2022-11-29T00:47:33+08:00][sql] SELECT * FROM `course` WHERE  `about_instructor` LIKE '%3%' [ RunTime:0.000604s ]
[2022-11-29T00:47:33+08:00][sql] SHOW FULL COLUMNS FROM `address` [ RunTime:0.001652s ]
[2022-11-29T00:47:33+08:00][sql] SELECT * FROM `address` WHERE  `id` = 1 LIMIT 1 [ RunTime:0.000467s ]
[2022-11-29T00:47:33+08:00][sql] SELECT * FROM `address` WHERE  `id` = 2 LIMIT 1 [ RunTime:0.000494s ]
[2022-11-29T08:06:31+08:00][sql] CONNECT:[ UseTime:0.000445s ] mysql:host=localhost;port=3316;dbname=coffee;charset=utf8
[2022-11-29T08:06:31+08:00][sql] SHOW FULL COLUMNS FROM `teacher` [ RunTime:0.001271s ]
[2022-11-29T08:06:31+08:00][sql] SELECT `teacher_name`,`teacher_title`,`teacher_avatar`,`detail` FROM `teacher` WHERE  `id` = 2 LIMIT 1 [ RunTime:0.000264s ]
[2022-11-29T08:06:31+08:00][sql] SHOW FULL COLUMNS FROM `course` [ RunTime:0.001310s ]
[2022-11-29T08:06:31+08:00][sql] SELECT * FROM `course` WHERE  `about_instructor` LIKE '%2%' [ RunTime:0.000362s ]
[2022-11-29T08:06:31+08:00][sql] SHOW FULL COLUMNS FROM `address` [ RunTime:0.001023s ]
[2022-11-29T08:06:31+08:00][sql] SELECT * FROM `address` WHERE  `id` = 1 LIMIT 1 [ RunTime:0.000325s ]
[2022-11-29T08:06:31+08:00][sql] SELECT * FROM `address` WHERE  `id` = 2 LIMIT 1 [ RunTime:0.000220s ]
[2022-11-29T08:16:02+08:00][sql] CONNECT:[ UseTime:0.000457s ] mysql:host=localhost;port=3316;dbname=coffee;charset=utf8
[2022-11-29T08:16:02+08:00][sql] SHOW FULL COLUMNS FROM `teacher` [ RunTime:0.001281s ]
[2022-11-29T08:16:02+08:00][sql] SELECT `teacher_name`,`teacher_title`,`teacher_avatar`,`detail` FROM `teacher` WHERE  `id` = 2 LIMIT 1 [ RunTime:0.000296s ]
[2022-11-29T08:16:02+08:00][sql] SHOW FULL COLUMNS FROM `course` [ RunTime:0.001088s ]
[2022-11-29T08:16:02+08:00][sql] SELECT * FROM `course` WHERE  `about_instructor` LIKE '%2%' [ RunTime:0.000388s ]
[2022-11-29T08:16:02+08:00][sql] SHOW FULL COLUMNS FROM `address` [ RunTime:0.000957s ]
[2022-11-29T08:16:02+08:00][sql] SELECT * FROM `address` WHERE  `id` = 1 LIMIT 1 [ RunTime:0.000281s ]
[2022-11-29T08:16:02+08:00][sql] SELECT * FROM `address` WHERE  `id` = 2 LIMIT 1 [ RunTime:0.000268s ]
[2022-11-29T23:11:57+08:00][sql] CONNECT:[ UseTime:0.000433s ] mysql:host=localhost;port=3316;dbname=coffee;charset=utf8
[2022-11-29T23:11:57+08:00][sql] SHOW FULL COLUMNS FROM `teacher` [ RunTime:0.001424s ]
[2022-11-29T23:11:57+08:00][sql] SELECT `teacher_name`,`teacher_title`,`teacher_avatar`,`detail` FROM `teacher` WHERE  `id` = 1 LIMIT 1 [ RunTime:0.000304s ]
[2022-11-29T23:11:57+08:00][sql] SHOW FULL COLUMNS FROM `course` [ RunTime:0.001184s ]
[2022-11-29T23:11:57+08:00][sql] SELECT * FROM `course` WHERE  `about_instructor` LIKE '%1%' [ RunTime:0.000450s ]
[2022-11-29T23:11:57+08:00][sql] SHOW FULL COLUMNS FROM `address` [ RunTime:0.001004s ]
[2022-11-29T23:11:57+08:00][sql] SELECT * FROM `address` WHERE  `id` = 1 LIMIT 1 [ RunTime:0.000285s ]
[2022-11-29T23:11:57+08:00][sql] SELECT * FROM `address` WHERE  `id` = 2 LIMIT 1 [ RunTime:0.000278s ]
[2022-11-29T23:17:05+08:00][sql] CONNECT:[ UseTime:0.000407s ] mysql:host=localhost;port=3316;dbname=coffee;charset=utf8
[2022-11-29T23:17:05+08:00][sql] SHOW FULL COLUMNS FROM `teacher` [ RunTime:0.001294s ]
[2022-11-29T23:17:05+08:00][sql] SELECT `teacher_name`,`teacher_title`,`teacher_avatar`,`detail` FROM `teacher` WHERE  `id` = 1 LIMIT 1 [ RunTime:0.000312s ]
[2022-11-29T23:17:05+08:00][sql] SHOW FULL COLUMNS FROM `course` [ RunTime:0.001059s ]
[2022-11-29T23:17:05+08:00][sql] SELECT * FROM `course` WHERE  `about_instructor` LIKE '%1%' [ RunTime:0.000453s ]
[2022-11-29T23:17:05+08:00][sql] SHOW FULL COLUMNS FROM `address` [ RunTime:0.001010s ]
[2022-11-29T23:17:05+08:00][sql] SELECT * FROM `address` WHERE  `id` = 1 LIMIT 1 [ RunTime:0.000277s ]
[2022-11-29T23:17:05+08:00][sql] SELECT * FROM `address` WHERE  `id` = 2 LIMIT 1 [ RunTime:0.000282s ]
