[2022-11-30T02:46:38+08:00][sql] CONNECT:[ UseTime:0.000418s ] mysql:host=localhost;port=3316;dbname=coffee;charset=utf8
[2022-11-30T02:46:38+08:00][sql] SHOW FULL COLUMNS FROM `teacher` [ RunTime:0.001299s ]
[2022-11-30T02:46:38+08:00][sql] SELECT `id`,`teacher_name`,`teacher_avatar`,`Introduction` FROM `teacher` [ RunTime:0.000259s ]
[2022-11-30T02:46:38+08:00][sql] SHOW FULL COLUMNS FROM `address` [ RunTime:0.000979s ]
[2022-11-30T02:46:38+08:00][sql] SELECT * FROM `address` WHERE  `id` = 1 LIMIT 1 [ RunTime:0.000286s ]
[2022-11-30T02:46:38+08:00][sql] SELECT * FROM `address` WHERE  `id` = 2 LIMIT 1 [ RunTime:0.000256s ]
[2022-11-30T02:50:49+08:00][sql] CONNECT:[ UseTime:0.000458s ] mysql:host=localhost;port=3316;dbname=coffee;charset=utf8
[2022-11-30T02:50:49+08:00][sql] SHOW FULL COLUMNS FROM `teacher` [ RunTime:0.001398s ]
[2022-11-30T02:50:49+08:00][sql] SELECT `id`,`teacher_name`,`teacher_avatar`,`Introduction` FROM `teacher` [ RunTime:0.000470s ]
[2022-11-30T02:50:49+08:00][sql] SHOW FULL COLUMNS FROM `address` [ RunTime:0.001055s ]
[2022-11-30T02:50:49+08:00][sql] SELECT * FROM `address` WHERE  `id` = 1 LIMIT 1 [ RunTime:0.000316s ]
[2022-11-30T02:50:49+08:00][sql] SELECT * FROM `address` WHERE  `id` = 2 LIMIT 1 [ RunTime:0.000267s ]
[2022-11-30T03:41:09+08:00][sql] CONNECT:[ UseTime:0.000418s ] mysql:host=localhost;port=3316;dbname=coffee;charset=utf8
[2022-11-30T03:41:09+08:00][sql] SHOW FULL COLUMNS FROM `teacher` [ RunTime:0.001401s ]
[2022-11-30T03:41:09+08:00][sql] SELECT `teacher_name`,`teacher_title`,`teacher_avatar`,`detail` FROM `teacher` WHERE  `id` = 3 LIMIT 1 [ RunTime:0.000302s ]
[2022-11-30T03:41:09+08:00][sql] SHOW FULL COLUMNS FROM `course` [ RunTime:0.001138s ]
[2022-11-30T03:41:09+08:00][sql] SELECT * FROM `course` WHERE  `about_instructor` LIKE '%3%' [ RunTime:0.000356s ]
[2022-11-30T03:41:09+08:00][sql] SHOW FULL COLUMNS FROM `address` [ RunTime:0.001005s ]
[2022-11-30T03:41:09+08:00][sql] SELECT * FROM `address` WHERE  `id` = 1 LIMIT 1 [ RunTime:0.000293s ]
[2022-11-30T03:41:09+08:00][sql] SELECT * FROM `address` WHERE  `id` = 2 LIMIT 1 [ RunTime:0.000313s ]
[2022-11-30T03:47:32+08:00][sql] CONNECT:[ UseTime:0.000371s ] mysql:host=localhost;port=3316;dbname=coffee;charset=utf8
[2022-11-30T03:47:32+08:00][sql] SHOW FULL COLUMNS FROM `teacher` [ RunTime:0.001293s ]
[2022-11-30T03:47:32+08:00][sql] SELECT `teacher_name`,`teacher_title`,`teacher_avatar`,`detail` FROM `teacher` WHERE  `id` = 3 LIMIT 1 [ RunTime:0.000266s ]
[2022-11-30T03:47:32+08:00][sql] SHOW FULL COLUMNS FROM `course` [ RunTime:0.001146s ]
[2022-11-30T03:47:32+08:00][sql] SELECT * FROM `course` WHERE  `about_instructor` LIKE '%3%' [ RunTime:0.000313s ]
[2022-11-30T03:47:32+08:00][sql] SHOW FULL COLUMNS FROM `address` [ RunTime:0.000971s ]
[2022-11-30T03:47:32+08:00][sql] SELECT * FROM `address` WHERE  `id` = 1 LIMIT 1 [ RunTime:0.000249s ]
[2022-11-30T03:47:32+08:00][sql] SELECT * FROM `address` WHERE  `id` = 2 LIMIT 1 [ RunTime:0.000244s ]
[2022-11-30T15:23:38+08:00][sql] CONNECT:[ UseTime:0.000415s ] mysql:host=localhost;port=3316;dbname=coffee;charset=utf8
[2022-11-30T15:23:38+08:00][sql] SHOW FULL COLUMNS FROM `teacher` [ RunTime:0.001310s ]
[2022-11-30T15:23:38+08:00][sql] SELECT `teacher_name`,`teacher_title`,`teacher_avatar`,`detail` FROM `teacher` WHERE  `id` = 2 LIMIT 1 [ RunTime:0.000287s ]
[2022-11-30T15:23:38+08:00][sql] SHOW FULL COLUMNS FROM `course` [ RunTime:0.001081s ]
[2022-11-30T15:23:38+08:00][sql] SELECT * FROM `course` WHERE  `about_instructor` LIKE '%2%' [ RunTime:0.000431s ]
[2022-11-30T15:23:38+08:00][sql] SHOW FULL COLUMNS FROM `address` [ RunTime:0.000996s ]
[2022-11-30T15:23:38+08:00][sql] SELECT * FROM `address` WHERE  `id` = 1 LIMIT 1 [ RunTime:0.000278s ]
[2022-11-30T15:23:38+08:00][sql] SELECT * FROM `address` WHERE  `id` = 2 LIMIT 1 [ RunTime:0.000255s ]
[2022-11-30T15:30:22+08:00][sql] CONNECT:[ UseTime:0.000560s ] mysql:host=localhost;port=3316;dbname=coffee;charset=utf8
[2022-11-30T15:30:22+08:00][sql] SHOW FULL COLUMNS FROM `teacher` [ RunTime:0.001525s ]
[2022-11-30T15:30:22+08:00][sql] SELECT `teacher_name`,`teacher_title`,`teacher_avatar`,`detail` FROM `teacher` WHERE  `id` = 2 LIMIT 1 [ RunTime:0.000330s ]
[2022-11-30T15:30:22+08:00][sql] SHOW FULL COLUMNS FROM `course` [ RunTime:0.001710s ]
[2022-11-30T15:30:22+08:00][sql] SELECT * FROM `course` WHERE  `about_instructor` LIKE '%2%' [ RunTime:0.000480s ]
[2022-11-30T15:30:22+08:00][sql] SHOW FULL COLUMNS FROM `address` [ RunTime:0.001216s ]
[2022-11-30T15:30:22+08:00][sql] SELECT * FROM `address` WHERE  `id` = 1 LIMIT 1 [ RunTime:0.000294s ]
[2022-11-30T15:30:22+08:00][sql] SELECT * FROM `address` WHERE  `id` = 2 LIMIT 1 [ RunTime:0.000292s ]
