[2023-06-01T09:52:53+08:00][sql] CONNECT:[ UseTime:0.000423s ] mysql:host=localhost;port=3316;dbname=coffee;charset=utf8
[2023-06-01T09:52:53+08:00][sql] SHOW FULL COLUMNS FROM `course` [ RunTime:0.001487s ]
[2023-06-01T09:52:53+08:00][sql] SELECT * FROM `course` WHERE  `id` = 2 LIMIT 1 [ RunTime:0.000323s ]
[2023-06-01T09:52:53+08:00][sql] SHOW FULL COLUMNS FROM `teacher` [ RunTime:0.000965s ]
[2023-06-01T09:52:53+08:00][sql] SELECT `teacher_name`,`teacher_title`,`teacher_avatar` FROM `teacher` WHERE  `id` = 3 LIMIT 1 [ RunTime:0.000230s ]
[2023-06-01T09:52:53+08:00][sql] SHOW FULL COLUMNS FROM `address` [ RunTime:0.000903s ]
[2023-06-01T09:52:53+08:00][sql] SELECT * FROM `address` WHERE  `id` = 1 LIMIT 1 [ RunTime:0.000229s ]
[2023-06-01T09:52:53+08:00][sql] SELECT * FROM `address` WHERE  `id` = 2 LIMIT 1 [ RunTime:0.000202s ]
[2023-06-01T09:55:18+08:00][sql] CONNECT:[ UseTime:0.000434s ] mysql:host=localhost;port=3316;dbname=coffee;charset=utf8
[2023-06-01T09:55:18+08:00][sql] SHOW FULL COLUMNS FROM `course` [ RunTime:0.001671s ]
[2023-06-01T09:55:18+08:00][sql] SELECT * FROM `course` WHERE  `id` = 2 LIMIT 1 [ RunTime:0.000349s ]
[2023-06-01T09:55:18+08:00][sql] SHOW FULL COLUMNS FROM `teacher` [ RunTime:0.000998s ]
[2023-06-01T09:55:18+08:00][sql] SELECT `teacher_name`,`teacher_title`,`teacher_avatar` FROM `teacher` WHERE  `id` = 3 LIMIT 1 [ RunTime:0.000231s ]
[2023-06-01T09:55:18+08:00][sql] SHOW FULL COLUMNS FROM `address` [ RunTime:0.000891s ]
[2023-06-01T09:55:18+08:00][sql] SELECT * FROM `address` WHERE  `id` = 1 LIMIT 1 [ RunTime:0.000257s ]
[2023-06-01T09:55:18+08:00][sql] SELECT * FROM `address` WHERE  `id` = 2 LIMIT 1 [ RunTime:0.000209s ]
[2023-06-01T10:47:31+08:00][sql] CONNECT:[ UseTime:0.000383s ] mysql:host=localhost;port=3316;dbname=coffee;charset=utf8
[2023-06-01T10:47:31+08:00][sql] SHOW FULL COLUMNS FROM `course` [ RunTime:0.001585s ]
[2023-06-01T10:47:31+08:00][sql] SELECT * FROM `course` WHERE  `id` = 1 LIMIT 1 [ RunTime:0.000330s ]
[2023-06-01T10:47:31+08:00][sql] SHOW FULL COLUMNS FROM `teacher` [ RunTime:0.000895s ]
[2023-06-01T10:47:31+08:00][sql] SELECT `teacher_name`,`teacher_title`,`teacher_avatar` FROM `teacher` WHERE  `id` = 1 LIMIT 1 [ RunTime:0.000237s ]
[2023-06-01T10:47:31+08:00][sql] SELECT `teacher_name`,`teacher_title`,`teacher_avatar` FROM `teacher` WHERE  `id` = 2 LIMIT 1 [ RunTime:0.000196s ]
[2023-06-01T10:47:31+08:00][sql] SHOW FULL COLUMNS FROM `address` [ RunTime:0.000945s ]
[2023-06-01T10:47:31+08:00][sql] SELECT * FROM `address` WHERE  `id` = 1 LIMIT 1 [ RunTime:0.000238s ]
[2023-06-01T10:47:31+08:00][sql] SELECT * FROM `address` WHERE  `id` = 2 LIMIT 1 [ RunTime:0.000249s ]
[2023-06-01T10:47:39+08:00][sql] CONNECT:[ UseTime:0.000414s ] mysql:host=localhost;port=3316;dbname=coffee;charset=utf8
[2023-06-01T10:47:39+08:00][sql] SHOW FULL COLUMNS FROM `course` [ RunTime:0.001671s ]
[2023-06-01T10:47:39+08:00][sql] SELECT * FROM `course` WHERE  `id` = 6 LIMIT 1 [ RunTime:0.000828s ]
[2023-06-01T10:47:39+08:00][sql] SHOW FULL COLUMNS FROM `teacher` [ RunTime:0.001013s ]
[2023-06-01T10:47:39+08:00][sql] SELECT `teacher_name`,`teacher_title`,`teacher_avatar` FROM `teacher` WHERE  `id` = 1 LIMIT 1 [ RunTime:0.000284s ]
[2023-06-01T10:47:39+08:00][sql] SHOW FULL COLUMNS FROM `address` [ RunTime:0.001276s ]
[2023-06-01T10:47:39+08:00][sql] SELECT * FROM `address` WHERE  `id` = 1 LIMIT 1 [ RunTime:0.000314s ]
[2023-06-01T10:47:39+08:00][sql] SELECT * FROM `address` WHERE  `id` = 2 LIMIT 1 [ RunTime:0.000241s ]
[2023-06-01T10:47:42+08:00][sql] CONNECT:[ UseTime:0.000427s ] mysql:host=localhost;port=3316;dbname=coffee;charset=utf8
[2023-06-01T10:47:42+08:00][sql] SHOW FULL COLUMNS FROM `course` [ RunTime:0.001579s ]
[2023-06-01T10:47:42+08:00][sql] SELECT * FROM `course` WHERE  `id` = 2 LIMIT 1 [ RunTime:0.000815s ]
[2023-06-01T10:47:42+08:00][sql] SHOW FULL COLUMNS FROM `teacher` [ RunTime:0.001473s ]
[2023-06-01T10:47:42+08:00][sql] SELECT `teacher_name`,`teacher_title`,`teacher_avatar` FROM `teacher` WHERE  `id` = 3 LIMIT 1 [ RunTime:0.000277s ]
[2023-06-01T10:47:42+08:00][sql] SHOW FULL COLUMNS FROM `address` [ RunTime:0.001273s ]
[2023-06-01T10:47:42+08:00][sql] SELECT * FROM `address` WHERE  `id` = 1 LIMIT 1 [ RunTime:0.000332s ]
[2023-06-01T10:47:42+08:00][sql] SELECT * FROM `address` WHERE  `id` = 2 LIMIT 1 [ RunTime:0.000353s ]
[2023-06-01T10:47:44+08:00][sql] CONNECT:[ UseTime:0.000413s ] mysql:host=localhost;port=3316;dbname=coffee;charset=utf8
[2023-06-01T10:47:44+08:00][sql] SHOW FULL COLUMNS FROM `course` [ RunTime:0.001727s ]
[2023-06-01T10:47:44+08:00][sql] SELECT * FROM `course` WHERE  `id` = 4 LIMIT 1 [ RunTime:0.001768s ]
[2023-06-01T10:47:44+08:00][sql] SHOW FULL COLUMNS FROM `teacher` [ RunTime:0.001070s ]
[2023-06-01T10:47:44+08:00][sql] SELECT `teacher_name`,`teacher_title`,`teacher_avatar` FROM `teacher` WHERE  `id` = 2 LIMIT 1 [ RunTime:0.000277s ]
[2023-06-01T10:47:44+08:00][sql] SHOW FULL COLUMNS FROM `address` [ RunTime:0.001310s ]
[2023-06-01T10:47:44+08:00][sql] SELECT * FROM `address` WHERE  `id` = 1 LIMIT 1 [ RunTime:0.000274s ]
[2023-06-01T10:47:44+08:00][sql] SELECT * FROM `address` WHERE  `id` = 2 LIMIT 1 [ RunTime:0.000356s ]
[2023-06-01T10:47:46+08:00][sql] CONNECT:[ UseTime:0.000420s ] mysql:host=localhost;port=3316;dbname=coffee;charset=utf8
[2023-06-01T10:47:46+08:00][sql] SHOW FULL COLUMNS FROM `course` [ RunTime:0.001523s ]
[2023-06-01T10:47:46+08:00][sql] SELECT * FROM `course` WHERE  `id` = 7 LIMIT 1 [ RunTime:0.000291s ]
[2023-06-01T10:47:46+08:00][sql] SHOW FULL COLUMNS FROM `teacher` [ RunTime:0.000895s ]
[2023-06-01T10:47:46+08:00][sql] SELECT `teacher_name`,`teacher_title`,`teacher_avatar` FROM `teacher` WHERE  `id` = 1 LIMIT 1 [ RunTime:0.000221s ]
[2023-06-01T10:47:46+08:00][sql] SHOW FULL COLUMNS FROM `address` [ RunTime:0.000964s ]
[2023-06-01T10:47:46+08:00][sql] SELECT * FROM `address` WHERE  `id` = 1 LIMIT 1 [ RunTime:0.000229s ]
[2023-06-01T10:47:46+08:00][sql] SELECT * FROM `address` WHERE  `id` = 2 LIMIT 1 [ RunTime:0.000200s ]
[2023-06-01T10:48:27+08:00][sql] CONNECT:[ UseTime:0.000418s ] mysql:host=localhost;port=3316;dbname=coffee;charset=utf8
[2023-06-01T10:48:27+08:00][sql] SHOW FULL COLUMNS FROM `course` [ RunTime:0.001604s ]
[2023-06-01T10:48:27+08:00][sql] SELECT * FROM `course` WHERE  `id` = 7 LIMIT 1 [ RunTime:0.000757s ]
[2023-06-01T10:48:27+08:00][sql] SHOW FULL COLUMNS FROM `teacher` [ RunTime:0.000920s ]
[2023-06-01T10:48:27+08:00][sql] SELECT `teacher_name`,`teacher_title`,`teacher_avatar` FROM `teacher` WHERE  `id` = 1 LIMIT 1 [ RunTime:0.000222s ]
[2023-06-01T10:48:27+08:00][sql] SHOW FULL COLUMNS FROM `address` [ RunTime:0.000942s ]
[2023-06-01T10:48:27+08:00][sql] SELECT * FROM `address` WHERE  `id` = 1 LIMIT 1 [ RunTime:0.000252s ]
[2023-06-01T10:48:27+08:00][sql] SELECT * FROM `address` WHERE  `id` = 2 LIMIT 1 [ RunTime:0.000205s ]
[2023-06-01T10:48:31+08:00][sql] CONNECT:[ UseTime:0.000581s ] mysql:host=localhost;port=3316;dbname=coffee;charset=utf8
[2023-06-01T10:48:31+08:00][sql] SHOW FULL COLUMNS FROM `course` [ RunTime:0.001715s ]
[2023-06-01T10:48:31+08:00][sql] SELECT * FROM `course` WHERE  `id` = 1 LIMIT 1 [ RunTime:0.000411s ]
[2023-06-01T10:48:31+08:00][sql] SHOW FULL COLUMNS FROM `teacher` [ RunTime:0.000978s ]
[2023-06-01T10:48:31+08:00][sql] SELECT `teacher_name`,`teacher_title`,`teacher_avatar` FROM `teacher` WHERE  `id` = 1 LIMIT 1 [ RunTime:0.000268s ]
[2023-06-01T10:48:31+08:00][sql] SELECT `teacher_name`,`teacher_title`,`teacher_avatar` FROM `teacher` WHERE  `id` = 2 LIMIT 1 [ RunTime:0.000280s ]
[2023-06-01T10:48:31+08:00][sql] SHOW FULL COLUMNS FROM `address` [ RunTime:0.001087s ]
[2023-06-01T10:48:31+08:00][sql] SELECT * FROM `address` WHERE  `id` = 1 LIMIT 1 [ RunTime:0.000268s ]
[2023-06-01T10:48:31+08:00][sql] SELECT * FROM `address` WHERE  `id` = 2 LIMIT 1 [ RunTime:0.000290s ]
[2023-06-01T10:48:39+08:00][sql] CONNECT:[ UseTime:0.000422s ] mysql:host=localhost;port=3316;dbname=coffee;charset=utf8
[2023-06-01T10:48:39+08:00][sql] SHOW FULL COLUMNS FROM `course` [ RunTime:0.001933s ]
[2023-06-01T10:48:39+08:00][sql] SELECT * FROM `course` WHERE  `id` = 6 LIMIT 1 [ RunTime:0.000425s ]
[2023-06-01T10:48:39+08:00][sql] SHOW FULL COLUMNS FROM `teacher` [ RunTime:0.001317s ]
[2023-06-01T10:48:39+08:00][sql] SELECT `teacher_name`,`teacher_title`,`teacher_avatar` FROM `teacher` WHERE  `id` = 1 LIMIT 1 [ RunTime:0.000286s ]
[2023-06-01T10:48:39+08:00][sql] SHOW FULL COLUMNS FROM `address` [ RunTime:0.001249s ]
[2023-06-01T10:48:39+08:00][sql] SELECT * FROM `address` WHERE  `id` = 1 LIMIT 1 [ RunTime:0.000390s ]
[2023-06-01T10:48:39+08:00][sql] SELECT * FROM `address` WHERE  `id` = 2 LIMIT 1 [ RunTime:0.000218s ]
[2023-06-01T10:48:41+08:00][sql] CONNECT:[ UseTime:0.000362s ] mysql:host=localhost;port=3316;dbname=coffee;charset=utf8
[2023-06-01T10:48:41+08:00][sql] SHOW FULL COLUMNS FROM `course` [ RunTime:0.001541s ]
[2023-06-01T10:48:41+08:00][sql] SELECT * FROM `course` WHERE  `id` = 2 LIMIT 1 [ RunTime:0.000312s ]
[2023-06-01T10:48:41+08:00][sql] SHOW FULL COLUMNS FROM `teacher` [ RunTime:0.000983s ]
[2023-06-01T10:48:41+08:00][sql] SELECT `teacher_name`,`teacher_title`,`teacher_avatar` FROM `teacher` WHERE  `id` = 3 LIMIT 1 [ RunTime:0.000247s ]
[2023-06-01T10:48:41+08:00][sql] SHOW FULL COLUMNS FROM `address` [ RunTime:0.000898s ]
[2023-06-01T10:48:41+08:00][sql] SELECT * FROM `address` WHERE  `id` = 1 LIMIT 1 [ RunTime:0.000233s ]
[2023-06-01T10:48:41+08:00][sql] SELECT * FROM `address` WHERE  `id` = 2 LIMIT 1 [ RunTime:0.000204s ]
[2023-06-01T10:48:44+08:00][sql] CONNECT:[ UseTime:0.000516s ] mysql:host=localhost;port=3316;dbname=coffee;charset=utf8
[2023-06-01T10:48:44+08:00][sql] SHOW FULL COLUMNS FROM `course` [ RunTime:0.001639s ]
[2023-06-01T10:48:44+08:00][sql] SELECT * FROM `course` WHERE  `id` = 4 LIMIT 1 [ RunTime:0.000354s ]
[2023-06-01T10:48:44+08:00][sql] SHOW FULL COLUMNS FROM `teacher` [ RunTime:0.001030s ]
[2023-06-01T10:48:44+08:00][sql] SELECT `teacher_name`,`teacher_title`,`teacher_avatar` FROM `teacher` WHERE  `id` = 2 LIMIT 1 [ RunTime:0.000223s ]
[2023-06-01T10:48:44+08:00][sql] SHOW FULL COLUMNS FROM `address` [ RunTime:0.000956s ]
[2023-06-01T10:48:44+08:00][sql] SELECT * FROM `address` WHERE  `id` = 1 LIMIT 1 [ RunTime:0.000251s ]
[2023-06-01T10:48:44+08:00][sql] SELECT * FROM `address` WHERE  `id` = 2 LIMIT 1 [ RunTime:0.000198s ]
[2023-06-01T10:48:46+08:00][sql] CONNECT:[ UseTime:0.000453s ] mysql:host=localhost;port=3316;dbname=coffee;charset=utf8
[2023-06-01T10:48:46+08:00][sql] SHOW FULL COLUMNS FROM `course` [ RunTime:0.001935s ]
[2023-06-01T10:48:46+08:00][sql] SELECT * FROM `course` WHERE  `id` = 7 LIMIT 1 [ RunTime:0.000359s ]
[2023-06-01T10:48:46+08:00][sql] SHOW FULL COLUMNS FROM `teacher` [ RunTime:0.001086s ]
[2023-06-01T10:48:46+08:00][sql] SELECT `teacher_name`,`teacher_title`,`teacher_avatar` FROM `teacher` WHERE  `id` = 1 LIMIT 1 [ RunTime:0.000241s ]
[2023-06-01T10:48:46+08:00][sql] SHOW FULL COLUMNS FROM `address` [ RunTime:0.001196s ]
[2023-06-01T10:48:46+08:00][sql] SELECT * FROM `address` WHERE  `id` = 1 LIMIT 1 [ RunTime:0.000335s ]
[2023-06-01T10:48:46+08:00][sql] SELECT * FROM `address` WHERE  `id` = 2 LIMIT 1 [ RunTime:0.000252s ]
[2023-06-01T10:49:36+08:00][sql] CONNECT:[ UseTime:0.000487s ] mysql:host=localhost;port=3316;dbname=coffee;charset=utf8
[2023-06-01T10:49:36+08:00][sql] SHOW FULL COLUMNS FROM `course` [ RunTime:0.001816s ]
[2023-06-01T10:49:36+08:00][sql] SELECT * FROM `course` WHERE  `id` = 7 LIMIT 1 [ RunTime:0.000800s ]
[2023-06-01T10:49:36+08:00][sql] SHOW FULL COLUMNS FROM `teacher` [ RunTime:0.000937s ]
[2023-06-01T10:49:36+08:00][sql] SELECT `teacher_name`,`teacher_title`,`teacher_avatar` FROM `teacher` WHERE  `id` = 1 LIMIT 1 [ RunTime:0.000211s ]
[2023-06-01T10:49:36+08:00][sql] SHOW FULL COLUMNS FROM `address` [ RunTime:0.001103s ]
[2023-06-01T10:49:36+08:00][sql] SELECT * FROM `address` WHERE  `id` = 1 LIMIT 1 [ RunTime:0.000264s ]
[2023-06-01T10:49:36+08:00][sql] SELECT * FROM `address` WHERE  `id` = 2 LIMIT 1 [ RunTime:0.000234s ]
[2023-06-01T10:49:48+08:00][sql] CONNECT:[ UseTime:0.000439s ] mysql:host=localhost;port=3316;dbname=coffee;charset=utf8
[2023-06-01T10:49:48+08:00][sql] SHOW FULL COLUMNS FROM `course` [ RunTime:0.001655s ]
[2023-06-01T10:49:48+08:00][sql] SELECT * FROM `course` WHERE  `id` = 6 LIMIT 1 [ RunTime:0.000331s ]
[2023-06-01T10:49:48+08:00][sql] SHOW FULL COLUMNS FROM `teacher` [ RunTime:0.001032s ]
[2023-06-01T10:49:48+08:00][sql] SELECT `teacher_name`,`teacher_title`,`teacher_avatar` FROM `teacher` WHERE  `id` = 1 LIMIT 1 [ RunTime:0.000243s ]
[2023-06-01T10:49:48+08:00][sql] SHOW FULL COLUMNS FROM `address` [ RunTime:0.001031s ]
[2023-06-01T10:49:48+08:00][sql] SELECT * FROM `address` WHERE  `id` = 1 LIMIT 1 [ RunTime:0.000294s ]
[2023-06-01T10:49:48+08:00][sql] SELECT * FROM `address` WHERE  `id` = 2 LIMIT 1 [ RunTime:0.000211s ]
[2023-06-01T10:57:05+08:00][sql] CONNECT:[ UseTime:0.000450s ] mysql:host=localhost;port=3316;dbname=coffee;charset=utf8
[2023-06-01T10:57:05+08:00][sql] SHOW FULL COLUMNS FROM `course` [ RunTime:0.001440s ]
[2023-06-01T10:57:05+08:00][sql] SELECT * FROM `course` WHERE  `id` = 2 LIMIT 1 [ RunTime:0.000310s ]
[2023-06-01T10:57:05+08:00][sql] SHOW FULL COLUMNS FROM `teacher` [ RunTime:0.000852s ]
[2023-06-01T10:57:05+08:00][sql] SELECT `teacher_name`,`teacher_title`,`teacher_avatar` FROM `teacher` WHERE  `id` = 3 LIMIT 1 [ RunTime:0.000243s ]
[2023-06-01T10:57:05+08:00][sql] SHOW FULL COLUMNS FROM `address` [ RunTime:0.000936s ]
[2023-06-01T10:57:05+08:00][sql] SELECT * FROM `address` WHERE  `id` = 1 LIMIT 1 [ RunTime:0.000237s ]
[2023-06-01T10:57:05+08:00][sql] SELECT * FROM `address` WHERE  `id` = 2 LIMIT 1 [ RunTime:0.000192s ]
[2023-06-01T12:44:54+08:00][sql] CONNECT:[ UseTime:0.000427s ] mysql:host=localhost;port=3316;dbname=coffee;charset=utf8
[2023-06-01T12:44:54+08:00][sql] SHOW FULL COLUMNS FROM `course` [ RunTime:0.001542s ]
[2023-06-01T12:44:54+08:00][sql] SELECT * FROM `course` WHERE  `id` = 4 LIMIT 1 [ RunTime:0.000308s ]
[2023-06-01T12:44:54+08:00][sql] SHOW FULL COLUMNS FROM `teacher` [ RunTime:0.000997s ]
[2023-06-01T12:44:54+08:00][sql] SELECT `teacher_name`,`teacher_title`,`teacher_avatar` FROM `teacher` WHERE  `id` = 2 LIMIT 1 [ RunTime:0.000258s ]
[2023-06-01T12:44:54+08:00][sql] SHOW FULL COLUMNS FROM `address` [ RunTime:0.000973s ]
[2023-06-01T12:44:54+08:00][sql] SELECT * FROM `address` WHERE  `id` = 1 LIMIT 1 [ RunTime:0.000284s ]
[2023-06-01T12:44:54+08:00][sql] SELECT * FROM `address` WHERE  `id` = 2 LIMIT 1 [ RunTime:0.000254s ]
[2023-06-01T12:49:19+08:00][sql] CONNECT:[ UseTime:0.000634s ] mysql:host=localhost;port=3316;dbname=coffee;charset=utf8
[2023-06-01T12:49:19+08:00][sql] SHOW FULL COLUMNS FROM `course` [ RunTime:0.001676s ]
[2023-06-01T12:49:19+08:00][sql] SELECT * FROM `course` WHERE  `id` = 6 LIMIT 1 [ RunTime:0.000801s ]
[2023-06-01T12:49:19+08:00][sql] SHOW FULL COLUMNS FROM `teacher` [ RunTime:0.001034s ]
[2023-06-01T12:49:19+08:00][sql] SELECT `teacher_name`,`teacher_title`,`teacher_avatar` FROM `teacher` WHERE  `id` = 1 LIMIT 1 [ RunTime:0.000299s ]
[2023-06-01T12:49:19+08:00][sql] SHOW FULL COLUMNS FROM `address` [ RunTime:0.000997s ]
[2023-06-01T12:49:19+08:00][sql] SELECT * FROM `address` WHERE  `id` = 1 LIMIT 1 [ RunTime:0.000295s ]
[2023-06-01T12:49:19+08:00][sql] SELECT * FROM `address` WHERE  `id` = 2 LIMIT 1 [ RunTime:0.000295s ]
[2023-06-01T12:57:07+08:00][sql] CONNECT:[ UseTime:0.000492s ] mysql:host=localhost;port=3316;dbname=coffee;charset=utf8
[2023-06-01T12:57:07+08:00][sql] SHOW FULL COLUMNS FROM `course` [ RunTime:0.001509s ]
[2023-06-01T12:57:07+08:00][sql] SELECT * FROM `course` WHERE  `id` = 2 LIMIT 1 [ RunTime:0.000758s ]
[2023-06-01T12:57:07+08:00][sql] SHOW FULL COLUMNS FROM `teacher` [ RunTime:0.000926s ]
[2023-06-01T12:57:07+08:00][sql] SELECT `teacher_name`,`teacher_title`,`teacher_avatar` FROM `teacher` WHERE  `id` = 3 LIMIT 1 [ RunTime:0.000264s ]
[2023-06-01T12:57:07+08:00][sql] SHOW FULL COLUMNS FROM `address` [ RunTime:0.000952s ]
[2023-06-01T12:57:07+08:00][sql] SELECT * FROM `address` WHERE  `id` = 1 LIMIT 1 [ RunTime:0.000307s ]
[2023-06-01T12:57:07+08:00][sql] SELECT * FROM `address` WHERE  `id` = 2 LIMIT 1 [ RunTime:0.000327s ]
[2023-06-01T13:09:55+08:00][sql] CONNECT:[ UseTime:0.000410s ] mysql:host=localhost;port=3316;dbname=coffee;charset=utf8
[2023-06-01T13:09:55+08:00][sql] SHOW FULL COLUMNS FROM `course` [ RunTime:0.001460s ]
[2023-06-01T13:09:55+08:00][sql] SELECT * FROM `course` WHERE  `id` = 1 LIMIT 1 [ RunTime:0.000308s ]
[2023-06-01T13:09:55+08:00][sql] SHOW FULL COLUMNS FROM `teacher` [ RunTime:0.000895s ]
[2023-06-01T13:09:55+08:00][sql] SELECT `teacher_name`,`teacher_title`,`teacher_avatar` FROM `teacher` WHERE  `id` = 1 LIMIT 1 [ RunTime:0.000220s ]
[2023-06-01T13:09:55+08:00][sql] SELECT `teacher_name`,`teacher_title`,`teacher_avatar` FROM `teacher` WHERE  `id` = 2 LIMIT 1 [ RunTime:0.000185s ]
[2023-06-01T13:09:55+08:00][sql] SHOW FULL COLUMNS FROM `address` [ RunTime:0.000902s ]
[2023-06-01T13:09:55+08:00][sql] SELECT * FROM `address` WHERE  `id` = 1 LIMIT 1 [ RunTime:0.000228s ]
[2023-06-01T13:09:55+08:00][sql] SELECT * FROM `address` WHERE  `id` = 2 LIMIT 1 [ RunTime:0.000222s ]
[2023-06-01T13:29:51+08:00][sql] CONNECT:[ UseTime:0.000522s ] mysql:host=localhost;port=3316;dbname=coffee;charset=utf8
[2023-06-01T13:29:51+08:00][sql] SHOW FULL COLUMNS FROM `course` [ RunTime:0.001617s ]
[2023-06-01T13:29:51+08:00][sql] SELECT `id`,`title`,`price`,`days`,`time` FROM `course` WHERE  `is_time` = 1 ORDER BY `sorting` ASC [ RunTime:0.000734s ]
[2023-06-01T13:29:51+08:00][sql] SELECT `id`,`title` FROM `course` WHERE  `status` = 1 [ RunTime:0.000211s ]
[2023-06-01T13:29:51+08:00][sql] SELECT `id`,`title` FROM `course` WHERE  `status` = 2 [ RunTime:0.000211s ]
[2023-06-01T13:29:51+08:00][sql] SHOW FULL COLUMNS FROM `address` [ RunTime:0.001129s ]
[2023-06-01T13:29:51+08:00][sql] SELECT * FROM `address` WHERE  `id` = 1 LIMIT 1 [ RunTime:0.000287s ]
[2023-06-01T13:29:51+08:00][sql] SELECT * FROM `address` WHERE  `id` = 2 LIMIT 1 [ RunTime:0.000271s ]
[2023-06-01T13:29:54+08:00][sql] CONNECT:[ UseTime:0.000524s ] mysql:host=localhost;port=3316;dbname=coffee;charset=utf8
[2023-06-01T13:29:54+08:00][sql] SHOW FULL COLUMNS FROM `course` [ RunTime:0.002235s ]
[2023-06-01T13:29:54+08:00][sql] SELECT * FROM `course` WHERE  `id` = 2 LIMIT 1 [ RunTime:0.000434s ]
[2023-06-01T13:29:54+08:00][sql] SHOW FULL COLUMNS FROM `teacher` [ RunTime:0.001271s ]
[2023-06-01T13:29:54+08:00][sql] SELECT `teacher_name`,`teacher_title`,`teacher_avatar` FROM `teacher` WHERE  `id` = 3 LIMIT 1 [ RunTime:0.000267s ]
[2023-06-01T13:29:54+08:00][sql] SHOW FULL COLUMNS FROM `address` [ RunTime:0.001229s ]
[2023-06-01T13:29:54+08:00][sql] SELECT * FROM `address` WHERE  `id` = 1 LIMIT 1 [ RunTime:0.000284s ]
[2023-06-01T13:29:54+08:00][sql] SELECT * FROM `address` WHERE  `id` = 2 LIMIT 1 [ RunTime:0.000247s ]
[2023-06-01T13:30:37+08:00][sql] CONNECT:[ UseTime:0.000423s ] mysql:host=localhost;port=3316;dbname=coffee;charset=utf8
[2023-06-01T13:30:37+08:00][sql] SHOW FULL COLUMNS FROM `course` [ RunTime:0.001555s ]
[2023-06-01T13:30:37+08:00][sql] SELECT * FROM `course` WHERE  `id` = 1 LIMIT 1 [ RunTime:0.000861s ]
[2023-06-01T13:30:37+08:00][sql] SHOW FULL COLUMNS FROM `teacher` [ RunTime:0.000981s ]
[2023-06-01T13:30:37+08:00][sql] SELECT `teacher_name`,`teacher_title`,`teacher_avatar` FROM `teacher` WHERE  `id` = 1 LIMIT 1 [ RunTime:0.000250s ]
[2023-06-01T13:30:37+08:00][sql] SELECT `teacher_name`,`teacher_title`,`teacher_avatar` FROM `teacher` WHERE  `id` = 2 LIMIT 1 [ RunTime:0.000213s ]
[2023-06-01T13:30:37+08:00][sql] SHOW FULL COLUMNS FROM `address` [ RunTime:0.000970s ]
[2023-06-01T13:30:37+08:00][sql] SELECT * FROM `address` WHERE  `id` = 1 LIMIT 1 [ RunTime:0.000291s ]
[2023-06-01T13:30:37+08:00][sql] SELECT * FROM `address` WHERE  `id` = 2 LIMIT 1 [ RunTime:0.000331s ]
[2023-06-01T13:30:45+08:00][sql] CONNECT:[ UseTime:0.000450s ] mysql:host=localhost;port=3316;dbname=coffee;charset=utf8
[2023-06-01T13:30:45+08:00][sql] SHOW FULL COLUMNS FROM `course` [ RunTime:0.001476s ]
[2023-06-01T13:30:45+08:00][sql] SELECT `id`,`title`,`price`,`days`,`time` FROM `course` WHERE  `is_time` = 1 ORDER BY `sorting` ASC [ RunTime:0.000291s ]
[2023-06-01T13:30:45+08:00][sql] SELECT `id`,`title` FROM `course` WHERE  `status` = 1 [ RunTime:0.000213s ]
[2023-06-01T13:30:45+08:00][sql] SELECT `id`,`title` FROM `course` WHERE  `status` = 2 [ RunTime:0.000297s ]
[2023-06-01T13:30:45+08:00][sql] SHOW FULL COLUMNS FROM `address` [ RunTime:0.001309s ]
[2023-06-01T13:30:45+08:00][sql] SELECT * FROM `address` WHERE  `id` = 1 LIMIT 1 [ RunTime:0.000308s ]
[2023-06-01T13:30:45+08:00][sql] SELECT * FROM `address` WHERE  `id` = 2 LIMIT 1 [ RunTime:0.000305s ]
[2023-06-01T13:30:52+08:00][sql] CONNECT:[ UseTime:0.000529s ] mysql:host=localhost;port=3316;dbname=coffee;charset=utf8
[2023-06-01T13:30:52+08:00][sql] SHOW FULL COLUMNS FROM `course` [ RunTime:0.002299s ]
[2023-06-01T13:30:52+08:00][sql] SELECT `id`,`title`,`price`,`days`,`time` FROM `course` WHERE  `is_time` = 1 ORDER BY `sorting` ASC [ RunTime:0.000369s ]
[2023-06-01T13:30:52+08:00][sql] SELECT `id`,`title` FROM `course` WHERE  `status` = 1 [ RunTime:0.000306s ]
[2023-06-01T13:30:52+08:00][sql] SELECT `id`,`title` FROM `course` WHERE  `status` = 2 [ RunTime:0.000245s ]
[2023-06-01T13:30:52+08:00][sql] SHOW FULL COLUMNS FROM `address` [ RunTime:0.001098s ]
[2023-06-01T13:30:52+08:00][sql] SELECT * FROM `address` WHERE  `id` = 1 LIMIT 1 [ RunTime:0.000285s ]
[2023-06-01T13:30:52+08:00][sql] SELECT * FROM `address` WHERE  `id` = 2 LIMIT 1 [ RunTime:0.000245s ]
[2023-06-01T13:31:08+08:00][sql] CONNECT:[ UseTime:0.000418s ] mysql:host=localhost;port=3316;dbname=coffee;charset=utf8
[2023-06-01T13:31:08+08:00][sql] SHOW FULL COLUMNS FROM `course` [ RunTime:0.001476s ]
[2023-06-01T13:31:08+08:00][sql] SELECT `id`,`title`,`price`,`days`,`time` FROM `course` WHERE  `is_time` = 1 ORDER BY `sorting` ASC [ RunTime:0.000800s ]
[2023-06-01T13:31:08+08:00][sql] SELECT `id`,`title` FROM `course` WHERE  `status` = 1 [ RunTime:0.000374s ]
[2023-06-01T13:31:08+08:00][sql] SELECT `id`,`title` FROM `course` WHERE  `status` = 2 [ RunTime:0.000312s ]
[2023-06-01T13:31:08+08:00][sql] SHOW FULL COLUMNS FROM `address` [ RunTime:0.001275s ]
[2023-06-01T13:31:08+08:00][sql] SELECT * FROM `address` WHERE  `id` = 1 LIMIT 1 [ RunTime:0.000295s ]
[2023-06-01T13:31:08+08:00][sql] SELECT * FROM `address` WHERE  `id` = 2 LIMIT 1 [ RunTime:0.000214s ]
[2023-06-01T13:31:15+08:00][sql] CONNECT:[ UseTime:0.000468s ] mysql:host=localhost;port=3316;dbname=coffee;charset=utf8
[2023-06-01T13:31:15+08:00][sql] SHOW FULL COLUMNS FROM `course` [ RunTime:0.001590s ]
[2023-06-01T13:31:15+08:00][sql] SELECT * FROM `course` WHERE  `id` = 2 LIMIT 1 [ RunTime:0.000398s ]
[2023-06-01T13:31:15+08:00][sql] SHOW FULL COLUMNS FROM `teacher` [ RunTime:0.001071s ]
[2023-06-01T13:31:15+08:00][sql] SELECT `teacher_name`,`teacher_title`,`teacher_avatar` FROM `teacher` WHERE  `id` = 3 LIMIT 1 [ RunTime:0.000328s ]
[2023-06-01T13:31:15+08:00][sql] SHOW FULL COLUMNS FROM `address` [ RunTime:0.001097s ]
[2023-06-01T13:31:15+08:00][sql] SELECT * FROM `address` WHERE  `id` = 1 LIMIT 1 [ RunTime:0.000363s ]
[2023-06-01T13:31:15+08:00][sql] SELECT * FROM `address` WHERE  `id` = 2 LIMIT 1 [ RunTime:0.000384s ]
[2023-06-01T13:31:31+08:00][sql] CONNECT:[ UseTime:0.000494s ] mysql:host=localhost;port=3316;dbname=coffee;charset=utf8
[2023-06-01T13:31:31+08:00][sql] SHOW FULL COLUMNS FROM `course` [ RunTime:0.001498s ]
[2023-06-01T13:31:31+08:00][sql] SELECT `id`,`title`,`price`,`days`,`time` FROM `course` WHERE  `is_time` = 1 ORDER BY `sorting` ASC [ RunTime:0.000401s ]
[2023-06-01T13:31:31+08:00][sql] SELECT `id`,`title` FROM `course` WHERE  `status` = 1 [ RunTime:0.000229s ]
[2023-06-01T13:31:31+08:00][sql] SELECT `id`,`title` FROM `course` WHERE  `status` = 2 [ RunTime:0.000187s ]
[2023-06-01T13:31:31+08:00][sql] SHOW FULL COLUMNS FROM `address` [ RunTime:0.001072s ]
[2023-06-01T13:31:31+08:00][sql] SELECT * FROM `address` WHERE  `id` = 1 LIMIT 1 [ RunTime:0.000380s ]
[2023-06-01T13:31:31+08:00][sql] SELECT * FROM `address` WHERE  `id` = 2 LIMIT 1 [ RunTime:0.000257s ]
[2023-06-01T13:31:38+08:00][sql] CONNECT:[ UseTime:0.000449s ] mysql:host=localhost;port=3316;dbname=coffee;charset=utf8
[2023-06-01T13:31:38+08:00][sql] SHOW FULL COLUMNS FROM `course` [ RunTime:0.001564s ]
[2023-06-01T13:31:38+08:00][sql] SELECT * FROM `course` WHERE  `id` = 1 LIMIT 1 [ RunTime:0.000372s ]
[2023-06-01T13:31:38+08:00][sql] SHOW FULL COLUMNS FROM `teacher` [ RunTime:0.001017s ]
[2023-06-01T13:31:38+08:00][sql] SELECT `teacher_name`,`teacher_title`,`teacher_avatar` FROM `teacher` WHERE  `id` = 1 LIMIT 1 [ RunTime:0.000293s ]
[2023-06-01T13:31:38+08:00][sql] SELECT `teacher_name`,`teacher_title`,`teacher_avatar` FROM `teacher` WHERE  `id` = 2 LIMIT 1 [ RunTime:0.000226s ]
[2023-06-01T13:31:38+08:00][sql] SHOW FULL COLUMNS FROM `address` [ RunTime:0.001114s ]
[2023-06-01T13:31:38+08:00][sql] SELECT * FROM `address` WHERE  `id` = 1 LIMIT 1 [ RunTime:0.000266s ]
[2023-06-01T13:31:38+08:00][sql] SELECT * FROM `address` WHERE  `id` = 2 LIMIT 1 [ RunTime:0.000234s ]
[2023-06-01T13:32:12+08:00][sql] CONNECT:[ UseTime:0.000411s ] mysql:host=localhost;port=3316;dbname=coffee;charset=utf8
[2023-06-01T13:32:12+08:00][sql] SHOW FULL COLUMNS FROM `course` [ RunTime:0.001617s ]
[2023-06-01T13:32:12+08:00][sql] SELECT * FROM `course` WHERE  `id` = 2 LIMIT 1 [ RunTime:0.000332s ]
[2023-06-01T13:32:12+08:00][sql] SHOW FULL COLUMNS FROM `teacher` [ RunTime:0.001027s ]
[2023-06-01T13:32:12+08:00][sql] SELECT `teacher_name`,`teacher_title`,`teacher_avatar` FROM `teacher` WHERE  `id` = 3 LIMIT 1 [ RunTime:0.000298s ]
[2023-06-01T13:32:12+08:00][sql] SHOW FULL COLUMNS FROM `address` [ RunTime:0.001032s ]
[2023-06-01T13:32:12+08:00][sql] SELECT * FROM `address` WHERE  `id` = 1 LIMIT 1 [ RunTime:0.000251s ]
[2023-06-01T13:32:12+08:00][sql] SELECT * FROM `address` WHERE  `id` = 2 LIMIT 1 [ RunTime:0.000229s ]
[2023-06-01T13:32:33+08:00][sql] CONNECT:[ UseTime:0.000455s ] mysql:host=localhost;port=3316;dbname=coffee;charset=utf8
[2023-06-01T13:32:33+08:00][sql] SHOW FULL COLUMNS FROM `course` [ RunTime:0.001656s ]
[2023-06-01T13:32:33+08:00][sql] SELECT * FROM `course` WHERE  `id` = 4 LIMIT 1 [ RunTime:0.000326s ]
[2023-06-01T13:32:33+08:00][sql] SHOW FULL COLUMNS FROM `teacher` [ RunTime:0.001036s ]
[2023-06-01T13:32:33+08:00][sql] SELECT `teacher_name`,`teacher_title`,`teacher_avatar` FROM `teacher` WHERE  `id` = 2 LIMIT 1 [ RunTime:0.000258s ]
[2023-06-01T13:32:33+08:00][sql] SHOW FULL COLUMNS FROM `address` [ RunTime:0.000927s ]
[2023-06-01T13:32:33+08:00][sql] SELECT * FROM `address` WHERE  `id` = 1 LIMIT 1 [ RunTime:0.000239s ]
[2023-06-01T13:32:33+08:00][sql] SELECT * FROM `address` WHERE  `id` = 2 LIMIT 1 [ RunTime:0.000232s ]
[2023-06-01T13:32:54+08:00][sql] CONNECT:[ UseTime:0.000400s ] mysql:host=localhost;port=3316;dbname=coffee;charset=utf8
[2023-06-01T13:32:54+08:00][sql] SHOW FULL COLUMNS FROM `course` [ RunTime:0.001478s ]
[2023-06-01T13:32:54+08:00][sql] SELECT * FROM `course` WHERE  `id` = 5 LIMIT 1 [ RunTime:0.000339s ]
[2023-06-01T13:32:54+08:00][sql] SHOW FULL COLUMNS FROM `teacher` [ RunTime:0.000969s ]
[2023-06-01T13:32:54+08:00][sql] SELECT `teacher_name`,`teacher_title`,`teacher_avatar` FROM `teacher` WHERE  `id` = 1 LIMIT 1 [ RunTime:0.000236s ]
[2023-06-01T13:32:54+08:00][sql] SELECT `teacher_name`,`teacher_title`,`teacher_avatar` FROM `teacher` WHERE  `id` = 2 LIMIT 1 [ RunTime:0.000196s ]
[2023-06-01T13:32:54+08:00][sql] SHOW FULL COLUMNS FROM `address` [ RunTime:0.000896s ]
[2023-06-01T13:32:54+08:00][sql] SELECT * FROM `address` WHERE  `id` = 1 LIMIT 1 [ RunTime:0.000266s ]
[2023-06-01T13:32:54+08:00][sql] SELECT * FROM `address` WHERE  `id` = 2 LIMIT 1 [ RunTime:0.000215s ]
[2023-06-01T13:34:52+08:00][sql] CONNECT:[ UseTime:0.000396s ] mysql:host=localhost;port=3316;dbname=coffee;charset=utf8
[2023-06-01T13:34:52+08:00][sql] SHOW FULL COLUMNS FROM `course` [ RunTime:0.002000s ]
[2023-06-01T13:34:52+08:00][sql] SELECT * FROM `course` WHERE  `id` = 5 LIMIT 1 [ RunTime:0.000340s ]
[2023-06-01T13:34:52+08:00][sql] SHOW FULL COLUMNS FROM `teacher` [ RunTime:0.000995s ]
[2023-06-01T13:34:52+08:00][sql] SELECT `teacher_name`,`teacher_title`,`teacher_avatar` FROM `teacher` WHERE  `id` = 1 LIMIT 1 [ RunTime:0.000260s ]
[2023-06-01T13:34:52+08:00][sql] SELECT `teacher_name`,`teacher_title`,`teacher_avatar` FROM `teacher` WHERE  `id` = 2 LIMIT 1 [ RunTime:0.000298s ]
[2023-06-01T13:34:52+08:00][sql] SHOW FULL COLUMNS FROM `address` [ RunTime:0.001177s ]
[2023-06-01T13:34:52+08:00][sql] SELECT * FROM `address` WHERE  `id` = 1 LIMIT 1 [ RunTime:0.000369s ]
[2023-06-01T13:34:52+08:00][sql] SELECT * FROM `address` WHERE  `id` = 2 LIMIT 1 [ RunTime:0.000299s ]
[2023-06-01T13:35:18+08:00][sql] CONNECT:[ UseTime:0.000457s ] mysql:host=localhost;port=3316;dbname=coffee;charset=utf8
[2023-06-01T13:35:18+08:00][sql] SHOW FULL COLUMNS FROM `course` [ RunTime:0.001769s ]
[2023-06-01T13:35:18+08:00][sql] SELECT * FROM `course` WHERE  `id` = 5 LIMIT 1 [ RunTime:0.000827s ]
[2023-06-01T13:35:18+08:00][sql] SHOW FULL COLUMNS FROM `teacher` [ RunTime:0.001325s ]
[2023-06-01T13:35:18+08:00][sql] SELECT `teacher_name`,`teacher_title`,`teacher_avatar` FROM `teacher` WHERE  `id` = 1 LIMIT 1 [ RunTime:0.000249s ]
[2023-06-01T13:35:18+08:00][sql] SELECT `teacher_name`,`teacher_title`,`teacher_avatar` FROM `teacher` WHERE  `id` = 2 LIMIT 1 [ RunTime:0.000199s ]
[2023-06-01T13:35:18+08:00][sql] SHOW FULL COLUMNS FROM `address` [ RunTime:0.001010s ]
[2023-06-01T13:35:18+08:00][sql] SELECT * FROM `address` WHERE  `id` = 1 LIMIT 1 [ RunTime:0.000293s ]
[2023-06-01T13:35:18+08:00][sql] SELECT * FROM `address` WHERE  `id` = 2 LIMIT 1 [ RunTime:0.000225s ]
[2023-06-01T13:35:59+08:00][sql] CONNECT:[ UseTime:0.000440s ] mysql:host=localhost;port=3316;dbname=coffee;charset=utf8
[2023-06-01T13:35:59+08:00][sql] SHOW FULL COLUMNS FROM `course` [ RunTime:0.001679s ]
[2023-06-01T13:35:59+08:00][sql] SELECT * FROM `course` WHERE  `id` = 5 LIMIT 1 [ RunTime:0.000927s ]
[2023-06-01T13:35:59+08:00][sql] SHOW FULL COLUMNS FROM `teacher` [ RunTime:0.001114s ]
[2023-06-01T13:35:59+08:00][sql] SELECT `teacher_name`,`teacher_title`,`teacher_avatar` FROM `teacher` WHERE  `id` = 1 LIMIT 1 [ RunTime:0.000267s ]
[2023-06-01T13:35:59+08:00][sql] SELECT `teacher_name`,`teacher_title`,`teacher_avatar` FROM `teacher` WHERE  `id` = 2 LIMIT 1 [ RunTime:0.000273s ]
[2023-06-01T13:35:59+08:00][sql] SHOW FULL COLUMNS FROM `address` [ RunTime:0.001194s ]
[2023-06-01T13:35:59+08:00][sql] SELECT * FROM `address` WHERE  `id` = 1 LIMIT 1 [ RunTime:0.000249s ]
[2023-06-01T13:35:59+08:00][sql] SELECT * FROM `address` WHERE  `id` = 2 LIMIT 1 [ RunTime:0.000246s ]
[2023-06-01T13:36:00+08:00][sql] CONNECT:[ UseTime:0.000454s ] mysql:host=localhost;port=3316;dbname=coffee;charset=utf8
[2023-06-01T13:36:00+08:00][sql] SHOW FULL COLUMNS FROM `course` [ RunTime:0.001664s ]
[2023-06-01T13:36:00+08:00][sql] SELECT `id`,`title`,`price`,`days`,`time` FROM `course` WHERE  `is_time` = 1 ORDER BY `sorting` ASC [ RunTime:0.000778s ]
[2023-06-01T13:36:00+08:00][sql] SELECT `id`,`title` FROM `course` WHERE  `status` = 1 [ RunTime:0.000208s ]
[2023-06-01T13:36:00+08:00][sql] SELECT `id`,`title` FROM `course` WHERE  `status` = 2 [ RunTime:0.000190s ]
[2023-06-01T13:36:00+08:00][sql] SHOW FULL COLUMNS FROM `address` [ RunTime:0.001021s ]
[2023-06-01T13:36:00+08:00][sql] SELECT * FROM `address` WHERE  `id` = 1 LIMIT 1 [ RunTime:0.000250s ]
[2023-06-01T13:36:00+08:00][sql] SELECT * FROM `address` WHERE  `id` = 2 LIMIT 1 [ RunTime:0.000205s ]
[2023-06-01T13:36:03+08:00][sql] CONNECT:[ UseTime:0.000421s ] mysql:host=localhost;port=3316;dbname=coffee;charset=utf8
[2023-06-01T13:36:03+08:00][sql] SHOW FULL COLUMNS FROM `course` [ RunTime:0.001890s ]
[2023-06-01T13:36:03+08:00][sql] SELECT * FROM `course` WHERE  `id` = 6 LIMIT 1 [ RunTime:0.000330s ]
[2023-06-01T13:36:03+08:00][sql] SHOW FULL COLUMNS FROM `teacher` [ RunTime:0.001084s ]
[2023-06-01T13:36:03+08:00][sql] SELECT `teacher_name`,`teacher_title`,`teacher_avatar` FROM `teacher` WHERE  `id` = 1 LIMIT 1 [ RunTime:0.000262s ]
[2023-06-01T13:36:03+08:00][sql] SHOW FULL COLUMNS FROM `address` [ RunTime:0.000910s ]
[2023-06-01T13:36:03+08:00][sql] SELECT * FROM `address` WHERE  `id` = 1 LIMIT 1 [ RunTime:0.000299s ]
[2023-06-01T13:36:03+08:00][sql] SELECT * FROM `address` WHERE  `id` = 2 LIMIT 1 [ RunTime:0.000278s ]
[2023-06-01T13:36:08+08:00][sql] CONNECT:[ UseTime:0.000469s ] mysql:host=localhost;port=3316;dbname=coffee;charset=utf8
[2023-06-01T13:36:08+08:00][sql] SHOW FULL COLUMNS FROM `course` [ RunTime:0.001914s ]
[2023-06-01T13:36:08+08:00][sql] SELECT * FROM `course` WHERE  `id` = 1 LIMIT 1 [ RunTime:0.000441s ]
[2023-06-01T13:36:08+08:00][sql] SHOW FULL COLUMNS FROM `teacher` [ RunTime:0.001142s ]
[2023-06-01T13:36:08+08:00][sql] SELECT `teacher_name`,`teacher_title`,`teacher_avatar` FROM `teacher` WHERE  `id` = 1 LIMIT 1 [ RunTime:0.000265s ]
[2023-06-01T13:36:08+08:00][sql] SELECT `teacher_name`,`teacher_title`,`teacher_avatar` FROM `teacher` WHERE  `id` = 2 LIMIT 1 [ RunTime:0.000202s ]
[2023-06-01T13:36:08+08:00][sql] SHOW FULL COLUMNS FROM `address` [ RunTime:0.000908s ]
[2023-06-01T13:36:08+08:00][sql] SELECT * FROM `address` WHERE  `id` = 1 LIMIT 1 [ RunTime:0.000245s ]
[2023-06-01T13:36:08+08:00][sql] SELECT * FROM `address` WHERE  `id` = 2 LIMIT 1 [ RunTime:0.000234s ]
[2023-06-01T13:37:20+08:00][sql] CONNECT:[ UseTime:0.000533s ] mysql:host=localhost;port=3316;dbname=coffee;charset=utf8
[2023-06-01T13:37:20+08:00][sql] SHOW FULL COLUMNS FROM `course` [ RunTime:0.001947s ]
[2023-06-01T13:37:20+08:00][sql] SELECT `id`,`title`,`price`,`days`,`time` FROM `course` WHERE  `is_time` = 1 ORDER BY `sorting` ASC [ RunTime:0.000306s ]
[2023-06-01T13:37:20+08:00][sql] SELECT `id`,`title` FROM `course` WHERE  `status` = 1 [ RunTime:0.000215s ]
[2023-06-01T13:37:20+08:00][sql] SELECT `id`,`title` FROM `course` WHERE  `status` = 2 [ RunTime:0.000178s ]
[2023-06-01T13:37:20+08:00][sql] SHOW FULL COLUMNS FROM `address` [ RunTime:0.000968s ]
[2023-06-01T13:37:20+08:00][sql] SELECT * FROM `address` WHERE  `id` = 1 LIMIT 1 [ RunTime:0.000304s ]
[2023-06-01T13:37:20+08:00][sql] SELECT * FROM `address` WHERE  `id` = 2 LIMIT 1 [ RunTime:0.000220s ]
[2023-06-01T13:38:19+08:00][sql] CONNECT:[ UseTime:0.000456s ] mysql:host=localhost;port=3316;dbname=coffee;charset=utf8
[2023-06-01T13:38:19+08:00][sql] SHOW FULL COLUMNS FROM `course` [ RunTime:0.001521s ]
[2023-06-01T13:38:19+08:00][sql] SELECT * FROM `course` WHERE  `id` = 7 LIMIT 1 [ RunTime:0.000742s ]
[2023-06-01T13:38:19+08:00][sql] SHOW FULL COLUMNS FROM `teacher` [ RunTime:0.000939s ]
[2023-06-01T13:38:19+08:00][sql] SELECT `teacher_name`,`teacher_title`,`teacher_avatar` FROM `teacher` WHERE  `id` = 1 LIMIT 1 [ RunTime:0.000257s ]
[2023-06-01T13:38:19+08:00][sql] SHOW FULL COLUMNS FROM `address` [ RunTime:0.001611s ]
[2023-06-01T13:38:19+08:00][sql] SELECT * FROM `address` WHERE  `id` = 1 LIMIT 1 [ RunTime:0.000282s ]
[2023-06-01T13:38:19+08:00][sql] SELECT * FROM `address` WHERE  `id` = 2 LIMIT 1 [ RunTime:0.000251s ]
[2023-06-01T13:39:43+08:00][sql] CONNECT:[ UseTime:0.000431s ] mysql:host=localhost;port=3316;dbname=coffee;charset=utf8
[2023-06-01T13:39:43+08:00][sql] SHOW FULL COLUMNS FROM `course` [ RunTime:0.001616s ]
[2023-06-01T13:39:43+08:00][sql] SELECT * FROM `course` WHERE  `id` = 4 LIMIT 1 [ RunTime:0.000313s ]
[2023-06-01T13:39:43+08:00][sql] SHOW FULL COLUMNS FROM `teacher` [ RunTime:0.000985s ]
[2023-06-01T13:39:43+08:00][sql] SELECT `teacher_name`,`teacher_title`,`teacher_avatar` FROM `teacher` WHERE  `id` = 2 LIMIT 1 [ RunTime:0.000241s ]
[2023-06-01T13:39:43+08:00][sql] SHOW FULL COLUMNS FROM `address` [ RunTime:0.000951s ]
[2023-06-01T13:39:43+08:00][sql] SELECT * FROM `address` WHERE  `id` = 1 LIMIT 1 [ RunTime:0.000250s ]
[2023-06-01T13:39:43+08:00][sql] SELECT * FROM `address` WHERE  `id` = 2 LIMIT 1 [ RunTime:0.000217s ]
[2023-06-01T14:26:36+08:00][sql] CONNECT:[ UseTime:0.000461s ] mysql:host=localhost;port=3316;dbname=coffee;charset=utf8
[2023-06-01T14:26:36+08:00][sql] SHOW FULL COLUMNS FROM `course` [ RunTime:0.001570s ]
[2023-06-01T14:26:36+08:00][sql] SELECT * FROM `course` WHERE  `id` = 4 LIMIT 1 [ RunTime:0.000795s ]
[2023-06-01T14:26:36+08:00][sql] SHOW FULL COLUMNS FROM `teacher` [ RunTime:0.001034s ]
[2023-06-01T14:26:36+08:00][sql] SELECT `teacher_name`,`teacher_title`,`teacher_avatar` FROM `teacher` WHERE  `id` = 2 LIMIT 1 [ RunTime:0.000274s ]
[2023-06-01T14:26:36+08:00][sql] SHOW FULL COLUMNS FROM `address` [ RunTime:0.000972s ]
[2023-06-01T14:26:36+08:00][sql] SELECT * FROM `address` WHERE  `id` = 1 LIMIT 1 [ RunTime:0.000270s ]
[2023-06-01T14:26:36+08:00][sql] SELECT * FROM `address` WHERE  `id` = 2 LIMIT 1 [ RunTime:0.000219s ]
[2023-06-01T15:58:02+08:00][sql] CONNECT:[ UseTime:0.000414s ] mysql:host=localhost;port=3316;dbname=coffee;charset=utf8
[2023-06-01T15:58:02+08:00][sql] SHOW FULL COLUMNS FROM `course` [ RunTime:0.001503s ]
[2023-06-01T15:58:02+08:00][sql] SELECT * FROM `course` WHERE  `id` = 5 LIMIT 1 [ RunTime:0.000337s ]
[2023-06-01T15:58:02+08:00][sql] SHOW FULL COLUMNS FROM `teacher` [ RunTime:0.000942s ]
[2023-06-01T15:58:02+08:00][sql] SELECT `teacher_name`,`teacher_title`,`teacher_avatar` FROM `teacher` WHERE  `id` = 1 LIMIT 1 [ RunTime:0.000240s ]
[2023-06-01T15:58:02+08:00][sql] SELECT `teacher_name`,`teacher_title`,`teacher_avatar` FROM `teacher` WHERE  `id` = 2 LIMIT 1 [ RunTime:0.000199s ]
[2023-06-01T15:58:02+08:00][sql] SHOW FULL COLUMNS FROM `address` [ RunTime:0.000889s ]
[2023-06-01T15:58:02+08:00][sql] SELECT * FROM `address` WHERE  `id` = 1 LIMIT 1 [ RunTime:0.000247s ]
[2023-06-01T15:58:02+08:00][sql] SELECT * FROM `address` WHERE  `id` = 2 LIMIT 1 [ RunTime:0.000205s ]
[2023-06-01T17:22:49+08:00][sql] CONNECT:[ UseTime:0.000438s ] mysql:host=localhost;port=3316;dbname=coffee;charset=utf8
[2023-06-01T17:22:49+08:00][sql] SHOW FULL COLUMNS FROM `course` [ RunTime:0.001545s ]
[2023-06-01T17:22:49+08:00][sql] SELECT `id`,`title`,`price`,`days`,`time` FROM `course` WHERE  `is_time` = 1 ORDER BY `sorting` ASC [ RunTime:0.000297s ]
[2023-06-01T17:22:49+08:00][sql] SELECT `id`,`title` FROM `course` WHERE  `status` = 1 [ RunTime:0.000246s ]
[2023-06-01T17:22:49+08:00][sql] SELECT `id`,`title` FROM `course` WHERE  `status` = 2 [ RunTime:0.000190s ]
[2023-06-01T17:22:49+08:00][sql] SHOW FULL COLUMNS FROM `address` [ RunTime:0.000942s ]
[2023-06-01T17:22:49+08:00][sql] SELECT * FROM `address` WHERE  `id` = 1 LIMIT 1 [ RunTime:0.000244s ]
[2023-06-01T17:22:49+08:00][sql] SELECT * FROM `address` WHERE  `id` = 2 LIMIT 1 [ RunTime:0.000194s ]
[2023-06-01T19:07:11+08:00][sql] CONNECT:[ UseTime:0.000525s ] mysql:host=localhost;port=3316;dbname=coffee;charset=utf8
[2023-06-01T19:07:11+08:00][sql] SHOW FULL COLUMNS FROM `course` [ RunTime:0.001543s ]
[2023-06-01T19:07:11+08:00][sql] SELECT * FROM `course` WHERE  `id` = 1 LIMIT 1 [ RunTime:0.000324s ]
[2023-06-01T19:07:11+08:00][sql] SHOW FULL COLUMNS FROM `teacher` [ RunTime:0.001017s ]
[2023-06-01T19:07:11+08:00][sql] SELECT `teacher_name`,`teacher_title`,`teacher_avatar` FROM `teacher` WHERE  `id` = 1 LIMIT 1 [ RunTime:0.000262s ]
[2023-06-01T19:07:11+08:00][sql] SELECT `teacher_name`,`teacher_title`,`teacher_avatar` FROM `teacher` WHERE  `id` = 2 LIMIT 1 [ RunTime:0.000223s ]
[2023-06-01T19:07:11+08:00][sql] SHOW FULL COLUMNS FROM `address` [ RunTime:0.001007s ]
[2023-06-01T19:07:11+08:00][sql] SELECT * FROM `address` WHERE  `id` = 1 LIMIT 1 [ RunTime:0.000234s ]
[2023-06-01T19:07:11+08:00][sql] SELECT * FROM `address` WHERE  `id` = 2 LIMIT 1 [ RunTime:0.000199s ]
[2023-06-01T21:39:04+08:00][sql] CONNECT:[ UseTime:0.000513s ] mysql:host=localhost;port=3316;dbname=coffee;charset=utf8
[2023-06-01T21:39:04+08:00][sql] SHOW FULL COLUMNS FROM `course` [ RunTime:0.001556s ]
[2023-06-01T21:39:04+08:00][sql] SELECT * FROM `course` WHERE  `id` = 1 LIMIT 1 [ RunTime:0.000358s ]
[2023-06-01T21:39:04+08:00][sql] SHOW FULL COLUMNS FROM `teacher` [ RunTime:0.000946s ]
[2023-06-01T21:39:04+08:00][sql] SELECT `teacher_name`,`teacher_title`,`teacher_avatar` FROM `teacher` WHERE  `id` = 1 LIMIT 1 [ RunTime:0.000284s ]
[2023-06-01T21:39:04+08:00][sql] SELECT `teacher_name`,`teacher_title`,`teacher_avatar` FROM `teacher` WHERE  `id` = 2 LIMIT 1 [ RunTime:0.000230s ]
[2023-06-01T21:39:04+08:00][sql] SHOW FULL COLUMNS FROM `address` [ RunTime:0.000923s ]
[2023-06-01T21:39:04+08:00][sql] SELECT * FROM `address` WHERE  `id` = 1 LIMIT 1 [ RunTime:0.000284s ]
[2023-06-01T21:39:04+08:00][sql] SELECT * FROM `address` WHERE  `id` = 2 LIMIT 1 [ RunTime:0.000334s ]
[2023-06-01T21:39:05+08:00][sql] CONNECT:[ UseTime:0.000335s ] mysql:host=localhost;port=3316;dbname=coffee;charset=utf8
[2023-06-01T21:39:05+08:00][sql] SHOW FULL COLUMNS FROM `course` [ RunTime:0.001291s ]
[2023-06-01T21:39:05+08:00][sql] SELECT * FROM `course` WHERE  `id` = 5 LIMIT 1 [ RunTime:0.000307s ]
[2023-06-01T21:39:05+08:00][sql] SHOW FULL COLUMNS FROM `teacher` [ RunTime:0.000935s ]
[2023-06-01T21:39:05+08:00][sql] SELECT `teacher_name`,`teacher_title`,`teacher_avatar` FROM `teacher` WHERE  `id` = 1 LIMIT 1 [ RunTime:0.000269s ]
[2023-06-01T21:39:05+08:00][sql] SELECT `teacher_name`,`teacher_title`,`teacher_avatar` FROM `teacher` WHERE  `id` = 2 LIMIT 1 [ RunTime:0.000248s ]
[2023-06-01T21:39:05+08:00][sql] SHOW FULL COLUMNS FROM `address` [ RunTime:0.001220s ]
[2023-06-01T21:39:05+08:00][sql] SELECT * FROM `address` WHERE  `id` = 1 LIMIT 1 [ RunTime:0.000314s ]
[2023-06-01T21:39:05+08:00][sql] SELECT * FROM `address` WHERE  `id` = 2 LIMIT 1 [ RunTime:0.000281s ]
[2023-06-01T21:39:05+08:00][sql] CONNECT:[ UseTime:0.000456s ] mysql:host=localhost;port=3316;dbname=coffee;charset=utf8
[2023-06-01T21:39:05+08:00][sql] SHOW FULL COLUMNS FROM `course` [ RunTime:0.002304s ]
[2023-06-01T21:39:05+08:00][sql] SELECT * FROM `course` WHERE  `id` = 7 LIMIT 1 [ RunTime:0.000437s ]
[2023-06-01T21:39:05+08:00][sql] SHOW FULL COLUMNS FROM `teacher` [ RunTime:0.001457s ]
[2023-06-01T21:39:05+08:00][sql] SELECT `teacher_name`,`teacher_title`,`teacher_avatar` FROM `teacher` WHERE  `id` = 1 LIMIT 1 [ RunTime:0.000349s ]
[2023-06-01T21:39:05+08:00][sql] SHOW FULL COLUMNS FROM `address` [ RunTime:0.001100s ]
[2023-06-01T21:39:05+08:00][sql] SELECT * FROM `address` WHERE  `id` = 1 LIMIT 1 [ RunTime:0.000288s ]
[2023-06-01T21:39:05+08:00][sql] SELECT * FROM `address` WHERE  `id` = 2 LIMIT 1 [ RunTime:0.000297s ]
[2023-06-01T21:39:05+08:00][sql] CONNECT:[ UseTime:0.000508s ] mysql:host=localhost;port=3316;dbname=coffee;charset=utf8
[2023-06-01T21:39:05+08:00][sql] SHOW FULL COLUMNS FROM `course` [ RunTime:0.002005s ]
[2023-06-01T21:39:05+08:00][sql] SELECT * FROM `course` WHERE  `id` = 2 LIMIT 1 [ RunTime:0.000451s ]
[2023-06-01T21:39:05+08:00][sql] SHOW FULL COLUMNS FROM `teacher` [ RunTime:0.001027s ]
[2023-06-01T21:39:05+08:00][sql] SELECT `teacher_name`,`teacher_title`,`teacher_avatar` FROM `teacher` WHERE  `id` = 3 LIMIT 1 [ RunTime:0.000257s ]
[2023-06-01T21:39:05+08:00][sql] SHOW FULL COLUMNS FROM `address` [ RunTime:0.001038s ]
[2023-06-01T21:39:05+08:00][sql] SELECT * FROM `address` WHERE  `id` = 1 LIMIT 1 [ RunTime:0.000312s ]
[2023-06-01T21:39:05+08:00][sql] SELECT * FROM `address` WHERE  `id` = 2 LIMIT 1 [ RunTime:0.000291s ]
[2023-06-01T21:39:05+08:00][sql] CONNECT:[ UseTime:0.002096s ] mysql:host=localhost;port=3316;dbname=coffee;charset=utf8
[2023-06-01T21:39:05+08:00][sql] SHOW FULL COLUMNS FROM `course` [ RunTime:0.001874s ]
[2023-06-01T21:39:05+08:00][sql] SELECT * FROM `course` WHERE  `id` = 6 LIMIT 1 [ RunTime:0.000771s ]
[2023-06-01T21:39:05+08:00][sql] SHOW FULL COLUMNS FROM `teacher` [ RunTime:0.001340s ]
[2023-06-01T21:39:05+08:00][sql] SELECT `teacher_name`,`teacher_title`,`teacher_avatar` FROM `teacher` WHERE  `id` = 1 LIMIT 1 [ RunTime:0.000289s ]
[2023-06-01T21:39:05+08:00][sql] SHOW FULL COLUMNS FROM `address` [ RunTime:0.001363s ]
[2023-06-01T21:39:05+08:00][sql] SELECT * FROM `address` WHERE  `id` = 1 LIMIT 1 [ RunTime:0.000344s ]
[2023-06-01T21:39:05+08:00][sql] SELECT * FROM `address` WHERE  `id` = 2 LIMIT 1 [ RunTime:0.000268s ]
[2023-06-01T21:39:06+08:00][sql] CONNECT:[ UseTime:0.001152s ] mysql:host=localhost;port=3316;dbname=coffee;charset=utf8
[2023-06-01T21:39:06+08:00][sql] SHOW FULL COLUMNS FROM `course` [ RunTime:0.001531s ]
[2023-06-01T21:39:06+08:00][sql] SELECT * FROM `course` WHERE  `id` = 4 LIMIT 1 [ RunTime:0.000337s ]
[2023-06-01T21:39:06+08:00][sql] SHOW FULL COLUMNS FROM `teacher` [ RunTime:0.000960s ]
[2023-06-01T21:39:06+08:00][sql] SELECT `teacher_name`,`teacher_title`,`teacher_avatar` FROM `teacher` WHERE  `id` = 2 LIMIT 1 [ RunTime:0.000244s ]
[2023-06-01T21:39:06+08:00][sql] SHOW FULL COLUMNS FROM `address` [ RunTime:0.000952s ]
[2023-06-01T21:39:06+08:00][sql] SELECT * FROM `address` WHERE  `id` = 1 LIMIT 1 [ RunTime:0.000245s ]
[2023-06-01T21:39:06+08:00][sql] SELECT * FROM `address` WHERE  `id` = 2 LIMIT 1 [ RunTime:0.000222s ]
[2023-06-01T21:39:06+08:00][sql] CONNECT:[ UseTime:0.000421s ] mysql:host=localhost;port=3316;dbname=coffee;charset=utf8
[2023-06-01T21:39:06+08:00][sql] SHOW FULL COLUMNS FROM `course` [ RunTime:0.001507s ]
[2023-06-01T21:39:06+08:00][sql] SELECT `id`,`title`,`price`,`days`,`time` FROM `course` WHERE  `is_time` = 1 ORDER BY `sorting` ASC [ RunTime:0.000290s ]
[2023-06-01T21:39:06+08:00][sql] SELECT `id`,`title` FROM `course` WHERE  `status` = 1 [ RunTime:0.000238s ]
[2023-06-01T21:39:06+08:00][sql] SELECT `id`,`title` FROM `course` WHERE  `status` = 2 [ RunTime:0.000186s ]
[2023-06-01T21:39:06+08:00][sql] SHOW FULL COLUMNS FROM `address` [ RunTime:0.000888s ]
[2023-06-01T21:39:06+08:00][sql] SELECT * FROM `address` WHERE  `id` = 1 LIMIT 1 [ RunTime:0.000242s ]
[2023-06-01T21:39:06+08:00][sql] SELECT * FROM `address` WHERE  `id` = 2 LIMIT 1 [ RunTime:0.000201s ]
[2023-06-01T21:44:01+08:00][sql] CONNECT:[ UseTime:0.000441s ] mysql:host=localhost;port=3316;dbname=coffee;charset=utf8
[2023-06-01T21:44:01+08:00][sql] SHOW FULL COLUMNS FROM `course` [ RunTime:0.001550s ]
[2023-06-01T21:44:01+08:00][sql] SELECT * FROM `course` WHERE  `id` = 7 LIMIT 1 [ RunTime:0.000323s ]
[2023-06-01T21:44:01+08:00][sql] SHOW FULL COLUMNS FROM `teacher` [ RunTime:0.000907s ]
[2023-06-01T21:44:01+08:00][sql] SELECT `teacher_name`,`teacher_title`,`teacher_avatar` FROM `teacher` WHERE  `id` = 1 LIMIT 1 [ RunTime:0.000257s ]
[2023-06-01T21:44:01+08:00][sql] SHOW FULL COLUMNS FROM `address` [ RunTime:0.000944s ]
[2023-06-01T21:44:01+08:00][sql] SELECT * FROM `address` WHERE  `id` = 1 LIMIT 1 [ RunTime:0.000229s ]
[2023-06-01T21:44:01+08:00][sql] SELECT * FROM `address` WHERE  `id` = 2 LIMIT 1 [ RunTime:0.000192s ]
