[2023-06-04T00:00:01+08:00][sql] CONNECT:[ UseTime:0.000675s ] mysql:host=localhost;port=3316;dbname=coffee;charset=utf8
[2023-06-04T00:00:01+08:00][sql] SHOW FULL COLUMNS FROM `course` [ RunTime:0.002366s ]
[2023-06-04T00:00:01+08:00][sql] SELECT * FROM `course` WHERE  `id` = 6 LIMIT 1 [ RunTime:0.001168s ]
[2023-06-04T00:00:01+08:00][sql] SHOW FULL COLUMNS FROM `teacher` [ RunTime:0.001778s ]
[2023-06-04T00:00:01+08:00][sql] SELECT `teacher_name`,`teacher_title`,`teacher_avatar` FROM `teacher` WHERE  `id` = 1 LIMIT 1 [ RunTime:0.000468s ]
[2023-06-04T00:00:01+08:00][sql] SHOW FULL COLUMNS FROM `address` [ RunTime:0.001506s ]
[2023-06-04T00:00:01+08:00][sql] SELECT * FROM `address` WHERE  `id` = 1 LIMIT 1 [ RunTime:0.000363s ]
[2023-06-04T00:00:01+08:00][sql] SELECT * FROM `address` WHERE  `id` = 2 LIMIT 1 [ RunTime:0.000306s ]
[2023-06-04T05:04:07+08:00][sql] CONNECT:[ UseTime:0.000486s ] mysql:host=localhost;port=3316;dbname=coffee;charset=utf8
[2023-06-04T05:04:07+08:00][sql] SHOW FULL COLUMNS FROM `course` [ RunTime:0.002098s ]
[2023-06-04T05:04:07+08:00][sql] SELECT * FROM `course` WHERE  `id` = 1 LIMIT 1 [ RunTime:0.000436s ]
[2023-06-04T05:04:07+08:00][sql] SHOW FULL COLUMNS FROM `teacher` [ RunTime:0.001377s ]
[2023-06-04T05:04:07+08:00][sql] SELECT `teacher_name`,`teacher_title`,`teacher_avatar` FROM `teacher` WHERE  `id` = 1 LIMIT 1 [ RunTime:0.000336s ]
[2023-06-04T05:04:07+08:00][sql] SELECT `teacher_name`,`teacher_title`,`teacher_avatar` FROM `teacher` WHERE  `id` = 2 LIMIT 1 [ RunTime:0.000229s ]
[2023-06-04T05:04:07+08:00][sql] SHOW FULL COLUMNS FROM `address` [ RunTime:0.000928s ]
[2023-06-04T05:04:07+08:00][sql] SELECT * FROM `address` WHERE  `id` = 1 LIMIT 1 [ RunTime:0.000293s ]
[2023-06-04T05:04:07+08:00][sql] SELECT * FROM `address` WHERE  `id` = 2 LIMIT 1 [ RunTime:0.000229s ]
[2023-06-04T06:22:15+08:00][sql] CONNECT:[ UseTime:0.003518s ] mysql:host=localhost;port=3316;dbname=coffee;charset=utf8
[2023-06-04T06:22:15+08:00][sql] SHOW FULL COLUMNS FROM `course` [ RunTime:0.001574s ]
[2023-06-04T06:22:15+08:00][sql] SELECT * FROM `course` WHERE  `id` = 6 LIMIT 1 [ RunTime:0.000374s ]
[2023-06-04T06:22:15+08:00][sql] SHOW FULL COLUMNS FROM `teacher` [ RunTime:0.001945s ]
[2023-06-04T06:22:15+08:00][sql] SELECT `teacher_name`,`teacher_title`,`teacher_avatar` FROM `teacher` WHERE  `id` = 1 LIMIT 1 [ RunTime:0.000234s ]
[2023-06-04T06:22:15+08:00][sql] SHOW FULL COLUMNS FROM `address` [ RunTime:0.000940s ]
[2023-06-04T06:22:15+08:00][sql] SELECT * FROM `address` WHERE  `id` = 1 LIMIT 1 [ RunTime:0.000240s ]
[2023-06-04T06:22:15+08:00][sql] SELECT * FROM `address` WHERE  `id` = 2 LIMIT 1 [ RunTime:0.000219s ]
[2023-06-04T06:22:15+08:00][sql] CONNECT:[ UseTime:0.005066s ] mysql:host=localhost;port=3316;dbname=coffee;charset=utf8
[2023-06-04T06:22:15+08:00][sql] SHOW FULL COLUMNS FROM `course` [ RunTime:0.006662s ]
[2023-06-04T06:22:15+08:00][sql] SELECT * FROM `course` WHERE  `id` = 7 LIMIT 1 [ RunTime:0.001059s ]
[2023-06-04T06:22:15+08:00][sql] SHOW FULL COLUMNS FROM `teacher` [ RunTime:0.001730s ]
[2023-06-04T06:22:15+08:00][sql] SELECT `teacher_name`,`teacher_title`,`teacher_avatar` FROM `teacher` WHERE  `id` = 1 LIMIT 1 [ RunTime:0.000828s ]
[2023-06-04T06:22:15+08:00][sql] SHOW FULL COLUMNS FROM `address` [ RunTime:0.001470s ]
[2023-06-04T06:22:15+08:00][sql] SELECT * FROM `address` WHERE  `id` = 1 LIMIT 1 [ RunTime:0.001923s ]
[2023-06-04T06:22:15+08:00][sql] SELECT * FROM `address` WHERE  `id` = 2 LIMIT 1 [ RunTime:0.001017s ]
[2023-06-04T06:22:15+08:00][sql] CONNECT:[ UseTime:0.004530s ] mysql:host=localhost;port=3316;dbname=coffee;charset=utf8
[2023-06-04T06:22:15+08:00][sql] SHOW FULL COLUMNS FROM `course` [ RunTime:0.002351s ]
[2023-06-04T06:22:15+08:00][sql] SELECT `id`,`title`,`price`,`days`,`time` FROM `course` WHERE  `is_time` = 1 ORDER BY `sorting` ASC [ RunTime:0.001559s ]
[2023-06-04T06:22:15+08:00][sql] SELECT `id`,`title` FROM `course` WHERE  `status` = 1 [ RunTime:0.001650s ]
[2023-06-04T06:22:15+08:00][sql] SELECT `id`,`title` FROM `course` WHERE  `status` = 2 [ RunTime:0.002111s ]
[2023-06-04T06:22:15+08:00][sql] SHOW FULL COLUMNS FROM `address` [ RunTime:0.001108s ]
[2023-06-04T06:22:15+08:00][sql] SELECT * FROM `address` WHERE  `id` = 1 LIMIT 1 [ RunTime:0.000670s ]
[2023-06-04T06:22:15+08:00][sql] SELECT * FROM `address` WHERE  `id` = 2 LIMIT 1 [ RunTime:0.000764s ]
[2023-06-04T06:22:15+08:00][sql] CONNECT:[ UseTime:0.003934s ] mysql:host=localhost;port=3316;dbname=coffee;charset=utf8
[2023-06-04T06:22:15+08:00][sql] SHOW FULL COLUMNS FROM `course` [ RunTime:0.001751s ]
[2023-06-04T06:22:15+08:00][sql] SELECT * FROM `course` WHERE  `id` = 4 LIMIT 1 [ RunTime:0.000470s ]
[2023-06-04T06:22:15+08:00][sql] SHOW FULL COLUMNS FROM `teacher` [ RunTime:0.000864s ]
[2023-06-04T06:22:15+08:00][sql] SELECT `teacher_name`,`teacher_title`,`teacher_avatar` FROM `teacher` WHERE  `id` = 2 LIMIT 1 [ RunTime:0.000301s ]
[2023-06-04T06:22:15+08:00][sql] SHOW FULL COLUMNS FROM `address` [ RunTime:0.000878s ]
[2023-06-04T06:22:15+08:00][sql] SELECT * FROM `address` WHERE  `id` = 1 LIMIT 1 [ RunTime:0.000241s ]
[2023-06-04T06:22:15+08:00][sql] SELECT * FROM `address` WHERE  `id` = 2 LIMIT 1 [ RunTime:0.000192s ]
[2023-06-04T06:22:15+08:00][sql] CONNECT:[ UseTime:0.001207s ] mysql:host=localhost;port=3316;dbname=coffee;charset=utf8
[2023-06-04T06:22:15+08:00][sql] SHOW FULL COLUMNS FROM `course` [ RunTime:0.001133s ]
[2023-06-04T06:22:15+08:00][sql] SELECT * FROM `course` WHERE  `id` = 1 LIMIT 1 [ RunTime:0.000325s ]
[2023-06-04T06:22:15+08:00][sql] SHOW FULL COLUMNS FROM `teacher` [ RunTime:0.000864s ]
[2023-06-04T06:22:15+08:00][sql] SELECT `teacher_name`,`teacher_title`,`teacher_avatar` FROM `teacher` WHERE  `id` = 1 LIMIT 1 [ RunTime:0.000275s ]
[2023-06-04T06:22:15+08:00][sql] SELECT `teacher_name`,`teacher_title`,`teacher_avatar` FROM `teacher` WHERE  `id` = 2 LIMIT 1 [ RunTime:0.000192s ]
[2023-06-04T06:22:15+08:00][sql] SHOW FULL COLUMNS FROM `address` [ RunTime:0.003728s ]
[2023-06-04T06:22:15+08:00][sql] SELECT * FROM `address` WHERE  `id` = 1 LIMIT 1 [ RunTime:0.000999s ]
[2023-06-04T06:22:15+08:00][sql] SELECT * FROM `address` WHERE  `id` = 2 LIMIT 1 [ RunTime:0.000220s ]
[2023-06-04T06:22:16+08:00][sql] CONNECT:[ UseTime:0.000418s ] mysql:host=localhost;port=3316;dbname=coffee;charset=utf8
[2023-06-04T06:22:16+08:00][sql] SHOW FULL COLUMNS FROM `course` [ RunTime:0.001706s ]
[2023-06-04T06:22:16+08:00][sql] SELECT * FROM `course` WHERE  `id` = 2 LIMIT 1 [ RunTime:0.000415s ]
[2023-06-04T06:22:16+08:00][sql] SHOW FULL COLUMNS FROM `teacher` [ RunTime:0.001018s ]
[2023-06-04T06:22:16+08:00][sql] SELECT `teacher_name`,`teacher_title`,`teacher_avatar` FROM `teacher` WHERE  `id` = 3 LIMIT 1 [ RunTime:0.000241s ]
[2023-06-04T06:22:16+08:00][sql] SHOW FULL COLUMNS FROM `address` [ RunTime:0.000854s ]
[2023-06-04T06:22:16+08:00][sql] SELECT * FROM `address` WHERE  `id` = 1 LIMIT 1 [ RunTime:0.000225s ]
[2023-06-04T06:22:16+08:00][sql] SELECT * FROM `address` WHERE  `id` = 2 LIMIT 1 [ RunTime:0.000212s ]
[2023-06-04T06:22:18+08:00][sql] CONNECT:[ UseTime:0.000443s ] mysql:host=localhost;port=3316;dbname=coffee;charset=utf8
[2023-06-04T06:22:18+08:00][sql] SHOW FULL COLUMNS FROM `course` [ RunTime:0.002016s ]
[2023-06-04T06:22:18+08:00][sql] SELECT * FROM `course` WHERE  `id` = 5 LIMIT 1 [ RunTime:0.000340s ]
[2023-06-04T06:22:18+08:00][sql] SHOW FULL COLUMNS FROM `teacher` [ RunTime:0.001184s ]
[2023-06-04T06:22:18+08:00][sql] SELECT `teacher_name`,`teacher_title`,`teacher_avatar` FROM `teacher` WHERE  `id` = 1 LIMIT 1 [ RunTime:0.000257s ]
[2023-06-04T06:22:18+08:00][sql] SELECT `teacher_name`,`teacher_title`,`teacher_avatar` FROM `teacher` WHERE  `id` = 2 LIMIT 1 [ RunTime:0.000268s ]
[2023-06-04T06:22:18+08:00][sql] SHOW FULL COLUMNS FROM `address` [ RunTime:0.000949s ]
[2023-06-04T06:22:18+08:00][sql] SELECT * FROM `address` WHERE  `id` = 1 LIMIT 1 [ RunTime:0.000271s ]
[2023-06-04T06:22:18+08:00][sql] SELECT * FROM `address` WHERE  `id` = 2 LIMIT 1 [ RunTime:0.000275s ]
[2023-06-04T06:26:11+08:00][sql] CONNECT:[ UseTime:0.000524s ] mysql:host=localhost;port=3316;dbname=coffee;charset=utf8
[2023-06-04T06:26:11+08:00][sql] SHOW FULL COLUMNS FROM `course` [ RunTime:0.001983s ]
[2023-06-04T06:26:11+08:00][sql] SELECT `id`,`title`,`price`,`days`,`time` FROM `course` WHERE  `is_time` = 1 ORDER BY `sorting` ASC [ RunTime:0.000958s ]
[2023-06-04T06:26:11+08:00][sql] SELECT `id`,`title` FROM `course` WHERE  `status` = 1 [ RunTime:0.000261s ]
[2023-06-04T06:26:11+08:00][sql] SELECT `id`,`title` FROM `course` WHERE  `status` = 2 [ RunTime:0.000220s ]
[2023-06-04T06:26:11+08:00][sql] SHOW FULL COLUMNS FROM `address` [ RunTime:0.001034s ]
[2023-06-04T06:26:11+08:00][sql] SELECT * FROM `address` WHERE  `id` = 1 LIMIT 1 [ RunTime:0.000264s ]
[2023-06-04T06:26:11+08:00][sql] SELECT * FROM `address` WHERE  `id` = 2 LIMIT 1 [ RunTime:0.000366s ]
[2023-06-04T06:29:33+08:00][sql] CONNECT:[ UseTime:0.000449s ] mysql:host=localhost;port=3316;dbname=coffee;charset=utf8
[2023-06-04T06:29:33+08:00][sql] SHOW FULL COLUMNS FROM `course` [ RunTime:0.001572s ]
[2023-06-04T06:29:33+08:00][sql] SELECT * FROM `course` WHERE  `id` = 5 LIMIT 1 [ RunTime:0.000343s ]
[2023-06-04T06:29:33+08:00][sql] SHOW FULL COLUMNS FROM `teacher` [ RunTime:0.000937s ]
[2023-06-04T06:29:33+08:00][sql] SELECT `teacher_name`,`teacher_title`,`teacher_avatar` FROM `teacher` WHERE  `id` = 1 LIMIT 1 [ RunTime:0.000322s ]
[2023-06-04T06:29:33+08:00][sql] SELECT `teacher_name`,`teacher_title`,`teacher_avatar` FROM `teacher` WHERE  `id` = 2 LIMIT 1 [ RunTime:0.000240s ]
[2023-06-04T06:29:33+08:00][sql] SHOW FULL COLUMNS FROM `address` [ RunTime:0.000942s ]
[2023-06-04T06:29:33+08:00][sql] SELECT * FROM `address` WHERE  `id` = 1 LIMIT 1 [ RunTime:0.000288s ]
[2023-06-04T06:29:33+08:00][sql] SELECT * FROM `address` WHERE  `id` = 2 LIMIT 1 [ RunTime:0.000303s ]
[2023-06-04T06:30:56+08:00][sql] CONNECT:[ UseTime:0.000460s ] mysql:host=localhost;port=3316;dbname=coffee;charset=utf8
[2023-06-04T06:30:56+08:00][sql] SHOW FULL COLUMNS FROM `course` [ RunTime:0.001536s ]
[2023-06-04T06:30:56+08:00][sql] SELECT * FROM `course` WHERE  `id` = 4 LIMIT 1 [ RunTime:0.000406s ]
[2023-06-04T06:30:56+08:00][sql] SHOW FULL COLUMNS FROM `teacher` [ RunTime:0.001076s ]
[2023-06-04T06:30:56+08:00][sql] SELECT `teacher_name`,`teacher_title`,`teacher_avatar` FROM `teacher` WHERE  `id` = 2 LIMIT 1 [ RunTime:0.000220s ]
[2023-06-04T06:30:56+08:00][sql] SHOW FULL COLUMNS FROM `address` [ RunTime:0.001174s ]
[2023-06-04T06:30:56+08:00][sql] SELECT * FROM `address` WHERE  `id` = 1 LIMIT 1 [ RunTime:0.000245s ]
[2023-06-04T06:30:56+08:00][sql] SELECT * FROM `address` WHERE  `id` = 2 LIMIT 1 [ RunTime:0.000251s ]
[2023-06-04T09:52:47+08:00][sql] CONNECT:[ UseTime:0.000458s ] mysql:host=localhost;port=3316;dbname=coffee;charset=utf8
[2023-06-04T09:52:47+08:00][sql] SHOW FULL COLUMNS FROM `course` [ RunTime:0.001561s ]
[2023-06-04T09:52:47+08:00][sql] SELECT * FROM `course` WHERE  `id` = 4 LIMIT 1 [ RunTime:0.000750s ]
[2023-06-04T09:52:47+08:00][sql] SHOW FULL COLUMNS FROM `teacher` [ RunTime:0.000943s ]
[2023-06-04T09:52:47+08:00][sql] SELECT `teacher_name`,`teacher_title`,`teacher_avatar` FROM `teacher` WHERE  `id` = 2 LIMIT 1 [ RunTime:0.000210s ]
[2023-06-04T09:52:47+08:00][sql] SHOW FULL COLUMNS FROM `address` [ RunTime:0.000898s ]
[2023-06-04T09:52:47+08:00][sql] SELECT * FROM `address` WHERE  `id` = 1 LIMIT 1 [ RunTime:0.000229s ]
[2023-06-04T09:52:47+08:00][sql] SELECT * FROM `address` WHERE  `id` = 2 LIMIT 1 [ RunTime:0.000213s ]
[2023-06-04T10:00:12+08:00][sql] CONNECT:[ UseTime:0.000451s ] mysql:host=localhost;port=3316;dbname=coffee;charset=utf8
[2023-06-04T10:00:12+08:00][sql] SHOW FULL COLUMNS FROM `course` [ RunTime:0.001769s ]
[2023-06-04T10:00:12+08:00][sql] SELECT * FROM `course` WHERE  `id` = 4 LIMIT 1 [ RunTime:0.000439s ]
[2023-06-04T10:00:12+08:00][sql] SHOW FULL COLUMNS FROM `teacher` [ RunTime:0.001418s ]
[2023-06-04T10:00:12+08:00][sql] SELECT `teacher_name`,`teacher_title`,`teacher_avatar` FROM `teacher` WHERE  `id` = 2 LIMIT 1 [ RunTime:0.000281s ]
[2023-06-04T10:00:12+08:00][sql] SHOW FULL COLUMNS FROM `address` [ RunTime:0.001296s ]
[2023-06-04T10:00:12+08:00][sql] SELECT * FROM `address` WHERE  `id` = 1 LIMIT 1 [ RunTime:0.000312s ]
[2023-06-04T10:00:12+08:00][sql] SELECT * FROM `address` WHERE  `id` = 2 LIMIT 1 [ RunTime:0.000278s ]
[2023-06-04T21:43:38+08:00][sql] CONNECT:[ UseTime:0.000546s ] mysql:host=localhost;port=3316;dbname=coffee;charset=utf8
[2023-06-04T21:43:38+08:00][sql] SHOW FULL COLUMNS FROM `course` [ RunTime:0.001623s ]
[2023-06-04T21:43:38+08:00][sql] SELECT * FROM `course` WHERE  `id` = 5 LIMIT 1 [ RunTime:0.000425s ]
[2023-06-04T21:43:38+08:00][sql] SHOW FULL COLUMNS FROM `teacher` [ RunTime:0.001038s ]
[2023-06-04T21:43:38+08:00][sql] SELECT `teacher_name`,`teacher_title`,`teacher_avatar` FROM `teacher` WHERE  `id` = 1 LIMIT 1 [ RunTime:0.000373s ]
[2023-06-04T21:43:38+08:00][sql] SELECT `teacher_name`,`teacher_title`,`teacher_avatar` FROM `teacher` WHERE  `id` = 2 LIMIT 1 [ RunTime:0.000231s ]
[2023-06-04T21:43:38+08:00][sql] SHOW FULL COLUMNS FROM `address` [ RunTime:0.001027s ]
[2023-06-04T21:43:38+08:00][sql] SELECT * FROM `address` WHERE  `id` = 1 LIMIT 1 [ RunTime:0.000292s ]
[2023-06-04T21:43:38+08:00][sql] SELECT * FROM `address` WHERE  `id` = 2 LIMIT 1 [ RunTime:0.000346s ]
[2023-06-04T21:50:28+08:00][sql] CONNECT:[ UseTime:0.000435s ] mysql:host=localhost;port=3316;dbname=coffee;charset=utf8
[2023-06-04T21:50:28+08:00][sql] SHOW FULL COLUMNS FROM `course` [ RunTime:0.001496s ]
[2023-06-04T21:50:28+08:00][sql] SELECT * FROM `course` WHERE  `id` = 5 LIMIT 1 [ RunTime:0.000755s ]
[2023-06-04T21:50:28+08:00][sql] SHOW FULL COLUMNS FROM `teacher` [ RunTime:0.000902s ]
[2023-06-04T21:50:28+08:00][sql] SELECT `teacher_name`,`teacher_title`,`teacher_avatar` FROM `teacher` WHERE  `id` = 1 LIMIT 1 [ RunTime:0.000287s ]
[2023-06-04T21:50:28+08:00][sql] SELECT `teacher_name`,`teacher_title`,`teacher_avatar` FROM `teacher` WHERE  `id` = 2 LIMIT 1 [ RunTime:0.000286s ]
[2023-06-04T21:50:28+08:00][sql] SHOW FULL COLUMNS FROM `address` [ RunTime:0.000903s ]
[2023-06-04T21:50:28+08:00][sql] SELECT * FROM `address` WHERE  `id` = 1 LIMIT 1 [ RunTime:0.000285s ]
[2023-06-04T21:50:28+08:00][sql] SELECT * FROM `address` WHERE  `id` = 2 LIMIT 1 [ RunTime:0.000258s ]
