[2023-06-06T05:16:43+08:00][sql] CONNECT:[ UseTime:0.000416s ] mysql:host=localhost;port=3316;dbname=coffee;charset=utf8
[2023-06-06T05:16:43+08:00][sql] SHOW FULL COLUMNS FROM `course` [ RunTime:0.001541s ]
[2023-06-06T05:16:43+08:00][sql] SELECT * FROM `course` WHERE  `id` = 4 LIMIT 1 [ RunTime:0.000311s ]
[2023-06-06T05:16:43+08:00][sql] SHOW FULL COLUMNS FROM `teacher` [ RunTime:0.000929s ]
[2023-06-06T05:16:43+08:00][sql] SELECT `teacher_name`,`teacher_title`,`teacher_avatar` FROM `teacher` WHERE  `id` = 2 LIMIT 1 [ RunTime:0.000228s ]
[2023-06-06T05:16:43+08:00][sql] SHOW FULL COLUMNS FROM `address` [ RunTime:0.000940s ]
[2023-06-06T05:16:43+08:00][sql] SELECT * FROM `address` WHERE  `id` = 1 LIMIT 1 [ RunTime:0.000322s ]
[2023-06-06T05:16:43+08:00][sql] SELECT * FROM `address` WHERE  `id` = 2 LIMIT 1 [ RunTime:0.000239s ]
[2023-06-06T05:19:57+08:00][sql] CONNECT:[ UseTime:0.000478s ] mysql:host=localhost;port=3316;dbname=coffee;charset=utf8
[2023-06-06T05:19:57+08:00][sql] SHOW FULL COLUMNS FROM `course` [ RunTime:0.001449s ]
[2023-06-06T05:19:57+08:00][sql] SELECT * FROM `course` WHERE  `id` = 4 LIMIT 1 [ RunTime:0.000324s ]
[2023-06-06T05:19:57+08:00][sql] SHOW FULL COLUMNS FROM `teacher` [ RunTime:0.000964s ]
[2023-06-06T05:19:57+08:00][sql] SELECT `teacher_name`,`teacher_title`,`teacher_avatar` FROM `teacher` WHERE  `id` = 2 LIMIT 1 [ RunTime:0.000218s ]
[2023-06-06T05:19:57+08:00][sql] SHOW FULL COLUMNS FROM `address` [ RunTime:0.000880s ]
[2023-06-06T05:19:57+08:00][sql] SELECT * FROM `address` WHERE  `id` = 1 LIMIT 1 [ RunTime:0.000434s ]
[2023-06-06T05:19:57+08:00][sql] SELECT * FROM `address` WHERE  `id` = 2 LIMIT 1 [ RunTime:0.000224s ]
[2023-06-06T09:25:05+08:00][sql] CONNECT:[ UseTime:0.000411s ] mysql:host=localhost;port=3316;dbname=coffee;charset=utf8
[2023-06-06T09:25:05+08:00][sql] SHOW FULL COLUMNS FROM `course` [ RunTime:0.001507s ]
[2023-06-06T09:25:05+08:00][sql] SELECT * FROM `course` WHERE  `id` = 1 LIMIT 1 [ RunTime:0.000341s ]
[2023-06-06T09:25:05+08:00][sql] SHOW FULL COLUMNS FROM `teacher` [ RunTime:0.000909s ]
[2023-06-06T09:25:05+08:00][sql] SELECT `teacher_name`,`teacher_title`,`teacher_avatar` FROM `teacher` WHERE  `id` = 1 LIMIT 1 [ RunTime:0.000231s ]
[2023-06-06T09:25:05+08:00][sql] SELECT `teacher_name`,`teacher_title`,`teacher_avatar` FROM `teacher` WHERE  `id` = 2 LIMIT 1 [ RunTime:0.000183s ]
[2023-06-06T09:25:05+08:00][sql] SHOW FULL COLUMNS FROM `address` [ RunTime:0.000876s ]
[2023-06-06T09:25:05+08:00][sql] SELECT * FROM `address` WHERE  `id` = 1 LIMIT 1 [ RunTime:0.000255s ]
[2023-06-06T09:25:05+08:00][sql] SELECT * FROM `address` WHERE  `id` = 2 LIMIT 1 [ RunTime:0.000195s ]
[2023-06-06T09:25:06+08:00][sql] CONNECT:[ UseTime:0.000476s ] mysql:host=localhost;port=3316;dbname=coffee;charset=utf8
[2023-06-06T09:25:06+08:00][sql] SHOW FULL COLUMNS FROM `course` [ RunTime:0.001943s ]
[2023-06-06T09:25:06+08:00][sql] SELECT * FROM `course` WHERE  `id` = 6 LIMIT 1 [ RunTime:0.000356s ]
[2023-06-06T09:25:06+08:00][sql] SHOW FULL COLUMNS FROM `teacher` [ RunTime:0.001317s ]
[2023-06-06T09:25:06+08:00][sql] SELECT `teacher_name`,`teacher_title`,`teacher_avatar` FROM `teacher` WHERE  `id` = 1 LIMIT 1 [ RunTime:0.000334s ]
[2023-06-06T09:25:06+08:00][sql] SHOW FULL COLUMNS FROM `address` [ RunTime:0.001354s ]
[2023-06-06T09:25:06+08:00][sql] SELECT * FROM `address` WHERE  `id` = 1 LIMIT 1 [ RunTime:0.000338s ]
[2023-06-06T09:25:06+08:00][sql] SELECT * FROM `address` WHERE  `id` = 2 LIMIT 1 [ RunTime:0.000265s ]
[2023-06-06T09:25:06+08:00][sql] CONNECT:[ UseTime:0.000564s ] mysql:host=localhost;port=3316;dbname=coffee;charset=utf8
[2023-06-06T09:25:06+08:00][sql] SHOW FULL COLUMNS FROM `course` [ RunTime:0.001510s ]
[2023-06-06T09:25:06+08:00][sql] SELECT * FROM `course` WHERE  `id` = 2 LIMIT 1 [ RunTime:0.000333s ]
[2023-06-06T09:25:06+08:00][sql] SHOW FULL COLUMNS FROM `teacher` [ RunTime:0.000882s ]
[2023-06-06T09:25:06+08:00][sql] SELECT `teacher_name`,`teacher_title`,`teacher_avatar` FROM `teacher` WHERE  `id` = 3 LIMIT 1 [ RunTime:0.000267s ]
[2023-06-06T09:25:06+08:00][sql] SHOW FULL COLUMNS FROM `address` [ RunTime:0.001354s ]
[2023-06-06T09:25:06+08:00][sql] SELECT * FROM `address` WHERE  `id` = 1 LIMIT 1 [ RunTime:0.000339s ]
[2023-06-06T09:25:06+08:00][sql] SELECT * FROM `address` WHERE  `id` = 2 LIMIT 1 [ RunTime:0.000203s ]
[2023-06-06T09:25:06+08:00][sql] CONNECT:[ UseTime:0.000407s ] mysql:host=localhost;port=3316;dbname=coffee;charset=utf8
[2023-06-06T09:25:06+08:00][sql] SHOW FULL COLUMNS FROM `course` [ RunTime:0.001476s ]
[2023-06-06T09:25:06+08:00][sql] SELECT * FROM `course` WHERE  `id` = 5 LIMIT 1 [ RunTime:0.000760s ]
[2023-06-06T09:25:06+08:00][sql] SHOW FULL COLUMNS FROM `teacher` [ RunTime:0.000977s ]
[2023-06-06T09:25:06+08:00][sql] SELECT `teacher_name`,`teacher_title`,`teacher_avatar` FROM `teacher` WHERE  `id` = 1 LIMIT 1 [ RunTime:0.000251s ]
[2023-06-06T09:25:06+08:00][sql] SELECT `teacher_name`,`teacher_title`,`teacher_avatar` FROM `teacher` WHERE  `id` = 2 LIMIT 1 [ RunTime:0.000209s ]
[2023-06-06T09:25:06+08:00][sql] SHOW FULL COLUMNS FROM `address` [ RunTime:0.000950s ]
[2023-06-06T09:25:06+08:00][sql] SELECT * FROM `address` WHERE  `id` = 1 LIMIT 1 [ RunTime:0.000290s ]
[2023-06-06T09:25:06+08:00][sql] SELECT * FROM `address` WHERE  `id` = 2 LIMIT 1 [ RunTime:0.000250s ]
[2023-06-06T09:25:07+08:00][sql] CONNECT:[ UseTime:0.000440s ] mysql:host=localhost;port=3316;dbname=coffee;charset=utf8
[2023-06-06T09:25:07+08:00][sql] SHOW FULL COLUMNS FROM `course` [ RunTime:0.001864s ]
[2023-06-06T09:25:07+08:00][sql] SELECT * FROM `course` WHERE  `id` = 4 LIMIT 1 [ RunTime:0.000795s ]
[2023-06-06T09:25:07+08:00][sql] SHOW FULL COLUMNS FROM `teacher` [ RunTime:0.001042s ]
[2023-06-06T09:25:07+08:00][sql] SELECT `teacher_name`,`teacher_title`,`teacher_avatar` FROM `teacher` WHERE  `id` = 2 LIMIT 1 [ RunTime:0.000219s ]
[2023-06-06T09:25:07+08:00][sql] SHOW FULL COLUMNS FROM `address` [ RunTime:0.000901s ]
[2023-06-06T09:25:07+08:00][sql] SELECT * FROM `address` WHERE  `id` = 1 LIMIT 1 [ RunTime:0.000251s ]
[2023-06-06T09:25:07+08:00][sql] SELECT * FROM `address` WHERE  `id` = 2 LIMIT 1 [ RunTime:0.000207s ]
[2023-06-06T09:25:07+08:00][sql] CONNECT:[ UseTime:0.000460s ] mysql:host=localhost;port=3316;dbname=coffee;charset=utf8
[2023-06-06T09:25:07+08:00][sql] SHOW FULL COLUMNS FROM `course` [ RunTime:0.001519s ]
[2023-06-06T09:25:07+08:00][sql] SELECT * FROM `course` WHERE  `id` = 7 LIMIT 1 [ RunTime:0.000294s ]
[2023-06-06T09:25:07+08:00][sql] SHOW FULL COLUMNS FROM `teacher` [ RunTime:0.000933s ]
[2023-06-06T09:25:07+08:00][sql] SELECT `teacher_name`,`teacher_title`,`teacher_avatar` FROM `teacher` WHERE  `id` = 1 LIMIT 1 [ RunTime:0.000215s ]
[2023-06-06T09:25:07+08:00][sql] SHOW FULL COLUMNS FROM `address` [ RunTime:0.000938s ]
[2023-06-06T09:25:07+08:00][sql] SELECT * FROM `address` WHERE  `id` = 1 LIMIT 1 [ RunTime:0.000259s ]
[2023-06-06T09:25:07+08:00][sql] SELECT * FROM `address` WHERE  `id` = 2 LIMIT 1 [ RunTime:0.000245s ]
[2023-06-06T09:25:08+08:00][sql] CONNECT:[ UseTime:0.000478s ] mysql:host=localhost;port=3316;dbname=coffee;charset=utf8
[2023-06-06T09:25:08+08:00][sql] SHOW FULL COLUMNS FROM `course` [ RunTime:0.001525s ]
[2023-06-06T09:25:08+08:00][sql] SELECT `id`,`title`,`price`,`days`,`time` FROM `course` WHERE  `is_time` = 1 ORDER BY `sorting` ASC [ RunTime:0.000294s ]
[2023-06-06T09:25:08+08:00][sql] SELECT `id`,`title` FROM `course` WHERE  `status` = 1 [ RunTime:0.000223s ]
[2023-06-06T09:25:08+08:00][sql] SELECT `id`,`title` FROM `course` WHERE  `status` = 2 [ RunTime:0.000184s ]
[2023-06-06T09:25:08+08:00][sql] SHOW FULL COLUMNS FROM `address` [ RunTime:0.000999s ]
[2023-06-06T09:25:08+08:00][sql] SELECT * FROM `address` WHERE  `id` = 1 LIMIT 1 [ RunTime:0.000269s ]
[2023-06-06T09:25:08+08:00][sql] SELECT * FROM `address` WHERE  `id` = 2 LIMIT 1 [ RunTime:0.000272s ]
[2023-06-06T09:28:37+08:00][sql] CONNECT:[ UseTime:0.000419s ] mysql:host=localhost;port=3316;dbname=coffee;charset=utf8
[2023-06-06T09:28:37+08:00][sql] SHOW FULL COLUMNS FROM `course` [ RunTime:0.001583s ]
[2023-06-06T09:28:37+08:00][sql] SELECT * FROM `course` WHERE  `id` = 4 LIMIT 1 [ RunTime:0.000849s ]
[2023-06-06T09:28:37+08:00][sql] SHOW FULL COLUMNS FROM `teacher` [ RunTime:0.001077s ]
[2023-06-06T09:28:37+08:00][sql] SELECT `teacher_name`,`teacher_title`,`teacher_avatar` FROM `teacher` WHERE  `id` = 2 LIMIT 1 [ RunTime:0.000230s ]
[2023-06-06T09:28:37+08:00][sql] SHOW FULL COLUMNS FROM `address` [ RunTime:0.000922s ]
[2023-06-06T09:28:37+08:00][sql] SELECT * FROM `address` WHERE  `id` = 1 LIMIT 1 [ RunTime:0.000371s ]
[2023-06-06T09:28:37+08:00][sql] SELECT * FROM `address` WHERE  `id` = 2 LIMIT 1 [ RunTime:0.000242s ]
[2023-06-06T09:35:10+08:00][sql] CONNECT:[ UseTime:0.000456s ] mysql:host=localhost;port=3316;dbname=coffee;charset=utf8
[2023-06-06T09:35:10+08:00][sql] SHOW FULL COLUMNS FROM `course` [ RunTime:0.002043s ]
[2023-06-06T09:35:10+08:00][sql] SELECT * FROM `course` WHERE  `id` = 6 LIMIT 1 [ RunTime:0.000336s ]
[2023-06-06T09:35:10+08:00][sql] SHOW FULL COLUMNS FROM `teacher` [ RunTime:0.000953s ]
[2023-06-06T09:35:10+08:00][sql] SELECT `teacher_name`,`teacher_title`,`teacher_avatar` FROM `teacher` WHERE  `id` = 1 LIMIT 1 [ RunTime:0.000246s ]
[2023-06-06T09:35:10+08:00][sql] SHOW FULL COLUMNS FROM `address` [ RunTime:0.000987s ]
[2023-06-06T09:35:10+08:00][sql] SELECT * FROM `address` WHERE  `id` = 1 LIMIT 1 [ RunTime:0.000224s ]
[2023-06-06T09:35:10+08:00][sql] SELECT * FROM `address` WHERE  `id` = 2 LIMIT 1 [ RunTime:0.000222s ]
[2023-06-06T09:36:53+08:00][sql] CONNECT:[ UseTime:0.000440s ] mysql:host=localhost;port=3316;dbname=coffee;charset=utf8
[2023-06-06T09:36:53+08:00][sql] SHOW FULL COLUMNS FROM `course` [ RunTime:0.001672s ]
[2023-06-06T09:36:53+08:00][sql] SELECT `id`,`title`,`price`,`days`,`time` FROM `course` WHERE  `is_time` = 1 ORDER BY `sorting` ASC [ RunTime:0.000758s ]
[2023-06-06T09:36:53+08:00][sql] SELECT `id`,`title` FROM `course` WHERE  `status` = 1 [ RunTime:0.000289s ]
[2023-06-06T09:36:53+08:00][sql] SELECT `id`,`title` FROM `course` WHERE  `status` = 2 [ RunTime:0.000201s ]
[2023-06-06T09:36:53+08:00][sql] SHOW FULL COLUMNS FROM `address` [ RunTime:0.001557s ]
[2023-06-06T09:36:53+08:00][sql] SELECT * FROM `address` WHERE  `id` = 1 LIMIT 1 [ RunTime:0.000267s ]
[2023-06-06T09:36:53+08:00][sql] SELECT * FROM `address` WHERE  `id` = 2 LIMIT 1 [ RunTime:0.000414s ]
[2023-06-06T09:38:47+08:00][sql] CONNECT:[ UseTime:0.000471s ] mysql:host=localhost;port=3316;dbname=coffee;charset=utf8
[2023-06-06T09:38:47+08:00][sql] SHOW FULL COLUMNS FROM `course` [ RunTime:0.001591s ]
[2023-06-06T09:38:47+08:00][sql] SELECT * FROM `course` WHERE  `id` = 7 LIMIT 1 [ RunTime:0.000303s ]
[2023-06-06T09:38:47+08:00][sql] SHOW FULL COLUMNS FROM `teacher` [ RunTime:0.001007s ]
[2023-06-06T09:38:47+08:00][sql] SELECT `teacher_name`,`teacher_title`,`teacher_avatar` FROM `teacher` WHERE  `id` = 1 LIMIT 1 [ RunTime:0.000236s ]
[2023-06-06T09:38:47+08:00][sql] SHOW FULL COLUMNS FROM `address` [ RunTime:0.000851s ]
[2023-06-06T09:38:47+08:00][sql] SELECT * FROM `address` WHERE  `id` = 1 LIMIT 1 [ RunTime:0.000254s ]
[2023-06-06T09:38:47+08:00][sql] SELECT * FROM `address` WHERE  `id` = 2 LIMIT 1 [ RunTime:0.000201s ]
[2023-06-06T10:24:39+08:00][sql] CONNECT:[ UseTime:0.000580s ] mysql:host=localhost;port=3316;dbname=coffee;charset=utf8
[2023-06-06T10:24:39+08:00][sql] SHOW FULL COLUMNS FROM `course` [ RunTime:0.001579s ]
[2023-06-06T10:24:39+08:00][sql] SELECT * FROM `course` WHERE  `id` = 3 LIMIT 1 [ RunTime:0.000794s ]
[2023-06-06T10:24:39+08:00][sql] SHOW FULL COLUMNS FROM `teacher` [ RunTime:0.001047s ]
[2023-06-06T10:24:39+08:00][sql] SELECT `teacher_name`,`teacher_title`,`teacher_avatar` FROM `teacher` WHERE  `id` = 1 LIMIT 1 [ RunTime:0.000251s ]
[2023-06-06T10:24:39+08:00][sql] SHOW FULL COLUMNS FROM `address` [ RunTime:0.000974s ]
[2023-06-06T10:24:39+08:00][sql] SELECT * FROM `address` WHERE  `id` = 1 LIMIT 1 [ RunTime:0.000258s ]
[2023-06-06T10:24:39+08:00][sql] SELECT * FROM `address` WHERE  `id` = 2 LIMIT 1 [ RunTime:0.000229s ]
[2023-06-06T10:25:05+08:00][sql] CONNECT:[ UseTime:0.000471s ] mysql:host=localhost;port=3316;dbname=coffee;charset=utf8
[2023-06-06T10:25:05+08:00][sql] SHOW FULL COLUMNS FROM `course` [ RunTime:0.001655s ]
[2023-06-06T10:25:05+08:00][sql] SELECT * FROM `course` WHERE  `id` = 3 LIMIT 1 [ RunTime:0.000822s ]
[2023-06-06T10:25:05+08:00][sql] SHOW FULL COLUMNS FROM `teacher` [ RunTime:0.000998s ]
[2023-06-06T10:25:05+08:00][sql] SELECT `teacher_name`,`teacher_title`,`teacher_avatar` FROM `teacher` WHERE  `id` = 1 LIMIT 1 [ RunTime:0.000312s ]
[2023-06-06T10:25:05+08:00][sql] SHOW FULL COLUMNS FROM `address` [ RunTime:0.000996s ]
[2023-06-06T10:25:05+08:00][sql] SELECT * FROM `address` WHERE  `id` = 1 LIMIT 1 [ RunTime:0.000265s ]
[2023-06-06T10:25:05+08:00][sql] SELECT * FROM `address` WHERE  `id` = 2 LIMIT 1 [ RunTime:0.000369s ]
[2023-06-06T10:25:09+08:00][sql] CONNECT:[ UseTime:0.000507s ] mysql:host=localhost;port=3316;dbname=coffee;charset=utf8
[2023-06-06T10:25:09+08:00][sql] SHOW FULL COLUMNS FROM `course` [ RunTime:0.002407s ]
[2023-06-06T10:25:09+08:00][sql] SELECT `id`,`title`,`price`,`days`,`time` FROM `course` WHERE  `is_time` = 1 ORDER BY `sorting` ASC [ RunTime:0.000459s ]
[2023-06-06T10:25:09+08:00][sql] SELECT `id`,`title` FROM `course` WHERE  `status` = 1 [ RunTime:0.000302s ]
[2023-06-06T10:25:09+08:00][sql] SELECT `id`,`title` FROM `course` WHERE  `status` = 2 [ RunTime:0.000277s ]
[2023-06-06T10:25:09+08:00][sql] SHOW FULL COLUMNS FROM `address` [ RunTime:0.001433s ]
[2023-06-06T10:25:09+08:00][sql] SELECT * FROM `address` WHERE  `id` = 1 LIMIT 1 [ RunTime:0.000452s ]
[2023-06-06T10:25:09+08:00][sql] SELECT * FROM `address` WHERE  `id` = 2 LIMIT 1 [ RunTime:0.000898s ]
[2023-06-06T10:26:45+08:00][sql] CONNECT:[ UseTime:0.000467s ] mysql:host=localhost;port=3316;dbname=coffee;charset=utf8
[2023-06-06T10:26:45+08:00][sql] SHOW FULL COLUMNS FROM `course` [ RunTime:0.001635s ]
[2023-06-06T10:26:45+08:00][sql] SELECT `id`,`title`,`price`,`days`,`time` FROM `course` WHERE  `is_time` = 1 ORDER BY `sorting` ASC [ RunTime:0.000300s ]
[2023-06-06T10:26:45+08:00][sql] SELECT `id`,`title` FROM `course` WHERE  `status` = 1 [ RunTime:0.000294s ]
[2023-06-06T10:26:45+08:00][sql] SELECT `id`,`title` FROM `course` WHERE  `status` = 2 [ RunTime:0.000234s ]
[2023-06-06T10:26:45+08:00][sql] SHOW FULL COLUMNS FROM `address` [ RunTime:0.001051s ]
[2023-06-06T10:26:45+08:00][sql] SELECT * FROM `address` WHERE  `id` = 1 LIMIT 1 [ RunTime:0.000252s ]
[2023-06-06T10:26:45+08:00][sql] SELECT * FROM `address` WHERE  `id` = 2 LIMIT 1 [ RunTime:0.000215s ]
[2023-06-06T10:28:27+08:00][sql] CONNECT:[ UseTime:0.000420s ] mysql:host=localhost;port=3316;dbname=coffee;charset=utf8
[2023-06-06T10:28:27+08:00][sql] SHOW FULL COLUMNS FROM `course` [ RunTime:0.001566s ]
[2023-06-06T10:28:27+08:00][sql] SELECT * FROM `course` WHERE  `id` = 3 LIMIT 1 [ RunTime:0.000329s ]
[2023-06-06T10:28:27+08:00][sql] SHOW FULL COLUMNS FROM `teacher` [ RunTime:0.000946s ]
[2023-06-06T10:28:27+08:00][sql] SELECT `teacher_name`,`teacher_title`,`teacher_avatar` FROM `teacher` WHERE  `id` = 1 LIMIT 1 [ RunTime:0.000224s ]
[2023-06-06T10:28:27+08:00][sql] SHOW FULL COLUMNS FROM `address` [ RunTime:0.000966s ]
[2023-06-06T10:28:27+08:00][sql] SELECT * FROM `address` WHERE  `id` = 1 LIMIT 1 [ RunTime:0.000288s ]
[2023-06-06T10:28:27+08:00][sql] SELECT * FROM `address` WHERE  `id` = 2 LIMIT 1 [ RunTime:0.000216s ]
[2023-06-06T10:31:04+08:00][sql] CONNECT:[ UseTime:0.000516s ] mysql:host=localhost;port=3316;dbname=coffee;charset=utf8
[2023-06-06T10:31:04+08:00][sql] SHOW FULL COLUMNS FROM `course` [ RunTime:0.001789s ]
[2023-06-06T10:31:04+08:00][sql] SELECT `id`,`title`,`price`,`days`,`time` FROM `course` WHERE  `is_time` = 1 ORDER BY `sorting` ASC [ RunTime:0.000392s ]
[2023-06-06T10:31:04+08:00][sql] SELECT `id`,`title` FROM `course` WHERE  `status` = 1 [ RunTime:0.000249s ]
[2023-06-06T10:31:04+08:00][sql] SELECT `id`,`title` FROM `course` WHERE  `status` = 2 [ RunTime:0.000192s ]
[2023-06-06T10:31:04+08:00][sql] SHOW FULL COLUMNS FROM `address` [ RunTime:0.001125s ]
[2023-06-06T10:31:04+08:00][sql] SELECT * FROM `address` WHERE  `id` = 1 LIMIT 1 [ RunTime:0.000372s ]
[2023-06-06T10:31:04+08:00][sql] SELECT * FROM `address` WHERE  `id` = 2 LIMIT 1 [ RunTime:0.000307s ]
[2023-06-06T10:38:02+08:00][sql] CONNECT:[ UseTime:0.000527s ] mysql:host=localhost;port=3316;dbname=coffee;charset=utf8
[2023-06-06T10:38:02+08:00][sql] SHOW FULL COLUMNS FROM `course` [ RunTime:0.001853s ]
[2023-06-06T10:38:02+08:00][sql] SELECT * FROM `course` WHERE  `id` = 3 LIMIT 1 [ RunTime:0.001032s ]
[2023-06-06T10:38:02+08:00][sql] SHOW FULL COLUMNS FROM `teacher` [ RunTime:0.001143s ]
[2023-06-06T10:38:02+08:00][sql] SELECT `teacher_name`,`teacher_title`,`teacher_avatar` FROM `teacher` WHERE  `id` = 1 LIMIT 1 [ RunTime:0.000288s ]
[2023-06-06T10:38:02+08:00][sql] SHOW FULL COLUMNS FROM `address` [ RunTime:0.001173s ]
[2023-06-06T10:38:02+08:00][sql] SELECT * FROM `address` WHERE  `id` = 1 LIMIT 1 [ RunTime:0.000279s ]
[2023-06-06T10:38:02+08:00][sql] SELECT * FROM `address` WHERE  `id` = 2 LIMIT 1 [ RunTime:0.000245s ]
[2023-06-06T12:41:05+08:00][sql] CONNECT:[ UseTime:0.000476s ] mysql:host=localhost;port=3316;dbname=coffee;charset=utf8
[2023-06-06T12:41:05+08:00][sql] SHOW FULL COLUMNS FROM `course` [ RunTime:0.001538s ]
[2023-06-06T12:41:05+08:00][sql] SELECT * FROM `course` WHERE  `id` = 1 LIMIT 1 [ RunTime:0.000528s ]
[2023-06-06T12:41:05+08:00][sql] SHOW FULL COLUMNS FROM `teacher` [ RunTime:0.000933s ]
[2023-06-06T12:41:05+08:00][sql] SELECT `teacher_name`,`teacher_title`,`teacher_avatar` FROM `teacher` WHERE  `id` = 1 LIMIT 1 [ RunTime:0.000227s ]
[2023-06-06T12:41:05+08:00][sql] SELECT `teacher_name`,`teacher_title`,`teacher_avatar` FROM `teacher` WHERE  `id` = 2 LIMIT 1 [ RunTime:0.000245s ]
[2023-06-06T12:41:05+08:00][sql] SHOW FULL COLUMNS FROM `address` [ RunTime:0.000927s ]
[2023-06-06T12:41:05+08:00][sql] SELECT * FROM `address` WHERE  `id` = 1 LIMIT 1 [ RunTime:0.000239s ]
[2023-06-06T12:41:05+08:00][sql] SELECT * FROM `address` WHERE  `id` = 2 LIMIT 1 [ RunTime:0.000216s ]
[2023-06-06T12:49:10+08:00][sql] CONNECT:[ UseTime:0.000477s ] mysql:host=localhost;port=3316;dbname=coffee;charset=utf8
[2023-06-06T12:49:10+08:00][sql] SHOW FULL COLUMNS FROM `course` [ RunTime:0.001652s ]
[2023-06-06T12:49:10+08:00][sql] SELECT * FROM `course` WHERE  `id` = 1 LIMIT 1 [ RunTime:0.000842s ]
[2023-06-06T12:49:10+08:00][sql] SHOW FULL COLUMNS FROM `teacher` [ RunTime:0.001036s ]
[2023-06-06T12:49:10+08:00][sql] SELECT `teacher_name`,`teacher_title`,`teacher_avatar` FROM `teacher` WHERE  `id` = 1 LIMIT 1 [ RunTime:0.000261s ]
[2023-06-06T12:49:10+08:00][sql] SELECT `teacher_name`,`teacher_title`,`teacher_avatar` FROM `teacher` WHERE  `id` = 2 LIMIT 1 [ RunTime:0.000227s ]
[2023-06-06T12:49:10+08:00][sql] SHOW FULL COLUMNS FROM `address` [ RunTime:0.000956s ]
[2023-06-06T12:49:10+08:00][sql] SELECT * FROM `address` WHERE  `id` = 1 LIMIT 1 [ RunTime:0.000275s ]
[2023-06-06T12:49:10+08:00][sql] SELECT * FROM `address` WHERE  `id` = 2 LIMIT 1 [ RunTime:0.000236s ]
[2023-06-06T13:33:01+08:00][sql] CONNECT:[ UseTime:0.002227s ] mysql:host=localhost;port=3316;dbname=coffee;charset=utf8
[2023-06-06T13:33:01+08:00][sql] SHOW FULL COLUMNS FROM `course` [ RunTime:0.001677s ]
[2023-06-06T13:33:01+08:00][sql] SELECT * FROM `course` WHERE  `id` = 4 LIMIT 1 [ RunTime:0.000406s ]
[2023-06-06T13:33:01+08:00][sql] SHOW FULL COLUMNS FROM `teacher` [ RunTime:0.000961s ]
[2023-06-06T13:33:01+08:00][sql] SELECT `teacher_name`,`teacher_title`,`teacher_avatar` FROM `teacher` WHERE  `id` = 2 LIMIT 1 [ RunTime:0.000241s ]
[2023-06-06T13:33:01+08:00][sql] SHOW FULL COLUMNS FROM `address` [ RunTime:0.000917s ]
[2023-06-06T13:33:01+08:00][sql] SELECT * FROM `address` WHERE  `id` = 1 LIMIT 1 [ RunTime:0.000253s ]
[2023-06-06T13:33:01+08:00][sql] SELECT * FROM `address` WHERE  `id` = 2 LIMIT 1 [ RunTime:0.000262s ]
[2023-06-06T13:33:01+08:00][sql] CONNECT:[ UseTime:0.000317s ] mysql:host=localhost;port=3316;dbname=coffee;charset=utf8
[2023-06-06T13:33:01+08:00][sql] SHOW FULL COLUMNS FROM `course` [ RunTime:0.001237s ]
[2023-06-06T13:33:01+08:00][sql] SELECT * FROM `course` WHERE  `id` = 2 LIMIT 1 [ RunTime:0.000299s ]
[2023-06-06T13:33:01+08:00][sql] SHOW FULL COLUMNS FROM `teacher` [ RunTime:0.000902s ]
[2023-06-06T13:33:01+08:00][sql] SELECT `teacher_name`,`teacher_title`,`teacher_avatar` FROM `teacher` WHERE  `id` = 3 LIMIT 1 [ RunTime:0.000231s ]
[2023-06-06T13:33:01+08:00][sql] SHOW FULL COLUMNS FROM `address` [ RunTime:0.001195s ]
[2023-06-06T13:33:01+08:00][sql] SELECT * FROM `address` WHERE  `id` = 1 LIMIT 1 [ RunTime:0.000269s ]
[2023-06-06T13:33:01+08:00][sql] SELECT * FROM `address` WHERE  `id` = 2 LIMIT 1 [ RunTime:0.000213s ]
[2023-06-06T13:33:01+08:00][sql] CONNECT:[ UseTime:0.000467s ] mysql:host=localhost;port=3316;dbname=coffee;charset=utf8
[2023-06-06T13:33:01+08:00][sql] SHOW FULL COLUMNS FROM `course` [ RunTime:0.001893s ]
[2023-06-06T13:33:01+08:00][sql] SELECT * FROM `course` WHERE  `id` = 7 LIMIT 1 [ RunTime:0.000362s ]
[2023-06-06T13:33:01+08:00][sql] SHOW FULL COLUMNS FROM `teacher` [ RunTime:0.001146s ]
[2023-06-06T13:33:01+08:00][sql] SELECT `teacher_name`,`teacher_title`,`teacher_avatar` FROM `teacher` WHERE  `id` = 1 LIMIT 1 [ RunTime:0.000281s ]
[2023-06-06T13:33:01+08:00][sql] SHOW FULL COLUMNS FROM `address` [ RunTime:0.001186s ]
[2023-06-06T13:33:01+08:00][sql] SELECT * FROM `address` WHERE  `id` = 1 LIMIT 1 [ RunTime:0.000287s ]
[2023-06-06T13:33:01+08:00][sql] SELECT * FROM `address` WHERE  `id` = 2 LIMIT 1 [ RunTime:0.000298s ]
[2023-06-06T13:33:01+08:00][sql] CONNECT:[ UseTime:0.002677s ] mysql:host=localhost;port=3316;dbname=coffee;charset=utf8
[2023-06-06T13:33:01+08:00][sql] SHOW FULL COLUMNS FROM `course` [ RunTime:0.001659s ]
[2023-06-06T13:33:01+08:00][sql] SELECT * FROM `course` WHERE  `id` = 5 LIMIT 1 [ RunTime:0.000369s ]
[2023-06-06T13:33:01+08:00][sql] SHOW FULL COLUMNS FROM `teacher` [ RunTime:0.001095s ]
[2023-06-06T13:33:01+08:00][sql] SELECT `teacher_name`,`teacher_title`,`teacher_avatar` FROM `teacher` WHERE  `id` = 1 LIMIT 1 [ RunTime:0.000243s ]
[2023-06-06T13:33:01+08:00][sql] SELECT `teacher_name`,`teacher_title`,`teacher_avatar` FROM `teacher` WHERE  `id` = 2 LIMIT 1 [ RunTime:0.000210s ]
[2023-06-06T13:33:01+08:00][sql] SHOW FULL COLUMNS FROM `address` [ RunTime:0.001082s ]
[2023-06-06T13:33:01+08:00][sql] SELECT * FROM `address` WHERE  `id` = 1 LIMIT 1 [ RunTime:0.000297s ]
[2023-06-06T13:33:01+08:00][sql] SELECT * FROM `address` WHERE  `id` = 2 LIMIT 1 [ RunTime:0.000241s ]
[2023-06-06T13:33:01+08:00][sql] CONNECT:[ UseTime:0.005585s ] mysql:host=localhost;port=3316;dbname=coffee;charset=utf8
[2023-06-06T13:33:01+08:00][sql] SHOW FULL COLUMNS FROM `course` [ RunTime:0.005067s ]
[2023-06-06T13:33:01+08:00][sql] SELECT * FROM `course` WHERE  `id` = 1 LIMIT 1 [ RunTime:0.001903s ]
[2023-06-06T13:33:01+08:00][sql] SHOW FULL COLUMNS FROM `teacher` [ RunTime:0.002297s ]
[2023-06-06T13:33:01+08:00][sql] SELECT `teacher_name`,`teacher_title`,`teacher_avatar` FROM `teacher` WHERE  `id` = 1 LIMIT 1 [ RunTime:0.000741s ]
[2023-06-06T13:33:01+08:00][sql] SELECT `teacher_name`,`teacher_title`,`teacher_avatar` FROM `teacher` WHERE  `id` = 2 LIMIT 1 [ RunTime:0.006101s ]
[2023-06-06T13:33:01+08:00][sql] SHOW FULL COLUMNS FROM `address` [ RunTime:0.007458s ]
[2023-06-06T13:33:01+08:00][sql] SELECT * FROM `address` WHERE  `id` = 1 LIMIT 1 [ RunTime:0.006007s ]
[2023-06-06T13:33:01+08:00][sql] SELECT * FROM `address` WHERE  `id` = 2 LIMIT 1 [ RunTime:0.000326s ]
[2023-06-06T13:33:04+08:00][sql] CONNECT:[ UseTime:0.000467s ] mysql:host=localhost;port=3316;dbname=coffee;charset=utf8
[2023-06-06T13:33:04+08:00][sql] SHOW FULL COLUMNS FROM `course` [ RunTime:0.001871s ]
[2023-06-06T13:33:04+08:00][sql] SELECT `id`,`title`,`price`,`days`,`time` FROM `course` WHERE  `is_time` = 1 ORDER BY `sorting` ASC [ RunTime:0.000342s ]
[2023-06-06T13:33:04+08:00][sql] SELECT `id`,`title` FROM `course` WHERE  `status` = 1 [ RunTime:0.000245s ]
[2023-06-06T13:33:04+08:00][sql] SELECT `id`,`title` FROM `course` WHERE  `status` = 2 [ RunTime:0.000203s ]
[2023-06-06T13:33:04+08:00][sql] SHOW FULL COLUMNS FROM `address` [ RunTime:0.001088s ]
[2023-06-06T13:33:04+08:00][sql] SELECT * FROM `address` WHERE  `id` = 1 LIMIT 1 [ RunTime:0.000274s ]
[2023-06-06T13:33:04+08:00][sql] SELECT * FROM `address` WHERE  `id` = 2 LIMIT 1 [ RunTime:0.000210s ]
[2023-06-06T13:33:06+08:00][sql] CONNECT:[ UseTime:0.000414s ] mysql:host=localhost;port=3316;dbname=coffee;charset=utf8
[2023-06-06T13:33:06+08:00][sql] SHOW FULL COLUMNS FROM `course` [ RunTime:0.001446s ]
[2023-06-06T13:33:06+08:00][sql] SELECT * FROM `course` WHERE  `id` = 6 LIMIT 1 [ RunTime:0.000339s ]
[2023-06-06T13:33:06+08:00][sql] SHOW FULL COLUMNS FROM `teacher` [ RunTime:0.000891s ]
[2023-06-06T13:33:06+08:00][sql] SELECT `teacher_name`,`teacher_title`,`teacher_avatar` FROM `teacher` WHERE  `id` = 1 LIMIT 1 [ RunTime:0.000207s ]
[2023-06-06T13:33:06+08:00][sql] SHOW FULL COLUMNS FROM `address` [ RunTime:0.000922s ]
[2023-06-06T13:33:06+08:00][sql] SELECT * FROM `address` WHERE  `id` = 1 LIMIT 1 [ RunTime:0.000235s ]
[2023-06-06T13:33:06+08:00][sql] SELECT * FROM `address` WHERE  `id` = 2 LIMIT 1 [ RunTime:0.000212s ]
[2023-06-06T13:37:17+08:00][sql] CONNECT:[ UseTime:0.000428s ] mysql:host=localhost;port=3316;dbname=coffee;charset=utf8
[2023-06-06T13:37:17+08:00][sql] SHOW FULL COLUMNS FROM `course` [ RunTime:0.001587s ]
[2023-06-06T13:37:17+08:00][sql] SELECT * FROM `course` WHERE  `id` = 2 LIMIT 1 [ RunTime:0.000767s ]
[2023-06-06T13:37:17+08:00][sql] SHOW FULL COLUMNS FROM `teacher` [ RunTime:0.000929s ]
[2023-06-06T13:37:17+08:00][sql] SELECT `teacher_name`,`teacher_title`,`teacher_avatar` FROM `teacher` WHERE  `id` = 3 LIMIT 1 [ RunTime:0.000238s ]
[2023-06-06T13:37:17+08:00][sql] SHOW FULL COLUMNS FROM `address` [ RunTime:0.001018s ]
[2023-06-06T13:37:17+08:00][sql] SELECT * FROM `address` WHERE  `id` = 1 LIMIT 1 [ RunTime:0.000229s ]
[2023-06-06T13:37:17+08:00][sql] SELECT * FROM `address` WHERE  `id` = 2 LIMIT 1 [ RunTime:0.000200s ]
[2023-06-06T15:27:32+08:00][sql] CONNECT:[ UseTime:0.000438s ] mysql:host=localhost;port=3316;dbname=coffee;charset=utf8
[2023-06-06T15:27:32+08:00][sql] SHOW FULL COLUMNS FROM `course` [ RunTime:0.001588s ]
[2023-06-06T15:27:32+08:00][sql] SELECT `id`,`title`,`price`,`days`,`time` FROM `course` WHERE  `is_time` = 1 ORDER BY `sorting` ASC [ RunTime:0.000341s ]
[2023-06-06T15:27:32+08:00][sql] SELECT `id`,`title` FROM `course` WHERE  `status` = 1 [ RunTime:0.000281s ]
[2023-06-06T15:27:32+08:00][sql] SELECT `id`,`title` FROM `course` WHERE  `status` = 2 [ RunTime:0.000235s ]
[2023-06-06T15:27:32+08:00][sql] SHOW FULL COLUMNS FROM `address` [ RunTime:0.001060s ]
[2023-06-06T15:27:32+08:00][sql] SELECT * FROM `address` WHERE  `id` = 1 LIMIT 1 [ RunTime:0.000303s ]
[2023-06-06T15:27:32+08:00][sql] SELECT * FROM `address` WHERE  `id` = 2 LIMIT 1 [ RunTime:0.000247s ]
[2023-06-06T16:44:01+08:00][sql] CONNECT:[ UseTime:0.000892s ] mysql:host=localhost;port=3316;dbname=coffee;charset=utf8
[2023-06-06T16:44:01+08:00][sql] SHOW FULL COLUMNS FROM `course` [ RunTime:0.002000s ]
[2023-06-06T16:44:01+08:00][sql] SELECT * FROM `course` WHERE  `id` = 5 LIMIT 1 [ RunTime:0.000368s ]
[2023-06-06T16:44:01+08:00][sql] SHOW FULL COLUMNS FROM `teacher` [ RunTime:0.001058s ]
[2023-06-06T16:44:01+08:00][sql] SELECT `teacher_name`,`teacher_title`,`teacher_avatar` FROM `teacher` WHERE  `id` = 1 LIMIT 1 [ RunTime:0.000352s ]
[2023-06-06T16:44:01+08:00][sql] SELECT `teacher_name`,`teacher_title`,`teacher_avatar` FROM `teacher` WHERE  `id` = 2 LIMIT 1 [ RunTime:0.000538s ]
[2023-06-06T16:44:01+08:00][sql] SHOW FULL COLUMNS FROM `address` [ RunTime:0.001006s ]
[2023-06-06T16:44:01+08:00][sql] SELECT * FROM `address` WHERE  `id` = 1 LIMIT 1 [ RunTime:0.000240s ]
[2023-06-06T16:44:01+08:00][sql] SELECT * FROM `address` WHERE  `id` = 2 LIMIT 1 [ RunTime:0.000308s ]
[2023-06-06T16:50:24+08:00][sql] CONNECT:[ UseTime:0.000481s ] mysql:host=localhost;port=3316;dbname=coffee;charset=utf8
[2023-06-06T16:50:24+08:00][sql] SHOW FULL COLUMNS FROM `course` [ RunTime:0.001829s ]
[2023-06-06T16:50:24+08:00][sql] SELECT * FROM `course` WHERE  `id` = 5 LIMIT 1 [ RunTime:0.000924s ]
[2023-06-06T16:50:24+08:00][sql] SHOW FULL COLUMNS FROM `teacher` [ RunTime:0.001484s ]
[2023-06-06T16:50:24+08:00][sql] SELECT `teacher_name`,`teacher_title`,`teacher_avatar` FROM `teacher` WHERE  `id` = 1 LIMIT 1 [ RunTime:0.000265s ]
[2023-06-06T16:50:24+08:00][sql] SELECT `teacher_name`,`teacher_title`,`teacher_avatar` FROM `teacher` WHERE  `id` = 2 LIMIT 1 [ RunTime:0.000231s ]
[2023-06-06T16:50:24+08:00][sql] SHOW FULL COLUMNS FROM `address` [ RunTime:0.001083s ]
[2023-06-06T16:50:24+08:00][sql] SELECT * FROM `address` WHERE  `id` = 1 LIMIT 1 [ RunTime:0.000300s ]
[2023-06-06T16:50:24+08:00][sql] SELECT * FROM `address` WHERE  `id` = 2 LIMIT 1 [ RunTime:0.000333s ]
[2023-06-06T17:48:37+08:00][sql] CONNECT:[ UseTime:0.000494s ] mysql:host=localhost;port=3316;dbname=coffee;charset=utf8
[2023-06-06T17:48:37+08:00][sql] SHOW FULL COLUMNS FROM `course` [ RunTime:0.002130s ]
[2023-06-06T17:48:37+08:00][sql] SELECT * FROM `course` WHERE  `id` = 6 LIMIT 1 [ RunTime:0.000421s ]
[2023-06-06T17:48:37+08:00][sql] SHOW FULL COLUMNS FROM `teacher` [ RunTime:0.001243s ]
[2023-06-06T17:48:37+08:00][sql] SELECT `teacher_name`,`teacher_title`,`teacher_avatar` FROM `teacher` WHERE  `id` = 1 LIMIT 1 [ RunTime:0.000262s ]
[2023-06-06T17:48:37+08:00][sql] SHOW FULL COLUMNS FROM `address` [ RunTime:0.001266s ]
[2023-06-06T17:48:37+08:00][sql] SELECT * FROM `address` WHERE  `id` = 1 LIMIT 1 [ RunTime:0.000300s ]
[2023-06-06T17:48:37+08:00][sql] SELECT * FROM `address` WHERE  `id` = 2 LIMIT 1 [ RunTime:0.000248s ]
