[2023-06-14T02:45:26+08:00][sql] CONNECT:[ UseTime:0.000431s ] mysql:host=localhost;port=3316;dbname=coffee;charset=utf8
[2023-06-14T02:45:26+08:00][sql] SHOW FULL COLUMNS FROM `course` [ RunTime:0.001521s ]
[2023-06-14T02:45:26+08:00][sql] SELECT * FROM `course` WHERE  `id` = 7 LIMIT 1 [ RunTime:0.000754s ]
[2023-06-14T02:45:26+08:00][sql] SHOW FULL COLUMNS FROM `teacher` [ RunTime:0.000940s ]
[2023-06-14T02:45:26+08:00][sql] SELECT `teacher_name`,`teacher_title`,`teacher_avatar` FROM `teacher` WHERE  `id` = 1 LIMIT 1 [ RunTime:0.000233s ]
[2023-06-14T02:45:26+08:00][sql] SHOW FULL COLUMNS FROM `address` [ RunTime:0.000922s ]
[2023-06-14T02:45:26+08:00][sql] SELECT * FROM `address` WHERE  `id` = 1 LIMIT 1 [ RunTime:0.000260s ]
[2023-06-14T02:45:26+08:00][sql] SELECT * FROM `address` WHERE  `id` = 2 LIMIT 1 [ RunTime:0.000226s ]
[2023-06-14T02:49:00+08:00][sql] CONNECT:[ UseTime:0.000393s ] mysql:host=localhost;port=3316;dbname=coffee;charset=utf8
[2023-06-14T02:49:00+08:00][sql] SHOW FULL COLUMNS FROM `course` [ RunTime:0.001444s ]
[2023-06-14T02:49:00+08:00][sql] SELECT * FROM `course` WHERE  `id` = 7 LIMIT 1 [ RunTime:0.000710s ]
[2023-06-14T02:49:00+08:00][sql] SHOW FULL COLUMNS FROM `teacher` [ RunTime:0.000928s ]
[2023-06-14T02:49:00+08:00][sql] SELECT `teacher_name`,`teacher_title`,`teacher_avatar` FROM `teacher` WHERE  `id` = 1 LIMIT 1 [ RunTime:0.000248s ]
[2023-06-14T02:49:00+08:00][sql] SHOW FULL COLUMNS FROM `address` [ RunTime:0.000907s ]
[2023-06-14T02:49:00+08:00][sql] SELECT * FROM `address` WHERE  `id` = 1 LIMIT 1 [ RunTime:0.000235s ]
[2023-06-14T02:49:00+08:00][sql] SELECT * FROM `address` WHERE  `id` = 2 LIMIT 1 [ RunTime:0.000204s ]
[2023-06-14T04:40:33+08:00][sql] CONNECT:[ UseTime:0.000616s ] mysql:host=localhost;port=3316;dbname=coffee;charset=utf8
[2023-06-14T04:40:33+08:00][sql] SHOW FULL COLUMNS FROM `course` [ RunTime:0.001515s ]
[2023-06-14T04:40:33+08:00][sql] SELECT * FROM `course` WHERE  `id` = 1 LIMIT 1 [ RunTime:0.000642s ]
[2023-06-14T04:40:33+08:00][sql] SHOW FULL COLUMNS FROM `teacher` [ RunTime:0.001109s ]
[2023-06-14T04:40:33+08:00][sql] SELECT `teacher_name`,`teacher_title`,`teacher_avatar` FROM `teacher` WHERE  `id` = 1 LIMIT 1 [ RunTime:0.000223s ]
[2023-06-14T04:40:33+08:00][sql] SELECT `teacher_name`,`teacher_title`,`teacher_avatar` FROM `teacher` WHERE  `id` = 2 LIMIT 1 [ RunTime:0.000205s ]
[2023-06-14T04:40:33+08:00][sql] SHOW FULL COLUMNS FROM `address` [ RunTime:0.001004s ]
[2023-06-14T04:40:33+08:00][sql] SELECT * FROM `address` WHERE  `id` = 1 LIMIT 1 [ RunTime:0.000250s ]
[2023-06-14T04:40:33+08:00][sql] SELECT * FROM `address` WHERE  `id` = 2 LIMIT 1 [ RunTime:0.000263s ]
[2023-06-14T04:40:33+08:00][sql] CONNECT:[ UseTime:0.000391s ] mysql:host=localhost;port=3316;dbname=coffee;charset=utf8
[2023-06-14T04:40:33+08:00][sql] SHOW FULL COLUMNS FROM `course` [ RunTime:0.001481s ]
[2023-06-14T04:40:33+08:00][sql] SELECT * FROM `course` WHERE  `id` = 2 LIMIT 1 [ RunTime:0.000731s ]
[2023-06-14T04:40:33+08:00][sql] SHOW FULL COLUMNS FROM `teacher` [ RunTime:0.000874s ]
[2023-06-14T04:40:33+08:00][sql] SELECT `teacher_name`,`teacher_title`,`teacher_avatar` FROM `teacher` WHERE  `id` = 3 LIMIT 1 [ RunTime:0.000231s ]
[2023-06-14T04:40:33+08:00][sql] SHOW FULL COLUMNS FROM `address` [ RunTime:0.000909s ]
[2023-06-14T04:40:33+08:00][sql] SELECT * FROM `address` WHERE  `id` = 1 LIMIT 1 [ RunTime:0.000245s ]
[2023-06-14T04:40:33+08:00][sql] SELECT * FROM `address` WHERE  `id` = 2 LIMIT 1 [ RunTime:0.000198s ]
[2023-06-14T04:40:34+08:00][sql] CONNECT:[ UseTime:0.000307s ] mysql:host=localhost;port=3316;dbname=coffee;charset=utf8
[2023-06-14T04:40:34+08:00][sql] SHOW FULL COLUMNS FROM `course` [ RunTime:0.001256s ]
[2023-06-14T04:40:34+08:00][sql] SELECT * FROM `course` WHERE  `id` = 4 LIMIT 1 [ RunTime:0.000598s ]
[2023-06-14T04:40:34+08:00][sql] SHOW FULL COLUMNS FROM `teacher` [ RunTime:0.000906s ]
[2023-06-14T04:40:34+08:00][sql] SELECT `teacher_name`,`teacher_title`,`teacher_avatar` FROM `teacher` WHERE  `id` = 2 LIMIT 1 [ RunTime:0.000256s ]
[2023-06-14T04:40:34+08:00][sql] SHOW FULL COLUMNS FROM `address` [ RunTime:0.000974s ]
[2023-06-14T04:40:34+08:00][sql] SELECT * FROM `address` WHERE  `id` = 1 LIMIT 1 [ RunTime:0.000235s ]
[2023-06-14T04:40:34+08:00][sql] SELECT * FROM `address` WHERE  `id` = 2 LIMIT 1 [ RunTime:0.000245s ]
[2023-06-14T04:40:34+08:00][sql] CONNECT:[ UseTime:0.000391s ] mysql:host=localhost;port=3316;dbname=coffee;charset=utf8
[2023-06-14T04:40:34+08:00][sql] SHOW FULL COLUMNS FROM `course` [ RunTime:0.001455s ]
[2023-06-14T04:40:34+08:00][sql] SELECT * FROM `course` WHERE  `id` = 5 LIMIT 1 [ RunTime:0.000739s ]
[2023-06-14T04:40:34+08:00][sql] SHOW FULL COLUMNS FROM `teacher` [ RunTime:0.000912s ]
[2023-06-14T04:40:34+08:00][sql] SELECT `teacher_name`,`teacher_title`,`teacher_avatar` FROM `teacher` WHERE  `id` = 1 LIMIT 1 [ RunTime:0.000246s ]
[2023-06-14T04:40:34+08:00][sql] SELECT `teacher_name`,`teacher_title`,`teacher_avatar` FROM `teacher` WHERE  `id` = 2 LIMIT 1 [ RunTime:0.000198s ]
[2023-06-14T04:40:34+08:00][sql] SHOW FULL COLUMNS FROM `address` [ RunTime:0.000905s ]
[2023-06-14T04:40:34+08:00][sql] SELECT * FROM `address` WHERE  `id` = 1 LIMIT 1 [ RunTime:0.000238s ]
[2023-06-14T04:40:34+08:00][sql] SELECT * FROM `address` WHERE  `id` = 2 LIMIT 1 [ RunTime:0.000226s ]
[2023-06-14T04:40:34+08:00][sql] CONNECT:[ UseTime:0.000297s ] mysql:host=localhost;port=3316;dbname=coffee;charset=utf8
[2023-06-14T04:40:34+08:00][sql] SHOW FULL COLUMNS FROM `course` [ RunTime:0.001308s ]
[2023-06-14T04:40:34+08:00][sql] SELECT * FROM `course` WHERE  `id` = 6 LIMIT 1 [ RunTime:0.000517s ]
[2023-06-14T04:40:34+08:00][sql] SHOW FULL COLUMNS FROM `teacher` [ RunTime:0.000901s ]
[2023-06-14T04:40:34+08:00][sql] SELECT `teacher_name`,`teacher_title`,`teacher_avatar` FROM `teacher` WHERE  `id` = 1 LIMIT 1 [ RunTime:0.000236s ]
[2023-06-14T04:40:34+08:00][sql] SHOW FULL COLUMNS FROM `address` [ RunTime:0.000946s ]
[2023-06-14T04:40:34+08:00][sql] SELECT * FROM `address` WHERE  `id` = 1 LIMIT 1 [ RunTime:0.000252s ]
[2023-06-14T04:40:34+08:00][sql] SELECT * FROM `address` WHERE  `id` = 2 LIMIT 1 [ RunTime:0.000210s ]
[2023-06-14T04:44:27+08:00][sql] CONNECT:[ UseTime:0.000445s ] mysql:host=localhost;port=3316;dbname=coffee;charset=utf8
[2023-06-14T04:44:27+08:00][sql] SHOW FULL COLUMNS FROM `course` [ RunTime:0.001503s ]
[2023-06-14T04:44:27+08:00][sql] SELECT * FROM `course` WHERE  `id` = 5 LIMIT 1 [ RunTime:0.000378s ]
[2023-06-14T04:44:27+08:00][sql] SHOW FULL COLUMNS FROM `teacher` [ RunTime:0.000935s ]
[2023-06-14T04:44:27+08:00][sql] SELECT `teacher_name`,`teacher_title`,`teacher_avatar` FROM `teacher` WHERE  `id` = 1 LIMIT 1 [ RunTime:0.000268s ]
[2023-06-14T04:44:27+08:00][sql] SELECT `teacher_name`,`teacher_title`,`teacher_avatar` FROM `teacher` WHERE  `id` = 2 LIMIT 1 [ RunTime:0.000223s ]
[2023-06-14T04:44:27+08:00][sql] SHOW FULL COLUMNS FROM `address` [ RunTime:0.000949s ]
[2023-06-14T04:44:27+08:00][sql] SELECT * FROM `address` WHERE  `id` = 1 LIMIT 1 [ RunTime:0.000293s ]
[2023-06-14T04:44:27+08:00][sql] SELECT * FROM `address` WHERE  `id` = 2 LIMIT 1 [ RunTime:0.000254s ]
[2023-06-14T04:46:32+08:00][sql] CONNECT:[ UseTime:0.000461s ] mysql:host=localhost;port=3316;dbname=coffee;charset=utf8
[2023-06-14T04:46:32+08:00][sql] SHOW FULL COLUMNS FROM `course` [ RunTime:0.001716s ]
[2023-06-14T04:46:32+08:00][sql] SELECT * FROM `course` WHERE  `id` = 2 LIMIT 1 [ RunTime:0.000464s ]
[2023-06-14T04:46:32+08:00][sql] SHOW FULL COLUMNS FROM `teacher` [ RunTime:0.001384s ]
[2023-06-14T04:46:32+08:00][sql] SELECT `teacher_name`,`teacher_title`,`teacher_avatar` FROM `teacher` WHERE  `id` = 3 LIMIT 1 [ RunTime:0.000285s ]
[2023-06-14T04:46:32+08:00][sql] SHOW FULL COLUMNS FROM `address` [ RunTime:0.001291s ]
[2023-06-14T04:46:32+08:00][sql] SELECT * FROM `address` WHERE  `id` = 1 LIMIT 1 [ RunTime:0.000338s ]
[2023-06-14T04:46:32+08:00][sql] SELECT * FROM `address` WHERE  `id` = 2 LIMIT 1 [ RunTime:0.000243s ]
[2023-06-14T04:49:41+08:00][sql] CONNECT:[ UseTime:0.000402s ] mysql:host=localhost;port=3316;dbname=coffee;charset=utf8
[2023-06-14T04:49:41+08:00][sql] SHOW FULL COLUMNS FROM `course` [ RunTime:0.001461s ]
[2023-06-14T04:49:41+08:00][sql] SELECT * FROM `course` WHERE  `id` = 4 LIMIT 1 [ RunTime:0.000300s ]
[2023-06-14T04:49:41+08:00][sql] SHOW FULL COLUMNS FROM `teacher` [ RunTime:0.001052s ]
[2023-06-14T04:49:41+08:00][sql] SELECT `teacher_name`,`teacher_title`,`teacher_avatar` FROM `teacher` WHERE  `id` = 2 LIMIT 1 [ RunTime:0.000280s ]
[2023-06-14T04:49:41+08:00][sql] SHOW FULL COLUMNS FROM `address` [ RunTime:0.001244s ]
[2023-06-14T04:49:41+08:00][sql] SELECT * FROM `address` WHERE  `id` = 1 LIMIT 1 [ RunTime:0.000311s ]
[2023-06-14T04:49:41+08:00][sql] SELECT * FROM `address` WHERE  `id` = 2 LIMIT 1 [ RunTime:0.000283s ]
[2023-06-14T05:05:03+08:00][sql] CONNECT:[ UseTime:0.000334s ] mysql:host=localhost;port=3316;dbname=coffee;charset=utf8
[2023-06-14T05:05:03+08:00][sql] SHOW FULL COLUMNS FROM `course` [ RunTime:0.001219s ]
[2023-06-14T05:05:03+08:00][sql] SELECT * FROM `course` WHERE  `id` = 1 LIMIT 1 [ RunTime:0.000742s ]
[2023-06-14T05:05:03+08:00][sql] SHOW FULL COLUMNS FROM `teacher` [ RunTime:0.000918s ]
[2023-06-14T05:05:03+08:00][sql] SELECT `teacher_name`,`teacher_title`,`teacher_avatar` FROM `teacher` WHERE  `id` = 1 LIMIT 1 [ RunTime:0.000239s ]
[2023-06-14T05:05:03+08:00][sql] SELECT `teacher_name`,`teacher_title`,`teacher_avatar` FROM `teacher` WHERE  `id` = 2 LIMIT 1 [ RunTime:0.000202s ]
[2023-06-14T05:05:03+08:00][sql] SHOW FULL COLUMNS FROM `address` [ RunTime:0.000898s ]
[2023-06-14T05:05:03+08:00][sql] SELECT * FROM `address` WHERE  `id` = 1 LIMIT 1 [ RunTime:0.000238s ]
[2023-06-14T05:05:03+08:00][sql] SELECT * FROM `address` WHERE  `id` = 2 LIMIT 1 [ RunTime:0.000208s ]
[2023-06-14T05:05:03+08:00][sql] CONNECT:[ UseTime:0.000386s ] mysql:host=localhost;port=3316;dbname=coffee;charset=utf8
[2023-06-14T05:05:03+08:00][sql] SHOW FULL COLUMNS FROM `course` [ RunTime:0.001522s ]
[2023-06-14T05:05:03+08:00][sql] SELECT * FROM `course` WHERE  `id` = 2 LIMIT 1 [ RunTime:0.000781s ]
[2023-06-14T05:05:03+08:00][sql] SHOW FULL COLUMNS FROM `teacher` [ RunTime:0.000949s ]
[2023-06-14T05:05:03+08:00][sql] SELECT `teacher_name`,`teacher_title`,`teacher_avatar` FROM `teacher` WHERE  `id` = 3 LIMIT 1 [ RunTime:0.000237s ]
[2023-06-14T05:05:03+08:00][sql] SHOW FULL COLUMNS FROM `address` [ RunTime:0.000918s ]
[2023-06-14T05:05:03+08:00][sql] SELECT * FROM `address` WHERE  `id` = 1 LIMIT 1 [ RunTime:0.000237s ]
[2023-06-14T05:05:03+08:00][sql] SELECT * FROM `address` WHERE  `id` = 2 LIMIT 1 [ RunTime:0.000227s ]
[2023-06-14T05:05:03+08:00][sql] CONNECT:[ UseTime:0.000336s ] mysql:host=localhost;port=3316;dbname=coffee;charset=utf8
[2023-06-14T05:05:03+08:00][sql] SHOW FULL COLUMNS FROM `course` [ RunTime:0.001254s ]
[2023-06-14T05:05:03+08:00][sql] SELECT * FROM `course` WHERE  `id` = 4 LIMIT 1 [ RunTime:0.000726s ]
[2023-06-14T05:05:03+08:00][sql] SHOW FULL COLUMNS FROM `teacher` [ RunTime:0.000971s ]
[2023-06-14T05:05:03+08:00][sql] SELECT `teacher_name`,`teacher_title`,`teacher_avatar` FROM `teacher` WHERE  `id` = 2 LIMIT 1 [ RunTime:0.000886s ]
[2023-06-14T05:05:03+08:00][sql] SHOW FULL COLUMNS FROM `address` [ RunTime:0.000914s ]
[2023-06-14T05:05:03+08:00][sql] SELECT * FROM `address` WHERE  `id` = 1 LIMIT 1 [ RunTime:0.000233s ]
[2023-06-14T05:05:03+08:00][sql] SELECT * FROM `address` WHERE  `id` = 2 LIMIT 1 [ RunTime:0.000207s ]
[2023-06-14T05:05:03+08:00][sql] CONNECT:[ UseTime:0.000454s ] mysql:host=localhost;port=3316;dbname=coffee;charset=utf8
[2023-06-14T05:05:03+08:00][sql] SHOW FULL COLUMNS FROM `course` [ RunTime:0.001620s ]
[2023-06-14T05:05:03+08:00][sql] SELECT * FROM `course` WHERE  `id` = 5 LIMIT 1 [ RunTime:0.000785s ]
[2023-06-14T05:05:03+08:00][sql] SHOW FULL COLUMNS FROM `teacher` [ RunTime:0.000995s ]
[2023-06-14T05:05:03+08:00][sql] SELECT `teacher_name`,`teacher_title`,`teacher_avatar` FROM `teacher` WHERE  `id` = 1 LIMIT 1 [ RunTime:0.000237s ]
[2023-06-14T05:05:03+08:00][sql] SELECT `teacher_name`,`teacher_title`,`teacher_avatar` FROM `teacher` WHERE  `id` = 2 LIMIT 1 [ RunTime:0.000211s ]
[2023-06-14T05:05:03+08:00][sql] SHOW FULL COLUMNS FROM `address` [ RunTime:0.000972s ]
[2023-06-14T05:05:03+08:00][sql] SELECT * FROM `address` WHERE  `id` = 1 LIMIT 1 [ RunTime:0.000247s ]
[2023-06-14T05:05:03+08:00][sql] SELECT * FROM `address` WHERE  `id` = 2 LIMIT 1 [ RunTime:0.000315s ]
[2023-06-14T05:05:03+08:00][sql] CONNECT:[ UseTime:0.000376s ] mysql:host=localhost;port=3316;dbname=coffee;charset=utf8
[2023-06-14T05:05:03+08:00][sql] SHOW FULL COLUMNS FROM `course` [ RunTime:0.001495s ]
[2023-06-14T05:05:03+08:00][sql] SELECT * FROM `course` WHERE  `id` = 6 LIMIT 1 [ RunTime:0.000340s ]
[2023-06-14T05:05:03+08:00][sql] SHOW FULL COLUMNS FROM `teacher` [ RunTime:0.000943s ]
[2023-06-14T05:05:03+08:00][sql] SELECT `teacher_name`,`teacher_title`,`teacher_avatar` FROM `teacher` WHERE  `id` = 1 LIMIT 1 [ RunTime:0.000225s ]
[2023-06-14T05:05:03+08:00][sql] SHOW FULL COLUMNS FROM `address` [ RunTime:0.000941s ]
[2023-06-14T05:05:03+08:00][sql] SELECT * FROM `address` WHERE  `id` = 1 LIMIT 1 [ RunTime:0.000265s ]
[2023-06-14T05:05:03+08:00][sql] SELECT * FROM `address` WHERE  `id` = 2 LIMIT 1 [ RunTime:0.000266s ]
[2023-06-14T05:08:02+08:00][sql] CONNECT:[ UseTime:0.000453s ] mysql:host=localhost;port=3316;dbname=coffee;charset=utf8
[2023-06-14T05:08:02+08:00][sql] SHOW FULL COLUMNS FROM `course` [ RunTime:0.001533s ]
[2023-06-14T05:08:02+08:00][sql] SELECT * FROM `course` WHERE  `id` = 4 LIMIT 1 [ RunTime:0.000342s ]
[2023-06-14T05:08:02+08:00][sql] SHOW FULL COLUMNS FROM `teacher` [ RunTime:0.000960s ]
[2023-06-14T05:08:02+08:00][sql] SELECT `teacher_name`,`teacher_title`,`teacher_avatar` FROM `teacher` WHERE  `id` = 2 LIMIT 1 [ RunTime:0.000251s ]
[2023-06-14T05:08:02+08:00][sql] SHOW FULL COLUMNS FROM `address` [ RunTime:0.000898s ]
[2023-06-14T05:08:02+08:00][sql] SELECT * FROM `address` WHERE  `id` = 1 LIMIT 1 [ RunTime:0.000238s ]
[2023-06-14T05:08:02+08:00][sql] SELECT * FROM `address` WHERE  `id` = 2 LIMIT 1 [ RunTime:0.000215s ]
[2023-06-14T05:09:34+08:00][sql] CONNECT:[ UseTime:0.000434s ] mysql:host=localhost;port=3316;dbname=coffee;charset=utf8
[2023-06-14T05:09:34+08:00][sql] SHOW FULL COLUMNS FROM `course` [ RunTime:0.001466s ]
[2023-06-14T05:09:34+08:00][sql] SELECT * FROM `course` WHERE  `id` = 5 LIMIT 1 [ RunTime:0.000304s ]
[2023-06-14T05:09:34+08:00][sql] SHOW FULL COLUMNS FROM `teacher` [ RunTime:0.000906s ]
[2023-06-14T05:09:34+08:00][sql] SELECT `teacher_name`,`teacher_title`,`teacher_avatar` FROM `teacher` WHERE  `id` = 1 LIMIT 1 [ RunTime:0.000227s ]
[2023-06-14T05:09:34+08:00][sql] SELECT `teacher_name`,`teacher_title`,`teacher_avatar` FROM `teacher` WHERE  `id` = 2 LIMIT 1 [ RunTime:0.000199s ]
[2023-06-14T05:09:34+08:00][sql] SHOW FULL COLUMNS FROM `address` [ RunTime:0.001059s ]
[2023-06-14T05:09:34+08:00][sql] SELECT * FROM `address` WHERE  `id` = 1 LIMIT 1 [ RunTime:0.000266s ]
[2023-06-14T05:09:34+08:00][sql] SELECT * FROM `address` WHERE  `id` = 2 LIMIT 1 [ RunTime:0.000218s ]
[2023-06-14T06:19:28+08:00][sql] CONNECT:[ UseTime:0.000427s ] mysql:host=localhost;port=3316;dbname=coffee;charset=utf8
[2023-06-14T06:19:28+08:00][sql] SHOW FULL COLUMNS FROM `course` [ RunTime:0.001516s ]
[2023-06-14T06:19:28+08:00][sql] SELECT * FROM `course` WHERE  `id` = 1 LIMIT 1 [ RunTime:0.000326s ]
[2023-06-14T06:19:28+08:00][sql] SHOW FULL COLUMNS FROM `teacher` [ RunTime:0.000916s ]
[2023-06-14T06:19:28+08:00][sql] SELECT `teacher_name`,`teacher_title`,`teacher_avatar` FROM `teacher` WHERE  `id` = 1 LIMIT 1 [ RunTime:0.000225s ]
[2023-06-14T06:19:28+08:00][sql] SELECT `teacher_name`,`teacher_title`,`teacher_avatar` FROM `teacher` WHERE  `id` = 2 LIMIT 1 [ RunTime:0.000678s ]
[2023-06-14T06:19:28+08:00][sql] SHOW FULL COLUMNS FROM `address` [ RunTime:0.000916s ]
[2023-06-14T06:19:28+08:00][sql] SELECT * FROM `address` WHERE  `id` = 1 LIMIT 1 [ RunTime:0.000243s ]
[2023-06-14T06:19:28+08:00][sql] SELECT * FROM `address` WHERE  `id` = 2 LIMIT 1 [ RunTime:0.000202s ]
[2023-06-14T07:04:28+08:00][sql] CONNECT:[ UseTime:0.000407s ] mysql:host=localhost;port=3316;dbname=coffee;charset=utf8
[2023-06-14T07:04:28+08:00][sql] SHOW FULL COLUMNS FROM `course` [ RunTime:0.001500s ]
[2023-06-14T07:04:28+08:00][sql] SELECT * FROM `course` WHERE  `id` = 1 LIMIT 1 [ RunTime:0.000342s ]
[2023-06-14T07:04:28+08:00][sql] SHOW FULL COLUMNS FROM `teacher` [ RunTime:0.000951s ]
[2023-06-14T07:04:28+08:00][sql] SELECT `teacher_name`,`teacher_title`,`teacher_avatar` FROM `teacher` WHERE  `id` = 1 LIMIT 1 [ RunTime:0.000223s ]
[2023-06-14T07:04:28+08:00][sql] SELECT `teacher_name`,`teacher_title`,`teacher_avatar` FROM `teacher` WHERE  `id` = 2 LIMIT 1 [ RunTime:0.000220s ]
[2023-06-14T07:04:28+08:00][sql] SHOW FULL COLUMNS FROM `address` [ RunTime:0.000942s ]
[2023-06-14T07:04:28+08:00][sql] SELECT * FROM `address` WHERE  `id` = 1 LIMIT 1 [ RunTime:0.000260s ]
[2023-06-14T07:04:28+08:00][sql] SELECT * FROM `address` WHERE  `id` = 2 LIMIT 1 [ RunTime:0.000238s ]
[2023-06-14T12:17:11+08:00][sql] CONNECT:[ UseTime:0.000406s ] mysql:host=localhost;port=3316;dbname=coffee;charset=utf8
[2023-06-14T12:17:11+08:00][sql] SHOW FULL COLUMNS FROM `course` [ RunTime:0.001464s ]
[2023-06-14T12:17:11+08:00][sql] SELECT * FROM `course` WHERE  `id` = 7 LIMIT 1 [ RunTime:0.000280s ]
[2023-06-14T12:17:11+08:00][sql] SHOW FULL COLUMNS FROM `teacher` [ RunTime:0.000849s ]
[2023-06-14T12:17:11+08:00][sql] SELECT `teacher_name`,`teacher_title`,`teacher_avatar` FROM `teacher` WHERE  `id` = 1 LIMIT 1 [ RunTime:0.000223s ]
[2023-06-14T12:17:11+08:00][sql] SHOW FULL COLUMNS FROM `address` [ RunTime:0.000916s ]
[2023-06-14T12:17:11+08:00][sql] SELECT * FROM `address` WHERE  `id` = 1 LIMIT 1 [ RunTime:0.000293s ]
[2023-06-14T12:17:11+08:00][sql] SELECT * FROM `address` WHERE  `id` = 2 LIMIT 1 [ RunTime:0.000194s ]
[2023-06-14T14:26:13+08:00][sql] CONNECT:[ UseTime:0.000458s ] mysql:host=localhost;port=3316;dbname=coffee;charset=utf8
[2023-06-14T14:26:13+08:00][sql] SHOW FULL COLUMNS FROM `course` [ RunTime:0.001477s ]
[2023-06-14T14:26:13+08:00][sql] SELECT * FROM `course` WHERE  `id` = 4 LIMIT 1 [ RunTime:0.000305s ]
[2023-06-14T14:26:13+08:00][sql] SHOW FULL COLUMNS FROM `teacher` [ RunTime:0.000976s ]
[2023-06-14T14:26:13+08:00][sql] SELECT `teacher_name`,`teacher_title`,`teacher_avatar` FROM `teacher` WHERE  `id` = 2 LIMIT 1 [ RunTime:0.000246s ]
[2023-06-14T14:26:13+08:00][sql] SHOW FULL COLUMNS FROM `address` [ RunTime:0.001153s ]
[2023-06-14T14:26:13+08:00][sql] SELECT * FROM `address` WHERE  `id` = 1 LIMIT 1 [ RunTime:0.000287s ]
[2023-06-14T14:26:13+08:00][sql] SELECT * FROM `address` WHERE  `id` = 2 LIMIT 1 [ RunTime:0.000252s ]
[2023-06-14T15:15:24+08:00][sql] CONNECT:[ UseTime:0.000485s ] mysql:host=localhost;port=3316;dbname=coffee;charset=utf8
[2023-06-14T15:15:24+08:00][sql] SHOW FULL COLUMNS FROM `course` [ RunTime:0.001520s ]
[2023-06-14T15:15:24+08:00][sql] SELECT `id`,`title`,`price`,`days`,`time` FROM `course` WHERE  `is_time` = 1 ORDER BY `sorting` ASC [ RunTime:0.000738s ]
[2023-06-14T15:15:24+08:00][sql] SELECT `id`,`title` FROM `course` WHERE  `status` = 1 [ RunTime:0.000216s ]
[2023-06-14T15:15:24+08:00][sql] SELECT `id`,`title` FROM `course` WHERE  `status` = 2 [ RunTime:0.000200s ]
[2023-06-14T15:15:24+08:00][sql] SHOW FULL COLUMNS FROM `address` [ RunTime:0.000958s ]
[2023-06-14T15:15:24+08:00][sql] SELECT * FROM `address` WHERE  `id` = 1 LIMIT 1 [ RunTime:0.000265s ]
[2023-06-14T15:15:24+08:00][sql] SELECT * FROM `address` WHERE  `id` = 2 LIMIT 1 [ RunTime:0.000260s ]
[2023-06-14T15:25:09+08:00][sql] CONNECT:[ UseTime:0.000429s ] mysql:host=localhost;port=3316;dbname=coffee;charset=utf8
[2023-06-14T15:25:09+08:00][sql] SHOW FULL COLUMNS FROM `course` [ RunTime:0.001692s ]
[2023-06-14T15:25:09+08:00][sql] SELECT `id`,`title`,`price`,`days`,`time` FROM `course` WHERE  `is_time` = 1 ORDER BY `sorting` ASC [ RunTime:0.000894s ]
[2023-06-14T15:25:09+08:00][sql] SELECT `id`,`title` FROM `course` WHERE  `status` = 1 [ RunTime:0.000284s ]
[2023-06-14T15:25:09+08:00][sql] SELECT `id`,`title` FROM `course` WHERE  `status` = 2 [ RunTime:0.000243s ]
[2023-06-14T15:25:09+08:00][sql] SHOW FULL COLUMNS FROM `address` [ RunTime:0.001129s ]
[2023-06-14T15:25:09+08:00][sql] SELECT * FROM `address` WHERE  `id` = 1 LIMIT 1 [ RunTime:0.000275s ]
[2023-06-14T15:25:09+08:00][sql] SELECT * FROM `address` WHERE  `id` = 2 LIMIT 1 [ RunTime:0.000229s ]
[2023-06-14T18:05:47+08:00][sql] CONNECT:[ UseTime:0.000471s ] mysql:host=localhost;port=3316;dbname=coffee;charset=utf8
[2023-06-14T18:05:47+08:00][sql] SHOW FULL COLUMNS FROM `course` [ RunTime:0.001720s ]
[2023-06-14T18:05:47+08:00][sql] SELECT * FROM `course` WHERE  `id` = 4 LIMIT 1 [ RunTime:0.000432s ]
[2023-06-14T18:05:47+08:00][sql] SHOW FULL COLUMNS FROM `teacher` [ RunTime:0.001033s ]
[2023-06-14T18:05:47+08:00][sql] SELECT `teacher_name`,`teacher_title`,`teacher_avatar` FROM `teacher` WHERE  `id` = 2 LIMIT 1 [ RunTime:0.000291s ]
[2023-06-14T18:05:47+08:00][sql] SHOW FULL COLUMNS FROM `address` [ RunTime:0.001332s ]
[2023-06-14T18:05:47+08:00][sql] SELECT * FROM `address` WHERE  `id` = 1 LIMIT 1 [ RunTime:0.000280s ]
[2023-06-14T18:05:47+08:00][sql] SELECT * FROM `address` WHERE  `id` = 2 LIMIT 1 [ RunTime:0.000213s ]
[2023-06-14T18:24:27+08:00][sql] CONNECT:[ UseTime:0.000443s ] mysql:host=localhost;port=3316;dbname=coffee;charset=utf8
[2023-06-14T18:24:27+08:00][sql] SHOW FULL COLUMNS FROM `course` [ RunTime:0.001600s ]
[2023-06-14T18:24:27+08:00][sql] SELECT * FROM `course` WHERE  `id` = 3 LIMIT 1 [ RunTime:0.000549s ]
[2023-06-14T18:24:27+08:00][sql] SHOW FULL COLUMNS FROM `teacher` [ RunTime:0.001489s ]
[2023-06-14T18:24:27+08:00][sql] SELECT `teacher_name`,`teacher_title`,`teacher_avatar` FROM `teacher` WHERE  `id` = 1 LIMIT 1 [ RunTime:0.000399s ]
[2023-06-14T18:24:27+08:00][sql] SHOW FULL COLUMNS FROM `address` [ RunTime:0.001110s ]
[2023-06-14T18:24:27+08:00][sql] SELECT * FROM `address` WHERE  `id` = 1 LIMIT 1 [ RunTime:0.000279s ]
[2023-06-14T18:24:27+08:00][sql] SELECT * FROM `address` WHERE  `id` = 2 LIMIT 1 [ RunTime:0.000234s ]
[2023-06-14T18:31:23+08:00][sql] CONNECT:[ UseTime:0.000421s ] mysql:host=localhost;port=3316;dbname=coffee;charset=utf8
[2023-06-14T18:31:23+08:00][sql] SHOW FULL COLUMNS FROM `course` [ RunTime:0.001643s ]
[2023-06-14T18:31:23+08:00][sql] SELECT * FROM `course` WHERE  `id` = 3 LIMIT 1 [ RunTime:0.000349s ]
[2023-06-14T18:31:23+08:00][sql] SHOW FULL COLUMNS FROM `teacher` [ RunTime:0.000983s ]
[2023-06-14T18:31:23+08:00][sql] SELECT `teacher_name`,`teacher_title`,`teacher_avatar` FROM `teacher` WHERE  `id` = 1 LIMIT 1 [ RunTime:0.000240s ]
[2023-06-14T18:31:23+08:00][sql] SHOW FULL COLUMNS FROM `address` [ RunTime:0.000911s ]
[2023-06-14T18:31:23+08:00][sql] SELECT * FROM `address` WHERE  `id` = 1 LIMIT 1 [ RunTime:0.000234s ]
[2023-06-14T18:31:23+08:00][sql] SELECT * FROM `address` WHERE  `id` = 2 LIMIT 1 [ RunTime:0.000207s ]
[2023-06-14T19:00:08+08:00][sql] CONNECT:[ UseTime:0.000500s ] mysql:host=localhost;port=3316;dbname=coffee;charset=utf8
[2023-06-14T19:00:08+08:00][sql] SHOW FULL COLUMNS FROM `course` [ RunTime:0.002024s ]
[2023-06-14T19:00:08+08:00][sql] SELECT * FROM `course` WHERE  `id` = 4 LIMIT 1 [ RunTime:0.000310s ]
[2023-06-14T19:00:08+08:00][sql] SHOW FULL COLUMNS FROM `teacher` [ RunTime:0.001452s ]
[2023-06-14T19:00:08+08:00][sql] SELECT `teacher_name`,`teacher_title`,`teacher_avatar` FROM `teacher` WHERE  `id` = 2 LIMIT 1 [ RunTime:0.000245s ]
[2023-06-14T19:00:08+08:00][sql] SHOW FULL COLUMNS FROM `address` [ RunTime:0.000938s ]
[2023-06-14T19:00:08+08:00][sql] SELECT * FROM `address` WHERE  `id` = 1 LIMIT 1 [ RunTime:0.000315s ]
[2023-06-14T19:00:08+08:00][sql] SELECT * FROM `address` WHERE  `id` = 2 LIMIT 1 [ RunTime:0.000313s ]
