[2023-06-15T16:17:58+08:00][sql] CONNECT:[ UseTime:0.000435s ] mysql:host=localhost;port=3316;dbname=coffee;charset=utf8
[2023-06-15T16:17:58+08:00][sql] SHOW FULL COLUMNS FROM `course` [ RunTime:0.001517s ]
[2023-06-15T16:17:58+08:00][sql] SELECT * FROM `course` WHERE  `id` = 1 LIMIT 1 [ RunTime:0.000295s ]
[2023-06-15T16:17:58+08:00][sql] SHOW FULL COLUMNS FROM `teacher` [ RunTime:0.000875s ]
[2023-06-15T16:17:58+08:00][sql] SELECT `teacher_name`,`teacher_title`,`teacher_avatar` FROM `teacher` WHERE  `id` = 1 LIMIT 1 [ RunTime:0.000229s ]
[2023-06-15T16:17:58+08:00][sql] SELECT `teacher_name`,`teacher_title`,`teacher_avatar` FROM `teacher` WHERE  `id` = 2 LIMIT 1 [ RunTime:0.000221s ]
[2023-06-15T16:17:58+08:00][sql] SHOW FULL COLUMNS FROM `address` [ RunTime:0.000876s ]
[2023-06-15T16:17:58+08:00][sql] SELECT * FROM `address` WHERE  `id` = 1 LIMIT 1 [ RunTime:0.000230s ]
[2023-06-15T16:17:58+08:00][sql] SELECT * FROM `address` WHERE  `id` = 2 LIMIT 1 [ RunTime:0.000195s ]
[2023-06-15T16:18:03+08:00][sql] CONNECT:[ UseTime:0.000447s ] mysql:host=localhost;port=3316;dbname=coffee;charset=utf8
[2023-06-15T16:18:03+08:00][sql] SHOW FULL COLUMNS FROM `course` [ RunTime:0.001584s ]
[2023-06-15T16:18:03+08:00][sql] SELECT `id`,`title`,`price`,`days`,`time` FROM `course` WHERE  `is_time` = 1 ORDER BY `sorting` ASC [ RunTime:0.000777s ]
[2023-06-15T16:18:03+08:00][sql] SELECT `id`,`title` FROM `course` WHERE  `status` = 1 [ RunTime:0.000234s ]
[2023-06-15T16:18:03+08:00][sql] SELECT `id`,`title` FROM `course` WHERE  `status` = 2 [ RunTime:0.000273s ]
[2023-06-15T16:18:03+08:00][sql] SHOW FULL COLUMNS FROM `address` [ RunTime:0.001338s ]
[2023-06-15T16:18:03+08:00][sql] SELECT * FROM `address` WHERE  `id` = 1 LIMIT 1 [ RunTime:0.000293s ]
[2023-06-15T16:18:03+08:00][sql] SELECT * FROM `address` WHERE  `id` = 2 LIMIT 1 [ RunTime:0.000292s ]
[2023-06-15T16:18:07+08:00][sql] CONNECT:[ UseTime:0.000428s ] mysql:host=localhost;port=3316;dbname=coffee;charset=utf8
[2023-06-15T16:18:07+08:00][sql] SHOW FULL COLUMNS FROM `course` [ RunTime:0.001613s ]
[2023-06-15T16:18:07+08:00][sql] SELECT * FROM `course` WHERE  `id` = 3 LIMIT 1 [ RunTime:0.000758s ]
[2023-06-15T16:18:07+08:00][sql] SHOW FULL COLUMNS FROM `teacher` [ RunTime:0.000940s ]
[2023-06-15T16:18:07+08:00][sql] SELECT `teacher_name`,`teacher_title`,`teacher_avatar` FROM `teacher` WHERE  `id` = 1 LIMIT 1 [ RunTime:0.000231s ]
[2023-06-15T16:18:07+08:00][sql] SHOW FULL COLUMNS FROM `address` [ RunTime:0.000950s ]
[2023-06-15T16:18:07+08:00][sql] SELECT * FROM `address` WHERE  `id` = 1 LIMIT 1 [ RunTime:0.000276s ]
[2023-06-15T16:18:07+08:00][sql] SELECT * FROM `address` WHERE  `id` = 2 LIMIT 1 [ RunTime:0.000342s ]
[2023-06-15T16:22:38+08:00][sql] CONNECT:[ UseTime:0.000496s ] mysql:host=localhost;port=3316;dbname=coffee;charset=utf8
[2023-06-15T16:22:38+08:00][sql] SHOW FULL COLUMNS FROM `course` [ RunTime:0.001470s ]
[2023-06-15T16:22:38+08:00][sql] SELECT * FROM `course` WHERE  `id` = 1 LIMIT 1 [ RunTime:0.000780s ]
[2023-06-15T16:22:38+08:00][sql] SHOW FULL COLUMNS FROM `teacher` [ RunTime:0.000932s ]
[2023-06-15T16:22:38+08:00][sql] SELECT `teacher_name`,`teacher_title`,`teacher_avatar` FROM `teacher` WHERE  `id` = 1 LIMIT 1 [ RunTime:0.000267s ]
[2023-06-15T16:22:38+08:00][sql] SELECT `teacher_name`,`teacher_title`,`teacher_avatar` FROM `teacher` WHERE  `id` = 2 LIMIT 1 [ RunTime:0.000217s ]
[2023-06-15T16:22:38+08:00][sql] SHOW FULL COLUMNS FROM `address` [ RunTime:0.000938s ]
[2023-06-15T16:22:38+08:00][sql] SELECT * FROM `address` WHERE  `id` = 1 LIMIT 1 [ RunTime:0.000246s ]
[2023-06-15T16:22:38+08:00][sql] SELECT * FROM `address` WHERE  `id` = 2 LIMIT 1 [ RunTime:0.000244s ]
[2023-06-15T16:24:43+08:00][sql] CONNECT:[ UseTime:0.000479s ] mysql:host=localhost;port=3316;dbname=coffee;charset=utf8
[2023-06-15T16:24:43+08:00][sql] SHOW FULL COLUMNS FROM `course` [ RunTime:0.001796s ]
[2023-06-15T16:24:43+08:00][sql] SELECT * FROM `course` WHERE  `id` = 3 LIMIT 1 [ RunTime:0.000740s ]
[2023-06-15T16:24:43+08:00][sql] SHOW FULL COLUMNS FROM `teacher` [ RunTime:0.001028s ]
[2023-06-15T16:24:43+08:00][sql] SELECT `teacher_name`,`teacher_title`,`teacher_avatar` FROM `teacher` WHERE  `id` = 1 LIMIT 1 [ RunTime:0.000269s ]
[2023-06-15T16:24:43+08:00][sql] SHOW FULL COLUMNS FROM `address` [ RunTime:0.000971s ]
[2023-06-15T16:24:43+08:00][sql] SELECT * FROM `address` WHERE  `id` = 1 LIMIT 1 [ RunTime:0.000227s ]
[2023-06-15T16:24:43+08:00][sql] SELECT * FROM `address` WHERE  `id` = 2 LIMIT 1 [ RunTime:0.000189s ]
[2023-06-15T16:26:06+08:00][sql] CONNECT:[ UseTime:0.000400s ] mysql:host=localhost;port=3316;dbname=coffee;charset=utf8
[2023-06-15T16:26:06+08:00][sql] SHOW FULL COLUMNS FROM `course` [ RunTime:0.001470s ]
[2023-06-15T16:26:06+08:00][sql] SELECT `id`,`title`,`price`,`days`,`time` FROM `course` WHERE  `is_time` = 1 ORDER BY `sorting` ASC [ RunTime:0.000726s ]
[2023-06-15T16:26:06+08:00][sql] SELECT `id`,`title` FROM `course` WHERE  `status` = 1 [ RunTime:0.000218s ]
[2023-06-15T16:26:06+08:00][sql] SELECT `id`,`title` FROM `course` WHERE  `status` = 2 [ RunTime:0.000222s ]
[2023-06-15T16:26:06+08:00][sql] SHOW FULL COLUMNS FROM `address` [ RunTime:0.001074s ]
[2023-06-15T16:26:06+08:00][sql] SELECT * FROM `address` WHERE  `id` = 1 LIMIT 1 [ RunTime:0.000337s ]
[2023-06-15T16:26:06+08:00][sql] SELECT * FROM `address` WHERE  `id` = 2 LIMIT 1 [ RunTime:0.000312s ]
[2023-06-15T17:43:25+08:00][sql] CONNECT:[ UseTime:0.000460s ] mysql:host=localhost;port=3316;dbname=coffee;charset=utf8
[2023-06-15T17:43:25+08:00][sql] SHOW FULL COLUMNS FROM `course` [ RunTime:0.001566s ]
[2023-06-15T17:43:25+08:00][sql] SELECT `id`,`title`,`price`,`days`,`time` FROM `course` WHERE  `is_time` = 1 ORDER BY `sorting` ASC [ RunTime:0.000763s ]
[2023-06-15T17:43:25+08:00][sql] SELECT `id`,`title` FROM `course` WHERE  `status` = 1 [ RunTime:0.000224s ]
[2023-06-15T17:43:25+08:00][sql] SELECT `id`,`title` FROM `course` WHERE  `status` = 2 [ RunTime:0.000206s ]
[2023-06-15T17:43:25+08:00][sql] SHOW FULL COLUMNS FROM `address` [ RunTime:0.000981s ]
[2023-06-15T17:43:25+08:00][sql] SELECT * FROM `address` WHERE  `id` = 1 LIMIT 1 [ RunTime:0.000282s ]
[2023-06-15T17:43:25+08:00][sql] SELECT * FROM `address` WHERE  `id` = 2 LIMIT 1 [ RunTime:0.000271s ]
[2023-06-15T17:54:39+08:00][sql] CONNECT:[ UseTime:0.000448s ] mysql:host=localhost;port=3316;dbname=coffee;charset=utf8
[2023-06-15T17:54:39+08:00][sql] SHOW FULL COLUMNS FROM `course` [ RunTime:0.001620s ]
[2023-06-15T17:54:39+08:00][sql] SELECT `id`,`title`,`price`,`days`,`time` FROM `course` WHERE  `is_time` = 1 ORDER BY `sorting` ASC [ RunTime:0.000810s ]
[2023-06-15T17:54:39+08:00][sql] SELECT `id`,`title` FROM `course` WHERE  `status` = 1 [ RunTime:0.000265s ]
[2023-06-15T17:54:39+08:00][sql] SELECT `id`,`title` FROM `course` WHERE  `status` = 2 [ RunTime:0.000245s ]
[2023-06-15T17:54:39+08:00][sql] SHOW FULL COLUMNS FROM `address` [ RunTime:0.001020s ]
[2023-06-15T17:54:39+08:00][sql] SELECT * FROM `address` WHERE  `id` = 1 LIMIT 1 [ RunTime:0.000259s ]
[2023-06-15T17:54:39+08:00][sql] SELECT * FROM `address` WHERE  `id` = 2 LIMIT 1 [ RunTime:0.000282s ]
[2023-06-15T19:31:26+08:00][sql] CONNECT:[ UseTime:0.000463s ] mysql:host=localhost;port=3316;dbname=coffee;charset=utf8
[2023-06-15T19:31:26+08:00][sql] SHOW FULL COLUMNS FROM `course` [ RunTime:0.001717s ]
[2023-06-15T19:31:26+08:00][sql] SELECT * FROM `course` WHERE  `id` = 2 LIMIT 1 [ RunTime:0.000887s ]
[2023-06-15T19:31:26+08:00][sql] SHOW FULL COLUMNS FROM `teacher` [ RunTime:0.001352s ]
[2023-06-15T19:31:26+08:00][sql] SELECT `teacher_name`,`teacher_title`,`teacher_avatar` FROM `teacher` WHERE  `id` = 3 LIMIT 1 [ RunTime:0.000293s ]
[2023-06-15T19:31:26+08:00][sql] SHOW FULL COLUMNS FROM `address` [ RunTime:0.001320s ]
[2023-06-15T19:31:26+08:00][sql] SELECT * FROM `address` WHERE  `id` = 1 LIMIT 1 [ RunTime:0.000263s ]
[2023-06-15T19:31:26+08:00][sql] SELECT * FROM `address` WHERE  `id` = 2 LIMIT 1 [ RunTime:0.000220s ]
[2023-06-15T19:39:08+08:00][sql] CONNECT:[ UseTime:0.000417s ] mysql:host=localhost;port=3316;dbname=coffee;charset=utf8
[2023-06-15T19:39:08+08:00][sql] SHOW FULL COLUMNS FROM `course` [ RunTime:0.001499s ]
[2023-06-15T19:39:08+08:00][sql] SELECT * FROM `course` WHERE  `id` = 2 LIMIT 1 [ RunTime:0.000804s ]
[2023-06-15T19:39:08+08:00][sql] SHOW FULL COLUMNS FROM `teacher` [ RunTime:0.000999s ]
[2023-06-15T19:39:08+08:00][sql] SELECT `teacher_name`,`teacher_title`,`teacher_avatar` FROM `teacher` WHERE  `id` = 3 LIMIT 1 [ RunTime:0.000235s ]
[2023-06-15T19:39:08+08:00][sql] SHOW FULL COLUMNS FROM `address` [ RunTime:0.000924s ]
[2023-06-15T19:39:08+08:00][sql] SELECT * FROM `address` WHERE  `id` = 1 LIMIT 1 [ RunTime:0.000236s ]
[2023-06-15T19:39:08+08:00][sql] SELECT * FROM `address` WHERE  `id` = 2 LIMIT 1 [ RunTime:0.000227s ]
[2023-06-15T23:39:49+08:00][sql] CONNECT:[ UseTime:0.000422s ] mysql:host=localhost;port=3316;dbname=coffee;charset=utf8
[2023-06-15T23:39:49+08:00][sql] SHOW FULL COLUMNS FROM `course` [ RunTime:0.001545s ]
[2023-06-15T23:39:49+08:00][sql] SELECT * FROM `course` WHERE  `id` = 5 LIMIT 1 [ RunTime:0.000328s ]
[2023-06-15T23:39:49+08:00][sql] SHOW FULL COLUMNS FROM `teacher` [ RunTime:0.000940s ]
[2023-06-15T23:39:49+08:00][sql] SELECT `teacher_name`,`teacher_title`,`teacher_avatar` FROM `teacher` WHERE  `id` = 1 LIMIT 1 [ RunTime:0.000243s ]
[2023-06-15T23:39:49+08:00][sql] SELECT `teacher_name`,`teacher_title`,`teacher_avatar` FROM `teacher` WHERE  `id` = 2 LIMIT 1 [ RunTime:0.000201s ]
[2023-06-15T23:39:49+08:00][sql] SHOW FULL COLUMNS FROM `address` [ RunTime:0.000922s ]
[2023-06-15T23:39:49+08:00][sql] SELECT * FROM `address` WHERE  `id` = 1 LIMIT 1 [ RunTime:0.000274s ]
[2023-06-15T23:39:49+08:00][sql] SELECT * FROM `address` WHERE  `id` = 2 LIMIT 1 [ RunTime:0.000197s ]
[2023-06-15T23:50:46+08:00][sql] CONNECT:[ UseTime:0.000450s ] mysql:host=localhost;port=3316;dbname=coffee;charset=utf8
[2023-06-15T23:50:46+08:00][sql] SHOW FULL COLUMNS FROM `course` [ RunTime:0.001474s ]
[2023-06-15T23:50:46+08:00][sql] SELECT * FROM `course` WHERE  `id` = 6 LIMIT 1 [ RunTime:0.000303s ]
[2023-06-15T23:50:46+08:00][sql] SHOW FULL COLUMNS FROM `teacher` [ RunTime:0.000850s ]
[2023-06-15T23:50:46+08:00][sql] SELECT `teacher_name`,`teacher_title`,`teacher_avatar` FROM `teacher` WHERE  `id` = 1 LIMIT 1 [ RunTime:0.000215s ]
[2023-06-15T23:50:46+08:00][sql] SHOW FULL COLUMNS FROM `address` [ RunTime:0.000879s ]
[2023-06-15T23:50:46+08:00][sql] SELECT * FROM `address` WHERE  `id` = 1 LIMIT 1 [ RunTime:0.000252s ]
[2023-06-15T23:50:46+08:00][sql] SELECT * FROM `address` WHERE  `id` = 2 LIMIT 1 [ RunTime:0.000196s ]
[2023-06-15T23:51:20+08:00][sql] CONNECT:[ UseTime:0.000453s ] mysql:host=localhost;port=3316;dbname=coffee;charset=utf8
[2023-06-15T23:51:20+08:00][sql] SHOW FULL COLUMNS FROM `course` [ RunTime:0.001592s ]
[2023-06-15T23:51:20+08:00][sql] SELECT * FROM `course` WHERE  `id` = 5 LIMIT 1 [ RunTime:0.000816s ]
[2023-06-15T23:51:20+08:00][sql] SHOW FULL COLUMNS FROM `teacher` [ RunTime:0.001127s ]
[2023-06-15T23:51:20+08:00][sql] SELECT `teacher_name`,`teacher_title`,`teacher_avatar` FROM `teacher` WHERE  `id` = 1 LIMIT 1 [ RunTime:0.000249s ]
[2023-06-15T23:51:20+08:00][sql] SELECT `teacher_name`,`teacher_title`,`teacher_avatar` FROM `teacher` WHERE  `id` = 2 LIMIT 1 [ RunTime:0.000268s ]
[2023-06-15T23:51:20+08:00][sql] SHOW FULL COLUMNS FROM `address` [ RunTime:0.001130s ]
[2023-06-15T23:51:20+08:00][sql] SELECT * FROM `address` WHERE  `id` = 1 LIMIT 1 [ RunTime:0.000229s ]
[2023-06-15T23:51:20+08:00][sql] SELECT * FROM `address` WHERE  `id` = 2 LIMIT 1 [ RunTime:0.000207s ]
