[2023-06-18T00:30:53+08:00][sql] CONNECT:[ UseTime:0.000478s ] mysql:host=localhost;port=3316;dbname=coffee;charset=utf8
[2023-06-18T00:30:53+08:00][sql] SHOW FULL COLUMNS FROM `course` [ RunTime:0.001572s ]
[2023-06-18T00:30:53+08:00][sql] SELECT * FROM `course` WHERE  `id` = 7 LIMIT 1 [ RunTime:0.000287s ]
[2023-06-18T00:30:53+08:00][sql] SHOW FULL COLUMNS FROM `teacher` [ RunTime:0.000986s ]
[2023-06-18T00:30:53+08:00][sql] SELECT `teacher_name`,`teacher_title`,`teacher_avatar` FROM `teacher` WHERE  `id` = 1 LIMIT 1 [ RunTime:0.000223s ]
[2023-06-18T00:30:53+08:00][sql] SHOW FULL COLUMNS FROM `address` [ RunTime:0.000971s ]
[2023-06-18T00:30:53+08:00][sql] SELECT * FROM `address` WHERE  `id` = 1 LIMIT 1 [ RunTime:0.000263s ]
[2023-06-18T00:30:53+08:00][sql] SELECT * FROM `address` WHERE  `id` = 2 LIMIT 1 [ RunTime:0.000203s ]
[2023-06-18T00:31:52+08:00][sql] CONNECT:[ UseTime:0.000406s ] mysql:host=localhost;port=3316;dbname=coffee;charset=utf8
[2023-06-18T00:31:52+08:00][sql] SHOW FULL COLUMNS FROM `course` [ RunTime:0.001459s ]
[2023-06-18T00:31:52+08:00][sql] SELECT * FROM `course` WHERE  `id` = 7 LIMIT 1 [ RunTime:0.000290s ]
[2023-06-18T00:31:52+08:00][sql] SHOW FULL COLUMNS FROM `teacher` [ RunTime:0.000853s ]
[2023-06-18T00:31:52+08:00][sql] SELECT `teacher_name`,`teacher_title`,`teacher_avatar` FROM `teacher` WHERE  `id` = 1 LIMIT 1 [ RunTime:0.000219s ]
[2023-06-18T00:31:52+08:00][sql] SHOW FULL COLUMNS FROM `address` [ RunTime:0.000878s ]
[2023-06-18T00:31:52+08:00][sql] SELECT * FROM `address` WHERE  `id` = 1 LIMIT 1 [ RunTime:0.000286s ]
[2023-06-18T00:31:52+08:00][sql] SELECT * FROM `address` WHERE  `id` = 2 LIMIT 1 [ RunTime:0.000237s ]
[2023-06-18T00:47:31+08:00][sql] CONNECT:[ UseTime:0.000444s ] mysql:host=localhost;port=3316;dbname=coffee;charset=utf8
[2023-06-18T00:47:31+08:00][sql] SHOW FULL COLUMNS FROM `course` [ RunTime:0.001450s ]
[2023-06-18T00:47:31+08:00][sql] SELECT * FROM `course` WHERE  `id` = 7 LIMIT 1 [ RunTime:0.000784s ]
[2023-06-18T00:47:31+08:00][sql] SHOW FULL COLUMNS FROM `teacher` [ RunTime:0.000973s ]
[2023-06-18T00:47:31+08:00][sql] SELECT `teacher_name`,`teacher_title`,`teacher_avatar` FROM `teacher` WHERE  `id` = 1 LIMIT 1 [ RunTime:0.000265s ]
[2023-06-18T00:47:31+08:00][sql] SHOW FULL COLUMNS FROM `address` [ RunTime:0.000928s ]
[2023-06-18T00:47:31+08:00][sql] SELECT * FROM `address` WHERE  `id` = 1 LIMIT 1 [ RunTime:0.000294s ]
[2023-06-18T00:47:31+08:00][sql] SELECT * FROM `address` WHERE  `id` = 2 LIMIT 1 [ RunTime:0.000328s ]
[2023-06-18T01:18:57+08:00][sql] CONNECT:[ UseTime:0.000421s ] mysql:host=localhost;port=3316;dbname=coffee;charset=utf8
[2023-06-18T01:18:57+08:00][sql] SHOW FULL COLUMNS FROM `course` [ RunTime:0.001578s ]
[2023-06-18T01:18:57+08:00][sql] SELECT * FROM `course` WHERE  `id` = 2 LIMIT 1 [ RunTime:0.000812s ]
[2023-06-18T01:18:57+08:00][sql] SHOW FULL COLUMNS FROM `teacher` [ RunTime:0.000999s ]
[2023-06-18T01:18:57+08:00][sql] SELECT `teacher_name`,`teacher_title`,`teacher_avatar` FROM `teacher` WHERE  `id` = 3 LIMIT 1 [ RunTime:0.000239s ]
[2023-06-18T01:18:57+08:00][sql] SHOW FULL COLUMNS FROM `address` [ RunTime:0.000951s ]
[2023-06-18T01:18:57+08:00][sql] SELECT * FROM `address` WHERE  `id` = 1 LIMIT 1 [ RunTime:0.000266s ]
[2023-06-18T01:18:57+08:00][sql] SELECT * FROM `address` WHERE  `id` = 2 LIMIT 1 [ RunTime:0.000210s ]
[2023-06-18T03:59:30+08:00][sql] CONNECT:[ UseTime:0.000466s ] mysql:host=localhost;port=3316;dbname=coffee;charset=utf8
[2023-06-18T03:59:30+08:00][sql] SHOW FULL COLUMNS FROM `course` [ RunTime:0.001507s ]
[2023-06-18T03:59:30+08:00][sql] SELECT * FROM `course` WHERE  `id` = 7 LIMIT 1 [ RunTime:0.000771s ]
[2023-06-18T03:59:30+08:00][sql] SHOW FULL COLUMNS FROM `teacher` [ RunTime:0.001019s ]
[2023-06-18T03:59:30+08:00][sql] SELECT `teacher_name`,`teacher_title`,`teacher_avatar` FROM `teacher` WHERE  `id` = 1 LIMIT 1 [ RunTime:0.000224s ]
[2023-06-18T03:59:30+08:00][sql] SHOW FULL COLUMNS FROM `address` [ RunTime:0.000923s ]
[2023-06-18T03:59:30+08:00][sql] SELECT * FROM `address` WHERE  `id` = 1 LIMIT 1 [ RunTime:0.000277s ]
[2023-06-18T03:59:30+08:00][sql] SELECT * FROM `address` WHERE  `id` = 2 LIMIT 1 [ RunTime:0.000223s ]
[2023-06-18T18:48:21+08:00][sql] CONNECT:[ UseTime:0.000393s ] mysql:host=localhost;port=3316;dbname=coffee;charset=utf8
[2023-06-18T18:48:21+08:00][sql] SHOW FULL COLUMNS FROM `course` [ RunTime:0.001563s ]
[2023-06-18T18:48:21+08:00][sql] SELECT * FROM `course` WHERE  `id` = 5 LIMIT 1 [ RunTime:0.000302s ]
[2023-06-18T18:48:21+08:00][sql] SHOW FULL COLUMNS FROM `teacher` [ RunTime:0.000950s ]
[2023-06-18T18:48:21+08:00][sql] SELECT `teacher_name`,`teacher_title`,`teacher_avatar` FROM `teacher` WHERE  `id` = 1 LIMIT 1 [ RunTime:0.000315s ]
[2023-06-18T18:48:21+08:00][sql] SELECT `teacher_name`,`teacher_title`,`teacher_avatar` FROM `teacher` WHERE  `id` = 2 LIMIT 1 [ RunTime:0.000210s ]
[2023-06-18T18:48:21+08:00][sql] SHOW FULL COLUMNS FROM `address` [ RunTime:0.000954s ]
[2023-06-18T18:48:21+08:00][sql] SELECT * FROM `address` WHERE  `id` = 1 LIMIT 1 [ RunTime:0.000235s ]
[2023-06-18T18:48:21+08:00][sql] SELECT * FROM `address` WHERE  `id` = 2 LIMIT 1 [ RunTime:0.000221s ]
[2023-06-18T18:57:55+08:00][sql] CONNECT:[ UseTime:0.000384s ] mysql:host=localhost;port=3316;dbname=coffee;charset=utf8
[2023-06-18T18:57:55+08:00][sql] SHOW FULL COLUMNS FROM `course` [ RunTime:0.001576s ]
[2023-06-18T18:57:55+08:00][sql] SELECT * FROM `course` WHERE  `id` = 5 LIMIT 1 [ RunTime:0.000314s ]
[2023-06-18T18:57:55+08:00][sql] SHOW FULL COLUMNS FROM `teacher` [ RunTime:0.000937s ]
[2023-06-18T18:57:55+08:00][sql] SELECT `teacher_name`,`teacher_title`,`teacher_avatar` FROM `teacher` WHERE  `id` = 1 LIMIT 1 [ RunTime:0.000291s ]
[2023-06-18T18:57:55+08:00][sql] SELECT `teacher_name`,`teacher_title`,`teacher_avatar` FROM `teacher` WHERE  `id` = 2 LIMIT 1 [ RunTime:0.000213s ]
[2023-06-18T18:57:55+08:00][sql] SHOW FULL COLUMNS FROM `address` [ RunTime:0.001005s ]
[2023-06-18T18:57:55+08:00][sql] SELECT * FROM `address` WHERE  `id` = 1 LIMIT 1 [ RunTime:0.000255s ]
[2023-06-18T18:57:55+08:00][sql] SELECT * FROM `address` WHERE  `id` = 2 LIMIT 1 [ RunTime:0.000230s ]
[2023-06-18T19:33:21+08:00][sql] CONNECT:[ UseTime:0.000408s ] mysql:host=localhost;port=3316;dbname=coffee;charset=utf8
[2023-06-18T19:33:21+08:00][sql] SHOW FULL COLUMNS FROM `course` [ RunTime:0.001584s ]
[2023-06-18T19:33:21+08:00][sql] SELECT * FROM `course` WHERE  `id` = 5 LIMIT 1 [ RunTime:0.000299s ]
[2023-06-18T19:33:21+08:00][sql] SHOW FULL COLUMNS FROM `teacher` [ RunTime:0.000946s ]
[2023-06-18T19:33:21+08:00][sql] SELECT `teacher_name`,`teacher_title`,`teacher_avatar` FROM `teacher` WHERE  `id` = 1 LIMIT 1 [ RunTime:0.000257s ]
[2023-06-18T19:33:21+08:00][sql] SELECT `teacher_name`,`teacher_title`,`teacher_avatar` FROM `teacher` WHERE  `id` = 2 LIMIT 1 [ RunTime:0.000197s ]
[2023-06-18T19:33:21+08:00][sql] SHOW FULL COLUMNS FROM `address` [ RunTime:0.000869s ]
[2023-06-18T19:33:21+08:00][sql] SELECT * FROM `address` WHERE  `id` = 1 LIMIT 1 [ RunTime:0.000292s ]
[2023-06-18T19:33:21+08:00][sql] SELECT * FROM `address` WHERE  `id` = 2 LIMIT 1 [ RunTime:0.000219s ]
