[2023-06-20T00:42:05+08:00][sql] CONNECT:[ UseTime:0.000457s ] mysql:host=localhost;port=3316;dbname=coffee;charset=utf8
[2023-06-20T00:42:05+08:00][sql] SHOW FULL COLUMNS FROM `course` [ RunTime:0.001435s ]
[2023-06-20T00:42:05+08:00][sql] SELECT * FROM `course` WHERE  `id` = 6 LIMIT 1 [ RunTime:0.000342s ]
[2023-06-20T00:42:05+08:00][sql] SHOW FULL COLUMNS FROM `teacher` [ RunTime:0.000890s ]
[2023-06-20T00:42:05+08:00][sql] SELECT `teacher_name`,`teacher_title`,`teacher_avatar` FROM `teacher` WHERE  `id` = 1 LIMIT 1 [ RunTime:0.000233s ]
[2023-06-20T00:42:05+08:00][sql] SHOW FULL COLUMNS FROM `address` [ RunTime:0.000991s ]
[2023-06-20T00:42:05+08:00][sql] SELECT * FROM `address` WHERE  `id` = 1 LIMIT 1 [ RunTime:0.000244s ]
[2023-06-20T00:42:05+08:00][sql] SELECT * FROM `address` WHERE  `id` = 2 LIMIT 1 [ RunTime:0.000224s ]
[2023-06-20T00:48:55+08:00][sql] CONNECT:[ UseTime:0.000399s ] mysql:host=localhost;port=3316;dbname=coffee;charset=utf8
[2023-06-20T00:48:55+08:00][sql] SHOW FULL COLUMNS FROM `course` [ RunTime:0.001463s ]
[2023-06-20T00:48:55+08:00][sql] SELECT * FROM `course` WHERE  `id` = 6 LIMIT 1 [ RunTime:0.000755s ]
[2023-06-20T00:48:55+08:00][sql] SHOW FULL COLUMNS FROM `teacher` [ RunTime:0.000883s ]
[2023-06-20T00:48:55+08:00][sql] SELECT `teacher_name`,`teacher_title`,`teacher_avatar` FROM `teacher` WHERE  `id` = 1 LIMIT 1 [ RunTime:0.000219s ]
[2023-06-20T00:48:55+08:00][sql] SHOW FULL COLUMNS FROM `address` [ RunTime:0.000865s ]
[2023-06-20T00:48:55+08:00][sql] SELECT * FROM `address` WHERE  `id` = 1 LIMIT 1 [ RunTime:0.000228s ]
[2023-06-20T00:48:55+08:00][sql] SELECT * FROM `address` WHERE  `id` = 2 LIMIT 1 [ RunTime:0.000192s ]
[2023-06-20T04:17:17+08:00][sql] CONNECT:[ UseTime:0.000320s ] mysql:host=localhost;port=3316;dbname=coffee;charset=utf8
[2023-06-20T04:17:17+08:00][sql] SHOW FULL COLUMNS FROM `course` [ RunTime:0.001229s ]
[2023-06-20T04:17:17+08:00][sql] SELECT * FROM `course` WHERE  `id` = 1 LIMIT 1 [ RunTime:0.000518s ]
[2023-06-20T04:17:17+08:00][sql] SHOW FULL COLUMNS FROM `teacher` [ RunTime:0.000916s ]
[2023-06-20T04:17:17+08:00][sql] SELECT `teacher_name`,`teacher_title`,`teacher_avatar` FROM `teacher` WHERE  `id` = 1 LIMIT 1 [ RunTime:0.000230s ]
[2023-06-20T04:17:17+08:00][sql] SELECT `teacher_name`,`teacher_title`,`teacher_avatar` FROM `teacher` WHERE  `id` = 2 LIMIT 1 [ RunTime:0.000203s ]
[2023-06-20T04:17:17+08:00][sql] SHOW FULL COLUMNS FROM `address` [ RunTime:0.000916s ]
[2023-06-20T04:17:17+08:00][sql] SELECT * FROM `address` WHERE  `id` = 1 LIMIT 1 [ RunTime:0.000235s ]
[2023-06-20T04:17:17+08:00][sql] SELECT * FROM `address` WHERE  `id` = 2 LIMIT 1 [ RunTime:0.000216s ]
[2023-06-20T04:17:18+08:00][sql] CONNECT:[ UseTime:0.000395s ] mysql:host=localhost;port=3316;dbname=coffee;charset=utf8
[2023-06-20T04:17:18+08:00][sql] SHOW FULL COLUMNS FROM `course` [ RunTime:0.001511s ]
[2023-06-20T04:17:18+08:00][sql] SELECT * FROM `course` WHERE  `id` = 2 LIMIT 1 [ RunTime:0.000307s ]
[2023-06-20T04:17:18+08:00][sql] SHOW FULL COLUMNS FROM `teacher` [ RunTime:0.000972s ]
[2023-06-20T04:17:18+08:00][sql] SELECT `teacher_name`,`teacher_title`,`teacher_avatar` FROM `teacher` WHERE  `id` = 3 LIMIT 1 [ RunTime:0.000257s ]
[2023-06-20T04:17:18+08:00][sql] SHOW FULL COLUMNS FROM `address` [ RunTime:0.000949s ]
[2023-06-20T04:17:18+08:00][sql] SELECT * FROM `address` WHERE  `id` = 1 LIMIT 1 [ RunTime:0.000233s ]
[2023-06-20T04:17:18+08:00][sql] SELECT * FROM `address` WHERE  `id` = 2 LIMIT 1 [ RunTime:0.000191s ]
[2023-06-20T04:17:18+08:00][sql] CONNECT:[ UseTime:0.000258s ] mysql:host=localhost;port=3316;dbname=coffee;charset=utf8
[2023-06-20T04:17:18+08:00][sql] SHOW FULL COLUMNS FROM `course` [ RunTime:0.001141s ]
[2023-06-20T04:17:18+08:00][sql] SELECT * FROM `course` WHERE  `id` = 4 LIMIT 1 [ RunTime:0.000715s ]
[2023-06-20T04:17:18+08:00][sql] SHOW FULL COLUMNS FROM `teacher` [ RunTime:0.000868s ]
[2023-06-20T04:17:18+08:00][sql] SELECT `teacher_name`,`teacher_title`,`teacher_avatar` FROM `teacher` WHERE  `id` = 2 LIMIT 1 [ RunTime:0.000235s ]
[2023-06-20T04:17:18+08:00][sql] SHOW FULL COLUMNS FROM `address` [ RunTime:0.000877s ]
[2023-06-20T04:17:18+08:00][sql] SELECT * FROM `address` WHERE  `id` = 1 LIMIT 1 [ RunTime:0.000245s ]
[2023-06-20T04:17:18+08:00][sql] SELECT * FROM `address` WHERE  `id` = 2 LIMIT 1 [ RunTime:0.000204s ]
[2023-06-20T04:17:18+08:00][sql] CONNECT:[ UseTime:0.000409s ] mysql:host=localhost;port=3316;dbname=coffee;charset=utf8
[2023-06-20T04:17:18+08:00][sql] SHOW FULL COLUMNS FROM `course` [ RunTime:0.001883s ]
[2023-06-20T04:17:18+08:00][sql] SELECT * FROM `course` WHERE  `id` = 5 LIMIT 1 [ RunTime:0.000338s ]
[2023-06-20T04:17:18+08:00][sql] SHOW FULL COLUMNS FROM `teacher` [ RunTime:0.000901s ]
[2023-06-20T04:17:18+08:00][sql] SELECT `teacher_name`,`teacher_title`,`teacher_avatar` FROM `teacher` WHERE  `id` = 1 LIMIT 1 [ RunTime:0.000329s ]
[2023-06-20T04:17:18+08:00][sql] SELECT `teacher_name`,`teacher_title`,`teacher_avatar` FROM `teacher` WHERE  `id` = 2 LIMIT 1 [ RunTime:0.000188s ]
[2023-06-20T04:17:18+08:00][sql] SHOW FULL COLUMNS FROM `address` [ RunTime:0.000861s ]
[2023-06-20T04:17:18+08:00][sql] SELECT * FROM `address` WHERE  `id` = 1 LIMIT 1 [ RunTime:0.000230s ]
[2023-06-20T04:17:18+08:00][sql] SELECT * FROM `address` WHERE  `id` = 2 LIMIT 1 [ RunTime:0.000232s ]
[2023-06-20T04:17:18+08:00][sql] CONNECT:[ UseTime:0.000372s ] mysql:host=localhost;port=3316;dbname=coffee;charset=utf8
[2023-06-20T04:17:18+08:00][sql] SHOW FULL COLUMNS FROM `course` [ RunTime:0.001610s ]
[2023-06-20T04:17:18+08:00][sql] SELECT * FROM `course` WHERE  `id` = 6 LIMIT 1 [ RunTime:0.000333s ]
[2023-06-20T04:17:18+08:00][sql] SHOW FULL COLUMNS FROM `teacher` [ RunTime:0.000923s ]
[2023-06-20T04:17:18+08:00][sql] SELECT `teacher_name`,`teacher_title`,`teacher_avatar` FROM `teacher` WHERE  `id` = 1 LIMIT 1 [ RunTime:0.000253s ]
[2023-06-20T04:17:18+08:00][sql] SHOW FULL COLUMNS FROM `address` [ RunTime:0.000935s ]
[2023-06-20T04:17:18+08:00][sql] SELECT * FROM `address` WHERE  `id` = 1 LIMIT 1 [ RunTime:0.000251s ]
[2023-06-20T04:17:18+08:00][sql] SELECT * FROM `address` WHERE  `id` = 2 LIMIT 1 [ RunTime:0.000214s ]
[2023-06-20T04:19:41+08:00][sql] CONNECT:[ UseTime:0.000433s ] mysql:host=localhost;port=3316;dbname=coffee;charset=utf8
[2023-06-20T04:19:41+08:00][sql] SHOW FULL COLUMNS FROM `course` [ RunTime:0.001633s ]
[2023-06-20T04:19:41+08:00][sql] SELECT * FROM `course` WHERE  `id` = 4 LIMIT 1 [ RunTime:0.000327s ]
[2023-06-20T04:19:41+08:00][sql] SHOW FULL COLUMNS FROM `teacher` [ RunTime:0.000959s ]
[2023-06-20T04:19:41+08:00][sql] SELECT `teacher_name`,`teacher_title`,`teacher_avatar` FROM `teacher` WHERE  `id` = 2 LIMIT 1 [ RunTime:0.000228s ]
[2023-06-20T04:19:41+08:00][sql] SHOW FULL COLUMNS FROM `address` [ RunTime:0.000925s ]
[2023-06-20T04:19:41+08:00][sql] SELECT * FROM `address` WHERE  `id` = 1 LIMIT 1 [ RunTime:0.000250s ]
[2023-06-20T04:19:41+08:00][sql] SELECT * FROM `address` WHERE  `id` = 2 LIMIT 1 [ RunTime:0.000301s ]
[2023-06-20T04:24:24+08:00][sql] CONNECT:[ UseTime:0.000400s ] mysql:host=localhost;port=3316;dbname=coffee;charset=utf8
[2023-06-20T04:24:24+08:00][sql] SHOW FULL COLUMNS FROM `course` [ RunTime:0.001734s ]
[2023-06-20T04:24:24+08:00][sql] SELECT * FROM `course` WHERE  `id` = 5 LIMIT 1 [ RunTime:0.000350s ]
[2023-06-20T04:24:24+08:00][sql] SHOW FULL COLUMNS FROM `teacher` [ RunTime:0.000978s ]
[2023-06-20T04:24:24+08:00][sql] SELECT `teacher_name`,`teacher_title`,`teacher_avatar` FROM `teacher` WHERE  `id` = 1 LIMIT 1 [ RunTime:0.000236s ]
[2023-06-20T04:24:24+08:00][sql] SELECT `teacher_name`,`teacher_title`,`teacher_avatar` FROM `teacher` WHERE  `id` = 2 LIMIT 1 [ RunTime:0.000204s ]
[2023-06-20T04:24:24+08:00][sql] SHOW FULL COLUMNS FROM `address` [ RunTime:0.000991s ]
[2023-06-20T04:24:24+08:00][sql] SELECT * FROM `address` WHERE  `id` = 1 LIMIT 1 [ RunTime:0.000254s ]
[2023-06-20T04:24:24+08:00][sql] SELECT * FROM `address` WHERE  `id` = 2 LIMIT 1 [ RunTime:0.000272s ]
[2023-06-20T07:17:22+08:00][sql] CONNECT:[ UseTime:0.000393s ] mysql:host=localhost;port=3316;dbname=coffee;charset=utf8
[2023-06-20T07:17:22+08:00][sql] SHOW FULL COLUMNS FROM `course` [ RunTime:0.001478s ]
[2023-06-20T07:17:22+08:00][sql] SELECT * FROM `course` WHERE  `id` = 1 LIMIT 1 [ RunTime:0.000863s ]
[2023-06-20T07:17:22+08:00][sql] SHOW FULL COLUMNS FROM `teacher` [ RunTime:0.001202s ]
[2023-06-20T07:17:22+08:00][sql] SELECT `teacher_name`,`teacher_title`,`teacher_avatar` FROM `teacher` WHERE  `id` = 1 LIMIT 1 [ RunTime:0.000227s ]
[2023-06-20T07:17:22+08:00][sql] SELECT `teacher_name`,`teacher_title`,`teacher_avatar` FROM `teacher` WHERE  `id` = 2 LIMIT 1 [ RunTime:0.000212s ]
[2023-06-20T07:17:22+08:00][sql] SHOW FULL COLUMNS FROM `address` [ RunTime:0.001005s ]
[2023-06-20T07:17:22+08:00][sql] SELECT * FROM `address` WHERE  `id` = 1 LIMIT 1 [ RunTime:0.000338s ]
[2023-06-20T07:17:22+08:00][sql] SELECT * FROM `address` WHERE  `id` = 2 LIMIT 1 [ RunTime:0.000328s ]
[2023-06-20T07:17:22+08:00][sql] CONNECT:[ UseTime:0.000643s ] mysql:host=localhost;port=3316;dbname=coffee;charset=utf8
[2023-06-20T07:17:22+08:00][sql] SHOW FULL COLUMNS FROM `course` [ RunTime:0.001521s ]
[2023-06-20T07:17:22+08:00][sql] SELECT * FROM `course` WHERE  `id` = 2 LIMIT 1 [ RunTime:0.000372s ]
[2023-06-20T07:17:22+08:00][sql] SHOW FULL COLUMNS FROM `teacher` [ RunTime:0.000915s ]
[2023-06-20T07:17:22+08:00][sql] SELECT `teacher_name`,`teacher_title`,`teacher_avatar` FROM `teacher` WHERE  `id` = 3 LIMIT 1 [ RunTime:0.000251s ]
[2023-06-20T07:17:22+08:00][sql] SHOW FULL COLUMNS FROM `address` [ RunTime:0.000899s ]
[2023-06-20T07:17:22+08:00][sql] SELECT * FROM `address` WHERE  `id` = 1 LIMIT 1 [ RunTime:0.000237s ]
[2023-06-20T07:17:22+08:00][sql] SELECT * FROM `address` WHERE  `id` = 2 LIMIT 1 [ RunTime:0.000247s ]
[2023-06-20T07:17:22+08:00][sql] CONNECT:[ UseTime:0.000392s ] mysql:host=localhost;port=3316;dbname=coffee;charset=utf8
[2023-06-20T07:17:22+08:00][sql] SHOW FULL COLUMNS FROM `course` [ RunTime:0.001419s ]
[2023-06-20T07:17:22+08:00][sql] SELECT * FROM `course` WHERE  `id` = 4 LIMIT 1 [ RunTime:0.000313s ]
[2023-06-20T07:17:22+08:00][sql] SHOW FULL COLUMNS FROM `teacher` [ RunTime:0.000858s ]
[2023-06-20T07:17:22+08:00][sql] SELECT `teacher_name`,`teacher_title`,`teacher_avatar` FROM `teacher` WHERE  `id` = 2 LIMIT 1 [ RunTime:0.000209s ]
[2023-06-20T07:17:22+08:00][sql] SHOW FULL COLUMNS FROM `address` [ RunTime:0.000858s ]
[2023-06-20T07:17:22+08:00][sql] SELECT * FROM `address` WHERE  `id` = 1 LIMIT 1 [ RunTime:0.000232s ]
[2023-06-20T07:17:22+08:00][sql] SELECT * FROM `address` WHERE  `id` = 2 LIMIT 1 [ RunTime:0.000198s ]
[2023-06-20T07:17:23+08:00][sql] CONNECT:[ UseTime:0.000385s ] mysql:host=localhost;port=3316;dbname=coffee;charset=utf8
[2023-06-20T07:17:23+08:00][sql] SHOW FULL COLUMNS FROM `course` [ RunTime:0.001492s ]
[2023-06-20T07:17:23+08:00][sql] SELECT * FROM `course` WHERE  `id` = 5 LIMIT 1 [ RunTime:0.000759s ]
[2023-06-20T07:17:23+08:00][sql] SHOW FULL COLUMNS FROM `teacher` [ RunTime:0.000971s ]
[2023-06-20T07:17:23+08:00][sql] SELECT `teacher_name`,`teacher_title`,`teacher_avatar` FROM `teacher` WHERE  `id` = 1 LIMIT 1 [ RunTime:0.000222s ]
[2023-06-20T07:17:23+08:00][sql] SELECT `teacher_name`,`teacher_title`,`teacher_avatar` FROM `teacher` WHERE  `id` = 2 LIMIT 1 [ RunTime:0.000225s ]
[2023-06-20T07:17:23+08:00][sql] SHOW FULL COLUMNS FROM `address` [ RunTime:0.000968s ]
[2023-06-20T07:17:23+08:00][sql] SELECT * FROM `address` WHERE  `id` = 1 LIMIT 1 [ RunTime:0.000249s ]
[2023-06-20T07:17:23+08:00][sql] SELECT * FROM `address` WHERE  `id` = 2 LIMIT 1 [ RunTime:0.000208s ]
[2023-06-20T07:17:23+08:00][sql] CONNECT:[ UseTime:0.000460s ] mysql:host=localhost;port=3316;dbname=coffee;charset=utf8
[2023-06-20T07:17:23+08:00][sql] SHOW FULL COLUMNS FROM `course` [ RunTime:0.001542s ]
[2023-06-20T07:17:23+08:00][sql] SELECT * FROM `course` WHERE  `id` = 6 LIMIT 1 [ RunTime:0.000770s ]
[2023-06-20T07:17:23+08:00][sql] SHOW FULL COLUMNS FROM `teacher` [ RunTime:0.000950s ]
[2023-06-20T07:17:23+08:00][sql] SELECT `teacher_name`,`teacher_title`,`teacher_avatar` FROM `teacher` WHERE  `id` = 1 LIMIT 1 [ RunTime:0.000230s ]
[2023-06-20T07:17:23+08:00][sql] SHOW FULL COLUMNS FROM `address` [ RunTime:0.000930s ]
[2023-06-20T07:17:23+08:00][sql] SELECT * FROM `address` WHERE  `id` = 1 LIMIT 1 [ RunTime:0.000275s ]
[2023-06-20T07:17:23+08:00][sql] SELECT * FROM `address` WHERE  `id` = 2 LIMIT 1 [ RunTime:0.000256s ]
[2023-06-20T07:18:17+08:00][sql] CONNECT:[ UseTime:0.000428s ] mysql:host=localhost;port=3316;dbname=coffee;charset=utf8
[2023-06-20T07:18:17+08:00][sql] SHOW FULL COLUMNS FROM `course` [ RunTime:0.001468s ]
[2023-06-20T07:18:17+08:00][sql] SELECT * FROM `course` WHERE  `id` = 4 LIMIT 1 [ RunTime:0.000303s ]
[2023-06-20T07:18:17+08:00][sql] SHOW FULL COLUMNS FROM `teacher` [ RunTime:0.000875s ]
[2023-06-20T07:18:17+08:00][sql] SELECT `teacher_name`,`teacher_title`,`teacher_avatar` FROM `teacher` WHERE  `id` = 2 LIMIT 1 [ RunTime:0.000254s ]
[2023-06-20T07:18:17+08:00][sql] SHOW FULL COLUMNS FROM `address` [ RunTime:0.000912s ]
[2023-06-20T07:18:17+08:00][sql] SELECT * FROM `address` WHERE  `id` = 1 LIMIT 1 [ RunTime:0.000261s ]
[2023-06-20T07:18:17+08:00][sql] SELECT * FROM `address` WHERE  `id` = 2 LIMIT 1 [ RunTime:0.000227s ]
[2023-06-20T07:19:56+08:00][sql] CONNECT:[ UseTime:0.000438s ] mysql:host=localhost;port=3316;dbname=coffee;charset=utf8
[2023-06-20T07:19:56+08:00][sql] SHOW FULL COLUMNS FROM `course` [ RunTime:0.001472s ]
[2023-06-20T07:19:56+08:00][sql] SELECT * FROM `course` WHERE  `id` = 6 LIMIT 1 [ RunTime:0.000312s ]
[2023-06-20T07:19:56+08:00][sql] SHOW FULL COLUMNS FROM `teacher` [ RunTime:0.000901s ]
[2023-06-20T07:19:56+08:00][sql] SELECT `teacher_name`,`teacher_title`,`teacher_avatar` FROM `teacher` WHERE  `id` = 1 LIMIT 1 [ RunTime:0.000207s ]
[2023-06-20T07:19:56+08:00][sql] SHOW FULL COLUMNS FROM `address` [ RunTime:0.000890s ]
[2023-06-20T07:19:56+08:00][sql] SELECT * FROM `address` WHERE  `id` = 1 LIMIT 1 [ RunTime:0.000233s ]
[2023-06-20T07:19:56+08:00][sql] SELECT * FROM `address` WHERE  `id` = 2 LIMIT 1 [ RunTime:0.000193s ]
[2023-06-20T08:25:49+08:00][sql] CONNECT:[ UseTime:0.007036s ] mysql:host=localhost;port=3316;dbname=coffee;charset=utf8
[2023-06-20T08:25:49+08:00][sql] SHOW FULL COLUMNS FROM `course` [ RunTime:0.006071s ]
[2023-06-20T08:25:49+08:00][sql] SELECT * FROM `course` WHERE  `id` = 7 LIMIT 1 [ RunTime:0.005363s ]
[2023-06-20T08:25:49+08:00][sql] SHOW FULL COLUMNS FROM `teacher` [ RunTime:0.001003s ]
[2023-06-20T08:25:49+08:00][sql] SELECT `teacher_name`,`teacher_title`,`teacher_avatar` FROM `teacher` WHERE  `id` = 1 LIMIT 1 [ RunTime:0.000761s ]
[2023-06-20T08:25:49+08:00][sql] SHOW FULL COLUMNS FROM `address` [ RunTime:0.000898s ]
[2023-06-20T08:25:49+08:00][sql] SELECT * FROM `address` WHERE  `id` = 1 LIMIT 1 [ RunTime:0.000255s ]
[2023-06-20T08:25:49+08:00][sql] SELECT * FROM `address` WHERE  `id` = 2 LIMIT 1 [ RunTime:0.000228s ]
[2023-06-20T08:25:49+08:00][sql] CONNECT:[ UseTime:0.025889s ] mysql:host=localhost;port=3316;dbname=coffee;charset=utf8
[2023-06-20T08:25:49+08:00][sql] SHOW FULL COLUMNS FROM `course` [ RunTime:0.004912s ]
[2023-06-20T08:25:49+08:00][sql] SELECT * FROM `course` WHERE  `id` = 2 LIMIT 1 [ RunTime:0.003742s ]
[2023-06-20T08:25:49+08:00][sql] SHOW FULL COLUMNS FROM `teacher` [ RunTime:0.002687s ]
[2023-06-20T08:25:49+08:00][sql] SELECT `teacher_name`,`teacher_title`,`teacher_avatar` FROM `teacher` WHERE  `id` = 3 LIMIT 1 [ RunTime:0.001196s ]
[2023-06-20T08:25:49+08:00][sql] SHOW FULL COLUMNS FROM `address` [ RunTime:0.002005s ]
[2023-06-20T08:25:49+08:00][sql] SELECT * FROM `address` WHERE  `id` = 1 LIMIT 1 [ RunTime:0.001009s ]
[2023-06-20T08:25:49+08:00][sql] SELECT * FROM `address` WHERE  `id` = 2 LIMIT 1 [ RunTime:0.002733s ]
[2023-06-20T08:25:49+08:00][sql] CONNECT:[ UseTime:0.000542s ] mysql:host=localhost;port=3316;dbname=coffee;charset=utf8
[2023-06-20T08:25:49+08:00][sql] SHOW FULL COLUMNS FROM `course` [ RunTime:0.001974s ]
[2023-06-20T08:25:49+08:00][sql] SELECT `id`,`title`,`price`,`days`,`time` FROM `course` WHERE  `is_time` = 1 ORDER BY `sorting` ASC [ RunTime:0.000301s ]
[2023-06-20T08:25:49+08:00][sql] SELECT `id`,`title` FROM `course` WHERE  `status` = 1 [ RunTime:0.000320s ]
[2023-06-20T08:25:49+08:00][sql] SELECT `id`,`title` FROM `course` WHERE  `status` = 2 [ RunTime:0.000350s ]
[2023-06-20T08:25:49+08:00][sql] SHOW FULL COLUMNS FROM `address` [ RunTime:0.001309s ]
[2023-06-20T08:25:49+08:00][sql] SELECT * FROM `address` WHERE  `id` = 1 LIMIT 1 [ RunTime:0.000723s ]
[2023-06-20T08:25:49+08:00][sql] SELECT * FROM `address` WHERE  `id` = 2 LIMIT 1 [ RunTime:0.000727s ]
[2023-06-20T08:25:49+08:00][sql] CONNECT:[ UseTime:0.000690s ] mysql:host=localhost;port=3316;dbname=coffee;charset=utf8
[2023-06-20T08:25:49+08:00][sql] SHOW FULL COLUMNS FROM `course` [ RunTime:0.001333s ]
[2023-06-20T08:25:49+08:00][sql] SELECT * FROM `course` WHERE  `id` = 4 LIMIT 1 [ RunTime:0.000276s ]
[2023-06-20T08:25:49+08:00][sql] SHOW FULL COLUMNS FROM `teacher` [ RunTime:0.002285s ]
[2023-06-20T08:25:49+08:00][sql] SELECT `teacher_name`,`teacher_title`,`teacher_avatar` FROM `teacher` WHERE  `id` = 2 LIMIT 1 [ RunTime:0.003222s ]
[2023-06-20T08:25:49+08:00][sql] SHOW FULL COLUMNS FROM `address` [ RunTime:0.002812s ]
[2023-06-20T08:25:49+08:00][sql] SELECT * FROM `address` WHERE  `id` = 1 LIMIT 1 [ RunTime:0.001055s ]
[2023-06-20T08:25:49+08:00][sql] SELECT * FROM `address` WHERE  `id` = 2 LIMIT 1 [ RunTime:0.000205s ]
[2023-06-20T08:25:49+08:00][sql] CONNECT:[ UseTime:0.006512s ] mysql:host=localhost;port=3316;dbname=coffee;charset=utf8
[2023-06-20T08:25:49+08:00][sql] SHOW FULL COLUMNS FROM `course` [ RunTime:0.029074s ]
[2023-06-20T08:25:49+08:00][sql] SELECT * FROM `course` WHERE  `id` = 1 LIMIT 1 [ RunTime:0.002450s ]
[2023-06-20T08:25:49+08:00][sql] SHOW FULL COLUMNS FROM `teacher` [ RunTime:0.001984s ]
[2023-06-20T08:25:49+08:00][sql] SELECT `teacher_name`,`teacher_title`,`teacher_avatar` FROM `teacher` WHERE  `id` = 1 LIMIT 1 [ RunTime:0.005606s ]
[2023-06-20T08:25:49+08:00][sql] SELECT `teacher_name`,`teacher_title`,`teacher_avatar` FROM `teacher` WHERE  `id` = 2 LIMIT 1 [ RunTime:0.001440s ]
[2023-06-20T08:25:49+08:00][sql] SHOW FULL COLUMNS FROM `address` [ RunTime:0.001593s ]
[2023-06-20T08:25:49+08:00][sql] SELECT * FROM `address` WHERE  `id` = 1 LIMIT 1 [ RunTime:0.003333s ]
[2023-06-20T08:25:49+08:00][sql] SELECT * FROM `address` WHERE  `id` = 2 LIMIT 1 [ RunTime:0.000571s ]
[2023-06-20T08:25:49+08:00][sql] CONNECT:[ UseTime:0.020024s ] mysql:host=localhost;port=3316;dbname=coffee;charset=utf8
[2023-06-20T08:25:49+08:00][sql] SHOW FULL COLUMNS FROM `course` [ RunTime:0.003760s ]
[2023-06-20T08:25:49+08:00][sql] SELECT * FROM `course` WHERE  `id` = 6 LIMIT 1 [ RunTime:0.017223s ]
[2023-06-20T08:25:49+08:00][sql] SHOW FULL COLUMNS FROM `teacher` [ RunTime:0.015280s ]
[2023-06-20T08:25:49+08:00][sql] SELECT `teacher_name`,`teacher_title`,`teacher_avatar` FROM `teacher` WHERE  `id` = 1 LIMIT 1 [ RunTime:0.011694s ]
[2023-06-20T08:25:49+08:00][sql] SHOW FULL COLUMNS FROM `address` [ RunTime:0.008720s ]
[2023-06-20T08:25:49+08:00][sql] SELECT * FROM `address` WHERE  `id` = 1 LIMIT 1 [ RunTime:0.010004s ]
[2023-06-20T08:25:49+08:00][sql] SELECT * FROM `address` WHERE  `id` = 2 LIMIT 1 [ RunTime:0.005294s ]
[2023-06-20T08:25:49+08:00][sql] CONNECT:[ UseTime:0.000690s ] mysql:host=localhost;port=3316;dbname=coffee;charset=utf8
[2023-06-20T08:25:49+08:00][sql] SHOW FULL COLUMNS FROM `course` [ RunTime:0.001275s ]
[2023-06-20T08:25:49+08:00][sql] SELECT * FROM `course` WHERE  `id` = 5 LIMIT 1 [ RunTime:0.000328s ]
[2023-06-20T08:25:49+08:00][sql] SHOW FULL COLUMNS FROM `teacher` [ RunTime:0.000919s ]
[2023-06-20T08:25:49+08:00][sql] SELECT `teacher_name`,`teacher_title`,`teacher_avatar` FROM `teacher` WHERE  `id` = 1 LIMIT 1 [ RunTime:0.000221s ]
[2023-06-20T08:25:49+08:00][sql] SELECT `teacher_name`,`teacher_title`,`teacher_avatar` FROM `teacher` WHERE  `id` = 2 LIMIT 1 [ RunTime:0.000213s ]
[2023-06-20T08:25:49+08:00][sql] SHOW FULL COLUMNS FROM `address` [ RunTime:0.000870s ]
[2023-06-20T08:25:49+08:00][sql] SELECT * FROM `address` WHERE  `id` = 1 LIMIT 1 [ RunTime:0.000244s ]
[2023-06-20T08:25:49+08:00][sql] SELECT * FROM `address` WHERE  `id` = 2 LIMIT 1 [ RunTime:0.000203s ]
[2023-06-20T08:28:42+08:00][sql] CONNECT:[ UseTime:0.000417s ] mysql:host=localhost;port=3316;dbname=coffee;charset=utf8
[2023-06-20T08:28:42+08:00][sql] SHOW FULL COLUMNS FROM `course` [ RunTime:0.001567s ]
[2023-06-20T08:28:42+08:00][sql] SELECT * FROM `course` WHERE  `id` = 1 LIMIT 1 [ RunTime:0.000356s ]
[2023-06-20T08:28:42+08:00][sql] SHOW FULL COLUMNS FROM `teacher` [ RunTime:0.000972s ]
[2023-06-20T08:28:42+08:00][sql] SELECT `teacher_name`,`teacher_title`,`teacher_avatar` FROM `teacher` WHERE  `id` = 1 LIMIT 1 [ RunTime:0.000226s ]
[2023-06-20T08:28:42+08:00][sql] SELECT `teacher_name`,`teacher_title`,`teacher_avatar` FROM `teacher` WHERE  `id` = 2 LIMIT 1 [ RunTime:0.000211s ]
[2023-06-20T08:28:42+08:00][sql] SHOW FULL COLUMNS FROM `address` [ RunTime:0.001107s ]
[2023-06-20T08:28:42+08:00][sql] SELECT * FROM `address` WHERE  `id` = 1 LIMIT 1 [ RunTime:0.000304s ]
[2023-06-20T08:28:42+08:00][sql] SELECT * FROM `address` WHERE  `id` = 2 LIMIT 1 [ RunTime:0.000257s ]
[2023-06-20T08:29:04+08:00][sql] CONNECT:[ UseTime:0.000389s ] mysql:host=localhost;port=3316;dbname=coffee;charset=utf8
[2023-06-20T08:29:04+08:00][sql] SHOW FULL COLUMNS FROM `course` [ RunTime:0.001469s ]
[2023-06-20T08:29:04+08:00][sql] SELECT * FROM `course` WHERE  `id` = 7 LIMIT 1 [ RunTime:0.000292s ]
[2023-06-20T08:29:04+08:00][sql] SHOW FULL COLUMNS FROM `teacher` [ RunTime:0.000900s ]
[2023-06-20T08:29:04+08:00][sql] SELECT `teacher_name`,`teacher_title`,`teacher_avatar` FROM `teacher` WHERE  `id` = 1 LIMIT 1 [ RunTime:0.000217s ]
[2023-06-20T08:29:04+08:00][sql] SHOW FULL COLUMNS FROM `address` [ RunTime:0.000894s ]
[2023-06-20T08:29:04+08:00][sql] SELECT * FROM `address` WHERE  `id` = 1 LIMIT 1 [ RunTime:0.000236s ]
[2023-06-20T08:29:04+08:00][sql] SELECT * FROM `address` WHERE  `id` = 2 LIMIT 1 [ RunTime:0.000251s ]
[2023-06-20T08:30:51+08:00][sql] CONNECT:[ UseTime:0.000418s ] mysql:host=localhost;port=3316;dbname=coffee;charset=utf8
[2023-06-20T08:30:51+08:00][sql] SHOW FULL COLUMNS FROM `course` [ RunTime:0.001625s ]
[2023-06-20T08:30:51+08:00][sql] SELECT `id`,`title`,`price`,`days`,`time` FROM `course` WHERE  `is_time` = 1 ORDER BY `sorting` ASC [ RunTime:0.000750s ]
[2023-06-20T08:30:51+08:00][sql] SELECT `id`,`title` FROM `course` WHERE  `status` = 1 [ RunTime:0.000208s ]
[2023-06-20T08:30:51+08:00][sql] SELECT `id`,`title` FROM `course` WHERE  `status` = 2 [ RunTime:0.000191s ]
[2023-06-20T08:30:51+08:00][sql] SHOW FULL COLUMNS FROM `address` [ RunTime:0.000934s ]
[2023-06-20T08:30:51+08:00][sql] SELECT * FROM `address` WHERE  `id` = 1 LIMIT 1 [ RunTime:0.000280s ]
[2023-06-20T08:30:51+08:00][sql] SELECT * FROM `address` WHERE  `id` = 2 LIMIT 1 [ RunTime:0.000218s ]
[2023-06-20T13:32:07+08:00][sql] CONNECT:[ UseTime:0.000528s ] mysql:host=localhost;port=3316;dbname=coffee;charset=utf8
[2023-06-20T13:32:07+08:00][sql] SHOW FULL COLUMNS FROM `course` [ RunTime:0.002211s ]
[2023-06-20T13:32:07+08:00][sql] SELECT * FROM `course` WHERE  `id` = 1 LIMIT 1 [ RunTime:0.000364s ]
[2023-06-20T13:32:07+08:00][sql] SHOW FULL COLUMNS FROM `teacher` [ RunTime:0.000928s ]
[2023-06-20T13:32:07+08:00][sql] SELECT `teacher_name`,`teacher_title`,`teacher_avatar` FROM `teacher` WHERE  `id` = 1 LIMIT 1 [ RunTime:0.000222s ]
[2023-06-20T13:32:07+08:00][sql] SELECT `teacher_name`,`teacher_title`,`teacher_avatar` FROM `teacher` WHERE  `id` = 2 LIMIT 1 [ RunTime:0.000200s ]
[2023-06-20T13:32:07+08:00][sql] SHOW FULL COLUMNS FROM `address` [ RunTime:0.000891s ]
[2023-06-20T13:32:07+08:00][sql] SELECT * FROM `address` WHERE  `id` = 1 LIMIT 1 [ RunTime:0.000229s ]
[2023-06-20T13:32:07+08:00][sql] SELECT * FROM `address` WHERE  `id` = 2 LIMIT 1 [ RunTime:0.000190s ]
[2023-06-20T13:32:08+08:00][sql] CONNECT:[ UseTime:0.000448s ] mysql:host=localhost;port=3316;dbname=coffee;charset=utf8
[2023-06-20T13:32:08+08:00][sql] SHOW FULL COLUMNS FROM `course` [ RunTime:0.001802s ]
[2023-06-20T13:32:08+08:00][sql] SELECT * FROM `course` WHERE  `id` = 2 LIMIT 1 [ RunTime:0.000320s ]
[2023-06-20T13:32:08+08:00][sql] SHOW FULL COLUMNS FROM `teacher` [ RunTime:0.001003s ]
[2023-06-20T13:32:08+08:00][sql] SELECT `teacher_name`,`teacher_title`,`teacher_avatar` FROM `teacher` WHERE  `id` = 3 LIMIT 1 [ RunTime:0.000256s ]
[2023-06-20T13:32:08+08:00][sql] SHOW FULL COLUMNS FROM `address` [ RunTime:0.000953s ]
[2023-06-20T13:32:08+08:00][sql] SELECT * FROM `address` WHERE  `id` = 1 LIMIT 1 [ RunTime:0.000240s ]
[2023-06-20T13:32:08+08:00][sql] SELECT * FROM `address` WHERE  `id` = 2 LIMIT 1 [ RunTime:0.000252s ]
[2023-06-20T13:32:09+08:00][sql] CONNECT:[ UseTime:0.000480s ] mysql:host=localhost;port=3316;dbname=coffee;charset=utf8
[2023-06-20T13:32:09+08:00][sql] SHOW FULL COLUMNS FROM `course` [ RunTime:0.001723s ]
[2023-06-20T13:32:09+08:00][sql] SELECT * FROM `course` WHERE  `id` = 6 LIMIT 1 [ RunTime:0.000827s ]
[2023-06-20T13:32:09+08:00][sql] SHOW FULL COLUMNS FROM `teacher` [ RunTime:0.001415s ]
[2023-06-20T13:32:09+08:00][sql] SELECT `teacher_name`,`teacher_title`,`teacher_avatar` FROM `teacher` WHERE  `id` = 1 LIMIT 1 [ RunTime:0.000224s ]
[2023-06-20T13:32:09+08:00][sql] SHOW FULL COLUMNS FROM `address` [ RunTime:0.000915s ]
[2023-06-20T13:32:09+08:00][sql] SELECT * FROM `address` WHERE  `id` = 1 LIMIT 1 [ RunTime:0.000252s ]
[2023-06-20T13:32:09+08:00][sql] SELECT * FROM `address` WHERE  `id` = 2 LIMIT 1 [ RunTime:0.000222s ]
[2023-06-20T13:32:15+08:00][sql] CONNECT:[ UseTime:0.000432s ] mysql:host=localhost;port=3316;dbname=coffee;charset=utf8
[2023-06-20T13:32:15+08:00][sql] SHOW FULL COLUMNS FROM `course` [ RunTime:0.001480s ]
[2023-06-20T13:32:15+08:00][sql] SELECT * FROM `course` WHERE  `id` = 5 LIMIT 1 [ RunTime:0.000339s ]
[2023-06-20T13:32:15+08:00][sql] SHOW FULL COLUMNS FROM `teacher` [ RunTime:0.000905s ]
[2023-06-20T13:32:15+08:00][sql] SELECT `teacher_name`,`teacher_title`,`teacher_avatar` FROM `teacher` WHERE  `id` = 1 LIMIT 1 [ RunTime:0.000226s ]
[2023-06-20T13:32:15+08:00][sql] SELECT `teacher_name`,`teacher_title`,`teacher_avatar` FROM `teacher` WHERE  `id` = 2 LIMIT 1 [ RunTime:0.000193s ]
[2023-06-20T13:32:15+08:00][sql] SHOW FULL COLUMNS FROM `address` [ RunTime:0.000915s ]
[2023-06-20T13:32:15+08:00][sql] SELECT * FROM `address` WHERE  `id` = 1 LIMIT 1 [ RunTime:0.000250s ]
[2023-06-20T13:32:15+08:00][sql] SELECT * FROM `address` WHERE  `id` = 2 LIMIT 1 [ RunTime:0.000252s ]
[2023-06-20T13:37:03+08:00][sql] CONNECT:[ UseTime:0.000419s ] mysql:host=localhost;port=3316;dbname=coffee;charset=utf8
[2023-06-20T13:37:03+08:00][sql] SHOW FULL COLUMNS FROM `course` [ RunTime:0.001502s ]
[2023-06-20T13:37:03+08:00][sql] SELECT * FROM `course` WHERE  `id` = 2 LIMIT 1 [ RunTime:0.000778s ]
[2023-06-20T13:37:03+08:00][sql] SHOW FULL COLUMNS FROM `teacher` [ RunTime:0.000951s ]
[2023-06-20T13:37:03+08:00][sql] SELECT `teacher_name`,`teacher_title`,`teacher_avatar` FROM `teacher` WHERE  `id` = 3 LIMIT 1 [ RunTime:0.000234s ]
[2023-06-20T13:37:03+08:00][sql] SHOW FULL COLUMNS FROM `address` [ RunTime:0.000938s ]
[2023-06-20T13:37:03+08:00][sql] SELECT * FROM `address` WHERE  `id` = 1 LIMIT 1 [ RunTime:0.000251s ]
[2023-06-20T13:37:03+08:00][sql] SELECT * FROM `address` WHERE  `id` = 2 LIMIT 1 [ RunTime:0.000213s ]
[2023-06-20T16:03:30+08:00][sql] CONNECT:[ UseTime:0.000427s ] mysql:host=localhost;port=3316;dbname=coffee;charset=utf8
[2023-06-20T16:03:30+08:00][sql] SHOW FULL COLUMNS FROM `course` [ RunTime:0.001575s ]
[2023-06-20T16:03:30+08:00][sql] SELECT * FROM `course` WHERE  `id` = 6 LIMIT 1 [ RunTime:0.000818s ]
[2023-06-20T16:03:30+08:00][sql] SHOW FULL COLUMNS FROM `teacher` [ RunTime:0.000959s ]
[2023-06-20T16:03:30+08:00][sql] SELECT `teacher_name`,`teacher_title`,`teacher_avatar` FROM `teacher` WHERE  `id` = 1 LIMIT 1 [ RunTime:0.000261s ]
[2023-06-20T16:03:30+08:00][sql] SHOW FULL COLUMNS FROM `address` [ RunTime:0.000956s ]
[2023-06-20T16:03:30+08:00][sql] SELECT * FROM `address` WHERE  `id` = 1 LIMIT 1 [ RunTime:0.000295s ]
[2023-06-20T16:03:30+08:00][sql] SELECT * FROM `address` WHERE  `id` = 2 LIMIT 1 [ RunTime:0.000240s ]
[2023-06-20T16:07:11+08:00][sql] CONNECT:[ UseTime:0.000435s ] mysql:host=localhost;port=3316;dbname=coffee;charset=utf8
[2023-06-20T16:07:11+08:00][sql] SHOW FULL COLUMNS FROM `course` [ RunTime:0.001554s ]
[2023-06-20T16:07:11+08:00][sql] SELECT * FROM `course` WHERE  `id` = 6 LIMIT 1 [ RunTime:0.000347s ]
[2023-06-20T16:07:11+08:00][sql] SHOW FULL COLUMNS FROM `teacher` [ RunTime:0.000977s ]
[2023-06-20T16:07:11+08:00][sql] SELECT `teacher_name`,`teacher_title`,`teacher_avatar` FROM `teacher` WHERE  `id` = 1 LIMIT 1 [ RunTime:0.000221s ]
[2023-06-20T16:07:11+08:00][sql] SHOW FULL COLUMNS FROM `address` [ RunTime:0.000905s ]
[2023-06-20T16:07:11+08:00][sql] SELECT * FROM `address` WHERE  `id` = 1 LIMIT 1 [ RunTime:0.000232s ]
[2023-06-20T16:07:11+08:00][sql] SELECT * FROM `address` WHERE  `id` = 2 LIMIT 1 [ RunTime:0.000195s ]
[2023-06-20T16:23:57+08:00][sql] CONNECT:[ UseTime:0.000415s ] mysql:host=localhost;port=3316;dbname=coffee;charset=utf8
[2023-06-20T16:23:57+08:00][sql] SHOW FULL COLUMNS FROM `course` [ RunTime:0.001477s ]
[2023-06-20T16:23:57+08:00][sql] SELECT * FROM `course` WHERE  `id` = 1 LIMIT 1 [ RunTime:0.000312s ]
[2023-06-20T16:23:57+08:00][sql] SHOW FULL COLUMNS FROM `teacher` [ RunTime:0.000895s ]
[2023-06-20T16:23:57+08:00][sql] SELECT `teacher_name`,`teacher_title`,`teacher_avatar` FROM `teacher` WHERE  `id` = 1 LIMIT 1 [ RunTime:0.000259s ]
[2023-06-20T16:23:57+08:00][sql] SELECT `teacher_name`,`teacher_title`,`teacher_avatar` FROM `teacher` WHERE  `id` = 2 LIMIT 1 [ RunTime:0.000314s ]
[2023-06-20T16:23:57+08:00][sql] SHOW FULL COLUMNS FROM `address` [ RunTime:0.001135s ]
[2023-06-20T16:23:57+08:00][sql] SELECT * FROM `address` WHERE  `id` = 1 LIMIT 1 [ RunTime:0.000238s ]
[2023-06-20T16:23:57+08:00][sql] SELECT * FROM `address` WHERE  `id` = 2 LIMIT 1 [ RunTime:0.000214s ]
