[2023-06-24T08:28:35+08:00][sql] CONNECT:[ UseTime:0.000458s ] mysql:host=localhost;port=3316;dbname=coffee;charset=utf8
[2023-06-24T08:28:35+08:00][sql] SHOW FULL COLUMNS FROM `course` [ RunTime:0.001880s ]
[2023-06-24T08:28:35+08:00][sql] SELECT * FROM `course` WHERE  `id` = 6 LIMIT 1 [ RunTime:0.000330s ]
[2023-06-24T08:28:35+08:00][sql] SHOW FULL COLUMNS FROM `teacher` [ RunTime:0.001398s ]
[2023-06-24T08:28:35+08:00][sql] SELECT `teacher_name`,`teacher_title`,`teacher_avatar` FROM `teacher` WHERE  `id` = 1 LIMIT 1 [ RunTime:0.000272s ]
[2023-06-24T08:28:35+08:00][sql] SHOW FULL COLUMNS FROM `address` [ RunTime:0.001150s ]
[2023-06-24T08:28:35+08:00][sql] SELECT * FROM `address` WHERE  `id` = 1 LIMIT 1 [ RunTime:0.000313s ]
[2023-06-24T08:28:35+08:00][sql] SELECT * FROM `address` WHERE  `id` = 2 LIMIT 1 [ RunTime:0.000258s ]
[2023-06-24T15:56:11+08:00][sql] CONNECT:[ UseTime:0.000423s ] mysql:host=localhost;port=3316;dbname=coffee;charset=utf8
[2023-06-24T15:56:11+08:00][sql] SHOW FULL COLUMNS FROM `course` [ RunTime:0.001810s ]
[2023-06-24T15:56:11+08:00][sql] SELECT * FROM `course` WHERE  `id` = 4 LIMIT 1 [ RunTime:0.000318s ]
[2023-06-24T15:56:11+08:00][sql] SHOW FULL COLUMNS FROM `teacher` [ RunTime:0.000893s ]
[2023-06-24T15:56:11+08:00][sql] SELECT `teacher_name`,`teacher_title`,`teacher_avatar` FROM `teacher` WHERE  `id` = 2 LIMIT 1 [ RunTime:0.000227s ]
[2023-06-24T15:56:11+08:00][sql] SHOW FULL COLUMNS FROM `address` [ RunTime:0.000979s ]
[2023-06-24T15:56:11+08:00][sql] SELECT * FROM `address` WHERE  `id` = 1 LIMIT 1 [ RunTime:0.000286s ]
[2023-06-24T15:56:11+08:00][sql] SELECT * FROM `address` WHERE  `id` = 2 LIMIT 1 [ RunTime:0.000237s ]
[2023-06-24T16:00:54+08:00][sql] CONNECT:[ UseTime:0.000674s ] mysql:host=localhost;port=3316;dbname=coffee;charset=utf8
[2023-06-24T16:00:54+08:00][sql] SHOW FULL COLUMNS FROM `course` [ RunTime:0.001503s ]
[2023-06-24T16:00:54+08:00][sql] SELECT * FROM `course` WHERE  `id` = 4 LIMIT 1 [ RunTime:0.000770s ]
[2023-06-24T16:00:54+08:00][sql] SHOW FULL COLUMNS FROM `teacher` [ RunTime:0.000975s ]
[2023-06-24T16:00:54+08:00][sql] SELECT `teacher_name`,`teacher_title`,`teacher_avatar` FROM `teacher` WHERE  `id` = 2 LIMIT 1 [ RunTime:0.000239s ]
[2023-06-24T16:00:54+08:00][sql] SHOW FULL COLUMNS FROM `address` [ RunTime:0.000897s ]
[2023-06-24T16:00:54+08:00][sql] SELECT * FROM `address` WHERE  `id` = 1 LIMIT 1 [ RunTime:0.000245s ]
[2023-06-24T16:00:54+08:00][sql] SELECT * FROM `address` WHERE  `id` = 2 LIMIT 1 [ RunTime:0.000196s ]
[2023-06-24T18:57:13+08:00][sql] CONNECT:[ UseTime:0.000517s ] mysql:host=localhost;port=3316;dbname=coffee;charset=utf8
[2023-06-24T18:57:13+08:00][sql] SHOW FULL COLUMNS FROM `course` [ RunTime:0.001528s ]
[2023-06-24T18:57:13+08:00][sql] SELECT * FROM `course` WHERE  `id` = 1 LIMIT 1 [ RunTime:0.000798s ]
[2023-06-24T18:57:13+08:00][sql] SHOW FULL COLUMNS FROM `teacher` [ RunTime:0.000976s ]
[2023-06-24T18:57:13+08:00][sql] SELECT `teacher_name`,`teacher_title`,`teacher_avatar` FROM `teacher` WHERE  `id` = 1 LIMIT 1 [ RunTime:0.000243s ]
[2023-06-24T18:57:13+08:00][sql] SELECT `teacher_name`,`teacher_title`,`teacher_avatar` FROM `teacher` WHERE  `id` = 2 LIMIT 1 [ RunTime:0.000192s ]
[2023-06-24T18:57:13+08:00][sql] SHOW FULL COLUMNS FROM `address` [ RunTime:0.000946s ]
[2023-06-24T18:57:13+08:00][sql] SELECT * FROM `address` WHERE  `id` = 1 LIMIT 1 [ RunTime:0.000232s ]
[2023-06-24T18:57:13+08:00][sql] SELECT * FROM `address` WHERE  `id` = 2 LIMIT 1 [ RunTime:0.000226s ]
[2023-06-24T18:58:12+08:00][sql] CONNECT:[ UseTime:0.000452s ] mysql:host=localhost;port=3316;dbname=coffee;charset=utf8
[2023-06-24T18:58:12+08:00][sql] SHOW FULL COLUMNS FROM `course` [ RunTime:0.001515s ]
[2023-06-24T18:58:12+08:00][sql] SELECT * FROM `course` WHERE  `id` = 1 LIMIT 1 [ RunTime:0.000341s ]
[2023-06-24T18:58:12+08:00][sql] SHOW FULL COLUMNS FROM `teacher` [ RunTime:0.000935s ]
[2023-06-24T18:58:12+08:00][sql] SELECT `teacher_name`,`teacher_title`,`teacher_avatar` FROM `teacher` WHERE  `id` = 1 LIMIT 1 [ RunTime:0.000248s ]
[2023-06-24T18:58:12+08:00][sql] SELECT `teacher_name`,`teacher_title`,`teacher_avatar` FROM `teacher` WHERE  `id` = 2 LIMIT 1 [ RunTime:0.000233s ]
[2023-06-24T18:58:12+08:00][sql] SHOW FULL COLUMNS FROM `address` [ RunTime:0.001090s ]
[2023-06-24T18:58:12+08:00][sql] SELECT * FROM `address` WHERE  `id` = 1 LIMIT 1 [ RunTime:0.000229s ]
[2023-06-24T18:58:12+08:00][sql] SELECT * FROM `address` WHERE  `id` = 2 LIMIT 1 [ RunTime:0.000244s ]
[2023-06-24T18:59:28+08:00][sql] CONNECT:[ UseTime:0.000472s ] mysql:host=localhost;port=3316;dbname=coffee;charset=utf8
[2023-06-24T18:59:28+08:00][sql] SHOW FULL COLUMNS FROM `course` [ RunTime:0.001514s ]
[2023-06-24T18:59:28+08:00][sql] SELECT * FROM `course` WHERE  `id` = 1 LIMIT 1 [ RunTime:0.000787s ]
[2023-06-24T18:59:28+08:00][sql] SHOW FULL COLUMNS FROM `teacher` [ RunTime:0.000969s ]
[2023-06-24T18:59:28+08:00][sql] SELECT `teacher_name`,`teacher_title`,`teacher_avatar` FROM `teacher` WHERE  `id` = 1 LIMIT 1 [ RunTime:0.000267s ]
[2023-06-24T18:59:28+08:00][sql] SELECT `teacher_name`,`teacher_title`,`teacher_avatar` FROM `teacher` WHERE  `id` = 2 LIMIT 1 [ RunTime:0.000336s ]
[2023-06-24T18:59:28+08:00][sql] SHOW FULL COLUMNS FROM `address` [ RunTime:0.001069s ]
[2023-06-24T18:59:28+08:00][sql] SELECT * FROM `address` WHERE  `id` = 1 LIMIT 1 [ RunTime:0.000251s ]
[2023-06-24T18:59:28+08:00][sql] SELECT * FROM `address` WHERE  `id` = 2 LIMIT 1 [ RunTime:0.000200s ]
[2023-06-24T20:41:38+08:00][sql] CONNECT:[ UseTime:0.000437s ] mysql:host=localhost;port=3316;dbname=coffee;charset=utf8
[2023-06-24T20:41:38+08:00][sql] SHOW FULL COLUMNS FROM `course` [ RunTime:0.002046s ]
[2023-06-24T20:41:38+08:00][sql] SELECT * FROM `course` WHERE  `id` = 1 LIMIT 1 [ RunTime:0.000820s ]
[2023-06-24T20:41:38+08:00][sql] SHOW FULL COLUMNS FROM `teacher` [ RunTime:0.000972s ]
[2023-06-24T20:41:38+08:00][sql] SELECT `teacher_name`,`teacher_title`,`teacher_avatar` FROM `teacher` WHERE  `id` = 1 LIMIT 1 [ RunTime:0.000240s ]
[2023-06-24T20:41:38+08:00][sql] SELECT `teacher_name`,`teacher_title`,`teacher_avatar` FROM `teacher` WHERE  `id` = 2 LIMIT 1 [ RunTime:0.000226s ]
[2023-06-24T20:41:38+08:00][sql] SHOW FULL COLUMNS FROM `address` [ RunTime:0.000880s ]
[2023-06-24T20:41:38+08:00][sql] SELECT * FROM `address` WHERE  `id` = 1 LIMIT 1 [ RunTime:0.000234s ]
[2023-06-24T20:41:38+08:00][sql] SELECT * FROM `address` WHERE  `id` = 2 LIMIT 1 [ RunTime:0.000206s ]
