[2023-06-29T02:11:47+08:00][sql] CONNECT:[ UseTime:0.000397s ] mysql:host=localhost;port=3316;dbname=coffee;charset=utf8
[2023-06-29T02:11:47+08:00][sql] SHOW FULL COLUMNS FROM `course` [ RunTime:0.001666s ]
[2023-06-29T02:11:47+08:00][sql] SELECT * FROM `course` WHERE  `id` = 4 LIMIT 1 [ RunTime:0.000346s ]
[2023-06-29T02:11:47+08:00][sql] SHOW FULL COLUMNS FROM `teacher` [ RunTime:0.000915s ]
[2023-06-29T02:11:47+08:00][sql] SELECT `teacher_name`,`teacher_title`,`teacher_avatar` FROM `teacher` WHERE  `id` = 2 LIMIT 1 [ RunTime:0.000230s ]
[2023-06-29T02:11:47+08:00][sql] SHOW FULL COLUMNS FROM `address` [ RunTime:0.000932s ]
[2023-06-29T02:11:47+08:00][sql] SELECT * FROM `address` WHERE  `id` = 1 LIMIT 1 [ RunTime:0.000283s ]
[2023-06-29T02:11:47+08:00][sql] SELECT * FROM `address` WHERE  `id` = 2 LIMIT 1 [ RunTime:0.000211s ]
[2023-06-29T02:56:26+08:00][sql] CONNECT:[ UseTime:0.000394s ] mysql:host=localhost;port=3316;dbname=coffee;charset=utf8
[2023-06-29T02:56:26+08:00][sql] SHOW FULL COLUMNS FROM `course` [ RunTime:0.001414s ]
[2023-06-29T02:56:26+08:00][sql] SELECT * FROM `course` WHERE  `id` = 1 LIMIT 1 [ RunTime:0.000305s ]
[2023-06-29T02:56:26+08:00][sql] SHOW FULL COLUMNS FROM `teacher` [ RunTime:0.000858s ]
[2023-06-29T02:56:26+08:00][sql] SELECT `teacher_name`,`teacher_title`,`teacher_avatar` FROM `teacher` WHERE  `id` = 1 LIMIT 1 [ RunTime:0.000235s ]
[2023-06-29T02:56:26+08:00][sql] SELECT `teacher_name`,`teacher_title`,`teacher_avatar` FROM `teacher` WHERE  `id` = 2 LIMIT 1 [ RunTime:0.000187s ]
[2023-06-29T02:56:26+08:00][sql] SHOW FULL COLUMNS FROM `address` [ RunTime:0.000866s ]
[2023-06-29T02:56:26+08:00][sql] SELECT * FROM `address` WHERE  `id` = 1 LIMIT 1 [ RunTime:0.000259s ]
[2023-06-29T02:56:26+08:00][sql] SELECT * FROM `address` WHERE  `id` = 2 LIMIT 1 [ RunTime:0.000209s ]
[2023-06-29T03:21:56+08:00][sql] CONNECT:[ UseTime:0.000274s ] mysql:host=localhost;port=3316;dbname=coffee;charset=utf8
[2023-06-29T03:21:56+08:00][sql] SHOW FULL COLUMNS FROM `course` [ RunTime:0.001210s ]
[2023-06-29T03:21:56+08:00][sql] SELECT * FROM `course` WHERE  `id` = 1 LIMIT 1 [ RunTime:0.000713s ]
[2023-06-29T03:21:56+08:00][sql] SHOW FULL COLUMNS FROM `teacher` [ RunTime:0.000906s ]
[2023-06-29T03:21:56+08:00][sql] SELECT `teacher_name`,`teacher_title`,`teacher_avatar` FROM `teacher` WHERE  `id` = 1 LIMIT 1 [ RunTime:0.000233s ]
[2023-06-29T03:21:56+08:00][sql] SELECT `teacher_name`,`teacher_title`,`teacher_avatar` FROM `teacher` WHERE  `id` = 2 LIMIT 1 [ RunTime:0.000196s ]
[2023-06-29T03:21:56+08:00][sql] SHOW FULL COLUMNS FROM `address` [ RunTime:0.000913s ]
[2023-06-29T03:21:56+08:00][sql] SELECT * FROM `address` WHERE  `id` = 1 LIMIT 1 [ RunTime:0.000234s ]
[2023-06-29T03:21:56+08:00][sql] SELECT * FROM `address` WHERE  `id` = 2 LIMIT 1 [ RunTime:0.000242s ]
[2023-06-29T03:21:56+08:00][sql] CONNECT:[ UseTime:0.000432s ] mysql:host=localhost;port=3316;dbname=coffee;charset=utf8
[2023-06-29T03:21:56+08:00][sql] SHOW FULL COLUMNS FROM `course` [ RunTime:0.001556s ]
[2023-06-29T03:21:56+08:00][sql] SELECT * FROM `course` WHERE  `id` = 2 LIMIT 1 [ RunTime:0.000754s ]
[2023-06-29T03:21:56+08:00][sql] SHOW FULL COLUMNS FROM `teacher` [ RunTime:0.000973s ]
[2023-06-29T03:21:56+08:00][sql] SELECT `teacher_name`,`teacher_title`,`teacher_avatar` FROM `teacher` WHERE  `id` = 3 LIMIT 1 [ RunTime:0.000225s ]
[2023-06-29T03:21:56+08:00][sql] SHOW FULL COLUMNS FROM `address` [ RunTime:0.000942s ]
[2023-06-29T03:21:56+08:00][sql] SELECT * FROM `address` WHERE  `id` = 1 LIMIT 1 [ RunTime:0.000274s ]
[2023-06-29T03:21:56+08:00][sql] SELECT * FROM `address` WHERE  `id` = 2 LIMIT 1 [ RunTime:0.000208s ]
[2023-06-29T03:21:56+08:00][sql] CONNECT:[ UseTime:0.000389s ] mysql:host=localhost;port=3316;dbname=coffee;charset=utf8
[2023-06-29T03:21:56+08:00][sql] SHOW FULL COLUMNS FROM `course` [ RunTime:0.001510s ]
[2023-06-29T03:21:56+08:00][sql] SELECT * FROM `course` WHERE  `id` = 4 LIMIT 1 [ RunTime:0.000707s ]
[2023-06-29T03:21:56+08:00][sql] SHOW FULL COLUMNS FROM `teacher` [ RunTime:0.000947s ]
[2023-06-29T03:21:56+08:00][sql] SELECT `teacher_name`,`teacher_title`,`teacher_avatar` FROM `teacher` WHERE  `id` = 2 LIMIT 1 [ RunTime:0.000259s ]
[2023-06-29T03:21:56+08:00][sql] SHOW FULL COLUMNS FROM `address` [ RunTime:0.000916s ]
[2023-06-29T03:21:56+08:00][sql] SELECT * FROM `address` WHERE  `id` = 1 LIMIT 1 [ RunTime:0.000277s ]
[2023-06-29T03:21:56+08:00][sql] SELECT * FROM `address` WHERE  `id` = 2 LIMIT 1 [ RunTime:0.000202s ]
[2023-06-29T03:21:56+08:00][sql] CONNECT:[ UseTime:0.000371s ] mysql:host=localhost;port=3316;dbname=coffee;charset=utf8
[2023-06-29T03:21:56+08:00][sql] SHOW FULL COLUMNS FROM `course` [ RunTime:0.001591s ]
[2023-06-29T03:21:56+08:00][sql] SELECT * FROM `course` WHERE  `id` = 5 LIMIT 1 [ RunTime:0.000754s ]
[2023-06-29T03:21:56+08:00][sql] SHOW FULL COLUMNS FROM `teacher` [ RunTime:0.000981s ]
[2023-06-29T03:21:56+08:00][sql] SELECT `teacher_name`,`teacher_title`,`teacher_avatar` FROM `teacher` WHERE  `id` = 1 LIMIT 1 [ RunTime:0.000281s ]
[2023-06-29T03:21:56+08:00][sql] SELECT `teacher_name`,`teacher_title`,`teacher_avatar` FROM `teacher` WHERE  `id` = 2 LIMIT 1 [ RunTime:0.000308s ]
[2023-06-29T03:21:56+08:00][sql] SHOW FULL COLUMNS FROM `address` [ RunTime:0.000942s ]
[2023-06-29T03:21:56+08:00][sql] SELECT * FROM `address` WHERE  `id` = 1 LIMIT 1 [ RunTime:0.000253s ]
[2023-06-29T03:21:56+08:00][sql] SELECT * FROM `address` WHERE  `id` = 2 LIMIT 1 [ RunTime:0.000232s ]
[2023-06-29T03:21:56+08:00][sql] CONNECT:[ UseTime:0.000365s ] mysql:host=localhost;port=3316;dbname=coffee;charset=utf8
[2023-06-29T03:21:56+08:00][sql] SHOW FULL COLUMNS FROM `course` [ RunTime:0.001322s ]
[2023-06-29T03:21:56+08:00][sql] SELECT * FROM `course` WHERE  `id` = 6 LIMIT 1 [ RunTime:0.000685s ]
[2023-06-29T03:21:56+08:00][sql] SHOW FULL COLUMNS FROM `teacher` [ RunTime:0.000959s ]
[2023-06-29T03:21:56+08:00][sql] SELECT `teacher_name`,`teacher_title`,`teacher_avatar` FROM `teacher` WHERE  `id` = 1 LIMIT 1 [ RunTime:0.000215s ]
[2023-06-29T03:21:56+08:00][sql] SHOW FULL COLUMNS FROM `address` [ RunTime:0.000900s ]
[2023-06-29T03:21:56+08:00][sql] SELECT * FROM `address` WHERE  `id` = 1 LIMIT 1 [ RunTime:0.000227s ]
[2023-06-29T03:21:56+08:00][sql] SELECT * FROM `address` WHERE  `id` = 2 LIMIT 1 [ RunTime:0.000211s ]
[2023-06-29T03:24:24+08:00][sql] CONNECT:[ UseTime:0.000382s ] mysql:host=localhost;port=3316;dbname=coffee;charset=utf8
[2023-06-29T03:24:24+08:00][sql] SHOW FULL COLUMNS FROM `course` [ RunTime:0.001414s ]
[2023-06-29T03:24:24+08:00][sql] SELECT * FROM `course` WHERE  `id` = 5 LIMIT 1 [ RunTime:0.000304s ]
[2023-06-29T03:24:24+08:00][sql] SHOW FULL COLUMNS FROM `teacher` [ RunTime:0.000921s ]
[2023-06-29T03:24:24+08:00][sql] SELECT `teacher_name`,`teacher_title`,`teacher_avatar` FROM `teacher` WHERE  `id` = 1 LIMIT 1 [ RunTime:0.000243s ]
[2023-06-29T03:24:24+08:00][sql] SELECT `teacher_name`,`teacher_title`,`teacher_avatar` FROM `teacher` WHERE  `id` = 2 LIMIT 1 [ RunTime:0.000185s ]
[2023-06-29T03:24:24+08:00][sql] SHOW FULL COLUMNS FROM `address` [ RunTime:0.000909s ]
[2023-06-29T03:24:24+08:00][sql] SELECT * FROM `address` WHERE  `id` = 1 LIMIT 1 [ RunTime:0.000261s ]
[2023-06-29T03:24:24+08:00][sql] SELECT * FROM `address` WHERE  `id` = 2 LIMIT 1 [ RunTime:0.000239s ]
[2023-06-29T03:28:34+08:00][sql] CONNECT:[ UseTime:0.000614s ] mysql:host=localhost;port=3316;dbname=coffee;charset=utf8
[2023-06-29T03:28:34+08:00][sql] SHOW FULL COLUMNS FROM `course` [ RunTime:0.001489s ]
[2023-06-29T03:28:34+08:00][sql] SELECT * FROM `course` WHERE  `id` = 1 LIMIT 1 [ RunTime:0.000312s ]
[2023-06-29T03:28:34+08:00][sql] SHOW FULL COLUMNS FROM `teacher` [ RunTime:0.000865s ]
[2023-06-29T03:28:34+08:00][sql] SELECT `teacher_name`,`teacher_title`,`teacher_avatar` FROM `teacher` WHERE  `id` = 1 LIMIT 1 [ RunTime:0.000215s ]
[2023-06-29T03:28:34+08:00][sql] SELECT `teacher_name`,`teacher_title`,`teacher_avatar` FROM `teacher` WHERE  `id` = 2 LIMIT 1 [ RunTime:0.000173s ]
[2023-06-29T03:28:34+08:00][sql] SHOW FULL COLUMNS FROM `address` [ RunTime:0.000862s ]
[2023-06-29T03:28:34+08:00][sql] SELECT * FROM `address` WHERE  `id` = 1 LIMIT 1 [ RunTime:0.000225s ]
[2023-06-29T03:28:34+08:00][sql] SELECT * FROM `address` WHERE  `id` = 2 LIMIT 1 [ RunTime:0.000227s ]
[2023-06-29T05:29:39+08:00][sql] CONNECT:[ UseTime:0.000412s ] mysql:host=localhost;port=3316;dbname=coffee;charset=utf8
[2023-06-29T05:29:39+08:00][sql] SHOW FULL COLUMNS FROM `course` [ RunTime:0.001436s ]
[2023-06-29T05:29:39+08:00][sql] SELECT * FROM `course` WHERE  `id` = 7 LIMIT 1 [ RunTime:0.000288s ]
[2023-06-29T05:29:39+08:00][sql] SHOW FULL COLUMNS FROM `teacher` [ RunTime:0.000928s ]
[2023-06-29T05:29:39+08:00][sql] SELECT `teacher_name`,`teacher_title`,`teacher_avatar` FROM `teacher` WHERE  `id` = 1 LIMIT 1 [ RunTime:0.000237s ]
[2023-06-29T05:29:39+08:00][sql] SHOW FULL COLUMNS FROM `address` [ RunTime:0.001344s ]
[2023-06-29T05:29:39+08:00][sql] SELECT * FROM `address` WHERE  `id` = 1 LIMIT 1 [ RunTime:0.000246s ]
[2023-06-29T05:29:39+08:00][sql] SELECT * FROM `address` WHERE  `id` = 2 LIMIT 1 [ RunTime:0.000207s ]
[2023-06-29T05:40:29+08:00][sql] CONNECT:[ UseTime:0.000427s ] mysql:host=localhost;port=3316;dbname=coffee;charset=utf8
[2023-06-29T05:40:29+08:00][sql] SHOW FULL COLUMNS FROM `course` [ RunTime:0.001624s ]
[2023-06-29T05:40:29+08:00][sql] SELECT * FROM `course` WHERE  `id` = 7 LIMIT 1 [ RunTime:0.000746s ]
[2023-06-29T05:40:29+08:00][sql] SHOW FULL COLUMNS FROM `teacher` [ RunTime:0.000916s ]
[2023-06-29T05:40:29+08:00][sql] SELECT `teacher_name`,`teacher_title`,`teacher_avatar` FROM `teacher` WHERE  `id` = 1 LIMIT 1 [ RunTime:0.000239s ]
[2023-06-29T05:40:29+08:00][sql] SHOW FULL COLUMNS FROM `address` [ RunTime:0.000902s ]
[2023-06-29T05:40:29+08:00][sql] SELECT * FROM `address` WHERE  `id` = 1 LIMIT 1 [ RunTime:0.000229s ]
[2023-06-29T05:40:29+08:00][sql] SELECT * FROM `address` WHERE  `id` = 2 LIMIT 1 [ RunTime:0.000225s ]
[2023-06-29T07:12:57+08:00][sql] CONNECT:[ UseTime:0.000402s ] mysql:host=localhost;port=3316;dbname=coffee;charset=utf8
[2023-06-29T07:12:57+08:00][sql] SHOW FULL COLUMNS FROM `course` [ RunTime:0.001406s ]
[2023-06-29T07:12:57+08:00][sql] SELECT * FROM `course` WHERE  `id` = 1 LIMIT 1 [ RunTime:0.000350s ]
[2023-06-29T07:12:57+08:00][sql] SHOW FULL COLUMNS FROM `teacher` [ RunTime:0.000840s ]
[2023-06-29T07:12:57+08:00][sql] SELECT `teacher_name`,`teacher_title`,`teacher_avatar` FROM `teacher` WHERE  `id` = 1 LIMIT 1 [ RunTime:0.000208s ]
[2023-06-29T07:12:57+08:00][sql] SELECT `teacher_name`,`teacher_title`,`teacher_avatar` FROM `teacher` WHERE  `id` = 2 LIMIT 1 [ RunTime:0.000172s ]
[2023-06-29T07:12:57+08:00][sql] SHOW FULL COLUMNS FROM `address` [ RunTime:0.000853s ]
[2023-06-29T07:12:57+08:00][sql] SELECT * FROM `address` WHERE  `id` = 1 LIMIT 1 [ RunTime:0.000229s ]
[2023-06-29T07:12:57+08:00][sql] SELECT * FROM `address` WHERE  `id` = 2 LIMIT 1 [ RunTime:0.000186s ]
[2023-06-29T07:12:58+08:00][sql] CONNECT:[ UseTime:0.000398s ] mysql:host=localhost;port=3316;dbname=coffee;charset=utf8
[2023-06-29T07:12:58+08:00][sql] SHOW FULL COLUMNS FROM `course` [ RunTime:0.001498s ]
[2023-06-29T07:12:58+08:00][sql] SELECT * FROM `course` WHERE  `id` = 2 LIMIT 1 [ RunTime:0.000384s ]
[2023-06-29T07:12:58+08:00][sql] SHOW FULL COLUMNS FROM `teacher` [ RunTime:0.001018s ]
[2023-06-29T07:12:58+08:00][sql] SELECT `teacher_name`,`teacher_title`,`teacher_avatar` FROM `teacher` WHERE  `id` = 3 LIMIT 1 [ RunTime:0.000237s ]
[2023-06-29T07:12:58+08:00][sql] SHOW FULL COLUMNS FROM `address` [ RunTime:0.000941s ]
[2023-06-29T07:12:58+08:00][sql] SELECT * FROM `address` WHERE  `id` = 1 LIMIT 1 [ RunTime:0.000238s ]
[2023-06-29T07:12:58+08:00][sql] SELECT * FROM `address` WHERE  `id` = 2 LIMIT 1 [ RunTime:0.000213s ]
[2023-06-29T07:12:58+08:00][sql] CONNECT:[ UseTime:0.000413s ] mysql:host=localhost;port=3316;dbname=coffee;charset=utf8
[2023-06-29T07:12:58+08:00][sql] SHOW FULL COLUMNS FROM `course` [ RunTime:0.001716s ]
[2023-06-29T07:12:58+08:00][sql] SELECT * FROM `course` WHERE  `id` = 4 LIMIT 1 [ RunTime:0.000319s ]
[2023-06-29T07:12:58+08:00][sql] SHOW FULL COLUMNS FROM `teacher` [ RunTime:0.000992s ]
[2023-06-29T07:12:58+08:00][sql] SELECT `teacher_name`,`teacher_title`,`teacher_avatar` FROM `teacher` WHERE  `id` = 2 LIMIT 1 [ RunTime:0.000228s ]
[2023-06-29T07:12:58+08:00][sql] SHOW FULL COLUMNS FROM `address` [ RunTime:0.000911s ]
[2023-06-29T07:12:58+08:00][sql] SELECT * FROM `address` WHERE  `id` = 1 LIMIT 1 [ RunTime:0.000271s ]
[2023-06-29T07:12:58+08:00][sql] SELECT * FROM `address` WHERE  `id` = 2 LIMIT 1 [ RunTime:0.000220s ]
[2023-06-29T07:12:58+08:00][sql] CONNECT:[ UseTime:0.000367s ] mysql:host=localhost;port=3316;dbname=coffee;charset=utf8
[2023-06-29T07:12:58+08:00][sql] SHOW FULL COLUMNS FROM `course` [ RunTime:0.001452s ]
[2023-06-29T07:12:58+08:00][sql] SELECT * FROM `course` WHERE  `id` = 5 LIMIT 1 [ RunTime:0.000295s ]
[2023-06-29T07:12:58+08:00][sql] SHOW FULL COLUMNS FROM `teacher` [ RunTime:0.000864s ]
[2023-06-29T07:12:58+08:00][sql] SELECT `teacher_name`,`teacher_title`,`teacher_avatar` FROM `teacher` WHERE  `id` = 1 LIMIT 1 [ RunTime:0.000213s ]
[2023-06-29T07:12:58+08:00][sql] SELECT `teacher_name`,`teacher_title`,`teacher_avatar` FROM `teacher` WHERE  `id` = 2 LIMIT 1 [ RunTime:0.000181s ]
[2023-06-29T07:12:58+08:00][sql] SHOW FULL COLUMNS FROM `address` [ RunTime:0.000863s ]
[2023-06-29T07:12:58+08:00][sql] SELECT * FROM `address` WHERE  `id` = 1 LIMIT 1 [ RunTime:0.000241s ]
[2023-06-29T07:12:58+08:00][sql] SELECT * FROM `address` WHERE  `id` = 2 LIMIT 1 [ RunTime:0.000197s ]
[2023-06-29T07:12:58+08:00][sql] CONNECT:[ UseTime:0.000369s ] mysql:host=localhost;port=3316;dbname=coffee;charset=utf8
[2023-06-29T07:12:58+08:00][sql] SHOW FULL COLUMNS FROM `course` [ RunTime:0.001509s ]
[2023-06-29T07:12:58+08:00][sql] SELECT * FROM `course` WHERE  `id` = 6 LIMIT 1 [ RunTime:0.000324s ]
[2023-06-29T07:12:58+08:00][sql] SHOW FULL COLUMNS FROM `teacher` [ RunTime:0.000930s ]
[2023-06-29T07:12:58+08:00][sql] SELECT `teacher_name`,`teacher_title`,`teacher_avatar` FROM `teacher` WHERE  `id` = 1 LIMIT 1 [ RunTime:0.000260s ]
[2023-06-29T07:12:58+08:00][sql] SHOW FULL COLUMNS FROM `address` [ RunTime:0.001011s ]
[2023-06-29T07:12:58+08:00][sql] SELECT * FROM `address` WHERE  `id` = 1 LIMIT 1 [ RunTime:0.000253s ]
[2023-06-29T07:12:58+08:00][sql] SELECT * FROM `address` WHERE  `id` = 2 LIMIT 1 [ RunTime:0.000216s ]
[2023-06-29T07:14:58+08:00][sql] CONNECT:[ UseTime:0.000398s ] mysql:host=localhost;port=3316;dbname=coffee;charset=utf8
[2023-06-29T07:14:58+08:00][sql] SHOW FULL COLUMNS FROM `course` [ RunTime:0.001467s ]
[2023-06-29T07:14:58+08:00][sql] SELECT * FROM `course` WHERE  `id` = 2 LIMIT 1 [ RunTime:0.000314s ]
[2023-06-29T07:14:58+08:00][sql] SHOW FULL COLUMNS FROM `teacher` [ RunTime:0.000890s ]
[2023-06-29T07:14:58+08:00][sql] SELECT `teacher_name`,`teacher_title`,`teacher_avatar` FROM `teacher` WHERE  `id` = 3 LIMIT 1 [ RunTime:0.000270s ]
[2023-06-29T07:14:58+08:00][sql] SHOW FULL COLUMNS FROM `address` [ RunTime:0.000906s ]
[2023-06-29T07:14:58+08:00][sql] SELECT * FROM `address` WHERE  `id` = 1 LIMIT 1 [ RunTime:0.000227s ]
[2023-06-29T07:14:58+08:00][sql] SELECT * FROM `address` WHERE  `id` = 2 LIMIT 1 [ RunTime:0.000198s ]
[2023-06-29T07:18:09+08:00][sql] CONNECT:[ UseTime:0.000486s ] mysql:host=localhost;port=3316;dbname=coffee;charset=utf8
[2023-06-29T07:18:09+08:00][sql] SHOW FULL COLUMNS FROM `course` [ RunTime:0.001614s ]
[2023-06-29T07:18:09+08:00][sql] SELECT * FROM `course` WHERE  `id` = 4 LIMIT 1 [ RunTime:0.000306s ]
[2023-06-29T07:18:09+08:00][sql] SHOW FULL COLUMNS FROM `teacher` [ RunTime:0.000958s ]
[2023-06-29T07:18:09+08:00][sql] SELECT `teacher_name`,`teacher_title`,`teacher_avatar` FROM `teacher` WHERE  `id` = 2 LIMIT 1 [ RunTime:0.000246s ]
[2023-06-29T07:18:09+08:00][sql] SHOW FULL COLUMNS FROM `address` [ RunTime:0.000908s ]
[2023-06-29T07:18:09+08:00][sql] SELECT * FROM `address` WHERE  `id` = 1 LIMIT 1 [ RunTime:0.000235s ]
[2023-06-29T07:18:09+08:00][sql] SELECT * FROM `address` WHERE  `id` = 2 LIMIT 1 [ RunTime:0.000197s ]
[2023-06-29T07:19:34+08:00][sql] CONNECT:[ UseTime:0.000343s ] mysql:host=localhost;port=3316;dbname=coffee;charset=utf8
[2023-06-29T07:19:34+08:00][sql] SHOW FULL COLUMNS FROM `course` [ RunTime:0.001608s ]
[2023-06-29T07:19:34+08:00][sql] SELECT * FROM `course` WHERE  `id` = 5 LIMIT 1 [ RunTime:0.000288s ]
[2023-06-29T07:19:34+08:00][sql] SHOW FULL COLUMNS FROM `teacher` [ RunTime:0.000881s ]
[2023-06-29T07:19:34+08:00][sql] SELECT `teacher_name`,`teacher_title`,`teacher_avatar` FROM `teacher` WHERE  `id` = 1 LIMIT 1 [ RunTime:0.000222s ]
[2023-06-29T07:19:34+08:00][sql] SELECT `teacher_name`,`teacher_title`,`teacher_avatar` FROM `teacher` WHERE  `id` = 2 LIMIT 1 [ RunTime:0.000205s ]
[2023-06-29T07:19:34+08:00][sql] SHOW FULL COLUMNS FROM `address` [ RunTime:0.000858s ]
[2023-06-29T07:19:34+08:00][sql] SELECT * FROM `address` WHERE  `id` = 1 LIMIT 1 [ RunTime:0.000228s ]
[2023-06-29T07:19:34+08:00][sql] SELECT * FROM `address` WHERE  `id` = 2 LIMIT 1 [ RunTime:0.000199s ]
[2023-06-29T07:19:56+08:00][sql] CONNECT:[ UseTime:0.000521s ] mysql:host=localhost;port=3316;dbname=coffee;charset=utf8
[2023-06-29T07:19:56+08:00][sql] SHOW FULL COLUMNS FROM `course` [ RunTime:0.002134s ]
[2023-06-29T07:19:56+08:00][sql] SELECT * FROM `course` WHERE  `id` = 6 LIMIT 1 [ RunTime:0.000399s ]
[2023-06-29T07:19:56+08:00][sql] SHOW FULL COLUMNS FROM `teacher` [ RunTime:0.001263s ]
[2023-06-29T07:19:56+08:00][sql] SELECT `teacher_name`,`teacher_title`,`teacher_avatar` FROM `teacher` WHERE  `id` = 1 LIMIT 1 [ RunTime:0.000283s ]
[2023-06-29T07:19:56+08:00][sql] SHOW FULL COLUMNS FROM `address` [ RunTime:0.001305s ]
[2023-06-29T07:19:56+08:00][sql] SELECT * FROM `address` WHERE  `id` = 1 LIMIT 1 [ RunTime:0.000286s ]
[2023-06-29T07:19:56+08:00][sql] SELECT * FROM `address` WHERE  `id` = 2 LIMIT 1 [ RunTime:0.000243s ]
[2023-06-29T09:02:09+08:00][sql] CONNECT:[ UseTime:0.000411s ] mysql:host=localhost;port=3316;dbname=coffee;charset=utf8
[2023-06-29T09:02:09+08:00][sql] SHOW FULL COLUMNS FROM `course` [ RunTime:0.001645s ]
[2023-06-29T09:02:09+08:00][sql] SELECT * FROM `course` WHERE  `id` = 2 LIMIT 1 [ RunTime:0.000327s ]
[2023-06-29T09:02:09+08:00][sql] SHOW FULL COLUMNS FROM `teacher` [ RunTime:0.000970s ]
[2023-06-29T09:02:09+08:00][sql] SELECT `teacher_name`,`teacher_title`,`teacher_avatar` FROM `teacher` WHERE  `id` = 3 LIMIT 1 [ RunTime:0.000285s ]
[2023-06-29T09:02:09+08:00][sql] SHOW FULL COLUMNS FROM `address` [ RunTime:0.000962s ]
[2023-06-29T09:02:09+08:00][sql] SELECT * FROM `address` WHERE  `id` = 1 LIMIT 1 [ RunTime:0.000250s ]
[2023-06-29T09:02:09+08:00][sql] SELECT * FROM `address` WHERE  `id` = 2 LIMIT 1 [ RunTime:0.000210s ]
[2023-06-29T13:35:57+08:00][sql] CONNECT:[ UseTime:0.000428s ] mysql:host=localhost;port=3316;dbname=coffee;charset=utf8
[2023-06-29T13:35:57+08:00][sql] SHOW FULL COLUMNS FROM `course` [ RunTime:0.001560s ]
[2023-06-29T13:35:57+08:00][sql] SELECT `id`,`title`,`price`,`days`,`time` FROM `course` WHERE  `is_time` = 1 ORDER BY `sorting` ASC [ RunTime:0.000725s ]
[2023-06-29T13:35:57+08:00][sql] SELECT `id`,`title` FROM `course` WHERE  `status` = 1 [ RunTime:0.000232s ]
[2023-06-29T13:35:57+08:00][sql] SELECT `id`,`title` FROM `course` WHERE  `status` = 2 [ RunTime:0.000197s ]
[2023-06-29T13:35:57+08:00][sql] SHOW FULL COLUMNS FROM `address` [ RunTime:0.000889s ]
[2023-06-29T13:35:57+08:00][sql] SELECT * FROM `address` WHERE  `id` = 1 LIMIT 1 [ RunTime:0.000233s ]
[2023-06-29T13:35:57+08:00][sql] SELECT * FROM `address` WHERE  `id` = 2 LIMIT 1 [ RunTime:0.000192s ]
[2023-06-29T13:41:11+08:00][sql] CONNECT:[ UseTime:0.000473s ] mysql:host=localhost;port=3316;dbname=coffee;charset=utf8
[2023-06-29T13:41:11+08:00][sql] SHOW FULL COLUMNS FROM `course` [ RunTime:0.001591s ]
[2023-06-29T13:41:11+08:00][sql] SELECT `id`,`title`,`price`,`days`,`time` FROM `course` WHERE  `is_time` = 1 ORDER BY `sorting` ASC [ RunTime:0.000730s ]
[2023-06-29T13:41:11+08:00][sql] SELECT `id`,`title` FROM `course` WHERE  `status` = 1 [ RunTime:0.000218s ]
[2023-06-29T13:41:11+08:00][sql] SELECT `id`,`title` FROM `course` WHERE  `status` = 2 [ RunTime:0.000186s ]
[2023-06-29T13:41:11+08:00][sql] SHOW FULL COLUMNS FROM `address` [ RunTime:0.001066s ]
[2023-06-29T13:41:11+08:00][sql] SELECT * FROM `address` WHERE  `id` = 1 LIMIT 1 [ RunTime:0.000250s ]
[2023-06-29T13:41:11+08:00][sql] SELECT * FROM `address` WHERE  `id` = 2 LIMIT 1 [ RunTime:0.000214s ]
[2023-06-29T16:30:54+08:00][sql] CONNECT:[ UseTime:0.000418s ] mysql:host=localhost;port=3316;dbname=coffee;charset=utf8
[2023-06-29T16:30:54+08:00][sql] SHOW FULL COLUMNS FROM `course` [ RunTime:0.001527s ]
[2023-06-29T16:30:54+08:00][sql] SELECT * FROM `course` WHERE  `id` = 3 LIMIT 1 [ RunTime:0.000763s ]
[2023-06-29T16:30:54+08:00][sql] SHOW FULL COLUMNS FROM `teacher` [ RunTime:0.001000s ]
[2023-06-29T16:30:54+08:00][sql] SELECT `teacher_name`,`teacher_title`,`teacher_avatar` FROM `teacher` WHERE  `id` = 1 LIMIT 1 [ RunTime:0.000260s ]
[2023-06-29T16:30:54+08:00][sql] SHOW FULL COLUMNS FROM `address` [ RunTime:0.001072s ]
[2023-06-29T16:30:54+08:00][sql] SELECT * FROM `address` WHERE  `id` = 1 LIMIT 1 [ RunTime:0.000335s ]
[2023-06-29T16:30:54+08:00][sql] SELECT * FROM `address` WHERE  `id` = 2 LIMIT 1 [ RunTime:0.000296s ]
[2023-06-29T16:42:58+08:00][sql] CONNECT:[ UseTime:0.000451s ] mysql:host=localhost;port=3316;dbname=coffee;charset=utf8
[2023-06-29T16:42:58+08:00][sql] SHOW FULL COLUMNS FROM `course` [ RunTime:0.001992s ]
[2023-06-29T16:42:58+08:00][sql] SELECT * FROM `course` WHERE  `id` = 3 LIMIT 1 [ RunTime:0.000815s ]
[2023-06-29T16:42:58+08:00][sql] SHOW FULL COLUMNS FROM `teacher` [ RunTime:0.001209s ]
[2023-06-29T16:42:58+08:00][sql] SELECT `teacher_name`,`teacher_title`,`teacher_avatar` FROM `teacher` WHERE  `id` = 1 LIMIT 1 [ RunTime:0.000241s ]
[2023-06-29T16:42:58+08:00][sql] SHOW FULL COLUMNS FROM `address` [ RunTime:0.001352s ]
[2023-06-29T16:42:58+08:00][sql] SELECT * FROM `address` WHERE  `id` = 1 LIMIT 1 [ RunTime:0.000261s ]
[2023-06-29T16:42:58+08:00][sql] SELECT * FROM `address` WHERE  `id` = 2 LIMIT 1 [ RunTime:0.000193s ]
[2023-06-29T17:02:57+08:00][sql] CONNECT:[ UseTime:0.000485s ] mysql:host=localhost;port=3316;dbname=coffee;charset=utf8
[2023-06-29T17:02:57+08:00][sql] SHOW FULL COLUMNS FROM `course` [ RunTime:0.001928s ]
[2023-06-29T17:02:57+08:00][sql] SELECT `id`,`title`,`price`,`days`,`time` FROM `course` WHERE  `is_time` = 1 ORDER BY `sorting` ASC [ RunTime:0.000795s ]
[2023-06-29T17:02:57+08:00][sql] SELECT `id`,`title` FROM `course` WHERE  `status` = 1 [ RunTime:0.000249s ]
[2023-06-29T17:02:57+08:00][sql] SELECT `id`,`title` FROM `course` WHERE  `status` = 2 [ RunTime:0.000225s ]
[2023-06-29T17:02:57+08:00][sql] SHOW FULL COLUMNS FROM `address` [ RunTime:0.001582s ]
[2023-06-29T17:02:57+08:00][sql] SELECT * FROM `address` WHERE  `id` = 1 LIMIT 1 [ RunTime:0.000330s ]
[2023-06-29T17:02:57+08:00][sql] SELECT * FROM `address` WHERE  `id` = 2 LIMIT 1 [ RunTime:0.000207s ]
[2023-06-29T23:04:27+08:00][sql] CONNECT:[ UseTime:0.000423s ] mysql:host=localhost;port=3316;dbname=coffee;charset=utf8
[2023-06-29T23:04:27+08:00][sql] SHOW FULL COLUMNS FROM `course` [ RunTime:0.001506s ]
[2023-06-29T23:04:27+08:00][sql] SELECT * FROM `course` WHERE  `id` = 2 LIMIT 1 [ RunTime:0.000870s ]
[2023-06-29T23:04:27+08:00][sql] SHOW FULL COLUMNS FROM `teacher` [ RunTime:0.001278s ]
[2023-06-29T23:04:27+08:00][sql] SELECT `teacher_name`,`teacher_title`,`teacher_avatar` FROM `teacher` WHERE  `id` = 3 LIMIT 1 [ RunTime:0.000263s ]
[2023-06-29T23:04:27+08:00][sql] SHOW FULL COLUMNS FROM `address` [ RunTime:0.001277s ]
[2023-06-29T23:04:27+08:00][sql] SELECT * FROM `address` WHERE  `id` = 1 LIMIT 1 [ RunTime:0.000314s ]
[2023-06-29T23:04:27+08:00][sql] SELECT * FROM `address` WHERE  `id` = 2 LIMIT 1 [ RunTime:0.000254s ]
[2023-06-29T23:05:26+08:00][sql] CONNECT:[ UseTime:0.000476s ] mysql:host=localhost;port=3316;dbname=coffee;charset=utf8
[2023-06-29T23:05:26+08:00][sql] SHOW FULL COLUMNS FROM `course` [ RunTime:0.001611s ]
[2023-06-29T23:05:26+08:00][sql] SELECT * FROM `course` WHERE  `id` = 2 LIMIT 1 [ RunTime:0.000355s ]
[2023-06-29T23:05:26+08:00][sql] SHOW FULL COLUMNS FROM `teacher` [ RunTime:0.001011s ]
[2023-06-29T23:05:26+08:00][sql] SELECT `teacher_name`,`teacher_title`,`teacher_avatar` FROM `teacher` WHERE  `id` = 3 LIMIT 1 [ RunTime:0.000267s ]
[2023-06-29T23:05:26+08:00][sql] SHOW FULL COLUMNS FROM `address` [ RunTime:0.001024s ]
[2023-06-29T23:05:26+08:00][sql] SELECT * FROM `address` WHERE  `id` = 1 LIMIT 1 [ RunTime:0.000274s ]
[2023-06-29T23:05:26+08:00][sql] SELECT * FROM `address` WHERE  `id` = 2 LIMIT 1 [ RunTime:0.000244s ]
[2023-06-29T23:06:50+08:00][sql] CONNECT:[ UseTime:0.000484s ] mysql:host=localhost;port=3316;dbname=coffee;charset=utf8
[2023-06-29T23:06:50+08:00][sql] SHOW FULL COLUMNS FROM `course` [ RunTime:0.001914s ]
[2023-06-29T23:06:50+08:00][sql] SELECT * FROM `course` WHERE  `id` = 1 LIMIT 1 [ RunTime:0.000394s ]
[2023-06-29T23:06:50+08:00][sql] SHOW FULL COLUMNS FROM `teacher` [ RunTime:0.000997s ]
[2023-06-29T23:06:50+08:00][sql] SELECT `teacher_name`,`teacher_title`,`teacher_avatar` FROM `teacher` WHERE  `id` = 1 LIMIT 1 [ RunTime:0.000273s ]
[2023-06-29T23:06:50+08:00][sql] SELECT `teacher_name`,`teacher_title`,`teacher_avatar` FROM `teacher` WHERE  `id` = 2 LIMIT 1 [ RunTime:0.000233s ]
[2023-06-29T23:06:50+08:00][sql] SHOW FULL COLUMNS FROM `address` [ RunTime:0.001065s ]
[2023-06-29T23:06:50+08:00][sql] SELECT * FROM `address` WHERE  `id` = 1 LIMIT 1 [ RunTime:0.000267s ]
[2023-06-29T23:06:50+08:00][sql] SELECT * FROM `address` WHERE  `id` = 2 LIMIT 1 [ RunTime:0.000225s ]
[2023-06-29T23:07:50+08:00][sql] CONNECT:[ UseTime:0.000442s ] mysql:host=localhost;port=3316;dbname=coffee;charset=utf8
[2023-06-29T23:07:50+08:00][sql] SHOW FULL COLUMNS FROM `course` [ RunTime:0.001634s ]
[2023-06-29T23:07:50+08:00][sql] SELECT * FROM `course` WHERE  `id` = 1 LIMIT 1 [ RunTime:0.000350s ]
[2023-06-29T23:07:50+08:00][sql] SHOW FULL COLUMNS FROM `teacher` [ RunTime:0.001043s ]
[2023-06-29T23:07:50+08:00][sql] SELECT `teacher_name`,`teacher_title`,`teacher_avatar` FROM `teacher` WHERE  `id` = 1 LIMIT 1 [ RunTime:0.000215s ]
[2023-06-29T23:07:50+08:00][sql] SELECT `teacher_name`,`teacher_title`,`teacher_avatar` FROM `teacher` WHERE  `id` = 2 LIMIT 1 [ RunTime:0.000215s ]
[2023-06-29T23:07:50+08:00][sql] SHOW FULL COLUMNS FROM `address` [ RunTime:0.001147s ]
[2023-06-29T23:07:50+08:00][sql] SELECT * FROM `address` WHERE  `id` = 1 LIMIT 1 [ RunTime:0.000229s ]
[2023-06-29T23:07:50+08:00][sql] SELECT * FROM `address` WHERE  `id` = 2 LIMIT 1 [ RunTime:0.000193s ]
[2023-06-29T23:09:41+08:00][sql] CONNECT:[ UseTime:0.000446s ] mysql:host=localhost;port=3316;dbname=coffee;charset=utf8
[2023-06-29T23:09:41+08:00][sql] SHOW FULL COLUMNS FROM `course` [ RunTime:0.001604s ]
[2023-06-29T23:09:41+08:00][sql] SELECT * FROM `course` WHERE  `id` = 2 LIMIT 1 [ RunTime:0.000456s ]
[2023-06-29T23:09:41+08:00][sql] SHOW FULL COLUMNS FROM `teacher` [ RunTime:0.000916s ]
[2023-06-29T23:09:41+08:00][sql] SELECT `teacher_name`,`teacher_title`,`teacher_avatar` FROM `teacher` WHERE  `id` = 3 LIMIT 1 [ RunTime:0.000227s ]
[2023-06-29T23:09:41+08:00][sql] SHOW FULL COLUMNS FROM `address` [ RunTime:0.000922s ]
[2023-06-29T23:09:41+08:00][sql] SELECT * FROM `address` WHERE  `id` = 1 LIMIT 1 [ RunTime:0.000261s ]
[2023-06-29T23:09:41+08:00][sql] SELECT * FROM `address` WHERE  `id` = 2 LIMIT 1 [ RunTime:0.000220s ]
[2023-06-29T23:11:03+08:00][sql] CONNECT:[ UseTime:0.000450s ] mysql:host=localhost;port=3316;dbname=coffee;charset=utf8
[2023-06-29T23:11:03+08:00][sql] SHOW FULL COLUMNS FROM `course` [ RunTime:0.001481s ]
[2023-06-29T23:11:03+08:00][sql] SELECT * FROM `course` WHERE  `id` = 1 LIMIT 1 [ RunTime:0.000810s ]
[2023-06-29T23:11:03+08:00][sql] SHOW FULL COLUMNS FROM `teacher` [ RunTime:0.000968s ]
[2023-06-29T23:11:03+08:00][sql] SELECT `teacher_name`,`teacher_title`,`teacher_avatar` FROM `teacher` WHERE  `id` = 1 LIMIT 1 [ RunTime:0.000277s ]
[2023-06-29T23:11:03+08:00][sql] SELECT `teacher_name`,`teacher_title`,`teacher_avatar` FROM `teacher` WHERE  `id` = 2 LIMIT 1 [ RunTime:0.000243s ]
[2023-06-29T23:11:03+08:00][sql] SHOW FULL COLUMNS FROM `address` [ RunTime:0.000973s ]
[2023-06-29T23:11:03+08:00][sql] SELECT * FROM `address` WHERE  `id` = 1 LIMIT 1 [ RunTime:0.000273s ]
[2023-06-29T23:11:03+08:00][sql] SELECT * FROM `address` WHERE  `id` = 2 LIMIT 1 [ RunTime:0.000253s ]
[2023-06-29T23:27:41+08:00][sql] CONNECT:[ UseTime:0.000508s ] mysql:host=localhost;port=3316;dbname=coffee;charset=utf8
[2023-06-29T23:27:41+08:00][sql] SHOW FULL COLUMNS FROM `course` [ RunTime:0.002105s ]
[2023-06-29T23:27:41+08:00][sql] SELECT * FROM `course` WHERE  `id` = 2 LIMIT 1 [ RunTime:0.000403s ]
[2023-06-29T23:27:41+08:00][sql] SHOW FULL COLUMNS FROM `teacher` [ RunTime:0.001215s ]
[2023-06-29T23:27:41+08:00][sql] SELECT `teacher_name`,`teacher_title`,`teacher_avatar` FROM `teacher` WHERE  `id` = 3 LIMIT 1 [ RunTime:0.000261s ]
[2023-06-29T23:27:41+08:00][sql] SHOW FULL COLUMNS FROM `address` [ RunTime:0.001247s ]
[2023-06-29T23:27:41+08:00][sql] SELECT * FROM `address` WHERE  `id` = 1 LIMIT 1 [ RunTime:0.000277s ]
[2023-06-29T23:27:41+08:00][sql] SELECT * FROM `address` WHERE  `id` = 2 LIMIT 1 [ RunTime:0.000234s ]
