[2023-06-30T04:28:24+08:00][sql] CONNECT:[ UseTime:0.000409s ] mysql:host=localhost;port=3316;dbname=coffee;charset=utf8
[2023-06-30T04:28:24+08:00][sql] SHOW FULL COLUMNS FROM `course` [ RunTime:0.001574s ]
[2023-06-30T04:28:24+08:00][sql] SELECT * FROM `course` WHERE  `id` = 2 LIMIT 1 [ RunTime:0.000313s ]
[2023-06-30T04:28:24+08:00][sql] SHOW FULL COLUMNS FROM `teacher` [ RunTime:0.001011s ]
[2023-06-30T04:28:24+08:00][sql] SELECT `teacher_name`,`teacher_title`,`teacher_avatar` FROM `teacher` WHERE  `id` = 3 LIMIT 1 [ RunTime:0.000253s ]
[2023-06-30T04:28:24+08:00][sql] SHOW FULL COLUMNS FROM `address` [ RunTime:0.000933s ]
[2023-06-30T04:28:24+08:00][sql] SELECT * FROM `address` WHERE  `id` = 1 LIMIT 1 [ RunTime:0.000241s ]
[2023-06-30T04:28:24+08:00][sql] SELECT * FROM `address` WHERE  `id` = 2 LIMIT 1 [ RunTime:0.000229s ]
[2023-06-30T04:39:43+08:00][sql] CONNECT:[ UseTime:0.000402s ] mysql:host=localhost;port=3316;dbname=coffee;charset=utf8
[2023-06-30T04:39:43+08:00][sql] SHOW FULL COLUMNS FROM `course` [ RunTime:0.001446s ]
[2023-06-30T04:39:43+08:00][sql] SELECT * FROM `course` WHERE  `id` = 1 LIMIT 1 [ RunTime:0.000733s ]
[2023-06-30T04:39:43+08:00][sql] SHOW FULL COLUMNS FROM `teacher` [ RunTime:0.000869s ]
[2023-06-30T04:39:43+08:00][sql] SELECT `teacher_name`,`teacher_title`,`teacher_avatar` FROM `teacher` WHERE  `id` = 1 LIMIT 1 [ RunTime:0.000226s ]
[2023-06-30T04:39:43+08:00][sql] SELECT `teacher_name`,`teacher_title`,`teacher_avatar` FROM `teacher` WHERE  `id` = 2 LIMIT 1 [ RunTime:0.000196s ]
[2023-06-30T04:39:43+08:00][sql] SHOW FULL COLUMNS FROM `address` [ RunTime:0.000845s ]
[2023-06-30T04:39:43+08:00][sql] SELECT * FROM `address` WHERE  `id` = 1 LIMIT 1 [ RunTime:0.000223s ]
[2023-06-30T04:39:43+08:00][sql] SELECT * FROM `address` WHERE  `id` = 2 LIMIT 1 [ RunTime:0.000219s ]
[2023-06-30T06:11:02+08:00][sql] CONNECT:[ UseTime:0.000434s ] mysql:host=localhost;port=3316;dbname=coffee;charset=utf8
[2023-06-30T06:11:02+08:00][sql] SHOW FULL COLUMNS FROM `course` [ RunTime:0.001503s ]
[2023-06-30T06:11:02+08:00][sql] SELECT * FROM `course` WHERE  `id` = 3 LIMIT 1 [ RunTime:0.000319s ]
[2023-06-30T06:11:02+08:00][sql] SHOW FULL COLUMNS FROM `teacher` [ RunTime:0.000896s ]
[2023-06-30T06:11:02+08:00][sql] SELECT `teacher_name`,`teacher_title`,`teacher_avatar` FROM `teacher` WHERE  `id` = 1 LIMIT 1 [ RunTime:0.000217s ]
[2023-06-30T06:11:02+08:00][sql] SHOW FULL COLUMNS FROM `address` [ RunTime:0.000897s ]
[2023-06-30T06:11:02+08:00][sql] SELECT * FROM `address` WHERE  `id` = 1 LIMIT 1 [ RunTime:0.000254s ]
[2023-06-30T06:11:02+08:00][sql] SELECT * FROM `address` WHERE  `id` = 2 LIMIT 1 [ RunTime:0.000203s ]
[2023-06-30T15:04:45+08:00][sql] CONNECT:[ UseTime:0.000482s ] mysql:host=localhost;port=3316;dbname=coffee;charset=utf8
[2023-06-30T15:04:45+08:00][sql] SHOW FULL COLUMNS FROM `course` [ RunTime:0.001513s ]
[2023-06-30T15:04:45+08:00][sql] SELECT `id`,`title`,`price`,`days`,`time` FROM `course` WHERE  `is_time` = 1 ORDER BY `sorting` ASC [ RunTime:0.000323s ]
[2023-06-30T15:04:45+08:00][sql] SELECT `id`,`title` FROM `course` WHERE  `status` = 1 [ RunTime:0.000267s ]
[2023-06-30T15:04:45+08:00][sql] SELECT `id`,`title` FROM `course` WHERE  `status` = 2 [ RunTime:0.000212s ]
[2023-06-30T15:04:45+08:00][sql] SHOW FULL COLUMNS FROM `address` [ RunTime:0.000986s ]
[2023-06-30T15:04:45+08:00][sql] SELECT * FROM `address` WHERE  `id` = 1 LIMIT 1 [ RunTime:0.000303s ]
[2023-06-30T15:04:45+08:00][sql] SELECT * FROM `address` WHERE  `id` = 2 LIMIT 1 [ RunTime:0.000205s ]
[2023-06-30T15:20:34+08:00][sql] CONNECT:[ UseTime:0.000496s ] mysql:host=localhost;port=3316;dbname=coffee;charset=utf8
[2023-06-30T15:20:34+08:00][sql] SHOW FULL COLUMNS FROM `course` [ RunTime:0.001487s ]
[2023-06-30T15:20:34+08:00][sql] SELECT `id`,`title`,`price`,`days`,`time` FROM `course` WHERE  `is_time` = 1 ORDER BY `sorting` ASC [ RunTime:0.000380s ]
[2023-06-30T15:20:34+08:00][sql] SELECT `id`,`title` FROM `course` WHERE  `status` = 1 [ RunTime:0.000238s ]
[2023-06-30T15:20:34+08:00][sql] SELECT `id`,`title` FROM `course` WHERE  `status` = 2 [ RunTime:0.000220s ]
[2023-06-30T15:20:34+08:00][sql] SHOW FULL COLUMNS FROM `address` [ RunTime:0.000987s ]
[2023-06-30T15:20:34+08:00][sql] SELECT * FROM `address` WHERE  `id` = 1 LIMIT 1 [ RunTime:0.000323s ]
[2023-06-30T15:20:34+08:00][sql] SELECT * FROM `address` WHERE  `id` = 2 LIMIT 1 [ RunTime:0.000201s ]
[2023-06-30T16:43:11+08:00][sql] CONNECT:[ UseTime:0.000527s ] mysql:host=localhost;port=3316;dbname=coffee;charset=utf8
[2023-06-30T16:43:11+08:00][sql] SHOW FULL COLUMNS FROM `course` [ RunTime:0.001535s ]
[2023-06-30T16:43:11+08:00][sql] SELECT * FROM `course` WHERE  `id` = 4 LIMIT 1 [ RunTime:0.000375s ]
[2023-06-30T16:43:11+08:00][sql] SHOW FULL COLUMNS FROM `teacher` [ RunTime:0.000965s ]
[2023-06-30T16:43:11+08:00][sql] SELECT `teacher_name`,`teacher_title`,`teacher_avatar` FROM `teacher` WHERE  `id` = 2 LIMIT 1 [ RunTime:0.000272s ]
[2023-06-30T16:43:11+08:00][sql] SHOW FULL COLUMNS FROM `address` [ RunTime:0.000936s ]
[2023-06-30T16:43:11+08:00][sql] SELECT * FROM `address` WHERE  `id` = 1 LIMIT 1 [ RunTime:0.000286s ]
[2023-06-30T16:43:11+08:00][sql] SELECT * FROM `address` WHERE  `id` = 2 LIMIT 1 [ RunTime:0.000272s ]
[2023-06-30T16:45:30+08:00][sql] CONNECT:[ UseTime:0.000441s ] mysql:host=localhost;port=3316;dbname=coffee;charset=utf8
[2023-06-30T16:45:30+08:00][sql] SHOW FULL COLUMNS FROM `course` [ RunTime:0.001653s ]
[2023-06-30T16:45:30+08:00][sql] SELECT * FROM `course` WHERE  `id` = 5 LIMIT 1 [ RunTime:0.000378s ]
[2023-06-30T16:45:30+08:00][sql] SHOW FULL COLUMNS FROM `teacher` [ RunTime:0.001028s ]
[2023-06-30T16:45:30+08:00][sql] SELECT `teacher_name`,`teacher_title`,`teacher_avatar` FROM `teacher` WHERE  `id` = 1 LIMIT 1 [ RunTime:0.000251s ]
[2023-06-30T16:45:30+08:00][sql] SELECT `teacher_name`,`teacher_title`,`teacher_avatar` FROM `teacher` WHERE  `id` = 2 LIMIT 1 [ RunTime:0.000182s ]
[2023-06-30T16:45:30+08:00][sql] SHOW FULL COLUMNS FROM `address` [ RunTime:0.000929s ]
[2023-06-30T16:45:30+08:00][sql] SELECT * FROM `address` WHERE  `id` = 1 LIMIT 1 [ RunTime:0.000266s ]
[2023-06-30T16:45:30+08:00][sql] SELECT * FROM `address` WHERE  `id` = 2 LIMIT 1 [ RunTime:0.000201s ]
[2023-06-30T16:48:38+08:00][sql] CONNECT:[ UseTime:0.000624s ] mysql:host=localhost;port=3316;dbname=coffee;charset=utf8
[2023-06-30T16:48:38+08:00][sql] SHOW FULL COLUMNS FROM `course` [ RunTime:0.002372s ]
[2023-06-30T16:48:38+08:00][sql] SELECT * FROM `course` WHERE  `id` = 4 LIMIT 1 [ RunTime:0.000340s ]
[2023-06-30T16:48:38+08:00][sql] SHOW FULL COLUMNS FROM `teacher` [ RunTime:0.001267s ]
[2023-06-30T16:48:38+08:00][sql] SELECT `teacher_name`,`teacher_title`,`teacher_avatar` FROM `teacher` WHERE  `id` = 2 LIMIT 1 [ RunTime:0.000244s ]
[2023-06-30T16:48:38+08:00][sql] SHOW FULL COLUMNS FROM `address` [ RunTime:0.000947s ]
[2023-06-30T16:48:38+08:00][sql] SELECT * FROM `address` WHERE  `id` = 1 LIMIT 1 [ RunTime:0.000278s ]
[2023-06-30T16:48:38+08:00][sql] SELECT * FROM `address` WHERE  `id` = 2 LIMIT 1 [ RunTime:0.000209s ]
[2023-06-30T16:55:00+08:00][sql] CONNECT:[ UseTime:0.000510s ] mysql:host=localhost;port=3316;dbname=coffee;charset=utf8
[2023-06-30T16:55:00+08:00][sql] SHOW FULL COLUMNS FROM `course` [ RunTime:0.002195s ]
[2023-06-30T16:55:00+08:00][sql] SELECT * FROM `course` WHERE  `id` = 5 LIMIT 1 [ RunTime:0.000451s ]
[2023-06-30T16:55:00+08:00][sql] SHOW FULL COLUMNS FROM `teacher` [ RunTime:0.001383s ]
[2023-06-30T16:55:00+08:00][sql] SELECT `teacher_name`,`teacher_title`,`teacher_avatar` FROM `teacher` WHERE  `id` = 1 LIMIT 1 [ RunTime:0.000290s ]
[2023-06-30T16:55:00+08:00][sql] SELECT `teacher_name`,`teacher_title`,`teacher_avatar` FROM `teacher` WHERE  `id` = 2 LIMIT 1 [ RunTime:0.000248s ]
[2023-06-30T16:55:00+08:00][sql] SHOW FULL COLUMNS FROM `address` [ RunTime:0.001253s ]
[2023-06-30T16:55:00+08:00][sql] SELECT * FROM `address` WHERE  `id` = 1 LIMIT 1 [ RunTime:0.000363s ]
[2023-06-30T16:55:00+08:00][sql] SELECT * FROM `address` WHERE  `id` = 2 LIMIT 1 [ RunTime:0.000284s ]
[2023-06-30T16:59:52+08:00][sql] CONNECT:[ UseTime:0.000443s ] mysql:host=localhost;port=3316;dbname=coffee;charset=utf8
[2023-06-30T16:59:52+08:00][sql] SHOW FULL COLUMNS FROM `course` [ RunTime:0.001867s ]
[2023-06-30T16:59:52+08:00][sql] SELECT * FROM `course` WHERE  `id` = 6 LIMIT 1 [ RunTime:0.000387s ]
[2023-06-30T16:59:52+08:00][sql] SHOW FULL COLUMNS FROM `teacher` [ RunTime:0.001014s ]
[2023-06-30T16:59:52+08:00][sql] SELECT `teacher_name`,`teacher_title`,`teacher_avatar` FROM `teacher` WHERE  `id` = 1 LIMIT 1 [ RunTime:0.000315s ]
[2023-06-30T16:59:52+08:00][sql] SHOW FULL COLUMNS FROM `address` [ RunTime:0.001137s ]
[2023-06-30T16:59:52+08:00][sql] SELECT * FROM `address` WHERE  `id` = 1 LIMIT 1 [ RunTime:0.000319s ]
[2023-06-30T16:59:52+08:00][sql] SELECT * FROM `address` WHERE  `id` = 2 LIMIT 1 [ RunTime:0.000282s ]
[2023-06-30T17:15:19+08:00][sql] CONNECT:[ UseTime:0.000452s ] mysql:host=localhost;port=3316;dbname=coffee;charset=utf8
[2023-06-30T17:15:19+08:00][sql] SHOW FULL COLUMNS FROM `course` [ RunTime:0.001829s ]
[2023-06-30T17:15:19+08:00][sql] SELECT * FROM `course` WHERE  `id` = 6 LIMIT 1 [ RunTime:0.000321s ]
[2023-06-30T17:15:19+08:00][sql] SHOW FULL COLUMNS FROM `teacher` [ RunTime:0.000983s ]
[2023-06-30T17:15:19+08:00][sql] SELECT `teacher_name`,`teacher_title`,`teacher_avatar` FROM `teacher` WHERE  `id` = 1 LIMIT 1 [ RunTime:0.000251s ]
[2023-06-30T17:15:19+08:00][sql] SHOW FULL COLUMNS FROM `address` [ RunTime:0.001043s ]
[2023-06-30T17:15:19+08:00][sql] SELECT * FROM `address` WHERE  `id` = 1 LIMIT 1 [ RunTime:0.000247s ]
[2023-06-30T17:15:19+08:00][sql] SELECT * FROM `address` WHERE  `id` = 2 LIMIT 1 [ RunTime:0.000310s ]
[2023-06-30T19:42:11+08:00][sql] CONNECT:[ UseTime:0.000405s ] mysql:host=localhost;port=3316;dbname=coffee;charset=utf8
[2023-06-30T19:42:11+08:00][sql] SHOW FULL COLUMNS FROM `course` [ RunTime:0.001646s ]
[2023-06-30T19:42:11+08:00][sql] SELECT * FROM `course` WHERE  `id` = 7 LIMIT 1 [ RunTime:0.000331s ]
[2023-06-30T19:42:11+08:00][sql] SHOW FULL COLUMNS FROM `teacher` [ RunTime:0.001241s ]
[2023-06-30T19:42:11+08:00][sql] SELECT `teacher_name`,`teacher_title`,`teacher_avatar` FROM `teacher` WHERE  `id` = 1 LIMIT 1 [ RunTime:0.000338s ]
[2023-06-30T19:42:11+08:00][sql] SHOW FULL COLUMNS FROM `address` [ RunTime:0.001328s ]
[2023-06-30T19:42:11+08:00][sql] SELECT * FROM `address` WHERE  `id` = 1 LIMIT 1 [ RunTime:0.000372s ]
[2023-06-30T19:42:11+08:00][sql] SELECT * FROM `address` WHERE  `id` = 2 LIMIT 1 [ RunTime:0.000304s ]
[2023-06-30T20:00:07+08:00][sql] CONNECT:[ UseTime:0.000474s ] mysql:host=localhost;port=3316;dbname=coffee;charset=utf8
[2023-06-30T20:00:07+08:00][sql] SHOW FULL COLUMNS FROM `course` [ RunTime:0.001710s ]
[2023-06-30T20:00:07+08:00][sql] SELECT * FROM `course` WHERE  `id` = 7 LIMIT 1 [ RunTime:0.000512s ]
[2023-06-30T20:00:07+08:00][sql] SHOW FULL COLUMNS FROM `teacher` [ RunTime:0.001125s ]
[2023-06-30T20:00:07+08:00][sql] SELECT `teacher_name`,`teacher_title`,`teacher_avatar` FROM `teacher` WHERE  `id` = 1 LIMIT 1 [ RunTime:0.000319s ]
[2023-06-30T20:00:07+08:00][sql] SHOW FULL COLUMNS FROM `address` [ RunTime:0.001223s ]
[2023-06-30T20:00:07+08:00][sql] SELECT * FROM `address` WHERE  `id` = 1 LIMIT 1 [ RunTime:0.000276s ]
[2023-06-30T20:00:07+08:00][sql] SELECT * FROM `address` WHERE  `id` = 2 LIMIT 1 [ RunTime:0.000218s ]
[2023-06-30T23:22:21+08:00][sql] CONNECT:[ UseTime:0.000494s ] mysql:host=localhost;port=3316;dbname=coffee;charset=utf8
[2023-06-30T23:22:21+08:00][sql] SHOW FULL COLUMNS FROM `course` [ RunTime:0.001538s ]
[2023-06-30T23:22:21+08:00][sql] SELECT * FROM `course` WHERE  `id` = 5 LIMIT 1 [ RunTime:0.000393s ]
[2023-06-30T23:22:21+08:00][sql] SHOW FULL COLUMNS FROM `teacher` [ RunTime:0.000958s ]
[2023-06-30T23:22:21+08:00][sql] SELECT `teacher_name`,`teacher_title`,`teacher_avatar` FROM `teacher` WHERE  `id` = 1 LIMIT 1 [ RunTime:0.000261s ]
[2023-06-30T23:22:21+08:00][sql] SELECT `teacher_name`,`teacher_title`,`teacher_avatar` FROM `teacher` WHERE  `id` = 2 LIMIT 1 [ RunTime:0.000771s ]
[2023-06-30T23:22:21+08:00][sql] SHOW FULL COLUMNS FROM `address` [ RunTime:0.000991s ]
[2023-06-30T23:22:21+08:00][sql] SELECT * FROM `address` WHERE  `id` = 1 LIMIT 1 [ RunTime:0.000271s ]
[2023-06-30T23:22:21+08:00][sql] SELECT * FROM `address` WHERE  `id` = 2 LIMIT 1 [ RunTime:0.000289s ]
[2023-06-30T23:29:49+08:00][sql] CONNECT:[ UseTime:0.000528s ] mysql:host=localhost;port=3316;dbname=coffee;charset=utf8
[2023-06-30T23:29:49+08:00][sql] SHOW FULL COLUMNS FROM `course` [ RunTime:0.001567s ]
[2023-06-30T23:29:49+08:00][sql] SELECT * FROM `course` WHERE  `id` = 5 LIMIT 1 [ RunTime:0.000819s ]
[2023-06-30T23:29:49+08:00][sql] SHOW FULL COLUMNS FROM `teacher` [ RunTime:0.001031s ]
[2023-06-30T23:29:49+08:00][sql] SELECT `teacher_name`,`teacher_title`,`teacher_avatar` FROM `teacher` WHERE  `id` = 1 LIMIT 1 [ RunTime:0.000251s ]
[2023-06-30T23:29:49+08:00][sql] SELECT `teacher_name`,`teacher_title`,`teacher_avatar` FROM `teacher` WHERE  `id` = 2 LIMIT 1 [ RunTime:0.000194s ]
[2023-06-30T23:29:49+08:00][sql] SHOW FULL COLUMNS FROM `address` [ RunTime:0.001019s ]
[2023-06-30T23:29:49+08:00][sql] SELECT * FROM `address` WHERE  `id` = 1 LIMIT 1 [ RunTime:0.000346s ]
[2023-06-30T23:29:49+08:00][sql] SELECT * FROM `address` WHERE  `id` = 2 LIMIT 1 [ RunTime:0.000267s ]
