[2023-06-04T00:26:14+08:00][sql] CONNECT:[ UseTime:0.000476s ] mysql:host=localhost;port=3316;dbname=coffee;charset=utf8
[2023-06-04T00:26:14+08:00][sql] SHOW FULL COLUMNS FROM `banner` [ RunTime:0.001514s ]
[2023-06-04T00:26:14+08:00][sql] SELECT * FROM `banner` [ RunTime:0.000226s ]
[2023-06-04T00:26:14+08:00][sql] SHOW FULL COLUMNS FROM `information` [ RunTime:0.001080s ]
[2023-06-04T00:26:14+08:00][sql] SELECT * FROM `information` ORDER BY `time` DESC LIMIT 1 [ RunTime:0.000315s ]
[2023-06-04T00:26:14+08:00][sql] SELECT * FROM `information` ORDER BY `time` DESC LIMIT 1,4 [ RunTime:0.000337s ]
[2023-06-04T00:26:14+08:00][sql] SHOW FULL COLUMNS FROM `course` [ RunTime:0.001269s ]
[2023-06-04T00:26:14+08:00][sql] SELECT `id`,`title` FROM `course` ORDER BY `sorting` ASC LIMIT 0,6 [ RunTime:0.000258s ]
[2023-06-04T00:26:14+08:00][sql] SHOW FULL COLUMNS FROM `teacher` [ RunTime:0.000959s ]
[2023-06-04T00:26:14+08:00][sql] SELECT * FROM `teacher` [ RunTime:0.000246s ]
[2023-06-04T00:26:14+08:00][sql] SHOW FULL COLUMNS FROM `address` [ RunTime:0.001123s ]
[2023-06-04T00:26:14+08:00][sql] SELECT * FROM `address` WHERE  `id` = 1 LIMIT 1 [ RunTime:0.000263s ]
[2023-06-04T00:26:14+08:00][sql] SELECT * FROM `address` WHERE  `id` = 2 LIMIT 1 [ RunTime:0.000225s ]
[2023-06-04T00:37:01+08:00][sql] CONNECT:[ UseTime:0.000458s ] mysql:host=localhost;port=3316;dbname=coffee;charset=utf8
[2023-06-04T00:37:01+08:00][sql] SHOW FULL COLUMNS FROM `banner` [ RunTime:0.001277s ]
[2023-06-04T00:37:01+08:00][sql] SELECT * FROM `banner` [ RunTime:0.000269s ]
[2023-06-04T00:37:01+08:00][sql] SHOW FULL COLUMNS FROM `information` [ RunTime:0.001177s ]
[2023-06-04T00:37:01+08:00][sql] SELECT * FROM `information` ORDER BY `time` DESC LIMIT 1 [ RunTime:0.000318s ]
[2023-06-04T00:37:01+08:00][sql] SELECT * FROM `information` ORDER BY `time` DESC LIMIT 1,4 [ RunTime:0.000370s ]
[2023-06-04T00:37:01+08:00][sql] SHOW FULL COLUMNS FROM `course` [ RunTime:0.001142s ]
[2023-06-04T00:37:01+08:00][sql] SELECT `id`,`title` FROM `course` ORDER BY `sorting` ASC LIMIT 0,6 [ RunTime:0.000218s ]
[2023-06-04T00:37:01+08:00][sql] SHOW FULL COLUMNS FROM `teacher` [ RunTime:0.000931s ]
[2023-06-04T00:37:01+08:00][sql] SELECT * FROM `teacher` [ RunTime:0.000239s ]
[2023-06-04T00:37:01+08:00][sql] SHOW FULL COLUMNS FROM `address` [ RunTime:0.000959s ]
[2023-06-04T00:37:01+08:00][sql] SELECT * FROM `address` WHERE  `id` = 1 LIMIT 1 [ RunTime:0.000263s ]
[2023-06-04T00:37:01+08:00][sql] SELECT * FROM `address` WHERE  `id` = 2 LIMIT 1 [ RunTime:0.000221s ]
[2023-06-04T00:39:39+08:00][sql] CONNECT:[ UseTime:0.000480s ] mysql:host=localhost;port=3316;dbname=coffee;charset=utf8
[2023-06-04T00:39:39+08:00][sql] SHOW FULL COLUMNS FROM `banner` [ RunTime:0.001468s ]
[2023-06-04T00:39:39+08:00][sql] SELECT * FROM `banner` [ RunTime:0.000242s ]
[2023-06-04T00:39:39+08:00][sql] SHOW FULL COLUMNS FROM `information` [ RunTime:0.001088s ]
[2023-06-04T00:39:39+08:00][sql] SELECT * FROM `information` ORDER BY `time` DESC LIMIT 1 [ RunTime:0.000338s ]
[2023-06-04T00:39:39+08:00][sql] SELECT * FROM `information` ORDER BY `time` DESC LIMIT 1,4 [ RunTime:0.000347s ]
[2023-06-04T00:39:39+08:00][sql] SHOW FULL COLUMNS FROM `course` [ RunTime:0.001027s ]
[2023-06-04T00:39:39+08:00][sql] SELECT `id`,`title` FROM `course` ORDER BY `sorting` ASC LIMIT 0,6 [ RunTime:0.000237s ]
[2023-06-04T00:39:39+08:00][sql] SHOW FULL COLUMNS FROM `teacher` [ RunTime:0.000881s ]
[2023-06-04T00:39:39+08:00][sql] SELECT * FROM `teacher` [ RunTime:0.000298s ]
[2023-06-04T00:39:39+08:00][sql] SHOW FULL COLUMNS FROM `address` [ RunTime:0.001001s ]
[2023-06-04T00:39:39+08:00][sql] SELECT * FROM `address` WHERE  `id` = 1 LIMIT 1 [ RunTime:0.000271s ]
[2023-06-04T00:39:39+08:00][sql] SELECT * FROM `address` WHERE  `id` = 2 LIMIT 1 [ RunTime:0.000309s ]
[2023-06-04T00:40:51+08:00][sql] CONNECT:[ UseTime:0.000435s ] mysql:host=localhost;port=3316;dbname=coffee;charset=utf8
[2023-06-04T00:40:51+08:00][sql] SHOW FULL COLUMNS FROM `banner` [ RunTime:0.001406s ]
[2023-06-04T00:40:51+08:00][sql] SELECT * FROM `banner` [ RunTime:0.000265s ]
[2023-06-04T00:40:51+08:00][sql] SHOW FULL COLUMNS FROM `information` [ RunTime:0.000941s ]
[2023-06-04T00:40:51+08:00][sql] SELECT * FROM `information` ORDER BY `time` DESC LIMIT 1 [ RunTime:0.000323s ]
[2023-06-04T00:40:51+08:00][sql] SELECT * FROM `information` ORDER BY `time` DESC LIMIT 1,4 [ RunTime:0.000309s ]
[2023-06-04T00:40:51+08:00][sql] SHOW FULL COLUMNS FROM `course` [ RunTime:0.001064s ]
[2023-06-04T00:40:51+08:00][sql] SELECT `id`,`title` FROM `course` ORDER BY `sorting` ASC LIMIT 0,6 [ RunTime:0.000236s ]
[2023-06-04T00:40:51+08:00][sql] SHOW FULL COLUMNS FROM `teacher` [ RunTime:0.000839s ]
[2023-06-04T00:40:51+08:00][sql] SELECT * FROM `teacher` [ RunTime:0.000258s ]
[2023-06-04T00:40:51+08:00][sql] SHOW FULL COLUMNS FROM `address` [ RunTime:0.000899s ]
[2023-06-04T00:40:51+08:00][sql] SELECT * FROM `address` WHERE  `id` = 1 LIMIT 1 [ RunTime:0.000231s ]
[2023-06-04T00:40:51+08:00][sql] SELECT * FROM `address` WHERE  `id` = 2 LIMIT 1 [ RunTime:0.000193s ]
[2023-06-04T01:17:41+08:00][sql] CONNECT:[ UseTime:0.000493s ] mysql:host=localhost;port=3316;dbname=coffee;charset=utf8
[2023-06-04T01:17:41+08:00][sql] SHOW FULL COLUMNS FROM `banner` [ RunTime:0.001536s ]
[2023-06-04T01:17:41+08:00][sql] SELECT * FROM `banner` [ RunTime:0.000227s ]
[2023-06-04T01:17:41+08:00][sql] SHOW FULL COLUMNS FROM `information` [ RunTime:0.001041s ]
[2023-06-04T01:17:41+08:00][sql] SELECT * FROM `information` ORDER BY `time` DESC LIMIT 1 [ RunTime:0.000361s ]
[2023-06-04T01:17:41+08:00][sql] SELECT * FROM `information` ORDER BY `time` DESC LIMIT 1,4 [ RunTime:0.000353s ]
[2023-06-04T01:17:41+08:00][sql] SHOW FULL COLUMNS FROM `course` [ RunTime:0.001343s ]
[2023-06-04T01:17:41+08:00][sql] SELECT `id`,`title` FROM `course` ORDER BY `sorting` ASC LIMIT 0,6 [ RunTime:0.000284s ]
[2023-06-04T01:17:41+08:00][sql] SHOW FULL COLUMNS FROM `teacher` [ RunTime:0.001026s ]
[2023-06-04T01:17:41+08:00][sql] SELECT * FROM `teacher` [ RunTime:0.000260s ]
[2023-06-04T01:17:41+08:00][sql] SHOW FULL COLUMNS FROM `address` [ RunTime:0.001027s ]
[2023-06-04T01:17:41+08:00][sql] SELECT * FROM `address` WHERE  `id` = 1 LIMIT 1 [ RunTime:0.000257s ]
[2023-06-04T01:17:41+08:00][sql] SELECT * FROM `address` WHERE  `id` = 2 LIMIT 1 [ RunTime:0.000236s ]
[2023-06-04T01:28:17+08:00][sql] CONNECT:[ UseTime:0.000425s ] mysql:host=localhost;port=3316;dbname=coffee;charset=utf8
[2023-06-04T01:28:17+08:00][sql] SHOW FULL COLUMNS FROM `banner` [ RunTime:0.001299s ]
[2023-06-04T01:28:17+08:00][sql] SELECT * FROM `banner` [ RunTime:0.000239s ]
[2023-06-04T01:28:17+08:00][sql] SHOW FULL COLUMNS FROM `information` [ RunTime:0.000965s ]
[2023-06-04T01:28:17+08:00][sql] SELECT * FROM `information` ORDER BY `time` DESC LIMIT 1 [ RunTime:0.000553s ]
[2023-06-04T01:28:17+08:00][sql] SELECT * FROM `information` ORDER BY `time` DESC LIMIT 1,4 [ RunTime:0.000507s ]
[2023-06-04T01:28:17+08:00][sql] SHOW FULL COLUMNS FROM `course` [ RunTime:0.001331s ]
[2023-06-04T01:28:17+08:00][sql] SELECT `id`,`title` FROM `course` ORDER BY `sorting` ASC LIMIT 0,6 [ RunTime:0.000249s ]
[2023-06-04T01:28:17+08:00][sql] SHOW FULL COLUMNS FROM `teacher` [ RunTime:0.000917s ]
[2023-06-04T01:28:17+08:00][sql] SELECT * FROM `teacher` [ RunTime:0.000274s ]
[2023-06-04T01:28:17+08:00][sql] SHOW FULL COLUMNS FROM `address` [ RunTime:0.000946s ]
[2023-06-04T01:28:17+08:00][sql] SELECT * FROM `address` WHERE  `id` = 1 LIMIT 1 [ RunTime:0.000261s ]
[2023-06-04T01:28:17+08:00][sql] SELECT * FROM `address` WHERE  `id` = 2 LIMIT 1 [ RunTime:0.000405s ]
[2023-06-04T01:43:42+08:00][sql] CONNECT:[ UseTime:0.000486s ] mysql:host=localhost;port=3316;dbname=coffee;charset=utf8
[2023-06-04T01:43:42+08:00][sql] SHOW FULL COLUMNS FROM `banner` [ RunTime:0.001449s ]
[2023-06-04T01:43:42+08:00][sql] SELECT * FROM `banner` [ RunTime:0.000240s ]
[2023-06-04T01:43:42+08:00][sql] SHOW FULL COLUMNS FROM `information` [ RunTime:0.000969s ]
[2023-06-04T01:43:42+08:00][sql] SELECT * FROM `information` ORDER BY `time` DESC LIMIT 1 [ RunTime:0.000331s ]
[2023-06-04T01:43:42+08:00][sql] SELECT * FROM `information` ORDER BY `time` DESC LIMIT 1,4 [ RunTime:0.000429s ]
[2023-06-04T01:43:42+08:00][sql] SHOW FULL COLUMNS FROM `course` [ RunTime:0.001149s ]
[2023-06-04T01:43:42+08:00][sql] SELECT `id`,`title` FROM `course` ORDER BY `sorting` ASC LIMIT 0,6 [ RunTime:0.000245s ]
[2023-06-04T01:43:42+08:00][sql] SHOW FULL COLUMNS FROM `teacher` [ RunTime:0.000898s ]
[2023-06-04T01:43:42+08:00][sql] SELECT * FROM `teacher` [ RunTime:0.000243s ]
[2023-06-04T01:43:42+08:00][sql] SHOW FULL COLUMNS FROM `address` [ RunTime:0.000908s ]
[2023-06-04T01:43:42+08:00][sql] SELECT * FROM `address` WHERE  `id` = 1 LIMIT 1 [ RunTime:0.000335s ]
[2023-06-04T01:43:42+08:00][sql] SELECT * FROM `address` WHERE  `id` = 2 LIMIT 1 [ RunTime:0.000218s ]
[2023-06-04T01:46:49+08:00][sql] CONNECT:[ UseTime:0.000440s ] mysql:host=localhost;port=3316;dbname=coffee;charset=utf8
[2023-06-04T01:46:49+08:00][sql] SHOW FULL COLUMNS FROM `banner` [ RunTime:0.001554s ]
[2023-06-04T01:46:49+08:00][sql] SELECT * FROM `banner` [ RunTime:0.000238s ]
[2023-06-04T01:46:49+08:00][sql] SHOW FULL COLUMNS FROM `information` [ RunTime:0.001101s ]
[2023-06-04T01:46:49+08:00][sql] SELECT * FROM `information` ORDER BY `time` DESC LIMIT 1 [ RunTime:0.000410s ]
[2023-06-04T01:46:49+08:00][sql] SELECT * FROM `information` ORDER BY `time` DESC LIMIT 1,4 [ RunTime:0.000508s ]
[2023-06-04T01:46:49+08:00][sql] SHOW FULL COLUMNS FROM `course` [ RunTime:0.001290s ]
[2023-06-04T01:46:49+08:00][sql] SELECT `id`,`title` FROM `course` ORDER BY `sorting` ASC LIMIT 0,6 [ RunTime:0.000374s ]
[2023-06-04T01:46:49+08:00][sql] SHOW FULL COLUMNS FROM `teacher` [ RunTime:0.001046s ]
[2023-06-04T01:46:49+08:00][sql] SELECT * FROM `teacher` [ RunTime:0.000254s ]
[2023-06-04T01:46:49+08:00][sql] SHOW FULL COLUMNS FROM `address` [ RunTime:0.001009s ]
[2023-06-04T01:46:49+08:00][sql] SELECT * FROM `address` WHERE  `id` = 1 LIMIT 1 [ RunTime:0.000272s ]
[2023-06-04T01:46:49+08:00][sql] SELECT * FROM `address` WHERE  `id` = 2 LIMIT 1 [ RunTime:0.000265s ]
[2023-06-04T01:46:50+08:00][sql] CONNECT:[ UseTime:0.000449s ] mysql:host=localhost;port=3316;dbname=coffee;charset=utf8
[2023-06-04T01:46:50+08:00][sql] SHOW FULL COLUMNS FROM `banner` [ RunTime:0.001298s ]
[2023-06-04T01:46:50+08:00][sql] SELECT * FROM `banner` [ RunTime:0.000218s ]
[2023-06-04T01:46:50+08:00][sql] SHOW FULL COLUMNS FROM `information` [ RunTime:0.001045s ]
[2023-06-04T01:46:50+08:00][sql] SELECT * FROM `information` ORDER BY `time` DESC LIMIT 1 [ RunTime:0.000300s ]
[2023-06-04T01:46:50+08:00][sql] SELECT * FROM `information` ORDER BY `time` DESC LIMIT 1,4 [ RunTime:0.000319s ]
[2023-06-04T01:46:50+08:00][sql] SHOW FULL COLUMNS FROM `course` [ RunTime:0.001047s ]
[2023-06-04T01:46:50+08:00][sql] SELECT `id`,`title` FROM `course` ORDER BY `sorting` ASC LIMIT 0,6 [ RunTime:0.000231s ]
[2023-06-04T01:46:50+08:00][sql] SHOW FULL COLUMNS FROM `teacher` [ RunTime:0.000946s ]
[2023-06-04T01:46:50+08:00][sql] SELECT * FROM `teacher` [ RunTime:0.000216s ]
[2023-06-04T01:46:50+08:00][sql] SHOW FULL COLUMNS FROM `address` [ RunTime:0.000937s ]
[2023-06-04T01:46:50+08:00][sql] SELECT * FROM `address` WHERE  `id` = 1 LIMIT 1 [ RunTime:0.000264s ]
[2023-06-04T01:46:50+08:00][sql] SELECT * FROM `address` WHERE  `id` = 2 LIMIT 1 [ RunTime:0.000217s ]
[2023-06-04T02:14:08+08:00][sql] CONNECT:[ UseTime:0.000484s ] mysql:host=localhost;port=3316;dbname=coffee;charset=utf8
[2023-06-04T02:14:08+08:00][sql] SHOW FULL COLUMNS FROM `banner` [ RunTime:0.001345s ]
[2023-06-04T02:14:08+08:00][sql] SELECT * FROM `banner` [ RunTime:0.000291s ]
[2023-06-04T02:14:08+08:00][sql] SHOW FULL COLUMNS FROM `information` [ RunTime:0.001136s ]
[2023-06-04T02:14:08+08:00][sql] SELECT * FROM `information` ORDER BY `time` DESC LIMIT 1 [ RunTime:0.000357s ]
[2023-06-04T02:14:08+08:00][sql] SELECT * FROM `information` ORDER BY `time` DESC LIMIT 1,4 [ RunTime:0.000444s ]
[2023-06-04T02:14:08+08:00][sql] SHOW FULL COLUMNS FROM `course` [ RunTime:0.001256s ]
[2023-06-04T02:14:08+08:00][sql] SELECT `id`,`title` FROM `course` ORDER BY `sorting` ASC LIMIT 0,6 [ RunTime:0.000258s ]
[2023-06-04T02:14:08+08:00][sql] SHOW FULL COLUMNS FROM `teacher` [ RunTime:0.000912s ]
[2023-06-04T02:14:08+08:00][sql] SELECT * FROM `teacher` [ RunTime:0.000257s ]
[2023-06-04T02:14:08+08:00][sql] SHOW FULL COLUMNS FROM `address` [ RunTime:0.000939s ]
[2023-06-04T02:14:08+08:00][sql] SELECT * FROM `address` WHERE  `id` = 1 LIMIT 1 [ RunTime:0.000294s ]
[2023-06-04T02:14:08+08:00][sql] SELECT * FROM `address` WHERE  `id` = 2 LIMIT 1 [ RunTime:0.000284s ]
[2023-06-04T02:20:57+08:00][sql] CONNECT:[ UseTime:0.000409s ] mysql:host=localhost;port=3316;dbname=coffee;charset=utf8
[2023-06-04T02:20:57+08:00][sql] SHOW FULL COLUMNS FROM `banner` [ RunTime:0.001346s ]
[2023-06-04T02:20:57+08:00][sql] SELECT * FROM `banner` [ RunTime:0.000270s ]
[2023-06-04T02:20:57+08:00][sql] SHOW FULL COLUMNS FROM `information` [ RunTime:0.001125s ]
[2023-06-04T02:20:57+08:00][sql] SELECT * FROM `information` ORDER BY `time` DESC LIMIT 1 [ RunTime:0.000315s ]
[2023-06-04T02:20:57+08:00][sql] SELECT * FROM `information` ORDER BY `time` DESC LIMIT 1,4 [ RunTime:0.000371s ]
[2023-06-04T02:20:57+08:00][sql] SHOW FULL COLUMNS FROM `course` [ RunTime:0.001078s ]
[2023-06-04T02:20:57+08:00][sql] SELECT `id`,`title` FROM `course` ORDER BY `sorting` ASC LIMIT 0,6 [ RunTime:0.000228s ]
[2023-06-04T02:20:57+08:00][sql] SHOW FULL COLUMNS FROM `teacher` [ RunTime:0.001082s ]
[2023-06-04T02:20:57+08:00][sql] SELECT * FROM `teacher` [ RunTime:0.000258s ]
[2023-06-04T02:20:57+08:00][sql] SHOW FULL COLUMNS FROM `address` [ RunTime:0.000987s ]
[2023-06-04T02:20:57+08:00][sql] SELECT * FROM `address` WHERE  `id` = 1 LIMIT 1 [ RunTime:0.000278s ]
[2023-06-04T02:20:57+08:00][sql] SELECT * FROM `address` WHERE  `id` = 2 LIMIT 1 [ RunTime:0.000248s ]
[2023-06-04T02:26:59+08:00][sql] CONNECT:[ UseTime:0.000424s ] mysql:host=localhost;port=3316;dbname=coffee;charset=utf8
[2023-06-04T02:26:59+08:00][sql] SHOW FULL COLUMNS FROM `banner` [ RunTime:0.001472s ]
[2023-06-04T02:26:59+08:00][sql] SELECT * FROM `banner` [ RunTime:0.000272s ]
[2023-06-04T02:26:59+08:00][sql] SHOW FULL COLUMNS FROM `information` [ RunTime:0.000983s ]
[2023-06-04T02:26:59+08:00][sql] SELECT * FROM `information` ORDER BY `time` DESC LIMIT 1 [ RunTime:0.000336s ]
[2023-06-04T02:26:59+08:00][sql] SELECT * FROM `information` ORDER BY `time` DESC LIMIT 1,4 [ RunTime:0.000367s ]
[2023-06-04T02:26:59+08:00][sql] SHOW FULL COLUMNS FROM `course` [ RunTime:0.001206s ]
[2023-06-04T02:26:59+08:00][sql] SELECT `id`,`title` FROM `course` ORDER BY `sorting` ASC LIMIT 0,6 [ RunTime:0.000274s ]
[2023-06-04T02:26:59+08:00][sql] SHOW FULL COLUMNS FROM `teacher` [ RunTime:0.000960s ]
[2023-06-04T02:26:59+08:00][sql] SELECT * FROM `teacher` [ RunTime:0.000248s ]
[2023-06-04T02:26:59+08:00][sql] SHOW FULL COLUMNS FROM `address` [ RunTime:0.000886s ]
[2023-06-04T02:26:59+08:00][sql] SELECT * FROM `address` WHERE  `id` = 1 LIMIT 1 [ RunTime:0.000235s ]
[2023-06-04T02:26:59+08:00][sql] SELECT * FROM `address` WHERE  `id` = 2 LIMIT 1 [ RunTime:0.000208s ]
[2023-06-04T02:28:28+08:00][sql] CONNECT:[ UseTime:0.000413s ] mysql:host=localhost;port=3316;dbname=coffee;charset=utf8
[2023-06-04T02:28:28+08:00][sql] SHOW FULL COLUMNS FROM `banner` [ RunTime:0.001449s ]
[2023-06-04T02:28:28+08:00][sql] SELECT * FROM `banner` [ RunTime:0.000242s ]
[2023-06-04T02:28:28+08:00][sql] SHOW FULL COLUMNS FROM `information` [ RunTime:0.000936s ]
[2023-06-04T02:28:28+08:00][sql] SELECT * FROM `information` ORDER BY `time` DESC LIMIT 1 [ RunTime:0.000328s ]
[2023-06-04T02:28:28+08:00][sql] SELECT * FROM `information` ORDER BY `time` DESC LIMIT 1,4 [ RunTime:0.000318s ]
[2023-06-04T02:28:28+08:00][sql] SHOW FULL COLUMNS FROM `course` [ RunTime:0.001049s ]
[2023-06-04T02:28:28+08:00][sql] SELECT `id`,`title` FROM `course` ORDER BY `sorting` ASC LIMIT 0,6 [ RunTime:0.000250s ]
[2023-06-04T02:28:28+08:00][sql] SHOW FULL COLUMNS FROM `teacher` [ RunTime:0.000858s ]
[2023-06-04T02:28:28+08:00][sql] SELECT * FROM `teacher` [ RunTime:0.000217s ]
[2023-06-04T02:28:28+08:00][sql] SHOW FULL COLUMNS FROM `address` [ RunTime:0.000926s ]
[2023-06-04T02:28:28+08:00][sql] SELECT * FROM `address` WHERE  `id` = 1 LIMIT 1 [ RunTime:0.000239s ]
[2023-06-04T02:28:28+08:00][sql] SELECT * FROM `address` WHERE  `id` = 2 LIMIT 1 [ RunTime:0.000202s ]
[2023-06-04T02:28:32+08:00][sql] CONNECT:[ UseTime:0.000439s ] mysql:host=localhost;port=3316;dbname=coffee;charset=utf8
[2023-06-04T02:28:32+08:00][sql] SHOW FULL COLUMNS FROM `banner` [ RunTime:0.001454s ]
[2023-06-04T02:28:32+08:00][sql] SELECT * FROM `banner` [ RunTime:0.000245s ]
[2023-06-04T02:28:32+08:00][sql] SHOW FULL COLUMNS FROM `information` [ RunTime:0.001171s ]
[2023-06-04T02:28:32+08:00][sql] SELECT * FROM `information` ORDER BY `time` DESC LIMIT 1 [ RunTime:0.000320s ]
[2023-06-04T02:28:32+08:00][sql] SELECT * FROM `information` ORDER BY `time` DESC LIMIT 1,4 [ RunTime:0.000370s ]
[2023-06-04T02:28:32+08:00][sql] SHOW FULL COLUMNS FROM `course` [ RunTime:0.001165s ]
[2023-06-04T02:28:32+08:00][sql] SELECT `id`,`title` FROM `course` ORDER BY `sorting` ASC LIMIT 0,6 [ RunTime:0.000259s ]
[2023-06-04T02:28:32+08:00][sql] SHOW FULL COLUMNS FROM `teacher` [ RunTime:0.000922s ]
[2023-06-04T02:28:32+08:00][sql] SELECT * FROM `teacher` [ RunTime:0.000271s ]
[2023-06-04T02:28:32+08:00][sql] SHOW FULL COLUMNS FROM `address` [ RunTime:0.001012s ]
[2023-06-04T02:28:32+08:00][sql] SELECT * FROM `address` WHERE  `id` = 1 LIMIT 1 [ RunTime:0.000283s ]
[2023-06-04T02:28:32+08:00][sql] SELECT * FROM `address` WHERE  `id` = 2 LIMIT 1 [ RunTime:0.000239s ]
[2023-06-04T03:09:42+08:00][sql] CONNECT:[ UseTime:0.000426s ] mysql:host=localhost;port=3316;dbname=coffee;charset=utf8
[2023-06-04T03:09:42+08:00][sql] SHOW FULL COLUMNS FROM `banner` [ RunTime:0.001300s ]
[2023-06-04T03:09:42+08:00][sql] SELECT * FROM `banner` [ RunTime:0.000226s ]
[2023-06-04T03:09:42+08:00][sql] SHOW FULL COLUMNS FROM `information` [ RunTime:0.000981s ]
[2023-06-04T03:09:42+08:00][sql] SELECT * FROM `information` ORDER BY `time` DESC LIMIT 1 [ RunTime:0.000312s ]
[2023-06-04T03:09:42+08:00][sql] SELECT * FROM `information` ORDER BY `time` DESC LIMIT 1,4 [ RunTime:0.000323s ]
[2023-06-04T03:09:42+08:00][sql] SHOW FULL COLUMNS FROM `course` [ RunTime:0.001010s ]
[2023-06-04T03:09:42+08:00][sql] SELECT `id`,`title` FROM `course` ORDER BY `sorting` ASC LIMIT 0,6 [ RunTime:0.000230s ]
[2023-06-04T03:09:42+08:00][sql] SHOW FULL COLUMNS FROM `teacher` [ RunTime:0.000884s ]
[2023-06-04T03:09:42+08:00][sql] SELECT * FROM `teacher` [ RunTime:0.000229s ]
[2023-06-04T03:09:42+08:00][sql] SHOW FULL COLUMNS FROM `address` [ RunTime:0.000865s ]
[2023-06-04T03:09:42+08:00][sql] SELECT * FROM `address` WHERE  `id` = 1 LIMIT 1 [ RunTime:0.000239s ]
[2023-06-04T03:09:42+08:00][sql] SELECT * FROM `address` WHERE  `id` = 2 LIMIT 1 [ RunTime:0.000202s ]
[2023-06-04T03:11:19+08:00][sql] CONNECT:[ UseTime:0.000515s ] mysql:host=localhost;port=3316;dbname=coffee;charset=utf8
[2023-06-04T03:11:19+08:00][sql] SHOW FULL COLUMNS FROM `banner` [ RunTime:0.001501s ]
[2023-06-04T03:11:19+08:00][sql] SELECT * FROM `banner` [ RunTime:0.000258s ]
[2023-06-04T03:11:19+08:00][sql] SHOW FULL COLUMNS FROM `information` [ RunTime:0.001139s ]
[2023-06-04T03:11:19+08:00][sql] SELECT * FROM `information` ORDER BY `time` DESC LIMIT 1 [ RunTime:0.000312s ]
[2023-06-04T03:11:19+08:00][sql] SELECT * FROM `information` ORDER BY `time` DESC LIMIT 1,4 [ RunTime:0.000336s ]
[2023-06-04T03:11:19+08:00][sql] SHOW FULL COLUMNS FROM `course` [ RunTime:0.001199s ]
[2023-06-04T03:11:19+08:00][sql] SELECT `id`,`title` FROM `course` ORDER BY `sorting` ASC LIMIT 0,6 [ RunTime:0.000229s ]
[2023-06-04T03:11:19+08:00][sql] SHOW FULL COLUMNS FROM `teacher` [ RunTime:0.000933s ]
[2023-06-04T03:11:19+08:00][sql] SELECT * FROM `teacher` [ RunTime:0.000234s ]
[2023-06-04T03:11:19+08:00][sql] SHOW FULL COLUMNS FROM `address` [ RunTime:0.001074s ]
[2023-06-04T03:11:19+08:00][sql] SELECT * FROM `address` WHERE  `id` = 1 LIMIT 1 [ RunTime:0.000252s ]
[2023-06-04T03:11:19+08:00][sql] SELECT * FROM `address` WHERE  `id` = 2 LIMIT 1 [ RunTime:0.000251s ]
[2023-06-04T03:11:19+08:00][sql] CONNECT:[ UseTime:0.000402s ] mysql:host=localhost;port=3316;dbname=coffee;charset=utf8
[2023-06-04T03:11:19+08:00][sql] SHOW FULL COLUMNS FROM `banner` [ RunTime:0.001393s ]
[2023-06-04T03:11:19+08:00][sql] SELECT * FROM `banner` [ RunTime:0.000225s ]
[2023-06-04T03:11:19+08:00][sql] SHOW FULL COLUMNS FROM `information` [ RunTime:0.001016s ]
[2023-06-04T03:11:19+08:00][sql] SELECT * FROM `information` ORDER BY `time` DESC LIMIT 1 [ RunTime:0.000306s ]
[2023-06-04T03:11:19+08:00][sql] SELECT * FROM `information` ORDER BY `time` DESC LIMIT 1,4 [ RunTime:0.000353s ]
[2023-06-04T03:11:19+08:00][sql] SHOW FULL COLUMNS FROM `course` [ RunTime:0.001049s ]
[2023-06-04T03:11:19+08:00][sql] SELECT `id`,`title` FROM `course` ORDER BY `sorting` ASC LIMIT 0,6 [ RunTime:0.000233s ]
[2023-06-04T03:11:19+08:00][sql] SHOW FULL COLUMNS FROM `teacher` [ RunTime:0.000982s ]
[2023-06-04T03:11:19+08:00][sql] SELECT * FROM `teacher` [ RunTime:0.000225s ]
[2023-06-04T03:11:19+08:00][sql] SHOW FULL COLUMNS FROM `address` [ RunTime:0.000957s ]
[2023-06-04T03:11:19+08:00][sql] SELECT * FROM `address` WHERE  `id` = 1 LIMIT 1 [ RunTime:0.000258s ]
[2023-06-04T03:11:19+08:00][sql] SELECT * FROM `address` WHERE  `id` = 2 LIMIT 1 [ RunTime:0.000192s ]
[2023-06-04T03:16:55+08:00][sql] CONNECT:[ UseTime:0.000470s ] mysql:host=localhost;port=3316;dbname=coffee;charset=utf8
[2023-06-04T03:16:55+08:00][sql] SHOW FULL COLUMNS FROM `banner` [ RunTime:0.001351s ]
[2023-06-04T03:16:55+08:00][sql] SELECT * FROM `banner` [ RunTime:0.000226s ]
[2023-06-04T03:16:55+08:00][sql] SHOW FULL COLUMNS FROM `information` [ RunTime:0.001002s ]
[2023-06-04T03:16:55+08:00][sql] SELECT * FROM `information` ORDER BY `time` DESC LIMIT 1 [ RunTime:0.000318s ]
[2023-06-04T03:16:55+08:00][sql] SELECT * FROM `information` ORDER BY `time` DESC LIMIT 1,4 [ RunTime:0.000339s ]
[2023-06-04T03:16:55+08:00][sql] SHOW FULL COLUMNS FROM `course` [ RunTime:0.001279s ]
[2023-06-04T03:16:55+08:00][sql] SELECT `id`,`title` FROM `course` ORDER BY `sorting` ASC LIMIT 0,6 [ RunTime:0.000311s ]
[2023-06-04T03:16:55+08:00][sql] SHOW FULL COLUMNS FROM `teacher` [ RunTime:0.000920s ]
[2023-06-04T03:16:55+08:00][sql] SELECT * FROM `teacher` [ RunTime:0.000281s ]
[2023-06-04T03:16:55+08:00][sql] SHOW FULL COLUMNS FROM `address` [ RunTime:0.000915s ]
[2023-06-04T03:16:55+08:00][sql] SELECT * FROM `address` WHERE  `id` = 1 LIMIT 1 [ RunTime:0.000261s ]
[2023-06-04T03:16:55+08:00][sql] SELECT * FROM `address` WHERE  `id` = 2 LIMIT 1 [ RunTime:0.000267s ]
[2023-06-04T03:54:07+08:00][sql] CONNECT:[ UseTime:0.000446s ] mysql:host=localhost;port=3316;dbname=coffee;charset=utf8
[2023-06-04T03:54:07+08:00][sql] SHOW FULL COLUMNS FROM `banner` [ RunTime:0.001296s ]
[2023-06-04T03:54:07+08:00][sql] SELECT * FROM `banner` [ RunTime:0.000245s ]
[2023-06-04T03:54:07+08:00][sql] SHOW FULL COLUMNS FROM `information` [ RunTime:0.001005s ]
[2023-06-04T03:54:07+08:00][sql] SELECT * FROM `information` ORDER BY `time` DESC LIMIT 1 [ RunTime:0.000297s ]
[2023-06-04T03:54:07+08:00][sql] SELECT * FROM `information` ORDER BY `time` DESC LIMIT 1,4 [ RunTime:0.000317s ]
[2023-06-04T03:54:07+08:00][sql] SHOW FULL COLUMNS FROM `course` [ RunTime:0.001048s ]
[2023-06-04T03:54:07+08:00][sql] SELECT `id`,`title` FROM `course` ORDER BY `sorting` ASC LIMIT 0,6 [ RunTime:0.000243s ]
[2023-06-04T03:54:07+08:00][sql] SHOW FULL COLUMNS FROM `teacher` [ RunTime:0.000871s ]
[2023-06-04T03:54:07+08:00][sql] SELECT * FROM `teacher` [ RunTime:0.000227s ]
[2023-06-04T03:54:07+08:00][sql] SHOW FULL COLUMNS FROM `address` [ RunTime:0.000916s ]
[2023-06-04T03:54:07+08:00][sql] SELECT * FROM `address` WHERE  `id` = 1 LIMIT 1 [ RunTime:0.000243s ]
[2023-06-04T03:54:07+08:00][sql] SELECT * FROM `address` WHERE  `id` = 2 LIMIT 1 [ RunTime:0.000201s ]
[2023-06-04T04:23:59+08:00][sql] CONNECT:[ UseTime:0.000428s ] mysql:host=localhost;port=3316;dbname=coffee;charset=utf8
[2023-06-04T04:23:59+08:00][sql] SHOW FULL COLUMNS FROM `banner` [ RunTime:0.001416s ]
[2023-06-04T04:23:59+08:00][sql] SELECT * FROM `banner` [ RunTime:0.000217s ]
[2023-06-04T04:23:59+08:00][sql] SHOW FULL COLUMNS FROM `information` [ RunTime:0.001100s ]
[2023-06-04T04:23:59+08:00][sql] SELECT * FROM `information` ORDER BY `time` DESC LIMIT 1 [ RunTime:0.000339s ]
[2023-06-04T04:23:59+08:00][sql] SELECT * FROM `information` ORDER BY `time` DESC LIMIT 1,4 [ RunTime:0.000458s ]
[2023-06-04T04:23:59+08:00][sql] SHOW FULL COLUMNS FROM `course` [ RunTime:0.001220s ]
[2023-06-04T04:23:59+08:00][sql] SELECT `id`,`title` FROM `course` ORDER BY `sorting` ASC LIMIT 0,6 [ RunTime:0.000307s ]
[2023-06-04T04:23:59+08:00][sql] SHOW FULL COLUMNS FROM `teacher` [ RunTime:0.001065s ]
[2023-06-04T04:23:59+08:00][sql] SELECT * FROM `teacher` [ RunTime:0.000270s ]
[2023-06-04T04:23:59+08:00][sql] SHOW FULL COLUMNS FROM `address` [ RunTime:0.001039s ]
[2023-06-04T04:23:59+08:00][sql] SELECT * FROM `address` WHERE  `id` = 1 LIMIT 1 [ RunTime:0.000281s ]
[2023-06-04T04:23:59+08:00][sql] SELECT * FROM `address` WHERE  `id` = 2 LIMIT 1 [ RunTime:0.000225s ]
[2023-06-04T04:38:37+08:00][sql] CONNECT:[ UseTime:0.000397s ] mysql:host=localhost;port=3316;dbname=coffee;charset=utf8
[2023-06-04T04:38:37+08:00][sql] SHOW FULL COLUMNS FROM `banner` [ RunTime:0.001299s ]
[2023-06-04T04:38:37+08:00][sql] SELECT * FROM `banner` [ RunTime:0.000214s ]
[2023-06-04T04:38:37+08:00][sql] SHOW FULL COLUMNS FROM `information` [ RunTime:0.001002s ]
[2023-06-04T04:38:37+08:00][sql] SELECT * FROM `information` ORDER BY `time` DESC LIMIT 1 [ RunTime:0.000341s ]
[2023-06-04T04:38:37+08:00][sql] SELECT * FROM `information` ORDER BY `time` DESC LIMIT 1,4 [ RunTime:0.000374s ]
[2023-06-04T04:38:37+08:00][sql] SHOW FULL COLUMNS FROM `course` [ RunTime:0.001049s ]
[2023-06-04T04:38:37+08:00][sql] SELECT `id`,`title` FROM `course` ORDER BY `sorting` ASC LIMIT 0,6 [ RunTime:0.000301s ]
[2023-06-04T04:38:37+08:00][sql] SHOW FULL COLUMNS FROM `teacher` [ RunTime:0.000966s ]
[2023-06-04T04:38:37+08:00][sql] SELECT * FROM `teacher` [ RunTime:0.000222s ]
[2023-06-04T04:38:37+08:00][sql] SHOW FULL COLUMNS FROM `address` [ RunTime:0.001006s ]
[2023-06-04T04:38:37+08:00][sql] SELECT * FROM `address` WHERE  `id` = 1 LIMIT 1 [ RunTime:0.000229s ]
[2023-06-04T04:38:37+08:00][sql] SELECT * FROM `address` WHERE  `id` = 2 LIMIT 1 [ RunTime:0.000209s ]
[2023-06-04T05:04:25+08:00][sql] CONNECT:[ UseTime:0.000491s ] mysql:host=localhost;port=3316;dbname=coffee;charset=utf8
[2023-06-04T05:04:25+08:00][sql] SHOW FULL COLUMNS FROM `banner` [ RunTime:0.001669s ]
[2023-06-04T05:04:25+08:00][sql] SELECT * FROM `banner` [ RunTime:0.000230s ]
[2023-06-04T05:04:25+08:00][sql] SHOW FULL COLUMNS FROM `information` [ RunTime:0.000929s ]
[2023-06-04T05:04:25+08:00][sql] SELECT * FROM `information` ORDER BY `time` DESC LIMIT 1 [ RunTime:0.000304s ]
[2023-06-04T05:04:25+08:00][sql] SELECT * FROM `information` ORDER BY `time` DESC LIMIT 1,4 [ RunTime:0.000332s ]
[2023-06-04T05:04:25+08:00][sql] SHOW FULL COLUMNS FROM `course` [ RunTime:0.001065s ]
[2023-06-04T05:04:25+08:00][sql] SELECT `id`,`title` FROM `course` ORDER BY `sorting` ASC LIMIT 0,6 [ RunTime:0.000234s ]
[2023-06-04T05:04:25+08:00][sql] SHOW FULL COLUMNS FROM `teacher` [ RunTime:0.000866s ]
[2023-06-04T05:04:25+08:00][sql] SELECT * FROM `teacher` [ RunTime:0.000213s ]
[2023-06-04T05:04:25+08:00][sql] SHOW FULL COLUMNS FROM `address` [ RunTime:0.000949s ]
[2023-06-04T05:04:25+08:00][sql] SELECT * FROM `address` WHERE  `id` = 1 LIMIT 1 [ RunTime:0.000243s ]
[2023-06-04T05:04:25+08:00][sql] SELECT * FROM `address` WHERE  `id` = 2 LIMIT 1 [ RunTime:0.000197s ]
[2023-06-04T05:04:27+08:00][sql] CONNECT:[ UseTime:0.000406s ] mysql:host=localhost;port=3316;dbname=coffee;charset=utf8
[2023-06-04T05:04:27+08:00][sql] SHOW FULL COLUMNS FROM `banner` [ RunTime:0.001316s ]
[2023-06-04T05:04:27+08:00][sql] SELECT * FROM `banner` [ RunTime:0.000221s ]
[2023-06-04T05:04:27+08:00][sql] SHOW FULL COLUMNS FROM `information` [ RunTime:0.000983s ]
[2023-06-04T05:04:27+08:00][sql] SELECT * FROM `information` ORDER BY `time` DESC LIMIT 1 [ RunTime:0.000309s ]
[2023-06-04T05:04:27+08:00][sql] SELECT * FROM `information` ORDER BY `time` DESC LIMIT 1,4 [ RunTime:0.000338s ]
[2023-06-04T05:04:27+08:00][sql] SHOW FULL COLUMNS FROM `course` [ RunTime:0.001084s ]
[2023-06-04T05:04:27+08:00][sql] SELECT `id`,`title` FROM `course` ORDER BY `sorting` ASC LIMIT 0,6 [ RunTime:0.000239s ]
[2023-06-04T05:04:27+08:00][sql] SHOW FULL COLUMNS FROM `teacher` [ RunTime:0.000894s ]
[2023-06-04T05:04:27+08:00][sql] SELECT * FROM `teacher` [ RunTime:0.000227s ]
[2023-06-04T05:04:27+08:00][sql] SHOW FULL COLUMNS FROM `address` [ RunTime:0.000879s ]
[2023-06-04T05:04:27+08:00][sql] SELECT * FROM `address` WHERE  `id` = 1 LIMIT 1 [ RunTime:0.000238s ]
[2023-06-04T05:04:27+08:00][sql] SELECT * FROM `address` WHERE  `id` = 2 LIMIT 1 [ RunTime:0.000208s ]
[2023-06-04T05:34:41+08:00][sql] CONNECT:[ UseTime:0.000477s ] mysql:host=localhost;port=3316;dbname=coffee;charset=utf8
[2023-06-04T05:34:41+08:00][sql] SHOW FULL COLUMNS FROM `banner` [ RunTime:0.001431s ]
[2023-06-04T05:34:41+08:00][sql] SELECT * FROM `banner` [ RunTime:0.000232s ]
[2023-06-04T05:34:41+08:00][sql] SHOW FULL COLUMNS FROM `information` [ RunTime:0.001218s ]
[2023-06-04T05:34:41+08:00][sql] SELECT * FROM `information` ORDER BY `time` DESC LIMIT 1 [ RunTime:0.000319s ]
[2023-06-04T05:34:41+08:00][sql] SELECT * FROM `information` ORDER BY `time` DESC LIMIT 1,4 [ RunTime:0.000328s ]
[2023-06-04T05:34:41+08:00][sql] SHOW FULL COLUMNS FROM `course` [ RunTime:0.001169s ]
[2023-06-04T05:34:41+08:00][sql] SELECT `id`,`title` FROM `course` ORDER BY `sorting` ASC LIMIT 0,6 [ RunTime:0.000243s ]
[2023-06-04T05:34:41+08:00][sql] SHOW FULL COLUMNS FROM `teacher` [ RunTime:0.000982s ]
[2023-06-04T05:34:41+08:00][sql] SELECT * FROM `teacher` [ RunTime:0.000216s ]
[2023-06-04T05:34:41+08:00][sql] SHOW FULL COLUMNS FROM `address` [ RunTime:0.000919s ]
[2023-06-04T05:34:41+08:00][sql] SELECT * FROM `address` WHERE  `id` = 1 LIMIT 1 [ RunTime:0.000265s ]
[2023-06-04T05:34:41+08:00][sql] SELECT * FROM `address` WHERE  `id` = 2 LIMIT 1 [ RunTime:0.000215s ]
[2023-06-04T05:44:14+08:00][sql] CONNECT:[ UseTime:0.000442s ] mysql:host=localhost;port=3316;dbname=coffee;charset=utf8
[2023-06-04T05:44:14+08:00][sql] SHOW FULL COLUMNS FROM `banner` [ RunTime:0.001317s ]
[2023-06-04T05:44:14+08:00][sql] SELECT * FROM `banner` [ RunTime:0.000232s ]
[2023-06-04T05:44:14+08:00][sql] SHOW FULL COLUMNS FROM `information` [ RunTime:0.001079s ]
[2023-06-04T05:44:14+08:00][sql] SELECT * FROM `information` ORDER BY `time` DESC LIMIT 1 [ RunTime:0.000395s ]
[2023-06-04T05:44:14+08:00][sql] SELECT * FROM `information` ORDER BY `time` DESC LIMIT 1,4 [ RunTime:0.000362s ]
[2023-06-04T05:44:14+08:00][sql] SHOW FULL COLUMNS FROM `course` [ RunTime:0.001187s ]
[2023-06-04T05:44:14+08:00][sql] SELECT `id`,`title` FROM `course` ORDER BY `sorting` ASC LIMIT 0,6 [ RunTime:0.000263s ]
[2023-06-04T05:44:14+08:00][sql] SHOW FULL COLUMNS FROM `teacher` [ RunTime:0.000979s ]
[2023-06-04T05:44:14+08:00][sql] SELECT * FROM `teacher` [ RunTime:0.000227s ]
[2023-06-04T05:44:14+08:00][sql] SHOW FULL COLUMNS FROM `address` [ RunTime:0.000916s ]
[2023-06-04T05:44:14+08:00][sql] SELECT * FROM `address` WHERE  `id` = 1 LIMIT 1 [ RunTime:0.000260s ]
[2023-06-04T05:44:14+08:00][sql] SELECT * FROM `address` WHERE  `id` = 2 LIMIT 1 [ RunTime:0.000196s ]
[2023-06-04T05:53:05+08:00][sql] CONNECT:[ UseTime:0.000404s ] mysql:host=localhost;port=3316;dbname=coffee;charset=utf8
[2023-06-04T05:53:05+08:00][sql] SHOW FULL COLUMNS FROM `banner` [ RunTime:0.001353s ]
[2023-06-04T05:53:05+08:00][sql] SELECT * FROM `banner` [ RunTime:0.000269s ]
[2023-06-04T05:53:05+08:00][sql] SHOW FULL COLUMNS FROM `information` [ RunTime:0.001036s ]
[2023-06-04T05:53:05+08:00][sql] SELECT * FROM `information` ORDER BY `time` DESC LIMIT 1 [ RunTime:0.000323s ]
[2023-06-04T05:53:05+08:00][sql] SELECT * FROM `information` ORDER BY `time` DESC LIMIT 1,4 [ RunTime:0.000387s ]
[2023-06-04T05:53:05+08:00][sql] SHOW FULL COLUMNS FROM `course` [ RunTime:0.001133s ]
[2023-06-04T05:53:05+08:00][sql] SELECT `id`,`title` FROM `course` ORDER BY `sorting` ASC LIMIT 0,6 [ RunTime:0.000281s ]
[2023-06-04T05:53:05+08:00][sql] SHOW FULL COLUMNS FROM `teacher` [ RunTime:0.001009s ]
[2023-06-04T05:53:05+08:00][sql] SELECT * FROM `teacher` [ RunTime:0.000283s ]
[2023-06-04T05:53:05+08:00][sql] SHOW FULL COLUMNS FROM `address` [ RunTime:0.000924s ]
[2023-06-04T05:53:05+08:00][sql] SELECT * FROM `address` WHERE  `id` = 1 LIMIT 1 [ RunTime:0.000334s ]
[2023-06-04T05:53:05+08:00][sql] SELECT * FROM `address` WHERE  `id` = 2 LIMIT 1 [ RunTime:0.000305s ]
[2023-06-04T05:53:45+08:00][sql] CONNECT:[ UseTime:0.000411s ] mysql:host=localhost;port=3316;dbname=coffee;charset=utf8
[2023-06-04T05:53:45+08:00][sql] SHOW FULL COLUMNS FROM `banner` [ RunTime:0.001307s ]
[2023-06-04T05:53:45+08:00][sql] SELECT * FROM `banner` [ RunTime:0.000318s ]
[2023-06-04T05:53:45+08:00][sql] SHOW FULL COLUMNS FROM `information` [ RunTime:0.001428s ]
[2023-06-04T05:53:45+08:00][sql] SELECT * FROM `information` ORDER BY `time` DESC LIMIT 1 [ RunTime:0.000410s ]
[2023-06-04T05:53:45+08:00][sql] SELECT * FROM `information` ORDER BY `time` DESC LIMIT 1,4 [ RunTime:0.000448s ]
[2023-06-04T05:53:45+08:00][sql] SHOW FULL COLUMNS FROM `course` [ RunTime:0.001489s ]
[2023-06-04T05:53:45+08:00][sql] SELECT `id`,`title` FROM `course` ORDER BY `sorting` ASC LIMIT 0,6 [ RunTime:0.000221s ]
[2023-06-04T05:53:45+08:00][sql] SHOW FULL COLUMNS FROM `teacher` [ RunTime:0.000956s ]
[2023-06-04T05:53:45+08:00][sql] SELECT * FROM `teacher` [ RunTime:0.000290s ]
[2023-06-04T05:53:45+08:00][sql] SHOW FULL COLUMNS FROM `address` [ RunTime:0.001322s ]
[2023-06-04T05:53:45+08:00][sql] SELECT * FROM `address` WHERE  `id` = 1 LIMIT 1 [ RunTime:0.000289s ]
[2023-06-04T05:53:45+08:00][sql] SELECT * FROM `address` WHERE  `id` = 2 LIMIT 1 [ RunTime:0.000221s ]
[2023-06-04T06:01:44+08:00][sql] CONNECT:[ UseTime:0.000449s ] mysql:host=localhost;port=3316;dbname=coffee;charset=utf8
[2023-06-04T06:01:44+08:00][sql] SHOW FULL COLUMNS FROM `banner` [ RunTime:0.001485s ]
[2023-06-04T06:01:44+08:00][sql] SELECT * FROM `banner` [ RunTime:0.000296s ]
[2023-06-04T06:01:44+08:00][sql] SHOW FULL COLUMNS FROM `information` [ RunTime:0.001068s ]
[2023-06-04T06:01:44+08:00][sql] SELECT * FROM `information` ORDER BY `time` DESC LIMIT 1 [ RunTime:0.000307s ]
[2023-06-04T06:01:44+08:00][sql] SELECT * FROM `information` ORDER BY `time` DESC LIMIT 1,4 [ RunTime:0.000327s ]
[2023-06-04T06:01:44+08:00][sql] SHOW FULL COLUMNS FROM `course` [ RunTime:0.001087s ]
[2023-06-04T06:01:44+08:00][sql] SELECT `id`,`title` FROM `course` ORDER BY `sorting` ASC LIMIT 0,6 [ RunTime:0.000280s ]
[2023-06-04T06:01:44+08:00][sql] SHOW FULL COLUMNS FROM `teacher` [ RunTime:0.000852s ]
[2023-06-04T06:01:44+08:00][sql] SELECT * FROM `teacher` [ RunTime:0.000287s ]
[2023-06-04T06:01:44+08:00][sql] SHOW FULL COLUMNS FROM `address` [ RunTime:0.000990s ]
[2023-06-04T06:01:44+08:00][sql] SELECT * FROM `address` WHERE  `id` = 1 LIMIT 1 [ RunTime:0.000300s ]
[2023-06-04T06:01:44+08:00][sql] SELECT * FROM `address` WHERE  `id` = 2 LIMIT 1 [ RunTime:0.000251s ]
[2023-06-04T06:04:53+08:00][sql] CONNECT:[ UseTime:0.000463s ] mysql:host=localhost;port=3316;dbname=coffee;charset=utf8
[2023-06-04T06:04:53+08:00][sql] SHOW FULL COLUMNS FROM `banner` [ RunTime:0.001448s ]
[2023-06-04T06:04:53+08:00][sql] SELECT * FROM `banner` [ RunTime:0.000252s ]
[2023-06-04T06:04:53+08:00][sql] SHOW FULL COLUMNS FROM `information` [ RunTime:0.001226s ]
[2023-06-04T06:04:53+08:00][sql] SELECT * FROM `information` ORDER BY `time` DESC LIMIT 1 [ RunTime:0.000331s ]
[2023-06-04T06:04:53+08:00][sql] SELECT * FROM `information` ORDER BY `time` DESC LIMIT 1,4 [ RunTime:0.000527s ]
[2023-06-04T06:04:53+08:00][sql] SHOW FULL COLUMNS FROM `course` [ RunTime:0.001514s ]
[2023-06-04T06:04:53+08:00][sql] SELECT `id`,`title` FROM `course` ORDER BY `sorting` ASC LIMIT 0,6 [ RunTime:0.000348s ]
[2023-06-04T06:04:53+08:00][sql] SHOW FULL COLUMNS FROM `teacher` [ RunTime:0.001042s ]
[2023-06-04T06:04:53+08:00][sql] SELECT * FROM `teacher` [ RunTime:0.000278s ]
[2023-06-04T06:04:53+08:00][sql] SHOW FULL COLUMNS FROM `address` [ RunTime:0.001236s ]
[2023-06-04T06:04:53+08:00][sql] SELECT * FROM `address` WHERE  `id` = 1 LIMIT 1 [ RunTime:0.000295s ]
[2023-06-04T06:04:53+08:00][sql] SELECT * FROM `address` WHERE  `id` = 2 LIMIT 1 [ RunTime:0.000250s ]
[2023-06-04T06:22:15+08:00][sql] CONNECT:[ UseTime:0.002195s ] mysql:host=localhost;port=3316;dbname=coffee;charset=utf8
[2023-06-04T06:22:15+08:00][sql] SHOW FULL COLUMNS FROM `banner` [ RunTime:0.002242s ]
[2023-06-04T06:22:15+08:00][sql] SELECT * FROM `banner` [ RunTime:0.000239s ]
[2023-06-04T06:22:15+08:00][sql] SHOW FULL COLUMNS FROM `information` [ RunTime:0.001969s ]
[2023-06-04T06:22:15+08:00][sql] SELECT * FROM `information` ORDER BY `time` DESC LIMIT 1 [ RunTime:0.000313s ]
[2023-06-04T06:22:15+08:00][sql] SELECT * FROM `information` ORDER BY `time` DESC LIMIT 1,4 [ RunTime:0.000333s ]
[2023-06-04T06:22:15+08:00][sql] SHOW FULL COLUMNS FROM `course` [ RunTime:0.001924s ]
[2023-06-04T06:22:15+08:00][sql] SELECT `id`,`title` FROM `course` ORDER BY `sorting` ASC LIMIT 0,6 [ RunTime:0.002089s ]
[2023-06-04T06:22:15+08:00][sql] SHOW FULL COLUMNS FROM `teacher` [ RunTime:0.002486s ]
[2023-06-04T06:22:15+08:00][sql] SELECT * FROM `teacher` [ RunTime:0.000851s ]
[2023-06-04T06:22:15+08:00][sql] SHOW FULL COLUMNS FROM `address` [ RunTime:0.001693s ]
[2023-06-04T06:22:15+08:00][sql] SELECT * FROM `address` WHERE  `id` = 1 LIMIT 1 [ RunTime:0.005231s ]
[2023-06-04T06:22:15+08:00][sql] SELECT * FROM `address` WHERE  `id` = 2 LIMIT 1 [ RunTime:0.001074s ]
[2023-06-04T07:09:25+08:00][sql] CONNECT:[ UseTime:0.000433s ] mysql:host=localhost;port=3316;dbname=coffee;charset=utf8
[2023-06-04T07:09:25+08:00][sql] SHOW FULL COLUMNS FROM `banner` [ RunTime:0.001473s ]
[2023-06-04T07:09:25+08:00][sql] SELECT * FROM `banner` [ RunTime:0.000265s ]
[2023-06-04T07:09:25+08:00][sql] SHOW FULL COLUMNS FROM `information` [ RunTime:0.001042s ]
[2023-06-04T07:09:25+08:00][sql] SELECT * FROM `information` ORDER BY `time` DESC LIMIT 1 [ RunTime:0.000347s ]
[2023-06-04T07:09:25+08:00][sql] SELECT * FROM `information` ORDER BY `time` DESC LIMIT 1,4 [ RunTime:0.000297s ]
[2023-06-04T07:09:25+08:00][sql] SHOW FULL COLUMNS FROM `course` [ RunTime:0.001847s ]
[2023-06-04T07:09:25+08:00][sql] SELECT `id`,`title` FROM `course` ORDER BY `sorting` ASC LIMIT 0,6 [ RunTime:0.000267s ]
[2023-06-04T07:09:25+08:00][sql] SHOW FULL COLUMNS FROM `teacher` [ RunTime:0.001429s ]
[2023-06-04T07:09:25+08:00][sql] SELECT * FROM `teacher` [ RunTime:0.000318s ]
[2023-06-04T07:09:25+08:00][sql] SHOW FULL COLUMNS FROM `address` [ RunTime:0.001287s ]
[2023-06-04T07:09:25+08:00][sql] SELECT * FROM `address` WHERE  `id` = 1 LIMIT 1 [ RunTime:0.000306s ]
[2023-06-04T07:09:25+08:00][sql] SELECT * FROM `address` WHERE  `id` = 2 LIMIT 1 [ RunTime:0.000284s ]
[2023-06-04T07:15:01+08:00][sql] CONNECT:[ UseTime:0.000572s ] mysql:host=localhost;port=3316;dbname=coffee;charset=utf8
[2023-06-04T07:15:01+08:00][sql] SHOW FULL COLUMNS FROM `banner` [ RunTime:0.001676s ]
[2023-06-04T07:15:01+08:00][sql] SELECT * FROM `banner` [ RunTime:0.000304s ]
[2023-06-04T07:15:01+08:00][sql] SHOW FULL COLUMNS FROM `information` [ RunTime:0.001550s ]
[2023-06-04T07:15:01+08:00][sql] SELECT * FROM `information` ORDER BY `time` DESC LIMIT 1 [ RunTime:0.000529s ]
[2023-06-04T07:15:01+08:00][sql] SELECT * FROM `information` ORDER BY `time` DESC LIMIT 1,4 [ RunTime:0.000465s ]
[2023-06-04T07:15:01+08:00][sql] SHOW FULL COLUMNS FROM `course` [ RunTime:0.001503s ]
[2023-06-04T07:15:01+08:00][sql] SELECT `id`,`title` FROM `course` ORDER BY `sorting` ASC LIMIT 0,6 [ RunTime:0.000276s ]
[2023-06-04T07:15:01+08:00][sql] SHOW FULL COLUMNS FROM `teacher` [ RunTime:0.001041s ]
[2023-06-04T07:15:01+08:00][sql] SELECT * FROM `teacher` [ RunTime:0.000292s ]
[2023-06-04T07:15:01+08:00][sql] SHOW FULL COLUMNS FROM `address` [ RunTime:0.001082s ]
[2023-06-04T07:15:01+08:00][sql] SELECT * FROM `address` WHERE  `id` = 1 LIMIT 1 [ RunTime:0.000310s ]
[2023-06-04T07:15:01+08:00][sql] SELECT * FROM `address` WHERE  `id` = 2 LIMIT 1 [ RunTime:0.000268s ]
[2023-06-04T07:15:15+08:00][sql] CONNECT:[ UseTime:0.000391s ] mysql:host=localhost;port=3316;dbname=coffee;charset=utf8
[2023-06-04T07:15:15+08:00][sql] SHOW FULL COLUMNS FROM `banner` [ RunTime:0.001318s ]
[2023-06-04T07:15:15+08:00][sql] SELECT * FROM `banner` [ RunTime:0.000227s ]
[2023-06-04T07:15:15+08:00][sql] SHOW FULL COLUMNS FROM `information` [ RunTime:0.000978s ]
[2023-06-04T07:15:15+08:00][sql] SELECT * FROM `information` ORDER BY `time` DESC LIMIT 1 [ RunTime:0.000307s ]
[2023-06-04T07:15:15+08:00][sql] SELECT * FROM `information` ORDER BY `time` DESC LIMIT 1,4 [ RunTime:0.000308s ]
[2023-06-04T07:15:15+08:00][sql] SHOW FULL COLUMNS FROM `course` [ RunTime:0.001079s ]
[2023-06-04T07:15:15+08:00][sql] SELECT `id`,`title` FROM `course` ORDER BY `sorting` ASC LIMIT 0,6 [ RunTime:0.000229s ]
[2023-06-04T07:15:15+08:00][sql] SHOW FULL COLUMNS FROM `teacher` [ RunTime:0.000899s ]
[2023-06-04T07:15:15+08:00][sql] SELECT * FROM `teacher` [ RunTime:0.000229s ]
[2023-06-04T07:15:15+08:00][sql] SHOW FULL COLUMNS FROM `address` [ RunTime:0.000924s ]
[2023-06-04T07:15:15+08:00][sql] SELECT * FROM `address` WHERE  `id` = 1 LIMIT 1 [ RunTime:0.000277s ]
[2023-06-04T07:15:15+08:00][sql] SELECT * FROM `address` WHERE  `id` = 2 LIMIT 1 [ RunTime:0.000206s ]
[2023-06-04T07:19:54+08:00][sql] CONNECT:[ UseTime:0.000464s ] mysql:host=localhost;port=3316;dbname=coffee;charset=utf8
[2023-06-04T07:19:54+08:00][sql] SHOW FULL COLUMNS FROM `banner` [ RunTime:0.001465s ]
[2023-06-04T07:19:54+08:00][sql] SELECT * FROM `banner` [ RunTime:0.000262s ]
[2023-06-04T07:19:54+08:00][sql] SHOW FULL COLUMNS FROM `information` [ RunTime:0.001075s ]
[2023-06-04T07:19:54+08:00][sql] SELECT * FROM `information` ORDER BY `time` DESC LIMIT 1 [ RunTime:0.000339s ]
[2023-06-04T07:19:54+08:00][sql] SELECT * FROM `information` ORDER BY `time` DESC LIMIT 1,4 [ RunTime:0.000394s ]
[2023-06-04T07:19:54+08:00][sql] SHOW FULL COLUMNS FROM `course` [ RunTime:0.001110s ]
[2023-06-04T07:19:54+08:00][sql] SELECT `id`,`title` FROM `course` ORDER BY `sorting` ASC LIMIT 0,6 [ RunTime:0.000260s ]
[2023-06-04T07:19:54+08:00][sql] SHOW FULL COLUMNS FROM `teacher` [ RunTime:0.000922s ]
[2023-06-04T07:19:54+08:00][sql] SELECT * FROM `teacher` [ RunTime:0.000257s ]
[2023-06-04T07:19:54+08:00][sql] SHOW FULL COLUMNS FROM `address` [ RunTime:0.001062s ]
[2023-06-04T07:19:54+08:00][sql] SELECT * FROM `address` WHERE  `id` = 1 LIMIT 1 [ RunTime:0.000278s ]
[2023-06-04T07:19:54+08:00][sql] SELECT * FROM `address` WHERE  `id` = 2 LIMIT 1 [ RunTime:0.000239s ]
[2023-06-04T07:37:34+08:00][sql] CONNECT:[ UseTime:0.000428s ] mysql:host=localhost;port=3316;dbname=coffee;charset=utf8
[2023-06-04T07:37:34+08:00][sql] SHOW FULL COLUMNS FROM `banner` [ RunTime:0.001394s ]
[2023-06-04T07:37:34+08:00][sql] SELECT * FROM `banner` [ RunTime:0.000255s ]
[2023-06-04T07:37:34+08:00][sql] SHOW FULL COLUMNS FROM `information` [ RunTime:0.001007s ]
[2023-06-04T07:37:34+08:00][sql] SELECT * FROM `information` ORDER BY `time` DESC LIMIT 1 [ RunTime:0.000333s ]
[2023-06-04T07:37:34+08:00][sql] SELECT * FROM `information` ORDER BY `time` DESC LIMIT 1,4 [ RunTime:0.000333s ]
[2023-06-04T07:37:34+08:00][sql] SHOW FULL COLUMNS FROM `course` [ RunTime:0.001059s ]
[2023-06-04T07:37:34+08:00][sql] SELECT `id`,`title` FROM `course` ORDER BY `sorting` ASC LIMIT 0,6 [ RunTime:0.000229s ]
[2023-06-04T07:37:34+08:00][sql] SHOW FULL COLUMNS FROM `teacher` [ RunTime:0.000935s ]
[2023-06-04T07:37:34+08:00][sql] SELECT * FROM `teacher` [ RunTime:0.000235s ]
[2023-06-04T07:37:34+08:00][sql] SHOW FULL COLUMNS FROM `address` [ RunTime:0.000965s ]
[2023-06-04T07:37:34+08:00][sql] SELECT * FROM `address` WHERE  `id` = 1 LIMIT 1 [ RunTime:0.000264s ]
[2023-06-04T07:37:34+08:00][sql] SELECT * FROM `address` WHERE  `id` = 2 LIMIT 1 [ RunTime:0.000229s ]
[2023-06-04T08:21:37+08:00][sql] CONNECT:[ UseTime:0.000455s ] mysql:host=localhost;port=3316;dbname=coffee;charset=utf8
[2023-06-04T08:21:37+08:00][sql] SHOW FULL COLUMNS FROM `banner` [ RunTime:0.001288s ]
[2023-06-04T08:21:37+08:00][sql] SELECT * FROM `banner` [ RunTime:0.000260s ]
[2023-06-04T08:21:37+08:00][sql] SHOW FULL COLUMNS FROM `information` [ RunTime:0.000979s ]
[2023-06-04T08:21:37+08:00][sql] SELECT * FROM `information` ORDER BY `time` DESC LIMIT 1 [ RunTime:0.000350s ]
[2023-06-04T08:21:37+08:00][sql] SELECT * FROM `information` ORDER BY `time` DESC LIMIT 1,4 [ RunTime:0.000377s ]
[2023-06-04T08:21:37+08:00][sql] SHOW FULL COLUMNS FROM `course` [ RunTime:0.001170s ]
[2023-06-04T08:21:37+08:00][sql] SELECT `id`,`title` FROM `course` ORDER BY `sorting` ASC LIMIT 0,6 [ RunTime:0.000280s ]
[2023-06-04T08:21:37+08:00][sql] SHOW FULL COLUMNS FROM `teacher` [ RunTime:0.000897s ]
[2023-06-04T08:21:37+08:00][sql] SELECT * FROM `teacher` [ RunTime:0.000253s ]
[2023-06-04T08:21:37+08:00][sql] SHOW FULL COLUMNS FROM `address` [ RunTime:0.000908s ]
[2023-06-04T08:21:37+08:00][sql] SELECT * FROM `address` WHERE  `id` = 1 LIMIT 1 [ RunTime:0.000300s ]
[2023-06-04T08:21:37+08:00][sql] SELECT * FROM `address` WHERE  `id` = 2 LIMIT 1 [ RunTime:0.000243s ]
[2023-06-04T08:21:38+08:00][sql] CONNECT:[ UseTime:0.000466s ] mysql:host=localhost;port=3316;dbname=coffee;charset=utf8
[2023-06-04T08:21:38+08:00][sql] SHOW FULL COLUMNS FROM `banner` [ RunTime:0.001379s ]
[2023-06-04T08:21:38+08:00][sql] SELECT * FROM `banner` [ RunTime:0.000232s ]
[2023-06-04T08:21:38+08:00][sql] SHOW FULL COLUMNS FROM `information` [ RunTime:0.001004s ]
[2023-06-04T08:21:38+08:00][sql] SELECT * FROM `information` ORDER BY `time` DESC LIMIT 1 [ RunTime:0.000322s ]
[2023-06-04T08:21:38+08:00][sql] SELECT * FROM `information` ORDER BY `time` DESC LIMIT 1,4 [ RunTime:0.000349s ]
[2023-06-04T08:21:38+08:00][sql] SHOW FULL COLUMNS FROM `course` [ RunTime:0.001127s ]
[2023-06-04T08:21:38+08:00][sql] SELECT `id`,`title` FROM `course` ORDER BY `sorting` ASC LIMIT 0,6 [ RunTime:0.000222s ]
[2023-06-04T08:21:38+08:00][sql] SHOW FULL COLUMNS FROM `teacher` [ RunTime:0.000890s ]
[2023-06-04T08:21:38+08:00][sql] SELECT * FROM `teacher` [ RunTime:0.000231s ]
[2023-06-04T08:21:38+08:00][sql] SHOW FULL COLUMNS FROM `address` [ RunTime:0.000892s ]
[2023-06-04T08:21:38+08:00][sql] SELECT * FROM `address` WHERE  `id` = 1 LIMIT 1 [ RunTime:0.000258s ]
[2023-06-04T08:21:38+08:00][sql] SELECT * FROM `address` WHERE  `id` = 2 LIMIT 1 [ RunTime:0.000206s ]
[2023-06-04T08:41:00+08:00][sql] CONNECT:[ UseTime:0.000490s ] mysql:host=localhost;port=3316;dbname=coffee;charset=utf8
[2023-06-04T08:41:00+08:00][sql] SHOW FULL COLUMNS FROM `banner` [ RunTime:0.001335s ]
[2023-06-04T08:41:00+08:00][sql] SELECT * FROM `banner` [ RunTime:0.000222s ]
[2023-06-04T08:41:00+08:00][sql] SHOW FULL COLUMNS FROM `information` [ RunTime:0.000999s ]
[2023-06-04T08:41:00+08:00][sql] SELECT * FROM `information` ORDER BY `time` DESC LIMIT 1 [ RunTime:0.000319s ]
[2023-06-04T08:41:00+08:00][sql] SELECT * FROM `information` ORDER BY `time` DESC LIMIT 1,4 [ RunTime:0.000381s ]
[2023-06-04T08:41:00+08:00][sql] SHOW FULL COLUMNS FROM `course` [ RunTime:0.001125s ]
[2023-06-04T08:41:00+08:00][sql] SELECT `id`,`title` FROM `course` ORDER BY `sorting` ASC LIMIT 0,6 [ RunTime:0.000242s ]
[2023-06-04T08:41:00+08:00][sql] SHOW FULL COLUMNS FROM `teacher` [ RunTime:0.000952s ]
[2023-06-04T08:41:00+08:00][sql] SELECT * FROM `teacher` [ RunTime:0.000242s ]
[2023-06-04T08:41:00+08:00][sql] SHOW FULL COLUMNS FROM `address` [ RunTime:0.000984s ]
[2023-06-04T08:41:00+08:00][sql] SELECT * FROM `address` WHERE  `id` = 1 LIMIT 1 [ RunTime:0.000267s ]
[2023-06-04T08:41:00+08:00][sql] SELECT * FROM `address` WHERE  `id` = 2 LIMIT 1 [ RunTime:0.000222s ]
[2023-06-04T08:41:00+08:00][sql] CONNECT:[ UseTime:0.000404s ] mysql:host=localhost;port=3316;dbname=coffee;charset=utf8
[2023-06-04T08:41:00+08:00][sql] SHOW FULL COLUMNS FROM `banner` [ RunTime:0.001459s ]
[2023-06-04T08:41:00+08:00][sql] SELECT * FROM `banner` [ RunTime:0.000230s ]
[2023-06-04T08:41:00+08:00][sql] SHOW FULL COLUMNS FROM `information` [ RunTime:0.001276s ]
[2023-06-04T08:41:00+08:00][sql] SELECT * FROM `information` ORDER BY `time` DESC LIMIT 1 [ RunTime:0.000346s ]
[2023-06-04T08:41:00+08:00][sql] SELECT * FROM `information` ORDER BY `time` DESC LIMIT 1,4 [ RunTime:0.000352s ]
[2023-06-04T08:41:00+08:00][sql] SHOW FULL COLUMNS FROM `course` [ RunTime:0.001100s ]
[2023-06-04T08:41:00+08:00][sql] SELECT `id`,`title` FROM `course` ORDER BY `sorting` ASC LIMIT 0,6 [ RunTime:0.000244s ]
[2023-06-04T08:41:00+08:00][sql] SHOW FULL COLUMNS FROM `teacher` [ RunTime:0.000936s ]
[2023-06-04T08:41:00+08:00][sql] SELECT * FROM `teacher` [ RunTime:0.000369s ]
[2023-06-04T08:41:00+08:00][sql] SHOW FULL COLUMNS FROM `address` [ RunTime:0.001239s ]
[2023-06-04T08:41:00+08:00][sql] SELECT * FROM `address` WHERE  `id` = 1 LIMIT 1 [ RunTime:0.000237s ]
[2023-06-04T08:41:00+08:00][sql] SELECT * FROM `address` WHERE  `id` = 2 LIMIT 1 [ RunTime:0.000221s ]
[2023-06-04T09:26:20+08:00][sql] CONNECT:[ UseTime:0.000378s ] mysql:host=localhost;port=3316;dbname=coffee;charset=utf8
[2023-06-04T09:26:20+08:00][sql] SHOW FULL COLUMNS FROM `banner` [ RunTime:0.001390s ]
[2023-06-04T09:26:20+08:00][sql] SELECT * FROM `banner` [ RunTime:0.000254s ]
[2023-06-04T09:26:20+08:00][sql] SHOW FULL COLUMNS FROM `information` [ RunTime:0.001002s ]
[2023-06-04T09:26:20+08:00][sql] SELECT * FROM `information` ORDER BY `time` DESC LIMIT 1 [ RunTime:0.000323s ]
[2023-06-04T09:26:20+08:00][sql] SELECT * FROM `information` ORDER BY `time` DESC LIMIT 1,4 [ RunTime:0.000367s ]
[2023-06-04T09:26:20+08:00][sql] SHOW FULL COLUMNS FROM `course` [ RunTime:0.001128s ]
[2023-06-04T09:26:20+08:00][sql] SELECT `id`,`title` FROM `course` ORDER BY `sorting` ASC LIMIT 0,6 [ RunTime:0.000250s ]
[2023-06-04T09:26:20+08:00][sql] SHOW FULL COLUMNS FROM `teacher` [ RunTime:0.000930s ]
[2023-06-04T09:26:20+08:00][sql] SELECT * FROM `teacher` [ RunTime:0.000240s ]
[2023-06-04T09:26:20+08:00][sql] SHOW FULL COLUMNS FROM `address` [ RunTime:0.000921s ]
[2023-06-04T09:26:20+08:00][sql] SELECT * FROM `address` WHERE  `id` = 1 LIMIT 1 [ RunTime:0.000255s ]
[2023-06-04T09:26:20+08:00][sql] SELECT * FROM `address` WHERE  `id` = 2 LIMIT 1 [ RunTime:0.000231s ]
[2023-06-04T09:34:18+08:00][sql] CONNECT:[ UseTime:0.000480s ] mysql:host=localhost;port=3316;dbname=coffee;charset=utf8
[2023-06-04T09:34:18+08:00][sql] SHOW FULL COLUMNS FROM `banner` [ RunTime:0.001344s ]
[2023-06-04T09:34:18+08:00][sql] SELECT * FROM `banner` [ RunTime:0.000242s ]
[2023-06-04T09:34:18+08:00][sql] SHOW FULL COLUMNS FROM `information` [ RunTime:0.000925s ]
[2023-06-04T09:34:18+08:00][sql] SELECT * FROM `information` ORDER BY `time` DESC LIMIT 1 [ RunTime:0.000333s ]
[2023-06-04T09:34:18+08:00][sql] SELECT * FROM `information` ORDER BY `time` DESC LIMIT 1,4 [ RunTime:0.000316s ]
[2023-06-04T09:34:18+08:00][sql] SHOW FULL COLUMNS FROM `course` [ RunTime:0.001091s ]
[2023-06-04T09:34:18+08:00][sql] SELECT `id`,`title` FROM `course` ORDER BY `sorting` ASC LIMIT 0,6 [ RunTime:0.000241s ]
[2023-06-04T09:34:18+08:00][sql] SHOW FULL COLUMNS FROM `teacher` [ RunTime:0.000855s ]
[2023-06-04T09:34:18+08:00][sql] SELECT * FROM `teacher` [ RunTime:0.000228s ]
[2023-06-04T09:34:18+08:00][sql] SHOW FULL COLUMNS FROM `address` [ RunTime:0.000928s ]
[2023-06-04T09:34:18+08:00][sql] SELECT * FROM `address` WHERE  `id` = 1 LIMIT 1 [ RunTime:0.000240s ]
[2023-06-04T09:34:18+08:00][sql] SELECT * FROM `address` WHERE  `id` = 2 LIMIT 1 [ RunTime:0.000227s ]
[2023-06-04T09:35:43+08:00][sql] CONNECT:[ UseTime:0.000424s ] mysql:host=localhost;port=3316;dbname=coffee;charset=utf8
[2023-06-04T09:35:43+08:00][sql] SHOW FULL COLUMNS FROM `banner` [ RunTime:0.001518s ]
[2023-06-04T09:35:43+08:00][sql] SELECT * FROM `banner` [ RunTime:0.000240s ]
[2023-06-04T09:35:43+08:00][sql] SHOW FULL COLUMNS FROM `information` [ RunTime:0.001229s ]
[2023-06-04T09:35:43+08:00][sql] SELECT * FROM `information` ORDER BY `time` DESC LIMIT 1 [ RunTime:0.000365s ]
[2023-06-04T09:35:43+08:00][sql] SELECT * FROM `information` ORDER BY `time` DESC LIMIT 1,4 [ RunTime:0.000340s ]
[2023-06-04T09:35:43+08:00][sql] SHOW FULL COLUMNS FROM `course` [ RunTime:0.001365s ]
[2023-06-04T09:35:43+08:00][sql] SELECT `id`,`title` FROM `course` ORDER BY `sorting` ASC LIMIT 0,6 [ RunTime:0.000256s ]
[2023-06-04T09:35:43+08:00][sql] SHOW FULL COLUMNS FROM `teacher` [ RunTime:0.000987s ]
[2023-06-04T09:35:43+08:00][sql] SELECT * FROM `teacher` [ RunTime:0.000259s ]
[2023-06-04T09:35:43+08:00][sql] SHOW FULL COLUMNS FROM `address` [ RunTime:0.000972s ]
[2023-06-04T09:35:43+08:00][sql] SELECT * FROM `address` WHERE  `id` = 1 LIMIT 1 [ RunTime:0.000258s ]
[2023-06-04T09:35:43+08:00][sql] SELECT * FROM `address` WHERE  `id` = 2 LIMIT 1 [ RunTime:0.000206s ]
[2023-06-04T09:35:57+08:00][sql] CONNECT:[ UseTime:0.000474s ] mysql:host=localhost;port=3316;dbname=coffee;charset=utf8
[2023-06-04T09:35:57+08:00][sql] SHOW FULL COLUMNS FROM `banner` [ RunTime:0.001894s ]
[2023-06-04T09:35:57+08:00][sql] SELECT * FROM `banner` [ RunTime:0.000253s ]
[2023-06-04T09:35:57+08:00][sql] SHOW FULL COLUMNS FROM `information` [ RunTime:0.001097s ]
[2023-06-04T09:35:57+08:00][sql] SELECT * FROM `information` ORDER BY `time` DESC LIMIT 1 [ RunTime:0.000362s ]
[2023-06-04T09:35:57+08:00][sql] SELECT * FROM `information` ORDER BY `time` DESC LIMIT 1,4 [ RunTime:0.000319s ]
[2023-06-04T09:35:57+08:00][sql] SHOW FULL COLUMNS FROM `course` [ RunTime:0.001127s ]
[2023-06-04T09:35:57+08:00][sql] SELECT `id`,`title` FROM `course` ORDER BY `sorting` ASC LIMIT 0,6 [ RunTime:0.000262s ]
[2023-06-04T09:35:57+08:00][sql] SHOW FULL COLUMNS FROM `teacher` [ RunTime:0.001144s ]
[2023-06-04T09:35:57+08:00][sql] SELECT * FROM `teacher` [ RunTime:0.000217s ]
[2023-06-04T09:35:57+08:00][sql] SHOW FULL COLUMNS FROM `address` [ RunTime:0.000899s ]
[2023-06-04T09:35:57+08:00][sql] SELECT * FROM `address` WHERE  `id` = 1 LIMIT 1 [ RunTime:0.000231s ]
[2023-06-04T09:35:57+08:00][sql] SELECT * FROM `address` WHERE  `id` = 2 LIMIT 1 [ RunTime:0.000203s ]
[2023-06-04T09:41:09+08:00][sql] CONNECT:[ UseTime:0.000406s ] mysql:host=localhost;port=3316;dbname=coffee;charset=utf8
[2023-06-04T09:41:09+08:00][sql] SHOW FULL COLUMNS FROM `banner` [ RunTime:0.001419s ]
[2023-06-04T09:41:09+08:00][sql] SELECT * FROM `banner` [ RunTime:0.000280s ]
[2023-06-04T09:41:09+08:00][sql] SHOW FULL COLUMNS FROM `information` [ RunTime:0.000930s ]
[2023-06-04T09:41:09+08:00][sql] SELECT * FROM `information` ORDER BY `time` DESC LIMIT 1 [ RunTime:0.000287s ]
[2023-06-04T09:41:09+08:00][sql] SELECT * FROM `information` ORDER BY `time` DESC LIMIT 1,4 [ RunTime:0.000357s ]
[2023-06-04T09:41:09+08:00][sql] SHOW FULL COLUMNS FROM `course` [ RunTime:0.001030s ]
[2023-06-04T09:41:09+08:00][sql] SELECT `id`,`title` FROM `course` ORDER BY `sorting` ASC LIMIT 0,6 [ RunTime:0.000227s ]
[2023-06-04T09:41:09+08:00][sql] SHOW FULL COLUMNS FROM `teacher` [ RunTime:0.000859s ]
[2023-06-04T09:41:09+08:00][sql] SELECT * FROM `teacher` [ RunTime:0.000223s ]
[2023-06-04T09:41:09+08:00][sql] SHOW FULL COLUMNS FROM `address` [ RunTime:0.000898s ]
[2023-06-04T09:41:09+08:00][sql] SELECT * FROM `address` WHERE  `id` = 1 LIMIT 1 [ RunTime:0.000253s ]
[2023-06-04T09:41:09+08:00][sql] SELECT * FROM `address` WHERE  `id` = 2 LIMIT 1 [ RunTime:0.000189s ]
[2023-06-04T13:03:01+08:00][sql] CONNECT:[ UseTime:0.000445s ] mysql:host=localhost;port=3316;dbname=coffee;charset=utf8
[2023-06-04T13:03:01+08:00][sql] SHOW FULL COLUMNS FROM `banner` [ RunTime:0.001476s ]
[2023-06-04T13:03:01+08:00][sql] SELECT * FROM `banner` [ RunTime:0.000223s ]
[2023-06-04T13:03:01+08:00][sql] SHOW FULL COLUMNS FROM `information` [ RunTime:0.001189s ]
[2023-06-04T13:03:01+08:00][sql] SELECT * FROM `information` ORDER BY `time` DESC LIMIT 1 [ RunTime:0.000338s ]
[2023-06-04T13:03:01+08:00][sql] SELECT * FROM `information` ORDER BY `time` DESC LIMIT 1,4 [ RunTime:0.000357s ]
[2023-06-04T13:03:01+08:00][sql] SHOW FULL COLUMNS FROM `course` [ RunTime:0.001140s ]
[2023-06-04T13:03:01+08:00][sql] SELECT `id`,`title` FROM `course` ORDER BY `sorting` ASC LIMIT 0,6 [ RunTime:0.000298s ]
[2023-06-04T13:03:01+08:00][sql] SHOW FULL COLUMNS FROM `teacher` [ RunTime:0.000968s ]
[2023-06-04T13:03:01+08:00][sql] SELECT * FROM `teacher` [ RunTime:0.000300s ]
[2023-06-04T13:03:01+08:00][sql] SHOW FULL COLUMNS FROM `address` [ RunTime:0.000963s ]
[2023-06-04T13:03:01+08:00][sql] SELECT * FROM `address` WHERE  `id` = 1 LIMIT 1 [ RunTime:0.000771s ]
[2023-06-04T13:03:01+08:00][sql] SELECT * FROM `address` WHERE  `id` = 2 LIMIT 1 [ RunTime:0.000241s ]
[2023-06-04T13:05:25+08:00][sql] CONNECT:[ UseTime:0.000463s ] mysql:host=localhost;port=3316;dbname=coffee;charset=utf8
[2023-06-04T13:05:25+08:00][sql] SHOW FULL COLUMNS FROM `banner` [ RunTime:0.001345s ]
[2023-06-04T13:05:25+08:00][sql] SELECT * FROM `banner` [ RunTime:0.000244s ]
[2023-06-04T13:05:25+08:00][sql] SHOW FULL COLUMNS FROM `information` [ RunTime:0.001145s ]
[2023-06-04T13:05:25+08:00][sql] SELECT * FROM `information` ORDER BY `time` DESC LIMIT 1 [ RunTime:0.000365s ]
[2023-06-04T13:05:25+08:00][sql] SELECT * FROM `information` ORDER BY `time` DESC LIMIT 1,4 [ RunTime:0.000331s ]
[2023-06-04T13:05:25+08:00][sql] SHOW FULL COLUMNS FROM `course` [ RunTime:0.001092s ]
[2023-06-04T13:05:25+08:00][sql] SELECT `id`,`title` FROM `course` ORDER BY `sorting` ASC LIMIT 0,6 [ RunTime:0.000256s ]
[2023-06-04T13:05:25+08:00][sql] SHOW FULL COLUMNS FROM `teacher` [ RunTime:0.000985s ]
[2023-06-04T13:05:25+08:00][sql] SELECT * FROM `teacher` [ RunTime:0.000228s ]
[2023-06-04T13:05:25+08:00][sql] SHOW FULL COLUMNS FROM `address` [ RunTime:0.000941s ]
[2023-06-04T13:05:25+08:00][sql] SELECT * FROM `address` WHERE  `id` = 1 LIMIT 1 [ RunTime:0.000256s ]
[2023-06-04T13:05:25+08:00][sql] SELECT * FROM `address` WHERE  `id` = 2 LIMIT 1 [ RunTime:0.000233s ]
[2023-06-04T13:15:14+08:00][sql] CONNECT:[ UseTime:0.000474s ] mysql:host=localhost;port=3316;dbname=coffee;charset=utf8
[2023-06-04T13:15:14+08:00][sql] SHOW FULL COLUMNS FROM `banner` [ RunTime:0.001304s ]
[2023-06-04T13:15:14+08:00][sql] SELECT * FROM `banner` [ RunTime:0.000251s ]
[2023-06-04T13:15:14+08:00][sql] SHOW FULL COLUMNS FROM `information` [ RunTime:0.000979s ]
[2023-06-04T13:15:14+08:00][sql] SELECT * FROM `information` ORDER BY `time` DESC LIMIT 1 [ RunTime:0.000364s ]
[2023-06-04T13:15:14+08:00][sql] SELECT * FROM `information` ORDER BY `time` DESC LIMIT 1,4 [ RunTime:0.000400s ]
[2023-06-04T13:15:14+08:00][sql] SHOW FULL COLUMNS FROM `course` [ RunTime:0.001134s ]
[2023-06-04T13:15:14+08:00][sql] SELECT `id`,`title` FROM `course` ORDER BY `sorting` ASC LIMIT 0,6 [ RunTime:0.000264s ]
[2023-06-04T13:15:14+08:00][sql] SHOW FULL COLUMNS FROM `teacher` [ RunTime:0.000913s ]
[2023-06-04T13:15:14+08:00][sql] SELECT * FROM `teacher` [ RunTime:0.000262s ]
[2023-06-04T13:15:14+08:00][sql] SHOW FULL COLUMNS FROM `address` [ RunTime:0.000910s ]
[2023-06-04T13:15:14+08:00][sql] SELECT * FROM `address` WHERE  `id` = 1 LIMIT 1 [ RunTime:0.000315s ]
[2023-06-04T13:15:14+08:00][sql] SELECT * FROM `address` WHERE  `id` = 2 LIMIT 1 [ RunTime:0.000240s ]
[2023-06-04T14:05:26+08:00][sql] CONNECT:[ UseTime:0.000499s ] mysql:host=localhost;port=3316;dbname=coffee;charset=utf8
[2023-06-04T14:05:26+08:00][sql] SHOW FULL COLUMNS FROM `banner` [ RunTime:0.001505s ]
[2023-06-04T14:05:26+08:00][sql] SELECT * FROM `banner` [ RunTime:0.000325s ]
[2023-06-04T14:05:26+08:00][sql] SHOW FULL COLUMNS FROM `information` [ RunTime:0.001070s ]
[2023-06-04T14:05:26+08:00][sql] SELECT * FROM `information` ORDER BY `time` DESC LIMIT 1 [ RunTime:0.000372s ]
[2023-06-04T14:05:26+08:00][sql] SELECT * FROM `information` ORDER BY `time` DESC LIMIT 1,4 [ RunTime:0.000437s ]
[2023-06-04T14:05:26+08:00][sql] SHOW FULL COLUMNS FROM `course` [ RunTime:0.001153s ]
[2023-06-04T14:05:26+08:00][sql] SELECT `id`,`title` FROM `course` ORDER BY `sorting` ASC LIMIT 0,6 [ RunTime:0.000243s ]
[2023-06-04T14:05:26+08:00][sql] SHOW FULL COLUMNS FROM `teacher` [ RunTime:0.001015s ]
[2023-06-04T14:05:26+08:00][sql] SELECT * FROM `teacher` [ RunTime:0.000321s ]
[2023-06-04T14:05:26+08:00][sql] SHOW FULL COLUMNS FROM `address` [ RunTime:0.000930s ]
[2023-06-04T14:05:26+08:00][sql] SELECT * FROM `address` WHERE  `id` = 1 LIMIT 1 [ RunTime:0.000288s ]
[2023-06-04T14:05:26+08:00][sql] SELECT * FROM `address` WHERE  `id` = 2 LIMIT 1 [ RunTime:0.000232s ]
[2023-06-04T14:47:11+08:00][sql] CONNECT:[ UseTime:0.000469s ] mysql:host=localhost;port=3316;dbname=coffee;charset=utf8
[2023-06-04T14:47:11+08:00][sql] SHOW FULL COLUMNS FROM `banner` [ RunTime:0.001338s ]
[2023-06-04T14:47:11+08:00][sql] SELECT * FROM `banner` [ RunTime:0.000263s ]
[2023-06-04T14:47:11+08:00][sql] SHOW FULL COLUMNS FROM `information` [ RunTime:0.001007s ]
[2023-06-04T14:47:11+08:00][sql] SELECT * FROM `information` ORDER BY `time` DESC LIMIT 1 [ RunTime:0.000347s ]
[2023-06-04T14:47:11+08:00][sql] SELECT * FROM `information` ORDER BY `time` DESC LIMIT 1,4 [ RunTime:0.000316s ]
[2023-06-04T14:47:11+08:00][sql] SHOW FULL COLUMNS FROM `course` [ RunTime:0.001086s ]
[2023-06-04T14:47:11+08:00][sql] SELECT `id`,`title` FROM `course` ORDER BY `sorting` ASC LIMIT 0,6 [ RunTime:0.000384s ]
[2023-06-04T14:47:11+08:00][sql] SHOW FULL COLUMNS FROM `teacher` [ RunTime:0.000985s ]
[2023-06-04T14:47:11+08:00][sql] SELECT * FROM `teacher` [ RunTime:0.000254s ]
[2023-06-04T14:47:11+08:00][sql] SHOW FULL COLUMNS FROM `address` [ RunTime:0.000965s ]
[2023-06-04T14:47:11+08:00][sql] SELECT * FROM `address` WHERE  `id` = 1 LIMIT 1 [ RunTime:0.000335s ]
[2023-06-04T14:47:11+08:00][sql] SELECT * FROM `address` WHERE  `id` = 2 LIMIT 1 [ RunTime:0.000234s ]
[2023-06-04T15:50:52+08:00][sql] CONNECT:[ UseTime:0.000455s ] mysql:host=localhost;port=3316;dbname=coffee;charset=utf8
[2023-06-04T15:50:52+08:00][sql] SHOW FULL COLUMNS FROM `banner` [ RunTime:0.001410s ]
[2023-06-04T15:50:52+08:00][sql] SELECT * FROM `banner` [ RunTime:0.000233s ]
[2023-06-04T15:50:52+08:00][sql] SHOW FULL COLUMNS FROM `information` [ RunTime:0.000985s ]
[2023-06-04T15:50:52+08:00][sql] SELECT * FROM `information` ORDER BY `time` DESC LIMIT 1 [ RunTime:0.000305s ]
[2023-06-04T15:50:52+08:00][sql] SELECT * FROM `information` ORDER BY `time` DESC LIMIT 1,4 [ RunTime:0.000328s ]
[2023-06-04T15:50:52+08:00][sql] SHOW FULL COLUMNS FROM `course` [ RunTime:0.001146s ]
[2023-06-04T15:50:52+08:00][sql] SELECT `id`,`title` FROM `course` ORDER BY `sorting` ASC LIMIT 0,6 [ RunTime:0.000266s ]
[2023-06-04T15:50:52+08:00][sql] SHOW FULL COLUMNS FROM `teacher` [ RunTime:0.000870s ]
[2023-06-04T15:50:52+08:00][sql] SELECT * FROM `teacher` [ RunTime:0.000272s ]
[2023-06-04T15:50:52+08:00][sql] SHOW FULL COLUMNS FROM `address` [ RunTime:0.001557s ]
[2023-06-04T15:50:52+08:00][sql] SELECT * FROM `address` WHERE  `id` = 1 LIMIT 1 [ RunTime:0.000320s ]
[2023-06-04T15:50:52+08:00][sql] SELECT * FROM `address` WHERE  `id` = 2 LIMIT 1 [ RunTime:0.000376s ]
[2023-06-04T16:23:10+08:00][sql] CONNECT:[ UseTime:0.000453s ] mysql:host=localhost;port=3316;dbname=coffee;charset=utf8
[2023-06-04T16:23:10+08:00][sql] SHOW FULL COLUMNS FROM `banner` [ RunTime:0.001304s ]
[2023-06-04T16:23:10+08:00][sql] SELECT * FROM `banner` [ RunTime:0.000236s ]
[2023-06-04T16:23:10+08:00][sql] SHOW FULL COLUMNS FROM `information` [ RunTime:0.001048s ]
[2023-06-04T16:23:10+08:00][sql] SELECT * FROM `information` ORDER BY `time` DESC LIMIT 1 [ RunTime:0.000322s ]
[2023-06-04T16:23:10+08:00][sql] SELECT * FROM `information` ORDER BY `time` DESC LIMIT 1,4 [ RunTime:0.000327s ]
[2023-06-04T16:23:10+08:00][sql] SHOW FULL COLUMNS FROM `course` [ RunTime:0.001064s ]
[2023-06-04T16:23:10+08:00][sql] SELECT `id`,`title` FROM `course` ORDER BY `sorting` ASC LIMIT 0,6 [ RunTime:0.000224s ]
[2023-06-04T16:23:10+08:00][sql] SHOW FULL COLUMNS FROM `teacher` [ RunTime:0.000913s ]
[2023-06-04T16:23:10+08:00][sql] SELECT * FROM `teacher` [ RunTime:0.000259s ]
[2023-06-04T16:23:10+08:00][sql] SHOW FULL COLUMNS FROM `address` [ RunTime:0.000878s ]
[2023-06-04T16:23:10+08:00][sql] SELECT * FROM `address` WHERE  `id` = 1 LIMIT 1 [ RunTime:0.000257s ]
[2023-06-04T16:23:10+08:00][sql] SELECT * FROM `address` WHERE  `id` = 2 LIMIT 1 [ RunTime:0.000196s ]
[2023-06-04T16:30:31+08:00][sql] CONNECT:[ UseTime:0.000491s ] mysql:host=localhost;port=3316;dbname=coffee;charset=utf8
[2023-06-04T16:30:31+08:00][sql] SHOW FULL COLUMNS FROM `banner` [ RunTime:0.001518s ]
[2023-06-04T16:30:31+08:00][sql] SELECT * FROM `banner` [ RunTime:0.000232s ]
[2023-06-04T16:30:31+08:00][sql] SHOW FULL COLUMNS FROM `information` [ RunTime:0.001302s ]
[2023-06-04T16:30:31+08:00][sql] SELECT * FROM `information` ORDER BY `time` DESC LIMIT 1 [ RunTime:0.000316s ]
[2023-06-04T16:30:31+08:00][sql] SELECT * FROM `information` ORDER BY `time` DESC LIMIT 1,4 [ RunTime:0.000327s ]
[2023-06-04T16:30:31+08:00][sql] SHOW FULL COLUMNS FROM `course` [ RunTime:0.001092s ]
[2023-06-04T16:30:31+08:00][sql] SELECT `id`,`title` FROM `course` ORDER BY `sorting` ASC LIMIT 0,6 [ RunTime:0.000222s ]
[2023-06-04T16:30:31+08:00][sql] SHOW FULL COLUMNS FROM `teacher` [ RunTime:0.000895s ]
[2023-06-04T16:30:31+08:00][sql] SELECT * FROM `teacher` [ RunTime:0.000249s ]
[2023-06-04T16:30:31+08:00][sql] SHOW FULL COLUMNS FROM `address` [ RunTime:0.000899s ]
[2023-06-04T16:30:31+08:00][sql] SELECT * FROM `address` WHERE  `id` = 1 LIMIT 1 [ RunTime:0.000251s ]
[2023-06-04T16:30:31+08:00][sql] SELECT * FROM `address` WHERE  `id` = 2 LIMIT 1 [ RunTime:0.000199s ]
[2023-06-04T16:43:12+08:00][sql] CONNECT:[ UseTime:0.000425s ] mysql:host=localhost;port=3316;dbname=coffee;charset=utf8
[2023-06-04T16:43:12+08:00][sql] SHOW FULL COLUMNS FROM `banner` [ RunTime:0.001548s ]
[2023-06-04T16:43:12+08:00][sql] SELECT * FROM `banner` [ RunTime:0.000288s ]
[2023-06-04T16:43:12+08:00][sql] SHOW FULL COLUMNS FROM `information` [ RunTime:0.001191s ]
[2023-06-04T16:43:12+08:00][sql] SELECT * FROM `information` ORDER BY `time` DESC LIMIT 1 [ RunTime:0.000372s ]
[2023-06-04T16:43:12+08:00][sql] SELECT * FROM `information` ORDER BY `time` DESC LIMIT 1,4 [ RunTime:0.000393s ]
[2023-06-04T16:43:12+08:00][sql] SHOW FULL COLUMNS FROM `course` [ RunTime:0.001124s ]
[2023-06-04T16:43:12+08:00][sql] SELECT `id`,`title` FROM `course` ORDER BY `sorting` ASC LIMIT 0,6 [ RunTime:0.000246s ]
[2023-06-04T16:43:12+08:00][sql] SHOW FULL COLUMNS FROM `teacher` [ RunTime:0.000988s ]
[2023-06-04T16:43:12+08:00][sql] SELECT * FROM `teacher` [ RunTime:0.000221s ]
[2023-06-04T16:43:12+08:00][sql] SHOW FULL COLUMNS FROM `address` [ RunTime:0.000920s ]
[2023-06-04T16:43:12+08:00][sql] SELECT * FROM `address` WHERE  `id` = 1 LIMIT 1 [ RunTime:0.000240s ]
[2023-06-04T16:43:12+08:00][sql] SELECT * FROM `address` WHERE  `id` = 2 LIMIT 1 [ RunTime:0.000209s ]
[2023-06-04T17:19:44+08:00][sql] CONNECT:[ UseTime:0.000444s ] mysql:host=localhost;port=3316;dbname=coffee;charset=utf8
[2023-06-04T17:19:44+08:00][sql] SHOW FULL COLUMNS FROM `banner` [ RunTime:0.001376s ]
[2023-06-04T17:19:44+08:00][sql] SELECT * FROM `banner` [ RunTime:0.000219s ]
[2023-06-04T17:19:44+08:00][sql] SHOW FULL COLUMNS FROM `information` [ RunTime:0.001016s ]
[2023-06-04T17:19:44+08:00][sql] SELECT * FROM `information` ORDER BY `time` DESC LIMIT 1 [ RunTime:0.000308s ]
[2023-06-04T17:19:44+08:00][sql] SELECT * FROM `information` ORDER BY `time` DESC LIMIT 1,4 [ RunTime:0.000381s ]
[2023-06-04T17:19:44+08:00][sql] SHOW FULL COLUMNS FROM `course` [ RunTime:0.001081s ]
[2023-06-04T17:19:44+08:00][sql] SELECT `id`,`title` FROM `course` ORDER BY `sorting` ASC LIMIT 0,6 [ RunTime:0.000236s ]
[2023-06-04T17:19:44+08:00][sql] SHOW FULL COLUMNS FROM `teacher` [ RunTime:0.000944s ]
[2023-06-04T17:19:44+08:00][sql] SELECT * FROM `teacher` [ RunTime:0.000221s ]
[2023-06-04T17:19:44+08:00][sql] SHOW FULL COLUMNS FROM `address` [ RunTime:0.000906s ]
[2023-06-04T17:19:44+08:00][sql] SELECT * FROM `address` WHERE  `id` = 1 LIMIT 1 [ RunTime:0.000278s ]
[2023-06-04T17:19:44+08:00][sql] SELECT * FROM `address` WHERE  `id` = 2 LIMIT 1 [ RunTime:0.000210s ]
[2023-06-04T18:00:50+08:00][sql] CONNECT:[ UseTime:0.000407s ] mysql:host=localhost;port=3316;dbname=coffee;charset=utf8
[2023-06-04T18:00:50+08:00][sql] SHOW FULL COLUMNS FROM `banner` [ RunTime:0.001402s ]
[2023-06-04T18:00:50+08:00][sql] SELECT * FROM `banner` [ RunTime:0.000244s ]
[2023-06-04T18:00:50+08:00][sql] SHOW FULL COLUMNS FROM `information` [ RunTime:0.001041s ]
[2023-06-04T18:00:50+08:00][sql] SELECT * FROM `information` ORDER BY `time` DESC LIMIT 1 [ RunTime:0.000329s ]
[2023-06-04T18:00:50+08:00][sql] SELECT * FROM `information` ORDER BY `time` DESC LIMIT 1,4 [ RunTime:0.000358s ]
[2023-06-04T18:00:50+08:00][sql] SHOW FULL COLUMNS FROM `course` [ RunTime:0.001060s ]
[2023-06-04T18:00:50+08:00][sql] SELECT `id`,`title` FROM `course` ORDER BY `sorting` ASC LIMIT 0,6 [ RunTime:0.000237s ]
[2023-06-04T18:00:50+08:00][sql] SHOW FULL COLUMNS FROM `teacher` [ RunTime:0.000869s ]
[2023-06-04T18:00:50+08:00][sql] SELECT * FROM `teacher` [ RunTime:0.000224s ]
[2023-06-04T18:00:50+08:00][sql] SHOW FULL COLUMNS FROM `address` [ RunTime:0.000879s ]
[2023-06-04T18:00:50+08:00][sql] SELECT * FROM `address` WHERE  `id` = 1 LIMIT 1 [ RunTime:0.000233s ]
[2023-06-04T18:00:50+08:00][sql] SELECT * FROM `address` WHERE  `id` = 2 LIMIT 1 [ RunTime:0.000219s ]
[2023-06-04T18:06:14+08:00][sql] CONNECT:[ UseTime:0.000522s ] mysql:host=localhost;port=3316;dbname=coffee;charset=utf8
[2023-06-04T18:06:14+08:00][sql] SHOW FULL COLUMNS FROM `banner` [ RunTime:0.001386s ]
[2023-06-04T18:06:14+08:00][sql] SELECT * FROM `banner` [ RunTime:0.000251s ]
[2023-06-04T18:06:14+08:00][sql] SHOW FULL COLUMNS FROM `information` [ RunTime:0.001028s ]
[2023-06-04T18:06:14+08:00][sql] SELECT * FROM `information` ORDER BY `time` DESC LIMIT 1 [ RunTime:0.000354s ]
[2023-06-04T18:06:14+08:00][sql] SELECT * FROM `information` ORDER BY `time` DESC LIMIT 1,4 [ RunTime:0.000375s ]
[2023-06-04T18:06:14+08:00][sql] SHOW FULL COLUMNS FROM `course` [ RunTime:0.001170s ]
[2023-06-04T18:06:14+08:00][sql] SELECT `id`,`title` FROM `course` ORDER BY `sorting` ASC LIMIT 0,6 [ RunTime:0.000274s ]
[2023-06-04T18:06:14+08:00][sql] SHOW FULL COLUMNS FROM `teacher` [ RunTime:0.000915s ]
[2023-06-04T18:06:14+08:00][sql] SELECT * FROM `teacher` [ RunTime:0.000260s ]
[2023-06-04T18:06:14+08:00][sql] SHOW FULL COLUMNS FROM `address` [ RunTime:0.000953s ]
[2023-06-04T18:06:14+08:00][sql] SELECT * FROM `address` WHERE  `id` = 1 LIMIT 1 [ RunTime:0.000325s ]
[2023-06-04T18:06:14+08:00][sql] SELECT * FROM `address` WHERE  `id` = 2 LIMIT 1 [ RunTime:0.000233s ]
[2023-06-04T18:11:15+08:00][sql] CONNECT:[ UseTime:0.000506s ] mysql:host=localhost;port=3316;dbname=coffee;charset=utf8
[2023-06-04T18:11:15+08:00][sql] SHOW FULL COLUMNS FROM `banner` [ RunTime:0.001362s ]
[2023-06-04T18:11:15+08:00][sql] SELECT * FROM `banner` [ RunTime:0.000255s ]
[2023-06-04T18:11:15+08:00][sql] SHOW FULL COLUMNS FROM `information` [ RunTime:0.001037s ]
[2023-06-04T18:11:15+08:00][sql] SELECT * FROM `information` ORDER BY `time` DESC LIMIT 1 [ RunTime:0.000332s ]
[2023-06-04T18:11:15+08:00][sql] SELECT * FROM `information` ORDER BY `time` DESC LIMIT 1,4 [ RunTime:0.000359s ]
[2023-06-04T18:11:15+08:00][sql] SHOW FULL COLUMNS FROM `course` [ RunTime:0.001207s ]
[2023-06-04T18:11:15+08:00][sql] SELECT `id`,`title` FROM `course` ORDER BY `sorting` ASC LIMIT 0,6 [ RunTime:0.000262s ]
[2023-06-04T18:11:15+08:00][sql] SHOW FULL COLUMNS FROM `teacher` [ RunTime:0.000923s ]
[2023-06-04T18:11:15+08:00][sql] SELECT * FROM `teacher` [ RunTime:0.000244s ]
[2023-06-04T18:11:15+08:00][sql] SHOW FULL COLUMNS FROM `address` [ RunTime:0.000893s ]
[2023-06-04T18:11:15+08:00][sql] SELECT * FROM `address` WHERE  `id` = 1 LIMIT 1 [ RunTime:0.000302s ]
[2023-06-04T18:11:15+08:00][sql] SELECT * FROM `address` WHERE  `id` = 2 LIMIT 1 [ RunTime:0.000212s ]
[2023-06-04T18:41:02+08:00][sql] CONNECT:[ UseTime:0.000453s ] mysql:host=localhost;port=3316;dbname=coffee;charset=utf8
[2023-06-04T18:41:02+08:00][sql] SHOW FULL COLUMNS FROM `banner` [ RunTime:0.001495s ]
[2023-06-04T18:41:02+08:00][sql] SELECT * FROM `banner` [ RunTime:0.000245s ]
[2023-06-04T18:41:02+08:00][sql] SHOW FULL COLUMNS FROM `information` [ RunTime:0.001058s ]
[2023-06-04T18:41:02+08:00][sql] SELECT * FROM `information` ORDER BY `time` DESC LIMIT 1 [ RunTime:0.000301s ]
[2023-06-04T18:41:02+08:00][sql] SELECT * FROM `information` ORDER BY `time` DESC LIMIT 1,4 [ RunTime:0.000397s ]
[2023-06-04T18:41:02+08:00][sql] SHOW FULL COLUMNS FROM `course` [ RunTime:0.001369s ]
[2023-06-04T18:41:02+08:00][sql] SELECT `id`,`title` FROM `course` ORDER BY `sorting` ASC LIMIT 0,6 [ RunTime:0.000279s ]
[2023-06-04T18:41:02+08:00][sql] SHOW FULL COLUMNS FROM `teacher` [ RunTime:0.001104s ]
[2023-06-04T18:41:02+08:00][sql] SELECT * FROM `teacher` [ RunTime:0.000307s ]
[2023-06-04T18:41:02+08:00][sql] SHOW FULL COLUMNS FROM `address` [ RunTime:0.001001s ]
[2023-06-04T18:41:02+08:00][sql] SELECT * FROM `address` WHERE  `id` = 1 LIMIT 1 [ RunTime:0.000296s ]
[2023-06-04T18:41:02+08:00][sql] SELECT * FROM `address` WHERE  `id` = 2 LIMIT 1 [ RunTime:0.000258s ]
[2023-06-04T20:05:11+08:00][sql] CONNECT:[ UseTime:0.000511s ] mysql:host=localhost;port=3316;dbname=coffee;charset=utf8
[2023-06-04T20:05:11+08:00][sql] SHOW FULL COLUMNS FROM `banner` [ RunTime:0.001386s ]
[2023-06-04T20:05:11+08:00][sql] SELECT * FROM `banner` [ RunTime:0.000227s ]
[2023-06-04T20:05:11+08:00][sql] SHOW FULL COLUMNS FROM `information` [ RunTime:0.000952s ]
[2023-06-04T20:05:11+08:00][sql] SELECT * FROM `information` ORDER BY `time` DESC LIMIT 1 [ RunTime:0.000461s ]
[2023-06-04T20:05:11+08:00][sql] SELECT * FROM `information` ORDER BY `time` DESC LIMIT 1,4 [ RunTime:0.000401s ]
[2023-06-04T20:05:11+08:00][sql] SHOW FULL COLUMNS FROM `course` [ RunTime:0.001198s ]
[2023-06-04T20:05:11+08:00][sql] SELECT `id`,`title` FROM `course` ORDER BY `sorting` ASC LIMIT 0,6 [ RunTime:0.000226s ]
[2023-06-04T20:05:11+08:00][sql] SHOW FULL COLUMNS FROM `teacher` [ RunTime:0.001003s ]
[2023-06-04T20:05:11+08:00][sql] SELECT * FROM `teacher` [ RunTime:0.000270s ]
[2023-06-04T20:05:11+08:00][sql] SHOW FULL COLUMNS FROM `address` [ RunTime:0.000973s ]
[2023-06-04T20:05:11+08:00][sql] SELECT * FROM `address` WHERE  `id` = 1 LIMIT 1 [ RunTime:0.000277s ]
[2023-06-04T20:05:11+08:00][sql] SELECT * FROM `address` WHERE  `id` = 2 LIMIT 1 [ RunTime:0.000243s ]
[2023-06-04T22:00:37+08:00][sql] CONNECT:[ UseTime:0.000437s ] mysql:host=localhost;port=3316;dbname=coffee;charset=utf8
[2023-06-04T22:00:37+08:00][sql] SHOW FULL COLUMNS FROM `banner` [ RunTime:0.001488s ]
[2023-06-04T22:00:37+08:00][sql] SELECT * FROM `banner` [ RunTime:0.000224s ]
[2023-06-04T22:00:37+08:00][sql] SHOW FULL COLUMNS FROM `information` [ RunTime:0.001015s ]
[2023-06-04T22:00:37+08:00][sql] SELECT * FROM `information` ORDER BY `time` DESC LIMIT 1 [ RunTime:0.000304s ]
[2023-06-04T22:00:37+08:00][sql] SELECT * FROM `information` ORDER BY `time` DESC LIMIT 1,4 [ RunTime:0.000308s ]
[2023-06-04T22:00:37+08:00][sql] SHOW FULL COLUMNS FROM `course` [ RunTime:0.001097s ]
[2023-06-04T22:00:37+08:00][sql] SELECT `id`,`title` FROM `course` ORDER BY `sorting` ASC LIMIT 0,6 [ RunTime:0.000227s ]
[2023-06-04T22:00:37+08:00][sql] SHOW FULL COLUMNS FROM `teacher` [ RunTime:0.000922s ]
[2023-06-04T22:00:37+08:00][sql] SELECT * FROM `teacher` [ RunTime:0.000218s ]
[2023-06-04T22:00:37+08:00][sql] SHOW FULL COLUMNS FROM `address` [ RunTime:0.000877s ]
[2023-06-04T22:00:37+08:00][sql] SELECT * FROM `address` WHERE  `id` = 1 LIMIT 1 [ RunTime:0.000241s ]
[2023-06-04T22:00:37+08:00][sql] SELECT * FROM `address` WHERE  `id` = 2 LIMIT 1 [ RunTime:0.000206s ]
[2023-06-04T22:00:40+08:00][sql] CONNECT:[ UseTime:0.000427s ] mysql:host=localhost;port=3316;dbname=coffee;charset=utf8
[2023-06-04T22:00:40+08:00][sql] SHOW FULL COLUMNS FROM `banner` [ RunTime:0.001449s ]
[2023-06-04T22:00:40+08:00][sql] SELECT * FROM `banner` [ RunTime:0.000237s ]
[2023-06-04T22:00:40+08:00][sql] SHOW FULL COLUMNS FROM `information` [ RunTime:0.001156s ]
[2023-06-04T22:00:40+08:00][sql] SELECT * FROM `information` ORDER BY `time` DESC LIMIT 1 [ RunTime:0.000332s ]
[2023-06-04T22:00:40+08:00][sql] SELECT * FROM `information` ORDER BY `time` DESC LIMIT 1,4 [ RunTime:0.000373s ]
[2023-06-04T22:00:40+08:00][sql] SHOW FULL COLUMNS FROM `course` [ RunTime:0.001250s ]
[2023-06-04T22:00:40+08:00][sql] SELECT `id`,`title` FROM `course` ORDER BY `sorting` ASC LIMIT 0,6 [ RunTime:0.000253s ]
[2023-06-04T22:00:40+08:00][sql] SHOW FULL COLUMNS FROM `teacher` [ RunTime:0.001012s ]
[2023-06-04T22:00:40+08:00][sql] SELECT * FROM `teacher` [ RunTime:0.000278s ]
[2023-06-04T22:00:40+08:00][sql] SHOW FULL COLUMNS FROM `address` [ RunTime:0.000998s ]
[2023-06-04T22:00:40+08:00][sql] SELECT * FROM `address` WHERE  `id` = 1 LIMIT 1 [ RunTime:0.000260s ]
[2023-06-04T22:00:40+08:00][sql] SELECT * FROM `address` WHERE  `id` = 2 LIMIT 1 [ RunTime:0.000270s ]
[2023-06-04T22:30:35+08:00][sql] CONNECT:[ UseTime:0.000440s ] mysql:host=localhost;port=3316;dbname=coffee;charset=utf8
[2023-06-04T22:30:35+08:00][sql] SHOW FULL COLUMNS FROM `banner` [ RunTime:0.001433s ]
[2023-06-04T22:30:35+08:00][sql] SELECT * FROM `banner` [ RunTime:0.000219s ]
[2023-06-04T22:30:35+08:00][sql] SHOW FULL COLUMNS FROM `information` [ RunTime:0.000995s ]
[2023-06-04T22:30:35+08:00][sql] SELECT * FROM `information` ORDER BY `time` DESC LIMIT 1 [ RunTime:0.000333s ]
[2023-06-04T22:30:35+08:00][sql] SELECT * FROM `information` ORDER BY `time` DESC LIMIT 1,4 [ RunTime:0.000345s ]
[2023-06-04T22:30:35+08:00][sql] SHOW FULL COLUMNS FROM `course` [ RunTime:0.001173s ]
[2023-06-04T22:30:35+08:00][sql] SELECT `id`,`title` FROM `course` ORDER BY `sorting` ASC LIMIT 0,6 [ RunTime:0.000237s ]
[2023-06-04T22:30:35+08:00][sql] SHOW FULL COLUMNS FROM `teacher` [ RunTime:0.001047s ]
[2023-06-04T22:30:35+08:00][sql] SELECT * FROM `teacher` [ RunTime:0.000237s ]
[2023-06-04T22:30:35+08:00][sql] SHOW FULL COLUMNS FROM `address` [ RunTime:0.000932s ]
[2023-06-04T22:30:35+08:00][sql] SELECT * FROM `address` WHERE  `id` = 1 LIMIT 1 [ RunTime:0.000294s ]
[2023-06-04T22:30:35+08:00][sql] SELECT * FROM `address` WHERE  `id` = 2 LIMIT 1 [ RunTime:0.000201s ]
[2023-06-04T22:40:51+08:00][sql] CONNECT:[ UseTime:0.000489s ] mysql:host=localhost;port=3316;dbname=coffee;charset=utf8
[2023-06-04T22:40:51+08:00][sql] SHOW FULL COLUMNS FROM `banner` [ RunTime:0.001390s ]
[2023-06-04T22:40:51+08:00][sql] SELECT * FROM `banner` [ RunTime:0.000259s ]
[2023-06-04T22:40:51+08:00][sql] SHOW FULL COLUMNS FROM `information` [ RunTime:0.001078s ]
[2023-06-04T22:40:51+08:00][sql] SELECT * FROM `information` ORDER BY `time` DESC LIMIT 1 [ RunTime:0.000323s ]
[2023-06-04T22:40:51+08:00][sql] SELECT * FROM `information` ORDER BY `time` DESC LIMIT 1,4 [ RunTime:0.000329s ]
[2023-06-04T22:40:51+08:00][sql] SHOW FULL COLUMNS FROM `course` [ RunTime:0.001095s ]
[2023-06-04T22:40:51+08:00][sql] SELECT `id`,`title` FROM `course` ORDER BY `sorting` ASC LIMIT 0,6 [ RunTime:0.000269s ]
[2023-06-04T22:40:51+08:00][sql] SHOW FULL COLUMNS FROM `teacher` [ RunTime:0.000947s ]
[2023-06-04T22:40:51+08:00][sql] SELECT * FROM `teacher` [ RunTime:0.000323s ]
[2023-06-04T22:40:51+08:00][sql] SHOW FULL COLUMNS FROM `address` [ RunTime:0.001042s ]
[2023-06-04T22:40:51+08:00][sql] SELECT * FROM `address` WHERE  `id` = 1 LIMIT 1 [ RunTime:0.000352s ]
[2023-06-04T22:40:51+08:00][sql] SELECT * FROM `address` WHERE  `id` = 2 LIMIT 1 [ RunTime:0.000261s ]
[2023-06-04T22:40:52+08:00][sql] CONNECT:[ UseTime:0.000467s ] mysql:host=localhost;port=3316;dbname=coffee;charset=utf8
[2023-06-04T22:40:52+08:00][sql] SHOW FULL COLUMNS FROM `banner` [ RunTime:0.001569s ]
[2023-06-04T22:40:52+08:00][sql] SELECT * FROM `banner` [ RunTime:0.000273s ]
[2023-06-04T22:40:52+08:00][sql] SHOW FULL COLUMNS FROM `information` [ RunTime:0.001264s ]
[2023-06-04T22:40:52+08:00][sql] SELECT * FROM `information` ORDER BY `time` DESC LIMIT 1 [ RunTime:0.000414s ]
[2023-06-04T22:40:52+08:00][sql] SELECT * FROM `information` ORDER BY `time` DESC LIMIT 1,4 [ RunTime:0.000380s ]
[2023-06-04T22:40:52+08:00][sql] SHOW FULL COLUMNS FROM `course` [ RunTime:0.001336s ]
[2023-06-04T22:40:52+08:00][sql] SELECT `id`,`title` FROM `course` ORDER BY `sorting` ASC LIMIT 0,6 [ RunTime:0.000245s ]
[2023-06-04T22:40:52+08:00][sql] SHOW FULL COLUMNS FROM `teacher` [ RunTime:0.001096s ]
[2023-06-04T22:40:52+08:00][sql] SELECT * FROM `teacher` [ RunTime:0.000296s ]
[2023-06-04T22:40:52+08:00][sql] SHOW FULL COLUMNS FROM `address` [ RunTime:0.001042s ]
[2023-06-04T22:40:52+08:00][sql] SELECT * FROM `address` WHERE  `id` = 1 LIMIT 1 [ RunTime:0.000278s ]
[2023-06-04T22:40:52+08:00][sql] SELECT * FROM `address` WHERE  `id` = 2 LIMIT 1 [ RunTime:0.000223s ]
[2023-06-04T22:48:54+08:00][sql] CONNECT:[ UseTime:0.000438s ] mysql:host=localhost;port=3316;dbname=coffee;charset=utf8
[2023-06-04T22:48:54+08:00][sql] SHOW FULL COLUMNS FROM `banner` [ RunTime:0.001588s ]
[2023-06-04T22:48:54+08:00][sql] SELECT * FROM `banner` [ RunTime:0.000262s ]
[2023-06-04T22:48:54+08:00][sql] SHOW FULL COLUMNS FROM `information` [ RunTime:0.001315s ]
[2023-06-04T22:48:54+08:00][sql] SELECT * FROM `information` ORDER BY `time` DESC LIMIT 1 [ RunTime:0.000312s ]
[2023-06-04T22:48:54+08:00][sql] SELECT * FROM `information` ORDER BY `time` DESC LIMIT 1,4 [ RunTime:0.000341s ]
[2023-06-04T22:48:54+08:00][sql] SHOW FULL COLUMNS FROM `course` [ RunTime:0.001254s ]
[2023-06-04T22:48:54+08:00][sql] SELECT `id`,`title` FROM `course` ORDER BY `sorting` ASC LIMIT 0,6 [ RunTime:0.000237s ]
[2023-06-04T22:48:54+08:00][sql] SHOW FULL COLUMNS FROM `teacher` [ RunTime:0.000953s ]
[2023-06-04T22:48:54+08:00][sql] SELECT * FROM `teacher` [ RunTime:0.000286s ]
[2023-06-04T22:48:54+08:00][sql] SHOW FULL COLUMNS FROM `address` [ RunTime:0.001002s ]
[2023-06-04T22:48:54+08:00][sql] SELECT * FROM `address` WHERE  `id` = 1 LIMIT 1 [ RunTime:0.000298s ]
[2023-06-04T22:48:54+08:00][sql] SELECT * FROM `address` WHERE  `id` = 2 LIMIT 1 [ RunTime:0.000228s ]
[2023-06-04T22:54:02+08:00][sql] CONNECT:[ UseTime:0.000539s ] mysql:host=localhost;port=3316;dbname=coffee;charset=utf8
[2023-06-04T22:54:02+08:00][sql] SHOW FULL COLUMNS FROM `banner` [ RunTime:0.001888s ]
[2023-06-04T22:54:02+08:00][sql] SELECT * FROM `banner` [ RunTime:0.000340s ]
[2023-06-04T22:54:02+08:00][sql] SHOW FULL COLUMNS FROM `information` [ RunTime:0.001316s ]
[2023-06-04T22:54:02+08:00][sql] SELECT * FROM `information` ORDER BY `time` DESC LIMIT 1 [ RunTime:0.000334s ]
[2023-06-04T22:54:02+08:00][sql] SELECT * FROM `information` ORDER BY `time` DESC LIMIT 1,4 [ RunTime:0.000343s ]
[2023-06-04T22:54:02+08:00][sql] SHOW FULL COLUMNS FROM `course` [ RunTime:0.001051s ]
[2023-06-04T22:54:02+08:00][sql] SELECT `id`,`title` FROM `course` ORDER BY `sorting` ASC LIMIT 0,6 [ RunTime:0.000276s ]
[2023-06-04T22:54:02+08:00][sql] SHOW FULL COLUMNS FROM `teacher` [ RunTime:0.000868s ]
[2023-06-04T22:54:02+08:00][sql] SELECT * FROM `teacher` [ RunTime:0.000218s ]
[2023-06-04T22:54:02+08:00][sql] SHOW FULL COLUMNS FROM `address` [ RunTime:0.000925s ]
[2023-06-04T22:54:02+08:00][sql] SELECT * FROM `address` WHERE  `id` = 1 LIMIT 1 [ RunTime:0.000272s ]
[2023-06-04T22:54:02+08:00][sql] SELECT * FROM `address` WHERE  `id` = 2 LIMIT 1 [ RunTime:0.000237s ]
[2023-06-04T23:59:58+08:00][sql] CONNECT:[ UseTime:0.000425s ] mysql:host=localhost;port=3316;dbname=coffee;charset=utf8
[2023-06-04T23:59:58+08:00][sql] SHOW FULL COLUMNS FROM `banner` [ RunTime:0.001363s ]
[2023-06-04T23:59:58+08:00][sql] SELECT * FROM `banner` [ RunTime:0.000265s ]
[2023-06-04T23:59:58+08:00][sql] SHOW FULL COLUMNS FROM `information` [ RunTime:0.000995s ]
[2023-06-04T23:59:58+08:00][sql] SELECT * FROM `information` ORDER BY `time` DESC LIMIT 1 [ RunTime:0.000383s ]
[2023-06-04T23:59:58+08:00][sql] SELECT * FROM `information` ORDER BY `time` DESC LIMIT 1,4 [ RunTime:0.000438s ]
[2023-06-04T23:59:58+08:00][sql] SHOW FULL COLUMNS FROM `course` [ RunTime:0.001130s ]
[2023-06-04T23:59:58+08:00][sql] SELECT `id`,`title` FROM `course` ORDER BY `sorting` ASC LIMIT 0,6 [ RunTime:0.000338s ]
[2023-06-04T23:59:58+08:00][sql] SHOW FULL COLUMNS FROM `teacher` [ RunTime:0.000940s ]
[2023-06-04T23:59:58+08:00][sql] SELECT * FROM `teacher` [ RunTime:0.000259s ]
[2023-06-04T23:59:58+08:00][sql] SHOW FULL COLUMNS FROM `address` [ RunTime:0.000955s ]
[2023-06-04T23:59:58+08:00][sql] SELECT * FROM `address` WHERE  `id` = 1 LIMIT 1 [ RunTime:0.000286s ]
[2023-06-04T23:59:58+08:00][sql] SELECT * FROM `address` WHERE  `id` = 2 LIMIT 1 [ RunTime:0.000242s ]
