[2023-06-12T00:40:52+08:00][sql] CONNECT:[ UseTime:0.000399s ] mysql:host=localhost;port=3316;dbname=coffee;charset=utf8
[2023-06-12T00:40:52+08:00][sql] SHOW FULL COLUMNS FROM `banner` [ RunTime:0.001301s ]
[2023-06-12T00:40:52+08:00][sql] SELECT * FROM `banner` [ RunTime:0.000257s ]
[2023-06-12T00:40:52+08:00][sql] SHOW FULL COLUMNS FROM `information` [ RunTime:0.000921s ]
[2023-06-12T00:40:52+08:00][sql] SELECT * FROM `information` ORDER BY `time` DESC LIMIT 1 [ RunTime:0.000298s ]
[2023-06-12T00:40:52+08:00][sql] SELECT * FROM `information` ORDER BY `time` DESC LIMIT 1,4 [ RunTime:0.000315s ]
[2023-06-12T00:40:52+08:00][sql] SHOW FULL COLUMNS FROM `course` [ RunTime:0.001005s ]
[2023-06-12T00:40:52+08:00][sql] SELECT `id`,`title` FROM `course` ORDER BY `sorting` ASC LIMIT 0,6 [ RunTime:0.000335s ]
[2023-06-12T00:40:52+08:00][sql] SHOW FULL COLUMNS FROM `teacher` [ RunTime:0.000870s ]
[2023-06-12T00:40:52+08:00][sql] SELECT * FROM `teacher` [ RunTime:0.000244s ]
[2023-06-12T00:40:52+08:00][sql] SHOW FULL COLUMNS FROM `address` [ RunTime:0.000878s ]
[2023-06-12T00:40:52+08:00][sql] SELECT * FROM `address` WHERE  `id` = 1 LIMIT 1 [ RunTime:0.000279s ]
[2023-06-12T00:40:52+08:00][sql] SELECT * FROM `address` WHERE  `id` = 2 LIMIT 1 [ RunTime:0.000207s ]
[2023-06-12T00:42:15+08:00][sql] CONNECT:[ UseTime:0.000418s ] mysql:host=localhost;port=3316;dbname=coffee;charset=utf8
[2023-06-12T00:42:15+08:00][sql] SHOW FULL COLUMNS FROM `banner` [ RunTime:0.001322s ]
[2023-06-12T00:42:15+08:00][sql] SELECT * FROM `banner` [ RunTime:0.000263s ]
[2023-06-12T00:42:15+08:00][sql] SHOW FULL COLUMNS FROM `information` [ RunTime:0.001069s ]
[2023-06-12T00:42:15+08:00][sql] SELECT * FROM `information` ORDER BY `time` DESC LIMIT 1 [ RunTime:0.000319s ]
[2023-06-12T00:42:15+08:00][sql] SELECT * FROM `information` ORDER BY `time` DESC LIMIT 1,4 [ RunTime:0.000318s ]
[2023-06-12T00:42:15+08:00][sql] SHOW FULL COLUMNS FROM `course` [ RunTime:0.001078s ]
[2023-06-12T00:42:15+08:00][sql] SELECT `id`,`title` FROM `course` ORDER BY `sorting` ASC LIMIT 0,6 [ RunTime:0.000236s ]
[2023-06-12T00:42:15+08:00][sql] SHOW FULL COLUMNS FROM `teacher` [ RunTime:0.000882s ]
[2023-06-12T00:42:15+08:00][sql] SELECT * FROM `teacher` [ RunTime:0.000231s ]
[2023-06-12T00:42:15+08:00][sql] SHOW FULL COLUMNS FROM `address` [ RunTime:0.001015s ]
[2023-06-12T00:42:15+08:00][sql] SELECT * FROM `address` WHERE  `id` = 1 LIMIT 1 [ RunTime:0.000334s ]
[2023-06-12T00:42:15+08:00][sql] SELECT * FROM `address` WHERE  `id` = 2 LIMIT 1 [ RunTime:0.000250s ]
[2023-06-12T01:19:34+08:00][sql] CONNECT:[ UseTime:0.000471s ] mysql:host=localhost;port=3316;dbname=coffee;charset=utf8
[2023-06-12T01:19:34+08:00][sql] SHOW FULL COLUMNS FROM `banner` [ RunTime:0.001391s ]
[2023-06-12T01:19:34+08:00][sql] SELECT * FROM `banner` [ RunTime:0.000221s ]
[2023-06-12T01:19:34+08:00][sql] SHOW FULL COLUMNS FROM `information` [ RunTime:0.001058s ]
[2023-06-12T01:19:34+08:00][sql] SELECT * FROM `information` ORDER BY `time` DESC LIMIT 1 [ RunTime:0.000349s ]
[2023-06-12T01:19:34+08:00][sql] SELECT * FROM `information` ORDER BY `time` DESC LIMIT 1,4 [ RunTime:0.000407s ]
[2023-06-12T01:19:34+08:00][sql] SHOW FULL COLUMNS FROM `course` [ RunTime:0.001229s ]
[2023-06-12T01:19:34+08:00][sql] SELECT `id`,`title` FROM `course` ORDER BY `sorting` ASC LIMIT 0,6 [ RunTime:0.000282s ]
[2023-06-12T01:19:34+08:00][sql] SHOW FULL COLUMNS FROM `teacher` [ RunTime:0.000866s ]
[2023-06-12T01:19:34+08:00][sql] SELECT * FROM `teacher` [ RunTime:0.000233s ]
[2023-06-12T01:19:34+08:00][sql] SHOW FULL COLUMNS FROM `address` [ RunTime:0.000911s ]
[2023-06-12T01:19:34+08:00][sql] SELECT * FROM `address` WHERE  `id` = 1 LIMIT 1 [ RunTime:0.000223s ]
[2023-06-12T01:19:34+08:00][sql] SELECT * FROM `address` WHERE  `id` = 2 LIMIT 1 [ RunTime:0.000206s ]
[2023-06-12T01:19:34+08:00][sql] CONNECT:[ UseTime:0.000423s ] mysql:host=localhost;port=3316;dbname=coffee;charset=utf8
[2023-06-12T01:19:34+08:00][sql] SHOW FULL COLUMNS FROM `banner` [ RunTime:0.001390s ]
[2023-06-12T01:19:34+08:00][sql] SELECT * FROM `banner` [ RunTime:0.000302s ]
[2023-06-12T01:19:34+08:00][sql] SHOW FULL COLUMNS FROM `information` [ RunTime:0.000986s ]
[2023-06-12T01:19:34+08:00][sql] SELECT * FROM `information` ORDER BY `time` DESC LIMIT 1 [ RunTime:0.000339s ]
[2023-06-12T01:19:34+08:00][sql] SELECT * FROM `information` ORDER BY `time` DESC LIMIT 1,4 [ RunTime:0.000313s ]
[2023-06-12T01:19:34+08:00][sql] SHOW FULL COLUMNS FROM `course` [ RunTime:0.001031s ]
[2023-06-12T01:19:34+08:00][sql] SELECT `id`,`title` FROM `course` ORDER BY `sorting` ASC LIMIT 0,6 [ RunTime:0.000223s ]
[2023-06-12T01:19:34+08:00][sql] SHOW FULL COLUMNS FROM `teacher` [ RunTime:0.000901s ]
[2023-06-12T01:19:34+08:00][sql] SELECT * FROM `teacher` [ RunTime:0.000241s ]
[2023-06-12T01:19:34+08:00][sql] SHOW FULL COLUMNS FROM `address` [ RunTime:0.000929s ]
[2023-06-12T01:19:34+08:00][sql] SELECT * FROM `address` WHERE  `id` = 1 LIMIT 1 [ RunTime:0.000236s ]
[2023-06-12T01:19:34+08:00][sql] SELECT * FROM `address` WHERE  `id` = 2 LIMIT 1 [ RunTime:0.000206s ]
[2023-06-12T01:38:48+08:00][sql] CONNECT:[ UseTime:0.000418s ] mysql:host=localhost;port=3316;dbname=coffee;charset=utf8
[2023-06-12T01:38:48+08:00][sql] SHOW FULL COLUMNS FROM `banner` [ RunTime:0.001298s ]
[2023-06-12T01:38:48+08:00][sql] SELECT * FROM `banner` [ RunTime:0.000263s ]
[2023-06-12T01:38:48+08:00][sql] SHOW FULL COLUMNS FROM `information` [ RunTime:0.000990s ]
[2023-06-12T01:38:48+08:00][sql] SELECT * FROM `information` ORDER BY `time` DESC LIMIT 1 [ RunTime:0.000402s ]
[2023-06-12T01:38:48+08:00][sql] SELECT * FROM `information` ORDER BY `time` DESC LIMIT 1,4 [ RunTime:0.000332s ]
[2023-06-12T01:38:48+08:00][sql] SHOW FULL COLUMNS FROM `course` [ RunTime:0.001058s ]
[2023-06-12T01:38:48+08:00][sql] SELECT `id`,`title` FROM `course` ORDER BY `sorting` ASC LIMIT 0,6 [ RunTime:0.000225s ]
[2023-06-12T01:38:48+08:00][sql] SHOW FULL COLUMNS FROM `teacher` [ RunTime:0.000844s ]
[2023-06-12T01:38:48+08:00][sql] SELECT * FROM `teacher` [ RunTime:0.000241s ]
[2023-06-12T01:38:48+08:00][sql] SHOW FULL COLUMNS FROM `address` [ RunTime:0.000889s ]
[2023-06-12T01:38:48+08:00][sql] SELECT * FROM `address` WHERE  `id` = 1 LIMIT 1 [ RunTime:0.000255s ]
[2023-06-12T01:38:48+08:00][sql] SELECT * FROM `address` WHERE  `id` = 2 LIMIT 1 [ RunTime:0.000192s ]
[2023-06-12T02:02:20+08:00][sql] CONNECT:[ UseTime:0.000432s ] mysql:host=localhost;port=3316;dbname=coffee;charset=utf8
[2023-06-12T02:02:20+08:00][sql] SHOW FULL COLUMNS FROM `banner` [ RunTime:0.001275s ]
[2023-06-12T02:02:20+08:00][sql] SELECT * FROM `banner` [ RunTime:0.000234s ]
[2023-06-12T02:02:20+08:00][sql] SHOW FULL COLUMNS FROM `information` [ RunTime:0.001048s ]
[2023-06-12T02:02:20+08:00][sql] SELECT * FROM `information` ORDER BY `time` DESC LIMIT 1 [ RunTime:0.000299s ]
[2023-06-12T02:02:20+08:00][sql] SELECT * FROM `information` ORDER BY `time` DESC LIMIT 1,4 [ RunTime:0.000300s ]
[2023-06-12T02:02:20+08:00][sql] SHOW FULL COLUMNS FROM `course` [ RunTime:0.000997s ]
[2023-06-12T02:02:20+08:00][sql] SELECT `id`,`title` FROM `course` ORDER BY `sorting` ASC LIMIT 0,6 [ RunTime:0.000220s ]
[2023-06-12T02:02:20+08:00][sql] SHOW FULL COLUMNS FROM `teacher` [ RunTime:0.000897s ]
[2023-06-12T02:02:20+08:00][sql] SELECT * FROM `teacher` [ RunTime:0.000227s ]
[2023-06-12T02:02:20+08:00][sql] SHOW FULL COLUMNS FROM `address` [ RunTime:0.000853s ]
[2023-06-12T02:02:20+08:00][sql] SELECT * FROM `address` WHERE  `id` = 1 LIMIT 1 [ RunTime:0.000232s ]
[2023-06-12T02:02:20+08:00][sql] SELECT * FROM `address` WHERE  `id` = 2 LIMIT 1 [ RunTime:0.000209s ]
[2023-06-12T02:13:54+08:00][sql] CONNECT:[ UseTime:0.000381s ] mysql:host=localhost;port=3316;dbname=coffee;charset=utf8
[2023-06-12T02:13:54+08:00][sql] SHOW FULL COLUMNS FROM `banner` [ RunTime:0.001241s ]
[2023-06-12T02:13:54+08:00][sql] SELECT * FROM `banner` [ RunTime:0.000208s ]
[2023-06-12T02:13:54+08:00][sql] SHOW FULL COLUMNS FROM `information` [ RunTime:0.000957s ]
[2023-06-12T02:13:54+08:00][sql] SELECT * FROM `information` ORDER BY `time` DESC LIMIT 1 [ RunTime:0.000310s ]
[2023-06-12T02:13:54+08:00][sql] SELECT * FROM `information` ORDER BY `time` DESC LIMIT 1,4 [ RunTime:0.000316s ]
[2023-06-12T02:13:54+08:00][sql] SHOW FULL COLUMNS FROM `course` [ RunTime:0.000998s ]
[2023-06-12T02:13:54+08:00][sql] SELECT `id`,`title` FROM `course` ORDER BY `sorting` ASC LIMIT 0,6 [ RunTime:0.000209s ]
[2023-06-12T02:13:54+08:00][sql] SHOW FULL COLUMNS FROM `teacher` [ RunTime:0.000840s ]
[2023-06-12T02:13:54+08:00][sql] SELECT * FROM `teacher` [ RunTime:0.000221s ]
[2023-06-12T02:13:54+08:00][sql] SHOW FULL COLUMNS FROM `address` [ RunTime:0.000842s ]
[2023-06-12T02:13:54+08:00][sql] SELECT * FROM `address` WHERE  `id` = 1 LIMIT 1 [ RunTime:0.000238s ]
[2023-06-12T02:13:54+08:00][sql] SELECT * FROM `address` WHERE  `id` = 2 LIMIT 1 [ RunTime:0.000197s ]
[2023-06-12T02:16:23+08:00][sql] CONNECT:[ UseTime:0.000455s ] mysql:host=localhost;port=3316;dbname=coffee;charset=utf8
[2023-06-12T02:16:23+08:00][sql] SHOW FULL COLUMNS FROM `banner` [ RunTime:0.001285s ]
[2023-06-12T02:16:23+08:00][sql] SELECT * FROM `banner` [ RunTime:0.000219s ]
[2023-06-12T02:16:23+08:00][sql] SHOW FULL COLUMNS FROM `information` [ RunTime:0.000957s ]
[2023-06-12T02:16:23+08:00][sql] SELECT * FROM `information` ORDER BY `time` DESC LIMIT 1 [ RunTime:0.000291s ]
[2023-06-12T02:16:23+08:00][sql] SELECT * FROM `information` ORDER BY `time` DESC LIMIT 1,4 [ RunTime:0.000329s ]
[2023-06-12T02:16:23+08:00][sql] SHOW FULL COLUMNS FROM `course` [ RunTime:0.001058s ]
[2023-06-12T02:16:23+08:00][sql] SELECT `id`,`title` FROM `course` ORDER BY `sorting` ASC LIMIT 0,6 [ RunTime:0.000229s ]
[2023-06-12T02:16:23+08:00][sql] SHOW FULL COLUMNS FROM `teacher` [ RunTime:0.000891s ]
[2023-06-12T02:16:23+08:00][sql] SELECT * FROM `teacher` [ RunTime:0.000215s ]
[2023-06-12T02:16:23+08:00][sql] SHOW FULL COLUMNS FROM `address` [ RunTime:0.000884s ]
[2023-06-12T02:16:23+08:00][sql] SELECT * FROM `address` WHERE  `id` = 1 LIMIT 1 [ RunTime:0.000267s ]
[2023-06-12T02:16:23+08:00][sql] SELECT * FROM `address` WHERE  `id` = 2 LIMIT 1 [ RunTime:0.000223s ]
[2023-06-12T02:52:12+08:00][sql] CONNECT:[ UseTime:0.000440s ] mysql:host=localhost;port=3316;dbname=coffee;charset=utf8
[2023-06-12T02:52:12+08:00][sql] SHOW FULL COLUMNS FROM `banner` [ RunTime:0.001418s ]
[2023-06-12T02:52:12+08:00][sql] SELECT * FROM `banner` [ RunTime:0.000249s ]
[2023-06-12T02:52:12+08:00][sql] SHOW FULL COLUMNS FROM `information` [ RunTime:0.001010s ]
[2023-06-12T02:52:12+08:00][sql] SELECT * FROM `information` ORDER BY `time` DESC LIMIT 1 [ RunTime:0.000324s ]
[2023-06-12T02:52:12+08:00][sql] SELECT * FROM `information` ORDER BY `time` DESC LIMIT 1,4 [ RunTime:0.000384s ]
[2023-06-12T02:52:12+08:00][sql] SHOW FULL COLUMNS FROM `course` [ RunTime:0.001172s ]
[2023-06-12T02:52:12+08:00][sql] SELECT `id`,`title` FROM `course` ORDER BY `sorting` ASC LIMIT 0,6 [ RunTime:0.000267s ]
[2023-06-12T02:52:12+08:00][sql] SHOW FULL COLUMNS FROM `teacher` [ RunTime:0.000924s ]
[2023-06-12T02:52:12+08:00][sql] SELECT * FROM `teacher` [ RunTime:0.000283s ]
[2023-06-12T02:52:12+08:00][sql] SHOW FULL COLUMNS FROM `address` [ RunTime:0.001066s ]
[2023-06-12T02:52:12+08:00][sql] SELECT * FROM `address` WHERE  `id` = 1 LIMIT 1 [ RunTime:0.000280s ]
[2023-06-12T02:52:12+08:00][sql] SELECT * FROM `address` WHERE  `id` = 2 LIMIT 1 [ RunTime:0.000250s ]
[2023-06-12T03:14:33+08:00][sql] CONNECT:[ UseTime:0.000499s ] mysql:host=localhost;port=3316;dbname=coffee;charset=utf8
[2023-06-12T03:14:33+08:00][sql] SHOW FULL COLUMNS FROM `banner` [ RunTime:0.001565s ]
[2023-06-12T03:14:33+08:00][sql] SELECT * FROM `banner` [ RunTime:0.000256s ]
[2023-06-12T03:14:33+08:00][sql] SHOW FULL COLUMNS FROM `information` [ RunTime:0.001135s ]
[2023-06-12T03:14:33+08:00][sql] SELECT * FROM `information` ORDER BY `time` DESC LIMIT 1 [ RunTime:0.000437s ]
[2023-06-12T03:14:33+08:00][sql] SELECT * FROM `information` ORDER BY `time` DESC LIMIT 1,4 [ RunTime:0.000470s ]
[2023-06-12T03:14:33+08:00][sql] SHOW FULL COLUMNS FROM `course` [ RunTime:0.001150s ]
[2023-06-12T03:14:33+08:00][sql] SELECT `id`,`title` FROM `course` ORDER BY `sorting` ASC LIMIT 0,6 [ RunTime:0.000262s ]
[2023-06-12T03:14:33+08:00][sql] SHOW FULL COLUMNS FROM `teacher` [ RunTime:0.000926s ]
[2023-06-12T03:14:33+08:00][sql] SELECT * FROM `teacher` [ RunTime:0.000320s ]
[2023-06-12T03:14:33+08:00][sql] SHOW FULL COLUMNS FROM `address` [ RunTime:0.000930s ]
[2023-06-12T03:14:33+08:00][sql] SELECT * FROM `address` WHERE  `id` = 1 LIMIT 1 [ RunTime:0.000340s ]
[2023-06-12T03:14:33+08:00][sql] SELECT * FROM `address` WHERE  `id` = 2 LIMIT 1 [ RunTime:0.000252s ]
[2023-06-12T04:00:58+08:00][sql] CONNECT:[ UseTime:0.000441s ] mysql:host=localhost;port=3316;dbname=coffee;charset=utf8
[2023-06-12T04:00:58+08:00][sql] SHOW FULL COLUMNS FROM `banner` [ RunTime:0.001383s ]
[2023-06-12T04:00:58+08:00][sql] SELECT * FROM `banner` [ RunTime:0.000217s ]
[2023-06-12T04:00:58+08:00][sql] SHOW FULL COLUMNS FROM `information` [ RunTime:0.000976s ]
[2023-06-12T04:00:58+08:00][sql] SELECT * FROM `information` ORDER BY `time` DESC LIMIT 1 [ RunTime:0.000297s ]
[2023-06-12T04:00:58+08:00][sql] SELECT * FROM `information` ORDER BY `time` DESC LIMIT 1,4 [ RunTime:0.000368s ]
[2023-06-12T04:00:58+08:00][sql] SHOW FULL COLUMNS FROM `course` [ RunTime:0.001089s ]
[2023-06-12T04:00:58+08:00][sql] SELECT `id`,`title` FROM `course` ORDER BY `sorting` ASC LIMIT 0,6 [ RunTime:0.000230s ]
[2023-06-12T04:00:58+08:00][sql] SHOW FULL COLUMNS FROM `teacher` [ RunTime:0.000883s ]
[2023-06-12T04:00:58+08:00][sql] SELECT * FROM `teacher` [ RunTime:0.000247s ]
[2023-06-12T04:00:58+08:00][sql] SHOW FULL COLUMNS FROM `address` [ RunTime:0.000846s ]
[2023-06-12T04:00:58+08:00][sql] SELECT * FROM `address` WHERE  `id` = 1 LIMIT 1 [ RunTime:0.000254s ]
[2023-06-12T04:00:58+08:00][sql] SELECT * FROM `address` WHERE  `id` = 2 LIMIT 1 [ RunTime:0.000199s ]
[2023-06-12T04:04:13+08:00][sql] CONNECT:[ UseTime:0.000448s ] mysql:host=localhost;port=3316;dbname=coffee;charset=utf8
[2023-06-12T04:04:13+08:00][sql] SHOW FULL COLUMNS FROM `banner` [ RunTime:0.001316s ]
[2023-06-12T04:04:13+08:00][sql] SELECT * FROM `banner` [ RunTime:0.000219s ]
[2023-06-12T04:04:13+08:00][sql] SHOW FULL COLUMNS FROM `information` [ RunTime:0.001061s ]
[2023-06-12T04:04:13+08:00][sql] SELECT * FROM `information` ORDER BY `time` DESC LIMIT 1 [ RunTime:0.000320s ]
[2023-06-12T04:04:13+08:00][sql] SELECT * FROM `information` ORDER BY `time` DESC LIMIT 1,4 [ RunTime:0.000340s ]
[2023-06-12T04:04:13+08:00][sql] SHOW FULL COLUMNS FROM `course` [ RunTime:0.001087s ]
[2023-06-12T04:04:13+08:00][sql] SELECT `id`,`title` FROM `course` ORDER BY `sorting` ASC LIMIT 0,6 [ RunTime:0.000257s ]
[2023-06-12T04:04:13+08:00][sql] SHOW FULL COLUMNS FROM `teacher` [ RunTime:0.001010s ]
[2023-06-12T04:04:13+08:00][sql] SELECT * FROM `teacher` [ RunTime:0.000230s ]
[2023-06-12T04:04:13+08:00][sql] SHOW FULL COLUMNS FROM `address` [ RunTime:0.001228s ]
[2023-06-12T04:04:13+08:00][sql] SELECT * FROM `address` WHERE  `id` = 1 LIMIT 1 [ RunTime:0.000277s ]
[2023-06-12T04:04:13+08:00][sql] SELECT * FROM `address` WHERE  `id` = 2 LIMIT 1 [ RunTime:0.000206s ]
[2023-06-12T05:00:13+08:00][sql] CONNECT:[ UseTime:0.000486s ] mysql:host=localhost;port=3316;dbname=coffee;charset=utf8
[2023-06-12T05:00:13+08:00][sql] SHOW FULL COLUMNS FROM `banner` [ RunTime:0.001917s ]
[2023-06-12T05:00:13+08:00][sql] SELECT * FROM `banner` [ RunTime:0.000272s ]
[2023-06-12T05:00:13+08:00][sql] SHOW FULL COLUMNS FROM `information` [ RunTime:0.001411s ]
[2023-06-12T05:00:13+08:00][sql] SELECT * FROM `information` ORDER BY `time` DESC LIMIT 1 [ RunTime:0.000442s ]
[2023-06-12T05:00:13+08:00][sql] SELECT * FROM `information` ORDER BY `time` DESC LIMIT 1,4 [ RunTime:0.000454s ]
[2023-06-12T05:00:13+08:00][sql] SHOW FULL COLUMNS FROM `course` [ RunTime:0.001602s ]
[2023-06-12T05:00:13+08:00][sql] SELECT `id`,`title` FROM `course` ORDER BY `sorting` ASC LIMIT 0,6 [ RunTime:0.000308s ]
[2023-06-12T05:00:13+08:00][sql] SHOW FULL COLUMNS FROM `teacher` [ RunTime:0.001287s ]
[2023-06-12T05:00:13+08:00][sql] SELECT * FROM `teacher` [ RunTime:0.000308s ]
[2023-06-12T05:00:13+08:00][sql] SHOW FULL COLUMNS FROM `address` [ RunTime:0.001284s ]
[2023-06-12T05:00:13+08:00][sql] SELECT * FROM `address` WHERE  `id` = 1 LIMIT 1 [ RunTime:0.000301s ]
[2023-06-12T05:00:13+08:00][sql] SELECT * FROM `address` WHERE  `id` = 2 LIMIT 1 [ RunTime:0.000268s ]
[2023-06-12T05:04:16+08:00][sql] CONNECT:[ UseTime:0.000391s ] mysql:host=localhost;port=3316;dbname=coffee;charset=utf8
[2023-06-12T05:04:16+08:00][sql] SHOW FULL COLUMNS FROM `banner` [ RunTime:0.001305s ]
[2023-06-12T05:04:16+08:00][sql] SELECT * FROM `banner` [ RunTime:0.000232s ]
[2023-06-12T05:04:16+08:00][sql] SHOW FULL COLUMNS FROM `information` [ RunTime:0.000998s ]
[2023-06-12T05:04:16+08:00][sql] SELECT * FROM `information` ORDER BY `time` DESC LIMIT 1 [ RunTime:0.000298s ]
[2023-06-12T05:04:16+08:00][sql] SELECT * FROM `information` ORDER BY `time` DESC LIMIT 1,4 [ RunTime:0.000327s ]
[2023-06-12T05:04:16+08:00][sql] SHOW FULL COLUMNS FROM `course` [ RunTime:0.001086s ]
[2023-06-12T05:04:16+08:00][sql] SELECT `id`,`title` FROM `course` ORDER BY `sorting` ASC LIMIT 0,6 [ RunTime:0.000221s ]
[2023-06-12T05:04:16+08:00][sql] SHOW FULL COLUMNS FROM `teacher` [ RunTime:0.000909s ]
[2023-06-12T05:04:16+08:00][sql] SELECT * FROM `teacher` [ RunTime:0.000225s ]
[2023-06-12T05:04:16+08:00][sql] SHOW FULL COLUMNS FROM `address` [ RunTime:0.000861s ]
[2023-06-12T05:04:16+08:00][sql] SELECT * FROM `address` WHERE  `id` = 1 LIMIT 1 [ RunTime:0.000227s ]
[2023-06-12T05:04:16+08:00][sql] SELECT * FROM `address` WHERE  `id` = 2 LIMIT 1 [ RunTime:0.000207s ]
[2023-06-12T05:25:40+08:00][sql] CONNECT:[ UseTime:0.000455s ] mysql:host=localhost;port=3316;dbname=coffee;charset=utf8
[2023-06-12T05:25:40+08:00][sql] SHOW FULL COLUMNS FROM `banner` [ RunTime:0.001315s ]
[2023-06-12T05:25:40+08:00][sql] SELECT * FROM `banner` [ RunTime:0.000218s ]
[2023-06-12T05:25:40+08:00][sql] SHOW FULL COLUMNS FROM `information` [ RunTime:0.001080s ]
[2023-06-12T05:25:40+08:00][sql] SELECT * FROM `information` ORDER BY `time` DESC LIMIT 1 [ RunTime:0.000345s ]
[2023-06-12T05:25:40+08:00][sql] SELECT * FROM `information` ORDER BY `time` DESC LIMIT 1,4 [ RunTime:0.000388s ]
[2023-06-12T05:25:40+08:00][sql] SHOW FULL COLUMNS FROM `course` [ RunTime:0.001185s ]
[2023-06-12T05:25:40+08:00][sql] SELECT `id`,`title` FROM `course` ORDER BY `sorting` ASC LIMIT 0,6 [ RunTime:0.000235s ]
[2023-06-12T05:25:40+08:00][sql] SHOW FULL COLUMNS FROM `teacher` [ RunTime:0.000903s ]
[2023-06-12T05:25:40+08:00][sql] SELECT * FROM `teacher` [ RunTime:0.000225s ]
[2023-06-12T05:25:40+08:00][sql] SHOW FULL COLUMNS FROM `address` [ RunTime:0.000916s ]
[2023-06-12T05:25:40+08:00][sql] SELECT * FROM `address` WHERE  `id` = 1 LIMIT 1 [ RunTime:0.000342s ]
[2023-06-12T05:25:40+08:00][sql] SELECT * FROM `address` WHERE  `id` = 2 LIMIT 1 [ RunTime:0.000257s ]
[2023-06-12T05:31:24+08:00][sql] CONNECT:[ UseTime:0.000415s ] mysql:host=localhost;port=3316;dbname=coffee;charset=utf8
[2023-06-12T05:31:24+08:00][sql] SHOW FULL COLUMNS FROM `banner` [ RunTime:0.001347s ]
[2023-06-12T05:31:24+08:00][sql] SELECT * FROM `banner` [ RunTime:0.000236s ]
[2023-06-12T05:31:24+08:00][sql] SHOW FULL COLUMNS FROM `information` [ RunTime:0.000990s ]
[2023-06-12T05:31:24+08:00][sql] SELECT * FROM `information` ORDER BY `time` DESC LIMIT 1 [ RunTime:0.000312s ]
[2023-06-12T05:31:24+08:00][sql] SELECT * FROM `information` ORDER BY `time` DESC LIMIT 1,4 [ RunTime:0.000357s ]
[2023-06-12T05:31:24+08:00][sql] SHOW FULL COLUMNS FROM `course` [ RunTime:0.001230s ]
[2023-06-12T05:31:24+08:00][sql] SELECT `id`,`title` FROM `course` ORDER BY `sorting` ASC LIMIT 0,6 [ RunTime:0.000243s ]
[2023-06-12T05:31:24+08:00][sql] SHOW FULL COLUMNS FROM `teacher` [ RunTime:0.000919s ]
[2023-06-12T05:31:24+08:00][sql] SELECT * FROM `teacher` [ RunTime:0.000245s ]
[2023-06-12T05:31:24+08:00][sql] SHOW FULL COLUMNS FROM `address` [ RunTime:0.000936s ]
[2023-06-12T05:31:24+08:00][sql] SELECT * FROM `address` WHERE  `id` = 1 LIMIT 1 [ RunTime:0.000272s ]
[2023-06-12T05:31:24+08:00][sql] SELECT * FROM `address` WHERE  `id` = 2 LIMIT 1 [ RunTime:0.000227s ]
[2023-06-12T05:45:13+08:00][sql] CONNECT:[ UseTime:0.000426s ] mysql:host=localhost;port=3316;dbname=coffee;charset=utf8
[2023-06-12T05:45:13+08:00][sql] SHOW FULL COLUMNS FROM `banner` [ RunTime:0.001415s ]
[2023-06-12T05:45:13+08:00][sql] SELECT * FROM `banner` [ RunTime:0.000228s ]
[2023-06-12T05:45:13+08:00][sql] SHOW FULL COLUMNS FROM `information` [ RunTime:0.000976s ]
[2023-06-12T05:45:13+08:00][sql] SELECT * FROM `information` ORDER BY `time` DESC LIMIT 1 [ RunTime:0.000348s ]
[2023-06-12T05:45:13+08:00][sql] SELECT * FROM `information` ORDER BY `time` DESC LIMIT 1,4 [ RunTime:0.000359s ]
[2023-06-12T05:45:13+08:00][sql] SHOW FULL COLUMNS FROM `course` [ RunTime:0.001072s ]
[2023-06-12T05:45:13+08:00][sql] SELECT `id`,`title` FROM `course` ORDER BY `sorting` ASC LIMIT 0,6 [ RunTime:0.000235s ]
[2023-06-12T05:45:13+08:00][sql] SHOW FULL COLUMNS FROM `teacher` [ RunTime:0.000929s ]
[2023-06-12T05:45:13+08:00][sql] SELECT * FROM `teacher` [ RunTime:0.000250s ]
[2023-06-12T05:45:13+08:00][sql] SHOW FULL COLUMNS FROM `address` [ RunTime:0.000928s ]
[2023-06-12T05:45:13+08:00][sql] SELECT * FROM `address` WHERE  `id` = 1 LIMIT 1 [ RunTime:0.000250s ]
[2023-06-12T05:45:13+08:00][sql] SELECT * FROM `address` WHERE  `id` = 2 LIMIT 1 [ RunTime:0.000227s ]
[2023-06-12T06:48:57+08:00][sql] CONNECT:[ UseTime:0.000434s ] mysql:host=localhost;port=3316;dbname=coffee;charset=utf8
[2023-06-12T06:48:57+08:00][sql] SHOW FULL COLUMNS FROM `banner` [ RunTime:0.001346s ]
[2023-06-12T06:48:57+08:00][sql] SELECT * FROM `banner` [ RunTime:0.000221s ]
[2023-06-12T06:48:57+08:00][sql] SHOW FULL COLUMNS FROM `information` [ RunTime:0.001009s ]
[2023-06-12T06:48:57+08:00][sql] SELECT * FROM `information` ORDER BY `time` DESC LIMIT 1 [ RunTime:0.000323s ]
[2023-06-12T06:48:57+08:00][sql] SELECT * FROM `information` ORDER BY `time` DESC LIMIT 1,4 [ RunTime:0.000332s ]
[2023-06-12T06:48:57+08:00][sql] SHOW FULL COLUMNS FROM `course` [ RunTime:0.001068s ]
[2023-06-12T06:48:57+08:00][sql] SELECT `id`,`title` FROM `course` ORDER BY `sorting` ASC LIMIT 0,6 [ RunTime:0.000240s ]
[2023-06-12T06:48:57+08:00][sql] SHOW FULL COLUMNS FROM `teacher` [ RunTime:0.000916s ]
[2023-06-12T06:48:57+08:00][sql] SELECT * FROM `teacher` [ RunTime:0.000244s ]
[2023-06-12T06:48:57+08:00][sql] SHOW FULL COLUMNS FROM `address` [ RunTime:0.001001s ]
[2023-06-12T06:48:57+08:00][sql] SELECT * FROM `address` WHERE  `id` = 1 LIMIT 1 [ RunTime:0.000286s ]
[2023-06-12T06:48:57+08:00][sql] SELECT * FROM `address` WHERE  `id` = 2 LIMIT 1 [ RunTime:0.000306s ]
[2023-06-12T06:48:57+08:00][sql] CONNECT:[ UseTime:0.008345s ] mysql:host=localhost;port=3316;dbname=coffee;charset=utf8
[2023-06-12T06:48:57+08:00][sql] SHOW FULL COLUMNS FROM `banner` [ RunTime:0.001373s ]
[2023-06-12T06:48:57+08:00][sql] SELECT * FROM `banner` [ RunTime:0.000292s ]
[2023-06-12T06:48:57+08:00][sql] SHOW FULL COLUMNS FROM `information` [ RunTime:0.001092s ]
[2023-06-12T06:48:57+08:00][sql] SELECT * FROM `information` ORDER BY `time` DESC LIMIT 1 [ RunTime:0.000312s ]
[2023-06-12T06:48:57+08:00][sql] SELECT * FROM `information` ORDER BY `time` DESC LIMIT 1,4 [ RunTime:0.000334s ]
[2023-06-12T06:48:57+08:00][sql] SHOW FULL COLUMNS FROM `course` [ RunTime:0.001094s ]
[2023-06-12T06:48:57+08:00][sql] SELECT `id`,`title` FROM `course` ORDER BY `sorting` ASC LIMIT 0,6 [ RunTime:0.000265s ]
[2023-06-12T06:48:57+08:00][sql] SHOW FULL COLUMNS FROM `teacher` [ RunTime:0.000917s ]
[2023-06-12T06:48:57+08:00][sql] SELECT * FROM `teacher` [ RunTime:0.000249s ]
[2023-06-12T06:48:57+08:00][sql] SHOW FULL COLUMNS FROM `address` [ RunTime:0.000956s ]
[2023-06-12T06:48:57+08:00][sql] SELECT * FROM `address` WHERE  `id` = 1 LIMIT 1 [ RunTime:0.000257s ]
[2023-06-12T06:48:57+08:00][sql] SELECT * FROM `address` WHERE  `id` = 2 LIMIT 1 [ RunTime:0.000416s ]
[2023-06-12T06:48:57+08:00][sql] CONNECT:[ UseTime:0.008608s ] mysql:host=localhost;port=3316;dbname=coffee;charset=utf8
[2023-06-12T06:48:57+08:00][sql] SHOW FULL COLUMNS FROM `banner` [ RunTime:0.002357s ]
[2023-06-12T06:48:57+08:00][sql] SELECT * FROM `banner` [ RunTime:0.000283s ]
[2023-06-12T06:48:57+08:00][sql] SHOW FULL COLUMNS FROM `information` [ RunTime:0.001048s ]
[2023-06-12T06:48:57+08:00][sql] SELECT * FROM `information` ORDER BY `time` DESC LIMIT 1 [ RunTime:0.003010s ]
[2023-06-12T06:48:57+08:00][sql] SELECT * FROM `information` ORDER BY `time` DESC LIMIT 1,4 [ RunTime:0.000693s ]
[2023-06-12T06:48:57+08:00][sql] SHOW FULL COLUMNS FROM `course` [ RunTime:0.001521s ]
[2023-06-12T06:48:57+08:00][sql] SELECT `id`,`title` FROM `course` ORDER BY `sorting` ASC LIMIT 0,6 [ RunTime:0.001186s ]
[2023-06-12T06:48:57+08:00][sql] SHOW FULL COLUMNS FROM `teacher` [ RunTime:0.002608s ]
[2023-06-12T06:48:57+08:00][sql] SELECT * FROM `teacher` [ RunTime:0.001325s ]
[2023-06-12T06:48:57+08:00][sql] SHOW FULL COLUMNS FROM `address` [ RunTime:0.000915s ]
[2023-06-12T06:48:57+08:00][sql] SELECT * FROM `address` WHERE  `id` = 1 LIMIT 1 [ RunTime:0.001372s ]
[2023-06-12T06:48:57+08:00][sql] SELECT * FROM `address` WHERE  `id` = 2 LIMIT 1 [ RunTime:0.000447s ]
[2023-06-12T06:48:57+08:00][sql] CONNECT:[ UseTime:0.002348s ] mysql:host=localhost;port=3316;dbname=coffee;charset=utf8
[2023-06-12T06:48:57+08:00][sql] SHOW FULL COLUMNS FROM `banner` [ RunTime:0.001791s ]
[2023-06-12T06:48:57+08:00][sql] SELECT * FROM `banner` [ RunTime:0.000917s ]
[2023-06-12T06:48:57+08:00][sql] SHOW FULL COLUMNS FROM `information` [ RunTime:0.001588s ]
[2023-06-12T06:48:57+08:00][sql] SELECT * FROM `information` ORDER BY `time` DESC LIMIT 1 [ RunTime:0.000816s ]
[2023-06-12T06:48:57+08:00][sql] SELECT * FROM `information` ORDER BY `time` DESC LIMIT 1,4 [ RunTime:0.000913s ]
[2023-06-12T06:48:57+08:00][sql] SHOW FULL COLUMNS FROM `course` [ RunTime:0.001881s ]
[2023-06-12T06:48:57+08:00][sql] SELECT `id`,`title` FROM `course` ORDER BY `sorting` ASC LIMIT 0,6 [ RunTime:0.002927s ]
[2023-06-12T06:48:57+08:00][sql] SHOW FULL COLUMNS FROM `teacher` [ RunTime:0.001066s ]
[2023-06-12T06:48:57+08:00][sql] SELECT * FROM `teacher` [ RunTime:0.001210s ]
[2023-06-12T06:48:57+08:00][sql] SHOW FULL COLUMNS FROM `address` [ RunTime:0.001072s ]
[2023-06-12T06:48:57+08:00][sql] SELECT * FROM `address` WHERE  `id` = 1 LIMIT 1 [ RunTime:0.000493s ]
[2023-06-12T06:48:57+08:00][sql] SELECT * FROM `address` WHERE  `id` = 2 LIMIT 1 [ RunTime:0.004521s ]
[2023-06-12T06:48:57+08:00][sql] CONNECT:[ UseTime:0.000431s ] mysql:host=localhost;port=3316;dbname=coffee;charset=utf8
[2023-06-12T06:48:57+08:00][sql] SHOW FULL COLUMNS FROM `banner` [ RunTime:0.001157s ]
[2023-06-12T06:48:57+08:00][sql] SELECT * FROM `banner` [ RunTime:0.000222s ]
[2023-06-12T06:48:57+08:00][sql] SHOW FULL COLUMNS FROM `information` [ RunTime:0.001008s ]
[2023-06-12T06:48:57+08:00][sql] SELECT * FROM `information` ORDER BY `time` DESC LIMIT 1 [ RunTime:0.000313s ]
[2023-06-12T06:48:57+08:00][sql] SELECT * FROM `information` ORDER BY `time` DESC LIMIT 1,4 [ RunTime:0.000337s ]
[2023-06-12T06:48:57+08:00][sql] SHOW FULL COLUMNS FROM `course` [ RunTime:0.001103s ]
[2023-06-12T06:48:57+08:00][sql] SELECT `id`,`title` FROM `course` ORDER BY `sorting` ASC LIMIT 0,6 [ RunTime:0.000247s ]
[2023-06-12T06:48:57+08:00][sql] SHOW FULL COLUMNS FROM `teacher` [ RunTime:0.000946s ]
[2023-06-12T06:48:57+08:00][sql] SELECT * FROM `teacher` [ RunTime:0.000245s ]
[2023-06-12T06:48:57+08:00][sql] SHOW FULL COLUMNS FROM `address` [ RunTime:0.000922s ]
[2023-06-12T06:48:57+08:00][sql] SELECT * FROM `address` WHERE  `id` = 1 LIMIT 1 [ RunTime:0.000273s ]
[2023-06-12T06:48:57+08:00][sql] SELECT * FROM `address` WHERE  `id` = 2 LIMIT 1 [ RunTime:0.000238s ]
[2023-06-12T06:48:57+08:00][sql] CONNECT:[ UseTime:0.000384s ] mysql:host=localhost;port=3316;dbname=coffee;charset=utf8
[2023-06-12T06:48:57+08:00][sql] SHOW FULL COLUMNS FROM `banner` [ RunTime:0.001267s ]
[2023-06-12T06:48:57+08:00][sql] SELECT * FROM `banner` [ RunTime:0.000225s ]
[2023-06-12T06:48:57+08:00][sql] SHOW FULL COLUMNS FROM `information` [ RunTime:0.000912s ]
[2023-06-12T06:48:57+08:00][sql] SELECT * FROM `information` ORDER BY `time` DESC LIMIT 1 [ RunTime:0.000294s ]
[2023-06-12T06:48:57+08:00][sql] SELECT * FROM `information` ORDER BY `time` DESC LIMIT 1,4 [ RunTime:0.000303s ]
[2023-06-12T06:48:57+08:00][sql] SHOW FULL COLUMNS FROM `course` [ RunTime:0.000994s ]
[2023-06-12T06:48:57+08:00][sql] SELECT `id`,`title` FROM `course` ORDER BY `sorting` ASC LIMIT 0,6 [ RunTime:0.000217s ]
[2023-06-12T06:48:57+08:00][sql] SHOW FULL COLUMNS FROM `teacher` [ RunTime:0.000849s ]
[2023-06-12T06:48:57+08:00][sql] SELECT * FROM `teacher` [ RunTime:0.000201s ]
[2023-06-12T06:48:57+08:00][sql] SHOW FULL COLUMNS FROM `address` [ RunTime:0.000849s ]
[2023-06-12T06:48:57+08:00][sql] SELECT * FROM `address` WHERE  `id` = 1 LIMIT 1 [ RunTime:0.000237s ]
[2023-06-12T06:48:57+08:00][sql] SELECT * FROM `address` WHERE  `id` = 2 LIMIT 1 [ RunTime:0.000193s ]
[2023-06-12T06:48:57+08:00][sql] CONNECT:[ UseTime:0.000364s ] mysql:host=localhost;port=3316;dbname=coffee;charset=utf8
[2023-06-12T06:48:57+08:00][sql] SHOW FULL COLUMNS FROM `banner` [ RunTime:0.001381s ]
[2023-06-12T06:48:57+08:00][sql] SELECT * FROM `banner` [ RunTime:0.000232s ]
[2023-06-12T06:48:57+08:00][sql] SHOW FULL COLUMNS FROM `information` [ RunTime:0.001001s ]
[2023-06-12T06:48:57+08:00][sql] SELECT * FROM `information` ORDER BY `time` DESC LIMIT 1 [ RunTime:0.000297s ]
[2023-06-12T06:48:57+08:00][sql] SELECT * FROM `information` ORDER BY `time` DESC LIMIT 1,4 [ RunTime:0.000312s ]
[2023-06-12T06:48:57+08:00][sql] SHOW FULL COLUMNS FROM `course` [ RunTime:0.001061s ]
[2023-06-12T06:48:57+08:00][sql] SELECT `id`,`title` FROM `course` ORDER BY `sorting` ASC LIMIT 0,6 [ RunTime:0.000231s ]
[2023-06-12T06:48:57+08:00][sql] SHOW FULL COLUMNS FROM `teacher` [ RunTime:0.000889s ]
[2023-06-12T06:48:57+08:00][sql] SELECT * FROM `teacher` [ RunTime:0.000214s ]
[2023-06-12T06:48:57+08:00][sql] SHOW FULL COLUMNS FROM `address` [ RunTime:0.000933s ]
[2023-06-12T06:48:57+08:00][sql] SELECT * FROM `address` WHERE  `id` = 1 LIMIT 1 [ RunTime:0.000256s ]
[2023-06-12T06:48:57+08:00][sql] SELECT * FROM `address` WHERE  `id` = 2 LIMIT 1 [ RunTime:0.000217s ]
[2023-06-12T06:48:57+08:00][sql] CONNECT:[ UseTime:0.000369s ] mysql:host=localhost;port=3316;dbname=coffee;charset=utf8
[2023-06-12T06:48:57+08:00][sql] SHOW FULL COLUMNS FROM `banner` [ RunTime:0.001262s ]
[2023-06-12T06:48:57+08:00][sql] SELECT * FROM `banner` [ RunTime:0.000222s ]
[2023-06-12T06:48:57+08:00][sql] SHOW FULL COLUMNS FROM `information` [ RunTime:0.000982s ]
[2023-06-12T06:48:57+08:00][sql] SELECT * FROM `information` ORDER BY `time` DESC LIMIT 1 [ RunTime:0.000296s ]
[2023-06-12T06:48:57+08:00][sql] SELECT * FROM `information` ORDER BY `time` DESC LIMIT 1,4 [ RunTime:0.000342s ]
[2023-06-12T06:48:57+08:00][sql] SHOW FULL COLUMNS FROM `course` [ RunTime:0.001070s ]
[2023-06-12T06:48:57+08:00][sql] SELECT `id`,`title` FROM `course` ORDER BY `sorting` ASC LIMIT 0,6 [ RunTime:0.000213s ]
[2023-06-12T06:48:57+08:00][sql] SHOW FULL COLUMNS FROM `teacher` [ RunTime:0.000881s ]
[2023-06-12T06:48:57+08:00][sql] SELECT * FROM `teacher` [ RunTime:0.000244s ]
[2023-06-12T06:48:57+08:00][sql] SHOW FULL COLUMNS FROM `address` [ RunTime:0.000935s ]
[2023-06-12T06:48:57+08:00][sql] SELECT * FROM `address` WHERE  `id` = 1 LIMIT 1 [ RunTime:0.000241s ]
[2023-06-12T06:48:57+08:00][sql] SELECT * FROM `address` WHERE  `id` = 2 LIMIT 1 [ RunTime:0.000194s ]
[2023-06-12T06:48:58+08:00][sql] CONNECT:[ UseTime:0.000453s ] mysql:host=localhost;port=3316;dbname=coffee;charset=utf8
[2023-06-12T06:48:58+08:00][sql] SHOW FULL COLUMNS FROM `banner` [ RunTime:0.001296s ]
[2023-06-12T06:48:58+08:00][sql] SELECT * FROM `banner` [ RunTime:0.000217s ]
[2023-06-12T06:48:58+08:00][sql] SHOW FULL COLUMNS FROM `information` [ RunTime:0.000937s ]
[2023-06-12T06:48:58+08:00][sql] SELECT * FROM `information` ORDER BY `time` DESC LIMIT 1 [ RunTime:0.000289s ]
[2023-06-12T06:48:58+08:00][sql] SELECT * FROM `information` ORDER BY `time` DESC LIMIT 1,4 [ RunTime:0.000319s ]
[2023-06-12T06:48:58+08:00][sql] SHOW FULL COLUMNS FROM `course` [ RunTime:0.001037s ]
[2023-06-12T06:48:58+08:00][sql] SELECT `id`,`title` FROM `course` ORDER BY `sorting` ASC LIMIT 0,6 [ RunTime:0.000210s ]
[2023-06-12T06:48:58+08:00][sql] SHOW FULL COLUMNS FROM `teacher` [ RunTime:0.000924s ]
[2023-06-12T06:48:58+08:00][sql] SELECT * FROM `teacher` [ RunTime:0.000299s ]
[2023-06-12T06:48:58+08:00][sql] SHOW FULL COLUMNS FROM `address` [ RunTime:0.000925s ]
[2023-06-12T06:48:58+08:00][sql] SELECT * FROM `address` WHERE  `id` = 1 LIMIT 1 [ RunTime:0.000298s ]
[2023-06-12T06:48:58+08:00][sql] SELECT * FROM `address` WHERE  `id` = 2 LIMIT 1 [ RunTime:0.000250s ]
[2023-06-12T06:48:58+08:00][sql] CONNECT:[ UseTime:0.000440s ] mysql:host=localhost;port=3316;dbname=coffee;charset=utf8
[2023-06-12T06:48:58+08:00][sql] SHOW FULL COLUMNS FROM `banner` [ RunTime:0.001357s ]
[2023-06-12T06:48:58+08:00][sql] SELECT * FROM `banner` [ RunTime:0.000256s ]
[2023-06-12T06:48:58+08:00][sql] SHOW FULL COLUMNS FROM `information` [ RunTime:0.001162s ]
[2023-06-12T06:48:58+08:00][sql] SELECT * FROM `information` ORDER BY `time` DESC LIMIT 1 [ RunTime:0.000359s ]
[2023-06-12T06:48:58+08:00][sql] SELECT * FROM `information` ORDER BY `time` DESC LIMIT 1,4 [ RunTime:0.000352s ]
[2023-06-12T06:48:58+08:00][sql] SHOW FULL COLUMNS FROM `course` [ RunTime:0.001070s ]
[2023-06-12T06:48:58+08:00][sql] SELECT `id`,`title` FROM `course` ORDER BY `sorting` ASC LIMIT 0,6 [ RunTime:0.000246s ]
[2023-06-12T06:48:58+08:00][sql] SHOW FULL COLUMNS FROM `teacher` [ RunTime:0.000887s ]
[2023-06-12T06:48:58+08:00][sql] SELECT * FROM `teacher` [ RunTime:0.000284s ]
[2023-06-12T06:48:58+08:00][sql] SHOW FULL COLUMNS FROM `address` [ RunTime:0.001020s ]
[2023-06-12T06:48:58+08:00][sql] SELECT * FROM `address` WHERE  `id` = 1 LIMIT 1 [ RunTime:0.000262s ]
[2023-06-12T06:48:58+08:00][sql] SELECT * FROM `address` WHERE  `id` = 2 LIMIT 1 [ RunTime:0.000214s ]
[2023-06-12T06:48:58+08:00][sql] CONNECT:[ UseTime:0.000409s ] mysql:host=localhost;port=3316;dbname=coffee;charset=utf8
[2023-06-12T06:48:58+08:00][sql] SHOW FULL COLUMNS FROM `banner` [ RunTime:0.001557s ]
[2023-06-12T06:48:58+08:00][sql] SELECT * FROM `banner` [ RunTime:0.000264s ]
[2023-06-12T06:48:58+08:00][sql] SHOW FULL COLUMNS FROM `information` [ RunTime:0.001357s ]
[2023-06-12T06:48:58+08:00][sql] SELECT * FROM `information` ORDER BY `time` DESC LIMIT 1 [ RunTime:0.000460s ]
[2023-06-12T06:48:58+08:00][sql] SELECT * FROM `information` ORDER BY `time` DESC LIMIT 1,4 [ RunTime:0.000382s ]
[2023-06-12T06:48:58+08:00][sql] SHOW FULL COLUMNS FROM `course` [ RunTime:0.001092s ]
[2023-06-12T06:48:58+08:00][sql] SELECT `id`,`title` FROM `course` ORDER BY `sorting` ASC LIMIT 0,6 [ RunTime:0.000260s ]
[2023-06-12T06:48:58+08:00][sql] SHOW FULL COLUMNS FROM `teacher` [ RunTime:0.001031s ]
[2023-06-12T06:48:58+08:00][sql] SELECT * FROM `teacher` [ RunTime:0.000303s ]
[2023-06-12T06:48:58+08:00][sql] SHOW FULL COLUMNS FROM `address` [ RunTime:0.000957s ]
[2023-06-12T06:48:58+08:00][sql] SELECT * FROM `address` WHERE  `id` = 1 LIMIT 1 [ RunTime:0.000265s ]
[2023-06-12T06:48:58+08:00][sql] SELECT * FROM `address` WHERE  `id` = 2 LIMIT 1 [ RunTime:0.000238s ]
[2023-06-12T06:48:59+08:00][sql] CONNECT:[ UseTime:0.000450s ] mysql:host=localhost;port=3316;dbname=coffee;charset=utf8
[2023-06-12T06:48:59+08:00][sql] SHOW FULL COLUMNS FROM `banner` [ RunTime:0.001302s ]
[2023-06-12T06:48:59+08:00][sql] SELECT * FROM `banner` [ RunTime:0.000242s ]
[2023-06-12T06:48:59+08:00][sql] SHOW FULL COLUMNS FROM `information` [ RunTime:0.001093s ]
[2023-06-12T06:48:59+08:00][sql] SELECT * FROM `information` ORDER BY `time` DESC LIMIT 1 [ RunTime:0.000327s ]
[2023-06-12T06:48:59+08:00][sql] SELECT * FROM `information` ORDER BY `time` DESC LIMIT 1,4 [ RunTime:0.000346s ]
[2023-06-12T06:48:59+08:00][sql] SHOW FULL COLUMNS FROM `course` [ RunTime:0.001082s ]
[2023-06-12T06:48:59+08:00][sql] SELECT `id`,`title` FROM `course` ORDER BY `sorting` ASC LIMIT 0,6 [ RunTime:0.000229s ]
[2023-06-12T06:48:59+08:00][sql] SHOW FULL COLUMNS FROM `teacher` [ RunTime:0.000954s ]
[2023-06-12T06:48:59+08:00][sql] SELECT * FROM `teacher` [ RunTime:0.000243s ]
[2023-06-12T06:48:59+08:00][sql] SHOW FULL COLUMNS FROM `address` [ RunTime:0.001037s ]
[2023-06-12T06:48:59+08:00][sql] SELECT * FROM `address` WHERE  `id` = 1 LIMIT 1 [ RunTime:0.000291s ]
[2023-06-12T06:48:59+08:00][sql] SELECT * FROM `address` WHERE  `id` = 2 LIMIT 1 [ RunTime:0.000246s ]
[2023-06-12T06:49:01+08:00][sql] CONNECT:[ UseTime:0.000902s ] mysql:host=localhost;port=3316;dbname=coffee;charset=utf8
[2023-06-12T06:49:01+08:00][sql] SHOW FULL COLUMNS FROM `banner` [ RunTime:0.002973s ]
[2023-06-12T06:49:01+08:00][sql] SELECT * FROM `banner` [ RunTime:0.000418s ]
[2023-06-12T06:49:01+08:00][sql] SHOW FULL COLUMNS FROM `information` [ RunTime:0.001143s ]
[2023-06-12T06:49:01+08:00][sql] SELECT * FROM `information` ORDER BY `time` DESC LIMIT 1 [ RunTime:0.000352s ]
[2023-06-12T06:49:01+08:00][sql] SELECT * FROM `information` ORDER BY `time` DESC LIMIT 1,4 [ RunTime:0.000384s ]
[2023-06-12T06:49:01+08:00][sql] SHOW FULL COLUMNS FROM `course` [ RunTime:0.001302s ]
[2023-06-12T06:49:01+08:00][sql] SELECT `id`,`title` FROM `course` ORDER BY `sorting` ASC LIMIT 0,6 [ RunTime:0.000393s ]
[2023-06-12T06:49:01+08:00][sql] SHOW FULL COLUMNS FROM `teacher` [ RunTime:0.001034s ]
[2023-06-12T06:49:01+08:00][sql] SELECT * FROM `teacher` [ RunTime:0.000460s ]
[2023-06-12T06:49:01+08:00][sql] SHOW FULL COLUMNS FROM `address` [ RunTime:0.001366s ]
[2023-06-12T06:49:01+08:00][sql] SELECT * FROM `address` WHERE  `id` = 1 LIMIT 1 [ RunTime:0.000363s ]
[2023-06-12T06:49:01+08:00][sql] SELECT * FROM `address` WHERE  `id` = 2 LIMIT 1 [ RunTime:0.000340s ]
[2023-06-12T06:49:03+08:00][sql] CONNECT:[ UseTime:0.000410s ] mysql:host=localhost;port=3316;dbname=coffee;charset=utf8
[2023-06-12T06:49:03+08:00][sql] SHOW FULL COLUMNS FROM `banner` [ RunTime:0.001373s ]
[2023-06-12T06:49:03+08:00][sql] SELECT * FROM `banner` [ RunTime:0.000221s ]
[2023-06-12T06:49:03+08:00][sql] SHOW FULL COLUMNS FROM `information` [ RunTime:0.001080s ]
[2023-06-12T06:49:03+08:00][sql] SELECT * FROM `information` ORDER BY `time` DESC LIMIT 1 [ RunTime:0.000331s ]
[2023-06-12T06:49:03+08:00][sql] SELECT * FROM `information` ORDER BY `time` DESC LIMIT 1,4 [ RunTime:0.000319s ]
[2023-06-12T06:49:03+08:00][sql] SHOW FULL COLUMNS FROM `course` [ RunTime:0.001101s ]
[2023-06-12T06:49:03+08:00][sql] SELECT `id`,`title` FROM `course` ORDER BY `sorting` ASC LIMIT 0,6 [ RunTime:0.000218s ]
[2023-06-12T06:49:03+08:00][sql] SHOW FULL COLUMNS FROM `teacher` [ RunTime:0.000919s ]
[2023-06-12T06:49:03+08:00][sql] SELECT * FROM `teacher` [ RunTime:0.000219s ]
[2023-06-12T06:49:03+08:00][sql] SHOW FULL COLUMNS FROM `address` [ RunTime:0.000966s ]
[2023-06-12T06:49:03+08:00][sql] SELECT * FROM `address` WHERE  `id` = 1 LIMIT 1 [ RunTime:0.000253s ]
[2023-06-12T06:49:03+08:00][sql] SELECT * FROM `address` WHERE  `id` = 2 LIMIT 1 [ RunTime:0.000204s ]
[2023-06-12T06:49:06+08:00][sql] CONNECT:[ UseTime:0.000363s ] mysql:host=localhost;port=3316;dbname=coffee;charset=utf8
[2023-06-12T06:49:06+08:00][sql] SHOW FULL COLUMNS FROM `banner` [ RunTime:0.001339s ]
[2023-06-12T06:49:06+08:00][sql] SELECT * FROM `banner` [ RunTime:0.000268s ]
[2023-06-12T06:49:06+08:00][sql] SHOW FULL COLUMNS FROM `information` [ RunTime:0.000953s ]
[2023-06-12T06:49:06+08:00][sql] SELECT * FROM `information` ORDER BY `time` DESC LIMIT 1 [ RunTime:0.000301s ]
[2023-06-12T06:49:06+08:00][sql] SELECT * FROM `information` ORDER BY `time` DESC LIMIT 1,4 [ RunTime:0.000313s ]
[2023-06-12T06:49:06+08:00][sql] SHOW FULL COLUMNS FROM `course` [ RunTime:0.001054s ]
[2023-06-12T06:49:06+08:00][sql] SELECT `id`,`title` FROM `course` ORDER BY `sorting` ASC LIMIT 0,6 [ RunTime:0.000251s ]
[2023-06-12T06:49:06+08:00][sql] SHOW FULL COLUMNS FROM `teacher` [ RunTime:0.000900s ]
[2023-06-12T06:49:06+08:00][sql] SELECT * FROM `teacher` [ RunTime:0.000223s ]
[2023-06-12T06:49:06+08:00][sql] SHOW FULL COLUMNS FROM `address` [ RunTime:0.000893s ]
[2023-06-12T06:49:06+08:00][sql] SELECT * FROM `address` WHERE  `id` = 1 LIMIT 1 [ RunTime:0.000262s ]
[2023-06-12T06:49:06+08:00][sql] SELECT * FROM `address` WHERE  `id` = 2 LIMIT 1 [ RunTime:0.000221s ]
[2023-06-12T06:49:08+08:00][sql] CONNECT:[ UseTime:0.000426s ] mysql:host=localhost;port=3316;dbname=coffee;charset=utf8
[2023-06-12T06:49:08+08:00][sql] SHOW FULL COLUMNS FROM `banner` [ RunTime:0.001303s ]
[2023-06-12T06:49:08+08:00][sql] SELECT * FROM `banner` [ RunTime:0.000229s ]
[2023-06-12T06:49:08+08:00][sql] SHOW FULL COLUMNS FROM `information` [ RunTime:0.000911s ]
[2023-06-12T06:49:08+08:00][sql] SELECT * FROM `information` ORDER BY `time` DESC LIMIT 1 [ RunTime:0.000305s ]
[2023-06-12T06:49:08+08:00][sql] SELECT * FROM `information` ORDER BY `time` DESC LIMIT 1,4 [ RunTime:0.000320s ]
[2023-06-12T06:49:08+08:00][sql] SHOW FULL COLUMNS FROM `course` [ RunTime:0.001000s ]
[2023-06-12T06:49:08+08:00][sql] SELECT `id`,`title` FROM `course` ORDER BY `sorting` ASC LIMIT 0,6 [ RunTime:0.000214s ]
[2023-06-12T06:49:08+08:00][sql] SHOW FULL COLUMNS FROM `teacher` [ RunTime:0.000840s ]
[2023-06-12T06:49:08+08:00][sql] SELECT * FROM `teacher` [ RunTime:0.000257s ]
[2023-06-12T06:49:08+08:00][sql] SHOW FULL COLUMNS FROM `address` [ RunTime:0.000844s ]
[2023-06-12T06:49:08+08:00][sql] SELECT * FROM `address` WHERE  `id` = 1 LIMIT 1 [ RunTime:0.000229s ]
[2023-06-12T06:49:08+08:00][sql] SELECT * FROM `address` WHERE  `id` = 2 LIMIT 1 [ RunTime:0.000191s ]
[2023-06-12T06:49:08+08:00][sql] CONNECT:[ UseTime:0.000406s ] mysql:host=localhost;port=3316;dbname=coffee;charset=utf8
[2023-06-12T06:49:08+08:00][sql] SHOW FULL COLUMNS FROM `banner` [ RunTime:0.001443s ]
[2023-06-12T06:49:08+08:00][sql] SELECT * FROM `banner` [ RunTime:0.000234s ]
[2023-06-12T06:49:08+08:00][sql] SHOW FULL COLUMNS FROM `information` [ RunTime:0.001078s ]
[2023-06-12T06:49:08+08:00][sql] SELECT * FROM `information` ORDER BY `time` DESC LIMIT 1 [ RunTime:0.000309s ]
[2023-06-12T06:49:08+08:00][sql] SELECT * FROM `information` ORDER BY `time` DESC LIMIT 1,4 [ RunTime:0.000311s ]
[2023-06-12T06:49:08+08:00][sql] SHOW FULL COLUMNS FROM `course` [ RunTime:0.001106s ]
[2023-06-12T06:49:08+08:00][sql] SELECT `id`,`title` FROM `course` ORDER BY `sorting` ASC LIMIT 0,6 [ RunTime:0.000242s ]
[2023-06-12T06:49:08+08:00][sql] SHOW FULL COLUMNS FROM `teacher` [ RunTime:0.000918s ]
[2023-06-12T06:49:08+08:00][sql] SELECT * FROM `teacher` [ RunTime:0.000232s ]
[2023-06-12T06:49:08+08:00][sql] SHOW FULL COLUMNS FROM `address` [ RunTime:0.000901s ]
[2023-06-12T06:49:08+08:00][sql] SELECT * FROM `address` WHERE  `id` = 1 LIMIT 1 [ RunTime:0.000245s ]
[2023-06-12T06:49:08+08:00][sql] SELECT * FROM `address` WHERE  `id` = 2 LIMIT 1 [ RunTime:0.000260s ]
[2023-06-12T06:49:49+08:00][sql] CONNECT:[ UseTime:0.000494s ] mysql:host=localhost;port=3316;dbname=coffee;charset=utf8
[2023-06-12T06:49:49+08:00][sql] SHOW FULL COLUMNS FROM `banner` [ RunTime:0.001751s ]
[2023-06-12T06:49:49+08:00][sql] SELECT * FROM `banner` [ RunTime:0.000261s ]
[2023-06-12T06:49:49+08:00][sql] SHOW FULL COLUMNS FROM `information` [ RunTime:0.001301s ]
[2023-06-12T06:49:49+08:00][sql] SELECT * FROM `information` ORDER BY `time` DESC LIMIT 1 [ RunTime:0.000339s ]
[2023-06-12T06:49:49+08:00][sql] SELECT * FROM `information` ORDER BY `time` DESC LIMIT 1,4 [ RunTime:0.000317s ]
[2023-06-12T06:49:49+08:00][sql] SHOW FULL COLUMNS FROM `course` [ RunTime:0.001039s ]
[2023-06-12T06:49:49+08:00][sql] SELECT `id`,`title` FROM `course` ORDER BY `sorting` ASC LIMIT 0,6 [ RunTime:0.000226s ]
[2023-06-12T06:49:49+08:00][sql] SHOW FULL COLUMNS FROM `teacher` [ RunTime:0.000857s ]
[2023-06-12T06:49:49+08:00][sql] SELECT * FROM `teacher` [ RunTime:0.000240s ]
[2023-06-12T06:49:49+08:00][sql] SHOW FULL COLUMNS FROM `address` [ RunTime:0.000875s ]
[2023-06-12T06:49:49+08:00][sql] SELECT * FROM `address` WHERE  `id` = 1 LIMIT 1 [ RunTime:0.000241s ]
[2023-06-12T06:49:49+08:00][sql] SELECT * FROM `address` WHERE  `id` = 2 LIMIT 1 [ RunTime:0.000213s ]
[2023-06-12T06:49:49+08:00][sql] CONNECT:[ UseTime:0.000429s ] mysql:host=localhost;port=3316;dbname=coffee;charset=utf8
[2023-06-12T06:49:49+08:00][sql] SHOW FULL COLUMNS FROM `banner` [ RunTime:0.001386s ]
[2023-06-12T06:49:49+08:00][sql] SELECT * FROM `banner` [ RunTime:0.000231s ]
[2023-06-12T06:49:49+08:00][sql] SHOW FULL COLUMNS FROM `information` [ RunTime:0.000920s ]
[2023-06-12T06:49:49+08:00][sql] SELECT * FROM `information` ORDER BY `time` DESC LIMIT 1 [ RunTime:0.000293s ]
[2023-06-12T06:49:49+08:00][sql] SELECT * FROM `information` ORDER BY `time` DESC LIMIT 1,4 [ RunTime:0.000327s ]
[2023-06-12T06:49:49+08:00][sql] SHOW FULL COLUMNS FROM `course` [ RunTime:0.001099s ]
[2023-06-12T06:49:49+08:00][sql] SELECT `id`,`title` FROM `course` ORDER BY `sorting` ASC LIMIT 0,6 [ RunTime:0.000240s ]
[2023-06-12T06:49:49+08:00][sql] SHOW FULL COLUMNS FROM `teacher` [ RunTime:0.000915s ]
[2023-06-12T06:49:49+08:00][sql] SELECT * FROM `teacher` [ RunTime:0.000289s ]
[2023-06-12T06:49:49+08:00][sql] SHOW FULL COLUMNS FROM `address` [ RunTime:0.000893s ]
[2023-06-12T06:49:49+08:00][sql] SELECT * FROM `address` WHERE  `id` = 1 LIMIT 1 [ RunTime:0.000247s ]
[2023-06-12T06:49:49+08:00][sql] SELECT * FROM `address` WHERE  `id` = 2 LIMIT 1 [ RunTime:0.000197s ]
[2023-06-12T06:50:21+08:00][sql] CONNECT:[ UseTime:0.000411s ] mysql:host=localhost;port=3316;dbname=coffee;charset=utf8
[2023-06-12T06:50:21+08:00][sql] SHOW FULL COLUMNS FROM `banner` [ RunTime:0.001314s ]
[2023-06-12T06:50:21+08:00][sql] SELECT * FROM `banner` [ RunTime:0.000217s ]
[2023-06-12T06:50:21+08:00][sql] SHOW FULL COLUMNS FROM `information` [ RunTime:0.000923s ]
[2023-06-12T06:50:21+08:00][sql] SELECT * FROM `information` ORDER BY `time` DESC LIMIT 1 [ RunTime:0.000328s ]
[2023-06-12T06:50:21+08:00][sql] SELECT * FROM `information` ORDER BY `time` DESC LIMIT 1,4 [ RunTime:0.000347s ]
[2023-06-12T06:50:21+08:00][sql] SHOW FULL COLUMNS FROM `course` [ RunTime:0.001090s ]
[2023-06-12T06:50:21+08:00][sql] SELECT `id`,`title` FROM `course` ORDER BY `sorting` ASC LIMIT 0,6 [ RunTime:0.000220s ]
[2023-06-12T06:50:21+08:00][sql] SHOW FULL COLUMNS FROM `teacher` [ RunTime:0.000892s ]
[2023-06-12T06:50:21+08:00][sql] SELECT * FROM `teacher` [ RunTime:0.000259s ]
[2023-06-12T06:50:21+08:00][sql] SHOW FULL COLUMNS FROM `address` [ RunTime:0.000912s ]
[2023-06-12T06:50:21+08:00][sql] SELECT * FROM `address` WHERE  `id` = 1 LIMIT 1 [ RunTime:0.000241s ]
[2023-06-12T06:50:21+08:00][sql] SELECT * FROM `address` WHERE  `id` = 2 LIMIT 1 [ RunTime:0.000216s ]
[2023-06-12T07:24:22+08:00][sql] CONNECT:[ UseTime:0.000765s ] mysql:host=localhost;port=3316;dbname=coffee;charset=utf8
[2023-06-12T07:24:22+08:00][sql] SHOW FULL COLUMNS FROM `banner` [ RunTime:0.001832s ]
[2023-06-12T07:24:22+08:00][sql] SELECT * FROM `banner` [ RunTime:0.000356s ]
[2023-06-12T07:24:22+08:00][sql] SHOW FULL COLUMNS FROM `information` [ RunTime:0.001488s ]
[2023-06-12T07:24:22+08:00][sql] SELECT * FROM `information` ORDER BY `time` DESC LIMIT 1 [ RunTime:0.000406s ]
[2023-06-12T07:24:22+08:00][sql] SELECT * FROM `information` ORDER BY `time` DESC LIMIT 1,4 [ RunTime:0.000522s ]
[2023-06-12T07:24:22+08:00][sql] SHOW FULL COLUMNS FROM `course` [ RunTime:0.001313s ]
[2023-06-12T07:24:22+08:00][sql] SELECT `id`,`title` FROM `course` ORDER BY `sorting` ASC LIMIT 0,6 [ RunTime:0.000229s ]
[2023-06-12T07:24:22+08:00][sql] SHOW FULL COLUMNS FROM `teacher` [ RunTime:0.000932s ]
[2023-06-12T07:24:22+08:00][sql] SELECT * FROM `teacher` [ RunTime:0.000244s ]
[2023-06-12T07:24:22+08:00][sql] SHOW FULL COLUMNS FROM `address` [ RunTime:0.000917s ]
[2023-06-12T07:24:22+08:00][sql] SELECT * FROM `address` WHERE  `id` = 1 LIMIT 1 [ RunTime:0.000342s ]
[2023-06-12T07:24:22+08:00][sql] SELECT * FROM `address` WHERE  `id` = 2 LIMIT 1 [ RunTime:0.000220s ]
[2023-06-12T07:30:53+08:00][sql] CONNECT:[ UseTime:0.000458s ] mysql:host=localhost;port=3316;dbname=coffee;charset=utf8
[2023-06-12T07:30:53+08:00][sql] SHOW FULL COLUMNS FROM `banner` [ RunTime:0.001922s ]
[2023-06-12T07:30:53+08:00][sql] SELECT * FROM `banner` [ RunTime:0.000290s ]
[2023-06-12T07:30:53+08:00][sql] SHOW FULL COLUMNS FROM `information` [ RunTime:0.001744s ]
[2023-06-12T07:30:53+08:00][sql] SELECT * FROM `information` ORDER BY `time` DESC LIMIT 1 [ RunTime:0.000433s ]
[2023-06-12T07:30:53+08:00][sql] SELECT * FROM `information` ORDER BY `time` DESC LIMIT 1,4 [ RunTime:0.000461s ]
[2023-06-12T07:30:53+08:00][sql] SHOW FULL COLUMNS FROM `course` [ RunTime:0.001624s ]
[2023-06-12T07:30:53+08:00][sql] SELECT `id`,`title` FROM `course` ORDER BY `sorting` ASC LIMIT 0,6 [ RunTime:0.000274s ]
[2023-06-12T07:30:53+08:00][sql] SHOW FULL COLUMNS FROM `teacher` [ RunTime:0.001116s ]
[2023-06-12T07:30:53+08:00][sql] SELECT * FROM `teacher` [ RunTime:0.000259s ]
[2023-06-12T07:30:53+08:00][sql] SHOW FULL COLUMNS FROM `address` [ RunTime:0.001045s ]
[2023-06-12T07:30:53+08:00][sql] SELECT * FROM `address` WHERE  `id` = 1 LIMIT 1 [ RunTime:0.000270s ]
[2023-06-12T07:30:53+08:00][sql] SELECT * FROM `address` WHERE  `id` = 2 LIMIT 1 [ RunTime:0.000289s ]
[2023-06-12T07:30:53+08:00][sql] CONNECT:[ UseTime:0.000378s ] mysql:host=localhost;port=3316;dbname=coffee;charset=utf8
[2023-06-12T07:30:53+08:00][sql] SHOW FULL COLUMNS FROM `banner` [ RunTime:0.001340s ]
[2023-06-12T07:30:53+08:00][sql] SELECT * FROM `banner` [ RunTime:0.000236s ]
[2023-06-12T07:30:53+08:00][sql] SHOW FULL COLUMNS FROM `information` [ RunTime:0.001016s ]
[2023-06-12T07:30:53+08:00][sql] SELECT * FROM `information` ORDER BY `time` DESC LIMIT 1 [ RunTime:0.000307s ]
[2023-06-12T07:30:53+08:00][sql] SELECT * FROM `information` ORDER BY `time` DESC LIMIT 1,4 [ RunTime:0.000342s ]
[2023-06-12T07:30:53+08:00][sql] SHOW FULL COLUMNS FROM `course` [ RunTime:0.001056s ]
[2023-06-12T07:30:53+08:00][sql] SELECT `id`,`title` FROM `course` ORDER BY `sorting` ASC LIMIT 0,6 [ RunTime:0.000228s ]
[2023-06-12T07:30:53+08:00][sql] SHOW FULL COLUMNS FROM `teacher` [ RunTime:0.001028s ]
[2023-06-12T07:30:53+08:00][sql] SELECT * FROM `teacher` [ RunTime:0.000287s ]
[2023-06-12T07:30:53+08:00][sql] SHOW FULL COLUMNS FROM `address` [ RunTime:0.000915s ]
[2023-06-12T07:30:53+08:00][sql] SELECT * FROM `address` WHERE  `id` = 1 LIMIT 1 [ RunTime:0.000250s ]
[2023-06-12T07:30:53+08:00][sql] SELECT * FROM `address` WHERE  `id` = 2 LIMIT 1 [ RunTime:0.000222s ]
[2023-06-12T07:46:16+08:00][sql] CONNECT:[ UseTime:0.000430s ] mysql:host=localhost;port=3316;dbname=coffee;charset=utf8
[2023-06-12T07:46:16+08:00][sql] SHOW FULL COLUMNS FROM `banner` [ RunTime:0.001295s ]
[2023-06-12T07:46:16+08:00][sql] SELECT * FROM `banner` [ RunTime:0.000214s ]
[2023-06-12T07:46:16+08:00][sql] SHOW FULL COLUMNS FROM `information` [ RunTime:0.000972s ]
[2023-06-12T07:46:16+08:00][sql] SELECT * FROM `information` ORDER BY `time` DESC LIMIT 1 [ RunTime:0.000306s ]
[2023-06-12T07:46:16+08:00][sql] SELECT * FROM `information` ORDER BY `time` DESC LIMIT 1,4 [ RunTime:0.000312s ]
[2023-06-12T07:46:16+08:00][sql] SHOW FULL COLUMNS FROM `course` [ RunTime:0.001105s ]
[2023-06-12T07:46:16+08:00][sql] SELECT `id`,`title` FROM `course` ORDER BY `sorting` ASC LIMIT 0,6 [ RunTime:0.000237s ]
[2023-06-12T07:46:16+08:00][sql] SHOW FULL COLUMNS FROM `teacher` [ RunTime:0.000941s ]
[2023-06-12T07:46:16+08:00][sql] SELECT * FROM `teacher` [ RunTime:0.000241s ]
[2023-06-12T07:46:16+08:00][sql] SHOW FULL COLUMNS FROM `address` [ RunTime:0.000888s ]
[2023-06-12T07:46:16+08:00][sql] SELECT * FROM `address` WHERE  `id` = 1 LIMIT 1 [ RunTime:0.000240s ]
[2023-06-12T07:46:16+08:00][sql] SELECT * FROM `address` WHERE  `id` = 2 LIMIT 1 [ RunTime:0.000221s ]
[2023-06-12T08:31:15+08:00][sql] CONNECT:[ UseTime:0.000465s ] mysql:host=localhost;port=3316;dbname=coffee;charset=utf8
[2023-06-12T08:31:15+08:00][sql] SHOW FULL COLUMNS FROM `banner` [ RunTime:0.001296s ]
[2023-06-12T08:31:15+08:00][sql] SELECT * FROM `banner` [ RunTime:0.000258s ]
[2023-06-12T08:31:15+08:00][sql] SHOW FULL COLUMNS FROM `information` [ RunTime:0.001025s ]
[2023-06-12T08:31:15+08:00][sql] SELECT * FROM `information` ORDER BY `time` DESC LIMIT 1 [ RunTime:0.000389s ]
[2023-06-12T08:31:15+08:00][sql] SELECT * FROM `information` ORDER BY `time` DESC LIMIT 1,4 [ RunTime:0.000391s ]
[2023-06-12T08:31:15+08:00][sql] SHOW FULL COLUMNS FROM `course` [ RunTime:0.001105s ]
[2023-06-12T08:31:15+08:00][sql] SELECT `id`,`title` FROM `course` ORDER BY `sorting` ASC LIMIT 0,6 [ RunTime:0.000251s ]
[2023-06-12T08:31:15+08:00][sql] SHOW FULL COLUMNS FROM `teacher` [ RunTime:0.000917s ]
[2023-06-12T08:31:15+08:00][sql] SELECT * FROM `teacher` [ RunTime:0.000276s ]
[2023-06-12T08:31:15+08:00][sql] SHOW FULL COLUMNS FROM `address` [ RunTime:0.000914s ]
[2023-06-12T08:31:15+08:00][sql] SELECT * FROM `address` WHERE  `id` = 1 LIMIT 1 [ RunTime:0.000281s ]
[2023-06-12T08:31:15+08:00][sql] SELECT * FROM `address` WHERE  `id` = 2 LIMIT 1 [ RunTime:0.000247s ]
[2023-06-12T11:04:08+08:00][sql] CONNECT:[ UseTime:0.000590s ] mysql:host=localhost;port=3316;dbname=coffee;charset=utf8
[2023-06-12T11:04:08+08:00][sql] SHOW FULL COLUMNS FROM `banner` [ RunTime:0.001381s ]
[2023-06-12T11:04:08+08:00][sql] SELECT * FROM `banner` [ RunTime:0.000245s ]
[2023-06-12T11:04:08+08:00][sql] SHOW FULL COLUMNS FROM `information` [ RunTime:0.000966s ]
[2023-06-12T11:04:08+08:00][sql] SELECT * FROM `information` ORDER BY `time` DESC LIMIT 1 [ RunTime:0.000347s ]
[2023-06-12T11:04:08+08:00][sql] SELECT * FROM `information` ORDER BY `time` DESC LIMIT 1,4 [ RunTime:0.000299s ]
[2023-06-12T11:04:08+08:00][sql] SHOW FULL COLUMNS FROM `course` [ RunTime:0.001039s ]
[2023-06-12T11:04:08+08:00][sql] SELECT `id`,`title` FROM `course` ORDER BY `sorting` ASC LIMIT 0,6 [ RunTime:0.000221s ]
[2023-06-12T11:04:08+08:00][sql] SHOW FULL COLUMNS FROM `teacher` [ RunTime:0.000863s ]
[2023-06-12T11:04:08+08:00][sql] SELECT * FROM `teacher` [ RunTime:0.000231s ]
[2023-06-12T11:04:08+08:00][sql] SHOW FULL COLUMNS FROM `address` [ RunTime:0.000844s ]
[2023-06-12T11:04:08+08:00][sql] SELECT * FROM `address` WHERE  `id` = 1 LIMIT 1 [ RunTime:0.000448s ]
[2023-06-12T11:04:08+08:00][sql] SELECT * FROM `address` WHERE  `id` = 2 LIMIT 1 [ RunTime:0.000206s ]
[2023-06-12T11:04:09+08:00][sql] CONNECT:[ UseTime:0.000413s ] mysql:host=localhost;port=3316;dbname=coffee;charset=utf8
[2023-06-12T11:04:09+08:00][sql] SHOW FULL COLUMNS FROM `banner` [ RunTime:0.001393s ]
[2023-06-12T11:04:09+08:00][sql] SELECT * FROM `banner` [ RunTime:0.000285s ]
[2023-06-12T11:04:09+08:00][sql] SHOW FULL COLUMNS FROM `information` [ RunTime:0.001006s ]
[2023-06-12T11:04:09+08:00][sql] SELECT * FROM `information` ORDER BY `time` DESC LIMIT 1 [ RunTime:0.000330s ]
[2023-06-12T11:04:09+08:00][sql] SELECT * FROM `information` ORDER BY `time` DESC LIMIT 1,4 [ RunTime:0.000319s ]
[2023-06-12T11:04:09+08:00][sql] SHOW FULL COLUMNS FROM `course` [ RunTime:0.001074s ]
[2023-06-12T11:04:09+08:00][sql] SELECT `id`,`title` FROM `course` ORDER BY `sorting` ASC LIMIT 0,6 [ RunTime:0.000261s ]
[2023-06-12T11:04:09+08:00][sql] SHOW FULL COLUMNS FROM `teacher` [ RunTime:0.001005s ]
[2023-06-12T11:04:09+08:00][sql] SELECT * FROM `teacher` [ RunTime:0.000227s ]
[2023-06-12T11:04:09+08:00][sql] SHOW FULL COLUMNS FROM `address` [ RunTime:0.000910s ]
[2023-06-12T11:04:09+08:00][sql] SELECT * FROM `address` WHERE  `id` = 1 LIMIT 1 [ RunTime:0.000266s ]
[2023-06-12T11:04:09+08:00][sql] SELECT * FROM `address` WHERE  `id` = 2 LIMIT 1 [ RunTime:0.000266s ]
[2023-06-12T11:08:29+08:00][sql] CONNECT:[ UseTime:0.000430s ] mysql:host=localhost;port=3316;dbname=coffee;charset=utf8
[2023-06-12T11:08:29+08:00][sql] SHOW FULL COLUMNS FROM `banner` [ RunTime:0.001388s ]
[2023-06-12T11:08:29+08:00][sql] SELECT * FROM `banner` [ RunTime:0.000228s ]
[2023-06-12T11:08:29+08:00][sql] SHOW FULL COLUMNS FROM `information` [ RunTime:0.000991s ]
[2023-06-12T11:08:29+08:00][sql] SELECT * FROM `information` ORDER BY `time` DESC LIMIT 1 [ RunTime:0.000338s ]
[2023-06-12T11:08:29+08:00][sql] SELECT * FROM `information` ORDER BY `time` DESC LIMIT 1,4 [ RunTime:0.000331s ]
[2023-06-12T11:08:29+08:00][sql] SHOW FULL COLUMNS FROM `course` [ RunTime:0.001052s ]
[2023-06-12T11:08:29+08:00][sql] SELECT `id`,`title` FROM `course` ORDER BY `sorting` ASC LIMIT 0,6 [ RunTime:0.000215s ]
[2023-06-12T11:08:29+08:00][sql] SHOW FULL COLUMNS FROM `teacher` [ RunTime:0.000890s ]
[2023-06-12T11:08:29+08:00][sql] SELECT * FROM `teacher` [ RunTime:0.000253s ]
[2023-06-12T11:08:29+08:00][sql] SHOW FULL COLUMNS FROM `address` [ RunTime:0.001020s ]
[2023-06-12T11:08:29+08:00][sql] SELECT * FROM `address` WHERE  `id` = 1 LIMIT 1 [ RunTime:0.000287s ]
[2023-06-12T11:08:29+08:00][sql] SELECT * FROM `address` WHERE  `id` = 2 LIMIT 1 [ RunTime:0.000268s ]
[2023-06-12T11:19:43+08:00][sql] CONNECT:[ UseTime:0.000450s ] mysql:host=localhost;port=3316;dbname=coffee;charset=utf8
[2023-06-12T11:19:43+08:00][sql] SHOW FULL COLUMNS FROM `banner` [ RunTime:0.001408s ]
[2023-06-12T11:19:43+08:00][sql] SELECT * FROM `banner` [ RunTime:0.000293s ]
[2023-06-12T11:19:43+08:00][sql] SHOW FULL COLUMNS FROM `information` [ RunTime:0.001619s ]
[2023-06-12T11:19:43+08:00][sql] SELECT * FROM `information` ORDER BY `time` DESC LIMIT 1 [ RunTime:0.000470s ]
[2023-06-12T11:19:43+08:00][sql] SELECT * FROM `information` ORDER BY `time` DESC LIMIT 1,4 [ RunTime:0.000430s ]
[2023-06-12T11:19:43+08:00][sql] SHOW FULL COLUMNS FROM `course` [ RunTime:0.001554s ]
[2023-06-12T11:19:43+08:00][sql] SELECT `id`,`title` FROM `course` ORDER BY `sorting` ASC LIMIT 0,6 [ RunTime:0.000270s ]
[2023-06-12T11:19:43+08:00][sql] SHOW FULL COLUMNS FROM `teacher` [ RunTime:0.000902s ]
[2023-06-12T11:19:43+08:00][sql] SELECT * FROM `teacher` [ RunTime:0.000234s ]
[2023-06-12T11:19:43+08:00][sql] SHOW FULL COLUMNS FROM `address` [ RunTime:0.000933s ]
[2023-06-12T11:19:43+08:00][sql] SELECT * FROM `address` WHERE  `id` = 1 LIMIT 1 [ RunTime:0.000259s ]
[2023-06-12T11:19:43+08:00][sql] SELECT * FROM `address` WHERE  `id` = 2 LIMIT 1 [ RunTime:0.000207s ]
[2023-06-12T11:45:23+08:00][sql] CONNECT:[ UseTime:0.000451s ] mysql:host=localhost;port=3316;dbname=coffee;charset=utf8
[2023-06-12T11:45:23+08:00][sql] SHOW FULL COLUMNS FROM `banner` [ RunTime:0.001356s ]
[2023-06-12T11:45:23+08:00][sql] SELECT * FROM `banner` [ RunTime:0.000292s ]
[2023-06-12T11:45:23+08:00][sql] SHOW FULL COLUMNS FROM `information` [ RunTime:0.001014s ]
[2023-06-12T11:45:23+08:00][sql] SELECT * FROM `information` ORDER BY `time` DESC LIMIT 1 [ RunTime:0.000358s ]
[2023-06-12T11:45:23+08:00][sql] SELECT * FROM `information` ORDER BY `time` DESC LIMIT 1,4 [ RunTime:0.000374s ]
[2023-06-12T11:45:23+08:00][sql] SHOW FULL COLUMNS FROM `course` [ RunTime:0.001105s ]
[2023-06-12T11:45:23+08:00][sql] SELECT `id`,`title` FROM `course` ORDER BY `sorting` ASC LIMIT 0,6 [ RunTime:0.000254s ]
[2023-06-12T11:45:23+08:00][sql] SHOW FULL COLUMNS FROM `teacher` [ RunTime:0.000921s ]
[2023-06-12T11:45:23+08:00][sql] SELECT * FROM `teacher` [ RunTime:0.000248s ]
[2023-06-12T11:45:23+08:00][sql] SHOW FULL COLUMNS FROM `address` [ RunTime:0.000936s ]
[2023-06-12T11:45:23+08:00][sql] SELECT * FROM `address` WHERE  `id` = 1 LIMIT 1 [ RunTime:0.000307s ]
[2023-06-12T11:45:23+08:00][sql] SELECT * FROM `address` WHERE  `id` = 2 LIMIT 1 [ RunTime:0.000244s ]
[2023-06-12T12:19:50+08:00][sql] CONNECT:[ UseTime:0.000478s ] mysql:host=localhost;port=3316;dbname=coffee;charset=utf8
[2023-06-12T12:19:50+08:00][sql] SHOW FULL COLUMNS FROM `banner` [ RunTime:0.001492s ]
[2023-06-12T12:19:50+08:00][sql] SELECT * FROM `banner` [ RunTime:0.000224s ]
[2023-06-12T12:19:50+08:00][sql] SHOW FULL COLUMNS FROM `information` [ RunTime:0.001143s ]
[2023-06-12T12:19:50+08:00][sql] SELECT * FROM `information` ORDER BY `time` DESC LIMIT 1 [ RunTime:0.000394s ]
[2023-06-12T12:19:50+08:00][sql] SELECT * FROM `information` ORDER BY `time` DESC LIMIT 1,4 [ RunTime:0.000461s ]
[2023-06-12T12:19:50+08:00][sql] SHOW FULL COLUMNS FROM `course` [ RunTime:0.001585s ]
[2023-06-12T12:19:50+08:00][sql] SELECT `id`,`title` FROM `course` ORDER BY `sorting` ASC LIMIT 0,6 [ RunTime:0.000274s ]
[2023-06-12T12:19:50+08:00][sql] SHOW FULL COLUMNS FROM `teacher` [ RunTime:0.000926s ]
[2023-06-12T12:19:50+08:00][sql] SELECT * FROM `teacher` [ RunTime:0.000273s ]
[2023-06-12T12:19:50+08:00][sql] SHOW FULL COLUMNS FROM `address` [ RunTime:0.001001s ]
[2023-06-12T12:19:50+08:00][sql] SELECT * FROM `address` WHERE  `id` = 1 LIMIT 1 [ RunTime:0.000338s ]
[2023-06-12T12:19:50+08:00][sql] SELECT * FROM `address` WHERE  `id` = 2 LIMIT 1 [ RunTime:0.000256s ]
[2023-06-12T12:48:00+08:00][sql] CONNECT:[ UseTime:0.000457s ] mysql:host=localhost;port=3316;dbname=coffee;charset=utf8
[2023-06-12T12:48:00+08:00][sql] SHOW FULL COLUMNS FROM `banner` [ RunTime:0.001380s ]
[2023-06-12T12:48:00+08:00][sql] SELECT * FROM `banner` [ RunTime:0.000219s ]
[2023-06-12T12:48:00+08:00][sql] SHOW FULL COLUMNS FROM `information` [ RunTime:0.000935s ]
[2023-06-12T12:48:00+08:00][sql] SELECT * FROM `information` ORDER BY `time` DESC LIMIT 1 [ RunTime:0.000311s ]
[2023-06-12T12:48:00+08:00][sql] SELECT * FROM `information` ORDER BY `time` DESC LIMIT 1,4 [ RunTime:0.000307s ]
[2023-06-12T12:48:00+08:00][sql] SHOW FULL COLUMNS FROM `course` [ RunTime:0.001150s ]
[2023-06-12T12:48:00+08:00][sql] SELECT `id`,`title` FROM `course` ORDER BY `sorting` ASC LIMIT 0,6 [ RunTime:0.000259s ]
[2023-06-12T12:48:00+08:00][sql] SHOW FULL COLUMNS FROM `teacher` [ RunTime:0.000816s ]
[2023-06-12T12:48:00+08:00][sql] SELECT * FROM `teacher` [ RunTime:0.000226s ]
[2023-06-12T12:48:00+08:00][sql] SHOW FULL COLUMNS FROM `address` [ RunTime:0.000889s ]
[2023-06-12T12:48:00+08:00][sql] SELECT * FROM `address` WHERE  `id` = 1 LIMIT 1 [ RunTime:0.000239s ]
[2023-06-12T12:48:00+08:00][sql] SELECT * FROM `address` WHERE  `id` = 2 LIMIT 1 [ RunTime:0.000186s ]
[2023-06-12T12:56:47+08:00][sql] CONNECT:[ UseTime:0.000419s ] mysql:host=localhost;port=3316;dbname=coffee;charset=utf8
[2023-06-12T12:56:47+08:00][sql] SHOW FULL COLUMNS FROM `banner` [ RunTime:0.001350s ]
[2023-06-12T12:56:47+08:00][sql] SELECT * FROM `banner` [ RunTime:0.000288s ]
[2023-06-12T12:56:47+08:00][sql] SHOW FULL COLUMNS FROM `information` [ RunTime:0.001086s ]
[2023-06-12T12:56:47+08:00][sql] SELECT * FROM `information` ORDER BY `time` DESC LIMIT 1 [ RunTime:0.000428s ]
[2023-06-12T12:56:47+08:00][sql] SELECT * FROM `information` ORDER BY `time` DESC LIMIT 1,4 [ RunTime:0.000333s ]
[2023-06-12T12:56:47+08:00][sql] SHOW FULL COLUMNS FROM `course` [ RunTime:0.001069s ]
[2023-06-12T12:56:47+08:00][sql] SELECT `id`,`title` FROM `course` ORDER BY `sorting` ASC LIMIT 0,6 [ RunTime:0.000247s ]
[2023-06-12T12:56:47+08:00][sql] SHOW FULL COLUMNS FROM `teacher` [ RunTime:0.000941s ]
[2023-06-12T12:56:47+08:00][sql] SELECT * FROM `teacher` [ RunTime:0.000272s ]
[2023-06-12T12:56:47+08:00][sql] SHOW FULL COLUMNS FROM `address` [ RunTime:0.001241s ]
[2023-06-12T12:56:47+08:00][sql] SELECT * FROM `address` WHERE  `id` = 1 LIMIT 1 [ RunTime:0.000356s ]
[2023-06-12T12:56:47+08:00][sql] SELECT * FROM `address` WHERE  `id` = 2 LIMIT 1 [ RunTime:0.000268s ]
[2023-06-12T13:15:55+08:00][sql] CONNECT:[ UseTime:0.000400s ] mysql:host=localhost;port=3316;dbname=coffee;charset=utf8
[2023-06-12T13:15:55+08:00][sql] SHOW FULL COLUMNS FROM `banner` [ RunTime:0.001338s ]
[2023-06-12T13:15:55+08:00][sql] SELECT * FROM `banner` [ RunTime:0.000250s ]
[2023-06-12T13:15:55+08:00][sql] SHOW FULL COLUMNS FROM `information` [ RunTime:0.000989s ]
[2023-06-12T13:15:55+08:00][sql] SELECT * FROM `information` ORDER BY `time` DESC LIMIT 1 [ RunTime:0.000314s ]
[2023-06-12T13:15:55+08:00][sql] SELECT * FROM `information` ORDER BY `time` DESC LIMIT 1,4 [ RunTime:0.000371s ]
[2023-06-12T13:15:55+08:00][sql] SHOW FULL COLUMNS FROM `course` [ RunTime:0.001057s ]
[2023-06-12T13:15:55+08:00][sql] SELECT `id`,`title` FROM `course` ORDER BY `sorting` ASC LIMIT 0,6 [ RunTime:0.000285s ]
[2023-06-12T13:15:55+08:00][sql] SHOW FULL COLUMNS FROM `teacher` [ RunTime:0.000938s ]
[2023-06-12T13:15:55+08:00][sql] SELECT * FROM `teacher` [ RunTime:0.000235s ]
[2023-06-12T13:15:55+08:00][sql] SHOW FULL COLUMNS FROM `address` [ RunTime:0.000865s ]
[2023-06-12T13:15:55+08:00][sql] SELECT * FROM `address` WHERE  `id` = 1 LIMIT 1 [ RunTime:0.000248s ]
[2023-06-12T13:15:55+08:00][sql] SELECT * FROM `address` WHERE  `id` = 2 LIMIT 1 [ RunTime:0.000213s ]
[2023-06-12T13:22:55+08:00][sql] CONNECT:[ UseTime:0.000458s ] mysql:host=localhost;port=3316;dbname=coffee;charset=utf8
[2023-06-12T13:22:55+08:00][sql] SHOW FULL COLUMNS FROM `banner` [ RunTime:0.001407s ]
[2023-06-12T13:22:55+08:00][sql] SELECT * FROM `banner` [ RunTime:0.000224s ]
[2023-06-12T13:22:55+08:00][sql] SHOW FULL COLUMNS FROM `information` [ RunTime:0.001277s ]
[2023-06-12T13:22:55+08:00][sql] SELECT * FROM `information` ORDER BY `time` DESC LIMIT 1 [ RunTime:0.000330s ]
[2023-06-12T13:22:55+08:00][sql] SELECT * FROM `information` ORDER BY `time` DESC LIMIT 1,4 [ RunTime:0.000509s ]
[2023-06-12T13:22:55+08:00][sql] SHOW FULL COLUMNS FROM `course` [ RunTime:0.001090s ]
[2023-06-12T13:22:55+08:00][sql] SELECT `id`,`title` FROM `course` ORDER BY `sorting` ASC LIMIT 0,6 [ RunTime:0.000256s ]
[2023-06-12T13:22:55+08:00][sql] SHOW FULL COLUMNS FROM `teacher` [ RunTime:0.001160s ]
[2023-06-12T13:22:55+08:00][sql] SELECT * FROM `teacher` [ RunTime:0.000330s ]
[2023-06-12T13:22:55+08:00][sql] SHOW FULL COLUMNS FROM `address` [ RunTime:0.001014s ]
[2023-06-12T13:22:55+08:00][sql] SELECT * FROM `address` WHERE  `id` = 1 LIMIT 1 [ RunTime:0.000429s ]
[2023-06-12T13:22:55+08:00][sql] SELECT * FROM `address` WHERE  `id` = 2 LIMIT 1 [ RunTime:0.000317s ]
[2023-06-12T13:34:35+08:00][sql] CONNECT:[ UseTime:0.000388s ] mysql:host=localhost;port=3316;dbname=coffee;charset=utf8
[2023-06-12T13:34:35+08:00][sql] SHOW FULL COLUMNS FROM `banner` [ RunTime:0.001341s ]
[2023-06-12T13:34:35+08:00][sql] SELECT * FROM `banner` [ RunTime:0.000222s ]
[2023-06-12T13:34:35+08:00][sql] SHOW FULL COLUMNS FROM `information` [ RunTime:0.000961s ]
[2023-06-12T13:34:35+08:00][sql] SELECT * FROM `information` ORDER BY `time` DESC LIMIT 1 [ RunTime:0.000296s ]
[2023-06-12T13:34:35+08:00][sql] SELECT * FROM `information` ORDER BY `time` DESC LIMIT 1,4 [ RunTime:0.000376s ]
[2023-06-12T13:34:35+08:00][sql] SHOW FULL COLUMNS FROM `course` [ RunTime:0.001088s ]
[2023-06-12T13:34:35+08:00][sql] SELECT `id`,`title` FROM `course` ORDER BY `sorting` ASC LIMIT 0,6 [ RunTime:0.000230s ]
[2023-06-12T13:34:35+08:00][sql] SHOW FULL COLUMNS FROM `teacher` [ RunTime:0.000944s ]
[2023-06-12T13:34:35+08:00][sql] SELECT * FROM `teacher` [ RunTime:0.000242s ]
[2023-06-12T13:34:35+08:00][sql] SHOW FULL COLUMNS FROM `address` [ RunTime:0.000898s ]
[2023-06-12T13:34:35+08:00][sql] SELECT * FROM `address` WHERE  `id` = 1 LIMIT 1 [ RunTime:0.000256s ]
[2023-06-12T13:34:35+08:00][sql] SELECT * FROM `address` WHERE  `id` = 2 LIMIT 1 [ RunTime:0.000210s ]
[2023-06-12T13:51:30+08:00][sql] CONNECT:[ UseTime:0.000485s ] mysql:host=localhost;port=3316;dbname=coffee;charset=utf8
[2023-06-12T13:51:30+08:00][sql] SHOW FULL COLUMNS FROM `banner` [ RunTime:0.001395s ]
[2023-06-12T13:51:30+08:00][sql] SELECT * FROM `banner` [ RunTime:0.000254s ]
[2023-06-12T13:51:30+08:00][sql] SHOW FULL COLUMNS FROM `information` [ RunTime:0.001086s ]
[2023-06-12T13:51:30+08:00][sql] SELECT * FROM `information` ORDER BY `time` DESC LIMIT 1 [ RunTime:0.000392s ]
[2023-06-12T13:51:30+08:00][sql] SELECT * FROM `information` ORDER BY `time` DESC LIMIT 1,4 [ RunTime:0.000390s ]
[2023-06-12T13:51:30+08:00][sql] SHOW FULL COLUMNS FROM `course` [ RunTime:0.001142s ]
[2023-06-12T13:51:30+08:00][sql] SELECT `id`,`title` FROM `course` ORDER BY `sorting` ASC LIMIT 0,6 [ RunTime:0.000264s ]
[2023-06-12T13:51:30+08:00][sql] SHOW FULL COLUMNS FROM `teacher` [ RunTime:0.000935s ]
[2023-06-12T13:51:30+08:00][sql] SELECT * FROM `teacher` [ RunTime:0.000271s ]
[2023-06-12T13:51:30+08:00][sql] SHOW FULL COLUMNS FROM `address` [ RunTime:0.000938s ]
[2023-06-12T13:51:30+08:00][sql] SELECT * FROM `address` WHERE  `id` = 1 LIMIT 1 [ RunTime:0.000307s ]
[2023-06-12T13:51:30+08:00][sql] SELECT * FROM `address` WHERE  `id` = 2 LIMIT 1 [ RunTime:0.000245s ]
[2023-06-12T14:14:20+08:00][sql] CONNECT:[ UseTime:0.000396s ] mysql:host=localhost;port=3316;dbname=coffee;charset=utf8
[2023-06-12T14:14:20+08:00][sql] SHOW FULL COLUMNS FROM `banner` [ RunTime:0.001339s ]
[2023-06-12T14:14:20+08:00][sql] SELECT * FROM `banner` [ RunTime:0.000241s ]
[2023-06-12T14:14:20+08:00][sql] SHOW FULL COLUMNS FROM `information` [ RunTime:0.001012s ]
[2023-06-12T14:14:20+08:00][sql] SELECT * FROM `information` ORDER BY `time` DESC LIMIT 1 [ RunTime:0.000306s ]
[2023-06-12T14:14:20+08:00][sql] SELECT * FROM `information` ORDER BY `time` DESC LIMIT 1,4 [ RunTime:0.000350s ]
[2023-06-12T14:14:20+08:00][sql] SHOW FULL COLUMNS FROM `course` [ RunTime:0.001066s ]
[2023-06-12T14:14:20+08:00][sql] SELECT `id`,`title` FROM `course` ORDER BY `sorting` ASC LIMIT 0,6 [ RunTime:0.000228s ]
[2023-06-12T14:14:20+08:00][sql] SHOW FULL COLUMNS FROM `teacher` [ RunTime:0.000874s ]
[2023-06-12T14:14:20+08:00][sql] SELECT * FROM `teacher` [ RunTime:0.000222s ]
[2023-06-12T14:14:20+08:00][sql] SHOW FULL COLUMNS FROM `address` [ RunTime:0.000879s ]
[2023-06-12T14:14:20+08:00][sql] SELECT * FROM `address` WHERE  `id` = 1 LIMIT 1 [ RunTime:0.000281s ]
[2023-06-12T14:14:20+08:00][sql] SELECT * FROM `address` WHERE  `id` = 2 LIMIT 1 [ RunTime:0.000211s ]
[2023-06-12T15:01:28+08:00][sql] CONNECT:[ UseTime:0.000400s ] mysql:host=localhost;port=3316;dbname=coffee;charset=utf8
[2023-06-12T15:01:28+08:00][sql] SHOW FULL COLUMNS FROM `banner` [ RunTime:0.001387s ]
[2023-06-12T15:01:28+08:00][sql] SELECT * FROM `banner` [ RunTime:0.000216s ]
[2023-06-12T15:01:28+08:00][sql] SHOW FULL COLUMNS FROM `information` [ RunTime:0.000952s ]
[2023-06-12T15:01:28+08:00][sql] SELECT * FROM `information` ORDER BY `time` DESC LIMIT 1 [ RunTime:0.000327s ]
[2023-06-12T15:01:28+08:00][sql] SELECT * FROM `information` ORDER BY `time` DESC LIMIT 1,4 [ RunTime:0.000327s ]
[2023-06-12T15:01:28+08:00][sql] SHOW FULL COLUMNS FROM `course` [ RunTime:0.001067s ]
[2023-06-12T15:01:28+08:00][sql] SELECT `id`,`title` FROM `course` ORDER BY `sorting` ASC LIMIT 0,6 [ RunTime:0.000233s ]
[2023-06-12T15:01:28+08:00][sql] SHOW FULL COLUMNS FROM `teacher` [ RunTime:0.001106s ]
[2023-06-12T15:01:28+08:00][sql] SELECT * FROM `teacher` [ RunTime:0.000310s ]
[2023-06-12T15:01:28+08:00][sql] SHOW FULL COLUMNS FROM `address` [ RunTime:0.001159s ]
[2023-06-12T15:01:28+08:00][sql] SELECT * FROM `address` WHERE  `id` = 1 LIMIT 1 [ RunTime:0.000302s ]
[2023-06-12T15:01:28+08:00][sql] SELECT * FROM `address` WHERE  `id` = 2 LIMIT 1 [ RunTime:0.000242s ]
[2023-06-12T15:25:28+08:00][sql] CONNECT:[ UseTime:0.000423s ] mysql:host=localhost;port=3316;dbname=coffee;charset=utf8
[2023-06-12T15:25:28+08:00][sql] SHOW FULL COLUMNS FROM `banner` [ RunTime:0.001332s ]
[2023-06-12T15:25:28+08:00][sql] SELECT * FROM `banner` [ RunTime:0.000254s ]
[2023-06-12T15:25:28+08:00][sql] SHOW FULL COLUMNS FROM `information` [ RunTime:0.000974s ]
[2023-06-12T15:25:28+08:00][sql] SELECT * FROM `information` ORDER BY `time` DESC LIMIT 1 [ RunTime:0.000310s ]
[2023-06-12T15:25:28+08:00][sql] SELECT * FROM `information` ORDER BY `time` DESC LIMIT 1,4 [ RunTime:0.000309s ]
[2023-06-12T15:25:28+08:00][sql] SHOW FULL COLUMNS FROM `course` [ RunTime:0.001175s ]
[2023-06-12T15:25:28+08:00][sql] SELECT `id`,`title` FROM `course` ORDER BY `sorting` ASC LIMIT 0,6 [ RunTime:0.000243s ]
[2023-06-12T15:25:28+08:00][sql] SHOW FULL COLUMNS FROM `teacher` [ RunTime:0.000858s ]
[2023-06-12T15:25:28+08:00][sql] SELECT * FROM `teacher` [ RunTime:0.000223s ]
[2023-06-12T15:25:28+08:00][sql] SHOW FULL COLUMNS FROM `address` [ RunTime:0.000887s ]
[2023-06-12T15:25:28+08:00][sql] SELECT * FROM `address` WHERE  `id` = 1 LIMIT 1 [ RunTime:0.000236s ]
[2023-06-12T15:25:28+08:00][sql] SELECT * FROM `address` WHERE  `id` = 2 LIMIT 1 [ RunTime:0.000209s ]
[2023-06-12T15:32:23+08:00][sql] CONNECT:[ UseTime:0.000414s ] mysql:host=localhost;port=3316;dbname=coffee;charset=utf8
[2023-06-12T15:32:23+08:00][sql] SHOW FULL COLUMNS FROM `banner` [ RunTime:0.001279s ]
[2023-06-12T15:32:23+08:00][sql] SELECT * FROM `banner` [ RunTime:0.000214s ]
[2023-06-12T15:32:23+08:00][sql] SHOW FULL COLUMNS FROM `information` [ RunTime:0.001006s ]
[2023-06-12T15:32:23+08:00][sql] SELECT * FROM `information` ORDER BY `time` DESC LIMIT 1 [ RunTime:0.000340s ]
[2023-06-12T15:32:23+08:00][sql] SELECT * FROM `information` ORDER BY `time` DESC LIMIT 1,4 [ RunTime:0.000318s ]
[2023-06-12T15:32:23+08:00][sql] SHOW FULL COLUMNS FROM `course` [ RunTime:0.001111s ]
[2023-06-12T15:32:23+08:00][sql] SELECT `id`,`title` FROM `course` ORDER BY `sorting` ASC LIMIT 0,6 [ RunTime:0.000251s ]
[2023-06-12T15:32:23+08:00][sql] SHOW FULL COLUMNS FROM `teacher` [ RunTime:0.000940s ]
[2023-06-12T15:32:23+08:00][sql] SELECT * FROM `teacher` [ RunTime:0.000229s ]
[2023-06-12T15:32:23+08:00][sql] SHOW FULL COLUMNS FROM `address` [ RunTime:0.000903s ]
[2023-06-12T15:32:23+08:00][sql] SELECT * FROM `address` WHERE  `id` = 1 LIMIT 1 [ RunTime:0.000286s ]
[2023-06-12T15:32:23+08:00][sql] SELECT * FROM `address` WHERE  `id` = 2 LIMIT 1 [ RunTime:0.000234s ]
[2023-06-12T15:43:11+08:00][sql] CONNECT:[ UseTime:0.000400s ] mysql:host=localhost;port=3316;dbname=coffee;charset=utf8
[2023-06-12T15:43:11+08:00][sql] SHOW FULL COLUMNS FROM `banner` [ RunTime:0.001621s ]
[2023-06-12T15:43:11+08:00][sql] SELECT * FROM `banner` [ RunTime:0.000213s ]
[2023-06-12T15:43:11+08:00][sql] SHOW FULL COLUMNS FROM `information` [ RunTime:0.001215s ]
[2023-06-12T15:43:11+08:00][sql] SELECT * FROM `information` ORDER BY `time` DESC LIMIT 1 [ RunTime:0.000373s ]
[2023-06-12T15:43:11+08:00][sql] SELECT * FROM `information` ORDER BY `time` DESC LIMIT 1,4 [ RunTime:0.000357s ]
[2023-06-12T15:43:11+08:00][sql] SHOW FULL COLUMNS FROM `course` [ RunTime:0.001466s ]
[2023-06-12T15:43:11+08:00][sql] SELECT `id`,`title` FROM `course` ORDER BY `sorting` ASC LIMIT 0,6 [ RunTime:0.000257s ]
[2023-06-12T15:43:11+08:00][sql] SHOW FULL COLUMNS FROM `teacher` [ RunTime:0.000961s ]
[2023-06-12T15:43:11+08:00][sql] SELECT * FROM `teacher` [ RunTime:0.000269s ]
[2023-06-12T15:43:11+08:00][sql] SHOW FULL COLUMNS FROM `address` [ RunTime:0.000949s ]
[2023-06-12T15:43:11+08:00][sql] SELECT * FROM `address` WHERE  `id` = 1 LIMIT 1 [ RunTime:0.000278s ]
[2023-06-12T15:43:11+08:00][sql] SELECT * FROM `address` WHERE  `id` = 2 LIMIT 1 [ RunTime:0.000200s ]
[2023-06-12T17:25:13+08:00][sql] CONNECT:[ UseTime:0.000442s ] mysql:host=localhost;port=3316;dbname=coffee;charset=utf8
[2023-06-12T17:25:13+08:00][sql] SHOW FULL COLUMNS FROM `banner` [ RunTime:0.001332s ]
[2023-06-12T17:25:13+08:00][sql] SELECT * FROM `banner` [ RunTime:0.000369s ]
[2023-06-12T17:25:13+08:00][sql] SHOW FULL COLUMNS FROM `information` [ RunTime:0.000999s ]
[2023-06-12T17:25:13+08:00][sql] SELECT * FROM `information` ORDER BY `time` DESC LIMIT 1 [ RunTime:0.000365s ]
[2023-06-12T17:25:13+08:00][sql] SELECT * FROM `information` ORDER BY `time` DESC LIMIT 1,4 [ RunTime:0.000352s ]
[2023-06-12T17:25:13+08:00][sql] SHOW FULL COLUMNS FROM `course` [ RunTime:0.001057s ]
[2023-06-12T17:25:13+08:00][sql] SELECT `id`,`title` FROM `course` ORDER BY `sorting` ASC LIMIT 0,6 [ RunTime:0.000258s ]
[2023-06-12T17:25:13+08:00][sql] SHOW FULL COLUMNS FROM `teacher` [ RunTime:0.000881s ]
[2023-06-12T17:25:13+08:00][sql] SELECT * FROM `teacher` [ RunTime:0.000231s ]
[2023-06-12T17:25:13+08:00][sql] SHOW FULL COLUMNS FROM `address` [ RunTime:0.000916s ]
[2023-06-12T17:25:13+08:00][sql] SELECT * FROM `address` WHERE  `id` = 1 LIMIT 1 [ RunTime:0.000233s ]
[2023-06-12T17:25:13+08:00][sql] SELECT * FROM `address` WHERE  `id` = 2 LIMIT 1 [ RunTime:0.000247s ]
[2023-06-12T17:32:39+08:00][sql] CONNECT:[ UseTime:0.000477s ] mysql:host=localhost;port=3316;dbname=coffee;charset=utf8
[2023-06-12T17:32:39+08:00][sql] SHOW FULL COLUMNS FROM `banner` [ RunTime:0.001359s ]
[2023-06-12T17:32:39+08:00][sql] SELECT * FROM `banner` [ RunTime:0.000217s ]
[2023-06-12T17:32:39+08:00][sql] SHOW FULL COLUMNS FROM `information` [ RunTime:0.000955s ]
[2023-06-12T17:32:39+08:00][sql] SELECT * FROM `information` ORDER BY `time` DESC LIMIT 1 [ RunTime:0.000425s ]
[2023-06-12T17:32:39+08:00][sql] SELECT * FROM `information` ORDER BY `time` DESC LIMIT 1,4 [ RunTime:0.000321s ]
[2023-06-12T17:32:39+08:00][sql] SHOW FULL COLUMNS FROM `course` [ RunTime:0.001047s ]
[2023-06-12T17:32:39+08:00][sql] SELECT `id`,`title` FROM `course` ORDER BY `sorting` ASC LIMIT 0,6 [ RunTime:0.000228s ]
[2023-06-12T17:32:39+08:00][sql] SHOW FULL COLUMNS FROM `teacher` [ RunTime:0.000870s ]
[2023-06-12T17:32:39+08:00][sql] SELECT * FROM `teacher` [ RunTime:0.000254s ]
[2023-06-12T17:32:39+08:00][sql] SHOW FULL COLUMNS FROM `address` [ RunTime:0.000901s ]
[2023-06-12T17:32:39+08:00][sql] SELECT * FROM `address` WHERE  `id` = 1 LIMIT 1 [ RunTime:0.000241s ]
[2023-06-12T17:32:39+08:00][sql] SELECT * FROM `address` WHERE  `id` = 2 LIMIT 1 [ RunTime:0.000218s ]
[2023-06-12T17:33:06+08:00][sql] CONNECT:[ UseTime:0.000403s ] mysql:host=localhost;port=3316;dbname=coffee;charset=utf8
[2023-06-12T17:33:06+08:00][sql] SHOW FULL COLUMNS FROM `banner` [ RunTime:0.001367s ]
[2023-06-12T17:33:06+08:00][sql] SELECT * FROM `banner` [ RunTime:0.000267s ]
[2023-06-12T17:33:06+08:00][sql] SHOW FULL COLUMNS FROM `information` [ RunTime:0.000919s ]
[2023-06-12T17:33:06+08:00][sql] SELECT * FROM `information` ORDER BY `time` DESC LIMIT 1 [ RunTime:0.000287s ]
[2023-06-12T17:33:06+08:00][sql] SELECT * FROM `information` ORDER BY `time` DESC LIMIT 1,4 [ RunTime:0.000337s ]
[2023-06-12T17:33:06+08:00][sql] SHOW FULL COLUMNS FROM `course` [ RunTime:0.001052s ]
[2023-06-12T17:33:06+08:00][sql] SELECT `id`,`title` FROM `course` ORDER BY `sorting` ASC LIMIT 0,6 [ RunTime:0.000233s ]
[2023-06-12T17:33:06+08:00][sql] SHOW FULL COLUMNS FROM `teacher` [ RunTime:0.000843s ]
[2023-06-12T17:33:06+08:00][sql] SELECT * FROM `teacher` [ RunTime:0.000216s ]
[2023-06-12T17:33:06+08:00][sql] SHOW FULL COLUMNS FROM `address` [ RunTime:0.000861s ]
[2023-06-12T17:33:06+08:00][sql] SELECT * FROM `address` WHERE  `id` = 1 LIMIT 1 [ RunTime:0.000232s ]
[2023-06-12T17:33:06+08:00][sql] SELECT * FROM `address` WHERE  `id` = 2 LIMIT 1 [ RunTime:0.000231s ]
[2023-06-12T17:55:25+08:00][sql] CONNECT:[ UseTime:0.000420s ] mysql:host=localhost;port=3316;dbname=coffee;charset=utf8
[2023-06-12T17:55:25+08:00][sql] SHOW FULL COLUMNS FROM `banner` [ RunTime:0.001594s ]
[2023-06-12T17:55:25+08:00][sql] SELECT * FROM `banner` [ RunTime:0.000237s ]
[2023-06-12T17:55:25+08:00][sql] SHOW FULL COLUMNS FROM `information` [ RunTime:0.001057s ]
[2023-06-12T17:55:25+08:00][sql] SELECT * FROM `information` ORDER BY `time` DESC LIMIT 1 [ RunTime:0.000330s ]
[2023-06-12T17:55:25+08:00][sql] SELECT * FROM `information` ORDER BY `time` DESC LIMIT 1,4 [ RunTime:0.000330s ]
[2023-06-12T17:55:25+08:00][sql] SHOW FULL COLUMNS FROM `course` [ RunTime:0.001098s ]
[2023-06-12T17:55:25+08:00][sql] SELECT `id`,`title` FROM `course` ORDER BY `sorting` ASC LIMIT 0,6 [ RunTime:0.000251s ]
[2023-06-12T17:55:25+08:00][sql] SHOW FULL COLUMNS FROM `teacher` [ RunTime:0.000932s ]
[2023-06-12T17:55:25+08:00][sql] SELECT * FROM `teacher` [ RunTime:0.000234s ]
[2023-06-12T17:55:25+08:00][sql] SHOW FULL COLUMNS FROM `address` [ RunTime:0.000978s ]
[2023-06-12T17:55:25+08:00][sql] SELECT * FROM `address` WHERE  `id` = 1 LIMIT 1 [ RunTime:0.000279s ]
[2023-06-12T17:55:25+08:00][sql] SELECT * FROM `address` WHERE  `id` = 2 LIMIT 1 [ RunTime:0.000229s ]
[2023-06-12T17:55:26+08:00][sql] CONNECT:[ UseTime:0.000457s ] mysql:host=localhost;port=3316;dbname=coffee;charset=utf8
[2023-06-12T17:55:26+08:00][sql] SHOW FULL COLUMNS FROM `banner` [ RunTime:0.001287s ]
[2023-06-12T17:55:26+08:00][sql] SELECT * FROM `banner` [ RunTime:0.000241s ]
[2023-06-12T17:55:26+08:00][sql] SHOW FULL COLUMNS FROM `information` [ RunTime:0.000974s ]
[2023-06-12T17:55:26+08:00][sql] SELECT * FROM `information` ORDER BY `time` DESC LIMIT 1 [ RunTime:0.000354s ]
[2023-06-12T17:55:26+08:00][sql] SELECT * FROM `information` ORDER BY `time` DESC LIMIT 1,4 [ RunTime:0.000374s ]
[2023-06-12T17:55:26+08:00][sql] SHOW FULL COLUMNS FROM `course` [ RunTime:0.001136s ]
[2023-06-12T17:55:26+08:00][sql] SELECT `id`,`title` FROM `course` ORDER BY `sorting` ASC LIMIT 0,6 [ RunTime:0.000264s ]
[2023-06-12T17:55:26+08:00][sql] SHOW FULL COLUMNS FROM `teacher` [ RunTime:0.000911s ]
[2023-06-12T17:55:26+08:00][sql] SELECT * FROM `teacher` [ RunTime:0.000250s ]
[2023-06-12T17:55:26+08:00][sql] SHOW FULL COLUMNS FROM `address` [ RunTime:0.000904s ]
[2023-06-12T17:55:26+08:00][sql] SELECT * FROM `address` WHERE  `id` = 1 LIMIT 1 [ RunTime:0.000268s ]
[2023-06-12T17:55:26+08:00][sql] SELECT * FROM `address` WHERE  `id` = 2 LIMIT 1 [ RunTime:0.000244s ]
[2023-06-12T17:55:26+08:00][sql] CONNECT:[ UseTime:0.000432s ] mysql:host=localhost;port=3316;dbname=coffee;charset=utf8
[2023-06-12T17:55:26+08:00][sql] SHOW FULL COLUMNS FROM `banner` [ RunTime:0.001343s ]
[2023-06-12T17:55:26+08:00][sql] SELECT * FROM `banner` [ RunTime:0.000217s ]
[2023-06-12T17:55:26+08:00][sql] SHOW FULL COLUMNS FROM `information` [ RunTime:0.001023s ]
[2023-06-12T17:55:26+08:00][sql] SELECT * FROM `information` ORDER BY `time` DESC LIMIT 1 [ RunTime:0.000324s ]
[2023-06-12T17:55:26+08:00][sql] SELECT * FROM `information` ORDER BY `time` DESC LIMIT 1,4 [ RunTime:0.000315s ]
[2023-06-12T17:55:26+08:00][sql] SHOW FULL COLUMNS FROM `course` [ RunTime:0.001078s ]
[2023-06-12T17:55:26+08:00][sql] SELECT `id`,`title` FROM `course` ORDER BY `sorting` ASC LIMIT 0,6 [ RunTime:0.000251s ]
[2023-06-12T17:55:26+08:00][sql] SHOW FULL COLUMNS FROM `teacher` [ RunTime:0.000932s ]
[2023-06-12T17:55:26+08:00][sql] SELECT * FROM `teacher` [ RunTime:0.000252s ]
[2023-06-12T17:55:26+08:00][sql] SHOW FULL COLUMNS FROM `address` [ RunTime:0.000959s ]
[2023-06-12T17:55:26+08:00][sql] SELECT * FROM `address` WHERE  `id` = 1 LIMIT 1 [ RunTime:0.000267s ]
[2023-06-12T17:55:26+08:00][sql] SELECT * FROM `address` WHERE  `id` = 2 LIMIT 1 [ RunTime:0.000227s ]
[2023-06-12T19:16:49+08:00][sql] CONNECT:[ UseTime:0.000434s ] mysql:host=localhost;port=3316;dbname=coffee;charset=utf8
[2023-06-12T19:16:49+08:00][sql] SHOW FULL COLUMNS FROM `banner` [ RunTime:0.001315s ]
[2023-06-12T19:16:49+08:00][sql] SELECT * FROM `banner` [ RunTime:0.000244s ]
[2023-06-12T19:16:49+08:00][sql] SHOW FULL COLUMNS FROM `information` [ RunTime:0.000941s ]
[2023-06-12T19:16:49+08:00][sql] SELECT * FROM `information` ORDER BY `time` DESC LIMIT 1 [ RunTime:0.000320s ]
[2023-06-12T19:16:49+08:00][sql] SELECT * FROM `information` ORDER BY `time` DESC LIMIT 1,4 [ RunTime:0.000306s ]
[2023-06-12T19:16:49+08:00][sql] SHOW FULL COLUMNS FROM `course` [ RunTime:0.001043s ]
[2023-06-12T19:16:49+08:00][sql] SELECT `id`,`title` FROM `course` ORDER BY `sorting` ASC LIMIT 0,6 [ RunTime:0.000258s ]
[2023-06-12T19:16:49+08:00][sql] SHOW FULL COLUMNS FROM `teacher` [ RunTime:0.000896s ]
[2023-06-12T19:16:49+08:00][sql] SELECT * FROM `teacher` [ RunTime:0.000239s ]
[2023-06-12T19:16:49+08:00][sql] SHOW FULL COLUMNS FROM `address` [ RunTime:0.000954s ]
[2023-06-12T19:16:49+08:00][sql] SELECT * FROM `address` WHERE  `id` = 1 LIMIT 1 [ RunTime:0.000251s ]
[2023-06-12T19:16:49+08:00][sql] SELECT * FROM `address` WHERE  `id` = 2 LIMIT 1 [ RunTime:0.000202s ]
[2023-06-12T19:16:50+08:00][sql] CONNECT:[ UseTime:0.000439s ] mysql:host=localhost;port=3316;dbname=coffee;charset=utf8
[2023-06-12T19:16:50+08:00][sql] SHOW FULL COLUMNS FROM `banner` [ RunTime:0.001698s ]
[2023-06-12T19:16:50+08:00][sql] SELECT * FROM `banner` [ RunTime:0.000233s ]
[2023-06-12T19:16:50+08:00][sql] SHOW FULL COLUMNS FROM `information` [ RunTime:0.001235s ]
[2023-06-12T19:16:50+08:00][sql] SELECT * FROM `information` ORDER BY `time` DESC LIMIT 1 [ RunTime:0.000345s ]
[2023-06-12T19:16:50+08:00][sql] SELECT * FROM `information` ORDER BY `time` DESC LIMIT 1,4 [ RunTime:0.000466s ]
[2023-06-12T19:16:50+08:00][sql] SHOW FULL COLUMNS FROM `course` [ RunTime:0.001214s ]
[2023-06-12T19:16:50+08:00][sql] SELECT `id`,`title` FROM `course` ORDER BY `sorting` ASC LIMIT 0,6 [ RunTime:0.000244s ]
[2023-06-12T19:16:50+08:00][sql] SHOW FULL COLUMNS FROM `teacher` [ RunTime:0.000967s ]
[2023-06-12T19:16:50+08:00][sql] SELECT * FROM `teacher` [ RunTime:0.000292s ]
[2023-06-12T19:16:50+08:00][sql] SHOW FULL COLUMNS FROM `address` [ RunTime:0.000999s ]
[2023-06-12T19:16:50+08:00][sql] SELECT * FROM `address` WHERE  `id` = 1 LIMIT 1 [ RunTime:0.000309s ]
[2023-06-12T19:16:50+08:00][sql] SELECT * FROM `address` WHERE  `id` = 2 LIMIT 1 [ RunTime:0.000276s ]
[2023-06-12T20:25:34+08:00][sql] CONNECT:[ UseTime:0.000454s ] mysql:host=localhost;port=3316;dbname=coffee;charset=utf8
[2023-06-12T20:25:34+08:00][sql] SHOW FULL COLUMNS FROM `banner` [ RunTime:0.001584s ]
[2023-06-12T20:25:34+08:00][sql] SELECT * FROM `banner` [ RunTime:0.000219s ]
[2023-06-12T20:25:34+08:00][sql] SHOW FULL COLUMNS FROM `information` [ RunTime:0.000952s ]
[2023-06-12T20:25:34+08:00][sql] SELECT * FROM `information` ORDER BY `time` DESC LIMIT 1 [ RunTime:0.000332s ]
[2023-06-12T20:25:34+08:00][sql] SELECT * FROM `information` ORDER BY `time` DESC LIMIT 1,4 [ RunTime:0.000312s ]
[2023-06-12T20:25:34+08:00][sql] SHOW FULL COLUMNS FROM `course` [ RunTime:0.001084s ]
[2023-06-12T20:25:34+08:00][sql] SELECT `id`,`title` FROM `course` ORDER BY `sorting` ASC LIMIT 0,6 [ RunTime:0.000228s ]
[2023-06-12T20:25:34+08:00][sql] SHOW FULL COLUMNS FROM `teacher` [ RunTime:0.000883s ]
[2023-06-12T20:25:34+08:00][sql] SELECT * FROM `teacher` [ RunTime:0.000226s ]
[2023-06-12T20:25:34+08:00][sql] SHOW FULL COLUMNS FROM `address` [ RunTime:0.000896s ]
[2023-06-12T20:25:34+08:00][sql] SELECT * FROM `address` WHERE  `id` = 1 LIMIT 1 [ RunTime:0.000251s ]
[2023-06-12T20:25:34+08:00][sql] SELECT * FROM `address` WHERE  `id` = 2 LIMIT 1 [ RunTime:0.000200s ]
[2023-06-12T21:09:01+08:00][sql] CONNECT:[ UseTime:0.000454s ] mysql:host=localhost;port=3316;dbname=coffee;charset=utf8
[2023-06-12T21:09:01+08:00][sql] SHOW FULL COLUMNS FROM `banner` [ RunTime:0.001447s ]
[2023-06-12T21:09:01+08:00][sql] SELECT * FROM `banner` [ RunTime:0.000270s ]
[2023-06-12T21:09:01+08:00][sql] SHOW FULL COLUMNS FROM `information` [ RunTime:0.001118s ]
[2023-06-12T21:09:01+08:00][sql] SELECT * FROM `information` ORDER BY `time` DESC LIMIT 1 [ RunTime:0.000363s ]
[2023-06-12T21:09:01+08:00][sql] SELECT * FROM `information` ORDER BY `time` DESC LIMIT 1,4 [ RunTime:0.000378s ]
[2023-06-12T21:09:01+08:00][sql] SHOW FULL COLUMNS FROM `course` [ RunTime:0.001209s ]
[2023-06-12T21:09:01+08:00][sql] SELECT `id`,`title` FROM `course` ORDER BY `sorting` ASC LIMIT 0,6 [ RunTime:0.000271s ]
[2023-06-12T21:09:01+08:00][sql] SHOW FULL COLUMNS FROM `teacher` [ RunTime:0.001104s ]
[2023-06-12T21:09:01+08:00][sql] SELECT * FROM `teacher` [ RunTime:0.000315s ]
[2023-06-12T21:09:01+08:00][sql] SHOW FULL COLUMNS FROM `address` [ RunTime:0.000999s ]
[2023-06-12T21:09:01+08:00][sql] SELECT * FROM `address` WHERE  `id` = 1 LIMIT 1 [ RunTime:0.000280s ]
[2023-06-12T21:09:01+08:00][sql] SELECT * FROM `address` WHERE  `id` = 2 LIMIT 1 [ RunTime:0.000239s ]
[2023-06-12T21:15:01+08:00][sql] CONNECT:[ UseTime:0.000482s ] mysql:host=localhost;port=3316;dbname=coffee;charset=utf8
[2023-06-12T21:15:01+08:00][sql] SHOW FULL COLUMNS FROM `banner` [ RunTime:0.001444s ]
[2023-06-12T21:15:01+08:00][sql] SELECT * FROM `banner` [ RunTime:0.000239s ]
[2023-06-12T21:15:01+08:00][sql] SHOW FULL COLUMNS FROM `information` [ RunTime:0.001042s ]
[2023-06-12T21:15:01+08:00][sql] SELECT * FROM `information` ORDER BY `time` DESC LIMIT 1 [ RunTime:0.000310s ]
[2023-06-12T21:15:01+08:00][sql] SELECT * FROM `information` ORDER BY `time` DESC LIMIT 1,4 [ RunTime:0.000363s ]
[2023-06-12T21:15:01+08:00][sql] SHOW FULL COLUMNS FROM `course` [ RunTime:0.001124s ]
[2023-06-12T21:15:01+08:00][sql] SELECT `id`,`title` FROM `course` ORDER BY `sorting` ASC LIMIT 0,6 [ RunTime:0.000248s ]
[2023-06-12T21:15:01+08:00][sql] SHOW FULL COLUMNS FROM `teacher` [ RunTime:0.000920s ]
[2023-06-12T21:15:01+08:00][sql] SELECT * FROM `teacher` [ RunTime:0.000222s ]
[2023-06-12T21:15:01+08:00][sql] SHOW FULL COLUMNS FROM `address` [ RunTime:0.000922s ]
[2023-06-12T21:15:01+08:00][sql] SELECT * FROM `address` WHERE  `id` = 1 LIMIT 1 [ RunTime:0.000265s ]
[2023-06-12T21:15:01+08:00][sql] SELECT * FROM `address` WHERE  `id` = 2 LIMIT 1 [ RunTime:0.000220s ]
[2023-06-12T21:30:23+08:00][sql] CONNECT:[ UseTime:0.000497s ] mysql:host=localhost;port=3316;dbname=coffee;charset=utf8
[2023-06-12T21:30:23+08:00][sql] SHOW FULL COLUMNS FROM `banner` [ RunTime:0.001442s ]
[2023-06-12T21:30:23+08:00][sql] SELECT * FROM `banner` [ RunTime:0.000240s ]
[2023-06-12T21:30:23+08:00][sql] SHOW FULL COLUMNS FROM `information` [ RunTime:0.000978s ]
[2023-06-12T21:30:23+08:00][sql] SELECT * FROM `information` ORDER BY `time` DESC LIMIT 1 [ RunTime:0.000329s ]
[2023-06-12T21:30:23+08:00][sql] SELECT * FROM `information` ORDER BY `time` DESC LIMIT 1,4 [ RunTime:0.000311s ]
[2023-06-12T21:30:23+08:00][sql] SHOW FULL COLUMNS FROM `course` [ RunTime:0.001064s ]
[2023-06-12T21:30:23+08:00][sql] SELECT `id`,`title` FROM `course` ORDER BY `sorting` ASC LIMIT 0,6 [ RunTime:0.000232s ]
[2023-06-12T21:30:23+08:00][sql] SHOW FULL COLUMNS FROM `teacher` [ RunTime:0.001021s ]
[2023-06-12T21:30:23+08:00][sql] SELECT * FROM `teacher` [ RunTime:0.000221s ]
[2023-06-12T21:30:23+08:00][sql] SHOW FULL COLUMNS FROM `address` [ RunTime:0.001216s ]
[2023-06-12T21:30:23+08:00][sql] SELECT * FROM `address` WHERE  `id` = 1 LIMIT 1 [ RunTime:0.000317s ]
[2023-06-12T21:30:23+08:00][sql] SELECT * FROM `address` WHERE  `id` = 2 LIMIT 1 [ RunTime:0.000285s ]
[2023-06-12T21:49:25+08:00][sql] CONNECT:[ UseTime:0.000437s ] mysql:host=localhost;port=3316;dbname=coffee;charset=utf8
[2023-06-12T21:49:25+08:00][sql] SHOW FULL COLUMNS FROM `banner` [ RunTime:0.001413s ]
[2023-06-12T21:49:25+08:00][sql] SELECT * FROM `banner` [ RunTime:0.000248s ]
[2023-06-12T21:49:25+08:00][sql] SHOW FULL COLUMNS FROM `information` [ RunTime:0.001039s ]
[2023-06-12T21:49:25+08:00][sql] SELECT * FROM `information` ORDER BY `time` DESC LIMIT 1 [ RunTime:0.000359s ]
[2023-06-12T21:49:25+08:00][sql] SELECT * FROM `information` ORDER BY `time` DESC LIMIT 1,4 [ RunTime:0.000327s ]
[2023-06-12T21:49:25+08:00][sql] SHOW FULL COLUMNS FROM `course` [ RunTime:0.001174s ]
[2023-06-12T21:49:25+08:00][sql] SELECT `id`,`title` FROM `course` ORDER BY `sorting` ASC LIMIT 0,6 [ RunTime:0.000260s ]
[2023-06-12T21:49:25+08:00][sql] SHOW FULL COLUMNS FROM `teacher` [ RunTime:0.000882s ]
[2023-06-12T21:49:25+08:00][sql] SELECT * FROM `teacher` [ RunTime:0.000218s ]
[2023-06-12T21:49:25+08:00][sql] SHOW FULL COLUMNS FROM `address` [ RunTime:0.000884s ]
[2023-06-12T21:49:25+08:00][sql] SELECT * FROM `address` WHERE  `id` = 1 LIMIT 1 [ RunTime:0.000251s ]
[2023-06-12T21:49:25+08:00][sql] SELECT * FROM `address` WHERE  `id` = 2 LIMIT 1 [ RunTime:0.000197s ]
[2023-06-12T22:21:57+08:00][sql] CONNECT:[ UseTime:0.000371s ] mysql:host=localhost;port=3316;dbname=coffee;charset=utf8
[2023-06-12T22:21:57+08:00][sql] SHOW FULL COLUMNS FROM `banner` [ RunTime:0.001359s ]
[2023-06-12T22:21:57+08:00][sql] SELECT * FROM `banner` [ RunTime:0.000226s ]
[2023-06-12T22:21:57+08:00][sql] SHOW FULL COLUMNS FROM `information` [ RunTime:0.001022s ]
[2023-06-12T22:21:57+08:00][sql] SELECT * FROM `information` ORDER BY `time` DESC LIMIT 1 [ RunTime:0.000302s ]
[2023-06-12T22:21:57+08:00][sql] SELECT * FROM `information` ORDER BY `time` DESC LIMIT 1,4 [ RunTime:0.000368s ]
[2023-06-12T22:21:57+08:00][sql] SHOW FULL COLUMNS FROM `course` [ RunTime:0.001054s ]
[2023-06-12T22:21:57+08:00][sql] SELECT `id`,`title` FROM `course` ORDER BY `sorting` ASC LIMIT 0,6 [ RunTime:0.000231s ]
[2023-06-12T22:21:57+08:00][sql] SHOW FULL COLUMNS FROM `teacher` [ RunTime:0.000901s ]
[2023-06-12T22:21:57+08:00][sql] SELECT * FROM `teacher` [ RunTime:0.000241s ]
[2023-06-12T22:21:57+08:00][sql] SHOW FULL COLUMNS FROM `address` [ RunTime:0.000929s ]
[2023-06-12T22:21:57+08:00][sql] SELECT * FROM `address` WHERE  `id` = 1 LIMIT 1 [ RunTime:0.000257s ]
[2023-06-12T22:21:57+08:00][sql] SELECT * FROM `address` WHERE  `id` = 2 LIMIT 1 [ RunTime:0.000222s ]
[2023-06-12T22:44:32+08:00][sql] CONNECT:[ UseTime:0.000460s ] mysql:host=localhost;port=3316;dbname=coffee;charset=utf8
[2023-06-12T22:44:32+08:00][sql] SHOW FULL COLUMNS FROM `banner` [ RunTime:0.001423s ]
[2023-06-12T22:44:32+08:00][sql] SELECT * FROM `banner` [ RunTime:0.000299s ]
[2023-06-12T22:44:32+08:00][sql] SHOW FULL COLUMNS FROM `information` [ RunTime:0.001353s ]
[2023-06-12T22:44:32+08:00][sql] SELECT * FROM `information` ORDER BY `time` DESC LIMIT 1 [ RunTime:0.000353s ]
[2023-06-12T22:44:32+08:00][sql] SELECT * FROM `information` ORDER BY `time` DESC LIMIT 1,4 [ RunTime:0.000505s ]
[2023-06-12T22:44:32+08:00][sql] SHOW FULL COLUMNS FROM `course` [ RunTime:0.001233s ]
[2023-06-12T22:44:32+08:00][sql] SELECT `id`,`title` FROM `course` ORDER BY `sorting` ASC LIMIT 0,6 [ RunTime:0.000308s ]
[2023-06-12T22:44:32+08:00][sql] SHOW FULL COLUMNS FROM `teacher` [ RunTime:0.001008s ]
[2023-06-12T22:44:32+08:00][sql] SELECT * FROM `teacher` [ RunTime:0.000285s ]
[2023-06-12T22:44:32+08:00][sql] SHOW FULL COLUMNS FROM `address` [ RunTime:0.001016s ]
[2023-06-12T22:44:32+08:00][sql] SELECT * FROM `address` WHERE  `id` = 1 LIMIT 1 [ RunTime:0.000285s ]
[2023-06-12T22:44:32+08:00][sql] SELECT * FROM `address` WHERE  `id` = 2 LIMIT 1 [ RunTime:0.000287s ]
[2023-06-12T22:49:13+08:00][sql] CONNECT:[ UseTime:0.000445s ] mysql:host=localhost;port=3316;dbname=coffee;charset=utf8
[2023-06-12T22:49:13+08:00][sql] SHOW FULL COLUMNS FROM `banner` [ RunTime:0.001730s ]
[2023-06-12T22:49:13+08:00][sql] SELECT * FROM `banner` [ RunTime:0.000230s ]
[2023-06-12T22:49:13+08:00][sql] SHOW FULL COLUMNS FROM `information` [ RunTime:0.001224s ]
[2023-06-12T22:49:13+08:00][sql] SELECT * FROM `information` ORDER BY `time` DESC LIMIT 1 [ RunTime:0.000357s ]
[2023-06-12T22:49:13+08:00][sql] SELECT * FROM `information` ORDER BY `time` DESC LIMIT 1,4 [ RunTime:0.000425s ]
[2023-06-12T22:49:13+08:00][sql] SHOW FULL COLUMNS FROM `course` [ RunTime:0.001247s ]
[2023-06-12T22:49:13+08:00][sql] SELECT `id`,`title` FROM `course` ORDER BY `sorting` ASC LIMIT 0,6 [ RunTime:0.000222s ]
[2023-06-12T22:49:13+08:00][sql] SHOW FULL COLUMNS FROM `teacher` [ RunTime:0.000942s ]
[2023-06-12T22:49:13+08:00][sql] SELECT * FROM `teacher` [ RunTime:0.000221s ]
[2023-06-12T22:49:13+08:00][sql] SHOW FULL COLUMNS FROM `address` [ RunTime:0.000929s ]
[2023-06-12T22:49:13+08:00][sql] SELECT * FROM `address` WHERE  `id` = 1 LIMIT 1 [ RunTime:0.000253s ]
[2023-06-12T22:49:13+08:00][sql] SELECT * FROM `address` WHERE  `id` = 2 LIMIT 1 [ RunTime:0.000200s ]
[2023-06-12T23:17:44+08:00][sql] CONNECT:[ UseTime:0.000378s ] mysql:host=localhost;port=3316;dbname=coffee;charset=utf8
[2023-06-12T23:17:44+08:00][sql] SHOW FULL COLUMNS FROM `banner` [ RunTime:0.001302s ]
[2023-06-12T23:17:44+08:00][sql] SELECT * FROM `banner` [ RunTime:0.000231s ]
[2023-06-12T23:17:44+08:00][sql] SHOW FULL COLUMNS FROM `information` [ RunTime:0.000985s ]
[2023-06-12T23:17:44+08:00][sql] SELECT * FROM `information` ORDER BY `time` DESC LIMIT 1 [ RunTime:0.000323s ]
[2023-06-12T23:17:44+08:00][sql] SELECT * FROM `information` ORDER BY `time` DESC LIMIT 1,4 [ RunTime:0.000329s ]
[2023-06-12T23:17:44+08:00][sql] SHOW FULL COLUMNS FROM `course` [ RunTime:0.001053s ]
[2023-06-12T23:17:44+08:00][sql] SELECT `id`,`title` FROM `course` ORDER BY `sorting` ASC LIMIT 0,6 [ RunTime:0.000225s ]
[2023-06-12T23:17:44+08:00][sql] SHOW FULL COLUMNS FROM `teacher` [ RunTime:0.000987s ]
[2023-06-12T23:17:44+08:00][sql] SELECT * FROM `teacher` [ RunTime:0.000222s ]
[2023-06-12T23:17:44+08:00][sql] SHOW FULL COLUMNS FROM `address` [ RunTime:0.001078s ]
[2023-06-12T23:17:44+08:00][sql] SELECT * FROM `address` WHERE  `id` = 1 LIMIT 1 [ RunTime:0.000264s ]
[2023-06-12T23:17:44+08:00][sql] SELECT * FROM `address` WHERE  `id` = 2 LIMIT 1 [ RunTime:0.000199s ]
[2023-06-12T23:17:45+08:00][sql] CONNECT:[ UseTime:0.000459s ] mysql:host=localhost;port=3316;dbname=coffee;charset=utf8
[2023-06-12T23:17:45+08:00][sql] SHOW FULL COLUMNS FROM `banner` [ RunTime:0.001278s ]
[2023-06-12T23:17:45+08:00][sql] SELECT * FROM `banner` [ RunTime:0.000211s ]
[2023-06-12T23:17:45+08:00][sql] SHOW FULL COLUMNS FROM `information` [ RunTime:0.000934s ]
[2023-06-12T23:17:45+08:00][sql] SELECT * FROM `information` ORDER BY `time` DESC LIMIT 1 [ RunTime:0.000303s ]
[2023-06-12T23:17:45+08:00][sql] SELECT * FROM `information` ORDER BY `time` DESC LIMIT 1,4 [ RunTime:0.000330s ]
[2023-06-12T23:17:45+08:00][sql] SHOW FULL COLUMNS FROM `course` [ RunTime:0.001069s ]
[2023-06-12T23:17:45+08:00][sql] SELECT `id`,`title` FROM `course` ORDER BY `sorting` ASC LIMIT 0,6 [ RunTime:0.000228s ]
[2023-06-12T23:17:45+08:00][sql] SHOW FULL COLUMNS FROM `teacher` [ RunTime:0.000888s ]
[2023-06-12T23:17:45+08:00][sql] SELECT * FROM `teacher` [ RunTime:0.000227s ]
[2023-06-12T23:17:45+08:00][sql] SHOW FULL COLUMNS FROM `address` [ RunTime:0.000950s ]
[2023-06-12T23:17:45+08:00][sql] SELECT * FROM `address` WHERE  `id` = 1 LIMIT 1 [ RunTime:0.000241s ]
[2023-06-12T23:17:45+08:00][sql] SELECT * FROM `address` WHERE  `id` = 2 LIMIT 1 [ RunTime:0.000191s ]
[2023-06-12T23:59:42+08:00][sql] CONNECT:[ UseTime:0.000447s ] mysql:host=localhost;port=3316;dbname=coffee;charset=utf8
[2023-06-12T23:59:42+08:00][sql] SHOW FULL COLUMNS FROM `banner` [ RunTime:0.001380s ]
[2023-06-12T23:59:42+08:00][sql] SELECT * FROM `banner` [ RunTime:0.000217s ]
[2023-06-12T23:59:42+08:00][sql] SHOW FULL COLUMNS FROM `information` [ RunTime:0.001041s ]
[2023-06-12T23:59:42+08:00][sql] SELECT * FROM `information` ORDER BY `time` DESC LIMIT 1 [ RunTime:0.000314s ]
[2023-06-12T23:59:42+08:00][sql] SELECT * FROM `information` ORDER BY `time` DESC LIMIT 1,4 [ RunTime:0.000324s ]
[2023-06-12T23:59:42+08:00][sql] SHOW FULL COLUMNS FROM `course` [ RunTime:0.001117s ]
[2023-06-12T23:59:42+08:00][sql] SELECT `id`,`title` FROM `course` ORDER BY `sorting` ASC LIMIT 0,6 [ RunTime:0.000233s ]
[2023-06-12T23:59:42+08:00][sql] SHOW FULL COLUMNS FROM `teacher` [ RunTime:0.000920s ]
[2023-06-12T23:59:42+08:00][sql] SELECT * FROM `teacher` [ RunTime:0.000243s ]
[2023-06-12T23:59:42+08:00][sql] SHOW FULL COLUMNS FROM `address` [ RunTime:0.001024s ]
[2023-06-12T23:59:42+08:00][sql] SELECT * FROM `address` WHERE  `id` = 1 LIMIT 1 [ RunTime:0.000268s ]
[2023-06-12T23:59:42+08:00][sql] SELECT * FROM `address` WHERE  `id` = 2 LIMIT 1 [ RunTime:0.000223s ]
