[2023-06-15T00:43:34+08:00][sql] CONNECT:[ UseTime:0.000437s ] mysql:host=localhost;port=3316;dbname=coffee;charset=utf8
[2023-06-15T00:43:34+08:00][sql] SHOW FULL COLUMNS FROM `banner` [ RunTime:0.001314s ]
[2023-06-15T00:43:34+08:00][sql] SELECT * FROM `banner` [ RunTime:0.000335s ]
[2023-06-15T00:43:34+08:00][sql] SHOW FULL COLUMNS FROM `information` [ RunTime:0.000935s ]
[2023-06-15T00:43:34+08:00][sql] SELECT * FROM `information` ORDER BY `time` DESC LIMIT 1 [ RunTime:0.000324s ]
[2023-06-15T00:43:34+08:00][sql] SELECT * FROM `information` ORDER BY `time` DESC LIMIT 1,4 [ RunTime:0.000309s ]
[2023-06-15T00:43:34+08:00][sql] SHOW FULL COLUMNS FROM `course` [ RunTime:0.001051s ]
[2023-06-15T00:43:34+08:00][sql] SELECT `id`,`title` FROM `course` ORDER BY `sorting` ASC LIMIT 0,6 [ RunTime:0.000263s ]
[2023-06-15T00:43:34+08:00][sql] SHOW FULL COLUMNS FROM `teacher` [ RunTime:0.000877s ]
[2023-06-15T00:43:34+08:00][sql] SELECT * FROM `teacher` [ RunTime:0.000231s ]
[2023-06-15T00:43:34+08:00][sql] SHOW FULL COLUMNS FROM `address` [ RunTime:0.000901s ]
[2023-06-15T00:43:34+08:00][sql] SELECT * FROM `address` WHERE  `id` = 1 LIMIT 1 [ RunTime:0.000250s ]
[2023-06-15T00:43:34+08:00][sql] SELECT * FROM `address` WHERE  `id` = 2 LIMIT 1 [ RunTime:0.000212s ]
[2023-06-15T01:49:44+08:00][sql] CONNECT:[ UseTime:0.000511s ] mysql:host=localhost;port=3316;dbname=coffee;charset=utf8
[2023-06-15T01:49:44+08:00][sql] SHOW FULL COLUMNS FROM `banner` [ RunTime:0.001837s ]
[2023-06-15T01:49:44+08:00][sql] SELECT * FROM `banner` [ RunTime:0.000269s ]
[2023-06-15T01:49:44+08:00][sql] SHOW FULL COLUMNS FROM `information` [ RunTime:0.001442s ]
[2023-06-15T01:49:44+08:00][sql] SELECT * FROM `information` ORDER BY `time` DESC LIMIT 1 [ RunTime:0.000430s ]
[2023-06-15T01:49:44+08:00][sql] SELECT * FROM `information` ORDER BY `time` DESC LIMIT 1,4 [ RunTime:0.000498s ]
[2023-06-15T01:49:44+08:00][sql] SHOW FULL COLUMNS FROM `course` [ RunTime:0.001549s ]
[2023-06-15T01:49:44+08:00][sql] SELECT `id`,`title` FROM `course` ORDER BY `sorting` ASC LIMIT 0,6 [ RunTime:0.000305s ]
[2023-06-15T01:49:44+08:00][sql] SHOW FULL COLUMNS FROM `teacher` [ RunTime:0.001350s ]
[2023-06-15T01:49:44+08:00][sql] SELECT * FROM `teacher` [ RunTime:0.000317s ]
[2023-06-15T01:49:44+08:00][sql] SHOW FULL COLUMNS FROM `address` [ RunTime:0.001280s ]
[2023-06-15T01:49:44+08:00][sql] SELECT * FROM `address` WHERE  `id` = 1 LIMIT 1 [ RunTime:0.000335s ]
[2023-06-15T01:49:44+08:00][sql] SELECT * FROM `address` WHERE  `id` = 2 LIMIT 1 [ RunTime:0.000249s ]
[2023-06-15T01:54:50+08:00][sql] CONNECT:[ UseTime:0.000407s ] mysql:host=localhost;port=3316;dbname=coffee;charset=utf8
[2023-06-15T01:54:50+08:00][sql] SHOW FULL COLUMNS FROM `banner` [ RunTime:0.001385s ]
[2023-06-15T01:54:50+08:00][sql] SELECT * FROM `banner` [ RunTime:0.000257s ]
[2023-06-15T01:54:50+08:00][sql] SHOW FULL COLUMNS FROM `information` [ RunTime:0.000983s ]
[2023-06-15T01:54:50+08:00][sql] SELECT * FROM `information` ORDER BY `time` DESC LIMIT 1 [ RunTime:0.000311s ]
[2023-06-15T01:54:50+08:00][sql] SELECT * FROM `information` ORDER BY `time` DESC LIMIT 1,4 [ RunTime:0.000321s ]
[2023-06-15T01:54:50+08:00][sql] SHOW FULL COLUMNS FROM `course` [ RunTime:0.001099s ]
[2023-06-15T01:54:50+08:00][sql] SELECT `id`,`title` FROM `course` ORDER BY `sorting` ASC LIMIT 0,6 [ RunTime:0.000239s ]
[2023-06-15T01:54:50+08:00][sql] SHOW FULL COLUMNS FROM `teacher` [ RunTime:0.000876s ]
[2023-06-15T01:54:50+08:00][sql] SELECT * FROM `teacher` [ RunTime:0.000219s ]
[2023-06-15T01:54:50+08:00][sql] SHOW FULL COLUMNS FROM `address` [ RunTime:0.000947s ]
[2023-06-15T01:54:50+08:00][sql] SELECT * FROM `address` WHERE  `id` = 1 LIMIT 1 [ RunTime:0.000248s ]
[2023-06-15T01:54:50+08:00][sql] SELECT * FROM `address` WHERE  `id` = 2 LIMIT 1 [ RunTime:0.000208s ]
[2023-06-15T02:14:44+08:00][sql] CONNECT:[ UseTime:0.000423s ] mysql:host=localhost;port=3316;dbname=coffee;charset=utf8
[2023-06-15T02:14:44+08:00][sql] SHOW FULL COLUMNS FROM `banner` [ RunTime:0.001336s ]
[2023-06-15T02:14:44+08:00][sql] SELECT * FROM `banner` [ RunTime:0.000213s ]
[2023-06-15T02:14:44+08:00][sql] SHOW FULL COLUMNS FROM `information` [ RunTime:0.000992s ]
[2023-06-15T02:14:44+08:00][sql] SELECT * FROM `information` ORDER BY `time` DESC LIMIT 1 [ RunTime:0.000303s ]
[2023-06-15T02:14:44+08:00][sql] SELECT * FROM `information` ORDER BY `time` DESC LIMIT 1,4 [ RunTime:0.000347s ]
[2023-06-15T02:14:44+08:00][sql] SHOW FULL COLUMNS FROM `course` [ RunTime:0.001058s ]
[2023-06-15T02:14:44+08:00][sql] SELECT `id`,`title` FROM `course` ORDER BY `sorting` ASC LIMIT 0,6 [ RunTime:0.000228s ]
[2023-06-15T02:14:44+08:00][sql] SHOW FULL COLUMNS FROM `teacher` [ RunTime:0.000902s ]
[2023-06-15T02:14:44+08:00][sql] SELECT * FROM `teacher` [ RunTime:0.000218s ]
[2023-06-15T02:14:44+08:00][sql] SHOW FULL COLUMNS FROM `address` [ RunTime:0.000912s ]
[2023-06-15T02:14:44+08:00][sql] SELECT * FROM `address` WHERE  `id` = 1 LIMIT 1 [ RunTime:0.000277s ]
[2023-06-15T02:14:44+08:00][sql] SELECT * FROM `address` WHERE  `id` = 2 LIMIT 1 [ RunTime:0.000232s ]
[2023-06-15T03:08:33+08:00][sql] CONNECT:[ UseTime:0.000467s ] mysql:host=localhost;port=3316;dbname=coffee;charset=utf8
[2023-06-15T03:08:33+08:00][sql] SHOW FULL COLUMNS FROM `banner` [ RunTime:0.001375s ]
[2023-06-15T03:08:33+08:00][sql] SELECT * FROM `banner` [ RunTime:0.000275s ]
[2023-06-15T03:08:33+08:00][sql] SHOW FULL COLUMNS FROM `information` [ RunTime:0.000972s ]
[2023-06-15T03:08:33+08:00][sql] SELECT * FROM `information` ORDER BY `time` DESC LIMIT 1 [ RunTime:0.000309s ]
[2023-06-15T03:08:33+08:00][sql] SELECT * FROM `information` ORDER BY `time` DESC LIMIT 1,4 [ RunTime:0.000356s ]
[2023-06-15T03:08:33+08:00][sql] SHOW FULL COLUMNS FROM `course` [ RunTime:0.001062s ]
[2023-06-15T03:08:33+08:00][sql] SELECT `id`,`title` FROM `course` ORDER BY `sorting` ASC LIMIT 0,6 [ RunTime:0.000222s ]
[2023-06-15T03:08:33+08:00][sql] SHOW FULL COLUMNS FROM `teacher` [ RunTime:0.000855s ]
[2023-06-15T03:08:33+08:00][sql] SELECT * FROM `teacher` [ RunTime:0.000290s ]
[2023-06-15T03:08:33+08:00][sql] SHOW FULL COLUMNS FROM `address` [ RunTime:0.000941s ]
[2023-06-15T03:08:33+08:00][sql] SELECT * FROM `address` WHERE  `id` = 1 LIMIT 1 [ RunTime:0.000275s ]
[2023-06-15T03:08:33+08:00][sql] SELECT * FROM `address` WHERE  `id` = 2 LIMIT 1 [ RunTime:0.000230s ]
[2023-06-15T03:12:36+08:00][sql] CONNECT:[ UseTime:0.000384s ] mysql:host=localhost;port=3316;dbname=coffee;charset=utf8
[2023-06-15T03:12:36+08:00][sql] SHOW FULL COLUMNS FROM `banner` [ RunTime:0.001327s ]
[2023-06-15T03:12:36+08:00][sql] SELECT * FROM `banner` [ RunTime:0.000233s ]
[2023-06-15T03:12:36+08:00][sql] SHOW FULL COLUMNS FROM `information` [ RunTime:0.000996s ]
[2023-06-15T03:12:36+08:00][sql] SELECT * FROM `information` ORDER BY `time` DESC LIMIT 1 [ RunTime:0.000355s ]
[2023-06-15T03:12:36+08:00][sql] SELECT * FROM `information` ORDER BY `time` DESC LIMIT 1,4 [ RunTime:0.000345s ]
[2023-06-15T03:12:36+08:00][sql] SHOW FULL COLUMNS FROM `course` [ RunTime:0.001096s ]
[2023-06-15T03:12:36+08:00][sql] SELECT `id`,`title` FROM `course` ORDER BY `sorting` ASC LIMIT 0,6 [ RunTime:0.000241s ]
[2023-06-15T03:12:36+08:00][sql] SHOW FULL COLUMNS FROM `teacher` [ RunTime:0.000908s ]
[2023-06-15T03:12:36+08:00][sql] SELECT * FROM `teacher` [ RunTime:0.000241s ]
[2023-06-15T03:12:36+08:00][sql] SHOW FULL COLUMNS FROM `address` [ RunTime:0.000973s ]
[2023-06-15T03:12:36+08:00][sql] SELECT * FROM `address` WHERE  `id` = 1 LIMIT 1 [ RunTime:0.000250s ]
[2023-06-15T03:12:36+08:00][sql] SELECT * FROM `address` WHERE  `id` = 2 LIMIT 1 [ RunTime:0.000230s ]
[2023-06-15T03:53:50+08:00][sql] CONNECT:[ UseTime:0.000392s ] mysql:host=localhost;port=3316;dbname=coffee;charset=utf8
[2023-06-15T03:53:50+08:00][sql] SHOW FULL COLUMNS FROM `banner` [ RunTime:0.001283s ]
[2023-06-15T03:53:50+08:00][sql] SELECT * FROM `banner` [ RunTime:0.000210s ]
[2023-06-15T03:53:50+08:00][sql] SHOW FULL COLUMNS FROM `information` [ RunTime:0.000956s ]
[2023-06-15T03:53:50+08:00][sql] SELECT * FROM `information` ORDER BY `time` DESC LIMIT 1 [ RunTime:0.000295s ]
[2023-06-15T03:53:50+08:00][sql] SELECT * FROM `information` ORDER BY `time` DESC LIMIT 1,4 [ RunTime:0.000325s ]
[2023-06-15T03:53:50+08:00][sql] SHOW FULL COLUMNS FROM `course` [ RunTime:0.001019s ]
[2023-06-15T03:53:50+08:00][sql] SELECT `id`,`title` FROM `course` ORDER BY `sorting` ASC LIMIT 0,6 [ RunTime:0.000226s ]
[2023-06-15T03:53:50+08:00][sql] SHOW FULL COLUMNS FROM `teacher` [ RunTime:0.000833s ]
[2023-06-15T03:53:50+08:00][sql] SELECT * FROM `teacher` [ RunTime:0.000247s ]
[2023-06-15T03:53:50+08:00][sql] SHOW FULL COLUMNS FROM `address` [ RunTime:0.000894s ]
[2023-06-15T03:53:50+08:00][sql] SELECT * FROM `address` WHERE  `id` = 1 LIMIT 1 [ RunTime:0.000250s ]
[2023-06-15T03:53:50+08:00][sql] SELECT * FROM `address` WHERE  `id` = 2 LIMIT 1 [ RunTime:0.000196s ]
[2023-06-15T03:58:09+08:00][sql] CONNECT:[ UseTime:0.000481s ] mysql:host=localhost;port=3316;dbname=coffee;charset=utf8
[2023-06-15T03:58:09+08:00][sql] SHOW FULL COLUMNS FROM `banner` [ RunTime:0.001277s ]
[2023-06-15T03:58:09+08:00][sql] SELECT * FROM `banner` [ RunTime:0.000233s ]
[2023-06-15T03:58:09+08:00][sql] SHOW FULL COLUMNS FROM `information` [ RunTime:0.001236s ]
[2023-06-15T03:58:09+08:00][sql] SELECT * FROM `information` ORDER BY `time` DESC LIMIT 1 [ RunTime:0.000381s ]
[2023-06-15T03:58:09+08:00][sql] SELECT * FROM `information` ORDER BY `time` DESC LIMIT 1,4 [ RunTime:0.000422s ]
[2023-06-15T03:58:09+08:00][sql] SHOW FULL COLUMNS FROM `course` [ RunTime:0.001456s ]
[2023-06-15T03:58:09+08:00][sql] SELECT `id`,`title` FROM `course` ORDER BY `sorting` ASC LIMIT 0,6 [ RunTime:0.000268s ]
[2023-06-15T03:58:09+08:00][sql] SHOW FULL COLUMNS FROM `teacher` [ RunTime:0.001139s ]
[2023-06-15T03:58:09+08:00][sql] SELECT * FROM `teacher` [ RunTime:0.000247s ]
[2023-06-15T03:58:09+08:00][sql] SHOW FULL COLUMNS FROM `address` [ RunTime:0.001013s ]
[2023-06-15T03:58:09+08:00][sql] SELECT * FROM `address` WHERE  `id` = 1 LIMIT 1 [ RunTime:0.000281s ]
[2023-06-15T03:58:09+08:00][sql] SELECT * FROM `address` WHERE  `id` = 2 LIMIT 1 [ RunTime:0.000231s ]
[2023-06-15T04:27:39+08:00][sql] CONNECT:[ UseTime:0.000395s ] mysql:host=localhost;port=3316;dbname=coffee;charset=utf8
[2023-06-15T04:27:39+08:00][sql] SHOW FULL COLUMNS FROM `banner` [ RunTime:0.001310s ]
[2023-06-15T04:27:39+08:00][sql] SELECT * FROM `banner` [ RunTime:0.000216s ]
[2023-06-15T04:27:39+08:00][sql] SHOW FULL COLUMNS FROM `information` [ RunTime:0.001001s ]
[2023-06-15T04:27:39+08:00][sql] SELECT * FROM `information` ORDER BY `time` DESC LIMIT 1 [ RunTime:0.000288s ]
[2023-06-15T04:27:39+08:00][sql] SELECT * FROM `information` ORDER BY `time` DESC LIMIT 1,4 [ RunTime:0.000392s ]
[2023-06-15T04:27:39+08:00][sql] SHOW FULL COLUMNS FROM `course` [ RunTime:0.001110s ]
[2023-06-15T04:27:39+08:00][sql] SELECT `id`,`title` FROM `course` ORDER BY `sorting` ASC LIMIT 0,6 [ RunTime:0.000225s ]
[2023-06-15T04:27:39+08:00][sql] SHOW FULL COLUMNS FROM `teacher` [ RunTime:0.000885s ]
[2023-06-15T04:27:39+08:00][sql] SELECT * FROM `teacher` [ RunTime:0.000229s ]
[2023-06-15T04:27:39+08:00][sql] SHOW FULL COLUMNS FROM `address` [ RunTime:0.001025s ]
[2023-06-15T04:27:39+08:00][sql] SELECT * FROM `address` WHERE  `id` = 1 LIMIT 1 [ RunTime:0.000251s ]
[2023-06-15T04:27:39+08:00][sql] SELECT * FROM `address` WHERE  `id` = 2 LIMIT 1 [ RunTime:0.000207s ]
[2023-06-15T04:35:00+08:00][sql] CONNECT:[ UseTime:0.000403s ] mysql:host=localhost;port=3316;dbname=coffee;charset=utf8
[2023-06-15T04:35:00+08:00][sql] SHOW FULL COLUMNS FROM `banner` [ RunTime:0.001345s ]
[2023-06-15T04:35:00+08:00][sql] SELECT * FROM `banner` [ RunTime:0.000242s ]
[2023-06-15T04:35:00+08:00][sql] SHOW FULL COLUMNS FROM `information` [ RunTime:0.001067s ]
[2023-06-15T04:35:00+08:00][sql] SELECT * FROM `information` ORDER BY `time` DESC LIMIT 1 [ RunTime:0.000334s ]
[2023-06-15T04:35:00+08:00][sql] SELECT * FROM `information` ORDER BY `time` DESC LIMIT 1,4 [ RunTime:0.000327s ]
[2023-06-15T04:35:00+08:00][sql] SHOW FULL COLUMNS FROM `course` [ RunTime:0.001149s ]
[2023-06-15T04:35:00+08:00][sql] SELECT `id`,`title` FROM `course` ORDER BY `sorting` ASC LIMIT 0,6 [ RunTime:0.000261s ]
[2023-06-15T04:35:00+08:00][sql] SHOW FULL COLUMNS FROM `teacher` [ RunTime:0.000889s ]
[2023-06-15T04:35:00+08:00][sql] SELECT * FROM `teacher` [ RunTime:0.000257s ]
[2023-06-15T04:35:00+08:00][sql] SHOW FULL COLUMNS FROM `address` [ RunTime:0.000916s ]
[2023-06-15T04:35:00+08:00][sql] SELECT * FROM `address` WHERE  `id` = 1 LIMIT 1 [ RunTime:0.000280s ]
[2023-06-15T04:35:00+08:00][sql] SELECT * FROM `address` WHERE  `id` = 2 LIMIT 1 [ RunTime:0.000205s ]
[2023-06-15T04:35:00+08:00][sql] CONNECT:[ UseTime:0.000420s ] mysql:host=localhost;port=3316;dbname=coffee;charset=utf8
[2023-06-15T04:35:00+08:00][sql] SHOW FULL COLUMNS FROM `banner` [ RunTime:0.001430s ]
[2023-06-15T04:35:00+08:00][sql] SELECT * FROM `banner` [ RunTime:0.000251s ]
[2023-06-15T04:35:00+08:00][sql] SHOW FULL COLUMNS FROM `information` [ RunTime:0.001058s ]
[2023-06-15T04:35:00+08:00][sql] SELECT * FROM `information` ORDER BY `time` DESC LIMIT 1 [ RunTime:0.000327s ]
[2023-06-15T04:35:00+08:00][sql] SELECT * FROM `information` ORDER BY `time` DESC LIMIT 1,4 [ RunTime:0.000324s ]
[2023-06-15T04:35:00+08:00][sql] SHOW FULL COLUMNS FROM `course` [ RunTime:0.001182s ]
[2023-06-15T04:35:00+08:00][sql] SELECT `id`,`title` FROM `course` ORDER BY `sorting` ASC LIMIT 0,6 [ RunTime:0.000231s ]
[2023-06-15T04:35:00+08:00][sql] SHOW FULL COLUMNS FROM `teacher` [ RunTime:0.001019s ]
[2023-06-15T04:35:00+08:00][sql] SELECT * FROM `teacher` [ RunTime:0.000254s ]
[2023-06-15T04:35:00+08:00][sql] SHOW FULL COLUMNS FROM `address` [ RunTime:0.000998s ]
[2023-06-15T04:35:00+08:00][sql] SELECT * FROM `address` WHERE  `id` = 1 LIMIT 1 [ RunTime:0.000238s ]
[2023-06-15T04:35:00+08:00][sql] SELECT * FROM `address` WHERE  `id` = 2 LIMIT 1 [ RunTime:0.000219s ]
[2023-06-15T04:59:23+08:00][sql] CONNECT:[ UseTime:0.000515s ] mysql:host=localhost;port=3316;dbname=coffee;charset=utf8
[2023-06-15T04:59:23+08:00][sql] SHOW FULL COLUMNS FROM `banner` [ RunTime:0.001269s ]
[2023-06-15T04:59:23+08:00][sql] SELECT * FROM `banner` [ RunTime:0.000254s ]
[2023-06-15T04:59:23+08:00][sql] SHOW FULL COLUMNS FROM `information` [ RunTime:0.000971s ]
[2023-06-15T04:59:23+08:00][sql] SELECT * FROM `information` ORDER BY `time` DESC LIMIT 1 [ RunTime:0.000339s ]
[2023-06-15T04:59:23+08:00][sql] SELECT * FROM `information` ORDER BY `time` DESC LIMIT 1,4 [ RunTime:0.000318s ]
[2023-06-15T04:59:23+08:00][sql] SHOW FULL COLUMNS FROM `course` [ RunTime:0.001029s ]
[2023-06-15T04:59:23+08:00][sql] SELECT `id`,`title` FROM `course` ORDER BY `sorting` ASC LIMIT 0,6 [ RunTime:0.000251s ]
[2023-06-15T04:59:23+08:00][sql] SHOW FULL COLUMNS FROM `teacher` [ RunTime:0.000921s ]
[2023-06-15T04:59:23+08:00][sql] SELECT * FROM `teacher` [ RunTime:0.000232s ]
[2023-06-15T04:59:23+08:00][sql] SHOW FULL COLUMNS FROM `address` [ RunTime:0.000881s ]
[2023-06-15T04:59:23+08:00][sql] SELECT * FROM `address` WHERE  `id` = 1 LIMIT 1 [ RunTime:0.000234s ]
[2023-06-15T04:59:23+08:00][sql] SELECT * FROM `address` WHERE  `id` = 2 LIMIT 1 [ RunTime:0.000235s ]
[2023-06-15T05:17:07+08:00][sql] CONNECT:[ UseTime:0.000429s ] mysql:host=localhost;port=3316;dbname=coffee;charset=utf8
[2023-06-15T05:17:07+08:00][sql] SHOW FULL COLUMNS FROM `banner` [ RunTime:0.001516s ]
[2023-06-15T05:17:07+08:00][sql] SELECT * FROM `banner` [ RunTime:0.000264s ]
[2023-06-15T05:17:07+08:00][sql] SHOW FULL COLUMNS FROM `information` [ RunTime:0.001062s ]
[2023-06-15T05:17:07+08:00][sql] SELECT * FROM `information` ORDER BY `time` DESC LIMIT 1 [ RunTime:0.000340s ]
[2023-06-15T05:17:07+08:00][sql] SELECT * FROM `information` ORDER BY `time` DESC LIMIT 1,4 [ RunTime:0.000372s ]
[2023-06-15T05:17:07+08:00][sql] SHOW FULL COLUMNS FROM `course` [ RunTime:0.001076s ]
[2023-06-15T05:17:07+08:00][sql] SELECT `id`,`title` FROM `course` ORDER BY `sorting` ASC LIMIT 0,6 [ RunTime:0.000246s ]
[2023-06-15T05:17:07+08:00][sql] SHOW FULL COLUMNS FROM `teacher` [ RunTime:0.000937s ]
[2023-06-15T05:17:07+08:00][sql] SELECT * FROM `teacher` [ RunTime:0.000275s ]
[2023-06-15T05:17:07+08:00][sql] SHOW FULL COLUMNS FROM `address` [ RunTime:0.001022s ]
[2023-06-15T05:17:07+08:00][sql] SELECT * FROM `address` WHERE  `id` = 1 LIMIT 1 [ RunTime:0.000244s ]
[2023-06-15T05:17:07+08:00][sql] SELECT * FROM `address` WHERE  `id` = 2 LIMIT 1 [ RunTime:0.000236s ]
[2023-06-15T05:37:20+08:00][sql] CONNECT:[ UseTime:0.000523s ] mysql:host=localhost;port=3316;dbname=coffee;charset=utf8
[2023-06-15T05:37:20+08:00][sql] SHOW FULL COLUMNS FROM `banner` [ RunTime:0.001348s ]
[2023-06-15T05:37:20+08:00][sql] SELECT * FROM `banner` [ RunTime:0.000215s ]
[2023-06-15T05:37:20+08:00][sql] SHOW FULL COLUMNS FROM `information` [ RunTime:0.000995s ]
[2023-06-15T05:37:20+08:00][sql] SELECT * FROM `information` ORDER BY `time` DESC LIMIT 1 [ RunTime:0.000309s ]
[2023-06-15T05:37:20+08:00][sql] SELECT * FROM `information` ORDER BY `time` DESC LIMIT 1,4 [ RunTime:0.000324s ]
[2023-06-15T05:37:20+08:00][sql] SHOW FULL COLUMNS FROM `course` [ RunTime:0.001118s ]
[2023-06-15T05:37:20+08:00][sql] SELECT `id`,`title` FROM `course` ORDER BY `sorting` ASC LIMIT 0,6 [ RunTime:0.000285s ]
[2023-06-15T05:37:20+08:00][sql] SHOW FULL COLUMNS FROM `teacher` [ RunTime:0.000864s ]
[2023-06-15T05:37:20+08:00][sql] SELECT * FROM `teacher` [ RunTime:0.000237s ]
[2023-06-15T05:37:20+08:00][sql] SHOW FULL COLUMNS FROM `address` [ RunTime:0.000944s ]
[2023-06-15T05:37:20+08:00][sql] SELECT * FROM `address` WHERE  `id` = 1 LIMIT 1 [ RunTime:0.000291s ]
[2023-06-15T05:37:20+08:00][sql] SELECT * FROM `address` WHERE  `id` = 2 LIMIT 1 [ RunTime:0.000224s ]
[2023-06-15T05:37:22+08:00][sql] CONNECT:[ UseTime:0.000478s ] mysql:host=localhost;port=3316;dbname=coffee;charset=utf8
[2023-06-15T05:37:22+08:00][sql] SHOW FULL COLUMNS FROM `banner` [ RunTime:0.001564s ]
[2023-06-15T05:37:22+08:00][sql] SELECT * FROM `banner` [ RunTime:0.000296s ]
[2023-06-15T05:37:22+08:00][sql] SHOW FULL COLUMNS FROM `information` [ RunTime:0.000971s ]
[2023-06-15T05:37:22+08:00][sql] SELECT * FROM `information` ORDER BY `time` DESC LIMIT 1 [ RunTime:0.000342s ]
[2023-06-15T05:37:22+08:00][sql] SELECT * FROM `information` ORDER BY `time` DESC LIMIT 1,4 [ RunTime:0.000365s ]
[2023-06-15T05:37:22+08:00][sql] SHOW FULL COLUMNS FROM `course` [ RunTime:0.001079s ]
[2023-06-15T05:37:22+08:00][sql] SELECT `id`,`title` FROM `course` ORDER BY `sorting` ASC LIMIT 0,6 [ RunTime:0.000283s ]
[2023-06-15T05:37:22+08:00][sql] SHOW FULL COLUMNS FROM `teacher` [ RunTime:0.000936s ]
[2023-06-15T05:37:22+08:00][sql] SELECT * FROM `teacher` [ RunTime:0.000272s ]
[2023-06-15T05:37:22+08:00][sql] SHOW FULL COLUMNS FROM `address` [ RunTime:0.000896s ]
[2023-06-15T05:37:22+08:00][sql] SELECT * FROM `address` WHERE  `id` = 1 LIMIT 1 [ RunTime:0.000270s ]
[2023-06-15T05:37:22+08:00][sql] SELECT * FROM `address` WHERE  `id` = 2 LIMIT 1 [ RunTime:0.000235s ]
[2023-06-15T06:39:17+08:00][sql] CONNECT:[ UseTime:0.000457s ] mysql:host=localhost;port=3316;dbname=coffee;charset=utf8
[2023-06-15T06:39:17+08:00][sql] SHOW FULL COLUMNS FROM `banner` [ RunTime:0.001338s ]
[2023-06-15T06:39:17+08:00][sql] SELECT * FROM `banner` [ RunTime:0.000237s ]
[2023-06-15T06:39:17+08:00][sql] SHOW FULL COLUMNS FROM `information` [ RunTime:0.000955s ]
[2023-06-15T06:39:17+08:00][sql] SELECT * FROM `information` ORDER BY `time` DESC LIMIT 1 [ RunTime:0.000295s ]
[2023-06-15T06:39:17+08:00][sql] SELECT * FROM `information` ORDER BY `time` DESC LIMIT 1,4 [ RunTime:0.000332s ]
[2023-06-15T06:39:17+08:00][sql] SHOW FULL COLUMNS FROM `course` [ RunTime:0.001181s ]
[2023-06-15T06:39:17+08:00][sql] SELECT `id`,`title` FROM `course` ORDER BY `sorting` ASC LIMIT 0,6 [ RunTime:0.000219s ]
[2023-06-15T06:39:17+08:00][sql] SHOW FULL COLUMNS FROM `teacher` [ RunTime:0.000877s ]
[2023-06-15T06:39:17+08:00][sql] SELECT * FROM `teacher` [ RunTime:0.000264s ]
[2023-06-15T06:39:17+08:00][sql] SHOW FULL COLUMNS FROM `address` [ RunTime:0.000887s ]
[2023-06-15T06:39:17+08:00][sql] SELECT * FROM `address` WHERE  `id` = 1 LIMIT 1 [ RunTime:0.000234s ]
[2023-06-15T06:39:17+08:00][sql] SELECT * FROM `address` WHERE  `id` = 2 LIMIT 1 [ RunTime:0.000192s ]
[2023-06-15T06:46:59+08:00][sql] CONNECT:[ UseTime:0.000420s ] mysql:host=localhost;port=3316;dbname=coffee;charset=utf8
[2023-06-15T06:46:59+08:00][sql] SHOW FULL COLUMNS FROM `banner` [ RunTime:0.001416s ]
[2023-06-15T06:46:59+08:00][sql] SELECT * FROM `banner` [ RunTime:0.000239s ]
[2023-06-15T06:46:59+08:00][sql] SHOW FULL COLUMNS FROM `information` [ RunTime:0.001021s ]
[2023-06-15T06:46:59+08:00][sql] SELECT * FROM `information` ORDER BY `time` DESC LIMIT 1 [ RunTime:0.000318s ]
[2023-06-15T06:46:59+08:00][sql] SELECT * FROM `information` ORDER BY `time` DESC LIMIT 1,4 [ RunTime:0.000381s ]
[2023-06-15T06:46:59+08:00][sql] SHOW FULL COLUMNS FROM `course` [ RunTime:0.001065s ]
[2023-06-15T06:46:59+08:00][sql] SELECT `id`,`title` FROM `course` ORDER BY `sorting` ASC LIMIT 0,6 [ RunTime:0.000243s ]
[2023-06-15T06:46:59+08:00][sql] SHOW FULL COLUMNS FROM `teacher` [ RunTime:0.000945s ]
[2023-06-15T06:46:59+08:00][sql] SELECT * FROM `teacher` [ RunTime:0.000257s ]
[2023-06-15T06:46:59+08:00][sql] SHOW FULL COLUMNS FROM `address` [ RunTime:0.001016s ]
[2023-06-15T06:46:59+08:00][sql] SELECT * FROM `address` WHERE  `id` = 1 LIMIT 1 [ RunTime:0.000258s ]
[2023-06-15T06:46:59+08:00][sql] SELECT * FROM `address` WHERE  `id` = 2 LIMIT 1 [ RunTime:0.000210s ]
[2023-06-15T06:58:24+08:00][sql] CONNECT:[ UseTime:0.000495s ] mysql:host=localhost;port=3316;dbname=coffee;charset=utf8
[2023-06-15T06:58:24+08:00][sql] SHOW FULL COLUMNS FROM `banner` [ RunTime:0.001857s ]
[2023-06-15T06:58:24+08:00][sql] SELECT * FROM `banner` [ RunTime:0.000219s ]
[2023-06-15T06:58:24+08:00][sql] SHOW FULL COLUMNS FROM `information` [ RunTime:0.001198s ]
[2023-06-15T06:58:24+08:00][sql] SELECT * FROM `information` ORDER BY `time` DESC LIMIT 1 [ RunTime:0.000373s ]
[2023-06-15T06:58:24+08:00][sql] SELECT * FROM `information` ORDER BY `time` DESC LIMIT 1,4 [ RunTime:0.000329s ]
[2023-06-15T06:58:24+08:00][sql] SHOW FULL COLUMNS FROM `course` [ RunTime:0.001233s ]
[2023-06-15T06:58:24+08:00][sql] SELECT `id`,`title` FROM `course` ORDER BY `sorting` ASC LIMIT 0,6 [ RunTime:0.000233s ]
[2023-06-15T06:58:24+08:00][sql] SHOW FULL COLUMNS FROM `teacher` [ RunTime:0.000991s ]
[2023-06-15T06:58:24+08:00][sql] SELECT * FROM `teacher` [ RunTime:0.000328s ]
[2023-06-15T06:58:24+08:00][sql] SHOW FULL COLUMNS FROM `address` [ RunTime:0.001014s ]
[2023-06-15T06:58:24+08:00][sql] SELECT * FROM `address` WHERE  `id` = 1 LIMIT 1 [ RunTime:0.000264s ]
[2023-06-15T06:58:24+08:00][sql] SELECT * FROM `address` WHERE  `id` = 2 LIMIT 1 [ RunTime:0.000237s ]
[2023-06-15T07:09:07+08:00][sql] CONNECT:[ UseTime:0.000434s ] mysql:host=localhost;port=3316;dbname=coffee;charset=utf8
[2023-06-15T07:09:07+08:00][sql] SHOW FULL COLUMNS FROM `banner` [ RunTime:0.001285s ]
[2023-06-15T07:09:07+08:00][sql] SELECT * FROM `banner` [ RunTime:0.000231s ]
[2023-06-15T07:09:07+08:00][sql] SHOW FULL COLUMNS FROM `information` [ RunTime:0.000979s ]
[2023-06-15T07:09:07+08:00][sql] SELECT * FROM `information` ORDER BY `time` DESC LIMIT 1 [ RunTime:0.000312s ]
[2023-06-15T07:09:07+08:00][sql] SELECT * FROM `information` ORDER BY `time` DESC LIMIT 1,4 [ RunTime:0.000315s ]
[2023-06-15T07:09:07+08:00][sql] SHOW FULL COLUMNS FROM `course` [ RunTime:0.001047s ]
[2023-06-15T07:09:07+08:00][sql] SELECT `id`,`title` FROM `course` ORDER BY `sorting` ASC LIMIT 0,6 [ RunTime:0.000217s ]
[2023-06-15T07:09:07+08:00][sql] SHOW FULL COLUMNS FROM `teacher` [ RunTime:0.000864s ]
[2023-06-15T07:09:07+08:00][sql] SELECT * FROM `teacher` [ RunTime:0.000244s ]
[2023-06-15T07:09:07+08:00][sql] SHOW FULL COLUMNS FROM `address` [ RunTime:0.000951s ]
[2023-06-15T07:09:07+08:00][sql] SELECT * FROM `address` WHERE  `id` = 1 LIMIT 1 [ RunTime:0.000239s ]
[2023-06-15T07:09:07+08:00][sql] SELECT * FROM `address` WHERE  `id` = 2 LIMIT 1 [ RunTime:0.000199s ]
[2023-06-15T07:24:09+08:00][sql] CONNECT:[ UseTime:0.000526s ] mysql:host=localhost;port=3316;dbname=coffee;charset=utf8
[2023-06-15T07:24:09+08:00][sql] SHOW FULL COLUMNS FROM `banner` [ RunTime:0.001317s ]
[2023-06-15T07:24:09+08:00][sql] SELECT * FROM `banner` [ RunTime:0.000245s ]
[2023-06-15T07:24:09+08:00][sql] SHOW FULL COLUMNS FROM `information` [ RunTime:0.000982s ]
[2023-06-15T07:24:09+08:00][sql] SELECT * FROM `information` ORDER BY `time` DESC LIMIT 1 [ RunTime:0.000351s ]
[2023-06-15T07:24:09+08:00][sql] SELECT * FROM `information` ORDER BY `time` DESC LIMIT 1,4 [ RunTime:0.000331s ]
[2023-06-15T07:24:09+08:00][sql] SHOW FULL COLUMNS FROM `course` [ RunTime:0.001049s ]
[2023-06-15T07:24:09+08:00][sql] SELECT `id`,`title` FROM `course` ORDER BY `sorting` ASC LIMIT 0,6 [ RunTime:0.000241s ]
[2023-06-15T07:24:09+08:00][sql] SHOW FULL COLUMNS FROM `teacher` [ RunTime:0.000886s ]
[2023-06-15T07:24:09+08:00][sql] SELECT * FROM `teacher` [ RunTime:0.000228s ]
[2023-06-15T07:24:09+08:00][sql] SHOW FULL COLUMNS FROM `address` [ RunTime:0.000928s ]
[2023-06-15T07:24:09+08:00][sql] SELECT * FROM `address` WHERE  `id` = 1 LIMIT 1 [ RunTime:0.000254s ]
[2023-06-15T07:24:09+08:00][sql] SELECT * FROM `address` WHERE  `id` = 2 LIMIT 1 [ RunTime:0.000232s ]
[2023-06-15T08:10:30+08:00][sql] CONNECT:[ UseTime:0.000443s ] mysql:host=localhost;port=3316;dbname=coffee;charset=utf8
[2023-06-15T08:10:30+08:00][sql] SHOW FULL COLUMNS FROM `banner` [ RunTime:0.001342s ]
[2023-06-15T08:10:30+08:00][sql] SELECT * FROM `banner` [ RunTime:0.000231s ]
[2023-06-15T08:10:30+08:00][sql] SHOW FULL COLUMNS FROM `information` [ RunTime:0.000979s ]
[2023-06-15T08:10:30+08:00][sql] SELECT * FROM `information` ORDER BY `time` DESC LIMIT 1 [ RunTime:0.000335s ]
[2023-06-15T08:10:30+08:00][sql] SELECT * FROM `information` ORDER BY `time` DESC LIMIT 1,4 [ RunTime:0.000320s ]
[2023-06-15T08:10:30+08:00][sql] SHOW FULL COLUMNS FROM `course` [ RunTime:0.001068s ]
[2023-06-15T08:10:30+08:00][sql] SELECT `id`,`title` FROM `course` ORDER BY `sorting` ASC LIMIT 0,6 [ RunTime:0.000277s ]
[2023-06-15T08:10:30+08:00][sql] SHOW FULL COLUMNS FROM `teacher` [ RunTime:0.000906s ]
[2023-06-15T08:10:30+08:00][sql] SELECT * FROM `teacher` [ RunTime:0.000300s ]
[2023-06-15T08:10:30+08:00][sql] SHOW FULL COLUMNS FROM `address` [ RunTime:0.001209s ]
[2023-06-15T08:10:30+08:00][sql] SELECT * FROM `address` WHERE  `id` = 1 LIMIT 1 [ RunTime:0.000281s ]
[2023-06-15T08:10:30+08:00][sql] SELECT * FROM `address` WHERE  `id` = 2 LIMIT 1 [ RunTime:0.000240s ]
[2023-06-15T08:14:53+08:00][sql] CONNECT:[ UseTime:0.000421s ] mysql:host=localhost;port=3316;dbname=coffee;charset=utf8
[2023-06-15T08:14:53+08:00][sql] SHOW FULL COLUMNS FROM `banner` [ RunTime:0.001851s ]
[2023-06-15T08:14:53+08:00][sql] SELECT * FROM `banner` [ RunTime:0.000292s ]
[2023-06-15T08:14:53+08:00][sql] SHOW FULL COLUMNS FROM `information` [ RunTime:0.001368s ]
[2023-06-15T08:14:53+08:00][sql] SELECT * FROM `information` ORDER BY `time` DESC LIMIT 1 [ RunTime:0.000387s ]
[2023-06-15T08:14:53+08:00][sql] SELECT * FROM `information` ORDER BY `time` DESC LIMIT 1,4 [ RunTime:0.000389s ]
[2023-06-15T08:14:53+08:00][sql] SHOW FULL COLUMNS FROM `course` [ RunTime:0.001187s ]
[2023-06-15T08:14:53+08:00][sql] SELECT `id`,`title` FROM `course` ORDER BY `sorting` ASC LIMIT 0,6 [ RunTime:0.000219s ]
[2023-06-15T08:14:53+08:00][sql] SHOW FULL COLUMNS FROM `teacher` [ RunTime:0.000833s ]
[2023-06-15T08:14:53+08:00][sql] SELECT * FROM `teacher` [ RunTime:0.000237s ]
[2023-06-15T08:14:53+08:00][sql] SHOW FULL COLUMNS FROM `address` [ RunTime:0.000847s ]
[2023-06-15T08:14:53+08:00][sql] SELECT * FROM `address` WHERE  `id` = 1 LIMIT 1 [ RunTime:0.000237s ]
[2023-06-15T08:14:53+08:00][sql] SELECT * FROM `address` WHERE  `id` = 2 LIMIT 1 [ RunTime:0.000186s ]
[2023-06-15T08:16:08+08:00][sql] CONNECT:[ UseTime:0.000496s ] mysql:host=localhost;port=3316;dbname=coffee;charset=utf8
[2023-06-15T08:16:08+08:00][sql] SHOW FULL COLUMNS FROM `banner` [ RunTime:0.001463s ]
[2023-06-15T08:16:08+08:00][sql] SELECT * FROM `banner` [ RunTime:0.000248s ]
[2023-06-15T08:16:08+08:00][sql] SHOW FULL COLUMNS FROM `information` [ RunTime:0.001057s ]
[2023-06-15T08:16:08+08:00][sql] SELECT * FROM `information` ORDER BY `time` DESC LIMIT 1 [ RunTime:0.000339s ]
[2023-06-15T08:16:08+08:00][sql] SELECT * FROM `information` ORDER BY `time` DESC LIMIT 1,4 [ RunTime:0.000344s ]
[2023-06-15T08:16:08+08:00][sql] SHOW FULL COLUMNS FROM `course` [ RunTime:0.001077s ]
[2023-06-15T08:16:08+08:00][sql] SELECT `id`,`title` FROM `course` ORDER BY `sorting` ASC LIMIT 0,6 [ RunTime:0.000244s ]
[2023-06-15T08:16:08+08:00][sql] SHOW FULL COLUMNS FROM `teacher` [ RunTime:0.000856s ]
[2023-06-15T08:16:08+08:00][sql] SELECT * FROM `teacher` [ RunTime:0.000229s ]
[2023-06-15T08:16:08+08:00][sql] SHOW FULL COLUMNS FROM `address` [ RunTime:0.000917s ]
[2023-06-15T08:16:08+08:00][sql] SELECT * FROM `address` WHERE  `id` = 1 LIMIT 1 [ RunTime:0.000232s ]
[2023-06-15T08:16:08+08:00][sql] SELECT * FROM `address` WHERE  `id` = 2 LIMIT 1 [ RunTime:0.000207s ]
[2023-06-15T08:22:29+08:00][sql] CONNECT:[ UseTime:0.000418s ] mysql:host=localhost;port=3316;dbname=coffee;charset=utf8
[2023-06-15T08:22:29+08:00][sql] SHOW FULL COLUMNS FROM `banner` [ RunTime:0.001273s ]
[2023-06-15T08:22:29+08:00][sql] SELECT * FROM `banner` [ RunTime:0.000224s ]
[2023-06-15T08:22:29+08:00][sql] SHOW FULL COLUMNS FROM `information` [ RunTime:0.000907s ]
[2023-06-15T08:22:29+08:00][sql] SELECT * FROM `information` ORDER BY `time` DESC LIMIT 1 [ RunTime:0.000301s ]
[2023-06-15T08:22:29+08:00][sql] SELECT * FROM `information` ORDER BY `time` DESC LIMIT 1,4 [ RunTime:0.000309s ]
[2023-06-15T08:22:29+08:00][sql] SHOW FULL COLUMNS FROM `course` [ RunTime:0.001001s ]
[2023-06-15T08:22:29+08:00][sql] SELECT `id`,`title` FROM `course` ORDER BY `sorting` ASC LIMIT 0,6 [ RunTime:0.000224s ]
[2023-06-15T08:22:29+08:00][sql] SHOW FULL COLUMNS FROM `teacher` [ RunTime:0.000851s ]
[2023-06-15T08:22:29+08:00][sql] SELECT * FROM `teacher` [ RunTime:0.000228s ]
[2023-06-15T08:22:29+08:00][sql] SHOW FULL COLUMNS FROM `address` [ RunTime:0.000882s ]
[2023-06-15T08:22:29+08:00][sql] SELECT * FROM `address` WHERE  `id` = 1 LIMIT 1 [ RunTime:0.000247s ]
[2023-06-15T08:22:29+08:00][sql] SELECT * FROM `address` WHERE  `id` = 2 LIMIT 1 [ RunTime:0.000223s ]
[2023-06-15T08:28:08+08:00][sql] CONNECT:[ UseTime:0.000436s ] mysql:host=localhost;port=3316;dbname=coffee;charset=utf8
[2023-06-15T08:28:08+08:00][sql] SHOW FULL COLUMNS FROM `banner` [ RunTime:0.001466s ]
[2023-06-15T08:28:08+08:00][sql] SELECT * FROM `banner` [ RunTime:0.000282s ]
[2023-06-15T08:28:08+08:00][sql] SHOW FULL COLUMNS FROM `information` [ RunTime:0.001060s ]
[2023-06-15T08:28:08+08:00][sql] SELECT * FROM `information` ORDER BY `time` DESC LIMIT 1 [ RunTime:0.000371s ]
[2023-06-15T08:28:08+08:00][sql] SELECT * FROM `information` ORDER BY `time` DESC LIMIT 1,4 [ RunTime:0.000394s ]
[2023-06-15T08:28:08+08:00][sql] SHOW FULL COLUMNS FROM `course` [ RunTime:0.001645s ]
[2023-06-15T08:28:08+08:00][sql] SELECT `id`,`title` FROM `course` ORDER BY `sorting` ASC LIMIT 0,6 [ RunTime:0.000275s ]
[2023-06-15T08:28:08+08:00][sql] SHOW FULL COLUMNS FROM `teacher` [ RunTime:0.000961s ]
[2023-06-15T08:28:08+08:00][sql] SELECT * FROM `teacher` [ RunTime:0.000236s ]
[2023-06-15T08:28:08+08:00][sql] SHOW FULL COLUMNS FROM `address` [ RunTime:0.000959s ]
[2023-06-15T08:28:08+08:00][sql] SELECT * FROM `address` WHERE  `id` = 1 LIMIT 1 [ RunTime:0.000239s ]
[2023-06-15T08:28:08+08:00][sql] SELECT * FROM `address` WHERE  `id` = 2 LIMIT 1 [ RunTime:0.000264s ]
[2023-06-15T08:51:20+08:00][sql] CONNECT:[ UseTime:0.000445s ] mysql:host=localhost;port=3316;dbname=coffee;charset=utf8
[2023-06-15T08:51:20+08:00][sql] SHOW FULL COLUMNS FROM `banner` [ RunTime:0.001355s ]
[2023-06-15T08:51:20+08:00][sql] SELECT * FROM `banner` [ RunTime:0.000307s ]
[2023-06-15T08:51:20+08:00][sql] SHOW FULL COLUMNS FROM `information` [ RunTime:0.001023s ]
[2023-06-15T08:51:20+08:00][sql] SELECT * FROM `information` ORDER BY `time` DESC LIMIT 1 [ RunTime:0.000362s ]
[2023-06-15T08:51:20+08:00][sql] SELECT * FROM `information` ORDER BY `time` DESC LIMIT 1,4 [ RunTime:0.000351s ]
[2023-06-15T08:51:20+08:00][sql] SHOW FULL COLUMNS FROM `course` [ RunTime:0.001067s ]
[2023-06-15T08:51:20+08:00][sql] SELECT `id`,`title` FROM `course` ORDER BY `sorting` ASC LIMIT 0,6 [ RunTime:0.000253s ]
[2023-06-15T08:51:20+08:00][sql] SHOW FULL COLUMNS FROM `teacher` [ RunTime:0.000883s ]
[2023-06-15T08:51:20+08:00][sql] SELECT * FROM `teacher` [ RunTime:0.000240s ]
[2023-06-15T08:51:20+08:00][sql] SHOW FULL COLUMNS FROM `address` [ RunTime:0.001069s ]
[2023-06-15T08:51:20+08:00][sql] SELECT * FROM `address` WHERE  `id` = 1 LIMIT 1 [ RunTime:0.000307s ]
[2023-06-15T08:51:20+08:00][sql] SELECT * FROM `address` WHERE  `id` = 2 LIMIT 1 [ RunTime:0.000242s ]
[2023-06-15T09:19:55+08:00][sql] CONNECT:[ UseTime:0.000424s ] mysql:host=localhost;port=3316;dbname=coffee;charset=utf8
[2023-06-15T09:19:55+08:00][sql] SHOW FULL COLUMNS FROM `banner` [ RunTime:0.001367s ]
[2023-06-15T09:19:55+08:00][sql] SELECT * FROM `banner` [ RunTime:0.000244s ]
[2023-06-15T09:19:55+08:00][sql] SHOW FULL COLUMNS FROM `information` [ RunTime:0.000992s ]
[2023-06-15T09:19:55+08:00][sql] SELECT * FROM `information` ORDER BY `time` DESC LIMIT 1 [ RunTime:0.000339s ]
[2023-06-15T09:19:55+08:00][sql] SELECT * FROM `information` ORDER BY `time` DESC LIMIT 1,4 [ RunTime:0.000350s ]
[2023-06-15T09:19:55+08:00][sql] SHOW FULL COLUMNS FROM `course` [ RunTime:0.001075s ]
[2023-06-15T09:19:55+08:00][sql] SELECT `id`,`title` FROM `course` ORDER BY `sorting` ASC LIMIT 0,6 [ RunTime:0.000226s ]
[2023-06-15T09:19:55+08:00][sql] SHOW FULL COLUMNS FROM `teacher` [ RunTime:0.000872s ]
[2023-06-15T09:19:55+08:00][sql] SELECT * FROM `teacher` [ RunTime:0.000219s ]
[2023-06-15T09:19:55+08:00][sql] SHOW FULL COLUMNS FROM `address` [ RunTime:0.000974s ]
[2023-06-15T09:19:55+08:00][sql] SELECT * FROM `address` WHERE  `id` = 1 LIMIT 1 [ RunTime:0.000277s ]
[2023-06-15T09:19:55+08:00][sql] SELECT * FROM `address` WHERE  `id` = 2 LIMIT 1 [ RunTime:0.000236s ]
[2023-06-15T09:20:28+08:00][sql] CONNECT:[ UseTime:0.000510s ] mysql:host=localhost;port=3316;dbname=coffee;charset=utf8
[2023-06-15T09:20:28+08:00][sql] SHOW FULL COLUMNS FROM `banner` [ RunTime:0.001902s ]
[2023-06-15T09:20:28+08:00][sql] SELECT * FROM `banner` [ RunTime:0.000297s ]
[2023-06-15T09:20:28+08:00][sql] SHOW FULL COLUMNS FROM `information` [ RunTime:0.001056s ]
[2023-06-15T09:20:28+08:00][sql] SELECT * FROM `information` ORDER BY `time` DESC LIMIT 1 [ RunTime:0.000320s ]
[2023-06-15T09:20:28+08:00][sql] SELECT * FROM `information` ORDER BY `time` DESC LIMIT 1,4 [ RunTime:0.000323s ]
[2023-06-15T09:20:28+08:00][sql] SHOW FULL COLUMNS FROM `course` [ RunTime:0.001044s ]
[2023-06-15T09:20:28+08:00][sql] SELECT `id`,`title` FROM `course` ORDER BY `sorting` ASC LIMIT 0,6 [ RunTime:0.000265s ]
[2023-06-15T09:20:28+08:00][sql] SHOW FULL COLUMNS FROM `teacher` [ RunTime:0.000919s ]
[2023-06-15T09:20:28+08:00][sql] SELECT * FROM `teacher` [ RunTime:0.000250s ]
[2023-06-15T09:20:28+08:00][sql] SHOW FULL COLUMNS FROM `address` [ RunTime:0.000873s ]
[2023-06-15T09:20:28+08:00][sql] SELECT * FROM `address` WHERE  `id` = 1 LIMIT 1 [ RunTime:0.000262s ]
[2023-06-15T09:20:28+08:00][sql] SELECT * FROM `address` WHERE  `id` = 2 LIMIT 1 [ RunTime:0.000222s ]
[2023-06-15T09:33:08+08:00][sql] CONNECT:[ UseTime:0.000819s ] mysql:host=localhost;port=3316;dbname=coffee;charset=utf8
[2023-06-15T09:33:08+08:00][sql] SHOW FULL COLUMNS FROM `banner` [ RunTime:0.001306s ]
[2023-06-15T09:33:08+08:00][sql] SELECT * FROM `banner` [ RunTime:0.000275s ]
[2023-06-15T09:33:08+08:00][sql] SHOW FULL COLUMNS FROM `information` [ RunTime:0.000950s ]
[2023-06-15T09:33:08+08:00][sql] SELECT * FROM `information` ORDER BY `time` DESC LIMIT 1 [ RunTime:0.000294s ]
[2023-06-15T09:33:08+08:00][sql] SELECT * FROM `information` ORDER BY `time` DESC LIMIT 1,4 [ RunTime:0.000382s ]
[2023-06-15T09:33:08+08:00][sql] SHOW FULL COLUMNS FROM `course` [ RunTime:0.001404s ]
[2023-06-15T09:33:08+08:00][sql] SELECT `id`,`title` FROM `course` ORDER BY `sorting` ASC LIMIT 0,6 [ RunTime:0.000283s ]
[2023-06-15T09:33:08+08:00][sql] SHOW FULL COLUMNS FROM `teacher` [ RunTime:0.000976s ]
[2023-06-15T09:33:08+08:00][sql] SELECT * FROM `teacher` [ RunTime:0.000299s ]
[2023-06-15T09:33:08+08:00][sql] SHOW FULL COLUMNS FROM `address` [ RunTime:0.001038s ]
[2023-06-15T09:33:08+08:00][sql] SELECT * FROM `address` WHERE  `id` = 1 LIMIT 1 [ RunTime:0.000356s ]
[2023-06-15T09:33:08+08:00][sql] SELECT * FROM `address` WHERE  `id` = 2 LIMIT 1 [ RunTime:0.000247s ]
[2023-06-15T09:58:59+08:00][sql] CONNECT:[ UseTime:0.000429s ] mysql:host=localhost;port=3316;dbname=coffee;charset=utf8
[2023-06-15T09:58:59+08:00][sql] SHOW FULL COLUMNS FROM `banner` [ RunTime:0.001268s ]
[2023-06-15T09:58:59+08:00][sql] SELECT * FROM `banner` [ RunTime:0.000216s ]
[2023-06-15T09:58:59+08:00][sql] SHOW FULL COLUMNS FROM `information` [ RunTime:0.000934s ]
[2023-06-15T09:58:59+08:00][sql] SELECT * FROM `information` ORDER BY `time` DESC LIMIT 1 [ RunTime:0.000311s ]
[2023-06-15T09:58:59+08:00][sql] SELECT * FROM `information` ORDER BY `time` DESC LIMIT 1,4 [ RunTime:0.000299s ]
[2023-06-15T09:58:59+08:00][sql] SHOW FULL COLUMNS FROM `course` [ RunTime:0.001068s ]
[2023-06-15T09:58:59+08:00][sql] SELECT `id`,`title` FROM `course` ORDER BY `sorting` ASC LIMIT 0,6 [ RunTime:0.000235s ]
[2023-06-15T09:58:59+08:00][sql] SHOW FULL COLUMNS FROM `teacher` [ RunTime:0.000808s ]
[2023-06-15T09:58:59+08:00][sql] SELECT * FROM `teacher` [ RunTime:0.000233s ]
[2023-06-15T09:58:59+08:00][sql] SHOW FULL COLUMNS FROM `address` [ RunTime:0.000871s ]
[2023-06-15T09:58:59+08:00][sql] SELECT * FROM `address` WHERE  `id` = 1 LIMIT 1 [ RunTime:0.000228s ]
[2023-06-15T09:58:59+08:00][sql] SELECT * FROM `address` WHERE  `id` = 2 LIMIT 1 [ RunTime:0.000201s ]
[2023-06-15T10:08:48+08:00][sql] CONNECT:[ UseTime:0.000454s ] mysql:host=localhost;port=3316;dbname=coffee;charset=utf8
[2023-06-15T10:08:48+08:00][sql] SHOW FULL COLUMNS FROM `banner` [ RunTime:0.001580s ]
[2023-06-15T10:08:48+08:00][sql] SELECT * FROM `banner` [ RunTime:0.000275s ]
[2023-06-15T10:08:48+08:00][sql] SHOW FULL COLUMNS FROM `information` [ RunTime:0.001047s ]
[2023-06-15T10:08:48+08:00][sql] SELECT * FROM `information` ORDER BY `time` DESC LIMIT 1 [ RunTime:0.000310s ]
[2023-06-15T10:08:48+08:00][sql] SELECT * FROM `information` ORDER BY `time` DESC LIMIT 1,4 [ RunTime:0.000324s ]
[2023-06-15T10:08:48+08:00][sql] SHOW FULL COLUMNS FROM `course` [ RunTime:0.001028s ]
[2023-06-15T10:08:48+08:00][sql] SELECT `id`,`title` FROM `course` ORDER BY `sorting` ASC LIMIT 0,6 [ RunTime:0.000285s ]
[2023-06-15T10:08:48+08:00][sql] SHOW FULL COLUMNS FROM `teacher` [ RunTime:0.000866s ]
[2023-06-15T10:08:48+08:00][sql] SELECT * FROM `teacher` [ RunTime:0.000266s ]
[2023-06-15T10:08:48+08:00][sql] SHOW FULL COLUMNS FROM `address` [ RunTime:0.000995s ]
[2023-06-15T10:08:48+08:00][sql] SELECT * FROM `address` WHERE  `id` = 1 LIMIT 1 [ RunTime:0.000279s ]
[2023-06-15T10:08:48+08:00][sql] SELECT * FROM `address` WHERE  `id` = 2 LIMIT 1 [ RunTime:0.000199s ]
[2023-06-15T10:11:43+08:00][sql] CONNECT:[ UseTime:0.000485s ] mysql:host=localhost;port=3316;dbname=coffee;charset=utf8
[2023-06-15T10:11:43+08:00][sql] SHOW FULL COLUMNS FROM `banner` [ RunTime:0.001454s ]
[2023-06-15T10:11:43+08:00][sql] SELECT * FROM `banner` [ RunTime:0.000230s ]
[2023-06-15T10:11:43+08:00][sql] SHOW FULL COLUMNS FROM `information` [ RunTime:0.001060s ]
[2023-06-15T10:11:43+08:00][sql] SELECT * FROM `information` ORDER BY `time` DESC LIMIT 1 [ RunTime:0.000298s ]
[2023-06-15T10:11:43+08:00][sql] SELECT * FROM `information` ORDER BY `time` DESC LIMIT 1,4 [ RunTime:0.000346s ]
[2023-06-15T10:11:43+08:00][sql] SHOW FULL COLUMNS FROM `course` [ RunTime:0.001164s ]
[2023-06-15T10:11:43+08:00][sql] SELECT `id`,`title` FROM `course` ORDER BY `sorting` ASC LIMIT 0,6 [ RunTime:0.000223s ]
[2023-06-15T10:11:43+08:00][sql] SHOW FULL COLUMNS FROM `teacher` [ RunTime:0.000970s ]
[2023-06-15T10:11:43+08:00][sql] SELECT * FROM `teacher` [ RunTime:0.000245s ]
[2023-06-15T10:11:43+08:00][sql] SHOW FULL COLUMNS FROM `address` [ RunTime:0.001001s ]
[2023-06-15T10:11:43+08:00][sql] SELECT * FROM `address` WHERE  `id` = 1 LIMIT 1 [ RunTime:0.000234s ]
[2023-06-15T10:11:43+08:00][sql] SELECT * FROM `address` WHERE  `id` = 2 LIMIT 1 [ RunTime:0.000205s ]
[2023-06-15T11:27:43+08:00][sql] CONNECT:[ UseTime:0.000440s ] mysql:host=localhost;port=3316;dbname=coffee;charset=utf8
[2023-06-15T11:27:43+08:00][sql] SHOW FULL COLUMNS FROM `banner` [ RunTime:0.001337s ]
[2023-06-15T11:27:43+08:00][sql] SELECT * FROM `banner` [ RunTime:0.000241s ]
[2023-06-15T11:27:43+08:00][sql] SHOW FULL COLUMNS FROM `information` [ RunTime:0.001010s ]
[2023-06-15T11:27:43+08:00][sql] SELECT * FROM `information` ORDER BY `time` DESC LIMIT 1 [ RunTime:0.000315s ]
[2023-06-15T11:27:43+08:00][sql] SELECT * FROM `information` ORDER BY `time` DESC LIMIT 1,4 [ RunTime:0.000336s ]
[2023-06-15T11:27:43+08:00][sql] SHOW FULL COLUMNS FROM `course` [ RunTime:0.001083s ]
[2023-06-15T11:27:43+08:00][sql] SELECT `id`,`title` FROM `course` ORDER BY `sorting` ASC LIMIT 0,6 [ RunTime:0.000252s ]
[2023-06-15T11:27:43+08:00][sql] SHOW FULL COLUMNS FROM `teacher` [ RunTime:0.000980s ]
[2023-06-15T11:27:43+08:00][sql] SELECT * FROM `teacher` [ RunTime:0.000238s ]
[2023-06-15T11:27:43+08:00][sql] SHOW FULL COLUMNS FROM `address` [ RunTime:0.000874s ]
[2023-06-15T11:27:43+08:00][sql] SELECT * FROM `address` WHERE  `id` = 1 LIMIT 1 [ RunTime:0.000236s ]
[2023-06-15T11:27:43+08:00][sql] SELECT * FROM `address` WHERE  `id` = 2 LIMIT 1 [ RunTime:0.000190s ]
[2023-06-15T12:29:08+08:00][sql] CONNECT:[ UseTime:0.000465s ] mysql:host=localhost;port=3316;dbname=coffee;charset=utf8
[2023-06-15T12:29:08+08:00][sql] SHOW FULL COLUMNS FROM `banner` [ RunTime:0.001938s ]
[2023-06-15T12:29:08+08:00][sql] SELECT * FROM `banner` [ RunTime:0.000267s ]
[2023-06-15T12:29:08+08:00][sql] SHOW FULL COLUMNS FROM `information` [ RunTime:0.001460s ]
[2023-06-15T12:29:08+08:00][sql] SELECT * FROM `information` ORDER BY `time` DESC LIMIT 1 [ RunTime:0.000378s ]
[2023-06-15T12:29:08+08:00][sql] SELECT * FROM `information` ORDER BY `time` DESC LIMIT 1,4 [ RunTime:0.000453s ]
[2023-06-15T12:29:08+08:00][sql] SHOW FULL COLUMNS FROM `course` [ RunTime:0.001573s ]
[2023-06-15T12:29:08+08:00][sql] SELECT `id`,`title` FROM `course` ORDER BY `sorting` ASC LIMIT 0,6 [ RunTime:0.000303s ]
[2023-06-15T12:29:08+08:00][sql] SHOW FULL COLUMNS FROM `teacher` [ RunTime:0.001297s ]
[2023-06-15T12:29:08+08:00][sql] SELECT * FROM `teacher` [ RunTime:0.000299s ]
[2023-06-15T12:29:08+08:00][sql] SHOW FULL COLUMNS FROM `address` [ RunTime:0.001170s ]
[2023-06-15T12:29:08+08:00][sql] SELECT * FROM `address` WHERE  `id` = 1 LIMIT 1 [ RunTime:0.000312s ]
[2023-06-15T12:29:08+08:00][sql] SELECT * FROM `address` WHERE  `id` = 2 LIMIT 1 [ RunTime:0.000267s ]
[2023-06-15T12:42:07+08:00][sql] CONNECT:[ UseTime:0.000431s ] mysql:host=localhost;port=3316;dbname=coffee;charset=utf8
[2023-06-15T12:42:07+08:00][sql] SHOW FULL COLUMNS FROM `banner` [ RunTime:0.001355s ]
[2023-06-15T12:42:07+08:00][sql] SELECT * FROM `banner` [ RunTime:0.000229s ]
[2023-06-15T12:42:07+08:00][sql] SHOW FULL COLUMNS FROM `information` [ RunTime:0.000993s ]
[2023-06-15T12:42:07+08:00][sql] SELECT * FROM `information` ORDER BY `time` DESC LIMIT 1 [ RunTime:0.000288s ]
[2023-06-15T12:42:07+08:00][sql] SELECT * FROM `information` ORDER BY `time` DESC LIMIT 1,4 [ RunTime:0.000343s ]
[2023-06-15T12:42:07+08:00][sql] SHOW FULL COLUMNS FROM `course` [ RunTime:0.001086s ]
[2023-06-15T12:42:07+08:00][sql] SELECT `id`,`title` FROM `course` ORDER BY `sorting` ASC LIMIT 0,6 [ RunTime:0.000219s ]
[2023-06-15T12:42:07+08:00][sql] SHOW FULL COLUMNS FROM `teacher` [ RunTime:0.000880s ]
[2023-06-15T12:42:07+08:00][sql] SELECT * FROM `teacher` [ RunTime:0.000241s ]
[2023-06-15T12:42:07+08:00][sql] SHOW FULL COLUMNS FROM `address` [ RunTime:0.000882s ]
[2023-06-15T12:42:07+08:00][sql] SELECT * FROM `address` WHERE  `id` = 1 LIMIT 1 [ RunTime:0.000249s ]
[2023-06-15T12:42:07+08:00][sql] SELECT * FROM `address` WHERE  `id` = 2 LIMIT 1 [ RunTime:0.000207s ]
[2023-06-15T13:33:44+08:00][sql] CONNECT:[ UseTime:0.000552s ] mysql:host=localhost;port=3316;dbname=coffee;charset=utf8
[2023-06-15T13:33:44+08:00][sql] SHOW FULL COLUMNS FROM `banner` [ RunTime:0.001434s ]
[2023-06-15T13:33:44+08:00][sql] SELECT * FROM `banner` [ RunTime:0.000253s ]
[2023-06-15T13:33:44+08:00][sql] SHOW FULL COLUMNS FROM `information` [ RunTime:0.001017s ]
[2023-06-15T13:33:44+08:00][sql] SELECT * FROM `information` ORDER BY `time` DESC LIMIT 1 [ RunTime:0.000310s ]
[2023-06-15T13:33:44+08:00][sql] SELECT * FROM `information` ORDER BY `time` DESC LIMIT 1,4 [ RunTime:0.000315s ]
[2023-06-15T13:33:44+08:00][sql] SHOW FULL COLUMNS FROM `course` [ RunTime:0.001040s ]
[2023-06-15T13:33:44+08:00][sql] SELECT `id`,`title` FROM `course` ORDER BY `sorting` ASC LIMIT 0,6 [ RunTime:0.000219s ]
[2023-06-15T13:33:44+08:00][sql] SHOW FULL COLUMNS FROM `teacher` [ RunTime:0.000866s ]
[2023-06-15T13:33:44+08:00][sql] SELECT * FROM `teacher` [ RunTime:0.000293s ]
[2023-06-15T13:33:44+08:00][sql] SHOW FULL COLUMNS FROM `address` [ RunTime:0.000937s ]
[2023-06-15T13:33:44+08:00][sql] SELECT * FROM `address` WHERE  `id` = 1 LIMIT 1 [ RunTime:0.000264s ]
[2023-06-15T13:33:44+08:00][sql] SELECT * FROM `address` WHERE  `id` = 2 LIMIT 1 [ RunTime:0.000244s ]
[2023-06-15T13:49:53+08:00][sql] CONNECT:[ UseTime:0.000422s ] mysql:host=localhost;port=3316;dbname=coffee;charset=utf8
[2023-06-15T13:49:53+08:00][sql] SHOW FULL COLUMNS FROM `banner` [ RunTime:0.001336s ]
[2023-06-15T13:49:53+08:00][sql] SELECT * FROM `banner` [ RunTime:0.000221s ]
[2023-06-15T13:49:53+08:00][sql] SHOW FULL COLUMNS FROM `information` [ RunTime:0.001020s ]
[2023-06-15T13:49:53+08:00][sql] SELECT * FROM `information` ORDER BY `time` DESC LIMIT 1 [ RunTime:0.000320s ]
[2023-06-15T13:49:53+08:00][sql] SELECT * FROM `information` ORDER BY `time` DESC LIMIT 1,4 [ RunTime:0.000319s ]
[2023-06-15T13:49:53+08:00][sql] SHOW FULL COLUMNS FROM `course` [ RunTime:0.001137s ]
[2023-06-15T13:49:53+08:00][sql] SELECT `id`,`title` FROM `course` ORDER BY `sorting` ASC LIMIT 0,6 [ RunTime:0.000306s ]
[2023-06-15T13:49:53+08:00][sql] SHOW FULL COLUMNS FROM `teacher` [ RunTime:0.001026s ]
[2023-06-15T13:49:53+08:00][sql] SELECT * FROM `teacher` [ RunTime:0.000228s ]
[2023-06-15T13:49:53+08:00][sql] SHOW FULL COLUMNS FROM `address` [ RunTime:0.000904s ]
[2023-06-15T13:49:53+08:00][sql] SELECT * FROM `address` WHERE  `id` = 1 LIMIT 1 [ RunTime:0.000262s ]
[2023-06-15T13:49:53+08:00][sql] SELECT * FROM `address` WHERE  `id` = 2 LIMIT 1 [ RunTime:0.000220s ]
[2023-06-15T14:39:06+08:00][sql] CONNECT:[ UseTime:0.000469s ] mysql:host=localhost;port=3316;dbname=coffee;charset=utf8
[2023-06-15T14:39:06+08:00][sql] SHOW FULL COLUMNS FROM `banner` [ RunTime:0.001334s ]
[2023-06-15T14:39:06+08:00][sql] SELECT * FROM `banner` [ RunTime:0.000259s ]
[2023-06-15T14:39:06+08:00][sql] SHOW FULL COLUMNS FROM `information` [ RunTime:0.001015s ]
[2023-06-15T14:39:06+08:00][sql] SELECT * FROM `information` ORDER BY `time` DESC LIMIT 1 [ RunTime:0.000320s ]
[2023-06-15T14:39:06+08:00][sql] SELECT * FROM `information` ORDER BY `time` DESC LIMIT 1,4 [ RunTime:0.000343s ]
[2023-06-15T14:39:06+08:00][sql] SHOW FULL COLUMNS FROM `course` [ RunTime:0.001046s ]
[2023-06-15T14:39:06+08:00][sql] SELECT `id`,`title` FROM `course` ORDER BY `sorting` ASC LIMIT 0,6 [ RunTime:0.000262s ]
[2023-06-15T14:39:06+08:00][sql] SHOW FULL COLUMNS FROM `teacher` [ RunTime:0.000878s ]
[2023-06-15T14:39:06+08:00][sql] SELECT * FROM `teacher` [ RunTime:0.000221s ]
[2023-06-15T14:39:06+08:00][sql] SHOW FULL COLUMNS FROM `address` [ RunTime:0.001029s ]
[2023-06-15T14:39:06+08:00][sql] SELECT * FROM `address` WHERE  `id` = 1 LIMIT 1 [ RunTime:0.000387s ]
[2023-06-15T14:39:06+08:00][sql] SELECT * FROM `address` WHERE  `id` = 2 LIMIT 1 [ RunTime:0.000318s ]
[2023-06-15T14:52:11+08:00][sql] CONNECT:[ UseTime:0.000487s ] mysql:host=localhost;port=3316;dbname=coffee;charset=utf8
[2023-06-15T14:52:11+08:00][sql] SHOW FULL COLUMNS FROM `banner` [ RunTime:0.001413s ]
[2023-06-15T14:52:11+08:00][sql] SELECT * FROM `banner` [ RunTime:0.000217s ]
[2023-06-15T14:52:11+08:00][sql] SHOW FULL COLUMNS FROM `information` [ RunTime:0.000989s ]
[2023-06-15T14:52:11+08:00][sql] SELECT * FROM `information` ORDER BY `time` DESC LIMIT 1 [ RunTime:0.000328s ]
[2023-06-15T14:52:11+08:00][sql] SELECT * FROM `information` ORDER BY `time` DESC LIMIT 1,4 [ RunTime:0.000364s ]
[2023-06-15T14:52:11+08:00][sql] SHOW FULL COLUMNS FROM `course` [ RunTime:0.001070s ]
[2023-06-15T14:52:11+08:00][sql] SELECT `id`,`title` FROM `course` ORDER BY `sorting` ASC LIMIT 0,6 [ RunTime:0.000299s ]
[2023-06-15T14:52:11+08:00][sql] SHOW FULL COLUMNS FROM `teacher` [ RunTime:0.000972s ]
[2023-06-15T14:52:11+08:00][sql] SELECT * FROM `teacher` [ RunTime:0.000229s ]
[2023-06-15T14:52:11+08:00][sql] SHOW FULL COLUMNS FROM `address` [ RunTime:0.001059s ]
[2023-06-15T14:52:11+08:00][sql] SELECT * FROM `address` WHERE  `id` = 1 LIMIT 1 [ RunTime:0.000356s ]
[2023-06-15T14:52:11+08:00][sql] SELECT * FROM `address` WHERE  `id` = 2 LIMIT 1 [ RunTime:0.000301s ]
[2023-06-15T15:38:45+08:00][sql] CONNECT:[ UseTime:0.000450s ] mysql:host=localhost;port=3316;dbname=coffee;charset=utf8
[2023-06-15T15:38:45+08:00][sql] SHOW FULL COLUMNS FROM `banner` [ RunTime:0.001642s ]
[2023-06-15T15:38:45+08:00][sql] SELECT * FROM `banner` [ RunTime:0.001313s ]
[2023-06-15T15:38:45+08:00][sql] SHOW FULL COLUMNS FROM `information` [ RunTime:0.001100s ]
[2023-06-15T15:38:45+08:00][sql] SELECT * FROM `information` ORDER BY `time` DESC LIMIT 1 [ RunTime:0.000366s ]
[2023-06-15T15:38:45+08:00][sql] SELECT * FROM `information` ORDER BY `time` DESC LIMIT 1,4 [ RunTime:0.000421s ]
[2023-06-15T15:38:45+08:00][sql] SHOW FULL COLUMNS FROM `course` [ RunTime:0.001243s ]
[2023-06-15T15:38:45+08:00][sql] SELECT `id`,`title` FROM `course` ORDER BY `sorting` ASC LIMIT 0,6 [ RunTime:0.000229s ]
[2023-06-15T15:38:45+08:00][sql] SHOW FULL COLUMNS FROM `teacher` [ RunTime:0.000899s ]
[2023-06-15T15:38:45+08:00][sql] SELECT * FROM `teacher` [ RunTime:0.000260s ]
[2023-06-15T15:38:45+08:00][sql] SHOW FULL COLUMNS FROM `address` [ RunTime:0.000845s ]
[2023-06-15T15:38:45+08:00][sql] SELECT * FROM `address` WHERE  `id` = 1 LIMIT 1 [ RunTime:0.000330s ]
[2023-06-15T15:38:45+08:00][sql] SELECT * FROM `address` WHERE  `id` = 2 LIMIT 1 [ RunTime:0.000197s ]
[2023-06-15T15:42:47+08:00][sql] CONNECT:[ UseTime:0.000399s ] mysql:host=localhost;port=3316;dbname=coffee;charset=utf8
[2023-06-15T15:42:47+08:00][sql] SHOW FULL COLUMNS FROM `banner` [ RunTime:0.001339s ]
[2023-06-15T15:42:47+08:00][sql] SELECT * FROM `banner` [ RunTime:0.000227s ]
[2023-06-15T15:42:47+08:00][sql] SHOW FULL COLUMNS FROM `information` [ RunTime:0.001063s ]
[2023-06-15T15:42:47+08:00][sql] SELECT * FROM `information` ORDER BY `time` DESC LIMIT 1 [ RunTime:0.000300s ]
[2023-06-15T15:42:47+08:00][sql] SELECT * FROM `information` ORDER BY `time` DESC LIMIT 1,4 [ RunTime:0.000321s ]
[2023-06-15T15:42:47+08:00][sql] SHOW FULL COLUMNS FROM `course` [ RunTime:0.001089s ]
[2023-06-15T15:42:47+08:00][sql] SELECT `id`,`title` FROM `course` ORDER BY `sorting` ASC LIMIT 0,6 [ RunTime:0.000229s ]
[2023-06-15T15:42:47+08:00][sql] SHOW FULL COLUMNS FROM `teacher` [ RunTime:0.000906s ]
[2023-06-15T15:42:47+08:00][sql] SELECT * FROM `teacher` [ RunTime:0.000224s ]
[2023-06-15T15:42:47+08:00][sql] SHOW FULL COLUMNS FROM `address` [ RunTime:0.000907s ]
[2023-06-15T15:42:47+08:00][sql] SELECT * FROM `address` WHERE  `id` = 1 LIMIT 1 [ RunTime:0.000257s ]
[2023-06-15T15:42:47+08:00][sql] SELECT * FROM `address` WHERE  `id` = 2 LIMIT 1 [ RunTime:0.000229s ]
[2023-06-15T15:42:47+08:00][sql] CONNECT:[ UseTime:0.000348s ] mysql:host=localhost;port=3316;dbname=coffee;charset=utf8
[2023-06-15T15:42:47+08:00][sql] SHOW FULL COLUMNS FROM `banner` [ RunTime:0.001083s ]
[2023-06-15T15:42:47+08:00][sql] SELECT * FROM `banner` [ RunTime:0.000261s ]
[2023-06-15T15:42:47+08:00][sql] SHOW FULL COLUMNS FROM `information` [ RunTime:0.001199s ]
[2023-06-15T15:42:47+08:00][sql] SELECT * FROM `information` ORDER BY `time` DESC LIMIT 1 [ RunTime:0.000398s ]
[2023-06-15T15:42:47+08:00][sql] SELECT * FROM `information` ORDER BY `time` DESC LIMIT 1,4 [ RunTime:0.000329s ]
[2023-06-15T15:42:47+08:00][sql] SHOW FULL COLUMNS FROM `course` [ RunTime:0.001159s ]
[2023-06-15T15:42:47+08:00][sql] SELECT `id`,`title` FROM `course` ORDER BY `sorting` ASC LIMIT 0,6 [ RunTime:0.000219s ]
[2023-06-15T15:42:47+08:00][sql] SHOW FULL COLUMNS FROM `teacher` [ RunTime:0.000987s ]
[2023-06-15T15:42:47+08:00][sql] SELECT * FROM `teacher` [ RunTime:0.000288s ]
[2023-06-15T15:42:47+08:00][sql] SHOW FULL COLUMNS FROM `address` [ RunTime:0.000956s ]
[2023-06-15T15:42:47+08:00][sql] SELECT * FROM `address` WHERE  `id` = 1 LIMIT 1 [ RunTime:0.000245s ]
[2023-06-15T15:42:47+08:00][sql] SELECT * FROM `address` WHERE  `id` = 2 LIMIT 1 [ RunTime:0.000211s ]
[2023-06-15T15:42:47+08:00][sql] CONNECT:[ UseTime:0.000348s ] mysql:host=localhost;port=3316;dbname=coffee;charset=utf8
[2023-06-15T15:42:47+08:00][sql] SHOW FULL COLUMNS FROM `banner` [ RunTime:0.001057s ]
[2023-06-15T15:42:47+08:00][sql] SELECT * FROM `banner` [ RunTime:0.000209s ]
[2023-06-15T15:42:47+08:00][sql] SHOW FULL COLUMNS FROM `information` [ RunTime:0.001423s ]
[2023-06-15T15:42:47+08:00][sql] SELECT * FROM `information` ORDER BY `time` DESC LIMIT 1 [ RunTime:0.000397s ]
[2023-06-15T15:42:47+08:00][sql] SELECT * FROM `information` ORDER BY `time` DESC LIMIT 1,4 [ RunTime:0.000395s ]
[2023-06-15T15:42:47+08:00][sql] SHOW FULL COLUMNS FROM `course` [ RunTime:0.001150s ]
[2023-06-15T15:42:47+08:00][sql] SELECT `id`,`title` FROM `course` ORDER BY `sorting` ASC LIMIT 0,6 [ RunTime:0.000241s ]
[2023-06-15T15:42:47+08:00][sql] SHOW FULL COLUMNS FROM `teacher` [ RunTime:0.000919s ]
[2023-06-15T15:42:47+08:00][sql] SELECT * FROM `teacher` [ RunTime:0.000275s ]
[2023-06-15T15:42:47+08:00][sql] SHOW FULL COLUMNS FROM `address` [ RunTime:0.000922s ]
[2023-06-15T15:42:47+08:00][sql] SELECT * FROM `address` WHERE  `id` = 1 LIMIT 1 [ RunTime:0.000251s ]
[2023-06-15T15:42:47+08:00][sql] SELECT * FROM `address` WHERE  `id` = 2 LIMIT 1 [ RunTime:0.000208s ]
[2023-06-15T16:18:16+08:00][sql] CONNECT:[ UseTime:0.000475s ] mysql:host=localhost;port=3316;dbname=coffee;charset=utf8
[2023-06-15T16:18:16+08:00][sql] SHOW FULL COLUMNS FROM `banner` [ RunTime:0.001348s ]
[2023-06-15T16:18:16+08:00][sql] SELECT * FROM `banner` [ RunTime:0.000226s ]
[2023-06-15T16:18:16+08:00][sql] SHOW FULL COLUMNS FROM `information` [ RunTime:0.000977s ]
[2023-06-15T16:18:16+08:00][sql] SELECT * FROM `information` ORDER BY `time` DESC LIMIT 1 [ RunTime:0.000317s ]
[2023-06-15T16:18:16+08:00][sql] SELECT * FROM `information` ORDER BY `time` DESC LIMIT 1,4 [ RunTime:0.000389s ]
[2023-06-15T16:18:16+08:00][sql] SHOW FULL COLUMNS FROM `course` [ RunTime:0.001091s ]
[2023-06-15T16:18:16+08:00][sql] SELECT `id`,`title` FROM `course` ORDER BY `sorting` ASC LIMIT 0,6 [ RunTime:0.000230s ]
[2023-06-15T16:18:16+08:00][sql] SHOW FULL COLUMNS FROM `teacher` [ RunTime:0.000887s ]
[2023-06-15T16:18:16+08:00][sql] SELECT * FROM `teacher` [ RunTime:0.000278s ]
[2023-06-15T16:18:16+08:00][sql] SHOW FULL COLUMNS FROM `address` [ RunTime:0.001040s ]
[2023-06-15T16:18:16+08:00][sql] SELECT * FROM `address` WHERE  `id` = 1 LIMIT 1 [ RunTime:0.000275s ]
[2023-06-15T16:18:16+08:00][sql] SELECT * FROM `address` WHERE  `id` = 2 LIMIT 1 [ RunTime:0.000219s ]
[2023-06-15T17:38:54+08:00][sql] CONNECT:[ UseTime:0.000586s ] mysql:host=localhost;port=3316;dbname=coffee;charset=utf8
[2023-06-15T17:38:54+08:00][sql] SHOW FULL COLUMNS FROM `banner` [ RunTime:0.001443s ]
[2023-06-15T17:38:54+08:00][sql] SELECT * FROM `banner` [ RunTime:0.000235s ]
[2023-06-15T17:38:54+08:00][sql] SHOW FULL COLUMNS FROM `information` [ RunTime:0.001020s ]
[2023-06-15T17:38:54+08:00][sql] SELECT * FROM `information` ORDER BY `time` DESC LIMIT 1 [ RunTime:0.000336s ]
[2023-06-15T17:38:54+08:00][sql] SELECT * FROM `information` ORDER BY `time` DESC LIMIT 1,4 [ RunTime:0.000301s ]
[2023-06-15T17:38:54+08:00][sql] SHOW FULL COLUMNS FROM `course` [ RunTime:0.001038s ]
[2023-06-15T17:38:54+08:00][sql] SELECT `id`,`title` FROM `course` ORDER BY `sorting` ASC LIMIT 0,6 [ RunTime:0.000256s ]
[2023-06-15T17:38:54+08:00][sql] SHOW FULL COLUMNS FROM `teacher` [ RunTime:0.000925s ]
[2023-06-15T17:38:54+08:00][sql] SELECT * FROM `teacher` [ RunTime:0.000269s ]
[2023-06-15T17:38:54+08:00][sql] SHOW FULL COLUMNS FROM `address` [ RunTime:0.000879s ]
[2023-06-15T17:38:54+08:00][sql] SELECT * FROM `address` WHERE  `id` = 1 LIMIT 1 [ RunTime:0.000230s ]
[2023-06-15T17:38:54+08:00][sql] SELECT * FROM `address` WHERE  `id` = 2 LIMIT 1 [ RunTime:0.000202s ]
[2023-06-15T18:37:10+08:00][sql] CONNECT:[ UseTime:0.000517s ] mysql:host=localhost;port=3316;dbname=coffee;charset=utf8
[2023-06-15T18:37:10+08:00][sql] SHOW FULL COLUMNS FROM `banner` [ RunTime:0.001744s ]
[2023-06-15T18:37:10+08:00][sql] SELECT * FROM `banner` [ RunTime:0.000241s ]
[2023-06-15T18:37:10+08:00][sql] SHOW FULL COLUMNS FROM `information` [ RunTime:0.001253s ]
[2023-06-15T18:37:10+08:00][sql] SELECT * FROM `information` ORDER BY `time` DESC LIMIT 1 [ RunTime:0.000310s ]
[2023-06-15T18:37:10+08:00][sql] SELECT * FROM `information` ORDER BY `time` DESC LIMIT 1,4 [ RunTime:0.000305s ]
[2023-06-15T18:37:10+08:00][sql] SHOW FULL COLUMNS FROM `course` [ RunTime:0.001170s ]
[2023-06-15T18:37:10+08:00][sql] SELECT `id`,`title` FROM `course` ORDER BY `sorting` ASC LIMIT 0,6 [ RunTime:0.000250s ]
[2023-06-15T18:37:10+08:00][sql] SHOW FULL COLUMNS FROM `teacher` [ RunTime:0.000867s ]
[2023-06-15T18:37:10+08:00][sql] SELECT * FROM `teacher` [ RunTime:0.000244s ]
[2023-06-15T18:37:10+08:00][sql] SHOW FULL COLUMNS FROM `address` [ RunTime:0.000907s ]
[2023-06-15T18:37:10+08:00][sql] SELECT * FROM `address` WHERE  `id` = 1 LIMIT 1 [ RunTime:0.000271s ]
[2023-06-15T18:37:10+08:00][sql] SELECT * FROM `address` WHERE  `id` = 2 LIMIT 1 [ RunTime:0.000206s ]
[2023-06-15T19:10:07+08:00][sql] CONNECT:[ UseTime:0.000448s ] mysql:host=localhost;port=3316;dbname=coffee;charset=utf8
[2023-06-15T19:10:07+08:00][sql] SHOW FULL COLUMNS FROM `banner` [ RunTime:0.001315s ]
[2023-06-15T19:10:07+08:00][sql] SELECT * FROM `banner` [ RunTime:0.000240s ]
[2023-06-15T19:10:07+08:00][sql] SHOW FULL COLUMNS FROM `information` [ RunTime:0.001019s ]
[2023-06-15T19:10:07+08:00][sql] SELECT * FROM `information` ORDER BY `time` DESC LIMIT 1 [ RunTime:0.000327s ]
[2023-06-15T19:10:07+08:00][sql] SELECT * FROM `information` ORDER BY `time` DESC LIMIT 1,4 [ RunTime:0.000340s ]
[2023-06-15T19:10:07+08:00][sql] SHOW FULL COLUMNS FROM `course` [ RunTime:0.001124s ]
[2023-06-15T19:10:07+08:00][sql] SELECT `id`,`title` FROM `course` ORDER BY `sorting` ASC LIMIT 0,6 [ RunTime:0.000227s ]
[2023-06-15T19:10:07+08:00][sql] SHOW FULL COLUMNS FROM `teacher` [ RunTime:0.000935s ]
[2023-06-15T19:10:07+08:00][sql] SELECT * FROM `teacher` [ RunTime:0.000222s ]
[2023-06-15T19:10:07+08:00][sql] SHOW FULL COLUMNS FROM `address` [ RunTime:0.000941s ]
[2023-06-15T19:10:07+08:00][sql] SELECT * FROM `address` WHERE  `id` = 1 LIMIT 1 [ RunTime:0.000250s ]
[2023-06-15T19:10:07+08:00][sql] SELECT * FROM `address` WHERE  `id` = 2 LIMIT 1 [ RunTime:0.000208s ]
[2023-06-15T19:25:18+08:00][sql] CONNECT:[ UseTime:0.000421s ] mysql:host=localhost;port=3316;dbname=coffee;charset=utf8
[2023-06-15T19:25:18+08:00][sql] SHOW FULL COLUMNS FROM `banner` [ RunTime:0.001363s ]
[2023-06-15T19:25:18+08:00][sql] SELECT * FROM `banner` [ RunTime:0.000231s ]
[2023-06-15T19:25:18+08:00][sql] SHOW FULL COLUMNS FROM `information` [ RunTime:0.000988s ]
[2023-06-15T19:25:18+08:00][sql] SELECT * FROM `information` ORDER BY `time` DESC LIMIT 1 [ RunTime:0.000332s ]
[2023-06-15T19:25:18+08:00][sql] SELECT * FROM `information` ORDER BY `time` DESC LIMIT 1,4 [ RunTime:0.000314s ]
[2023-06-15T19:25:18+08:00][sql] SHOW FULL COLUMNS FROM `course` [ RunTime:0.001111s ]
[2023-06-15T19:25:18+08:00][sql] SELECT `id`,`title` FROM `course` ORDER BY `sorting` ASC LIMIT 0,6 [ RunTime:0.000268s ]
[2023-06-15T19:25:18+08:00][sql] SHOW FULL COLUMNS FROM `teacher` [ RunTime:0.000928s ]
[2023-06-15T19:25:18+08:00][sql] SELECT * FROM `teacher` [ RunTime:0.000247s ]
[2023-06-15T19:25:18+08:00][sql] SHOW FULL COLUMNS FROM `address` [ RunTime:0.000955s ]
[2023-06-15T19:25:18+08:00][sql] SELECT * FROM `address` WHERE  `id` = 1 LIMIT 1 [ RunTime:0.000251s ]
[2023-06-15T19:25:18+08:00][sql] SELECT * FROM `address` WHERE  `id` = 2 LIMIT 1 [ RunTime:0.000202s ]
[2023-06-15T19:57:11+08:00][sql] CONNECT:[ UseTime:0.000509s ] mysql:host=localhost;port=3316;dbname=coffee;charset=utf8
[2023-06-15T19:57:11+08:00][sql] SHOW FULL COLUMNS FROM `banner` [ RunTime:0.001527s ]
[2023-06-15T19:57:11+08:00][sql] SELECT * FROM `banner` [ RunTime:0.000281s ]
[2023-06-15T19:57:11+08:00][sql] SHOW FULL COLUMNS FROM `information` [ RunTime:0.001364s ]
[2023-06-15T19:57:11+08:00][sql] SELECT * FROM `information` ORDER BY `time` DESC LIMIT 1 [ RunTime:0.000473s ]
[2023-06-15T19:57:11+08:00][sql] SELECT * FROM `information` ORDER BY `time` DESC LIMIT 1,4 [ RunTime:0.000343s ]
[2023-06-15T19:57:11+08:00][sql] SHOW FULL COLUMNS FROM `course` [ RunTime:0.001327s ]
[2023-06-15T19:57:11+08:00][sql] SELECT `id`,`title` FROM `course` ORDER BY `sorting` ASC LIMIT 0,6 [ RunTime:0.000514s ]
[2023-06-15T19:57:11+08:00][sql] SHOW FULL COLUMNS FROM `teacher` [ RunTime:0.001138s ]
[2023-06-15T19:57:11+08:00][sql] SELECT * FROM `teacher` [ RunTime:0.000274s ]
[2023-06-15T19:57:11+08:00][sql] SHOW FULL COLUMNS FROM `address` [ RunTime:0.001170s ]
[2023-06-15T19:57:11+08:00][sql] SELECT * FROM `address` WHERE  `id` = 1 LIMIT 1 [ RunTime:0.000398s ]
[2023-06-15T19:57:11+08:00][sql] SELECT * FROM `address` WHERE  `id` = 2 LIMIT 1 [ RunTime:0.000240s ]
[2023-06-15T20:06:19+08:00][sql] CONNECT:[ UseTime:0.000565s ] mysql:host=localhost;port=3316;dbname=coffee;charset=utf8
[2023-06-15T20:06:19+08:00][sql] SHOW FULL COLUMNS FROM `banner` [ RunTime:0.001447s ]
[2023-06-15T20:06:19+08:00][sql] SELECT * FROM `banner` [ RunTime:0.000254s ]
[2023-06-15T20:06:19+08:00][sql] SHOW FULL COLUMNS FROM `information` [ RunTime:0.001278s ]
[2023-06-15T20:06:19+08:00][sql] SELECT * FROM `information` ORDER BY `time` DESC LIMIT 1 [ RunTime:0.000310s ]
[2023-06-15T20:06:19+08:00][sql] SELECT * FROM `information` ORDER BY `time` DESC LIMIT 1,4 [ RunTime:0.000321s ]
[2023-06-15T20:06:19+08:00][sql] SHOW FULL COLUMNS FROM `course` [ RunTime:0.001143s ]
[2023-06-15T20:06:19+08:00][sql] SELECT `id`,`title` FROM `course` ORDER BY `sorting` ASC LIMIT 0,6 [ RunTime:0.000271s ]
[2023-06-15T20:06:19+08:00][sql] SHOW FULL COLUMNS FROM `teacher` [ RunTime:0.001273s ]
[2023-06-15T20:06:19+08:00][sql] SELECT * FROM `teacher` [ RunTime:0.000304s ]
[2023-06-15T20:06:19+08:00][sql] SHOW FULL COLUMNS FROM `address` [ RunTime:0.001033s ]
[2023-06-15T20:06:19+08:00][sql] SELECT * FROM `address` WHERE  `id` = 1 LIMIT 1 [ RunTime:0.000341s ]
[2023-06-15T20:06:19+08:00][sql] SELECT * FROM `address` WHERE  `id` = 2 LIMIT 1 [ RunTime:0.000382s ]
[2023-06-15T20:17:44+08:00][sql] CONNECT:[ UseTime:0.000472s ] mysql:host=localhost;port=3316;dbname=coffee;charset=utf8
[2023-06-15T20:17:44+08:00][sql] SHOW FULL COLUMNS FROM `banner` [ RunTime:0.001420s ]
[2023-06-15T20:17:44+08:00][sql] SELECT * FROM `banner` [ RunTime:0.000228s ]
[2023-06-15T20:17:44+08:00][sql] SHOW FULL COLUMNS FROM `information` [ RunTime:0.001335s ]
[2023-06-15T20:17:44+08:00][sql] SELECT * FROM `information` ORDER BY `time` DESC LIMIT 1 [ RunTime:0.000352s ]
[2023-06-15T20:17:44+08:00][sql] SELECT * FROM `information` ORDER BY `time` DESC LIMIT 1,4 [ RunTime:0.000339s ]
[2023-06-15T20:17:44+08:00][sql] SHOW FULL COLUMNS FROM `course` [ RunTime:0.001130s ]
[2023-06-15T20:17:44+08:00][sql] SELECT `id`,`title` FROM `course` ORDER BY `sorting` ASC LIMIT 0,6 [ RunTime:0.000243s ]
[2023-06-15T20:17:44+08:00][sql] SHOW FULL COLUMNS FROM `teacher` [ RunTime:0.000903s ]
[2023-06-15T20:17:44+08:00][sql] SELECT * FROM `teacher` [ RunTime:0.000387s ]
[2023-06-15T20:17:44+08:00][sql] SHOW FULL COLUMNS FROM `address` [ RunTime:0.001040s ]
[2023-06-15T20:17:44+08:00][sql] SELECT * FROM `address` WHERE  `id` = 1 LIMIT 1 [ RunTime:0.000276s ]
[2023-06-15T20:17:44+08:00][sql] SELECT * FROM `address` WHERE  `id` = 2 LIMIT 1 [ RunTime:0.000248s ]
[2023-06-15T20:36:25+08:00][sql] CONNECT:[ UseTime:0.000464s ] mysql:host=localhost;port=3316;dbname=coffee;charset=utf8
[2023-06-15T20:36:25+08:00][sql] SHOW FULL COLUMNS FROM `banner` [ RunTime:0.001324s ]
[2023-06-15T20:36:25+08:00][sql] SELECT * FROM `banner` [ RunTime:0.000325s ]
[2023-06-15T20:36:25+08:00][sql] SHOW FULL COLUMNS FROM `information` [ RunTime:0.000956s ]
[2023-06-15T20:36:25+08:00][sql] SELECT * FROM `information` ORDER BY `time` DESC LIMIT 1 [ RunTime:0.000343s ]
[2023-06-15T20:36:25+08:00][sql] SELECT * FROM `information` ORDER BY `time` DESC LIMIT 1,4 [ RunTime:0.000335s ]
[2023-06-15T20:36:25+08:00][sql] SHOW FULL COLUMNS FROM `course` [ RunTime:0.001090s ]
[2023-06-15T20:36:25+08:00][sql] SELECT `id`,`title` FROM `course` ORDER BY `sorting` ASC LIMIT 0,6 [ RunTime:0.000286s ]
[2023-06-15T20:36:25+08:00][sql] SHOW FULL COLUMNS FROM `teacher` [ RunTime:0.001059s ]
[2023-06-15T20:36:25+08:00][sql] SELECT * FROM `teacher` [ RunTime:0.000262s ]
[2023-06-15T20:36:25+08:00][sql] SHOW FULL COLUMNS FROM `address` [ RunTime:0.000966s ]
[2023-06-15T20:36:25+08:00][sql] SELECT * FROM `address` WHERE  `id` = 1 LIMIT 1 [ RunTime:0.000251s ]
[2023-06-15T20:36:25+08:00][sql] SELECT * FROM `address` WHERE  `id` = 2 LIMIT 1 [ RunTime:0.000209s ]
[2023-06-15T20:41:43+08:00][sql] CONNECT:[ UseTime:0.000423s ] mysql:host=localhost;port=3316;dbname=coffee;charset=utf8
[2023-06-15T20:41:43+08:00][sql] SHOW FULL COLUMNS FROM `banner` [ RunTime:0.001438s ]
[2023-06-15T20:41:43+08:00][sql] SELECT * FROM `banner` [ RunTime:0.000249s ]
[2023-06-15T20:41:43+08:00][sql] SHOW FULL COLUMNS FROM `information` [ RunTime:0.001071s ]
[2023-06-15T20:41:43+08:00][sql] SELECT * FROM `information` ORDER BY `time` DESC LIMIT 1 [ RunTime:0.000334s ]
[2023-06-15T20:41:43+08:00][sql] SELECT * FROM `information` ORDER BY `time` DESC LIMIT 1,4 [ RunTime:0.000311s ]
[2023-06-15T20:41:43+08:00][sql] SHOW FULL COLUMNS FROM `course` [ RunTime:0.001057s ]
[2023-06-15T20:41:43+08:00][sql] SELECT `id`,`title` FROM `course` ORDER BY `sorting` ASC LIMIT 0,6 [ RunTime:0.000338s ]
[2023-06-15T20:41:43+08:00][sql] SHOW FULL COLUMNS FROM `teacher` [ RunTime:0.000907s ]
[2023-06-15T20:41:43+08:00][sql] SELECT * FROM `teacher` [ RunTime:0.000221s ]
[2023-06-15T20:41:43+08:00][sql] SHOW FULL COLUMNS FROM `address` [ RunTime:0.000946s ]
[2023-06-15T20:41:43+08:00][sql] SELECT * FROM `address` WHERE  `id` = 1 LIMIT 1 [ RunTime:0.000235s ]
[2023-06-15T20:41:43+08:00][sql] SELECT * FROM `address` WHERE  `id` = 2 LIMIT 1 [ RunTime:0.000200s ]
[2023-06-15T20:49:14+08:00][sql] CONNECT:[ UseTime:0.000435s ] mysql:host=localhost;port=3316;dbname=coffee;charset=utf8
[2023-06-15T20:49:14+08:00][sql] SHOW FULL COLUMNS FROM `banner` [ RunTime:0.001601s ]
[2023-06-15T20:49:14+08:00][sql] SELECT * FROM `banner` [ RunTime:0.000252s ]
[2023-06-15T20:49:14+08:00][sql] SHOW FULL COLUMNS FROM `information` [ RunTime:0.001197s ]
[2023-06-15T20:49:14+08:00][sql] SELECT * FROM `information` ORDER BY `time` DESC LIMIT 1 [ RunTime:0.000422s ]
[2023-06-15T20:49:14+08:00][sql] SELECT * FROM `information` ORDER BY `time` DESC LIMIT 1,4 [ RunTime:0.000426s ]
[2023-06-15T20:49:14+08:00][sql] SHOW FULL COLUMNS FROM `course` [ RunTime:0.001388s ]
[2023-06-15T20:49:14+08:00][sql] SELECT `id`,`title` FROM `course` ORDER BY `sorting` ASC LIMIT 0,6 [ RunTime:0.000254s ]
[2023-06-15T20:49:14+08:00][sql] SHOW FULL COLUMNS FROM `teacher` [ RunTime:0.000992s ]
[2023-06-15T20:49:14+08:00][sql] SELECT * FROM `teacher` [ RunTime:0.000268s ]
[2023-06-15T20:49:14+08:00][sql] SHOW FULL COLUMNS FROM `address` [ RunTime:0.001012s ]
[2023-06-15T20:49:14+08:00][sql] SELECT * FROM `address` WHERE  `id` = 1 LIMIT 1 [ RunTime:0.000274s ]
[2023-06-15T20:49:14+08:00][sql] SELECT * FROM `address` WHERE  `id` = 2 LIMIT 1 [ RunTime:0.000238s ]
[2023-06-15T20:58:26+08:00][sql] CONNECT:[ UseTime:0.000482s ] mysql:host=localhost;port=3316;dbname=coffee;charset=utf8
[2023-06-15T20:58:26+08:00][sql] SHOW FULL COLUMNS FROM `banner` [ RunTime:0.001441s ]
[2023-06-15T20:58:26+08:00][sql] SELECT * FROM `banner` [ RunTime:0.000244s ]
[2023-06-15T20:58:26+08:00][sql] SHOW FULL COLUMNS FROM `information` [ RunTime:0.001021s ]
[2023-06-15T20:58:26+08:00][sql] SELECT * FROM `information` ORDER BY `time` DESC LIMIT 1 [ RunTime:0.000322s ]
[2023-06-15T20:58:26+08:00][sql] SELECT * FROM `information` ORDER BY `time` DESC LIMIT 1,4 [ RunTime:0.000319s ]
[2023-06-15T20:58:26+08:00][sql] SHOW FULL COLUMNS FROM `course` [ RunTime:0.001090s ]
[2023-06-15T20:58:26+08:00][sql] SELECT `id`,`title` FROM `course` ORDER BY `sorting` ASC LIMIT 0,6 [ RunTime:0.000264s ]
[2023-06-15T20:58:26+08:00][sql] SHOW FULL COLUMNS FROM `teacher` [ RunTime:0.001174s ]
[2023-06-15T20:58:26+08:00][sql] SELECT * FROM `teacher` [ RunTime:0.000258s ]
[2023-06-15T20:58:26+08:00][sql] SHOW FULL COLUMNS FROM `address` [ RunTime:0.000969s ]
[2023-06-15T20:58:26+08:00][sql] SELECT * FROM `address` WHERE  `id` = 1 LIMIT 1 [ RunTime:0.000260s ]
[2023-06-15T20:58:26+08:00][sql] SELECT * FROM `address` WHERE  `id` = 2 LIMIT 1 [ RunTime:0.000208s ]
[2023-06-15T21:04:06+08:00][sql] CONNECT:[ UseTime:0.000406s ] mysql:host=localhost;port=3316;dbname=coffee;charset=utf8
[2023-06-15T21:04:06+08:00][sql] SHOW FULL COLUMNS FROM `banner` [ RunTime:0.001350s ]
[2023-06-15T21:04:06+08:00][sql] SELECT * FROM `banner` [ RunTime:0.000221s ]
[2023-06-15T21:04:06+08:00][sql] SHOW FULL COLUMNS FROM `information` [ RunTime:0.001040s ]
[2023-06-15T21:04:06+08:00][sql] SELECT * FROM `information` ORDER BY `time` DESC LIMIT 1 [ RunTime:0.000316s ]
[2023-06-15T21:04:06+08:00][sql] SELECT * FROM `information` ORDER BY `time` DESC LIMIT 1,4 [ RunTime:0.000313s ]
[2023-06-15T21:04:06+08:00][sql] SHOW FULL COLUMNS FROM `course` [ RunTime:0.001089s ]
[2023-06-15T21:04:06+08:00][sql] SELECT `id`,`title` FROM `course` ORDER BY `sorting` ASC LIMIT 0,6 [ RunTime:0.000236s ]
[2023-06-15T21:04:06+08:00][sql] SHOW FULL COLUMNS FROM `teacher` [ RunTime:0.000926s ]
[2023-06-15T21:04:06+08:00][sql] SELECT * FROM `teacher` [ RunTime:0.000225s ]
[2023-06-15T21:04:06+08:00][sql] SHOW FULL COLUMNS FROM `address` [ RunTime:0.000969s ]
[2023-06-15T21:04:06+08:00][sql] SELECT * FROM `address` WHERE  `id` = 1 LIMIT 1 [ RunTime:0.000388s ]
[2023-06-15T21:04:06+08:00][sql] SELECT * FROM `address` WHERE  `id` = 2 LIMIT 1 [ RunTime:0.000226s ]
[2023-06-15T21:07:50+08:00][sql] CONNECT:[ UseTime:0.000417s ] mysql:host=localhost;port=3316;dbname=coffee;charset=utf8
[2023-06-15T21:07:50+08:00][sql] SHOW FULL COLUMNS FROM `banner` [ RunTime:0.001922s ]
[2023-06-15T21:07:50+08:00][sql] SELECT * FROM `banner` [ RunTime:0.000298s ]
[2023-06-15T21:07:50+08:00][sql] SHOW FULL COLUMNS FROM `information` [ RunTime:0.001527s ]
[2023-06-15T21:07:50+08:00][sql] SELECT * FROM `information` ORDER BY `time` DESC LIMIT 1 [ RunTime:0.000435s ]
[2023-06-15T21:07:50+08:00][sql] SELECT * FROM `information` ORDER BY `time` DESC LIMIT 1,4 [ RunTime:0.000458s ]
[2023-06-15T21:07:50+08:00][sql] SHOW FULL COLUMNS FROM `course` [ RunTime:0.001730s ]
[2023-06-15T21:07:50+08:00][sql] SELECT `id`,`title` FROM `course` ORDER BY `sorting` ASC LIMIT 0,6 [ RunTime:0.000326s ]
[2023-06-15T21:07:50+08:00][sql] SHOW FULL COLUMNS FROM `teacher` [ RunTime:0.001209s ]
[2023-06-15T21:07:50+08:00][sql] SELECT * FROM `teacher` [ RunTime:0.000488s ]
[2023-06-15T21:07:50+08:00][sql] SHOW FULL COLUMNS FROM `address` [ RunTime:0.001172s ]
[2023-06-15T21:07:50+08:00][sql] SELECT * FROM `address` WHERE  `id` = 1 LIMIT 1 [ RunTime:0.000314s ]
[2023-06-15T21:07:50+08:00][sql] SELECT * FROM `address` WHERE  `id` = 2 LIMIT 1 [ RunTime:0.000263s ]
[2023-06-15T21:09:59+08:00][sql] CONNECT:[ UseTime:0.000423s ] mysql:host=localhost;port=3316;dbname=coffee;charset=utf8
[2023-06-15T21:09:59+08:00][sql] SHOW FULL COLUMNS FROM `banner` [ RunTime:0.001276s ]
[2023-06-15T21:09:59+08:00][sql] SELECT * FROM `banner` [ RunTime:0.000222s ]
[2023-06-15T21:09:59+08:00][sql] SHOW FULL COLUMNS FROM `information` [ RunTime:0.000921s ]
[2023-06-15T21:09:59+08:00][sql] SELECT * FROM `information` ORDER BY `time` DESC LIMIT 1 [ RunTime:0.000300s ]
[2023-06-15T21:09:59+08:00][sql] SELECT * FROM `information` ORDER BY `time` DESC LIMIT 1,4 [ RunTime:0.000310s ]
[2023-06-15T21:09:59+08:00][sql] SHOW FULL COLUMNS FROM `course` [ RunTime:0.001017s ]
[2023-06-15T21:09:59+08:00][sql] SELECT `id`,`title` FROM `course` ORDER BY `sorting` ASC LIMIT 0,6 [ RunTime:0.000223s ]
[2023-06-15T21:09:59+08:00][sql] SHOW FULL COLUMNS FROM `teacher` [ RunTime:0.000885s ]
[2023-06-15T21:09:59+08:00][sql] SELECT * FROM `teacher` [ RunTime:0.000226s ]
[2023-06-15T21:09:59+08:00][sql] SHOW FULL COLUMNS FROM `address` [ RunTime:0.000834s ]
[2023-06-15T21:09:59+08:00][sql] SELECT * FROM `address` WHERE  `id` = 1 LIMIT 1 [ RunTime:0.000234s ]
[2023-06-15T21:09:59+08:00][sql] SELECT * FROM `address` WHERE  `id` = 2 LIMIT 1 [ RunTime:0.000185s ]
[2023-06-15T21:58:02+08:00][sql] CONNECT:[ UseTime:0.000414s ] mysql:host=localhost;port=3316;dbname=coffee;charset=utf8
[2023-06-15T21:58:02+08:00][sql] SHOW FULL COLUMNS FROM `banner` [ RunTime:0.001842s ]
[2023-06-15T21:58:02+08:00][sql] SELECT * FROM `banner` [ RunTime:0.000268s ]
[2023-06-15T21:58:02+08:00][sql] SHOW FULL COLUMNS FROM `information` [ RunTime:0.001063s ]
[2023-06-15T21:58:02+08:00][sql] SELECT * FROM `information` ORDER BY `time` DESC LIMIT 1 [ RunTime:0.000370s ]
[2023-06-15T21:58:02+08:00][sql] SELECT * FROM `information` ORDER BY `time` DESC LIMIT 1,4 [ RunTime:0.000368s ]
[2023-06-15T21:58:02+08:00][sql] SHOW FULL COLUMNS FROM `course` [ RunTime:0.001077s ]
[2023-06-15T21:58:02+08:00][sql] SELECT `id`,`title` FROM `course` ORDER BY `sorting` ASC LIMIT 0,6 [ RunTime:0.000224s ]
[2023-06-15T21:58:02+08:00][sql] SHOW FULL COLUMNS FROM `teacher` [ RunTime:0.000898s ]
[2023-06-15T21:58:02+08:00][sql] SELECT * FROM `teacher` [ RunTime:0.000233s ]
[2023-06-15T21:58:02+08:00][sql] SHOW FULL COLUMNS FROM `address` [ RunTime:0.000911s ]
[2023-06-15T21:58:02+08:00][sql] SELECT * FROM `address` WHERE  `id` = 1 LIMIT 1 [ RunTime:0.000254s ]
[2023-06-15T21:58:02+08:00][sql] SELECT * FROM `address` WHERE  `id` = 2 LIMIT 1 [ RunTime:0.000293s ]
[2023-06-15T22:54:14+08:00][sql] CONNECT:[ UseTime:0.000461s ] mysql:host=localhost;port=3316;dbname=coffee;charset=utf8
[2023-06-15T22:54:14+08:00][sql] SHOW FULL COLUMNS FROM `banner` [ RunTime:0.001349s ]
[2023-06-15T22:54:14+08:00][sql] SELECT * FROM `banner` [ RunTime:0.000232s ]
[2023-06-15T22:54:14+08:00][sql] SHOW FULL COLUMNS FROM `information` [ RunTime:0.000980s ]
[2023-06-15T22:54:14+08:00][sql] SELECT * FROM `information` ORDER BY `time` DESC LIMIT 1 [ RunTime:0.000333s ]
[2023-06-15T22:54:14+08:00][sql] SELECT * FROM `information` ORDER BY `time` DESC LIMIT 1,4 [ RunTime:0.000395s ]
[2023-06-15T22:54:14+08:00][sql] SHOW FULL COLUMNS FROM `course` [ RunTime:0.001045s ]
[2023-06-15T22:54:14+08:00][sql] SELECT `id`,`title` FROM `course` ORDER BY `sorting` ASC LIMIT 0,6 [ RunTime:0.000223s ]
[2023-06-15T22:54:14+08:00][sql] SHOW FULL COLUMNS FROM `teacher` [ RunTime:0.000918s ]
[2023-06-15T22:54:14+08:00][sql] SELECT * FROM `teacher` [ RunTime:0.000269s ]
[2023-06-15T22:54:14+08:00][sql] SHOW FULL COLUMNS FROM `address` [ RunTime:0.000867s ]
[2023-06-15T22:54:14+08:00][sql] SELECT * FROM `address` WHERE  `id` = 1 LIMIT 1 [ RunTime:0.000273s ]
[2023-06-15T22:54:14+08:00][sql] SELECT * FROM `address` WHERE  `id` = 2 LIMIT 1 [ RunTime:0.000204s ]
