[2023-07-03T00:18:47+08:00][sql] CONNECT:[ UseTime:0.000507s ] mysql:host=localhost;port=3316;dbname=coffee;charset=utf8
[2023-07-03T00:18:47+08:00][sql] SHOW FULL COLUMNS FROM `course` [ RunTime:0.002231s ]
[2023-07-03T00:18:47+08:00][sql] SELECT * FROM `course` WHERE  `id` = 6 LIMIT 1 [ RunTime:0.000407s ]
[2023-07-03T00:18:47+08:00][sql] SHOW FULL COLUMNS FROM `teacher` [ RunTime:0.001090s ]
[2023-07-03T00:18:47+08:00][sql] SELECT `teacher_name`,`teacher_title`,`teacher_avatar` FROM `teacher` WHERE  `id` = 1 LIMIT 1 [ RunTime:0.000298s ]
[2023-07-03T00:18:47+08:00][sql] SHOW FULL COLUMNS FROM `address` [ RunTime:0.000956s ]
[2023-07-03T00:18:47+08:00][sql] SELECT * FROM `address` WHERE  `id` = 1 LIMIT 1 [ RunTime:0.000268s ]
[2023-07-03T00:18:47+08:00][sql] SELECT * FROM `address` WHERE  `id` = 2 LIMIT 1 [ RunTime:0.000208s ]
[2023-07-03T01:37:43+08:00][sql] CONNECT:[ UseTime:0.000412s ] mysql:host=localhost;port=3316;dbname=coffee;charset=utf8
[2023-07-03T01:37:43+08:00][sql] SHOW FULL COLUMNS FROM `course` [ RunTime:0.001709s ]
[2023-07-03T01:37:43+08:00][sql] SELECT * FROM `course` WHERE  `id` = 1 LIMIT 1 [ RunTime:0.000365s ]
[2023-07-03T01:37:43+08:00][sql] SHOW FULL COLUMNS FROM `teacher` [ RunTime:0.001029s ]
[2023-07-03T01:37:43+08:00][sql] SELECT `teacher_name`,`teacher_title`,`teacher_avatar` FROM `teacher` WHERE  `id` = 1 LIMIT 1 [ RunTime:0.000285s ]
[2023-07-03T01:37:43+08:00][sql] SELECT `teacher_name`,`teacher_title`,`teacher_avatar` FROM `teacher` WHERE  `id` = 2 LIMIT 1 [ RunTime:0.000243s ]
[2023-07-03T01:37:43+08:00][sql] SHOW FULL COLUMNS FROM `address` [ RunTime:0.000967s ]
[2023-07-03T01:37:43+08:00][sql] SELECT * FROM `address` WHERE  `id` = 1 LIMIT 1 [ RunTime:0.000259s ]
[2023-07-03T01:37:43+08:00][sql] SELECT * FROM `address` WHERE  `id` = 2 LIMIT 1 [ RunTime:0.000259s ]
[2023-07-03T02:04:40+08:00][sql] CONNECT:[ UseTime:0.000476s ] mysql:host=localhost;port=3316;dbname=coffee;charset=utf8
[2023-07-03T02:04:40+08:00][sql] SHOW FULL COLUMNS FROM `course` [ RunTime:0.001480s ]
[2023-07-03T02:04:40+08:00][sql] SELECT * FROM `course` WHERE  `id` = 4 LIMIT 1 [ RunTime:0.000313s ]
[2023-07-03T02:04:40+08:00][sql] SHOW FULL COLUMNS FROM `teacher` [ RunTime:0.000868s ]
[2023-07-03T02:04:40+08:00][sql] SELECT `teacher_name`,`teacher_title`,`teacher_avatar` FROM `teacher` WHERE  `id` = 2 LIMIT 1 [ RunTime:0.000233s ]
[2023-07-03T02:04:40+08:00][sql] SHOW FULL COLUMNS FROM `address` [ RunTime:0.000869s ]
[2023-07-03T02:04:40+08:00][sql] SELECT * FROM `address` WHERE  `id` = 1 LIMIT 1 [ RunTime:0.000223s ]
[2023-07-03T02:04:40+08:00][sql] SELECT * FROM `address` WHERE  `id` = 2 LIMIT 1 [ RunTime:0.000199s ]
[2023-07-03T02:08:28+08:00][sql] CONNECT:[ UseTime:0.000412s ] mysql:host=localhost;port=3316;dbname=coffee;charset=utf8
[2023-07-03T02:08:28+08:00][sql] SHOW FULL COLUMNS FROM `course` [ RunTime:0.001613s ]
[2023-07-03T02:08:28+08:00][sql] SELECT * FROM `course` WHERE  `id` = 4 LIMIT 1 [ RunTime:0.000308s ]
[2023-07-03T02:08:28+08:00][sql] SHOW FULL COLUMNS FROM `teacher` [ RunTime:0.000900s ]
[2023-07-03T02:08:28+08:00][sql] SELECT `teacher_name`,`teacher_title`,`teacher_avatar` FROM `teacher` WHERE  `id` = 2 LIMIT 1 [ RunTime:0.000227s ]
[2023-07-03T02:08:28+08:00][sql] SHOW FULL COLUMNS FROM `address` [ RunTime:0.000908s ]
[2023-07-03T02:08:28+08:00][sql] SELECT * FROM `address` WHERE  `id` = 1 LIMIT 1 [ RunTime:0.000250s ]
[2023-07-03T02:08:28+08:00][sql] SELECT * FROM `address` WHERE  `id` = 2 LIMIT 1 [ RunTime:0.000274s ]
[2023-07-03T02:57:53+08:00][sql] CONNECT:[ UseTime:0.000547s ] mysql:host=localhost;port=3316;dbname=coffee;charset=utf8
[2023-07-03T02:57:53+08:00][sql] SHOW FULL COLUMNS FROM `course` [ RunTime:0.001644s ]
[2023-07-03T02:57:53+08:00][sql] SELECT * FROM `course` WHERE  `id` = 4 LIMIT 1 [ RunTime:0.000352s ]
[2023-07-03T02:57:53+08:00][sql] SHOW FULL COLUMNS FROM `teacher` [ RunTime:0.001010s ]
[2023-07-03T02:57:53+08:00][sql] SELECT `teacher_name`,`teacher_title`,`teacher_avatar` FROM `teacher` WHERE  `id` = 2 LIMIT 1 [ RunTime:0.000248s ]
[2023-07-03T02:57:53+08:00][sql] SHOW FULL COLUMNS FROM `address` [ RunTime:0.001090s ]
[2023-07-03T02:57:53+08:00][sql] SELECT * FROM `address` WHERE  `id` = 1 LIMIT 1 [ RunTime:0.000261s ]
[2023-07-03T02:57:53+08:00][sql] SELECT * FROM `address` WHERE  `id` = 2 LIMIT 1 [ RunTime:0.000334s ]
[2023-07-03T03:04:52+08:00][sql] CONNECT:[ UseTime:0.000395s ] mysql:host=localhost;port=3316;dbname=coffee;charset=utf8
[2023-07-03T03:04:52+08:00][sql] SHOW FULL COLUMNS FROM `course` [ RunTime:0.001508s ]
[2023-07-03T03:04:52+08:00][sql] SELECT * FROM `course` WHERE  `id` = 1 LIMIT 1 [ RunTime:0.000315s ]
[2023-07-03T03:04:52+08:00][sql] SHOW FULL COLUMNS FROM `teacher` [ RunTime:0.000925s ]
[2023-07-03T03:04:52+08:00][sql] SELECT `teacher_name`,`teacher_title`,`teacher_avatar` FROM `teacher` WHERE  `id` = 1 LIMIT 1 [ RunTime:0.000227s ]
[2023-07-03T03:04:52+08:00][sql] SELECT `teacher_name`,`teacher_title`,`teacher_avatar` FROM `teacher` WHERE  `id` = 2 LIMIT 1 [ RunTime:0.000211s ]
[2023-07-03T03:04:52+08:00][sql] SHOW FULL COLUMNS FROM `address` [ RunTime:0.000925s ]
[2023-07-03T03:04:52+08:00][sql] SELECT * FROM `address` WHERE  `id` = 1 LIMIT 1 [ RunTime:0.000255s ]
[2023-07-03T03:04:52+08:00][sql] SELECT * FROM `address` WHERE  `id` = 2 LIMIT 1 [ RunTime:0.000199s ]
[2023-07-03T03:12:58+08:00][sql] CONNECT:[ UseTime:0.000496s ] mysql:host=localhost;port=3316;dbname=coffee;charset=utf8
[2023-07-03T03:12:58+08:00][sql] SHOW FULL COLUMNS FROM `course` [ RunTime:0.001576s ]
[2023-07-03T03:12:58+08:00][sql] SELECT * FROM `course` WHERE  `id` = 1 LIMIT 1 [ RunTime:0.000332s ]
[2023-07-03T03:12:58+08:00][sql] SHOW FULL COLUMNS FROM `teacher` [ RunTime:0.001025s ]
[2023-07-03T03:12:58+08:00][sql] SELECT `teacher_name`,`teacher_title`,`teacher_avatar` FROM `teacher` WHERE  `id` = 1 LIMIT 1 [ RunTime:0.000278s ]
[2023-07-03T03:12:58+08:00][sql] SELECT `teacher_name`,`teacher_title`,`teacher_avatar` FROM `teacher` WHERE  `id` = 2 LIMIT 1 [ RunTime:0.000234s ]
[2023-07-03T03:12:58+08:00][sql] SHOW FULL COLUMNS FROM `address` [ RunTime:0.000982s ]
[2023-07-03T03:12:58+08:00][sql] SELECT * FROM `address` WHERE  `id` = 1 LIMIT 1 [ RunTime:0.000350s ]
[2023-07-03T03:12:58+08:00][sql] SELECT * FROM `address` WHERE  `id` = 2 LIMIT 1 [ RunTime:0.000244s ]
[2023-07-03T04:31:54+08:00][sql] CONNECT:[ UseTime:0.000406s ] mysql:host=localhost;port=3316;dbname=coffee;charset=utf8
[2023-07-03T04:31:54+08:00][sql] SHOW FULL COLUMNS FROM `course` [ RunTime:0.001529s ]
[2023-07-03T04:31:54+08:00][sql] SELECT * FROM `course` WHERE  `id` = 2 LIMIT 1 [ RunTime:0.000342s ]
[2023-07-03T04:31:54+08:00][sql] SHOW FULL COLUMNS FROM `teacher` [ RunTime:0.000915s ]
[2023-07-03T04:31:54+08:00][sql] SELECT `teacher_name`,`teacher_title`,`teacher_avatar` FROM `teacher` WHERE  `id` = 3 LIMIT 1 [ RunTime:0.000244s ]
[2023-07-03T04:31:54+08:00][sql] SHOW FULL COLUMNS FROM `address` [ RunTime:0.000914s ]
[2023-07-03T04:31:54+08:00][sql] SELECT * FROM `address` WHERE  `id` = 1 LIMIT 1 [ RunTime:0.000252s ]
[2023-07-03T04:31:54+08:00][sql] SELECT * FROM `address` WHERE  `id` = 2 LIMIT 1 [ RunTime:0.000317s ]
[2023-07-03T04:40:43+08:00][sql] CONNECT:[ UseTime:0.000401s ] mysql:host=localhost;port=3316;dbname=coffee;charset=utf8
[2023-07-03T04:40:43+08:00][sql] SHOW FULL COLUMNS FROM `course` [ RunTime:0.001562s ]
[2023-07-03T04:40:43+08:00][sql] SELECT * FROM `course` WHERE  `id` = 2 LIMIT 1 [ RunTime:0.000372s ]
[2023-07-03T04:40:43+08:00][sql] SHOW FULL COLUMNS FROM `teacher` [ RunTime:0.001028s ]
[2023-07-03T04:40:43+08:00][sql] SELECT `teacher_name`,`teacher_title`,`teacher_avatar` FROM `teacher` WHERE  `id` = 3 LIMIT 1 [ RunTime:0.000278s ]
[2023-07-03T04:40:43+08:00][sql] SHOW FULL COLUMNS FROM `address` [ RunTime:0.000943s ]
[2023-07-03T04:40:43+08:00][sql] SELECT * FROM `address` WHERE  `id` = 1 LIMIT 1 [ RunTime:0.000286s ]
[2023-07-03T04:40:43+08:00][sql] SELECT * FROM `address` WHERE  `id` = 2 LIMIT 1 [ RunTime:0.000261s ]
[2023-07-03T06:50:01+08:00][sql] CONNECT:[ UseTime:0.000530s ] mysql:host=localhost;port=3316;dbname=coffee;charset=utf8
[2023-07-03T06:50:01+08:00][sql] SHOW FULL COLUMNS FROM `course` [ RunTime:0.002148s ]
[2023-07-03T06:50:01+08:00][sql] SELECT * FROM `course` WHERE  `id` = 2 LIMIT 1 [ RunTime:0.000412s ]
[2023-07-03T06:50:01+08:00][sql] SHOW FULL COLUMNS FROM `teacher` [ RunTime:0.001424s ]
[2023-07-03T06:50:01+08:00][sql] SELECT `teacher_name`,`teacher_title`,`teacher_avatar` FROM `teacher` WHERE  `id` = 3 LIMIT 1 [ RunTime:0.000273s ]
[2023-07-03T06:50:01+08:00][sql] SHOW FULL COLUMNS FROM `address` [ RunTime:0.001765s ]
[2023-07-03T06:50:01+08:00][sql] SELECT * FROM `address` WHERE  `id` = 1 LIMIT 1 [ RunTime:0.000318s ]
[2023-07-03T06:50:01+08:00][sql] SELECT * FROM `address` WHERE  `id` = 2 LIMIT 1 [ RunTime:0.000295s ]
[2023-07-03T07:50:01+08:00][sql] CONNECT:[ UseTime:0.000564s ] mysql:host=localhost;port=3316;dbname=coffee;charset=utf8
[2023-07-03T07:50:01+08:00][sql] SHOW FULL COLUMNS FROM `course` [ RunTime:0.001554s ]
[2023-07-03T07:50:01+08:00][sql] SELECT * FROM `course` WHERE  `id` = 2 LIMIT 1 [ RunTime:0.000367s ]
[2023-07-03T07:50:01+08:00][sql] SHOW FULL COLUMNS FROM `teacher` [ RunTime:0.001113s ]
[2023-07-03T07:50:01+08:00][sql] SELECT `teacher_name`,`teacher_title`,`teacher_avatar` FROM `teacher` WHERE  `id` = 3 LIMIT 1 [ RunTime:0.000278s ]
[2023-07-03T07:50:01+08:00][sql] SHOW FULL COLUMNS FROM `address` [ RunTime:0.001439s ]
[2023-07-03T07:50:01+08:00][sql] SELECT * FROM `address` WHERE  `id` = 1 LIMIT 1 [ RunTime:0.000278s ]
[2023-07-03T07:50:01+08:00][sql] SELECT * FROM `address` WHERE  `id` = 2 LIMIT 1 [ RunTime:0.000256s ]
[2023-07-03T12:01:54+08:00][sql] CONNECT:[ UseTime:0.000433s ] mysql:host=localhost;port=3316;dbname=coffee;charset=utf8
[2023-07-03T12:01:54+08:00][sql] SHOW FULL COLUMNS FROM `course` [ RunTime:0.001595s ]
[2023-07-03T12:01:54+08:00][sql] SELECT * FROM `course` WHERE  `id` = 2 LIMIT 1 [ RunTime:0.000308s ]
[2023-07-03T12:01:54+08:00][sql] SHOW FULL COLUMNS FROM `teacher` [ RunTime:0.000913s ]
[2023-07-03T12:01:54+08:00][sql] SELECT `teacher_name`,`teacher_title`,`teacher_avatar` FROM `teacher` WHERE  `id` = 3 LIMIT 1 [ RunTime:0.000237s ]
[2023-07-03T12:01:54+08:00][sql] SHOW FULL COLUMNS FROM `address` [ RunTime:0.001370s ]
[2023-07-03T12:01:54+08:00][sql] SELECT * FROM `address` WHERE  `id` = 1 LIMIT 1 [ RunTime:0.000257s ]
[2023-07-03T12:01:54+08:00][sql] SELECT * FROM `address` WHERE  `id` = 2 LIMIT 1 [ RunTime:0.000234s ]
[2023-07-03T12:14:05+08:00][sql] CONNECT:[ UseTime:0.000477s ] mysql:host=localhost;port=3316;dbname=coffee;charset=utf8
[2023-07-03T12:14:05+08:00][sql] SHOW FULL COLUMNS FROM `course` [ RunTime:0.002080s ]
[2023-07-03T12:14:05+08:00][sql] SELECT * FROM `course` WHERE  `id` = 6 LIMIT 1 [ RunTime:0.000403s ]
[2023-07-03T12:14:05+08:00][sql] SHOW FULL COLUMNS FROM `teacher` [ RunTime:0.001257s ]
[2023-07-03T12:14:05+08:00][sql] SELECT `teacher_name`,`teacher_title`,`teacher_avatar` FROM `teacher` WHERE  `id` = 1 LIMIT 1 [ RunTime:0.000262s ]
[2023-07-03T12:14:05+08:00][sql] SHOW FULL COLUMNS FROM `address` [ RunTime:0.001288s ]
[2023-07-03T12:14:05+08:00][sql] SELECT * FROM `address` WHERE  `id` = 1 LIMIT 1 [ RunTime:0.000271s ]
[2023-07-03T12:14:05+08:00][sql] SELECT * FROM `address` WHERE  `id` = 2 LIMIT 1 [ RunTime:0.000222s ]
[2023-07-03T12:21:55+08:00][sql] CONNECT:[ UseTime:0.000515s ] mysql:host=localhost;port=3316;dbname=coffee;charset=utf8
[2023-07-03T12:21:55+08:00][sql] SHOW FULL COLUMNS FROM `course` [ RunTime:0.001655s ]
[2023-07-03T12:21:55+08:00][sql] SELECT * FROM `course` WHERE  `id` = 6 LIMIT 1 [ RunTime:0.000804s ]
[2023-07-03T12:21:55+08:00][sql] SHOW FULL COLUMNS FROM `teacher` [ RunTime:0.001208s ]
[2023-07-03T12:21:55+08:00][sql] SELECT `teacher_name`,`teacher_title`,`teacher_avatar` FROM `teacher` WHERE  `id` = 1 LIMIT 1 [ RunTime:0.000299s ]
[2023-07-03T12:21:55+08:00][sql] SHOW FULL COLUMNS FROM `address` [ RunTime:0.001383s ]
[2023-07-03T12:21:55+08:00][sql] SELECT * FROM `address` WHERE  `id` = 1 LIMIT 1 [ RunTime:0.000314s ]
[2023-07-03T12:21:55+08:00][sql] SELECT * FROM `address` WHERE  `id` = 2 LIMIT 1 [ RunTime:0.000278s ]
[2023-07-03T12:53:59+08:00][sql] CONNECT:[ UseTime:0.000512s ] mysql:host=localhost;port=3316;dbname=coffee;charset=utf8
[2023-07-03T12:53:59+08:00][sql] SHOW FULL COLUMNS FROM `course` [ RunTime:0.001489s ]
[2023-07-03T12:53:59+08:00][sql] SELECT * FROM `course` WHERE  `id` = 6 LIMIT 1 [ RunTime:0.000415s ]
[2023-07-03T12:53:59+08:00][sql] SHOW FULL COLUMNS FROM `teacher` [ RunTime:0.000961s ]
[2023-07-03T12:53:59+08:00][sql] SELECT `teacher_name`,`teacher_title`,`teacher_avatar` FROM `teacher` WHERE  `id` = 1 LIMIT 1 [ RunTime:0.000257s ]
[2023-07-03T12:53:59+08:00][sql] SHOW FULL COLUMNS FROM `address` [ RunTime:0.000950s ]
[2023-07-03T12:53:59+08:00][sql] SELECT * FROM `address` WHERE  `id` = 1 LIMIT 1 [ RunTime:0.000271s ]
[2023-07-03T12:53:59+08:00][sql] SELECT * FROM `address` WHERE  `id` = 2 LIMIT 1 [ RunTime:0.000239s ]
[2023-07-03T16:46:04+08:00][sql] CONNECT:[ UseTime:0.000486s ] mysql:host=localhost;port=3316;dbname=coffee;charset=utf8
[2023-07-03T16:46:04+08:00][sql] SHOW FULL COLUMNS FROM `course` [ RunTime:0.002205s ]
[2023-07-03T16:46:04+08:00][sql] SELECT * FROM `course` WHERE  `id` = 2 LIMIT 1 [ RunTime:0.000943s ]
[2023-07-03T16:46:04+08:00][sql] SHOW FULL COLUMNS FROM `teacher` [ RunTime:0.001275s ]
[2023-07-03T16:46:04+08:00][sql] SELECT `teacher_name`,`teacher_title`,`teacher_avatar` FROM `teacher` WHERE  `id` = 3 LIMIT 1 [ RunTime:0.000349s ]
[2023-07-03T16:46:04+08:00][sql] SHOW FULL COLUMNS FROM `address` [ RunTime:0.001027s ]
[2023-07-03T16:46:04+08:00][sql] SELECT * FROM `address` WHERE  `id` = 1 LIMIT 1 [ RunTime:0.000277s ]
[2023-07-03T16:46:04+08:00][sql] SELECT * FROM `address` WHERE  `id` = 2 LIMIT 1 [ RunTime:0.000343s ]
[2023-07-03T16:57:04+08:00][sql] CONNECT:[ UseTime:0.000533s ] mysql:host=localhost;port=3316;dbname=coffee;charset=utf8
[2023-07-03T16:57:04+08:00][sql] SHOW FULL COLUMNS FROM `course` [ RunTime:0.001669s ]
[2023-07-03T16:57:04+08:00][sql] SELECT * FROM `course` WHERE  `id` = 2 LIMIT 1 [ RunTime:0.000908s ]
[2023-07-03T16:57:04+08:00][sql] SHOW FULL COLUMNS FROM `teacher` [ RunTime:0.001112s ]
[2023-07-03T16:57:04+08:00][sql] SELECT `teacher_name`,`teacher_title`,`teacher_avatar` FROM `teacher` WHERE  `id` = 3 LIMIT 1 [ RunTime:0.000278s ]
[2023-07-03T16:57:04+08:00][sql] SHOW FULL COLUMNS FROM `address` [ RunTime:0.000950s ]
[2023-07-03T16:57:04+08:00][sql] SELECT * FROM `address` WHERE  `id` = 1 LIMIT 1 [ RunTime:0.000278s ]
[2023-07-03T16:57:04+08:00][sql] SELECT * FROM `address` WHERE  `id` = 2 LIMIT 1 [ RunTime:0.000215s ]
[2023-07-03T21:21:40+08:00][sql] CONNECT:[ UseTime:0.000413s ] mysql:host=localhost;port=3316;dbname=coffee;charset=utf8
[2023-07-03T21:21:40+08:00][sql] SHOW FULL COLUMNS FROM `course` [ RunTime:0.001784s ]
[2023-07-03T21:21:40+08:00][sql] SELECT * FROM `course` WHERE  `id` = 3 LIMIT 1 [ RunTime:0.000321s ]
[2023-07-03T21:21:40+08:00][sql] SHOW FULL COLUMNS FROM `teacher` [ RunTime:0.000993s ]
[2023-07-03T21:21:40+08:00][sql] SELECT `teacher_name`,`teacher_title`,`teacher_avatar` FROM `teacher` WHERE  `id` = 1 LIMIT 1 [ RunTime:0.000244s ]
[2023-07-03T21:21:40+08:00][sql] SHOW FULL COLUMNS FROM `address` [ RunTime:0.001055s ]
[2023-07-03T21:21:40+08:00][sql] SELECT * FROM `address` WHERE  `id` = 1 LIMIT 1 [ RunTime:0.000251s ]
[2023-07-03T21:21:40+08:00][sql] SELECT * FROM `address` WHERE  `id` = 2 LIMIT 1 [ RunTime:0.000231s ]
[2023-07-03T21:42:34+08:00][sql] CONNECT:[ UseTime:0.000523s ] mysql:host=localhost;port=3316;dbname=coffee;charset=utf8
[2023-07-03T21:42:34+08:00][sql] SHOW FULL COLUMNS FROM `course` [ RunTime:0.002137s ]
[2023-07-03T21:42:34+08:00][sql] SELECT * FROM `course` WHERE  `id` = 3 LIMIT 1 [ RunTime:0.000334s ]
[2023-07-03T21:42:34+08:00][sql] SHOW FULL COLUMNS FROM `teacher` [ RunTime:0.001328s ]
[2023-07-03T21:42:34+08:00][sql] SELECT `teacher_name`,`teacher_title`,`teacher_avatar` FROM `teacher` WHERE  `id` = 1 LIMIT 1 [ RunTime:0.000318s ]
[2023-07-03T21:42:34+08:00][sql] SHOW FULL COLUMNS FROM `address` [ RunTime:0.001060s ]
[2023-07-03T21:42:34+08:00][sql] SELECT * FROM `address` WHERE  `id` = 1 LIMIT 1 [ RunTime:0.000271s ]
[2023-07-03T21:42:34+08:00][sql] SELECT * FROM `address` WHERE  `id` = 2 LIMIT 1 [ RunTime:0.000237s ]
