[2023-07-22T00:00:34+08:00][sql] CONNECT:[ UseTime:0.000437s ] mysql:host=localhost;port=3316;dbname=coffee;charset=utf8
[2023-07-22T00:00:34+08:00][sql] SHOW FULL COLUMNS FROM `course` [ RunTime:0.001611s ]
[2023-07-22T00:00:34+08:00][sql] SELECT * FROM `course` WHERE  `id` = 5 LIMIT 1 [ RunTime:0.000358s ]
[2023-07-22T00:00:34+08:00][sql] SHOW FULL COLUMNS FROM `teacher` [ RunTime:0.001216s ]
[2023-07-22T00:00:34+08:00][sql] SELECT `teacher_name`,`teacher_title`,`teacher_avatar` FROM `teacher` WHERE  `id` = 1 LIMIT 1 [ RunTime:0.000288s ]
[2023-07-22T00:00:34+08:00][sql] SELECT `teacher_name`,`teacher_title`,`teacher_avatar` FROM `teacher` WHERE  `id` = 2 LIMIT 1 [ RunTime:0.000730s ]
[2023-07-22T00:00:34+08:00][sql] SHOW FULL COLUMNS FROM `address` [ RunTime:0.001006s ]
[2023-07-22T00:00:34+08:00][sql] SELECT * FROM `address` WHERE  `id` = 1 LIMIT 1 [ RunTime:0.000299s ]
[2023-07-22T00:00:34+08:00][sql] SELECT * FROM `address` WHERE  `id` = 2 LIMIT 1 [ RunTime:0.000283s ]
[2023-07-22T01:26:17+08:00][sql] CONNECT:[ UseTime:0.000411s ] mysql:host=localhost;port=3316;dbname=coffee;charset=utf8
[2023-07-22T01:26:17+08:00][sql] SHOW FULL COLUMNS FROM `course` [ RunTime:0.001521s ]
[2023-07-22T01:26:17+08:00][sql] SELECT * FROM `course` WHERE  `id` = 5 LIMIT 1 [ RunTime:0.000721s ]
[2023-07-22T01:26:17+08:00][sql] SHOW FULL COLUMNS FROM `teacher` [ RunTime:0.000960s ]
[2023-07-22T01:26:17+08:00][sql] SELECT `teacher_name`,`teacher_title`,`teacher_avatar` FROM `teacher` WHERE  `id` = 1 LIMIT 1 [ RunTime:0.000240s ]
[2023-07-22T01:26:17+08:00][sql] SELECT `teacher_name`,`teacher_title`,`teacher_avatar` FROM `teacher` WHERE  `id` = 2 LIMIT 1 [ RunTime:0.000181s ]
[2023-07-22T01:26:17+08:00][sql] SHOW FULL COLUMNS FROM `address` [ RunTime:0.000943s ]
[2023-07-22T01:26:17+08:00][sql] SELECT * FROM `address` WHERE  `id` = 1 LIMIT 1 [ RunTime:0.000230s ]
[2023-07-22T01:26:17+08:00][sql] SELECT * FROM `address` WHERE  `id` = 2 LIMIT 1 [ RunTime:0.000209s ]
[2023-07-22T01:30:34+08:00][sql] CONNECT:[ UseTime:0.000437s ] mysql:host=localhost;port=3316;dbname=coffee;charset=utf8
[2023-07-22T01:30:34+08:00][sql] SHOW FULL COLUMNS FROM `course` [ RunTime:0.001628s ]
[2023-07-22T01:30:34+08:00][sql] SELECT * FROM `course` WHERE  `id` = 5 LIMIT 1 [ RunTime:0.000327s ]
[2023-07-22T01:30:34+08:00][sql] SHOW FULL COLUMNS FROM `teacher` [ RunTime:0.000980s ]
[2023-07-22T01:30:34+08:00][sql] SELECT `teacher_name`,`teacher_title`,`teacher_avatar` FROM `teacher` WHERE  `id` = 1 LIMIT 1 [ RunTime:0.000245s ]
[2023-07-22T01:30:34+08:00][sql] SELECT `teacher_name`,`teacher_title`,`teacher_avatar` FROM `teacher` WHERE  `id` = 2 LIMIT 1 [ RunTime:0.000696s ]
[2023-07-22T01:30:34+08:00][sql] SHOW FULL COLUMNS FROM `address` [ RunTime:0.000981s ]
[2023-07-22T01:30:34+08:00][sql] SELECT * FROM `address` WHERE  `id` = 1 LIMIT 1 [ RunTime:0.000308s ]
[2023-07-22T01:30:34+08:00][sql] SELECT * FROM `address` WHERE  `id` = 2 LIMIT 1 [ RunTime:0.000225s ]
[2023-07-22T01:36:28+08:00][sql] CONNECT:[ UseTime:0.000472s ] mysql:host=localhost;port=3316;dbname=coffee;charset=utf8
[2023-07-22T01:36:28+08:00][sql] SHOW FULL COLUMNS FROM `course` [ RunTime:0.001615s ]
[2023-07-22T01:36:28+08:00][sql] SELECT * FROM `course` WHERE  `id` = 4 LIMIT 1 [ RunTime:0.000315s ]
[2023-07-22T01:36:28+08:00][sql] SHOW FULL COLUMNS FROM `teacher` [ RunTime:0.000964s ]
[2023-07-22T01:36:28+08:00][sql] SELECT `teacher_name`,`teacher_title`,`teacher_avatar` FROM `teacher` WHERE  `id` = 2 LIMIT 1 [ RunTime:0.000203s ]
[2023-07-22T01:36:28+08:00][sql] SHOW FULL COLUMNS FROM `address` [ RunTime:0.000892s ]
[2023-07-22T01:36:28+08:00][sql] SELECT * FROM `address` WHERE  `id` = 1 LIMIT 1 [ RunTime:0.000232s ]
[2023-07-22T01:36:28+08:00][sql] SELECT * FROM `address` WHERE  `id` = 2 LIMIT 1 [ RunTime:0.000209s ]
[2023-07-22T01:37:56+08:00][sql] CONNECT:[ UseTime:0.000477s ] mysql:host=localhost;port=3316;dbname=coffee;charset=utf8
[2023-07-22T01:37:56+08:00][sql] SHOW FULL COLUMNS FROM `course` [ RunTime:0.001855s ]
[2023-07-22T01:37:56+08:00][sql] SELECT * FROM `course` WHERE  `id` = 4 LIMIT 1 [ RunTime:0.000316s ]
[2023-07-22T01:37:56+08:00][sql] SHOW FULL COLUMNS FROM `teacher` [ RunTime:0.000870s ]
[2023-07-22T01:37:56+08:00][sql] SELECT `teacher_name`,`teacher_title`,`teacher_avatar` FROM `teacher` WHERE  `id` = 2 LIMIT 1 [ RunTime:0.000207s ]
[2023-07-22T01:37:56+08:00][sql] SHOW FULL COLUMNS FROM `address` [ RunTime:0.000856s ]
[2023-07-22T01:37:56+08:00][sql] SELECT * FROM `address` WHERE  `id` = 1 LIMIT 1 [ RunTime:0.000224s ]
[2023-07-22T01:37:56+08:00][sql] SELECT * FROM `address` WHERE  `id` = 2 LIMIT 1 [ RunTime:0.000204s ]
[2023-07-22T03:20:43+08:00][sql] CONNECT:[ UseTime:0.000421s ] mysql:host=localhost;port=3316;dbname=coffee;charset=utf8
[2023-07-22T03:20:43+08:00][sql] SHOW FULL COLUMNS FROM `course` [ RunTime:0.001510s ]
[2023-07-22T03:20:43+08:00][sql] SELECT `id`,`title`,`price`,`days`,`time` FROM `course` WHERE  `is_time` = 1 ORDER BY `sorting` ASC [ RunTime:0.000301s ]
[2023-07-22T03:20:43+08:00][sql] SELECT `id`,`title` FROM `course` WHERE  `status` = 1 [ RunTime:0.000207s ]
[2023-07-22T03:20:43+08:00][sql] SELECT `id`,`title` FROM `course` WHERE  `status` = 2 [ RunTime:0.000189s ]
[2023-07-22T03:20:43+08:00][sql] SHOW FULL COLUMNS FROM `address` [ RunTime:0.000922s ]
[2023-07-22T03:20:43+08:00][sql] SELECT * FROM `address` WHERE  `id` = 1 LIMIT 1 [ RunTime:0.000238s ]
[2023-07-22T03:20:43+08:00][sql] SELECT * FROM `address` WHERE  `id` = 2 LIMIT 1 [ RunTime:0.000206s ]
[2023-07-22T03:33:38+08:00][sql] CONNECT:[ UseTime:0.000475s ] mysql:host=localhost;port=3316;dbname=coffee;charset=utf8
[2023-07-22T03:33:38+08:00][sql] SHOW FULL COLUMNS FROM `course` [ RunTime:0.001594s ]
[2023-07-22T03:33:38+08:00][sql] SELECT `id`,`title`,`price`,`days`,`time` FROM `course` WHERE  `is_time` = 1 ORDER BY `sorting` ASC [ RunTime:0.000324s ]
[2023-07-22T03:33:38+08:00][sql] SELECT `id`,`title` FROM `course` WHERE  `status` = 1 [ RunTime:0.000263s ]
[2023-07-22T03:33:38+08:00][sql] SELECT `id`,`title` FROM `course` WHERE  `status` = 2 [ RunTime:0.000189s ]
[2023-07-22T03:33:38+08:00][sql] SHOW FULL COLUMNS FROM `address` [ RunTime:0.000975s ]
[2023-07-22T03:33:38+08:00][sql] SELECT * FROM `address` WHERE  `id` = 1 LIMIT 1 [ RunTime:0.000244s ]
[2023-07-22T03:33:38+08:00][sql] SELECT * FROM `address` WHERE  `id` = 2 LIMIT 1 [ RunTime:0.000240s ]
[2023-07-22T11:08:07+08:00][sql] CONNECT:[ UseTime:0.000472s ] mysql:host=localhost;port=3316;dbname=coffee;charset=utf8
[2023-07-22T11:08:07+08:00][sql] SHOW FULL COLUMNS FROM `course` [ RunTime:0.001539s ]
[2023-07-22T11:08:07+08:00][sql] SELECT * FROM `course` WHERE  `id` = 2 LIMIT 1 [ RunTime:0.000355s ]
[2023-07-22T11:08:07+08:00][sql] SHOW FULL COLUMNS FROM `teacher` [ RunTime:0.001035s ]
[2023-07-22T11:08:07+08:00][sql] SELECT `teacher_name`,`teacher_title`,`teacher_avatar` FROM `teacher` WHERE  `id` = 3 LIMIT 1 [ RunTime:0.000289s ]
[2023-07-22T11:08:07+08:00][sql] SHOW FULL COLUMNS FROM `address` [ RunTime:0.001387s ]
[2023-07-22T11:08:07+08:00][sql] SELECT * FROM `address` WHERE  `id` = 1 LIMIT 1 [ RunTime:0.000285s ]
[2023-07-22T11:08:07+08:00][sql] SELECT * FROM `address` WHERE  `id` = 2 LIMIT 1 [ RunTime:0.000242s ]
[2023-07-22T11:18:51+08:00][sql] CONNECT:[ UseTime:0.000434s ] mysql:host=localhost;port=3316;dbname=coffee;charset=utf8
[2023-07-22T11:18:51+08:00][sql] SHOW FULL COLUMNS FROM `course` [ RunTime:0.001566s ]
[2023-07-22T11:18:51+08:00][sql] SELECT * FROM `course` WHERE  `id` = 2 LIMIT 1 [ RunTime:0.000334s ]
[2023-07-22T11:18:51+08:00][sql] SHOW FULL COLUMNS FROM `teacher` [ RunTime:0.001007s ]
[2023-07-22T11:18:51+08:00][sql] SELECT `teacher_name`,`teacher_title`,`teacher_avatar` FROM `teacher` WHERE  `id` = 3 LIMIT 1 [ RunTime:0.000249s ]
[2023-07-22T11:18:51+08:00][sql] SHOW FULL COLUMNS FROM `address` [ RunTime:0.000919s ]
[2023-07-22T11:18:51+08:00][sql] SELECT * FROM `address` WHERE  `id` = 1 LIMIT 1 [ RunTime:0.000247s ]
[2023-07-22T11:18:51+08:00][sql] SELECT * FROM `address` WHERE  `id` = 2 LIMIT 1 [ RunTime:0.000220s ]
[2023-07-22T12:13:56+08:00][sql] CONNECT:[ UseTime:0.000437s ] mysql:host=localhost;port=3316;dbname=coffee;charset=utf8
[2023-07-22T12:13:56+08:00][sql] SHOW FULL COLUMNS FROM `course` [ RunTime:0.001588s ]
[2023-07-22T12:13:56+08:00][sql] SELECT * FROM `course` WHERE  `id` = 7 LIMIT 1 [ RunTime:0.000749s ]
[2023-07-22T12:13:56+08:00][sql] SHOW FULL COLUMNS FROM `teacher` [ RunTime:0.000958s ]
[2023-07-22T12:13:56+08:00][sql] SELECT `teacher_name`,`teacher_title`,`teacher_avatar` FROM `teacher` WHERE  `id` = 1 LIMIT 1 [ RunTime:0.000225s ]
[2023-07-22T12:13:56+08:00][sql] SHOW FULL COLUMNS FROM `address` [ RunTime:0.000964s ]
[2023-07-22T12:13:56+08:00][sql] SELECT * FROM `address` WHERE  `id` = 1 LIMIT 1 [ RunTime:0.000244s ]
[2023-07-22T12:13:56+08:00][sql] SELECT * FROM `address` WHERE  `id` = 2 LIMIT 1 [ RunTime:0.000244s ]
[2023-07-22T12:33:21+08:00][sql] CONNECT:[ UseTime:0.000416s ] mysql:host=localhost;port=3316;dbname=coffee;charset=utf8
[2023-07-22T12:33:21+08:00][sql] SHOW FULL COLUMNS FROM `course` [ RunTime:0.001560s ]
[2023-07-22T12:33:21+08:00][sql] SELECT * FROM `course` WHERE  `id` = 7 LIMIT 1 [ RunTime:0.000295s ]
[2023-07-22T12:33:21+08:00][sql] SHOW FULL COLUMNS FROM `teacher` [ RunTime:0.000884s ]
[2023-07-22T12:33:21+08:00][sql] SELECT `teacher_name`,`teacher_title`,`teacher_avatar` FROM `teacher` WHERE  `id` = 1 LIMIT 1 [ RunTime:0.000224s ]
[2023-07-22T12:33:21+08:00][sql] SHOW FULL COLUMNS FROM `address` [ RunTime:0.000970s ]
[2023-07-22T12:33:21+08:00][sql] SELECT * FROM `address` WHERE  `id` = 1 LIMIT 1 [ RunTime:0.000244s ]
[2023-07-22T12:33:21+08:00][sql] SELECT * FROM `address` WHERE  `id` = 2 LIMIT 1 [ RunTime:0.000214s ]
[2023-07-22T13:32:55+08:00][sql] CONNECT:[ UseTime:0.000563s ] mysql:host=localhost;port=3316;dbname=coffee;charset=utf8
[2023-07-22T13:32:55+08:00][sql] SHOW FULL COLUMNS FROM `course` [ RunTime:0.001999s ]
[2023-07-22T13:32:55+08:00][sql] SELECT * FROM `course` WHERE  `id` = 7 LIMIT 1 [ RunTime:0.000335s ]
[2023-07-22T13:32:55+08:00][sql] SHOW FULL COLUMNS FROM `teacher` [ RunTime:0.001253s ]
[2023-07-22T13:32:55+08:00][sql] SELECT `teacher_name`,`teacher_title`,`teacher_avatar` FROM `teacher` WHERE  `id` = 1 LIMIT 1 [ RunTime:0.000296s ]
[2023-07-22T13:32:55+08:00][sql] SHOW FULL COLUMNS FROM `address` [ RunTime:0.001046s ]
[2023-07-22T13:32:55+08:00][sql] SELECT * FROM `address` WHERE  `id` = 1 LIMIT 1 [ RunTime:0.000272s ]
[2023-07-22T13:32:55+08:00][sql] SELECT * FROM `address` WHERE  `id` = 2 LIMIT 1 [ RunTime:0.000220s ]
[2023-07-22T13:49:22+08:00][sql] CONNECT:[ UseTime:0.000507s ] mysql:host=localhost;port=3316;dbname=coffee;charset=utf8
[2023-07-22T13:49:22+08:00][sql] SHOW FULL COLUMNS FROM `course` [ RunTime:0.001606s ]
[2023-07-22T13:49:22+08:00][sql] SELECT * FROM `course` WHERE  `id` = 4 LIMIT 1 [ RunTime:0.000740s ]
[2023-07-22T13:49:22+08:00][sql] SHOW FULL COLUMNS FROM `teacher` [ RunTime:0.000961s ]
[2023-07-22T13:49:22+08:00][sql] SELECT `teacher_name`,`teacher_title`,`teacher_avatar` FROM `teacher` WHERE  `id` = 2 LIMIT 1 [ RunTime:0.000259s ]
[2023-07-22T13:49:22+08:00][sql] SHOW FULL COLUMNS FROM `address` [ RunTime:0.000915s ]
[2023-07-22T13:49:22+08:00][sql] SELECT * FROM `address` WHERE  `id` = 1 LIMIT 1 [ RunTime:0.000245s ]
[2023-07-22T13:49:22+08:00][sql] SELECT * FROM `address` WHERE  `id` = 2 LIMIT 1 [ RunTime:0.000199s ]
[2023-07-22T13:49:45+08:00][sql] CONNECT:[ UseTime:0.000479s ] mysql:host=localhost;port=3316;dbname=coffee;charset=utf8
[2023-07-22T13:49:45+08:00][sql] SHOW FULL COLUMNS FROM `course` [ RunTime:0.001569s ]
[2023-07-22T13:49:45+08:00][sql] SELECT * FROM `course` WHERE  `id` = 1 LIMIT 1 [ RunTime:0.000319s ]
[2023-07-22T13:49:45+08:00][sql] SHOW FULL COLUMNS FROM `teacher` [ RunTime:0.000985s ]
[2023-07-22T13:49:45+08:00][sql] SELECT `teacher_name`,`teacher_title`,`teacher_avatar` FROM `teacher` WHERE  `id` = 1 LIMIT 1 [ RunTime:0.000237s ]
[2023-07-22T13:49:45+08:00][sql] SELECT `teacher_name`,`teacher_title`,`teacher_avatar` FROM `teacher` WHERE  `id` = 2 LIMIT 1 [ RunTime:0.000273s ]
[2023-07-22T13:49:45+08:00][sql] SHOW FULL COLUMNS FROM `address` [ RunTime:0.001436s ]
[2023-07-22T13:49:45+08:00][sql] SELECT * FROM `address` WHERE  `id` = 1 LIMIT 1 [ RunTime:0.000345s ]
[2023-07-22T13:49:45+08:00][sql] SELECT * FROM `address` WHERE  `id` = 2 LIMIT 1 [ RunTime:0.000208s ]
[2023-07-22T13:50:02+08:00][sql] CONNECT:[ UseTime:0.000442s ] mysql:host=localhost;port=3316;dbname=coffee;charset=utf8
[2023-07-22T13:50:02+08:00][sql] SHOW FULL COLUMNS FROM `course` [ RunTime:0.001734s ]
[2023-07-22T13:50:02+08:00][sql] SELECT * FROM `course` WHERE  `id` = 2 LIMIT 1 [ RunTime:0.000813s ]
[2023-07-22T13:50:02+08:00][sql] SHOW FULL COLUMNS FROM `teacher` [ RunTime:0.001025s ]
[2023-07-22T13:50:02+08:00][sql] SELECT `teacher_name`,`teacher_title`,`teacher_avatar` FROM `teacher` WHERE  `id` = 3 LIMIT 1 [ RunTime:0.000294s ]
[2023-07-22T13:50:02+08:00][sql] SHOW FULL COLUMNS FROM `address` [ RunTime:0.001079s ]
[2023-07-22T13:50:02+08:00][sql] SELECT * FROM `address` WHERE  `id` = 1 LIMIT 1 [ RunTime:0.000241s ]
[2023-07-22T13:50:02+08:00][sql] SELECT * FROM `address` WHERE  `id` = 2 LIMIT 1 [ RunTime:0.000225s ]
[2023-07-22T13:50:23+08:00][sql] CONNECT:[ UseTime:0.000535s ] mysql:host=localhost;port=3316;dbname=coffee;charset=utf8
[2023-07-22T13:50:23+08:00][sql] SHOW FULL COLUMNS FROM `course` [ RunTime:0.001654s ]
[2023-07-22T13:50:23+08:00][sql] SELECT * FROM `course` WHERE  `id` = 4 LIMIT 1 [ RunTime:0.000415s ]
[2023-07-22T13:50:23+08:00][sql] SHOW FULL COLUMNS FROM `teacher` [ RunTime:0.001180s ]
[2023-07-22T13:50:23+08:00][sql] SELECT `teacher_name`,`teacher_title`,`teacher_avatar` FROM `teacher` WHERE  `id` = 2 LIMIT 1 [ RunTime:0.000308s ]
[2023-07-22T13:50:23+08:00][sql] SHOW FULL COLUMNS FROM `address` [ RunTime:0.001000s ]
[2023-07-22T13:50:23+08:00][sql] SELECT * FROM `address` WHERE  `id` = 1 LIMIT 1 [ RunTime:0.000296s ]
[2023-07-22T13:50:23+08:00][sql] SELECT * FROM `address` WHERE  `id` = 2 LIMIT 1 [ RunTime:0.000376s ]
[2023-07-22T13:50:45+08:00][sql] CONNECT:[ UseTime:0.000504s ] mysql:host=localhost;port=3316;dbname=coffee;charset=utf8
[2023-07-22T13:50:45+08:00][sql] SHOW FULL COLUMNS FROM `course` [ RunTime:0.001582s ]
[2023-07-22T13:50:45+08:00][sql] SELECT * FROM `course` WHERE  `id` = 1 LIMIT 1 [ RunTime:0.000322s ]
[2023-07-22T13:50:45+08:00][sql] SHOW FULL COLUMNS FROM `teacher` [ RunTime:0.001065s ]
[2023-07-22T13:50:45+08:00][sql] SELECT `teacher_name`,`teacher_title`,`teacher_avatar` FROM `teacher` WHERE  `id` = 1 LIMIT 1 [ RunTime:0.000351s ]
[2023-07-22T13:50:45+08:00][sql] SELECT `teacher_name`,`teacher_title`,`teacher_avatar` FROM `teacher` WHERE  `id` = 2 LIMIT 1 [ RunTime:0.000237s ]
[2023-07-22T13:50:45+08:00][sql] SHOW FULL COLUMNS FROM `address` [ RunTime:0.001006s ]
[2023-07-22T13:50:45+08:00][sql] SELECT * FROM `address` WHERE  `id` = 1 LIMIT 1 [ RunTime:0.000243s ]
[2023-07-22T13:50:45+08:00][sql] SELECT * FROM `address` WHERE  `id` = 2 LIMIT 1 [ RunTime:0.000271s ]
[2023-07-22T13:57:22+08:00][sql] CONNECT:[ UseTime:0.000508s ] mysql:host=localhost;port=3316;dbname=coffee;charset=utf8
[2023-07-22T13:57:22+08:00][sql] SHOW FULL COLUMNS FROM `course` [ RunTime:0.001792s ]
[2023-07-22T13:57:22+08:00][sql] SELECT * FROM `course` WHERE  `id` = 2 LIMIT 1 [ RunTime:0.000840s ]
[2023-07-22T13:57:22+08:00][sql] SHOW FULL COLUMNS FROM `teacher` [ RunTime:0.000990s ]
[2023-07-22T13:57:22+08:00][sql] SELECT `teacher_name`,`teacher_title`,`teacher_avatar` FROM `teacher` WHERE  `id` = 3 LIMIT 1 [ RunTime:0.000327s ]
[2023-07-22T13:57:22+08:00][sql] SHOW FULL COLUMNS FROM `address` [ RunTime:0.001105s ]
[2023-07-22T13:57:22+08:00][sql] SELECT * FROM `address` WHERE  `id` = 1 LIMIT 1 [ RunTime:0.000278s ]
[2023-07-22T13:57:22+08:00][sql] SELECT * FROM `address` WHERE  `id` = 2 LIMIT 1 [ RunTime:0.000257s ]
[2023-07-22T13:58:52+08:00][sql] CONNECT:[ UseTime:0.000450s ] mysql:host=localhost;port=3316;dbname=coffee;charset=utf8
[2023-07-22T13:58:52+08:00][sql] SHOW FULL COLUMNS FROM `course` [ RunTime:0.001529s ]
[2023-07-22T13:58:52+08:00][sql] SELECT * FROM `course` WHERE  `id` = 1 LIMIT 1 [ RunTime:0.000784s ]
[2023-07-22T13:58:52+08:00][sql] SHOW FULL COLUMNS FROM `teacher` [ RunTime:0.000994s ]
[2023-07-22T13:58:52+08:00][sql] SELECT `teacher_name`,`teacher_title`,`teacher_avatar` FROM `teacher` WHERE  `id` = 1 LIMIT 1 [ RunTime:0.000259s ]
[2023-07-22T13:58:52+08:00][sql] SELECT `teacher_name`,`teacher_title`,`teacher_avatar` FROM `teacher` WHERE  `id` = 2 LIMIT 1 [ RunTime:0.000195s ]
[2023-07-22T13:58:52+08:00][sql] SHOW FULL COLUMNS FROM `address` [ RunTime:0.000924s ]
[2023-07-22T13:58:52+08:00][sql] SELECT * FROM `address` WHERE  `id` = 1 LIMIT 1 [ RunTime:0.000239s ]
[2023-07-22T13:58:52+08:00][sql] SELECT * FROM `address` WHERE  `id` = 2 LIMIT 1 [ RunTime:0.000251s ]
[2023-07-22T16:51:24+08:00][sql] CONNECT:[ UseTime:0.000449s ] mysql:host=localhost;port=3316;dbname=coffee;charset=utf8
[2023-07-22T16:51:24+08:00][sql] SHOW FULL COLUMNS FROM `course` [ RunTime:0.001597s ]
[2023-07-22T16:51:24+08:00][sql] SELECT * FROM `course` WHERE  `id` = 5 LIMIT 1 [ RunTime:0.000363s ]
[2023-07-22T16:51:24+08:00][sql] SHOW FULL COLUMNS FROM `teacher` [ RunTime:0.001014s ]
[2023-07-22T16:51:24+08:00][sql] SELECT `teacher_name`,`teacher_title`,`teacher_avatar` FROM `teacher` WHERE  `id` = 1 LIMIT 1 [ RunTime:0.000251s ]
[2023-07-22T16:51:24+08:00][sql] SELECT `teacher_name`,`teacher_title`,`teacher_avatar` FROM `teacher` WHERE  `id` = 2 LIMIT 1 [ RunTime:0.000196s ]
[2023-07-22T16:51:24+08:00][sql] SHOW FULL COLUMNS FROM `address` [ RunTime:0.000942s ]
[2023-07-22T16:51:24+08:00][sql] SELECT * FROM `address` WHERE  `id` = 1 LIMIT 1 [ RunTime:0.000236s ]
[2023-07-22T16:51:24+08:00][sql] SELECT * FROM `address` WHERE  `id` = 2 LIMIT 1 [ RunTime:0.000204s ]
[2023-07-22T16:59:39+08:00][sql] CONNECT:[ UseTime:0.000477s ] mysql:host=localhost;port=3316;dbname=coffee;charset=utf8
[2023-07-22T16:59:39+08:00][sql] SHOW FULL COLUMNS FROM `course` [ RunTime:0.001587s ]
[2023-07-22T16:59:39+08:00][sql] SELECT * FROM `course` WHERE  `id` = 5 LIMIT 1 [ RunTime:0.000330s ]
[2023-07-22T16:59:39+08:00][sql] SHOW FULL COLUMNS FROM `teacher` [ RunTime:0.000998s ]
[2023-07-22T16:59:39+08:00][sql] SELECT `teacher_name`,`teacher_title`,`teacher_avatar` FROM `teacher` WHERE  `id` = 1 LIMIT 1 [ RunTime:0.000233s ]
[2023-07-22T16:59:39+08:00][sql] SELECT `teacher_name`,`teacher_title`,`teacher_avatar` FROM `teacher` WHERE  `id` = 2 LIMIT 1 [ RunTime:0.000192s ]
[2023-07-22T16:59:39+08:00][sql] SHOW FULL COLUMNS FROM `address` [ RunTime:0.000934s ]
[2023-07-22T16:59:39+08:00][sql] SELECT * FROM `address` WHERE  `id` = 1 LIMIT 1 [ RunTime:0.000284s ]
[2023-07-22T16:59:39+08:00][sql] SELECT * FROM `address` WHERE  `id` = 2 LIMIT 1 [ RunTime:0.000207s ]
[2023-07-22T17:44:10+08:00][sql] CONNECT:[ UseTime:0.000554s ] mysql:host=localhost;port=3316;dbname=coffee;charset=utf8
[2023-07-22T17:44:10+08:00][sql] SHOW FULL COLUMNS FROM `course` [ RunTime:0.001523s ]
[2023-07-22T17:44:10+08:00][sql] SELECT * FROM `course` WHERE  `id` = 7 LIMIT 1 [ RunTime:0.001017s ]
[2023-07-22T17:44:10+08:00][sql] SHOW FULL COLUMNS FROM `teacher` [ RunTime:0.000932s ]
[2023-07-22T17:44:10+08:00][sql] SELECT `teacher_name`,`teacher_title`,`teacher_avatar` FROM `teacher` WHERE  `id` = 1 LIMIT 1 [ RunTime:0.000242s ]
[2023-07-22T17:44:10+08:00][sql] SHOW FULL COLUMNS FROM `address` [ RunTime:0.000917s ]
[2023-07-22T17:44:10+08:00][sql] SELECT * FROM `address` WHERE  `id` = 1 LIMIT 1 [ RunTime:0.000283s ]
[2023-07-22T17:44:10+08:00][sql] SELECT * FROM `address` WHERE  `id` = 2 LIMIT 1 [ RunTime:0.000214s ]
[2023-07-22T17:45:48+08:00][sql] CONNECT:[ UseTime:0.000397s ] mysql:host=localhost;port=3316;dbname=coffee;charset=utf8
[2023-07-22T17:45:48+08:00][sql] SHOW FULL COLUMNS FROM `course` [ RunTime:0.001504s ]
[2023-07-22T17:45:48+08:00][sql] SELECT * FROM `course` WHERE  `id` = 7 LIMIT 1 [ RunTime:0.000315s ]
[2023-07-22T17:45:48+08:00][sql] SHOW FULL COLUMNS FROM `teacher` [ RunTime:0.001042s ]
[2023-07-22T17:45:48+08:00][sql] SELECT `teacher_name`,`teacher_title`,`teacher_avatar` FROM `teacher` WHERE  `id` = 1 LIMIT 1 [ RunTime:0.000252s ]
[2023-07-22T17:45:48+08:00][sql] SHOW FULL COLUMNS FROM `address` [ RunTime:0.000912s ]
[2023-07-22T17:45:48+08:00][sql] SELECT * FROM `address` WHERE  `id` = 1 LIMIT 1 [ RunTime:0.000236s ]
[2023-07-22T17:45:48+08:00][sql] SELECT * FROM `address` WHERE  `id` = 2 LIMIT 1 [ RunTime:0.000207s ]
[2023-07-22T17:48:46+08:00][sql] CONNECT:[ UseTime:0.000404s ] mysql:host=localhost;port=3316;dbname=coffee;charset=utf8
[2023-07-22T17:48:46+08:00][sql] SHOW FULL COLUMNS FROM `course` [ RunTime:0.001475s ]
[2023-07-22T17:48:46+08:00][sql] SELECT * FROM `course` WHERE  `id` = 1 LIMIT 1 [ RunTime:0.000741s ]
[2023-07-22T17:48:46+08:00][sql] SHOW FULL COLUMNS FROM `teacher` [ RunTime:0.000932s ]
[2023-07-22T17:48:46+08:00][sql] SELECT `teacher_name`,`teacher_title`,`teacher_avatar` FROM `teacher` WHERE  `id` = 1 LIMIT 1 [ RunTime:0.000244s ]
[2023-07-22T17:48:46+08:00][sql] SELECT `teacher_name`,`teacher_title`,`teacher_avatar` FROM `teacher` WHERE  `id` = 2 LIMIT 1 [ RunTime:0.000208s ]
[2023-07-22T17:48:46+08:00][sql] SHOW FULL COLUMNS FROM `address` [ RunTime:0.000929s ]
[2023-07-22T17:48:46+08:00][sql] SELECT * FROM `address` WHERE  `id` = 1 LIMIT 1 [ RunTime:0.000241s ]
[2023-07-22T17:48:46+08:00][sql] SELECT * FROM `address` WHERE  `id` = 2 LIMIT 1 [ RunTime:0.000220s ]
[2023-07-22T17:49:49+08:00][sql] CONNECT:[ UseTime:0.000524s ] mysql:host=localhost;port=3316;dbname=coffee;charset=utf8
[2023-07-22T17:49:49+08:00][sql] SHOW FULL COLUMNS FROM `course` [ RunTime:0.001834s ]
[2023-07-22T17:49:49+08:00][sql] SELECT * FROM `course` WHERE  `id` = 1 LIMIT 1 [ RunTime:0.000451s ]
[2023-07-22T17:49:49+08:00][sql] SHOW FULL COLUMNS FROM `teacher` [ RunTime:0.001298s ]
[2023-07-22T17:49:49+08:00][sql] SELECT `teacher_name`,`teacher_title`,`teacher_avatar` FROM `teacher` WHERE  `id` = 1 LIMIT 1 [ RunTime:0.000920s ]
[2023-07-22T17:49:49+08:00][sql] SELECT `teacher_name`,`teacher_title`,`teacher_avatar` FROM `teacher` WHERE  `id` = 2 LIMIT 1 [ RunTime:0.000262s ]
[2023-07-22T17:49:49+08:00][sql] SHOW FULL COLUMNS FROM `address` [ RunTime:0.000964s ]
[2023-07-22T17:49:49+08:00][sql] SELECT * FROM `address` WHERE  `id` = 1 LIMIT 1 [ RunTime:0.000342s ]
[2023-07-22T17:49:49+08:00][sql] SELECT * FROM `address` WHERE  `id` = 2 LIMIT 1 [ RunTime:0.000231s ]
[2023-07-22T23:05:58+08:00][sql] CONNECT:[ UseTime:0.000426s ] mysql:host=localhost;port=3316;dbname=coffee;charset=utf8
[2023-07-22T23:05:58+08:00][sql] SHOW FULL COLUMNS FROM `course` [ RunTime:0.001563s ]
[2023-07-22T23:05:58+08:00][sql] SELECT * FROM `course` WHERE  `id` = 3 LIMIT 1 [ RunTime:0.000368s ]
[2023-07-22T23:05:58+08:00][sql] SHOW FULL COLUMNS FROM `teacher` [ RunTime:0.000921s ]
[2023-07-22T23:05:58+08:00][sql] SELECT `teacher_name`,`teacher_title`,`teacher_avatar` FROM `teacher` WHERE  `id` = 1 LIMIT 1 [ RunTime:0.000231s ]
[2023-07-22T23:05:58+08:00][sql] SHOW FULL COLUMNS FROM `address` [ RunTime:0.001409s ]
[2023-07-22T23:05:58+08:00][sql] SELECT * FROM `address` WHERE  `id` = 1 LIMIT 1 [ RunTime:0.000248s ]
[2023-07-22T23:05:58+08:00][sql] SELECT * FROM `address` WHERE  `id` = 2 LIMIT 1 [ RunTime:0.000219s ]
[2023-07-22T23:37:44+08:00][sql] CONNECT:[ UseTime:0.000408s ] mysql:host=localhost;port=3316;dbname=coffee;charset=utf8
[2023-07-22T23:37:44+08:00][sql] SHOW FULL COLUMNS FROM `course` [ RunTime:0.001543s ]
[2023-07-22T23:37:44+08:00][sql] SELECT * FROM `course` WHERE  `id` = 3 LIMIT 1 [ RunTime:0.000736s ]
[2023-07-22T23:37:44+08:00][sql] SHOW FULL COLUMNS FROM `teacher` [ RunTime:0.000887s ]
[2023-07-22T23:37:44+08:00][sql] SELECT `teacher_name`,`teacher_title`,`teacher_avatar` FROM `teacher` WHERE  `id` = 1 LIMIT 1 [ RunTime:0.000210s ]
[2023-07-22T23:37:44+08:00][sql] SHOW FULL COLUMNS FROM `address` [ RunTime:0.000888s ]
[2023-07-22T23:37:44+08:00][sql] SELECT * FROM `address` WHERE  `id` = 1 LIMIT 1 [ RunTime:0.000235s ]
[2023-07-22T23:37:44+08:00][sql] SELECT * FROM `address` WHERE  `id` = 2 LIMIT 1 [ RunTime:0.000204s ]
