[2023-07-29T05:35:02+08:00][sql] CONNECT:[ UseTime:0.000413s ] mysql:host=localhost;port=3316;dbname=coffee;charset=utf8
[2023-07-29T05:35:02+08:00][sql] SHOW FULL COLUMNS FROM `course` [ RunTime:0.001660s ]
[2023-07-29T05:35:02+08:00][sql] SELECT `id`,`title`,`price`,`days`,`time` FROM `course` WHERE  `is_time` = 1 ORDER BY `sorting` ASC [ RunTime:0.000829s ]
[2023-07-29T05:35:02+08:00][sql] SELECT `id`,`title` FROM `course` WHERE  `status` = 1 [ RunTime:0.000238s ]
[2023-07-29T05:35:02+08:00][sql] SELECT `id`,`title` FROM `course` WHERE  `status` = 2 [ RunTime:0.000228s ]
[2023-07-29T05:35:02+08:00][sql] SHOW FULL COLUMNS FROM `address` [ RunTime:0.001101s ]
[2023-07-29T05:35:02+08:00][sql] SELECT * FROM `address` WHERE  `id` = 1 LIMIT 1 [ RunTime:0.000261s ]
[2023-07-29T05:35:02+08:00][sql] SELECT * FROM `address` WHERE  `id` = 2 LIMIT 1 [ RunTime:0.000237s ]
[2023-07-29T05:41:12+08:00][sql] CONNECT:[ UseTime:0.000461s ] mysql:host=localhost;port=3316;dbname=coffee;charset=utf8
[2023-07-29T05:41:12+08:00][sql] SHOW FULL COLUMNS FROM `course` [ RunTime:0.001635s ]
[2023-07-29T05:41:12+08:00][sql] SELECT `id`,`title`,`price`,`days`,`time` FROM `course` WHERE  `is_time` = 1 ORDER BY `sorting` ASC [ RunTime:0.000725s ]
[2023-07-29T05:41:12+08:00][sql] SELECT `id`,`title` FROM `course` WHERE  `status` = 1 [ RunTime:0.000222s ]
[2023-07-29T05:41:12+08:00][sql] SELECT `id`,`title` FROM `course` WHERE  `status` = 2 [ RunTime:0.000199s ]
[2023-07-29T05:41:12+08:00][sql] SHOW FULL COLUMNS FROM `address` [ RunTime:0.000997s ]
[2023-07-29T05:41:12+08:00][sql] SELECT * FROM `address` WHERE  `id` = 1 LIMIT 1 [ RunTime:0.000247s ]
[2023-07-29T05:41:12+08:00][sql] SELECT * FROM `address` WHERE  `id` = 2 LIMIT 1 [ RunTime:0.000204s ]
[2023-07-29T13:58:23+08:00][sql] CONNECT:[ UseTime:0.000553s ] mysql:host=localhost;port=3316;dbname=coffee;charset=utf8
[2023-07-29T13:58:23+08:00][sql] SHOW FULL COLUMNS FROM `course` [ RunTime:0.001726s ]
[2023-07-29T13:58:23+08:00][sql] SELECT * FROM `course` WHERE  `id` = 7 LIMIT 1 [ RunTime:0.000797s ]
[2023-07-29T13:58:23+08:00][sql] SHOW FULL COLUMNS FROM `teacher` [ RunTime:0.000996s ]
[2023-07-29T13:58:23+08:00][sql] SELECT `teacher_name`,`teacher_title`,`teacher_avatar` FROM `teacher` WHERE  `id` = 1 LIMIT 1 [ RunTime:0.000265s ]
[2023-07-29T13:58:23+08:00][sql] SHOW FULL COLUMNS FROM `address` [ RunTime:0.001013s ]
[2023-07-29T13:58:23+08:00][sql] SELECT * FROM `address` WHERE  `id` = 1 LIMIT 1 [ RunTime:0.000266s ]
[2023-07-29T13:58:23+08:00][sql] SELECT * FROM `address` WHERE  `id` = 2 LIMIT 1 [ RunTime:0.000243s ]
[2023-07-29T13:59:22+08:00][sql] CONNECT:[ UseTime:0.000396s ] mysql:host=localhost;port=3316;dbname=coffee;charset=utf8
[2023-07-29T13:59:22+08:00][sql] SHOW FULL COLUMNS FROM `course` [ RunTime:0.001636s ]
[2023-07-29T13:59:22+08:00][sql] SELECT * FROM `course` WHERE  `id` = 7 LIMIT 1 [ RunTime:0.000332s ]
[2023-07-29T13:59:22+08:00][sql] SHOW FULL COLUMNS FROM `teacher` [ RunTime:0.000968s ]
[2023-07-29T13:59:22+08:00][sql] SELECT `teacher_name`,`teacher_title`,`teacher_avatar` FROM `teacher` WHERE  `id` = 1 LIMIT 1 [ RunTime:0.000229s ]
[2023-07-29T13:59:22+08:00][sql] SHOW FULL COLUMNS FROM `address` [ RunTime:0.001004s ]
[2023-07-29T13:59:22+08:00][sql] SELECT * FROM `address` WHERE  `id` = 1 LIMIT 1 [ RunTime:0.000279s ]
[2023-07-29T13:59:22+08:00][sql] SELECT * FROM `address` WHERE  `id` = 2 LIMIT 1 [ RunTime:0.000246s ]
[2023-07-29T14:00:13+08:00][sql] CONNECT:[ UseTime:0.000455s ] mysql:host=localhost;port=3316;dbname=coffee;charset=utf8
[2023-07-29T14:00:13+08:00][sql] SHOW FULL COLUMNS FROM `course` [ RunTime:0.001631s ]
[2023-07-29T14:00:13+08:00][sql] SELECT * FROM `course` WHERE  `id` = 7 LIMIT 1 [ RunTime:0.000830s ]
[2023-07-29T14:00:13+08:00][sql] SHOW FULL COLUMNS FROM `teacher` [ RunTime:0.001030s ]
[2023-07-29T14:00:13+08:00][sql] SELECT `teacher_name`,`teacher_title`,`teacher_avatar` FROM `teacher` WHERE  `id` = 1 LIMIT 1 [ RunTime:0.000243s ]
[2023-07-29T14:00:13+08:00][sql] SHOW FULL COLUMNS FROM `address` [ RunTime:0.001034s ]
[2023-07-29T14:00:13+08:00][sql] SELECT * FROM `address` WHERE  `id` = 1 LIMIT 1 [ RunTime:0.000262s ]
[2023-07-29T14:00:13+08:00][sql] SELECT * FROM `address` WHERE  `id` = 2 LIMIT 1 [ RunTime:0.000239s ]
[2023-07-29T16:32:49+08:00][sql] CONNECT:[ UseTime:0.000463s ] mysql:host=localhost;port=3316;dbname=coffee;charset=utf8
[2023-07-29T16:32:49+08:00][sql] SHOW FULL COLUMNS FROM `course` [ RunTime:0.001658s ]
[2023-07-29T16:32:49+08:00][sql] SELECT * FROM `course` WHERE  `id` = 5 LIMIT 1 [ RunTime:0.000364s ]
[2023-07-29T16:32:49+08:00][sql] SHOW FULL COLUMNS FROM `teacher` [ RunTime:0.001124s ]
[2023-07-29T16:32:49+08:00][sql] SELECT `teacher_name`,`teacher_title`,`teacher_avatar` FROM `teacher` WHERE  `id` = 1 LIMIT 1 [ RunTime:0.000242s ]
[2023-07-29T16:32:49+08:00][sql] SELECT `teacher_name`,`teacher_title`,`teacher_avatar` FROM `teacher` WHERE  `id` = 2 LIMIT 1 [ RunTime:0.000291s ]
[2023-07-29T16:32:49+08:00][sql] SHOW FULL COLUMNS FROM `address` [ RunTime:0.001071s ]
[2023-07-29T16:32:49+08:00][sql] SELECT * FROM `address` WHERE  `id` = 1 LIMIT 1 [ RunTime:0.000301s ]
[2023-07-29T16:32:49+08:00][sql] SELECT * FROM `address` WHERE  `id` = 2 LIMIT 1 [ RunTime:0.000241s ]
[2023-07-29T16:41:06+08:00][sql] CONNECT:[ UseTime:0.000476s ] mysql:host=localhost;port=3316;dbname=coffee;charset=utf8
[2023-07-29T16:41:06+08:00][sql] SHOW FULL COLUMNS FROM `course` [ RunTime:0.001540s ]
[2023-07-29T16:41:06+08:00][sql] SELECT * FROM `course` WHERE  `id` = 5 LIMIT 1 [ RunTime:0.000348s ]
[2023-07-29T16:41:06+08:00][sql] SHOW FULL COLUMNS FROM `teacher` [ RunTime:0.000932s ]
[2023-07-29T16:41:06+08:00][sql] SELECT `teacher_name`,`teacher_title`,`teacher_avatar` FROM `teacher` WHERE  `id` = 1 LIMIT 1 [ RunTime:0.000226s ]
[2023-07-29T16:41:06+08:00][sql] SELECT `teacher_name`,`teacher_title`,`teacher_avatar` FROM `teacher` WHERE  `id` = 2 LIMIT 1 [ RunTime:0.000195s ]
[2023-07-29T16:41:06+08:00][sql] SHOW FULL COLUMNS FROM `address` [ RunTime:0.000863s ]
[2023-07-29T16:41:06+08:00][sql] SELECT * FROM `address` WHERE  `id` = 1 LIMIT 1 [ RunTime:0.000240s ]
[2023-07-29T16:41:06+08:00][sql] SELECT * FROM `address` WHERE  `id` = 2 LIMIT 1 [ RunTime:0.000194s ]
[2023-07-29T23:16:19+08:00][sql] CONNECT:[ UseTime:0.000415s ] mysql:host=localhost;port=3316;dbname=coffee;charset=utf8
[2023-07-29T23:16:19+08:00][sql] SHOW FULL COLUMNS FROM `course` [ RunTime:0.001505s ]
[2023-07-29T23:16:19+08:00][sql] SELECT * FROM `course` WHERE  `id` = 7 LIMIT 1 [ RunTime:0.000305s ]
[2023-07-29T23:16:19+08:00][sql] SHOW FULL COLUMNS FROM `teacher` [ RunTime:0.000926s ]
[2023-07-29T23:16:19+08:00][sql] SELECT `teacher_name`,`teacher_title`,`teacher_avatar` FROM `teacher` WHERE  `id` = 1 LIMIT 1 [ RunTime:0.000225s ]
[2023-07-29T23:16:19+08:00][sql] SHOW FULL COLUMNS FROM `address` [ RunTime:0.000943s ]
[2023-07-29T23:16:19+08:00][sql] SELECT * FROM `address` WHERE  `id` = 1 LIMIT 1 [ RunTime:0.000254s ]
[2023-07-29T23:16:19+08:00][sql] SELECT * FROM `address` WHERE  `id` = 2 LIMIT 1 [ RunTime:0.000249s ]
[2023-07-29T23:16:35+08:00][sql] CONNECT:[ UseTime:0.000414s ] mysql:host=localhost;port=3316;dbname=coffee;charset=utf8
[2023-07-29T23:16:35+08:00][sql] SHOW FULL COLUMNS FROM `course` [ RunTime:0.001548s ]
[2023-07-29T23:16:35+08:00][sql] SELECT * FROM `course` WHERE  `id` = 2 LIMIT 1 [ RunTime:0.000307s ]
[2023-07-29T23:16:35+08:00][sql] SHOW FULL COLUMNS FROM `teacher` [ RunTime:0.000989s ]
[2023-07-29T23:16:35+08:00][sql] SELECT `teacher_name`,`teacher_title`,`teacher_avatar` FROM `teacher` WHERE  `id` = 3 LIMIT 1 [ RunTime:0.000224s ]
[2023-07-29T23:16:35+08:00][sql] SHOW FULL COLUMNS FROM `address` [ RunTime:0.000958s ]
[2023-07-29T23:16:35+08:00][sql] SELECT * FROM `address` WHERE  `id` = 1 LIMIT 1 [ RunTime:0.000270s ]
[2023-07-29T23:16:35+08:00][sql] SELECT * FROM `address` WHERE  `id` = 2 LIMIT 1 [ RunTime:0.000209s ]
[2023-07-29T23:23:44+08:00][sql] CONNECT:[ UseTime:0.000455s ] mysql:host=localhost;port=3316;dbname=coffee;charset=utf8
[2023-07-29T23:23:44+08:00][sql] SHOW FULL COLUMNS FROM `course` [ RunTime:0.001773s ]
[2023-07-29T23:23:44+08:00][sql] SELECT * FROM `course` WHERE  `id` = 7 LIMIT 1 [ RunTime:0.000805s ]
[2023-07-29T23:23:44+08:00][sql] SHOW FULL COLUMNS FROM `teacher` [ RunTime:0.001074s ]
[2023-07-29T23:23:44+08:00][sql] SELECT `teacher_name`,`teacher_title`,`teacher_avatar` FROM `teacher` WHERE  `id` = 1 LIMIT 1 [ RunTime:0.000268s ]
[2023-07-29T23:23:44+08:00][sql] SHOW FULL COLUMNS FROM `address` [ RunTime:0.001041s ]
[2023-07-29T23:23:44+08:00][sql] SELECT * FROM `address` WHERE  `id` = 1 LIMIT 1 [ RunTime:0.000251s ]
[2023-07-29T23:23:44+08:00][sql] SELECT * FROM `address` WHERE  `id` = 2 LIMIT 1 [ RunTime:0.000214s ]
[2023-07-29T23:33:08+08:00][sql] CONNECT:[ UseTime:0.000419s ] mysql:host=localhost;port=3316;dbname=coffee;charset=utf8
[2023-07-29T23:33:08+08:00][sql] SHOW FULL COLUMNS FROM `course` [ RunTime:0.001858s ]
[2023-07-29T23:33:08+08:00][sql] SELECT * FROM `course` WHERE  `id` = 2 LIMIT 1 [ RunTime:0.000753s ]
[2023-07-29T23:33:08+08:00][sql] SHOW FULL COLUMNS FROM `teacher` [ RunTime:0.000999s ]
[2023-07-29T23:33:08+08:00][sql] SELECT `teacher_name`,`teacher_title`,`teacher_avatar` FROM `teacher` WHERE  `id` = 3 LIMIT 1 [ RunTime:0.000254s ]
[2023-07-29T23:33:08+08:00][sql] SHOW FULL COLUMNS FROM `address` [ RunTime:0.000906s ]
[2023-07-29T23:33:08+08:00][sql] SELECT * FROM `address` WHERE  `id` = 1 LIMIT 1 [ RunTime:0.000283s ]
[2023-07-29T23:33:08+08:00][sql] SELECT * FROM `address` WHERE  `id` = 2 LIMIT 1 [ RunTime:0.000209s ]
