[2023-07-30T02:08:27+08:00][sql] CONNECT:[ UseTime:0.000438s ] mysql:host=localhost;port=3316;dbname=coffee;charset=utf8
[2023-07-30T02:08:27+08:00][sql] SHOW FULL COLUMNS FROM `course` [ RunTime:0.001504s ]
[2023-07-30T02:08:27+08:00][sql] SELECT `id`,`title`,`price`,`days`,`time` FROM `course` WHERE  `is_time` = 1 ORDER BY `sorting` ASC [ RunTime:0.000719s ]
[2023-07-30T02:08:27+08:00][sql] SELECT `id`,`title` FROM `course` WHERE  `status` = 1 [ RunTime:0.000206s ]
[2023-07-30T02:08:27+08:00][sql] SELECT `id`,`title` FROM `course` WHERE  `status` = 2 [ RunTime:0.000188s ]
[2023-07-30T02:08:27+08:00][sql] SHOW FULL COLUMNS FROM `address` [ RunTime:0.000912s ]
[2023-07-30T02:08:27+08:00][sql] SELECT * FROM `address` WHERE  `id` = 1 LIMIT 1 [ RunTime:0.000270s ]
[2023-07-30T02:08:27+08:00][sql] SELECT * FROM `address` WHERE  `id` = 2 LIMIT 1 [ RunTime:0.000230s ]
[2023-07-30T02:15:02+08:00][sql] CONNECT:[ UseTime:0.000494s ] mysql:host=localhost;port=3316;dbname=coffee;charset=utf8
[2023-07-30T02:15:02+08:00][sql] SHOW FULL COLUMNS FROM `course` [ RunTime:0.001567s ]
[2023-07-30T02:15:02+08:00][sql] SELECT `id`,`title`,`price`,`days`,`time` FROM `course` WHERE  `is_time` = 1 ORDER BY `sorting` ASC [ RunTime:0.000767s ]
[2023-07-30T02:15:02+08:00][sql] SELECT `id`,`title` FROM `course` WHERE  `status` = 1 [ RunTime:0.000239s ]
[2023-07-30T02:15:02+08:00][sql] SELECT `id`,`title` FROM `course` WHERE  `status` = 2 [ RunTime:0.000238s ]
[2023-07-30T02:15:02+08:00][sql] SHOW FULL COLUMNS FROM `address` [ RunTime:0.001074s ]
[2023-07-30T02:15:02+08:00][sql] SELECT * FROM `address` WHERE  `id` = 1 LIMIT 1 [ RunTime:0.000260s ]
[2023-07-30T02:15:02+08:00][sql] SELECT * FROM `address` WHERE  `id` = 2 LIMIT 1 [ RunTime:0.000213s ]
[2023-07-30T11:36:19+08:00][sql] CONNECT:[ UseTime:0.000490s ] mysql:host=localhost;port=3316;dbname=coffee;charset=utf8
[2023-07-30T11:36:19+08:00][sql] SHOW FULL COLUMNS FROM `course` [ RunTime:0.001595s ]
[2023-07-30T11:36:19+08:00][sql] SELECT * FROM `course` WHERE  `id` = 4 LIMIT 1 [ RunTime:0.000814s ]
[2023-07-30T11:36:19+08:00][sql] SHOW FULL COLUMNS FROM `teacher` [ RunTime:0.001000s ]
[2023-07-30T11:36:19+08:00][sql] SELECT `teacher_name`,`teacher_title`,`teacher_avatar` FROM `teacher` WHERE  `id` = 2 LIMIT 1 [ RunTime:0.000289s ]
[2023-07-30T11:36:19+08:00][sql] SHOW FULL COLUMNS FROM `address` [ RunTime:0.001136s ]
[2023-07-30T11:36:19+08:00][sql] SELECT * FROM `address` WHERE  `id` = 1 LIMIT 1 [ RunTime:0.000253s ]
[2023-07-30T11:36:19+08:00][sql] SELECT * FROM `address` WHERE  `id` = 2 LIMIT 1 [ RunTime:0.000232s ]
[2023-07-30T11:42:08+08:00][sql] CONNECT:[ UseTime:0.000425s ] mysql:host=localhost;port=3316;dbname=coffee;charset=utf8
[2023-07-30T11:42:08+08:00][sql] SHOW FULL COLUMNS FROM `course` [ RunTime:0.001475s ]
[2023-07-30T11:42:08+08:00][sql] SELECT * FROM `course` WHERE  `id` = 4 LIMIT 1 [ RunTime:0.000749s ]
[2023-07-30T11:42:08+08:00][sql] SHOW FULL COLUMNS FROM `teacher` [ RunTime:0.000887s ]
[2023-07-30T11:42:08+08:00][sql] SELECT `teacher_name`,`teacher_title`,`teacher_avatar` FROM `teacher` WHERE  `id` = 2 LIMIT 1 [ RunTime:0.000204s ]
[2023-07-30T11:42:08+08:00][sql] SHOW FULL COLUMNS FROM `address` [ RunTime:0.000870s ]
[2023-07-30T11:42:08+08:00][sql] SELECT * FROM `address` WHERE  `id` = 1 LIMIT 1 [ RunTime:0.000247s ]
[2023-07-30T11:42:08+08:00][sql] SELECT * FROM `address` WHERE  `id` = 2 LIMIT 1 [ RunTime:0.000242s ]
[2023-07-30T16:58:05+08:00][sql] CONNECT:[ UseTime:0.000482s ] mysql:host=localhost;port=3316;dbname=coffee;charset=utf8
[2023-07-30T16:58:05+08:00][sql] SHOW FULL COLUMNS FROM `course` [ RunTime:0.002099s ]
[2023-07-30T16:58:05+08:00][sql] SELECT * FROM `course` WHERE  `id` = 1 LIMIT 1 [ RunTime:0.000429s ]
[2023-07-30T16:58:05+08:00][sql] SHOW FULL COLUMNS FROM `teacher` [ RunTime:0.000961s ]
[2023-07-30T16:58:05+08:00][sql] SELECT `teacher_name`,`teacher_title`,`teacher_avatar` FROM `teacher` WHERE  `id` = 1 LIMIT 1 [ RunTime:0.000241s ]
[2023-07-30T16:58:05+08:00][sql] SELECT `teacher_name`,`teacher_title`,`teacher_avatar` FROM `teacher` WHERE  `id` = 2 LIMIT 1 [ RunTime:0.000193s ]
[2023-07-30T16:58:05+08:00][sql] SHOW FULL COLUMNS FROM `address` [ RunTime:0.001043s ]
[2023-07-30T16:58:05+08:00][sql] SELECT * FROM `address` WHERE  `id` = 1 LIMIT 1 [ RunTime:0.000279s ]
[2023-07-30T16:58:05+08:00][sql] SELECT * FROM `address` WHERE  `id` = 2 LIMIT 1 [ RunTime:0.000202s ]
[2023-07-30T17:08:18+08:00][sql] CONNECT:[ UseTime:0.000397s ] mysql:host=localhost;port=3316;dbname=coffee;charset=utf8
[2023-07-30T17:08:18+08:00][sql] SHOW FULL COLUMNS FROM `course` [ RunTime:0.001662s ]
[2023-07-30T17:08:18+08:00][sql] SELECT * FROM `course` WHERE  `id` = 1 LIMIT 1 [ RunTime:0.000339s ]
[2023-07-30T17:08:18+08:00][sql] SHOW FULL COLUMNS FROM `teacher` [ RunTime:0.000960s ]
[2023-07-30T17:08:18+08:00][sql] SELECT `teacher_name`,`teacher_title`,`teacher_avatar` FROM `teacher` WHERE  `id` = 1 LIMIT 1 [ RunTime:0.000256s ]
[2023-07-30T17:08:18+08:00][sql] SELECT `teacher_name`,`teacher_title`,`teacher_avatar` FROM `teacher` WHERE  `id` = 2 LIMIT 1 [ RunTime:0.000222s ]
[2023-07-30T17:08:18+08:00][sql] SHOW FULL COLUMNS FROM `address` [ RunTime:0.000986s ]
[2023-07-30T17:08:18+08:00][sql] SELECT * FROM `address` WHERE  `id` = 1 LIMIT 1 [ RunTime:0.000256s ]
[2023-07-30T17:08:18+08:00][sql] SELECT * FROM `address` WHERE  `id` = 2 LIMIT 1 [ RunTime:0.000215s ]
[2023-07-30T18:27:36+08:00][sql] CONNECT:[ UseTime:0.000478s ] mysql:host=localhost;port=3316;dbname=coffee;charset=utf8
[2023-07-30T18:27:36+08:00][sql] SHOW FULL COLUMNS FROM `course` [ RunTime:0.001614s ]
[2023-07-30T18:27:36+08:00][sql] SELECT * FROM `course` WHERE  `id` = 6 LIMIT 1 [ RunTime:0.000383s ]
[2023-07-30T18:27:36+08:00][sql] SHOW FULL COLUMNS FROM `teacher` [ RunTime:0.000976s ]
[2023-07-30T18:27:36+08:00][sql] SELECT `teacher_name`,`teacher_title`,`teacher_avatar` FROM `teacher` WHERE  `id` = 1 LIMIT 1 [ RunTime:0.000225s ]
[2023-07-30T18:27:36+08:00][sql] SHOW FULL COLUMNS FROM `address` [ RunTime:0.001038s ]
[2023-07-30T18:27:36+08:00][sql] SELECT * FROM `address` WHERE  `id` = 1 LIMIT 1 [ RunTime:0.000280s ]
[2023-07-30T18:27:36+08:00][sql] SELECT * FROM `address` WHERE  `id` = 2 LIMIT 1 [ RunTime:0.000245s ]
[2023-07-30T18:48:52+08:00][sql] CONNECT:[ UseTime:0.000454s ] mysql:host=localhost;port=3316;dbname=coffee;charset=utf8
[2023-07-30T18:48:52+08:00][sql] SHOW FULL COLUMNS FROM `course` [ RunTime:0.001606s ]
[2023-07-30T18:48:52+08:00][sql] SELECT * FROM `course` WHERE  `id` = 6 LIMIT 1 [ RunTime:0.000345s ]
[2023-07-30T18:48:52+08:00][sql] SHOW FULL COLUMNS FROM `teacher` [ RunTime:0.000954s ]
[2023-07-30T18:48:52+08:00][sql] SELECT `teacher_name`,`teacher_title`,`teacher_avatar` FROM `teacher` WHERE  `id` = 1 LIMIT 1 [ RunTime:0.000248s ]
[2023-07-30T18:48:52+08:00][sql] SHOW FULL COLUMNS FROM `address` [ RunTime:0.000897s ]
[2023-07-30T18:48:52+08:00][sql] SELECT * FROM `address` WHERE  `id` = 1 LIMIT 1 [ RunTime:0.000235s ]
[2023-07-30T18:48:52+08:00][sql] SELECT * FROM `address` WHERE  `id` = 2 LIMIT 1 [ RunTime:0.000267s ]
[2023-07-30T19:00:50+08:00][sql] CONNECT:[ UseTime:0.000440s ] mysql:host=localhost;port=3316;dbname=coffee;charset=utf8
[2023-07-30T19:00:50+08:00][sql] SHOW FULL COLUMNS FROM `course` [ RunTime:0.002076s ]
[2023-07-30T19:00:50+08:00][sql] SELECT `id`,`title`,`price`,`days`,`time` FROM `course` WHERE  `is_time` = 1 ORDER BY `sorting` ASC [ RunTime:0.000932s ]
[2023-07-30T19:00:50+08:00][sql] SELECT `id`,`title` FROM `course` WHERE  `status` = 1 [ RunTime:0.000333s ]
[2023-07-30T19:00:50+08:00][sql] SELECT `id`,`title` FROM `course` WHERE  `status` = 2 [ RunTime:0.000225s ]
[2023-07-30T19:00:50+08:00][sql] SHOW FULL COLUMNS FROM `address` [ RunTime:0.001170s ]
[2023-07-30T19:00:50+08:00][sql] SELECT * FROM `address` WHERE  `id` = 1 LIMIT 1 [ RunTime:0.000343s ]
[2023-07-30T19:00:50+08:00][sql] SELECT * FROM `address` WHERE  `id` = 2 LIMIT 1 [ RunTime:0.000249s ]
[2023-07-30T19:09:36+08:00][sql] CONNECT:[ UseTime:0.000469s ] mysql:host=localhost;port=3316;dbname=coffee;charset=utf8
[2023-07-30T19:09:36+08:00][sql] SHOW FULL COLUMNS FROM `course` [ RunTime:0.001665s ]
[2023-07-30T19:09:36+08:00][sql] SELECT `id`,`title`,`price`,`days`,`time` FROM `course` WHERE  `is_time` = 1 ORDER BY `sorting` ASC [ RunTime:0.000304s ]
[2023-07-30T19:09:36+08:00][sql] SELECT `id`,`title` FROM `course` WHERE  `status` = 1 [ RunTime:0.000232s ]
[2023-07-30T19:09:36+08:00][sql] SELECT `id`,`title` FROM `course` WHERE  `status` = 2 [ RunTime:0.000215s ]
[2023-07-30T19:09:36+08:00][sql] SHOW FULL COLUMNS FROM `address` [ RunTime:0.000989s ]
[2023-07-30T19:09:36+08:00][sql] SELECT * FROM `address` WHERE  `id` = 1 LIMIT 1 [ RunTime:0.000282s ]
[2023-07-30T19:09:36+08:00][sql] SELECT * FROM `address` WHERE  `id` = 2 LIMIT 1 [ RunTime:0.000262s ]
