[2023-05-03T16:10:46+08:00][sql] CONNECT:[ UseTime:0.000446s ] mysql:host=localhost;port=3316;dbname=coffee;charset=utf8
[2023-05-03T16:10:46+08:00][sql] SHOW FULL COLUMNS FROM `teacher` [ RunTime:0.001241s ]
[2023-05-03T16:10:46+08:00][sql] SELECT `teacher_name`,`teacher_title`,`teacher_avatar`,`detail` FROM `teacher` WHERE  `id` = 1 LIMIT 1 [ RunTime:0.000283s ]
[2023-05-03T16:10:46+08:00][sql] SHOW FULL COLUMNS FROM `course` [ RunTime:0.001203s ]
[2023-05-03T16:10:46+08:00][sql] SELECT * FROM `course` WHERE  `about_instructor` LIKE '%1%' [ RunTime:0.000450s ]
[2023-05-03T16:10:46+08:00][sql] SHOW FULL COLUMNS FROM `address` [ RunTime:0.001002s ]
[2023-05-03T16:10:46+08:00][sql] SELECT * FROM `address` WHERE  `id` = 1 LIMIT 1 [ RunTime:0.000287s ]
[2023-05-03T16:10:46+08:00][sql] SELECT * FROM `address` WHERE  `id` = 2 LIMIT 1 [ RunTime:0.000276s ]
[2023-05-03T16:17:30+08:00][sql] CONNECT:[ UseTime:0.000419s ] mysql:host=localhost;port=3316;dbname=coffee;charset=utf8
[2023-05-03T16:17:30+08:00][sql] SHOW FULL COLUMNS FROM `teacher` [ RunTime:0.001250s ]
[2023-05-03T16:17:30+08:00][sql] SELECT `teacher_name`,`teacher_title`,`teacher_avatar`,`detail` FROM `teacher` WHERE  `id` = 1 LIMIT 1 [ RunTime:0.000274s ]
[2023-05-03T16:17:30+08:00][sql] SHOW FULL COLUMNS FROM `course` [ RunTime:0.001072s ]
[2023-05-03T16:17:30+08:00][sql] SELECT * FROM `course` WHERE  `about_instructor` LIKE '%1%' [ RunTime:0.000452s ]
[2023-05-03T16:17:30+08:00][sql] SHOW FULL COLUMNS FROM `address` [ RunTime:0.000983s ]
[2023-05-03T16:17:30+08:00][sql] SELECT * FROM `address` WHERE  `id` = 1 LIMIT 1 [ RunTime:0.000282s ]
[2023-05-03T16:17:30+08:00][sql] SELECT * FROM `address` WHERE  `id` = 2 LIMIT 1 [ RunTime:0.000247s ]
[2023-05-03T17:45:23+08:00][sql] CONNECT:[ UseTime:0.000410s ] mysql:host=localhost;port=3316;dbname=coffee;charset=utf8
[2023-05-03T17:45:23+08:00][sql] SHOW FULL COLUMNS FROM `teacher` [ RunTime:0.001241s ]
[2023-05-03T17:45:23+08:00][sql] SELECT `id`,`teacher_name`,`teacher_avatar`,`Introduction` FROM `teacher` [ RunTime:0.000257s ]
[2023-05-03T17:45:23+08:00][sql] SHOW FULL COLUMNS FROM `address` [ RunTime:0.000966s ]
[2023-05-03T17:45:23+08:00][sql] SELECT * FROM `address` WHERE  `id` = 1 LIMIT 1 [ RunTime:0.000299s ]
[2023-05-03T17:45:23+08:00][sql] SELECT * FROM `address` WHERE  `id` = 2 LIMIT 1 [ RunTime:0.000266s ]
[2023-05-03T17:50:46+08:00][sql] CONNECT:[ UseTime:0.000433s ] mysql:host=localhost;port=3316;dbname=coffee;charset=utf8
[2023-05-03T17:50:46+08:00][sql] SHOW FULL COLUMNS FROM `teacher` [ RunTime:0.001342s ]
[2023-05-03T17:50:46+08:00][sql] SELECT `id`,`teacher_name`,`teacher_avatar`,`Introduction` FROM `teacher` [ RunTime:0.000298s ]
[2023-05-03T17:50:46+08:00][sql] SHOW FULL COLUMNS FROM `address` [ RunTime:0.000962s ]
[2023-05-03T17:50:46+08:00][sql] SELECT * FROM `address` WHERE  `id` = 1 LIMIT 1 [ RunTime:0.000283s ]
[2023-05-03T17:50:46+08:00][sql] SELECT * FROM `address` WHERE  `id` = 2 LIMIT 1 [ RunTime:0.000296s ]
[2023-05-03T18:18:03+08:00][sql] CONNECT:[ UseTime:0.000434s ] mysql:host=localhost;port=3316;dbname=coffee;charset=utf8
[2023-05-03T18:18:03+08:00][sql] SHOW FULL COLUMNS FROM `teacher` [ RunTime:0.001252s ]
[2023-05-03T18:18:03+08:00][sql] SELECT `teacher_name`,`teacher_title`,`teacher_avatar`,`detail` FROM `teacher` WHERE  `id` = 1 LIMIT 1 [ RunTime:0.000248s ]
[2023-05-03T18:18:03+08:00][sql] SHOW FULL COLUMNS FROM `course` [ RunTime:0.001072s ]
[2023-05-03T18:18:03+08:00][sql] SELECT * FROM `course` WHERE  `about_instructor` LIKE '%1%' [ RunTime:0.000432s ]
[2023-05-03T18:18:03+08:00][sql] SHOW FULL COLUMNS FROM `address` [ RunTime:0.000981s ]
[2023-05-03T18:18:03+08:00][sql] SELECT * FROM `address` WHERE  `id` = 1 LIMIT 1 [ RunTime:0.000268s ]
[2023-05-03T18:18:03+08:00][sql] SELECT * FROM `address` WHERE  `id` = 2 LIMIT 1 [ RunTime:0.000246s ]
