[2023-05-18T00:51:33+08:00][sql] CONNECT:[ UseTime:0.000380s ] mysql:host=localhost;port=3316;dbname=coffee;charset=utf8
[2023-05-18T00:51:33+08:00][sql] SHOW FULL COLUMNS FROM `teacher` [ RunTime:0.001196s ]
[2023-05-18T00:51:33+08:00][sql] SELECT `teacher_name`,`teacher_title`,`teacher_avatar`,`detail` FROM `teacher` WHERE  `id` = 3 LIMIT 1 [ RunTime:0.000270s ]
[2023-05-18T00:51:33+08:00][sql] SHOW FULL COLUMNS FROM `course` [ RunTime:0.001026s ]
[2023-05-18T00:51:33+08:00][sql] SELECT * FROM `course` WHERE  `about_instructor` LIKE '%3%' [ RunTime:0.000383s ]
[2023-05-18T00:51:33+08:00][sql] SHOW FULL COLUMNS FROM `address` [ RunTime:0.001097s ]
[2023-05-18T00:51:33+08:00][sql] SELECT * FROM `address` WHERE  `id` = 1 LIMIT 1 [ RunTime:0.000269s ]
[2023-05-18T00:51:33+08:00][sql] SELECT * FROM `address` WHERE  `id` = 2 LIMIT 1 [ RunTime:0.000243s ]
[2023-05-18T01:01:24+08:00][sql] CONNECT:[ UseTime:0.000445s ] mysql:host=localhost;port=3316;dbname=coffee;charset=utf8
[2023-05-18T01:01:24+08:00][sql] SHOW FULL COLUMNS FROM `teacher` [ RunTime:0.001294s ]
[2023-05-18T01:01:24+08:00][sql] SELECT `teacher_name`,`teacher_title`,`teacher_avatar`,`detail` FROM `teacher` WHERE  `id` = 3 LIMIT 1 [ RunTime:0.000259s ]
[2023-05-18T01:01:24+08:00][sql] SHOW FULL COLUMNS FROM `course` [ RunTime:0.001125s ]
[2023-05-18T01:01:24+08:00][sql] SELECT * FROM `course` WHERE  `about_instructor` LIKE '%3%' [ RunTime:0.000305s ]
[2023-05-18T01:01:24+08:00][sql] SHOW FULL COLUMNS FROM `address` [ RunTime:0.000930s ]
[2023-05-18T01:01:24+08:00][sql] SELECT * FROM `address` WHERE  `id` = 1 LIMIT 1 [ RunTime:0.000244s ]
[2023-05-18T01:01:24+08:00][sql] SELECT * FROM `address` WHERE  `id` = 2 LIMIT 1 [ RunTime:0.000236s ]
[2023-05-18T11:18:22+08:00][sql] CONNECT:[ UseTime:0.000369s ] mysql:host=localhost;port=3316;dbname=coffee;charset=utf8
[2023-05-18T11:18:22+08:00][sql] SHOW FULL COLUMNS FROM `teacher` [ RunTime:0.001241s ]
[2023-05-18T11:18:22+08:00][sql] SELECT `id`,`teacher_name`,`teacher_avatar`,`Introduction` FROM `teacher` [ RunTime:0.000214s ]
[2023-05-18T11:18:22+08:00][sql] SHOW FULL COLUMNS FROM `address` [ RunTime:0.000916s ]
[2023-05-18T11:18:22+08:00][sql] SELECT * FROM `address` WHERE  `id` = 1 LIMIT 1 [ RunTime:0.000278s ]
[2023-05-18T11:18:22+08:00][sql] SELECT * FROM `address` WHERE  `id` = 2 LIMIT 1 [ RunTime:0.000213s ]
[2023-05-18T11:20:57+08:00][sql] CONNECT:[ UseTime:0.000392s ] mysql:host=localhost;port=3316;dbname=coffee;charset=utf8
[2023-05-18T11:20:57+08:00][sql] SHOW FULL COLUMNS FROM `teacher` [ RunTime:0.001259s ]
[2023-05-18T11:20:57+08:00][sql] SELECT `id`,`teacher_name`,`teacher_avatar`,`Introduction` FROM `teacher` [ RunTime:0.000256s ]
[2023-05-18T11:20:57+08:00][sql] SHOW FULL COLUMNS FROM `address` [ RunTime:0.000961s ]
[2023-05-18T11:20:57+08:00][sql] SELECT * FROM `address` WHERE  `id` = 1 LIMIT 1 [ RunTime:0.000291s ]
[2023-05-18T11:20:57+08:00][sql] SELECT * FROM `address` WHERE  `id` = 2 LIMIT 1 [ RunTime:0.000265s ]
[2023-05-18T20:17:09+08:00][sql] CONNECT:[ UseTime:0.000433s ] mysql:host=localhost;port=3316;dbname=coffee;charset=utf8
[2023-05-18T20:17:09+08:00][sql] SHOW FULL COLUMNS FROM `teacher` [ RunTime:0.001621s ]
[2023-05-18T20:17:09+08:00][sql] SELECT `teacher_name`,`teacher_title`,`teacher_avatar`,`detail` FROM `teacher` WHERE  `id` = 3 LIMIT 1 [ RunTime:0.000301s ]
[2023-05-18T20:17:09+08:00][sql] SHOW FULL COLUMNS FROM `course` [ RunTime:0.001147s ]
[2023-05-18T20:17:09+08:00][sql] SELECT * FROM `course` WHERE  `about_instructor` LIKE '%3%' [ RunTime:0.000379s ]
[2023-05-18T20:17:09+08:00][sql] SHOW FULL COLUMNS FROM `address` [ RunTime:0.000990s ]
[2023-05-18T20:17:09+08:00][sql] SELECT * FROM `address` WHERE  `id` = 1 LIMIT 1 [ RunTime:0.000284s ]
[2023-05-18T20:17:09+08:00][sql] SELECT * FROM `address` WHERE  `id` = 2 LIMIT 1 [ RunTime:0.000280s ]
[2023-05-18T20:17:18+08:00][sql] CONNECT:[ UseTime:0.000468s ] mysql:host=localhost;port=3316;dbname=coffee;charset=utf8
[2023-05-18T20:17:18+08:00][sql] SHOW FULL COLUMNS FROM `teacher` [ RunTime:0.001314s ]
[2023-05-18T20:17:18+08:00][sql] SELECT `id`,`teacher_name`,`teacher_avatar`,`Introduction` FROM `teacher` [ RunTime:0.000249s ]
[2023-05-18T20:17:18+08:00][sql] SHOW FULL COLUMNS FROM `address` [ RunTime:0.001025s ]
[2023-05-18T20:17:18+08:00][sql] SELECT * FROM `address` WHERE  `id` = 1 LIMIT 1 [ RunTime:0.000257s ]
[2023-05-18T20:17:18+08:00][sql] SELECT * FROM `address` WHERE  `id` = 2 LIMIT 1 [ RunTime:0.000213s ]
[2023-05-18T20:25:33+08:00][sql] CONNECT:[ UseTime:0.000423s ] mysql:host=localhost;port=3316;dbname=coffee;charset=utf8
[2023-05-18T20:25:33+08:00][sql] SHOW FULL COLUMNS FROM `teacher` [ RunTime:0.001265s ]
[2023-05-18T20:25:33+08:00][sql] SELECT `id`,`teacher_name`,`teacher_avatar`,`Introduction` FROM `teacher` [ RunTime:0.000231s ]
[2023-05-18T20:25:33+08:00][sql] SHOW FULL COLUMNS FROM `address` [ RunTime:0.000944s ]
[2023-05-18T20:25:33+08:00][sql] SELECT * FROM `address` WHERE  `id` = 1 LIMIT 1 [ RunTime:0.000273s ]
[2023-05-18T20:25:33+08:00][sql] SELECT * FROM `address` WHERE  `id` = 2 LIMIT 1 [ RunTime:0.000252s ]
[2023-05-18T20:38:19+08:00][sql] CONNECT:[ UseTime:0.000386s ] mysql:host=localhost;port=3316;dbname=coffee;charset=utf8
[2023-05-18T20:38:19+08:00][sql] SHOW FULL COLUMNS FROM `teacher` [ RunTime:0.001261s ]
[2023-05-18T20:38:19+08:00][sql] SELECT `teacher_name`,`teacher_title`,`teacher_avatar`,`detail` FROM `teacher` WHERE  `id` = 2 LIMIT 1 [ RunTime:0.000254s ]
[2023-05-18T20:38:19+08:00][sql] SHOW FULL COLUMNS FROM `course` [ RunTime:0.001145s ]
[2023-05-18T20:38:19+08:00][sql] SELECT * FROM `course` WHERE  `about_instructor` LIKE '%2%' [ RunTime:0.000398s ]
[2023-05-18T20:38:19+08:00][sql] SHOW FULL COLUMNS FROM `address` [ RunTime:0.000888s ]
[2023-05-18T20:38:19+08:00][sql] SELECT * FROM `address` WHERE  `id` = 1 LIMIT 1 [ RunTime:0.000241s ]
[2023-05-18T20:38:19+08:00][sql] SELECT * FROM `address` WHERE  `id` = 2 LIMIT 1 [ RunTime:0.000222s ]
[2023-05-18T20:42:14+08:00][sql] CONNECT:[ UseTime:0.000421s ] mysql:host=localhost;port=3316;dbname=coffee;charset=utf8
[2023-05-18T20:42:14+08:00][sql] SHOW FULL COLUMNS FROM `teacher` [ RunTime:0.001193s ]
[2023-05-18T20:42:14+08:00][sql] SELECT `teacher_name`,`teacher_title`,`teacher_avatar`,`detail` FROM `teacher` WHERE  `id` = 2 LIMIT 1 [ RunTime:0.000242s ]
[2023-05-18T20:42:14+08:00][sql] SHOW FULL COLUMNS FROM `course` [ RunTime:0.001022s ]
[2023-05-18T20:42:14+08:00][sql] SELECT * FROM `course` WHERE  `about_instructor` LIKE '%2%' [ RunTime:0.000379s ]
[2023-05-18T20:42:14+08:00][sql] SHOW FULL COLUMNS FROM `address` [ RunTime:0.000937s ]
[2023-05-18T20:42:14+08:00][sql] SELECT * FROM `address` WHERE  `id` = 1 LIMIT 1 [ RunTime:0.000245s ]
[2023-05-18T20:42:14+08:00][sql] SELECT * FROM `address` WHERE  `id` = 2 LIMIT 1 [ RunTime:0.000199s ]
[2023-05-18T22:46:54+08:00][sql] CONNECT:[ UseTime:0.000430s ] mysql:host=localhost;port=3316;dbname=coffee;charset=utf8
[2023-05-18T22:46:54+08:00][sql] SHOW FULL COLUMNS FROM `teacher` [ RunTime:0.001258s ]
[2023-05-18T22:46:54+08:00][sql] SELECT `teacher_name`,`teacher_title`,`teacher_avatar`,`detail` FROM `teacher` WHERE  `id` = 1 LIMIT 1 [ RunTime:0.000316s ]
[2023-05-18T22:46:54+08:00][sql] SHOW FULL COLUMNS FROM `course` [ RunTime:0.001154s ]
[2023-05-18T22:46:54+08:00][sql] SELECT * FROM `course` WHERE  `about_instructor` LIKE '%1%' [ RunTime:0.000472s ]
[2023-05-18T22:46:54+08:00][sql] SHOW FULL COLUMNS FROM `address` [ RunTime:0.000940s ]
[2023-05-18T22:46:54+08:00][sql] SELECT * FROM `address` WHERE  `id` = 1 LIMIT 1 [ RunTime:0.000292s ]
[2023-05-18T22:46:54+08:00][sql] SELECT * FROM `address` WHERE  `id` = 2 LIMIT 1 [ RunTime:0.000269s ]
[2023-05-18T22:47:18+08:00][sql] CONNECT:[ UseTime:0.000392s ] mysql:host=localhost;port=3316;dbname=coffee;charset=utf8
[2023-05-18T22:47:18+08:00][sql] SHOW FULL COLUMNS FROM `teacher` [ RunTime:0.001243s ]
[2023-05-18T22:47:18+08:00][sql] SELECT `teacher_name`,`teacher_title`,`teacher_avatar`,`detail` FROM `teacher` WHERE  `id` = 1 LIMIT 1 [ RunTime:0.000294s ]
[2023-05-18T22:47:18+08:00][sql] SHOW FULL COLUMNS FROM `course` [ RunTime:0.001073s ]
[2023-05-18T22:47:18+08:00][sql] SELECT * FROM `course` WHERE  `about_instructor` LIKE '%1%' [ RunTime:0.000443s ]
[2023-05-18T22:47:18+08:00][sql] SHOW FULL COLUMNS FROM `address` [ RunTime:0.000953s ]
[2023-05-18T22:47:18+08:00][sql] SELECT * FROM `address` WHERE  `id` = 1 LIMIT 1 [ RunTime:0.000274s ]
[2023-05-18T22:47:18+08:00][sql] SELECT * FROM `address` WHERE  `id` = 2 LIMIT 1 [ RunTime:0.000266s ]
[2023-05-18T22:57:12+08:00][sql] CONNECT:[ UseTime:0.000411s ] mysql:host=localhost;port=3316;dbname=coffee;charset=utf8
[2023-05-18T22:57:12+08:00][sql] SHOW FULL COLUMNS FROM `teacher` [ RunTime:0.001251s ]
[2023-05-18T22:57:12+08:00][sql] SELECT `teacher_name`,`teacher_title`,`teacher_avatar`,`detail` FROM `teacher` WHERE  `id` = 1 LIMIT 1 [ RunTime:0.000261s ]
[2023-05-18T22:57:12+08:00][sql] SHOW FULL COLUMNS FROM `course` [ RunTime:0.001149s ]
[2023-05-18T22:57:12+08:00][sql] SELECT * FROM `course` WHERE  `about_instructor` LIKE '%1%' [ RunTime:0.000416s ]
[2023-05-18T22:57:12+08:00][sql] SHOW FULL COLUMNS FROM `address` [ RunTime:0.000923s ]
[2023-05-18T22:57:12+08:00][sql] SELECT * FROM `address` WHERE  `id` = 1 LIMIT 1 [ RunTime:0.000238s ]
[2023-05-18T22:57:12+08:00][sql] SELECT * FROM `address` WHERE  `id` = 2 LIMIT 1 [ RunTime:0.000216s ]
[2023-05-18T22:59:17+08:00][sql] CONNECT:[ UseTime:0.000395s ] mysql:host=localhost;port=3316;dbname=coffee;charset=utf8
[2023-05-18T22:59:17+08:00][sql] SHOW FULL COLUMNS FROM `teacher` [ RunTime:0.001371s ]
[2023-05-18T22:59:17+08:00][sql] SELECT `teacher_name`,`teacher_title`,`teacher_avatar`,`detail` FROM `teacher` WHERE  `id` = 1 LIMIT 1 [ RunTime:0.000283s ]
[2023-05-18T22:59:17+08:00][sql] SHOW FULL COLUMNS FROM `course` [ RunTime:0.001101s ]
[2023-05-18T22:59:17+08:00][sql] SELECT * FROM `course` WHERE  `about_instructor` LIKE '%1%' [ RunTime:0.000446s ]
[2023-05-18T22:59:17+08:00][sql] SHOW FULL COLUMNS FROM `address` [ RunTime:0.001013s ]
[2023-05-18T22:59:17+08:00][sql] SELECT * FROM `address` WHERE  `id` = 1 LIMIT 1 [ RunTime:0.000269s ]
[2023-05-18T22:59:17+08:00][sql] SELECT * FROM `address` WHERE  `id` = 2 LIMIT 1 [ RunTime:0.000271s ]
[2023-05-18T23:26:11+08:00][sql] CONNECT:[ UseTime:0.000387s ] mysql:host=localhost;port=3316;dbname=coffee;charset=utf8
[2023-05-18T23:26:11+08:00][sql] SHOW FULL COLUMNS FROM `teacher` [ RunTime:0.001298s ]
[2023-05-18T23:26:11+08:00][sql] SELECT `teacher_name`,`teacher_title`,`teacher_avatar`,`detail` FROM `teacher` WHERE  `id` = 1 LIMIT 1 [ RunTime:0.000265s ]
[2023-05-18T23:26:11+08:00][sql] SHOW FULL COLUMNS FROM `course` [ RunTime:0.001050s ]
[2023-05-18T23:26:11+08:00][sql] SELECT * FROM `course` WHERE  `about_instructor` LIKE '%1%' [ RunTime:0.000406s ]
[2023-05-18T23:26:11+08:00][sql] SHOW FULL COLUMNS FROM `address` [ RunTime:0.000954s ]
[2023-05-18T23:26:11+08:00][sql] SELECT * FROM `address` WHERE  `id` = 1 LIMIT 1 [ RunTime:0.000248s ]
[2023-05-18T23:26:11+08:00][sql] SELECT * FROM `address` WHERE  `id` = 2 LIMIT 1 [ RunTime:0.000233s ]
[2023-05-18T23:27:48+08:00][sql] CONNECT:[ UseTime:0.000457s ] mysql:host=localhost;port=3316;dbname=coffee;charset=utf8
[2023-05-18T23:27:48+08:00][sql] SHOW FULL COLUMNS FROM `teacher` [ RunTime:0.001381s ]
[2023-05-18T23:27:48+08:00][sql] SELECT `teacher_name`,`teacher_title`,`teacher_avatar`,`detail` FROM `teacher` WHERE  `id` = 1 LIMIT 1 [ RunTime:0.000261s ]
[2023-05-18T23:27:48+08:00][sql] SHOW FULL COLUMNS FROM `course` [ RunTime:0.001234s ]
[2023-05-18T23:27:48+08:00][sql] SELECT * FROM `course` WHERE  `about_instructor` LIKE '%1%' [ RunTime:0.000459s ]
[2023-05-18T23:27:48+08:00][sql] SHOW FULL COLUMNS FROM `address` [ RunTime:0.001063s ]
[2023-05-18T23:27:48+08:00][sql] SELECT * FROM `address` WHERE  `id` = 1 LIMIT 1 [ RunTime:0.000245s ]
[2023-05-18T23:27:48+08:00][sql] SELECT * FROM `address` WHERE  `id` = 2 LIMIT 1 [ RunTime:0.000209s ]
[2023-05-18T23:29:43+08:00][sql] CONNECT:[ UseTime:0.000447s ] mysql:host=localhost;port=3316;dbname=coffee;charset=utf8
[2023-05-18T23:29:43+08:00][sql] SHOW FULL COLUMNS FROM `teacher` [ RunTime:0.001883s ]
[2023-05-18T23:29:43+08:00][sql] SELECT `teacher_name`,`teacher_title`,`teacher_avatar`,`detail` FROM `teacher` WHERE  `id` = 1 LIMIT 1 [ RunTime:0.000337s ]
[2023-05-18T23:29:43+08:00][sql] SHOW FULL COLUMNS FROM `course` [ RunTime:0.001585s ]
[2023-05-18T23:29:43+08:00][sql] SELECT * FROM `course` WHERE  `about_instructor` LIKE '%1%' [ RunTime:0.000592s ]
[2023-05-18T23:29:43+08:00][sql] SHOW FULL COLUMNS FROM `address` [ RunTime:0.001461s ]
[2023-05-18T23:29:43+08:00][sql] SELECT * FROM `address` WHERE  `id` = 1 LIMIT 1 [ RunTime:0.000296s ]
[2023-05-18T23:29:43+08:00][sql] SELECT * FROM `address` WHERE  `id` = 2 LIMIT 1 [ RunTime:0.000287s ]
