[2023-05-19T01:02:22+08:00][sql] CONNECT:[ UseTime:0.000438s ] mysql:host=localhost;port=3316;dbname=coffee;charset=utf8
[2023-05-19T01:02:22+08:00][sql] SHOW FULL COLUMNS FROM `teacher` [ RunTime:0.001238s ]
[2023-05-19T01:02:22+08:00][sql] SELECT `teacher_name`,`teacher_title`,`teacher_avatar`,`detail` FROM `teacher` WHERE  `id` = 1 LIMIT 1 [ RunTime:0.000282s ]
[2023-05-19T01:02:22+08:00][sql] SHOW FULL COLUMNS FROM `course` [ RunTime:0.001168s ]
[2023-05-19T01:02:22+08:00][sql] SELECT * FROM `course` WHERE  `about_instructor` LIKE '%1%' [ RunTime:0.000547s ]
[2023-05-19T01:02:22+08:00][sql] SHOW FULL COLUMNS FROM `address` [ RunTime:0.000970s ]
[2023-05-19T01:02:22+08:00][sql] SELECT * FROM `address` WHERE  `id` = 1 LIMIT 1 [ RunTime:0.000291s ]
[2023-05-19T01:02:22+08:00][sql] SELECT * FROM `address` WHERE  `id` = 2 LIMIT 1 [ RunTime:0.000250s ]
[2023-05-19T08:44:23+08:00][sql] CONNECT:[ UseTime:0.000461s ] mysql:host=localhost;port=3316;dbname=coffee;charset=utf8
[2023-05-19T08:44:23+08:00][sql] SHOW FULL COLUMNS FROM `teacher` [ RunTime:0.001244s ]
[2023-05-19T08:44:23+08:00][sql] SELECT `teacher_name`,`teacher_title`,`teacher_avatar`,`detail` FROM `teacher` WHERE  `id` = 1 LIMIT 1 [ RunTime:0.000281s ]
[2023-05-19T08:44:23+08:00][sql] SHOW FULL COLUMNS FROM `course` [ RunTime:0.001136s ]
[2023-05-19T08:44:23+08:00][sql] SELECT * FROM `course` WHERE  `about_instructor` LIKE '%1%' [ RunTime:0.000438s ]
[2023-05-19T08:44:23+08:00][sql] SHOW FULL COLUMNS FROM `address` [ RunTime:0.000978s ]
[2023-05-19T08:44:23+08:00][sql] SELECT * FROM `address` WHERE  `id` = 1 LIMIT 1 [ RunTime:0.000266s ]
[2023-05-19T08:44:23+08:00][sql] SELECT * FROM `address` WHERE  `id` = 2 LIMIT 1 [ RunTime:0.000325s ]
[2023-05-19T08:55:27+08:00][sql] CONNECT:[ UseTime:0.000375s ] mysql:host=localhost;port=3316;dbname=coffee;charset=utf8
[2023-05-19T08:55:27+08:00][sql] SHOW FULL COLUMNS FROM `teacher` [ RunTime:0.001251s ]
[2023-05-19T08:55:27+08:00][sql] SELECT `teacher_name`,`teacher_title`,`teacher_avatar`,`detail` FROM `teacher` WHERE  `id` = 1 LIMIT 1 [ RunTime:0.000263s ]
[2023-05-19T08:55:27+08:00][sql] SHOW FULL COLUMNS FROM `course` [ RunTime:0.001042s ]
[2023-05-19T08:55:27+08:00][sql] SELECT * FROM `course` WHERE  `about_instructor` LIKE '%1%' [ RunTime:0.000409s ]
[2023-05-19T08:55:27+08:00][sql] SHOW FULL COLUMNS FROM `address` [ RunTime:0.000917s ]
[2023-05-19T08:55:27+08:00][sql] SELECT * FROM `address` WHERE  `id` = 1 LIMIT 1 [ RunTime:0.000325s ]
[2023-05-19T08:55:27+08:00][sql] SELECT * FROM `address` WHERE  `id` = 2 LIMIT 1 [ RunTime:0.000211s ]
[2023-05-19T10:29:24+08:00][sql] CONNECT:[ UseTime:0.001251s ] mysql:host=localhost;port=3316;dbname=coffee;charset=utf8
[2023-05-19T10:29:24+08:00][sql] SHOW FULL COLUMNS FROM `teacher` [ RunTime:0.001829s ]
[2023-05-19T10:29:24+08:00][sql] SELECT `teacher_name`,`teacher_title`,`teacher_avatar`,`detail` FROM `teacher` WHERE  `id` = 1 LIMIT 1 [ RunTime:0.000361s ]
[2023-05-19T10:29:24+08:00][sql] SHOW FULL COLUMNS FROM `course` [ RunTime:0.001610s ]
[2023-05-19T10:29:24+08:00][sql] SELECT * FROM `course` WHERE  `about_instructor` LIKE '%1%' [ RunTime:0.000581s ]
[2023-05-19T10:29:24+08:00][sql] SHOW FULL COLUMNS FROM `address` [ RunTime:0.001364s ]
[2023-05-19T10:29:24+08:00][sql] SELECT * FROM `address` WHERE  `id` = 1 LIMIT 1 [ RunTime:0.000334s ]
[2023-05-19T10:29:24+08:00][sql] SELECT * FROM `address` WHERE  `id` = 2 LIMIT 1 [ RunTime:0.000295s ]
[2023-05-19T10:29:24+08:00][sql] CONNECT:[ UseTime:0.000464s ] mysql:host=localhost;port=3316;dbname=coffee;charset=utf8
[2023-05-19T10:29:24+08:00][sql] SHOW FULL COLUMNS FROM `teacher` [ RunTime:0.001747s ]
[2023-05-19T10:29:24+08:00][sql] SELECT `teacher_name`,`teacher_title`,`teacher_avatar`,`detail` FROM `teacher` WHERE  `id` = 1 LIMIT 1 [ RunTime:0.000397s ]
[2023-05-19T10:29:24+08:00][sql] SHOW FULL COLUMNS FROM `course` [ RunTime:0.001531s ]
[2023-05-19T10:29:24+08:00][sql] SELECT * FROM `course` WHERE  `about_instructor` LIKE '%1%' [ RunTime:0.000493s ]
[2023-05-19T10:29:24+08:00][sql] SHOW FULL COLUMNS FROM `address` [ RunTime:0.001328s ]
[2023-05-19T10:29:24+08:00][sql] SELECT * FROM `address` WHERE  `id` = 1 LIMIT 1 [ RunTime:0.000293s ]
[2023-05-19T10:29:24+08:00][sql] SELECT * FROM `address` WHERE  `id` = 2 LIMIT 1 [ RunTime:0.000239s ]
[2023-05-19T20:39:38+08:00][sql] CONNECT:[ UseTime:0.008529s ] mysql:host=localhost;port=3316;dbname=coffee;charset=utf8
[2023-05-19T20:39:38+08:00][sql] SHOW FULL COLUMNS FROM `teacher` [ RunTime:0.002112s ]
[2023-05-19T20:39:38+08:00][sql] SELECT `teacher_name`,`teacher_title`,`teacher_avatar`,`detail` FROM `teacher` WHERE  `id` = 3 LIMIT 1 [ RunTime:0.000583s ]
[2023-05-19T20:39:38+08:00][sql] SHOW FULL COLUMNS FROM `course` [ RunTime:0.001893s ]
[2023-05-19T20:39:38+08:00][sql] SELECT * FROM `course` WHERE  `about_instructor` LIKE '%3%' [ RunTime:0.000615s ]
[2023-05-19T20:39:38+08:00][sql] SHOW FULL COLUMNS FROM `address` [ RunTime:0.001630s ]
[2023-05-19T20:39:38+08:00][sql] SELECT * FROM `address` WHERE  `id` = 1 LIMIT 1 [ RunTime:0.000467s ]
[2023-05-19T20:39:38+08:00][sql] SELECT * FROM `address` WHERE  `id` = 2 LIMIT 1 [ RunTime:0.000380s ]
[2023-05-19T20:43:20+08:00][sql] CONNECT:[ UseTime:0.000392s ] mysql:host=localhost;port=3316;dbname=coffee;charset=utf8
[2023-05-19T20:43:20+08:00][sql] SHOW FULL COLUMNS FROM `teacher` [ RunTime:0.001191s ]
[2023-05-19T20:43:20+08:00][sql] SELECT `teacher_name`,`teacher_title`,`teacher_avatar`,`detail` FROM `teacher` WHERE  `id` = 3 LIMIT 1 [ RunTime:0.000264s ]
[2023-05-19T20:43:20+08:00][sql] SHOW FULL COLUMNS FROM `course` [ RunTime:0.001184s ]
[2023-05-19T20:43:20+08:00][sql] SELECT * FROM `course` WHERE  `about_instructor` LIKE '%3%' [ RunTime:0.000324s ]
[2023-05-19T20:43:20+08:00][sql] SHOW FULL COLUMNS FROM `address` [ RunTime:0.000912s ]
[2023-05-19T20:43:20+08:00][sql] SELECT * FROM `address` WHERE  `id` = 1 LIMIT 1 [ RunTime:0.000247s ]
[2023-05-19T20:43:20+08:00][sql] SELECT * FROM `address` WHERE  `id` = 2 LIMIT 1 [ RunTime:0.000230s ]
