[2023-05-23T10:27:49+08:00][sql] CONNECT:[ UseTime:0.000406s ] mysql:host=localhost;port=3316;dbname=coffee;charset=utf8
[2023-05-23T10:27:49+08:00][sql] SHOW FULL COLUMNS FROM `teacher` [ RunTime:0.001245s ]
[2023-05-23T10:27:49+08:00][sql] SELECT `teacher_name`,`teacher_title`,`teacher_avatar`,`detail` FROM `teacher` WHERE  `id` = 1 LIMIT 1 [ RunTime:0.000313s ]
[2023-05-23T10:27:49+08:00][sql] SHOW FULL COLUMNS FROM `course` [ RunTime:0.001125s ]
[2023-05-23T10:27:49+08:00][sql] SELECT * FROM `course` WHERE  `about_instructor` LIKE '%1%' [ RunTime:0.000440s ]
[2023-05-23T10:27:49+08:00][sql] SHOW FULL COLUMNS FROM `address` [ RunTime:0.000985s ]
[2023-05-23T10:27:49+08:00][sql] SELECT * FROM `address` WHERE  `id` = 1 LIMIT 1 [ RunTime:0.000296s ]
[2023-05-23T10:27:49+08:00][sql] SELECT * FROM `address` WHERE  `id` = 2 LIMIT 1 [ RunTime:0.000253s ]
[2023-05-23T11:57:47+08:00][sql] CONNECT:[ UseTime:0.001503s ] mysql:host=localhost;port=3316;dbname=coffee;charset=utf8
[2023-05-23T11:57:47+08:00][sql] SHOW FULL COLUMNS FROM `teacher` [ RunTime:0.001244s ]
[2023-05-23T11:57:47+08:00][sql] SELECT `teacher_name`,`teacher_title`,`teacher_avatar`,`detail` FROM `teacher` WHERE  `id` = 1 LIMIT 1 [ RunTime:0.000241s ]
[2023-05-23T11:57:47+08:00][sql] SHOW FULL COLUMNS FROM `course` [ RunTime:0.000993s ]
[2023-05-23T11:57:47+08:00][sql] SELECT * FROM `course` WHERE  `about_instructor` LIKE '%1%' [ RunTime:0.000400s ]
[2023-05-23T11:57:47+08:00][sql] SHOW FULL COLUMNS FROM `address` [ RunTime:0.000885s ]
[2023-05-23T11:57:47+08:00][sql] SELECT * FROM `address` WHERE  `id` = 1 LIMIT 1 [ RunTime:0.000236s ]
[2023-05-23T11:57:47+08:00][sql] SELECT * FROM `address` WHERE  `id` = 2 LIMIT 1 [ RunTime:0.000203s ]
[2023-05-23T19:27:48+08:00][sql] CONNECT:[ UseTime:0.000454s ] mysql:host=localhost;port=3316;dbname=coffee;charset=utf8
[2023-05-23T19:27:48+08:00][sql] SHOW FULL COLUMNS FROM `teacher` [ RunTime:0.001410s ]
[2023-05-23T19:27:48+08:00][sql] SELECT `teacher_name`,`teacher_title`,`teacher_avatar`,`detail` FROM `teacher` WHERE  `id` = 1 LIMIT 1 [ RunTime:0.000288s ]
[2023-05-23T19:27:48+08:00][sql] SHOW FULL COLUMNS FROM `course` [ RunTime:0.001122s ]
[2023-05-23T19:27:48+08:00][sql] SELECT * FROM `course` WHERE  `about_instructor` LIKE '%1%' [ RunTime:0.000474s ]
[2023-05-23T19:27:48+08:00][sql] SHOW FULL COLUMNS FROM `address` [ RunTime:0.001018s ]
[2023-05-23T19:27:48+08:00][sql] SELECT * FROM `address` WHERE  `id` = 1 LIMIT 1 [ RunTime:0.000302s ]
[2023-05-23T19:27:48+08:00][sql] SELECT * FROM `address` WHERE  `id` = 2 LIMIT 1 [ RunTime:0.000231s ]
