[2023-05-27T11:02:28+08:00][sql] CONNECT:[ UseTime:0.001262s ] mysql:host=localhost;port=3316;dbname=coffee;charset=utf8
[2023-05-27T11:02:28+08:00][sql] SHOW FULL COLUMNS FROM `teacher` [ RunTime:0.001345s ]
[2023-05-27T11:02:28+08:00][sql] SELECT `id`,`teacher_name`,`teacher_avatar`,`Introduction` FROM `teacher` [ RunTime:0.000262s ]
[2023-05-27T11:02:28+08:00][sql] SHOW FULL COLUMNS FROM `address` [ RunTime:0.000996s ]
[2023-05-27T11:02:28+08:00][sql] SELECT * FROM `address` WHERE  `id` = 1 LIMIT 1 [ RunTime:0.000278s ]
[2023-05-27T11:02:28+08:00][sql] SELECT * FROM `address` WHERE  `id` = 2 LIMIT 1 [ RunTime:0.000288s ]
[2023-05-27T11:03:35+08:00][sql] CONNECT:[ UseTime:0.000414s ] mysql:host=localhost;port=3316;dbname=coffee;charset=utf8
[2023-05-27T11:03:35+08:00][sql] SHOW FULL COLUMNS FROM `teacher` [ RunTime:0.001318s ]
[2023-05-27T11:03:35+08:00][sql] SELECT `id`,`teacher_name`,`teacher_avatar`,`Introduction` FROM `teacher` [ RunTime:0.000431s ]
[2023-05-27T11:03:35+08:00][sql] SHOW FULL COLUMNS FROM `address` [ RunTime:0.001046s ]
[2023-05-27T11:03:35+08:00][sql] SELECT * FROM `address` WHERE  `id` = 1 LIMIT 1 [ RunTime:0.000349s ]
[2023-05-27T11:03:35+08:00][sql] SELECT * FROM `address` WHERE  `id` = 2 LIMIT 1 [ RunTime:0.000269s ]
[2023-05-27T11:03:40+08:00][sql] CONNECT:[ UseTime:0.000407s ] mysql:host=localhost;port=3316;dbname=coffee;charset=utf8
[2023-05-27T11:03:40+08:00][sql] SHOW FULL COLUMNS FROM `teacher` [ RunTime:0.001268s ]
[2023-05-27T11:03:40+08:00][sql] SELECT `teacher_name`,`teacher_title`,`teacher_avatar`,`detail` FROM `teacher` WHERE  `id` = 1 LIMIT 1 [ RunTime:0.000316s ]
[2023-05-27T11:03:40+08:00][sql] SHOW FULL COLUMNS FROM `course` [ RunTime:0.001094s ]
[2023-05-27T11:03:40+08:00][sql] SELECT * FROM `course` WHERE  `about_instructor` LIKE '%1%' [ RunTime:0.000446s ]
[2023-05-27T11:03:40+08:00][sql] SHOW FULL COLUMNS FROM `address` [ RunTime:0.000981s ]
[2023-05-27T11:03:40+08:00][sql] SELECT * FROM `address` WHERE  `id` = 1 LIMIT 1 [ RunTime:0.000296s ]
[2023-05-27T11:03:40+08:00][sql] SELECT * FROM `address` WHERE  `id` = 2 LIMIT 1 [ RunTime:0.001268s ]
[2023-05-27T11:04:30+08:00][sql] CONNECT:[ UseTime:0.000391s ] mysql:host=localhost;port=3316;dbname=coffee;charset=utf8
[2023-05-27T11:04:30+08:00][sql] SHOW FULL COLUMNS FROM `teacher` [ RunTime:0.001180s ]
[2023-05-27T11:04:30+08:00][sql] SELECT `teacher_name`,`teacher_title`,`teacher_avatar`,`detail` FROM `teacher` WHERE  `id` = 1 LIMIT 1 [ RunTime:0.000260s ]
[2023-05-27T11:04:30+08:00][sql] SHOW FULL COLUMNS FROM `course` [ RunTime:0.001015s ]
[2023-05-27T11:04:30+08:00][sql] SELECT * FROM `course` WHERE  `about_instructor` LIKE '%1%' [ RunTime:0.000355s ]
[2023-05-27T11:04:30+08:00][sql] SHOW FULL COLUMNS FROM `address` [ RunTime:0.000841s ]
[2023-05-27T11:04:30+08:00][sql] SELECT * FROM `address` WHERE  `id` = 1 LIMIT 1 [ RunTime:0.000261s ]
[2023-05-27T11:04:30+08:00][sql] SELECT * FROM `address` WHERE  `id` = 2 LIMIT 1 [ RunTime:0.000234s ]
[2023-05-27T11:08:27+08:00][sql] CONNECT:[ UseTime:0.000433s ] mysql:host=localhost;port=3316;dbname=coffee;charset=utf8
[2023-05-27T11:08:27+08:00][sql] SHOW FULL COLUMNS FROM `teacher` [ RunTime:0.001254s ]
[2023-05-27T11:08:27+08:00][sql] SELECT `teacher_name`,`teacher_title`,`teacher_avatar`,`detail` FROM `teacher` WHERE  `id` = 1 LIMIT 1 [ RunTime:0.000275s ]
[2023-05-27T11:08:27+08:00][sql] SHOW FULL COLUMNS FROM `course` [ RunTime:0.001083s ]
[2023-05-27T11:08:27+08:00][sql] SELECT * FROM `course` WHERE  `about_instructor` LIKE '%1%' [ RunTime:0.000427s ]
[2023-05-27T11:08:27+08:00][sql] SHOW FULL COLUMNS FROM `address` [ RunTime:0.000980s ]
[2023-05-27T11:08:27+08:00][sql] SELECT * FROM `address` WHERE  `id` = 1 LIMIT 1 [ RunTime:0.000265s ]
[2023-05-27T11:08:27+08:00][sql] SELECT * FROM `address` WHERE  `id` = 2 LIMIT 1 [ RunTime:0.000248s ]
[2023-05-27T11:13:33+08:00][sql] CONNECT:[ UseTime:0.000444s ] mysql:host=localhost;port=3316;dbname=coffee;charset=utf8
[2023-05-27T11:13:33+08:00][sql] SHOW FULL COLUMNS FROM `teacher` [ RunTime:0.001275s ]
[2023-05-27T11:13:33+08:00][sql] SELECT `id`,`teacher_name`,`teacher_avatar`,`Introduction` FROM `teacher` [ RunTime:0.000252s ]
[2023-05-27T11:13:33+08:00][sql] SHOW FULL COLUMNS FROM `address` [ RunTime:0.000934s ]
[2023-05-27T11:13:33+08:00][sql] SELECT * FROM `address` WHERE  `id` = 1 LIMIT 1 [ RunTime:0.000284s ]
[2023-05-27T11:13:33+08:00][sql] SELECT * FROM `address` WHERE  `id` = 2 LIMIT 1 [ RunTime:0.000258s ]
[2023-05-27T11:16:44+08:00][sql] CONNECT:[ UseTime:0.000385s ] mysql:host=localhost;port=3316;dbname=coffee;charset=utf8
[2023-05-27T11:16:44+08:00][sql] SHOW FULL COLUMNS FROM `teacher` [ RunTime:0.001276s ]
[2023-05-27T11:16:44+08:00][sql] SELECT `teacher_name`,`teacher_title`,`teacher_avatar`,`detail` FROM `teacher` WHERE  `id` = 1 LIMIT 1 [ RunTime:0.000298s ]
[2023-05-27T11:16:44+08:00][sql] SHOW FULL COLUMNS FROM `course` [ RunTime:0.001132s ]
[2023-05-27T11:16:44+08:00][sql] SELECT * FROM `course` WHERE  `about_instructor` LIKE '%1%' [ RunTime:0.000445s ]
[2023-05-27T11:16:44+08:00][sql] SHOW FULL COLUMNS FROM `address` [ RunTime:0.000983s ]
[2023-05-27T11:16:44+08:00][sql] SELECT * FROM `address` WHERE  `id` = 1 LIMIT 1 [ RunTime:0.000313s ]
[2023-05-27T11:16:44+08:00][sql] SELECT * FROM `address` WHERE  `id` = 2 LIMIT 1 [ RunTime:0.000261s ]
[2023-05-27T17:51:46+08:00][sql] CONNECT:[ UseTime:0.000553s ] mysql:host=localhost;port=3316;dbname=coffee;charset=utf8
[2023-05-27T17:51:46+08:00][sql] SHOW FULL COLUMNS FROM `teacher` [ RunTime:0.001678s ]
[2023-05-27T17:51:46+08:00][sql] SELECT `teacher_name`,`teacher_title`,`teacher_avatar`,`detail` FROM `teacher` WHERE  `id` = 1 LIMIT 1 [ RunTime:0.000319s ]
[2023-05-27T17:51:46+08:00][sql] SHOW FULL COLUMNS FROM `course` [ RunTime:0.001567s ]
[2023-05-27T17:51:46+08:00][sql] SELECT * FROM `course` WHERE  `about_instructor` LIKE '%1%' [ RunTime:0.000503s ]
[2023-05-27T17:51:46+08:00][sql] SHOW FULL COLUMNS FROM `address` [ RunTime:0.001070s ]
[2023-05-27T17:51:46+08:00][sql] SELECT * FROM `address` WHERE  `id` = 1 LIMIT 1 [ RunTime:0.000325s ]
[2023-05-27T17:51:46+08:00][sql] SELECT * FROM `address` WHERE  `id` = 2 LIMIT 1 [ RunTime:0.000229s ]
[2023-05-27T17:51:47+08:00][sql] CONNECT:[ UseTime:0.000494s ] mysql:host=localhost;port=3316;dbname=coffee;charset=utf8
[2023-05-27T17:51:47+08:00][sql] SHOW FULL COLUMNS FROM `teacher` [ RunTime:0.001454s ]
[2023-05-27T17:51:47+08:00][sql] SELECT `teacher_name`,`teacher_title`,`teacher_avatar`,`detail` FROM `teacher` WHERE  `id` = 1 LIMIT 1 [ RunTime:0.000281s ]
[2023-05-27T17:51:47+08:00][sql] SHOW FULL COLUMNS FROM `course` [ RunTime:0.001200s ]
[2023-05-27T17:51:47+08:00][sql] SELECT * FROM `course` WHERE  `about_instructor` LIKE '%1%' [ RunTime:0.000446s ]
[2023-05-27T17:51:47+08:00][sql] SHOW FULL COLUMNS FROM `address` [ RunTime:0.000983s ]
[2023-05-27T17:51:47+08:00][sql] SELECT * FROM `address` WHERE  `id` = 1 LIMIT 1 [ RunTime:0.000269s ]
[2023-05-27T17:51:47+08:00][sql] SELECT * FROM `address` WHERE  `id` = 2 LIMIT 1 [ RunTime:0.000258s ]
[2023-05-27T19:40:59+08:00][sql] CONNECT:[ UseTime:0.000619s ] mysql:host=localhost;port=3316;dbname=coffee;charset=utf8
[2023-05-27T19:40:59+08:00][sql] SHOW FULL COLUMNS FROM `teacher` [ RunTime:0.002034s ]
[2023-05-27T19:40:59+08:00][sql] SELECT `teacher_name`,`teacher_title`,`teacher_avatar`,`detail` FROM `teacher` WHERE  `id` = 1 LIMIT 1 [ RunTime:0.000423s ]
[2023-05-27T19:40:59+08:00][sql] SHOW FULL COLUMNS FROM `course` [ RunTime:0.001718s ]
[2023-05-27T19:40:59+08:00][sql] SELECT * FROM `course` WHERE  `about_instructor` LIKE '%1%' [ RunTime:0.000579s ]
[2023-05-27T19:40:59+08:00][sql] SHOW FULL COLUMNS FROM `address` [ RunTime:0.001658s ]
[2023-05-27T19:40:59+08:00][sql] SELECT * FROM `address` WHERE  `id` = 1 LIMIT 1 [ RunTime:0.000360s ]
[2023-05-27T19:40:59+08:00][sql] SELECT * FROM `address` WHERE  `id` = 2 LIMIT 1 [ RunTime:0.000308s ]
[2023-05-27T19:41:47+08:00][sql] CONNECT:[ UseTime:0.000484s ] mysql:host=localhost;port=3316;dbname=coffee;charset=utf8
[2023-05-27T19:41:47+08:00][sql] SHOW FULL COLUMNS FROM `teacher` [ RunTime:0.001529s ]
[2023-05-27T19:41:47+08:00][sql] SELECT `id`,`teacher_name`,`teacher_avatar`,`Introduction` FROM `teacher` [ RunTime:0.000232s ]
[2023-05-27T19:41:47+08:00][sql] SHOW FULL COLUMNS FROM `address` [ RunTime:0.001007s ]
[2023-05-27T19:41:47+08:00][sql] SELECT * FROM `address` WHERE  `id` = 1 LIMIT 1 [ RunTime:0.000284s ]
[2023-05-27T19:41:47+08:00][sql] SELECT * FROM `address` WHERE  `id` = 2 LIMIT 1 [ RunTime:0.000259s ]
[2023-05-27T19:42:12+08:00][sql] CONNECT:[ UseTime:0.000601s ] mysql:host=localhost;port=3316;dbname=coffee;charset=utf8
[2023-05-27T19:42:12+08:00][sql] SHOW FULL COLUMNS FROM `teacher` [ RunTime:0.001851s ]
[2023-05-27T19:42:12+08:00][sql] SELECT `teacher_name`,`teacher_title`,`teacher_avatar`,`detail` FROM `teacher` WHERE  `id` = 2 LIMIT 1 [ RunTime:0.000302s ]
[2023-05-27T19:42:12+08:00][sql] SHOW FULL COLUMNS FROM `course` [ RunTime:0.001056s ]
[2023-05-27T19:42:12+08:00][sql] SELECT * FROM `course` WHERE  `about_instructor` LIKE '%2%' [ RunTime:0.000365s ]
[2023-05-27T19:42:12+08:00][sql] SHOW FULL COLUMNS FROM `address` [ RunTime:0.001011s ]
[2023-05-27T19:42:12+08:00][sql] SELECT * FROM `address` WHERE  `id` = 1 LIMIT 1 [ RunTime:0.000272s ]
[2023-05-27T19:42:12+08:00][sql] SELECT * FROM `address` WHERE  `id` = 2 LIMIT 1 [ RunTime:0.000265s ]
[2023-05-27T23:15:33+08:00][sql] CONNECT:[ UseTime:0.000497s ] mysql:host=localhost;port=3316;dbname=coffee;charset=utf8
[2023-05-27T23:15:33+08:00][sql] SHOW FULL COLUMNS FROM `teacher` [ RunTime:0.001442s ]
[2023-05-27T23:15:33+08:00][sql] SELECT `id`,`teacher_name`,`teacher_avatar`,`Introduction` FROM `teacher` [ RunTime:0.000229s ]
[2023-05-27T23:15:33+08:00][sql] SHOW FULL COLUMNS FROM `address` [ RunTime:0.001017s ]
[2023-05-27T23:15:33+08:00][sql] SELECT * FROM `address` WHERE  `id` = 1 LIMIT 1 [ RunTime:0.000263s ]
[2023-05-27T23:15:33+08:00][sql] SELECT * FROM `address` WHERE  `id` = 2 LIMIT 1 [ RunTime:0.000261s ]
[2023-05-27T23:15:44+08:00][sql] CONNECT:[ UseTime:0.000593s ] mysql:host=localhost;port=3316;dbname=coffee;charset=utf8
[2023-05-27T23:15:44+08:00][sql] SHOW FULL COLUMNS FROM `teacher` [ RunTime:0.001539s ]
[2023-05-27T23:15:44+08:00][sql] SELECT `teacher_name`,`teacher_title`,`teacher_avatar`,`detail` FROM `teacher` WHERE  `id` = 1 LIMIT 1 [ RunTime:0.000309s ]
[2023-05-27T23:15:44+08:00][sql] SHOW FULL COLUMNS FROM `course` [ RunTime:0.001210s ]
[2023-05-27T23:15:44+08:00][sql] SELECT * FROM `course` WHERE  `about_instructor` LIKE '%1%' [ RunTime:0.000441s ]
[2023-05-27T23:15:44+08:00][sql] SHOW FULL COLUMNS FROM `address` [ RunTime:0.001154s ]
[2023-05-27T23:15:44+08:00][sql] SELECT * FROM `address` WHERE  `id` = 1 LIMIT 1 [ RunTime:0.000386s ]
[2023-05-27T23:15:44+08:00][sql] SELECT * FROM `address` WHERE  `id` = 2 LIMIT 1 [ RunTime:0.000309s ]
