[2023-01-01T00:06:51+08:00][sql] CONNECT:[ UseTime:0.000429s ] mysql:host=localhost;port=3316;dbname=coffee;charset=utf8
[2023-01-01T00:06:51+08:00][sql] SHOW FULL COLUMNS FROM `course` [ RunTime:0.001517s ]
[2023-01-01T00:06:51+08:00][sql] SELECT * FROM `course` WHERE  `id` = 2 LIMIT 1 [ RunTime:0.000844s ]
[2023-01-01T00:06:51+08:00][sql] SHOW FULL COLUMNS FROM `teacher` [ RunTime:0.000981s ]
[2023-01-01T00:06:51+08:00][sql] SELECT `teacher_name`,`teacher_title`,`teacher_avatar` FROM `teacher` WHERE  `id` = 3 LIMIT 1 [ RunTime:0.000273s ]
[2023-01-01T00:06:51+08:00][sql] SHOW FULL COLUMNS FROM `address` [ RunTime:0.000936s ]
[2023-01-01T00:06:51+08:00][sql] SELECT * FROM `address` WHERE  `id` = 1 LIMIT 1 [ RunTime:0.000268s ]
[2023-01-01T00:06:51+08:00][sql] SELECT * FROM `address` WHERE  `id` = 2 LIMIT 1 [ RunTime:0.000252s ]
[2023-01-01T00:07:02+08:00][sql] CONNECT:[ UseTime:0.000356s ] mysql:host=localhost;port=3316;dbname=coffee;charset=utf8
[2023-01-01T00:07:02+08:00][sql] SHOW FULL COLUMNS FROM `course` [ RunTime:0.001501s ]
[2023-01-01T00:07:02+08:00][sql] SELECT * FROM `course` WHERE  `id` = 1 LIMIT 1 [ RunTime:0.000792s ]
[2023-01-01T00:07:02+08:00][sql] SHOW FULL COLUMNS FROM `teacher` [ RunTime:0.000927s ]
[2023-01-01T00:07:02+08:00][sql] SELECT `teacher_name`,`teacher_title`,`teacher_avatar` FROM `teacher` WHERE  `id` = 1 LIMIT 1 [ RunTime:0.000224s ]
[2023-01-01T00:07:02+08:00][sql] SELECT `teacher_name`,`teacher_title`,`teacher_avatar` FROM `teacher` WHERE  `id` = 2 LIMIT 1 [ RunTime:0.000196s ]
[2023-01-01T00:07:02+08:00][sql] SHOW FULL COLUMNS FROM `address` [ RunTime:0.001002s ]
[2023-01-01T00:07:02+08:00][sql] SELECT * FROM `address` WHERE  `id` = 1 LIMIT 1 [ RunTime:0.000248s ]
[2023-01-01T00:07:02+08:00][sql] SELECT * FROM `address` WHERE  `id` = 2 LIMIT 1 [ RunTime:0.000204s ]
[2023-01-01T00:07:09+08:00][sql] CONNECT:[ UseTime:0.000381s ] mysql:host=localhost;port=3316;dbname=coffee;charset=utf8
[2023-01-01T00:07:09+08:00][sql] SHOW FULL COLUMNS FROM `course` [ RunTime:0.001402s ]
[2023-01-01T00:07:09+08:00][sql] SELECT * FROM `course` WHERE  `id` = 4 LIMIT 1 [ RunTime:0.000766s ]
[2023-01-01T00:07:09+08:00][sql] SHOW FULL COLUMNS FROM `teacher` [ RunTime:0.001000s ]
[2023-01-01T00:07:09+08:00][sql] SELECT `teacher_name`,`teacher_title`,`teacher_avatar` FROM `teacher` WHERE  `id` = 2 LIMIT 1 [ RunTime:0.000256s ]
[2023-01-01T00:07:09+08:00][sql] SHOW FULL COLUMNS FROM `address` [ RunTime:0.000932s ]
[2023-01-01T00:07:09+08:00][sql] SELECT * FROM `address` WHERE  `id` = 1 LIMIT 1 [ RunTime:0.000235s ]
[2023-01-01T00:07:09+08:00][sql] SELECT * FROM `address` WHERE  `id` = 2 LIMIT 1 [ RunTime:0.000215s ]
[2023-01-01T00:07:27+08:00][sql] CONNECT:[ UseTime:0.000464s ] mysql:host=localhost;port=3316;dbname=coffee;charset=utf8
[2023-01-01T00:07:27+08:00][sql] SHOW FULL COLUMNS FROM `course` [ RunTime:0.001868s ]
[2023-01-01T00:07:27+08:00][sql] SELECT * FROM `course` WHERE  `id` = 2 LIMIT 1 [ RunTime:0.004464s ]
[2023-01-01T00:07:27+08:00][sql] SHOW FULL COLUMNS FROM `teacher` [ RunTime:0.007265s ]
[2023-01-01T00:07:27+08:00][sql] SELECT `teacher_name`,`teacher_title`,`teacher_avatar` FROM `teacher` WHERE  `id` = 3 LIMIT 1 [ RunTime:0.000504s ]
[2023-01-01T00:07:27+08:00][sql] SHOW FULL COLUMNS FROM `address` [ RunTime:0.001486s ]
[2023-01-01T00:07:27+08:00][sql] SELECT * FROM `address` WHERE  `id` = 1 LIMIT 1 [ RunTime:0.000297s ]
[2023-01-01T00:07:27+08:00][sql] SELECT * FROM `address` WHERE  `id` = 2 LIMIT 1 [ RunTime:0.000298s ]
[2023-01-01T00:07:51+08:00][sql] CONNECT:[ UseTime:0.000374s ] mysql:host=localhost;port=3316;dbname=coffee;charset=utf8
[2023-01-01T00:07:51+08:00][sql] SHOW FULL COLUMNS FROM `course` [ RunTime:0.001376s ]
[2023-01-01T00:07:51+08:00][sql] SELECT * FROM `course` WHERE  `id` = 2 LIMIT 1 [ RunTime:0.000373s ]
[2023-01-01T00:07:51+08:00][sql] SHOW FULL COLUMNS FROM `teacher` [ RunTime:0.000920s ]
[2023-01-01T00:07:51+08:00][sql] SELECT `teacher_name`,`teacher_title`,`teacher_avatar` FROM `teacher` WHERE  `id` = 3 LIMIT 1 [ RunTime:0.000221s ]
[2023-01-01T00:07:51+08:00][sql] SHOW FULL COLUMNS FROM `address` [ RunTime:0.000898s ]
[2023-01-01T00:07:51+08:00][sql] SELECT * FROM `address` WHERE  `id` = 1 LIMIT 1 [ RunTime:0.000231s ]
[2023-01-01T00:07:51+08:00][sql] SELECT * FROM `address` WHERE  `id` = 2 LIMIT 1 [ RunTime:0.000275s ]
[2023-01-01T00:08:10+08:00][sql] CONNECT:[ UseTime:0.000390s ] mysql:host=localhost;port=3316;dbname=coffee;charset=utf8
[2023-01-01T00:08:10+08:00][sql] SHOW FULL COLUMNS FROM `course` [ RunTime:0.001435s ]
[2023-01-01T00:08:10+08:00][sql] SELECT * FROM `course` WHERE  `id` = 4 LIMIT 1 [ RunTime:0.000320s ]
[2023-01-01T00:08:10+08:00][sql] SHOW FULL COLUMNS FROM `teacher` [ RunTime:0.000857s ]
[2023-01-01T00:08:10+08:00][sql] SELECT `teacher_name`,`teacher_title`,`teacher_avatar` FROM `teacher` WHERE  `id` = 2 LIMIT 1 [ RunTime:0.000216s ]
[2023-01-01T00:08:10+08:00][sql] SHOW FULL COLUMNS FROM `address` [ RunTime:0.000895s ]
[2023-01-01T00:08:10+08:00][sql] SELECT * FROM `address` WHERE  `id` = 1 LIMIT 1 [ RunTime:0.000230s ]
[2023-01-01T00:08:10+08:00][sql] SELECT * FROM `address` WHERE  `id` = 2 LIMIT 1 [ RunTime:0.000191s ]
[2023-01-01T00:08:39+08:00][sql] CONNECT:[ UseTime:0.000364s ] mysql:host=localhost;port=3316;dbname=coffee;charset=utf8
[2023-01-01T00:08:39+08:00][sql] SHOW FULL COLUMNS FROM `course` [ RunTime:0.001384s ]
[2023-01-01T00:08:39+08:00][sql] SELECT * FROM `course` WHERE  `id` = 1 LIMIT 1 [ RunTime:0.000937s ]
[2023-01-01T00:08:39+08:00][sql] SHOW FULL COLUMNS FROM `teacher` [ RunTime:0.000855s ]
[2023-01-01T00:08:39+08:00][sql] SELECT `teacher_name`,`teacher_title`,`teacher_avatar` FROM `teacher` WHERE  `id` = 1 LIMIT 1 [ RunTime:0.000210s ]
[2023-01-01T00:08:39+08:00][sql] SELECT `teacher_name`,`teacher_title`,`teacher_avatar` FROM `teacher` WHERE  `id` = 2 LIMIT 1 [ RunTime:0.000191s ]
[2023-01-01T00:08:39+08:00][sql] SHOW FULL COLUMNS FROM `address` [ RunTime:0.000928s ]
[2023-01-01T00:08:39+08:00][sql] SELECT * FROM `address` WHERE  `id` = 1 LIMIT 1 [ RunTime:0.000237s ]
[2023-01-01T00:08:39+08:00][sql] SELECT * FROM `address` WHERE  `id` = 2 LIMIT 1 [ RunTime:0.000228s ]
[2023-01-01T00:09:58+08:00][sql] CONNECT:[ UseTime:0.000375s ] mysql:host=localhost;port=3316;dbname=coffee;charset=utf8
[2023-01-01T00:09:58+08:00][sql] SHOW FULL COLUMNS FROM `course` [ RunTime:0.001423s ]
[2023-01-01T00:09:58+08:00][sql] SELECT * FROM `course` WHERE  `id` = 4 LIMIT 1 [ RunTime:0.000956s ]
[2023-01-01T00:09:58+08:00][sql] SHOW FULL COLUMNS FROM `teacher` [ RunTime:0.000903s ]
[2023-01-01T00:09:58+08:00][sql] SELECT `teacher_name`,`teacher_title`,`teacher_avatar` FROM `teacher` WHERE  `id` = 2 LIMIT 1 [ RunTime:0.000246s ]
[2023-01-01T00:09:58+08:00][sql] SHOW FULL COLUMNS FROM `address` [ RunTime:0.000905s ]
[2023-01-01T00:09:58+08:00][sql] SELECT * FROM `address` WHERE  `id` = 1 LIMIT 1 [ RunTime:0.000271s ]
[2023-01-01T00:09:58+08:00][sql] SELECT * FROM `address` WHERE  `id` = 2 LIMIT 1 [ RunTime:0.000209s ]
[2023-01-01T02:40:42+08:00][sql] CONNECT:[ UseTime:0.000364s ] mysql:host=localhost;port=3316;dbname=coffee;charset=utf8
[2023-01-01T02:40:42+08:00][sql] SHOW FULL COLUMNS FROM `course` [ RunTime:0.001484s ]
[2023-01-01T02:40:42+08:00][sql] SELECT * FROM `course` WHERE  `id` = 4 LIMIT 1 [ RunTime:0.000849s ]
[2023-01-01T02:40:42+08:00][sql] SHOW FULL COLUMNS FROM `teacher` [ RunTime:0.000944s ]
[2023-01-01T02:40:42+08:00][sql] SELECT `teacher_name`,`teacher_title`,`teacher_avatar` FROM `teacher` WHERE  `id` = 2 LIMIT 1 [ RunTime:0.000254s ]
[2023-01-01T02:40:42+08:00][sql] SHOW FULL COLUMNS FROM `address` [ RunTime:0.000918s ]
[2023-01-01T02:40:42+08:00][sql] SELECT * FROM `address` WHERE  `id` = 1 LIMIT 1 [ RunTime:0.000272s ]
[2023-01-01T02:40:42+08:00][sql] SELECT * FROM `address` WHERE  `id` = 2 LIMIT 1 [ RunTime:0.000251s ]
[2023-01-01T02:44:18+08:00][sql] CONNECT:[ UseTime:0.000359s ] mysql:host=localhost;port=3316;dbname=coffee;charset=utf8
[2023-01-01T02:44:18+08:00][sql] SHOW FULL COLUMNS FROM `course` [ RunTime:0.001396s ]
[2023-01-01T02:44:18+08:00][sql] SELECT `id`,`title`,`price`,`days`,`time` FROM `course` WHERE  `is_time` = 1 ORDER BY `sorting` ASC [ RunTime:0.000943s ]
[2023-01-01T02:44:18+08:00][sql] SELECT `id`,`title` FROM `course` WHERE  `status` = 1 [ RunTime:0.000229s ]
[2023-01-01T02:44:18+08:00][sql] SELECT `id`,`title` FROM `course` WHERE  `status` = 2 [ RunTime:0.000198s ]
[2023-01-01T02:44:18+08:00][sql] SHOW FULL COLUMNS FROM `address` [ RunTime:0.000974s ]
[2023-01-01T02:44:18+08:00][sql] SELECT * FROM `address` WHERE  `id` = 1 LIMIT 1 [ RunTime:0.000244s ]
[2023-01-01T02:44:18+08:00][sql] SELECT * FROM `address` WHERE  `id` = 2 LIMIT 1 [ RunTime:0.000224s ]
[2023-01-01T02:44:44+08:00][sql] CONNECT:[ UseTime:0.000348s ] mysql:host=localhost;port=3316;dbname=coffee;charset=utf8
[2023-01-01T02:44:44+08:00][sql] SHOW FULL COLUMNS FROM `course` [ RunTime:0.001387s ]
[2023-01-01T02:44:44+08:00][sql] SELECT * FROM `course` WHERE  `id` = 3 LIMIT 1 [ RunTime:0.000375s ]
[2023-01-01T02:44:44+08:00][sql] SHOW FULL COLUMNS FROM `teacher` [ RunTime:0.000924s ]
[2023-01-01T02:44:44+08:00][sql] SELECT `teacher_name`,`teacher_title`,`teacher_avatar` FROM `teacher` WHERE  `id` = 1 LIMIT 1 [ RunTime:0.000227s ]
[2023-01-01T02:44:44+08:00][sql] SHOW FULL COLUMNS FROM `address` [ RunTime:0.000933s ]
[2023-01-01T02:44:44+08:00][sql] SELECT * FROM `address` WHERE  `id` = 1 LIMIT 1 [ RunTime:0.000244s ]
[2023-01-01T02:44:44+08:00][sql] SELECT * FROM `address` WHERE  `id` = 2 LIMIT 1 [ RunTime:0.000235s ]
[2023-01-01T02:45:54+08:00][sql] CONNECT:[ UseTime:0.000399s ] mysql:host=localhost;port=3316;dbname=coffee;charset=utf8
[2023-01-01T02:45:54+08:00][sql] SHOW FULL COLUMNS FROM `course` [ RunTime:0.001420s ]
[2023-01-01T02:45:54+08:00][sql] SELECT * FROM `course` WHERE  `id` = 6 LIMIT 1 [ RunTime:0.001012s ]
[2023-01-01T02:45:54+08:00][sql] SHOW FULL COLUMNS FROM `teacher` [ RunTime:0.000988s ]
[2023-01-01T02:45:54+08:00][sql] SELECT `teacher_name`,`teacher_title`,`teacher_avatar` FROM `teacher` WHERE  `id` = 1 LIMIT 1 [ RunTime:0.000272s ]
[2023-01-01T02:45:54+08:00][sql] SHOW FULL COLUMNS FROM `address` [ RunTime:0.000965s ]
[2023-01-01T02:45:54+08:00][sql] SELECT * FROM `address` WHERE  `id` = 1 LIMIT 1 [ RunTime:0.000323s ]
[2023-01-01T02:45:54+08:00][sql] SELECT * FROM `address` WHERE  `id` = 2 LIMIT 1 [ RunTime:0.000239s ]
[2023-01-01T02:46:43+08:00][sql] CONNECT:[ UseTime:0.000339s ] mysql:host=localhost;port=3316;dbname=coffee;charset=utf8
[2023-01-01T02:46:43+08:00][sql] SHOW FULL COLUMNS FROM `course` [ RunTime:0.001382s ]
[2023-01-01T02:46:43+08:00][sql] SELECT * FROM `course` WHERE  `id` = 2 LIMIT 1 [ RunTime:0.000924s ]
[2023-01-01T02:46:43+08:00][sql] SHOW FULL COLUMNS FROM `teacher` [ RunTime:0.000877s ]
[2023-01-01T02:46:43+08:00][sql] SELECT `teacher_name`,`teacher_title`,`teacher_avatar` FROM `teacher` WHERE  `id` = 3 LIMIT 1 [ RunTime:0.000218s ]
[2023-01-01T02:46:43+08:00][sql] SHOW FULL COLUMNS FROM `address` [ RunTime:0.000901s ]
[2023-01-01T02:46:43+08:00][sql] SELECT * FROM `address` WHERE  `id` = 1 LIMIT 1 [ RunTime:0.000226s ]
[2023-01-01T02:46:43+08:00][sql] SELECT * FROM `address` WHERE  `id` = 2 LIMIT 1 [ RunTime:0.000187s ]
[2023-01-01T02:47:29+08:00][sql] CONNECT:[ UseTime:0.000376s ] mysql:host=localhost;port=3316;dbname=coffee;charset=utf8
[2023-01-01T02:47:29+08:00][sql] SHOW FULL COLUMNS FROM `course` [ RunTime:0.002064s ]
[2023-01-01T02:47:29+08:00][sql] SELECT * FROM `course` WHERE  `id` = 7 LIMIT 1 [ RunTime:0.001055s ]
[2023-01-01T02:47:29+08:00][sql] SHOW FULL COLUMNS FROM `teacher` [ RunTime:0.001027s ]
[2023-01-01T02:47:29+08:00][sql] SELECT `teacher_name`,`teacher_title`,`teacher_avatar` FROM `teacher` WHERE  `id` = 1 LIMIT 1 [ RunTime:0.000279s ]
[2023-01-01T02:47:29+08:00][sql] SHOW FULL COLUMNS FROM `address` [ RunTime:0.000916s ]
[2023-01-01T02:47:29+08:00][sql] SELECT * FROM `address` WHERE  `id` = 1 LIMIT 1 [ RunTime:0.000272s ]
[2023-01-01T02:47:29+08:00][sql] SELECT * FROM `address` WHERE  `id` = 2 LIMIT 1 [ RunTime:0.000244s ]
[2023-01-01T02:48:18+08:00][sql] CONNECT:[ UseTime:0.000372s ] mysql:host=localhost;port=3316;dbname=coffee;charset=utf8
[2023-01-01T02:48:18+08:00][sql] SHOW FULL COLUMNS FROM `course` [ RunTime:0.001350s ]
[2023-01-01T02:48:18+08:00][sql] SELECT * FROM `course` WHERE  `id` = 1 LIMIT 1 [ RunTime:0.000309s ]
[2023-01-01T02:48:18+08:00][sql] SHOW FULL COLUMNS FROM `teacher` [ RunTime:0.000895s ]
[2023-01-01T02:48:18+08:00][sql] SELECT `teacher_name`,`teacher_title`,`teacher_avatar` FROM `teacher` WHERE  `id` = 1 LIMIT 1 [ RunTime:0.000222s ]
[2023-01-01T02:48:18+08:00][sql] SELECT `teacher_name`,`teacher_title`,`teacher_avatar` FROM `teacher` WHERE  `id` = 2 LIMIT 1 [ RunTime:0.000184s ]
[2023-01-01T02:48:18+08:00][sql] SHOW FULL COLUMNS FROM `address` [ RunTime:0.000873s ]
[2023-01-01T02:48:18+08:00][sql] SELECT * FROM `address` WHERE  `id` = 1 LIMIT 1 [ RunTime:0.000251s ]
[2023-01-01T02:48:18+08:00][sql] SELECT * FROM `address` WHERE  `id` = 2 LIMIT 1 [ RunTime:0.000209s ]
[2023-01-01T02:48:52+08:00][sql] CONNECT:[ UseTime:0.000338s ] mysql:host=localhost;port=3316;dbname=coffee;charset=utf8
[2023-01-01T02:48:52+08:00][sql] SHOW FULL COLUMNS FROM `course` [ RunTime:0.001391s ]
[2023-01-01T02:48:52+08:00][sql] SELECT * FROM `course` WHERE  `id` = 6 LIMIT 1 [ RunTime:0.000388s ]
[2023-01-01T02:48:52+08:00][sql] SHOW FULL COLUMNS FROM `teacher` [ RunTime:0.000923s ]
[2023-01-01T02:48:52+08:00][sql] SELECT `teacher_name`,`teacher_title`,`teacher_avatar` FROM `teacher` WHERE  `id` = 1 LIMIT 1 [ RunTime:0.000237s ]
[2023-01-01T02:48:52+08:00][sql] SHOW FULL COLUMNS FROM `address` [ RunTime:0.000922s ]
[2023-01-01T02:48:52+08:00][sql] SELECT * FROM `address` WHERE  `id` = 1 LIMIT 1 [ RunTime:0.000260s ]
[2023-01-01T02:48:52+08:00][sql] SELECT * FROM `address` WHERE  `id` = 2 LIMIT 1 [ RunTime:0.000217s ]
[2023-01-01T02:50:41+08:00][sql] CONNECT:[ UseTime:0.000387s ] mysql:host=localhost;port=3316;dbname=coffee;charset=utf8
[2023-01-01T02:50:41+08:00][sql] SHOW FULL COLUMNS FROM `course` [ RunTime:0.001938s ]
[2023-01-01T02:50:41+08:00][sql] SELECT * FROM `course` WHERE  `id` = 5 LIMIT 1 [ RunTime:0.001022s ]
[2023-01-01T02:50:41+08:00][sql] SHOW FULL COLUMNS FROM `teacher` [ RunTime:0.002642s ]
[2023-01-01T02:50:41+08:00][sql] SELECT `teacher_name`,`teacher_title`,`teacher_avatar` FROM `teacher` WHERE  `id` = 1 LIMIT 1 [ RunTime:0.000283s ]
[2023-01-01T02:50:41+08:00][sql] SELECT `teacher_name`,`teacher_title`,`teacher_avatar` FROM `teacher` WHERE  `id` = 2 LIMIT 1 [ RunTime:0.000339s ]
[2023-01-01T02:50:41+08:00][sql] SHOW FULL COLUMNS FROM `address` [ RunTime:0.000982s ]
[2023-01-01T02:50:41+08:00][sql] SELECT * FROM `address` WHERE  `id` = 1 LIMIT 1 [ RunTime:0.000576s ]
[2023-01-01T02:50:41+08:00][sql] SELECT * FROM `address` WHERE  `id` = 2 LIMIT 1 [ RunTime:0.000247s ]
[2023-01-01T02:50:46+08:00][sql] CONNECT:[ UseTime:0.000439s ] mysql:host=localhost;port=3316;dbname=coffee;charset=utf8
[2023-01-01T02:50:46+08:00][sql] SHOW FULL COLUMNS FROM `course` [ RunTime:0.001824s ]
[2023-01-01T02:50:46+08:00][sql] SELECT `id`,`title`,`price`,`days`,`time` FROM `course` WHERE  `is_time` = 1 ORDER BY `sorting` ASC [ RunTime:0.000393s ]
[2023-01-01T02:50:46+08:00][sql] SELECT `id`,`title` FROM `course` WHERE  `status` = 1 [ RunTime:0.000267s ]
[2023-01-01T02:50:46+08:00][sql] SELECT `id`,`title` FROM `course` WHERE  `status` = 2 [ RunTime:0.000207s ]
[2023-01-01T02:50:46+08:00][sql] SHOW FULL COLUMNS FROM `address` [ RunTime:0.001150s ]
[2023-01-01T02:50:46+08:00][sql] SELECT * FROM `address` WHERE  `id` = 1 LIMIT 1 [ RunTime:0.000340s ]
[2023-01-01T02:50:46+08:00][sql] SELECT * FROM `address` WHERE  `id` = 2 LIMIT 1 [ RunTime:0.000252s ]
[2023-01-01T03:37:03+08:00][sql] CONNECT:[ UseTime:0.000413s ] mysql:host=localhost;port=3316;dbname=coffee;charset=utf8
[2023-01-01T03:37:03+08:00][sql] SHOW FULL COLUMNS FROM `course` [ RunTime:0.001381s ]
[2023-01-01T03:37:03+08:00][sql] SELECT * FROM `course` WHERE  `id` = 4 LIMIT 1 [ RunTime:0.000336s ]
[2023-01-01T03:37:03+08:00][sql] SHOW FULL COLUMNS FROM `teacher` [ RunTime:0.000921s ]
[2023-01-01T03:37:03+08:00][sql] SELECT `teacher_name`,`teacher_title`,`teacher_avatar` FROM `teacher` WHERE  `id` = 2 LIMIT 1 [ RunTime:0.000253s ]
[2023-01-01T03:37:03+08:00][sql] SHOW FULL COLUMNS FROM `address` [ RunTime:0.000921s ]
[2023-01-01T03:37:03+08:00][sql] SELECT * FROM `address` WHERE  `id` = 1 LIMIT 1 [ RunTime:0.000280s ]
[2023-01-01T03:37:03+08:00][sql] SELECT * FROM `address` WHERE  `id` = 2 LIMIT 1 [ RunTime:0.000258s ]
[2023-01-01T03:47:36+08:00][sql] CONNECT:[ UseTime:0.000462s ] mysql:host=localhost;port=3316;dbname=coffee;charset=utf8
[2023-01-01T03:47:36+08:00][sql] SHOW FULL COLUMNS FROM `course` [ RunTime:0.001969s ]
[2023-01-01T03:47:36+08:00][sql] SELECT * FROM `course` WHERE  `id` = 2 LIMIT 1 [ RunTime:0.000363s ]
[2023-01-01T03:47:36+08:00][sql] SHOW FULL COLUMNS FROM `teacher` [ RunTime:0.001304s ]
[2023-01-01T03:47:36+08:00][sql] SELECT `teacher_name`,`teacher_title`,`teacher_avatar` FROM `teacher` WHERE  `id` = 3 LIMIT 1 [ RunTime:0.000264s ]
[2023-01-01T03:47:36+08:00][sql] SHOW FULL COLUMNS FROM `address` [ RunTime:0.001233s ]
[2023-01-01T03:47:36+08:00][sql] SELECT * FROM `address` WHERE  `id` = 1 LIMIT 1 [ RunTime:0.000233s ]
[2023-01-01T03:47:36+08:00][sql] SELECT * FROM `address` WHERE  `id` = 2 LIMIT 1 [ RunTime:0.000222s ]
[2023-01-01T09:34:48+08:00][sql] CONNECT:[ UseTime:0.000403s ] mysql:host=localhost;port=3316;dbname=coffee;charset=utf8
[2023-01-01T09:34:48+08:00][sql] SHOW FULL COLUMNS FROM `course` [ RunTime:0.001400s ]
[2023-01-01T09:34:48+08:00][sql] SELECT `id`,`title`,`price`,`days`,`time` FROM `course` WHERE  `is_time` = 1 ORDER BY `sorting` ASC [ RunTime:0.000274s ]
[2023-01-01T09:34:48+08:00][sql] SELECT `id`,`title` FROM `course` WHERE  `status` = 1 [ RunTime:0.000212s ]
[2023-01-01T09:34:48+08:00][sql] SELECT `id`,`title` FROM `course` WHERE  `status` = 2 [ RunTime:0.000228s ]
[2023-01-01T09:34:48+08:00][sql] SHOW FULL COLUMNS FROM `address` [ RunTime:0.000929s ]
[2023-01-01T09:34:48+08:00][sql] SELECT * FROM `address` WHERE  `id` = 1 LIMIT 1 [ RunTime:0.000261s ]
[2023-01-01T09:34:48+08:00][sql] SELECT * FROM `address` WHERE  `id` = 2 LIMIT 1 [ RunTime:0.000227s ]
[2023-01-01T12:50:23+08:00][sql] CONNECT:[ UseTime:0.000473s ] mysql:host=localhost;port=3316;dbname=coffee;charset=utf8
[2023-01-01T12:50:23+08:00][sql] SHOW FULL COLUMNS FROM `course` [ RunTime:0.001430s ]
[2023-01-01T12:50:23+08:00][sql] SELECT * FROM `course` WHERE  `id` = 6 LIMIT 1 [ RunTime:0.001036s ]
[2023-01-01T12:50:23+08:00][sql] SHOW FULL COLUMNS FROM `teacher` [ RunTime:0.000948s ]
[2023-01-01T12:50:23+08:00][sql] SELECT `teacher_name`,`teacher_title`,`teacher_avatar` FROM `teacher` WHERE  `id` = 1 LIMIT 1 [ RunTime:0.000241s ]
[2023-01-01T12:50:23+08:00][sql] SHOW FULL COLUMNS FROM `address` [ RunTime:0.000924s ]
[2023-01-01T12:50:23+08:00][sql] SELECT * FROM `address` WHERE  `id` = 1 LIMIT 1 [ RunTime:0.000287s ]
[2023-01-01T12:50:23+08:00][sql] SELECT * FROM `address` WHERE  `id` = 2 LIMIT 1 [ RunTime:0.000211s ]
[2023-01-01T14:27:14+08:00][sql] CONNECT:[ UseTime:0.000446s ] mysql:host=localhost;port=3316;dbname=coffee;charset=utf8
[2023-01-01T14:27:14+08:00][sql] SHOW FULL COLUMNS FROM `course` [ RunTime:0.002138s ]
[2023-01-01T14:27:14+08:00][sql] SELECT * FROM `course` WHERE  `id` = 1 LIMIT 1 [ RunTime:0.001056s ]
[2023-01-01T14:27:14+08:00][sql] SHOW FULL COLUMNS FROM `teacher` [ RunTime:0.001386s ]
[2023-01-01T14:27:14+08:00][sql] SELECT `teacher_name`,`teacher_title`,`teacher_avatar` FROM `teacher` WHERE  `id` = 1 LIMIT 1 [ RunTime:0.000289s ]
[2023-01-01T14:27:14+08:00][sql] SELECT `teacher_name`,`teacher_title`,`teacher_avatar` FROM `teacher` WHERE  `id` = 2 LIMIT 1 [ RunTime:0.000246s ]
[2023-01-01T14:27:14+08:00][sql] SHOW FULL COLUMNS FROM `address` [ RunTime:0.001339s ]
[2023-01-01T14:27:14+08:00][sql] SELECT * FROM `address` WHERE  `id` = 1 LIMIT 1 [ RunTime:0.000314s ]
[2023-01-01T14:27:14+08:00][sql] SELECT * FROM `address` WHERE  `id` = 2 LIMIT 1 [ RunTime:0.000276s ]
[2023-01-01T14:27:35+08:00][sql] CONNECT:[ UseTime:0.000402s ] mysql:host=localhost;port=3316;dbname=coffee;charset=utf8
[2023-01-01T14:27:35+08:00][sql] SHOW FULL COLUMNS FROM `course` [ RunTime:0.001423s ]
[2023-01-01T14:27:35+08:00][sql] SELECT * FROM `course` WHERE  `id` = 2 LIMIT 1 [ RunTime:0.000318s ]
[2023-01-01T14:27:35+08:00][sql] SHOW FULL COLUMNS FROM `teacher` [ RunTime:0.000940s ]
[2023-01-01T14:27:35+08:00][sql] SELECT `teacher_name`,`teacher_title`,`teacher_avatar` FROM `teacher` WHERE  `id` = 3 LIMIT 1 [ RunTime:0.000225s ]
[2023-01-01T14:27:35+08:00][sql] SHOW FULL COLUMNS FROM `address` [ RunTime:0.000914s ]
[2023-01-01T14:27:35+08:00][sql] SELECT * FROM `address` WHERE  `id` = 1 LIMIT 1 [ RunTime:0.000243s ]
[2023-01-01T14:27:35+08:00][sql] SELECT * FROM `address` WHERE  `id` = 2 LIMIT 1 [ RunTime:0.000244s ]
[2023-01-01T14:28:11+08:00][sql] CONNECT:[ UseTime:0.000379s ] mysql:host=localhost;port=3316;dbname=coffee;charset=utf8
[2023-01-01T14:28:11+08:00][sql] SHOW FULL COLUMNS FROM `course` [ RunTime:0.001459s ]
[2023-01-01T14:28:11+08:00][sql] SELECT * FROM `course` WHERE  `id` = 1 LIMIT 1 [ RunTime:0.001006s ]
[2023-01-01T14:28:11+08:00][sql] SHOW FULL COLUMNS FROM `teacher` [ RunTime:0.000947s ]
[2023-01-01T14:28:11+08:00][sql] SELECT `teacher_name`,`teacher_title`,`teacher_avatar` FROM `teacher` WHERE  `id` = 1 LIMIT 1 [ RunTime:0.000267s ]
[2023-01-01T14:28:11+08:00][sql] SELECT `teacher_name`,`teacher_title`,`teacher_avatar` FROM `teacher` WHERE  `id` = 2 LIMIT 1 [ RunTime:0.000198s ]
[2023-01-01T14:28:11+08:00][sql] SHOW FULL COLUMNS FROM `address` [ RunTime:0.000948s ]
[2023-01-01T14:28:11+08:00][sql] SELECT * FROM `address` WHERE  `id` = 1 LIMIT 1 [ RunTime:0.000240s ]
[2023-01-01T14:28:11+08:00][sql] SELECT * FROM `address` WHERE  `id` = 2 LIMIT 1 [ RunTime:0.000204s ]
[2023-01-01T14:28:13+08:00][sql] CONNECT:[ UseTime:0.000362s ] mysql:host=localhost;port=3316;dbname=coffee;charset=utf8
[2023-01-01T14:28:13+08:00][sql] SHOW FULL COLUMNS FROM `course` [ RunTime:0.001408s ]
[2023-01-01T14:28:13+08:00][sql] SELECT * FROM `course` WHERE  `id` = 1 LIMIT 1 [ RunTime:0.000381s ]
[2023-01-01T14:28:13+08:00][sql] SHOW FULL COLUMNS FROM `teacher` [ RunTime:0.000913s ]
[2023-01-01T14:28:13+08:00][sql] SELECT `teacher_name`,`teacher_title`,`teacher_avatar` FROM `teacher` WHERE  `id` = 1 LIMIT 1 [ RunTime:0.000281s ]
[2023-01-01T14:28:13+08:00][sql] SELECT `teacher_name`,`teacher_title`,`teacher_avatar` FROM `teacher` WHERE  `id` = 2 LIMIT 1 [ RunTime:0.000230s ]
[2023-01-01T14:28:13+08:00][sql] SHOW FULL COLUMNS FROM `address` [ RunTime:0.000908s ]
[2023-01-01T14:28:13+08:00][sql] SELECT * FROM `address` WHERE  `id` = 1 LIMIT 1 [ RunTime:0.000243s ]
[2023-01-01T14:28:13+08:00][sql] SELECT * FROM `address` WHERE  `id` = 2 LIMIT 1 [ RunTime:0.000208s ]
[2023-01-01T17:23:10+08:00][sql] CONNECT:[ UseTime:0.000429s ] mysql:host=localhost;port=3316;dbname=coffee;charset=utf8
[2023-01-01T17:23:10+08:00][sql] SHOW FULL COLUMNS FROM `course` [ RunTime:0.001395s ]
[2023-01-01T17:23:10+08:00][sql] SELECT * FROM `course` WHERE  `id` = 1 LIMIT 1 [ RunTime:0.000828s ]
[2023-01-01T17:23:10+08:00][sql] SHOW FULL COLUMNS FROM `teacher` [ RunTime:0.000958s ]
[2023-01-01T17:23:10+08:00][sql] SELECT `teacher_name`,`teacher_title`,`teacher_avatar` FROM `teacher` WHERE  `id` = 1 LIMIT 1 [ RunTime:0.000267s ]
[2023-01-01T17:23:10+08:00][sql] SELECT `teacher_name`,`teacher_title`,`teacher_avatar` FROM `teacher` WHERE  `id` = 2 LIMIT 1 [ RunTime:0.000236s ]
[2023-01-01T17:23:10+08:00][sql] SHOW FULL COLUMNS FROM `address` [ RunTime:0.000991s ]
[2023-01-01T17:23:10+08:00][sql] SELECT * FROM `address` WHERE  `id` = 1 LIMIT 1 [ RunTime:0.000273s ]
[2023-01-01T17:23:10+08:00][sql] SELECT * FROM `address` WHERE  `id` = 2 LIMIT 1 [ RunTime:0.000318s ]
