[2023-01-04T00:31:50+08:00][sql] CONNECT:[ UseTime:0.000372s ] mysql:host=localhost;port=3316;dbname=coffee;charset=utf8
[2023-01-04T00:31:50+08:00][sql] SHOW FULL COLUMNS FROM `course` [ RunTime:0.001477s ]
[2023-01-04T00:31:50+08:00][sql] SELECT * FROM `course` WHERE  `id` = 6 LIMIT 1 [ RunTime:0.000993s ]
[2023-01-04T00:31:50+08:00][sql] SHOW FULL COLUMNS FROM `teacher` [ RunTime:0.000950s ]
[2023-01-04T00:31:50+08:00][sql] SELECT `teacher_name`,`teacher_title`,`teacher_avatar` FROM `teacher` WHERE  `id` = 1 LIMIT 1 [ RunTime:0.000241s ]
[2023-01-04T00:31:50+08:00][sql] SHOW FULL COLUMNS FROM `address` [ RunTime:0.000924s ]
[2023-01-04T00:31:50+08:00][sql] SELECT * FROM `address` WHERE  `id` = 1 LIMIT 1 [ RunTime:0.000250s ]
[2023-01-04T00:31:50+08:00][sql] SELECT * FROM `address` WHERE  `id` = 2 LIMIT 1 [ RunTime:0.000211s ]
[2023-01-04T00:39:20+08:00][sql] CONNECT:[ UseTime:0.000476s ] mysql:host=localhost;port=3316;dbname=coffee;charset=utf8
[2023-01-04T00:39:20+08:00][sql] SHOW FULL COLUMNS FROM `course` [ RunTime:0.001872s ]
[2023-01-04T00:39:20+08:00][sql] SELECT * FROM `course` WHERE  `id` = 6 LIMIT 1 [ RunTime:0.000388s ]
[2023-01-04T00:39:20+08:00][sql] SHOW FULL COLUMNS FROM `teacher` [ RunTime:0.001291s ]
[2023-01-04T00:39:20+08:00][sql] SELECT `teacher_name`,`teacher_title`,`teacher_avatar` FROM `teacher` WHERE  `id` = 1 LIMIT 1 [ RunTime:0.000288s ]
[2023-01-04T00:39:20+08:00][sql] SHOW FULL COLUMNS FROM `address` [ RunTime:0.001334s ]
[2023-01-04T00:39:20+08:00][sql] SELECT * FROM `address` WHERE  `id` = 1 LIMIT 1 [ RunTime:0.000325s ]
[2023-01-04T00:39:20+08:00][sql] SELECT * FROM `address` WHERE  `id` = 2 LIMIT 1 [ RunTime:0.000284s ]
[2023-01-04T21:20:43+08:00][sql] CONNECT:[ UseTime:0.001988s ] mysql:host=localhost;port=3316;dbname=coffee;charset=utf8
[2023-01-04T21:20:43+08:00][sql] SHOW FULL COLUMNS FROM `course` [ RunTime:0.002228s ]
[2023-01-04T21:20:43+08:00][sql] SELECT * FROM `course` WHERE  `id` = 1 LIMIT 1 [ RunTime:0.000426s ]
[2023-01-04T21:20:43+08:00][sql] SHOW FULL COLUMNS FROM `teacher` [ RunTime:0.001628s ]
[2023-01-04T21:20:43+08:00][sql] SELECT `teacher_name`,`teacher_title`,`teacher_avatar` FROM `teacher` WHERE  `id` = 1 LIMIT 1 [ RunTime:0.000328s ]
[2023-01-04T21:20:43+08:00][sql] SELECT `teacher_name`,`teacher_title`,`teacher_avatar` FROM `teacher` WHERE  `id` = 2 LIMIT 1 [ RunTime:0.000265s ]
[2023-01-04T21:20:43+08:00][sql] SHOW FULL COLUMNS FROM `address` [ RunTime:0.001453s ]
[2023-01-04T21:20:43+08:00][sql] SELECT * FROM `address` WHERE  `id` = 1 LIMIT 1 [ RunTime:0.000363s ]
[2023-01-04T21:20:43+08:00][sql] SELECT * FROM `address` WHERE  `id` = 2 LIMIT 1 [ RunTime:0.000292s ]
[2023-01-04T21:31:33+08:00][sql] CONNECT:[ UseTime:0.000475s ] mysql:host=localhost;port=3316;dbname=coffee;charset=utf8
[2023-01-04T21:31:33+08:00][sql] SHOW FULL COLUMNS FROM `course` [ RunTime:0.001446s ]
[2023-01-04T21:31:33+08:00][sql] SELECT * FROM `course` WHERE  `id` = 1 LIMIT 1 [ RunTime:0.000361s ]
[2023-01-04T21:31:33+08:00][sql] SHOW FULL COLUMNS FROM `teacher` [ RunTime:0.000946s ]
[2023-01-04T21:31:33+08:00][sql] SELECT `teacher_name`,`teacher_title`,`teacher_avatar` FROM `teacher` WHERE  `id` = 1 LIMIT 1 [ RunTime:0.000288s ]
[2023-01-04T21:31:33+08:00][sql] SELECT `teacher_name`,`teacher_title`,`teacher_avatar` FROM `teacher` WHERE  `id` = 2 LIMIT 1 [ RunTime:0.000287s ]
[2023-01-04T21:31:33+08:00][sql] SHOW FULL COLUMNS FROM `address` [ RunTime:0.001165s ]
[2023-01-04T21:31:33+08:00][sql] SELECT * FROM `address` WHERE  `id` = 1 LIMIT 1 [ RunTime:0.000289s ]
[2023-01-04T21:31:33+08:00][sql] SELECT * FROM `address` WHERE  `id` = 2 LIMIT 1 [ RunTime:0.000313s ]
