[2023-01-12T00:20:17+08:00][sql] CONNECT:[ UseTime:0.000465s ] mysql:host=localhost;port=3316;dbname=coffee;charset=utf8
[2023-01-12T00:20:17+08:00][sql] SHOW FULL COLUMNS FROM `course` [ RunTime:0.002030s ]
[2023-01-12T00:20:17+08:00][sql] SELECT * FROM `course` WHERE  `id` = 7 LIMIT 1 [ RunTime:0.000941s ]
[2023-01-12T00:20:17+08:00][sql] SHOW FULL COLUMNS FROM `teacher` [ RunTime:0.001390s ]
[2023-01-12T00:20:17+08:00][sql] SELECT `teacher_name`,`teacher_title`,`teacher_avatar` FROM `teacher` WHERE  `id` = 1 LIMIT 1 [ RunTime:0.000329s ]
[2023-01-12T00:20:17+08:00][sql] SHOW FULL COLUMNS FROM `address` [ RunTime:0.001354s ]
[2023-01-12T00:20:17+08:00][sql] SELECT * FROM `address` WHERE  `id` = 1 LIMIT 1 [ RunTime:0.000337s ]
[2023-01-12T00:20:17+08:00][sql] SELECT * FROM `address` WHERE  `id` = 2 LIMIT 1 [ RunTime:0.000289s ]
[2023-01-12T02:06:12+08:00][sql] CONNECT:[ UseTime:0.000382s ] mysql:host=localhost;port=3316;dbname=coffee;charset=utf8
[2023-01-12T02:06:12+08:00][sql] SHOW FULL COLUMNS FROM `course` [ RunTime:0.001445s ]
[2023-01-12T02:06:12+08:00][sql] SELECT * FROM `course` WHERE  `id` = 4 LIMIT 1 [ RunTime:0.001631s ]
[2023-01-12T02:06:12+08:00][sql] SHOW FULL COLUMNS FROM `teacher` [ RunTime:0.000960s ]
[2023-01-12T02:06:12+08:00][sql] SELECT `teacher_name`,`teacher_title`,`teacher_avatar` FROM `teacher` WHERE  `id` = 2 LIMIT 1 [ RunTime:0.000277s ]
[2023-01-12T02:06:12+08:00][sql] SHOW FULL COLUMNS FROM `address` [ RunTime:0.000952s ]
[2023-01-12T02:06:12+08:00][sql] SELECT * FROM `address` WHERE  `id` = 1 LIMIT 1 [ RunTime:0.000283s ]
[2023-01-12T02:06:12+08:00][sql] SELECT * FROM `address` WHERE  `id` = 2 LIMIT 1 [ RunTime:0.000248s ]
[2023-01-12T09:32:52+08:00][sql] CONNECT:[ UseTime:0.000402s ] mysql:host=localhost;port=3316;dbname=coffee;charset=utf8
[2023-01-12T09:32:52+08:00][sql] SHOW FULL COLUMNS FROM `course` [ RunTime:0.001407s ]
[2023-01-12T09:32:52+08:00][sql] SELECT * FROM `course` WHERE  `id` = 2 LIMIT 1 [ RunTime:0.000342s ]
[2023-01-12T09:32:52+08:00][sql] SHOW FULL COLUMNS FROM `teacher` [ RunTime:0.000915s ]
[2023-01-12T09:32:52+08:00][sql] SELECT `teacher_name`,`teacher_title`,`teacher_avatar` FROM `teacher` WHERE  `id` = 3 LIMIT 1 [ RunTime:0.000286s ]
[2023-01-12T09:32:52+08:00][sql] SHOW FULL COLUMNS FROM `address` [ RunTime:0.001146s ]
[2023-01-12T09:32:52+08:00][sql] SELECT * FROM `address` WHERE  `id` = 1 LIMIT 1 [ RunTime:0.000453s ]
[2023-01-12T09:32:52+08:00][sql] SELECT * FROM `address` WHERE  `id` = 2 LIMIT 1 [ RunTime:0.000253s ]
[2023-01-12T09:35:42+08:00][sql] CONNECT:[ UseTime:0.000360s ] mysql:host=localhost;port=3316;dbname=coffee;charset=utf8
[2023-01-12T09:35:42+08:00][sql] SHOW FULL COLUMNS FROM `course` [ RunTime:0.001369s ]
[2023-01-12T09:35:42+08:00][sql] SELECT * FROM `course` WHERE  `id` = 2 LIMIT 1 [ RunTime:0.000938s ]
[2023-01-12T09:35:42+08:00][sql] SHOW FULL COLUMNS FROM `teacher` [ RunTime:0.000926s ]
[2023-01-12T09:35:42+08:00][sql] SELECT `teacher_name`,`teacher_title`,`teacher_avatar` FROM `teacher` WHERE  `id` = 3 LIMIT 1 [ RunTime:0.000224s ]
[2023-01-12T09:35:42+08:00][sql] SHOW FULL COLUMNS FROM `address` [ RunTime:0.000879s ]
[2023-01-12T09:35:42+08:00][sql] SELECT * FROM `address` WHERE  `id` = 1 LIMIT 1 [ RunTime:0.000244s ]
[2023-01-12T09:35:42+08:00][sql] SELECT * FROM `address` WHERE  `id` = 2 LIMIT 1 [ RunTime:0.000215s ]
[2023-01-12T14:20:00+08:00][sql] CONNECT:[ UseTime:0.000375s ] mysql:host=localhost;port=3316;dbname=coffee;charset=utf8
[2023-01-12T14:20:00+08:00][sql] SHOW FULL COLUMNS FROM `course` [ RunTime:0.001388s ]
[2023-01-12T14:20:00+08:00][sql] SELECT `id`,`title`,`price`,`days`,`time` FROM `course` WHERE  `is_time` = 1 ORDER BY `sorting` ASC [ RunTime:0.000768s ]
[2023-01-12T14:20:00+08:00][sql] SELECT `id`,`title` FROM `course` WHERE  `status` = 1 [ RunTime:0.000220s ]
[2023-01-12T14:20:00+08:00][sql] SELECT `id`,`title` FROM `course` WHERE  `status` = 2 [ RunTime:0.000245s ]
[2023-01-12T14:20:00+08:00][sql] SHOW FULL COLUMNS FROM `address` [ RunTime:0.000909s ]
[2023-01-12T14:20:00+08:00][sql] SELECT * FROM `address` WHERE  `id` = 1 LIMIT 1 [ RunTime:0.000277s ]
[2023-01-12T14:20:00+08:00][sql] SELECT * FROM `address` WHERE  `id` = 2 LIMIT 1 [ RunTime:0.000211s ]
[2023-01-12T14:25:07+08:00][sql] CONNECT:[ UseTime:0.000342s ] mysql:host=localhost;port=3316;dbname=coffee;charset=utf8
[2023-01-12T14:25:07+08:00][sql] SHOW FULL COLUMNS FROM `course` [ RunTime:0.001674s ]
[2023-01-12T14:25:07+08:00][sql] SELECT `id`,`title`,`price`,`days`,`time` FROM `course` WHERE  `is_time` = 1 ORDER BY `sorting` ASC [ RunTime:0.000791s ]
[2023-01-12T14:25:07+08:00][sql] SELECT `id`,`title` FROM `course` WHERE  `status` = 1 [ RunTime:0.000217s ]
[2023-01-12T14:25:07+08:00][sql] SELECT `id`,`title` FROM `course` WHERE  `status` = 2 [ RunTime:0.000211s ]
[2023-01-12T14:25:07+08:00][sql] SHOW FULL COLUMNS FROM `address` [ RunTime:0.000964s ]
[2023-01-12T14:25:07+08:00][sql] SELECT * FROM `address` WHERE  `id` = 1 LIMIT 1 [ RunTime:0.000241s ]
[2023-01-12T14:25:07+08:00][sql] SELECT * FROM `address` WHERE  `id` = 2 LIMIT 1 [ RunTime:0.000214s ]
[2023-01-12T19:59:05+08:00][sql] CONNECT:[ UseTime:0.000382s ] mysql:host=localhost;port=3316;dbname=coffee;charset=utf8
[2023-01-12T19:59:05+08:00][sql] SHOW FULL COLUMNS FROM `course` [ RunTime:0.001431s ]
[2023-01-12T19:59:05+08:00][sql] SELECT * FROM `course` WHERE  `id` = 7 LIMIT 1 [ RunTime:0.000287s ]
[2023-01-12T19:59:05+08:00][sql] SHOW FULL COLUMNS FROM `teacher` [ RunTime:0.000913s ]
[2023-01-12T19:59:05+08:00][sql] SELECT `teacher_name`,`teacher_title`,`teacher_avatar` FROM `teacher` WHERE  `id` = 1 LIMIT 1 [ RunTime:0.000223s ]
[2023-01-12T19:59:05+08:00][sql] SHOW FULL COLUMNS FROM `address` [ RunTime:0.000924s ]
[2023-01-12T19:59:05+08:00][sql] SELECT * FROM `address` WHERE  `id` = 1 LIMIT 1 [ RunTime:0.000265s ]
[2023-01-12T19:59:05+08:00][sql] SELECT * FROM `address` WHERE  `id` = 2 LIMIT 1 [ RunTime:0.000209s ]
[2023-01-12T20:01:16+08:00][sql] CONNECT:[ UseTime:0.000393s ] mysql:host=localhost;port=3316;dbname=coffee;charset=utf8
[2023-01-12T20:01:16+08:00][sql] SHOW FULL COLUMNS FROM `course` [ RunTime:0.001511s ]
[2023-01-12T20:01:16+08:00][sql] SELECT * FROM `course` WHERE  `id` = 7 LIMIT 1 [ RunTime:0.000283s ]
[2023-01-12T20:01:16+08:00][sql] SHOW FULL COLUMNS FROM `teacher` [ RunTime:0.000901s ]
[2023-01-12T20:01:16+08:00][sql] SELECT `teacher_name`,`teacher_title`,`teacher_avatar` FROM `teacher` WHERE  `id` = 1 LIMIT 1 [ RunTime:0.000216s ]
[2023-01-12T20:01:16+08:00][sql] SHOW FULL COLUMNS FROM `address` [ RunTime:0.000870s ]
[2023-01-12T20:01:16+08:00][sql] SELECT * FROM `address` WHERE  `id` = 1 LIMIT 1 [ RunTime:0.000319s ]
[2023-01-12T20:01:16+08:00][sql] SELECT * FROM `address` WHERE  `id` = 2 LIMIT 1 [ RunTime:0.000247s ]
[2023-01-12T22:34:21+08:00][sql] CONNECT:[ UseTime:0.000416s ] mysql:host=localhost;port=3316;dbname=coffee;charset=utf8
[2023-01-12T22:34:21+08:00][sql] SHOW FULL COLUMNS FROM `course` [ RunTime:0.001409s ]
[2023-01-12T22:34:21+08:00][sql] SELECT * FROM `course` WHERE  `id` = 6 LIMIT 1 [ RunTime:0.000360s ]
[2023-01-12T22:34:21+08:00][sql] SHOW FULL COLUMNS FROM `teacher` [ RunTime:0.000973s ]
[2023-01-12T22:34:21+08:00][sql] SELECT `teacher_name`,`teacher_title`,`teacher_avatar` FROM `teacher` WHERE  `id` = 1 LIMIT 1 [ RunTime:0.000263s ]
[2023-01-12T22:34:21+08:00][sql] SHOW FULL COLUMNS FROM `address` [ RunTime:0.000973s ]
[2023-01-12T22:34:21+08:00][sql] SELECT * FROM `address` WHERE  `id` = 1 LIMIT 1 [ RunTime:0.000292s ]
[2023-01-12T22:34:21+08:00][sql] SELECT * FROM `address` WHERE  `id` = 2 LIMIT 1 [ RunTime:0.000252s ]
[2023-01-12T22:40:02+08:00][sql] CONNECT:[ UseTime:0.000396s ] mysql:host=localhost;port=3316;dbname=coffee;charset=utf8
[2023-01-12T22:40:02+08:00][sql] SHOW FULL COLUMNS FROM `course` [ RunTime:0.001467s ]
[2023-01-12T22:40:02+08:00][sql] SELECT * FROM `course` WHERE  `id` = 6 LIMIT 1 [ RunTime:0.000364s ]
[2023-01-12T22:40:02+08:00][sql] SHOW FULL COLUMNS FROM `teacher` [ RunTime:0.000932s ]
[2023-01-12T22:40:02+08:00][sql] SELECT `teacher_name`,`teacher_title`,`teacher_avatar` FROM `teacher` WHERE  `id` = 1 LIMIT 1 [ RunTime:0.000255s ]
[2023-01-12T22:40:02+08:00][sql] SHOW FULL COLUMNS FROM `address` [ RunTime:0.001030s ]
[2023-01-12T22:40:02+08:00][sql] SELECT * FROM `address` WHERE  `id` = 1 LIMIT 1 [ RunTime:0.000327s ]
[2023-01-12T22:40:02+08:00][sql] SELECT * FROM `address` WHERE  `id` = 2 LIMIT 1 [ RunTime:0.000257s ]
