[2023-01-22T00:48:46+08:00][sql] CONNECT:[ UseTime:0.001715s ] mysql:host=localhost;port=3316;dbname=coffee;charset=utf8
[2023-01-22T00:48:46+08:00][sql] SHOW FULL COLUMNS FROM `course` [ RunTime:0.002888s ]
[2023-01-22T00:48:46+08:00][sql] SELECT * FROM `course` WHERE  `id` = 4 LIMIT 1 [ RunTime:0.003454s ]
[2023-01-22T00:48:46+08:00][sql] SHOW FULL COLUMNS FROM `teacher` [ RunTime:0.002155s ]
[2023-01-22T00:48:46+08:00][sql] SELECT `teacher_name`,`teacher_title`,`teacher_avatar` FROM `teacher` WHERE  `id` = 2 LIMIT 1 [ RunTime:0.000305s ]
[2023-01-22T00:48:46+08:00][sql] SHOW FULL COLUMNS FROM `address` [ RunTime:0.001262s ]
[2023-01-22T00:48:46+08:00][sql] SELECT * FROM `address` WHERE  `id` = 1 LIMIT 1 [ RunTime:0.000281s ]
[2023-01-22T00:48:46+08:00][sql] SELECT * FROM `address` WHERE  `id` = 2 LIMIT 1 [ RunTime:0.000277s ]
[2023-01-22T01:49:30+08:00][sql] CONNECT:[ UseTime:0.000450s ] mysql:host=localhost;port=3316;dbname=coffee;charset=utf8
[2023-01-22T01:49:30+08:00][sql] SHOW FULL COLUMNS FROM `course` [ RunTime:0.001399s ]
[2023-01-22T01:49:30+08:00][sql] SELECT * FROM `course` WHERE  `id` = 4 LIMIT 1 [ RunTime:0.000922s ]
[2023-01-22T01:49:30+08:00][sql] SHOW FULL COLUMNS FROM `teacher` [ RunTime:0.001030s ]
[2023-01-22T01:49:30+08:00][sql] SELECT `teacher_name`,`teacher_title`,`teacher_avatar` FROM `teacher` WHERE  `id` = 2 LIMIT 1 [ RunTime:0.000248s ]
[2023-01-22T01:49:30+08:00][sql] SHOW FULL COLUMNS FROM `address` [ RunTime:0.000926s ]
[2023-01-22T01:49:30+08:00][sql] SELECT * FROM `address` WHERE  `id` = 1 LIMIT 1 [ RunTime:0.000243s ]
[2023-01-22T01:49:30+08:00][sql] SELECT * FROM `address` WHERE  `id` = 2 LIMIT 1 [ RunTime:0.000217s ]
[2023-01-22T04:58:39+08:00][sql] CONNECT:[ UseTime:0.000360s ] mysql:host=localhost;port=3316;dbname=coffee;charset=utf8
[2023-01-22T04:58:39+08:00][sql] SHOW FULL COLUMNS FROM `course` [ RunTime:0.001472s ]
[2023-01-22T04:58:39+08:00][sql] SELECT * FROM `course` WHERE  `id` = 6 LIMIT 1 [ RunTime:0.000795s ]
[2023-01-22T04:58:39+08:00][sql] SHOW FULL COLUMNS FROM `teacher` [ RunTime:0.000879s ]
[2023-01-22T04:58:39+08:00][sql] SELECT `teacher_name`,`teacher_title`,`teacher_avatar` FROM `teacher` WHERE  `id` = 1 LIMIT 1 [ RunTime:0.000235s ]
[2023-01-22T04:58:39+08:00][sql] SHOW FULL COLUMNS FROM `address` [ RunTime:0.000868s ]
[2023-01-22T04:58:39+08:00][sql] SELECT * FROM `address` WHERE  `id` = 1 LIMIT 1 [ RunTime:0.000229s ]
[2023-01-22T04:58:39+08:00][sql] SELECT * FROM `address` WHERE  `id` = 2 LIMIT 1 [ RunTime:0.000202s ]
[2023-01-22T05:08:57+08:00][sql] CONNECT:[ UseTime:0.000682s ] mysql:host=localhost;port=3316;dbname=coffee;charset=utf8
[2023-01-22T05:08:57+08:00][sql] SHOW FULL COLUMNS FROM `course` [ RunTime:0.002075s ]
[2023-01-22T05:08:57+08:00][sql] SELECT * FROM `course` WHERE  `id` = 6 LIMIT 1 [ RunTime:0.001000s ]
[2023-01-22T05:08:57+08:00][sql] SHOW FULL COLUMNS FROM `teacher` [ RunTime:0.001500s ]
[2023-01-22T05:08:57+08:00][sql] SELECT `teacher_name`,`teacher_title`,`teacher_avatar` FROM `teacher` WHERE  `id` = 1 LIMIT 1 [ RunTime:0.000312s ]
[2023-01-22T05:08:57+08:00][sql] SHOW FULL COLUMNS FROM `address` [ RunTime:0.001339s ]
[2023-01-22T05:08:57+08:00][sql] SELECT * FROM `address` WHERE  `id` = 1 LIMIT 1 [ RunTime:0.000327s ]
[2023-01-22T05:08:57+08:00][sql] SELECT * FROM `address` WHERE  `id` = 2 LIMIT 1 [ RunTime:0.000368s ]
[2023-01-22T05:18:40+08:00][sql] CONNECT:[ UseTime:0.000323s ] mysql:host=localhost;port=3316;dbname=coffee;charset=utf8
[2023-01-22T05:18:40+08:00][sql] SHOW FULL COLUMNS FROM `course` [ RunTime:0.001556s ]
[2023-01-22T05:18:40+08:00][sql] SELECT * FROM `course` WHERE  `id` = 7 LIMIT 1 [ RunTime:0.000794s ]
[2023-01-22T05:18:40+08:00][sql] SHOW FULL COLUMNS FROM `teacher` [ RunTime:0.001093s ]
[2023-01-22T05:18:40+08:00][sql] SELECT `teacher_name`,`teacher_title`,`teacher_avatar` FROM `teacher` WHERE  `id` = 1 LIMIT 1 [ RunTime:0.000227s ]
[2023-01-22T05:18:40+08:00][sql] SHOW FULL COLUMNS FROM `address` [ RunTime:0.001050s ]
[2023-01-22T05:18:40+08:00][sql] SELECT * FROM `address` WHERE  `id` = 1 LIMIT 1 [ RunTime:0.000254s ]
[2023-01-22T05:18:40+08:00][sql] SELECT * FROM `address` WHERE  `id` = 2 LIMIT 1 [ RunTime:0.000269s ]
[2023-01-22T05:22:39+08:00][sql] CONNECT:[ UseTime:0.000363s ] mysql:host=localhost;port=3316;dbname=coffee;charset=utf8
[2023-01-22T05:22:39+08:00][sql] SHOW FULL COLUMNS FROM `course` [ RunTime:0.001470s ]
[2023-01-22T05:22:39+08:00][sql] SELECT * FROM `course` WHERE  `id` = 5 LIMIT 1 [ RunTime:0.000338s ]
[2023-01-22T05:22:39+08:00][sql] SHOW FULL COLUMNS FROM `teacher` [ RunTime:0.000985s ]
[2023-01-22T05:22:39+08:00][sql] SELECT `teacher_name`,`teacher_title`,`teacher_avatar` FROM `teacher` WHERE  `id` = 1 LIMIT 1 [ RunTime:0.000266s ]
[2023-01-22T05:22:39+08:00][sql] SELECT `teacher_name`,`teacher_title`,`teacher_avatar` FROM `teacher` WHERE  `id` = 2 LIMIT 1 [ RunTime:0.000257s ]
[2023-01-22T05:22:39+08:00][sql] SHOW FULL COLUMNS FROM `address` [ RunTime:0.000936s ]
[2023-01-22T05:22:39+08:00][sql] SELECT * FROM `address` WHERE  `id` = 1 LIMIT 1 [ RunTime:0.000276s ]
[2023-01-22T05:22:39+08:00][sql] SELECT * FROM `address` WHERE  `id` = 2 LIMIT 1 [ RunTime:0.000258s ]
[2023-01-22T05:26:41+08:00][sql] CONNECT:[ UseTime:0.000430s ] mysql:host=localhost;port=3316;dbname=coffee;charset=utf8
[2023-01-22T05:26:41+08:00][sql] SHOW FULL COLUMNS FROM `course` [ RunTime:0.001403s ]
[2023-01-22T05:26:41+08:00][sql] SELECT * FROM `course` WHERE  `id` = 2 LIMIT 1 [ RunTime:0.000822s ]
[2023-01-22T05:26:41+08:00][sql] SHOW FULL COLUMNS FROM `teacher` [ RunTime:0.000976s ]
[2023-01-22T05:26:41+08:00][sql] SELECT `teacher_name`,`teacher_title`,`teacher_avatar` FROM `teacher` WHERE  `id` = 3 LIMIT 1 [ RunTime:0.000259s ]
[2023-01-22T05:26:41+08:00][sql] SHOW FULL COLUMNS FROM `address` [ RunTime:0.000908s ]
[2023-01-22T05:26:41+08:00][sql] SELECT * FROM `address` WHERE  `id` = 1 LIMIT 1 [ RunTime:0.000284s ]
[2023-01-22T05:26:41+08:00][sql] SELECT * FROM `address` WHERE  `id` = 2 LIMIT 1 [ RunTime:0.000259s ]
[2023-01-22T05:30:40+08:00][sql] CONNECT:[ UseTime:0.000403s ] mysql:host=localhost;port=3316;dbname=coffee;charset=utf8
[2023-01-22T05:30:40+08:00][sql] SHOW FULL COLUMNS FROM `course` [ RunTime:0.001438s ]
[2023-01-22T05:30:40+08:00][sql] SELECT * FROM `course` WHERE  `id` = 1 LIMIT 1 [ RunTime:0.000812s ]
[2023-01-22T05:30:40+08:00][sql] SHOW FULL COLUMNS FROM `teacher` [ RunTime:0.000930s ]
[2023-01-22T05:30:40+08:00][sql] SELECT `teacher_name`,`teacher_title`,`teacher_avatar` FROM `teacher` WHERE  `id` = 1 LIMIT 1 [ RunTime:0.000254s ]
[2023-01-22T05:30:40+08:00][sql] SELECT `teacher_name`,`teacher_title`,`teacher_avatar` FROM `teacher` WHERE  `id` = 2 LIMIT 1 [ RunTime:0.000237s ]
[2023-01-22T05:30:40+08:00][sql] SHOW FULL COLUMNS FROM `address` [ RunTime:0.000909s ]
[2023-01-22T05:30:40+08:00][sql] SELECT * FROM `address` WHERE  `id` = 1 LIMIT 1 [ RunTime:0.000282s ]
[2023-01-22T05:30:40+08:00][sql] SELECT * FROM `address` WHERE  `id` = 2 LIMIT 1 [ RunTime:0.000253s ]
[2023-01-22T05:46:39+08:00][sql] CONNECT:[ UseTime:0.000385s ] mysql:host=localhost;port=3316;dbname=coffee;charset=utf8
[2023-01-22T05:46:39+08:00][sql] SHOW FULL COLUMNS FROM `course` [ RunTime:0.001411s ]
[2023-01-22T05:46:39+08:00][sql] SELECT * FROM `course` WHERE  `id` = 3 LIMIT 1 [ RunTime:0.000335s ]
[2023-01-22T05:46:39+08:00][sql] SHOW FULL COLUMNS FROM `teacher` [ RunTime:0.000944s ]
[2023-01-22T05:46:39+08:00][sql] SELECT `teacher_name`,`teacher_title`,`teacher_avatar` FROM `teacher` WHERE  `id` = 1 LIMIT 1 [ RunTime:0.001055s ]
[2023-01-22T05:46:39+08:00][sql] SHOW FULL COLUMNS FROM `address` [ RunTime:0.000936s ]
[2023-01-22T05:46:39+08:00][sql] SELECT * FROM `address` WHERE  `id` = 1 LIMIT 1 [ RunTime:0.000292s ]
[2023-01-22T05:46:39+08:00][sql] SELECT * FROM `address` WHERE  `id` = 2 LIMIT 1 [ RunTime:0.000245s ]
[2023-01-22T05:50:03+08:00][sql] CONNECT:[ UseTime:0.000422s ] mysql:host=localhost;port=3316;dbname=coffee;charset=utf8
[2023-01-22T05:50:03+08:00][sql] SHOW FULL COLUMNS FROM `course` [ RunTime:0.001654s ]
[2023-01-22T05:50:03+08:00][sql] SELECT * FROM `course` WHERE  `id` = 3 LIMIT 1 [ RunTime:0.000821s ]
[2023-01-22T05:50:03+08:00][sql] SHOW FULL COLUMNS FROM `teacher` [ RunTime:0.000979s ]
[2023-01-22T05:50:03+08:00][sql] SELECT `teacher_name`,`teacher_title`,`teacher_avatar` FROM `teacher` WHERE  `id` = 1 LIMIT 1 [ RunTime:0.000268s ]
[2023-01-22T05:50:03+08:00][sql] SHOW FULL COLUMNS FROM `address` [ RunTime:0.000933s ]
[2023-01-22T05:50:03+08:00][sql] SELECT * FROM `address` WHERE  `id` = 1 LIMIT 1 [ RunTime:0.000275s ]
[2023-01-22T05:50:03+08:00][sql] SELECT * FROM `address` WHERE  `id` = 2 LIMIT 1 [ RunTime:0.000260s ]
[2023-01-22T07:44:50+08:00][sql] CONNECT:[ UseTime:0.000435s ] mysql:host=localhost;port=3316;dbname=coffee;charset=utf8
[2023-01-22T07:44:50+08:00][sql] SHOW FULL COLUMNS FROM `course` [ RunTime:0.001477s ]
[2023-01-22T07:44:50+08:00][sql] SELECT * FROM `course` WHERE  `id` = 3 LIMIT 1 [ RunTime:0.000381s ]
[2023-01-22T07:44:50+08:00][sql] SHOW FULL COLUMNS FROM `teacher` [ RunTime:0.000958s ]
[2023-01-22T07:44:50+08:00][sql] SELECT `teacher_name`,`teacher_title`,`teacher_avatar` FROM `teacher` WHERE  `id` = 1 LIMIT 1 [ RunTime:0.000265s ]
[2023-01-22T07:44:50+08:00][sql] SHOW FULL COLUMNS FROM `address` [ RunTime:0.000932s ]
[2023-01-22T07:44:50+08:00][sql] SELECT * FROM `address` WHERE  `id` = 1 LIMIT 1 [ RunTime:0.000306s ]
[2023-01-22T07:44:50+08:00][sql] SELECT * FROM `address` WHERE  `id` = 2 LIMIT 1 [ RunTime:0.000258s ]
