[2022-10-10T01:39:23+08:00][sql] CONNECT:[ UseTime:0.000437s ] mysql:host=localhost;port=3316;dbname=coffee;charset=utf8
[2022-10-10T01:39:23+08:00][sql] SHOW FULL COLUMNS FROM `course` [ RunTime:0.001445s ]
[2022-10-10T01:39:23+08:00][sql] SELECT * FROM `course` WHERE  `id` = 3 LIMIT 1 [ RunTime:0.000326s ]
[2022-10-10T01:39:23+08:00][sql] SHOW FULL COLUMNS FROM `teacher` [ RunTime:0.000973s ]
[2022-10-10T01:39:23+08:00][sql] SELECT `teacher_name`,`teacher_title`,`teacher_avatar` FROM `teacher` WHERE  `id` = 1 LIMIT 1 [ RunTime:0.000277s ]
[2022-10-10T01:39:23+08:00][sql] SHOW FULL COLUMNS FROM `address` [ RunTime:0.000935s ]
[2022-10-10T01:39:23+08:00][sql] SELECT * FROM `address` WHERE  `id` = 1 LIMIT 1 [ RunTime:0.000265s ]
[2022-10-10T01:39:23+08:00][sql] SELECT * FROM `address` WHERE  `id` = 2 LIMIT 1 [ RunTime:0.000240s ]
[2022-10-10T01:50:04+08:00][sql] CONNECT:[ UseTime:0.000386s ] mysql:host=localhost;port=3316;dbname=coffee;charset=utf8
[2022-10-10T01:50:04+08:00][sql] SHOW FULL COLUMNS FROM `course` [ RunTime:0.001338s ]
[2022-10-10T01:50:04+08:00][sql] SELECT * FROM `course` WHERE  `id` = 3 LIMIT 1 [ RunTime:0.000762s ]
[2022-10-10T01:50:04+08:00][sql] SHOW FULL COLUMNS FROM `teacher` [ RunTime:0.000885s ]
[2022-10-10T01:50:04+08:00][sql] SELECT `teacher_name`,`teacher_title`,`teacher_avatar` FROM `teacher` WHERE  `id` = 1 LIMIT 1 [ RunTime:0.000217s ]
[2022-10-10T01:50:04+08:00][sql] SHOW FULL COLUMNS FROM `address` [ RunTime:0.000864s ]
[2022-10-10T01:50:04+08:00][sql] SELECT * FROM `address` WHERE  `id` = 1 LIMIT 1 [ RunTime:0.000237s ]
[2022-10-10T01:50:04+08:00][sql] SELECT * FROM `address` WHERE  `id` = 2 LIMIT 1 [ RunTime:0.000255s ]
[2022-10-10T16:36:34+08:00][sql] CONNECT:[ UseTime:0.000390s ] mysql:host=localhost;port=3316;dbname=coffee;charset=utf8
[2022-10-10T16:36:34+08:00][sql] SHOW FULL COLUMNS FROM `course` [ RunTime:0.001495s ]
[2022-10-10T16:36:34+08:00][sql] SELECT `id`,`title`,`price`,`days`,`time` FROM `course` WHERE  `is_time` = 1 ORDER BY `sorting` ASC [ RunTime:0.000279s ]
[2022-10-10T16:36:34+08:00][sql] SELECT `id`,`title` FROM `course` WHERE  `status` = 1 [ RunTime:0.000214s ]
[2022-10-10T16:36:34+08:00][sql] SELECT `id`,`title` FROM `course` WHERE  `status` = 2 [ RunTime:0.000257s ]
[2022-10-10T16:36:34+08:00][sql] SHOW FULL COLUMNS FROM `address` [ RunTime:0.000880s ]
[2022-10-10T16:36:34+08:00][sql] SELECT * FROM `address` WHERE  `id` = 1 LIMIT 1 [ RunTime:0.000253s ]
[2022-10-10T16:36:34+08:00][sql] SELECT * FROM `address` WHERE  `id` = 2 LIMIT 1 [ RunTime:0.000203s ]
[2022-10-10T16:36:36+08:00][sql] CONNECT:[ UseTime:0.000447s ] mysql:host=localhost;port=3316;dbname=coffee;charset=utf8
[2022-10-10T16:36:36+08:00][sql] SHOW FULL COLUMNS FROM `course` [ RunTime:0.001612s ]
[2022-10-10T16:36:36+08:00][sql] SELECT * FROM `course` WHERE  `id` = 1 LIMIT 1 [ RunTime:0.000355s ]
[2022-10-10T16:36:36+08:00][sql] SHOW FULL COLUMNS FROM `teacher` [ RunTime:0.000978s ]
[2022-10-10T16:36:36+08:00][sql] SELECT `teacher_name`,`teacher_title`,`teacher_avatar` FROM `teacher` WHERE  `id` = 1 LIMIT 1 [ RunTime:0.000270s ]
[2022-10-10T16:36:36+08:00][sql] SELECT `teacher_name`,`teacher_title`,`teacher_avatar` FROM `teacher` WHERE  `id` = 2 LIMIT 1 [ RunTime:0.000246s ]
[2022-10-10T16:36:36+08:00][sql] SHOW FULL COLUMNS FROM `address` [ RunTime:0.000929s ]
[2022-10-10T16:36:36+08:00][sql] SELECT * FROM `address` WHERE  `id` = 1 LIMIT 1 [ RunTime:0.000266s ]
[2022-10-10T16:36:36+08:00][sql] SELECT * FROM `address` WHERE  `id` = 2 LIMIT 1 [ RunTime:0.000252s ]
[2022-10-10T16:39:03+08:00][sql] CONNECT:[ UseTime:0.005850s ] mysql:host=localhost;port=3316;dbname=coffee;charset=utf8
[2022-10-10T16:39:03+08:00][sql] SHOW FULL COLUMNS FROM `course` [ RunTime:0.001566s ]
[2022-10-10T16:39:03+08:00][sql] SELECT * FROM `course` WHERE  `id` = 1 LIMIT 1 [ RunTime:0.000342s ]
[2022-10-10T16:39:03+08:00][sql] SHOW FULL COLUMNS FROM `teacher` [ RunTime:0.001156s ]
[2022-10-10T16:39:03+08:00][sql] SELECT `teacher_name`,`teacher_title`,`teacher_avatar` FROM `teacher` WHERE  `id` = 1 LIMIT 1 [ RunTime:0.000270s ]
[2022-10-10T16:39:03+08:00][sql] SELECT `teacher_name`,`teacher_title`,`teacher_avatar` FROM `teacher` WHERE  `id` = 2 LIMIT 1 [ RunTime:0.000595s ]
[2022-10-10T16:39:03+08:00][sql] SHOW FULL COLUMNS FROM `address` [ RunTime:0.000980s ]
[2022-10-10T16:39:03+08:00][sql] SELECT * FROM `address` WHERE  `id` = 1 LIMIT 1 [ RunTime:0.000369s ]
[2022-10-10T16:39:03+08:00][sql] SELECT * FROM `address` WHERE  `id` = 2 LIMIT 1 [ RunTime:0.000246s ]
[2022-10-10T16:45:16+08:00][sql] CONNECT:[ UseTime:0.000456s ] mysql:host=localhost;port=3316;dbname=coffee;charset=utf8
[2022-10-10T16:45:16+08:00][sql] SHOW FULL COLUMNS FROM `course` [ RunTime:0.001450s ]
[2022-10-10T16:45:16+08:00][sql] SELECT `id`,`title`,`price`,`days`,`time` FROM `course` WHERE  `is_time` = 1 ORDER BY `sorting` ASC [ RunTime:0.000798s ]
[2022-10-10T16:45:16+08:00][sql] SELECT `id`,`title` FROM `course` WHERE  `status` = 1 [ RunTime:0.000261s ]
[2022-10-10T16:45:16+08:00][sql] SELECT `id`,`title` FROM `course` WHERE  `status` = 2 [ RunTime:0.000315s ]
[2022-10-10T16:45:16+08:00][sql] SHOW FULL COLUMNS FROM `address` [ RunTime:0.001100s ]
[2022-10-10T16:45:16+08:00][sql] SELECT * FROM `address` WHERE  `id` = 1 LIMIT 1 [ RunTime:0.000302s ]
[2022-10-10T16:45:16+08:00][sql] SELECT * FROM `address` WHERE  `id` = 2 LIMIT 1 [ RunTime:0.000276s ]
[2022-10-10T16:48:31+08:00][sql] CONNECT:[ UseTime:0.000454s ] mysql:host=localhost;port=3316;dbname=coffee;charset=utf8
[2022-10-10T16:48:31+08:00][sql] SHOW FULL COLUMNS FROM `course` [ RunTime:0.001602s ]
[2022-10-10T16:48:31+08:00][sql] SELECT * FROM `course` WHERE  `id` = 1 LIMIT 1 [ RunTime:0.003090s ]
[2022-10-10T16:48:31+08:00][sql] SHOW FULL COLUMNS FROM `teacher` [ RunTime:0.001169s ]
[2022-10-10T16:48:31+08:00][sql] SELECT `teacher_name`,`teacher_title`,`teacher_avatar` FROM `teacher` WHERE  `id` = 1 LIMIT 1 [ RunTime:0.000279s ]
[2022-10-10T16:48:31+08:00][sql] SELECT `teacher_name`,`teacher_title`,`teacher_avatar` FROM `teacher` WHERE  `id` = 2 LIMIT 1 [ RunTime:0.000244s ]
[2022-10-10T16:48:31+08:00][sql] SHOW FULL COLUMNS FROM `address` [ RunTime:0.001025s ]
[2022-10-10T16:48:31+08:00][sql] SELECT * FROM `address` WHERE  `id` = 1 LIMIT 1 [ RunTime:0.000275s ]
[2022-10-10T16:48:31+08:00][sql] SELECT * FROM `address` WHERE  `id` = 2 LIMIT 1 [ RunTime:0.000298s ]
[2022-10-10T16:48:56+08:00][sql] CONNECT:[ UseTime:0.000436s ] mysql:host=localhost;port=3316;dbname=coffee;charset=utf8
[2022-10-10T16:48:56+08:00][sql] SHOW FULL COLUMNS FROM `course` [ RunTime:0.001457s ]
[2022-10-10T16:48:56+08:00][sql] SELECT * FROM `course` WHERE  `id` = 1 LIMIT 1 [ RunTime:0.000414s ]
[2022-10-10T16:48:56+08:00][sql] SHOW FULL COLUMNS FROM `teacher` [ RunTime:0.001122s ]
[2022-10-10T16:48:56+08:00][sql] SELECT `teacher_name`,`teacher_title`,`teacher_avatar` FROM `teacher` WHERE  `id` = 1 LIMIT 1 [ RunTime:0.000946s ]
[2022-10-10T16:48:56+08:00][sql] SELECT `teacher_name`,`teacher_title`,`teacher_avatar` FROM `teacher` WHERE  `id` = 2 LIMIT 1 [ RunTime:0.000253s ]
[2022-10-10T16:48:56+08:00][sql] SHOW FULL COLUMNS FROM `address` [ RunTime:0.000926s ]
[2022-10-10T16:48:56+08:00][sql] SELECT * FROM `address` WHERE  `id` = 1 LIMIT 1 [ RunTime:0.000274s ]
[2022-10-10T16:48:56+08:00][sql] SELECT * FROM `address` WHERE  `id` = 2 LIMIT 1 [ RunTime:0.000261s ]
[2022-10-10T17:38:29+08:00][sql] CONNECT:[ UseTime:0.000414s ] mysql:host=localhost;port=3316;dbname=coffee;charset=utf8
[2022-10-10T17:38:29+08:00][sql] SHOW FULL COLUMNS FROM `course` [ RunTime:0.001403s ]
[2022-10-10T17:38:29+08:00][sql] SELECT * FROM `course` WHERE  `id` = 1 LIMIT 1 [ RunTime:0.000818s ]
[2022-10-10T17:38:29+08:00][sql] SHOW FULL COLUMNS FROM `teacher` [ RunTime:0.000935s ]
[2022-10-10T17:38:29+08:00][sql] SELECT `teacher_name`,`teacher_title`,`teacher_avatar` FROM `teacher` WHERE  `id` = 1 LIMIT 1 [ RunTime:0.000274s ]
[2022-10-10T17:38:29+08:00][sql] SELECT `teacher_name`,`teacher_title`,`teacher_avatar` FROM `teacher` WHERE  `id` = 2 LIMIT 1 [ RunTime:0.000231s ]
[2022-10-10T17:38:29+08:00][sql] SHOW FULL COLUMNS FROM `address` [ RunTime:0.000927s ]
[2022-10-10T17:38:29+08:00][sql] SELECT * FROM `address` WHERE  `id` = 1 LIMIT 1 [ RunTime:0.000284s ]
[2022-10-10T17:38:29+08:00][sql] SELECT * FROM `address` WHERE  `id` = 2 LIMIT 1 [ RunTime:0.000240s ]
[2022-10-10T19:40:49+08:00][sql] CONNECT:[ UseTime:0.000360s ] mysql:host=localhost;port=3316;dbname=coffee;charset=utf8
[2022-10-10T19:40:49+08:00][sql] SHOW FULL COLUMNS FROM `course` [ RunTime:0.001383s ]
[2022-10-10T19:40:49+08:00][sql] SELECT * FROM `course` WHERE  `id` = 1 LIMIT 1 [ RunTime:0.000416s ]
[2022-10-10T19:40:49+08:00][sql] SHOW FULL COLUMNS FROM `teacher` [ RunTime:0.000987s ]
[2022-10-10T19:40:49+08:00][sql] SELECT `teacher_name`,`teacher_title`,`teacher_avatar` FROM `teacher` WHERE  `id` = 1 LIMIT 1 [ RunTime:0.000224s ]
[2022-10-10T19:40:49+08:00][sql] SELECT `teacher_name`,`teacher_title`,`teacher_avatar` FROM `teacher` WHERE  `id` = 2 LIMIT 1 [ RunTime:0.000207s ]
[2022-10-10T19:40:49+08:00][sql] SHOW FULL COLUMNS FROM `address` [ RunTime:0.000990s ]
[2022-10-10T19:40:49+08:00][sql] SELECT * FROM `address` WHERE  `id` = 1 LIMIT 1 [ RunTime:0.000245s ]
[2022-10-10T19:40:49+08:00][sql] SELECT * FROM `address` WHERE  `id` = 2 LIMIT 1 [ RunTime:0.000221s ]
