[2022-10-17T13:37:41+08:00][sql] CONNECT:[ UseTime:0.000435s ] mysql:host=localhost;port=3316;dbname=coffee;charset=utf8
[2022-10-17T13:37:41+08:00][sql] SHOW FULL COLUMNS FROM `course` [ RunTime:0.001391s ]
[2022-10-17T13:37:41+08:00][sql] SELECT * FROM `course` WHERE  `id` = 2 LIMIT 1 [ RunTime:0.001026s ]
[2022-10-17T13:37:41+08:00][sql] SHOW FULL COLUMNS FROM `teacher` [ RunTime:0.001035s ]
[2022-10-17T13:37:41+08:00][sql] SELECT `teacher_name`,`teacher_title`,`teacher_avatar` FROM `teacher` WHERE  `id` = 3 LIMIT 1 [ RunTime:0.000311s ]
[2022-10-17T13:37:41+08:00][sql] SHOW FULL COLUMNS FROM `address` [ RunTime:0.000956s ]
[2022-10-17T13:37:41+08:00][sql] SELECT * FROM `address` WHERE  `id` = 1 LIMIT 1 [ RunTime:0.000281s ]
[2022-10-17T13:37:41+08:00][sql] SELECT * FROM `address` WHERE  `id` = 2 LIMIT 1 [ RunTime:0.000352s ]
[2022-10-17T13:38:22+08:00][sql] CONNECT:[ UseTime:0.000433s ] mysql:host=localhost;port=3316;dbname=coffee;charset=utf8
[2022-10-17T13:38:22+08:00][sql] SHOW FULL COLUMNS FROM `course` [ RunTime:0.001395s ]
[2022-10-17T13:38:22+08:00][sql] SELECT `id`,`title`,`price`,`days`,`time` FROM `course` WHERE  `is_time` = 1 ORDER BY `sorting` ASC [ RunTime:0.000936s ]
[2022-10-17T13:38:22+08:00][sql] SELECT `id`,`title` FROM `course` WHERE  `status` = 1 [ RunTime:0.000217s ]
[2022-10-17T13:38:22+08:00][sql] SELECT `id`,`title` FROM `course` WHERE  `status` = 2 [ RunTime:0.000204s ]
[2022-10-17T13:38:22+08:00][sql] SHOW FULL COLUMNS FROM `address` [ RunTime:0.000994s ]
[2022-10-17T13:38:22+08:00][sql] SELECT * FROM `address` WHERE  `id` = 1 LIMIT 1 [ RunTime:0.000260s ]
[2022-10-17T13:38:22+08:00][sql] SELECT * FROM `address` WHERE  `id` = 2 LIMIT 1 [ RunTime:0.000204s ]
[2022-10-17T13:38:37+08:00][sql] CONNECT:[ UseTime:0.000417s ] mysql:host=localhost;port=3316;dbname=coffee;charset=utf8
[2022-10-17T13:38:37+08:00][sql] SHOW FULL COLUMNS FROM `course` [ RunTime:0.001412s ]
[2022-10-17T13:38:37+08:00][sql] SELECT * FROM `course` WHERE  `id` = 5 LIMIT 1 [ RunTime:0.000991s ]
[2022-10-17T13:38:37+08:00][sql] SHOW FULL COLUMNS FROM `teacher` [ RunTime:0.000943s ]
[2022-10-17T13:38:37+08:00][sql] SELECT `teacher_name`,`teacher_title`,`teacher_avatar` FROM `teacher` WHERE  `id` = 1 LIMIT 1 [ RunTime:0.000270s ]
[2022-10-17T13:38:37+08:00][sql] SELECT `teacher_name`,`teacher_title`,`teacher_avatar` FROM `teacher` WHERE  `id` = 2 LIMIT 1 [ RunTime:0.000237s ]
[2022-10-17T13:38:37+08:00][sql] SHOW FULL COLUMNS FROM `address` [ RunTime:0.000918s ]
[2022-10-17T13:38:37+08:00][sql] SELECT * FROM `address` WHERE  `id` = 1 LIMIT 1 [ RunTime:0.000289s ]
[2022-10-17T13:38:37+08:00][sql] SELECT * FROM `address` WHERE  `id` = 2 LIMIT 1 [ RunTime:0.000255s ]
[2022-10-17T13:38:58+08:00][sql] CONNECT:[ UseTime:0.000365s ] mysql:host=localhost;port=3316;dbname=coffee;charset=utf8
[2022-10-17T13:38:58+08:00][sql] SHOW FULL COLUMNS FROM `course` [ RunTime:0.001646s ]
[2022-10-17T13:38:58+08:00][sql] SELECT * FROM `course` WHERE  `id` = 6 LIMIT 1 [ RunTime:0.001053s ]
[2022-10-17T13:38:58+08:00][sql] SHOW FULL COLUMNS FROM `teacher` [ RunTime:0.000989s ]
[2022-10-17T13:38:58+08:00][sql] SELECT `teacher_name`,`teacher_title`,`teacher_avatar` FROM `teacher` WHERE  `id` = 1 LIMIT 1 [ RunTime:0.000263s ]
[2022-10-17T13:38:58+08:00][sql] SHOW FULL COLUMNS FROM `address` [ RunTime:0.000959s ]
[2022-10-17T13:38:58+08:00][sql] SELECT * FROM `address` WHERE  `id` = 1 LIMIT 1 [ RunTime:0.000274s ]
[2022-10-17T13:38:58+08:00][sql] SELECT * FROM `address` WHERE  `id` = 2 LIMIT 1 [ RunTime:0.000263s ]
[2022-10-17T13:39:43+08:00][sql] CONNECT:[ UseTime:0.000377s ] mysql:host=localhost;port=3316;dbname=coffee;charset=utf8
[2022-10-17T13:39:43+08:00][sql] SHOW FULL COLUMNS FROM `course` [ RunTime:0.001432s ]
[2022-10-17T13:39:43+08:00][sql] SELECT * FROM `course` WHERE  `id` = 1 LIMIT 1 [ RunTime:0.000969s ]
[2022-10-17T13:39:43+08:00][sql] SHOW FULL COLUMNS FROM `teacher` [ RunTime:0.000991s ]
[2022-10-17T13:39:43+08:00][sql] SELECT `teacher_name`,`teacher_title`,`teacher_avatar` FROM `teacher` WHERE  `id` = 1 LIMIT 1 [ RunTime:0.000223s ]
[2022-10-17T13:39:43+08:00][sql] SELECT `teacher_name`,`teacher_title`,`teacher_avatar` FROM `teacher` WHERE  `id` = 2 LIMIT 1 [ RunTime:0.000230s ]
[2022-10-17T13:39:43+08:00][sql] SHOW FULL COLUMNS FROM `address` [ RunTime:0.000865s ]
[2022-10-17T13:39:43+08:00][sql] SELECT * FROM `address` WHERE  `id` = 1 LIMIT 1 [ RunTime:0.000258s ]
[2022-10-17T13:39:43+08:00][sql] SELECT * FROM `address` WHERE  `id` = 2 LIMIT 1 [ RunTime:0.000270s ]
[2022-10-17T13:40:04+08:00][sql] CONNECT:[ UseTime:0.000345s ] mysql:host=localhost;port=3316;dbname=coffee;charset=utf8
[2022-10-17T13:40:04+08:00][sql] SHOW FULL COLUMNS FROM `course` [ RunTime:0.001429s ]
[2022-10-17T13:40:04+08:00][sql] SELECT * FROM `course` WHERE  `id` = 7 LIMIT 1 [ RunTime:0.000940s ]
[2022-10-17T13:40:04+08:00][sql] SHOW FULL COLUMNS FROM `teacher` [ RunTime:0.000939s ]
[2022-10-17T13:40:04+08:00][sql] SELECT `teacher_name`,`teacher_title`,`teacher_avatar` FROM `teacher` WHERE  `id` = 1 LIMIT 1 [ RunTime:0.000243s ]
[2022-10-17T13:40:04+08:00][sql] SHOW FULL COLUMNS FROM `address` [ RunTime:0.000889s ]
[2022-10-17T13:40:04+08:00][sql] SELECT * FROM `address` WHERE  `id` = 1 LIMIT 1 [ RunTime:0.000288s ]
[2022-10-17T13:40:04+08:00][sql] SELECT * FROM `address` WHERE  `id` = 2 LIMIT 1 [ RunTime:0.000212s ]
[2022-10-17T13:40:09+08:00][sql] CONNECT:[ UseTime:0.000367s ] mysql:host=localhost;port=3316;dbname=coffee;charset=utf8
[2022-10-17T13:40:09+08:00][sql] SHOW FULL COLUMNS FROM `course` [ RunTime:0.001456s ]
[2022-10-17T13:40:09+08:00][sql] SELECT `id`,`title`,`price`,`days`,`time` FROM `course` WHERE  `is_time` = 1 ORDER BY `sorting` ASC [ RunTime:0.001041s ]
[2022-10-17T13:40:09+08:00][sql] SELECT `id`,`title` FROM `course` WHERE  `status` = 1 [ RunTime:0.000221s ]
[2022-10-17T13:40:09+08:00][sql] SELECT `id`,`title` FROM `course` WHERE  `status` = 2 [ RunTime:0.000203s ]
[2022-10-17T13:40:09+08:00][sql] SHOW FULL COLUMNS FROM `address` [ RunTime:0.000971s ]
[2022-10-17T13:40:09+08:00][sql] SELECT * FROM `address` WHERE  `id` = 1 LIMIT 1 [ RunTime:0.000273s ]
[2022-10-17T13:40:09+08:00][sql] SELECT * FROM `address` WHERE  `id` = 2 LIMIT 1 [ RunTime:0.000209s ]
[2022-10-17T13:40:16+08:00][sql] CONNECT:[ UseTime:0.000419s ] mysql:host=localhost;port=3316;dbname=coffee;charset=utf8
[2022-10-17T13:40:16+08:00][sql] SHOW FULL COLUMNS FROM `course` [ RunTime:0.001390s ]
[2022-10-17T13:40:16+08:00][sql] SELECT * FROM `course` WHERE  `id` = 5 LIMIT 1 [ RunTime:0.000984s ]
[2022-10-17T13:40:16+08:00][sql] SHOW FULL COLUMNS FROM `teacher` [ RunTime:0.000928s ]
[2022-10-17T13:40:16+08:00][sql] SELECT `teacher_name`,`teacher_title`,`teacher_avatar` FROM `teacher` WHERE  `id` = 1 LIMIT 1 [ RunTime:0.000273s ]
[2022-10-17T13:40:16+08:00][sql] SELECT `teacher_name`,`teacher_title`,`teacher_avatar` FROM `teacher` WHERE  `id` = 2 LIMIT 1 [ RunTime:0.000237s ]
[2022-10-17T13:40:16+08:00][sql] SHOW FULL COLUMNS FROM `address` [ RunTime:0.000936s ]
[2022-10-17T13:40:16+08:00][sql] SELECT * FROM `address` WHERE  `id` = 1 LIMIT 1 [ RunTime:0.000270s ]
[2022-10-17T13:40:16+08:00][sql] SELECT * FROM `address` WHERE  `id` = 2 LIMIT 1 [ RunTime:0.000260s ]
[2022-10-17T13:41:21+08:00][sql] CONNECT:[ UseTime:0.000359s ] mysql:host=localhost;port=3316;dbname=coffee;charset=utf8
[2022-10-17T13:41:21+08:00][sql] SHOW FULL COLUMNS FROM `course` [ RunTime:0.001353s ]
[2022-10-17T13:41:21+08:00][sql] SELECT `id`,`title`,`price`,`days`,`time` FROM `course` WHERE  `is_time` = 1 ORDER BY `sorting` ASC [ RunTime:0.000288s ]
[2022-10-17T13:41:21+08:00][sql] SELECT `id`,`title` FROM `course` WHERE  `status` = 1 [ RunTime:0.000231s ]
[2022-10-17T13:41:21+08:00][sql] SELECT `id`,`title` FROM `course` WHERE  `status` = 2 [ RunTime:0.000222s ]
[2022-10-17T13:41:21+08:00][sql] SHOW FULL COLUMNS FROM `address` [ RunTime:0.000958s ]
[2022-10-17T13:41:21+08:00][sql] SELECT * FROM `address` WHERE  `id` = 1 LIMIT 1 [ RunTime:0.000265s ]
[2022-10-17T13:41:21+08:00][sql] SELECT * FROM `address` WHERE  `id` = 2 LIMIT 1 [ RunTime:0.000207s ]
[2022-10-17T13:45:14+08:00][sql] CONNECT:[ UseTime:0.000392s ] mysql:host=localhost;port=3316;dbname=coffee;charset=utf8
[2022-10-17T13:45:14+08:00][sql] SHOW FULL COLUMNS FROM `course` [ RunTime:0.001407s ]
[2022-10-17T13:45:14+08:00][sql] SELECT * FROM `course` WHERE  `id` = 5 LIMIT 1 [ RunTime:0.000308s ]
[2022-10-17T13:45:14+08:00][sql] SHOW FULL COLUMNS FROM `teacher` [ RunTime:0.000941s ]
[2022-10-17T13:45:14+08:00][sql] SELECT `teacher_name`,`teacher_title`,`teacher_avatar` FROM `teacher` WHERE  `id` = 1 LIMIT 1 [ RunTime:0.000238s ]
[2022-10-17T13:45:14+08:00][sql] SELECT `teacher_name`,`teacher_title`,`teacher_avatar` FROM `teacher` WHERE  `id` = 2 LIMIT 1 [ RunTime:0.000210s ]
[2022-10-17T13:45:14+08:00][sql] SHOW FULL COLUMNS FROM `address` [ RunTime:0.000888s ]
[2022-10-17T13:45:14+08:00][sql] SELECT * FROM `address` WHERE  `id` = 1 LIMIT 1 [ RunTime:0.000253s ]
[2022-10-17T13:45:14+08:00][sql] SELECT * FROM `address` WHERE  `id` = 2 LIMIT 1 [ RunTime:0.000197s ]
[2022-10-17T13:47:29+08:00][sql] CONNECT:[ UseTime:0.000398s ] mysql:host=localhost;port=3316;dbname=coffee;charset=utf8
[2022-10-17T13:47:29+08:00][sql] SHOW FULL COLUMNS FROM `course` [ RunTime:0.001468s ]
[2022-10-17T13:47:29+08:00][sql] SELECT * FROM `course` WHERE  `id` = 2 LIMIT 1 [ RunTime:0.000346s ]
[2022-10-17T13:47:29+08:00][sql] SHOW FULL COLUMNS FROM `teacher` [ RunTime:0.001039s ]
[2022-10-17T13:47:29+08:00][sql] SELECT `teacher_name`,`teacher_title`,`teacher_avatar` FROM `teacher` WHERE  `id` = 3 LIMIT 1 [ RunTime:0.000253s ]
[2022-10-17T13:47:29+08:00][sql] SHOW FULL COLUMNS FROM `address` [ RunTime:0.000934s ]
[2022-10-17T13:47:29+08:00][sql] SELECT * FROM `address` WHERE  `id` = 1 LIMIT 1 [ RunTime:0.000262s ]
[2022-10-17T13:47:29+08:00][sql] SELECT * FROM `address` WHERE  `id` = 2 LIMIT 1 [ RunTime:0.000211s ]
[2022-10-17T13:50:14+08:00][sql] CONNECT:[ UseTime:0.000413s ] mysql:host=localhost;port=3316;dbname=coffee;charset=utf8
[2022-10-17T13:50:14+08:00][sql] SHOW FULL COLUMNS FROM `course` [ RunTime:0.001418s ]
[2022-10-17T13:50:14+08:00][sql] SELECT * FROM `course` WHERE  `id` = 6 LIMIT 1 [ RunTime:0.000351s ]
[2022-10-17T13:50:14+08:00][sql] SHOW FULL COLUMNS FROM `teacher` [ RunTime:0.000938s ]
[2022-10-17T13:50:14+08:00][sql] SELECT `teacher_name`,`teacher_title`,`teacher_avatar` FROM `teacher` WHERE  `id` = 1 LIMIT 1 [ RunTime:0.000265s ]
[2022-10-17T13:50:14+08:00][sql] SHOW FULL COLUMNS FROM `address` [ RunTime:0.000930s ]
[2022-10-17T13:50:14+08:00][sql] SELECT * FROM `address` WHERE  `id` = 1 LIMIT 1 [ RunTime:0.000279s ]
[2022-10-17T13:50:14+08:00][sql] SELECT * FROM `address` WHERE  `id` = 2 LIMIT 1 [ RunTime:0.000332s ]
[2022-10-17T14:10:51+08:00][sql] CONNECT:[ UseTime:0.000492s ] mysql:host=localhost;port=3316;dbname=coffee;charset=utf8
[2022-10-17T14:10:51+08:00][sql] SHOW FULL COLUMNS FROM `course` [ RunTime:0.001369s ]
[2022-10-17T14:10:51+08:00][sql] SELECT * FROM `course` WHERE  `id` = 7 LIMIT 1 [ RunTime:0.000321s ]
[2022-10-17T14:10:51+08:00][sql] SHOW FULL COLUMNS FROM `teacher` [ RunTime:0.000923s ]
[2022-10-17T14:10:51+08:00][sql] SELECT `teacher_name`,`teacher_title`,`teacher_avatar` FROM `teacher` WHERE  `id` = 1 LIMIT 1 [ RunTime:0.000265s ]
[2022-10-17T14:10:51+08:00][sql] SHOW FULL COLUMNS FROM `address` [ RunTime:0.000902s ]
[2022-10-17T14:10:51+08:00][sql] SELECT * FROM `address` WHERE  `id` = 1 LIMIT 1 [ RunTime:0.000275s ]
[2022-10-17T14:10:51+08:00][sql] SELECT * FROM `address` WHERE  `id` = 2 LIMIT 1 [ RunTime:0.000249s ]
[2022-10-17T14:32:09+08:00][sql] CONNECT:[ UseTime:0.000484s ] mysql:host=localhost;port=3316;dbname=coffee;charset=utf8
[2022-10-17T14:32:09+08:00][sql] SHOW FULL COLUMNS FROM `course` [ RunTime:0.001552s ]
[2022-10-17T14:32:09+08:00][sql] SELECT * FROM `course` WHERE  `id` = 1 LIMIT 1 [ RunTime:0.000316s ]
[2022-10-17T14:32:09+08:00][sql] SHOW FULL COLUMNS FROM `teacher` [ RunTime:0.000937s ]
[2022-10-17T14:32:09+08:00][sql] SELECT `teacher_name`,`teacher_title`,`teacher_avatar` FROM `teacher` WHERE  `id` = 1 LIMIT 1 [ RunTime:0.000218s ]
[2022-10-17T14:32:09+08:00][sql] SELECT `teacher_name`,`teacher_title`,`teacher_avatar` FROM `teacher` WHERE  `id` = 2 LIMIT 1 [ RunTime:0.000225s ]
[2022-10-17T14:32:09+08:00][sql] SHOW FULL COLUMNS FROM `address` [ RunTime:0.000886s ]
[2022-10-17T14:32:09+08:00][sql] SELECT * FROM `address` WHERE  `id` = 1 LIMIT 1 [ RunTime:0.000239s ]
[2022-10-17T14:32:09+08:00][sql] SELECT * FROM `address` WHERE  `id` = 2 LIMIT 1 [ RunTime:0.000203s ]
[2022-10-17T14:33:37+08:00][sql] CONNECT:[ UseTime:0.000371s ] mysql:host=localhost;port=3316;dbname=coffee;charset=utf8
[2022-10-17T14:33:37+08:00][sql] SHOW FULL COLUMNS FROM `course` [ RunTime:0.001360s ]
[2022-10-17T14:33:37+08:00][sql] SELECT * FROM `course` WHERE  `id` = 2 LIMIT 1 [ RunTime:0.000799s ]
[2022-10-17T14:33:37+08:00][sql] SHOW FULL COLUMNS FROM `teacher` [ RunTime:0.000904s ]
[2022-10-17T14:33:37+08:00][sql] SELECT `teacher_name`,`teacher_title`,`teacher_avatar` FROM `teacher` WHERE  `id` = 3 LIMIT 1 [ RunTime:0.000219s ]
[2022-10-17T14:33:37+08:00][sql] SHOW FULL COLUMNS FROM `address` [ RunTime:0.000864s ]
[2022-10-17T14:33:37+08:00][sql] SELECT * FROM `address` WHERE  `id` = 1 LIMIT 1 [ RunTime:0.000236s ]
[2022-10-17T14:33:37+08:00][sql] SELECT * FROM `address` WHERE  `id` = 2 LIMIT 1 [ RunTime:0.000206s ]
[2022-10-17T14:33:52+08:00][sql] CONNECT:[ UseTime:0.000380s ] mysql:host=localhost;port=3316;dbname=coffee;charset=utf8
[2022-10-17T14:33:52+08:00][sql] SHOW FULL COLUMNS FROM `course` [ RunTime:0.001378s ]
[2022-10-17T14:33:52+08:00][sql] SELECT * FROM `course` WHERE  `id` = 1 LIMIT 1 [ RunTime:0.000368s ]
[2022-10-17T14:33:52+08:00][sql] SHOW FULL COLUMNS FROM `teacher` [ RunTime:0.000922s ]
[2022-10-17T14:33:52+08:00][sql] SELECT `teacher_name`,`teacher_title`,`teacher_avatar` FROM `teacher` WHERE  `id` = 1 LIMIT 1 [ RunTime:0.000274s ]
[2022-10-17T14:33:52+08:00][sql] SELECT `teacher_name`,`teacher_title`,`teacher_avatar` FROM `teacher` WHERE  `id` = 2 LIMIT 1 [ RunTime:0.000232s ]
[2022-10-17T14:33:52+08:00][sql] SHOW FULL COLUMNS FROM `address` [ RunTime:0.000955s ]
[2022-10-17T14:33:52+08:00][sql] SELECT * FROM `address` WHERE  `id` = 1 LIMIT 1 [ RunTime:0.000283s ]
[2022-10-17T14:33:52+08:00][sql] SELECT * FROM `address` WHERE  `id` = 2 LIMIT 1 [ RunTime:0.000268s ]
[2022-10-17T14:34:35+08:00][sql] CONNECT:[ UseTime:0.000390s ] mysql:host=localhost;port=3316;dbname=coffee;charset=utf8
[2022-10-17T14:34:35+08:00][sql] SHOW FULL COLUMNS FROM `course` [ RunTime:0.001347s ]
[2022-10-17T14:34:35+08:00][sql] SELECT * FROM `course` WHERE  `id` = 7 LIMIT 1 [ RunTime:0.000319s ]
[2022-10-17T14:34:35+08:00][sql] SHOW FULL COLUMNS FROM `teacher` [ RunTime:0.000903s ]
[2022-10-17T14:34:35+08:00][sql] SELECT `teacher_name`,`teacher_title`,`teacher_avatar` FROM `teacher` WHERE  `id` = 1 LIMIT 1 [ RunTime:0.000255s ]
[2022-10-17T14:34:35+08:00][sql] SHOW FULL COLUMNS FROM `address` [ RunTime:0.001009s ]
[2022-10-17T14:34:35+08:00][sql] SELECT * FROM `address` WHERE  `id` = 1 LIMIT 1 [ RunTime:0.000299s ]
[2022-10-17T14:34:35+08:00][sql] SELECT * FROM `address` WHERE  `id` = 2 LIMIT 1 [ RunTime:0.000243s ]
[2022-10-17T14:34:46+08:00][sql] CONNECT:[ UseTime:0.000379s ] mysql:host=localhost;port=3316;dbname=coffee;charset=utf8
[2022-10-17T14:34:46+08:00][sql] SHOW FULL COLUMNS FROM `course` [ RunTime:0.001404s ]
[2022-10-17T14:34:46+08:00][sql] SELECT * FROM `course` WHERE  `id` = 5 LIMIT 1 [ RunTime:0.000799s ]
[2022-10-17T14:34:46+08:00][sql] SHOW FULL COLUMNS FROM `teacher` [ RunTime:0.000952s ]
[2022-10-17T14:34:46+08:00][sql] SELECT `teacher_name`,`teacher_title`,`teacher_avatar` FROM `teacher` WHERE  `id` = 1 LIMIT 1 [ RunTime:0.000924s ]
[2022-10-17T14:34:46+08:00][sql] SELECT `teacher_name`,`teacher_title`,`teacher_avatar` FROM `teacher` WHERE  `id` = 2 LIMIT 1 [ RunTime:0.000227s ]
[2022-10-17T14:34:46+08:00][sql] SHOW FULL COLUMNS FROM `address` [ RunTime:0.000927s ]
[2022-10-17T14:34:46+08:00][sql] SELECT * FROM `address` WHERE  `id` = 1 LIMIT 1 [ RunTime:0.000265s ]
[2022-10-17T14:34:46+08:00][sql] SELECT * FROM `address` WHERE  `id` = 2 LIMIT 1 [ RunTime:0.000272s ]
[2022-10-17T14:35:24+08:00][sql] CONNECT:[ UseTime:0.000403s ] mysql:host=localhost;port=3316;dbname=coffee;charset=utf8
[2022-10-17T14:35:24+08:00][sql] SHOW FULL COLUMNS FROM `course` [ RunTime:0.001405s ]
[2022-10-17T14:35:24+08:00][sql] SELECT `id`,`title`,`price`,`days`,`time` FROM `course` WHERE  `is_time` = 1 ORDER BY `sorting` ASC [ RunTime:0.000840s ]
[2022-10-17T14:35:24+08:00][sql] SELECT `id`,`title` FROM `course` WHERE  `status` = 1 [ RunTime:0.000208s ]
[2022-10-17T14:35:24+08:00][sql] SELECT `id`,`title` FROM `course` WHERE  `status` = 2 [ RunTime:0.000181s ]
[2022-10-17T14:35:24+08:00][sql] SHOW FULL COLUMNS FROM `address` [ RunTime:0.000986s ]
[2022-10-17T14:35:24+08:00][sql] SELECT * FROM `address` WHERE  `id` = 1 LIMIT 1 [ RunTime:0.000245s ]
[2022-10-17T14:35:24+08:00][sql] SELECT * FROM `address` WHERE  `id` = 2 LIMIT 1 [ RunTime:0.000200s ]
[2022-10-17T14:35:30+08:00][sql] CONNECT:[ UseTime:0.000358s ] mysql:host=localhost;port=3316;dbname=coffee;charset=utf8
[2022-10-17T14:35:30+08:00][sql] SHOW FULL COLUMNS FROM `course` [ RunTime:0.001491s ]
[2022-10-17T14:35:30+08:00][sql] SELECT * FROM `course` WHERE  `id` = 2 LIMIT 1 [ RunTime:0.000860s ]
[2022-10-17T14:35:30+08:00][sql] SHOW FULL COLUMNS FROM `teacher` [ RunTime:0.000967s ]
[2022-10-17T14:35:30+08:00][sql] SELECT `teacher_name`,`teacher_title`,`teacher_avatar` FROM `teacher` WHERE  `id` = 3 LIMIT 1 [ RunTime:0.000266s ]
[2022-10-17T14:35:30+08:00][sql] SHOW FULL COLUMNS FROM `address` [ RunTime:0.000936s ]
[2022-10-17T14:35:30+08:00][sql] SELECT * FROM `address` WHERE  `id` = 1 LIMIT 1 [ RunTime:0.000301s ]
[2022-10-17T14:35:30+08:00][sql] SELECT * FROM `address` WHERE  `id` = 2 LIMIT 1 [ RunTime:0.000289s ]
[2022-10-17T14:44:41+08:00][sql] CONNECT:[ UseTime:0.000365s ] mysql:host=localhost;port=3316;dbname=coffee;charset=utf8
[2022-10-17T14:44:41+08:00][sql] SHOW FULL COLUMNS FROM `course` [ RunTime:0.001408s ]
[2022-10-17T14:44:41+08:00][sql] SELECT `id`,`title`,`price`,`days`,`time` FROM `course` WHERE  `is_time` = 1 ORDER BY `sorting` ASC [ RunTime:0.000780s ]
[2022-10-17T14:44:41+08:00][sql] SELECT `id`,`title` FROM `course` WHERE  `status` = 1 [ RunTime:0.000225s ]
[2022-10-17T14:44:41+08:00][sql] SELECT `id`,`title` FROM `course` WHERE  `status` = 2 [ RunTime:0.000188s ]
[2022-10-17T14:44:41+08:00][sql] SHOW FULL COLUMNS FROM `address` [ RunTime:0.000926s ]
[2022-10-17T14:44:41+08:00][sql] SELECT * FROM `address` WHERE  `id` = 1 LIMIT 1 [ RunTime:0.000253s ]
[2022-10-17T14:44:41+08:00][sql] SELECT * FROM `address` WHERE  `id` = 2 LIMIT 1 [ RunTime:0.000210s ]
[2022-10-17T16:39:16+08:00][sql] CONNECT:[ UseTime:0.000382s ] mysql:host=localhost;port=3316;dbname=coffee;charset=utf8
[2022-10-17T16:39:16+08:00][sql] SHOW FULL COLUMNS FROM `course` [ RunTime:0.001341s ]
[2022-10-17T16:39:16+08:00][sql] SELECT * FROM `course` WHERE  `id` = 1 LIMIT 1 [ RunTime:0.000760s ]
[2022-10-17T16:39:16+08:00][sql] SHOW FULL COLUMNS FROM `teacher` [ RunTime:0.000853s ]
[2022-10-17T16:39:16+08:00][sql] SELECT `teacher_name`,`teacher_title`,`teacher_avatar` FROM `teacher` WHERE  `id` = 1 LIMIT 1 [ RunTime:0.000223s ]
[2022-10-17T16:39:16+08:00][sql] SELECT `teacher_name`,`teacher_title`,`teacher_avatar` FROM `teacher` WHERE  `id` = 2 LIMIT 1 [ RunTime:0.000189s ]
[2022-10-17T16:39:16+08:00][sql] SHOW FULL COLUMNS FROM `address` [ RunTime:0.001070s ]
[2022-10-17T16:39:16+08:00][sql] SELECT * FROM `address` WHERE  `id` = 1 LIMIT 1 [ RunTime:0.000272s ]
[2022-10-17T16:39:16+08:00][sql] SELECT * FROM `address` WHERE  `id` = 2 LIMIT 1 [ RunTime:0.000252s ]
[2022-10-17T16:48:49+08:00][sql] CONNECT:[ UseTime:0.000409s ] mysql:host=localhost;port=3316;dbname=coffee;charset=utf8
[2022-10-17T16:48:49+08:00][sql] SHOW FULL COLUMNS FROM `course` [ RunTime:0.001366s ]
[2022-10-17T16:48:49+08:00][sql] SELECT * FROM `course` WHERE  `id` = 1 LIMIT 1 [ RunTime:0.000303s ]
[2022-10-17T16:48:49+08:00][sql] SHOW FULL COLUMNS FROM `teacher` [ RunTime:0.000867s ]
[2022-10-17T16:48:49+08:00][sql] SELECT `teacher_name`,`teacher_title`,`teacher_avatar` FROM `teacher` WHERE  `id` = 1 LIMIT 1 [ RunTime:0.000236s ]
[2022-10-17T16:48:49+08:00][sql] SELECT `teacher_name`,`teacher_title`,`teacher_avatar` FROM `teacher` WHERE  `id` = 2 LIMIT 1 [ RunTime:0.000194s ]
[2022-10-17T16:48:49+08:00][sql] SHOW FULL COLUMNS FROM `address` [ RunTime:0.000904s ]
[2022-10-17T16:48:49+08:00][sql] SELECT * FROM `address` WHERE  `id` = 1 LIMIT 1 [ RunTime:0.000236s ]
[2022-10-17T16:48:49+08:00][sql] SELECT * FROM `address` WHERE  `id` = 2 LIMIT 1 [ RunTime:0.000214s ]
[2022-10-17T19:19:29+08:00][sql] CONNECT:[ UseTime:0.000438s ] mysql:host=localhost;port=3316;dbname=coffee;charset=utf8
[2022-10-17T19:19:29+08:00][sql] SHOW FULL COLUMNS FROM `course` [ RunTime:0.001518s ]
[2022-10-17T19:19:29+08:00][sql] SELECT * FROM `course` WHERE  `id` = 7 LIMIT 1 [ RunTime:0.000379s ]
[2022-10-17T19:19:29+08:00][sql] SHOW FULL COLUMNS FROM `teacher` [ RunTime:0.000964s ]
[2022-10-17T19:19:29+08:00][sql] SELECT `teacher_name`,`teacher_title`,`teacher_avatar` FROM `teacher` WHERE  `id` = 1 LIMIT 1 [ RunTime:0.000277s ]
[2022-10-17T19:19:29+08:00][sql] SHOW FULL COLUMNS FROM `address` [ RunTime:0.000989s ]
[2022-10-17T19:19:29+08:00][sql] SELECT * FROM `address` WHERE  `id` = 1 LIMIT 1 [ RunTime:0.000290s ]
[2022-10-17T19:19:29+08:00][sql] SELECT * FROM `address` WHERE  `id` = 2 LIMIT 1 [ RunTime:0.000208s ]
[2022-10-17T19:30:22+08:00][sql] CONNECT:[ UseTime:0.000337s ] mysql:host=localhost;port=3316;dbname=coffee;charset=utf8
[2022-10-17T19:30:22+08:00][sql] SHOW FULL COLUMNS FROM `course` [ RunTime:0.001487s ]
[2022-10-17T19:30:22+08:00][sql] SELECT `id`,`title`,`price`,`days`,`time` FROM `course` WHERE  `is_time` = 1 ORDER BY `sorting` ASC [ RunTime:0.000367s ]
[2022-10-17T19:30:22+08:00][sql] SELECT `id`,`title` FROM `course` WHERE  `status` = 1 [ RunTime:0.000310s ]
[2022-10-17T19:30:22+08:00][sql] SELECT `id`,`title` FROM `course` WHERE  `status` = 2 [ RunTime:0.000194s ]
[2022-10-17T19:30:22+08:00][sql] SHOW FULL COLUMNS FROM `address` [ RunTime:0.001043s ]
[2022-10-17T19:30:22+08:00][sql] SELECT * FROM `address` WHERE  `id` = 1 LIMIT 1 [ RunTime:0.000249s ]
[2022-10-17T19:30:22+08:00][sql] SELECT * FROM `address` WHERE  `id` = 2 LIMIT 1 [ RunTime:0.000229s ]
[2022-10-17T19:30:25+08:00][sql] CONNECT:[ UseTime:0.000367s ] mysql:host=localhost;port=3316;dbname=coffee;charset=utf8
[2022-10-17T19:30:25+08:00][sql] SHOW FULL COLUMNS FROM `course` [ RunTime:0.001398s ]
[2022-10-17T19:30:25+08:00][sql] SELECT * FROM `course` WHERE  `id` = 1 LIMIT 1 [ RunTime:0.000320s ]
[2022-10-17T19:30:25+08:00][sql] SHOW FULL COLUMNS FROM `teacher` [ RunTime:0.000958s ]
[2022-10-17T19:30:25+08:00][sql] SELECT `teacher_name`,`teacher_title`,`teacher_avatar` FROM `teacher` WHERE  `id` = 1 LIMIT 1 [ RunTime:0.000240s ]
[2022-10-17T19:30:25+08:00][sql] SELECT `teacher_name`,`teacher_title`,`teacher_avatar` FROM `teacher` WHERE  `id` = 2 LIMIT 1 [ RunTime:0.000236s ]
[2022-10-17T19:30:25+08:00][sql] SHOW FULL COLUMNS FROM `address` [ RunTime:0.000895s ]
[2022-10-17T19:30:25+08:00][sql] SELECT * FROM `address` WHERE  `id` = 1 LIMIT 1 [ RunTime:0.000237s ]
[2022-10-17T19:30:25+08:00][sql] SELECT * FROM `address` WHERE  `id` = 2 LIMIT 1 [ RunTime:0.000213s ]
[2022-10-17T19:31:54+08:00][sql] CONNECT:[ UseTime:0.000417s ] mysql:host=localhost;port=3316;dbname=coffee;charset=utf8
[2022-10-17T19:31:54+08:00][sql] SHOW FULL COLUMNS FROM `course` [ RunTime:0.001482s ]
[2022-10-17T19:31:54+08:00][sql] SELECT * FROM `course` WHERE  `id` = 5 LIMIT 1 [ RunTime:0.000341s ]
[2022-10-17T19:31:54+08:00][sql] SHOW FULL COLUMNS FROM `teacher` [ RunTime:0.000947s ]
[2022-10-17T19:31:54+08:00][sql] SELECT `teacher_name`,`teacher_title`,`teacher_avatar` FROM `teacher` WHERE  `id` = 1 LIMIT 1 [ RunTime:0.000263s ]
[2022-10-17T19:31:54+08:00][sql] SELECT `teacher_name`,`teacher_title`,`teacher_avatar` FROM `teacher` WHERE  `id` = 2 LIMIT 1 [ RunTime:0.000238s ]
[2022-10-17T19:31:54+08:00][sql] SHOW FULL COLUMNS FROM `address` [ RunTime:0.000933s ]
[2022-10-17T19:31:54+08:00][sql] SELECT * FROM `address` WHERE  `id` = 1 LIMIT 1 [ RunTime:0.000342s ]
[2022-10-17T19:31:54+08:00][sql] SELECT * FROM `address` WHERE  `id` = 2 LIMIT 1 [ RunTime:0.000250s ]
[2022-10-17T19:32:52+08:00][sql] CONNECT:[ UseTime:0.000446s ] mysql:host=localhost;port=3316;dbname=coffee;charset=utf8
[2022-10-17T19:32:52+08:00][sql] SHOW FULL COLUMNS FROM `course` [ RunTime:0.001420s ]
[2022-10-17T19:32:52+08:00][sql] SELECT * FROM `course` WHERE  `id` = 2 LIMIT 1 [ RunTime:0.000795s ]
[2022-10-17T19:32:52+08:00][sql] SHOW FULL COLUMNS FROM `teacher` [ RunTime:0.000924s ]
[2022-10-17T19:32:52+08:00][sql] SELECT `teacher_name`,`teacher_title`,`teacher_avatar` FROM `teacher` WHERE  `id` = 3 LIMIT 1 [ RunTime:0.000263s ]
[2022-10-17T19:32:52+08:00][sql] SHOW FULL COLUMNS FROM `address` [ RunTime:0.000911s ]
[2022-10-17T19:32:52+08:00][sql] SELECT * FROM `address` WHERE  `id` = 1 LIMIT 1 [ RunTime:0.000274s ]
[2022-10-17T19:32:52+08:00][sql] SELECT * FROM `address` WHERE  `id` = 2 LIMIT 1 [ RunTime:0.000231s ]
[2022-10-17T19:38:41+08:00][sql] CONNECT:[ UseTime:0.000405s ] mysql:host=localhost;port=3316;dbname=coffee;charset=utf8
[2022-10-17T19:38:41+08:00][sql] SHOW FULL COLUMNS FROM `course` [ RunTime:0.001413s ]
[2022-10-17T19:38:41+08:00][sql] SELECT * FROM `course` WHERE  `id` = 1 LIMIT 1 [ RunTime:0.000304s ]
[2022-10-17T19:38:41+08:00][sql] SHOW FULL COLUMNS FROM `teacher` [ RunTime:0.000841s ]
[2022-10-17T19:38:41+08:00][sql] SELECT `teacher_name`,`teacher_title`,`teacher_avatar` FROM `teacher` WHERE  `id` = 1 LIMIT 1 [ RunTime:0.000217s ]
[2022-10-17T19:38:41+08:00][sql] SELECT `teacher_name`,`teacher_title`,`teacher_avatar` FROM `teacher` WHERE  `id` = 2 LIMIT 1 [ RunTime:0.000186s ]
[2022-10-17T19:38:41+08:00][sql] SHOW FULL COLUMNS FROM `address` [ RunTime:0.000856s ]
[2022-10-17T19:38:41+08:00][sql] SELECT * FROM `address` WHERE  `id` = 1 LIMIT 1 [ RunTime:0.000232s ]
[2022-10-17T19:38:41+08:00][sql] SELECT * FROM `address` WHERE  `id` = 2 LIMIT 1 [ RunTime:0.000209s ]
[2022-10-17T22:40:10+08:00][sql] CONNECT:[ UseTime:0.000429s ] mysql:host=localhost;port=3316;dbname=coffee;charset=utf8
[2022-10-17T22:40:10+08:00][sql] SHOW FULL COLUMNS FROM `course` [ RunTime:0.001436s ]
[2022-10-17T22:40:10+08:00][sql] SELECT * FROM `course` WHERE  `id` = 7 LIMIT 1 [ RunTime:0.000322s ]
[2022-10-17T22:40:10+08:00][sql] SHOW FULL COLUMNS FROM `teacher` [ RunTime:0.000986s ]
[2022-10-17T22:40:10+08:00][sql] SELECT `teacher_name`,`teacher_title`,`teacher_avatar` FROM `teacher` WHERE  `id` = 1 LIMIT 1 [ RunTime:0.000264s ]
[2022-10-17T22:40:10+08:00][sql] SHOW FULL COLUMNS FROM `address` [ RunTime:0.000976s ]
[2022-10-17T22:40:10+08:00][sql] SELECT * FROM `address` WHERE  `id` = 1 LIMIT 1 [ RunTime:0.000284s ]
[2022-10-17T22:40:10+08:00][sql] SELECT * FROM `address` WHERE  `id` = 2 LIMIT 1 [ RunTime:0.000272s ]
[2022-10-17T22:40:10+08:00][sql] CONNECT:[ UseTime:0.000388s ] mysql:host=localhost;port=3316;dbname=coffee;charset=utf8
[2022-10-17T22:40:10+08:00][sql] SHOW FULL COLUMNS FROM `course` [ RunTime:0.001538s ]
[2022-10-17T22:40:10+08:00][sql] SELECT `id`,`title`,`price`,`days`,`time` FROM `course` WHERE  `is_time` = 1 ORDER BY `sorting` ASC [ RunTime:0.000321s ]
[2022-10-17T22:40:10+08:00][sql] SELECT `id`,`title` FROM `course` WHERE  `status` = 1 [ RunTime:0.000261s ]
[2022-10-17T22:40:10+08:00][sql] SELECT `id`,`title` FROM `course` WHERE  `status` = 2 [ RunTime:0.000263s ]
[2022-10-17T22:40:10+08:00][sql] SHOW FULL COLUMNS FROM `address` [ RunTime:0.001002s ]
[2022-10-17T22:40:10+08:00][sql] SELECT * FROM `address` WHERE  `id` = 1 LIMIT 1 [ RunTime:0.000282s ]
[2022-10-17T22:40:10+08:00][sql] SELECT * FROM `address` WHERE  `id` = 2 LIMIT 1 [ RunTime:0.000239s ]
[2022-10-17T22:40:10+08:00][sql] CONNECT:[ UseTime:0.000432s ] mysql:host=localhost;port=3316;dbname=coffee;charset=utf8
[2022-10-17T22:40:10+08:00][sql] SHOW FULL COLUMNS FROM `course` [ RunTime:0.001426s ]
[2022-10-17T22:40:10+08:00][sql] SELECT * FROM `course` WHERE  `id` = 1 LIMIT 1 [ RunTime:0.000378s ]
[2022-10-17T22:40:10+08:00][sql] SHOW FULL COLUMNS FROM `teacher` [ RunTime:0.000924s ]
[2022-10-17T22:40:10+08:00][sql] SELECT `teacher_name`,`teacher_title`,`teacher_avatar` FROM `teacher` WHERE  `id` = 1 LIMIT 1 [ RunTime:0.000255s ]
[2022-10-17T22:40:10+08:00][sql] SELECT `teacher_name`,`teacher_title`,`teacher_avatar` FROM `teacher` WHERE  `id` = 2 LIMIT 1 [ RunTime:0.000227s ]
[2022-10-17T22:40:10+08:00][sql] SHOW FULL COLUMNS FROM `address` [ RunTime:0.000922s ]
[2022-10-17T22:40:10+08:00][sql] SELECT * FROM `address` WHERE  `id` = 1 LIMIT 1 [ RunTime:0.000271s ]
[2022-10-17T22:40:10+08:00][sql] SELECT * FROM `address` WHERE  `id` = 2 LIMIT 1 [ RunTime:0.000250s ]
[2022-10-17T22:40:11+08:00][sql] CONNECT:[ UseTime:0.000393s ] mysql:host=localhost;port=3316;dbname=coffee;charset=utf8
[2022-10-17T22:40:11+08:00][sql] SHOW FULL COLUMNS FROM `course` [ RunTime:0.001541s ]
[2022-10-17T22:40:11+08:00][sql] SELECT * FROM `course` WHERE  `id` = 2 LIMIT 1 [ RunTime:0.001041s ]
[2022-10-17T22:40:11+08:00][sql] SHOW FULL COLUMNS FROM `teacher` [ RunTime:0.000917s ]
[2022-10-17T22:40:11+08:00][sql] SELECT `teacher_name`,`teacher_title`,`teacher_avatar` FROM `teacher` WHERE  `id` = 3 LIMIT 1 [ RunTime:0.000276s ]
[2022-10-17T22:40:11+08:00][sql] SHOW FULL COLUMNS FROM `address` [ RunTime:0.000941s ]
[2022-10-17T22:40:11+08:00][sql] SELECT * FROM `address` WHERE  `id` = 1 LIMIT 1 [ RunTime:0.000261s ]
[2022-10-17T22:40:11+08:00][sql] SELECT * FROM `address` WHERE  `id` = 2 LIMIT 1 [ RunTime:0.000249s ]
[2022-10-17T22:40:11+08:00][sql] CONNECT:[ UseTime:0.000361s ] mysql:host=localhost;port=3316;dbname=coffee;charset=utf8
[2022-10-17T22:40:11+08:00][sql] SHOW FULL COLUMNS FROM `course` [ RunTime:0.001361s ]
[2022-10-17T22:40:11+08:00][sql] SELECT * FROM `course` WHERE  `id` = 4 LIMIT 1 [ RunTime:0.000335s ]
[2022-10-17T22:40:11+08:00][sql] SHOW FULL COLUMNS FROM `teacher` [ RunTime:0.000844s ]
[2022-10-17T22:40:11+08:00][sql] SELECT `teacher_name`,`teacher_title`,`teacher_avatar` FROM `teacher` WHERE  `id` = 2 LIMIT 1 [ RunTime:0.000226s ]
[2022-10-17T22:40:11+08:00][sql] SHOW FULL COLUMNS FROM `address` [ RunTime:0.000904s ]
[2022-10-17T22:40:11+08:00][sql] SELECT * FROM `address` WHERE  `id` = 1 LIMIT 1 [ RunTime:0.000232s ]
[2022-10-17T22:40:11+08:00][sql] SELECT * FROM `address` WHERE  `id` = 2 LIMIT 1 [ RunTime:0.000205s ]
[2022-10-17T22:40:11+08:00][sql] CONNECT:[ UseTime:0.000353s ] mysql:host=localhost;port=3316;dbname=coffee;charset=utf8
[2022-10-17T22:40:11+08:00][sql] SHOW FULL COLUMNS FROM `course` [ RunTime:0.001404s ]
[2022-10-17T22:40:11+08:00][sql] SELECT * FROM `course` WHERE  `id` = 5 LIMIT 1 [ RunTime:0.000302s ]
[2022-10-17T22:40:11+08:00][sql] SHOW FULL COLUMNS FROM `teacher` [ RunTime:0.000980s ]
[2022-10-17T22:40:11+08:00][sql] SELECT `teacher_name`,`teacher_title`,`teacher_avatar` FROM `teacher` WHERE  `id` = 1 LIMIT 1 [ RunTime:0.000243s ]
[2022-10-17T22:40:11+08:00][sql] SELECT `teacher_name`,`teacher_title`,`teacher_avatar` FROM `teacher` WHERE  `id` = 2 LIMIT 1 [ RunTime:0.000222s ]
[2022-10-17T22:40:11+08:00][sql] SHOW FULL COLUMNS FROM `address` [ RunTime:0.000898s ]
[2022-10-17T22:40:11+08:00][sql] SELECT * FROM `address` WHERE  `id` = 1 LIMIT 1 [ RunTime:0.000275s ]
[2022-10-17T22:40:11+08:00][sql] SELECT * FROM `address` WHERE  `id` = 2 LIMIT 1 [ RunTime:0.000243s ]
[2022-10-17T22:40:11+08:00][sql] CONNECT:[ UseTime:0.000362s ] mysql:host=localhost;port=3316;dbname=coffee;charset=utf8
[2022-10-17T22:40:11+08:00][sql] SHOW FULL COLUMNS FROM `course` [ RunTime:0.001509s ]
[2022-10-17T22:40:11+08:00][sql] SELECT * FROM `course` WHERE  `id` = 6 LIMIT 1 [ RunTime:0.000334s ]
[2022-10-17T22:40:11+08:00][sql] SHOW FULL COLUMNS FROM `teacher` [ RunTime:0.000897s ]
[2022-10-17T22:40:11+08:00][sql] SELECT `teacher_name`,`teacher_title`,`teacher_avatar` FROM `teacher` WHERE  `id` = 1 LIMIT 1 [ RunTime:0.000238s ]
[2022-10-17T22:40:11+08:00][sql] SHOW FULL COLUMNS FROM `address` [ RunTime:0.000877s ]
[2022-10-17T22:40:11+08:00][sql] SELECT * FROM `address` WHERE  `id` = 1 LIMIT 1 [ RunTime:0.000258s ]
[2022-10-17T22:40:11+08:00][sql] SELECT * FROM `address` WHERE  `id` = 2 LIMIT 1 [ RunTime:0.000216s ]
