[2022-10-21T12:55:44+08:00][sql] CONNECT:[ UseTime:0.000371s ] mysql:host=localhost;port=3316;dbname=coffee;charset=utf8
[2022-10-21T12:55:44+08:00][sql] SHOW FULL COLUMNS FROM `course` [ RunTime:0.001357s ]
[2022-10-21T12:55:44+08:00][sql] SELECT * FROM `course` WHERE  `id` = 7 LIMIT 1 [ RunTime:0.000754s ]
[2022-10-21T12:55:44+08:00][sql] SHOW FULL COLUMNS FROM `teacher` [ RunTime:0.000887s ]
[2022-10-21T12:55:44+08:00][sql] SELECT `teacher_name`,`teacher_title`,`teacher_avatar` FROM `teacher` WHERE  `id` = 1 LIMIT 1 [ RunTime:0.000212s ]
[2022-10-21T12:55:44+08:00][sql] SHOW FULL COLUMNS FROM `address` [ RunTime:0.000884s ]
[2022-10-21T12:55:44+08:00][sql] SELECT * FROM `address` WHERE  `id` = 1 LIMIT 1 [ RunTime:0.000231s ]
[2022-10-21T12:55:44+08:00][sql] SELECT * FROM `address` WHERE  `id` = 2 LIMIT 1 [ RunTime:0.000192s ]
[2022-10-21T12:55:55+08:00][sql] CONNECT:[ UseTime:0.000367s ] mysql:host=localhost;port=3316;dbname=coffee;charset=utf8
[2022-10-21T12:55:55+08:00][sql] SHOW FULL COLUMNS FROM `course` [ RunTime:0.001421s ]
[2022-10-21T12:55:55+08:00][sql] SELECT * FROM `course` WHERE  `id` = 1 LIMIT 1 [ RunTime:0.000801s ]
[2022-10-21T12:55:55+08:00][sql] SHOW FULL COLUMNS FROM `teacher` [ RunTime:0.000950s ]
[2022-10-21T12:55:55+08:00][sql] SELECT `teacher_name`,`teacher_title`,`teacher_avatar` FROM `teacher` WHERE  `id` = 1 LIMIT 1 [ RunTime:0.000251s ]
[2022-10-21T12:55:55+08:00][sql] SELECT `teacher_name`,`teacher_title`,`teacher_avatar` FROM `teacher` WHERE  `id` = 2 LIMIT 1 [ RunTime:0.000191s ]
[2022-10-21T12:55:55+08:00][sql] SHOW FULL COLUMNS FROM `address` [ RunTime:0.000911s ]
[2022-10-21T12:55:55+08:00][sql] SELECT * FROM `address` WHERE  `id` = 1 LIMIT 1 [ RunTime:0.000264s ]
[2022-10-21T12:55:55+08:00][sql] SELECT * FROM `address` WHERE  `id` = 2 LIMIT 1 [ RunTime:0.000194s ]
[2022-10-21T12:57:15+08:00][sql] CONNECT:[ UseTime:0.000375s ] mysql:host=localhost;port=3316;dbname=coffee;charset=utf8
[2022-10-21T12:57:15+08:00][sql] SHOW FULL COLUMNS FROM `course` [ RunTime:0.001473s ]
[2022-10-21T12:57:15+08:00][sql] SELECT `id`,`title`,`price`,`days`,`time` FROM `course` WHERE  `is_time` = 1 ORDER BY `sorting` ASC [ RunTime:0.001247s ]
[2022-10-21T12:57:15+08:00][sql] SELECT `id`,`title` FROM `course` WHERE  `status` = 1 [ RunTime:0.000272s ]
[2022-10-21T12:57:15+08:00][sql] SELECT `id`,`title` FROM `course` WHERE  `status` = 2 [ RunTime:0.000287s ]
[2022-10-21T12:57:15+08:00][sql] SHOW FULL COLUMNS FROM `address` [ RunTime:0.000955s ]
[2022-10-21T12:57:15+08:00][sql] SELECT * FROM `address` WHERE  `id` = 1 LIMIT 1 [ RunTime:0.000274s ]
[2022-10-21T12:57:15+08:00][sql] SELECT * FROM `address` WHERE  `id` = 2 LIMIT 1 [ RunTime:0.000242s ]
[2022-10-21T12:57:17+08:00][sql] CONNECT:[ UseTime:0.000376s ] mysql:host=localhost;port=3316;dbname=coffee;charset=utf8
[2022-10-21T12:57:17+08:00][sql] SHOW FULL COLUMNS FROM `course` [ RunTime:0.001453s ]
[2022-10-21T12:57:17+08:00][sql] SELECT * FROM `course` WHERE  `id` = 1 LIMIT 1 [ RunTime:0.000874s ]
[2022-10-21T12:57:17+08:00][sql] SHOW FULL COLUMNS FROM `teacher` [ RunTime:0.000984s ]
[2022-10-21T12:57:17+08:00][sql] SELECT `teacher_name`,`teacher_title`,`teacher_avatar` FROM `teacher` WHERE  `id` = 1 LIMIT 1 [ RunTime:0.000236s ]
[2022-10-21T12:57:17+08:00][sql] SELECT `teacher_name`,`teacher_title`,`teacher_avatar` FROM `teacher` WHERE  `id` = 2 LIMIT 1 [ RunTime:0.000202s ]
[2022-10-21T12:57:17+08:00][sql] SHOW FULL COLUMNS FROM `address` [ RunTime:0.000999s ]
[2022-10-21T12:57:17+08:00][sql] SELECT * FROM `address` WHERE  `id` = 1 LIMIT 1 [ RunTime:0.000239s ]
[2022-10-21T12:57:17+08:00][sql] SELECT * FROM `address` WHERE  `id` = 2 LIMIT 1 [ RunTime:0.000217s ]
[2022-10-21T12:58:59+08:00][sql] CONNECT:[ UseTime:0.000441s ] mysql:host=localhost;port=3316;dbname=coffee;charset=utf8
[2022-10-21T12:58:59+08:00][sql] SHOW FULL COLUMNS FROM `course` [ RunTime:0.001370s ]
[2022-10-21T12:58:59+08:00][sql] SELECT * FROM `course` WHERE  `id` = 1 LIMIT 1 [ RunTime:0.000296s ]
[2022-10-21T12:58:59+08:00][sql] SHOW FULL COLUMNS FROM `teacher` [ RunTime:0.000879s ]
[2022-10-21T12:58:59+08:00][sql] SELECT `teacher_name`,`teacher_title`,`teacher_avatar` FROM `teacher` WHERE  `id` = 1 LIMIT 1 [ RunTime:0.000224s ]
[2022-10-21T12:58:59+08:00][sql] SELECT `teacher_name`,`teacher_title`,`teacher_avatar` FROM `teacher` WHERE  `id` = 2 LIMIT 1 [ RunTime:0.000193s ]
[2022-10-21T12:58:59+08:00][sql] SHOW FULL COLUMNS FROM `address` [ RunTime:0.000857s ]
[2022-10-21T12:58:59+08:00][sql] SELECT * FROM `address` WHERE  `id` = 1 LIMIT 1 [ RunTime:0.000228s ]
[2022-10-21T12:58:59+08:00][sql] SELECT * FROM `address` WHERE  `id` = 2 LIMIT 1 [ RunTime:0.000205s ]
[2022-10-21T13:02:32+08:00][sql] CONNECT:[ UseTime:0.000385s ] mysql:host=localhost;port=3316;dbname=coffee;charset=utf8
[2022-10-21T13:02:32+08:00][sql] SHOW FULL COLUMNS FROM `course` [ RunTime:0.001488s ]
[2022-10-21T13:02:32+08:00][sql] SELECT `id`,`title`,`price`,`days`,`time` FROM `course` WHERE  `is_time` = 1 ORDER BY `sorting` ASC [ RunTime:0.000286s ]
[2022-10-21T13:02:32+08:00][sql] SELECT `id`,`title` FROM `course` WHERE  `status` = 1 [ RunTime:0.000210s ]
[2022-10-21T13:02:32+08:00][sql] SELECT `id`,`title` FROM `course` WHERE  `status` = 2 [ RunTime:0.000176s ]
[2022-10-21T13:02:32+08:00][sql] SHOW FULL COLUMNS FROM `address` [ RunTime:0.000893s ]
[2022-10-21T13:02:32+08:00][sql] SELECT * FROM `address` WHERE  `id` = 1 LIMIT 1 [ RunTime:0.000241s ]
[2022-10-21T13:02:32+08:00][sql] SELECT * FROM `address` WHERE  `id` = 2 LIMIT 1 [ RunTime:0.000220s ]
[2022-10-21T15:06:28+08:00][sql] CONNECT:[ UseTime:0.000395s ] mysql:host=localhost;port=3316;dbname=coffee;charset=utf8
[2022-10-21T15:06:28+08:00][sql] SHOW FULL COLUMNS FROM `course` [ RunTime:0.001490s ]
[2022-10-21T15:06:28+08:00][sql] SELECT * FROM `course` WHERE  `id` = 7 LIMIT 1 [ RunTime:0.000326s ]
[2022-10-21T15:06:28+08:00][sql] SHOW FULL COLUMNS FROM `teacher` [ RunTime:0.001011s ]
[2022-10-21T15:06:28+08:00][sql] SELECT `teacher_name`,`teacher_title`,`teacher_avatar` FROM `teacher` WHERE  `id` = 1 LIMIT 1 [ RunTime:0.000321s ]
[2022-10-21T15:06:28+08:00][sql] SHOW FULL COLUMNS FROM `address` [ RunTime:0.000963s ]
[2022-10-21T15:06:28+08:00][sql] SELECT * FROM `address` WHERE  `id` = 1 LIMIT 1 [ RunTime:0.000272s ]
[2022-10-21T15:06:28+08:00][sql] SELECT * FROM `address` WHERE  `id` = 2 LIMIT 1 [ RunTime:0.000247s ]
[2022-10-21T15:06:45+08:00][sql] CONNECT:[ UseTime:0.000414s ] mysql:host=localhost;port=3316;dbname=coffee;charset=utf8
[2022-10-21T15:06:45+08:00][sql] SHOW FULL COLUMNS FROM `course` [ RunTime:0.001509s ]
[2022-10-21T15:06:45+08:00][sql] SELECT `id`,`title`,`price`,`days`,`time` FROM `course` WHERE  `is_time` = 1 ORDER BY `sorting` ASC [ RunTime:0.000345s ]
[2022-10-21T15:06:45+08:00][sql] SELECT `id`,`title` FROM `course` WHERE  `status` = 1 [ RunTime:0.000277s ]
[2022-10-21T15:06:45+08:00][sql] SELECT `id`,`title` FROM `course` WHERE  `status` = 2 [ RunTime:0.000343s ]
[2022-10-21T15:06:45+08:00][sql] SHOW FULL COLUMNS FROM `address` [ RunTime:0.001016s ]
[2022-10-21T15:06:45+08:00][sql] SELECT * FROM `address` WHERE  `id` = 1 LIMIT 1 [ RunTime:0.000276s ]
[2022-10-21T15:06:45+08:00][sql] SELECT * FROM `address` WHERE  `id` = 2 LIMIT 1 [ RunTime:0.000241s ]
[2022-10-21T15:07:24+08:00][sql] CONNECT:[ UseTime:0.000443s ] mysql:host=localhost;port=3316;dbname=coffee;charset=utf8
[2022-10-21T15:07:24+08:00][sql] SHOW FULL COLUMNS FROM `course` [ RunTime:0.001379s ]
[2022-10-21T15:07:24+08:00][sql] SELECT * FROM `course` WHERE  `id` = 7 LIMIT 1 [ RunTime:0.000772s ]
[2022-10-21T15:07:24+08:00][sql] SHOW FULL COLUMNS FROM `teacher` [ RunTime:0.000904s ]
[2022-10-21T15:07:24+08:00][sql] SELECT `teacher_name`,`teacher_title`,`teacher_avatar` FROM `teacher` WHERE  `id` = 1 LIMIT 1 [ RunTime:0.000223s ]
[2022-10-21T15:07:24+08:00][sql] SHOW FULL COLUMNS FROM `address` [ RunTime:0.000909s ]
[2022-10-21T15:07:24+08:00][sql] SELECT * FROM `address` WHERE  `id` = 1 LIMIT 1 [ RunTime:0.000260s ]
[2022-10-21T15:07:24+08:00][sql] SELECT * FROM `address` WHERE  `id` = 2 LIMIT 1 [ RunTime:0.000208s ]
[2022-10-21T15:07:45+08:00][sql] CONNECT:[ UseTime:0.000393s ] mysql:host=localhost;port=3316;dbname=coffee;charset=utf8
[2022-10-21T15:07:45+08:00][sql] SHOW FULL COLUMNS FROM `course` [ RunTime:0.001465s ]
[2022-10-21T15:07:45+08:00][sql] SELECT `id`,`title`,`price`,`days`,`time` FROM `course` WHERE  `is_time` = 1 ORDER BY `sorting` ASC [ RunTime:0.001909s ]
[2022-10-21T15:07:45+08:00][sql] SELECT `id`,`title` FROM `course` WHERE  `status` = 1 [ RunTime:0.000326s ]
[2022-10-21T15:07:45+08:00][sql] SELECT `id`,`title` FROM `course` WHERE  `status` = 2 [ RunTime:0.000232s ]
[2022-10-21T15:07:45+08:00][sql] SHOW FULL COLUMNS FROM `address` [ RunTime:0.001034s ]
[2022-10-21T15:07:45+08:00][sql] SELECT * FROM `address` WHERE  `id` = 1 LIMIT 1 [ RunTime:0.000300s ]
[2022-10-21T15:07:45+08:00][sql] SELECT * FROM `address` WHERE  `id` = 2 LIMIT 1 [ RunTime:0.000246s ]
[2022-10-21T18:55:21+08:00][sql] CONNECT:[ UseTime:0.000424s ] mysql:host=localhost;port=3316;dbname=coffee;charset=utf8
[2022-10-21T18:55:21+08:00][sql] SHOW FULL COLUMNS FROM `course` [ RunTime:0.001475s ]
[2022-10-21T18:55:21+08:00][sql] SELECT `id`,`title`,`price`,`days`,`time` FROM `course` WHERE  `is_time` = 1 ORDER BY `sorting` ASC [ RunTime:0.000311s ]
[2022-10-21T18:55:21+08:00][sql] SELECT `id`,`title` FROM `course` WHERE  `status` = 1 [ RunTime:0.001280s ]
[2022-10-21T18:55:21+08:00][sql] SELECT `id`,`title` FROM `course` WHERE  `status` = 2 [ RunTime:0.000239s ]
[2022-10-21T18:55:21+08:00][sql] SHOW FULL COLUMNS FROM `address` [ RunTime:0.001683s ]
[2022-10-21T18:55:21+08:00][sql] SELECT * FROM `address` WHERE  `id` = 1 LIMIT 1 [ RunTime:0.000275s ]
[2022-10-21T18:55:21+08:00][sql] SELECT * FROM `address` WHERE  `id` = 2 LIMIT 1 [ RunTime:0.000245s ]
