[2022-10-26T05:02:43+08:00][sql] CONNECT:[ UseTime:0.000398s ] mysql:host=localhost;port=3316;dbname=coffee;charset=utf8
[2022-10-26T05:02:43+08:00][sql] SHOW FULL COLUMNS FROM `course` [ RunTime:0.001378s ]
[2022-10-26T05:02:43+08:00][sql] SELECT * FROM `course` WHERE  `id` = 3 LIMIT 1 [ RunTime:0.001012s ]
[2022-10-26T05:02:43+08:00][sql] SHOW FULL COLUMNS FROM `teacher` [ RunTime:0.000958s ]
[2022-10-26T05:02:43+08:00][sql] SELECT `teacher_name`,`teacher_title`,`teacher_avatar` FROM `teacher` WHERE  `id` = 1 LIMIT 1 [ RunTime:0.000257s ]
[2022-10-26T05:02:43+08:00][sql] SHOW FULL COLUMNS FROM `address` [ RunTime:0.000974s ]
[2022-10-26T05:02:43+08:00][sql] SELECT * FROM `address` WHERE  `id` = 1 LIMIT 1 [ RunTime:0.000275s ]
[2022-10-26T05:02:43+08:00][sql] SELECT * FROM `address` WHERE  `id` = 2 LIMIT 1 [ RunTime:0.000238s ]
[2022-10-26T05:10:13+08:00][sql] CONNECT:[ UseTime:0.000376s ] mysql:host=localhost;port=3316;dbname=coffee;charset=utf8
[2022-10-26T05:10:13+08:00][sql] SHOW FULL COLUMNS FROM `course` [ RunTime:0.001302s ]
[2022-10-26T05:10:13+08:00][sql] SELECT * FROM `course` WHERE  `id` = 3 LIMIT 1 [ RunTime:0.000964s ]
[2022-10-26T05:10:13+08:00][sql] SHOW FULL COLUMNS FROM `teacher` [ RunTime:0.000906s ]
[2022-10-26T05:10:13+08:00][sql] SELECT `teacher_name`,`teacher_title`,`teacher_avatar` FROM `teacher` WHERE  `id` = 1 LIMIT 1 [ RunTime:0.000251s ]
[2022-10-26T05:10:13+08:00][sql] SHOW FULL COLUMNS FROM `address` [ RunTime:0.000856s ]
[2022-10-26T05:10:13+08:00][sql] SELECT * FROM `address` WHERE  `id` = 1 LIMIT 1 [ RunTime:0.000235s ]
[2022-10-26T05:10:13+08:00][sql] SELECT * FROM `address` WHERE  `id` = 2 LIMIT 1 [ RunTime:0.000195s ]
[2022-10-26T15:45:59+08:00][sql] CONNECT:[ UseTime:0.000430s ] mysql:host=localhost;port=3316;dbname=coffee;charset=utf8
[2022-10-26T15:45:59+08:00][sql] SHOW FULL COLUMNS FROM `course` [ RunTime:0.001432s ]
[2022-10-26T15:45:59+08:00][sql] SELECT * FROM `course` WHERE  `id` = 2 LIMIT 1 [ RunTime:0.000319s ]
[2022-10-26T15:45:59+08:00][sql] SHOW FULL COLUMNS FROM `teacher` [ RunTime:0.000926s ]
[2022-10-26T15:45:59+08:00][sql] SELECT `teacher_name`,`teacher_title`,`teacher_avatar` FROM `teacher` WHERE  `id` = 3 LIMIT 1 [ RunTime:0.000236s ]
[2022-10-26T15:45:59+08:00][sql] SHOW FULL COLUMNS FROM `address` [ RunTime:0.000976s ]
[2022-10-26T15:45:59+08:00][sql] SELECT * FROM `address` WHERE  `id` = 1 LIMIT 1 [ RunTime:0.000285s ]
[2022-10-26T15:45:59+08:00][sql] SELECT * FROM `address` WHERE  `id` = 2 LIMIT 1 [ RunTime:0.000246s ]
[2022-10-26T15:47:00+08:00][sql] CONNECT:[ UseTime:0.000464s ] mysql:host=localhost;port=3316;dbname=coffee;charset=utf8
[2022-10-26T15:47:00+08:00][sql] SHOW FULL COLUMNS FROM `course` [ RunTime:0.001515s ]
[2022-10-26T15:47:00+08:00][sql] SELECT * FROM `course` WHERE  `id` = 2 LIMIT 1 [ RunTime:0.000330s ]
[2022-10-26T15:47:00+08:00][sql] SHOW FULL COLUMNS FROM `teacher` [ RunTime:0.000997s ]
[2022-10-26T15:47:00+08:00][sql] SELECT `teacher_name`,`teacher_title`,`teacher_avatar` FROM `teacher` WHERE  `id` = 3 LIMIT 1 [ RunTime:0.000216s ]
[2022-10-26T15:47:00+08:00][sql] SHOW FULL COLUMNS FROM `address` [ RunTime:0.001059s ]
[2022-10-26T15:47:00+08:00][sql] SELECT * FROM `address` WHERE  `id` = 1 LIMIT 1 [ RunTime:0.000236s ]
[2022-10-26T15:47:00+08:00][sql] SELECT * FROM `address` WHERE  `id` = 2 LIMIT 1 [ RunTime:0.000193s ]
[2022-10-26T18:36:38+08:00][sql] CONNECT:[ UseTime:0.000407s ] mysql:host=localhost;port=3316;dbname=coffee;charset=utf8
[2022-10-26T18:36:38+08:00][sql] SHOW FULL COLUMNS FROM `course` [ RunTime:0.001662s ]
[2022-10-26T18:36:38+08:00][sql] SELECT `id`,`title`,`price`,`days`,`time` FROM `course` WHERE  `is_time` = 1 ORDER BY `sorting` ASC [ RunTime:0.000327s ]
[2022-10-26T18:36:38+08:00][sql] SELECT `id`,`title` FROM `course` WHERE  `status` = 1 [ RunTime:0.000242s ]
[2022-10-26T18:36:38+08:00][sql] SELECT `id`,`title` FROM `course` WHERE  `status` = 2 [ RunTime:0.000259s ]
[2022-10-26T18:36:38+08:00][sql] SHOW FULL COLUMNS FROM `address` [ RunTime:0.001107s ]
[2022-10-26T18:36:38+08:00][sql] SELECT * FROM `address` WHERE  `id` = 1 LIMIT 1 [ RunTime:0.000282s ]
[2022-10-26T18:36:38+08:00][sql] SELECT * FROM `address` WHERE  `id` = 2 LIMIT 1 [ RunTime:0.000240s ]
[2022-10-26T18:36:41+08:00][sql] CONNECT:[ UseTime:0.000404s ] mysql:host=localhost;port=3316;dbname=coffee;charset=utf8
[2022-10-26T18:36:41+08:00][sql] SHOW FULL COLUMNS FROM `course` [ RunTime:0.001414s ]
[2022-10-26T18:36:41+08:00][sql] SELECT * FROM `course` WHERE  `id` = 2 LIMIT 1 [ RunTime:0.000970s ]
[2022-10-26T18:36:41+08:00][sql] SHOW FULL COLUMNS FROM `teacher` [ RunTime:0.000922s ]
[2022-10-26T18:36:41+08:00][sql] SELECT `teacher_name`,`teacher_title`,`teacher_avatar` FROM `teacher` WHERE  `id` = 3 LIMIT 1 [ RunTime:0.000271s ]
[2022-10-26T18:36:41+08:00][sql] SHOW FULL COLUMNS FROM `address` [ RunTime:0.000898s ]
[2022-10-26T18:36:41+08:00][sql] SELECT * FROM `address` WHERE  `id` = 1 LIMIT 1 [ RunTime:0.000266s ]
[2022-10-26T18:36:41+08:00][sql] SELECT * FROM `address` WHERE  `id` = 2 LIMIT 1 [ RunTime:0.000254s ]
[2022-10-26T18:37:38+08:00][sql] CONNECT:[ UseTime:0.000391s ] mysql:host=localhost;port=3316;dbname=coffee;charset=utf8
[2022-10-26T18:37:38+08:00][sql] SHOW FULL COLUMNS FROM `course` [ RunTime:0.001521s ]
[2022-10-26T18:37:38+08:00][sql] SELECT `id`,`title`,`price`,`days`,`time` FROM `course` WHERE  `is_time` = 1 ORDER BY `sorting` ASC [ RunTime:0.000988s ]
[2022-10-26T18:37:38+08:00][sql] SELECT `id`,`title` FROM `course` WHERE  `status` = 1 [ RunTime:0.000261s ]
[2022-10-26T18:37:38+08:00][sql] SELECT `id`,`title` FROM `course` WHERE  `status` = 2 [ RunTime:0.000282s ]
[2022-10-26T18:37:38+08:00][sql] SHOW FULL COLUMNS FROM `address` [ RunTime:0.000975s ]
[2022-10-26T18:37:38+08:00][sql] SELECT * FROM `address` WHERE  `id` = 1 LIMIT 1 [ RunTime:0.000274s ]
[2022-10-26T18:37:38+08:00][sql] SELECT * FROM `address` WHERE  `id` = 2 LIMIT 1 [ RunTime:0.000255s ]
[2022-10-26T18:58:54+08:00][sql] CONNECT:[ UseTime:0.000724s ] mysql:host=localhost;port=3316;dbname=coffee;charset=utf8
[2022-10-26T18:58:54+08:00][sql] SHOW FULL COLUMNS FROM `course` [ RunTime:0.001441s ]
[2022-10-26T18:58:54+08:00][sql] SELECT * FROM `course` WHERE  `id` = 2 LIMIT 1 [ RunTime:0.000918s ]
[2022-10-26T18:58:54+08:00][sql] SHOW FULL COLUMNS FROM `teacher` [ RunTime:0.000965s ]
[2022-10-26T18:58:54+08:00][sql] SELECT `teacher_name`,`teacher_title`,`teacher_avatar` FROM `teacher` WHERE  `id` = 3 LIMIT 1 [ RunTime:0.000310s ]
[2022-10-26T18:58:54+08:00][sql] SHOW FULL COLUMNS FROM `address` [ RunTime:0.000954s ]
[2022-10-26T18:58:54+08:00][sql] SELECT * FROM `address` WHERE  `id` = 1 LIMIT 1 [ RunTime:0.000273s ]
[2022-10-26T18:58:54+08:00][sql] SELECT * FROM `address` WHERE  `id` = 2 LIMIT 1 [ RunTime:0.000330s ]
[2022-10-26T22:09:05+08:00][sql] CONNECT:[ UseTime:0.000386s ] mysql:host=localhost;port=3316;dbname=coffee;charset=utf8
[2022-10-26T22:09:05+08:00][sql] SHOW FULL COLUMNS FROM `course` [ RunTime:0.001388s ]
[2022-10-26T22:09:05+08:00][sql] SELECT `id`,`title`,`price`,`days`,`time` FROM `course` WHERE  `is_time` = 1 ORDER BY `sorting` ASC [ RunTime:0.000297s ]
[2022-10-26T22:09:05+08:00][sql] SELECT `id`,`title` FROM `course` WHERE  `status` = 1 [ RunTime:0.000223s ]
[2022-10-26T22:09:05+08:00][sql] SELECT `id`,`title` FROM `course` WHERE  `status` = 2 [ RunTime:0.000221s ]
[2022-10-26T22:09:05+08:00][sql] SHOW FULL COLUMNS FROM `address` [ RunTime:0.000927s ]
[2022-10-26T22:09:05+08:00][sql] SELECT * FROM `address` WHERE  `id` = 1 LIMIT 1 [ RunTime:0.000239s ]
[2022-10-26T22:09:05+08:00][sql] SELECT * FROM `address` WHERE  `id` = 2 LIMIT 1 [ RunTime:0.000206s ]
