[2022-10-31T03:39:14+08:00][sql] CONNECT:[ UseTime:0.000397s ] mysql:host=localhost;port=3316;dbname=coffee;charset=utf8
[2022-10-31T03:39:14+08:00][sql] SHOW FULL COLUMNS FROM `course` [ RunTime:0.001435s ]
[2022-10-31T03:39:14+08:00][sql] SELECT `id`,`title`,`price`,`days`,`time` FROM `course` WHERE  `is_time` = 1 ORDER BY `sorting` ASC [ RunTime:0.000780s ]
[2022-10-31T03:39:14+08:00][sql] SELECT `id`,`title` FROM `course` WHERE  `status` = 1 [ RunTime:0.000247s ]
[2022-10-31T03:39:14+08:00][sql] SELECT `id`,`title` FROM `course` WHERE  `status` = 2 [ RunTime:0.000234s ]
[2022-10-31T03:39:14+08:00][sql] SHOW FULL COLUMNS FROM `address` [ RunTime:0.000932s ]
[2022-10-31T03:39:14+08:00][sql] SELECT * FROM `address` WHERE  `id` = 1 LIMIT 1 [ RunTime:0.000283s ]
[2022-10-31T03:39:14+08:00][sql] SELECT * FROM `address` WHERE  `id` = 2 LIMIT 1 [ RunTime:0.000239s ]
[2022-10-31T03:41:04+08:00][sql] CONNECT:[ UseTime:0.000396s ] mysql:host=localhost;port=3316;dbname=coffee;charset=utf8
[2022-10-31T03:41:04+08:00][sql] SHOW FULL COLUMNS FROM `course` [ RunTime:0.001393s ]
[2022-10-31T03:41:04+08:00][sql] SELECT `id`,`title`,`price`,`days`,`time` FROM `course` WHERE  `is_time` = 1 ORDER BY `sorting` ASC [ RunTime:0.000792s ]
[2022-10-31T03:41:04+08:00][sql] SELECT `id`,`title` FROM `course` WHERE  `status` = 1 [ RunTime:0.000213s ]
[2022-10-31T03:41:04+08:00][sql] SELECT `id`,`title` FROM `course` WHERE  `status` = 2 [ RunTime:0.000213s ]
[2022-10-31T03:41:04+08:00][sql] SHOW FULL COLUMNS FROM `address` [ RunTime:0.000967s ]
[2022-10-31T03:41:04+08:00][sql] SELECT * FROM `address` WHERE  `id` = 1 LIMIT 1 [ RunTime:0.000268s ]
[2022-10-31T03:41:04+08:00][sql] SELECT * FROM `address` WHERE  `id` = 2 LIMIT 1 [ RunTime:0.000204s ]
[2022-10-31T06:17:43+08:00][sql] CONNECT:[ UseTime:0.000383s ] mysql:host=localhost;port=3316;dbname=coffee;charset=utf8
[2022-10-31T06:17:43+08:00][sql] SHOW FULL COLUMNS FROM `course` [ RunTime:0.001432s ]
[2022-10-31T06:17:43+08:00][sql] SELECT * FROM `course` WHERE  `id` = 2 LIMIT 1 [ RunTime:0.000300s ]
[2022-10-31T06:17:43+08:00][sql] SHOW FULL COLUMNS FROM `teacher` [ RunTime:0.000872s ]
[2022-10-31T06:17:43+08:00][sql] SELECT `teacher_name`,`teacher_title`,`teacher_avatar` FROM `teacher` WHERE  `id` = 3 LIMIT 1 [ RunTime:0.000263s ]
[2022-10-31T06:17:43+08:00][sql] SHOW FULL COLUMNS FROM `address` [ RunTime:0.001317s ]
[2022-10-31T06:17:43+08:00][sql] SELECT * FROM `address` WHERE  `id` = 1 LIMIT 1 [ RunTime:0.000352s ]
[2022-10-31T06:17:43+08:00][sql] SELECT * FROM `address` WHERE  `id` = 2 LIMIT 1 [ RunTime:0.000224s ]
[2022-10-31T06:26:53+08:00][sql] CONNECT:[ UseTime:0.000385s ] mysql:host=localhost;port=3316;dbname=coffee;charset=utf8
[2022-10-31T06:26:53+08:00][sql] SHOW FULL COLUMNS FROM `course` [ RunTime:0.001375s ]
[2022-10-31T06:26:53+08:00][sql] SELECT * FROM `course` WHERE  `id` = 2 LIMIT 1 [ RunTime:0.000834s ]
[2022-10-31T06:26:53+08:00][sql] SHOW FULL COLUMNS FROM `teacher` [ RunTime:0.000949s ]
[2022-10-31T06:26:53+08:00][sql] SELECT `teacher_name`,`teacher_title`,`teacher_avatar` FROM `teacher` WHERE  `id` = 3 LIMIT 1 [ RunTime:0.000254s ]
[2022-10-31T06:26:53+08:00][sql] SHOW FULL COLUMNS FROM `address` [ RunTime:0.001030s ]
[2022-10-31T06:26:53+08:00][sql] SELECT * FROM `address` WHERE  `id` = 1 LIMIT 1 [ RunTime:0.000277s ]
[2022-10-31T06:26:53+08:00][sql] SELECT * FROM `address` WHERE  `id` = 2 LIMIT 1 [ RunTime:0.000253s ]
[2022-10-31T13:03:50+08:00][sql] CONNECT:[ UseTime:0.000398s ] mysql:host=localhost;port=3316;dbname=coffee;charset=utf8
[2022-10-31T13:03:50+08:00][sql] SHOW FULL COLUMNS FROM `course` [ RunTime:0.001421s ]
[2022-10-31T13:03:50+08:00][sql] SELECT * FROM `course` WHERE  `id` = 2 LIMIT 1 [ RunTime:0.000297s ]
[2022-10-31T13:03:50+08:00][sql] SHOW FULL COLUMNS FROM `teacher` [ RunTime:0.000924s ]
[2022-10-31T13:03:50+08:00][sql] SELECT `teacher_name`,`teacher_title`,`teacher_avatar` FROM `teacher` WHERE  `id` = 3 LIMIT 1 [ RunTime:0.000224s ]
[2022-10-31T13:03:50+08:00][sql] SHOW FULL COLUMNS FROM `address` [ RunTime:0.000877s ]
[2022-10-31T13:03:50+08:00][sql] SELECT * FROM `address` WHERE  `id` = 1 LIMIT 1 [ RunTime:0.000233s ]
[2022-10-31T13:03:50+08:00][sql] SELECT * FROM `address` WHERE  `id` = 2 LIMIT 1 [ RunTime:0.000191s ]
[2022-10-31T13:04:13+08:00][sql] CONNECT:[ UseTime:0.000393s ] mysql:host=localhost;port=3316;dbname=coffee;charset=utf8
[2022-10-31T13:04:13+08:00][sql] SHOW FULL COLUMNS FROM `course` [ RunTime:0.001423s ]
[2022-10-31T13:04:13+08:00][sql] SELECT * FROM `course` WHERE  `id` = 7 LIMIT 1 [ RunTime:0.000279s ]
[2022-10-31T13:04:13+08:00][sql] SHOW FULL COLUMNS FROM `teacher` [ RunTime:0.000951s ]
[2022-10-31T13:04:13+08:00][sql] SELECT `teacher_name`,`teacher_title`,`teacher_avatar` FROM `teacher` WHERE  `id` = 1 LIMIT 1 [ RunTime:0.000231s ]
[2022-10-31T13:04:13+08:00][sql] SHOW FULL COLUMNS FROM `address` [ RunTime:0.000947s ]
[2022-10-31T13:04:13+08:00][sql] SELECT * FROM `address` WHERE  `id` = 1 LIMIT 1 [ RunTime:0.000231s ]
[2022-10-31T13:04:13+08:00][sql] SELECT * FROM `address` WHERE  `id` = 2 LIMIT 1 [ RunTime:0.000196s ]
[2022-10-31T13:04:28+08:00][sql] CONNECT:[ UseTime:0.000452s ] mysql:host=localhost;port=3316;dbname=coffee;charset=utf8
[2022-10-31T13:04:28+08:00][sql] SHOW FULL COLUMNS FROM `course` [ RunTime:0.002317s ]
[2022-10-31T13:04:28+08:00][sql] SELECT * FROM `course` WHERE  `id` = 7 LIMIT 1 [ RunTime:0.000348s ]
[2022-10-31T13:04:28+08:00][sql] SHOW FULL COLUMNS FROM `teacher` [ RunTime:0.000972s ]
[2022-10-31T13:04:28+08:00][sql] SELECT `teacher_name`,`teacher_title`,`teacher_avatar` FROM `teacher` WHERE  `id` = 1 LIMIT 1 [ RunTime:0.000374s ]
[2022-10-31T13:04:28+08:00][sql] SHOW FULL COLUMNS FROM `address` [ RunTime:0.000980s ]
[2022-10-31T13:04:28+08:00][sql] SELECT * FROM `address` WHERE  `id` = 1 LIMIT 1 [ RunTime:0.000327s ]
[2022-10-31T13:04:28+08:00][sql] SELECT * FROM `address` WHERE  `id` = 2 LIMIT 1 [ RunTime:0.000308s ]
[2022-10-31T13:04:34+08:00][sql] CONNECT:[ UseTime:0.000401s ] mysql:host=localhost;port=3316;dbname=coffee;charset=utf8
[2022-10-31T13:04:34+08:00][sql] SHOW FULL COLUMNS FROM `course` [ RunTime:0.001425s ]
[2022-10-31T13:04:34+08:00][sql] SELECT * FROM `course` WHERE  `id` = 1 LIMIT 1 [ RunTime:0.000351s ]
[2022-10-31T13:04:34+08:00][sql] SHOW FULL COLUMNS FROM `teacher` [ RunTime:0.000998s ]
[2022-10-31T13:04:34+08:00][sql] SELECT `teacher_name`,`teacher_title`,`teacher_avatar` FROM `teacher` WHERE  `id` = 1 LIMIT 1 [ RunTime:0.000226s ]
[2022-10-31T13:04:34+08:00][sql] SELECT `teacher_name`,`teacher_title`,`teacher_avatar` FROM `teacher` WHERE  `id` = 2 LIMIT 1 [ RunTime:0.000225s ]
[2022-10-31T13:04:34+08:00][sql] SHOW FULL COLUMNS FROM `address` [ RunTime:0.000902s ]
[2022-10-31T13:04:34+08:00][sql] SELECT * FROM `address` WHERE  `id` = 1 LIMIT 1 [ RunTime:0.000240s ]
[2022-10-31T13:04:34+08:00][sql] SELECT * FROM `address` WHERE  `id` = 2 LIMIT 1 [ RunTime:0.000210s ]
[2022-10-31T13:05:13+08:00][sql] CONNECT:[ UseTime:0.000452s ] mysql:host=localhost;port=3316;dbname=coffee;charset=utf8
[2022-10-31T13:05:13+08:00][sql] SHOW FULL COLUMNS FROM `course` [ RunTime:0.001398s ]
[2022-10-31T13:05:13+08:00][sql] SELECT * FROM `course` WHERE  `id` = 7 LIMIT 1 [ RunTime:0.000349s ]
[2022-10-31T13:05:13+08:00][sql] SHOW FULL COLUMNS FROM `teacher` [ RunTime:0.001001s ]
[2022-10-31T13:05:13+08:00][sql] SELECT `teacher_name`,`teacher_title`,`teacher_avatar` FROM `teacher` WHERE  `id` = 1 LIMIT 1 [ RunTime:0.000285s ]
[2022-10-31T13:05:13+08:00][sql] SHOW FULL COLUMNS FROM `address` [ RunTime:0.001011s ]
[2022-10-31T13:05:13+08:00][sql] SELECT * FROM `address` WHERE  `id` = 1 LIMIT 1 [ RunTime:0.000290s ]
[2022-10-31T13:05:13+08:00][sql] SELECT * FROM `address` WHERE  `id` = 2 LIMIT 1 [ RunTime:0.000264s ]
[2022-10-31T13:05:34+08:00][sql] CONNECT:[ UseTime:0.000394s ] mysql:host=localhost;port=3316;dbname=coffee;charset=utf8
[2022-10-31T13:05:34+08:00][sql] SHOW FULL COLUMNS FROM `course` [ RunTime:0.002270s ]
[2022-10-31T13:05:34+08:00][sql] SELECT * FROM `course` WHERE  `id` = 1 LIMIT 1 [ RunTime:0.000349s ]
[2022-10-31T13:05:34+08:00][sql] SHOW FULL COLUMNS FROM `teacher` [ RunTime:0.001183s ]
[2022-10-31T13:05:34+08:00][sql] SELECT `teacher_name`,`teacher_title`,`teacher_avatar` FROM `teacher` WHERE  `id` = 1 LIMIT 1 [ RunTime:0.000225s ]
[2022-10-31T13:05:34+08:00][sql] SELECT `teacher_name`,`teacher_title`,`teacher_avatar` FROM `teacher` WHERE  `id` = 2 LIMIT 1 [ RunTime:0.000182s ]
[2022-10-31T13:05:34+08:00][sql] SHOW FULL COLUMNS FROM `address` [ RunTime:0.000851s ]
[2022-10-31T13:05:34+08:00][sql] SELECT * FROM `address` WHERE  `id` = 1 LIMIT 1 [ RunTime:0.000245s ]
[2022-10-31T13:05:34+08:00][sql] SELECT * FROM `address` WHERE  `id` = 2 LIMIT 1 [ RunTime:0.000204s ]
[2022-10-31T13:08:56+08:00][sql] CONNECT:[ UseTime:0.000443s ] mysql:host=localhost;port=3316;dbname=coffee;charset=utf8
[2022-10-31T13:08:56+08:00][sql] SHOW FULL COLUMNS FROM `course` [ RunTime:0.001816s ]
[2022-10-31T13:08:56+08:00][sql] SELECT * FROM `course` WHERE  `id` = 1 LIMIT 1 [ RunTime:0.000358s ]
[2022-10-31T13:08:56+08:00][sql] SHOW FULL COLUMNS FROM `teacher` [ RunTime:0.001162s ]
[2022-10-31T13:08:56+08:00][sql] SELECT `teacher_name`,`teacher_title`,`teacher_avatar` FROM `teacher` WHERE  `id` = 1 LIMIT 1 [ RunTime:0.000275s ]
[2022-10-31T13:08:56+08:00][sql] SELECT `teacher_name`,`teacher_title`,`teacher_avatar` FROM `teacher` WHERE  `id` = 2 LIMIT 1 [ RunTime:0.000225s ]
[2022-10-31T13:08:56+08:00][sql] SHOW FULL COLUMNS FROM `address` [ RunTime:0.000972s ]
[2022-10-31T13:08:56+08:00][sql] SELECT * FROM `address` WHERE  `id` = 1 LIMIT 1 [ RunTime:0.000270s ]
[2022-10-31T13:08:56+08:00][sql] SELECT * FROM `address` WHERE  `id` = 2 LIMIT 1 [ RunTime:0.000256s ]
[2022-10-31T13:33:55+08:00][sql] CONNECT:[ UseTime:0.001182s ] mysql:host=localhost;port=3316;dbname=coffee;charset=utf8
[2022-10-31T13:33:55+08:00][sql] SHOW FULL COLUMNS FROM `course` [ RunTime:0.001369s ]
[2022-10-31T13:33:55+08:00][sql] SELECT * FROM `course` WHERE  `id` = 7 LIMIT 1 [ RunTime:0.000837s ]
[2022-10-31T13:33:55+08:00][sql] SHOW FULL COLUMNS FROM `teacher` [ RunTime:0.000962s ]
[2022-10-31T13:33:55+08:00][sql] SELECT `teacher_name`,`teacher_title`,`teacher_avatar` FROM `teacher` WHERE  `id` = 1 LIMIT 1 [ RunTime:0.000263s ]
[2022-10-31T13:33:55+08:00][sql] SHOW FULL COLUMNS FROM `address` [ RunTime:0.001012s ]
[2022-10-31T13:33:55+08:00][sql] SELECT * FROM `address` WHERE  `id` = 1 LIMIT 1 [ RunTime:0.000298s ]
[2022-10-31T13:33:55+08:00][sql] SELECT * FROM `address` WHERE  `id` = 2 LIMIT 1 [ RunTime:0.000247s ]
[2022-10-31T16:34:07+08:00][sql] CONNECT:[ UseTime:0.000451s ] mysql:host=localhost;port=3316;dbname=coffee;charset=utf8
[2022-10-31T16:34:07+08:00][sql] SHOW FULL COLUMNS FROM `course` [ RunTime:0.002017s ]
[2022-10-31T16:34:07+08:00][sql] SELECT * FROM `course` WHERE  `id` = 1 LIMIT 1 [ RunTime:0.000426s ]
[2022-10-31T16:34:07+08:00][sql] SHOW FULL COLUMNS FROM `teacher` [ RunTime:0.001359s ]
[2022-10-31T16:34:07+08:00][sql] SELECT `teacher_name`,`teacher_title`,`teacher_avatar` FROM `teacher` WHERE  `id` = 1 LIMIT 1 [ RunTime:0.000320s ]
[2022-10-31T16:34:07+08:00][sql] SELECT `teacher_name`,`teacher_title`,`teacher_avatar` FROM `teacher` WHERE  `id` = 2 LIMIT 1 [ RunTime:0.000240s ]
[2022-10-31T16:34:07+08:00][sql] SHOW FULL COLUMNS FROM `address` [ RunTime:0.001339s ]
[2022-10-31T16:34:07+08:00][sql] SELECT * FROM `address` WHERE  `id` = 1 LIMIT 1 [ RunTime:0.000321s ]
[2022-10-31T16:34:07+08:00][sql] SELECT * FROM `address` WHERE  `id` = 2 LIMIT 1 [ RunTime:0.000276s ]
[2022-10-31T16:34:07+08:00][sql] CONNECT:[ UseTime:0.000469s ] mysql:host=localhost;port=3316;dbname=coffee;charset=utf8
[2022-10-31T16:34:07+08:00][sql] SHOW FULL COLUMNS FROM `course` [ RunTime:0.001881s ]
[2022-10-31T16:34:07+08:00][sql] SELECT * FROM `course` WHERE  `id` = 7 LIMIT 1 [ RunTime:0.001013s ]
[2022-10-31T16:34:07+08:00][sql] SHOW FULL COLUMNS FROM `teacher` [ RunTime:0.001399s ]
[2022-10-31T16:34:07+08:00][sql] SELECT `teacher_name`,`teacher_title`,`teacher_avatar` FROM `teacher` WHERE  `id` = 1 LIMIT 1 [ RunTime:0.000327s ]
[2022-10-31T16:34:07+08:00][sql] SHOW FULL COLUMNS FROM `address` [ RunTime:0.001281s ]
[2022-10-31T16:34:07+08:00][sql] SELECT * FROM `address` WHERE  `id` = 1 LIMIT 1 [ RunTime:0.000244s ]
[2022-10-31T16:34:07+08:00][sql] SELECT * FROM `address` WHERE  `id` = 2 LIMIT 1 [ RunTime:0.000274s ]
