[2023-02-02T21:14:58+08:00][sql] CONNECT:[ UseTime:0.000440s ] mysql:host=localhost;port=3316;dbname=coffee;charset=utf8
[2023-02-02T21:14:58+08:00][sql] SHOW FULL COLUMNS FROM `teacher` [ RunTime:0.001343s ]
[2023-02-02T21:14:58+08:00][sql] SELECT `teacher_name`,`teacher_title`,`teacher_avatar`,`detail` FROM `teacher` WHERE  `id` = 1 LIMIT 1 [ RunTime:0.000295s ]
[2023-02-02T21:14:58+08:00][sql] SHOW FULL COLUMNS FROM `course` [ RunTime:0.001170s ]
[2023-02-02T21:14:58+08:00][sql] SELECT * FROM `course` WHERE  `about_instructor` LIKE '%1%' [ RunTime:0.000404s ]
[2023-02-02T21:14:58+08:00][sql] SHOW FULL COLUMNS FROM `address` [ RunTime:0.001060s ]
[2023-02-02T21:14:58+08:00][sql] SELECT * FROM `address` WHERE  `id` = 1 LIMIT 1 [ RunTime:0.000229s ]
[2023-02-02T21:14:58+08:00][sql] SELECT * FROM `address` WHERE  `id` = 2 LIMIT 1 [ RunTime:0.000195s ]
[2023-02-02T21:16:43+08:00][sql] CONNECT:[ UseTime:0.000446s ] mysql:host=localhost;port=3316;dbname=coffee;charset=utf8
[2023-02-02T21:16:43+08:00][sql] SHOW FULL COLUMNS FROM `teacher` [ RunTime:0.001354s ]
[2023-02-02T21:16:43+08:00][sql] SELECT `teacher_name`,`teacher_title`,`teacher_avatar`,`detail` FROM `teacher` WHERE  `id` = 1 LIMIT 1 [ RunTime:0.000318s ]
[2023-02-02T21:16:43+08:00][sql] SHOW FULL COLUMNS FROM `course` [ RunTime:0.001218s ]
[2023-02-02T21:16:43+08:00][sql] SELECT * FROM `course` WHERE  `about_instructor` LIKE '%1%' [ RunTime:0.000440s ]
[2023-02-02T21:16:43+08:00][sql] SHOW FULL COLUMNS FROM `address` [ RunTime:0.001108s ]
[2023-02-02T21:16:43+08:00][sql] SELECT * FROM `address` WHERE  `id` = 1 LIMIT 1 [ RunTime:0.000321s ]
[2023-02-02T21:16:43+08:00][sql] SELECT * FROM `address` WHERE  `id` = 2 LIMIT 1 [ RunTime:0.000241s ]
[2023-02-02T21:17:08+08:00][sql] CONNECT:[ UseTime:0.000464s ] mysql:host=localhost;port=3316;dbname=coffee;charset=utf8
[2023-02-02T21:17:08+08:00][sql] SHOW FULL COLUMNS FROM `teacher` [ RunTime:0.001541s ]
[2023-02-02T21:17:08+08:00][sql] SELECT `teacher_name`,`teacher_title`,`teacher_avatar`,`detail` FROM `teacher` WHERE  `id` = 1 LIMIT 1 [ RunTime:0.000362s ]
[2023-02-02T21:17:08+08:00][sql] SHOW FULL COLUMNS FROM `course` [ RunTime:0.001448s ]
[2023-02-02T21:17:08+08:00][sql] SELECT * FROM `course` WHERE  `about_instructor` LIKE '%1%' [ RunTime:0.000770s ]
[2023-02-02T21:17:08+08:00][sql] SHOW FULL COLUMNS FROM `address` [ RunTime:0.001020s ]
[2023-02-02T21:17:08+08:00][sql] SELECT * FROM `address` WHERE  `id` = 1 LIMIT 1 [ RunTime:0.000282s ]
[2023-02-02T21:17:08+08:00][sql] SELECT * FROM `address` WHERE  `id` = 2 LIMIT 1 [ RunTime:0.000228s ]
[2023-02-02T21:20:41+08:00][sql] CONNECT:[ UseTime:0.000406s ] mysql:host=localhost;port=3316;dbname=coffee;charset=utf8
[2023-02-02T21:20:41+08:00][sql] SHOW FULL COLUMNS FROM `teacher` [ RunTime:0.001351s ]
[2023-02-02T21:20:41+08:00][sql] SELECT `teacher_name`,`teacher_title`,`teacher_avatar`,`detail` FROM `teacher` WHERE  `id` = 1 LIMIT 1 [ RunTime:0.000311s ]
[2023-02-02T21:20:41+08:00][sql] SHOW FULL COLUMNS FROM `course` [ RunTime:0.001126s ]
[2023-02-02T21:20:41+08:00][sql] SELECT * FROM `course` WHERE  `about_instructor` LIKE '%1%' [ RunTime:0.000473s ]
[2023-02-02T21:20:41+08:00][sql] SHOW FULL COLUMNS FROM `address` [ RunTime:0.000963s ]
[2023-02-02T21:20:41+08:00][sql] SELECT * FROM `address` WHERE  `id` = 1 LIMIT 1 [ RunTime:0.000346s ]
[2023-02-02T21:20:41+08:00][sql] SELECT * FROM `address` WHERE  `id` = 2 LIMIT 1 [ RunTime:0.000250s ]
