[2023-02-08T03:22:21+08:00][sql] CONNECT:[ UseTime:0.000380s ] mysql:host=localhost;port=3316;dbname=coffee;charset=utf8
[2023-02-08T03:22:21+08:00][sql] SHOW FULL COLUMNS FROM `teacher` [ RunTime:0.001303s ]
[2023-02-08T03:22:21+08:00][sql] SELECT `id`,`teacher_name`,`teacher_avatar`,`Introduction` FROM `teacher` [ RunTime:0.000223s ]
[2023-02-08T03:22:21+08:00][sql] SHOW FULL COLUMNS FROM `address` [ RunTime:0.000894s ]
[2023-02-08T03:22:21+08:00][sql] SELECT * FROM `address` WHERE  `id` = 1 LIMIT 1 [ RunTime:0.000283s ]
[2023-02-08T03:22:21+08:00][sql] SELECT * FROM `address` WHERE  `id` = 2 LIMIT 1 [ RunTime:0.000228s ]
[2023-02-08T03:30:51+08:00][sql] CONNECT:[ UseTime:0.007170s ] mysql:host=localhost;port=3316;dbname=coffee;charset=utf8
[2023-02-08T03:30:51+08:00][sql] SHOW FULL COLUMNS FROM `teacher` [ RunTime:0.001755s ]
[2023-02-08T03:30:51+08:00][sql] SELECT `id`,`teacher_name`,`teacher_avatar`,`Introduction` FROM `teacher` [ RunTime:0.000280s ]
[2023-02-08T03:30:51+08:00][sql] SHOW FULL COLUMNS FROM `address` [ RunTime:0.002317s ]
[2023-02-08T03:30:51+08:00][sql] SELECT * FROM `address` WHERE  `id` = 1 LIMIT 1 [ RunTime:0.000325s ]
[2023-02-08T03:30:51+08:00][sql] SELECT * FROM `address` WHERE  `id` = 2 LIMIT 1 [ RunTime:0.000303s ]
[2023-02-08T05:07:02+08:00][sql] CONNECT:[ UseTime:0.000429s ] mysql:host=localhost;port=3316;dbname=coffee;charset=utf8
[2023-02-08T05:07:02+08:00][sql] SHOW FULL COLUMNS FROM `teacher` [ RunTime:0.001445s ]
[2023-02-08T05:07:02+08:00][sql] SELECT `teacher_name`,`teacher_title`,`teacher_avatar`,`detail` FROM `teacher` WHERE  `id` = 2 LIMIT 1 [ RunTime:0.000322s ]
[2023-02-08T05:07:02+08:00][sql] SHOW FULL COLUMNS FROM `course` [ RunTime:0.001109s ]
[2023-02-08T05:07:02+08:00][sql] SELECT * FROM `course` WHERE  `about_instructor` LIKE '%2%' [ RunTime:0.000401s ]
[2023-02-08T05:07:02+08:00][sql] SHOW FULL COLUMNS FROM `address` [ RunTime:0.000932s ]
[2023-02-08T05:07:02+08:00][sql] SELECT * FROM `address` WHERE  `id` = 1 LIMIT 1 [ RunTime:0.000295s ]
[2023-02-08T05:07:02+08:00][sql] SELECT * FROM `address` WHERE  `id` = 2 LIMIT 1 [ RunTime:0.000253s ]
[2023-02-08T05:10:37+08:00][sql] CONNECT:[ UseTime:0.000474s ] mysql:host=localhost;port=3316;dbname=coffee;charset=utf8
[2023-02-08T05:10:37+08:00][sql] SHOW FULL COLUMNS FROM `teacher` [ RunTime:0.001248s ]
[2023-02-08T05:10:37+08:00][sql] SELECT `teacher_name`,`teacher_title`,`teacher_avatar`,`detail` FROM `teacher` WHERE  `id` = 2 LIMIT 1 [ RunTime:0.000291s ]
[2023-02-08T05:10:37+08:00][sql] SHOW FULL COLUMNS FROM `course` [ RunTime:0.001091s ]
[2023-02-08T05:10:37+08:00][sql] SELECT * FROM `course` WHERE  `about_instructor` LIKE '%2%' [ RunTime:0.000443s ]
[2023-02-08T05:10:37+08:00][sql] SHOW FULL COLUMNS FROM `address` [ RunTime:0.000958s ]
[2023-02-08T05:10:37+08:00][sql] SELECT * FROM `address` WHERE  `id` = 1 LIMIT 1 [ RunTime:0.000264s ]
[2023-02-08T05:10:37+08:00][sql] SELECT * FROM `address` WHERE  `id` = 2 LIMIT 1 [ RunTime:0.000258s ]
[2023-02-08T10:49:35+08:00][sql] CONNECT:[ UseTime:0.000419s ] mysql:host=localhost;port=3316;dbname=coffee;charset=utf8
[2023-02-08T10:49:35+08:00][sql] SHOW FULL COLUMNS FROM `teacher` [ RunTime:0.001311s ]
[2023-02-08T10:49:35+08:00][sql] SELECT `teacher_name`,`teacher_title`,`teacher_avatar`,`detail` FROM `teacher` WHERE  `id` = 2 LIMIT 1 [ RunTime:0.000257s ]
[2023-02-08T10:49:35+08:00][sql] SHOW FULL COLUMNS FROM `course` [ RunTime:0.001262s ]
[2023-02-08T10:49:35+08:00][sql] SELECT * FROM `course` WHERE  `about_instructor` LIKE '%2%' [ RunTime:0.000426s ]
[2023-02-08T10:49:35+08:00][sql] SHOW FULL COLUMNS FROM `address` [ RunTime:0.001114s ]
[2023-02-08T10:49:35+08:00][sql] SELECT * FROM `address` WHERE  `id` = 1 LIMIT 1 [ RunTime:0.000258s ]
[2023-02-08T10:49:35+08:00][sql] SELECT * FROM `address` WHERE  `id` = 2 LIMIT 1 [ RunTime:0.000232s ]
