[2023-02-10T17:08:40+08:00][sql] CONNECT:[ UseTime:0.000476s ] mysql:host=localhost;port=3316;dbname=coffee;charset=utf8
[2023-02-10T17:08:40+08:00][sql] SHOW FULL COLUMNS FROM `teacher` [ RunTime:0.001355s ]
[2023-02-10T17:08:40+08:00][sql] SELECT `id`,`teacher_name`,`teacher_avatar`,`Introduction` FROM `teacher` [ RunTime:0.000331s ]
[2023-02-10T17:08:40+08:00][sql] SHOW FULL COLUMNS FROM `address` [ RunTime:0.001097s ]
[2023-02-10T17:08:40+08:00][sql] SELECT * FROM `address` WHERE  `id` = 1 LIMIT 1 [ RunTime:0.000246s ]
[2023-02-10T17:08:40+08:00][sql] SELECT * FROM `address` WHERE  `id` = 2 LIMIT 1 [ RunTime:0.000208s ]
[2023-02-10T17:43:49+08:00][sql] CONNECT:[ UseTime:0.009676s ] mysql:host=localhost;port=3316;dbname=coffee;charset=utf8
[2023-02-10T17:43:49+08:00][sql] SHOW FULL COLUMNS FROM `teacher` [ RunTime:0.001937s ]
[2023-02-10T17:43:49+08:00][sql] SELECT `id`,`teacher_name`,`teacher_avatar`,`Introduction` FROM `teacher` [ RunTime:0.000391s ]
[2023-02-10T17:43:49+08:00][sql] SHOW FULL COLUMNS FROM `address` [ RunTime:0.001331s ]
[2023-02-10T17:43:49+08:00][sql] SELECT * FROM `address` WHERE  `id` = 1 LIMIT 1 [ RunTime:0.000435s ]
[2023-02-10T17:43:49+08:00][sql] SELECT * FROM `address` WHERE  `id` = 2 LIMIT 1 [ RunTime:0.000359s ]
[2023-02-10T18:09:24+08:00][sql] CONNECT:[ UseTime:0.000434s ] mysql:host=localhost;port=3316;dbname=coffee;charset=utf8
[2023-02-10T18:09:24+08:00][sql] SHOW FULL COLUMNS FROM `teacher` [ RunTime:0.001338s ]
[2023-02-10T18:09:24+08:00][sql] SELECT `teacher_name`,`teacher_title`,`teacher_avatar`,`detail` FROM `teacher` WHERE  `id` = 3 LIMIT 1 [ RunTime:0.000288s ]
[2023-02-10T18:09:24+08:00][sql] SHOW FULL COLUMNS FROM `course` [ RunTime:0.001146s ]
[2023-02-10T18:09:24+08:00][sql] SELECT * FROM `course` WHERE  `about_instructor` LIKE '%3%' [ RunTime:0.000372s ]
[2023-02-10T18:09:24+08:00][sql] SHOW FULL COLUMNS FROM `address` [ RunTime:0.001032s ]
[2023-02-10T18:09:24+08:00][sql] SELECT * FROM `address` WHERE  `id` = 1 LIMIT 1 [ RunTime:0.000278s ]
[2023-02-10T18:09:24+08:00][sql] SELECT * FROM `address` WHERE  `id` = 2 LIMIT 1 [ RunTime:0.000250s ]
[2023-02-10T18:11:55+08:00][sql] CONNECT:[ UseTime:0.000405s ] mysql:host=localhost;port=3316;dbname=coffee;charset=utf8
[2023-02-10T18:11:55+08:00][sql] SHOW FULL COLUMNS FROM `teacher` [ RunTime:0.001272s ]
[2023-02-10T18:11:55+08:00][sql] SELECT `teacher_name`,`teacher_title`,`teacher_avatar`,`detail` FROM `teacher` WHERE  `id` = 3 LIMIT 1 [ RunTime:0.000310s ]
[2023-02-10T18:11:55+08:00][sql] SHOW FULL COLUMNS FROM `course` [ RunTime:0.001115s ]
[2023-02-10T18:11:55+08:00][sql] SELECT * FROM `course` WHERE  `about_instructor` LIKE '%3%' [ RunTime:0.000348s ]
[2023-02-10T18:11:55+08:00][sql] SHOW FULL COLUMNS FROM `address` [ RunTime:0.000977s ]
[2023-02-10T18:11:55+08:00][sql] SELECT * FROM `address` WHERE  `id` = 1 LIMIT 1 [ RunTime:0.000322s ]
[2023-02-10T18:11:55+08:00][sql] SELECT * FROM `address` WHERE  `id` = 2 LIMIT 1 [ RunTime:0.000249s ]
[2023-02-10T21:20:00+08:00][sql] CONNECT:[ UseTime:0.000938s ] mysql:host=localhost;port=3316;dbname=coffee;charset=utf8
[2023-02-10T21:20:00+08:00][sql] SHOW FULL COLUMNS FROM `teacher` [ RunTime:0.001725s ]
[2023-02-10T21:20:00+08:00][sql] SELECT `id`,`teacher_name`,`teacher_avatar`,`Introduction` FROM `teacher` [ RunTime:0.000265s ]
[2023-02-10T21:20:00+08:00][sql] SHOW FULL COLUMNS FROM `address` [ RunTime:0.001168s ]
[2023-02-10T21:20:00+08:00][sql] SELECT * FROM `address` WHERE  `id` = 1 LIMIT 1 [ RunTime:0.000299s ]
[2023-02-10T21:20:00+08:00][sql] SELECT * FROM `address` WHERE  `id` = 2 LIMIT 1 [ RunTime:0.000282s ]
[2023-02-10T21:20:22+08:00][sql] CONNECT:[ UseTime:0.027144s ] mysql:host=localhost;port=3316;dbname=coffee;charset=utf8
[2023-02-10T21:20:22+08:00][sql] SHOW FULL COLUMNS FROM `teacher` [ RunTime:0.001870s ]
[2023-02-10T21:20:22+08:00][sql] SELECT `teacher_name`,`teacher_title`,`teacher_avatar`,`detail` FROM `teacher` WHERE  `id` = 1 LIMIT 1 [ RunTime:0.000456s ]
[2023-02-10T21:20:22+08:00][sql] SHOW FULL COLUMNS FROM `course` [ RunTime:0.003222s ]
[2023-02-10T21:20:22+08:00][sql] SELECT * FROM `course` WHERE  `about_instructor` LIKE '%1%' [ RunTime:0.000662s ]
[2023-02-10T21:20:22+08:00][sql] SHOW FULL COLUMNS FROM `address` [ RunTime:0.001715s ]
[2023-02-10T21:20:22+08:00][sql] SELECT * FROM `address` WHERE  `id` = 1 LIMIT 1 [ RunTime:0.000325s ]
[2023-02-10T21:20:22+08:00][sql] SELECT * FROM `address` WHERE  `id` = 2 LIMIT 1 [ RunTime:0.000303s ]
[2023-02-10T21:21:01+08:00][sql] CONNECT:[ UseTime:0.000458s ] mysql:host=localhost;port=3316;dbname=coffee;charset=utf8
[2023-02-10T21:21:01+08:00][sql] SHOW FULL COLUMNS FROM `teacher` [ RunTime:0.001266s ]
[2023-02-10T21:21:01+08:00][sql] SELECT `id`,`teacher_name`,`teacher_avatar`,`Introduction` FROM `teacher` [ RunTime:0.000254s ]
[2023-02-10T21:21:01+08:00][sql] SHOW FULL COLUMNS FROM `address` [ RunTime:0.000949s ]
[2023-02-10T21:21:01+08:00][sql] SELECT * FROM `address` WHERE  `id` = 1 LIMIT 1 [ RunTime:0.000281s ]
[2023-02-10T21:21:01+08:00][sql] SELECT * FROM `address` WHERE  `id` = 2 LIMIT 1 [ RunTime:0.000260s ]
[2023-02-10T21:21:22+08:00][sql] CONNECT:[ UseTime:0.000450s ] mysql:host=localhost;port=3316;dbname=coffee;charset=utf8
[2023-02-10T21:21:22+08:00][sql] SHOW FULL COLUMNS FROM `teacher` [ RunTime:0.001304s ]
[2023-02-10T21:21:22+08:00][sql] SELECT `teacher_name`,`teacher_title`,`teacher_avatar`,`detail` FROM `teacher` WHERE  `id` = 1 LIMIT 1 [ RunTime:0.000291s ]
[2023-02-10T21:21:22+08:00][sql] SHOW FULL COLUMNS FROM `course` [ RunTime:0.001098s ]
[2023-02-10T21:21:22+08:00][sql] SELECT * FROM `course` WHERE  `about_instructor` LIKE '%1%' [ RunTime:0.000438s ]
[2023-02-10T21:21:22+08:00][sql] SHOW FULL COLUMNS FROM `address` [ RunTime:0.000968s ]
[2023-02-10T21:21:22+08:00][sql] SELECT * FROM `address` WHERE  `id` = 1 LIMIT 1 [ RunTime:0.000296s ]
[2023-02-10T21:21:22+08:00][sql] SELECT * FROM `address` WHERE  `id` = 2 LIMIT 1 [ RunTime:0.000250s ]
[2023-02-10T21:30:16+08:00][sql] CONNECT:[ UseTime:0.000484s ] mysql:host=localhost;port=3316;dbname=coffee;charset=utf8
[2023-02-10T21:30:16+08:00][sql] SHOW FULL COLUMNS FROM `teacher` [ RunTime:0.001806s ]
[2023-02-10T21:30:16+08:00][sql] SELECT `teacher_name`,`teacher_title`,`teacher_avatar`,`detail` FROM `teacher` WHERE  `id` = 1 LIMIT 1 [ RunTime:0.000341s ]
[2023-02-10T21:30:16+08:00][sql] SHOW FULL COLUMNS FROM `course` [ RunTime:0.001683s ]
[2023-02-10T21:30:16+08:00][sql] SELECT * FROM `course` WHERE  `about_instructor` LIKE '%1%' [ RunTime:0.000453s ]
[2023-02-10T21:30:16+08:00][sql] SHOW FULL COLUMNS FROM `address` [ RunTime:0.001219s ]
[2023-02-10T21:30:16+08:00][sql] SELECT * FROM `address` WHERE  `id` = 1 LIMIT 1 [ RunTime:0.000293s ]
[2023-02-10T21:30:16+08:00][sql] SELECT * FROM `address` WHERE  `id` = 2 LIMIT 1 [ RunTime:0.000239s ]
