[2023-02-20T01:13:51+08:00][sql] CONNECT:[ UseTime:0.000396s ] mysql:host=localhost;port=3316;dbname=coffee;charset=utf8
[2023-02-20T01:13:51+08:00][sql] SHOW FULL COLUMNS FROM `teacher` [ RunTime:0.001328s ]
[2023-02-20T01:13:51+08:00][sql] SELECT `id`,`teacher_name`,`teacher_avatar`,`Introduction` FROM `teacher` [ RunTime:0.000226s ]
[2023-02-20T01:13:51+08:00][sql] SHOW FULL COLUMNS FROM `address` [ RunTime:0.000992s ]
[2023-02-20T01:13:51+08:00][sql] SELECT * FROM `address` WHERE  `id` = 1 LIMIT 1 [ RunTime:0.000266s ]
[2023-02-20T01:13:51+08:00][sql] SELECT * FROM `address` WHERE  `id` = 2 LIMIT 1 [ RunTime:0.000210s ]
[2023-02-20T10:26:36+08:00][sql] CONNECT:[ UseTime:0.000347s ] mysql:host=localhost;port=3316;dbname=coffee;charset=utf8
[2023-02-20T10:26:36+08:00][sql] SHOW FULL COLUMNS FROM `teacher` [ RunTime:0.001175s ]
[2023-02-20T10:26:36+08:00][sql] SELECT `id`,`teacher_name`,`teacher_avatar`,`Introduction` FROM `teacher` [ RunTime:0.000214s ]
[2023-02-20T10:26:36+08:00][sql] SHOW FULL COLUMNS FROM `address` [ RunTime:0.000962s ]
[2023-02-20T10:26:36+08:00][sql] SELECT * FROM `address` WHERE  `id` = 1 LIMIT 1 [ RunTime:0.000259s ]
[2023-02-20T10:26:36+08:00][sql] SELECT * FROM `address` WHERE  `id` = 2 LIMIT 1 [ RunTime:0.000215s ]
[2023-02-20T10:27:36+08:00][sql] CONNECT:[ UseTime:0.000414s ] mysql:host=localhost;port=3316;dbname=coffee;charset=utf8
[2023-02-20T10:27:36+08:00][sql] SHOW FULL COLUMNS FROM `teacher` [ RunTime:0.001244s ]
[2023-02-20T10:27:36+08:00][sql] SELECT `id`,`teacher_name`,`teacher_avatar`,`Introduction` FROM `teacher` [ RunTime:0.000223s ]
[2023-02-20T10:27:36+08:00][sql] SHOW FULL COLUMNS FROM `address` [ RunTime:0.000972s ]
[2023-02-20T10:27:36+08:00][sql] SELECT * FROM `address` WHERE  `id` = 1 LIMIT 1 [ RunTime:0.000281s ]
[2023-02-20T10:27:36+08:00][sql] SELECT * FROM `address` WHERE  `id` = 2 LIMIT 1 [ RunTime:0.000257s ]
[2023-02-20T11:14:47+08:00][sql] CONNECT:[ UseTime:0.000398s ] mysql:host=localhost;port=3316;dbname=coffee;charset=utf8
[2023-02-20T11:14:47+08:00][sql] SHOW FULL COLUMNS FROM `teacher` [ RunTime:0.001222s ]
[2023-02-20T11:14:47+08:00][sql] SELECT `teacher_name`,`teacher_title`,`teacher_avatar`,`detail` FROM `teacher` WHERE  `id` = 2 LIMIT 1 [ RunTime:0.000294s ]
[2023-02-20T11:14:47+08:00][sql] SHOW FULL COLUMNS FROM `course` [ RunTime:0.001143s ]
[2023-02-20T11:14:47+08:00][sql] SELECT * FROM `course` WHERE  `about_instructor` LIKE '%2%' [ RunTime:0.000438s ]
[2023-02-20T11:14:47+08:00][sql] SHOW FULL COLUMNS FROM `address` [ RunTime:0.000966s ]
[2023-02-20T11:14:47+08:00][sql] SELECT * FROM `address` WHERE  `id` = 1 LIMIT 1 [ RunTime:0.000387s ]
[2023-02-20T11:14:47+08:00][sql] SELECT * FROM `address` WHERE  `id` = 2 LIMIT 1 [ RunTime:0.000247s ]
