[2023-02-26T22:47:47+08:00][sql] CONNECT:[ UseTime:0.000439s ] mysql:host=localhost;port=3316;dbname=coffee;charset=utf8
[2023-02-26T22:47:47+08:00][sql] SHOW FULL COLUMNS FROM `teacher` [ RunTime:0.001238s ]
[2023-02-26T22:47:47+08:00][sql] SELECT `teacher_name`,`teacher_title`,`teacher_avatar`,`detail` FROM `teacher` WHERE  `id` = 1 LIMIT 1 [ RunTime:0.000294s ]
[2023-02-26T22:47:47+08:00][sql] SHOW FULL COLUMNS FROM `course` [ RunTime:0.001135s ]
[2023-02-26T22:47:47+08:00][sql] SELECT * FROM `course` WHERE  `about_instructor` LIKE '%1%' [ RunTime:0.000501s ]
[2023-02-26T22:47:47+08:00][sql] SHOW FULL COLUMNS FROM `address` [ RunTime:0.000962s ]
[2023-02-26T22:47:47+08:00][sql] SELECT * FROM `address` WHERE  `id` = 1 LIMIT 1 [ RunTime:0.000329s ]
[2023-02-26T22:47:47+08:00][sql] SELECT * FROM `address` WHERE  `id` = 2 LIMIT 1 [ RunTime:0.000249s ]
[2023-02-26T22:48:08+08:00][sql] CONNECT:[ UseTime:0.000510s ] mysql:host=localhost;port=3316;dbname=coffee;charset=utf8
[2023-02-26T22:48:08+08:00][sql] SHOW FULL COLUMNS FROM `teacher` [ RunTime:0.001655s ]
[2023-02-26T22:48:08+08:00][sql] SELECT `teacher_name`,`teacher_title`,`teacher_avatar`,`detail` FROM `teacher` WHERE  `id` = 3 LIMIT 1 [ RunTime:0.000332s ]
[2023-02-26T22:48:08+08:00][sql] SHOW FULL COLUMNS FROM `course` [ RunTime:0.001419s ]
[2023-02-26T22:48:08+08:00][sql] SELECT * FROM `course` WHERE  `about_instructor` LIKE '%3%' [ RunTime:0.000405s ]
[2023-02-26T22:48:08+08:00][sql] SHOW FULL COLUMNS FROM `address` [ RunTime:0.001506s ]
[2023-02-26T22:48:08+08:00][sql] SELECT * FROM `address` WHERE  `id` = 1 LIMIT 1 [ RunTime:0.000370s ]
[2023-02-26T22:48:08+08:00][sql] SELECT * FROM `address` WHERE  `id` = 2 LIMIT 1 [ RunTime:0.000228s ]
[2023-02-26T22:48:41+08:00][sql] CONNECT:[ UseTime:0.000415s ] mysql:host=localhost;port=3316;dbname=coffee;charset=utf8
[2023-02-26T22:48:41+08:00][sql] SHOW FULL COLUMNS FROM `teacher` [ RunTime:0.001291s ]
[2023-02-26T22:48:41+08:00][sql] SELECT `teacher_name`,`teacher_title`,`teacher_avatar`,`detail` FROM `teacher` WHERE  `id` = 1 LIMIT 1 [ RunTime:0.000294s ]
[2023-02-26T22:48:41+08:00][sql] SHOW FULL COLUMNS FROM `course` [ RunTime:0.001119s ]
[2023-02-26T22:48:41+08:00][sql] SELECT * FROM `course` WHERE  `about_instructor` LIKE '%1%' [ RunTime:0.000459s ]
[2023-02-26T22:48:41+08:00][sql] SHOW FULL COLUMNS FROM `address` [ RunTime:0.000996s ]
[2023-02-26T22:48:41+08:00][sql] SELECT * FROM `address` WHERE  `id` = 1 LIMIT 1 [ RunTime:0.000282s ]
[2023-02-26T22:48:41+08:00][sql] SELECT * FROM `address` WHERE  `id` = 2 LIMIT 1 [ RunTime:0.000261s ]
[2023-02-26T22:48:54+08:00][sql] CONNECT:[ UseTime:0.000402s ] mysql:host=localhost;port=3316;dbname=coffee;charset=utf8
[2023-02-26T22:48:54+08:00][sql] SHOW FULL COLUMNS FROM `teacher` [ RunTime:0.001272s ]
[2023-02-26T22:48:54+08:00][sql] SELECT `teacher_name`,`teacher_title`,`teacher_avatar`,`detail` FROM `teacher` WHERE  `id` = 2 LIMIT 1 [ RunTime:0.000252s ]
[2023-02-26T22:48:54+08:00][sql] SHOW FULL COLUMNS FROM `course` [ RunTime:0.001039s ]
[2023-02-26T22:48:54+08:00][sql] SELECT * FROM `course` WHERE  `about_instructor` LIKE '%2%' [ RunTime:0.000362s ]
[2023-02-26T22:48:54+08:00][sql] SHOW FULL COLUMNS FROM `address` [ RunTime:0.001013s ]
[2023-02-26T22:48:54+08:00][sql] SELECT * FROM `address` WHERE  `id` = 1 LIMIT 1 [ RunTime:0.000239s ]
[2023-02-26T22:48:54+08:00][sql] SELECT * FROM `address` WHERE  `id` = 2 LIMIT 1 [ RunTime:0.000221s ]
[2023-02-26T22:49:11+08:00][sql] CONNECT:[ UseTime:0.000454s ] mysql:host=localhost;port=3316;dbname=coffee;charset=utf8
[2023-02-26T22:49:11+08:00][sql] SHOW FULL COLUMNS FROM `teacher` [ RunTime:0.001384s ]
[2023-02-26T22:49:11+08:00][sql] SELECT `teacher_name`,`teacher_title`,`teacher_avatar`,`detail` FROM `teacher` WHERE  `id` = 3 LIMIT 1 [ RunTime:0.000310s ]
[2023-02-26T22:49:11+08:00][sql] SHOW FULL COLUMNS FROM `course` [ RunTime:0.001151s ]
[2023-02-26T22:49:11+08:00][sql] SELECT * FROM `course` WHERE  `about_instructor` LIKE '%3%' [ RunTime:0.000357s ]
[2023-02-26T22:49:11+08:00][sql] SHOW FULL COLUMNS FROM `address` [ RunTime:0.001030s ]
[2023-02-26T22:49:11+08:00][sql] SELECT * FROM `address` WHERE  `id` = 1 LIMIT 1 [ RunTime:0.000289s ]
[2023-02-26T22:49:11+08:00][sql] SELECT * FROM `address` WHERE  `id` = 2 LIMIT 1 [ RunTime:0.000326s ]
[2023-02-26T22:49:15+08:00][sql] CONNECT:[ UseTime:0.000425s ] mysql:host=localhost;port=3316;dbname=coffee;charset=utf8
[2023-02-26T22:49:15+08:00][sql] SHOW FULL COLUMNS FROM `teacher` [ RunTime:0.001674s ]
[2023-02-26T22:49:15+08:00][sql] SELECT `teacher_name`,`teacher_title`,`teacher_avatar`,`detail` FROM `teacher` WHERE  `id` = 1 LIMIT 1 [ RunTime:0.000305s ]
[2023-02-26T22:49:15+08:00][sql] SHOW FULL COLUMNS FROM `course` [ RunTime:0.001431s ]
[2023-02-26T22:49:15+08:00][sql] SELECT * FROM `course` WHERE  `about_instructor` LIKE '%1%' [ RunTime:0.000461s ]
[2023-02-26T22:49:15+08:00][sql] SHOW FULL COLUMNS FROM `address` [ RunTime:0.001229s ]
[2023-02-26T22:49:15+08:00][sql] SELECT * FROM `address` WHERE  `id` = 1 LIMIT 1 [ RunTime:0.000299s ]
[2023-02-26T22:49:15+08:00][sql] SELECT * FROM `address` WHERE  `id` = 2 LIMIT 1 [ RunTime:0.000249s ]
[2023-02-26T22:50:11+08:00][sql] CONNECT:[ UseTime:0.000388s ] mysql:host=localhost;port=3316;dbname=coffee;charset=utf8
[2023-02-26T22:50:11+08:00][sql] SHOW FULL COLUMNS FROM `teacher` [ RunTime:0.001228s ]
[2023-02-26T22:50:11+08:00][sql] SELECT `teacher_name`,`teacher_title`,`teacher_avatar`,`detail` FROM `teacher` WHERE  `id` = 3 LIMIT 1 [ RunTime:0.000267s ]
[2023-02-26T22:50:11+08:00][sql] SHOW FULL COLUMNS FROM `course` [ RunTime:0.001101s ]
[2023-02-26T22:50:11+08:00][sql] SELECT * FROM `course` WHERE  `about_instructor` LIKE '%3%' [ RunTime:0.000370s ]
[2023-02-26T22:50:11+08:00][sql] SHOW FULL COLUMNS FROM `address` [ RunTime:0.000981s ]
[2023-02-26T22:50:11+08:00][sql] SELECT * FROM `address` WHERE  `id` = 1 LIMIT 1 [ RunTime:0.000282s ]
[2023-02-26T22:50:11+08:00][sql] SELECT * FROM `address` WHERE  `id` = 2 LIMIT 1 [ RunTime:0.000266s ]
[2023-02-26T22:50:12+08:00][sql] CONNECT:[ UseTime:0.000401s ] mysql:host=localhost;port=3316;dbname=coffee;charset=utf8
[2023-02-26T22:50:12+08:00][sql] SHOW FULL COLUMNS FROM `teacher` [ RunTime:0.001272s ]
[2023-02-26T22:50:12+08:00][sql] SELECT `teacher_name`,`teacher_title`,`teacher_avatar`,`detail` FROM `teacher` WHERE  `id` = 3 LIMIT 1 [ RunTime:0.000290s ]
[2023-02-26T22:50:12+08:00][sql] SHOW FULL COLUMNS FROM `course` [ RunTime:0.001064s ]
[2023-02-26T22:50:12+08:00][sql] SELECT * FROM `course` WHERE  `about_instructor` LIKE '%3%' [ RunTime:0.000352s ]
[2023-02-26T22:50:12+08:00][sql] SHOW FULL COLUMNS FROM `address` [ RunTime:0.000983s ]
[2023-02-26T22:50:12+08:00][sql] SELECT * FROM `address` WHERE  `id` = 1 LIMIT 1 [ RunTime:0.000281s ]
[2023-02-26T22:50:12+08:00][sql] SELECT * FROM `address` WHERE  `id` = 2 LIMIT 1 [ RunTime:0.000262s ]
[2023-02-26T22:50:50+08:00][sql] CONNECT:[ UseTime:0.000458s ] mysql:host=localhost;port=3316;dbname=coffee;charset=utf8
[2023-02-26T22:50:50+08:00][sql] SHOW FULL COLUMNS FROM `teacher` [ RunTime:0.001280s ]
[2023-02-26T22:50:50+08:00][sql] SELECT `teacher_name`,`teacher_title`,`teacher_avatar`,`detail` FROM `teacher` WHERE  `id` = 2 LIMIT 1 [ RunTime:0.000273s ]
[2023-02-26T22:50:50+08:00][sql] SHOW FULL COLUMNS FROM `course` [ RunTime:0.001175s ]
[2023-02-26T22:50:50+08:00][sql] SELECT * FROM `course` WHERE  `about_instructor` LIKE '%2%' [ RunTime:0.000438s ]
[2023-02-26T22:50:50+08:00][sql] SHOW FULL COLUMNS FROM `address` [ RunTime:0.000961s ]
[2023-02-26T22:50:50+08:00][sql] SELECT * FROM `address` WHERE  `id` = 1 LIMIT 1 [ RunTime:0.000278s ]
[2023-02-26T22:50:50+08:00][sql] SELECT * FROM `address` WHERE  `id` = 2 LIMIT 1 [ RunTime:0.000251s ]
