[2023-02-27T00:33:13+08:00][sql] CONNECT:[ UseTime:0.000392s ] mysql:host=localhost;port=3316;dbname=coffee;charset=utf8
[2023-02-27T00:33:13+08:00][sql] SHOW FULL COLUMNS FROM `teacher` [ RunTime:0.001226s ]
[2023-02-27T00:33:13+08:00][sql] SELECT `teacher_name`,`teacher_title`,`teacher_avatar`,`detail` FROM `teacher` WHERE  `id` = 1 LIMIT 1 [ RunTime:0.000258s ]
[2023-02-27T00:33:13+08:00][sql] SHOW FULL COLUMNS FROM `course` [ RunTime:0.001039s ]
[2023-02-27T00:33:13+08:00][sql] SELECT * FROM `course` WHERE  `about_instructor` LIKE '%1%' [ RunTime:0.000388s ]
[2023-02-27T00:33:13+08:00][sql] SHOW FULL COLUMNS FROM `address` [ RunTime:0.000930s ]
[2023-02-27T00:33:13+08:00][sql] SELECT * FROM `address` WHERE  `id` = 1 LIMIT 1 [ RunTime:0.000234s ]
[2023-02-27T00:33:13+08:00][sql] SELECT * FROM `address` WHERE  `id` = 2 LIMIT 1 [ RunTime:0.000207s ]
[2023-02-27T00:35:03+08:00][sql] CONNECT:[ UseTime:0.000402s ] mysql:host=localhost;port=3316;dbname=coffee;charset=utf8
[2023-02-27T00:35:03+08:00][sql] SHOW FULL COLUMNS FROM `teacher` [ RunTime:0.001221s ]
[2023-02-27T00:35:03+08:00][sql] SELECT `teacher_name`,`teacher_title`,`teacher_avatar`,`detail` FROM `teacher` WHERE  `id` = 1 LIMIT 1 [ RunTime:0.000283s ]
[2023-02-27T00:35:03+08:00][sql] SHOW FULL COLUMNS FROM `course` [ RunTime:0.001090s ]
[2023-02-27T00:35:03+08:00][sql] SELECT * FROM `course` WHERE  `about_instructor` LIKE '%1%' [ RunTime:0.000464s ]
[2023-02-27T00:35:03+08:00][sql] SHOW FULL COLUMNS FROM `address` [ RunTime:0.000954s ]
[2023-02-27T00:35:03+08:00][sql] SELECT * FROM `address` WHERE  `id` = 1 LIMIT 1 [ RunTime:0.000272s ]
[2023-02-27T00:35:03+08:00][sql] SELECT * FROM `address` WHERE  `id` = 2 LIMIT 1 [ RunTime:0.000245s ]
[2023-02-27T06:34:06+08:00][sql] CONNECT:[ UseTime:0.000396s ] mysql:host=localhost;port=3316;dbname=coffee;charset=utf8
[2023-02-27T06:34:06+08:00][sql] SHOW FULL COLUMNS FROM `teacher` [ RunTime:0.001243s ]
[2023-02-27T06:34:06+08:00][sql] SELECT `teacher_name`,`teacher_title`,`teacher_avatar`,`detail` FROM `teacher` WHERE  `id` = 3 LIMIT 1 [ RunTime:0.000298s ]
[2023-02-27T06:34:06+08:00][sql] SHOW FULL COLUMNS FROM `course` [ RunTime:0.001080s ]
[2023-02-27T06:34:06+08:00][sql] SELECT * FROM `course` WHERE  `about_instructor` LIKE '%3%' [ RunTime:0.000335s ]
[2023-02-27T06:34:06+08:00][sql] SHOW FULL COLUMNS FROM `address` [ RunTime:0.000938s ]
[2023-02-27T06:34:06+08:00][sql] SELECT * FROM `address` WHERE  `id` = 1 LIMIT 1 [ RunTime:0.000277s ]
[2023-02-27T06:34:06+08:00][sql] SELECT * FROM `address` WHERE  `id` = 2 LIMIT 1 [ RunTime:0.000243s ]
[2023-02-27T10:46:52+08:00][sql] CONNECT:[ UseTime:0.000380s ] mysql:host=localhost;port=3316;dbname=coffee;charset=utf8
[2023-02-27T10:46:52+08:00][sql] SHOW FULL COLUMNS FROM `teacher` [ RunTime:0.001232s ]
[2023-02-27T10:46:52+08:00][sql] SELECT `id`,`teacher_name`,`teacher_avatar`,`Introduction` FROM `teacher` [ RunTime:0.000266s ]
[2023-02-27T10:46:52+08:00][sql] SHOW FULL COLUMNS FROM `address` [ RunTime:0.000957s ]
[2023-02-27T10:46:52+08:00][sql] SELECT * FROM `address` WHERE  `id` = 1 LIMIT 1 [ RunTime:0.000316s ]
[2023-02-27T10:46:52+08:00][sql] SELECT * FROM `address` WHERE  `id` = 2 LIMIT 1 [ RunTime:0.000246s ]
[2023-02-27T10:56:32+08:00][sql] CONNECT:[ UseTime:0.000414s ] mysql:host=localhost;port=3316;dbname=coffee;charset=utf8
[2023-02-27T10:56:32+08:00][sql] SHOW FULL COLUMNS FROM `teacher` [ RunTime:0.001680s ]
[2023-02-27T10:56:32+08:00][sql] SELECT `id`,`teacher_name`,`teacher_avatar`,`Introduction` FROM `teacher` [ RunTime:0.000269s ]
[2023-02-27T10:56:32+08:00][sql] SHOW FULL COLUMNS FROM `address` [ RunTime:0.001343s ]
[2023-02-27T10:56:32+08:00][sql] SELECT * FROM `address` WHERE  `id` = 1 LIMIT 1 [ RunTime:0.000308s ]
[2023-02-27T10:56:32+08:00][sql] SELECT * FROM `address` WHERE  `id` = 2 LIMIT 1 [ RunTime:0.000317s ]
[2023-02-27T12:28:02+08:00][sql] CONNECT:[ UseTime:0.000360s ] mysql:host=localhost;port=3316;dbname=coffee;charset=utf8
[2023-02-27T12:28:02+08:00][sql] SHOW FULL COLUMNS FROM `teacher` [ RunTime:0.001292s ]
[2023-02-27T12:28:02+08:00][sql] SELECT `id`,`teacher_name`,`teacher_avatar`,`Introduction` FROM `teacher` [ RunTime:0.000221s ]
[2023-02-27T12:28:02+08:00][sql] SHOW FULL COLUMNS FROM `address` [ RunTime:0.000955s ]
[2023-02-27T12:28:02+08:00][sql] SELECT * FROM `address` WHERE  `id` = 1 LIMIT 1 [ RunTime:0.000260s ]
[2023-02-27T12:28:02+08:00][sql] SELECT * FROM `address` WHERE  `id` = 2 LIMIT 1 [ RunTime:0.000213s ]
[2023-02-27T12:29:36+08:00][sql] CONNECT:[ UseTime:0.000367s ] mysql:host=localhost;port=3316;dbname=coffee;charset=utf8
[2023-02-27T12:29:36+08:00][sql] SHOW FULL COLUMNS FROM `teacher` [ RunTime:0.001327s ]
[2023-02-27T12:29:36+08:00][sql] SELECT `id`,`teacher_name`,`teacher_avatar`,`Introduction` FROM `teacher` [ RunTime:0.000259s ]
[2023-02-27T12:29:36+08:00][sql] SHOW FULL COLUMNS FROM `address` [ RunTime:0.001048s ]
[2023-02-27T12:29:36+08:00][sql] SELECT * FROM `address` WHERE  `id` = 1 LIMIT 1 [ RunTime:0.000304s ]
[2023-02-27T12:29:36+08:00][sql] SELECT * FROM `address` WHERE  `id` = 2 LIMIT 1 [ RunTime:0.000249s ]
[2023-02-27T16:02:54+08:00][sql] CONNECT:[ UseTime:0.000411s ] mysql:host=localhost;port=3316;dbname=coffee;charset=utf8
[2023-02-27T16:02:54+08:00][sql] SHOW FULL COLUMNS FROM `teacher` [ RunTime:0.001429s ]
[2023-02-27T16:02:54+08:00][sql] SELECT `teacher_name`,`teacher_title`,`teacher_avatar`,`detail` FROM `teacher` WHERE  `id` = 2 LIMIT 1 [ RunTime:0.000263s ]
[2023-02-27T16:02:54+08:00][sql] SHOW FULL COLUMNS FROM `course` [ RunTime:0.001077s ]
[2023-02-27T16:02:54+08:00][sql] SELECT * FROM `course` WHERE  `about_instructor` LIKE '%2%' [ RunTime:0.000400s ]
[2023-02-27T16:02:54+08:00][sql] SHOW FULL COLUMNS FROM `address` [ RunTime:0.000948s ]
[2023-02-27T16:02:54+08:00][sql] SELECT * FROM `address` WHERE  `id` = 1 LIMIT 1 [ RunTime:0.000311s ]
[2023-02-27T16:02:54+08:00][sql] SELECT * FROM `address` WHERE  `id` = 2 LIMIT 1 [ RunTime:0.000453s ]
[2023-02-27T16:12:34+08:00][sql] CONNECT:[ UseTime:0.000392s ] mysql:host=localhost;port=3316;dbname=coffee;charset=utf8
[2023-02-27T16:12:34+08:00][sql] SHOW FULL COLUMNS FROM `teacher` [ RunTime:0.001219s ]
[2023-02-27T16:12:34+08:00][sql] SELECT `teacher_name`,`teacher_title`,`teacher_avatar`,`detail` FROM `teacher` WHERE  `id` = 2 LIMIT 1 [ RunTime:0.000249s ]
[2023-02-27T16:12:34+08:00][sql] SHOW FULL COLUMNS FROM `course` [ RunTime:0.001081s ]
[2023-02-27T16:12:34+08:00][sql] SELECT * FROM `course` WHERE  `about_instructor` LIKE '%2%' [ RunTime:0.000384s ]
[2023-02-27T16:12:34+08:00][sql] SHOW FULL COLUMNS FROM `address` [ RunTime:0.000911s ]
[2023-02-27T16:12:34+08:00][sql] SELECT * FROM `address` WHERE  `id` = 1 LIMIT 1 [ RunTime:0.000246s ]
[2023-02-27T16:12:34+08:00][sql] SELECT * FROM `address` WHERE  `id` = 2 LIMIT 1 [ RunTime:0.000215s ]
