[2023-02-28T13:44:16+08:00][sql] CONNECT:[ UseTime:0.000406s ] mysql:host=localhost;port=3316;dbname=coffee;charset=utf8
[2023-02-28T13:44:16+08:00][sql] SHOW FULL COLUMNS FROM `teacher` [ RunTime:0.001194s ]
[2023-02-28T13:44:16+08:00][sql] SELECT `teacher_name`,`teacher_title`,`teacher_avatar`,`detail` FROM `teacher` WHERE  `id` = 1 LIMIT 1 [ RunTime:0.000271s ]
[2023-02-28T13:44:16+08:00][sql] SHOW FULL COLUMNS FROM `course` [ RunTime:0.001150s ]
[2023-02-28T13:44:16+08:00][sql] SELECT * FROM `course` WHERE  `about_instructor` LIKE '%1%' [ RunTime:0.000536s ]
[2023-02-28T13:44:16+08:00][sql] SHOW FULL COLUMNS FROM `address` [ RunTime:0.001098s ]
[2023-02-28T13:44:16+08:00][sql] SELECT * FROM `address` WHERE  `id` = 1 LIMIT 1 [ RunTime:0.000247s ]
[2023-02-28T13:44:16+08:00][sql] SELECT * FROM `address` WHERE  `id` = 2 LIMIT 1 [ RunTime:0.000211s ]
[2023-02-28T13:45:46+08:00][sql] CONNECT:[ UseTime:0.000366s ] mysql:host=localhost;port=3316;dbname=coffee;charset=utf8
[2023-02-28T13:45:46+08:00][sql] SHOW FULL COLUMNS FROM `teacher` [ RunTime:0.001295s ]
[2023-02-28T13:45:46+08:00][sql] SELECT `teacher_name`,`teacher_title`,`teacher_avatar`,`detail` FROM `teacher` WHERE  `id` = 1 LIMIT 1 [ RunTime:0.000270s ]
[2023-02-28T13:45:46+08:00][sql] SHOW FULL COLUMNS FROM `course` [ RunTime:0.001403s ]
[2023-02-28T13:45:46+08:00][sql] SELECT * FROM `course` WHERE  `about_instructor` LIKE '%1%' [ RunTime:0.000507s ]
[2023-02-28T13:45:46+08:00][sql] SHOW FULL COLUMNS FROM `address` [ RunTime:0.000954s ]
[2023-02-28T13:45:46+08:00][sql] SELECT * FROM `address` WHERE  `id` = 1 LIMIT 1 [ RunTime:0.000267s ]
[2023-02-28T13:45:46+08:00][sql] SELECT * FROM `address` WHERE  `id` = 2 LIMIT 1 [ RunTime:0.000233s ]
[2023-02-28T13:47:02+08:00][sql] CONNECT:[ UseTime:0.000419s ] mysql:host=localhost;port=3316;dbname=coffee;charset=utf8
[2023-02-28T13:47:02+08:00][sql] SHOW FULL COLUMNS FROM `teacher` [ RunTime:0.001334s ]
[2023-02-28T13:47:02+08:00][sql] SELECT `teacher_name`,`teacher_title`,`teacher_avatar`,`detail` FROM `teacher` WHERE  `id` = 1 LIMIT 1 [ RunTime:0.000277s ]
[2023-02-28T13:47:02+08:00][sql] SHOW FULL COLUMNS FROM `course` [ RunTime:0.001080s ]
[2023-02-28T13:47:02+08:00][sql] SELECT * FROM `course` WHERE  `about_instructor` LIKE '%1%' [ RunTime:0.000366s ]
[2023-02-28T13:47:02+08:00][sql] SHOW FULL COLUMNS FROM `address` [ RunTime:0.001092s ]
[2023-02-28T13:47:02+08:00][sql] SELECT * FROM `address` WHERE  `id` = 1 LIMIT 1 [ RunTime:0.000249s ]
[2023-02-28T13:47:02+08:00][sql] SELECT * FROM `address` WHERE  `id` = 2 LIMIT 1 [ RunTime:0.000197s ]
[2023-02-28T13:51:05+08:00][sql] CONNECT:[ UseTime:0.000344s ] mysql:host=localhost;port=3316;dbname=coffee;charset=utf8
[2023-02-28T13:51:05+08:00][sql] SHOW FULL COLUMNS FROM `teacher` [ RunTime:0.001254s ]
[2023-02-28T13:51:05+08:00][sql] SELECT `teacher_name`,`teacher_title`,`teacher_avatar`,`detail` FROM `teacher` WHERE  `id` = 1 LIMIT 1 [ RunTime:0.000281s ]
[2023-02-28T13:51:05+08:00][sql] SHOW FULL COLUMNS FROM `course` [ RunTime:0.001073s ]
[2023-02-28T13:51:05+08:00][sql] SELECT * FROM `course` WHERE  `about_instructor` LIKE '%1%' [ RunTime:0.000421s ]
[2023-02-28T13:51:05+08:00][sql] SHOW FULL COLUMNS FROM `address` [ RunTime:0.001080s ]
[2023-02-28T13:51:05+08:00][sql] SELECT * FROM `address` WHERE  `id` = 1 LIMIT 1 [ RunTime:0.000248s ]
[2023-02-28T13:51:05+08:00][sql] SELECT * FROM `address` WHERE  `id` = 2 LIMIT 1 [ RunTime:0.000216s ]
[2023-02-28T15:29:56+08:00][sql] CONNECT:[ UseTime:0.000459s ] mysql:host=localhost;port=3316;dbname=coffee;charset=utf8
[2023-02-28T15:29:56+08:00][sql] SHOW FULL COLUMNS FROM `teacher` [ RunTime:0.001326s ]
[2023-02-28T15:29:56+08:00][sql] SELECT `teacher_name`,`teacher_title`,`teacher_avatar`,`detail` FROM `teacher` WHERE  `id` = 1 LIMIT 1 [ RunTime:0.000361s ]
[2023-02-28T15:29:56+08:00][sql] SHOW FULL COLUMNS FROM `course` [ RunTime:0.001560s ]
[2023-02-28T15:29:56+08:00][sql] SELECT * FROM `course` WHERE  `about_instructor` LIKE '%1%' [ RunTime:0.000444s ]
[2023-02-28T15:29:56+08:00][sql] SHOW FULL COLUMNS FROM `address` [ RunTime:0.000956s ]
[2023-02-28T15:29:56+08:00][sql] SELECT * FROM `address` WHERE  `id` = 1 LIMIT 1 [ RunTime:0.000274s ]
[2023-02-28T15:29:56+08:00][sql] SELECT * FROM `address` WHERE  `id` = 2 LIMIT 1 [ RunTime:0.000288s ]
