[2022-12-01T03:49:51+08:00][sql] CONNECT:[ UseTime:0.000384s ] mysql:host=localhost;port=3316;dbname=coffee;charset=utf8
[2022-12-01T03:49:51+08:00][sql] SHOW FULL COLUMNS FROM `teacher` [ RunTime:0.001290s ]
[2022-12-01T03:49:51+08:00][sql] SELECT `teacher_name`,`teacher_title`,`teacher_avatar`,`detail` FROM `teacher` WHERE  `id` = 1 LIMIT 1 [ RunTime:0.000269s ]
[2022-12-01T03:49:51+08:00][sql] SHOW FULL COLUMNS FROM `course` [ RunTime:0.001095s ]
[2022-12-01T03:49:51+08:00][sql] SELECT * FROM `course` WHERE  `about_instructor` LIKE '%1%' [ RunTime:0.000409s ]
[2022-12-01T03:49:51+08:00][sql] SHOW FULL COLUMNS FROM `address` [ RunTime:0.000938s ]
[2022-12-01T03:49:51+08:00][sql] SELECT * FROM `address` WHERE  `id` = 1 LIMIT 1 [ RunTime:0.000249s ]
[2022-12-01T03:49:51+08:00][sql] SELECT * FROM `address` WHERE  `id` = 2 LIMIT 1 [ RunTime:0.000255s ]
[2022-12-01T04:56:13+08:00][sql] CONNECT:[ UseTime:0.000438s ] mysql:host=localhost;port=3316;dbname=coffee;charset=utf8
[2022-12-01T04:56:13+08:00][sql] SHOW FULL COLUMNS FROM `teacher` [ RunTime:0.001199s ]
[2022-12-01T04:56:13+08:00][sql] SELECT `teacher_name`,`teacher_title`,`teacher_avatar`,`detail` FROM `teacher` WHERE  `id` = 1 LIMIT 1 [ RunTime:0.000243s ]
[2022-12-01T04:56:13+08:00][sql] SHOW FULL COLUMNS FROM `course` [ RunTime:0.001026s ]
[2022-12-01T04:56:13+08:00][sql] SELECT * FROM `course` WHERE  `about_instructor` LIKE '%1%' [ RunTime:0.000377s ]
[2022-12-01T04:56:13+08:00][sql] SHOW FULL COLUMNS FROM `address` [ RunTime:0.000901s ]
[2022-12-01T04:56:13+08:00][sql] SELECT * FROM `address` WHERE  `id` = 1 LIMIT 1 [ RunTime:0.000235s ]
[2022-12-01T04:56:13+08:00][sql] SELECT * FROM `address` WHERE  `id` = 2 LIMIT 1 [ RunTime:0.000205s ]
[2022-12-01T18:52:30+08:00][sql] CONNECT:[ UseTime:0.000470s ] mysql:host=localhost;port=3316;dbname=coffee;charset=utf8
[2022-12-01T18:52:30+08:00][sql] SHOW FULL COLUMNS FROM `teacher` [ RunTime:0.001721s ]
[2022-12-01T18:52:30+08:00][sql] SELECT `teacher_name`,`teacher_title`,`teacher_avatar`,`detail` FROM `teacher` WHERE  `id` = 1 LIMIT 1 [ RunTime:0.000319s ]
[2022-12-01T18:52:30+08:00][sql] SHOW FULL COLUMNS FROM `course` [ RunTime:0.001333s ]
[2022-12-01T18:52:30+08:00][sql] SELECT * FROM `course` WHERE  `about_instructor` LIKE '%1%' [ RunTime:0.000445s ]
[2022-12-01T18:52:30+08:00][sql] SHOW FULL COLUMNS FROM `address` [ RunTime:0.000988s ]
[2022-12-01T18:52:30+08:00][sql] SELECT * FROM `address` WHERE  `id` = 1 LIMIT 1 [ RunTime:0.000270s ]
[2022-12-01T18:52:30+08:00][sql] SELECT * FROM `address` WHERE  `id` = 2 LIMIT 1 [ RunTime:0.000247s ]
[2022-12-01T21:54:36+08:00][sql] CONNECT:[ UseTime:0.000469s ] mysql:host=localhost;port=3316;dbname=coffee;charset=utf8
[2022-12-01T21:54:36+08:00][sql] SHOW FULL COLUMNS FROM `teacher` [ RunTime:0.001470s ]
[2022-12-01T21:54:36+08:00][sql] SELECT `teacher_name`,`teacher_title`,`teacher_avatar`,`detail` FROM `teacher` WHERE  `id` = 2 LIMIT 1 [ RunTime:0.000313s ]
[2022-12-01T21:54:36+08:00][sql] SHOW FULL COLUMNS FROM `course` [ RunTime:0.001304s ]
[2022-12-01T21:54:36+08:00][sql] SELECT * FROM `course` WHERE  `about_instructor` LIKE '%2%' [ RunTime:0.000420s ]
[2022-12-01T21:54:36+08:00][sql] SHOW FULL COLUMNS FROM `address` [ RunTime:0.001192s ]
[2022-12-01T21:54:36+08:00][sql] SELECT * FROM `address` WHERE  `id` = 1 LIMIT 1 [ RunTime:0.000295s ]
[2022-12-01T21:54:36+08:00][sql] SELECT * FROM `address` WHERE  `id` = 2 LIMIT 1 [ RunTime:0.000263s ]
[2022-12-01T22:02:19+08:00][sql] CONNECT:[ UseTime:0.000416s ] mysql:host=localhost;port=3316;dbname=coffee;charset=utf8
[2022-12-01T22:02:19+08:00][sql] SHOW FULL COLUMNS FROM `teacher` [ RunTime:0.001264s ]
[2022-12-01T22:02:19+08:00][sql] SELECT `teacher_name`,`teacher_title`,`teacher_avatar`,`detail` FROM `teacher` WHERE  `id` = 2 LIMIT 1 [ RunTime:0.000288s ]
[2022-12-01T22:02:19+08:00][sql] SHOW FULL COLUMNS FROM `course` [ RunTime:0.001062s ]
[2022-12-01T22:02:19+08:00][sql] SELECT * FROM `course` WHERE  `about_instructor` LIKE '%2%' [ RunTime:0.000404s ]
[2022-12-01T22:02:19+08:00][sql] SHOW FULL COLUMNS FROM `address` [ RunTime:0.000967s ]
[2022-12-01T22:02:19+08:00][sql] SELECT * FROM `address` WHERE  `id` = 1 LIMIT 1 [ RunTime:0.000278s ]
[2022-12-01T22:02:19+08:00][sql] SELECT * FROM `address` WHERE  `id` = 2 LIMIT 1 [ RunTime:0.000298s ]
