[2022-12-05T11:51:49+08:00][sql] CONNECT:[ UseTime:0.000431s ] mysql:host=localhost;port=3316;dbname=coffee;charset=utf8
[2022-12-05T11:51:49+08:00][sql] SHOW FULL COLUMNS FROM `teacher` [ RunTime:0.001370s ]
[2022-12-05T11:51:49+08:00][sql] SELECT `id`,`teacher_name`,`teacher_avatar`,`Introduction` FROM `teacher` [ RunTime:0.000272s ]
[2022-12-05T11:51:49+08:00][sql] SHOW FULL COLUMNS FROM `address` [ RunTime:0.001026s ]
[2022-12-05T11:51:49+08:00][sql] SELECT * FROM `address` WHERE  `id` = 1 LIMIT 1 [ RunTime:0.000313s ]
[2022-12-05T11:51:49+08:00][sql] SELECT * FROM `address` WHERE  `id` = 2 LIMIT 1 [ RunTime:0.000291s ]
[2022-12-05T11:52:50+08:00][sql] CONNECT:[ UseTime:0.000508s ] mysql:host=localhost;port=3316;dbname=coffee;charset=utf8
[2022-12-05T11:52:50+08:00][sql] SHOW FULL COLUMNS FROM `teacher` [ RunTime:0.001346s ]
[2022-12-05T11:52:50+08:00][sql] SELECT `id`,`teacher_name`,`teacher_avatar`,`Introduction` FROM `teacher` [ RunTime:0.000286s ]
[2022-12-05T11:52:50+08:00][sql] SHOW FULL COLUMNS FROM `address` [ RunTime:0.001134s ]
[2022-12-05T11:52:50+08:00][sql] SELECT * FROM `address` WHERE  `id` = 1 LIMIT 1 [ RunTime:0.000367s ]
[2022-12-05T11:52:50+08:00][sql] SELECT * FROM `address` WHERE  `id` = 2 LIMIT 1 [ RunTime:0.000266s ]
[2022-12-05T14:16:51+08:00][sql] CONNECT:[ UseTime:0.000395s ] mysql:host=localhost;port=3316;dbname=coffee;charset=utf8
[2022-12-05T14:16:51+08:00][sql] SHOW FULL COLUMNS FROM `teacher` [ RunTime:0.001272s ]
[2022-12-05T14:16:51+08:00][sql] SELECT `teacher_name`,`teacher_title`,`teacher_avatar`,`detail` FROM `teacher` WHERE  `id` = 3 LIMIT 1 [ RunTime:0.000303s ]
[2022-12-05T14:16:51+08:00][sql] SHOW FULL COLUMNS FROM `course` [ RunTime:0.001092s ]
[2022-12-05T14:16:51+08:00][sql] SELECT * FROM `course` WHERE  `about_instructor` LIKE '%3%' [ RunTime:0.000358s ]
[2022-12-05T14:16:51+08:00][sql] SHOW FULL COLUMNS FROM `address` [ RunTime:0.001024s ]
[2022-12-05T14:16:51+08:00][sql] SELECT * FROM `address` WHERE  `id` = 1 LIMIT 1 [ RunTime:0.000275s ]
[2022-12-05T14:16:51+08:00][sql] SELECT * FROM `address` WHERE  `id` = 2 LIMIT 1 [ RunTime:0.000273s ]
[2022-12-05T14:21:32+08:00][sql] CONNECT:[ UseTime:0.000473s ] mysql:host=localhost;port=3316;dbname=coffee;charset=utf8
[2022-12-05T14:21:32+08:00][sql] SHOW FULL COLUMNS FROM `teacher` [ RunTime:0.001317s ]
[2022-12-05T14:21:32+08:00][sql] SELECT `teacher_name`,`teacher_title`,`teacher_avatar`,`detail` FROM `teacher` WHERE  `id` = 3 LIMIT 1 [ RunTime:0.000320s ]
[2022-12-05T14:21:32+08:00][sql] SHOW FULL COLUMNS FROM `course` [ RunTime:0.001163s ]
[2022-12-05T14:21:32+08:00][sql] SELECT * FROM `course` WHERE  `about_instructor` LIKE '%3%' [ RunTime:0.000346s ]
[2022-12-05T14:21:32+08:00][sql] SHOW FULL COLUMNS FROM `address` [ RunTime:0.000976s ]
[2022-12-05T14:21:32+08:00][sql] SELECT * FROM `address` WHERE  `id` = 1 LIMIT 1 [ RunTime:0.000290s ]
[2022-12-05T14:21:32+08:00][sql] SELECT * FROM `address` WHERE  `id` = 2 LIMIT 1 [ RunTime:0.000267s ]
[2022-12-05T14:24:11+08:00][sql] CONNECT:[ UseTime:0.000430s ] mysql:host=localhost;port=3316;dbname=coffee;charset=utf8
[2022-12-05T14:24:11+08:00][sql] SHOW FULL COLUMNS FROM `teacher` [ RunTime:0.001264s ]
[2022-12-05T14:24:11+08:00][sql] SELECT `id`,`teacher_name`,`teacher_avatar`,`Introduction` FROM `teacher` [ RunTime:0.000292s ]
[2022-12-05T14:24:11+08:00][sql] SHOW FULL COLUMNS FROM `address` [ RunTime:0.000944s ]
[2022-12-05T14:24:11+08:00][sql] SELECT * FROM `address` WHERE  `id` = 1 LIMIT 1 [ RunTime:0.000286s ]
[2022-12-05T14:24:11+08:00][sql] SELECT * FROM `address` WHERE  `id` = 2 LIMIT 1 [ RunTime:0.000245s ]
[2022-12-05T18:16:15+08:00][sql] CONNECT:[ UseTime:0.000375s ] mysql:host=localhost;port=3316;dbname=coffee;charset=utf8
[2022-12-05T18:16:15+08:00][sql] SHOW FULL COLUMNS FROM `teacher` [ RunTime:0.001211s ]
[2022-12-05T18:16:15+08:00][sql] SELECT `teacher_name`,`teacher_title`,`teacher_avatar`,`detail` FROM `teacher` WHERE  `id` = 1 LIMIT 1 [ RunTime:0.000236s ]
[2022-12-05T18:16:15+08:00][sql] SHOW FULL COLUMNS FROM `course` [ RunTime:0.001063s ]
[2022-12-05T18:16:15+08:00][sql] SELECT * FROM `course` WHERE  `about_instructor` LIKE '%1%' [ RunTime:0.000366s ]
[2022-12-05T18:16:15+08:00][sql] SHOW FULL COLUMNS FROM `address` [ RunTime:0.000896s ]
[2022-12-05T18:16:15+08:00][sql] SELECT * FROM `address` WHERE  `id` = 1 LIMIT 1 [ RunTime:0.000273s ]
[2022-12-05T18:16:15+08:00][sql] SELECT * FROM `address` WHERE  `id` = 2 LIMIT 1 [ RunTime:0.000215s ]
[2022-12-05T18:16:15+08:00][sql] CONNECT:[ UseTime:0.000385s ] mysql:host=localhost;port=3316;dbname=coffee;charset=utf8
[2022-12-05T18:16:15+08:00][sql] SHOW FULL COLUMNS FROM `teacher` [ RunTime:0.001463s ]
[2022-12-05T18:16:15+08:00][sql] SELECT `teacher_name`,`teacher_title`,`teacher_avatar`,`detail` FROM `teacher` WHERE  `id` = 2 LIMIT 1 [ RunTime:0.000311s ]
[2022-12-05T18:16:15+08:00][sql] SHOW FULL COLUMNS FROM `course` [ RunTime:0.001351s ]
[2022-12-05T18:16:15+08:00][sql] SELECT * FROM `course` WHERE  `about_instructor` LIKE '%2%' [ RunTime:0.000477s ]
[2022-12-05T18:16:15+08:00][sql] SHOW FULL COLUMNS FROM `address` [ RunTime:0.001076s ]
[2022-12-05T18:16:15+08:00][sql] SELECT * FROM `address` WHERE  `id` = 1 LIMIT 1 [ RunTime:0.000322s ]
[2022-12-05T18:16:15+08:00][sql] SELECT * FROM `address` WHERE  `id` = 2 LIMIT 1 [ RunTime:0.000290s ]
[2022-12-05T18:16:15+08:00][sql] CONNECT:[ UseTime:0.000449s ] mysql:host=localhost;port=3316;dbname=coffee;charset=utf8
[2022-12-05T18:16:15+08:00][sql] SHOW FULL COLUMNS FROM `teacher` [ RunTime:0.001332s ]
[2022-12-05T18:16:15+08:00][sql] SELECT `teacher_name`,`teacher_title`,`teacher_avatar`,`detail` FROM `teacher` WHERE  `id` = 3 LIMIT 1 [ RunTime:0.000282s ]
[2022-12-05T18:16:15+08:00][sql] SHOW FULL COLUMNS FROM `course` [ RunTime:0.001269s ]
[2022-12-05T18:16:15+08:00][sql] SELECT * FROM `course` WHERE  `about_instructor` LIKE '%3%' [ RunTime:0.000316s ]
[2022-12-05T18:16:15+08:00][sql] SHOW FULL COLUMNS FROM `address` [ RunTime:0.000993s ]
[2022-12-05T18:16:15+08:00][sql] SELECT * FROM `address` WHERE  `id` = 1 LIMIT 1 [ RunTime:0.000263s ]
[2022-12-05T18:16:15+08:00][sql] SELECT * FROM `address` WHERE  `id` = 2 LIMIT 1 [ RunTime:0.000226s ]
[2022-12-05T18:16:16+08:00][sql] CONNECT:[ UseTime:0.000388s ] mysql:host=localhost;port=3316;dbname=coffee;charset=utf8
[2022-12-05T18:16:16+08:00][sql] SHOW FULL COLUMNS FROM `teacher` [ RunTime:0.001513s ]
[2022-12-05T18:16:16+08:00][sql] SELECT `id`,`teacher_name`,`teacher_avatar`,`Introduction` FROM `teacher` [ RunTime:0.000243s ]
[2022-12-05T18:16:16+08:00][sql] SHOW FULL COLUMNS FROM `address` [ RunTime:0.001580s ]
[2022-12-05T18:16:16+08:00][sql] SELECT * FROM `address` WHERE  `id` = 1 LIMIT 1 [ RunTime:0.000401s ]
[2022-12-05T18:16:16+08:00][sql] SELECT * FROM `address` WHERE  `id` = 2 LIMIT 1 [ RunTime:0.000322s ]
[2022-12-05T18:23:56+08:00][sql] CONNECT:[ UseTime:0.000438s ] mysql:host=localhost;port=3316;dbname=coffee;charset=utf8
[2022-12-05T18:23:56+08:00][sql] SHOW FULL COLUMNS FROM `teacher` [ RunTime:0.001641s ]
[2022-12-05T18:23:56+08:00][sql] SELECT `teacher_name`,`teacher_title`,`teacher_avatar`,`detail` FROM `teacher` WHERE  `id` = 3 LIMIT 1 [ RunTime:0.000349s ]
[2022-12-05T18:23:56+08:00][sql] SHOW FULL COLUMNS FROM `course` [ RunTime:0.001215s ]
[2022-12-05T18:23:56+08:00][sql] SELECT * FROM `course` WHERE  `about_instructor` LIKE '%3%' [ RunTime:0.000340s ]
[2022-12-05T18:23:56+08:00][sql] SHOW FULL COLUMNS FROM `address` [ RunTime:0.001172s ]
[2022-12-05T18:23:56+08:00][sql] SELECT * FROM `address` WHERE  `id` = 1 LIMIT 1 [ RunTime:0.000284s ]
[2022-12-05T18:23:56+08:00][sql] SELECT * FROM `address` WHERE  `id` = 2 LIMIT 1 [ RunTime:0.000246s ]
