[2022-12-06T03:35:02+08:00][sql] CONNECT:[ UseTime:0.000426s ] mysql:host=localhost;port=3316;dbname=coffee;charset=utf8
[2022-12-06T03:35:02+08:00][sql] SHOW FULL COLUMNS FROM `teacher` [ RunTime:0.001249s ]
[2022-12-06T03:35:02+08:00][sql] SELECT `id`,`teacher_name`,`teacher_avatar`,`Introduction` FROM `teacher` [ RunTime:0.000259s ]
[2022-12-06T03:35:02+08:00][sql] SHOW FULL COLUMNS FROM `address` [ RunTime:0.001011s ]
[2022-12-06T03:35:02+08:00][sql] SELECT * FROM `address` WHERE  `id` = 1 LIMIT 1 [ RunTime:0.000374s ]
[2022-12-06T03:35:02+08:00][sql] SELECT * FROM `address` WHERE  `id` = 2 LIMIT 1 [ RunTime:0.000261s ]
[2022-12-06T03:38:28+08:00][sql] CONNECT:[ UseTime:0.000432s ] mysql:host=localhost;port=3316;dbname=coffee;charset=utf8
[2022-12-06T03:38:28+08:00][sql] SHOW FULL COLUMNS FROM `teacher` [ RunTime:0.001264s ]
[2022-12-06T03:38:28+08:00][sql] SELECT `id`,`teacher_name`,`teacher_avatar`,`Introduction` FROM `teacher` [ RunTime:0.000265s ]
[2022-12-06T03:38:28+08:00][sql] SHOW FULL COLUMNS FROM `address` [ RunTime:0.000965s ]
[2022-12-06T03:38:28+08:00][sql] SELECT * FROM `address` WHERE  `id` = 1 LIMIT 1 [ RunTime:0.000289s ]
[2022-12-06T03:38:28+08:00][sql] SELECT * FROM `address` WHERE  `id` = 2 LIMIT 1 [ RunTime:0.000268s ]
[2022-12-06T03:39:01+08:00][sql] CONNECT:[ UseTime:0.000352s ] mysql:host=localhost;port=3316;dbname=coffee;charset=utf8
[2022-12-06T03:39:01+08:00][sql] SHOW FULL COLUMNS FROM `teacher` [ RunTime:0.001331s ]
[2022-12-06T03:39:01+08:00][sql] SELECT `teacher_name`,`teacher_title`,`teacher_avatar`,`detail` FROM `teacher` WHERE  `id` = 2 LIMIT 1 [ RunTime:0.000262s ]
[2022-12-06T03:39:01+08:00][sql] SHOW FULL COLUMNS FROM `course` [ RunTime:0.001084s ]
[2022-12-06T03:39:01+08:00][sql] SELECT * FROM `course` WHERE  `about_instructor` LIKE '%2%' [ RunTime:0.000385s ]
[2022-12-06T03:39:01+08:00][sql] SHOW FULL COLUMNS FROM `address` [ RunTime:0.001253s ]
[2022-12-06T03:39:01+08:00][sql] SELECT * FROM `address` WHERE  `id` = 1 LIMIT 1 [ RunTime:0.001042s ]
[2022-12-06T03:39:01+08:00][sql] SELECT * FROM `address` WHERE  `id` = 2 LIMIT 1 [ RunTime:0.000328s ]
[2022-12-06T03:42:07+08:00][sql] CONNECT:[ UseTime:0.000393s ] mysql:host=localhost;port=3316;dbname=coffee;charset=utf8
[2022-12-06T03:42:07+08:00][sql] SHOW FULL COLUMNS FROM `teacher` [ RunTime:0.001199s ]
[2022-12-06T03:42:07+08:00][sql] SELECT `teacher_name`,`teacher_title`,`teacher_avatar`,`detail` FROM `teacher` WHERE  `id` = 2 LIMIT 1 [ RunTime:0.000239s ]
[2022-12-06T03:42:07+08:00][sql] SHOW FULL COLUMNS FROM `course` [ RunTime:0.001032s ]
[2022-12-06T03:42:07+08:00][sql] SELECT * FROM `course` WHERE  `about_instructor` LIKE '%2%' [ RunTime:0.000377s ]
[2022-12-06T03:42:07+08:00][sql] SHOW FULL COLUMNS FROM `address` [ RunTime:0.000905s ]
[2022-12-06T03:42:07+08:00][sql] SELECT * FROM `address` WHERE  `id` = 1 LIMIT 1 [ RunTime:0.000250s ]
[2022-12-06T03:42:07+08:00][sql] SELECT * FROM `address` WHERE  `id` = 2 LIMIT 1 [ RunTime:0.000218s ]
[2022-12-06T03:43:01+08:00][sql] CONNECT:[ UseTime:0.000483s ] mysql:host=localhost;port=3316;dbname=coffee;charset=utf8
[2022-12-06T03:43:01+08:00][sql] SHOW FULL COLUMNS FROM `teacher` [ RunTime:0.001821s ]
[2022-12-06T03:43:01+08:00][sql] SELECT `teacher_name`,`teacher_title`,`teacher_avatar`,`detail` FROM `teacher` WHERE  `id` = 1 LIMIT 1 [ RunTime:0.000437s ]
[2022-12-06T03:43:01+08:00][sql] SHOW FULL COLUMNS FROM `course` [ RunTime:0.001588s ]
[2022-12-06T03:43:01+08:00][sql] SELECT * FROM `course` WHERE  `about_instructor` LIKE '%1%' [ RunTime:0.000442s ]
[2022-12-06T03:43:01+08:00][sql] SHOW FULL COLUMNS FROM `address` [ RunTime:0.001765s ]
[2022-12-06T03:43:01+08:00][sql] SELECT * FROM `address` WHERE  `id` = 1 LIMIT 1 [ RunTime:0.000789s ]
[2022-12-06T03:43:01+08:00][sql] SELECT * FROM `address` WHERE  `id` = 2 LIMIT 1 [ RunTime:0.000991s ]
[2022-12-06T03:45:00+08:00][sql] CONNECT:[ UseTime:0.000422s ] mysql:host=localhost;port=3316;dbname=coffee;charset=utf8
[2022-12-06T03:45:00+08:00][sql] SHOW FULL COLUMNS FROM `teacher` [ RunTime:0.001497s ]
[2022-12-06T03:45:00+08:00][sql] SELECT `teacher_name`,`teacher_title`,`teacher_avatar`,`detail` FROM `teacher` WHERE  `id` = 1 LIMIT 1 [ RunTime:0.000281s ]
[2022-12-06T03:45:00+08:00][sql] SHOW FULL COLUMNS FROM `course` [ RunTime:0.001226s ]
[2022-12-06T03:45:00+08:00][sql] SELECT * FROM `course` WHERE  `about_instructor` LIKE '%1%' [ RunTime:0.000397s ]
[2022-12-06T03:45:00+08:00][sql] SHOW FULL COLUMNS FROM `address` [ RunTime:0.001104s ]
[2022-12-06T03:45:00+08:00][sql] SELECT * FROM `address` WHERE  `id` = 1 LIMIT 1 [ RunTime:0.000335s ]
[2022-12-06T03:45:00+08:00][sql] SELECT * FROM `address` WHERE  `id` = 2 LIMIT 1 [ RunTime:0.000259s ]
[2022-12-06T14:32:04+08:00][sql] CONNECT:[ UseTime:0.000416s ] mysql:host=localhost;port=3316;dbname=coffee;charset=utf8
[2022-12-06T14:32:04+08:00][sql] SHOW FULL COLUMNS FROM `teacher` [ RunTime:0.001249s ]
[2022-12-06T14:32:04+08:00][sql] SELECT `teacher_name`,`teacher_title`,`teacher_avatar`,`detail` FROM `teacher` WHERE  `id` = 1 LIMIT 1 [ RunTime:0.000289s ]
[2022-12-06T14:32:04+08:00][sql] SHOW FULL COLUMNS FROM `course` [ RunTime:0.001137s ]
[2022-12-06T14:32:04+08:00][sql] SELECT * FROM `course` WHERE  `about_instructor` LIKE '%1%' [ RunTime:0.000458s ]
[2022-12-06T14:32:04+08:00][sql] SHOW FULL COLUMNS FROM `address` [ RunTime:0.001054s ]
[2022-12-06T14:32:04+08:00][sql] SELECT * FROM `address` WHERE  `id` = 1 LIMIT 1 [ RunTime:0.000337s ]
[2022-12-06T14:32:04+08:00][sql] SELECT * FROM `address` WHERE  `id` = 2 LIMIT 1 [ RunTime:0.000282s ]
[2022-12-06T14:33:36+08:00][sql] CONNECT:[ UseTime:0.004151s ] mysql:host=localhost;port=3316;dbname=coffee;charset=utf8
[2022-12-06T14:33:36+08:00][sql] SHOW FULL COLUMNS FROM `teacher` [ RunTime:0.001366s ]
[2022-12-06T14:33:36+08:00][sql] SELECT `teacher_name`,`teacher_title`,`teacher_avatar`,`detail` FROM `teacher` WHERE  `id` = 1 LIMIT 1 [ RunTime:0.000350s ]
[2022-12-06T14:33:36+08:00][sql] SHOW FULL COLUMNS FROM `course` [ RunTime:0.001687s ]
[2022-12-06T14:33:36+08:00][sql] SELECT * FROM `course` WHERE  `about_instructor` LIKE '%1%' [ RunTime:0.000494s ]
[2022-12-06T14:33:36+08:00][sql] SHOW FULL COLUMNS FROM `address` [ RunTime:0.001273s ]
[2022-12-06T14:33:36+08:00][sql] SELECT * FROM `address` WHERE  `id` = 1 LIMIT 1 [ RunTime:0.000306s ]
[2022-12-06T14:33:36+08:00][sql] SELECT * FROM `address` WHERE  `id` = 2 LIMIT 1 [ RunTime:0.000368s ]
[2022-12-06T17:55:02+08:00][sql] CONNECT:[ UseTime:0.000399s ] mysql:host=localhost;port=3316;dbname=coffee;charset=utf8
[2022-12-06T17:55:02+08:00][sql] SHOW FULL COLUMNS FROM `teacher` [ RunTime:0.001255s ]
[2022-12-06T17:55:02+08:00][sql] SELECT `id`,`teacher_name`,`teacher_avatar`,`Introduction` FROM `teacher` [ RunTime:0.000270s ]
[2022-12-06T17:55:02+08:00][sql] SHOW FULL COLUMNS FROM `address` [ RunTime:0.000945s ]
[2022-12-06T17:55:02+08:00][sql] SELECT * FROM `address` WHERE  `id` = 1 LIMIT 1 [ RunTime:0.000302s ]
[2022-12-06T17:55:02+08:00][sql] SELECT * FROM `address` WHERE  `id` = 2 LIMIT 1 [ RunTime:0.000244s ]
