[2022-12-13T10:49:30+08:00][sql] CONNECT:[ UseTime:0.000455s ] mysql:host=localhost;port=3316;dbname=coffee;charset=utf8
[2022-12-13T10:49:30+08:00][sql] SHOW FULL COLUMNS FROM `teacher` [ RunTime:0.001367s ]
[2022-12-13T10:49:30+08:00][sql] SELECT `teacher_name`,`teacher_title`,`teacher_avatar`,`detail` FROM `teacher` WHERE  `id` = 2 LIMIT 1 [ RunTime:0.000321s ]
[2022-12-13T10:49:30+08:00][sql] SHOW FULL COLUMNS FROM `course` [ RunTime:0.001438s ]
[2022-12-13T10:49:30+08:00][sql] SELECT * FROM `course` WHERE  `about_instructor` LIKE '%2%' [ RunTime:0.000455s ]
[2022-12-13T10:49:30+08:00][sql] SHOW FULL COLUMNS FROM `address` [ RunTime:0.001091s ]
[2022-12-13T10:49:30+08:00][sql] SELECT * FROM `address` WHERE  `id` = 1 LIMIT 1 [ RunTime:0.000316s ]
[2022-12-13T10:49:30+08:00][sql] SELECT * FROM `address` WHERE  `id` = 2 LIMIT 1 [ RunTime:0.000247s ]
[2022-12-13T11:05:17+08:00][sql] CONNECT:[ UseTime:0.000382s ] mysql:host=localhost;port=3316;dbname=coffee;charset=utf8
[2022-12-13T11:05:17+08:00][sql] SHOW FULL COLUMNS FROM `teacher` [ RunTime:0.001230s ]
[2022-12-13T11:05:17+08:00][sql] SELECT `teacher_name`,`teacher_title`,`teacher_avatar`,`detail` FROM `teacher` WHERE  `id` = 2 LIMIT 1 [ RunTime:0.000353s ]
[2022-12-13T11:05:17+08:00][sql] SHOW FULL COLUMNS FROM `course` [ RunTime:0.001083s ]
[2022-12-13T11:05:17+08:00][sql] SELECT * FROM `course` WHERE  `about_instructor` LIKE '%2%' [ RunTime:0.000391s ]
[2022-12-13T11:05:17+08:00][sql] SHOW FULL COLUMNS FROM `address` [ RunTime:0.000978s ]
[2022-12-13T11:05:17+08:00][sql] SELECT * FROM `address` WHERE  `id` = 1 LIMIT 1 [ RunTime:0.000277s ]
[2022-12-13T11:05:17+08:00][sql] SELECT * FROM `address` WHERE  `id` = 2 LIMIT 1 [ RunTime:0.000248s ]
[2022-12-13T20:50:16+08:00][sql] CONNECT:[ UseTime:0.000370s ] mysql:host=localhost;port=3316;dbname=coffee;charset=utf8
[2022-12-13T20:50:16+08:00][sql] SHOW FULL COLUMNS FROM `teacher` [ RunTime:0.001293s ]
[2022-12-13T20:50:16+08:00][sql] SELECT `id`,`teacher_name`,`teacher_avatar`,`Introduction` FROM `teacher` [ RunTime:0.000274s ]
[2022-12-13T20:50:16+08:00][sql] SHOW FULL COLUMNS FROM `address` [ RunTime:0.000989s ]
[2022-12-13T20:50:16+08:00][sql] SELECT * FROM `address` WHERE  `id` = 1 LIMIT 1 [ RunTime:0.000261s ]
[2022-12-13T20:50:16+08:00][sql] SELECT * FROM `address` WHERE  `id` = 2 LIMIT 1 [ RunTime:0.000318s ]
[2022-12-13T20:50:18+08:00][sql] CONNECT:[ UseTime:0.000503s ] mysql:host=localhost;port=3316;dbname=coffee;charset=utf8
[2022-12-13T20:50:18+08:00][sql] SHOW FULL COLUMNS FROM `teacher` [ RunTime:0.001285s ]
[2022-12-13T20:50:18+08:00][sql] SELECT `teacher_name`,`teacher_title`,`teacher_avatar`,`detail` FROM `teacher` WHERE  `id` = 3 LIMIT 1 [ RunTime:0.000278s ]
[2022-12-13T20:50:18+08:00][sql] SHOW FULL COLUMNS FROM `course` [ RunTime:0.001195s ]
[2022-12-13T20:50:18+08:00][sql] SELECT * FROM `course` WHERE  `about_instructor` LIKE '%3%' [ RunTime:0.000350s ]
[2022-12-13T20:50:18+08:00][sql] SHOW FULL COLUMNS FROM `address` [ RunTime:0.001069s ]
[2022-12-13T20:50:18+08:00][sql] SELECT * FROM `address` WHERE  `id` = 1 LIMIT 1 [ RunTime:0.000275s ]
[2022-12-13T20:50:18+08:00][sql] SELECT * FROM `address` WHERE  `id` = 2 LIMIT 1 [ RunTime:0.000232s ]
[2022-12-13T20:50:18+08:00][sql] CONNECT:[ UseTime:0.000419s ] mysql:host=localhost;port=3316;dbname=coffee;charset=utf8
[2022-12-13T20:50:18+08:00][sql] SHOW FULL COLUMNS FROM `teacher` [ RunTime:0.001316s ]
[2022-12-13T20:50:18+08:00][sql] SELECT `teacher_name`,`teacher_title`,`teacher_avatar`,`detail` FROM `teacher` WHERE  `id` = 2 LIMIT 1 [ RunTime:0.000248s ]
[2022-12-13T20:50:18+08:00][sql] SHOW FULL COLUMNS FROM `course` [ RunTime:0.001232s ]
[2022-12-13T20:50:18+08:00][sql] SELECT * FROM `course` WHERE  `about_instructor` LIKE '%2%' [ RunTime:0.000375s ]
[2022-12-13T20:50:18+08:00][sql] SHOW FULL COLUMNS FROM `address` [ RunTime:0.001016s ]
[2022-12-13T20:50:18+08:00][sql] SELECT * FROM `address` WHERE  `id` = 1 LIMIT 1 [ RunTime:0.000244s ]
[2022-12-13T20:50:18+08:00][sql] SELECT * FROM `address` WHERE  `id` = 2 LIMIT 1 [ RunTime:0.000209s ]
[2022-12-13T20:50:19+08:00][sql] CONNECT:[ UseTime:0.000450s ] mysql:host=localhost;port=3316;dbname=coffee;charset=utf8
[2022-12-13T20:50:19+08:00][sql] SHOW FULL COLUMNS FROM `teacher` [ RunTime:0.001386s ]
[2022-12-13T20:50:19+08:00][sql] SELECT `teacher_name`,`teacher_title`,`teacher_avatar`,`detail` FROM `teacher` WHERE  `id` = 1 LIMIT 1 [ RunTime:0.000338s ]
[2022-12-13T20:50:19+08:00][sql] SHOW FULL COLUMNS FROM `course` [ RunTime:0.001118s ]
[2022-12-13T20:50:19+08:00][sql] SELECT * FROM `course` WHERE  `about_instructor` LIKE '%1%' [ RunTime:0.000436s ]
[2022-12-13T20:50:19+08:00][sql] SHOW FULL COLUMNS FROM `address` [ RunTime:0.000973s ]
[2022-12-13T20:50:19+08:00][sql] SELECT * FROM `address` WHERE  `id` = 1 LIMIT 1 [ RunTime:0.000390s ]
[2022-12-13T20:50:19+08:00][sql] SELECT * FROM `address` WHERE  `id` = 2 LIMIT 1 [ RunTime:0.000259s ]
[2022-12-13T20:50:26+08:00][sql] CONNECT:[ UseTime:0.000739s ] mysql:host=localhost;port=3316;dbname=coffee;charset=utf8
[2022-12-13T20:50:26+08:00][sql] SHOW FULL COLUMNS FROM `teacher` [ RunTime:0.001923s ]
[2022-12-13T20:50:26+08:00][sql] SELECT `teacher_name`,`teacher_title`,`teacher_avatar`,`detail` FROM `teacher` WHERE  `id` = 1 LIMIT 1 [ RunTime:0.000475s ]
[2022-12-13T20:50:26+08:00][sql] SHOW FULL COLUMNS FROM `course` [ RunTime:0.011999s ]
[2022-12-13T20:50:26+08:00][sql] SELECT * FROM `course` WHERE  `about_instructor` LIKE '%1%' [ RunTime:0.000814s ]
[2022-12-13T20:50:26+08:00][sql] SHOW FULL COLUMNS FROM `address` [ RunTime:0.001550s ]
[2022-12-13T20:50:26+08:00][sql] SELECT * FROM `address` WHERE  `id` = 1 LIMIT 1 [ RunTime:0.000346s ]
[2022-12-13T20:50:26+08:00][sql] SELECT * FROM `address` WHERE  `id` = 2 LIMIT 1 [ RunTime:0.000305s ]
[2022-12-13T20:50:26+08:00][sql] CONNECT:[ UseTime:0.005136s ] mysql:host=localhost;port=3316;dbname=coffee;charset=utf8
[2022-12-13T20:50:26+08:00][sql] SHOW FULL COLUMNS FROM `teacher` [ RunTime:0.007344s ]
[2022-12-13T20:50:26+08:00][sql] SELECT `teacher_name`,`teacher_title`,`teacher_avatar`,`detail` FROM `teacher` WHERE  `id` = 2 LIMIT 1 [ RunTime:0.000347s ]
[2022-12-13T20:50:26+08:00][sql] SHOW FULL COLUMNS FROM `course` [ RunTime:0.001604s ]
[2022-12-13T20:50:26+08:00][sql] SELECT * FROM `course` WHERE  `about_instructor` LIKE '%2%' [ RunTime:0.000490s ]
[2022-12-13T20:50:26+08:00][sql] SHOW FULL COLUMNS FROM `address` [ RunTime:0.001523s ]
[2022-12-13T20:50:26+08:00][sql] SELECT * FROM `address` WHERE  `id` = 1 LIMIT 1 [ RunTime:0.000317s ]
[2022-12-13T20:50:26+08:00][sql] SELECT * FROM `address` WHERE  `id` = 2 LIMIT 1 [ RunTime:0.000485s ]
[2022-12-13T20:50:26+08:00][sql] CONNECT:[ UseTime:0.013424s ] mysql:host=localhost;port=3316;dbname=coffee;charset=utf8
[2022-12-13T20:50:26+08:00][sql] SHOW FULL COLUMNS FROM `teacher` [ RunTime:0.003575s ]
[2022-12-13T20:50:26+08:00][sql] SELECT `id`,`teacher_name`,`teacher_avatar`,`Introduction` FROM `teacher` [ RunTime:0.014996s ]
[2022-12-13T20:50:26+08:00][sql] SHOW FULL COLUMNS FROM `address` [ RunTime:0.006438s ]
[2022-12-13T20:50:26+08:00][sql] SELECT * FROM `address` WHERE  `id` = 1 LIMIT 1 [ RunTime:0.010223s ]
[2022-12-13T20:50:26+08:00][sql] SELECT * FROM `address` WHERE  `id` = 2 LIMIT 1 [ RunTime:0.003897s ]
[2022-12-13T20:50:27+08:00][sql] CONNECT:[ UseTime:0.000461s ] mysql:host=localhost;port=3316;dbname=coffee;charset=utf8
[2022-12-13T20:50:27+08:00][sql] SHOW FULL COLUMNS FROM `teacher` [ RunTime:0.001293s ]
[2022-12-13T20:50:27+08:00][sql] SELECT `teacher_name`,`teacher_title`,`teacher_avatar`,`detail` FROM `teacher` WHERE  `id` = 3 LIMIT 1 [ RunTime:0.000286s ]
[2022-12-13T20:50:27+08:00][sql] SHOW FULL COLUMNS FROM `course` [ RunTime:0.001194s ]
[2022-12-13T20:50:27+08:00][sql] SELECT * FROM `course` WHERE  `about_instructor` LIKE '%3%' [ RunTime:0.000359s ]
[2022-12-13T20:50:27+08:00][sql] SHOW FULL COLUMNS FROM `address` [ RunTime:0.001002s ]
[2022-12-13T20:50:27+08:00][sql] SELECT * FROM `address` WHERE  `id` = 1 LIMIT 1 [ RunTime:0.000320s ]
[2022-12-13T20:50:27+08:00][sql] SELECT * FROM `address` WHERE  `id` = 2 LIMIT 1 [ RunTime:0.000275s ]
[2022-12-13T21:04:53+08:00][sql] CONNECT:[ UseTime:0.000434s ] mysql:host=localhost;port=3316;dbname=coffee;charset=utf8
[2022-12-13T21:04:53+08:00][sql] SHOW FULL COLUMNS FROM `teacher` [ RunTime:0.001302s ]
[2022-12-13T21:04:53+08:00][sql] SELECT `teacher_name`,`teacher_title`,`teacher_avatar`,`detail` FROM `teacher` WHERE  `id` = 1 LIMIT 1 [ RunTime:0.000286s ]
[2022-12-13T21:04:53+08:00][sql] SHOW FULL COLUMNS FROM `course` [ RunTime:0.001071s ]
[2022-12-13T21:04:53+08:00][sql] SELECT * FROM `course` WHERE  `about_instructor` LIKE '%1%' [ RunTime:0.000471s ]
[2022-12-13T21:04:53+08:00][sql] SHOW FULL COLUMNS FROM `address` [ RunTime:0.001021s ]
[2022-12-13T21:04:53+08:00][sql] SELECT * FROM `address` WHERE  `id` = 1 LIMIT 1 [ RunTime:0.000290s ]
[2022-12-13T21:04:53+08:00][sql] SELECT * FROM `address` WHERE  `id` = 2 LIMIT 1 [ RunTime:0.000247s ]
