[2022-12-21T01:14:58+08:00][sql] CONNECT:[ UseTime:0.000331s ] mysql:host=localhost;port=3316;dbname=coffee;charset=utf8
[2022-12-21T01:14:58+08:00][sql] SHOW FULL COLUMNS FROM `teacher` [ RunTime:0.001251s ]
[2022-12-21T01:14:58+08:00][sql] SELECT `teacher_name`,`teacher_title`,`teacher_avatar`,`detail` FROM `teacher` WHERE  `id` = 1 LIMIT 1 [ RunTime:0.000240s ]
[2022-12-21T01:14:58+08:00][sql] SHOW FULL COLUMNS FROM `course` [ RunTime:0.001037s ]
[2022-12-21T01:14:58+08:00][sql] SELECT * FROM `course` WHERE  `about_instructor` LIKE '%1%' [ RunTime:0.000382s ]
[2022-12-21T01:14:58+08:00][sql] SHOW FULL COLUMNS FROM `address` [ RunTime:0.000948s ]
[2022-12-21T01:14:58+08:00][sql] SELECT * FROM `address` WHERE  `id` = 1 LIMIT 1 [ RunTime:0.000245s ]
[2022-12-21T01:14:58+08:00][sql] SELECT * FROM `address` WHERE  `id` = 2 LIMIT 1 [ RunTime:0.000196s ]
[2022-12-21T01:17:03+08:00][sql] CONNECT:[ UseTime:0.000465s ] mysql:host=localhost;port=3316;dbname=coffee;charset=utf8
[2022-12-21T01:17:03+08:00][sql] SHOW FULL COLUMNS FROM `teacher` [ RunTime:0.001251s ]
[2022-12-21T01:17:03+08:00][sql] SELECT `teacher_name`,`teacher_title`,`teacher_avatar`,`detail` FROM `teacher` WHERE  `id` = 1 LIMIT 1 [ RunTime:0.000277s ]
[2022-12-21T01:17:03+08:00][sql] SHOW FULL COLUMNS FROM `course` [ RunTime:0.001075s ]
[2022-12-21T01:17:03+08:00][sql] SELECT * FROM `course` WHERE  `about_instructor` LIKE '%1%' [ RunTime:0.000453s ]
[2022-12-21T01:17:03+08:00][sql] SHOW FULL COLUMNS FROM `address` [ RunTime:0.000946s ]
[2022-12-21T01:17:03+08:00][sql] SELECT * FROM `address` WHERE  `id` = 1 LIMIT 1 [ RunTime:0.000281s ]
[2022-12-21T01:17:03+08:00][sql] SELECT * FROM `address` WHERE  `id` = 2 LIMIT 1 [ RunTime:0.000240s ]
[2022-12-21T17:56:22+08:00][sql] CONNECT:[ UseTime:0.000452s ] mysql:host=localhost;port=3316;dbname=coffee;charset=utf8
[2022-12-21T17:56:22+08:00][sql] SHOW FULL COLUMNS FROM `teacher` [ RunTime:0.001500s ]
[2022-12-21T17:56:22+08:00][sql] SELECT `teacher_name`,`teacher_title`,`teacher_avatar`,`detail` FROM `teacher` WHERE  `id` = 2 LIMIT 1 [ RunTime:0.000349s ]
[2022-12-21T17:56:22+08:00][sql] SHOW FULL COLUMNS FROM `course` [ RunTime:0.001245s ]
[2022-12-21T17:56:22+08:00][sql] SELECT * FROM `course` WHERE  `about_instructor` LIKE '%2%' [ RunTime:0.000425s ]
[2022-12-21T17:56:22+08:00][sql] SHOW FULL COLUMNS FROM `address` [ RunTime:0.001068s ]
[2022-12-21T17:56:22+08:00][sql] SELECT * FROM `address` WHERE  `id` = 1 LIMIT 1 [ RunTime:0.000274s ]
[2022-12-21T17:56:22+08:00][sql] SELECT * FROM `address` WHERE  `id` = 2 LIMIT 1 [ RunTime:0.000259s ]
[2022-12-21T18:05:59+08:00][sql] CONNECT:[ UseTime:0.000440s ] mysql:host=localhost;port=3316;dbname=coffee;charset=utf8
[2022-12-21T18:05:59+08:00][sql] SHOW FULL COLUMNS FROM `teacher` [ RunTime:0.001356s ]
[2022-12-21T18:05:59+08:00][sql] SELECT `teacher_name`,`teacher_title`,`teacher_avatar`,`detail` FROM `teacher` WHERE  `id` = 2 LIMIT 1 [ RunTime:0.000375s ]
[2022-12-21T18:05:59+08:00][sql] SHOW FULL COLUMNS FROM `course` [ RunTime:0.001167s ]
[2022-12-21T18:05:59+08:00][sql] SELECT * FROM `course` WHERE  `about_instructor` LIKE '%2%' [ RunTime:0.000410s ]
[2022-12-21T18:05:59+08:00][sql] SHOW FULL COLUMNS FROM `address` [ RunTime:0.001009s ]
[2022-12-21T18:05:59+08:00][sql] SELECT * FROM `address` WHERE  `id` = 1 LIMIT 1 [ RunTime:0.000292s ]
[2022-12-21T18:05:59+08:00][sql] SELECT * FROM `address` WHERE  `id` = 2 LIMIT 1 [ RunTime:0.000245s ]
[2022-12-21T20:58:51+08:00][sql] CONNECT:[ UseTime:0.000395s ] mysql:host=localhost;port=3316;dbname=coffee;charset=utf8
[2022-12-21T20:58:51+08:00][sql] SHOW FULL COLUMNS FROM `teacher` [ RunTime:0.001247s ]
[2022-12-21T20:58:51+08:00][sql] SELECT `teacher_name`,`teacher_title`,`teacher_avatar`,`detail` FROM `teacher` WHERE  `id` = 3 LIMIT 1 [ RunTime:0.000276s ]
[2022-12-21T20:58:51+08:00][sql] SHOW FULL COLUMNS FROM `course` [ RunTime:0.001125s ]
[2022-12-21T20:58:51+08:00][sql] SELECT * FROM `course` WHERE  `about_instructor` LIKE '%3%' [ RunTime:0.000331s ]
[2022-12-21T20:58:51+08:00][sql] SHOW FULL COLUMNS FROM `address` [ RunTime:0.000928s ]
[2022-12-21T20:58:51+08:00][sql] SELECT * FROM `address` WHERE  `id` = 1 LIMIT 1 [ RunTime:0.000246s ]
[2022-12-21T20:58:51+08:00][sql] SELECT * FROM `address` WHERE  `id` = 2 LIMIT 1 [ RunTime:0.000225s ]
[2022-12-21T21:07:35+08:00][sql] CONNECT:[ UseTime:0.000390s ] mysql:host=localhost;port=3316;dbname=coffee;charset=utf8
[2022-12-21T21:07:35+08:00][sql] SHOW FULL COLUMNS FROM `teacher` [ RunTime:0.001515s ]
[2022-12-21T21:07:35+08:00][sql] SELECT `teacher_name`,`teacher_title`,`teacher_avatar`,`detail` FROM `teacher` WHERE  `id` = 3 LIMIT 1 [ RunTime:0.000301s ]
[2022-12-21T21:07:35+08:00][sql] SHOW FULL COLUMNS FROM `course` [ RunTime:0.001121s ]
[2022-12-21T21:07:35+08:00][sql] SELECT * FROM `course` WHERE  `about_instructor` LIKE '%3%' [ RunTime:0.000355s ]
[2022-12-21T21:07:35+08:00][sql] SHOW FULL COLUMNS FROM `address` [ RunTime:0.000961s ]
[2022-12-21T21:07:35+08:00][sql] SELECT * FROM `address` WHERE  `id` = 1 LIMIT 1 [ RunTime:0.000343s ]
[2022-12-21T21:07:35+08:00][sql] SELECT * FROM `address` WHERE  `id` = 2 LIMIT 1 [ RunTime:0.000256s ]
[2022-12-21T22:28:51+08:00][sql] CONNECT:[ UseTime:0.000365s ] mysql:host=localhost;port=3316;dbname=coffee;charset=utf8
[2022-12-21T22:28:51+08:00][sql] SHOW FULL COLUMNS FROM `teacher` [ RunTime:0.001254s ]
[2022-12-21T22:28:51+08:00][sql] SELECT `teacher_name`,`teacher_title`,`teacher_avatar`,`detail` FROM `teacher` WHERE  `id` = 3 LIMIT 1 [ RunTime:0.000278s ]
[2022-12-21T22:28:51+08:00][sql] SHOW FULL COLUMNS FROM `course` [ RunTime:0.001092s ]
[2022-12-21T22:28:51+08:00][sql] SELECT * FROM `course` WHERE  `about_instructor` LIKE '%3%' [ RunTime:0.000379s ]
[2022-12-21T22:28:51+08:00][sql] SHOW FULL COLUMNS FROM `address` [ RunTime:0.000919s ]
[2022-12-21T22:28:51+08:00][sql] SELECT * FROM `address` WHERE  `id` = 1 LIMIT 1 [ RunTime:0.000270s ]
[2022-12-21T22:28:51+08:00][sql] SELECT * FROM `address` WHERE  `id` = 2 LIMIT 1 [ RunTime:0.000211s ]
