[2022-12-28T04:31:18+08:00][sql] CONNECT:[ UseTime:0.000400s ] mysql:host=localhost;port=3316;dbname=coffee;charset=utf8
[2022-12-28T04:31:18+08:00][sql] SHOW FULL COLUMNS FROM `teacher` [ RunTime:0.001264s ]
[2022-12-28T04:31:18+08:00][sql] SELECT `id`,`teacher_name`,`teacher_avatar`,`Introduction` FROM `teacher` [ RunTime:0.000268s ]
[2022-12-28T04:31:18+08:00][sql] SHOW FULL COLUMNS FROM `address` [ RunTime:0.000958s ]
[2022-12-28T04:31:18+08:00][sql] SELECT * FROM `address` WHERE  `id` = 1 LIMIT 1 [ RunTime:0.000340s ]
[2022-12-28T04:31:18+08:00][sql] SELECT * FROM `address` WHERE  `id` = 2 LIMIT 1 [ RunTime:0.000251s ]
[2022-12-28T04:38:32+08:00][sql] CONNECT:[ UseTime:0.000365s ] mysql:host=localhost;port=3316;dbname=coffee;charset=utf8
[2022-12-28T04:38:32+08:00][sql] SHOW FULL COLUMNS FROM `teacher` [ RunTime:0.001227s ]
[2022-12-28T04:38:32+08:00][sql] SELECT `id`,`teacher_name`,`teacher_avatar`,`Introduction` FROM `teacher` [ RunTime:0.000321s ]
[2022-12-28T04:38:32+08:00][sql] SHOW FULL COLUMNS FROM `address` [ RunTime:0.000957s ]
[2022-12-28T04:38:32+08:00][sql] SELECT * FROM `address` WHERE  `id` = 1 LIMIT 1 [ RunTime:0.000276s ]
[2022-12-28T04:38:32+08:00][sql] SELECT * FROM `address` WHERE  `id` = 2 LIMIT 1 [ RunTime:0.000244s ]
[2022-12-28T12:39:49+08:00][sql] CONNECT:[ UseTime:0.000412s ] mysql:host=localhost;port=3316;dbname=coffee;charset=utf8
[2022-12-28T12:39:49+08:00][sql] SHOW FULL COLUMNS FROM `teacher` [ RunTime:0.001357s ]
[2022-12-28T12:39:49+08:00][sql] SELECT `teacher_name`,`teacher_title`,`teacher_avatar`,`detail` FROM `teacher` WHERE  `id` = 1 LIMIT 1 [ RunTime:0.000297s ]
[2022-12-28T12:39:49+08:00][sql] SHOW FULL COLUMNS FROM `course` [ RunTime:0.001110s ]
[2022-12-28T12:39:49+08:00][sql] SELECT * FROM `course` WHERE  `about_instructor` LIKE '%1%' [ RunTime:0.000475s ]
[2022-12-28T12:39:49+08:00][sql] SHOW FULL COLUMNS FROM `address` [ RunTime:0.001408s ]
[2022-12-28T12:39:49+08:00][sql] SELECT * FROM `address` WHERE  `id` = 1 LIMIT 1 [ RunTime:0.000445s ]
[2022-12-28T12:39:49+08:00][sql] SELECT * FROM `address` WHERE  `id` = 2 LIMIT 1 [ RunTime:0.000399s ]
[2022-12-28T19:05:10+08:00][sql] CONNECT:[ UseTime:0.000388s ] mysql:host=localhost;port=3316;dbname=coffee;charset=utf8
[2022-12-28T19:05:10+08:00][sql] SHOW FULL COLUMNS FROM `teacher` [ RunTime:0.001341s ]
[2022-12-28T19:05:10+08:00][sql] SELECT `id`,`teacher_name`,`teacher_avatar`,`Introduction` FROM `teacher` [ RunTime:0.000272s ]
[2022-12-28T19:05:10+08:00][sql] SHOW FULL COLUMNS FROM `address` [ RunTime:0.001080s ]
[2022-12-28T19:05:10+08:00][sql] SELECT * FROM `address` WHERE  `id` = 1 LIMIT 1 [ RunTime:0.000303s ]
[2022-12-28T19:05:10+08:00][sql] SELECT * FROM `address` WHERE  `id` = 2 LIMIT 1 [ RunTime:0.000254s ]
[2022-12-28T19:10:47+08:00][sql] CONNECT:[ UseTime:0.000391s ] mysql:host=localhost;port=3316;dbname=coffee;charset=utf8
[2022-12-28T19:10:47+08:00][sql] SHOW FULL COLUMNS FROM `teacher` [ RunTime:0.001334s ]
[2022-12-28T19:10:47+08:00][sql] SELECT `id`,`teacher_name`,`teacher_avatar`,`Introduction` FROM `teacher` [ RunTime:0.000245s ]
[2022-12-28T19:10:47+08:00][sql] SHOW FULL COLUMNS FROM `address` [ RunTime:0.000988s ]
[2022-12-28T19:10:47+08:00][sql] SELECT * FROM `address` WHERE  `id` = 1 LIMIT 1 [ RunTime:0.000262s ]
[2022-12-28T19:10:47+08:00][sql] SELECT * FROM `address` WHERE  `id` = 2 LIMIT 1 [ RunTime:0.000262s ]
[2022-12-28T19:43:30+08:00][sql] CONNECT:[ UseTime:0.000449s ] mysql:host=localhost;port=3316;dbname=coffee;charset=utf8
[2022-12-28T19:43:30+08:00][sql] SHOW FULL COLUMNS FROM `teacher` [ RunTime:0.001263s ]
[2022-12-28T19:43:30+08:00][sql] SELECT `teacher_name`,`teacher_title`,`teacher_avatar`,`detail` FROM `teacher` WHERE  `id` = 1 LIMIT 1 [ RunTime:0.000312s ]
[2022-12-28T19:43:30+08:00][sql] SHOW FULL COLUMNS FROM `course` [ RunTime:0.001101s ]
[2022-12-28T19:43:30+08:00][sql] SELECT * FROM `course` WHERE  `about_instructor` LIKE '%1%' [ RunTime:0.001188s ]
[2022-12-28T19:43:30+08:00][sql] SHOW FULL COLUMNS FROM `address` [ RunTime:0.001070s ]
[2022-12-28T19:43:30+08:00][sql] SELECT * FROM `address` WHERE  `id` = 1 LIMIT 1 [ RunTime:0.000305s ]
[2022-12-28T19:43:30+08:00][sql] SELECT * FROM `address` WHERE  `id` = 2 LIMIT 1 [ RunTime:0.000252s ]
