[2022-12-29T03:14:54+08:00][sql] CONNECT:[ UseTime:0.000384s ] mysql:host=localhost;port=3316;dbname=coffee;charset=utf8
[2022-12-29T03:14:54+08:00][sql] SHOW FULL COLUMNS FROM `teacher` [ RunTime:0.001220s ]
[2022-12-29T03:14:54+08:00][sql] SELECT `teacher_name`,`teacher_title`,`teacher_avatar`,`detail` FROM `teacher` WHERE  `id` = 2 LIMIT 1 [ RunTime:0.000249s ]
[2022-12-29T03:14:54+08:00][sql] SHOW FULL COLUMNS FROM `course` [ RunTime:0.001008s ]
[2022-12-29T03:14:54+08:00][sql] SELECT * FROM `course` WHERE  `about_instructor` LIKE '%2%' [ RunTime:0.000330s ]
[2022-12-29T03:14:54+08:00][sql] SHOW FULL COLUMNS FROM `address` [ RunTime:0.000898s ]
[2022-12-29T03:14:54+08:00][sql] SELECT * FROM `address` WHERE  `id` = 1 LIMIT 1 [ RunTime:0.000227s ]
[2022-12-29T03:14:54+08:00][sql] SELECT * FROM `address` WHERE  `id` = 2 LIMIT 1 [ RunTime:0.000199s ]
[2022-12-29T03:21:47+08:00][sql] CONNECT:[ UseTime:0.000439s ] mysql:host=localhost;port=3316;dbname=coffee;charset=utf8
[2022-12-29T03:21:47+08:00][sql] SHOW FULL COLUMNS FROM `teacher` [ RunTime:0.001886s ]
[2022-12-29T03:21:47+08:00][sql] SELECT `teacher_name`,`teacher_title`,`teacher_avatar`,`detail` FROM `teacher` WHERE  `id` = 2 LIMIT 1 [ RunTime:0.000319s ]
[2022-12-29T03:21:47+08:00][sql] SHOW FULL COLUMNS FROM `course` [ RunTime:0.001558s ]
[2022-12-29T03:21:47+08:00][sql] SELECT * FROM `course` WHERE  `about_instructor` LIKE '%2%' [ RunTime:0.000445s ]
[2022-12-29T03:21:47+08:00][sql] SHOW FULL COLUMNS FROM `address` [ RunTime:0.001283s ]
[2022-12-29T03:21:47+08:00][sql] SELECT * FROM `address` WHERE  `id` = 1 LIMIT 1 [ RunTime:0.000275s ]
[2022-12-29T03:21:47+08:00][sql] SELECT * FROM `address` WHERE  `id` = 2 LIMIT 1 [ RunTime:0.000252s ]
[2022-12-29T03:22:59+08:00][sql] CONNECT:[ UseTime:0.000394s ] mysql:host=localhost;port=3316;dbname=coffee;charset=utf8
[2022-12-29T03:22:59+08:00][sql] SHOW FULL COLUMNS FROM `teacher` [ RunTime:0.001231s ]
[2022-12-29T03:22:59+08:00][sql] SELECT `id`,`teacher_name`,`teacher_avatar`,`Introduction` FROM `teacher` [ RunTime:0.000247s ]
[2022-12-29T03:22:59+08:00][sql] SHOW FULL COLUMNS FROM `address` [ RunTime:0.000966s ]
[2022-12-29T03:22:59+08:00][sql] SELECT * FROM `address` WHERE  `id` = 1 LIMIT 1 [ RunTime:0.000296s ]
[2022-12-29T03:22:59+08:00][sql] SELECT * FROM `address` WHERE  `id` = 2 LIMIT 1 [ RunTime:0.000242s ]
[2022-12-29T14:54:33+08:00][sql] CONNECT:[ UseTime:0.000404s ] mysql:host=localhost;port=3316;dbname=coffee;charset=utf8
[2022-12-29T14:54:33+08:00][sql] SHOW FULL COLUMNS FROM `teacher` [ RunTime:0.001371s ]
[2022-12-29T14:54:33+08:00][sql] SELECT `id`,`teacher_name`,`teacher_avatar`,`Introduction` FROM `teacher` [ RunTime:0.000259s ]
[2022-12-29T14:54:33+08:00][sql] SHOW FULL COLUMNS FROM `address` [ RunTime:0.000984s ]
[2022-12-29T14:54:33+08:00][sql] SELECT * FROM `address` WHERE  `id` = 1 LIMIT 1 [ RunTime:0.000307s ]
[2022-12-29T14:54:33+08:00][sql] SELECT * FROM `address` WHERE  `id` = 2 LIMIT 1 [ RunTime:0.000241s ]
[2022-12-29T22:47:30+08:00][sql] CONNECT:[ UseTime:0.000432s ] mysql:host=localhost;port=3316;dbname=coffee;charset=utf8
[2022-12-29T22:47:30+08:00][sql] SHOW FULL COLUMNS FROM `teacher` [ RunTime:0.001309s ]
[2022-12-29T22:47:30+08:00][sql] SELECT `teacher_name`,`teacher_title`,`teacher_avatar`,`detail` FROM `teacher` WHERE  `id` = 3 LIMIT 1 [ RunTime:0.000306s ]
[2022-12-29T22:47:30+08:00][sql] SHOW FULL COLUMNS FROM `course` [ RunTime:0.001216s ]
[2022-12-29T22:47:30+08:00][sql] SELECT * FROM `course` WHERE  `about_instructor` LIKE '%3%' [ RunTime:0.000855s ]
[2022-12-29T22:47:30+08:00][sql] SHOW FULL COLUMNS FROM `address` [ RunTime:0.001011s ]
[2022-12-29T22:47:30+08:00][sql] SELECT * FROM `address` WHERE  `id` = 1 LIMIT 1 [ RunTime:0.000278s ]
[2022-12-29T22:47:30+08:00][sql] SELECT * FROM `address` WHERE  `id` = 2 LIMIT 1 [ RunTime:0.000263s ]
[2022-12-29T22:57:35+08:00][sql] CONNECT:[ UseTime:0.000391s ] mysql:host=localhost;port=3316;dbname=coffee;charset=utf8
[2022-12-29T22:57:35+08:00][sql] SHOW FULL COLUMNS FROM `teacher` [ RunTime:0.001307s ]
[2022-12-29T22:57:35+08:00][sql] SELECT `teacher_name`,`teacher_title`,`teacher_avatar`,`detail` FROM `teacher` WHERE  `id` = 3 LIMIT 1 [ RunTime:0.000279s ]
[2022-12-29T22:57:35+08:00][sql] SHOW FULL COLUMNS FROM `course` [ RunTime:0.001078s ]
[2022-12-29T22:57:35+08:00][sql] SELECT * FROM `course` WHERE  `about_instructor` LIKE '%3%' [ RunTime:0.000361s ]
[2022-12-29T22:57:35+08:00][sql] SHOW FULL COLUMNS FROM `address` [ RunTime:0.000980s ]
[2022-12-29T22:57:35+08:00][sql] SELECT * FROM `address` WHERE  `id` = 1 LIMIT 1 [ RunTime:0.000279s ]
[2022-12-29T22:57:35+08:00][sql] SELECT * FROM `address` WHERE  `id` = 2 LIMIT 1 [ RunTime:0.000321s ]
[2022-12-29T23:52:11+08:00][sql] CONNECT:[ UseTime:0.000352s ] mysql:host=localhost;port=3316;dbname=coffee;charset=utf8
[2022-12-29T23:52:11+08:00][sql] SHOW FULL COLUMNS FROM `teacher` [ RunTime:0.001289s ]
[2022-12-29T23:52:11+08:00][sql] SELECT `id`,`teacher_name`,`teacher_avatar`,`Introduction` FROM `teacher` [ RunTime:0.000237s ]
[2022-12-29T23:52:11+08:00][sql] SHOW FULL COLUMNS FROM `address` [ RunTime:0.001000s ]
[2022-12-29T23:52:11+08:00][sql] SELECT * FROM `address` WHERE  `id` = 1 LIMIT 1 [ RunTime:0.000259s ]
[2022-12-29T23:52:11+08:00][sql] SELECT * FROM `address` WHERE  `id` = 2 LIMIT 1 [ RunTime:0.000247s ]
