[2023-06-09T05:12:49+08:00][sql] CONNECT:[ UseTime:0.000397s ] mysql:host=localhost;port=3316;dbname=coffee;charset=utf8
[2023-06-09T05:12:49+08:00][sql] SHOW FULL COLUMNS FROM `teacher` [ RunTime:0.001268s ]
[2023-06-09T05:12:49+08:00][sql] SELECT `teacher_name`,`teacher_title`,`teacher_avatar`,`detail` FROM `teacher` WHERE  `id` = 3 LIMIT 1 [ RunTime:0.000258s ]
[2023-06-09T05:12:49+08:00][sql] SHOW FULL COLUMNS FROM `course` [ RunTime:0.001050s ]
[2023-06-09T05:12:49+08:00][sql] SELECT * FROM `course` WHERE  `about_instructor` LIKE '%3%' [ RunTime:0.000315s ]
[2023-06-09T05:12:49+08:00][sql] SHOW FULL COLUMNS FROM `address` [ RunTime:0.000878s ]
[2023-06-09T05:12:49+08:00][sql] SELECT * FROM `address` WHERE  `id` = 1 LIMIT 1 [ RunTime:0.000241s ]
[2023-06-09T05:12:49+08:00][sql] SELECT * FROM `address` WHERE  `id` = 2 LIMIT 1 [ RunTime:0.000203s ]
[2023-06-09T09:40:55+08:00][sql] CONNECT:[ UseTime:0.000417s ] mysql:host=localhost;port=3316;dbname=coffee;charset=utf8
[2023-06-09T09:40:55+08:00][sql] SHOW FULL COLUMNS FROM `teacher` [ RunTime:0.001285s ]
[2023-06-09T09:40:55+08:00][sql] SELECT `teacher_name`,`teacher_title`,`teacher_avatar`,`detail` FROM `teacher` WHERE  `id` = 1 LIMIT 1 [ RunTime:0.000316s ]
[2023-06-09T09:40:55+08:00][sql] SHOW FULL COLUMNS FROM `course` [ RunTime:0.001079s ]
[2023-06-09T09:40:55+08:00][sql] SELECT * FROM `course` WHERE  `about_instructor` LIKE '%1%' [ RunTime:0.000400s ]
[2023-06-09T09:40:55+08:00][sql] SHOW FULL COLUMNS FROM `address` [ RunTime:0.000872s ]
[2023-06-09T09:40:55+08:00][sql] SELECT * FROM `address` WHERE  `id` = 1 LIMIT 1 [ RunTime:0.000228s ]
[2023-06-09T09:40:55+08:00][sql] SELECT * FROM `address` WHERE  `id` = 2 LIMIT 1 [ RunTime:0.000191s ]
[2023-06-09T09:42:35+08:00][sql] CONNECT:[ UseTime:0.000415s ] mysql:host=localhost;port=3316;dbname=coffee;charset=utf8
[2023-06-09T09:42:35+08:00][sql] SHOW FULL COLUMNS FROM `teacher` [ RunTime:0.001357s ]
[2023-06-09T09:42:35+08:00][sql] SELECT `id`,`teacher_name`,`teacher_avatar`,`Introduction` FROM `teacher` [ RunTime:0.000212s ]
[2023-06-09T09:42:35+08:00][sql] SHOW FULL COLUMNS FROM `address` [ RunTime:0.001015s ]
[2023-06-09T09:42:35+08:00][sql] SELECT * FROM `address` WHERE  `id` = 1 LIMIT 1 [ RunTime:0.000262s ]
[2023-06-09T09:42:35+08:00][sql] SELECT * FROM `address` WHERE  `id` = 2 LIMIT 1 [ RunTime:0.000265s ]
[2023-06-09T09:49:18+08:00][sql] CONNECT:[ UseTime:0.000414s ] mysql:host=localhost;port=3316;dbname=coffee;charset=utf8
[2023-06-09T09:49:18+08:00][sql] SHOW FULL COLUMNS FROM `teacher` [ RunTime:0.001362s ]
[2023-06-09T09:49:18+08:00][sql] SELECT `teacher_name`,`teacher_title`,`teacher_avatar`,`detail` FROM `teacher` WHERE  `id` = 1 LIMIT 1 [ RunTime:0.000257s ]
[2023-06-09T09:49:18+08:00][sql] SHOW FULL COLUMNS FROM `course` [ RunTime:0.001079s ]
[2023-06-09T09:49:18+08:00][sql] SELECT * FROM `course` WHERE  `about_instructor` LIKE '%1%' [ RunTime:0.000482s ]
[2023-06-09T09:49:18+08:00][sql] SHOW FULL COLUMNS FROM `address` [ RunTime:0.000863s ]
[2023-06-09T09:49:18+08:00][sql] SELECT * FROM `address` WHERE  `id` = 1 LIMIT 1 [ RunTime:0.000253s ]
[2023-06-09T09:49:18+08:00][sql] SELECT * FROM `address` WHERE  `id` = 2 LIMIT 1 [ RunTime:0.000190s ]
[2023-06-09T09:51:39+08:00][sql] CONNECT:[ UseTime:0.000461s ] mysql:host=localhost;port=3316;dbname=coffee;charset=utf8
[2023-06-09T09:51:39+08:00][sql] SHOW FULL COLUMNS FROM `teacher` [ RunTime:0.001377s ]
[2023-06-09T09:51:39+08:00][sql] SELECT `id`,`teacher_name`,`teacher_avatar`,`Introduction` FROM `teacher` [ RunTime:0.000240s ]
[2023-06-09T09:51:39+08:00][sql] SHOW FULL COLUMNS FROM `address` [ RunTime:0.000928s ]
[2023-06-09T09:51:39+08:00][sql] SELECT * FROM `address` WHERE  `id` = 1 LIMIT 1 [ RunTime:0.000259s ]
[2023-06-09T09:51:39+08:00][sql] SELECT * FROM `address` WHERE  `id` = 2 LIMIT 1 [ RunTime:0.000218s ]
[2023-06-09T14:25:27+08:00][sql] CONNECT:[ UseTime:0.000466s ] mysql:host=localhost;port=3316;dbname=coffee;charset=utf8
[2023-06-09T14:25:27+08:00][sql] SHOW FULL COLUMNS FROM `teacher` [ RunTime:0.001393s ]
[2023-06-09T14:25:27+08:00][sql] SELECT `teacher_name`,`teacher_title`,`teacher_avatar`,`detail` FROM `teacher` WHERE  `id` = 2 LIMIT 1 [ RunTime:0.000257s ]
[2023-06-09T14:25:27+08:00][sql] SHOW FULL COLUMNS FROM `course` [ RunTime:0.001049s ]
[2023-06-09T14:25:27+08:00][sql] SELECT * FROM `course` WHERE  `about_instructor` LIKE '%2%' [ RunTime:0.000791s ]
[2023-06-09T14:25:27+08:00][sql] SHOW FULL COLUMNS FROM `address` [ RunTime:0.000946s ]
[2023-06-09T14:25:27+08:00][sql] SELECT * FROM `address` WHERE  `id` = 1 LIMIT 1 [ RunTime:0.000287s ]
[2023-06-09T14:25:27+08:00][sql] SELECT * FROM `address` WHERE  `id` = 2 LIMIT 1 [ RunTime:0.000225s ]
[2023-06-09T14:39:10+08:00][sql] CONNECT:[ UseTime:0.000496s ] mysql:host=localhost;port=3316;dbname=coffee;charset=utf8
[2023-06-09T14:39:10+08:00][sql] SHOW FULL COLUMNS FROM `teacher` [ RunTime:0.001343s ]
[2023-06-09T14:39:10+08:00][sql] SELECT `teacher_name`,`teacher_title`,`teacher_avatar`,`detail` FROM `teacher` WHERE  `id` = 2 LIMIT 1 [ RunTime:0.000265s ]
[2023-06-09T14:39:10+08:00][sql] SHOW FULL COLUMNS FROM `course` [ RunTime:0.001050s ]
[2023-06-09T14:39:10+08:00][sql] SELECT * FROM `course` WHERE  `about_instructor` LIKE '%2%' [ RunTime:0.000341s ]
[2023-06-09T14:39:10+08:00][sql] SHOW FULL COLUMNS FROM `address` [ RunTime:0.001003s ]
[2023-06-09T14:39:10+08:00][sql] SELECT * FROM `address` WHERE  `id` = 1 LIMIT 1 [ RunTime:0.000304s ]
[2023-06-09T14:39:10+08:00][sql] SELECT * FROM `address` WHERE  `id` = 2 LIMIT 1 [ RunTime:0.000208s ]
