[2023-06-11T04:10:15+08:00][sql] CONNECT:[ UseTime:0.000418s ] mysql:host=localhost;port=3316;dbname=coffee;charset=utf8
[2023-06-11T04:10:15+08:00][sql] SHOW FULL COLUMNS FROM `teacher` [ RunTime:0.001463s ]
[2023-06-11T04:10:15+08:00][sql] SELECT `teacher_name`,`teacher_title`,`teacher_avatar`,`detail` FROM `teacher` WHERE  `id` = 1 LIMIT 1 [ RunTime:0.000257s ]
[2023-06-11T04:10:15+08:00][sql] SHOW FULL COLUMNS FROM `course` [ RunTime:0.001062s ]
[2023-06-11T04:10:15+08:00][sql] SELECT * FROM `course` WHERE  `about_instructor` LIKE '%1%' [ RunTime:0.000376s ]
[2023-06-11T04:10:15+08:00][sql] SHOW FULL COLUMNS FROM `address` [ RunTime:0.001028s ]
[2023-06-11T04:10:15+08:00][sql] SELECT * FROM `address` WHERE  `id` = 1 LIMIT 1 [ RunTime:0.000254s ]
[2023-06-11T04:10:15+08:00][sql] SELECT * FROM `address` WHERE  `id` = 2 LIMIT 1 [ RunTime:0.000217s ]
[2023-06-11T04:14:59+08:00][sql] CONNECT:[ UseTime:0.000479s ] mysql:host=localhost;port=3316;dbname=coffee;charset=utf8
[2023-06-11T04:14:59+08:00][sql] SHOW FULL COLUMNS FROM `teacher` [ RunTime:0.001980s ]
[2023-06-11T04:14:59+08:00][sql] SELECT `teacher_name`,`teacher_title`,`teacher_avatar`,`detail` FROM `teacher` WHERE  `id` = 1 LIMIT 1 [ RunTime:0.000382s ]
[2023-06-11T04:14:59+08:00][sql] SHOW FULL COLUMNS FROM `course` [ RunTime:0.001630s ]
[2023-06-11T04:14:59+08:00][sql] SELECT * FROM `course` WHERE  `about_instructor` LIKE '%1%' [ RunTime:0.000588s ]
[2023-06-11T04:14:59+08:00][sql] SHOW FULL COLUMNS FROM `address` [ RunTime:0.001363s ]
[2023-06-11T04:14:59+08:00][sql] SELECT * FROM `address` WHERE  `id` = 1 LIMIT 1 [ RunTime:0.000303s ]
[2023-06-11T04:14:59+08:00][sql] SELECT * FROM `address` WHERE  `id` = 2 LIMIT 1 [ RunTime:0.000254s ]
[2023-06-11T09:01:33+08:00][sql] CONNECT:[ UseTime:0.000430s ] mysql:host=localhost;port=3316;dbname=coffee;charset=utf8
[2023-06-11T09:01:33+08:00][sql] SHOW FULL COLUMNS FROM `teacher` [ RunTime:0.001329s ]
[2023-06-11T09:01:33+08:00][sql] SELECT `teacher_name`,`teacher_title`,`teacher_avatar`,`detail` FROM `teacher` WHERE  `id` = 1 LIMIT 1 [ RunTime:0.000499s ]
[2023-06-11T09:01:33+08:00][sql] SHOW FULL COLUMNS FROM `course` [ RunTime:0.001240s ]
[2023-06-11T09:01:33+08:00][sql] SELECT * FROM `course` WHERE  `about_instructor` LIKE '%1%' [ RunTime:0.000648s ]
[2023-06-11T09:01:33+08:00][sql] SHOW FULL COLUMNS FROM `address` [ RunTime:0.001933s ]
[2023-06-11T09:01:33+08:00][sql] SELECT * FROM `address` WHERE  `id` = 1 LIMIT 1 [ RunTime:0.000262s ]
[2023-06-11T09:01:33+08:00][sql] SELECT * FROM `address` WHERE  `id` = 2 LIMIT 1 [ RunTime:0.000279s ]
[2023-06-11T09:01:33+08:00][sql] CONNECT:[ UseTime:0.000403s ] mysql:host=localhost;port=3316;dbname=coffee;charset=utf8
[2023-06-11T09:01:33+08:00][sql] SHOW FULL COLUMNS FROM `teacher` [ RunTime:0.001412s ]
[2023-06-11T09:01:33+08:00][sql] SELECT `teacher_name`,`teacher_title`,`teacher_avatar`,`detail` FROM `teacher` WHERE  `id` = 1 LIMIT 1 [ RunTime:0.000362s ]
[2023-06-11T09:01:33+08:00][sql] SHOW FULL COLUMNS FROM `course` [ RunTime:0.001414s ]
[2023-06-11T09:01:33+08:00][sql] SELECT * FROM `course` WHERE  `about_instructor` LIKE '%1%' [ RunTime:0.001347s ]
[2023-06-11T09:01:33+08:00][sql] SHOW FULL COLUMNS FROM `address` [ RunTime:0.001157s ]
[2023-06-11T09:01:33+08:00][sql] SELECT * FROM `address` WHERE  `id` = 1 LIMIT 1 [ RunTime:0.000281s ]
[2023-06-11T09:01:33+08:00][sql] SELECT * FROM `address` WHERE  `id` = 2 LIMIT 1 [ RunTime:0.000284s ]
[2023-06-11T09:07:04+08:00][sql] CONNECT:[ UseTime:0.000420s ] mysql:host=localhost;port=3316;dbname=coffee;charset=utf8
[2023-06-11T09:07:04+08:00][sql] SHOW FULL COLUMNS FROM `teacher` [ RunTime:0.001284s ]
[2023-06-11T09:07:04+08:00][sql] SELECT `teacher_name`,`teacher_title`,`teacher_avatar`,`detail` FROM `teacher` WHERE  `id` = 1 LIMIT 1 [ RunTime:0.000253s ]
[2023-06-11T09:07:04+08:00][sql] SHOW FULL COLUMNS FROM `course` [ RunTime:0.001035s ]
[2023-06-11T09:07:04+08:00][sql] SELECT * FROM `course` WHERE  `about_instructor` LIKE '%1%' [ RunTime:0.000521s ]
[2023-06-11T09:07:04+08:00][sql] SHOW FULL COLUMNS FROM `address` [ RunTime:0.000919s ]
[2023-06-11T09:07:04+08:00][sql] SELECT * FROM `address` WHERE  `id` = 1 LIMIT 1 [ RunTime:0.000260s ]
[2023-06-11T09:07:04+08:00][sql] SELECT * FROM `address` WHERE  `id` = 2 LIMIT 1 [ RunTime:0.000252s ]
[2023-06-11T18:15:27+08:00][sql] CONNECT:[ UseTime:0.000434s ] mysql:host=localhost;port=3316;dbname=coffee;charset=utf8
[2023-06-11T18:15:27+08:00][sql] SHOW FULL COLUMNS FROM `teacher` [ RunTime:0.001888s ]
[2023-06-11T18:15:27+08:00][sql] SELECT `teacher_name`,`teacher_title`,`teacher_avatar`,`detail` FROM `teacher` WHERE  `id` = 1 LIMIT 1 [ RunTime:0.000307s ]
[2023-06-11T18:15:27+08:00][sql] SHOW FULL COLUMNS FROM `course` [ RunTime:0.001297s ]
[2023-06-11T18:15:27+08:00][sql] SELECT * FROM `course` WHERE  `about_instructor` LIKE '%1%' [ RunTime:0.000578s ]
[2023-06-11T18:15:27+08:00][sql] SHOW FULL COLUMNS FROM `address` [ RunTime:0.001112s ]
[2023-06-11T18:15:27+08:00][sql] SELECT * FROM `address` WHERE  `id` = 1 LIMIT 1 [ RunTime:0.000262s ]
[2023-06-11T18:15:27+08:00][sql] SELECT * FROM `address` WHERE  `id` = 2 LIMIT 1 [ RunTime:0.000199s ]
[2023-06-11T18:27:45+08:00][sql] CONNECT:[ UseTime:0.000406s ] mysql:host=localhost;port=3316;dbname=coffee;charset=utf8
[2023-06-11T18:27:45+08:00][sql] SHOW FULL COLUMNS FROM `teacher` [ RunTime:0.001281s ]
[2023-06-11T18:27:45+08:00][sql] SELECT `teacher_name`,`teacher_title`,`teacher_avatar`,`detail` FROM `teacher` WHERE  `id` = 1 LIMIT 1 [ RunTime:0.000264s ]
[2023-06-11T18:27:45+08:00][sql] SHOW FULL COLUMNS FROM `course` [ RunTime:0.001050s ]
[2023-06-11T18:27:45+08:00][sql] SELECT * FROM `course` WHERE  `about_instructor` LIKE '%1%' [ RunTime:0.000388s ]
[2023-06-11T18:27:45+08:00][sql] SHOW FULL COLUMNS FROM `address` [ RunTime:0.000918s ]
[2023-06-11T18:27:45+08:00][sql] SELECT * FROM `address` WHERE  `id` = 1 LIMIT 1 [ RunTime:0.000250s ]
[2023-06-11T18:27:45+08:00][sql] SELECT * FROM `address` WHERE  `id` = 2 LIMIT 1 [ RunTime:0.000198s ]
[2023-06-11T19:54:25+08:00][sql] CONNECT:[ UseTime:0.000460s ] mysql:host=localhost;port=3316;dbname=coffee;charset=utf8
[2023-06-11T19:54:25+08:00][sql] SHOW FULL COLUMNS FROM `teacher` [ RunTime:0.001400s ]
[2023-06-11T19:54:25+08:00][sql] SELECT `teacher_name`,`teacher_title`,`teacher_avatar`,`detail` FROM `teacher` WHERE  `id` = 2 LIMIT 1 [ RunTime:0.000256s ]
[2023-06-11T19:54:25+08:00][sql] SHOW FULL COLUMNS FROM `course` [ RunTime:0.001040s ]
[2023-06-11T19:54:25+08:00][sql] SELECT * FROM `course` WHERE  `about_instructor` LIKE '%2%' [ RunTime:0.000351s ]
[2023-06-11T19:54:25+08:00][sql] SHOW FULL COLUMNS FROM `address` [ RunTime:0.000897s ]
[2023-06-11T19:54:25+08:00][sql] SELECT * FROM `address` WHERE  `id` = 1 LIMIT 1 [ RunTime:0.000242s ]
[2023-06-11T19:54:25+08:00][sql] SELECT * FROM `address` WHERE  `id` = 2 LIMIT 1 [ RunTime:0.000203s ]
[2023-06-11T20:08:50+08:00][sql] CONNECT:[ UseTime:0.000433s ] mysql:host=localhost;port=3316;dbname=coffee;charset=utf8
[2023-06-11T20:08:50+08:00][sql] SHOW FULL COLUMNS FROM `teacher` [ RunTime:0.001476s ]
[2023-06-11T20:08:50+08:00][sql] SELECT `teacher_name`,`teacher_title`,`teacher_avatar`,`detail` FROM `teacher` WHERE  `id` = 2 LIMIT 1 [ RunTime:0.000316s ]
[2023-06-11T20:08:50+08:00][sql] SHOW FULL COLUMNS FROM `course` [ RunTime:0.001297s ]
[2023-06-11T20:08:50+08:00][sql] SELECT * FROM `course` WHERE  `about_instructor` LIKE '%2%' [ RunTime:0.000418s ]
[2023-06-11T20:08:50+08:00][sql] SHOW FULL COLUMNS FROM `address` [ RunTime:0.001293s ]
[2023-06-11T20:08:50+08:00][sql] SELECT * FROM `address` WHERE  `id` = 1 LIMIT 1 [ RunTime:0.000260s ]
[2023-06-11T20:08:50+08:00][sql] SELECT * FROM `address` WHERE  `id` = 2 LIMIT 1 [ RunTime:0.000274s ]
[2023-06-11T22:32:08+08:00][sql] CONNECT:[ UseTime:0.000412s ] mysql:host=localhost;port=3316;dbname=coffee;charset=utf8
[2023-06-11T22:32:08+08:00][sql] SHOW FULL COLUMNS FROM `teacher` [ RunTime:0.001377s ]
[2023-06-11T22:32:08+08:00][sql] SELECT `teacher_name`,`teacher_title`,`teacher_avatar`,`detail` FROM `teacher` WHERE  `id` = 2 LIMIT 1 [ RunTime:0.000258s ]
[2023-06-11T22:32:08+08:00][sql] SHOW FULL COLUMNS FROM `course` [ RunTime:0.001123s ]
[2023-06-11T22:32:08+08:00][sql] SELECT * FROM `course` WHERE  `about_instructor` LIKE '%2%' [ RunTime:0.000356s ]
[2023-06-11T22:32:08+08:00][sql] SHOW FULL COLUMNS FROM `address` [ RunTime:0.000993s ]
[2023-06-11T22:32:08+08:00][sql] SELECT * FROM `address` WHERE  `id` = 1 LIMIT 1 [ RunTime:0.000248s ]
[2023-06-11T22:32:08+08:00][sql] SELECT * FROM `address` WHERE  `id` = 2 LIMIT 1 [ RunTime:0.000222s ]
