[2023-06-13T03:53:59+08:00][sql] CONNECT:[ UseTime:0.000389s ] mysql:host=localhost;port=3316;dbname=coffee;charset=utf8
[2023-06-13T03:53:59+08:00][sql] SHOW FULL COLUMNS FROM `teacher` [ RunTime:0.001337s ]
[2023-06-13T03:53:59+08:00][sql] SELECT `teacher_name`,`teacher_title`,`teacher_avatar`,`detail` FROM `teacher` WHERE  `id` = 2 LIMIT 1 [ RunTime:0.000275s ]
[2023-06-13T03:53:59+08:00][sql] SHOW FULL COLUMNS FROM `course` [ RunTime:0.001066s ]
[2023-06-13T03:53:59+08:00][sql] SELECT * FROM `course` WHERE  `about_instructor` LIKE '%2%' [ RunTime:0.000343s ]
[2023-06-13T03:53:59+08:00][sql] SHOW FULL COLUMNS FROM `address` [ RunTime:0.000972s ]
[2023-06-13T03:53:59+08:00][sql] SELECT * FROM `address` WHERE  `id` = 1 LIMIT 1 [ RunTime:0.000239s ]
[2023-06-13T03:53:59+08:00][sql] SELECT * FROM `address` WHERE  `id` = 2 LIMIT 1 [ RunTime:0.000245s ]
[2023-06-13T06:26:35+08:00][sql] CONNECT:[ UseTime:0.000438s ] mysql:host=localhost;port=3316;dbname=coffee;charset=utf8
[2023-06-13T06:26:35+08:00][sql] SHOW FULL COLUMNS FROM `teacher` [ RunTime:0.001432s ]
[2023-06-13T06:26:35+08:00][sql] SELECT `teacher_name`,`teacher_title`,`teacher_avatar`,`detail` FROM `teacher` WHERE  `id` = 2 LIMIT 1 [ RunTime:0.000264s ]
[2023-06-13T06:26:35+08:00][sql] SHOW FULL COLUMNS FROM `course` [ RunTime:0.001119s ]
[2023-06-13T06:26:35+08:00][sql] SELECT * FROM `course` WHERE  `about_instructor` LIKE '%2%' [ RunTime:0.000391s ]
[2023-06-13T06:26:35+08:00][sql] SHOW FULL COLUMNS FROM `address` [ RunTime:0.001090s ]
[2023-06-13T06:26:35+08:00][sql] SELECT * FROM `address` WHERE  `id` = 1 LIMIT 1 [ RunTime:0.000260s ]
[2023-06-13T06:26:35+08:00][sql] SELECT * FROM `address` WHERE  `id` = 2 LIMIT 1 [ RunTime:0.000203s ]
[2023-06-13T13:53:54+08:00][sql] CONNECT:[ UseTime:0.000452s ] mysql:host=localhost;port=3316;dbname=coffee;charset=utf8
[2023-06-13T13:53:54+08:00][sql] SHOW FULL COLUMNS FROM `teacher` [ RunTime:0.001537s ]
[2023-06-13T13:53:54+08:00][sql] SELECT `teacher_name`,`teacher_title`,`teacher_avatar`,`detail` FROM `teacher` WHERE  `id` = 3 LIMIT 1 [ RunTime:0.000292s ]
[2023-06-13T13:53:54+08:00][sql] SHOW FULL COLUMNS FROM `course` [ RunTime:0.001122s ]
[2023-06-13T13:53:54+08:00][sql] SELECT * FROM `course` WHERE  `about_instructor` LIKE '%3%' [ RunTime:0.000359s ]
[2023-06-13T13:53:54+08:00][sql] SHOW FULL COLUMNS FROM `address` [ RunTime:0.001429s ]
[2023-06-13T13:53:54+08:00][sql] SELECT * FROM `address` WHERE  `id` = 1 LIMIT 1 [ RunTime:0.000303s ]
[2023-06-13T13:53:54+08:00][sql] SELECT * FROM `address` WHERE  `id` = 2 LIMIT 1 [ RunTime:0.000220s ]
[2023-06-13T14:02:28+08:00][sql] CONNECT:[ UseTime:0.000417s ] mysql:host=localhost;port=3316;dbname=coffee;charset=utf8
[2023-06-13T14:02:28+08:00][sql] SHOW FULL COLUMNS FROM `teacher` [ RunTime:0.001509s ]
[2023-06-13T14:02:28+08:00][sql] SELECT `teacher_name`,`teacher_title`,`teacher_avatar`,`detail` FROM `teacher` WHERE  `id` = 3 LIMIT 1 [ RunTime:0.000261s ]
[2023-06-13T14:02:28+08:00][sql] SHOW FULL COLUMNS FROM `course` [ RunTime:0.001080s ]
[2023-06-13T14:02:28+08:00][sql] SELECT * FROM `course` WHERE  `about_instructor` LIKE '%3%' [ RunTime:0.000364s ]
[2023-06-13T14:02:28+08:00][sql] SHOW FULL COLUMNS FROM `address` [ RunTime:0.000898s ]
[2023-06-13T14:02:28+08:00][sql] SELECT * FROM `address` WHERE  `id` = 1 LIMIT 1 [ RunTime:0.000246s ]
[2023-06-13T14:02:28+08:00][sql] SELECT * FROM `address` WHERE  `id` = 2 LIMIT 1 [ RunTime:0.000204s ]
