[2023-06-17T12:47:09+08:00][sql] CONNECT:[ UseTime:0.000400s ] mysql:host=localhost;port=3316;dbname=coffee;charset=utf8
[2023-06-17T12:47:09+08:00][sql] SHOW FULL COLUMNS FROM `teacher` [ RunTime:0.001389s ]
[2023-06-17T12:47:09+08:00][sql] SELECT `id`,`teacher_name`,`teacher_avatar`,`Introduction` FROM `teacher` [ RunTime:0.000237s ]
[2023-06-17T12:47:09+08:00][sql] SHOW FULL COLUMNS FROM `address` [ RunTime:0.000921s ]
[2023-06-17T12:47:09+08:00][sql] SELECT * FROM `address` WHERE  `id` = 1 LIMIT 1 [ RunTime:0.000266s ]
[2023-06-17T12:47:09+08:00][sql] SELECT * FROM `address` WHERE  `id` = 2 LIMIT 1 [ RunTime:0.000199s ]
[2023-06-17T12:48:08+08:00][sql] CONNECT:[ UseTime:0.000493s ] mysql:host=localhost;port=3316;dbname=coffee;charset=utf8
[2023-06-17T12:48:08+08:00][sql] SHOW FULL COLUMNS FROM `teacher` [ RunTime:0.001491s ]
[2023-06-17T12:48:08+08:00][sql] SELECT `id`,`teacher_name`,`teacher_avatar`,`Introduction` FROM `teacher` [ RunTime:0.000259s ]
[2023-06-17T12:48:08+08:00][sql] SHOW FULL COLUMNS FROM `address` [ RunTime:0.001054s ]
[2023-06-17T12:48:08+08:00][sql] SELECT * FROM `address` WHERE  `id` = 1 LIMIT 1 [ RunTime:0.000351s ]
[2023-06-17T12:48:08+08:00][sql] SELECT * FROM `address` WHERE  `id` = 2 LIMIT 1 [ RunTime:0.000283s ]
[2023-06-17T12:50:46+08:00][sql] CONNECT:[ UseTime:0.000433s ] mysql:host=localhost;port=3316;dbname=coffee;charset=utf8
[2023-06-17T12:50:46+08:00][sql] SHOW FULL COLUMNS FROM `teacher` [ RunTime:0.001576s ]
[2023-06-17T12:50:46+08:00][sql] SELECT `id`,`teacher_name`,`teacher_avatar`,`Introduction` FROM `teacher` [ RunTime:0.000243s ]
[2023-06-17T12:50:46+08:00][sql] SHOW FULL COLUMNS FROM `address` [ RunTime:0.001161s ]
[2023-06-17T12:50:46+08:00][sql] SELECT * FROM `address` WHERE  `id` = 1 LIMIT 1 [ RunTime:0.000263s ]
[2023-06-17T12:50:46+08:00][sql] SELECT * FROM `address` WHERE  `id` = 2 LIMIT 1 [ RunTime:0.000284s ]
[2023-06-17T13:09:22+08:00][sql] CONNECT:[ UseTime:0.000470s ] mysql:host=localhost;port=3316;dbname=coffee;charset=utf8
[2023-06-17T13:09:22+08:00][sql] SHOW FULL COLUMNS FROM `teacher` [ RunTime:0.001340s ]
[2023-06-17T13:09:22+08:00][sql] SELECT `id`,`teacher_name`,`teacher_avatar`,`Introduction` FROM `teacher` [ RunTime:0.000244s ]
[2023-06-17T13:09:22+08:00][sql] SHOW FULL COLUMNS FROM `address` [ RunTime:0.001049s ]
[2023-06-17T13:09:22+08:00][sql] SELECT * FROM `address` WHERE  `id` = 1 LIMIT 1 [ RunTime:0.000305s ]
[2023-06-17T13:09:22+08:00][sql] SELECT * FROM `address` WHERE  `id` = 2 LIMIT 1 [ RunTime:0.000209s ]
[2023-06-17T14:57:21+08:00][sql] CONNECT:[ UseTime:0.000378s ] mysql:host=localhost;port=3316;dbname=coffee;charset=utf8
[2023-06-17T14:57:21+08:00][sql] SHOW FULL COLUMNS FROM `teacher` [ RunTime:0.001315s ]
[2023-06-17T14:57:21+08:00][sql] SELECT `id`,`teacher_name`,`teacher_avatar`,`Introduction` FROM `teacher` [ RunTime:0.000235s ]
[2023-06-17T14:57:21+08:00][sql] SHOW FULL COLUMNS FROM `address` [ RunTime:0.000987s ]
[2023-06-17T14:57:21+08:00][sql] SELECT * FROM `address` WHERE  `id` = 1 LIMIT 1 [ RunTime:0.000255s ]
[2023-06-17T14:57:21+08:00][sql] SELECT * FROM `address` WHERE  `id` = 2 LIMIT 1 [ RunTime:0.000234s ]
[2023-06-17T22:19:39+08:00][sql] CONNECT:[ UseTime:0.000384s ] mysql:host=localhost;port=3316;dbname=coffee;charset=utf8
[2023-06-17T22:19:39+08:00][sql] SHOW FULL COLUMNS FROM `teacher` [ RunTime:0.001374s ]
[2023-06-17T22:19:39+08:00][sql] SELECT `teacher_name`,`teacher_title`,`teacher_avatar`,`detail` FROM `teacher` WHERE  `id` = 3 LIMIT 1 [ RunTime:0.000293s ]
[2023-06-17T22:19:39+08:00][sql] SHOW FULL COLUMNS FROM `course` [ RunTime:0.001220s ]
[2023-06-17T22:19:39+08:00][sql] SELECT * FROM `course` WHERE  `about_instructor` LIKE '%3%' [ RunTime:0.000967s ]
[2023-06-17T22:19:39+08:00][sql] SHOW FULL COLUMNS FROM `address` [ RunTime:0.000984s ]
[2023-06-17T22:19:39+08:00][sql] SELECT * FROM `address` WHERE  `id` = 1 LIMIT 1 [ RunTime:0.000249s ]
[2023-06-17T22:19:39+08:00][sql] SELECT * FROM `address` WHERE  `id` = 2 LIMIT 1 [ RunTime:0.000227s ]
[2023-06-17T22:25:50+08:00][sql] CONNECT:[ UseTime:0.000471s ] mysql:host=localhost;port=3316;dbname=coffee;charset=utf8
[2023-06-17T22:25:50+08:00][sql] SHOW FULL COLUMNS FROM `teacher` [ RunTime:0.001332s ]
[2023-06-17T22:25:50+08:00][sql] SELECT `teacher_name`,`teacher_title`,`teacher_avatar`,`detail` FROM `teacher` WHERE  `id` = 3 LIMIT 1 [ RunTime:0.000265s ]
[2023-06-17T22:25:50+08:00][sql] SHOW FULL COLUMNS FROM `course` [ RunTime:0.001170s ]
[2023-06-17T22:25:50+08:00][sql] SELECT * FROM `course` WHERE  `about_instructor` LIKE '%3%' [ RunTime:0.000381s ]
[2023-06-17T22:25:50+08:00][sql] SHOW FULL COLUMNS FROM `address` [ RunTime:0.001035s ]
[2023-06-17T22:25:50+08:00][sql] SELECT * FROM `address` WHERE  `id` = 1 LIMIT 1 [ RunTime:0.000269s ]
[2023-06-17T22:25:50+08:00][sql] SELECT * FROM `address` WHERE  `id` = 2 LIMIT 1 [ RunTime:0.000205s ]
