[2023-06-26T06:06:01+08:00][sql] CONNECT:[ UseTime:0.000392s ] mysql:host=localhost;port=3316;dbname=coffee;charset=utf8
[2023-06-26T06:06:01+08:00][sql] SHOW FULL COLUMNS FROM `teacher` [ RunTime:0.001347s ]
[2023-06-26T06:06:01+08:00][sql] SELECT `teacher_name`,`teacher_title`,`teacher_avatar`,`detail` FROM `teacher` WHERE  `id` = 3 LIMIT 1 [ RunTime:0.000277s ]
[2023-06-26T06:06:01+08:00][sql] SHOW FULL COLUMNS FROM `course` [ RunTime:0.001073s ]
[2023-06-26T06:06:01+08:00][sql] SELECT * FROM `course` WHERE  `about_instructor` LIKE '%3%' [ RunTime:0.000314s ]
[2023-06-26T06:06:01+08:00][sql] SHOW FULL COLUMNS FROM `address` [ RunTime:0.000990s ]
[2023-06-26T06:06:01+08:00][sql] SELECT * FROM `address` WHERE  `id` = 1 LIMIT 1 [ RunTime:0.000252s ]
[2023-06-26T06:06:01+08:00][sql] SELECT * FROM `address` WHERE  `id` = 2 LIMIT 1 [ RunTime:0.000219s ]
[2023-06-26T06:11:26+08:00][sql] CONNECT:[ UseTime:0.000408s ] mysql:host=localhost;port=3316;dbname=coffee;charset=utf8
[2023-06-26T06:11:26+08:00][sql] SHOW FULL COLUMNS FROM `teacher` [ RunTime:0.001305s ]
[2023-06-26T06:11:26+08:00][sql] SELECT `teacher_name`,`teacher_title`,`teacher_avatar`,`detail` FROM `teacher` WHERE  `id` = 3 LIMIT 1 [ RunTime:0.000256s ]
[2023-06-26T06:11:26+08:00][sql] SHOW FULL COLUMNS FROM `course` [ RunTime:0.001035s ]
[2023-06-26T06:11:26+08:00][sql] SELECT * FROM `course` WHERE  `about_instructor` LIKE '%3%' [ RunTime:0.000310s ]
[2023-06-26T06:11:26+08:00][sql] SHOW FULL COLUMNS FROM `address` [ RunTime:0.000899s ]
[2023-06-26T06:11:26+08:00][sql] SELECT * FROM `address` WHERE  `id` = 1 LIMIT 1 [ RunTime:0.000246s ]
[2023-06-26T06:11:26+08:00][sql] SELECT * FROM `address` WHERE  `id` = 2 LIMIT 1 [ RunTime:0.000196s ]
[2023-06-26T07:21:49+08:00][sql] CONNECT:[ UseTime:0.000469s ] mysql:host=localhost;port=3316;dbname=coffee;charset=utf8
[2023-06-26T07:21:49+08:00][sql] SHOW FULL COLUMNS FROM `teacher` [ RunTime:0.001277s ]
[2023-06-26T07:21:49+08:00][sql] SELECT `teacher_name`,`teacher_title`,`teacher_avatar`,`detail` FROM `teacher` WHERE  `id` = 3 LIMIT 1 [ RunTime:0.000268s ]
[2023-06-26T07:21:49+08:00][sql] SHOW FULL COLUMNS FROM `course` [ RunTime:0.001063s ]
[2023-06-26T07:21:49+08:00][sql] SELECT * FROM `course` WHERE  `about_instructor` LIKE '%3%' [ RunTime:0.000328s ]
[2023-06-26T07:21:49+08:00][sql] SHOW FULL COLUMNS FROM `address` [ RunTime:0.000895s ]
[2023-06-26T07:21:49+08:00][sql] SELECT * FROM `address` WHERE  `id` = 1 LIMIT 1 [ RunTime:0.000240s ]
[2023-06-26T07:21:49+08:00][sql] SELECT * FROM `address` WHERE  `id` = 2 LIMIT 1 [ RunTime:0.000211s ]
