[2023-06-28T01:24:54+08:00][sql] CONNECT:[ UseTime:0.000463s ] mysql:host=localhost;port=3316;dbname=coffee;charset=utf8
[2023-06-28T01:24:54+08:00][sql] SHOW FULL COLUMNS FROM `teacher` [ RunTime:0.001615s ]
[2023-06-28T01:24:54+08:00][sql] SELECT `teacher_name`,`teacher_title`,`teacher_avatar`,`detail` FROM `teacher` WHERE  `id` = 2 LIMIT 1 [ RunTime:0.000311s ]
[2023-06-28T01:24:54+08:00][sql] SHOW FULL COLUMNS FROM `course` [ RunTime:0.001136s ]
[2023-06-28T01:24:54+08:00][sql] SELECT * FROM `course` WHERE  `about_instructor` LIKE '%2%' [ RunTime:0.000374s ]
[2023-06-28T01:24:54+08:00][sql] SHOW FULL COLUMNS FROM `address` [ RunTime:0.000983s ]
[2023-06-28T01:24:54+08:00][sql] SELECT * FROM `address` WHERE  `id` = 1 LIMIT 1 [ RunTime:0.000310s ]
[2023-06-28T01:24:54+08:00][sql] SELECT * FROM `address` WHERE  `id` = 2 LIMIT 1 [ RunTime:0.000254s ]
[2023-06-28T02:18:19+08:00][sql] CONNECT:[ UseTime:0.000446s ] mysql:host=localhost;port=3316;dbname=coffee;charset=utf8
[2023-06-28T02:18:19+08:00][sql] SHOW FULL COLUMNS FROM `teacher` [ RunTime:0.001312s ]
[2023-06-28T02:18:19+08:00][sql] SELECT `teacher_name`,`teacher_title`,`teacher_avatar`,`detail` FROM `teacher` WHERE  `id` = 1 LIMIT 1 [ RunTime:0.000255s ]
[2023-06-28T02:18:19+08:00][sql] SHOW FULL COLUMNS FROM `course` [ RunTime:0.001088s ]
[2023-06-28T02:18:19+08:00][sql] SELECT * FROM `course` WHERE  `about_instructor` LIKE '%1%' [ RunTime:0.000373s ]
[2023-06-28T02:18:19+08:00][sql] SHOW FULL COLUMNS FROM `address` [ RunTime:0.000879s ]
[2023-06-28T02:18:19+08:00][sql] SELECT * FROM `address` WHERE  `id` = 1 LIMIT 1 [ RunTime:0.000236s ]
[2023-06-28T02:18:19+08:00][sql] SELECT * FROM `address` WHERE  `id` = 2 LIMIT 1 [ RunTime:0.000198s ]
[2023-06-28T02:27:00+08:00][sql] CONNECT:[ UseTime:0.000460s ] mysql:host=localhost;port=3316;dbname=coffee;charset=utf8
[2023-06-28T02:27:00+08:00][sql] SHOW FULL COLUMNS FROM `teacher` [ RunTime:0.001322s ]
[2023-06-28T02:27:00+08:00][sql] SELECT `teacher_name`,`teacher_title`,`teacher_avatar`,`detail` FROM `teacher` WHERE  `id` = 1 LIMIT 1 [ RunTime:0.000251s ]
[2023-06-28T02:27:00+08:00][sql] SHOW FULL COLUMNS FROM `course` [ RunTime:0.001054s ]
[2023-06-28T02:27:00+08:00][sql] SELECT * FROM `course` WHERE  `about_instructor` LIKE '%1%' [ RunTime:0.000378s ]
[2023-06-28T02:27:00+08:00][sql] SHOW FULL COLUMNS FROM `address` [ RunTime:0.000967s ]
[2023-06-28T02:27:00+08:00][sql] SELECT * FROM `address` WHERE  `id` = 1 LIMIT 1 [ RunTime:0.000245s ]
[2023-06-28T02:27:00+08:00][sql] SELECT * FROM `address` WHERE  `id` = 2 LIMIT 1 [ RunTime:0.000209s ]
[2023-06-28T13:44:40+08:00][sql] CONNECT:[ UseTime:0.000437s ] mysql:host=localhost;port=3316;dbname=coffee;charset=utf8
[2023-06-28T13:44:40+08:00][sql] SHOW FULL COLUMNS FROM `teacher` [ RunTime:0.001326s ]
[2023-06-28T13:44:40+08:00][sql] SELECT `teacher_name`,`teacher_title`,`teacher_avatar`,`detail` FROM `teacher` WHERE  `id` = 1 LIMIT 1 [ RunTime:0.000253s ]
[2023-06-28T13:44:40+08:00][sql] SHOW FULL COLUMNS FROM `course` [ RunTime:0.001073s ]
[2023-06-28T13:44:40+08:00][sql] SELECT * FROM `course` WHERE  `about_instructor` LIKE '%1%' [ RunTime:0.000406s ]
[2023-06-28T13:44:40+08:00][sql] SHOW FULL COLUMNS FROM `address` [ RunTime:0.000915s ]
[2023-06-28T13:44:40+08:00][sql] SELECT * FROM `address` WHERE  `id` = 1 LIMIT 1 [ RunTime:0.000236s ]
[2023-06-28T13:44:40+08:00][sql] SELECT * FROM `address` WHERE  `id` = 2 LIMIT 1 [ RunTime:0.000228s ]
[2023-06-28T13:44:40+08:00][sql] CONNECT:[ UseTime:0.000377s ] mysql:host=localhost;port=3316;dbname=coffee;charset=utf8
[2023-06-28T13:44:40+08:00][sql] SHOW FULL COLUMNS FROM `teacher` [ RunTime:0.001379s ]
[2023-06-28T13:44:40+08:00][sql] SELECT `teacher_name`,`teacher_title`,`teacher_avatar`,`detail` FROM `teacher` WHERE  `id` = 1 LIMIT 1 [ RunTime:0.000289s ]
[2023-06-28T13:44:40+08:00][sql] SHOW FULL COLUMNS FROM `course` [ RunTime:0.001092s ]
[2023-06-28T13:44:40+08:00][sql] SELECT * FROM `course` WHERE  `about_instructor` LIKE '%1%' [ RunTime:0.000429s ]
[2023-06-28T13:44:40+08:00][sql] SHOW FULL COLUMNS FROM `address` [ RunTime:0.001041s ]
[2023-06-28T13:44:40+08:00][sql] SELECT * FROM `address` WHERE  `id` = 1 LIMIT 1 [ RunTime:0.000248s ]
[2023-06-28T13:44:40+08:00][sql] SELECT * FROM `address` WHERE  `id` = 2 LIMIT 1 [ RunTime:0.000221s ]
