[2022-12-01T00:41:55+08:00][sql] CONNECT:[ UseTime:0.000372s ] mysql:host=localhost;port=3316;dbname=coffee;charset=utf8
[2022-12-01T00:41:55+08:00][sql] SHOW FULL COLUMNS FROM `information` [ RunTime:0.001261s ]
[2022-12-01T00:41:55+08:00][sql] SELECT * FROM `information` WHERE  `id` = 2 LIMIT 1 [ RunTime:0.000279s ]
[2022-12-01T00:41:55+08:00][sql] SHOW FULL COLUMNS FROM `address` [ RunTime:0.000896s ]
[2022-12-01T00:41:55+08:00][sql] SELECT * FROM `address` WHERE  `id` = 1 LIMIT 1 [ RunTime:0.000289s ]
[2022-12-01T00:41:55+08:00][sql] SELECT * FROM `address` WHERE  `id` = 2 LIMIT 1 [ RunTime:0.000207s ]
[2022-12-01T00:48:30+08:00][sql] CONNECT:[ UseTime:0.000383s ] mysql:host=localhost;port=3316;dbname=coffee;charset=utf8
[2022-12-01T00:48:30+08:00][sql] SHOW FULL COLUMNS FROM `information` [ RunTime:0.001319s ]
[2022-12-01T00:48:30+08:00][sql] SELECT * FROM `information` WHERE  `id` = 2 LIMIT 1 [ RunTime:0.000336s ]
[2022-12-01T00:48:30+08:00][sql] SHOW FULL COLUMNS FROM `address` [ RunTime:0.001009s ]
[2022-12-01T00:48:30+08:00][sql] SELECT * FROM `address` WHERE  `id` = 1 LIMIT 1 [ RunTime:0.000336s ]
[2022-12-01T00:48:30+08:00][sql] SELECT * FROM `address` WHERE  `id` = 2 LIMIT 1 [ RunTime:0.000279s ]
[2022-12-01T02:05:05+08:00][sql] CONNECT:[ UseTime:0.010614s ] mysql:host=localhost;port=3316;dbname=coffee;charset=utf8
[2022-12-01T02:05:05+08:00][sql] SHOW FULL COLUMNS FROM `information` [ RunTime:0.001948s ]
[2022-12-01T02:05:05+08:00][sql] SELECT * FROM `information` WHERE  `id` = 13 LIMIT 1 [ RunTime:0.000443s ]
[2022-12-01T02:05:05+08:00][sql] SHOW FULL COLUMNS FROM `address` [ RunTime:0.001438s ]
[2022-12-01T02:05:05+08:00][sql] SELECT * FROM `address` WHERE  `id` = 1 LIMIT 1 [ RunTime:0.000464s ]
[2022-12-01T02:05:05+08:00][sql] SELECT * FROM `address` WHERE  `id` = 2 LIMIT 1 [ RunTime:0.007284s ]
[2022-12-01T03:50:26+08:00][sql] CONNECT:[ UseTime:0.000512s ] mysql:host=localhost;port=3316;dbname=coffee;charset=utf8
[2022-12-01T03:50:26+08:00][sql] SHOW FULL COLUMNS FROM `information` [ RunTime:0.001505s ]
[2022-12-01T03:50:26+08:00][sql] SELECT * FROM `information` WHERE  `id` = 1 LIMIT 1 [ RunTime:0.000371s ]
[2022-12-01T03:50:26+08:00][sql] SHOW FULL COLUMNS FROM `address` [ RunTime:0.000967s ]
[2022-12-01T03:50:26+08:00][sql] SELECT * FROM `address` WHERE  `id` = 1 LIMIT 1 [ RunTime:0.000291s ]
[2022-12-01T03:50:26+08:00][sql] SELECT * FROM `address` WHERE  `id` = 2 LIMIT 1 [ RunTime:0.000272s ]
[2022-12-01T03:54:57+08:00][sql] CONNECT:[ UseTime:0.000413s ] mysql:host=localhost;port=3316;dbname=coffee;charset=utf8
[2022-12-01T03:54:57+08:00][sql] SHOW FULL COLUMNS FROM `information` [ RunTime:0.001778s ]
[2022-12-01T03:54:57+08:00][sql] SELECT * FROM `information` WHERE  `id` = 1 LIMIT 1 [ RunTime:0.000329s ]
[2022-12-01T03:54:57+08:00][sql] SHOW FULL COLUMNS FROM `address` [ RunTime:0.000973s ]
[2022-12-01T03:54:57+08:00][sql] SELECT * FROM `address` WHERE  `id` = 1 LIMIT 1 [ RunTime:0.000291s ]
[2022-12-01T03:54:57+08:00][sql] SELECT * FROM `address` WHERE  `id` = 2 LIMIT 1 [ RunTime:0.000341s ]
[2022-12-01T05:30:16+08:00][sql] CONNECT:[ UseTime:0.000449s ] mysql:host=localhost;port=3316;dbname=coffee;charset=utf8
[2022-12-01T05:30:16+08:00][sql] SHOW FULL COLUMNS FROM `information` [ RunTime:0.001296s ]
[2022-12-01T05:30:16+08:00][sql] SELECT * FROM `information` WHERE  `id` = 8 LIMIT 1 [ RunTime:0.000362s ]
[2022-12-01T05:30:16+08:00][sql] SHOW FULL COLUMNS FROM `address` [ RunTime:0.000956s ]
[2022-12-01T05:30:16+08:00][sql] SELECT * FROM `address` WHERE  `id` = 1 LIMIT 1 [ RunTime:0.000275s ]
[2022-12-01T05:30:16+08:00][sql] SELECT * FROM `address` WHERE  `id` = 2 LIMIT 1 [ RunTime:0.000254s ]
[2022-12-01T05:40:01+08:00][sql] CONNECT:[ UseTime:0.000348s ] mysql:host=localhost;port=3316;dbname=coffee;charset=utf8
[2022-12-01T05:40:01+08:00][sql] SHOW FULL COLUMNS FROM `information` [ RunTime:0.001243s ]
[2022-12-01T05:40:01+08:00][sql] SELECT * FROM `information` WHERE  `id` = 8 LIMIT 1 [ RunTime:0.000292s ]
[2022-12-01T05:40:01+08:00][sql] SHOW FULL COLUMNS FROM `address` [ RunTime:0.000884s ]
[2022-12-01T05:40:01+08:00][sql] SELECT * FROM `address` WHERE  `id` = 1 LIMIT 1 [ RunTime:0.000254s ]
[2022-12-01T05:40:01+08:00][sql] SELECT * FROM `address` WHERE  `id` = 2 LIMIT 1 [ RunTime:0.000198s ]
[2022-12-01T05:52:37+08:00][sql] CONNECT:[ UseTime:0.000460s ] mysql:host=localhost;port=3316;dbname=coffee;charset=utf8
[2022-12-01T05:52:37+08:00][sql] SHOW FULL COLUMNS FROM `information` [ RunTime:0.001382s ]
[2022-12-01T05:52:37+08:00][sql] SELECT * FROM `information` ORDER BY `time` DESC LIMIT 1 [ RunTime:0.000355s ]
[2022-12-01T05:52:37+08:00][sql] SHOW FULL COLUMNS FROM `topic` [ RunTime:0.000939s ]
[2022-12-01T05:52:37+08:00][sql] SELECT * FROM `topic` [ RunTime:0.000230s ]
[2022-12-01T05:52:37+08:00][sql] SELECT * FROM `information` ORDER BY `time` DESC [ RunTime:0.000829s ]
[2022-12-01T05:52:37+08:00][sql] SHOW FULL COLUMNS FROM `address` [ RunTime:0.000973s ]
[2022-12-01T05:52:37+08:00][sql] SELECT * FROM `address` WHERE  `id` = 1 LIMIT 1 [ RunTime:0.000272s ]
[2022-12-01T05:52:37+08:00][sql] SELECT * FROM `address` WHERE  `id` = 2 LIMIT 1 [ RunTime:0.000253s ]
[2022-12-01T06:01:33+08:00][sql] CONNECT:[ UseTime:0.000438s ] mysql:host=localhost;port=3316;dbname=coffee;charset=utf8
[2022-12-01T06:01:33+08:00][sql] SHOW FULL COLUMNS FROM `information` [ RunTime:0.001298s ]
[2022-12-01T06:01:33+08:00][sql] SELECT * FROM `information` ORDER BY `time` DESC LIMIT 1 [ RunTime:0.000393s ]
[2022-12-01T06:01:33+08:00][sql] SHOW FULL COLUMNS FROM `topic` [ RunTime:0.000889s ]
[2022-12-01T06:01:33+08:00][sql] SELECT * FROM `topic` [ RunTime:0.000226s ]
[2022-12-01T06:01:33+08:00][sql] SELECT * FROM `information` ORDER BY `time` DESC [ RunTime:0.000859s ]
[2022-12-01T06:01:33+08:00][sql] SHOW FULL COLUMNS FROM `address` [ RunTime:0.000943s ]
[2022-12-01T06:01:33+08:00][sql] SELECT * FROM `address` WHERE  `id` = 1 LIMIT 1 [ RunTime:0.000286s ]
[2022-12-01T06:01:33+08:00][sql] SELECT * FROM `address` WHERE  `id` = 2 LIMIT 1 [ RunTime:0.000254s ]
[2022-12-01T06:54:56+08:00][sql] CONNECT:[ UseTime:0.000448s ] mysql:host=localhost;port=3316;dbname=coffee;charset=utf8
[2022-12-01T06:54:56+08:00][sql] SHOW FULL COLUMNS FROM `information` [ RunTime:0.001695s ]
[2022-12-01T06:54:56+08:00][sql] SELECT * FROM `information` WHERE  `id` = 4 LIMIT 1 [ RunTime:0.000348s ]
[2022-12-01T06:54:56+08:00][sql] SHOW FULL COLUMNS FROM `address` [ RunTime:0.001204s ]
[2022-12-01T06:54:56+08:00][sql] SELECT * FROM `address` WHERE  `id` = 1 LIMIT 1 [ RunTime:0.000296s ]
[2022-12-01T06:54:56+08:00][sql] SELECT * FROM `address` WHERE  `id` = 2 LIMIT 1 [ RunTime:0.000255s ]
[2022-12-01T07:00:04+08:00][sql] CONNECT:[ UseTime:0.000376s ] mysql:host=localhost;port=3316;dbname=coffee;charset=utf8
[2022-12-01T07:00:04+08:00][sql] SHOW FULL COLUMNS FROM `information` [ RunTime:0.001296s ]
[2022-12-01T07:00:04+08:00][sql] SELECT * FROM `information` WHERE  `id` = 4 LIMIT 1 [ RunTime:0.000307s ]
[2022-12-01T07:00:04+08:00][sql] SHOW FULL COLUMNS FROM `address` [ RunTime:0.000947s ]
[2022-12-01T07:00:04+08:00][sql] SELECT * FROM `address` WHERE  `id` = 1 LIMIT 1 [ RunTime:0.000237s ]
[2022-12-01T07:00:04+08:00][sql] SELECT * FROM `address` WHERE  `id` = 2 LIMIT 1 [ RunTime:0.000205s ]
[2022-12-01T07:48:25+08:00][sql] CONNECT:[ UseTime:0.000423s ] mysql:host=localhost;port=3316;dbname=coffee;charset=utf8
[2022-12-01T07:48:25+08:00][sql] SHOW FULL COLUMNS FROM `information` [ RunTime:0.001487s ]
[2022-12-01T07:48:25+08:00][sql] SELECT * FROM `information` WHERE  `id` = 14 LIMIT 1 [ RunTime:0.000318s ]
[2022-12-01T07:48:25+08:00][sql] SHOW FULL COLUMNS FROM `address` [ RunTime:0.000924s ]
[2022-12-01T07:48:25+08:00][sql] SELECT * FROM `address` WHERE  `id` = 1 LIMIT 1 [ RunTime:0.000284s ]
[2022-12-01T07:48:25+08:00][sql] SELECT * FROM `address` WHERE  `id` = 2 LIMIT 1 [ RunTime:0.000245s ]
[2022-12-01T08:46:37+08:00][sql] CONNECT:[ UseTime:0.000410s ] mysql:host=localhost;port=3316;dbname=coffee;charset=utf8
[2022-12-01T08:46:37+08:00][sql] SHOW FULL COLUMNS FROM `information` [ RunTime:0.001288s ]
[2022-12-01T08:46:37+08:00][sql] SELECT * FROM `information` WHERE  `id` = 3 LIMIT 1 [ RunTime:0.000318s ]
[2022-12-01T08:46:37+08:00][sql] SHOW FULL COLUMNS FROM `address` [ RunTime:0.000961s ]
[2022-12-01T08:46:37+08:00][sql] SELECT * FROM `address` WHERE  `id` = 1 LIMIT 1 [ RunTime:0.000273s ]
[2022-12-01T08:46:37+08:00][sql] SELECT * FROM `address` WHERE  `id` = 2 LIMIT 1 [ RunTime:0.000252s ]
[2022-12-01T08:55:14+08:00][sql] CONNECT:[ UseTime:0.000477s ] mysql:host=localhost;port=3316;dbname=coffee;charset=utf8
[2022-12-01T08:55:14+08:00][sql] SHOW FULL COLUMNS FROM `information` [ RunTime:0.001793s ]
[2022-12-01T08:55:14+08:00][sql] SELECT * FROM `information` WHERE  `id` = 3 LIMIT 1 [ RunTime:0.000369s ]
[2022-12-01T08:55:14+08:00][sql] SHOW FULL COLUMNS FROM `address` [ RunTime:0.000991s ]
[2022-12-01T08:55:14+08:00][sql] SELECT * FROM `address` WHERE  `id` = 1 LIMIT 1 [ RunTime:0.000266s ]
[2022-12-01T08:55:14+08:00][sql] SELECT * FROM `address` WHERE  `id` = 2 LIMIT 1 [ RunTime:0.000237s ]
[2022-12-01T09:45:20+08:00][sql] CONNECT:[ UseTime:0.000401s ] mysql:host=localhost;port=3316;dbname=coffee;charset=utf8
[2022-12-01T09:45:20+08:00][sql] SHOW FULL COLUMNS FROM `information` [ RunTime:0.001317s ]
[2022-12-01T09:45:20+08:00][sql] SELECT * FROM `information` WHERE  `id` = 9 LIMIT 1 [ RunTime:0.000460s ]
[2022-12-01T09:45:20+08:00][sql] SHOW FULL COLUMNS FROM `address` [ RunTime:0.000981s ]
[2022-12-01T09:45:20+08:00][sql] SELECT * FROM `address` WHERE  `id` = 1 LIMIT 1 [ RunTime:0.000296s ]
[2022-12-01T09:45:20+08:00][sql] SELECT * FROM `address` WHERE  `id` = 2 LIMIT 1 [ RunTime:0.000241s ]
[2022-12-01T10:37:22+08:00][sql] CONNECT:[ UseTime:0.000432s ] mysql:host=localhost;port=3316;dbname=coffee;charset=utf8
[2022-12-01T10:37:22+08:00][sql] SHOW FULL COLUMNS FROM `information` [ RunTime:0.001259s ]
[2022-12-01T10:37:22+08:00][sql] SELECT * FROM `information` WHERE  `id` = 11 LIMIT 1 [ RunTime:0.000312s ]
[2022-12-01T10:37:22+08:00][sql] SHOW FULL COLUMNS FROM `address` [ RunTime:0.000914s ]
[2022-12-01T10:37:22+08:00][sql] SELECT * FROM `address` WHERE  `id` = 1 LIMIT 1 [ RunTime:0.000284s ]
[2022-12-01T10:37:22+08:00][sql] SELECT * FROM `address` WHERE  `id` = 2 LIMIT 1 [ RunTime:0.000243s ]
[2022-12-01T10:42:43+08:00][sql] CONNECT:[ UseTime:0.000442s ] mysql:host=localhost;port=3316;dbname=coffee;charset=utf8
[2022-12-01T10:42:43+08:00][sql] SHOW FULL COLUMNS FROM `information` [ RunTime:0.001261s ]
[2022-12-01T10:42:43+08:00][sql] SELECT * FROM `information` WHERE  `id` = 11 LIMIT 1 [ RunTime:0.000319s ]
[2022-12-01T10:42:43+08:00][sql] SHOW FULL COLUMNS FROM `address` [ RunTime:0.000971s ]
[2022-12-01T10:42:43+08:00][sql] SELECT * FROM `address` WHERE  `id` = 1 LIMIT 1 [ RunTime:0.000251s ]
[2022-12-01T10:42:43+08:00][sql] SELECT * FROM `address` WHERE  `id` = 2 LIMIT 1 [ RunTime:0.000212s ]
[2022-12-01T12:54:00+08:00][sql] CONNECT:[ UseTime:0.001063s ] mysql:host=localhost;port=3316;dbname=coffee;charset=utf8
[2022-12-01T12:54:00+08:00][sql] SHOW FULL COLUMNS FROM `information` [ RunTime:0.001964s ]
[2022-12-01T12:54:00+08:00][sql] SELECT * FROM `information` WHERE  `id` = 14 LIMIT 1 [ RunTime:0.000426s ]
[2022-12-01T12:54:00+08:00][sql] SHOW FULL COLUMNS FROM `address` [ RunTime:0.001524s ]
[2022-12-01T12:54:00+08:00][sql] SELECT * FROM `address` WHERE  `id` = 1 LIMIT 1 [ RunTime:0.000390s ]
[2022-12-01T12:54:00+08:00][sql] SELECT * FROM `address` WHERE  `id` = 2 LIMIT 1 [ RunTime:0.000319s ]
[2022-12-01T13:00:34+08:00][sql] CONNECT:[ UseTime:0.000411s ] mysql:host=localhost;port=3316;dbname=coffee;charset=utf8
[2022-12-01T13:00:34+08:00][sql] SHOW FULL COLUMNS FROM `information` [ RunTime:0.001338s ]
[2022-12-01T13:00:34+08:00][sql] SELECT * FROM `information` WHERE  `id` = 14 LIMIT 1 [ RunTime:0.000287s ]
[2022-12-01T13:00:34+08:00][sql] SHOW FULL COLUMNS FROM `address` [ RunTime:0.000979s ]
[2022-12-01T13:00:34+08:00][sql] SELECT * FROM `address` WHERE  `id` = 1 LIMIT 1 [ RunTime:0.000316s ]
[2022-12-01T13:00:34+08:00][sql] SELECT * FROM `address` WHERE  `id` = 2 LIMIT 1 [ RunTime:0.000217s ]
[2022-12-01T13:39:44+08:00][sql] CONNECT:[ UseTime:0.000456s ] mysql:host=localhost;port=3316;dbname=coffee;charset=utf8
[2022-12-01T13:39:44+08:00][sql] SHOW FULL COLUMNS FROM `information` [ RunTime:0.001284s ]
[2022-12-01T13:39:44+08:00][sql] SELECT * FROM `information` WHERE  `id` = 16 LIMIT 1 [ RunTime:0.000303s ]
[2022-12-01T13:39:44+08:00][sql] SHOW FULL COLUMNS FROM `address` [ RunTime:0.000928s ]
[2022-12-01T13:39:44+08:00][sql] SELECT * FROM `address` WHERE  `id` = 1 LIMIT 1 [ RunTime:0.000237s ]
[2022-12-01T13:39:44+08:00][sql] SELECT * FROM `address` WHERE  `id` = 2 LIMIT 1 [ RunTime:0.000221s ]
[2022-12-01T13:52:32+08:00][sql] CONNECT:[ UseTime:0.000387s ] mysql:host=localhost;port=3316;dbname=coffee;charset=utf8
[2022-12-01T13:52:32+08:00][sql] SHOW FULL COLUMNS FROM `information` [ RunTime:0.001283s ]
[2022-12-01T13:52:32+08:00][sql] SELECT * FROM `information` ORDER BY `time` DESC LIMIT 1 [ RunTime:0.000292s ]
[2022-12-01T13:52:32+08:00][sql] SHOW FULL COLUMNS FROM `topic` [ RunTime:0.000876s ]
[2022-12-01T13:52:32+08:00][sql] SELECT * FROM `topic` [ RunTime:0.000200s ]
[2022-12-01T13:52:32+08:00][sql] SELECT * FROM `information` ORDER BY `time` DESC [ RunTime:0.000682s ]
[2022-12-01T13:52:32+08:00][sql] SHOW FULL COLUMNS FROM `address` [ RunTime:0.000969s ]
[2022-12-01T13:52:32+08:00][sql] SELECT * FROM `address` WHERE  `id` = 1 LIMIT 1 [ RunTime:0.000280s ]
[2022-12-01T13:52:32+08:00][sql] SELECT * FROM `address` WHERE  `id` = 2 LIMIT 1 [ RunTime:0.000214s ]
[2022-12-01T13:53:32+08:00][sql] CONNECT:[ UseTime:0.000472s ] mysql:host=localhost;port=3316;dbname=coffee;charset=utf8
[2022-12-01T13:53:32+08:00][sql] SHOW FULL COLUMNS FROM `information` [ RunTime:0.001276s ]
[2022-12-01T13:53:32+08:00][sql] SELECT * FROM `information` ORDER BY `time` DESC LIMIT 1 [ RunTime:0.000306s ]
[2022-12-01T13:53:32+08:00][sql] SHOW FULL COLUMNS FROM `topic` [ RunTime:0.000918s ]
[2022-12-01T13:53:32+08:00][sql] SELECT * FROM `topic` [ RunTime:0.000206s ]
[2022-12-01T13:53:32+08:00][sql] SELECT * FROM `information` ORDER BY `time` DESC [ RunTime:0.000705s ]
[2022-12-01T13:53:32+08:00][sql] SHOW FULL COLUMNS FROM `address` [ RunTime:0.000988s ]
[2022-12-01T13:53:32+08:00][sql] SELECT * FROM `address` WHERE  `id` = 1 LIMIT 1 [ RunTime:0.000268s ]
[2022-12-01T13:53:32+08:00][sql] SELECT * FROM `address` WHERE  `id` = 2 LIMIT 1 [ RunTime:0.000250s ]
[2022-12-01T13:58:07+08:00][sql] CONNECT:[ UseTime:0.000376s ] mysql:host=localhost;port=3316;dbname=coffee;charset=utf8
[2022-12-01T13:58:07+08:00][sql] SHOW FULL COLUMNS FROM `information` [ RunTime:0.001313s ]
[2022-12-01T13:58:07+08:00][sql] SELECT * FROM `information` WHERE  `id` = 19 LIMIT 1 [ RunTime:0.000304s ]
[2022-12-01T13:58:07+08:00][sql] SHOW FULL COLUMNS FROM `address` [ RunTime:0.000962s ]
[2022-12-01T13:58:07+08:00][sql] SELECT * FROM `address` WHERE  `id` = 1 LIMIT 1 [ RunTime:0.000262s ]
[2022-12-01T13:58:07+08:00][sql] SELECT * FROM `address` WHERE  `id` = 2 LIMIT 1 [ RunTime:0.000230s ]
[2022-12-01T13:59:07+08:00][sql] CONNECT:[ UseTime:0.000430s ] mysql:host=localhost;port=3316;dbname=coffee;charset=utf8
[2022-12-01T13:59:07+08:00][sql] SHOW FULL COLUMNS FROM `information` [ RunTime:0.001296s ]
[2022-12-01T13:59:07+08:00][sql] SELECT * FROM `information` WHERE  `id` = 19 LIMIT 1 [ RunTime:0.000319s ]
[2022-12-01T13:59:07+08:00][sql] SHOW FULL COLUMNS FROM `address` [ RunTime:0.000985s ]
[2022-12-01T13:59:07+08:00][sql] SELECT * FROM `address` WHERE  `id` = 1 LIMIT 1 [ RunTime:0.000290s ]
[2022-12-01T13:59:07+08:00][sql] SELECT * FROM `address` WHERE  `id` = 2 LIMIT 1 [ RunTime:0.000310s ]
[2022-12-01T14:02:09+08:00][sql] CONNECT:[ UseTime:0.000407s ] mysql:host=localhost;port=3316;dbname=coffee;charset=utf8
[2022-12-01T14:02:09+08:00][sql] SHOW FULL COLUMNS FROM `information` [ RunTime:0.001270s ]
[2022-12-01T14:02:09+08:00][sql] SELECT * FROM `information` WHERE  `id` = 19 LIMIT 1 [ RunTime:0.000295s ]
[2022-12-01T14:02:09+08:00][sql] SHOW FULL COLUMNS FROM `address` [ RunTime:0.000926s ]
[2022-12-01T14:02:09+08:00][sql] SELECT * FROM `address` WHERE  `id` = 1 LIMIT 1 [ RunTime:0.000265s ]
[2022-12-01T14:02:09+08:00][sql] SELECT * FROM `address` WHERE  `id` = 2 LIMIT 1 [ RunTime:0.000235s ]
[2022-12-01T14:07:56+08:00][sql] CONNECT:[ UseTime:0.000449s ] mysql:host=localhost;port=3316;dbname=coffee;charset=utf8
[2022-12-01T14:07:56+08:00][sql] SHOW FULL COLUMNS FROM `information` [ RunTime:0.001280s ]
[2022-12-01T14:07:56+08:00][sql] SELECT * FROM `information` WHERE  `id` = 10 LIMIT 1 [ RunTime:0.000311s ]
[2022-12-01T14:07:56+08:00][sql] SHOW FULL COLUMNS FROM `address` [ RunTime:0.000949s ]
[2022-12-01T14:07:56+08:00][sql] SELECT * FROM `address` WHERE  `id` = 1 LIMIT 1 [ RunTime:0.000291s ]
[2022-12-01T14:07:56+08:00][sql] SELECT * FROM `address` WHERE  `id` = 2 LIMIT 1 [ RunTime:0.000253s ]
[2022-12-01T14:13:33+08:00][sql] CONNECT:[ UseTime:0.000484s ] mysql:host=localhost;port=3316;dbname=coffee;charset=utf8
[2022-12-01T14:13:33+08:00][sql] SHOW FULL COLUMNS FROM `information` [ RunTime:0.001706s ]
[2022-12-01T14:13:33+08:00][sql] SELECT * FROM `information` WHERE  `id` = 10 LIMIT 1 [ RunTime:0.000362s ]
[2022-12-01T14:13:33+08:00][sql] SHOW FULL COLUMNS FROM `address` [ RunTime:0.001249s ]
[2022-12-01T14:13:33+08:00][sql] SELECT * FROM `address` WHERE  `id` = 1 LIMIT 1 [ RunTime:0.000297s ]
[2022-12-01T14:13:33+08:00][sql] SELECT * FROM `address` WHERE  `id` = 2 LIMIT 1 [ RunTime:0.000256s ]
[2022-12-01T15:25:39+08:00][sql] CONNECT:[ UseTime:0.000448s ] mysql:host=localhost;port=3316;dbname=coffee;charset=utf8
[2022-12-01T15:25:39+08:00][sql] SHOW FULL COLUMNS FROM `information` [ RunTime:0.001324s ]
[2022-12-01T15:25:39+08:00][sql] SELECT * FROM `information` WHERE  `id` = 6 LIMIT 1 [ RunTime:0.000307s ]
[2022-12-01T15:25:39+08:00][sql] SHOW FULL COLUMNS FROM `address` [ RunTime:0.000943s ]
[2022-12-01T15:25:39+08:00][sql] SELECT * FROM `address` WHERE  `id` = 1 LIMIT 1 [ RunTime:0.001256s ]
[2022-12-01T15:25:39+08:00][sql] SELECT * FROM `address` WHERE  `id` = 2 LIMIT 1 [ RunTime:0.000255s ]
[2022-12-01T15:34:53+08:00][sql] CONNECT:[ UseTime:0.000440s ] mysql:host=localhost;port=3316;dbname=coffee;charset=utf8
[2022-12-01T15:34:53+08:00][sql] SHOW FULL COLUMNS FROM `information` [ RunTime:0.001330s ]
[2022-12-01T15:34:53+08:00][sql] SELECT * FROM `information` WHERE  `id` = 6 LIMIT 1 [ RunTime:0.000324s ]
[2022-12-01T15:34:53+08:00][sql] SHOW FULL COLUMNS FROM `address` [ RunTime:0.001080s ]
[2022-12-01T15:34:53+08:00][sql] SELECT * FROM `address` WHERE  `id` = 1 LIMIT 1 [ RunTime:0.000331s ]
[2022-12-01T15:34:53+08:00][sql] SELECT * FROM `address` WHERE  `id` = 2 LIMIT 1 [ RunTime:0.000243s ]
[2022-12-01T16:00:29+08:00][sql] CONNECT:[ UseTime:0.000410s ] mysql:host=localhost;port=3316;dbname=coffee;charset=utf8
[2022-12-01T16:00:29+08:00][sql] SHOW FULL COLUMNS FROM `information` [ RunTime:0.001285s ]
[2022-12-01T16:00:29+08:00][sql] SELECT * FROM `information` WHERE  `id` = 19 LIMIT 1 [ RunTime:0.000284s ]
[2022-12-01T16:00:29+08:00][sql] SHOW FULL COLUMNS FROM `address` [ RunTime:0.000916s ]
[2022-12-01T16:00:29+08:00][sql] SELECT * FROM `address` WHERE  `id` = 1 LIMIT 1 [ RunTime:0.000248s ]
[2022-12-01T16:00:29+08:00][sql] SELECT * FROM `address` WHERE  `id` = 2 LIMIT 1 [ RunTime:0.000209s ]
[2022-12-01T16:08:15+08:00][sql] CONNECT:[ UseTime:0.000387s ] mysql:host=localhost;port=3316;dbname=coffee;charset=utf8
[2022-12-01T16:08:15+08:00][sql] SHOW FULL COLUMNS FROM `information` [ RunTime:0.001319s ]
[2022-12-01T16:08:15+08:00][sql] SELECT * FROM `information` WHERE  `id` = 7 LIMIT 1 [ RunTime:0.000280s ]
[2022-12-01T16:08:15+08:00][sql] SHOW FULL COLUMNS FROM `address` [ RunTime:0.000926s ]
[2022-12-01T16:08:15+08:00][sql] SELECT * FROM `address` WHERE  `id` = 1 LIMIT 1 [ RunTime:0.000254s ]
[2022-12-01T16:08:15+08:00][sql] SELECT * FROM `address` WHERE  `id` = 2 LIMIT 1 [ RunTime:0.000219s ]
[2022-12-01T16:45:42+08:00][sql] CONNECT:[ UseTime:0.000373s ] mysql:host=localhost;port=3316;dbname=coffee;charset=utf8
[2022-12-01T16:45:42+08:00][sql] SHOW FULL COLUMNS FROM `information` [ RunTime:0.001457s ]
[2022-12-01T16:45:42+08:00][sql] SELECT * FROM `information` ORDER BY `time` DESC LIMIT 1 [ RunTime:0.000301s ]
[2022-12-01T16:45:42+08:00][sql] SHOW FULL COLUMNS FROM `topic` [ RunTime:0.000920s ]
[2022-12-01T16:45:42+08:00][sql] SELECT * FROM `topic` [ RunTime:0.000210s ]
[2022-12-01T16:45:42+08:00][sql] SELECT * FROM `information` ORDER BY `time` DESC [ RunTime:0.000779s ]
[2022-12-01T16:45:42+08:00][sql] SHOW FULL COLUMNS FROM `address` [ RunTime:0.001090s ]
[2022-12-01T16:45:42+08:00][sql] SELECT * FROM `address` WHERE  `id` = 1 LIMIT 1 [ RunTime:0.000259s ]
[2022-12-01T16:45:42+08:00][sql] SELECT * FROM `address` WHERE  `id` = 2 LIMIT 1 [ RunTime:0.000217s ]
[2022-12-01T17:05:26+08:00][sql] CONNECT:[ UseTime:0.000407s ] mysql:host=localhost;port=3316;dbname=coffee;charset=utf8
[2022-12-01T17:05:26+08:00][sql] SHOW FULL COLUMNS FROM `information` [ RunTime:0.001330s ]
[2022-12-01T17:05:26+08:00][sql] SELECT * FROM `information` WHERE  `id` = 12 LIMIT 1 [ RunTime:0.000309s ]
[2022-12-01T17:05:26+08:00][sql] SHOW FULL COLUMNS FROM `address` [ RunTime:0.000995s ]
[2022-12-01T17:05:26+08:00][sql] SELECT * FROM `address` WHERE  `id` = 1 LIMIT 1 [ RunTime:0.000265s ]
[2022-12-01T17:05:26+08:00][sql] SELECT * FROM `address` WHERE  `id` = 2 LIMIT 1 [ RunTime:0.000255s ]
[2022-12-01T17:12:43+08:00][sql] CONNECT:[ UseTime:0.000417s ] mysql:host=localhost;port=3316;dbname=coffee;charset=utf8
[2022-12-01T17:12:43+08:00][sql] SHOW FULL COLUMNS FROM `information` [ RunTime:0.001301s ]
[2022-12-01T17:12:43+08:00][sql] SELECT * FROM `information` WHERE  `id` = 12 LIMIT 1 [ RunTime:0.000360s ]
[2022-12-01T17:12:43+08:00][sql] SHOW FULL COLUMNS FROM `address` [ RunTime:0.000942s ]
[2022-12-01T17:12:43+08:00][sql] SELECT * FROM `address` WHERE  `id` = 1 LIMIT 1 [ RunTime:0.000269s ]
[2022-12-01T17:12:43+08:00][sql] SELECT * FROM `address` WHERE  `id` = 2 LIMIT 1 [ RunTime:0.000246s ]
[2022-12-01T18:06:24+08:00][sql] CONNECT:[ UseTime:0.000546s ] mysql:host=localhost;port=3316;dbname=coffee;charset=utf8
[2022-12-01T18:06:24+08:00][sql] SHOW FULL COLUMNS FROM `information` [ RunTime:0.001305s ]
[2022-12-01T18:06:24+08:00][sql] SELECT * FROM `information` WHERE  `id` = 19 LIMIT 1 [ RunTime:0.000350s ]
[2022-12-01T18:06:24+08:00][sql] SHOW FULL COLUMNS FROM `address` [ RunTime:0.001002s ]
[2022-12-01T18:06:24+08:00][sql] SELECT * FROM `address` WHERE  `id` = 1 LIMIT 1 [ RunTime:0.000282s ]
[2022-12-01T18:06:24+08:00][sql] SELECT * FROM `address` WHERE  `id` = 2 LIMIT 1 [ RunTime:0.000263s ]
[2022-12-01T19:51:27+08:00][sql] CONNECT:[ UseTime:0.000477s ] mysql:host=localhost;port=3316;dbname=coffee;charset=utf8
[2022-12-01T19:51:27+08:00][sql] SHOW FULL COLUMNS FROM `information` [ RunTime:0.001512s ]
[2022-12-01T19:51:27+08:00][sql] SELECT * FROM `information` WHERE  `id` = 13 LIMIT 1 [ RunTime:0.000294s ]
[2022-12-01T19:51:27+08:00][sql] SHOW FULL COLUMNS FROM `address` [ RunTime:0.000995s ]
[2022-12-01T19:51:27+08:00][sql] SELECT * FROM `address` WHERE  `id` = 1 LIMIT 1 [ RunTime:0.000259s ]
[2022-12-01T19:51:27+08:00][sql] SELECT * FROM `address` WHERE  `id` = 2 LIMIT 1 [ RunTime:0.000207s ]
[2022-12-01T20:28:58+08:00][sql] CONNECT:[ UseTime:0.000467s ] mysql:host=localhost;port=3316;dbname=coffee;charset=utf8
[2022-12-01T20:28:58+08:00][sql] SHOW FULL COLUMNS FROM `information` [ RunTime:0.001561s ]
[2022-12-01T20:28:58+08:00][sql] SELECT * FROM `information` WHERE  `id` = 5 LIMIT 1 [ RunTime:0.000311s ]
[2022-12-01T20:28:58+08:00][sql] SHOW FULL COLUMNS FROM `address` [ RunTime:0.000993s ]
[2022-12-01T20:28:58+08:00][sql] SELECT * FROM `address` WHERE  `id` = 1 LIMIT 1 [ RunTime:0.000266s ]
[2022-12-01T20:28:58+08:00][sql] SELECT * FROM `address` WHERE  `id` = 2 LIMIT 1 [ RunTime:0.000238s ]
[2022-12-01T20:39:30+08:00][sql] CONNECT:[ UseTime:0.000455s ] mysql:host=localhost;port=3316;dbname=coffee;charset=utf8
[2022-12-01T20:39:30+08:00][sql] SHOW FULL COLUMNS FROM `information` [ RunTime:0.001403s ]
[2022-12-01T20:39:30+08:00][sql] SELECT * FROM `information` WHERE  `id` = 5 LIMIT 1 [ RunTime:0.000331s ]
[2022-12-01T20:39:30+08:00][sql] SHOW FULL COLUMNS FROM `address` [ RunTime:0.001032s ]
[2022-12-01T20:39:30+08:00][sql] SELECT * FROM `address` WHERE  `id` = 1 LIMIT 1 [ RunTime:0.000294s ]
[2022-12-01T20:39:30+08:00][sql] SELECT * FROM `address` WHERE  `id` = 2 LIMIT 1 [ RunTime:0.000251s ]
[2022-12-01T21:04:59+08:00][sql] CONNECT:[ UseTime:0.000490s ] mysql:host=localhost;port=3316;dbname=coffee;charset=utf8
[2022-12-01T21:04:59+08:00][sql] SHOW FULL COLUMNS FROM `information` [ RunTime:0.001304s ]
[2022-12-01T21:04:59+08:00][sql] SELECT * FROM `information` ORDER BY `time` DESC LIMIT 1 [ RunTime:0.000325s ]
[2022-12-01T21:04:59+08:00][sql] SHOW FULL COLUMNS FROM `topic` [ RunTime:0.000921s ]
[2022-12-01T21:04:59+08:00][sql] SELECT * FROM `topic` [ RunTime:0.000251s ]
[2022-12-01T21:04:59+08:00][sql] SELECT * FROM `information` ORDER BY `time` DESC [ RunTime:0.000909s ]
[2022-12-01T21:04:59+08:00][sql] SHOW FULL COLUMNS FROM `address` [ RunTime:0.001006s ]
[2022-12-01T21:04:59+08:00][sql] SELECT * FROM `address` WHERE  `id` = 1 LIMIT 1 [ RunTime:0.000331s ]
[2022-12-01T21:04:59+08:00][sql] SELECT * FROM `address` WHERE  `id` = 2 LIMIT 1 [ RunTime:0.000254s ]
