[2022-12-12T00:53:29+08:00][sql] CONNECT:[ UseTime:0.000381s ] mysql:host=localhost;port=3316;dbname=coffee;charset=utf8
[2022-12-12T00:53:29+08:00][sql] SHOW FULL COLUMNS FROM `information` [ RunTime:0.001241s ]
[2022-12-12T00:53:29+08:00][sql] SELECT * FROM `information` WHERE  `id` = 8 LIMIT 1 [ RunTime:0.000300s ]
[2022-12-12T00:53:29+08:00][sql] SHOW FULL COLUMNS FROM `address` [ RunTime:0.000881s ]
[2022-12-12T00:53:29+08:00][sql] SELECT * FROM `address` WHERE  `id` = 1 LIMIT 1 [ RunTime:0.001206s ]
[2022-12-12T00:53:29+08:00][sql] SELECT * FROM `address` WHERE  `id` = 2 LIMIT 1 [ RunTime:0.000255s ]
[2022-12-12T00:58:32+08:00][sql] CONNECT:[ UseTime:0.000409s ] mysql:host=localhost;port=3316;dbname=coffee;charset=utf8
[2022-12-12T00:58:32+08:00][sql] SHOW FULL COLUMNS FROM `information` [ RunTime:0.001289s ]
[2022-12-12T00:58:32+08:00][sql] SELECT * FROM `information` WHERE  `id` = 8 LIMIT 1 [ RunTime:0.000293s ]
[2022-12-12T00:58:32+08:00][sql] SHOW FULL COLUMNS FROM `address` [ RunTime:0.000904s ]
[2022-12-12T00:58:32+08:00][sql] SELECT * FROM `address` WHERE  `id` = 1 LIMIT 1 [ RunTime:0.000244s ]
[2022-12-12T00:58:32+08:00][sql] SELECT * FROM `address` WHERE  `id` = 2 LIMIT 1 [ RunTime:0.000267s ]
[2022-12-12T01:28:25+08:00][sql] CONNECT:[ UseTime:0.000392s ] mysql:host=localhost;port=3316;dbname=coffee;charset=utf8
[2022-12-12T01:28:25+08:00][sql] SHOW FULL COLUMNS FROM `information` [ RunTime:0.001332s ]
[2022-12-12T01:28:25+08:00][sql] SELECT * FROM `information` WHERE  `id` = 16 LIMIT 1 [ RunTime:0.000296s ]
[2022-12-12T01:28:25+08:00][sql] SHOW FULL COLUMNS FROM `address` [ RunTime:0.001042s ]
[2022-12-12T01:28:25+08:00][sql] SELECT * FROM `address` WHERE  `id` = 1 LIMIT 1 [ RunTime:0.000252s ]
[2022-12-12T01:28:25+08:00][sql] SELECT * FROM `address` WHERE  `id` = 2 LIMIT 1 [ RunTime:0.000262s ]
[2022-12-12T01:34:50+08:00][sql] CONNECT:[ UseTime:0.000408s ] mysql:host=localhost;port=3316;dbname=coffee;charset=utf8
[2022-12-12T01:34:50+08:00][sql] SHOW FULL COLUMNS FROM `information` [ RunTime:0.001278s ]
[2022-12-12T01:34:50+08:00][sql] SELECT * FROM `information` WHERE  `id` = 16 LIMIT 1 [ RunTime:0.000343s ]
[2022-12-12T01:34:50+08:00][sql] SHOW FULL COLUMNS FROM `address` [ RunTime:0.000962s ]
[2022-12-12T01:34:50+08:00][sql] SELECT * FROM `address` WHERE  `id` = 1 LIMIT 1 [ RunTime:0.000280s ]
[2022-12-12T01:34:50+08:00][sql] SELECT * FROM `address` WHERE  `id` = 2 LIMIT 1 [ RunTime:0.000254s ]
[2022-12-12T16:22:23+08:00][sql] CONNECT:[ UseTime:0.000440s ] mysql:host=localhost;port=3316;dbname=coffee;charset=utf8
[2022-12-12T16:22:23+08:00][sql] SHOW FULL COLUMNS FROM `information` [ RunTime:0.001750s ]
[2022-12-12T16:22:23+08:00][sql] SELECT * FROM `information` WHERE  `id` = 3 LIMIT 1 [ RunTime:0.000359s ]
[2022-12-12T16:22:23+08:00][sql] SHOW FULL COLUMNS FROM `address` [ RunTime:0.001266s ]
[2022-12-12T16:22:23+08:00][sql] SELECT * FROM `address` WHERE  `id` = 1 LIMIT 1 [ RunTime:0.000306s ]
[2022-12-12T16:22:23+08:00][sql] SELECT * FROM `address` WHERE  `id` = 2 LIMIT 1 [ RunTime:0.000244s ]
[2022-12-12T16:25:28+08:00][sql] CONNECT:[ UseTime:0.000462s ] mysql:host=localhost;port=3316;dbname=coffee;charset=utf8
[2022-12-12T16:25:28+08:00][sql] SHOW FULL COLUMNS FROM `information` [ RunTime:0.001373s ]
[2022-12-12T16:25:28+08:00][sql] SELECT * FROM `information` WHERE  `id` = 3 LIMIT 1 [ RunTime:0.000321s ]
[2022-12-12T16:25:28+08:00][sql] SHOW FULL COLUMNS FROM `address` [ RunTime:0.001080s ]
[2022-12-12T16:25:28+08:00][sql] SELECT * FROM `address` WHERE  `id` = 1 LIMIT 1 [ RunTime:0.000236s ]
[2022-12-12T16:25:28+08:00][sql] SELECT * FROM `address` WHERE  `id` = 2 LIMIT 1 [ RunTime:0.000203s ]
[2022-12-12T17:16:25+08:00][sql] CONNECT:[ UseTime:0.000440s ] mysql:host=localhost;port=3316;dbname=coffee;charset=utf8
[2022-12-12T17:16:25+08:00][sql] SHOW FULL COLUMNS FROM `information` [ RunTime:0.001546s ]
[2022-12-12T17:16:25+08:00][sql] SELECT * FROM `information` WHERE  `id` = 11 LIMIT 1 [ RunTime:0.000325s ]
[2022-12-12T17:16:25+08:00][sql] SHOW FULL COLUMNS FROM `address` [ RunTime:0.000988s ]
[2022-12-12T17:16:25+08:00][sql] SELECT * FROM `address` WHERE  `id` = 1 LIMIT 1 [ RunTime:0.000248s ]
[2022-12-12T17:16:25+08:00][sql] SELECT * FROM `address` WHERE  `id` = 2 LIMIT 1 [ RunTime:0.000225s ]
[2022-12-12T17:16:39+08:00][sql] CONNECT:[ UseTime:0.000453s ] mysql:host=localhost;port=3316;dbname=coffee;charset=utf8
[2022-12-12T17:16:39+08:00][sql] SHOW FULL COLUMNS FROM `information` [ RunTime:0.001724s ]
[2022-12-12T17:16:39+08:00][sql] SELECT * FROM `information` ORDER BY `time` DESC LIMIT 1 [ RunTime:0.000374s ]
[2022-12-12T17:16:39+08:00][sql] SHOW FULL COLUMNS FROM `topic` [ RunTime:0.001140s ]
[2022-12-12T17:16:39+08:00][sql] SELECT * FROM `topic` [ RunTime:0.000254s ]
[2022-12-12T17:16:39+08:00][sql] SELECT * FROM `information` ORDER BY `time` DESC [ RunTime:0.000934s ]
[2022-12-12T17:16:39+08:00][sql] SHOW FULL COLUMNS FROM `address` [ RunTime:0.001231s ]
[2022-12-12T17:16:39+08:00][sql] SELECT * FROM `address` WHERE  `id` = 1 LIMIT 1 [ RunTime:0.000291s ]
[2022-12-12T17:16:39+08:00][sql] SELECT * FROM `address` WHERE  `id` = 2 LIMIT 1 [ RunTime:0.000292s ]
[2022-12-12T17:22:53+08:00][sql] CONNECT:[ UseTime:0.000388s ] mysql:host=localhost;port=3316;dbname=coffee;charset=utf8
[2022-12-12T17:22:53+08:00][sql] SHOW FULL COLUMNS FROM `information` [ RunTime:0.001400s ]
[2022-12-12T17:22:53+08:00][sql] SELECT * FROM `information` WHERE  `id` = 11 LIMIT 1 [ RunTime:0.000322s ]
[2022-12-12T17:22:53+08:00][sql] SHOW FULL COLUMNS FROM `address` [ RunTime:0.000936s ]
[2022-12-12T17:22:53+08:00][sql] SELECT * FROM `address` WHERE  `id` = 1 LIMIT 1 [ RunTime:0.000233s ]
[2022-12-12T17:22:53+08:00][sql] SELECT * FROM `address` WHERE  `id` = 2 LIMIT 1 [ RunTime:0.000244s ]
[2022-12-12T17:28:44+08:00][sql] CONNECT:[ UseTime:0.000336s ] mysql:host=localhost;port=3316;dbname=coffee;charset=utf8
[2022-12-12T17:28:44+08:00][sql] SHOW FULL COLUMNS FROM `information` [ RunTime:0.001258s ]
[2022-12-12T17:28:44+08:00][sql] SELECT * FROM `information` ORDER BY `time` DESC LIMIT 1 [ RunTime:0.000291s ]
[2022-12-12T17:28:44+08:00][sql] SHOW FULL COLUMNS FROM `topic` [ RunTime:0.000872s ]
[2022-12-12T17:28:44+08:00][sql] SELECT * FROM `topic` [ RunTime:0.000202s ]
[2022-12-12T17:28:44+08:00][sql] SELECT * FROM `information` ORDER BY `time` DESC [ RunTime:0.000719s ]
[2022-12-12T17:28:44+08:00][sql] SHOW FULL COLUMNS FROM `address` [ RunTime:0.000893s ]
[2022-12-12T17:28:44+08:00][sql] SELECT * FROM `address` WHERE  `id` = 1 LIMIT 1 [ RunTime:0.000260s ]
[2022-12-12T17:28:44+08:00][sql] SELECT * FROM `address` WHERE  `id` = 2 LIMIT 1 [ RunTime:0.000208s ]
[2022-12-12T23:24:31+08:00][sql] CONNECT:[ UseTime:0.000416s ] mysql:host=localhost;port=3316;dbname=coffee;charset=utf8
[2022-12-12T23:24:31+08:00][sql] SHOW FULL COLUMNS FROM `information` [ RunTime:0.001243s ]
[2022-12-12T23:24:31+08:00][sql] SELECT * FROM `information` WHERE  `id` = 1 LIMIT 1 [ RunTime:0.000279s ]
[2022-12-12T23:24:31+08:00][sql] SHOW FULL COLUMNS FROM `address` [ RunTime:0.001045s ]
[2022-12-12T23:24:31+08:00][sql] SELECT * FROM `address` WHERE  `id` = 1 LIMIT 1 [ RunTime:0.000245s ]
[2022-12-12T23:24:31+08:00][sql] SELECT * FROM `address` WHERE  `id` = 2 LIMIT 1 [ RunTime:0.000217s ]
[2022-12-12T23:30:13+08:00][sql] CONNECT:[ UseTime:0.000445s ] mysql:host=localhost;port=3316;dbname=coffee;charset=utf8
[2022-12-12T23:30:13+08:00][sql] SHOW FULL COLUMNS FROM `information` [ RunTime:0.001406s ]
[2022-12-12T23:30:13+08:00][sql] SELECT * FROM `information` WHERE  `id` = 1 LIMIT 1 [ RunTime:0.000352s ]
[2022-12-12T23:30:13+08:00][sql] SHOW FULL COLUMNS FROM `address` [ RunTime:0.000978s ]
[2022-12-12T23:30:13+08:00][sql] SELECT * FROM `address` WHERE  `id` = 1 LIMIT 1 [ RunTime:0.000291s ]
[2022-12-12T23:30:13+08:00][sql] SELECT * FROM `address` WHERE  `id` = 2 LIMIT 1 [ RunTime:0.000251s ]
