[2022-12-31T00:15:06+08:00][sql] CONNECT:[ UseTime:0.000395s ] mysql:host=localhost;port=3316;dbname=coffee;charset=utf8
[2022-12-31T00:15:06+08:00][sql] SHOW FULL COLUMNS FROM `information` [ RunTime:0.001442s ]
[2022-12-31T00:15:06+08:00][sql] SELECT * FROM `information` ORDER BY `time` DESC LIMIT 1 [ RunTime:0.000319s ]
[2022-12-31T00:15:06+08:00][sql] SHOW FULL COLUMNS FROM `topic` [ RunTime:0.000934s ]
[2022-12-31T00:15:06+08:00][sql] SELECT * FROM `topic` [ RunTime:0.000257s ]
[2022-12-31T00:15:06+08:00][sql] SELECT * FROM `information` ORDER BY `time` DESC [ RunTime:0.000731s ]
[2022-12-31T00:15:06+08:00][sql] SHOW FULL COLUMNS FROM `address` [ RunTime:0.000977s ]
[2022-12-31T00:15:06+08:00][sql] SELECT * FROM `address` WHERE  `id` = 1 LIMIT 1 [ RunTime:0.000251s ]
[2022-12-31T00:15:06+08:00][sql] SELECT * FROM `address` WHERE  `id` = 2 LIMIT 1 [ RunTime:0.000230s ]
[2022-12-31T03:19:28+08:00][sql] CONNECT:[ UseTime:0.000389s ] mysql:host=localhost;port=3316;dbname=coffee;charset=utf8
[2022-12-31T03:19:28+08:00][sql] SHOW FULL COLUMNS FROM `information` [ RunTime:0.001291s ]
[2022-12-31T03:19:28+08:00][sql] SELECT * FROM `information` WHERE  `id` = 15 LIMIT 1 [ RunTime:0.000269s ]
[2022-12-31T03:19:28+08:00][sql] SHOW FULL COLUMNS FROM `address` [ RunTime:0.000920s ]
[2022-12-31T03:19:28+08:00][sql] SELECT * FROM `address` WHERE  `id` = 1 LIMIT 1 [ RunTime:0.000260s ]
[2022-12-31T03:19:28+08:00][sql] SELECT * FROM `address` WHERE  `id` = 2 LIMIT 1 [ RunTime:0.000201s ]
[2022-12-31T03:27:02+08:00][sql] CONNECT:[ UseTime:0.000426s ] mysql:host=localhost;port=3316;dbname=coffee;charset=utf8
[2022-12-31T03:27:02+08:00][sql] SHOW FULL COLUMNS FROM `information` [ RunTime:0.001337s ]
[2022-12-31T03:27:02+08:00][sql] SELECT * FROM `information` WHERE  `id` = 15 LIMIT 1 [ RunTime:0.000281s ]
[2022-12-31T03:27:02+08:00][sql] SHOW FULL COLUMNS FROM `address` [ RunTime:0.001207s ]
[2022-12-31T03:27:02+08:00][sql] SELECT * FROM `address` WHERE  `id` = 1 LIMIT 1 [ RunTime:0.000260s ]
[2022-12-31T03:27:02+08:00][sql] SELECT * FROM `address` WHERE  `id` = 2 LIMIT 1 [ RunTime:0.000220s ]
[2022-12-31T09:19:17+08:00][sql] CONNECT:[ UseTime:0.000400s ] mysql:host=localhost;port=3316;dbname=coffee;charset=utf8
[2022-12-31T09:19:17+08:00][sql] SHOW FULL COLUMNS FROM `information` [ RunTime:0.001273s ]
[2022-12-31T09:19:17+08:00][sql] SELECT * FROM `information` WHERE  `id` = 19 LIMIT 1 [ RunTime:0.000294s ]
[2022-12-31T09:19:17+08:00][sql] SHOW FULL COLUMNS FROM `address` [ RunTime:0.000922s ]
[2022-12-31T09:19:17+08:00][sql] SELECT * FROM `address` WHERE  `id` = 1 LIMIT 1 [ RunTime:0.000240s ]
[2022-12-31T09:19:17+08:00][sql] SELECT * FROM `address` WHERE  `id` = 2 LIMIT 1 [ RunTime:0.000205s ]
[2022-12-31T09:20:40+08:00][sql] CONNECT:[ UseTime:0.000400s ] mysql:host=localhost;port=3316;dbname=coffee;charset=utf8
[2022-12-31T09:20:40+08:00][sql] SHOW FULL COLUMNS FROM `information` [ RunTime:0.001347s ]
[2022-12-31T09:20:40+08:00][sql] SELECT * FROM `information` WHERE  `id` = 19 LIMIT 1 [ RunTime:0.000337s ]
[2022-12-31T09:20:40+08:00][sql] SHOW FULL COLUMNS FROM `address` [ RunTime:0.000931s ]
[2022-12-31T09:20:40+08:00][sql] SELECT * FROM `address` WHERE  `id` = 1 LIMIT 1 [ RunTime:0.000263s ]
[2022-12-31T09:20:40+08:00][sql] SELECT * FROM `address` WHERE  `id` = 2 LIMIT 1 [ RunTime:0.000241s ]
[2022-12-31T15:49:31+08:00][sql] CONNECT:[ UseTime:0.000412s ] mysql:host=localhost;port=3316;dbname=coffee;charset=utf8
[2022-12-31T15:49:31+08:00][sql] SHOW FULL COLUMNS FROM `information` [ RunTime:0.001386s ]
[2022-12-31T15:49:31+08:00][sql] SELECT * FROM `information` WHERE  `id` = 15 LIMIT 1 [ RunTime:0.000361s ]
[2022-12-31T15:49:31+08:00][sql] SHOW FULL COLUMNS FROM `address` [ RunTime:0.000956s ]
[2022-12-31T15:49:31+08:00][sql] SELECT * FROM `address` WHERE  `id` = 1 LIMIT 1 [ RunTime:0.000281s ]
[2022-12-31T15:49:31+08:00][sql] SELECT * FROM `address` WHERE  `id` = 2 LIMIT 1 [ RunTime:0.000241s ]
[2022-12-31T15:55:03+08:00][sql] CONNECT:[ UseTime:0.000366s ] mysql:host=localhost;port=3316;dbname=coffee;charset=utf8
[2022-12-31T15:55:03+08:00][sql] SHOW FULL COLUMNS FROM `information` [ RunTime:0.001314s ]
[2022-12-31T15:55:03+08:00][sql] SELECT * FROM `information` WHERE  `id` = 15 LIMIT 1 [ RunTime:0.000292s ]
[2022-12-31T15:55:03+08:00][sql] SHOW FULL COLUMNS FROM `address` [ RunTime:0.000923s ]
[2022-12-31T15:55:03+08:00][sql] SELECT * FROM `address` WHERE  `id` = 1 LIMIT 1 [ RunTime:0.000237s ]
[2022-12-31T15:55:03+08:00][sql] SELECT * FROM `address` WHERE  `id` = 2 LIMIT 1 [ RunTime:0.000252s ]
[2022-12-31T22:12:14+08:00][sql] CONNECT:[ UseTime:0.000392s ] mysql:host=localhost;port=3316;dbname=coffee;charset=utf8
[2022-12-31T22:12:14+08:00][sql] SHOW FULL COLUMNS FROM `information` [ RunTime:0.001324s ]
[2022-12-31T22:12:14+08:00][sql] SELECT * FROM `information` WHERE  `id` = 19 LIMIT 1 [ RunTime:0.000282s ]
[2022-12-31T22:12:14+08:00][sql] SHOW FULL COLUMNS FROM `address` [ RunTime:0.000944s ]
[2022-12-31T22:12:14+08:00][sql] SELECT * FROM `address` WHERE  `id` = 1 LIMIT 1 [ RunTime:0.000239s ]
[2022-12-31T22:12:14+08:00][sql] SELECT * FROM `address` WHERE  `id` = 2 LIMIT 1 [ RunTime:0.000204s ]
[2022-12-31T22:20:30+08:00][sql] CONNECT:[ UseTime:0.000413s ] mysql:host=localhost;port=3316;dbname=coffee;charset=utf8
[2022-12-31T22:20:30+08:00][sql] SHOW FULL COLUMNS FROM `information` [ RunTime:0.001361s ]
[2022-12-31T22:20:30+08:00][sql] SELECT * FROM `information` WHERE  `id` = 19 LIMIT 1 [ RunTime:0.000326s ]
[2022-12-31T22:20:30+08:00][sql] SHOW FULL COLUMNS FROM `address` [ RunTime:0.000978s ]
[2022-12-31T22:20:30+08:00][sql] SELECT * FROM `address` WHERE  `id` = 1 LIMIT 1 [ RunTime:0.000271s ]
[2022-12-31T22:20:30+08:00][sql] SELECT * FROM `address` WHERE  `id` = 2 LIMIT 1 [ RunTime:0.000241s ]
