[2023-06-08T00:05:31+08:00][sql] CONNECT:[ UseTime:0.000390s ] mysql:host=localhost;port=3316;dbname=coffee;charset=utf8
[2023-06-08T00:05:31+08:00][sql] SHOW FULL COLUMNS FROM `information` [ RunTime:0.001375s ]
[2023-06-08T00:05:31+08:00][sql] SELECT * FROM `information` WHERE  `id` = 5 LIMIT 1 [ RunTime:0.000363s ]
[2023-06-08T00:05:31+08:00][sql] SHOW FULL COLUMNS FROM `address` [ RunTime:0.001002s ]
[2023-06-08T00:05:31+08:00][sql] SELECT * FROM `address` WHERE  `id` = 1 LIMIT 1 [ RunTime:0.000292s ]
[2023-06-08T00:05:31+08:00][sql] SELECT * FROM `address` WHERE  `id` = 2 LIMIT 1 [ RunTime:0.000232s ]
[2023-06-08T00:09:36+08:00][sql] CONNECT:[ UseTime:0.000492s ] mysql:host=localhost;port=3316;dbname=coffee;charset=utf8
[2023-06-08T00:09:36+08:00][sql] SHOW FULL COLUMNS FROM `information` [ RunTime:0.001479s ]
[2023-06-08T00:09:36+08:00][sql] SELECT * FROM `information` WHERE  `id` = 5 LIMIT 1 [ RunTime:0.000355s ]
[2023-06-08T00:09:36+08:00][sql] SHOW FULL COLUMNS FROM `address` [ RunTime:0.001026s ]
[2023-06-08T00:09:36+08:00][sql] SELECT * FROM `address` WHERE  `id` = 1 LIMIT 1 [ RunTime:0.000286s ]
[2023-06-08T00:09:36+08:00][sql] SELECT * FROM `address` WHERE  `id` = 2 LIMIT 1 [ RunTime:0.000273s ]
[2023-06-08T00:21:30+08:00][sql] CONNECT:[ UseTime:0.000420s ] mysql:host=localhost;port=3316;dbname=coffee;charset=utf8
[2023-06-08T00:21:30+08:00][sql] SHOW FULL COLUMNS FROM `information` [ RunTime:0.001359s ]
[2023-06-08T00:21:30+08:00][sql] SELECT * FROM `information` WHERE  `id` = 2 LIMIT 1 [ RunTime:0.000274s ]
[2023-06-08T00:21:30+08:00][sql] SHOW FULL COLUMNS FROM `address` [ RunTime:0.001023s ]
[2023-06-08T00:21:30+08:00][sql] SELECT * FROM `address` WHERE  `id` = 1 LIMIT 1 [ RunTime:0.000247s ]
[2023-06-08T00:21:30+08:00][sql] SELECT * FROM `address` WHERE  `id` = 2 LIMIT 1 [ RunTime:0.000200s ]
[2023-06-08T00:28:45+08:00][sql] CONNECT:[ UseTime:0.000409s ] mysql:host=localhost;port=3316;dbname=coffee;charset=utf8
[2023-06-08T00:28:45+08:00][sql] SHOW FULL COLUMNS FROM `information` [ RunTime:0.001426s ]
[2023-06-08T00:28:45+08:00][sql] SELECT * FROM `information` WHERE  `id` = 2 LIMIT 1 [ RunTime:0.000284s ]
[2023-06-08T00:28:45+08:00][sql] SHOW FULL COLUMNS FROM `address` [ RunTime:0.000996s ]
[2023-06-08T00:28:45+08:00][sql] SELECT * FROM `address` WHERE  `id` = 1 LIMIT 1 [ RunTime:0.000245s ]
[2023-06-08T00:28:45+08:00][sql] SELECT * FROM `address` WHERE  `id` = 2 LIMIT 1 [ RunTime:0.000219s ]
[2023-06-08T01:02:10+08:00][sql] CONNECT:[ UseTime:0.000403s ] mysql:host=localhost;port=3316;dbname=coffee;charset=utf8
[2023-06-08T01:02:10+08:00][sql] SHOW FULL COLUMNS FROM `information` [ RunTime:0.001362s ]
[2023-06-08T01:02:10+08:00][sql] SELECT * FROM `information` WHERE  `id` = 20 LIMIT 1 [ RunTime:0.000295s ]
[2023-06-08T01:02:10+08:00][sql] SHOW FULL COLUMNS FROM `address` [ RunTime:0.000920s ]
[2023-06-08T01:02:10+08:00][sql] SELECT * FROM `address` WHERE  `id` = 1 LIMIT 1 [ RunTime:0.000254s ]
[2023-06-08T01:02:10+08:00][sql] SELECT * FROM `address` WHERE  `id` = 2 LIMIT 1 [ RunTime:0.000221s ]
[2023-06-08T01:19:39+08:00][sql] CONNECT:[ UseTime:0.000385s ] mysql:host=localhost;port=3316;dbname=coffee;charset=utf8
[2023-06-08T01:19:39+08:00][sql] SHOW FULL COLUMNS FROM `information` [ RunTime:0.001382s ]
[2023-06-08T01:19:39+08:00][sql] SELECT * FROM `information` WHERE  `id` = 20 LIMIT 1 [ RunTime:0.000281s ]
[2023-06-08T01:19:39+08:00][sql] SHOW FULL COLUMNS FROM `address` [ RunTime:0.000910s ]
[2023-06-08T01:19:39+08:00][sql] SELECT * FROM `address` WHERE  `id` = 1 LIMIT 1 [ RunTime:0.000235s ]
[2023-06-08T01:19:39+08:00][sql] SELECT * FROM `address` WHERE  `id` = 2 LIMIT 1 [ RunTime:0.000196s ]
[2023-06-08T01:30:44+08:00][sql] CONNECT:[ UseTime:0.000398s ] mysql:host=localhost;port=3316;dbname=coffee;charset=utf8
[2023-06-08T01:30:44+08:00][sql] SHOW FULL COLUMNS FROM `information` [ RunTime:0.001529s ]
[2023-06-08T01:30:44+08:00][sql] SELECT * FROM `information` WHERE  `id` = 20 LIMIT 1 [ RunTime:0.000353s ]
[2023-06-08T01:30:44+08:00][sql] SHOW FULL COLUMNS FROM `address` [ RunTime:0.000980s ]
[2023-06-08T01:30:44+08:00][sql] SELECT * FROM `address` WHERE  `id` = 1 LIMIT 1 [ RunTime:0.000235s ]
[2023-06-08T01:30:44+08:00][sql] SELECT * FROM `address` WHERE  `id` = 2 LIMIT 1 [ RunTime:0.000232s ]
[2023-06-08T02:33:20+08:00][sql] CONNECT:[ UseTime:0.000494s ] mysql:host=localhost;port=3316;dbname=coffee;charset=utf8
[2023-06-08T02:33:20+08:00][sql] SHOW FULL COLUMNS FROM `information` [ RunTime:0.001420s ]
[2023-06-08T02:33:20+08:00][sql] SELECT * FROM `information` WHERE  `id` = 3 LIMIT 1 [ RunTime:0.000314s ]
[2023-06-08T02:33:20+08:00][sql] SHOW FULL COLUMNS FROM `address` [ RunTime:0.000931s ]
[2023-06-08T02:33:20+08:00][sql] SELECT * FROM `address` WHERE  `id` = 1 LIMIT 1 [ RunTime:0.000268s ]
[2023-06-08T02:33:20+08:00][sql] SELECT * FROM `address` WHERE  `id` = 2 LIMIT 1 [ RunTime:0.000210s ]
[2023-06-08T02:36:26+08:00][sql] CONNECT:[ UseTime:0.000465s ] mysql:host=localhost;port=3316;dbname=coffee;charset=utf8
[2023-06-08T02:36:26+08:00][sql] SHOW FULL COLUMNS FROM `information` [ RunTime:0.001379s ]
[2023-06-08T02:36:26+08:00][sql] SELECT * FROM `information` WHERE  `id` = 3 LIMIT 1 [ RunTime:0.000290s ]
[2023-06-08T02:36:26+08:00][sql] SHOW FULL COLUMNS FROM `address` [ RunTime:0.000872s ]
[2023-06-08T02:36:26+08:00][sql] SELECT * FROM `address` WHERE  `id` = 1 LIMIT 1 [ RunTime:0.000238s ]
[2023-06-08T02:36:26+08:00][sql] SELECT * FROM `address` WHERE  `id` = 2 LIMIT 1 [ RunTime:0.000193s ]
[2023-06-08T03:23:14+08:00][sql] CONNECT:[ UseTime:0.000415s ] mysql:host=localhost;port=3316;dbname=coffee;charset=utf8
[2023-06-08T03:23:14+08:00][sql] SHOW FULL COLUMNS FROM `information` [ RunTime:0.001375s ]
[2023-06-08T03:23:14+08:00][sql] SELECT * FROM `information` WHERE  `id` = 17 LIMIT 1 [ RunTime:0.000288s ]
[2023-06-08T03:23:14+08:00][sql] SHOW FULL COLUMNS FROM `address` [ RunTime:0.000916s ]
[2023-06-08T03:23:14+08:00][sql] SELECT * FROM `address` WHERE  `id` = 1 LIMIT 1 [ RunTime:0.000248s ]
[2023-06-08T03:23:14+08:00][sql] SELECT * FROM `address` WHERE  `id` = 2 LIMIT 1 [ RunTime:0.000217s ]
[2023-06-08T03:23:14+08:00][sql] CONNECT:[ UseTime:0.000459s ] mysql:host=localhost;port=3316;dbname=coffee;charset=utf8
[2023-06-08T03:23:14+08:00][sql] SHOW FULL COLUMNS FROM `information` [ RunTime:0.001359s ]
[2023-06-08T03:23:14+08:00][sql] SELECT * FROM `information` WHERE  `id` = 18 LIMIT 1 [ RunTime:0.000286s ]
[2023-06-08T03:23:14+08:00][sql] SHOW FULL COLUMNS FROM `address` [ RunTime:0.000913s ]
[2023-06-08T03:23:14+08:00][sql] SELECT * FROM `address` WHERE  `id` = 1 LIMIT 1 [ RunTime:0.000254s ]
[2023-06-08T03:23:14+08:00][sql] SELECT * FROM `address` WHERE  `id` = 2 LIMIT 1 [ RunTime:0.000231s ]
[2023-06-08T03:23:14+08:00][sql] CONNECT:[ UseTime:0.000386s ] mysql:host=localhost;port=3316;dbname=coffee;charset=utf8
[2023-06-08T03:23:14+08:00][sql] SHOW FULL COLUMNS FROM `information` [ RunTime:0.001583s ]
[2023-06-08T03:23:14+08:00][sql] SELECT * FROM `information` WHERE  `id` = 19 LIMIT 1 [ RunTime:0.000284s ]
[2023-06-08T03:23:14+08:00][sql] SHOW FULL COLUMNS FROM `address` [ RunTime:0.000908s ]
[2023-06-08T03:23:14+08:00][sql] SELECT * FROM `address` WHERE  `id` = 1 LIMIT 1 [ RunTime:0.000232s ]
[2023-06-08T03:23:14+08:00][sql] SELECT * FROM `address` WHERE  `id` = 2 LIMIT 1 [ RunTime:0.000216s ]
[2023-06-08T03:23:15+08:00][sql] CONNECT:[ UseTime:0.000328s ] mysql:host=localhost;port=3316;dbname=coffee;charset=utf8
[2023-06-08T03:23:15+08:00][sql] SHOW FULL COLUMNS FROM `information` [ RunTime:0.001166s ]
[2023-06-08T03:23:15+08:00][sql] SELECT * FROM `information` WHERE  `id` = 20 LIMIT 1 [ RunTime:0.000264s ]
[2023-06-08T03:23:15+08:00][sql] SHOW FULL COLUMNS FROM `address` [ RunTime:0.000935s ]
[2023-06-08T03:23:15+08:00][sql] SELECT * FROM `address` WHERE  `id` = 1 LIMIT 1 [ RunTime:0.000251s ]
[2023-06-08T03:23:15+08:00][sql] SELECT * FROM `address` WHERE  `id` = 2 LIMIT 1 [ RunTime:0.000221s ]
[2023-06-08T03:23:15+08:00][sql] CONNECT:[ UseTime:0.000445s ] mysql:host=localhost;port=3316;dbname=coffee;charset=utf8
[2023-06-08T03:23:15+08:00][sql] SHOW FULL COLUMNS FROM `information` [ RunTime:0.001448s ]
[2023-06-08T03:23:15+08:00][sql] SELECT * FROM `information` WHERE  `id` = 21 LIMIT 1 [ RunTime:0.000336s ]
[2023-06-08T03:23:15+08:00][sql] SHOW FULL COLUMNS FROM `address` [ RunTime:0.000900s ]
[2023-06-08T03:23:15+08:00][sql] SELECT * FROM `address` WHERE  `id` = 1 LIMIT 1 [ RunTime:0.000244s ]
[2023-06-08T03:23:15+08:00][sql] SELECT * FROM `address` WHERE  `id` = 2 LIMIT 1 [ RunTime:0.000212s ]
[2023-06-08T03:29:22+08:00][sql] CONNECT:[ UseTime:0.000392s ] mysql:host=localhost;port=3316;dbname=coffee;charset=utf8
[2023-06-08T03:29:22+08:00][sql] SHOW FULL COLUMNS FROM `information` [ RunTime:0.001443s ]
[2023-06-08T03:29:22+08:00][sql] SELECT * FROM `information` WHERE  `id` = 18 LIMIT 1 [ RunTime:0.000287s ]
[2023-06-08T03:29:22+08:00][sql] SHOW FULL COLUMNS FROM `address` [ RunTime:0.000929s ]
[2023-06-08T03:29:22+08:00][sql] SELECT * FROM `address` WHERE  `id` = 1 LIMIT 1 [ RunTime:0.000244s ]
[2023-06-08T03:29:22+08:00][sql] SELECT * FROM `address` WHERE  `id` = 2 LIMIT 1 [ RunTime:0.000213s ]
[2023-06-08T03:29:38+08:00][sql] CONNECT:[ UseTime:0.000377s ] mysql:host=localhost;port=3316;dbname=coffee;charset=utf8
[2023-06-08T03:29:38+08:00][sql] SHOW FULL COLUMNS FROM `information` [ RunTime:0.001334s ]
[2023-06-08T03:29:38+08:00][sql] SELECT * FROM `information` WHERE  `id` = 17 LIMIT 1 [ RunTime:0.000317s ]
[2023-06-08T03:29:38+08:00][sql] SHOW FULL COLUMNS FROM `address` [ RunTime:0.000917s ]
[2023-06-08T03:29:38+08:00][sql] SELECT * FROM `address` WHERE  `id` = 1 LIMIT 1 [ RunTime:0.000233s ]
[2023-06-08T03:29:38+08:00][sql] SELECT * FROM `address` WHERE  `id` = 2 LIMIT 1 [ RunTime:0.000211s ]
[2023-06-08T03:30:29+08:00][sql] CONNECT:[ UseTime:0.000408s ] mysql:host=localhost;port=3316;dbname=coffee;charset=utf8
[2023-06-08T03:30:29+08:00][sql] SHOW FULL COLUMNS FROM `information` [ RunTime:0.001355s ]
[2023-06-08T03:30:29+08:00][sql] SELECT * FROM `information` WHERE  `id` = 19 LIMIT 1 [ RunTime:0.000276s ]
[2023-06-08T03:30:29+08:00][sql] SHOW FULL COLUMNS FROM `address` [ RunTime:0.000921s ]
[2023-06-08T03:30:29+08:00][sql] SELECT * FROM `address` WHERE  `id` = 1 LIMIT 1 [ RunTime:0.000229s ]
[2023-06-08T03:30:29+08:00][sql] SELECT * FROM `address` WHERE  `id` = 2 LIMIT 1 [ RunTime:0.000197s ]
[2023-06-08T03:31:32+08:00][sql] CONNECT:[ UseTime:0.000469s ] mysql:host=localhost;port=3316;dbname=coffee;charset=utf8
[2023-06-08T03:31:32+08:00][sql] SHOW FULL COLUMNS FROM `information` [ RunTime:0.001906s ]
[2023-06-08T03:31:32+08:00][sql] SELECT * FROM `information` WHERE  `id` = 21 LIMIT 1 [ RunTime:0.000366s ]
[2023-06-08T03:31:32+08:00][sql] SHOW FULL COLUMNS FROM `address` [ RunTime:0.001114s ]
[2023-06-08T03:31:32+08:00][sql] SELECT * FROM `address` WHERE  `id` = 1 LIMIT 1 [ RunTime:0.000274s ]
[2023-06-08T03:31:32+08:00][sql] SELECT * FROM `address` WHERE  `id` = 2 LIMIT 1 [ RunTime:0.000219s ]
[2023-06-08T07:16:28+08:00][sql] CONNECT:[ UseTime:0.000481s ] mysql:host=localhost;port=3316;dbname=coffee;charset=utf8
[2023-06-08T07:16:28+08:00][sql] SHOW FULL COLUMNS FROM `information` [ RunTime:0.001765s ]
[2023-06-08T07:16:28+08:00][sql] SELECT * FROM `information` WHERE  `id` = 18 LIMIT 1 [ RunTime:0.000291s ]
[2023-06-08T07:16:28+08:00][sql] SHOW FULL COLUMNS FROM `address` [ RunTime:0.000885s ]
[2023-06-08T07:16:28+08:00][sql] SELECT * FROM `address` WHERE  `id` = 1 LIMIT 1 [ RunTime:0.000236s ]
[2023-06-08T07:16:28+08:00][sql] SELECT * FROM `address` WHERE  `id` = 2 LIMIT 1 [ RunTime:0.000213s ]
[2023-06-08T07:16:28+08:00][sql] CONNECT:[ UseTime:0.000345s ] mysql:host=localhost;port=3316;dbname=coffee;charset=utf8
[2023-06-08T07:16:28+08:00][sql] SHOW FULL COLUMNS FROM `information` [ RunTime:0.001242s ]
[2023-06-08T07:16:28+08:00][sql] SELECT * FROM `information` WHERE  `id` = 17 LIMIT 1 [ RunTime:0.000296s ]
[2023-06-08T07:16:28+08:00][sql] SHOW FULL COLUMNS FROM `address` [ RunTime:0.000983s ]
[2023-06-08T07:16:28+08:00][sql] SELECT * FROM `address` WHERE  `id` = 1 LIMIT 1 [ RunTime:0.000255s ]
[2023-06-08T07:16:28+08:00][sql] SELECT * FROM `address` WHERE  `id` = 2 LIMIT 1 [ RunTime:0.000234s ]
[2023-06-08T07:16:28+08:00][sql] CONNECT:[ UseTime:0.000377s ] mysql:host=localhost;port=3316;dbname=coffee;charset=utf8
[2023-06-08T07:16:28+08:00][sql] SHOW FULL COLUMNS FROM `information` [ RunTime:0.001485s ]
[2023-06-08T07:16:28+08:00][sql] SELECT * FROM `information` WHERE  `id` = 19 LIMIT 1 [ RunTime:0.000301s ]
[2023-06-08T07:16:28+08:00][sql] SHOW FULL COLUMNS FROM `address` [ RunTime:0.000963s ]
[2023-06-08T07:16:28+08:00][sql] SELECT * FROM `address` WHERE  `id` = 1 LIMIT 1 [ RunTime:0.000249s ]
[2023-06-08T07:16:28+08:00][sql] SELECT * FROM `address` WHERE  `id` = 2 LIMIT 1 [ RunTime:0.000214s ]
[2023-06-08T07:16:28+08:00][sql] CONNECT:[ UseTime:0.000322s ] mysql:host=localhost;port=3316;dbname=coffee;charset=utf8
[2023-06-08T07:16:28+08:00][sql] SHOW FULL COLUMNS FROM `information` [ RunTime:0.001188s ]
[2023-06-08T07:16:28+08:00][sql] SELECT * FROM `information` WHERE  `id` = 20 LIMIT 1 [ RunTime:0.000285s ]
[2023-06-08T07:16:28+08:00][sql] SHOW FULL COLUMNS FROM `address` [ RunTime:0.000894s ]
[2023-06-08T07:16:28+08:00][sql] SELECT * FROM `address` WHERE  `id` = 1 LIMIT 1 [ RunTime:0.000232s ]
[2023-06-08T07:16:28+08:00][sql] SELECT * FROM `address` WHERE  `id` = 2 LIMIT 1 [ RunTime:0.000223s ]
[2023-06-08T07:16:29+08:00][sql] CONNECT:[ UseTime:0.000404s ] mysql:host=localhost;port=3316;dbname=coffee;charset=utf8
[2023-06-08T07:16:29+08:00][sql] SHOW FULL COLUMNS FROM `information` [ RunTime:0.001342s ]
[2023-06-08T07:16:29+08:00][sql] SELECT * FROM `information` WHERE  `id` = 21 LIMIT 1 [ RunTime:0.000287s ]
[2023-06-08T07:16:29+08:00][sql] SHOW FULL COLUMNS FROM `address` [ RunTime:0.000879s ]
[2023-06-08T07:16:29+08:00][sql] SELECT * FROM `address` WHERE  `id` = 1 LIMIT 1 [ RunTime:0.000225s ]
[2023-06-08T07:16:29+08:00][sql] SELECT * FROM `address` WHERE  `id` = 2 LIMIT 1 [ RunTime:0.000238s ]
[2023-06-08T07:20:27+08:00][sql] CONNECT:[ UseTime:0.000428s ] mysql:host=localhost;port=3316;dbname=coffee;charset=utf8
[2023-06-08T07:20:27+08:00][sql] SHOW FULL COLUMNS FROM `information` [ RunTime:0.001481s ]
[2023-06-08T07:20:27+08:00][sql] SELECT * FROM `information` WHERE  `id` = 19 LIMIT 1 [ RunTime:0.000297s ]
[2023-06-08T07:20:27+08:00][sql] SHOW FULL COLUMNS FROM `address` [ RunTime:0.001114s ]
[2023-06-08T07:20:27+08:00][sql] SELECT * FROM `address` WHERE  `id` = 1 LIMIT 1 [ RunTime:0.000235s ]
[2023-06-08T07:20:27+08:00][sql] SELECT * FROM `address` WHERE  `id` = 2 LIMIT 1 [ RunTime:0.000191s ]
[2023-06-08T07:28:42+08:00][sql] CONNECT:[ UseTime:0.000378s ] mysql:host=localhost;port=3316;dbname=coffee;charset=utf8
[2023-06-08T07:28:42+08:00][sql] SHOW FULL COLUMNS FROM `information` [ RunTime:0.001438s ]
[2023-06-08T07:28:42+08:00][sql] SELECT * FROM `information` WHERE  `id` = 17 LIMIT 1 [ RunTime:0.000288s ]
[2023-06-08T07:28:42+08:00][sql] SHOW FULL COLUMNS FROM `address` [ RunTime:0.000978s ]
[2023-06-08T07:28:42+08:00][sql] SELECT * FROM `address` WHERE  `id` = 1 LIMIT 1 [ RunTime:0.000255s ]
[2023-06-08T07:28:42+08:00][sql] SELECT * FROM `address` WHERE  `id` = 2 LIMIT 1 [ RunTime:0.000231s ]
[2023-06-08T09:59:40+08:00][sql] CONNECT:[ UseTime:0.000423s ] mysql:host=localhost;port=3316;dbname=coffee;charset=utf8
[2023-06-08T09:59:40+08:00][sql] SHOW FULL COLUMNS FROM `information` [ RunTime:0.001354s ]
[2023-06-08T09:59:40+08:00][sql] SELECT * FROM `information` WHERE  `id` = 21 LIMIT 1 [ RunTime:0.000301s ]
[2023-06-08T09:59:40+08:00][sql] SHOW FULL COLUMNS FROM `address` [ RunTime:0.000889s ]
[2023-06-08T09:59:40+08:00][sql] SELECT * FROM `address` WHERE  `id` = 1 LIMIT 1 [ RunTime:0.000228s ]
[2023-06-08T09:59:40+08:00][sql] SELECT * FROM `address` WHERE  `id` = 2 LIMIT 1 [ RunTime:0.000193s ]
[2023-06-08T09:59:41+08:00][sql] CONNECT:[ UseTime:0.000471s ] mysql:host=localhost;port=3316;dbname=coffee;charset=utf8
[2023-06-08T09:59:41+08:00][sql] SHOW FULL COLUMNS FROM `information` [ RunTime:0.001593s ]
[2023-06-08T09:59:41+08:00][sql] SELECT * FROM `information` ORDER BY `time` DESC LIMIT 1 [ RunTime:0.000351s ]
[2023-06-08T09:59:41+08:00][sql] SHOW FULL COLUMNS FROM `topic` [ RunTime:0.000842s ]
[2023-06-08T09:59:41+08:00][sql] SELECT * FROM `topic` [ RunTime:0.000196s ]
[2023-06-08T09:59:41+08:00][sql] SELECT * FROM `information` ORDER BY `time` DESC [ RunTime:0.000805s ]
[2023-06-08T09:59:41+08:00][sql] SHOW FULL COLUMNS FROM `address` [ RunTime:0.000920s ]
[2023-06-08T09:59:41+08:00][sql] SELECT * FROM `address` WHERE  `id` = 1 LIMIT 1 [ RunTime:0.000267s ]
[2023-06-08T09:59:41+08:00][sql] SELECT * FROM `address` WHERE  `id` = 2 LIMIT 1 [ RunTime:0.000204s ]
[2023-06-08T09:59:42+08:00][sql] CONNECT:[ UseTime:0.000420s ] mysql:host=localhost;port=3316;dbname=coffee;charset=utf8
[2023-06-08T09:59:42+08:00][sql] SHOW FULL COLUMNS FROM `information` [ RunTime:0.001681s ]
[2023-06-08T09:59:42+08:00][sql] SELECT * FROM `information` WHERE  `id` = 11 LIMIT 1 [ RunTime:0.000309s ]
[2023-06-08T09:59:42+08:00][sql] SHOW FULL COLUMNS FROM `address` [ RunTime:0.000965s ]
[2023-06-08T09:59:42+08:00][sql] SELECT * FROM `address` WHERE  `id` = 1 LIMIT 1 [ RunTime:0.000301s ]
[2023-06-08T09:59:42+08:00][sql] SELECT * FROM `address` WHERE  `id` = 2 LIMIT 1 [ RunTime:0.000195s ]
[2023-06-08T15:42:00+08:00][sql] CONNECT:[ UseTime:0.000523s ] mysql:host=localhost;port=3316;dbname=coffee;charset=utf8
[2023-06-08T15:42:00+08:00][sql] SHOW FULL COLUMNS FROM `information` [ RunTime:0.001487s ]
[2023-06-08T15:42:00+08:00][sql] SELECT * FROM `information` WHERE  `id` = 16 LIMIT 1 [ RunTime:0.000357s ]
[2023-06-08T15:42:00+08:00][sql] SHOW FULL COLUMNS FROM `address` [ RunTime:0.001057s ]
[2023-06-08T15:42:00+08:00][sql] SELECT * FROM `address` WHERE  `id` = 1 LIMIT 1 [ RunTime:0.000275s ]
[2023-06-08T15:42:00+08:00][sql] SELECT * FROM `address` WHERE  `id` = 2 LIMIT 1 [ RunTime:0.000246s ]
[2023-06-08T15:50:18+08:00][sql] CONNECT:[ UseTime:0.000409s ] mysql:host=localhost;port=3316;dbname=coffee;charset=utf8
[2023-06-08T15:50:18+08:00][sql] SHOW FULL COLUMNS FROM `information` [ RunTime:0.001376s ]
[2023-06-08T15:50:18+08:00][sql] SELECT * FROM `information` WHERE  `id` = 16 LIMIT 1 [ RunTime:0.000293s ]
[2023-06-08T15:50:18+08:00][sql] SHOW FULL COLUMNS FROM `address` [ RunTime:0.001025s ]
[2023-06-08T15:50:18+08:00][sql] SELECT * FROM `address` WHERE  `id` = 1 LIMIT 1 [ RunTime:0.000306s ]
[2023-06-08T15:50:18+08:00][sql] SELECT * FROM `address` WHERE  `id` = 2 LIMIT 1 [ RunTime:0.000220s ]
[2023-06-08T17:29:39+08:00][sql] CONNECT:[ UseTime:0.000467s ] mysql:host=localhost;port=3316;dbname=coffee;charset=utf8
[2023-06-08T17:29:39+08:00][sql] SHOW FULL COLUMNS FROM `information` [ RunTime:0.001548s ]
[2023-06-08T17:29:39+08:00][sql] SELECT * FROM `information` WHERE  `id` = 15 LIMIT 1 [ RunTime:0.000331s ]
[2023-06-08T17:29:39+08:00][sql] SHOW FULL COLUMNS FROM `address` [ RunTime:0.000993s ]
[2023-06-08T17:29:39+08:00][sql] SELECT * FROM `address` WHERE  `id` = 1 LIMIT 1 [ RunTime:0.000323s ]
[2023-06-08T17:29:39+08:00][sql] SELECT * FROM `address` WHERE  `id` = 2 LIMIT 1 [ RunTime:0.000260s ]
[2023-06-08T17:38:14+08:00][sql] CONNECT:[ UseTime:0.000482s ] mysql:host=localhost;port=3316;dbname=coffee;charset=utf8
[2023-06-08T17:38:14+08:00][sql] SHOW FULL COLUMNS FROM `information` [ RunTime:0.002071s ]
[2023-06-08T17:38:14+08:00][sql] SELECT * FROM `information` WHERE  `id` = 15 LIMIT 1 [ RunTime:0.000383s ]
[2023-06-08T17:38:14+08:00][sql] SHOW FULL COLUMNS FROM `address` [ RunTime:0.001198s ]
[2023-06-08T17:38:14+08:00][sql] SELECT * FROM `address` WHERE  `id` = 1 LIMIT 1 [ RunTime:0.000274s ]
[2023-06-08T17:38:14+08:00][sql] SELECT * FROM `address` WHERE  `id` = 2 LIMIT 1 [ RunTime:0.000263s ]
[2023-06-08T23:16:07+08:00][sql] CONNECT:[ UseTime:0.000398s ] mysql:host=localhost;port=3316;dbname=coffee;charset=utf8
[2023-06-08T23:16:07+08:00][sql] SHOW FULL COLUMNS FROM `information` [ RunTime:0.001461s ]
[2023-06-08T23:16:07+08:00][sql] SELECT * FROM `information` WHERE  `id` = 5 LIMIT 1 [ RunTime:0.000285s ]
[2023-06-08T23:16:07+08:00][sql] SHOW FULL COLUMNS FROM `address` [ RunTime:0.000968s ]
[2023-06-08T23:16:07+08:00][sql] SELECT * FROM `address` WHERE  `id` = 1 LIMIT 1 [ RunTime:0.000276s ]
[2023-06-08T23:16:07+08:00][sql] SELECT * FROM `address` WHERE  `id` = 2 LIMIT 1 [ RunTime:0.000221s ]
[2023-06-08T23:16:08+08:00][sql] CONNECT:[ UseTime:0.000421s ] mysql:host=localhost;port=3316;dbname=coffee;charset=utf8
[2023-06-08T23:16:08+08:00][sql] SHOW FULL COLUMNS FROM `information` [ RunTime:0.001748s ]
[2023-06-08T23:16:08+08:00][sql] SELECT * FROM `information` ORDER BY `time` DESC LIMIT 1 [ RunTime:0.000477s ]
[2023-06-08T23:16:08+08:00][sql] SHOW FULL COLUMNS FROM `topic` [ RunTime:0.000831s ]
[2023-06-08T23:16:08+08:00][sql] SELECT * FROM `topic` [ RunTime:0.000189s ]
[2023-06-08T23:16:08+08:00][sql] SELECT * FROM `information` WHERE  `topic_id` = 2 [ RunTime:0.000346s ]
[2023-06-08T23:16:08+08:00][sql] SHOW FULL COLUMNS FROM `address` [ RunTime:0.000938s ]
[2023-06-08T23:16:08+08:00][sql] SELECT * FROM `address` WHERE  `id` = 1 LIMIT 1 [ RunTime:0.000256s ]
[2023-06-08T23:16:08+08:00][sql] SELECT * FROM `address` WHERE  `id` = 2 LIMIT 1 [ RunTime:0.000205s ]
[2023-06-08T23:16:08+08:00][sql] CONNECT:[ UseTime:0.000439s ] mysql:host=localhost;port=3316;dbname=coffee;charset=utf8
[2023-06-08T23:16:08+08:00][sql] SHOW FULL COLUMNS FROM `information` [ RunTime:0.001670s ]
[2023-06-08T23:16:08+08:00][sql] SELECT * FROM `information` WHERE  `id` = 9 LIMIT 1 [ RunTime:0.000311s ]
[2023-06-08T23:16:08+08:00][sql] SHOW FULL COLUMNS FROM `address` [ RunTime:0.001250s ]
[2023-06-08T23:16:08+08:00][sql] SELECT * FROM `address` WHERE  `id` = 1 LIMIT 1 [ RunTime:0.000275s ]
[2023-06-08T23:16:08+08:00][sql] SELECT * FROM `address` WHERE  `id` = 2 LIMIT 1 [ RunTime:0.000200s ]
[2023-06-08T23:16:09+08:00][sql] CONNECT:[ UseTime:0.001980s ] mysql:host=localhost;port=3316;dbname=coffee;charset=utf8
[2023-06-08T23:16:09+08:00][sql] SHOW FULL COLUMNS FROM `information` [ RunTime:0.001946s ]
[2023-06-08T23:16:09+08:00][sql] SELECT * FROM `information` WHERE  `id` = 16 LIMIT 1 [ RunTime:0.000463s ]
[2023-06-08T23:16:09+08:00][sql] SHOW FULL COLUMNS FROM `address` [ RunTime:0.001542s ]
[2023-06-08T23:16:09+08:00][sql] SELECT * FROM `address` WHERE  `id` = 1 LIMIT 1 [ RunTime:0.000894s ]
[2023-06-08T23:16:09+08:00][sql] SELECT * FROM `address` WHERE  `id` = 2 LIMIT 1 [ RunTime:0.000497s ]
[2023-06-08T23:16:09+08:00][sql] CONNECT:[ UseTime:0.004185s ] mysql:host=localhost;port=3316;dbname=coffee;charset=utf8
[2023-06-08T23:16:09+08:00][sql] SHOW FULL COLUMNS FROM `information` [ RunTime:0.003326s ]
[2023-06-08T23:16:09+08:00][sql] SELECT * FROM `information` WHERE  `id` = 10 LIMIT 1 [ RunTime:0.001133s ]
[2023-06-08T23:16:09+08:00][sql] SHOW FULL COLUMNS FROM `address` [ RunTime:0.002415s ]
[2023-06-08T23:16:09+08:00][sql] SELECT * FROM `address` WHERE  `id` = 1 LIMIT 1 [ RunTime:0.000489s ]
[2023-06-08T23:16:09+08:00][sql] SELECT * FROM `address` WHERE  `id` = 2 LIMIT 1 [ RunTime:0.003939s ]
[2023-06-08T23:16:09+08:00][sql] CONNECT:[ UseTime:0.000352s ] mysql:host=localhost;port=3316;dbname=coffee;charset=utf8
[2023-06-08T23:16:09+08:00][sql] SHOW FULL COLUMNS FROM `information` [ RunTime:0.001370s ]
[2023-06-08T23:16:09+08:00][sql] SELECT * FROM `information` ORDER BY `time` DESC LIMIT 1 [ RunTime:0.000304s ]
[2023-06-08T23:16:09+08:00][sql] SHOW FULL COLUMNS FROM `topic` [ RunTime:0.000971s ]
[2023-06-08T23:16:09+08:00][sql] SELECT * FROM `topic` [ RunTime:0.000195s ]
[2023-06-08T23:16:09+08:00][sql] SELECT * FROM `information` WHERE  `topic_id` = 3 [ RunTime:0.000680s ]
[2023-06-08T23:16:09+08:00][sql] SHOW FULL COLUMNS FROM `address` [ RunTime:0.001040s ]
[2023-06-08T23:16:09+08:00][sql] SELECT * FROM `address` WHERE  `id` = 1 LIMIT 1 [ RunTime:0.000300s ]
[2023-06-08T23:16:09+08:00][sql] SELECT * FROM `address` WHERE  `id` = 2 LIMIT 1 [ RunTime:0.000268s ]
[2023-06-08T23:16:09+08:00][sql] CONNECT:[ UseTime:0.000386s ] mysql:host=localhost;port=3316;dbname=coffee;charset=utf8
[2023-06-08T23:16:09+08:00][sql] SHOW FULL COLUMNS FROM `information` [ RunTime:0.001260s ]
[2023-06-08T23:16:09+08:00][sql] SELECT * FROM `information` WHERE  `id` = 3 LIMIT 1 [ RunTime:0.001525s ]
[2023-06-08T23:16:09+08:00][sql] SHOW FULL COLUMNS FROM `address` [ RunTime:0.000937s ]
[2023-06-08T23:16:09+08:00][sql] SELECT * FROM `address` WHERE  `id` = 1 LIMIT 1 [ RunTime:0.000235s ]
[2023-06-08T23:16:09+08:00][sql] SELECT * FROM `address` WHERE  `id` = 2 LIMIT 1 [ RunTime:0.000203s ]
[2023-06-08T23:16:09+08:00][sql] CONNECT:[ UseTime:0.000404s ] mysql:host=localhost;port=3316;dbname=coffee;charset=utf8
[2023-06-08T23:16:09+08:00][sql] SHOW FULL COLUMNS FROM `information` [ RunTime:0.001367s ]
[2023-06-08T23:16:09+08:00][sql] SELECT * FROM `information` WHERE  `id` = 4 LIMIT 1 [ RunTime:0.000289s ]
[2023-06-08T23:16:09+08:00][sql] SHOW FULL COLUMNS FROM `address` [ RunTime:0.000940s ]
[2023-06-08T23:16:09+08:00][sql] SELECT * FROM `address` WHERE  `id` = 1 LIMIT 1 [ RunTime:0.000232s ]
[2023-06-08T23:16:09+08:00][sql] SELECT * FROM `address` WHERE  `id` = 2 LIMIT 1 [ RunTime:0.000203s ]
[2023-06-08T23:16:09+08:00][sql] CONNECT:[ UseTime:0.000730s ] mysql:host=localhost;port=3316;dbname=coffee;charset=utf8
[2023-06-08T23:16:09+08:00][sql] SHOW FULL COLUMNS FROM `information` [ RunTime:0.001113s ]
[2023-06-08T23:16:09+08:00][sql] SELECT * FROM `information` WHERE  `id` = 15 LIMIT 1 [ RunTime:0.000281s ]
[2023-06-08T23:16:09+08:00][sql] SHOW FULL COLUMNS FROM `address` [ RunTime:0.000942s ]
[2023-06-08T23:16:09+08:00][sql] SELECT * FROM `address` WHERE  `id` = 1 LIMIT 1 [ RunTime:0.000298s ]
[2023-06-08T23:16:09+08:00][sql] SELECT * FROM `address` WHERE  `id` = 2 LIMIT 1 [ RunTime:0.000214s ]
[2023-06-08T23:16:09+08:00][sql] CONNECT:[ UseTime:0.000279s ] mysql:host=localhost;port=3316;dbname=coffee;charset=utf8
[2023-06-08T23:16:09+08:00][sql] SHOW FULL COLUMNS FROM `information` [ RunTime:0.001241s ]
[2023-06-08T23:16:09+08:00][sql] SELECT * FROM `information` WHERE  `id` = 8 LIMIT 1 [ RunTime:0.000284s ]
[2023-06-08T23:16:09+08:00][sql] SHOW FULL COLUMNS FROM `address` [ RunTime:0.000944s ]
[2023-06-08T23:16:09+08:00][sql] SELECT * FROM `address` WHERE  `id` = 1 LIMIT 1 [ RunTime:0.000256s ]
[2023-06-08T23:16:09+08:00][sql] SELECT * FROM `address` WHERE  `id` = 2 LIMIT 1 [ RunTime:0.000250s ]
[2023-06-08T23:16:09+08:00][sql] CONNECT:[ UseTime:0.001206s ] mysql:host=localhost;port=3316;dbname=coffee;charset=utf8
[2023-06-08T23:16:09+08:00][sql] SHOW FULL COLUMNS FROM `information` [ RunTime:0.001847s ]
[2023-06-08T23:16:09+08:00][sql] SELECT * FROM `information` WHERE  `id` = 14 LIMIT 1 [ RunTime:0.000339s ]
[2023-06-08T23:16:09+08:00][sql] SHOW FULL COLUMNS FROM `address` [ RunTime:0.002067s ]
[2023-06-08T23:16:09+08:00][sql] SELECT * FROM `address` WHERE  `id` = 1 LIMIT 1 [ RunTime:0.001621s ]
[2023-06-08T23:16:09+08:00][sql] SELECT * FROM `address` WHERE  `id` = 2 LIMIT 1 [ RunTime:0.000576s ]
[2023-06-08T23:16:09+08:00][sql] CONNECT:[ UseTime:0.001525s ] mysql:host=localhost;port=3316;dbname=coffee;charset=utf8
[2023-06-08T23:16:09+08:00][sql] SHOW FULL COLUMNS FROM `information` [ RunTime:0.001137s ]
[2023-06-08T23:16:09+08:00][sql] SELECT * FROM `information` WHERE  `id` = 1 LIMIT 1 [ RunTime:0.000808s ]
[2023-06-08T23:16:09+08:00][sql] SHOW FULL COLUMNS FROM `address` [ RunTime:0.001309s ]
[2023-06-08T23:16:09+08:00][sql] SELECT * FROM `address` WHERE  `id` = 1 LIMIT 1 [ RunTime:0.000653s ]
[2023-06-08T23:16:09+08:00][sql] SELECT * FROM `address` WHERE  `id` = 2 LIMIT 1 [ RunTime:0.003925s ]
[2023-06-08T23:16:10+08:00][sql] CONNECT:[ UseTime:0.000397s ] mysql:host=localhost;port=3316;dbname=coffee;charset=utf8
[2023-06-08T23:16:10+08:00][sql] SHOW FULL COLUMNS FROM `information` [ RunTime:0.001464s ]
[2023-06-08T23:16:10+08:00][sql] SELECT * FROM `information` WHERE  `id` = 13 LIMIT 1 [ RunTime:0.000297s ]
[2023-06-08T23:16:10+08:00][sql] SHOW FULL COLUMNS FROM `address` [ RunTime:0.000979s ]
[2023-06-08T23:16:10+08:00][sql] SELECT * FROM `address` WHERE  `id` = 1 LIMIT 1 [ RunTime:0.000294s ]
[2023-06-08T23:16:10+08:00][sql] SELECT * FROM `address` WHERE  `id` = 2 LIMIT 1 [ RunTime:0.000233s ]
[2023-06-08T23:16:11+08:00][sql] CONNECT:[ UseTime:0.000407s ] mysql:host=localhost;port=3316;dbname=coffee;charset=utf8
[2023-06-08T23:16:11+08:00][sql] SHOW FULL COLUMNS FROM `information` [ RunTime:0.001522s ]
[2023-06-08T23:16:11+08:00][sql] SELECT * FROM `information` WHERE  `id` = 12 LIMIT 1 [ RunTime:0.000320s ]
[2023-06-08T23:16:11+08:00][sql] SHOW FULL COLUMNS FROM `address` [ RunTime:0.001032s ]
[2023-06-08T23:16:11+08:00][sql] SELECT * FROM `address` WHERE  `id` = 1 LIMIT 1 [ RunTime:0.000244s ]
[2023-06-08T23:16:11+08:00][sql] SELECT * FROM `address` WHERE  `id` = 2 LIMIT 1 [ RunTime:0.000285s ]
[2023-06-08T23:16:11+08:00][sql] CONNECT:[ UseTime:0.000419s ] mysql:host=localhost;port=3316;dbname=coffee;charset=utf8
[2023-06-08T23:16:11+08:00][sql] SHOW FULL COLUMNS FROM `information` [ RunTime:0.001353s ]
[2023-06-08T23:16:11+08:00][sql] SELECT * FROM `information` WHERE  `id` = 2 LIMIT 1 [ RunTime:0.000305s ]
[2023-06-08T23:16:11+08:00][sql] SHOW FULL COLUMNS FROM `address` [ RunTime:0.000911s ]
[2023-06-08T23:16:11+08:00][sql] SELECT * FROM `address` WHERE  `id` = 1 LIMIT 1 [ RunTime:0.000253s ]
[2023-06-08T23:16:11+08:00][sql] SELECT * FROM `address` WHERE  `id` = 2 LIMIT 1 [ RunTime:0.000198s ]
[2023-06-08T23:16:12+08:00][sql] CONNECT:[ UseTime:0.000511s ] mysql:host=localhost;port=3316;dbname=coffee;charset=utf8
[2023-06-08T23:16:12+08:00][sql] SHOW FULL COLUMNS FROM `information` [ RunTime:0.001446s ]
[2023-06-08T23:16:12+08:00][sql] SELECT * FROM `information` WHERE  `id` = 11 LIMIT 1 [ RunTime:0.000293s ]
[2023-06-08T23:16:12+08:00][sql] SHOW FULL COLUMNS FROM `address` [ RunTime:0.000979s ]
[2023-06-08T23:16:12+08:00][sql] SELECT * FROM `address` WHERE  `id` = 1 LIMIT 1 [ RunTime:0.000281s ]
[2023-06-08T23:16:12+08:00][sql] SELECT * FROM `address` WHERE  `id` = 2 LIMIT 1 [ RunTime:0.000223s ]
[2023-06-08T23:16:12+08:00][sql] CONNECT:[ UseTime:0.000434s ] mysql:host=localhost;port=3316;dbname=coffee;charset=utf8
[2023-06-08T23:16:12+08:00][sql] SHOW FULL COLUMNS FROM `information` [ RunTime:0.001403s ]
[2023-06-08T23:16:12+08:00][sql] SELECT * FROM `information` WHERE  `id` = 6 LIMIT 1 [ RunTime:0.000301s ]
[2023-06-08T23:16:12+08:00][sql] SHOW FULL COLUMNS FROM `address` [ RunTime:0.001012s ]
[2023-06-08T23:16:12+08:00][sql] SELECT * FROM `address` WHERE  `id` = 1 LIMIT 1 [ RunTime:0.000243s ]
[2023-06-08T23:16:12+08:00][sql] SELECT * FROM `address` WHERE  `id` = 2 LIMIT 1 [ RunTime:0.000210s ]
[2023-06-08T23:16:12+08:00][sql] CONNECT:[ UseTime:0.000447s ] mysql:host=localhost;port=3316;dbname=coffee;charset=utf8
[2023-06-08T23:16:12+08:00][sql] SHOW FULL COLUMNS FROM `information` [ RunTime:0.001347s ]
[2023-06-08T23:16:12+08:00][sql] SELECT * FROM `information` WHERE  `id` = 7 LIMIT 1 [ RunTime:0.000297s ]
[2023-06-08T23:16:12+08:00][sql] SHOW FULL COLUMNS FROM `address` [ RunTime:0.000902s ]
[2023-06-08T23:16:12+08:00][sql] SELECT * FROM `address` WHERE  `id` = 1 LIMIT 1 [ RunTime:0.000232s ]
[2023-06-08T23:16:12+08:00][sql] SELECT * FROM `address` WHERE  `id` = 2 LIMIT 1 [ RunTime:0.000203s ]
[2023-06-08T23:33:14+08:00][sql] CONNECT:[ UseTime:0.000455s ] mysql:host=localhost;port=3316;dbname=coffee;charset=utf8
[2023-06-08T23:33:14+08:00][sql] SHOW FULL COLUMNS FROM `information` [ RunTime:0.001465s ]
[2023-06-08T23:33:14+08:00][sql] SELECT * FROM `information` WHERE  `id` = 9 LIMIT 1 [ RunTime:0.000306s ]
[2023-06-08T23:33:14+08:00][sql] SHOW FULL COLUMNS FROM `address` [ RunTime:0.000915s ]
[2023-06-08T23:33:14+08:00][sql] SELECT * FROM `address` WHERE  `id` = 1 LIMIT 1 [ RunTime:0.000257s ]
[2023-06-08T23:33:14+08:00][sql] SELECT * FROM `address` WHERE  `id` = 2 LIMIT 1 [ RunTime:0.000197s ]
[2023-06-08T23:34:27+08:00][sql] CONNECT:[ UseTime:0.000447s ] mysql:host=localhost;port=3316;dbname=coffee;charset=utf8
[2023-06-08T23:34:27+08:00][sql] SHOW FULL COLUMNS FROM `information` [ RunTime:0.001469s ]
[2023-06-08T23:34:27+08:00][sql] SELECT * FROM `information` WHERE  `id` = 2 LIMIT 1 [ RunTime:0.000307s ]
[2023-06-08T23:34:27+08:00][sql] SHOW FULL COLUMNS FROM `address` [ RunTime:0.000924s ]
[2023-06-08T23:34:27+08:00][sql] SELECT * FROM `address` WHERE  `id` = 1 LIMIT 1 [ RunTime:0.000249s ]
[2023-06-08T23:34:27+08:00][sql] SELECT * FROM `address` WHERE  `id` = 2 LIMIT 1 [ RunTime:0.000230s ]
[2023-06-08T23:35:59+08:00][sql] CONNECT:[ UseTime:0.000496s ] mysql:host=localhost;port=3316;dbname=coffee;charset=utf8
[2023-06-08T23:35:59+08:00][sql] SHOW FULL COLUMNS FROM `information` [ RunTime:0.001664s ]
[2023-06-08T23:35:59+08:00][sql] SELECT * FROM `information` WHERE  `id` = 1 LIMIT 1 [ RunTime:0.000325s ]
[2023-06-08T23:35:59+08:00][sql] SHOW FULL COLUMNS FROM `address` [ RunTime:0.001163s ]
[2023-06-08T23:35:59+08:00][sql] SELECT * FROM `address` WHERE  `id` = 1 LIMIT 1 [ RunTime:0.000295s ]
[2023-06-08T23:35:59+08:00][sql] SELECT * FROM `address` WHERE  `id` = 2 LIMIT 1 [ RunTime:0.000222s ]
[2023-06-08T23:37:42+08:00][sql] CONNECT:[ UseTime:0.000424s ] mysql:host=localhost;port=3316;dbname=coffee;charset=utf8
[2023-06-08T23:37:42+08:00][sql] SHOW FULL COLUMNS FROM `information` [ RunTime:0.001382s ]
[2023-06-08T23:37:42+08:00][sql] SELECT * FROM `information` WHERE  `id` = 13 LIMIT 1 [ RunTime:0.000369s ]
[2023-06-08T23:37:42+08:00][sql] SHOW FULL COLUMNS FROM `address` [ RunTime:0.001093s ]
[2023-06-08T23:37:42+08:00][sql] SELECT * FROM `address` WHERE  `id` = 1 LIMIT 1 [ RunTime:0.000257s ]
[2023-06-08T23:37:42+08:00][sql] SELECT * FROM `address` WHERE  `id` = 2 LIMIT 1 [ RunTime:0.000307s ]
[2023-06-08T23:39:47+08:00][sql] CONNECT:[ UseTime:0.000502s ] mysql:host=localhost;port=3316;dbname=coffee;charset=utf8
[2023-06-08T23:39:47+08:00][sql] SHOW FULL COLUMNS FROM `information` [ RunTime:0.001330s ]
[2023-06-08T23:39:47+08:00][sql] SELECT * FROM `information` WHERE  `id` = 5 LIMIT 1 [ RunTime:0.000297s ]
[2023-06-08T23:39:47+08:00][sql] SHOW FULL COLUMNS FROM `address` [ RunTime:0.001019s ]
[2023-06-08T23:39:47+08:00][sql] SELECT * FROM `address` WHERE  `id` = 1 LIMIT 1 [ RunTime:0.000253s ]
[2023-06-08T23:39:47+08:00][sql] SELECT * FROM `address` WHERE  `id` = 2 LIMIT 1 [ RunTime:0.000197s ]
[2023-06-08T23:40:18+08:00][sql] CONNECT:[ UseTime:0.000437s ] mysql:host=localhost;port=3316;dbname=coffee;charset=utf8
[2023-06-08T23:40:18+08:00][sql] SHOW FULL COLUMNS FROM `information` [ RunTime:0.001439s ]
[2023-06-08T23:40:18+08:00][sql] SELECT * FROM `information` WHERE  `id` = 7 LIMIT 1 [ RunTime:0.000309s ]
[2023-06-08T23:40:18+08:00][sql] SHOW FULL COLUMNS FROM `address` [ RunTime:0.000976s ]
[2023-06-08T23:40:18+08:00][sql] SELECT * FROM `address` WHERE  `id` = 1 LIMIT 1 [ RunTime:0.000249s ]
[2023-06-08T23:40:18+08:00][sql] SELECT * FROM `address` WHERE  `id` = 2 LIMIT 1 [ RunTime:0.000227s ]
[2023-06-08T23:43:12+08:00][sql] CONNECT:[ UseTime:0.000425s ] mysql:host=localhost;port=3316;dbname=coffee;charset=utf8
[2023-06-08T23:43:12+08:00][sql] SHOW FULL COLUMNS FROM `information` [ RunTime:0.001524s ]
[2023-06-08T23:43:12+08:00][sql] SELECT * FROM `information` WHERE  `id` = 12 LIMIT 1 [ RunTime:0.000310s ]
[2023-06-08T23:43:12+08:00][sql] SHOW FULL COLUMNS FROM `address` [ RunTime:0.001009s ]
[2023-06-08T23:43:12+08:00][sql] SELECT * FROM `address` WHERE  `id` = 1 LIMIT 1 [ RunTime:0.000253s ]
[2023-06-08T23:43:12+08:00][sql] SELECT * FROM `address` WHERE  `id` = 2 LIMIT 1 [ RunTime:0.000193s ]
