[2023-06-10T03:36:54+08:00][sql] CONNECT:[ UseTime:0.000418s ] mysql:host=localhost;port=3316;dbname=coffee;charset=utf8
[2023-06-10T03:36:54+08:00][sql] SHOW FULL COLUMNS FROM `information` [ RunTime:0.001459s ]
[2023-06-10T03:36:54+08:00][sql] SELECT * FROM `information` WHERE  `id` = 11 LIMIT 1 [ RunTime:0.000294s ]
[2023-06-10T03:36:54+08:00][sql] SHOW FULL COLUMNS FROM `address` [ RunTime:0.000970s ]
[2023-06-10T03:36:54+08:00][sql] SELECT * FROM `address` WHERE  `id` = 1 LIMIT 1 [ RunTime:0.000233s ]
[2023-06-10T03:36:54+08:00][sql] SELECT * FROM `address` WHERE  `id` = 2 LIMIT 1 [ RunTime:0.000197s ]
[2023-06-10T03:36:54+08:00][sql] CONNECT:[ UseTime:0.000517s ] mysql:host=localhost;port=3316;dbname=coffee;charset=utf8
[2023-06-10T03:36:54+08:00][sql] SHOW FULL COLUMNS FROM `information` [ RunTime:0.001305s ]
[2023-06-10T03:36:54+08:00][sql] SELECT * FROM `information` WHERE  `id` = 16 LIMIT 1 [ RunTime:0.000320s ]
[2023-06-10T03:36:54+08:00][sql] SHOW FULL COLUMNS FROM `address` [ RunTime:0.000929s ]
[2023-06-10T03:36:54+08:00][sql] SELECT * FROM `address` WHERE  `id` = 1 LIMIT 1 [ RunTime:0.000273s ]
[2023-06-10T03:36:54+08:00][sql] SELECT * FROM `address` WHERE  `id` = 2 LIMIT 1 [ RunTime:0.000232s ]
[2023-06-10T03:36:54+08:00][sql] CONNECT:[ UseTime:0.000425s ] mysql:host=localhost;port=3316;dbname=coffee;charset=utf8
[2023-06-10T03:36:54+08:00][sql] SHOW FULL COLUMNS FROM `information` [ RunTime:0.001427s ]
[2023-06-10T03:36:54+08:00][sql] SELECT * FROM `information` WHERE  `id` = 7 LIMIT 1 [ RunTime:0.000309s ]
[2023-06-10T03:36:54+08:00][sql] SHOW FULL COLUMNS FROM `address` [ RunTime:0.000970s ]
[2023-06-10T03:36:54+08:00][sql] SELECT * FROM `address` WHERE  `id` = 1 LIMIT 1 [ RunTime:0.000276s ]
[2023-06-10T03:36:54+08:00][sql] SELECT * FROM `address` WHERE  `id` = 2 LIMIT 1 [ RunTime:0.000219s ]
[2023-06-10T03:40:06+08:00][sql] CONNECT:[ UseTime:0.000437s ] mysql:host=localhost;port=3316;dbname=coffee;charset=utf8
[2023-06-10T03:40:06+08:00][sql] SHOW FULL COLUMNS FROM `information` [ RunTime:0.001359s ]
[2023-06-10T03:40:06+08:00][sql] SELECT * FROM `information` WHERE  `id` = 7 LIMIT 1 [ RunTime:0.000313s ]
[2023-06-10T03:40:06+08:00][sql] SHOW FULL COLUMNS FROM `address` [ RunTime:0.000898s ]
[2023-06-10T03:40:06+08:00][sql] SELECT * FROM `address` WHERE  `id` = 1 LIMIT 1 [ RunTime:0.000242s ]
[2023-06-10T03:40:06+08:00][sql] SELECT * FROM `address` WHERE  `id` = 2 LIMIT 1 [ RunTime:0.000213s ]
[2023-06-10T03:41:39+08:00][sql] CONNECT:[ UseTime:0.000401s ] mysql:host=localhost;port=3316;dbname=coffee;charset=utf8
[2023-06-10T03:41:39+08:00][sql] SHOW FULL COLUMNS FROM `information` [ RunTime:0.001351s ]
[2023-06-10T03:41:39+08:00][sql] SELECT * FROM `information` WHERE  `id` = 11 LIMIT 1 [ RunTime:0.000295s ]
[2023-06-10T03:41:39+08:00][sql] SHOW FULL COLUMNS FROM `address` [ RunTime:0.000936s ]
[2023-06-10T03:41:39+08:00][sql] SELECT * FROM `address` WHERE  `id` = 1 LIMIT 1 [ RunTime:0.000262s ]
[2023-06-10T03:41:39+08:00][sql] SELECT * FROM `address` WHERE  `id` = 2 LIMIT 1 [ RunTime:0.000197s ]
[2023-06-10T07:42:12+08:00][sql] CONNECT:[ UseTime:0.000453s ] mysql:host=localhost;port=3316;dbname=coffee;charset=utf8
[2023-06-10T07:42:12+08:00][sql] SHOW FULL COLUMNS FROM `information` [ RunTime:0.001379s ]
[2023-06-10T07:42:12+08:00][sql] SELECT * FROM `information` WHERE  `id` = 15 LIMIT 1 [ RunTime:0.000305s ]
[2023-06-10T07:42:12+08:00][sql] SHOW FULL COLUMNS FROM `address` [ RunTime:0.000991s ]
[2023-06-10T07:42:12+08:00][sql] SELECT * FROM `address` WHERE  `id` = 1 LIMIT 1 [ RunTime:0.000246s ]
[2023-06-10T07:42:12+08:00][sql] SELECT * FROM `address` WHERE  `id` = 2 LIMIT 1 [ RunTime:0.000208s ]
[2023-06-10T07:45:24+08:00][sql] CONNECT:[ UseTime:0.000487s ] mysql:host=localhost;port=3316;dbname=coffee;charset=utf8
[2023-06-10T07:45:24+08:00][sql] SHOW FULL COLUMNS FROM `information` [ RunTime:0.001418s ]
[2023-06-10T07:45:24+08:00][sql] SELECT * FROM `information` WHERE  `id` = 15 LIMIT 1 [ RunTime:0.000338s ]
[2023-06-10T07:45:24+08:00][sql] SHOW FULL COLUMNS FROM `address` [ RunTime:0.000964s ]
[2023-06-10T07:45:24+08:00][sql] SELECT * FROM `address` WHERE  `id` = 1 LIMIT 1 [ RunTime:0.000295s ]
[2023-06-10T07:45:24+08:00][sql] SELECT * FROM `address` WHERE  `id` = 2 LIMIT 1 [ RunTime:0.000257s ]
[2023-06-10T12:12:43+08:00][sql] CONNECT:[ UseTime:0.000422s ] mysql:host=localhost;port=3316;dbname=coffee;charset=utf8
[2023-06-10T12:12:43+08:00][sql] SHOW FULL COLUMNS FROM `information` [ RunTime:0.001372s ]
[2023-06-10T12:12:43+08:00][sql] SELECT * FROM `information` WHERE  `id` = 21 LIMIT 1 [ RunTime:0.000324s ]
[2023-06-10T12:12:43+08:00][sql] SHOW FULL COLUMNS FROM `address` [ RunTime:0.000972s ]
[2023-06-10T12:12:43+08:00][sql] SELECT * FROM `address` WHERE  `id` = 1 LIMIT 1 [ RunTime:0.000224s ]
[2023-06-10T12:12:43+08:00][sql] SELECT * FROM `address` WHERE  `id` = 2 LIMIT 1 [ RunTime:0.000230s ]
[2023-06-10T12:29:02+08:00][sql] CONNECT:[ UseTime:0.000503s ] mysql:host=localhost;port=3316;dbname=coffee;charset=utf8
[2023-06-10T12:29:02+08:00][sql] SHOW FULL COLUMNS FROM `information` [ RunTime:0.001928s ]
[2023-06-10T12:29:02+08:00][sql] SELECT * FROM `information` WHERE  `id` = 21 LIMIT 1 [ RunTime:0.000397s ]
[2023-06-10T12:29:02+08:00][sql] SHOW FULL COLUMNS FROM `address` [ RunTime:0.001232s ]
[2023-06-10T12:29:02+08:00][sql] SELECT * FROM `address` WHERE  `id` = 1 LIMIT 1 [ RunTime:0.000308s ]
[2023-06-10T12:29:02+08:00][sql] SELECT * FROM `address` WHERE  `id` = 2 LIMIT 1 [ RunTime:0.000235s ]
[2023-06-10T13:54:58+08:00][sql] CONNECT:[ UseTime:0.000438s ] mysql:host=localhost;port=3316;dbname=coffee;charset=utf8
[2023-06-10T13:54:58+08:00][sql] SHOW FULL COLUMNS FROM `information` [ RunTime:0.001626s ]
[2023-06-10T13:54:58+08:00][sql] SELECT * FROM `information` WHERE  `id` = 14 LIMIT 1 [ RunTime:0.000305s ]
[2023-06-10T13:54:58+08:00][sql] SHOW FULL COLUMNS FROM `address` [ RunTime:0.000928s ]
[2023-06-10T13:54:58+08:00][sql] SELECT * FROM `address` WHERE  `id` = 1 LIMIT 1 [ RunTime:0.000312s ]
[2023-06-10T13:54:58+08:00][sql] SELECT * FROM `address` WHERE  `id` = 2 LIMIT 1 [ RunTime:0.000226s ]
[2023-06-10T14:12:38+08:00][sql] CONNECT:[ UseTime:0.000400s ] mysql:host=localhost;port=3316;dbname=coffee;charset=utf8
[2023-06-10T14:12:38+08:00][sql] SHOW FULL COLUMNS FROM `information` [ RunTime:0.001419s ]
[2023-06-10T14:12:38+08:00][sql] SELECT * FROM `information` WHERE  `id` = 14 LIMIT 1 [ RunTime:0.000343s ]
[2023-06-10T14:12:38+08:00][sql] SHOW FULL COLUMNS FROM `address` [ RunTime:0.000912s ]
[2023-06-10T14:12:38+08:00][sql] SELECT * FROM `address` WHERE  `id` = 1 LIMIT 1 [ RunTime:0.000258s ]
[2023-06-10T14:12:38+08:00][sql] SELECT * FROM `address` WHERE  `id` = 2 LIMIT 1 [ RunTime:0.000224s ]
[2023-06-10T16:04:14+08:00][sql] CONNECT:[ UseTime:0.000487s ] mysql:host=localhost;port=3316;dbname=coffee;charset=utf8
[2023-06-10T16:04:14+08:00][sql] SHOW FULL COLUMNS FROM `information` [ RunTime:0.001406s ]
[2023-06-10T16:04:14+08:00][sql] SELECT * FROM `information` WHERE  `id` = 8 LIMIT 1 [ RunTime:0.000400s ]
[2023-06-10T16:04:14+08:00][sql] SHOW FULL COLUMNS FROM `address` [ RunTime:0.000982s ]
[2023-06-10T16:04:14+08:00][sql] SELECT * FROM `address` WHERE  `id` = 1 LIMIT 1 [ RunTime:0.000285s ]
[2023-06-10T16:04:14+08:00][sql] SELECT * FROM `address` WHERE  `id` = 2 LIMIT 1 [ RunTime:0.000255s ]
[2023-06-10T16:23:07+08:00][sql] CONNECT:[ UseTime:0.000486s ] mysql:host=localhost;port=3316;dbname=coffee;charset=utf8
[2023-06-10T16:23:07+08:00][sql] SHOW FULL COLUMNS FROM `information` [ RunTime:0.001407s ]
[2023-06-10T16:23:07+08:00][sql] SELECT * FROM `information` WHERE  `id` = 8 LIMIT 1 [ RunTime:0.000322s ]
[2023-06-10T16:23:07+08:00][sql] SHOW FULL COLUMNS FROM `address` [ RunTime:0.000927s ]
[2023-06-10T16:23:07+08:00][sql] SELECT * FROM `address` WHERE  `id` = 1 LIMIT 1 [ RunTime:0.000252s ]
[2023-06-10T16:23:07+08:00][sql] SELECT * FROM `address` WHERE  `id` = 2 LIMIT 1 [ RunTime:0.000216s ]
