[2023-06-11T04:02:33+08:00][sql] CONNECT:[ UseTime:0.000401s ] mysql:host=localhost;port=3316;dbname=coffee;charset=utf8
[2023-06-11T04:02:33+08:00][sql] SHOW FULL COLUMNS FROM `information` [ RunTime:0.001381s ]
[2023-06-11T04:02:33+08:00][sql] SELECT * FROM `information` WHERE  `id` = 21 LIMIT 1 [ RunTime:0.000307s ]
[2023-06-11T04:02:33+08:00][sql] SHOW FULL COLUMNS FROM `address` [ RunTime:0.000947s ]
[2023-06-11T04:02:33+08:00][sql] SELECT * FROM `address` WHERE  `id` = 1 LIMIT 1 [ RunTime:0.000230s ]
[2023-06-11T04:02:33+08:00][sql] SELECT * FROM `address` WHERE  `id` = 2 LIMIT 1 [ RunTime:0.000211s ]
[2023-06-11T04:02:33+08:00][sql] CONNECT:[ UseTime:0.000258s ] mysql:host=localhost;port=3316;dbname=coffee;charset=utf8
[2023-06-11T04:02:33+08:00][sql] SHOW FULL COLUMNS FROM `information` [ RunTime:0.001126s ]
[2023-06-11T04:02:33+08:00][sql] SELECT * FROM `information` WHERE  `id` = 17 LIMIT 1 [ RunTime:0.000321s ]
[2023-06-11T04:02:33+08:00][sql] SHOW FULL COLUMNS FROM `address` [ RunTime:0.001008s ]
[2023-06-11T04:02:33+08:00][sql] SELECT * FROM `address` WHERE  `id` = 1 LIMIT 1 [ RunTime:0.000269s ]
[2023-06-11T04:02:33+08:00][sql] SELECT * FROM `address` WHERE  `id` = 2 LIMIT 1 [ RunTime:0.000261s ]
[2023-06-11T04:02:33+08:00][sql] CONNECT:[ UseTime:0.000452s ] mysql:host=localhost;port=3316;dbname=coffee;charset=utf8
[2023-06-11T04:02:33+08:00][sql] SHOW FULL COLUMNS FROM `information` [ RunTime:0.001387s ]
[2023-06-11T04:02:33+08:00][sql] SELECT * FROM `information` WHERE  `id` = 19 LIMIT 1 [ RunTime:0.000283s ]
[2023-06-11T04:02:33+08:00][sql] SHOW FULL COLUMNS FROM `address` [ RunTime:0.000920s ]
[2023-06-11T04:02:33+08:00][sql] SELECT * FROM `address` WHERE  `id` = 1 LIMIT 1 [ RunTime:0.000264s ]
[2023-06-11T04:02:33+08:00][sql] SELECT * FROM `address` WHERE  `id` = 2 LIMIT 1 [ RunTime:0.000207s ]
[2023-06-11T04:02:33+08:00][sql] CONNECT:[ UseTime:0.001600s ] mysql:host=localhost;port=3316;dbname=coffee;charset=utf8
[2023-06-11T04:02:33+08:00][sql] SHOW FULL COLUMNS FROM `information` [ RunTime:0.001189s ]
[2023-06-11T04:02:33+08:00][sql] SELECT * FROM `information` WHERE  `id` = 21 LIMIT 1 [ RunTime:0.000308s ]
[2023-06-11T04:02:33+08:00][sql] SHOW FULL COLUMNS FROM `address` [ RunTime:0.000947s ]
[2023-06-11T04:02:33+08:00][sql] SELECT * FROM `address` WHERE  `id` = 1 LIMIT 1 [ RunTime:0.000242s ]
[2023-06-11T04:02:33+08:00][sql] SELECT * FROM `address` WHERE  `id` = 2 LIMIT 1 [ RunTime:0.000215s ]
[2023-06-11T04:02:33+08:00][sql] CONNECT:[ UseTime:0.000386s ] mysql:host=localhost;port=3316;dbname=coffee;charset=utf8
[2023-06-11T04:02:33+08:00][sql] SHOW FULL COLUMNS FROM `information` [ RunTime:0.001327s ]
[2023-06-11T04:02:33+08:00][sql] SELECT * FROM `information` WHERE  `id` = 20 LIMIT 1 [ RunTime:0.000342s ]
[2023-06-11T04:02:33+08:00][sql] SHOW FULL COLUMNS FROM `address` [ RunTime:0.000941s ]
[2023-06-11T04:02:33+08:00][sql] SELECT * FROM `address` WHERE  `id` = 1 LIMIT 1 [ RunTime:0.000281s ]
[2023-06-11T04:02:33+08:00][sql] SELECT * FROM `address` WHERE  `id` = 2 LIMIT 1 [ RunTime:0.000195s ]
[2023-06-11T04:02:33+08:00][sql] CONNECT:[ UseTime:0.000361s ] mysql:host=localhost;port=3316;dbname=coffee;charset=utf8
[2023-06-11T04:02:33+08:00][sql] SHOW FULL COLUMNS FROM `information` [ RunTime:0.001399s ]
[2023-06-11T04:02:33+08:00][sql] SELECT * FROM `information` WHERE  `id` = 18 LIMIT 1 [ RunTime:0.000299s ]
[2023-06-11T04:02:33+08:00][sql] SHOW FULL COLUMNS FROM `address` [ RunTime:0.000930s ]
[2023-06-11T04:02:33+08:00][sql] SELECT * FROM `address` WHERE  `id` = 1 LIMIT 1 [ RunTime:0.000253s ]
[2023-06-11T04:02:33+08:00][sql] SELECT * FROM `address` WHERE  `id` = 2 LIMIT 1 [ RunTime:0.000250s ]
[2023-06-11T04:02:33+08:00][sql] CONNECT:[ UseTime:0.000326s ] mysql:host=localhost;port=3316;dbname=coffee;charset=utf8
[2023-06-11T04:02:33+08:00][sql] SHOW FULL COLUMNS FROM `information` [ RunTime:0.001082s ]
[2023-06-11T04:02:33+08:00][sql] SELECT * FROM `information` WHERE  `id` = 17 LIMIT 1 [ RunTime:0.000258s ]
[2023-06-11T04:02:33+08:00][sql] SHOW FULL COLUMNS FROM `address` [ RunTime:0.000989s ]
[2023-06-11T04:02:33+08:00][sql] SELECT * FROM `address` WHERE  `id` = 1 LIMIT 1 [ RunTime:0.000268s ]
[2023-06-11T04:02:33+08:00][sql] SELECT * FROM `address` WHERE  `id` = 2 LIMIT 1 [ RunTime:0.000230s ]
[2023-06-11T04:02:33+08:00][sql] CONNECT:[ UseTime:0.000347s ] mysql:host=localhost;port=3316;dbname=coffee;charset=utf8
[2023-06-11T04:02:33+08:00][sql] SHOW FULL COLUMNS FROM `information` [ RunTime:0.001512s ]
[2023-06-11T04:02:33+08:00][sql] SELECT * FROM `information` WHERE  `id` = 20 LIMIT 1 [ RunTime:0.000300s ]
[2023-06-11T04:02:33+08:00][sql] SHOW FULL COLUMNS FROM `address` [ RunTime:0.000927s ]
[2023-06-11T04:02:33+08:00][sql] SELECT * FROM `address` WHERE  `id` = 1 LIMIT 1 [ RunTime:0.000249s ]
[2023-06-11T04:02:33+08:00][sql] SELECT * FROM `address` WHERE  `id` = 2 LIMIT 1 [ RunTime:0.000230s ]
[2023-06-11T04:02:33+08:00][sql] CONNECT:[ UseTime:0.001727s ] mysql:host=localhost;port=3316;dbname=coffee;charset=utf8
[2023-06-11T04:02:33+08:00][sql] SHOW FULL COLUMNS FROM `information` [ RunTime:0.001117s ]
[2023-06-11T04:02:33+08:00][sql] SELECT * FROM `information` WHERE  `id` = 18 LIMIT 1 [ RunTime:0.000288s ]
[2023-06-11T04:02:33+08:00][sql] SHOW FULL COLUMNS FROM `address` [ RunTime:0.000914s ]
[2023-06-11T04:02:33+08:00][sql] SELECT * FROM `address` WHERE  `id` = 1 LIMIT 1 [ RunTime:0.000256s ]
[2023-06-11T04:02:33+08:00][sql] SELECT * FROM `address` WHERE  `id` = 2 LIMIT 1 [ RunTime:0.000216s ]
[2023-06-11T04:02:36+08:00][sql] CONNECT:[ UseTime:0.000408s ] mysql:host=localhost;port=3316;dbname=coffee;charset=utf8
[2023-06-11T04:02:36+08:00][sql] SHOW FULL COLUMNS FROM `information` [ RunTime:0.001377s ]
[2023-06-11T04:02:36+08:00][sql] SELECT * FROM `information` WHERE  `id` = 19 LIMIT 1 [ RunTime:0.000294s ]
[2023-06-11T04:02:36+08:00][sql] SHOW FULL COLUMNS FROM `address` [ RunTime:0.000911s ]
[2023-06-11T04:02:36+08:00][sql] SELECT * FROM `address` WHERE  `id` = 1 LIMIT 1 [ RunTime:0.000237s ]
[2023-06-11T04:02:36+08:00][sql] SELECT * FROM `address` WHERE  `id` = 2 LIMIT 1 [ RunTime:0.000201s ]
[2023-06-11T04:02:38+08:00][sql] CONNECT:[ UseTime:0.000275s ] mysql:host=localhost;port=3316;dbname=coffee;charset=utf8
[2023-06-11T04:02:38+08:00][sql] SHOW FULL COLUMNS FROM `information` [ RunTime:0.001072s ]
[2023-06-11T04:02:38+08:00][sql] SELECT * FROM `information` WHERE  `id` = 20 LIMIT 1 [ RunTime:0.000258s ]
[2023-06-11T04:02:38+08:00][sql] SHOW FULL COLUMNS FROM `address` [ RunTime:0.000919s ]
[2023-06-11T04:02:38+08:00][sql] SELECT * FROM `address` WHERE  `id` = 1 LIMIT 1 [ RunTime:0.000237s ]
[2023-06-11T04:02:38+08:00][sql] SELECT * FROM `address` WHERE  `id` = 2 LIMIT 1 [ RunTime:0.000226s ]
[2023-06-11T04:02:38+08:00][sql] CONNECT:[ UseTime:0.000414s ] mysql:host=localhost;port=3316;dbname=coffee;charset=utf8
[2023-06-11T04:02:38+08:00][sql] SHOW FULL COLUMNS FROM `information` [ RunTime:0.001498s ]
[2023-06-11T04:02:38+08:00][sql] SELECT * FROM `information` WHERE  `id` = 19 LIMIT 1 [ RunTime:0.000298s ]
[2023-06-11T04:02:38+08:00][sql] SHOW FULL COLUMNS FROM `address` [ RunTime:0.001029s ]
[2023-06-11T04:02:38+08:00][sql] SELECT * FROM `address` WHERE  `id` = 1 LIMIT 1 [ RunTime:0.000279s ]
[2023-06-11T04:02:38+08:00][sql] SELECT * FROM `address` WHERE  `id` = 2 LIMIT 1 [ RunTime:0.000226s ]
[2023-06-11T04:02:38+08:00][sql] CONNECT:[ UseTime:0.000291s ] mysql:host=localhost;port=3316;dbname=coffee;charset=utf8
[2023-06-11T04:02:38+08:00][sql] SHOW FULL COLUMNS FROM `information` [ RunTime:0.001149s ]
[2023-06-11T04:02:38+08:00][sql] SELECT * FROM `information` WHERE  `id` = 17 LIMIT 1 [ RunTime:0.000290s ]
[2023-06-11T04:02:38+08:00][sql] SHOW FULL COLUMNS FROM `address` [ RunTime:0.000904s ]
[2023-06-11T04:02:38+08:00][sql] SELECT * FROM `address` WHERE  `id` = 1 LIMIT 1 [ RunTime:0.000256s ]
[2023-06-11T04:02:38+08:00][sql] SELECT * FROM `address` WHERE  `id` = 2 LIMIT 1 [ RunTime:0.000227s ]
[2023-06-11T04:02:39+08:00][sql] CONNECT:[ UseTime:0.000538s ] mysql:host=localhost;port=3316;dbname=coffee;charset=utf8
[2023-06-11T04:02:39+08:00][sql] SHOW FULL COLUMNS FROM `information` [ RunTime:0.001547s ]
[2023-06-11T04:02:39+08:00][sql] SELECT * FROM `information` WHERE  `id` = 21 LIMIT 1 [ RunTime:0.000322s ]
[2023-06-11T04:02:39+08:00][sql] SHOW FULL COLUMNS FROM `address` [ RunTime:0.001103s ]
[2023-06-11T04:02:39+08:00][sql] SELECT * FROM `address` WHERE  `id` = 1 LIMIT 1 [ RunTime:0.000262s ]
[2023-06-11T04:02:39+08:00][sql] SELECT * FROM `address` WHERE  `id` = 2 LIMIT 1 [ RunTime:0.000243s ]
[2023-06-11T04:02:39+08:00][sql] CONNECT:[ UseTime:0.000371s ] mysql:host=localhost;port=3316;dbname=coffee;charset=utf8
[2023-06-11T04:02:39+08:00][sql] SHOW FULL COLUMNS FROM `information` [ RunTime:0.001404s ]
[2023-06-11T04:02:39+08:00][sql] SELECT * FROM `information` WHERE  `id` = 18 LIMIT 1 [ RunTime:0.000296s ]
[2023-06-11T04:02:39+08:00][sql] SHOW FULL COLUMNS FROM `address` [ RunTime:0.000948s ]
[2023-06-11T04:02:39+08:00][sql] SELECT * FROM `address` WHERE  `id` = 1 LIMIT 1 [ RunTime:0.000230s ]
[2023-06-11T04:02:39+08:00][sql] SELECT * FROM `address` WHERE  `id` = 2 LIMIT 1 [ RunTime:0.000231s ]
[2023-06-11T04:02:39+08:00][sql] CONNECT:[ UseTime:0.000403s ] mysql:host=localhost;port=3316;dbname=coffee;charset=utf8
[2023-06-11T04:02:39+08:00][sql] SHOW FULL COLUMNS FROM `information` [ RunTime:0.003574s ]
[2023-06-11T04:02:39+08:00][sql] SELECT * FROM `information` WHERE  `id` = 19 LIMIT 1 [ RunTime:0.000960s ]
[2023-06-11T04:02:39+08:00][sql] SHOW FULL COLUMNS FROM `address` [ RunTime:0.000986s ]
[2023-06-11T04:02:39+08:00][sql] SELECT * FROM `address` WHERE  `id` = 1 LIMIT 1 [ RunTime:0.000233s ]
[2023-06-11T04:02:39+08:00][sql] SELECT * FROM `address` WHERE  `id` = 2 LIMIT 1 [ RunTime:0.000207s ]
[2023-06-11T04:02:39+08:00][sql] CONNECT:[ UseTime:0.000382s ] mysql:host=localhost;port=3316;dbname=coffee;charset=utf8
[2023-06-11T04:02:39+08:00][sql] SHOW FULL COLUMNS FROM `information` [ RunTime:0.001069s ]
[2023-06-11T04:02:39+08:00][sql] SELECT * FROM `information` WHERE  `id` = 18 LIMIT 1 [ RunTime:0.000261s ]
[2023-06-11T04:02:39+08:00][sql] SHOW FULL COLUMNS FROM `address` [ RunTime:0.000905s ]
[2023-06-11T04:02:39+08:00][sql] SELECT * FROM `address` WHERE  `id` = 1 LIMIT 1 [ RunTime:0.000247s ]
[2023-06-11T04:02:39+08:00][sql] SELECT * FROM `address` WHERE  `id` = 2 LIMIT 1 [ RunTime:0.000227s ]
[2023-06-11T04:02:39+08:00][sql] CONNECT:[ UseTime:0.000374s ] mysql:host=localhost;port=3316;dbname=coffee;charset=utf8
[2023-06-11T04:02:39+08:00][sql] SHOW FULL COLUMNS FROM `information` [ RunTime:0.001377s ]
[2023-06-11T04:02:39+08:00][sql] SELECT * FROM `information` WHERE  `id` = 17 LIMIT 1 [ RunTime:0.000296s ]
[2023-06-11T04:02:39+08:00][sql] SHOW FULL COLUMNS FROM `address` [ RunTime:0.000973s ]
[2023-06-11T04:02:39+08:00][sql] SELECT * FROM `address` WHERE  `id` = 1 LIMIT 1 [ RunTime:0.000257s ]
[2023-06-11T04:02:39+08:00][sql] SELECT * FROM `address` WHERE  `id` = 2 LIMIT 1 [ RunTime:0.000213s ]
[2023-06-11T04:02:40+08:00][sql] CONNECT:[ UseTime:0.000390s ] mysql:host=localhost;port=3316;dbname=coffee;charset=utf8
[2023-06-11T04:02:40+08:00][sql] SHOW FULL COLUMNS FROM `information` [ RunTime:0.001361s ]
[2023-06-11T04:02:40+08:00][sql] SELECT * FROM `information` WHERE  `id` = 21 LIMIT 1 [ RunTime:0.000301s ]
[2023-06-11T04:02:40+08:00][sql] SHOW FULL COLUMNS FROM `address` [ RunTime:0.000928s ]
[2023-06-11T04:02:40+08:00][sql] SELECT * FROM `address` WHERE  `id` = 1 LIMIT 1 [ RunTime:0.000245s ]
[2023-06-11T04:02:40+08:00][sql] SELECT * FROM `address` WHERE  `id` = 2 LIMIT 1 [ RunTime:0.000238s ]
[2023-06-11T04:02:41+08:00][sql] CONNECT:[ UseTime:0.000387s ] mysql:host=localhost;port=3316;dbname=coffee;charset=utf8
[2023-06-11T04:02:41+08:00][sql] SHOW FULL COLUMNS FROM `information` [ RunTime:0.001362s ]
[2023-06-11T04:02:41+08:00][sql] SELECT * FROM `information` WHERE  `id` = 20 LIMIT 1 [ RunTime:0.000289s ]
[2023-06-11T04:02:41+08:00][sql] SHOW FULL COLUMNS FROM `address` [ RunTime:0.000902s ]
[2023-06-11T04:02:41+08:00][sql] SELECT * FROM `address` WHERE  `id` = 1 LIMIT 1 [ RunTime:0.000243s ]
[2023-06-11T04:02:41+08:00][sql] SELECT * FROM `address` WHERE  `id` = 2 LIMIT 1 [ RunTime:0.000198s ]
[2023-06-11T04:06:10+08:00][sql] CONNECT:[ UseTime:0.000440s ] mysql:host=localhost;port=3316;dbname=coffee;charset=utf8
[2023-06-11T04:06:10+08:00][sql] SHOW FULL COLUMNS FROM `information` [ RunTime:0.001285s ]
[2023-06-11T04:06:10+08:00][sql] SELECT * FROM `information` WHERE  `id` = 21 LIMIT 1 [ RunTime:0.000300s ]
[2023-06-11T04:06:10+08:00][sql] SHOW FULL COLUMNS FROM `address` [ RunTime:0.000860s ]
[2023-06-11T04:06:10+08:00][sql] SELECT * FROM `address` WHERE  `id` = 1 LIMIT 1 [ RunTime:0.000237s ]
[2023-06-11T04:06:10+08:00][sql] SELECT * FROM `address` WHERE  `id` = 2 LIMIT 1 [ RunTime:0.000193s ]
[2023-06-11T04:06:54+08:00][sql] CONNECT:[ UseTime:0.000418s ] mysql:host=localhost;port=3316;dbname=coffee;charset=utf8
[2023-06-11T04:06:54+08:00][sql] SHOW FULL COLUMNS FROM `information` [ RunTime:0.001428s ]
[2023-06-11T04:06:54+08:00][sql] SELECT * FROM `information` WHERE  `id` = 18 LIMIT 1 [ RunTime:0.000338s ]
[2023-06-11T04:06:54+08:00][sql] SHOW FULL COLUMNS FROM `address` [ RunTime:0.000938s ]
[2023-06-11T04:06:54+08:00][sql] SELECT * FROM `address` WHERE  `id` = 1 LIMIT 1 [ RunTime:0.000329s ]
[2023-06-11T04:06:54+08:00][sql] SELECT * FROM `address` WHERE  `id` = 2 LIMIT 1 [ RunTime:0.000229s ]
[2023-06-11T04:07:53+08:00][sql] CONNECT:[ UseTime:0.000382s ] mysql:host=localhost;port=3316;dbname=coffee;charset=utf8
[2023-06-11T04:07:53+08:00][sql] SHOW FULL COLUMNS FROM `information` [ RunTime:0.001353s ]
[2023-06-11T04:07:53+08:00][sql] SELECT * FROM `information` WHERE  `id` = 8 LIMIT 1 [ RunTime:0.000324s ]
[2023-06-11T04:07:53+08:00][sql] SHOW FULL COLUMNS FROM `address` [ RunTime:0.000927s ]
[2023-06-11T04:07:53+08:00][sql] SELECT * FROM `address` WHERE  `id` = 1 LIMIT 1 [ RunTime:0.000244s ]
[2023-06-11T04:07:53+08:00][sql] SELECT * FROM `address` WHERE  `id` = 2 LIMIT 1 [ RunTime:0.000200s ]
[2023-06-11T04:09:02+08:00][sql] CONNECT:[ UseTime:0.000549s ] mysql:host=localhost;port=3316;dbname=coffee;charset=utf8
[2023-06-11T04:09:02+08:00][sql] SHOW FULL COLUMNS FROM `information` [ RunTime:0.001894s ]
[2023-06-11T04:09:02+08:00][sql] SELECT * FROM `information` WHERE  `id` = 17 LIMIT 1 [ RunTime:0.000365s ]
[2023-06-11T04:09:02+08:00][sql] SHOW FULL COLUMNS FROM `address` [ RunTime:0.001224s ]
[2023-06-11T04:09:02+08:00][sql] SELECT * FROM `address` WHERE  `id` = 1 LIMIT 1 [ RunTime:0.000388s ]
[2023-06-11T04:09:02+08:00][sql] SELECT * FROM `address` WHERE  `id` = 2 LIMIT 1 [ RunTime:0.000403s ]
[2023-06-11T04:09:26+08:00][sql] CONNECT:[ UseTime:0.000405s ] mysql:host=localhost;port=3316;dbname=coffee;charset=utf8
[2023-06-11T04:09:26+08:00][sql] SHOW FULL COLUMNS FROM `information` [ RunTime:0.001500s ]
[2023-06-11T04:09:26+08:00][sql] SELECT * FROM `information` WHERE  `id` = 20 LIMIT 1 [ RunTime:0.000350s ]
[2023-06-11T04:09:26+08:00][sql] SHOW FULL COLUMNS FROM `address` [ RunTime:0.000945s ]
[2023-06-11T04:09:26+08:00][sql] SELECT * FROM `address` WHERE  `id` = 1 LIMIT 1 [ RunTime:0.000245s ]
[2023-06-11T04:09:26+08:00][sql] SELECT * FROM `address` WHERE  `id` = 2 LIMIT 1 [ RunTime:0.000278s ]
[2023-06-11T04:09:41+08:00][sql] CONNECT:[ UseTime:0.000437s ] mysql:host=localhost;port=3316;dbname=coffee;charset=utf8
[2023-06-11T04:09:41+08:00][sql] SHOW FULL COLUMNS FROM `information` [ RunTime:0.001348s ]
[2023-06-11T04:09:41+08:00][sql] SELECT * FROM `information` WHERE  `id` = 17 LIMIT 1 [ RunTime:0.000343s ]
[2023-06-11T04:09:41+08:00][sql] SHOW FULL COLUMNS FROM `address` [ RunTime:0.000967s ]
[2023-06-11T04:09:41+08:00][sql] SELECT * FROM `address` WHERE  `id` = 1 LIMIT 1 [ RunTime:0.000272s ]
[2023-06-11T04:09:41+08:00][sql] SELECT * FROM `address` WHERE  `id` = 2 LIMIT 1 [ RunTime:0.000256s ]
[2023-06-11T04:10:18+08:00][sql] CONNECT:[ UseTime:0.000401s ] mysql:host=localhost;port=3316;dbname=coffee;charset=utf8
[2023-06-11T04:10:18+08:00][sql] SHOW FULL COLUMNS FROM `information` [ RunTime:0.001378s ]
[2023-06-11T04:10:18+08:00][sql] SELECT * FROM `information` WHERE  `id` = 19 LIMIT 1 [ RunTime:0.000275s ]
[2023-06-11T04:10:18+08:00][sql] SHOW FULL COLUMNS FROM `address` [ RunTime:0.000959s ]
[2023-06-11T04:10:18+08:00][sql] SELECT * FROM `address` WHERE  `id` = 1 LIMIT 1 [ RunTime:0.000233s ]
[2023-06-11T04:10:18+08:00][sql] SELECT * FROM `address` WHERE  `id` = 2 LIMIT 1 [ RunTime:0.000215s ]
[2023-06-11T04:10:23+08:00][sql] CONNECT:[ UseTime:0.000473s ] mysql:host=localhost;port=3316;dbname=coffee;charset=utf8
[2023-06-11T04:10:23+08:00][sql] SHOW FULL COLUMNS FROM `information` [ RunTime:0.001432s ]
[2023-06-11T04:10:23+08:00][sql] SELECT * FROM `information` WHERE  `id` = 19 LIMIT 1 [ RunTime:0.000297s ]
[2023-06-11T04:10:23+08:00][sql] SHOW FULL COLUMNS FROM `address` [ RunTime:0.000938s ]
[2023-06-11T04:10:23+08:00][sql] SELECT * FROM `address` WHERE  `id` = 1 LIMIT 1 [ RunTime:0.000246s ]
[2023-06-11T04:10:23+08:00][sql] SELECT * FROM `address` WHERE  `id` = 2 LIMIT 1 [ RunTime:0.000235s ]
[2023-06-11T04:10:53+08:00][sql] CONNECT:[ UseTime:0.000384s ] mysql:host=localhost;port=3316;dbname=coffee;charset=utf8
[2023-06-11T04:10:53+08:00][sql] SHOW FULL COLUMNS FROM `information` [ RunTime:0.001540s ]
[2023-06-11T04:10:53+08:00][sql] SELECT * FROM `information` WHERE  `id` = 18 LIMIT 1 [ RunTime:0.000318s ]
[2023-06-11T04:10:53+08:00][sql] SHOW FULL COLUMNS FROM `address` [ RunTime:0.000974s ]
[2023-06-11T04:10:53+08:00][sql] SELECT * FROM `address` WHERE  `id` = 1 LIMIT 1 [ RunTime:0.000259s ]
[2023-06-11T04:10:53+08:00][sql] SELECT * FROM `address` WHERE  `id` = 2 LIMIT 1 [ RunTime:0.000257s ]
[2023-06-11T06:46:42+08:00][sql] CONNECT:[ UseTime:0.000517s ] mysql:host=localhost;port=3316;dbname=coffee;charset=utf8
[2023-06-11T06:46:42+08:00][sql] SHOW FULL COLUMNS FROM `information` [ RunTime:0.001948s ]
[2023-06-11T06:46:42+08:00][sql] SELECT * FROM `information` WHERE  `id` = 17 LIMIT 1 [ RunTime:0.000360s ]
[2023-06-11T06:46:42+08:00][sql] SHOW FULL COLUMNS FROM `address` [ RunTime:0.001214s ]
[2023-06-11T06:46:42+08:00][sql] SELECT * FROM `address` WHERE  `id` = 1 LIMIT 1 [ RunTime:0.000268s ]
[2023-06-11T06:46:42+08:00][sql] SELECT * FROM `address` WHERE  `id` = 2 LIMIT 1 [ RunTime:0.000228s ]
[2023-06-11T06:46:42+08:00][sql] CONNECT:[ UseTime:0.000365s ] mysql:host=localhost;port=3316;dbname=coffee;charset=utf8
[2023-06-11T06:46:42+08:00][sql] SHOW FULL COLUMNS FROM `information` [ RunTime:0.001388s ]
[2023-06-11T06:46:42+08:00][sql] SELECT * FROM `information` WHERE  `id` = 18 LIMIT 1 [ RunTime:0.000293s ]
[2023-06-11T06:46:42+08:00][sql] SHOW FULL COLUMNS FROM `address` [ RunTime:0.000925s ]
[2023-06-11T06:46:42+08:00][sql] SELECT * FROM `address` WHERE  `id` = 1 LIMIT 1 [ RunTime:0.000309s ]
[2023-06-11T06:46:42+08:00][sql] SELECT * FROM `address` WHERE  `id` = 2 LIMIT 1 [ RunTime:0.000295s ]
[2023-06-11T06:46:42+08:00][sql] CONNECT:[ UseTime:0.000412s ] mysql:host=localhost;port=3316;dbname=coffee;charset=utf8
[2023-06-11T06:46:42+08:00][sql] SHOW FULL COLUMNS FROM `information` [ RunTime:0.001418s ]
[2023-06-11T06:46:42+08:00][sql] SELECT * FROM `information` WHERE  `id` = 19 LIMIT 1 [ RunTime:0.000274s ]
[2023-06-11T06:46:42+08:00][sql] SHOW FULL COLUMNS FROM `address` [ RunTime:0.000880s ]
[2023-06-11T06:46:42+08:00][sql] SELECT * FROM `address` WHERE  `id` = 1 LIMIT 1 [ RunTime:0.000231s ]
[2023-06-11T06:46:42+08:00][sql] SELECT * FROM `address` WHERE  `id` = 2 LIMIT 1 [ RunTime:0.000204s ]
[2023-06-11T06:46:43+08:00][sql] CONNECT:[ UseTime:0.000451s ] mysql:host=localhost;port=3316;dbname=coffee;charset=utf8
[2023-06-11T06:46:43+08:00][sql] SHOW FULL COLUMNS FROM `information` [ RunTime:0.001422s ]
[2023-06-11T06:46:43+08:00][sql] SELECT * FROM `information` WHERE  `id` = 20 LIMIT 1 [ RunTime:0.000320s ]
[2023-06-11T06:46:43+08:00][sql] SHOW FULL COLUMNS FROM `address` [ RunTime:0.001008s ]
[2023-06-11T06:46:43+08:00][sql] SELECT * FROM `address` WHERE  `id` = 1 LIMIT 1 [ RunTime:0.000235s ]
[2023-06-11T06:46:43+08:00][sql] SELECT * FROM `address` WHERE  `id` = 2 LIMIT 1 [ RunTime:0.000219s ]
[2023-06-11T06:46:43+08:00][sql] CONNECT:[ UseTime:0.000360s ] mysql:host=localhost;port=3316;dbname=coffee;charset=utf8
[2023-06-11T06:46:43+08:00][sql] SHOW FULL COLUMNS FROM `information` [ RunTime:0.001460s ]
[2023-06-11T06:46:43+08:00][sql] SELECT * FROM `information` WHERE  `id` = 21 LIMIT 1 [ RunTime:0.000313s ]
[2023-06-11T06:46:43+08:00][sql] SHOW FULL COLUMNS FROM `address` [ RunTime:0.000982s ]
[2023-06-11T06:46:43+08:00][sql] SELECT * FROM `address` WHERE  `id` = 1 LIMIT 1 [ RunTime:0.000276s ]
[2023-06-11T06:46:43+08:00][sql] SELECT * FROM `address` WHERE  `id` = 2 LIMIT 1 [ RunTime:0.000233s ]
[2023-06-11T07:18:36+08:00][sql] CONNECT:[ UseTime:0.000409s ] mysql:host=localhost;port=3316;dbname=coffee;charset=utf8
[2023-06-11T07:18:36+08:00][sql] SHOW FULL COLUMNS FROM `information` [ RunTime:0.001414s ]
[2023-06-11T07:18:36+08:00][sql] SELECT * FROM `information` WHERE  `id` = 17 LIMIT 1 [ RunTime:0.000287s ]
[2023-06-11T07:18:36+08:00][sql] SHOW FULL COLUMNS FROM `address` [ RunTime:0.000969s ]
[2023-06-11T07:18:36+08:00][sql] SELECT * FROM `address` WHERE  `id` = 1 LIMIT 1 [ RunTime:0.000255s ]
[2023-06-11T07:18:36+08:00][sql] SELECT * FROM `address` WHERE  `id` = 2 LIMIT 1 [ RunTime:0.000262s ]
[2023-06-11T07:18:36+08:00][sql] CONNECT:[ UseTime:0.000452s ] mysql:host=localhost;port=3316;dbname=coffee;charset=utf8
[2023-06-11T07:18:36+08:00][sql] SHOW FULL COLUMNS FROM `information` [ RunTime:0.001345s ]
[2023-06-11T07:18:36+08:00][sql] SELECT * FROM `information` WHERE  `id` = 18 LIMIT 1 [ RunTime:0.000281s ]
[2023-06-11T07:18:36+08:00][sql] SHOW FULL COLUMNS FROM `address` [ RunTime:0.000904s ]
[2023-06-11T07:18:36+08:00][sql] SELECT * FROM `address` WHERE  `id` = 1 LIMIT 1 [ RunTime:0.000258s ]
[2023-06-11T07:18:36+08:00][sql] SELECT * FROM `address` WHERE  `id` = 2 LIMIT 1 [ RunTime:0.000218s ]
[2023-06-11T07:18:37+08:00][sql] CONNECT:[ UseTime:0.000377s ] mysql:host=localhost;port=3316;dbname=coffee;charset=utf8
[2023-06-11T07:18:37+08:00][sql] SHOW FULL COLUMNS FROM `information` [ RunTime:0.001346s ]
[2023-06-11T07:18:37+08:00][sql] SELECT * FROM `information` WHERE  `id` = 19 LIMIT 1 [ RunTime:0.000300s ]
[2023-06-11T07:18:37+08:00][sql] SHOW FULL COLUMNS FROM `address` [ RunTime:0.000929s ]
[2023-06-11T07:18:37+08:00][sql] SELECT * FROM `address` WHERE  `id` = 1 LIMIT 1 [ RunTime:0.000239s ]
[2023-06-11T07:18:37+08:00][sql] SELECT * FROM `address` WHERE  `id` = 2 LIMIT 1 [ RunTime:0.000223s ]
[2023-06-11T07:18:37+08:00][sql] CONNECT:[ UseTime:0.000407s ] mysql:host=localhost;port=3316;dbname=coffee;charset=utf8
[2023-06-11T07:18:37+08:00][sql] SHOW FULL COLUMNS FROM `information` [ RunTime:0.001367s ]
[2023-06-11T07:18:37+08:00][sql] SELECT * FROM `information` WHERE  `id` = 20 LIMIT 1 [ RunTime:0.000317s ]
[2023-06-11T07:18:37+08:00][sql] SHOW FULL COLUMNS FROM `address` [ RunTime:0.001019s ]
[2023-06-11T07:18:37+08:00][sql] SELECT * FROM `address` WHERE  `id` = 1 LIMIT 1 [ RunTime:0.000251s ]
[2023-06-11T07:18:37+08:00][sql] SELECT * FROM `address` WHERE  `id` = 2 LIMIT 1 [ RunTime:0.000213s ]
[2023-06-11T07:18:37+08:00][sql] CONNECT:[ UseTime:0.000373s ] mysql:host=localhost;port=3316;dbname=coffee;charset=utf8
[2023-06-11T07:18:37+08:00][sql] SHOW FULL COLUMNS FROM `information` [ RunTime:0.001161s ]
[2023-06-11T07:18:37+08:00][sql] SELECT * FROM `information` WHERE  `id` = 21 LIMIT 1 [ RunTime:0.000275s ]
[2023-06-11T07:18:37+08:00][sql] SHOW FULL COLUMNS FROM `address` [ RunTime:0.000899s ]
[2023-06-11T07:18:37+08:00][sql] SELECT * FROM `address` WHERE  `id` = 1 LIMIT 1 [ RunTime:0.000241s ]
[2023-06-11T07:18:37+08:00][sql] SELECT * FROM `address` WHERE  `id` = 2 LIMIT 1 [ RunTime:0.000201s ]
[2023-06-11T13:43:47+08:00][sql] CONNECT:[ UseTime:0.000442s ] mysql:host=localhost;port=3316;dbname=coffee;charset=utf8
[2023-06-11T13:43:47+08:00][sql] SHOW FULL COLUMNS FROM `information` [ RunTime:0.001417s ]
[2023-06-11T13:43:47+08:00][sql] SELECT * FROM `information` WHERE  `id` = 17 LIMIT 1 [ RunTime:0.000406s ]
[2023-06-11T13:43:47+08:00][sql] SHOW FULL COLUMNS FROM `address` [ RunTime:0.001060s ]
[2023-06-11T13:43:47+08:00][sql] SELECT * FROM `address` WHERE  `id` = 1 LIMIT 1 [ RunTime:0.000312s ]
[2023-06-11T13:43:47+08:00][sql] SELECT * FROM `address` WHERE  `id` = 2 LIMIT 1 [ RunTime:0.000280s ]
[2023-06-11T15:06:53+08:00][sql] CONNECT:[ UseTime:0.000413s ] mysql:host=localhost;port=3316;dbname=coffee;charset=utf8
[2023-06-11T15:06:53+08:00][sql] SHOW FULL COLUMNS FROM `information` [ RunTime:0.001374s ]
[2023-06-11T15:06:53+08:00][sql] SELECT * FROM `information` WHERE  `id` = 4 LIMIT 1 [ RunTime:0.000284s ]
[2023-06-11T15:06:53+08:00][sql] SHOW FULL COLUMNS FROM `address` [ RunTime:0.000951s ]
[2023-06-11T15:06:53+08:00][sql] SELECT * FROM `address` WHERE  `id` = 1 LIMIT 1 [ RunTime:0.000268s ]
[2023-06-11T15:06:53+08:00][sql] SELECT * FROM `address` WHERE  `id` = 2 LIMIT 1 [ RunTime:0.000204s ]
[2023-06-11T15:12:19+08:00][sql] CONNECT:[ UseTime:0.000451s ] mysql:host=localhost;port=3316;dbname=coffee;charset=utf8
[2023-06-11T15:12:19+08:00][sql] SHOW FULL COLUMNS FROM `information` [ RunTime:0.001598s ]
[2023-06-11T15:12:19+08:00][sql] SELECT * FROM `information` WHERE  `id` = 4 LIMIT 1 [ RunTime:0.000313s ]
[2023-06-11T15:12:19+08:00][sql] SHOW FULL COLUMNS FROM `address` [ RunTime:0.000985s ]
[2023-06-11T15:12:19+08:00][sql] SELECT * FROM `address` WHERE  `id` = 1 LIMIT 1 [ RunTime:0.000278s ]
[2023-06-11T15:12:19+08:00][sql] SELECT * FROM `address` WHERE  `id` = 2 LIMIT 1 [ RunTime:0.000260s ]
[2023-06-11T18:22:03+08:00][sql] CONNECT:[ UseTime:0.000490s ] mysql:host=localhost;port=3316;dbname=coffee;charset=utf8
[2023-06-11T18:22:03+08:00][sql] SHOW FULL COLUMNS FROM `information` [ RunTime:0.001850s ]
[2023-06-11T18:22:03+08:00][sql] SELECT * FROM `information` WHERE  `id` = 12 LIMIT 1 [ RunTime:0.000383s ]
[2023-06-11T18:22:03+08:00][sql] SHOW FULL COLUMNS FROM `address` [ RunTime:0.001014s ]
[2023-06-11T18:22:03+08:00][sql] SELECT * FROM `address` WHERE  `id` = 1 LIMIT 1 [ RunTime:0.000277s ]
[2023-06-11T18:22:03+08:00][sql] SELECT * FROM `address` WHERE  `id` = 2 LIMIT 1 [ RunTime:0.000267s ]
[2023-06-11T18:22:03+08:00][sql] CONNECT:[ UseTime:0.000446s ] mysql:host=localhost;port=3316;dbname=coffee;charset=utf8
[2023-06-11T18:22:03+08:00][sql] SHOW FULL COLUMNS FROM `information` [ RunTime:0.001426s ]
[2023-06-11T18:22:03+08:00][sql] SELECT * FROM `information` WHERE  `id` = 12 LIMIT 1 [ RunTime:0.000291s ]
[2023-06-11T18:22:03+08:00][sql] SHOW FULL COLUMNS FROM `address` [ RunTime:0.000922s ]
[2023-06-11T18:22:03+08:00][sql] SELECT * FROM `address` WHERE  `id` = 1 LIMIT 1 [ RunTime:0.000268s ]
[2023-06-11T18:22:03+08:00][sql] SELECT * FROM `address` WHERE  `id` = 2 LIMIT 1 [ RunTime:0.000238s ]
[2023-06-11T18:39:16+08:00][sql] CONNECT:[ UseTime:0.000453s ] mysql:host=localhost;port=3316;dbname=coffee;charset=utf8
[2023-06-11T18:39:16+08:00][sql] SHOW FULL COLUMNS FROM `information` [ RunTime:0.001689s ]
[2023-06-11T18:39:16+08:00][sql] SELECT * FROM `information` WHERE  `id` = 12 LIMIT 1 [ RunTime:0.000291s ]
[2023-06-11T18:39:16+08:00][sql] SHOW FULL COLUMNS FROM `address` [ RunTime:0.000982s ]
[2023-06-11T18:39:16+08:00][sql] SELECT * FROM `address` WHERE  `id` = 1 LIMIT 1 [ RunTime:0.000246s ]
[2023-06-11T18:39:16+08:00][sql] SELECT * FROM `address` WHERE  `id` = 2 LIMIT 1 [ RunTime:0.000213s ]
