[2023-06-29T00:51:05+08:00][sql] CONNECT:[ UseTime:0.000408s ] mysql:host=localhost;port=3316;dbname=coffee;charset=utf8
[2023-06-29T00:51:05+08:00][sql] SHOW FULL COLUMNS FROM `information` [ RunTime:0.001373s ]
[2023-06-29T00:51:05+08:00][sql] SELECT * FROM `information` WHERE  `id` = 15 LIMIT 1 [ RunTime:0.000319s ]
[2023-06-29T00:51:05+08:00][sql] SHOW FULL COLUMNS FROM `address` [ RunTime:0.000934s ]
[2023-06-29T00:51:05+08:00][sql] SELECT * FROM `address` WHERE  `id` = 1 LIMIT 1 [ RunTime:0.000268s ]
[2023-06-29T00:51:05+08:00][sql] SELECT * FROM `address` WHERE  `id` = 2 LIMIT 1 [ RunTime:0.000213s ]
[2023-06-29T00:55:29+08:00][sql] CONNECT:[ UseTime:0.000445s ] mysql:host=localhost;port=3316;dbname=coffee;charset=utf8
[2023-06-29T00:55:29+08:00][sql] SHOW FULL COLUMNS FROM `information` [ RunTime:0.001457s ]
[2023-06-29T00:55:29+08:00][sql] SELECT * FROM `information` WHERE  `id` = 15 LIMIT 1 [ RunTime:0.000316s ]
[2023-06-29T00:55:29+08:00][sql] SHOW FULL COLUMNS FROM `address` [ RunTime:0.000966s ]
[2023-06-29T00:55:29+08:00][sql] SELECT * FROM `address` WHERE  `id` = 1 LIMIT 1 [ RunTime:0.000255s ]
[2023-06-29T00:55:29+08:00][sql] SELECT * FROM `address` WHERE  `id` = 2 LIMIT 1 [ RunTime:0.000194s ]
[2023-06-29T01:40:36+08:00][sql] CONNECT:[ UseTime:0.000475s ] mysql:host=localhost;port=3316;dbname=coffee;charset=utf8
[2023-06-29T01:40:36+08:00][sql] SHOW FULL COLUMNS FROM `information` [ RunTime:0.001378s ]
[2023-06-29T01:40:36+08:00][sql] SELECT * FROM `information` ORDER BY `time` DESC LIMIT 1 [ RunTime:0.000341s ]
[2023-06-29T01:40:36+08:00][sql] SHOW FULL COLUMNS FROM `topic` [ RunTime:0.000875s ]
[2023-06-29T01:40:36+08:00][sql] SELECT * FROM `topic` [ RunTime:0.000253s ]
[2023-06-29T01:40:36+08:00][sql] SELECT * FROM `information` ORDER BY `time` DESC [ RunTime:0.000751s ]
[2023-06-29T01:40:36+08:00][sql] SHOW FULL COLUMNS FROM `address` [ RunTime:0.000889s ]
[2023-06-29T01:40:36+08:00][sql] SELECT * FROM `address` WHERE  `id` = 1 LIMIT 1 [ RunTime:0.000239s ]
[2023-06-29T01:40:36+08:00][sql] SELECT * FROM `address` WHERE  `id` = 2 LIMIT 1 [ RunTime:0.000211s ]
[2023-06-29T01:44:49+08:00][sql] CONNECT:[ UseTime:0.000405s ] mysql:host=localhost;port=3316;dbname=coffee;charset=utf8
[2023-06-29T01:44:49+08:00][sql] SHOW FULL COLUMNS FROM `information` [ RunTime:0.001331s ]
[2023-06-29T01:44:49+08:00][sql] SELECT * FROM `information` ORDER BY `time` DESC LIMIT 1 [ RunTime:0.000318s ]
[2023-06-29T01:44:49+08:00][sql] SHOW FULL COLUMNS FROM `topic` [ RunTime:0.000842s ]
[2023-06-29T01:44:49+08:00][sql] SELECT * FROM `topic` [ RunTime:0.000226s ]
[2023-06-29T01:44:49+08:00][sql] SELECT * FROM `information` ORDER BY `time` DESC [ RunTime:0.000735s ]
[2023-06-29T01:44:49+08:00][sql] SHOW FULL COLUMNS FROM `address` [ RunTime:0.000886s ]
[2023-06-29T01:44:49+08:00][sql] SELECT * FROM `address` WHERE  `id` = 1 LIMIT 1 [ RunTime:0.000285s ]
[2023-06-29T01:44:49+08:00][sql] SELECT * FROM `address` WHERE  `id` = 2 LIMIT 1 [ RunTime:0.000213s ]
[2023-06-29T03:21:55+08:00][sql] CONNECT:[ UseTime:0.000395s ] mysql:host=localhost;port=3316;dbname=coffee;charset=utf8
[2023-06-29T03:21:55+08:00][sql] SHOW FULL COLUMNS FROM `information` [ RunTime:0.001475s ]
[2023-06-29T03:21:55+08:00][sql] SELECT * FROM `information` WHERE  `id` = 17 LIMIT 1 [ RunTime:0.000299s ]
[2023-06-29T03:21:55+08:00][sql] SHOW FULL COLUMNS FROM `address` [ RunTime:0.000963s ]
[2023-06-29T03:21:55+08:00][sql] SELECT * FROM `address` WHERE  `id` = 1 LIMIT 1 [ RunTime:0.000265s ]
[2023-06-29T03:21:55+08:00][sql] SELECT * FROM `address` WHERE  `id` = 2 LIMIT 1 [ RunTime:0.000216s ]
[2023-06-29T03:21:55+08:00][sql] CONNECT:[ UseTime:0.000271s ] mysql:host=localhost;port=3316;dbname=coffee;charset=utf8
[2023-06-29T03:21:55+08:00][sql] SHOW FULL COLUMNS FROM `information` [ RunTime:0.001134s ]
[2023-06-29T03:21:55+08:00][sql] SELECT * FROM `information` WHERE  `id` = 18 LIMIT 1 [ RunTime:0.000264s ]
[2023-06-29T03:21:55+08:00][sql] SHOW FULL COLUMNS FROM `address` [ RunTime:0.000940s ]
[2023-06-29T03:21:55+08:00][sql] SELECT * FROM `address` WHERE  `id` = 1 LIMIT 1 [ RunTime:0.000274s ]
[2023-06-29T03:21:55+08:00][sql] SELECT * FROM `address` WHERE  `id` = 2 LIMIT 1 [ RunTime:0.000201s ]
[2023-06-29T03:21:56+08:00][sql] CONNECT:[ UseTime:0.000520s ] mysql:host=localhost;port=3316;dbname=coffee;charset=utf8
[2023-06-29T03:21:56+08:00][sql] SHOW FULL COLUMNS FROM `information` [ RunTime:0.001315s ]
[2023-06-29T03:21:56+08:00][sql] SELECT * FROM `information` WHERE  `id` = 19 LIMIT 1 [ RunTime:0.000281s ]
[2023-06-29T03:21:56+08:00][sql] SHOW FULL COLUMNS FROM `address` [ RunTime:0.000906s ]
[2023-06-29T03:21:56+08:00][sql] SELECT * FROM `address` WHERE  `id` = 1 LIMIT 1 [ RunTime:0.000237s ]
[2023-06-29T03:21:56+08:00][sql] SELECT * FROM `address` WHERE  `id` = 2 LIMIT 1 [ RunTime:0.000199s ]
[2023-06-29T03:21:56+08:00][sql] CONNECT:[ UseTime:0.000336s ] mysql:host=localhost;port=3316;dbname=coffee;charset=utf8
[2023-06-29T03:21:56+08:00][sql] SHOW FULL COLUMNS FROM `information` [ RunTime:0.001182s ]
[2023-06-29T03:21:56+08:00][sql] SELECT * FROM `information` WHERE  `id` = 20 LIMIT 1 [ RunTime:0.000287s ]
[2023-06-29T03:21:56+08:00][sql] SHOW FULL COLUMNS FROM `address` [ RunTime:0.000958s ]
[2023-06-29T03:21:56+08:00][sql] SELECT * FROM `address` WHERE  `id` = 1 LIMIT 1 [ RunTime:0.000257s ]
[2023-06-29T03:21:56+08:00][sql] SELECT * FROM `address` WHERE  `id` = 2 LIMIT 1 [ RunTime:0.000205s ]
[2023-06-29T03:21:56+08:00][sql] CONNECT:[ UseTime:0.000423s ] mysql:host=localhost;port=3316;dbname=coffee;charset=utf8
[2023-06-29T03:21:56+08:00][sql] SHOW FULL COLUMNS FROM `information` [ RunTime:0.001647s ]
[2023-06-29T03:21:56+08:00][sql] SELECT * FROM `information` WHERE  `id` = 21 LIMIT 1 [ RunTime:0.000305s ]
[2023-06-29T03:21:56+08:00][sql] SHOW FULL COLUMNS FROM `address` [ RunTime:0.001025s ]
[2023-06-29T03:21:56+08:00][sql] SELECT * FROM `address` WHERE  `id` = 1 LIMIT 1 [ RunTime:0.000238s ]
[2023-06-29T03:21:56+08:00][sql] SELECT * FROM `address` WHERE  `id` = 2 LIMIT 1 [ RunTime:0.000230s ]
[2023-06-29T03:26:54+08:00][sql] CONNECT:[ UseTime:0.000392s ] mysql:host=localhost;port=3316;dbname=coffee;charset=utf8
[2023-06-29T03:26:54+08:00][sql] SHOW FULL COLUMNS FROM `information` [ RunTime:0.001420s ]
[2023-06-29T03:26:54+08:00][sql] SELECT * FROM `information` WHERE  `id` = 18 LIMIT 1 [ RunTime:0.000310s ]
[2023-06-29T03:26:54+08:00][sql] SHOW FULL COLUMNS FROM `address` [ RunTime:0.000925s ]
[2023-06-29T03:26:54+08:00][sql] SELECT * FROM `address` WHERE  `id` = 1 LIMIT 1 [ RunTime:0.000234s ]
[2023-06-29T03:26:54+08:00][sql] SELECT * FROM `address` WHERE  `id` = 2 LIMIT 1 [ RunTime:0.000202s ]
[2023-06-29T03:29:36+08:00][sql] CONNECT:[ UseTime:0.000513s ] mysql:host=localhost;port=3316;dbname=coffee;charset=utf8
[2023-06-29T03:29:36+08:00][sql] SHOW FULL COLUMNS FROM `information` [ RunTime:0.001571s ]
[2023-06-29T03:29:36+08:00][sql] SELECT * FROM `information` WHERE  `id` = 17 LIMIT 1 [ RunTime:0.000329s ]
[2023-06-29T03:29:36+08:00][sql] SHOW FULL COLUMNS FROM `address` [ RunTime:0.001006s ]
[2023-06-29T03:29:36+08:00][sql] SELECT * FROM `address` WHERE  `id` = 1 LIMIT 1 [ RunTime:0.000253s ]
[2023-06-29T03:29:36+08:00][sql] SELECT * FROM `address` WHERE  `id` = 2 LIMIT 1 [ RunTime:0.000225s ]
[2023-06-29T03:30:13+08:00][sql] CONNECT:[ UseTime:0.000424s ] mysql:host=localhost;port=3316;dbname=coffee;charset=utf8
[2023-06-29T03:30:13+08:00][sql] SHOW FULL COLUMNS FROM `information` [ RunTime:0.001379s ]
[2023-06-29T03:30:13+08:00][sql] SELECT * FROM `information` WHERE  `id` = 19 LIMIT 1 [ RunTime:0.000335s ]
[2023-06-29T03:30:13+08:00][sql] SHOW FULL COLUMNS FROM `address` [ RunTime:0.000939s ]
[2023-06-29T03:30:13+08:00][sql] SELECT * FROM `address` WHERE  `id` = 1 LIMIT 1 [ RunTime:0.000273s ]
[2023-06-29T03:30:13+08:00][sql] SELECT * FROM `address` WHERE  `id` = 2 LIMIT 1 [ RunTime:0.000272s ]
[2023-06-29T03:30:34+08:00][sql] CONNECT:[ UseTime:0.000397s ] mysql:host=localhost;port=3316;dbname=coffee;charset=utf8
[2023-06-29T03:30:34+08:00][sql] SHOW FULL COLUMNS FROM `information` [ RunTime:0.001449s ]
[2023-06-29T03:30:34+08:00][sql] SELECT * FROM `information` WHERE  `id` = 21 LIMIT 1 [ RunTime:0.000312s ]
[2023-06-29T03:30:34+08:00][sql] SHOW FULL COLUMNS FROM `address` [ RunTime:0.001167s ]
[2023-06-29T03:30:34+08:00][sql] SELECT * FROM `address` WHERE  `id` = 1 LIMIT 1 [ RunTime:0.000264s ]
[2023-06-29T03:30:34+08:00][sql] SELECT * FROM `address` WHERE  `id` = 2 LIMIT 1 [ RunTime:0.000195s ]
[2023-06-29T03:46:29+08:00][sql] CONNECT:[ UseTime:0.000461s ] mysql:host=localhost;port=3316;dbname=coffee;charset=utf8
[2023-06-29T03:46:29+08:00][sql] SHOW FULL COLUMNS FROM `information` [ RunTime:0.001399s ]
[2023-06-29T03:46:29+08:00][sql] SELECT * FROM `information` ORDER BY `time` DESC LIMIT 1 [ RunTime:0.000311s ]
[2023-06-29T03:46:29+08:00][sql] SHOW FULL COLUMNS FROM `topic` [ RunTime:0.000828s ]
[2023-06-29T03:46:29+08:00][sql] SELECT * FROM `topic` [ RunTime:0.000195s ]
[2023-06-29T03:46:29+08:00][sql] SELECT * FROM `information` WHERE  `topic_id` = 2 [ RunTime:0.000353s ]
[2023-06-29T03:46:29+08:00][sql] SHOW FULL COLUMNS FROM `address` [ RunTime:0.000845s ]
[2023-06-29T03:46:29+08:00][sql] SELECT * FROM `address` WHERE  `id` = 1 LIMIT 1 [ RunTime:0.000246s ]
[2023-06-29T03:46:29+08:00][sql] SELECT * FROM `address` WHERE  `id` = 2 LIMIT 1 [ RunTime:0.000215s ]
[2023-06-29T03:55:55+08:00][sql] CONNECT:[ UseTime:0.000420s ] mysql:host=localhost;port=3316;dbname=coffee;charset=utf8
[2023-06-29T03:55:55+08:00][sql] SHOW FULL COLUMNS FROM `information` [ RunTime:0.001415s ]
[2023-06-29T03:55:55+08:00][sql] SELECT * FROM `information` ORDER BY `time` DESC LIMIT 1 [ RunTime:0.000367s ]
[2023-06-29T03:55:55+08:00][sql] SHOW FULL COLUMNS FROM `topic` [ RunTime:0.000867s ]
[2023-06-29T03:55:55+08:00][sql] SELECT * FROM `topic` [ RunTime:0.000226s ]
[2023-06-29T03:55:55+08:00][sql] SELECT * FROM `information` WHERE  `topic_id` = 2 [ RunTime:0.000353s ]
[2023-06-29T03:55:55+08:00][sql] SHOW FULL COLUMNS FROM `address` [ RunTime:0.001176s ]
[2023-06-29T03:55:55+08:00][sql] SELECT * FROM `address` WHERE  `id` = 1 LIMIT 1 [ RunTime:0.000238s ]
[2023-06-29T03:55:55+08:00][sql] SELECT * FROM `address` WHERE  `id` = 2 LIMIT 1 [ RunTime:0.000233s ]
[2023-06-29T04:20:36+08:00][sql] CONNECT:[ UseTime:0.000419s ] mysql:host=localhost;port=3316;dbname=coffee;charset=utf8
[2023-06-29T04:20:36+08:00][sql] SHOW FULL COLUMNS FROM `information` [ RunTime:0.001425s ]
[2023-06-29T04:20:36+08:00][sql] SELECT * FROM `information` WHERE  `id` = 16 LIMIT 1 [ RunTime:0.000331s ]
[2023-06-29T04:20:36+08:00][sql] SHOW FULL COLUMNS FROM `address` [ RunTime:0.001014s ]
[2023-06-29T04:20:36+08:00][sql] SELECT * FROM `address` WHERE  `id` = 1 LIMIT 1 [ RunTime:0.000252s ]
[2023-06-29T04:20:36+08:00][sql] SELECT * FROM `address` WHERE  `id` = 2 LIMIT 1 [ RunTime:0.000232s ]
[2023-06-29T04:24:31+08:00][sql] CONNECT:[ UseTime:0.000415s ] mysql:host=localhost;port=3316;dbname=coffee;charset=utf8
[2023-06-29T04:24:31+08:00][sql] SHOW FULL COLUMNS FROM `information` [ RunTime:0.001398s ]
[2023-06-29T04:24:31+08:00][sql] SELECT * FROM `information` WHERE  `id` = 16 LIMIT 1 [ RunTime:0.000302s ]
[2023-06-29T04:24:31+08:00][sql] SHOW FULL COLUMNS FROM `address` [ RunTime:0.000961s ]
[2023-06-29T04:24:31+08:00][sql] SELECT * FROM `address` WHERE  `id` = 1 LIMIT 1 [ RunTime:0.000230s ]
[2023-06-29T04:24:31+08:00][sql] SELECT * FROM `address` WHERE  `id` = 2 LIMIT 1 [ RunTime:0.000240s ]
[2023-06-29T07:12:57+08:00][sql] CONNECT:[ UseTime:0.000448s ] mysql:host=localhost;port=3316;dbname=coffee;charset=utf8
[2023-06-29T07:12:57+08:00][sql] SHOW FULL COLUMNS FROM `information` [ RunTime:0.001539s ]
[2023-06-29T07:12:57+08:00][sql] SELECT * FROM `information` WHERE  `id` = 18 LIMIT 1 [ RunTime:0.000313s ]
[2023-06-29T07:12:57+08:00][sql] SHOW FULL COLUMNS FROM `address` [ RunTime:0.000980s ]
[2023-06-29T07:12:57+08:00][sql] SELECT * FROM `address` WHERE  `id` = 1 LIMIT 1 [ RunTime:0.000253s ]
[2023-06-29T07:12:57+08:00][sql] SELECT * FROM `address` WHERE  `id` = 2 LIMIT 1 [ RunTime:0.000225s ]
[2023-06-29T07:12:57+08:00][sql] CONNECT:[ UseTime:0.000444s ] mysql:host=localhost;port=3316;dbname=coffee;charset=utf8
[2023-06-29T07:12:57+08:00][sql] SHOW FULL COLUMNS FROM `information` [ RunTime:0.001425s ]
[2023-06-29T07:12:57+08:00][sql] SELECT * FROM `information` WHERE  `id` = 17 LIMIT 1 [ RunTime:0.000305s ]
[2023-06-29T07:12:57+08:00][sql] SHOW FULL COLUMNS FROM `address` [ RunTime:0.000970s ]
[2023-06-29T07:12:57+08:00][sql] SELECT * FROM `address` WHERE  `id` = 1 LIMIT 1 [ RunTime:0.000251s ]
[2023-06-29T07:12:57+08:00][sql] SELECT * FROM `address` WHERE  `id` = 2 LIMIT 1 [ RunTime:0.000217s ]
[2023-06-29T07:12:57+08:00][sql] CONNECT:[ UseTime:0.000401s ] mysql:host=localhost;port=3316;dbname=coffee;charset=utf8
[2023-06-29T07:12:57+08:00][sql] SHOW FULL COLUMNS FROM `information` [ RunTime:0.001347s ]
[2023-06-29T07:12:57+08:00][sql] SELECT * FROM `information` WHERE  `id` = 19 LIMIT 1 [ RunTime:0.000276s ]
[2023-06-29T07:12:57+08:00][sql] SHOW FULL COLUMNS FROM `address` [ RunTime:0.000913s ]
[2023-06-29T07:12:57+08:00][sql] SELECT * FROM `address` WHERE  `id` = 1 LIMIT 1 [ RunTime:0.000235s ]
[2023-06-29T07:12:57+08:00][sql] SELECT * FROM `address` WHERE  `id` = 2 LIMIT 1 [ RunTime:0.000193s ]
[2023-06-29T07:12:57+08:00][sql] CONNECT:[ UseTime:0.000426s ] mysql:host=localhost;port=3316;dbname=coffee;charset=utf8
[2023-06-29T07:12:57+08:00][sql] SHOW FULL COLUMNS FROM `information` [ RunTime:0.001418s ]
[2023-06-29T07:12:57+08:00][sql] SELECT * FROM `information` WHERE  `id` = 20 LIMIT 1 [ RunTime:0.000315s ]
[2023-06-29T07:12:57+08:00][sql] SHOW FULL COLUMNS FROM `address` [ RunTime:0.000963s ]
[2023-06-29T07:12:57+08:00][sql] SELECT * FROM `address` WHERE  `id` = 1 LIMIT 1 [ RunTime:0.000236s ]
[2023-06-29T07:12:57+08:00][sql] SELECT * FROM `address` WHERE  `id` = 2 LIMIT 1 [ RunTime:0.000216s ]
[2023-06-29T07:12:57+08:00][sql] CONNECT:[ UseTime:0.000516s ] mysql:host=localhost;port=3316;dbname=coffee;charset=utf8
[2023-06-29T07:12:57+08:00][sql] SHOW FULL COLUMNS FROM `information` [ RunTime:0.002146s ]
[2023-06-29T07:12:57+08:00][sql] SELECT * FROM `information` WHERE  `id` = 21 LIMIT 1 [ RunTime:0.000459s ]
[2023-06-29T07:12:57+08:00][sql] SHOW FULL COLUMNS FROM `address` [ RunTime:0.001364s ]
[2023-06-29T07:12:57+08:00][sql] SELECT * FROM `address` WHERE  `id` = 1 LIMIT 1 [ RunTime:0.000311s ]
[2023-06-29T07:12:57+08:00][sql] SELECT * FROM `address` WHERE  `id` = 2 LIMIT 1 [ RunTime:0.000217s ]
[2023-06-29T07:16:12+08:00][sql] CONNECT:[ UseTime:0.000416s ] mysql:host=localhost;port=3316;dbname=coffee;charset=utf8
[2023-06-29T07:16:12+08:00][sql] SHOW FULL COLUMNS FROM `information` [ RunTime:0.001360s ]
[2023-06-29T07:16:12+08:00][sql] SELECT * FROM `information` WHERE  `id` = 21 LIMIT 1 [ RunTime:0.000326s ]
[2023-06-29T07:16:12+08:00][sql] SHOW FULL COLUMNS FROM `address` [ RunTime:0.000929s ]
[2023-06-29T07:16:12+08:00][sql] SELECT * FROM `address` WHERE  `id` = 1 LIMIT 1 [ RunTime:0.000237s ]
[2023-06-29T07:16:12+08:00][sql] SELECT * FROM `address` WHERE  `id` = 2 LIMIT 1 [ RunTime:0.000202s ]
[2023-06-29T07:19:11+08:00][sql] CONNECT:[ UseTime:0.000457s ] mysql:host=localhost;port=3316;dbname=coffee;charset=utf8
[2023-06-29T07:19:11+08:00][sql] SHOW FULL COLUMNS FROM `information` [ RunTime:0.001829s ]
[2023-06-29T07:19:11+08:00][sql] SELECT * FROM `information` WHERE  `id` = 17 LIMIT 1 [ RunTime:0.000378s ]
[2023-06-29T07:19:11+08:00][sql] SHOW FULL COLUMNS FROM `address` [ RunTime:0.001246s ]
[2023-06-29T07:19:11+08:00][sql] SELECT * FROM `address` WHERE  `id` = 1 LIMIT 1 [ RunTime:0.000282s ]
[2023-06-29T07:19:11+08:00][sql] SELECT * FROM `address` WHERE  `id` = 2 LIMIT 1 [ RunTime:0.000258s ]
[2023-06-29T07:19:34+08:00][sql] CONNECT:[ UseTime:0.000554s ] mysql:host=localhost;port=3316;dbname=coffee;charset=utf8
[2023-06-29T07:19:34+08:00][sql] SHOW FULL COLUMNS FROM `information` [ RunTime:0.001971s ]
[2023-06-29T07:19:34+08:00][sql] SELECT * FROM `information` WHERE  `id` = 20 LIMIT 1 [ RunTime:0.000406s ]
[2023-06-29T07:19:34+08:00][sql] SHOW FULL COLUMNS FROM `address` [ RunTime:0.001336s ]
[2023-06-29T07:19:34+08:00][sql] SELECT * FROM `address` WHERE  `id` = 1 LIMIT 1 [ RunTime:0.000285s ]
[2023-06-29T07:19:34+08:00][sql] SELECT * FROM `address` WHERE  `id` = 2 LIMIT 1 [ RunTime:0.000231s ]
[2023-06-29T07:20:59+08:00][sql] CONNECT:[ UseTime:0.000387s ] mysql:host=localhost;port=3316;dbname=coffee;charset=utf8
[2023-06-29T07:20:59+08:00][sql] SHOW FULL COLUMNS FROM `information` [ RunTime:0.001780s ]
[2023-06-29T07:20:59+08:00][sql] SELECT * FROM `information` WHERE  `id` = 18 LIMIT 1 [ RunTime:0.000298s ]
[2023-06-29T07:20:59+08:00][sql] SHOW FULL COLUMNS FROM `address` [ RunTime:0.000953s ]
[2023-06-29T07:20:59+08:00][sql] SELECT * FROM `address` WHERE  `id` = 1 LIMIT 1 [ RunTime:0.000248s ]
[2023-06-29T07:20:59+08:00][sql] SELECT * FROM `address` WHERE  `id` = 2 LIMIT 1 [ RunTime:0.000226s ]
[2023-06-29T13:53:33+08:00][sql] CONNECT:[ UseTime:0.000454s ] mysql:host=localhost;port=3316;dbname=coffee;charset=utf8
[2023-06-29T13:53:33+08:00][sql] SHOW FULL COLUMNS FROM `information` [ RunTime:0.001502s ]
[2023-06-29T13:53:33+08:00][sql] SELECT * FROM `information` WHERE  `id` = 2 LIMIT 1 [ RunTime:0.000378s ]
[2023-06-29T13:53:33+08:00][sql] SHOW FULL COLUMNS FROM `address` [ RunTime:0.000974s ]
[2023-06-29T13:53:33+08:00][sql] SELECT * FROM `address` WHERE  `id` = 1 LIMIT 1 [ RunTime:0.000243s ]
[2023-06-29T13:53:33+08:00][sql] SELECT * FROM `address` WHERE  `id` = 2 LIMIT 1 [ RunTime:0.000236s ]
[2023-06-29T14:06:27+08:00][sql] CONNECT:[ UseTime:0.000429s ] mysql:host=localhost;port=3316;dbname=coffee;charset=utf8
[2023-06-29T14:06:27+08:00][sql] SHOW FULL COLUMNS FROM `information` [ RunTime:0.001410s ]
[2023-06-29T14:06:27+08:00][sql] SELECT * FROM `information` WHERE  `id` = 2 LIMIT 1 [ RunTime:0.000301s ]
[2023-06-29T14:06:27+08:00][sql] SHOW FULL COLUMNS FROM `address` [ RunTime:0.000927s ]
[2023-06-29T14:06:27+08:00][sql] SELECT * FROM `address` WHERE  `id` = 1 LIMIT 1 [ RunTime:0.000250s ]
[2023-06-29T14:06:27+08:00][sql] SELECT * FROM `address` WHERE  `id` = 2 LIMIT 1 [ RunTime:0.000216s ]
[2023-06-29T14:39:59+08:00][sql] CONNECT:[ UseTime:0.000502s ] mysql:host=localhost;port=3316;dbname=coffee;charset=utf8
[2023-06-29T14:39:59+08:00][sql] SHOW FULL COLUMNS FROM `information` [ RunTime:0.001706s ]
[2023-06-29T14:39:59+08:00][sql] SELECT * FROM `information` WHERE  `id` = 18 LIMIT 1 [ RunTime:0.000338s ]
[2023-06-29T14:39:59+08:00][sql] SHOW FULL COLUMNS FROM `address` [ RunTime:0.001007s ]
[2023-06-29T14:39:59+08:00][sql] SELECT * FROM `address` WHERE  `id` = 1 LIMIT 1 [ RunTime:0.000245s ]
[2023-06-29T14:39:59+08:00][sql] SELECT * FROM `address` WHERE  `id` = 2 LIMIT 1 [ RunTime:0.000201s ]
[2023-06-29T23:28:21+08:00][sql] CONNECT:[ UseTime:0.000449s ] mysql:host=localhost;port=3316;dbname=coffee;charset=utf8
[2023-06-29T23:28:21+08:00][sql] SHOW FULL COLUMNS FROM `information` [ RunTime:0.001374s ]
[2023-06-29T23:28:21+08:00][sql] SELECT * FROM `information` ORDER BY `time` DESC LIMIT 1 [ RunTime:0.000347s ]
[2023-06-29T23:28:21+08:00][sql] SHOW FULL COLUMNS FROM `topic` [ RunTime:0.000827s ]
[2023-06-29T23:28:21+08:00][sql] SELECT * FROM `topic` [ RunTime:0.000227s ]
[2023-06-29T23:28:21+08:00][sql] SELECT * FROM `information` ORDER BY `time` DESC [ RunTime:0.000742s ]
[2023-06-29T23:28:21+08:00][sql] SHOW FULL COLUMNS FROM `address` [ RunTime:0.000947s ]
[2023-06-29T23:28:21+08:00][sql] SELECT * FROM `address` WHERE  `id` = 1 LIMIT 1 [ RunTime:0.000249s ]
[2023-06-29T23:28:21+08:00][sql] SELECT * FROM `address` WHERE  `id` = 2 LIMIT 1 [ RunTime:0.000206s ]
[2023-06-29T23:29:21+08:00][sql] CONNECT:[ UseTime:0.000608s ] mysql:host=localhost;port=3316;dbname=coffee;charset=utf8
[2023-06-29T23:29:21+08:00][sql] SHOW FULL COLUMNS FROM `information` [ RunTime:0.001374s ]
[2023-06-29T23:29:21+08:00][sql] SELECT * FROM `information` ORDER BY `time` DESC LIMIT 1 [ RunTime:0.000333s ]
[2023-06-29T23:29:21+08:00][sql] SHOW FULL COLUMNS FROM `topic` [ RunTime:0.000825s ]
[2023-06-29T23:29:21+08:00][sql] SELECT * FROM `topic` [ RunTime:0.000211s ]
[2023-06-29T23:29:21+08:00][sql] SELECT * FROM `information` ORDER BY `time` DESC [ RunTime:0.000687s ]
[2023-06-29T23:29:21+08:00][sql] SHOW FULL COLUMNS FROM `address` [ RunTime:0.000922s ]
[2023-06-29T23:29:21+08:00][sql] SELECT * FROM `address` WHERE  `id` = 1 LIMIT 1 [ RunTime:0.000257s ]
[2023-06-29T23:29:21+08:00][sql] SELECT * FROM `address` WHERE  `id` = 2 LIMIT 1 [ RunTime:0.000238s ]
[2023-06-29T23:29:29+08:00][sql] CONNECT:[ UseTime:0.000414s ] mysql:host=localhost;port=3316;dbname=coffee;charset=utf8
[2023-06-29T23:29:29+08:00][sql] SHOW FULL COLUMNS FROM `information` [ RunTime:0.001388s ]
[2023-06-29T23:29:29+08:00][sql] SELECT * FROM `information` ORDER BY `time` DESC LIMIT 1 [ RunTime:0.000357s ]
[2023-06-29T23:29:29+08:00][sql] SHOW FULL COLUMNS FROM `topic` [ RunTime:0.001005s ]
[2023-06-29T23:29:29+08:00][sql] SELECT * FROM `topic` [ RunTime:0.000233s ]
[2023-06-29T23:29:29+08:00][sql] SELECT * FROM `information` ORDER BY `time` DESC [ RunTime:0.000719s ]
[2023-06-29T23:29:29+08:00][sql] SHOW FULL COLUMNS FROM `address` [ RunTime:0.000940s ]
[2023-06-29T23:29:29+08:00][sql] SELECT * FROM `address` WHERE  `id` = 1 LIMIT 1 [ RunTime:0.000245s ]
[2023-06-29T23:29:29+08:00][sql] SELECT * FROM `address` WHERE  `id` = 2 LIMIT 1 [ RunTime:0.000201s ]
