[2023-06-30T00:28:13+08:00][sql] CONNECT:[ UseTime:0.000402s ] mysql:host=localhost;port=3316;dbname=coffee;charset=utf8
[2023-06-30T00:28:13+08:00][sql] SHOW FULL COLUMNS FROM `information` [ RunTime:0.001400s ]
[2023-06-30T00:28:13+08:00][sql] SELECT * FROM `information` WHERE  `id` = 15 LIMIT 1 [ RunTime:0.000313s ]
[2023-06-30T00:28:13+08:00][sql] SHOW FULL COLUMNS FROM `address` [ RunTime:0.000924s ]
[2023-06-30T00:28:13+08:00][sql] SELECT * FROM `address` WHERE  `id` = 1 LIMIT 1 [ RunTime:0.000250s ]
[2023-06-30T00:28:13+08:00][sql] SELECT * FROM `address` WHERE  `id` = 2 LIMIT 1 [ RunTime:0.000218s ]
[2023-06-30T01:50:54+08:00][sql] CONNECT:[ UseTime:0.000440s ] mysql:host=localhost;port=3316;dbname=coffee;charset=utf8
[2023-06-30T01:50:54+08:00][sql] SHOW FULL COLUMNS FROM `information` [ RunTime:0.001465s ]
[2023-06-30T01:50:54+08:00][sql] SELECT * FROM `information` WHERE  `id` = 9 LIMIT 1 [ RunTime:0.000278s ]
[2023-06-30T01:50:54+08:00][sql] SHOW FULL COLUMNS FROM `address` [ RunTime:0.000880s ]
[2023-06-30T01:50:54+08:00][sql] SELECT * FROM `address` WHERE  `id` = 1 LIMIT 1 [ RunTime:0.000233s ]
[2023-06-30T01:50:54+08:00][sql] SELECT * FROM `address` WHERE  `id` = 2 LIMIT 1 [ RunTime:0.000279s ]
[2023-06-30T01:51:30+08:00][sql] CONNECT:[ UseTime:0.000464s ] mysql:host=localhost;port=3316;dbname=coffee;charset=utf8
[2023-06-30T01:51:30+08:00][sql] SHOW FULL COLUMNS FROM `information` [ RunTime:0.001353s ]
[2023-06-30T01:51:30+08:00][sql] SELECT * FROM `information` WHERE  `id` = 18 LIMIT 1 [ RunTime:0.000290s ]
[2023-06-30T01:51:30+08:00][sql] SHOW FULL COLUMNS FROM `address` [ RunTime:0.000921s ]
[2023-06-30T01:51:30+08:00][sql] SELECT * FROM `address` WHERE  `id` = 1 LIMIT 1 [ RunTime:0.000252s ]
[2023-06-30T01:51:30+08:00][sql] SELECT * FROM `address` WHERE  `id` = 2 LIMIT 1 [ RunTime:0.000217s ]
[2023-06-30T01:58:29+08:00][sql] CONNECT:[ UseTime:0.000471s ] mysql:host=localhost;port=3316;dbname=coffee;charset=utf8
[2023-06-30T01:58:29+08:00][sql] SHOW FULL COLUMNS FROM `information` [ RunTime:0.001390s ]
[2023-06-30T01:58:29+08:00][sql] SELECT * FROM `information` WHERE  `id` = 18 LIMIT 1 [ RunTime:0.000331s ]
[2023-06-30T01:58:29+08:00][sql] SHOW FULL COLUMNS FROM `address` [ RunTime:0.001015s ]
[2023-06-30T01:58:29+08:00][sql] SELECT * FROM `address` WHERE  `id` = 1 LIMIT 1 [ RunTime:0.000233s ]
[2023-06-30T01:58:29+08:00][sql] SELECT * FROM `address` WHERE  `id` = 2 LIMIT 1 [ RunTime:0.000252s ]
[2023-06-30T02:00:40+08:00][sql] CONNECT:[ UseTime:0.000414s ] mysql:host=localhost;port=3316;dbname=coffee;charset=utf8
[2023-06-30T02:00:40+08:00][sql] SHOW FULL COLUMNS FROM `information` [ RunTime:0.001373s ]
[2023-06-30T02:00:40+08:00][sql] SELECT * FROM `information` WHERE  `id` = 9 LIMIT 1 [ RunTime:0.000338s ]
[2023-06-30T02:00:40+08:00][sql] SHOW FULL COLUMNS FROM `address` [ RunTime:0.000944s ]
[2023-06-30T02:00:40+08:00][sql] SELECT * FROM `address` WHERE  `id` = 1 LIMIT 1 [ RunTime:0.000268s ]
[2023-06-30T02:00:40+08:00][sql] SELECT * FROM `address` WHERE  `id` = 2 LIMIT 1 [ RunTime:0.000238s ]
[2023-06-30T02:49:38+08:00][sql] CONNECT:[ UseTime:0.000421s ] mysql:host=localhost;port=3316;dbname=coffee;charset=utf8
[2023-06-30T02:49:38+08:00][sql] SHOW FULL COLUMNS FROM `information` [ RunTime:0.001493s ]
[2023-06-30T02:49:38+08:00][sql] SELECT * FROM `information` WHERE  `id` = 14 LIMIT 1 [ RunTime:0.000298s ]
[2023-06-30T02:49:38+08:00][sql] SHOW FULL COLUMNS FROM `address` [ RunTime:0.001026s ]
[2023-06-30T02:49:38+08:00][sql] SELECT * FROM `address` WHERE  `id` = 1 LIMIT 1 [ RunTime:0.000251s ]
[2023-06-30T02:49:38+08:00][sql] SELECT * FROM `address` WHERE  `id` = 2 LIMIT 1 [ RunTime:0.000245s ]
[2023-06-30T03:00:36+08:00][sql] CONNECT:[ UseTime:0.000428s ] mysql:host=localhost;port=3316;dbname=coffee;charset=utf8
[2023-06-30T03:00:36+08:00][sql] SHOW FULL COLUMNS FROM `information` [ RunTime:0.001400s ]
[2023-06-30T03:00:36+08:00][sql] SELECT * FROM `information` WHERE  `id` = 14 LIMIT 1 [ RunTime:0.000289s ]
[2023-06-30T03:00:36+08:00][sql] SHOW FULL COLUMNS FROM `address` [ RunTime:0.000986s ]
[2023-06-30T03:00:36+08:00][sql] SELECT * FROM `address` WHERE  `id` = 1 LIMIT 1 [ RunTime:0.000260s ]
[2023-06-30T03:00:36+08:00][sql] SELECT * FROM `address` WHERE  `id` = 2 LIMIT 1 [ RunTime:0.000257s ]
[2023-06-30T04:43:01+08:00][sql] CONNECT:[ UseTime:0.000479s ] mysql:host=localhost;port=3316;dbname=coffee;charset=utf8
[2023-06-30T04:43:01+08:00][sql] SHOW FULL COLUMNS FROM `information` [ RunTime:0.001346s ]
[2023-06-30T04:43:01+08:00][sql] SELECT * FROM `information` ORDER BY `time` DESC LIMIT 1 [ RunTime:0.000359s ]
[2023-06-30T04:43:01+08:00][sql] SHOW FULL COLUMNS FROM `topic` [ RunTime:0.000861s ]
[2023-06-30T04:43:01+08:00][sql] SELECT * FROM `topic` [ RunTime:0.000230s ]
[2023-06-30T04:43:01+08:00][sql] SELECT * FROM `information` ORDER BY `time` DESC [ RunTime:0.000863s ]
[2023-06-30T04:43:01+08:00][sql] SHOW FULL COLUMNS FROM `address` [ RunTime:0.000916s ]
[2023-06-30T04:43:01+08:00][sql] SELECT * FROM `address` WHERE  `id` = 1 LIMIT 1 [ RunTime:0.000274s ]
[2023-06-30T04:43:01+08:00][sql] SELECT * FROM `address` WHERE  `id` = 2 LIMIT 1 [ RunTime:0.000236s ]
[2023-06-30T11:29:53+08:00][sql] CONNECT:[ UseTime:0.000484s ] mysql:host=localhost;port=3316;dbname=coffee;charset=utf8
[2023-06-30T11:29:53+08:00][sql] SHOW FULL COLUMNS FROM `information` [ RunTime:0.001933s ]
[2023-06-30T11:29:53+08:00][sql] SELECT * FROM `information` WHERE  `id` = 21 LIMIT 1 [ RunTime:0.000409s ]
[2023-06-30T11:29:53+08:00][sql] SHOW FULL COLUMNS FROM `address` [ RunTime:0.001243s ]
[2023-06-30T11:29:53+08:00][sql] SELECT * FROM `address` WHERE  `id` = 1 LIMIT 1 [ RunTime:0.000283s ]
[2023-06-30T11:29:53+08:00][sql] SELECT * FROM `address` WHERE  `id` = 2 LIMIT 1 [ RunTime:0.000260s ]
[2023-06-30T11:38:18+08:00][sql] CONNECT:[ UseTime:0.000480s ] mysql:host=localhost;port=3316;dbname=coffee;charset=utf8
[2023-06-30T11:38:18+08:00][sql] SHOW FULL COLUMNS FROM `information` [ RunTime:0.001375s ]
[2023-06-30T11:38:18+08:00][sql] SELECT * FROM `information` WHERE  `id` = 21 LIMIT 1 [ RunTime:0.000337s ]
[2023-06-30T11:38:18+08:00][sql] SHOW FULL COLUMNS FROM `address` [ RunTime:0.001023s ]
[2023-06-30T11:38:18+08:00][sql] SELECT * FROM `address` WHERE  `id` = 1 LIMIT 1 [ RunTime:0.000240s ]
[2023-06-30T11:38:18+08:00][sql] SELECT * FROM `address` WHERE  `id` = 2 LIMIT 1 [ RunTime:0.000286s ]
[2023-06-30T11:56:47+08:00][sql] CONNECT:[ UseTime:0.000423s ] mysql:host=localhost;port=3316;dbname=coffee;charset=utf8
[2023-06-30T11:56:47+08:00][sql] SHOW FULL COLUMNS FROM `information` [ RunTime:0.001386s ]
[2023-06-30T11:56:47+08:00][sql] SELECT * FROM `information` ORDER BY `time` DESC LIMIT 1 [ RunTime:0.000307s ]
[2023-06-30T11:56:47+08:00][sql] SHOW FULL COLUMNS FROM `topic` [ RunTime:0.000854s ]
[2023-06-30T11:56:47+08:00][sql] SELECT * FROM `topic` [ RunTime:0.000186s ]
[2023-06-30T11:56:47+08:00][sql] SELECT * FROM `information` ORDER BY `time` DESC [ RunTime:0.000774s ]
[2023-06-30T11:56:47+08:00][sql] SHOW FULL COLUMNS FROM `address` [ RunTime:0.001038s ]
[2023-06-30T11:56:47+08:00][sql] SELECT * FROM `address` WHERE  `id` = 1 LIMIT 1 [ RunTime:0.000262s ]
[2023-06-30T11:56:47+08:00][sql] SELECT * FROM `address` WHERE  `id` = 2 LIMIT 1 [ RunTime:0.000199s ]
[2023-06-30T16:19:00+08:00][sql] CONNECT:[ UseTime:0.000433s ] mysql:host=localhost;port=3316;dbname=coffee;charset=utf8
[2023-06-30T16:19:00+08:00][sql] SHOW FULL COLUMNS FROM `information` [ RunTime:0.001371s ]
[2023-06-30T16:19:00+08:00][sql] SELECT * FROM `information` WHERE  `id` = 15 LIMIT 1 [ RunTime:0.000286s ]
[2023-06-30T16:19:00+08:00][sql] SHOW FULL COLUMNS FROM `address` [ RunTime:0.000984s ]
[2023-06-30T16:19:00+08:00][sql] SELECT * FROM `address` WHERE  `id` = 1 LIMIT 1 [ RunTime:0.000335s ]
[2023-06-30T16:19:00+08:00][sql] SELECT * FROM `address` WHERE  `id` = 2 LIMIT 1 [ RunTime:0.000253s ]
[2023-06-30T16:29:08+08:00][sql] CONNECT:[ UseTime:0.000432s ] mysql:host=localhost;port=3316;dbname=coffee;charset=utf8
[2023-06-30T16:29:08+08:00][sql] SHOW FULL COLUMNS FROM `information` [ RunTime:0.001494s ]
[2023-06-30T16:29:08+08:00][sql] SELECT * FROM `information` WHERE  `id` = 15 LIMIT 1 [ RunTime:0.000338s ]
[2023-06-30T16:29:08+08:00][sql] SHOW FULL COLUMNS FROM `address` [ RunTime:0.000978s ]
[2023-06-30T16:29:08+08:00][sql] SELECT * FROM `address` WHERE  `id` = 1 LIMIT 1 [ RunTime:0.000251s ]
[2023-06-30T16:29:08+08:00][sql] SELECT * FROM `address` WHERE  `id` = 2 LIMIT 1 [ RunTime:0.000222s ]
[2023-06-30T17:28:23+08:00][sql] CONNECT:[ UseTime:0.000509s ] mysql:host=localhost;port=3316;dbname=coffee;charset=utf8
[2023-06-30T17:28:23+08:00][sql] SHOW FULL COLUMNS FROM `information` [ RunTime:0.001518s ]
[2023-06-30T17:28:23+08:00][sql] SELECT * FROM `information` WHERE  `id` = 17 LIMIT 1 [ RunTime:0.000330s ]
[2023-06-30T17:28:23+08:00][sql] SHOW FULL COLUMNS FROM `address` [ RunTime:0.001131s ]
[2023-06-30T17:28:23+08:00][sql] SELECT * FROM `address` WHERE  `id` = 1 LIMIT 1 [ RunTime:0.000266s ]
[2023-06-30T17:28:23+08:00][sql] SELECT * FROM `address` WHERE  `id` = 2 LIMIT 1 [ RunTime:0.000231s ]
[2023-06-30T17:37:50+08:00][sql] CONNECT:[ UseTime:0.000481s ] mysql:host=localhost;port=3316;dbname=coffee;charset=utf8
[2023-06-30T17:37:50+08:00][sql] SHOW FULL COLUMNS FROM `information` [ RunTime:0.001480s ]
[2023-06-30T17:37:50+08:00][sql] SELECT * FROM `information` WHERE  `id` = 17 LIMIT 1 [ RunTime:0.000398s ]
[2023-06-30T17:37:50+08:00][sql] SHOW FULL COLUMNS FROM `address` [ RunTime:0.001011s ]
[2023-06-30T17:37:50+08:00][sql] SELECT * FROM `address` WHERE  `id` = 1 LIMIT 1 [ RunTime:0.000318s ]
[2023-06-30T17:37:50+08:00][sql] SELECT * FROM `address` WHERE  `id` = 2 LIMIT 1 [ RunTime:0.000261s ]
[2023-06-30T22:06:14+08:00][sql] CONNECT:[ UseTime:0.000557s ] mysql:host=localhost;port=3316;dbname=coffee;charset=utf8
[2023-06-30T22:06:14+08:00][sql] SHOW FULL COLUMNS FROM `information` [ RunTime:0.001957s ]
[2023-06-30T22:06:14+08:00][sql] SELECT * FROM `information` WHERE  `id` = 21 LIMIT 1 [ RunTime:0.000327s ]
[2023-06-30T22:06:14+08:00][sql] SHOW FULL COLUMNS FROM `address` [ RunTime:0.001164s ]
[2023-06-30T22:06:14+08:00][sql] SELECT * FROM `address` WHERE  `id` = 1 LIMIT 1 [ RunTime:0.000295s ]
[2023-06-30T22:06:14+08:00][sql] SELECT * FROM `address` WHERE  `id` = 2 LIMIT 1 [ RunTime:0.000301s ]
