[2022-12-20T00:05:46+08:00][sql] CONNECT:[ UseTime:0.000436s ] mysql:host=localhost;port=3316;dbname=coffee;charset=utf8
[2022-12-20T00:05:46+08:00][sql] SHOW FULL COLUMNS FROM `banner` [ RunTime:0.001282s ]
[2022-12-20T00:05:46+08:00][sql] SELECT * FROM `banner` [ RunTime:0.000260s ]
[2022-12-20T00:05:46+08:00][sql] SHOW FULL COLUMNS FROM `information` [ RunTime:0.001018s ]
[2022-12-20T00:05:46+08:00][sql] SELECT * FROM `information` ORDER BY `time` DESC LIMIT 1 [ RunTime:0.000332s ]
[2022-12-20T00:05:46+08:00][sql] SELECT * FROM `information` ORDER BY `time` DESC LIMIT 1,4 [ RunTime:0.000399s ]
[2022-12-20T00:05:46+08:00][sql] SHOW FULL COLUMNS FROM `course` [ RunTime:0.001092s ]
[2022-12-20T00:05:46+08:00][sql] SELECT `id`,`title` FROM `course` ORDER BY `sorting` ASC LIMIT 0,6 [ RunTime:0.000310s ]
[2022-12-20T00:05:46+08:00][sql] SHOW FULL COLUMNS FROM `teacher` [ RunTime:0.000930s ]
[2022-12-20T00:05:46+08:00][sql] SELECT * FROM `teacher` [ RunTime:0.000277s ]
[2022-12-20T00:05:46+08:00][sql] SHOW FULL COLUMNS FROM `address` [ RunTime:0.000971s ]
[2022-12-20T00:05:46+08:00][sql] SELECT * FROM `address` WHERE  `id` = 1 LIMIT 1 [ RunTime:0.000282s ]
[2022-12-20T00:05:46+08:00][sql] SELECT * FROM `address` WHERE  `id` = 2 LIMIT 1 [ RunTime:0.000247s ]
[2022-12-20T00:23:06+08:00][sql] CONNECT:[ UseTime:0.000374s ] mysql:host=localhost;port=3316;dbname=coffee;charset=utf8
[2022-12-20T00:23:06+08:00][sql] SHOW FULL COLUMNS FROM `banner` [ RunTime:0.001208s ]
[2022-12-20T00:23:06+08:00][sql] SELECT * FROM `banner` [ RunTime:0.000272s ]
[2022-12-20T00:23:06+08:00][sql] SHOW FULL COLUMNS FROM `information` [ RunTime:0.001028s ]
[2022-12-20T00:23:06+08:00][sql] SELECT * FROM `information` ORDER BY `time` DESC LIMIT 1 [ RunTime:0.000344s ]
[2022-12-20T00:23:06+08:00][sql] SELECT * FROM `information` ORDER BY `time` DESC LIMIT 1,4 [ RunTime:0.000397s ]
[2022-12-20T00:23:06+08:00][sql] SHOW FULL COLUMNS FROM `course` [ RunTime:0.001072s ]
[2022-12-20T00:23:06+08:00][sql] SELECT `id`,`title` FROM `course` ORDER BY `sorting` ASC LIMIT 0,6 [ RunTime:0.000284s ]
[2022-12-20T00:23:06+08:00][sql] SHOW FULL COLUMNS FROM `teacher` [ RunTime:0.000926s ]
[2022-12-20T00:23:06+08:00][sql] SELECT * FROM `teacher` [ RunTime:0.000270s ]
[2022-12-20T00:23:06+08:00][sql] SHOW FULL COLUMNS FROM `address` [ RunTime:0.000930s ]
[2022-12-20T00:23:06+08:00][sql] SELECT * FROM `address` WHERE  `id` = 1 LIMIT 1 [ RunTime:0.000337s ]
[2022-12-20T00:23:06+08:00][sql] SELECT * FROM `address` WHERE  `id` = 2 LIMIT 1 [ RunTime:0.000257s ]
[2022-12-20T01:01:26+08:00][sql] CONNECT:[ UseTime:0.000345s ] mysql:host=localhost;port=3316;dbname=coffee;charset=utf8
[2022-12-20T01:01:26+08:00][sql] SHOW FULL COLUMNS FROM `banner` [ RunTime:0.001248s ]
[2022-12-20T01:01:26+08:00][sql] SELECT * FROM `banner` [ RunTime:0.000247s ]
[2022-12-20T01:01:26+08:00][sql] SHOW FULL COLUMNS FROM `information` [ RunTime:0.001135s ]
[2022-12-20T01:01:26+08:00][sql] SELECT * FROM `information` ORDER BY `time` DESC LIMIT 1 [ RunTime:0.000297s ]
[2022-12-20T01:01:26+08:00][sql] SELECT * FROM `information` ORDER BY `time` DESC LIMIT 1,4 [ RunTime:0.000334s ]
[2022-12-20T01:01:26+08:00][sql] SHOW FULL COLUMNS FROM `course` [ RunTime:0.001146s ]
[2022-12-20T01:01:26+08:00][sql] SELECT `id`,`title` FROM `course` ORDER BY `sorting` ASC LIMIT 0,6 [ RunTime:0.000259s ]
[2022-12-20T01:01:26+08:00][sql] SHOW FULL COLUMNS FROM `teacher` [ RunTime:0.000887s ]
[2022-12-20T01:01:26+08:00][sql] SELECT * FROM `teacher` [ RunTime:0.000219s ]
[2022-12-20T01:01:26+08:00][sql] SHOW FULL COLUMNS FROM `address` [ RunTime:0.000895s ]
[2022-12-20T01:01:26+08:00][sql] SELECT * FROM `address` WHERE  `id` = 1 LIMIT 1 [ RunTime:0.000242s ]
[2022-12-20T01:01:26+08:00][sql] SELECT * FROM `address` WHERE  `id` = 2 LIMIT 1 [ RunTime:0.000231s ]
[2022-12-20T02:20:54+08:00][sql] CONNECT:[ UseTime:0.000438s ] mysql:host=localhost;port=3316;dbname=coffee;charset=utf8
[2022-12-20T02:20:54+08:00][sql] SHOW FULL COLUMNS FROM `banner` [ RunTime:0.001467s ]
[2022-12-20T02:20:54+08:00][sql] SELECT * FROM `banner` [ RunTime:0.000333s ]
[2022-12-20T02:20:54+08:00][sql] SHOW FULL COLUMNS FROM `information` [ RunTime:0.001010s ]
[2022-12-20T02:20:54+08:00][sql] SELECT * FROM `information` ORDER BY `time` DESC LIMIT 1 [ RunTime:0.000366s ]
[2022-12-20T02:20:54+08:00][sql] SELECT * FROM `information` ORDER BY `time` DESC LIMIT 1,4 [ RunTime:0.000384s ]
[2022-12-20T02:20:54+08:00][sql] SHOW FULL COLUMNS FROM `course` [ RunTime:0.001314s ]
[2022-12-20T02:20:54+08:00][sql] SELECT `id`,`title` FROM `course` ORDER BY `sorting` ASC LIMIT 0,6 [ RunTime:0.000603s ]
[2022-12-20T02:20:54+08:00][sql] SHOW FULL COLUMNS FROM `teacher` [ RunTime:0.000926s ]
[2022-12-20T02:20:54+08:00][sql] SELECT * FROM `teacher` [ RunTime:0.000257s ]
[2022-12-20T02:20:54+08:00][sql] SHOW FULL COLUMNS FROM `address` [ RunTime:0.000943s ]
[2022-12-20T02:20:54+08:00][sql] SELECT * FROM `address` WHERE  `id` = 1 LIMIT 1 [ RunTime:0.000273s ]
[2022-12-20T02:20:54+08:00][sql] SELECT * FROM `address` WHERE  `id` = 2 LIMIT 1 [ RunTime:0.000246s ]
[2022-12-20T02:28:20+08:00][sql] CONNECT:[ UseTime:0.000423s ] mysql:host=localhost;port=3316;dbname=coffee;charset=utf8
[2022-12-20T02:28:20+08:00][sql] SHOW FULL COLUMNS FROM `banner` [ RunTime:0.001233s ]
[2022-12-20T02:28:20+08:00][sql] SELECT * FROM `banner` [ RunTime:0.000261s ]
[2022-12-20T02:28:20+08:00][sql] SHOW FULL COLUMNS FROM `information` [ RunTime:0.001083s ]
[2022-12-20T02:28:20+08:00][sql] SELECT * FROM `information` ORDER BY `time` DESC LIMIT 1 [ RunTime:0.000377s ]
[2022-12-20T02:28:20+08:00][sql] SELECT * FROM `information` ORDER BY `time` DESC LIMIT 1,4 [ RunTime:0.000389s ]
[2022-12-20T02:28:20+08:00][sql] SHOW FULL COLUMNS FROM `course` [ RunTime:0.001075s ]
[2022-12-20T02:28:20+08:00][sql] SELECT `id`,`title` FROM `course` ORDER BY `sorting` ASC LIMIT 0,6 [ RunTime:0.000261s ]
[2022-12-20T02:28:20+08:00][sql] SHOW FULL COLUMNS FROM `teacher` [ RunTime:0.000926s ]
[2022-12-20T02:28:20+08:00][sql] SELECT * FROM `teacher` [ RunTime:0.000259s ]
[2022-12-20T02:28:20+08:00][sql] SHOW FULL COLUMNS FROM `address` [ RunTime:0.000916s ]
[2022-12-20T02:28:20+08:00][sql] SELECT * FROM `address` WHERE  `id` = 1 LIMIT 1 [ RunTime:0.000291s ]
[2022-12-20T02:28:20+08:00][sql] SELECT * FROM `address` WHERE  `id` = 2 LIMIT 1 [ RunTime:0.000246s ]
[2022-12-20T02:28:20+08:00][sql] CONNECT:[ UseTime:0.000413s ] mysql:host=localhost;port=3316;dbname=coffee;charset=utf8
[2022-12-20T02:28:20+08:00][sql] SHOW FULL COLUMNS FROM `banner` [ RunTime:0.001248s ]
[2022-12-20T02:28:20+08:00][sql] SELECT * FROM `banner` [ RunTime:0.000251s ]
[2022-12-20T02:28:20+08:00][sql] SHOW FULL COLUMNS FROM `information` [ RunTime:0.001025s ]
[2022-12-20T02:28:20+08:00][sql] SELECT * FROM `information` ORDER BY `time` DESC LIMIT 1 [ RunTime:0.000324s ]
[2022-12-20T02:28:20+08:00][sql] SELECT * FROM `information` ORDER BY `time` DESC LIMIT 1,4 [ RunTime:0.000384s ]
[2022-12-20T02:28:20+08:00][sql] SHOW FULL COLUMNS FROM `course` [ RunTime:0.001118s ]
[2022-12-20T02:28:20+08:00][sql] SELECT `id`,`title` FROM `course` ORDER BY `sorting` ASC LIMIT 0,6 [ RunTime:0.000312s ]
[2022-12-20T02:28:20+08:00][sql] SHOW FULL COLUMNS FROM `teacher` [ RunTime:0.000910s ]
[2022-12-20T02:28:20+08:00][sql] SELECT * FROM `teacher` [ RunTime:0.000260s ]
[2022-12-20T02:28:20+08:00][sql] SHOW FULL COLUMNS FROM `address` [ RunTime:0.000931s ]
[2022-12-20T02:28:20+08:00][sql] SELECT * FROM `address` WHERE  `id` = 1 LIMIT 1 [ RunTime:0.000284s ]
[2022-12-20T02:28:20+08:00][sql] SELECT * FROM `address` WHERE  `id` = 2 LIMIT 1 [ RunTime:0.000279s ]
[2022-12-20T02:28:25+08:00][sql] CONNECT:[ UseTime:0.000405s ] mysql:host=localhost;port=3316;dbname=coffee;charset=utf8
[2022-12-20T02:28:25+08:00][sql] SHOW FULL COLUMNS FROM `banner` [ RunTime:0.001231s ]
[2022-12-20T02:28:25+08:00][sql] SELECT * FROM `banner` [ RunTime:0.000260s ]
[2022-12-20T02:28:25+08:00][sql] SHOW FULL COLUMNS FROM `information` [ RunTime:0.001004s ]
[2022-12-20T02:28:25+08:00][sql] SELECT * FROM `information` ORDER BY `time` DESC LIMIT 1 [ RunTime:0.000368s ]
[2022-12-20T02:28:25+08:00][sql] SELECT * FROM `information` ORDER BY `time` DESC LIMIT 1,4 [ RunTime:0.000392s ]
[2022-12-20T02:28:25+08:00][sql] SHOW FULL COLUMNS FROM `course` [ RunTime:0.001143s ]
[2022-12-20T02:28:25+08:00][sql] SELECT `id`,`title` FROM `course` ORDER BY `sorting` ASC LIMIT 0,6 [ RunTime:0.000265s ]
[2022-12-20T02:28:25+08:00][sql] SHOW FULL COLUMNS FROM `teacher` [ RunTime:0.000967s ]
[2022-12-20T02:28:25+08:00][sql] SELECT * FROM `teacher` [ RunTime:0.000261s ]
[2022-12-20T02:28:25+08:00][sql] SHOW FULL COLUMNS FROM `address` [ RunTime:0.000905s ]
[2022-12-20T02:28:25+08:00][sql] SELECT * FROM `address` WHERE  `id` = 1 LIMIT 1 [ RunTime:0.000278s ]
[2022-12-20T02:28:25+08:00][sql] SELECT * FROM `address` WHERE  `id` = 2 LIMIT 1 [ RunTime:0.000245s ]
[2022-12-20T02:46:45+08:00][sql] CONNECT:[ UseTime:0.000394s ] mysql:host=localhost;port=3316;dbname=coffee;charset=utf8
[2022-12-20T02:46:45+08:00][sql] SHOW FULL COLUMNS FROM `banner` [ RunTime:0.001186s ]
[2022-12-20T02:46:45+08:00][sql] SELECT * FROM `banner` [ RunTime:0.000225s ]
[2022-12-20T02:46:45+08:00][sql] SHOW FULL COLUMNS FROM `information` [ RunTime:0.000914s ]
[2022-12-20T02:46:45+08:00][sql] SELECT * FROM `information` ORDER BY `time` DESC LIMIT 1 [ RunTime:0.000311s ]
[2022-12-20T02:46:45+08:00][sql] SELECT * FROM `information` ORDER BY `time` DESC LIMIT 1,4 [ RunTime:0.000318s ]
[2022-12-20T02:46:45+08:00][sql] SHOW FULL COLUMNS FROM `course` [ RunTime:0.001151s ]
[2022-12-20T02:46:45+08:00][sql] SELECT `id`,`title` FROM `course` ORDER BY `sorting` ASC LIMIT 0,6 [ RunTime:0.000240s ]
[2022-12-20T02:46:45+08:00][sql] SHOW FULL COLUMNS FROM `teacher` [ RunTime:0.000879s ]
[2022-12-20T02:46:45+08:00][sql] SELECT * FROM `teacher` [ RunTime:0.000256s ]
[2022-12-20T02:46:45+08:00][sql] SHOW FULL COLUMNS FROM `address` [ RunTime:0.001018s ]
[2022-12-20T02:46:45+08:00][sql] SELECT * FROM `address` WHERE  `id` = 1 LIMIT 1 [ RunTime:0.000238s ]
[2022-12-20T02:46:45+08:00][sql] SELECT * FROM `address` WHERE  `id` = 2 LIMIT 1 [ RunTime:0.000192s ]
[2022-12-20T02:50:58+08:00][sql] CONNECT:[ UseTime:0.000413s ] mysql:host=localhost;port=3316;dbname=coffee;charset=utf8
[2022-12-20T02:50:58+08:00][sql] SHOW FULL COLUMNS FROM `banner` [ RunTime:0.001234s ]
[2022-12-20T02:50:58+08:00][sql] SELECT * FROM `banner` [ RunTime:0.000234s ]
[2022-12-20T02:50:58+08:00][sql] SHOW FULL COLUMNS FROM `information` [ RunTime:0.000970s ]
[2022-12-20T02:50:58+08:00][sql] SELECT * FROM `information` ORDER BY `time` DESC LIMIT 1 [ RunTime:0.000292s ]
[2022-12-20T02:50:58+08:00][sql] SELECT * FROM `information` ORDER BY `time` DESC LIMIT 1,4 [ RunTime:0.000368s ]
[2022-12-20T02:50:58+08:00][sql] SHOW FULL COLUMNS FROM `course` [ RunTime:0.001135s ]
[2022-12-20T02:50:58+08:00][sql] SELECT `id`,`title` FROM `course` ORDER BY `sorting` ASC LIMIT 0,6 [ RunTime:0.000279s ]
[2022-12-20T02:50:58+08:00][sql] SHOW FULL COLUMNS FROM `teacher` [ RunTime:0.001038s ]
[2022-12-20T02:50:58+08:00][sql] SELECT * FROM `teacher` [ RunTime:0.000277s ]
[2022-12-20T02:50:58+08:00][sql] SHOW FULL COLUMNS FROM `address` [ RunTime:0.001067s ]
[2022-12-20T02:50:58+08:00][sql] SELECT * FROM `address` WHERE  `id` = 1 LIMIT 1 [ RunTime:0.000314s ]
[2022-12-20T02:50:58+08:00][sql] SELECT * FROM `address` WHERE  `id` = 2 LIMIT 1 [ RunTime:0.000238s ]
[2022-12-20T02:55:07+08:00][sql] CONNECT:[ UseTime:0.000458s ] mysql:host=localhost;port=3316;dbname=coffee;charset=utf8
[2022-12-20T02:55:07+08:00][sql] SHOW FULL COLUMNS FROM `banner` [ RunTime:0.001231s ]
[2022-12-20T02:55:07+08:00][sql] SELECT * FROM `banner` [ RunTime:0.000278s ]
[2022-12-20T02:55:07+08:00][sql] SHOW FULL COLUMNS FROM `information` [ RunTime:0.001014s ]
[2022-12-20T02:55:07+08:00][sql] SELECT * FROM `information` ORDER BY `time` DESC LIMIT 1 [ RunTime:0.000352s ]
[2022-12-20T02:55:07+08:00][sql] SELECT * FROM `information` ORDER BY `time` DESC LIMIT 1,4 [ RunTime:0.000391s ]
[2022-12-20T02:55:07+08:00][sql] SHOW FULL COLUMNS FROM `course` [ RunTime:0.001088s ]
[2022-12-20T02:55:07+08:00][sql] SELECT `id`,`title` FROM `course` ORDER BY `sorting` ASC LIMIT 0,6 [ RunTime:0.000286s ]
[2022-12-20T02:55:07+08:00][sql] SHOW FULL COLUMNS FROM `teacher` [ RunTime:0.000911s ]
[2022-12-20T02:55:07+08:00][sql] SELECT * FROM `teacher` [ RunTime:0.000272s ]
[2022-12-20T02:55:07+08:00][sql] SHOW FULL COLUMNS FROM `address` [ RunTime:0.000918s ]
[2022-12-20T02:55:07+08:00][sql] SELECT * FROM `address` WHERE  `id` = 1 LIMIT 1 [ RunTime:0.000277s ]
[2022-12-20T02:55:07+08:00][sql] SELECT * FROM `address` WHERE  `id` = 2 LIMIT 1 [ RunTime:0.000290s ]
[2022-12-20T03:54:45+08:00][sql] CONNECT:[ UseTime:0.000419s ] mysql:host=localhost;port=3316;dbname=coffee;charset=utf8
[2022-12-20T03:54:45+08:00][sql] SHOW FULL COLUMNS FROM `banner` [ RunTime:0.001322s ]
[2022-12-20T03:54:45+08:00][sql] SELECT * FROM `banner` [ RunTime:0.000269s ]
[2022-12-20T03:54:45+08:00][sql] SHOW FULL COLUMNS FROM `information` [ RunTime:0.001016s ]
[2022-12-20T03:54:45+08:00][sql] SELECT * FROM `information` ORDER BY `time` DESC LIMIT 1 [ RunTime:0.000323s ]
[2022-12-20T03:54:45+08:00][sql] SELECT * FROM `information` ORDER BY `time` DESC LIMIT 1,4 [ RunTime:0.000402s ]
[2022-12-20T03:54:45+08:00][sql] SHOW FULL COLUMNS FROM `course` [ RunTime:0.001145s ]
[2022-12-20T03:54:45+08:00][sql] SELECT `id`,`title` FROM `course` ORDER BY `sorting` ASC LIMIT 0,6 [ RunTime:0.000415s ]
[2022-12-20T03:54:45+08:00][sql] SHOW FULL COLUMNS FROM `teacher` [ RunTime:0.001045s ]
[2022-12-20T03:54:45+08:00][sql] SELECT * FROM `teacher` [ RunTime:0.000264s ]
[2022-12-20T03:54:45+08:00][sql] SHOW FULL COLUMNS FROM `address` [ RunTime:0.000941s ]
[2022-12-20T03:54:45+08:00][sql] SELECT * FROM `address` WHERE  `id` = 1 LIMIT 1 [ RunTime:0.000286s ]
[2022-12-20T03:54:45+08:00][sql] SELECT * FROM `address` WHERE  `id` = 2 LIMIT 1 [ RunTime:0.000275s ]
[2022-12-20T04:01:38+08:00][sql] CONNECT:[ UseTime:0.000405s ] mysql:host=localhost;port=3316;dbname=coffee;charset=utf8
[2022-12-20T04:01:38+08:00][sql] SHOW FULL COLUMNS FROM `banner` [ RunTime:0.001238s ]
[2022-12-20T04:01:38+08:00][sql] SELECT * FROM `banner` [ RunTime:0.000267s ]
[2022-12-20T04:01:38+08:00][sql] SHOW FULL COLUMNS FROM `information` [ RunTime:0.000972s ]
[2022-12-20T04:01:38+08:00][sql] SELECT * FROM `information` ORDER BY `time` DESC LIMIT 1 [ RunTime:0.000329s ]
[2022-12-20T04:01:38+08:00][sql] SELECT * FROM `information` ORDER BY `time` DESC LIMIT 1,4 [ RunTime:0.000394s ]
[2022-12-20T04:01:38+08:00][sql] SHOW FULL COLUMNS FROM `course` [ RunTime:0.001071s ]
[2022-12-20T04:01:38+08:00][sql] SELECT `id`,`title` FROM `course` ORDER BY `sorting` ASC LIMIT 0,6 [ RunTime:0.000258s ]
[2022-12-20T04:01:38+08:00][sql] SHOW FULL COLUMNS FROM `teacher` [ RunTime:0.000902s ]
[2022-12-20T04:01:38+08:00][sql] SELECT * FROM `teacher` [ RunTime:0.000265s ]
[2022-12-20T04:01:38+08:00][sql] SHOW FULL COLUMNS FROM `address` [ RunTime:0.000950s ]
[2022-12-20T04:01:38+08:00][sql] SELECT * FROM `address` WHERE  `id` = 1 LIMIT 1 [ RunTime:0.000283s ]
[2022-12-20T04:01:38+08:00][sql] SELECT * FROM `address` WHERE  `id` = 2 LIMIT 1 [ RunTime:0.000257s ]
[2022-12-20T04:01:38+08:00][sql] CONNECT:[ UseTime:0.000395s ] mysql:host=localhost;port=3316;dbname=coffee;charset=utf8
[2022-12-20T04:01:38+08:00][sql] SHOW FULL COLUMNS FROM `banner` [ RunTime:0.001207s ]
[2022-12-20T04:01:38+08:00][sql] SELECT * FROM `banner` [ RunTime:0.000270s ]
[2022-12-20T04:01:38+08:00][sql] SHOW FULL COLUMNS FROM `information` [ RunTime:0.000976s ]
[2022-12-20T04:01:38+08:00][sql] SELECT * FROM `information` ORDER BY `time` DESC LIMIT 1 [ RunTime:0.000324s ]
[2022-12-20T04:01:38+08:00][sql] SELECT * FROM `information` ORDER BY `time` DESC LIMIT 1,4 [ RunTime:0.000383s ]
[2022-12-20T04:01:38+08:00][sql] SHOW FULL COLUMNS FROM `course` [ RunTime:0.001065s ]
[2022-12-20T04:01:38+08:00][sql] SELECT `id`,`title` FROM `course` ORDER BY `sorting` ASC LIMIT 0,6 [ RunTime:0.000267s ]
[2022-12-20T04:01:38+08:00][sql] SHOW FULL COLUMNS FROM `teacher` [ RunTime:0.000927s ]
[2022-12-20T04:01:38+08:00][sql] SELECT * FROM `teacher` [ RunTime:0.000257s ]
[2022-12-20T04:01:38+08:00][sql] SHOW FULL COLUMNS FROM `address` [ RunTime:0.000933s ]
[2022-12-20T04:01:38+08:00][sql] SELECT * FROM `address` WHERE  `id` = 1 LIMIT 1 [ RunTime:0.000282s ]
[2022-12-20T04:01:38+08:00][sql] SELECT * FROM `address` WHERE  `id` = 2 LIMIT 1 [ RunTime:0.000259s ]
[2022-12-20T04:33:10+08:00][sql] CONNECT:[ UseTime:0.000458s ] mysql:host=localhost;port=3316;dbname=coffee;charset=utf8
[2022-12-20T04:33:10+08:00][sql] SHOW FULL COLUMNS FROM `banner` [ RunTime:0.001705s ]
[2022-12-20T04:33:10+08:00][sql] SELECT * FROM `banner` [ RunTime:0.000278s ]
[2022-12-20T04:33:10+08:00][sql] SHOW FULL COLUMNS FROM `information` [ RunTime:0.001158s ]
[2022-12-20T04:33:10+08:00][sql] SELECT * FROM `information` ORDER BY `time` DESC LIMIT 1 [ RunTime:0.000354s ]
[2022-12-20T04:33:10+08:00][sql] SELECT * FROM `information` ORDER BY `time` DESC LIMIT 1,4 [ RunTime:0.000431s ]
[2022-12-20T04:33:10+08:00][sql] SHOW FULL COLUMNS FROM `course` [ RunTime:0.001115s ]
[2022-12-20T04:33:10+08:00][sql] SELECT `id`,`title` FROM `course` ORDER BY `sorting` ASC LIMIT 0,6 [ RunTime:0.000266s ]
[2022-12-20T04:33:10+08:00][sql] SHOW FULL COLUMNS FROM `teacher` [ RunTime:0.000910s ]
[2022-12-20T04:33:10+08:00][sql] SELECT * FROM `teacher` [ RunTime:0.000263s ]
[2022-12-20T04:33:10+08:00][sql] SHOW FULL COLUMNS FROM `address` [ RunTime:0.000972s ]
[2022-12-20T04:33:10+08:00][sql] SELECT * FROM `address` WHERE  `id` = 1 LIMIT 1 [ RunTime:0.000291s ]
[2022-12-20T04:33:10+08:00][sql] SELECT * FROM `address` WHERE  `id` = 2 LIMIT 1 [ RunTime:0.000268s ]
[2022-12-20T05:25:14+08:00][sql] CONNECT:[ UseTime:0.000427s ] mysql:host=localhost;port=3316;dbname=coffee;charset=utf8
[2022-12-20T05:25:14+08:00][sql] SHOW FULL COLUMNS FROM `banner` [ RunTime:0.001221s ]
[2022-12-20T05:25:14+08:00][sql] SELECT * FROM `banner` [ RunTime:0.000364s ]
[2022-12-20T05:25:14+08:00][sql] SHOW FULL COLUMNS FROM `information` [ RunTime:0.002445s ]
[2022-12-20T05:25:14+08:00][sql] SELECT * FROM `information` ORDER BY `time` DESC LIMIT 1 [ RunTime:0.000359s ]
[2022-12-20T05:25:14+08:00][sql] SELECT * FROM `information` ORDER BY `time` DESC LIMIT 1,4 [ RunTime:0.000386s ]
[2022-12-20T05:25:14+08:00][sql] SHOW FULL COLUMNS FROM `course` [ RunTime:0.001116s ]
[2022-12-20T05:25:14+08:00][sql] SELECT `id`,`title` FROM `course` ORDER BY `sorting` ASC LIMIT 0,6 [ RunTime:0.000259s ]
[2022-12-20T05:25:14+08:00][sql] SHOW FULL COLUMNS FROM `teacher` [ RunTime:0.000911s ]
[2022-12-20T05:25:14+08:00][sql] SELECT * FROM `teacher` [ RunTime:0.000260s ]
[2022-12-20T05:25:14+08:00][sql] SHOW FULL COLUMNS FROM `address` [ RunTime:0.000934s ]
[2022-12-20T05:25:14+08:00][sql] SELECT * FROM `address` WHERE  `id` = 1 LIMIT 1 [ RunTime:0.000272s ]
[2022-12-20T05:25:14+08:00][sql] SELECT * FROM `address` WHERE  `id` = 2 LIMIT 1 [ RunTime:0.000255s ]
[2022-12-20T06:47:38+08:00][sql] CONNECT:[ UseTime:0.000417s ] mysql:host=localhost;port=3316;dbname=coffee;charset=utf8
[2022-12-20T06:47:38+08:00][sql] SHOW FULL COLUMNS FROM `banner` [ RunTime:0.001240s ]
[2022-12-20T06:47:38+08:00][sql] SELECT * FROM `banner` [ RunTime:0.000225s ]
[2022-12-20T06:47:38+08:00][sql] SHOW FULL COLUMNS FROM `information` [ RunTime:0.000962s ]
[2022-12-20T06:47:38+08:00][sql] SELECT * FROM `information` ORDER BY `time` DESC LIMIT 1 [ RunTime:0.000284s ]
[2022-12-20T06:47:38+08:00][sql] SELECT * FROM `information` ORDER BY `time` DESC LIMIT 1,4 [ RunTime:0.000325s ]
[2022-12-20T06:47:38+08:00][sql] SHOW FULL COLUMNS FROM `course` [ RunTime:0.001065s ]
[2022-12-20T06:47:38+08:00][sql] SELECT `id`,`title` FROM `course` ORDER BY `sorting` ASC LIMIT 0,6 [ RunTime:0.000248s ]
[2022-12-20T06:47:38+08:00][sql] SHOW FULL COLUMNS FROM `teacher` [ RunTime:0.000968s ]
[2022-12-20T06:47:38+08:00][sql] SELECT * FROM `teacher` [ RunTime:0.000220s ]
[2022-12-20T06:47:38+08:00][sql] SHOW FULL COLUMNS FROM `address` [ RunTime:0.000913s ]
[2022-12-20T06:47:38+08:00][sql] SELECT * FROM `address` WHERE  `id` = 1 LIMIT 1 [ RunTime:0.000263s ]
[2022-12-20T06:47:38+08:00][sql] SELECT * FROM `address` WHERE  `id` = 2 LIMIT 1 [ RunTime:0.000207s ]
[2022-12-20T06:47:40+08:00][sql] CONNECT:[ UseTime:0.000610s ] mysql:host=localhost;port=3316;dbname=coffee;charset=utf8
[2022-12-20T06:47:40+08:00][sql] SHOW FULL COLUMNS FROM `banner` [ RunTime:0.001649s ]
[2022-12-20T06:47:40+08:00][sql] SELECT * FROM `banner` [ RunTime:0.000268s ]
[2022-12-20T06:47:40+08:00][sql] SHOW FULL COLUMNS FROM `information` [ RunTime:0.001341s ]
[2022-12-20T06:47:40+08:00][sql] SELECT * FROM `information` ORDER BY `time` DESC LIMIT 1 [ RunTime:0.000374s ]
[2022-12-20T06:47:40+08:00][sql] SELECT * FROM `information` ORDER BY `time` DESC LIMIT 1,4 [ RunTime:0.000523s ]
[2022-12-20T06:47:40+08:00][sql] SHOW FULL COLUMNS FROM `course` [ RunTime:0.001524s ]
[2022-12-20T06:47:40+08:00][sql] SELECT `id`,`title` FROM `course` ORDER BY `sorting` ASC LIMIT 0,6 [ RunTime:0.000277s ]
[2022-12-20T06:47:40+08:00][sql] SHOW FULL COLUMNS FROM `teacher` [ RunTime:0.001324s ]
[2022-12-20T06:47:40+08:00][sql] SELECT * FROM `teacher` [ RunTime:0.000296s ]
[2022-12-20T06:47:40+08:00][sql] SHOW FULL COLUMNS FROM `address` [ RunTime:0.001254s ]
[2022-12-20T06:47:40+08:00][sql] SELECT * FROM `address` WHERE  `id` = 1 LIMIT 1 [ RunTime:0.000289s ]
[2022-12-20T06:47:40+08:00][sql] SELECT * FROM `address` WHERE  `id` = 2 LIMIT 1 [ RunTime:0.000248s ]
[2022-12-20T09:13:02+08:00][sql] CONNECT:[ UseTime:0.000390s ] mysql:host=localhost;port=3316;dbname=coffee;charset=utf8
[2022-12-20T09:13:02+08:00][sql] SHOW FULL COLUMNS FROM `banner` [ RunTime:0.001237s ]
[2022-12-20T09:13:02+08:00][sql] SELECT * FROM `banner` [ RunTime:0.000250s ]
[2022-12-20T09:13:02+08:00][sql] SHOW FULL COLUMNS FROM `information` [ RunTime:0.000906s ]
[2022-12-20T09:13:02+08:00][sql] SELECT * FROM `information` ORDER BY `time` DESC LIMIT 1 [ RunTime:0.000309s ]
[2022-12-20T09:13:02+08:00][sql] SELECT * FROM `information` ORDER BY `time` DESC LIMIT 1,4 [ RunTime:0.000375s ]
[2022-12-20T09:13:02+08:00][sql] SHOW FULL COLUMNS FROM `course` [ RunTime:0.001135s ]
[2022-12-20T09:13:02+08:00][sql] SELECT `id`,`title` FROM `course` ORDER BY `sorting` ASC LIMIT 0,6 [ RunTime:0.000338s ]
[2022-12-20T09:13:02+08:00][sql] SHOW FULL COLUMNS FROM `teacher` [ RunTime:0.001131s ]
[2022-12-20T09:13:02+08:00][sql] SELECT * FROM `teacher` [ RunTime:0.000257s ]
[2022-12-20T09:13:02+08:00][sql] SHOW FULL COLUMNS FROM `address` [ RunTime:0.001116s ]
[2022-12-20T09:13:02+08:00][sql] SELECT * FROM `address` WHERE  `id` = 1 LIMIT 1 [ RunTime:0.000283s ]
[2022-12-20T09:13:02+08:00][sql] SELECT * FROM `address` WHERE  `id` = 2 LIMIT 1 [ RunTime:0.000241s ]
[2022-12-20T09:58:49+08:00][sql] CONNECT:[ UseTime:0.000408s ] mysql:host=localhost;port=3316;dbname=coffee;charset=utf8
[2022-12-20T09:58:49+08:00][sql] SHOW FULL COLUMNS FROM `banner` [ RunTime:0.001256s ]
[2022-12-20T09:58:49+08:00][sql] SELECT * FROM `banner` [ RunTime:0.000234s ]
[2022-12-20T09:58:49+08:00][sql] SHOW FULL COLUMNS FROM `information` [ RunTime:0.000980s ]
[2022-12-20T09:58:49+08:00][sql] SELECT * FROM `information` ORDER BY `time` DESC LIMIT 1 [ RunTime:0.000286s ]
[2022-12-20T09:58:49+08:00][sql] SELECT * FROM `information` ORDER BY `time` DESC LIMIT 1,4 [ RunTime:0.000324s ]
[2022-12-20T09:58:49+08:00][sql] SHOW FULL COLUMNS FROM `course` [ RunTime:0.001113s ]
[2022-12-20T09:58:49+08:00][sql] SELECT `id`,`title` FROM `course` ORDER BY `sorting` ASC LIMIT 0,6 [ RunTime:0.000225s ]
[2022-12-20T09:58:49+08:00][sql] SHOW FULL COLUMNS FROM `teacher` [ RunTime:0.000884s ]
[2022-12-20T09:58:49+08:00][sql] SELECT * FROM `teacher` [ RunTime:0.000217s ]
[2022-12-20T09:58:49+08:00][sql] SHOW FULL COLUMNS FROM `address` [ RunTime:0.000904s ]
[2022-12-20T09:58:49+08:00][sql] SELECT * FROM `address` WHERE  `id` = 1 LIMIT 1 [ RunTime:0.000305s ]
[2022-12-20T09:58:49+08:00][sql] SELECT * FROM `address` WHERE  `id` = 2 LIMIT 1 [ RunTime:0.000211s ]
[2022-12-20T10:19:31+08:00][sql] CONNECT:[ UseTime:0.000392s ] mysql:host=localhost;port=3316;dbname=coffee;charset=utf8
[2022-12-20T10:19:31+08:00][sql] SHOW FULL COLUMNS FROM `banner` [ RunTime:0.001205s ]
[2022-12-20T10:19:31+08:00][sql] SELECT * FROM `banner` [ RunTime:0.000240s ]
[2022-12-20T10:19:31+08:00][sql] SHOW FULL COLUMNS FROM `information` [ RunTime:0.000947s ]
[2022-12-20T10:19:31+08:00][sql] SELECT * FROM `information` ORDER BY `time` DESC LIMIT 1 [ RunTime:0.000309s ]
[2022-12-20T10:19:31+08:00][sql] SELECT * FROM `information` ORDER BY `time` DESC LIMIT 1,4 [ RunTime:0.000337s ]
[2022-12-20T10:19:31+08:00][sql] SHOW FULL COLUMNS FROM `course` [ RunTime:0.001072s ]
[2022-12-20T10:19:31+08:00][sql] SELECT `id`,`title` FROM `course` ORDER BY `sorting` ASC LIMIT 0,6 [ RunTime:0.000241s ]
[2022-12-20T10:19:31+08:00][sql] SHOW FULL COLUMNS FROM `teacher` [ RunTime:0.000859s ]
[2022-12-20T10:19:31+08:00][sql] SELECT * FROM `teacher` [ RunTime:0.000226s ]
[2022-12-20T10:19:31+08:00][sql] SHOW FULL COLUMNS FROM `address` [ RunTime:0.000949s ]
[2022-12-20T10:19:31+08:00][sql] SELECT * FROM `address` WHERE  `id` = 1 LIMIT 1 [ RunTime:0.000251s ]
[2022-12-20T10:19:31+08:00][sql] SELECT * FROM `address` WHERE  `id` = 2 LIMIT 1 [ RunTime:0.000207s ]
[2022-12-20T10:20:51+08:00][sql] CONNECT:[ UseTime:0.000415s ] mysql:host=localhost;port=3316;dbname=coffee;charset=utf8
[2022-12-20T10:20:51+08:00][sql] SHOW FULL COLUMNS FROM `banner` [ RunTime:0.001306s ]
[2022-12-20T10:20:51+08:00][sql] SELECT * FROM `banner` [ RunTime:0.000274s ]
[2022-12-20T10:20:51+08:00][sql] SHOW FULL COLUMNS FROM `information` [ RunTime:0.001025s ]
[2022-12-20T10:20:51+08:00][sql] SELECT * FROM `information` ORDER BY `time` DESC LIMIT 1 [ RunTime:0.000325s ]
[2022-12-20T10:20:51+08:00][sql] SELECT * FROM `information` ORDER BY `time` DESC LIMIT 1,4 [ RunTime:0.000391s ]
[2022-12-20T10:20:51+08:00][sql] SHOW FULL COLUMNS FROM `course` [ RunTime:0.001139s ]
[2022-12-20T10:20:51+08:00][sql] SELECT `id`,`title` FROM `course` ORDER BY `sorting` ASC LIMIT 0,6 [ RunTime:0.000272s ]
[2022-12-20T10:20:51+08:00][sql] SHOW FULL COLUMNS FROM `teacher` [ RunTime:0.000951s ]
[2022-12-20T10:20:51+08:00][sql] SELECT * FROM `teacher` [ RunTime:0.000299s ]
[2022-12-20T10:20:51+08:00][sql] SHOW FULL COLUMNS FROM `address` [ RunTime:0.000945s ]
[2022-12-20T10:20:51+08:00][sql] SELECT * FROM `address` WHERE  `id` = 1 LIMIT 1 [ RunTime:0.000285s ]
[2022-12-20T10:20:51+08:00][sql] SELECT * FROM `address` WHERE  `id` = 2 LIMIT 1 [ RunTime:0.000249s ]
[2022-12-20T10:21:01+08:00][sql] CONNECT:[ UseTime:0.000457s ] mysql:host=localhost;port=3316;dbname=coffee;charset=utf8
[2022-12-20T10:21:01+08:00][sql] SHOW FULL COLUMNS FROM `banner` [ RunTime:0.001426s ]
[2022-12-20T10:21:01+08:00][sql] SELECT * FROM `banner` [ RunTime:0.000276s ]
[2022-12-20T10:21:01+08:00][sql] SHOW FULL COLUMNS FROM `information` [ RunTime:0.001013s ]
[2022-12-20T10:21:01+08:00][sql] SELECT * FROM `information` ORDER BY `time` DESC LIMIT 1 [ RunTime:0.000339s ]
[2022-12-20T10:21:01+08:00][sql] SELECT * FROM `information` ORDER BY `time` DESC LIMIT 1,4 [ RunTime:0.000384s ]
[2022-12-20T10:21:01+08:00][sql] SHOW FULL COLUMNS FROM `course` [ RunTime:0.001625s ]
[2022-12-20T10:21:01+08:00][sql] SELECT `id`,`title` FROM `course` ORDER BY `sorting` ASC LIMIT 0,6 [ RunTime:0.000263s ]
[2022-12-20T10:21:01+08:00][sql] SHOW FULL COLUMNS FROM `teacher` [ RunTime:0.000952s ]
[2022-12-20T10:21:01+08:00][sql] SELECT * FROM `teacher` [ RunTime:0.000284s ]
[2022-12-20T10:21:01+08:00][sql] SHOW FULL COLUMNS FROM `address` [ RunTime:0.001078s ]
[2022-12-20T10:21:01+08:00][sql] SELECT * FROM `address` WHERE  `id` = 1 LIMIT 1 [ RunTime:0.000299s ]
[2022-12-20T10:21:01+08:00][sql] SELECT * FROM `address` WHERE  `id` = 2 LIMIT 1 [ RunTime:0.000273s ]
[2022-12-20T10:31:41+08:00][sql] CONNECT:[ UseTime:0.000332s ] mysql:host=localhost;port=3316;dbname=coffee;charset=utf8
[2022-12-20T10:31:41+08:00][sql] SHOW FULL COLUMNS FROM `banner` [ RunTime:0.001275s ]
[2022-12-20T10:31:41+08:00][sql] SELECT * FROM `banner` [ RunTime:0.000238s ]
[2022-12-20T10:31:41+08:00][sql] SHOW FULL COLUMNS FROM `information` [ RunTime:0.000992s ]
[2022-12-20T10:31:41+08:00][sql] SELECT * FROM `information` ORDER BY `time` DESC LIMIT 1 [ RunTime:0.000309s ]
[2022-12-20T10:31:41+08:00][sql] SELECT * FROM `information` ORDER BY `time` DESC LIMIT 1,4 [ RunTime:0.000360s ]
[2022-12-20T10:31:41+08:00][sql] SHOW FULL COLUMNS FROM `course` [ RunTime:0.001076s ]
[2022-12-20T10:31:41+08:00][sql] SELECT `id`,`title` FROM `course` ORDER BY `sorting` ASC LIMIT 0,6 [ RunTime:0.000228s ]
[2022-12-20T10:31:41+08:00][sql] SHOW FULL COLUMNS FROM `teacher` [ RunTime:0.000920s ]
[2022-12-20T10:31:41+08:00][sql] SELECT * FROM `teacher` [ RunTime:0.000221s ]
[2022-12-20T10:31:41+08:00][sql] SHOW FULL COLUMNS FROM `address` [ RunTime:0.000905s ]
[2022-12-20T10:31:41+08:00][sql] SELECT * FROM `address` WHERE  `id` = 1 LIMIT 1 [ RunTime:0.000259s ]
[2022-12-20T10:31:41+08:00][sql] SELECT * FROM `address` WHERE  `id` = 2 LIMIT 1 [ RunTime:0.000265s ]
[2022-12-20T10:54:21+08:00][sql] CONNECT:[ UseTime:0.021739s ] mysql:host=localhost;port=3316;dbname=coffee;charset=utf8
[2022-12-20T10:54:21+08:00][sql] SHOW FULL COLUMNS FROM `banner` [ RunTime:0.017238s ]
[2022-12-20T10:54:21+08:00][sql] SELECT * FROM `banner` [ RunTime:0.015634s ]
[2022-12-20T10:54:21+08:00][sql] SHOW FULL COLUMNS FROM `information` [ RunTime:0.002083s ]
[2022-12-20T10:54:21+08:00][sql] SELECT * FROM `information` ORDER BY `time` DESC LIMIT 1 [ RunTime:0.001043s ]
[2022-12-20T10:54:21+08:00][sql] SELECT * FROM `information` ORDER BY `time` DESC LIMIT 1,4 [ RunTime:0.000316s ]
[2022-12-20T10:54:21+08:00][sql] SHOW FULL COLUMNS FROM `course` [ RunTime:0.001390s ]
[2022-12-20T10:54:21+08:00][sql] SELECT `id`,`title` FROM `course` ORDER BY `sorting` ASC LIMIT 0,6 [ RunTime:0.012266s ]
[2022-12-20T10:54:21+08:00][sql] SHOW FULL COLUMNS FROM `teacher` [ RunTime:0.001510s ]
[2022-12-20T10:54:21+08:00][sql] SELECT * FROM `teacher` [ RunTime:0.011811s ]
[2022-12-20T10:54:21+08:00][sql] SHOW FULL COLUMNS FROM `address` [ RunTime:0.001666s ]
[2022-12-20T10:54:21+08:00][sql] SELECT * FROM `address` WHERE  `id` = 1 LIMIT 1 [ RunTime:0.005713s ]
[2022-12-20T10:54:21+08:00][sql] SELECT * FROM `address` WHERE  `id` = 2 LIMIT 1 [ RunTime:0.000388s ]
[2022-12-20T10:58:57+08:00][sql] CONNECT:[ UseTime:0.000463s ] mysql:host=localhost;port=3316;dbname=coffee;charset=utf8
[2022-12-20T10:58:57+08:00][sql] SHOW FULL COLUMNS FROM `banner` [ RunTime:0.001689s ]
[2022-12-20T10:58:57+08:00][sql] SELECT * FROM `banner` [ RunTime:0.000370s ]
[2022-12-20T10:58:57+08:00][sql] SHOW FULL COLUMNS FROM `information` [ RunTime:0.001224s ]
[2022-12-20T10:58:57+08:00][sql] SELECT * FROM `information` ORDER BY `time` DESC LIMIT 1 [ RunTime:0.000380s ]
[2022-12-20T10:58:57+08:00][sql] SELECT * FROM `information` ORDER BY `time` DESC LIMIT 1,4 [ RunTime:0.000392s ]
[2022-12-20T10:58:57+08:00][sql] SHOW FULL COLUMNS FROM `course` [ RunTime:0.001273s ]
[2022-12-20T10:58:57+08:00][sql] SELECT `id`,`title` FROM `course` ORDER BY `sorting` ASC LIMIT 0,6 [ RunTime:0.000371s ]
[2022-12-20T10:58:57+08:00][sql] SHOW FULL COLUMNS FROM `teacher` [ RunTime:0.001020s ]
[2022-12-20T10:58:57+08:00][sql] SELECT * FROM `teacher` [ RunTime:0.000325s ]
[2022-12-20T10:58:57+08:00][sql] SHOW FULL COLUMNS FROM `address` [ RunTime:0.000985s ]
[2022-12-20T10:58:57+08:00][sql] SELECT * FROM `address` WHERE  `id` = 1 LIMIT 1 [ RunTime:0.000582s ]
[2022-12-20T10:58:57+08:00][sql] SELECT * FROM `address` WHERE  `id` = 2 LIMIT 1 [ RunTime:0.000273s ]
[2022-12-20T11:01:00+08:00][sql] CONNECT:[ UseTime:0.000433s ] mysql:host=localhost;port=3316;dbname=coffee;charset=utf8
[2022-12-20T11:01:00+08:00][sql] SHOW FULL COLUMNS FROM `banner` [ RunTime:0.001623s ]
[2022-12-20T11:01:00+08:00][sql] SELECT * FROM `banner` [ RunTime:0.000342s ]
[2022-12-20T11:01:00+08:00][sql] SHOW FULL COLUMNS FROM `information` [ RunTime:0.001014s ]
[2022-12-20T11:01:00+08:00][sql] SELECT * FROM `information` ORDER BY `time` DESC LIMIT 1 [ RunTime:0.000361s ]
[2022-12-20T11:01:00+08:00][sql] SELECT * FROM `information` ORDER BY `time` DESC LIMIT 1,4 [ RunTime:0.000395s ]
[2022-12-20T11:01:00+08:00][sql] SHOW FULL COLUMNS FROM `course` [ RunTime:0.001150s ]
[2022-12-20T11:01:00+08:00][sql] SELECT `id`,`title` FROM `course` ORDER BY `sorting` ASC LIMIT 0,6 [ RunTime:0.000325s ]
[2022-12-20T11:01:00+08:00][sql] SHOW FULL COLUMNS FROM `teacher` [ RunTime:0.000976s ]
[2022-12-20T11:01:00+08:00][sql] SELECT * FROM `teacher` [ RunTime:0.000334s ]
[2022-12-20T11:01:00+08:00][sql] SHOW FULL COLUMNS FROM `address` [ RunTime:0.000963s ]
[2022-12-20T11:01:00+08:00][sql] SELECT * FROM `address` WHERE  `id` = 1 LIMIT 1 [ RunTime:0.000328s ]
[2022-12-20T11:01:00+08:00][sql] SELECT * FROM `address` WHERE  `id` = 2 LIMIT 1 [ RunTime:0.000245s ]
[2022-12-20T11:02:04+08:00][sql] CONNECT:[ UseTime:0.000548s ] mysql:host=localhost;port=3316;dbname=coffee;charset=utf8
[2022-12-20T11:02:04+08:00][sql] SHOW FULL COLUMNS FROM `banner` [ RunTime:0.001613s ]
[2022-12-20T11:02:04+08:00][sql] SELECT * FROM `banner` [ RunTime:0.000308s ]
[2022-12-20T11:02:04+08:00][sql] SHOW FULL COLUMNS FROM `information` [ RunTime:0.001285s ]
[2022-12-20T11:02:04+08:00][sql] SELECT * FROM `information` ORDER BY `time` DESC LIMIT 1 [ RunTime:0.000346s ]
[2022-12-20T11:02:04+08:00][sql] SELECT * FROM `information` ORDER BY `time` DESC LIMIT 1,4 [ RunTime:0.000319s ]
[2022-12-20T11:02:04+08:00][sql] SHOW FULL COLUMNS FROM `course` [ RunTime:0.001095s ]
[2022-12-20T11:02:04+08:00][sql] SELECT `id`,`title` FROM `course` ORDER BY `sorting` ASC LIMIT 0,6 [ RunTime:0.000283s ]
[2022-12-20T11:02:04+08:00][sql] SHOW FULL COLUMNS FROM `teacher` [ RunTime:0.000949s ]
[2022-12-20T11:02:04+08:00][sql] SELECT * FROM `teacher` [ RunTime:0.000346s ]
[2022-12-20T11:02:04+08:00][sql] SHOW FULL COLUMNS FROM `address` [ RunTime:0.001129s ]
[2022-12-20T11:02:04+08:00][sql] SELECT * FROM `address` WHERE  `id` = 1 LIMIT 1 [ RunTime:0.000308s ]
[2022-12-20T11:02:04+08:00][sql] SELECT * FROM `address` WHERE  `id` = 2 LIMIT 1 [ RunTime:0.000208s ]
[2022-12-20T11:02:07+08:00][sql] CONNECT:[ UseTime:0.000419s ] mysql:host=localhost;port=3316;dbname=coffee;charset=utf8
[2022-12-20T11:02:07+08:00][sql] SHOW FULL COLUMNS FROM `banner` [ RunTime:0.001591s ]
[2022-12-20T11:02:07+08:00][sql] SELECT * FROM `banner` [ RunTime:0.000327s ]
[2022-12-20T11:02:07+08:00][sql] SHOW FULL COLUMNS FROM `information` [ RunTime:0.001026s ]
[2022-12-20T11:02:07+08:00][sql] SELECT * FROM `information` ORDER BY `time` DESC LIMIT 1 [ RunTime:0.000383s ]
[2022-12-20T11:02:07+08:00][sql] SELECT * FROM `information` ORDER BY `time` DESC LIMIT 1,4 [ RunTime:0.000382s ]
[2022-12-20T11:02:07+08:00][sql] SHOW FULL COLUMNS FROM `course` [ RunTime:0.001243s ]
[2022-12-20T11:02:07+08:00][sql] SELECT `id`,`title` FROM `course` ORDER BY `sorting` ASC LIMIT 0,6 [ RunTime:0.000324s ]
[2022-12-20T11:02:07+08:00][sql] SHOW FULL COLUMNS FROM `teacher` [ RunTime:0.000955s ]
[2022-12-20T11:02:07+08:00][sql] SELECT * FROM `teacher` [ RunTime:0.000351s ]
[2022-12-20T11:02:07+08:00][sql] SHOW FULL COLUMNS FROM `address` [ RunTime:0.000982s ]
[2022-12-20T11:02:07+08:00][sql] SELECT * FROM `address` WHERE  `id` = 1 LIMIT 1 [ RunTime:0.000334s ]
[2022-12-20T11:02:07+08:00][sql] SELECT * FROM `address` WHERE  `id` = 2 LIMIT 1 [ RunTime:0.000249s ]
[2022-12-20T11:02:27+08:00][sql] CONNECT:[ UseTime:0.000410s ] mysql:host=localhost;port=3316;dbname=coffee;charset=utf8
[2022-12-20T11:02:27+08:00][sql] SHOW FULL COLUMNS FROM `banner` [ RunTime:0.001638s ]
[2022-12-20T11:02:27+08:00][sql] SELECT * FROM `banner` [ RunTime:0.000303s ]
[2022-12-20T11:02:27+08:00][sql] SHOW FULL COLUMNS FROM `information` [ RunTime:0.001188s ]
[2022-12-20T11:02:27+08:00][sql] SELECT * FROM `information` ORDER BY `time` DESC LIMIT 1 [ RunTime:0.000337s ]
[2022-12-20T11:02:27+08:00][sql] SELECT * FROM `information` ORDER BY `time` DESC LIMIT 1,4 [ RunTime:0.000329s ]
[2022-12-20T11:02:27+08:00][sql] SHOW FULL COLUMNS FROM `course` [ RunTime:0.001214s ]
[2022-12-20T11:02:27+08:00][sql] SELECT `id`,`title` FROM `course` ORDER BY `sorting` ASC LIMIT 0,6 [ RunTime:0.000272s ]
[2022-12-20T11:02:27+08:00][sql] SHOW FULL COLUMNS FROM `teacher` [ RunTime:0.001020s ]
[2022-12-20T11:02:27+08:00][sql] SELECT * FROM `teacher` [ RunTime:0.000944s ]
[2022-12-20T11:02:27+08:00][sql] SHOW FULL COLUMNS FROM `address` [ RunTime:0.001204s ]
[2022-12-20T11:02:27+08:00][sql] SELECT * FROM `address` WHERE  `id` = 1 LIMIT 1 [ RunTime:0.000338s ]
[2022-12-20T11:02:27+08:00][sql] SELECT * FROM `address` WHERE  `id` = 2 LIMIT 1 [ RunTime:0.000305s ]
[2022-12-20T11:03:57+08:00][sql] CONNECT:[ UseTime:0.000460s ] mysql:host=localhost;port=3316;dbname=coffee;charset=utf8
[2022-12-20T11:03:57+08:00][sql] SHOW FULL COLUMNS FROM `banner` [ RunTime:0.001669s ]
[2022-12-20T11:03:57+08:00][sql] SELECT * FROM `banner` [ RunTime:0.000337s ]
[2022-12-20T11:03:57+08:00][sql] SHOW FULL COLUMNS FROM `information` [ RunTime:0.001046s ]
[2022-12-20T11:03:57+08:00][sql] SELECT * FROM `information` ORDER BY `time` DESC LIMIT 1 [ RunTime:0.000362s ]
[2022-12-20T11:03:57+08:00][sql] SELECT * FROM `information` ORDER BY `time` DESC LIMIT 1,4 [ RunTime:0.000393s ]
[2022-12-20T11:03:57+08:00][sql] SHOW FULL COLUMNS FROM `course` [ RunTime:0.001219s ]
[2022-12-20T11:03:57+08:00][sql] SELECT `id`,`title` FROM `course` ORDER BY `sorting` ASC LIMIT 0,6 [ RunTime:0.000323s ]
[2022-12-20T11:03:57+08:00][sql] SHOW FULL COLUMNS FROM `teacher` [ RunTime:0.000941s ]
[2022-12-20T11:03:57+08:00][sql] SELECT * FROM `teacher` [ RunTime:0.000341s ]
[2022-12-20T11:03:57+08:00][sql] SHOW FULL COLUMNS FROM `address` [ RunTime:0.001031s ]
[2022-12-20T11:03:57+08:00][sql] SELECT * FROM `address` WHERE  `id` = 1 LIMIT 1 [ RunTime:0.000338s ]
[2022-12-20T11:03:57+08:00][sql] SELECT * FROM `address` WHERE  `id` = 2 LIMIT 1 [ RunTime:0.000272s ]
[2022-12-20T11:07:03+08:00][sql] CONNECT:[ UseTime:0.000455s ] mysql:host=localhost;port=3316;dbname=coffee;charset=utf8
[2022-12-20T11:07:03+08:00][sql] SHOW FULL COLUMNS FROM `banner` [ RunTime:0.001634s ]
[2022-12-20T11:07:03+08:00][sql] SELECT * FROM `banner` [ RunTime:0.000318s ]
[2022-12-20T11:07:03+08:00][sql] SHOW FULL COLUMNS FROM `information` [ RunTime:0.001028s ]
[2022-12-20T11:07:03+08:00][sql] SELECT * FROM `information` ORDER BY `time` DESC LIMIT 1 [ RunTime:0.000384s ]
[2022-12-20T11:07:03+08:00][sql] SELECT * FROM `information` ORDER BY `time` DESC LIMIT 1,4 [ RunTime:0.000412s ]
[2022-12-20T11:07:03+08:00][sql] SHOW FULL COLUMNS FROM `course` [ RunTime:0.001156s ]
[2022-12-20T11:07:03+08:00][sql] SELECT `id`,`title` FROM `course` ORDER BY `sorting` ASC LIMIT 0,6 [ RunTime:0.000349s ]
[2022-12-20T11:07:03+08:00][sql] SHOW FULL COLUMNS FROM `teacher` [ RunTime:0.001000s ]
[2022-12-20T11:07:03+08:00][sql] SELECT * FROM `teacher` [ RunTime:0.000322s ]
[2022-12-20T11:07:03+08:00][sql] SHOW FULL COLUMNS FROM `address` [ RunTime:0.001052s ]
[2022-12-20T11:07:03+08:00][sql] SELECT * FROM `address` WHERE  `id` = 1 LIMIT 1 [ RunTime:0.000325s ]
[2022-12-20T11:07:03+08:00][sql] SELECT * FROM `address` WHERE  `id` = 2 LIMIT 1 [ RunTime:0.000271s ]
[2022-12-20T11:09:31+08:00][sql] CONNECT:[ UseTime:0.000437s ] mysql:host=localhost;port=3316;dbname=coffee;charset=utf8
[2022-12-20T11:09:31+08:00][sql] SHOW FULL COLUMNS FROM `banner` [ RunTime:0.001381s ]
[2022-12-20T11:09:31+08:00][sql] SELECT * FROM `banner` [ RunTime:0.000337s ]
[2022-12-20T11:09:31+08:00][sql] SHOW FULL COLUMNS FROM `information` [ RunTime:0.001286s ]
[2022-12-20T11:09:31+08:00][sql] SELECT * FROM `information` ORDER BY `time` DESC LIMIT 1 [ RunTime:0.000465s ]
[2022-12-20T11:09:31+08:00][sql] SELECT * FROM `information` ORDER BY `time` DESC LIMIT 1,4 [ RunTime:0.000483s ]
[2022-12-20T11:09:31+08:00][sql] SHOW FULL COLUMNS FROM `course` [ RunTime:0.001859s ]
[2022-12-20T11:09:31+08:00][sql] SELECT `id`,`title` FROM `course` ORDER BY `sorting` ASC LIMIT 0,6 [ RunTime:0.000391s ]
[2022-12-20T11:09:31+08:00][sql] SHOW FULL COLUMNS FROM `teacher` [ RunTime:0.001926s ]
[2022-12-20T11:09:31+08:00][sql] SELECT * FROM `teacher` [ RunTime:0.000364s ]
[2022-12-20T11:09:31+08:00][sql] SHOW FULL COLUMNS FROM `address` [ RunTime:0.000995s ]
[2022-12-20T11:09:31+08:00][sql] SELECT * FROM `address` WHERE  `id` = 1 LIMIT 1 [ RunTime:0.000385s ]
[2022-12-20T11:09:31+08:00][sql] SELECT * FROM `address` WHERE  `id` = 2 LIMIT 1 [ RunTime:0.000250s ]
[2022-12-20T11:52:18+08:00][sql] CONNECT:[ UseTime:0.000457s ] mysql:host=localhost;port=3316;dbname=coffee;charset=utf8
[2022-12-20T11:52:18+08:00][sql] SHOW FULL COLUMNS FROM `banner` [ RunTime:0.001355s ]
[2022-12-20T11:52:18+08:00][sql] SELECT * FROM `banner` [ RunTime:0.000303s ]
[2022-12-20T11:52:18+08:00][sql] SHOW FULL COLUMNS FROM `information` [ RunTime:0.001089s ]
[2022-12-20T11:52:18+08:00][sql] SELECT * FROM `information` ORDER BY `time` DESC LIMIT 1 [ RunTime:0.000359s ]
[2022-12-20T11:52:18+08:00][sql] SELECT * FROM `information` ORDER BY `time` DESC LIMIT 1,4 [ RunTime:0.000430s ]
[2022-12-20T11:52:18+08:00][sql] SHOW FULL COLUMNS FROM `course` [ RunTime:0.001234s ]
[2022-12-20T11:52:18+08:00][sql] SELECT `id`,`title` FROM `course` ORDER BY `sorting` ASC LIMIT 0,6 [ RunTime:0.000328s ]
[2022-12-20T11:52:18+08:00][sql] SHOW FULL COLUMNS FROM `teacher` [ RunTime:0.000981s ]
[2022-12-20T11:52:18+08:00][sql] SELECT * FROM `teacher` [ RunTime:0.000322s ]
[2022-12-20T11:52:18+08:00][sql] SHOW FULL COLUMNS FROM `address` [ RunTime:0.000961s ]
[2022-12-20T11:52:18+08:00][sql] SELECT * FROM `address` WHERE  `id` = 1 LIMIT 1 [ RunTime:0.000321s ]
[2022-12-20T11:52:18+08:00][sql] SELECT * FROM `address` WHERE  `id` = 2 LIMIT 1 [ RunTime:0.000243s ]
[2022-12-20T12:17:13+08:00][sql] CONNECT:[ UseTime:0.000451s ] mysql:host=localhost;port=3316;dbname=coffee;charset=utf8
[2022-12-20T12:17:13+08:00][sql] SHOW FULL COLUMNS FROM `banner` [ RunTime:0.001564s ]
[2022-12-20T12:17:13+08:00][sql] SELECT * FROM `banner` [ RunTime:0.000596s ]
[2022-12-20T12:17:13+08:00][sql] SHOW FULL COLUMNS FROM `information` [ RunTime:0.001104s ]
[2022-12-20T12:17:13+08:00][sql] SELECT * FROM `information` ORDER BY `time` DESC LIMIT 1 [ RunTime:0.000391s ]
[2022-12-20T12:17:13+08:00][sql] SELECT * FROM `information` ORDER BY `time` DESC LIMIT 1,4 [ RunTime:0.000385s ]
[2022-12-20T12:17:13+08:00][sql] SHOW FULL COLUMNS FROM `course` [ RunTime:0.001103s ]
[2022-12-20T12:17:13+08:00][sql] SELECT `id`,`title` FROM `course` ORDER BY `sorting` ASC LIMIT 0,6 [ RunTime:0.000325s ]
[2022-12-20T12:17:13+08:00][sql] SHOW FULL COLUMNS FROM `teacher` [ RunTime:0.001005s ]
[2022-12-20T12:17:13+08:00][sql] SELECT * FROM `teacher` [ RunTime:0.000322s ]
[2022-12-20T12:17:13+08:00][sql] SHOW FULL COLUMNS FROM `address` [ RunTime:0.000947s ]
[2022-12-20T12:17:13+08:00][sql] SELECT * FROM `address` WHERE  `id` = 1 LIMIT 1 [ RunTime:0.000335s ]
[2022-12-20T12:17:13+08:00][sql] SELECT * FROM `address` WHERE  `id` = 2 LIMIT 1 [ RunTime:0.000246s ]
[2022-12-20T12:20:35+08:00][sql] CONNECT:[ UseTime:0.000452s ] mysql:host=localhost;port=3316;dbname=coffee;charset=utf8
[2022-12-20T12:20:35+08:00][sql] SHOW FULL COLUMNS FROM `banner` [ RunTime:0.001533s ]
[2022-12-20T12:20:35+08:00][sql] SELECT * FROM `banner` [ RunTime:0.000320s ]
[2022-12-20T12:20:35+08:00][sql] SHOW FULL COLUMNS FROM `information` [ RunTime:0.001032s ]
[2022-12-20T12:20:35+08:00][sql] SELECT * FROM `information` ORDER BY `time` DESC LIMIT 1 [ RunTime:0.000399s ]
[2022-12-20T12:20:35+08:00][sql] SELECT * FROM `information` ORDER BY `time` DESC LIMIT 1,4 [ RunTime:0.000387s ]
[2022-12-20T12:20:35+08:00][sql] SHOW FULL COLUMNS FROM `course` [ RunTime:0.001118s ]
[2022-12-20T12:20:35+08:00][sql] SELECT `id`,`title` FROM `course` ORDER BY `sorting` ASC LIMIT 0,6 [ RunTime:0.000340s ]
[2022-12-20T12:20:35+08:00][sql] SHOW FULL COLUMNS FROM `teacher` [ RunTime:0.001001s ]
[2022-12-20T12:20:35+08:00][sql] SELECT * FROM `teacher` [ RunTime:0.000317s ]
[2022-12-20T12:20:35+08:00][sql] SHOW FULL COLUMNS FROM `address` [ RunTime:0.001039s ]
[2022-12-20T12:20:35+08:00][sql] SELECT * FROM `address` WHERE  `id` = 1 LIMIT 1 [ RunTime:0.000320s ]
[2022-12-20T12:20:35+08:00][sql] SELECT * FROM `address` WHERE  `id` = 2 LIMIT 1 [ RunTime:0.000239s ]
[2022-12-20T12:26:29+08:00][sql] CONNECT:[ UseTime:0.000466s ] mysql:host=localhost;port=3316;dbname=coffee;charset=utf8
[2022-12-20T12:26:29+08:00][sql] SHOW FULL COLUMNS FROM `banner` [ RunTime:0.001982s ]
[2022-12-20T12:26:29+08:00][sql] SELECT * FROM `banner` [ RunTime:0.000367s ]
[2022-12-20T12:26:29+08:00][sql] SHOW FULL COLUMNS FROM `information` [ RunTime:0.001333s ]
[2022-12-20T12:26:29+08:00][sql] SELECT * FROM `information` ORDER BY `time` DESC LIMIT 1 [ RunTime:0.000439s ]
[2022-12-20T12:26:29+08:00][sql] SELECT * FROM `information` ORDER BY `time` DESC LIMIT 1,4 [ RunTime:0.000453s ]
[2022-12-20T12:26:29+08:00][sql] SHOW FULL COLUMNS FROM `course` [ RunTime:0.001515s ]
[2022-12-20T12:26:29+08:00][sql] SELECT `id`,`title` FROM `course` ORDER BY `sorting` ASC LIMIT 0,6 [ RunTime:0.000372s ]
[2022-12-20T12:26:29+08:00][sql] SHOW FULL COLUMNS FROM `teacher` [ RunTime:0.000943s ]
[2022-12-20T12:26:29+08:00][sql] SELECT * FROM `teacher` [ RunTime:0.000305s ]
[2022-12-20T12:26:29+08:00][sql] SHOW FULL COLUMNS FROM `address` [ RunTime:0.000969s ]
[2022-12-20T12:26:29+08:00][sql] SELECT * FROM `address` WHERE  `id` = 1 LIMIT 1 [ RunTime:0.000288s ]
[2022-12-20T12:26:29+08:00][sql] SELECT * FROM `address` WHERE  `id` = 2 LIMIT 1 [ RunTime:0.000221s ]
[2022-12-20T12:26:31+08:00][sql] CONNECT:[ UseTime:0.000380s ] mysql:host=localhost;port=3316;dbname=coffee;charset=utf8
[2022-12-20T12:26:31+08:00][sql] SHOW FULL COLUMNS FROM `banner` [ RunTime:0.001637s ]
[2022-12-20T12:26:31+08:00][sql] SELECT * FROM `banner` [ RunTime:0.000299s ]
[2022-12-20T12:26:31+08:00][sql] SHOW FULL COLUMNS FROM `information` [ RunTime:0.001014s ]
[2022-12-20T12:26:31+08:00][sql] SELECT * FROM `information` ORDER BY `time` DESC LIMIT 1 [ RunTime:0.000311s ]
[2022-12-20T12:26:31+08:00][sql] SELECT * FROM `information` ORDER BY `time` DESC LIMIT 1,4 [ RunTime:0.000347s ]
[2022-12-20T12:26:31+08:00][sql] SHOW FULL COLUMNS FROM `course` [ RunTime:0.001063s ]
[2022-12-20T12:26:31+08:00][sql] SELECT `id`,`title` FROM `course` ORDER BY `sorting` ASC LIMIT 0,6 [ RunTime:0.000356s ]
[2022-12-20T12:26:31+08:00][sql] SHOW FULL COLUMNS FROM `teacher` [ RunTime:0.000997s ]
[2022-12-20T12:26:31+08:00][sql] SELECT * FROM `teacher` [ RunTime:0.000374s ]
[2022-12-20T12:26:31+08:00][sql] SHOW FULL COLUMNS FROM `address` [ RunTime:0.000966s ]
[2022-12-20T12:26:31+08:00][sql] SELECT * FROM `address` WHERE  `id` = 1 LIMIT 1 [ RunTime:0.000321s ]
[2022-12-20T12:26:31+08:00][sql] SELECT * FROM `address` WHERE  `id` = 2 LIMIT 1 [ RunTime:0.000269s ]
[2022-12-20T12:26:47+08:00][sql] CONNECT:[ UseTime:0.000435s ] mysql:host=localhost;port=3316;dbname=coffee;charset=utf8
[2022-12-20T12:26:47+08:00][sql] SHOW FULL COLUMNS FROM `banner` [ RunTime:0.001365s ]
[2022-12-20T12:26:47+08:00][sql] SELECT * FROM `banner` [ RunTime:0.000318s ]
[2022-12-20T12:26:47+08:00][sql] SHOW FULL COLUMNS FROM `information` [ RunTime:0.001077s ]
[2022-12-20T12:26:47+08:00][sql] SELECT * FROM `information` ORDER BY `time` DESC LIMIT 1 [ RunTime:0.000322s ]
[2022-12-20T12:26:47+08:00][sql] SELECT * FROM `information` ORDER BY `time` DESC LIMIT 1,4 [ RunTime:0.000400s ]
[2022-12-20T12:26:47+08:00][sql] SHOW FULL COLUMNS FROM `course` [ RunTime:0.001099s ]
[2022-12-20T12:26:47+08:00][sql] SELECT `id`,`title` FROM `course` ORDER BY `sorting` ASC LIMIT 0,6 [ RunTime:0.000257s ]
[2022-12-20T12:26:47+08:00][sql] SHOW FULL COLUMNS FROM `teacher` [ RunTime:0.001001s ]
[2022-12-20T12:26:47+08:00][sql] SELECT * FROM `teacher` [ RunTime:0.000262s ]
[2022-12-20T12:26:47+08:00][sql] SHOW FULL COLUMNS FROM `address` [ RunTime:0.000974s ]
[2022-12-20T12:26:47+08:00][sql] SELECT * FROM `address` WHERE  `id` = 1 LIMIT 1 [ RunTime:0.000309s ]
[2022-12-20T12:26:47+08:00][sql] SELECT * FROM `address` WHERE  `id` = 2 LIMIT 1 [ RunTime:0.000250s ]
[2022-12-20T12:26:47+08:00][sql] CONNECT:[ UseTime:0.000712s ] mysql:host=localhost;port=3316;dbname=coffee;charset=utf8
[2022-12-20T12:26:47+08:00][sql] SHOW FULL COLUMNS FROM `banner` [ RunTime:0.001453s ]
[2022-12-20T12:26:47+08:00][sql] SELECT * FROM `banner` [ RunTime:0.000248s ]
[2022-12-20T12:26:47+08:00][sql] SHOW FULL COLUMNS FROM `information` [ RunTime:0.001097s ]
[2022-12-20T12:26:47+08:00][sql] SELECT * FROM `information` ORDER BY `time` DESC LIMIT 1 [ RunTime:0.000329s ]
[2022-12-20T12:26:47+08:00][sql] SELECT * FROM `information` ORDER BY `time` DESC LIMIT 1,4 [ RunTime:0.000385s ]
[2022-12-20T12:26:47+08:00][sql] SHOW FULL COLUMNS FROM `course` [ RunTime:0.001099s ]
[2022-12-20T12:26:47+08:00][sql] SELECT `id`,`title` FROM `course` ORDER BY `sorting` ASC LIMIT 0,6 [ RunTime:0.000266s ]
[2022-12-20T12:26:47+08:00][sql] SHOW FULL COLUMNS FROM `teacher` [ RunTime:0.000915s ]
[2022-12-20T12:26:47+08:00][sql] SELECT * FROM `teacher` [ RunTime:0.000267s ]
[2022-12-20T12:26:47+08:00][sql] SHOW FULL COLUMNS FROM `address` [ RunTime:0.000923s ]
[2022-12-20T12:26:47+08:00][sql] SELECT * FROM `address` WHERE  `id` = 1 LIMIT 1 [ RunTime:0.000290s ]
[2022-12-20T12:26:47+08:00][sql] SELECT * FROM `address` WHERE  `id` = 2 LIMIT 1 [ RunTime:0.000294s ]
[2022-12-20T12:26:49+08:00][sql] CONNECT:[ UseTime:0.000381s ] mysql:host=localhost;port=3316;dbname=coffee;charset=utf8
[2022-12-20T12:26:49+08:00][sql] SHOW FULL COLUMNS FROM `banner` [ RunTime:0.001198s ]
[2022-12-20T12:26:49+08:00][sql] SELECT * FROM `banner` [ RunTime:0.000234s ]
[2022-12-20T12:26:49+08:00][sql] SHOW FULL COLUMNS FROM `information` [ RunTime:0.000947s ]
[2022-12-20T12:26:49+08:00][sql] SELECT * FROM `information` ORDER BY `time` DESC LIMIT 1 [ RunTime:0.000282s ]
[2022-12-20T12:26:49+08:00][sql] SELECT * FROM `information` ORDER BY `time` DESC LIMIT 1,4 [ RunTime:0.000345s ]
[2022-12-20T12:26:49+08:00][sql] SHOW FULL COLUMNS FROM `course` [ RunTime:0.001018s ]
[2022-12-20T12:26:49+08:00][sql] SELECT `id`,`title` FROM `course` ORDER BY `sorting` ASC LIMIT 0,6 [ RunTime:0.000223s ]
[2022-12-20T12:26:49+08:00][sql] SHOW FULL COLUMNS FROM `teacher` [ RunTime:0.000864s ]
[2022-12-20T12:26:49+08:00][sql] SELECT * FROM `teacher` [ RunTime:0.000237s ]
[2022-12-20T12:26:49+08:00][sql] SHOW FULL COLUMNS FROM `address` [ RunTime:0.000889s ]
[2022-12-20T12:26:49+08:00][sql] SELECT * FROM `address` WHERE  `id` = 1 LIMIT 1 [ RunTime:0.000270s ]
[2022-12-20T12:26:49+08:00][sql] SELECT * FROM `address` WHERE  `id` = 2 LIMIT 1 [ RunTime:0.000209s ]
[2022-12-20T12:30:15+08:00][sql] CONNECT:[ UseTime:0.000449s ] mysql:host=localhost;port=3316;dbname=coffee;charset=utf8
[2022-12-20T12:30:15+08:00][sql] SHOW FULL COLUMNS FROM `banner` [ RunTime:0.001292s ]
[2022-12-20T12:30:15+08:00][sql] SELECT * FROM `banner` [ RunTime:0.000482s ]
[2022-12-20T12:30:15+08:00][sql] SHOW FULL COLUMNS FROM `information` [ RunTime:0.001023s ]
[2022-12-20T12:30:15+08:00][sql] SELECT * FROM `information` ORDER BY `time` DESC LIMIT 1 [ RunTime:0.000316s ]
[2022-12-20T12:30:15+08:00][sql] SELECT * FROM `information` ORDER BY `time` DESC LIMIT 1,4 [ RunTime:0.000402s ]
[2022-12-20T12:30:15+08:00][sql] SHOW FULL COLUMNS FROM `course` [ RunTime:0.001093s ]
[2022-12-20T12:30:15+08:00][sql] SELECT `id`,`title` FROM `course` ORDER BY `sorting` ASC LIMIT 0,6 [ RunTime:0.000267s ]
[2022-12-20T12:30:15+08:00][sql] SHOW FULL COLUMNS FROM `teacher` [ RunTime:0.000925s ]
[2022-12-20T12:30:15+08:00][sql] SELECT * FROM `teacher` [ RunTime:0.000273s ]
[2022-12-20T12:30:15+08:00][sql] SHOW FULL COLUMNS FROM `address` [ RunTime:0.001061s ]
[2022-12-20T12:30:15+08:00][sql] SELECT * FROM `address` WHERE  `id` = 1 LIMIT 1 [ RunTime:0.000278s ]
[2022-12-20T12:30:15+08:00][sql] SELECT * FROM `address` WHERE  `id` = 2 LIMIT 1 [ RunTime:0.000266s ]
[2022-12-20T13:50:28+08:00][sql] CONNECT:[ UseTime:0.000404s ] mysql:host=localhost;port=3316;dbname=coffee;charset=utf8
[2022-12-20T13:50:28+08:00][sql] SHOW FULL COLUMNS FROM `banner` [ RunTime:0.001310s ]
[2022-12-20T13:50:28+08:00][sql] SELECT * FROM `banner` [ RunTime:0.000272s ]
[2022-12-20T13:50:28+08:00][sql] SHOW FULL COLUMNS FROM `information` [ RunTime:0.001045s ]
[2022-12-20T13:50:28+08:00][sql] SELECT * FROM `information` ORDER BY `time` DESC LIMIT 1 [ RunTime:0.000511s ]
[2022-12-20T13:50:28+08:00][sql] SELECT * FROM `information` ORDER BY `time` DESC LIMIT 1,4 [ RunTime:0.000548s ]
[2022-12-20T13:50:28+08:00][sql] SHOW FULL COLUMNS FROM `course` [ RunTime:0.001084s ]
[2022-12-20T13:50:28+08:00][sql] SELECT `id`,`title` FROM `course` ORDER BY `sorting` ASC LIMIT 0,6 [ RunTime:0.000273s ]
[2022-12-20T13:50:28+08:00][sql] SHOW FULL COLUMNS FROM `teacher` [ RunTime:0.000907s ]
[2022-12-20T13:50:28+08:00][sql] SELECT * FROM `teacher` [ RunTime:0.000265s ]
[2022-12-20T13:50:28+08:00][sql] SHOW FULL COLUMNS FROM `address` [ RunTime:0.000929s ]
[2022-12-20T13:50:28+08:00][sql] SELECT * FROM `address` WHERE  `id` = 1 LIMIT 1 [ RunTime:0.000270s ]
[2022-12-20T13:50:28+08:00][sql] SELECT * FROM `address` WHERE  `id` = 2 LIMIT 1 [ RunTime:0.000269s ]
[2022-12-20T13:57:41+08:00][sql] CONNECT:[ UseTime:0.000405s ] mysql:host=localhost;port=3316;dbname=coffee;charset=utf8
[2022-12-20T13:57:41+08:00][sql] SHOW FULL COLUMNS FROM `banner` [ RunTime:0.001224s ]
[2022-12-20T13:57:41+08:00][sql] SELECT * FROM `banner` [ RunTime:0.000216s ]
[2022-12-20T13:57:41+08:00][sql] SHOW FULL COLUMNS FROM `information` [ RunTime:0.001026s ]
[2022-12-20T13:57:41+08:00][sql] SELECT * FROM `information` ORDER BY `time` DESC LIMIT 1 [ RunTime:0.000302s ]
[2022-12-20T13:57:41+08:00][sql] SELECT * FROM `information` ORDER BY `time` DESC LIMIT 1,4 [ RunTime:0.000330s ]
[2022-12-20T13:57:41+08:00][sql] SHOW FULL COLUMNS FROM `course` [ RunTime:0.001079s ]
[2022-12-20T13:57:41+08:00][sql] SELECT `id`,`title` FROM `course` ORDER BY `sorting` ASC LIMIT 0,6 [ RunTime:0.000252s ]
[2022-12-20T13:57:41+08:00][sql] SHOW FULL COLUMNS FROM `teacher` [ RunTime:0.000916s ]
[2022-12-20T13:57:41+08:00][sql] SELECT * FROM `teacher` [ RunTime:0.000265s ]
[2022-12-20T13:57:41+08:00][sql] SHOW FULL COLUMNS FROM `address` [ RunTime:0.001042s ]
[2022-12-20T13:57:41+08:00][sql] SELECT * FROM `address` WHERE  `id` = 1 LIMIT 1 [ RunTime:0.000283s ]
[2022-12-20T13:57:41+08:00][sql] SELECT * FROM `address` WHERE  `id` = 2 LIMIT 1 [ RunTime:0.000271s ]
[2022-12-20T14:00:31+08:00][sql] CONNECT:[ UseTime:0.000414s ] mysql:host=localhost;port=3316;dbname=coffee;charset=utf8
[2022-12-20T14:00:31+08:00][sql] SHOW FULL COLUMNS FROM `banner` [ RunTime:0.001304s ]
[2022-12-20T14:00:31+08:00][sql] SELECT * FROM `banner` [ RunTime:0.000299s ]
[2022-12-20T14:00:31+08:00][sql] SHOW FULL COLUMNS FROM `information` [ RunTime:0.001022s ]
[2022-12-20T14:00:31+08:00][sql] SELECT * FROM `information` ORDER BY `time` DESC LIMIT 1 [ RunTime:0.000400s ]
[2022-12-20T14:00:31+08:00][sql] SELECT * FROM `information` ORDER BY `time` DESC LIMIT 1,4 [ RunTime:0.000417s ]
[2022-12-20T14:00:31+08:00][sql] SHOW FULL COLUMNS FROM `course` [ RunTime:0.001193s ]
[2022-12-20T14:00:31+08:00][sql] SELECT `id`,`title` FROM `course` ORDER BY `sorting` ASC LIMIT 0,6 [ RunTime:0.000274s ]
[2022-12-20T14:00:31+08:00][sql] SHOW FULL COLUMNS FROM `teacher` [ RunTime:0.000907s ]
[2022-12-20T14:00:31+08:00][sql] SELECT * FROM `teacher` [ RunTime:0.000265s ]
[2022-12-20T14:00:31+08:00][sql] SHOW FULL COLUMNS FROM `address` [ RunTime:0.000916s ]
[2022-12-20T14:00:31+08:00][sql] SELECT * FROM `address` WHERE  `id` = 1 LIMIT 1 [ RunTime:0.000285s ]
[2022-12-20T14:00:31+08:00][sql] SELECT * FROM `address` WHERE  `id` = 2 LIMIT 1 [ RunTime:0.000255s ]
[2022-12-20T14:06:54+08:00][sql] CONNECT:[ UseTime:0.000395s ] mysql:host=localhost;port=3316;dbname=coffee;charset=utf8
[2022-12-20T14:06:54+08:00][sql] SHOW FULL COLUMNS FROM `banner` [ RunTime:0.001484s ]
[2022-12-20T14:06:54+08:00][sql] SELECT * FROM `banner` [ RunTime:0.000213s ]
[2022-12-20T14:06:54+08:00][sql] SHOW FULL COLUMNS FROM `information` [ RunTime:0.001118s ]
[2022-12-20T14:06:54+08:00][sql] SELECT * FROM `information` ORDER BY `time` DESC LIMIT 1 [ RunTime:0.000359s ]
[2022-12-20T14:06:54+08:00][sql] SELECT * FROM `information` ORDER BY `time` DESC LIMIT 1,4 [ RunTime:0.000423s ]
[2022-12-20T14:06:54+08:00][sql] SHOW FULL COLUMNS FROM `course` [ RunTime:0.001410s ]
[2022-12-20T14:06:54+08:00][sql] SELECT `id`,`title` FROM `course` ORDER BY `sorting` ASC LIMIT 0,6 [ RunTime:0.000258s ]
[2022-12-20T14:06:54+08:00][sql] SHOW FULL COLUMNS FROM `teacher` [ RunTime:0.000968s ]
[2022-12-20T14:06:54+08:00][sql] SELECT * FROM `teacher` [ RunTime:0.000221s ]
[2022-12-20T14:06:54+08:00][sql] SHOW FULL COLUMNS FROM `address` [ RunTime:0.000890s ]
[2022-12-20T14:06:54+08:00][sql] SELECT * FROM `address` WHERE  `id` = 1 LIMIT 1 [ RunTime:0.000270s ]
[2022-12-20T14:06:54+08:00][sql] SELECT * FROM `address` WHERE  `id` = 2 LIMIT 1 [ RunTime:0.000243s ]
[2022-12-20T14:07:03+08:00][sql] CONNECT:[ UseTime:0.000471s ] mysql:host=localhost;port=3316;dbname=coffee;charset=utf8
[2022-12-20T14:07:03+08:00][sql] SHOW FULL COLUMNS FROM `banner` [ RunTime:0.002246s ]
[2022-12-20T14:07:03+08:00][sql] SELECT * FROM `banner` [ RunTime:0.000234s ]
[2022-12-20T14:07:03+08:00][sql] SHOW FULL COLUMNS FROM `information` [ RunTime:0.001041s ]
[2022-12-20T14:07:03+08:00][sql] SELECT * FROM `information` ORDER BY `time` DESC LIMIT 1 [ RunTime:0.000287s ]
[2022-12-20T14:07:03+08:00][sql] SELECT * FROM `information` ORDER BY `time` DESC LIMIT 1,4 [ RunTime:0.000327s ]
[2022-12-20T14:07:03+08:00][sql] SHOW FULL COLUMNS FROM `course` [ RunTime:0.001041s ]
[2022-12-20T14:07:03+08:00][sql] SELECT `id`,`title` FROM `course` ORDER BY `sorting` ASC LIMIT 0,6 [ RunTime:0.000215s ]
[2022-12-20T14:07:03+08:00][sql] SHOW FULL COLUMNS FROM `teacher` [ RunTime:0.001006s ]
[2022-12-20T14:07:03+08:00][sql] SELECT * FROM `teacher` [ RunTime:0.000282s ]
[2022-12-20T14:07:03+08:00][sql] SHOW FULL COLUMNS FROM `address` [ RunTime:0.001065s ]
[2022-12-20T14:07:03+08:00][sql] SELECT * FROM `address` WHERE  `id` = 1 LIMIT 1 [ RunTime:0.000298s ]
[2022-12-20T14:07:03+08:00][sql] SELECT * FROM `address` WHERE  `id` = 2 LIMIT 1 [ RunTime:0.000281s ]
[2022-12-20T15:26:38+08:00][sql] CONNECT:[ UseTime:0.000415s ] mysql:host=localhost;port=3316;dbname=coffee;charset=utf8
[2022-12-20T15:26:38+08:00][sql] SHOW FULL COLUMNS FROM `banner` [ RunTime:0.001285s ]
[2022-12-20T15:26:38+08:00][sql] SELECT * FROM `banner` [ RunTime:0.000264s ]
[2022-12-20T15:26:38+08:00][sql] SHOW FULL COLUMNS FROM `information` [ RunTime:0.001039s ]
[2022-12-20T15:26:38+08:00][sql] SELECT * FROM `information` ORDER BY `time` DESC LIMIT 1 [ RunTime:0.000317s ]
[2022-12-20T15:26:38+08:00][sql] SELECT * FROM `information` ORDER BY `time` DESC LIMIT 1,4 [ RunTime:0.000382s ]
[2022-12-20T15:26:38+08:00][sql] SHOW FULL COLUMNS FROM `course` [ RunTime:0.001088s ]
[2022-12-20T15:26:38+08:00][sql] SELECT `id`,`title` FROM `course` ORDER BY `sorting` ASC LIMIT 0,6 [ RunTime:0.000263s ]
[2022-12-20T15:26:38+08:00][sql] SHOW FULL COLUMNS FROM `teacher` [ RunTime:0.000940s ]
[2022-12-20T15:26:38+08:00][sql] SELECT * FROM `teacher` [ RunTime:0.000268s ]
[2022-12-20T15:26:38+08:00][sql] SHOW FULL COLUMNS FROM `address` [ RunTime:0.000958s ]
[2022-12-20T15:26:38+08:00][sql] SELECT * FROM `address` WHERE  `id` = 1 LIMIT 1 [ RunTime:0.000292s ]
[2022-12-20T15:26:38+08:00][sql] SELECT * FROM `address` WHERE  `id` = 2 LIMIT 1 [ RunTime:0.000242s ]
[2022-12-20T15:32:00+08:00][sql] CONNECT:[ UseTime:0.000439s ] mysql:host=localhost;port=3316;dbname=coffee;charset=utf8
[2022-12-20T15:32:00+08:00][sql] SHOW FULL COLUMNS FROM `banner` [ RunTime:0.001334s ]
[2022-12-20T15:32:00+08:00][sql] SELECT * FROM `banner` [ RunTime:0.000227s ]
[2022-12-20T15:32:00+08:00][sql] SHOW FULL COLUMNS FROM `information` [ RunTime:0.001060s ]
[2022-12-20T15:32:00+08:00][sql] SELECT * FROM `information` ORDER BY `time` DESC LIMIT 1 [ RunTime:0.000301s ]
[2022-12-20T15:32:00+08:00][sql] SELECT * FROM `information` ORDER BY `time` DESC LIMIT 1,4 [ RunTime:0.000343s ]
[2022-12-20T15:32:00+08:00][sql] SHOW FULL COLUMNS FROM `course` [ RunTime:0.001114s ]
[2022-12-20T15:32:00+08:00][sql] SELECT `id`,`title` FROM `course` ORDER BY `sorting` ASC LIMIT 0,6 [ RunTime:0.000306s ]
[2022-12-20T15:32:00+08:00][sql] SHOW FULL COLUMNS FROM `teacher` [ RunTime:0.001180s ]
[2022-12-20T15:32:00+08:00][sql] SELECT * FROM `teacher` [ RunTime:0.000261s ]
[2022-12-20T15:32:00+08:00][sql] SHOW FULL COLUMNS FROM `address` [ RunTime:0.000945s ]
[2022-12-20T15:32:00+08:00][sql] SELECT * FROM `address` WHERE  `id` = 1 LIMIT 1 [ RunTime:0.000252s ]
[2022-12-20T15:32:00+08:00][sql] SELECT * FROM `address` WHERE  `id` = 2 LIMIT 1 [ RunTime:0.000215s ]
[2022-12-20T15:34:55+08:00][sql] CONNECT:[ UseTime:0.000397s ] mysql:host=localhost;port=3316;dbname=coffee;charset=utf8
[2022-12-20T15:34:55+08:00][sql] SHOW FULL COLUMNS FROM `banner` [ RunTime:0.001250s ]
[2022-12-20T15:34:55+08:00][sql] SELECT * FROM `banner` [ RunTime:0.000228s ]
[2022-12-20T15:34:55+08:00][sql] SHOW FULL COLUMNS FROM `information` [ RunTime:0.000955s ]
[2022-12-20T15:34:55+08:00][sql] SELECT * FROM `information` ORDER BY `time` DESC LIMIT 1 [ RunTime:0.000291s ]
[2022-12-20T15:34:55+08:00][sql] SELECT * FROM `information` ORDER BY `time` DESC LIMIT 1,4 [ RunTime:0.000361s ]
[2022-12-20T15:34:55+08:00][sql] SHOW FULL COLUMNS FROM `course` [ RunTime:0.001017s ]
[2022-12-20T15:34:55+08:00][sql] SELECT `id`,`title` FROM `course` ORDER BY `sorting` ASC LIMIT 0,6 [ RunTime:0.000246s ]
[2022-12-20T15:34:55+08:00][sql] SHOW FULL COLUMNS FROM `teacher` [ RunTime:0.000921s ]
[2022-12-20T15:34:55+08:00][sql] SELECT * FROM `teacher` [ RunTime:0.000255s ]
[2022-12-20T15:34:55+08:00][sql] SHOW FULL COLUMNS FROM `address` [ RunTime:0.000976s ]
[2022-12-20T15:34:55+08:00][sql] SELECT * FROM `address` WHERE  `id` = 1 LIMIT 1 [ RunTime:0.000251s ]
[2022-12-20T15:34:55+08:00][sql] SELECT * FROM `address` WHERE  `id` = 2 LIMIT 1 [ RunTime:0.000213s ]
[2022-12-20T16:24:58+08:00][sql] CONNECT:[ UseTime:0.000485s ] mysql:host=localhost;port=3316;dbname=coffee;charset=utf8
[2022-12-20T16:24:58+08:00][sql] SHOW FULL COLUMNS FROM `banner` [ RunTime:0.001356s ]
[2022-12-20T16:24:58+08:00][sql] SELECT * FROM `banner` [ RunTime:0.000250s ]
[2022-12-20T16:24:58+08:00][sql] SHOW FULL COLUMNS FROM `information` [ RunTime:0.001048s ]
[2022-12-20T16:24:58+08:00][sql] SELECT * FROM `information` ORDER BY `time` DESC LIMIT 1 [ RunTime:0.000322s ]
[2022-12-20T16:24:58+08:00][sql] SELECT * FROM `information` ORDER BY `time` DESC LIMIT 1,4 [ RunTime:0.000408s ]
[2022-12-20T16:24:58+08:00][sql] SHOW FULL COLUMNS FROM `course` [ RunTime:0.001101s ]
[2022-12-20T16:24:58+08:00][sql] SELECT `id`,`title` FROM `course` ORDER BY `sorting` ASC LIMIT 0,6 [ RunTime:0.000274s ]
[2022-12-20T16:24:58+08:00][sql] SHOW FULL COLUMNS FROM `teacher` [ RunTime:0.000921s ]
[2022-12-20T16:24:58+08:00][sql] SELECT * FROM `teacher` [ RunTime:0.000280s ]
[2022-12-20T16:24:58+08:00][sql] SHOW FULL COLUMNS FROM `address` [ RunTime:0.000924s ]
[2022-12-20T16:24:58+08:00][sql] SELECT * FROM `address` WHERE  `id` = 1 LIMIT 1 [ RunTime:0.000277s ]
[2022-12-20T16:24:58+08:00][sql] SELECT * FROM `address` WHERE  `id` = 2 LIMIT 1 [ RunTime:0.000243s ]
[2022-12-20T16:28:50+08:00][sql] CONNECT:[ UseTime:0.000446s ] mysql:host=localhost;port=3316;dbname=coffee;charset=utf8
[2022-12-20T16:28:50+08:00][sql] SHOW FULL COLUMNS FROM `banner` [ RunTime:0.001259s ]
[2022-12-20T16:28:50+08:00][sql] SELECT * FROM `banner` [ RunTime:0.000287s ]
[2022-12-20T16:28:50+08:00][sql] SHOW FULL COLUMNS FROM `information` [ RunTime:0.001149s ]
[2022-12-20T16:28:50+08:00][sql] SELECT * FROM `information` ORDER BY `time` DESC LIMIT 1 [ RunTime:0.000341s ]
[2022-12-20T16:28:50+08:00][sql] SELECT * FROM `information` ORDER BY `time` DESC LIMIT 1,4 [ RunTime:0.000385s ]
[2022-12-20T16:28:50+08:00][sql] SHOW FULL COLUMNS FROM `course` [ RunTime:0.001207s ]
[2022-12-20T16:28:50+08:00][sql] SELECT `id`,`title` FROM `course` ORDER BY `sorting` ASC LIMIT 0,6 [ RunTime:0.000262s ]
[2022-12-20T16:28:50+08:00][sql] SHOW FULL COLUMNS FROM `teacher` [ RunTime:0.000979s ]
[2022-12-20T16:28:50+08:00][sql] SELECT * FROM `teacher` [ RunTime:0.000283s ]
[2022-12-20T16:28:50+08:00][sql] SHOW FULL COLUMNS FROM `address` [ RunTime:0.000913s ]
[2022-12-20T16:28:50+08:00][sql] SELECT * FROM `address` WHERE  `id` = 1 LIMIT 1 [ RunTime:0.000284s ]
[2022-12-20T16:28:50+08:00][sql] SELECT * FROM `address` WHERE  `id` = 2 LIMIT 1 [ RunTime:0.000254s ]
[2022-12-20T16:32:17+08:00][sql] CONNECT:[ UseTime:0.000418s ] mysql:host=localhost;port=3316;dbname=coffee;charset=utf8
[2022-12-20T16:32:17+08:00][sql] SHOW FULL COLUMNS FROM `banner` [ RunTime:0.001257s ]
[2022-12-20T16:32:17+08:00][sql] SELECT * FROM `banner` [ RunTime:0.000222s ]
[2022-12-20T16:32:17+08:00][sql] SHOW FULL COLUMNS FROM `information` [ RunTime:0.001024s ]
[2022-12-20T16:32:17+08:00][sql] SELECT * FROM `information` ORDER BY `time` DESC LIMIT 1 [ RunTime:0.000329s ]
[2022-12-20T16:32:17+08:00][sql] SELECT * FROM `information` ORDER BY `time` DESC LIMIT 1,4 [ RunTime:0.000348s ]
[2022-12-20T16:32:17+08:00][sql] SHOW FULL COLUMNS FROM `course` [ RunTime:0.001186s ]
[2022-12-20T16:32:17+08:00][sql] SELECT `id`,`title` FROM `course` ORDER BY `sorting` ASC LIMIT 0,6 [ RunTime:0.000249s ]
[2022-12-20T16:32:17+08:00][sql] SHOW FULL COLUMNS FROM `teacher` [ RunTime:0.000958s ]
[2022-12-20T16:32:17+08:00][sql] SELECT * FROM `teacher` [ RunTime:0.000241s ]
[2022-12-20T16:32:17+08:00][sql] SHOW FULL COLUMNS FROM `address` [ RunTime:0.000890s ]
[2022-12-20T16:32:17+08:00][sql] SELECT * FROM `address` WHERE  `id` = 1 LIMIT 1 [ RunTime:0.000271s ]
[2022-12-20T16:32:17+08:00][sql] SELECT * FROM `address` WHERE  `id` = 2 LIMIT 1 [ RunTime:0.000218s ]
[2022-12-20T16:32:28+08:00][sql] CONNECT:[ UseTime:0.000416s ] mysql:host=localhost;port=3316;dbname=coffee;charset=utf8
[2022-12-20T16:32:28+08:00][sql] SHOW FULL COLUMNS FROM `banner` [ RunTime:0.001567s ]
[2022-12-20T16:32:28+08:00][sql] SELECT * FROM `banner` [ RunTime:0.000391s ]
[2022-12-20T16:32:28+08:00][sql] SHOW FULL COLUMNS FROM `information` [ RunTime:0.001160s ]
[2022-12-20T16:32:28+08:00][sql] SELECT * FROM `information` ORDER BY `time` DESC LIMIT 1 [ RunTime:0.000415s ]
[2022-12-20T16:32:28+08:00][sql] SELECT * FROM `information` ORDER BY `time` DESC LIMIT 1,4 [ RunTime:0.000436s ]
[2022-12-20T16:32:28+08:00][sql] SHOW FULL COLUMNS FROM `course` [ RunTime:0.001227s ]
[2022-12-20T16:32:28+08:00][sql] SELECT `id`,`title` FROM `course` ORDER BY `sorting` ASC LIMIT 0,6 [ RunTime:0.000317s ]
[2022-12-20T16:32:28+08:00][sql] SHOW FULL COLUMNS FROM `teacher` [ RunTime:0.001035s ]
[2022-12-20T16:32:28+08:00][sql] SELECT * FROM `teacher` [ RunTime:0.000381s ]
[2022-12-20T16:32:28+08:00][sql] SHOW FULL COLUMNS FROM `address` [ RunTime:0.001277s ]
[2022-12-20T16:32:28+08:00][sql] SELECT * FROM `address` WHERE  `id` = 1 LIMIT 1 [ RunTime:0.000401s ]
[2022-12-20T16:32:28+08:00][sql] SELECT * FROM `address` WHERE  `id` = 2 LIMIT 1 [ RunTime:0.000328s ]
[2022-12-20T16:34:53+08:00][sql] CONNECT:[ UseTime:0.000424s ] mysql:host=localhost;port=3316;dbname=coffee;charset=utf8
[2022-12-20T16:34:53+08:00][sql] SHOW FULL COLUMNS FROM `banner` [ RunTime:0.001675s ]
[2022-12-20T16:34:53+08:00][sql] SELECT * FROM `banner` [ RunTime:0.000343s ]
[2022-12-20T16:34:53+08:00][sql] SHOW FULL COLUMNS FROM `information` [ RunTime:0.001435s ]
[2022-12-20T16:34:53+08:00][sql] SELECT * FROM `information` ORDER BY `time` DESC LIMIT 1 [ RunTime:0.000371s ]
[2022-12-20T16:34:53+08:00][sql] SELECT * FROM `information` ORDER BY `time` DESC LIMIT 1,4 [ RunTime:0.000485s ]
[2022-12-20T16:34:53+08:00][sql] SHOW FULL COLUMNS FROM `course` [ RunTime:0.001501s ]
[2022-12-20T16:34:53+08:00][sql] SELECT `id`,`title` FROM `course` ORDER BY `sorting` ASC LIMIT 0,6 [ RunTime:0.000296s ]
[2022-12-20T16:34:53+08:00][sql] SHOW FULL COLUMNS FROM `teacher` [ RunTime:0.001106s ]
[2022-12-20T16:34:53+08:00][sql] SELECT * FROM `teacher` [ RunTime:0.000230s ]
[2022-12-20T16:34:53+08:00][sql] SHOW FULL COLUMNS FROM `address` [ RunTime:0.001063s ]
[2022-12-20T16:34:53+08:00][sql] SELECT * FROM `address` WHERE  `id` = 1 LIMIT 1 [ RunTime:0.000279s ]
[2022-12-20T16:34:53+08:00][sql] SELECT * FROM `address` WHERE  `id` = 2 LIMIT 1 [ RunTime:0.000243s ]
[2022-12-20T16:56:19+08:00][sql] CONNECT:[ UseTime:0.000414s ] mysql:host=localhost;port=3316;dbname=coffee;charset=utf8
[2022-12-20T16:56:19+08:00][sql] SHOW FULL COLUMNS FROM `banner` [ RunTime:0.001262s ]
[2022-12-20T16:56:19+08:00][sql] SELECT * FROM `banner` [ RunTime:0.000262s ]
[2022-12-20T16:56:19+08:00][sql] SHOW FULL COLUMNS FROM `information` [ RunTime:0.001054s ]
[2022-12-20T16:56:19+08:00][sql] SELECT * FROM `information` ORDER BY `time` DESC LIMIT 1 [ RunTime:0.000405s ]
[2022-12-20T16:56:19+08:00][sql] SELECT * FROM `information` ORDER BY `time` DESC LIMIT 1,4 [ RunTime:0.000403s ]
[2022-12-20T16:56:19+08:00][sql] SHOW FULL COLUMNS FROM `course` [ RunTime:0.001149s ]
[2022-12-20T16:56:19+08:00][sql] SELECT `id`,`title` FROM `course` ORDER BY `sorting` ASC LIMIT 0,6 [ RunTime:0.000257s ]
[2022-12-20T16:56:19+08:00][sql] SHOW FULL COLUMNS FROM `teacher` [ RunTime:0.000895s ]
[2022-12-20T16:56:19+08:00][sql] SELECT * FROM `teacher` [ RunTime:0.000278s ]
[2022-12-20T16:56:19+08:00][sql] SHOW FULL COLUMNS FROM `address` [ RunTime:0.001074s ]
[2022-12-20T16:56:19+08:00][sql] SELECT * FROM `address` WHERE  `id` = 1 LIMIT 1 [ RunTime:0.000281s ]
[2022-12-20T16:56:19+08:00][sql] SELECT * FROM `address` WHERE  `id` = 2 LIMIT 1 [ RunTime:0.000272s ]
[2022-12-20T17:00:14+08:00][sql] CONNECT:[ UseTime:0.000395s ] mysql:host=localhost;port=3316;dbname=coffee;charset=utf8
[2022-12-20T17:00:14+08:00][sql] SHOW FULL COLUMNS FROM `banner` [ RunTime:0.001324s ]
[2022-12-20T17:00:14+08:00][sql] SELECT * FROM `banner` [ RunTime:0.000321s ]
[2022-12-20T17:00:14+08:00][sql] SHOW FULL COLUMNS FROM `information` [ RunTime:0.000982s ]
[2022-12-20T17:00:14+08:00][sql] SELECT * FROM `information` ORDER BY `time` DESC LIMIT 1 [ RunTime:0.000328s ]
[2022-12-20T17:00:14+08:00][sql] SELECT * FROM `information` ORDER BY `time` DESC LIMIT 1,4 [ RunTime:0.000402s ]
[2022-12-20T17:00:14+08:00][sql] SHOW FULL COLUMNS FROM `course` [ RunTime:0.001060s ]
[2022-12-20T17:00:14+08:00][sql] SELECT `id`,`title` FROM `course` ORDER BY `sorting` ASC LIMIT 0,6 [ RunTime:0.000283s ]
[2022-12-20T17:00:14+08:00][sql] SHOW FULL COLUMNS FROM `teacher` [ RunTime:0.000931s ]
[2022-12-20T17:00:14+08:00][sql] SELECT * FROM `teacher` [ RunTime:0.000283s ]
[2022-12-20T17:00:14+08:00][sql] SHOW FULL COLUMNS FROM `address` [ RunTime:0.000917s ]
[2022-12-20T17:00:14+08:00][sql] SELECT * FROM `address` WHERE  `id` = 1 LIMIT 1 [ RunTime:0.000296s ]
[2022-12-20T17:00:14+08:00][sql] SELECT * FROM `address` WHERE  `id` = 2 LIMIT 1 [ RunTime:0.000281s ]
[2022-12-20T17:30:45+08:00][sql] CONNECT:[ UseTime:0.001160s ] mysql:host=localhost;port=3316;dbname=coffee;charset=utf8
[2022-12-20T17:30:45+08:00][sql] SHOW FULL COLUMNS FROM `banner` [ RunTime:0.001235s ]
[2022-12-20T17:30:45+08:00][sql] SELECT * FROM `banner` [ RunTime:0.000219s ]
[2022-12-20T17:30:45+08:00][sql] SHOW FULL COLUMNS FROM `information` [ RunTime:0.001221s ]
[2022-12-20T17:30:45+08:00][sql] SELECT * FROM `information` ORDER BY `time` DESC LIMIT 1 [ RunTime:0.000284s ]
[2022-12-20T17:30:45+08:00][sql] SELECT * FROM `information` ORDER BY `time` DESC LIMIT 1,4 [ RunTime:0.000339s ]
[2022-12-20T17:30:45+08:00][sql] SHOW FULL COLUMNS FROM `course` [ RunTime:0.001049s ]
[2022-12-20T17:30:45+08:00][sql] SELECT `id`,`title` FROM `course` ORDER BY `sorting` ASC LIMIT 0,6 [ RunTime:0.000226s ]
[2022-12-20T17:30:45+08:00][sql] SHOW FULL COLUMNS FROM `teacher` [ RunTime:0.000863s ]
[2022-12-20T17:30:45+08:00][sql] SELECT * FROM `teacher` [ RunTime:0.000212s ]
[2022-12-20T17:30:45+08:00][sql] SHOW FULL COLUMNS FROM `address` [ RunTime:0.000856s ]
[2022-12-20T17:30:45+08:00][sql] SELECT * FROM `address` WHERE  `id` = 1 LIMIT 1 [ RunTime:0.000262s ]
[2022-12-20T17:30:45+08:00][sql] SELECT * FROM `address` WHERE  `id` = 2 LIMIT 1 [ RunTime:0.000199s ]
[2022-12-20T17:53:32+08:00][sql] CONNECT:[ UseTime:0.000395s ] mysql:host=localhost;port=3316;dbname=coffee;charset=utf8
[2022-12-20T17:53:32+08:00][sql] SHOW FULL COLUMNS FROM `banner` [ RunTime:0.001205s ]
[2022-12-20T17:53:32+08:00][sql] SELECT * FROM `banner` [ RunTime:0.000273s ]
[2022-12-20T17:53:32+08:00][sql] SHOW FULL COLUMNS FROM `information` [ RunTime:0.001084s ]
[2022-12-20T17:53:32+08:00][sql] SELECT * FROM `information` ORDER BY `time` DESC LIMIT 1 [ RunTime:0.000330s ]
[2022-12-20T17:53:32+08:00][sql] SELECT * FROM `information` ORDER BY `time` DESC LIMIT 1,4 [ RunTime:0.000409s ]
[2022-12-20T17:53:32+08:00][sql] SHOW FULL COLUMNS FROM `course` [ RunTime:0.001060s ]
[2022-12-20T17:53:32+08:00][sql] SELECT `id`,`title` FROM `course` ORDER BY `sorting` ASC LIMIT 0,6 [ RunTime:0.000464s ]
[2022-12-20T17:53:32+08:00][sql] SHOW FULL COLUMNS FROM `teacher` [ RunTime:0.000927s ]
[2022-12-20T17:53:32+08:00][sql] SELECT * FROM `teacher` [ RunTime:0.000298s ]
[2022-12-20T17:53:32+08:00][sql] SHOW FULL COLUMNS FROM `address` [ RunTime:0.001059s ]
[2022-12-20T17:53:32+08:00][sql] SELECT * FROM `address` WHERE  `id` = 1 LIMIT 1 [ RunTime:0.000288s ]
[2022-12-20T17:53:32+08:00][sql] SELECT * FROM `address` WHERE  `id` = 2 LIMIT 1 [ RunTime:0.000252s ]
[2022-12-20T17:56:29+08:00][sql] CONNECT:[ UseTime:0.000388s ] mysql:host=localhost;port=3316;dbname=coffee;charset=utf8
[2022-12-20T17:56:29+08:00][sql] SHOW FULL COLUMNS FROM `banner` [ RunTime:0.001229s ]
[2022-12-20T17:56:29+08:00][sql] SELECT * FROM `banner` [ RunTime:0.000224s ]
[2022-12-20T17:56:29+08:00][sql] SHOW FULL COLUMNS FROM `information` [ RunTime:0.000917s ]
[2022-12-20T17:56:29+08:00][sql] SELECT * FROM `information` ORDER BY `time` DESC LIMIT 1 [ RunTime:0.000281s ]
[2022-12-20T17:56:29+08:00][sql] SELECT * FROM `information` ORDER BY `time` DESC LIMIT 1,4 [ RunTime:0.000315s ]
[2022-12-20T17:56:29+08:00][sql] SHOW FULL COLUMNS FROM `course` [ RunTime:0.001124s ]
[2022-12-20T17:56:29+08:00][sql] SELECT `id`,`title` FROM `course` ORDER BY `sorting` ASC LIMIT 0,6 [ RunTime:0.000211s ]
[2022-12-20T17:56:29+08:00][sql] SHOW FULL COLUMNS FROM `teacher` [ RunTime:0.000856s ]
[2022-12-20T17:56:29+08:00][sql] SELECT * FROM `teacher` [ RunTime:0.000240s ]
[2022-12-20T17:56:29+08:00][sql] SHOW FULL COLUMNS FROM `address` [ RunTime:0.000931s ]
[2022-12-20T17:56:29+08:00][sql] SELECT * FROM `address` WHERE  `id` = 1 LIMIT 1 [ RunTime:0.000236s ]
[2022-12-20T17:56:29+08:00][sql] SELECT * FROM `address` WHERE  `id` = 2 LIMIT 1 [ RunTime:0.000255s ]
[2022-12-20T18:40:46+08:00][sql] CONNECT:[ UseTime:0.000402s ] mysql:host=localhost;port=3316;dbname=coffee;charset=utf8
[2022-12-20T18:40:46+08:00][sql] SHOW FULL COLUMNS FROM `banner` [ RunTime:0.001211s ]
[2022-12-20T18:40:46+08:00][sql] SELECT * FROM `banner` [ RunTime:0.000210s ]
[2022-12-20T18:40:46+08:00][sql] SHOW FULL COLUMNS FROM `information` [ RunTime:0.000891s ]
[2022-12-20T18:40:46+08:00][sql] SELECT * FROM `information` ORDER BY `time` DESC LIMIT 1 [ RunTime:0.000295s ]
[2022-12-20T18:40:46+08:00][sql] SELECT * FROM `information` ORDER BY `time` DESC LIMIT 1,4 [ RunTime:0.000333s ]
[2022-12-20T18:40:46+08:00][sql] SHOW FULL COLUMNS FROM `course` [ RunTime:0.001066s ]
[2022-12-20T18:40:46+08:00][sql] SELECT `id`,`title` FROM `course` ORDER BY `sorting` ASC LIMIT 0,6 [ RunTime:0.000250s ]
[2022-12-20T18:40:46+08:00][sql] SHOW FULL COLUMNS FROM `teacher` [ RunTime:0.000885s ]
[2022-12-20T18:40:46+08:00][sql] SELECT * FROM `teacher` [ RunTime:0.000254s ]
[2022-12-20T18:40:46+08:00][sql] SHOW FULL COLUMNS FROM `address` [ RunTime:0.000869s ]
[2022-12-20T18:40:46+08:00][sql] SELECT * FROM `address` WHERE  `id` = 1 LIMIT 1 [ RunTime:0.000240s ]
[2022-12-20T18:40:46+08:00][sql] SELECT * FROM `address` WHERE  `id` = 2 LIMIT 1 [ RunTime:0.000202s ]
[2022-12-20T18:59:09+08:00][sql] CONNECT:[ UseTime:0.000504s ] mysql:host=localhost;port=3316;dbname=coffee;charset=utf8
[2022-12-20T18:59:09+08:00][sql] SHOW FULL COLUMNS FROM `banner` [ RunTime:0.001238s ]
[2022-12-20T18:59:09+08:00][sql] SELECT * FROM `banner` [ RunTime:0.000290s ]
[2022-12-20T18:59:09+08:00][sql] SHOW FULL COLUMNS FROM `information` [ RunTime:0.001190s ]
[2022-12-20T18:59:09+08:00][sql] SELECT * FROM `information` ORDER BY `time` DESC LIMIT 1 [ RunTime:0.000334s ]
[2022-12-20T18:59:09+08:00][sql] SELECT * FROM `information` ORDER BY `time` DESC LIMIT 1,4 [ RunTime:0.000446s ]
[2022-12-20T18:59:09+08:00][sql] SHOW FULL COLUMNS FROM `course` [ RunTime:0.001386s ]
[2022-12-20T18:59:09+08:00][sql] SELECT `id`,`title` FROM `course` ORDER BY `sorting` ASC LIMIT 0,6 [ RunTime:0.000259s ]
[2022-12-20T18:59:09+08:00][sql] SHOW FULL COLUMNS FROM `teacher` [ RunTime:0.000948s ]
[2022-12-20T18:59:09+08:00][sql] SELECT * FROM `teacher` [ RunTime:0.000516s ]
[2022-12-20T18:59:09+08:00][sql] SHOW FULL COLUMNS FROM `address` [ RunTime:0.001448s ]
[2022-12-20T18:59:09+08:00][sql] SELECT * FROM `address` WHERE  `id` = 1 LIMIT 1 [ RunTime:0.000304s ]
[2022-12-20T18:59:09+08:00][sql] SELECT * FROM `address` WHERE  `id` = 2 LIMIT 1 [ RunTime:0.000245s ]
[2022-12-20T19:54:07+08:00][sql] CONNECT:[ UseTime:0.000438s ] mysql:host=localhost;port=3316;dbname=coffee;charset=utf8
[2022-12-20T19:54:07+08:00][sql] SHOW FULL COLUMNS FROM `banner` [ RunTime:0.001377s ]
[2022-12-20T19:54:07+08:00][sql] SELECT * FROM `banner` [ RunTime:0.000295s ]
[2022-12-20T19:54:07+08:00][sql] SHOW FULL COLUMNS FROM `information` [ RunTime:0.000992s ]
[2022-12-20T19:54:07+08:00][sql] SELECT * FROM `information` ORDER BY `time` DESC LIMIT 1 [ RunTime:0.000324s ]
[2022-12-20T19:54:07+08:00][sql] SELECT * FROM `information` ORDER BY `time` DESC LIMIT 1,4 [ RunTime:0.000446s ]
[2022-12-20T19:54:07+08:00][sql] SHOW FULL COLUMNS FROM `course` [ RunTime:0.001112s ]
[2022-12-20T19:54:07+08:00][sql] SELECT `id`,`title` FROM `course` ORDER BY `sorting` ASC LIMIT 0,6 [ RunTime:0.000275s ]
[2022-12-20T19:54:07+08:00][sql] SHOW FULL COLUMNS FROM `teacher` [ RunTime:0.000970s ]
[2022-12-20T19:54:07+08:00][sql] SELECT * FROM `teacher` [ RunTime:0.000268s ]
[2022-12-20T19:54:07+08:00][sql] SHOW FULL COLUMNS FROM `address` [ RunTime:0.000925s ]
[2022-12-20T19:54:07+08:00][sql] SELECT * FROM `address` WHERE  `id` = 1 LIMIT 1 [ RunTime:0.000295s ]
[2022-12-20T19:54:07+08:00][sql] SELECT * FROM `address` WHERE  `id` = 2 LIMIT 1 [ RunTime:0.000309s ]
[2022-12-20T20:58:15+08:00][sql] CONNECT:[ UseTime:0.000381s ] mysql:host=localhost;port=3316;dbname=coffee;charset=utf8
[2022-12-20T20:58:15+08:00][sql] SHOW FULL COLUMNS FROM `banner` [ RunTime:0.001615s ]
[2022-12-20T20:58:15+08:00][sql] SELECT * FROM `banner` [ RunTime:0.000251s ]
[2022-12-20T20:58:15+08:00][sql] SHOW FULL COLUMNS FROM `information` [ RunTime:0.001015s ]
[2022-12-20T20:58:15+08:00][sql] SELECT * FROM `information` ORDER BY `time` DESC LIMIT 1 [ RunTime:0.000321s ]
[2022-12-20T20:58:15+08:00][sql] SELECT * FROM `information` ORDER BY `time` DESC LIMIT 1,4 [ RunTime:0.000418s ]
[2022-12-20T20:58:15+08:00][sql] SHOW FULL COLUMNS FROM `course` [ RunTime:0.001087s ]
[2022-12-20T20:58:15+08:00][sql] SELECT `id`,`title` FROM `course` ORDER BY `sorting` ASC LIMIT 0,6 [ RunTime:0.000265s ]
[2022-12-20T20:58:15+08:00][sql] SHOW FULL COLUMNS FROM `teacher` [ RunTime:0.001004s ]
[2022-12-20T20:58:15+08:00][sql] SELECT * FROM `teacher` [ RunTime:0.000283s ]
[2022-12-20T20:58:15+08:00][sql] SHOW FULL COLUMNS FROM `address` [ RunTime:0.000930s ]
[2022-12-20T20:58:15+08:00][sql] SELECT * FROM `address` WHERE  `id` = 1 LIMIT 1 [ RunTime:0.000285s ]
[2022-12-20T20:58:15+08:00][sql] SELECT * FROM `address` WHERE  `id` = 2 LIMIT 1 [ RunTime:0.000247s ]
[2022-12-20T21:06:03+08:00][sql] CONNECT:[ UseTime:0.000340s ] mysql:host=localhost;port=3316;dbname=coffee;charset=utf8
[2022-12-20T21:06:03+08:00][sql] SHOW FULL COLUMNS FROM `banner` [ RunTime:0.001265s ]
[2022-12-20T21:06:03+08:00][sql] SELECT * FROM `banner` [ RunTime:0.000229s ]
[2022-12-20T21:06:03+08:00][sql] SHOW FULL COLUMNS FROM `information` [ RunTime:0.000960s ]
[2022-12-20T21:06:03+08:00][sql] SELECT * FROM `information` ORDER BY `time` DESC LIMIT 1 [ RunTime:0.000282s ]
[2022-12-20T21:06:03+08:00][sql] SELECT * FROM `information` ORDER BY `time` DESC LIMIT 1,4 [ RunTime:0.000370s ]
[2022-12-20T21:06:03+08:00][sql] SHOW FULL COLUMNS FROM `course` [ RunTime:0.001064s ]
[2022-12-20T21:06:03+08:00][sql] SELECT `id`,`title` FROM `course` ORDER BY `sorting` ASC LIMIT 0,6 [ RunTime:0.000263s ]
[2022-12-20T21:06:03+08:00][sql] SHOW FULL COLUMNS FROM `teacher` [ RunTime:0.000946s ]
[2022-12-20T21:06:03+08:00][sql] SELECT * FROM `teacher` [ RunTime:0.000282s ]
[2022-12-20T21:06:03+08:00][sql] SHOW FULL COLUMNS FROM `address` [ RunTime:0.000945s ]
[2022-12-20T21:06:03+08:00][sql] SELECT * FROM `address` WHERE  `id` = 1 LIMIT 1 [ RunTime:0.000244s ]
[2022-12-20T21:06:03+08:00][sql] SELECT * FROM `address` WHERE  `id` = 2 LIMIT 1 [ RunTime:0.000213s ]
[2022-12-20T21:06:03+08:00][sql] CONNECT:[ UseTime:0.000486s ] mysql:host=localhost;port=3316;dbname=coffee;charset=utf8
[2022-12-20T21:06:03+08:00][sql] SHOW FULL COLUMNS FROM `banner` [ RunTime:0.001676s ]
[2022-12-20T21:06:03+08:00][sql] SELECT * FROM `banner` [ RunTime:0.000297s ]
[2022-12-20T21:06:03+08:00][sql] SHOW FULL COLUMNS FROM `information` [ RunTime:0.001378s ]
[2022-12-20T21:06:03+08:00][sql] SELECT * FROM `information` ORDER BY `time` DESC LIMIT 1 [ RunTime:0.000368s ]
[2022-12-20T21:06:03+08:00][sql] SELECT * FROM `information` ORDER BY `time` DESC LIMIT 1,4 [ RunTime:0.000490s ]
[2022-12-20T21:06:03+08:00][sql] SHOW FULL COLUMNS FROM `course` [ RunTime:0.001578s ]
[2022-12-20T21:06:03+08:00][sql] SELECT `id`,`title` FROM `course` ORDER BY `sorting` ASC LIMIT 0,6 [ RunTime:0.000278s ]
[2022-12-20T21:06:03+08:00][sql] SHOW FULL COLUMNS FROM `teacher` [ RunTime:0.001308s ]
[2022-12-20T21:06:03+08:00][sql] SELECT * FROM `teacher` [ RunTime:0.000299s ]
[2022-12-20T21:06:03+08:00][sql] SHOW FULL COLUMNS FROM `address` [ RunTime:0.001059s ]
[2022-12-20T21:06:03+08:00][sql] SELECT * FROM `address` WHERE  `id` = 1 LIMIT 1 [ RunTime:0.000296s ]
[2022-12-20T21:06:03+08:00][sql] SELECT * FROM `address` WHERE  `id` = 2 LIMIT 1 [ RunTime:0.000284s ]
[2022-12-20T21:07:45+08:00][sql] CONNECT:[ UseTime:0.000411s ] mysql:host=localhost;port=3316;dbname=coffee;charset=utf8
[2022-12-20T21:07:45+08:00][sql] SHOW FULL COLUMNS FROM `banner` [ RunTime:0.001245s ]
[2022-12-20T21:07:45+08:00][sql] SELECT * FROM `banner` [ RunTime:0.000314s ]
[2022-12-20T21:07:45+08:00][sql] SHOW FULL COLUMNS FROM `information` [ RunTime:0.000993s ]
[2022-12-20T21:07:45+08:00][sql] SELECT * FROM `information` ORDER BY `time` DESC LIMIT 1 [ RunTime:0.000349s ]
[2022-12-20T21:07:45+08:00][sql] SELECT * FROM `information` ORDER BY `time` DESC LIMIT 1,4 [ RunTime:0.000469s ]
[2022-12-20T21:07:45+08:00][sql] SHOW FULL COLUMNS FROM `course` [ RunTime:0.001084s ]
[2022-12-20T21:07:45+08:00][sql] SELECT `id`,`title` FROM `course` ORDER BY `sorting` ASC LIMIT 0,6 [ RunTime:0.000278s ]
[2022-12-20T21:07:45+08:00][sql] SHOW FULL COLUMNS FROM `teacher` [ RunTime:0.000938s ]
[2022-12-20T21:07:45+08:00][sql] SELECT * FROM `teacher` [ RunTime:0.000358s ]
[2022-12-20T21:07:45+08:00][sql] SHOW FULL COLUMNS FROM `address` [ RunTime:0.000954s ]
[2022-12-20T21:07:45+08:00][sql] SELECT * FROM `address` WHERE  `id` = 1 LIMIT 1 [ RunTime:0.000285s ]
[2022-12-20T21:07:45+08:00][sql] SELECT * FROM `address` WHERE  `id` = 2 LIMIT 1 [ RunTime:0.000241s ]
[2022-12-20T21:17:07+08:00][sql] CONNECT:[ UseTime:0.000388s ] mysql:host=localhost;port=3316;dbname=coffee;charset=utf8
[2022-12-20T21:17:07+08:00][sql] SHOW FULL COLUMNS FROM `banner` [ RunTime:0.001246s ]
[2022-12-20T21:17:07+08:00][sql] SELECT * FROM `banner` [ RunTime:0.000248s ]
[2022-12-20T21:17:07+08:00][sql] SHOW FULL COLUMNS FROM `information` [ RunTime:0.001044s ]
[2022-12-20T21:17:07+08:00][sql] SELECT * FROM `information` ORDER BY `time` DESC LIMIT 1 [ RunTime:0.000327s ]
[2022-12-20T21:17:07+08:00][sql] SELECT * FROM `information` ORDER BY `time` DESC LIMIT 1,4 [ RunTime:0.000387s ]
[2022-12-20T21:17:07+08:00][sql] SHOW FULL COLUMNS FROM `course` [ RunTime:0.001150s ]
[2022-12-20T21:17:07+08:00][sql] SELECT `id`,`title` FROM `course` ORDER BY `sorting` ASC LIMIT 0,6 [ RunTime:0.000260s ]
[2022-12-20T21:17:07+08:00][sql] SHOW FULL COLUMNS FROM `teacher` [ RunTime:0.000957s ]
[2022-12-20T21:17:07+08:00][sql] SELECT * FROM `teacher` [ RunTime:0.000264s ]
[2022-12-20T21:17:07+08:00][sql] SHOW FULL COLUMNS FROM `address` [ RunTime:0.000934s ]
[2022-12-20T21:17:07+08:00][sql] SELECT * FROM `address` WHERE  `id` = 1 LIMIT 1 [ RunTime:0.000276s ]
[2022-12-20T21:17:07+08:00][sql] SELECT * FROM `address` WHERE  `id` = 2 LIMIT 1 [ RunTime:0.000267s ]
[2022-12-20T21:22:11+08:00][sql] CONNECT:[ UseTime:0.000411s ] mysql:host=localhost;port=3316;dbname=coffee;charset=utf8
[2022-12-20T21:22:11+08:00][sql] SHOW FULL COLUMNS FROM `banner` [ RunTime:0.001298s ]
[2022-12-20T21:22:11+08:00][sql] SELECT * FROM `banner` [ RunTime:0.000282s ]
[2022-12-20T21:22:11+08:00][sql] SHOW FULL COLUMNS FROM `information` [ RunTime:0.001007s ]
[2022-12-20T21:22:11+08:00][sql] SELECT * FROM `information` ORDER BY `time` DESC LIMIT 1 [ RunTime:0.000335s ]
[2022-12-20T21:22:11+08:00][sql] SELECT * FROM `information` ORDER BY `time` DESC LIMIT 1,4 [ RunTime:0.000377s ]
[2022-12-20T21:22:11+08:00][sql] SHOW FULL COLUMNS FROM `course` [ RunTime:0.001125s ]
[2022-12-20T21:22:11+08:00][sql] SELECT `id`,`title` FROM `course` ORDER BY `sorting` ASC LIMIT 0,6 [ RunTime:0.000282s ]
[2022-12-20T21:22:11+08:00][sql] SHOW FULL COLUMNS FROM `teacher` [ RunTime:0.000960s ]
[2022-12-20T21:22:11+08:00][sql] SELECT * FROM `teacher` [ RunTime:0.000253s ]
[2022-12-20T21:22:11+08:00][sql] SHOW FULL COLUMNS FROM `address` [ RunTime:0.000933s ]
[2022-12-20T21:22:11+08:00][sql] SELECT * FROM `address` WHERE  `id` = 1 LIMIT 1 [ RunTime:0.000281s ]
[2022-12-20T21:22:11+08:00][sql] SELECT * FROM `address` WHERE  `id` = 2 LIMIT 1 [ RunTime:0.000268s ]
[2022-12-20T21:35:41+08:00][sql] CONNECT:[ UseTime:0.000528s ] mysql:host=localhost;port=3316;dbname=coffee;charset=utf8
[2022-12-20T21:35:41+08:00][sql] SHOW FULL COLUMNS FROM `banner` [ RunTime:0.001760s ]
[2022-12-20T21:35:41+08:00][sql] SELECT * FROM `banner` [ RunTime:0.000324s ]
[2022-12-20T21:35:41+08:00][sql] SHOW FULL COLUMNS FROM `information` [ RunTime:0.001104s ]
[2022-12-20T21:35:41+08:00][sql] SELECT * FROM `information` ORDER BY `time` DESC LIMIT 1 [ RunTime:0.000334s ]
[2022-12-20T21:35:41+08:00][sql] SELECT * FROM `information` ORDER BY `time` DESC LIMIT 1,4 [ RunTime:0.000393s ]
[2022-12-20T21:35:41+08:00][sql] SHOW FULL COLUMNS FROM `course` [ RunTime:0.001117s ]
[2022-12-20T21:35:41+08:00][sql] SELECT `id`,`title` FROM `course` ORDER BY `sorting` ASC LIMIT 0,6 [ RunTime:0.000268s ]
[2022-12-20T21:35:41+08:00][sql] SHOW FULL COLUMNS FROM `teacher` [ RunTime:0.000934s ]
[2022-12-20T21:35:41+08:00][sql] SELECT * FROM `teacher` [ RunTime:0.000266s ]
[2022-12-20T21:35:41+08:00][sql] SHOW FULL COLUMNS FROM `address` [ RunTime:0.000942s ]
[2022-12-20T21:35:41+08:00][sql] SELECT * FROM `address` WHERE  `id` = 1 LIMIT 1 [ RunTime:0.000302s ]
[2022-12-20T21:35:41+08:00][sql] SELECT * FROM `address` WHERE  `id` = 2 LIMIT 1 [ RunTime:0.000276s ]
[2022-12-20T23:34:41+08:00][sql] CONNECT:[ UseTime:0.000418s ] mysql:host=localhost;port=3316;dbname=coffee;charset=utf8
[2022-12-20T23:34:41+08:00][sql] SHOW FULL COLUMNS FROM `banner` [ RunTime:0.001282s ]
[2022-12-20T23:34:41+08:00][sql] SELECT * FROM `banner` [ RunTime:0.000329s ]
[2022-12-20T23:34:41+08:00][sql] SHOW FULL COLUMNS FROM `information` [ RunTime:0.001012s ]
[2022-12-20T23:34:41+08:00][sql] SELECT * FROM `information` ORDER BY `time` DESC LIMIT 1 [ RunTime:0.000358s ]
[2022-12-20T23:34:41+08:00][sql] SELECT * FROM `information` ORDER BY `time` DESC LIMIT 1,4 [ RunTime:0.000409s ]
[2022-12-20T23:34:41+08:00][sql] SHOW FULL COLUMNS FROM `course` [ RunTime:0.001065s ]
[2022-12-20T23:34:41+08:00][sql] SELECT `id`,`title` FROM `course` ORDER BY `sorting` ASC LIMIT 0,6 [ RunTime:0.000257s ]
[2022-12-20T23:34:41+08:00][sql] SHOW FULL COLUMNS FROM `teacher` [ RunTime:0.000900s ]
[2022-12-20T23:34:41+08:00][sql] SELECT * FROM `teacher` [ RunTime:0.000290s ]
[2022-12-20T23:34:41+08:00][sql] SHOW FULL COLUMNS FROM `address` [ RunTime:0.000946s ]
[2022-12-20T23:34:41+08:00][sql] SELECT * FROM `address` WHERE  `id` = 1 LIMIT 1 [ RunTime:0.000285s ]
[2022-12-20T23:34:41+08:00][sql] SELECT * FROM `address` WHERE  `id` = 2 LIMIT 1 [ RunTime:0.000245s ]
[2022-12-20T23:51:53+08:00][sql] CONNECT:[ UseTime:0.000431s ] mysql:host=localhost;port=3316;dbname=coffee;charset=utf8
[2022-12-20T23:51:53+08:00][sql] SHOW FULL COLUMNS FROM `banner` [ RunTime:0.001251s ]
[2022-12-20T23:51:53+08:00][sql] SELECT * FROM `banner` [ RunTime:0.000254s ]
[2022-12-20T23:51:53+08:00][sql] SHOW FULL COLUMNS FROM `information` [ RunTime:0.001053s ]
[2022-12-20T23:51:53+08:00][sql] SELECT * FROM `information` ORDER BY `time` DESC LIMIT 1 [ RunTime:0.000345s ]
[2022-12-20T23:51:53+08:00][sql] SELECT * FROM `information` ORDER BY `time` DESC LIMIT 1,4 [ RunTime:0.000386s ]
[2022-12-20T23:51:53+08:00][sql] SHOW FULL COLUMNS FROM `course` [ RunTime:0.001277s ]
[2022-12-20T23:51:53+08:00][sql] SELECT `id`,`title` FROM `course` ORDER BY `sorting` ASC LIMIT 0,6 [ RunTime:0.000263s ]
[2022-12-20T23:51:53+08:00][sql] SHOW FULL COLUMNS FROM `teacher` [ RunTime:0.000907s ]
[2022-12-20T23:51:53+08:00][sql] SELECT * FROM `teacher` [ RunTime:0.000259s ]
[2022-12-20T23:51:53+08:00][sql] SHOW FULL COLUMNS FROM `address` [ RunTime:0.000963s ]
[2022-12-20T23:51:53+08:00][sql] SELECT * FROM `address` WHERE  `id` = 1 LIMIT 1 [ RunTime:0.000339s ]
[2022-12-20T23:51:53+08:00][sql] SELECT * FROM `address` WHERE  `id` = 2 LIMIT 1 [ RunTime:0.000242s ]
