[2022-12-31T00:18:55+08:00][sql] CONNECT:[ UseTime:0.000386s ] mysql:host=localhost;port=3316;dbname=coffee;charset=utf8
[2022-12-31T00:18:55+08:00][sql] SHOW FULL COLUMNS FROM `banner` [ RunTime:0.001250s ]
[2022-12-31T00:18:55+08:00][sql] SELECT * FROM `banner` [ RunTime:0.000218s ]
[2022-12-31T00:18:55+08:00][sql] SHOW FULL COLUMNS FROM `information` [ RunTime:0.001019s ]
[2022-12-31T00:18:55+08:00][sql] SELECT * FROM `information` ORDER BY `time` DESC LIMIT 1 [ RunTime:0.000288s ]
[2022-12-31T00:18:55+08:00][sql] SELECT * FROM `information` ORDER BY `time` DESC LIMIT 1,4 [ RunTime:0.000371s ]
[2022-12-31T00:18:55+08:00][sql] SHOW FULL COLUMNS FROM `course` [ RunTime:0.001160s ]
[2022-12-31T00:18:55+08:00][sql] SELECT `id`,`title` FROM `course` ORDER BY `sorting` ASC LIMIT 0,6 [ RunTime:0.000315s ]
[2022-12-31T00:18:55+08:00][sql] SHOW FULL COLUMNS FROM `teacher` [ RunTime:0.001087s ]
[2022-12-31T00:18:55+08:00][sql] SELECT * FROM `teacher` [ RunTime:0.000300s ]
[2022-12-31T00:18:55+08:00][sql] SHOW FULL COLUMNS FROM `address` [ RunTime:0.000951s ]
[2022-12-31T00:18:55+08:00][sql] SELECT * FROM `address` WHERE  `id` = 1 LIMIT 1 [ RunTime:0.000294s ]
[2022-12-31T00:18:55+08:00][sql] SELECT * FROM `address` WHERE  `id` = 2 LIMIT 1 [ RunTime:0.000223s ]
[2022-12-31T00:32:11+08:00][sql] CONNECT:[ UseTime:0.000387s ] mysql:host=localhost;port=3316;dbname=coffee;charset=utf8
[2022-12-31T00:32:11+08:00][sql] SHOW FULL COLUMNS FROM `banner` [ RunTime:0.001284s ]
[2022-12-31T00:32:11+08:00][sql] SELECT * FROM `banner` [ RunTime:0.000305s ]
[2022-12-31T00:32:11+08:00][sql] SHOW FULL COLUMNS FROM `information` [ RunTime:0.001117s ]
[2022-12-31T00:32:11+08:00][sql] SELECT * FROM `information` ORDER BY `time` DESC LIMIT 1 [ RunTime:0.000354s ]
[2022-12-31T00:32:11+08:00][sql] SELECT * FROM `information` ORDER BY `time` DESC LIMIT 1,4 [ RunTime:0.000386s ]
[2022-12-31T00:32:11+08:00][sql] SHOW FULL COLUMNS FROM `course` [ RunTime:0.001098s ]
[2022-12-31T00:32:11+08:00][sql] SELECT `id`,`title` FROM `course` ORDER BY `sorting` ASC LIMIT 0,6 [ RunTime:0.000259s ]
[2022-12-31T00:32:11+08:00][sql] SHOW FULL COLUMNS FROM `teacher` [ RunTime:0.000919s ]
[2022-12-31T00:32:11+08:00][sql] SELECT * FROM `teacher` [ RunTime:0.000282s ]
[2022-12-31T00:32:11+08:00][sql] SHOW FULL COLUMNS FROM `address` [ RunTime:0.000978s ]
[2022-12-31T00:32:11+08:00][sql] SELECT * FROM `address` WHERE  `id` = 1 LIMIT 1 [ RunTime:0.000307s ]
[2022-12-31T00:32:11+08:00][sql] SELECT * FROM `address` WHERE  `id` = 2 LIMIT 1 [ RunTime:0.000247s ]
[2022-12-31T00:38:34+08:00][sql] CONNECT:[ UseTime:0.000363s ] mysql:host=localhost;port=3316;dbname=coffee;charset=utf8
[2022-12-31T00:38:34+08:00][sql] SHOW FULL COLUMNS FROM `banner` [ RunTime:0.001246s ]
[2022-12-31T00:38:34+08:00][sql] SELECT * FROM `banner` [ RunTime:0.000212s ]
[2022-12-31T00:38:34+08:00][sql] SHOW FULL COLUMNS FROM `information` [ RunTime:0.000954s ]
[2022-12-31T00:38:34+08:00][sql] SELECT * FROM `information` ORDER BY `time` DESC LIMIT 1 [ RunTime:0.000313s ]
[2022-12-31T00:38:34+08:00][sql] SELECT * FROM `information` ORDER BY `time` DESC LIMIT 1,4 [ RunTime:0.000342s ]
[2022-12-31T00:38:34+08:00][sql] SHOW FULL COLUMNS FROM `course` [ RunTime:0.001050s ]
[2022-12-31T00:38:34+08:00][sql] SELECT `id`,`title` FROM `course` ORDER BY `sorting` ASC LIMIT 0,6 [ RunTime:0.000223s ]
[2022-12-31T00:38:34+08:00][sql] SHOW FULL COLUMNS FROM `teacher` [ RunTime:0.000918s ]
[2022-12-31T00:38:34+08:00][sql] SELECT * FROM `teacher` [ RunTime:0.000242s ]
[2022-12-31T00:38:34+08:00][sql] SHOW FULL COLUMNS FROM `address` [ RunTime:0.000909s ]
[2022-12-31T00:38:34+08:00][sql] SELECT * FROM `address` WHERE  `id` = 1 LIMIT 1 [ RunTime:0.000250s ]
[2022-12-31T00:38:34+08:00][sql] SELECT * FROM `address` WHERE  `id` = 2 LIMIT 1 [ RunTime:0.000214s ]
[2022-12-31T01:13:57+08:00][sql] CONNECT:[ UseTime:0.000383s ] mysql:host=localhost;port=3316;dbname=coffee;charset=utf8
[2022-12-31T01:13:57+08:00][sql] SHOW FULL COLUMNS FROM `banner` [ RunTime:0.001267s ]
[2022-12-31T01:13:57+08:00][sql] SELECT * FROM `banner` [ RunTime:0.000216s ]
[2022-12-31T01:13:57+08:00][sql] SHOW FULL COLUMNS FROM `information` [ RunTime:0.001022s ]
[2022-12-31T01:13:57+08:00][sql] SELECT * FROM `information` ORDER BY `time` DESC LIMIT 1 [ RunTime:0.000279s ]
[2022-12-31T01:13:57+08:00][sql] SELECT * FROM `information` ORDER BY `time` DESC LIMIT 1,4 [ RunTime:0.000384s ]
[2022-12-31T01:13:57+08:00][sql] SHOW FULL COLUMNS FROM `course` [ RunTime:0.001062s ]
[2022-12-31T01:13:57+08:00][sql] SELECT `id`,`title` FROM `course` ORDER BY `sorting` ASC LIMIT 0,6 [ RunTime:0.000224s ]
[2022-12-31T01:13:57+08:00][sql] SHOW FULL COLUMNS FROM `teacher` [ RunTime:0.000881s ]
[2022-12-31T01:13:57+08:00][sql] SELECT * FROM `teacher` [ RunTime:0.000230s ]
[2022-12-31T01:13:57+08:00][sql] SHOW FULL COLUMNS FROM `address` [ RunTime:0.000886s ]
[2022-12-31T01:13:57+08:00][sql] SELECT * FROM `address` WHERE  `id` = 1 LIMIT 1 [ RunTime:0.000239s ]
[2022-12-31T01:13:57+08:00][sql] SELECT * FROM `address` WHERE  `id` = 2 LIMIT 1 [ RunTime:0.000215s ]
[2022-12-31T01:13:57+08:00][sql] CONNECT:[ UseTime:0.000388s ] mysql:host=localhost;port=3316;dbname=coffee;charset=utf8
[2022-12-31T01:13:57+08:00][sql] SHOW FULL COLUMNS FROM `banner` [ RunTime:0.001192s ]
[2022-12-31T01:13:57+08:00][sql] SELECT * FROM `banner` [ RunTime:0.000235s ]
[2022-12-31T01:13:57+08:00][sql] SHOW FULL COLUMNS FROM `information` [ RunTime:0.000954s ]
[2022-12-31T01:13:57+08:00][sql] SELECT * FROM `information` ORDER BY `time` DESC LIMIT 1 [ RunTime:0.000308s ]
[2022-12-31T01:13:57+08:00][sql] SELECT * FROM `information` ORDER BY `time` DESC LIMIT 1,4 [ RunTime:0.000317s ]
[2022-12-31T01:13:57+08:00][sql] SHOW FULL COLUMNS FROM `course` [ RunTime:0.000995s ]
[2022-12-31T01:13:57+08:00][sql] SELECT `id`,`title` FROM `course` ORDER BY `sorting` ASC LIMIT 0,6 [ RunTime:0.000227s ]
[2022-12-31T01:13:57+08:00][sql] SHOW FULL COLUMNS FROM `teacher` [ RunTime:0.000827s ]
[2022-12-31T01:13:57+08:00][sql] SELECT * FROM `teacher` [ RunTime:0.000232s ]
[2022-12-31T01:13:57+08:00][sql] SHOW FULL COLUMNS FROM `address` [ RunTime:0.000903s ]
[2022-12-31T01:13:57+08:00][sql] SELECT * FROM `address` WHERE  `id` = 1 LIMIT 1 [ RunTime:0.000271s ]
[2022-12-31T01:13:57+08:00][sql] SELECT * FROM `address` WHERE  `id` = 2 LIMIT 1 [ RunTime:0.000208s ]
[2022-12-31T01:19:12+08:00][sql] CONNECT:[ UseTime:0.000399s ] mysql:host=localhost;port=3316;dbname=coffee;charset=utf8
[2022-12-31T01:19:12+08:00][sql] SHOW FULL COLUMNS FROM `banner` [ RunTime:0.001231s ]
[2022-12-31T01:19:12+08:00][sql] SELECT * FROM `banner` [ RunTime:0.000253s ]
[2022-12-31T01:19:12+08:00][sql] SHOW FULL COLUMNS FROM `information` [ RunTime:0.000964s ]
[2022-12-31T01:19:12+08:00][sql] SELECT * FROM `information` ORDER BY `time` DESC LIMIT 1 [ RunTime:0.000318s ]
[2022-12-31T01:19:12+08:00][sql] SELECT * FROM `information` ORDER BY `time` DESC LIMIT 1,4 [ RunTime:0.000392s ]
[2022-12-31T01:19:12+08:00][sql] SHOW FULL COLUMNS FROM `course` [ RunTime:0.001059s ]
[2022-12-31T01:19:12+08:00][sql] SELECT `id`,`title` FROM `course` ORDER BY `sorting` ASC LIMIT 0,6 [ RunTime:0.000261s ]
[2022-12-31T01:19:12+08:00][sql] SHOW FULL COLUMNS FROM `teacher` [ RunTime:0.000921s ]
[2022-12-31T01:19:12+08:00][sql] SELECT * FROM `teacher` [ RunTime:0.000275s ]
[2022-12-31T01:19:12+08:00][sql] SHOW FULL COLUMNS FROM `address` [ RunTime:0.000920s ]
[2022-12-31T01:19:12+08:00][sql] SELECT * FROM `address` WHERE  `id` = 1 LIMIT 1 [ RunTime:0.000276s ]
[2022-12-31T01:19:12+08:00][sql] SELECT * FROM `address` WHERE  `id` = 2 LIMIT 1 [ RunTime:0.000238s ]
[2022-12-31T01:19:12+08:00][sql] CONNECT:[ UseTime:0.000389s ] mysql:host=localhost;port=3316;dbname=coffee;charset=utf8
[2022-12-31T01:19:12+08:00][sql] SHOW FULL COLUMNS FROM `banner` [ RunTime:0.001224s ]
[2022-12-31T01:19:12+08:00][sql] SELECT * FROM `banner` [ RunTime:0.000256s ]
[2022-12-31T01:19:12+08:00][sql] SHOW FULL COLUMNS FROM `information` [ RunTime:0.001033s ]
[2022-12-31T01:19:12+08:00][sql] SELECT * FROM `information` ORDER BY `time` DESC LIMIT 1 [ RunTime:0.000325s ]
[2022-12-31T01:19:12+08:00][sql] SELECT * FROM `information` ORDER BY `time` DESC LIMIT 1,4 [ RunTime:0.000387s ]
[2022-12-31T01:19:12+08:00][sql] SHOW FULL COLUMNS FROM `course` [ RunTime:0.001059s ]
[2022-12-31T01:19:12+08:00][sql] SELECT `id`,`title` FROM `course` ORDER BY `sorting` ASC LIMIT 0,6 [ RunTime:0.000254s ]
[2022-12-31T01:19:12+08:00][sql] SHOW FULL COLUMNS FROM `teacher` [ RunTime:0.000973s ]
[2022-12-31T01:19:12+08:00][sql] SELECT * FROM `teacher` [ RunTime:0.000288s ]
[2022-12-31T01:19:12+08:00][sql] SHOW FULL COLUMNS FROM `address` [ RunTime:0.000916s ]
[2022-12-31T01:19:12+08:00][sql] SELECT * FROM `address` WHERE  `id` = 1 LIMIT 1 [ RunTime:0.000273s ]
[2022-12-31T01:19:12+08:00][sql] SELECT * FROM `address` WHERE  `id` = 2 LIMIT 1 [ RunTime:0.000238s ]
[2022-12-31T01:32:16+08:00][sql] CONNECT:[ UseTime:0.000398s ] mysql:host=localhost;port=3316;dbname=coffee;charset=utf8
[2022-12-31T01:32:16+08:00][sql] SHOW FULL COLUMNS FROM `banner` [ RunTime:0.001272s ]
[2022-12-31T01:32:16+08:00][sql] SELECT * FROM `banner` [ RunTime:0.000249s ]
[2022-12-31T01:32:16+08:00][sql] SHOW FULL COLUMNS FROM `information` [ RunTime:0.000981s ]
[2022-12-31T01:32:16+08:00][sql] SELECT * FROM `information` ORDER BY `time` DESC LIMIT 1 [ RunTime:0.000319s ]
[2022-12-31T01:32:16+08:00][sql] SELECT * FROM `information` ORDER BY `time` DESC LIMIT 1,4 [ RunTime:0.000371s ]
[2022-12-31T01:32:16+08:00][sql] SHOW FULL COLUMNS FROM `course` [ RunTime:0.001059s ]
[2022-12-31T01:32:16+08:00][sql] SELECT `id`,`title` FROM `course` ORDER BY `sorting` ASC LIMIT 0,6 [ RunTime:0.000260s ]
[2022-12-31T01:32:16+08:00][sql] SHOW FULL COLUMNS FROM `teacher` [ RunTime:0.000903s ]
[2022-12-31T01:32:16+08:00][sql] SELECT * FROM `teacher` [ RunTime:0.000254s ]
[2022-12-31T01:32:16+08:00][sql] SHOW FULL COLUMNS FROM `address` [ RunTime:0.000922s ]
[2022-12-31T01:32:16+08:00][sql] SELECT * FROM `address` WHERE  `id` = 1 LIMIT 1 [ RunTime:0.000274s ]
[2022-12-31T01:32:16+08:00][sql] SELECT * FROM `address` WHERE  `id` = 2 LIMIT 1 [ RunTime:0.000249s ]
[2022-12-31T01:51:51+08:00][sql] CONNECT:[ UseTime:0.000458s ] mysql:host=localhost;port=3316;dbname=coffee;charset=utf8
[2022-12-31T01:51:51+08:00][sql] SHOW FULL COLUMNS FROM `banner` [ RunTime:0.001262s ]
[2022-12-31T01:51:51+08:00][sql] SELECT * FROM `banner` [ RunTime:0.000383s ]
[2022-12-31T01:51:51+08:00][sql] SHOW FULL COLUMNS FROM `information` [ RunTime:0.000985s ]
[2022-12-31T01:51:51+08:00][sql] SELECT * FROM `information` ORDER BY `time` DESC LIMIT 1 [ RunTime:0.000322s ]
[2022-12-31T01:51:51+08:00][sql] SELECT * FROM `information` ORDER BY `time` DESC LIMIT 1,4 [ RunTime:0.000320s ]
[2022-12-31T01:51:51+08:00][sql] SHOW FULL COLUMNS FROM `course` [ RunTime:0.001131s ]
[2022-12-31T01:51:51+08:00][sql] SELECT `id`,`title` FROM `course` ORDER BY `sorting` ASC LIMIT 0,6 [ RunTime:0.000285s ]
[2022-12-31T01:51:51+08:00][sql] SHOW FULL COLUMNS FROM `teacher` [ RunTime:0.001085s ]
[2022-12-31T01:51:51+08:00][sql] SELECT * FROM `teacher` [ RunTime:0.000262s ]
[2022-12-31T01:51:51+08:00][sql] SHOW FULL COLUMNS FROM `address` [ RunTime:0.001114s ]
[2022-12-31T01:51:51+08:00][sql] SELECT * FROM `address` WHERE  `id` = 1 LIMIT 1 [ RunTime:0.000280s ]
[2022-12-31T01:51:51+08:00][sql] SELECT * FROM `address` WHERE  `id` = 2 LIMIT 1 [ RunTime:0.000431s ]
[2022-12-31T02:00:42+08:00][sql] CONNECT:[ UseTime:0.000383s ] mysql:host=localhost;port=3316;dbname=coffee;charset=utf8
[2022-12-31T02:00:42+08:00][sql] SHOW FULL COLUMNS FROM `banner` [ RunTime:0.001197s ]
[2022-12-31T02:00:42+08:00][sql] SELECT * FROM `banner` [ RunTime:0.000265s ]
[2022-12-31T02:00:42+08:00][sql] SHOW FULL COLUMNS FROM `information` [ RunTime:0.001033s ]
[2022-12-31T02:00:42+08:00][sql] SELECT * FROM `information` ORDER BY `time` DESC LIMIT 1 [ RunTime:0.000319s ]
[2022-12-31T02:00:42+08:00][sql] SELECT * FROM `information` ORDER BY `time` DESC LIMIT 1,4 [ RunTime:0.000436s ]
[2022-12-31T02:00:42+08:00][sql] SHOW FULL COLUMNS FROM `course` [ RunTime:0.001108s ]
[2022-12-31T02:00:42+08:00][sql] SELECT `id`,`title` FROM `course` ORDER BY `sorting` ASC LIMIT 0,6 [ RunTime:0.000276s ]
[2022-12-31T02:00:42+08:00][sql] SHOW FULL COLUMNS FROM `teacher` [ RunTime:0.000939s ]
[2022-12-31T02:00:42+08:00][sql] SELECT * FROM `teacher` [ RunTime:0.000297s ]
[2022-12-31T02:00:42+08:00][sql] SHOW FULL COLUMNS FROM `address` [ RunTime:0.000918s ]
[2022-12-31T02:00:42+08:00][sql] SELECT * FROM `address` WHERE  `id` = 1 LIMIT 1 [ RunTime:0.000280s ]
[2022-12-31T02:00:42+08:00][sql] SELECT * FROM `address` WHERE  `id` = 2 LIMIT 1 [ RunTime:0.000249s ]
[2022-12-31T02:53:46+08:00][sql] CONNECT:[ UseTime:0.000348s ] mysql:host=localhost;port=3316;dbname=coffee;charset=utf8
[2022-12-31T02:53:46+08:00][sql] SHOW FULL COLUMNS FROM `banner` [ RunTime:0.001219s ]
[2022-12-31T02:53:46+08:00][sql] SELECT * FROM `banner` [ RunTime:0.000234s ]
[2022-12-31T02:53:46+08:00][sql] SHOW FULL COLUMNS FROM `information` [ RunTime:0.000961s ]
[2022-12-31T02:53:46+08:00][sql] SELECT * FROM `information` ORDER BY `time` DESC LIMIT 1 [ RunTime:0.000275s ]
[2022-12-31T02:53:46+08:00][sql] SELECT * FROM `information` ORDER BY `time` DESC LIMIT 1,4 [ RunTime:0.000366s ]
[2022-12-31T02:53:46+08:00][sql] SHOW FULL COLUMNS FROM `course` [ RunTime:0.001059s ]
[2022-12-31T02:53:46+08:00][sql] SELECT `id`,`title` FROM `course` ORDER BY `sorting` ASC LIMIT 0,6 [ RunTime:0.000225s ]
[2022-12-31T02:53:46+08:00][sql] SHOW FULL COLUMNS FROM `teacher` [ RunTime:0.000877s ]
[2022-12-31T02:53:46+08:00][sql] SELECT * FROM `teacher` [ RunTime:0.000219s ]
[2022-12-31T02:53:46+08:00][sql] SHOW FULL COLUMNS FROM `address` [ RunTime:0.000888s ]
[2022-12-31T02:53:46+08:00][sql] SELECT * FROM `address` WHERE  `id` = 1 LIMIT 1 [ RunTime:0.000276s ]
[2022-12-31T02:53:46+08:00][sql] SELECT * FROM `address` WHERE  `id` = 2 LIMIT 1 [ RunTime:0.000214s ]
[2022-12-31T03:00:25+08:00][sql] CONNECT:[ UseTime:0.000432s ] mysql:host=localhost;port=3316;dbname=coffee;charset=utf8
[2022-12-31T03:00:25+08:00][sql] SHOW FULL COLUMNS FROM `banner` [ RunTime:0.001265s ]
[2022-12-31T03:00:25+08:00][sql] SELECT * FROM `banner` [ RunTime:0.000253s ]
[2022-12-31T03:00:25+08:00][sql] SHOW FULL COLUMNS FROM `information` [ RunTime:0.000973s ]
[2022-12-31T03:00:25+08:00][sql] SELECT * FROM `information` ORDER BY `time` DESC LIMIT 1 [ RunTime:0.000318s ]
[2022-12-31T03:00:25+08:00][sql] SELECT * FROM `information` ORDER BY `time` DESC LIMIT 1,4 [ RunTime:0.000395s ]
[2022-12-31T03:00:25+08:00][sql] SHOW FULL COLUMNS FROM `course` [ RunTime:0.001070s ]
[2022-12-31T03:00:25+08:00][sql] SELECT `id`,`title` FROM `course` ORDER BY `sorting` ASC LIMIT 0,6 [ RunTime:0.000257s ]
[2022-12-31T03:00:25+08:00][sql] SHOW FULL COLUMNS FROM `teacher` [ RunTime:0.000888s ]
[2022-12-31T03:00:25+08:00][sql] SELECT * FROM `teacher` [ RunTime:0.000261s ]
[2022-12-31T03:00:25+08:00][sql] SHOW FULL COLUMNS FROM `address` [ RunTime:0.000973s ]
[2022-12-31T03:00:25+08:00][sql] SELECT * FROM `address` WHERE  `id` = 1 LIMIT 1 [ RunTime:0.000279s ]
[2022-12-31T03:00:25+08:00][sql] SELECT * FROM `address` WHERE  `id` = 2 LIMIT 1 [ RunTime:0.000266s ]
[2022-12-31T03:04:25+08:00][sql] CONNECT:[ UseTime:0.000395s ] mysql:host=localhost;port=3316;dbname=coffee;charset=utf8
[2022-12-31T03:04:25+08:00][sql] SHOW FULL COLUMNS FROM `banner` [ RunTime:0.001318s ]
[2022-12-31T03:04:25+08:00][sql] SELECT * FROM `banner` [ RunTime:0.000255s ]
[2022-12-31T03:04:25+08:00][sql] SHOW FULL COLUMNS FROM `information` [ RunTime:0.000983s ]
[2022-12-31T03:04:25+08:00][sql] SELECT * FROM `information` ORDER BY `time` DESC LIMIT 1 [ RunTime:0.000329s ]
[2022-12-31T03:04:25+08:00][sql] SELECT * FROM `information` ORDER BY `time` DESC LIMIT 1,4 [ RunTime:0.000387s ]
[2022-12-31T03:04:25+08:00][sql] SHOW FULL COLUMNS FROM `course` [ RunTime:0.001066s ]
[2022-12-31T03:04:25+08:00][sql] SELECT `id`,`title` FROM `course` ORDER BY `sorting` ASC LIMIT 0,6 [ RunTime:0.000262s ]
[2022-12-31T03:04:25+08:00][sql] SHOW FULL COLUMNS FROM `teacher` [ RunTime:0.000976s ]
[2022-12-31T03:04:25+08:00][sql] SELECT * FROM `teacher` [ RunTime:0.000263s ]
[2022-12-31T03:04:25+08:00][sql] SHOW FULL COLUMNS FROM `address` [ RunTime:0.000924s ]
[2022-12-31T03:04:25+08:00][sql] SELECT * FROM `address` WHERE  `id` = 1 LIMIT 1 [ RunTime:0.000270s ]
[2022-12-31T03:04:25+08:00][sql] SELECT * FROM `address` WHERE  `id` = 2 LIMIT 1 [ RunTime:0.000272s ]
[2022-12-31T04:00:26+08:00][sql] CONNECT:[ UseTime:0.000405s ] mysql:host=localhost;port=3316;dbname=coffee;charset=utf8
[2022-12-31T04:00:26+08:00][sql] SHOW FULL COLUMNS FROM `banner` [ RunTime:0.001307s ]
[2022-12-31T04:00:26+08:00][sql] SELECT * FROM `banner` [ RunTime:0.000265s ]
[2022-12-31T04:00:26+08:00][sql] SHOW FULL COLUMNS FROM `information` [ RunTime:0.001011s ]
[2022-12-31T04:00:26+08:00][sql] SELECT * FROM `information` ORDER BY `time` DESC LIMIT 1 [ RunTime:0.000382s ]
[2022-12-31T04:00:26+08:00][sql] SELECT * FROM `information` ORDER BY `time` DESC LIMIT 1,4 [ RunTime:0.000391s ]
[2022-12-31T04:00:26+08:00][sql] SHOW FULL COLUMNS FROM `course` [ RunTime:0.001083s ]
[2022-12-31T04:00:26+08:00][sql] SELECT `id`,`title` FROM `course` ORDER BY `sorting` ASC LIMIT 0,6 [ RunTime:0.000309s ]
[2022-12-31T04:00:26+08:00][sql] SHOW FULL COLUMNS FROM `teacher` [ RunTime:0.000920s ]
[2022-12-31T04:00:26+08:00][sql] SELECT * FROM `teacher` [ RunTime:0.000262s ]
[2022-12-31T04:00:26+08:00][sql] SHOW FULL COLUMNS FROM `address` [ RunTime:0.000952s ]
[2022-12-31T04:00:26+08:00][sql] SELECT * FROM `address` WHERE  `id` = 1 LIMIT 1 [ RunTime:0.000281s ]
[2022-12-31T04:00:26+08:00][sql] SELECT * FROM `address` WHERE  `id` = 2 LIMIT 1 [ RunTime:0.000251s ]
[2022-12-31T04:20:53+08:00][sql] CONNECT:[ UseTime:0.000376s ] mysql:host=localhost;port=3316;dbname=coffee;charset=utf8
[2022-12-31T04:20:53+08:00][sql] SHOW FULL COLUMNS FROM `banner` [ RunTime:0.001322s ]
[2022-12-31T04:20:53+08:00][sql] SELECT * FROM `banner` [ RunTime:0.000249s ]
[2022-12-31T04:20:53+08:00][sql] SHOW FULL COLUMNS FROM `information` [ RunTime:0.001149s ]
[2022-12-31T04:20:53+08:00][sql] SELECT * FROM `information` ORDER BY `time` DESC LIMIT 1 [ RunTime:0.000293s ]
[2022-12-31T04:20:53+08:00][sql] SELECT * FROM `information` ORDER BY `time` DESC LIMIT 1,4 [ RunTime:0.000408s ]
[2022-12-31T04:20:53+08:00][sql] SHOW FULL COLUMNS FROM `course` [ RunTime:0.001177s ]
[2022-12-31T04:20:53+08:00][sql] SELECT `id`,`title` FROM `course` ORDER BY `sorting` ASC LIMIT 0,6 [ RunTime:0.000230s ]
[2022-12-31T04:20:53+08:00][sql] SHOW FULL COLUMNS FROM `teacher` [ RunTime:0.001021s ]
[2022-12-31T04:20:53+08:00][sql] SELECT * FROM `teacher` [ RunTime:0.000274s ]
[2022-12-31T04:20:53+08:00][sql] SHOW FULL COLUMNS FROM `address` [ RunTime:0.001009s ]
[2022-12-31T04:20:53+08:00][sql] SELECT * FROM `address` WHERE  `id` = 1 LIMIT 1 [ RunTime:0.000256s ]
[2022-12-31T04:20:53+08:00][sql] SELECT * FROM `address` WHERE  `id` = 2 LIMIT 1 [ RunTime:0.000211s ]
[2022-12-31T04:56:43+08:00][sql] CONNECT:[ UseTime:0.000450s ] mysql:host=localhost;port=3316;dbname=coffee;charset=utf8
[2022-12-31T04:56:43+08:00][sql] SHOW FULL COLUMNS FROM `banner` [ RunTime:0.001245s ]
[2022-12-31T04:56:43+08:00][sql] SELECT * FROM `banner` [ RunTime:0.000255s ]
[2022-12-31T04:56:43+08:00][sql] SHOW FULL COLUMNS FROM `information` [ RunTime:0.001033s ]
[2022-12-31T04:56:43+08:00][sql] SELECT * FROM `information` ORDER BY `time` DESC LIMIT 1 [ RunTime:0.000340s ]
[2022-12-31T04:56:43+08:00][sql] SELECT * FROM `information` ORDER BY `time` DESC LIMIT 1,4 [ RunTime:0.000380s ]
[2022-12-31T04:56:43+08:00][sql] SHOW FULL COLUMNS FROM `course` [ RunTime:0.001072s ]
[2022-12-31T04:56:43+08:00][sql] SELECT `id`,`title` FROM `course` ORDER BY `sorting` ASC LIMIT 0,6 [ RunTime:0.000276s ]
[2022-12-31T04:56:43+08:00][sql] SHOW FULL COLUMNS FROM `teacher` [ RunTime:0.000928s ]
[2022-12-31T04:56:43+08:00][sql] SELECT * FROM `teacher` [ RunTime:0.000263s ]
[2022-12-31T04:56:43+08:00][sql] SHOW FULL COLUMNS FROM `address` [ RunTime:0.000928s ]
[2022-12-31T04:56:43+08:00][sql] SELECT * FROM `address` WHERE  `id` = 1 LIMIT 1 [ RunTime:0.000293s ]
[2022-12-31T04:56:43+08:00][sql] SELECT * FROM `address` WHERE  `id` = 2 LIMIT 1 [ RunTime:0.000246s ]
[2022-12-31T05:13:23+08:00][sql] CONNECT:[ UseTime:0.000431s ] mysql:host=localhost;port=3316;dbname=coffee;charset=utf8
[2022-12-31T05:13:23+08:00][sql] SHOW FULL COLUMNS FROM `banner` [ RunTime:0.001267s ]
[2022-12-31T05:13:23+08:00][sql] SELECT * FROM `banner` [ RunTime:0.000251s ]
[2022-12-31T05:13:23+08:00][sql] SHOW FULL COLUMNS FROM `information` [ RunTime:0.000991s ]
[2022-12-31T05:13:23+08:00][sql] SELECT * FROM `information` ORDER BY `time` DESC LIMIT 1 [ RunTime:0.000315s ]
[2022-12-31T05:13:23+08:00][sql] SELECT * FROM `information` ORDER BY `time` DESC LIMIT 1,4 [ RunTime:0.000402s ]
[2022-12-31T05:13:23+08:00][sql] SHOW FULL COLUMNS FROM `course` [ RunTime:0.001084s ]
[2022-12-31T05:13:23+08:00][sql] SELECT `id`,`title` FROM `course` ORDER BY `sorting` ASC LIMIT 0,6 [ RunTime:0.000259s ]
[2022-12-31T05:13:23+08:00][sql] SHOW FULL COLUMNS FROM `teacher` [ RunTime:0.000907s ]
[2022-12-31T05:13:23+08:00][sql] SELECT * FROM `teacher` [ RunTime:0.000287s ]
[2022-12-31T05:13:23+08:00][sql] SHOW FULL COLUMNS FROM `address` [ RunTime:0.000934s ]
[2022-12-31T05:13:23+08:00][sql] SELECT * FROM `address` WHERE  `id` = 1 LIMIT 1 [ RunTime:0.000278s ]
[2022-12-31T05:13:23+08:00][sql] SELECT * FROM `address` WHERE  `id` = 2 LIMIT 1 [ RunTime:0.000237s ]
[2022-12-31T05:21:21+08:00][sql] CONNECT:[ UseTime:0.000371s ] mysql:host=localhost;port=3316;dbname=coffee;charset=utf8
[2022-12-31T05:21:21+08:00][sql] SHOW FULL COLUMNS FROM `banner` [ RunTime:0.001257s ]
[2022-12-31T05:21:21+08:00][sql] SELECT * FROM `banner` [ RunTime:0.000280s ]
[2022-12-31T05:21:21+08:00][sql] SHOW FULL COLUMNS FROM `information` [ RunTime:0.000965s ]
[2022-12-31T05:21:21+08:00][sql] SELECT * FROM `information` ORDER BY `time` DESC LIMIT 1 [ RunTime:0.000311s ]
[2022-12-31T05:21:21+08:00][sql] SELECT * FROM `information` ORDER BY `time` DESC LIMIT 1,4 [ RunTime:0.000402s ]
[2022-12-31T05:21:21+08:00][sql] SHOW FULL COLUMNS FROM `course` [ RunTime:0.001130s ]
[2022-12-31T05:21:21+08:00][sql] SELECT `id`,`title` FROM `course` ORDER BY `sorting` ASC LIMIT 0,6 [ RunTime:0.000263s ]
[2022-12-31T05:21:21+08:00][sql] SHOW FULL COLUMNS FROM `teacher` [ RunTime:0.000923s ]
[2022-12-31T05:21:21+08:00][sql] SELECT * FROM `teacher` [ RunTime:0.000265s ]
[2022-12-31T05:21:21+08:00][sql] SHOW FULL COLUMNS FROM `address` [ RunTime:0.000908s ]
[2022-12-31T05:21:21+08:00][sql] SELECT * FROM `address` WHERE  `id` = 1 LIMIT 1 [ RunTime:0.000320s ]
[2022-12-31T05:21:21+08:00][sql] SELECT * FROM `address` WHERE  `id` = 2 LIMIT 1 [ RunTime:0.000239s ]
[2022-12-31T05:21:39+08:00][sql] CONNECT:[ UseTime:0.000404s ] mysql:host=localhost;port=3316;dbname=coffee;charset=utf8
[2022-12-31T05:21:39+08:00][sql] SHOW FULL COLUMNS FROM `banner` [ RunTime:0.001258s ]
[2022-12-31T05:21:39+08:00][sql] SELECT * FROM `banner` [ RunTime:0.000215s ]
[2022-12-31T05:21:39+08:00][sql] SHOW FULL COLUMNS FROM `information` [ RunTime:0.001005s ]
[2022-12-31T05:21:39+08:00][sql] SELECT * FROM `information` ORDER BY `time` DESC LIMIT 1 [ RunTime:0.000282s ]
[2022-12-31T05:21:39+08:00][sql] SELECT * FROM `information` ORDER BY `time` DESC LIMIT 1,4 [ RunTime:0.000379s ]
[2022-12-31T05:21:39+08:00][sql] SHOW FULL COLUMNS FROM `course` [ RunTime:0.001059s ]
[2022-12-31T05:21:39+08:00][sql] SELECT `id`,`title` FROM `course` ORDER BY `sorting` ASC LIMIT 0,6 [ RunTime:0.000272s ]
[2022-12-31T05:21:39+08:00][sql] SHOW FULL COLUMNS FROM `teacher` [ RunTime:0.001156s ]
[2022-12-31T05:21:39+08:00][sql] SELECT * FROM `teacher` [ RunTime:0.000242s ]
[2022-12-31T05:21:39+08:00][sql] SHOW FULL COLUMNS FROM `address` [ RunTime:0.000940s ]
[2022-12-31T05:21:39+08:00][sql] SELECT * FROM `address` WHERE  `id` = 1 LIMIT 1 [ RunTime:0.000272s ]
[2022-12-31T05:21:39+08:00][sql] SELECT * FROM `address` WHERE  `id` = 2 LIMIT 1 [ RunTime:0.000246s ]
[2022-12-31T05:23:58+08:00][sql] CONNECT:[ UseTime:0.000474s ] mysql:host=localhost;port=3316;dbname=coffee;charset=utf8
[2022-12-31T05:23:58+08:00][sql] SHOW FULL COLUMNS FROM `banner` [ RunTime:0.001241s ]
[2022-12-31T05:23:58+08:00][sql] SELECT * FROM `banner` [ RunTime:0.000248s ]
[2022-12-31T05:23:58+08:00][sql] SHOW FULL COLUMNS FROM `information` [ RunTime:0.000971s ]
[2022-12-31T05:23:58+08:00][sql] SELECT * FROM `information` ORDER BY `time` DESC LIMIT 1 [ RunTime:0.000331s ]
[2022-12-31T05:23:58+08:00][sql] SELECT * FROM `information` ORDER BY `time` DESC LIMIT 1,4 [ RunTime:0.000393s ]
[2022-12-31T05:23:58+08:00][sql] SHOW FULL COLUMNS FROM `course` [ RunTime:0.001100s ]
[2022-12-31T05:23:58+08:00][sql] SELECT `id`,`title` FROM `course` ORDER BY `sorting` ASC LIMIT 0,6 [ RunTime:0.000256s ]
[2022-12-31T05:23:58+08:00][sql] SHOW FULL COLUMNS FROM `teacher` [ RunTime:0.000907s ]
[2022-12-31T05:23:58+08:00][sql] SELECT * FROM `teacher` [ RunTime:0.000256s ]
[2022-12-31T05:23:58+08:00][sql] SHOW FULL COLUMNS FROM `address` [ RunTime:0.000886s ]
[2022-12-31T05:23:58+08:00][sql] SELECT * FROM `address` WHERE  `id` = 1 LIMIT 1 [ RunTime:0.000275s ]
[2022-12-31T05:23:58+08:00][sql] SELECT * FROM `address` WHERE  `id` = 2 LIMIT 1 [ RunTime:0.000239s ]
[2022-12-31T06:05:53+08:00][sql] CONNECT:[ UseTime:0.001217s ] mysql:host=localhost;port=3316;dbname=coffee;charset=utf8
[2022-12-31T06:05:53+08:00][sql] SHOW FULL COLUMNS FROM `banner` [ RunTime:0.001969s ]
[2022-12-31T06:05:53+08:00][sql] SELECT * FROM `banner` [ RunTime:0.000255s ]
[2022-12-31T06:05:53+08:00][sql] SHOW FULL COLUMNS FROM `information` [ RunTime:0.001062s ]
[2022-12-31T06:05:53+08:00][sql] SELECT * FROM `information` ORDER BY `time` DESC LIMIT 1 [ RunTime:0.000320s ]
[2022-12-31T06:05:53+08:00][sql] SELECT * FROM `information` ORDER BY `time` DESC LIMIT 1,4 [ RunTime:0.000377s ]
[2022-12-31T06:05:53+08:00][sql] SHOW FULL COLUMNS FROM `course` [ RunTime:0.001068s ]
[2022-12-31T06:05:53+08:00][sql] SELECT `id`,`title` FROM `course` ORDER BY `sorting` ASC LIMIT 0,6 [ RunTime:0.000253s ]
[2022-12-31T06:05:53+08:00][sql] SHOW FULL COLUMNS FROM `teacher` [ RunTime:0.000993s ]
[2022-12-31T06:05:53+08:00][sql] SELECT * FROM `teacher` [ RunTime:0.000262s ]
[2022-12-31T06:05:53+08:00][sql] SHOW FULL COLUMNS FROM `address` [ RunTime:0.001014s ]
[2022-12-31T06:05:53+08:00][sql] SELECT * FROM `address` WHERE  `id` = 1 LIMIT 1 [ RunTime:0.000297s ]
[2022-12-31T06:05:53+08:00][sql] SELECT * FROM `address` WHERE  `id` = 2 LIMIT 1 [ RunTime:0.000243s ]
[2022-12-31T06:29:34+08:00][sql] CONNECT:[ UseTime:0.000396s ] mysql:host=localhost;port=3316;dbname=coffee;charset=utf8
[2022-12-31T06:29:34+08:00][sql] SHOW FULL COLUMNS FROM `banner` [ RunTime:0.001238s ]
[2022-12-31T06:29:34+08:00][sql] SELECT * FROM `banner` [ RunTime:0.000215s ]
[2022-12-31T06:29:34+08:00][sql] SHOW FULL COLUMNS FROM `information` [ RunTime:0.001021s ]
[2022-12-31T06:29:34+08:00][sql] SELECT * FROM `information` ORDER BY `time` DESC LIMIT 1 [ RunTime:0.000312s ]
[2022-12-31T06:29:34+08:00][sql] SELECT * FROM `information` ORDER BY `time` DESC LIMIT 1,4 [ RunTime:0.000329s ]
[2022-12-31T06:29:34+08:00][sql] SHOW FULL COLUMNS FROM `course` [ RunTime:0.001056s ]
[2022-12-31T06:29:34+08:00][sql] SELECT `id`,`title` FROM `course` ORDER BY `sorting` ASC LIMIT 0,6 [ RunTime:0.000252s ]
[2022-12-31T06:29:34+08:00][sql] SHOW FULL COLUMNS FROM `teacher` [ RunTime:0.000913s ]
[2022-12-31T06:29:34+08:00][sql] SELECT * FROM `teacher` [ RunTime:0.000222s ]
[2022-12-31T06:29:34+08:00][sql] SHOW FULL COLUMNS FROM `address` [ RunTime:0.000906s ]
[2022-12-31T06:29:34+08:00][sql] SELECT * FROM `address` WHERE  `id` = 1 LIMIT 1 [ RunTime:0.000249s ]
[2022-12-31T06:29:34+08:00][sql] SELECT * FROM `address` WHERE  `id` = 2 LIMIT 1 [ RunTime:0.000235s ]
[2022-12-31T06:34:47+08:00][sql] CONNECT:[ UseTime:0.000421s ] mysql:host=localhost;port=3316;dbname=coffee;charset=utf8
[2022-12-31T06:34:47+08:00][sql] SHOW FULL COLUMNS FROM `banner` [ RunTime:0.001215s ]
[2022-12-31T06:34:47+08:00][sql] SELECT * FROM `banner` [ RunTime:0.000250s ]
[2022-12-31T06:34:47+08:00][sql] SHOW FULL COLUMNS FROM `information` [ RunTime:0.000983s ]
[2022-12-31T06:34:47+08:00][sql] SELECT * FROM `information` ORDER BY `time` DESC LIMIT 1 [ RunTime:0.000310s ]
[2022-12-31T06:34:47+08:00][sql] SELECT * FROM `information` ORDER BY `time` DESC LIMIT 1,4 [ RunTime:0.000405s ]
[2022-12-31T06:34:47+08:00][sql] SHOW FULL COLUMNS FROM `course` [ RunTime:0.001095s ]
[2022-12-31T06:34:47+08:00][sql] SELECT `id`,`title` FROM `course` ORDER BY `sorting` ASC LIMIT 0,6 [ RunTime:0.000261s ]
[2022-12-31T06:34:47+08:00][sql] SHOW FULL COLUMNS FROM `teacher` [ RunTime:0.000966s ]
[2022-12-31T06:34:47+08:00][sql] SELECT * FROM `teacher` [ RunTime:0.000277s ]
[2022-12-31T06:34:47+08:00][sql] SHOW FULL COLUMNS FROM `address` [ RunTime:0.000949s ]
[2022-12-31T06:34:47+08:00][sql] SELECT * FROM `address` WHERE  `id` = 1 LIMIT 1 [ RunTime:0.000273s ]
[2022-12-31T06:34:47+08:00][sql] SELECT * FROM `address` WHERE  `id` = 2 LIMIT 1 [ RunTime:0.000241s ]
[2022-12-31T07:06:41+08:00][sql] CONNECT:[ UseTime:0.000389s ] mysql:host=localhost;port=3316;dbname=coffee;charset=utf8
[2022-12-31T07:06:41+08:00][sql] SHOW FULL COLUMNS FROM `banner` [ RunTime:0.001216s ]
[2022-12-31T07:06:41+08:00][sql] SELECT * FROM `banner` [ RunTime:0.000285s ]
[2022-12-31T07:06:41+08:00][sql] SHOW FULL COLUMNS FROM `information` [ RunTime:0.001160s ]
[2022-12-31T07:06:41+08:00][sql] SELECT * FROM `information` ORDER BY `time` DESC LIMIT 1 [ RunTime:0.000330s ]
[2022-12-31T07:06:41+08:00][sql] SELECT * FROM `information` ORDER BY `time` DESC LIMIT 1,4 [ RunTime:0.000382s ]
[2022-12-31T07:06:41+08:00][sql] SHOW FULL COLUMNS FROM `course` [ RunTime:0.001159s ]
[2022-12-31T07:06:41+08:00][sql] SELECT `id`,`title` FROM `course` ORDER BY `sorting` ASC LIMIT 0,6 [ RunTime:0.000277s ]
[2022-12-31T07:06:41+08:00][sql] SHOW FULL COLUMNS FROM `teacher` [ RunTime:0.000927s ]
[2022-12-31T07:06:41+08:00][sql] SELECT * FROM `teacher` [ RunTime:0.000255s ]
[2022-12-31T07:06:41+08:00][sql] SHOW FULL COLUMNS FROM `address` [ RunTime:0.001145s ]
[2022-12-31T07:06:41+08:00][sql] SELECT * FROM `address` WHERE  `id` = 1 LIMIT 1 [ RunTime:0.000322s ]
[2022-12-31T07:06:41+08:00][sql] SELECT * FROM `address` WHERE  `id` = 2 LIMIT 1 [ RunTime:0.000249s ]
[2022-12-31T07:41:20+08:00][sql] CONNECT:[ UseTime:0.000407s ] mysql:host=localhost;port=3316;dbname=coffee;charset=utf8
[2022-12-31T07:41:20+08:00][sql] SHOW FULL COLUMNS FROM `banner` [ RunTime:0.001218s ]
[2022-12-31T07:41:20+08:00][sql] SELECT * FROM `banner` [ RunTime:0.000256s ]
[2022-12-31T07:41:20+08:00][sql] SHOW FULL COLUMNS FROM `information` [ RunTime:0.001016s ]
[2022-12-31T07:41:20+08:00][sql] SELECT * FROM `information` ORDER BY `time` DESC LIMIT 1 [ RunTime:0.000324s ]
[2022-12-31T07:41:20+08:00][sql] SELECT * FROM `information` ORDER BY `time` DESC LIMIT 1,4 [ RunTime:0.000380s ]
[2022-12-31T07:41:20+08:00][sql] SHOW FULL COLUMNS FROM `course` [ RunTime:0.001184s ]
[2022-12-31T07:41:20+08:00][sql] SELECT `id`,`title` FROM `course` ORDER BY `sorting` ASC LIMIT 0,6 [ RunTime:0.000286s ]
[2022-12-31T07:41:20+08:00][sql] SHOW FULL COLUMNS FROM `teacher` [ RunTime:0.000986s ]
[2022-12-31T07:41:20+08:00][sql] SELECT * FROM `teacher` [ RunTime:0.000259s ]
[2022-12-31T07:41:20+08:00][sql] SHOW FULL COLUMNS FROM `address` [ RunTime:0.000905s ]
[2022-12-31T07:41:20+08:00][sql] SELECT * FROM `address` WHERE  `id` = 1 LIMIT 1 [ RunTime:0.000288s ]
[2022-12-31T07:41:20+08:00][sql] SELECT * FROM `address` WHERE  `id` = 2 LIMIT 1 [ RunTime:0.000241s ]
[2022-12-31T08:34:22+08:00][sql] CONNECT:[ UseTime:0.000440s ] mysql:host=localhost;port=3316;dbname=coffee;charset=utf8
[2022-12-31T08:34:22+08:00][sql] SHOW FULL COLUMNS FROM `banner` [ RunTime:0.001434s ]
[2022-12-31T08:34:22+08:00][sql] SELECT * FROM `banner` [ RunTime:0.000252s ]
[2022-12-31T08:34:22+08:00][sql] SHOW FULL COLUMNS FROM `information` [ RunTime:0.001093s ]
[2022-12-31T08:34:22+08:00][sql] SELECT * FROM `information` ORDER BY `time` DESC LIMIT 1 [ RunTime:0.000315s ]
[2022-12-31T08:34:22+08:00][sql] SELECT * FROM `information` ORDER BY `time` DESC LIMIT 1,4 [ RunTime:0.000376s ]
[2022-12-31T08:34:22+08:00][sql] SHOW FULL COLUMNS FROM `course` [ RunTime:0.001153s ]
[2022-12-31T08:34:22+08:00][sql] SELECT `id`,`title` FROM `course` ORDER BY `sorting` ASC LIMIT 0,6 [ RunTime:0.000305s ]
[2022-12-31T08:34:22+08:00][sql] SHOW FULL COLUMNS FROM `teacher` [ RunTime:0.000916s ]
[2022-12-31T08:34:22+08:00][sql] SELECT * FROM `teacher` [ RunTime:0.000297s ]
[2022-12-31T08:34:22+08:00][sql] SHOW FULL COLUMNS FROM `address` [ RunTime:0.000921s ]
[2022-12-31T08:34:22+08:00][sql] SELECT * FROM `address` WHERE  `id` = 1 LIMIT 1 [ RunTime:0.000269s ]
[2022-12-31T08:34:22+08:00][sql] SELECT * FROM `address` WHERE  `id` = 2 LIMIT 1 [ RunTime:0.000261s ]
[2022-12-31T08:42:34+08:00][sql] CONNECT:[ UseTime:0.000410s ] mysql:host=localhost;port=3316;dbname=coffee;charset=utf8
[2022-12-31T08:42:34+08:00][sql] SHOW FULL COLUMNS FROM `banner` [ RunTime:0.001294s ]
[2022-12-31T08:42:34+08:00][sql] SELECT * FROM `banner` [ RunTime:0.000232s ]
[2022-12-31T08:42:34+08:00][sql] SHOW FULL COLUMNS FROM `information` [ RunTime:0.000996s ]
[2022-12-31T08:42:34+08:00][sql] SELECT * FROM `information` ORDER BY `time` DESC LIMIT 1 [ RunTime:0.000293s ]
[2022-12-31T08:42:34+08:00][sql] SELECT * FROM `information` ORDER BY `time` DESC LIMIT 1,4 [ RunTime:0.000321s ]
[2022-12-31T08:42:34+08:00][sql] SHOW FULL COLUMNS FROM `course` [ RunTime:0.001044s ]
[2022-12-31T08:42:34+08:00][sql] SELECT `id`,`title` FROM `course` ORDER BY `sorting` ASC LIMIT 0,6 [ RunTime:0.000316s ]
[2022-12-31T08:42:34+08:00][sql] SHOW FULL COLUMNS FROM `teacher` [ RunTime:0.000866s ]
[2022-12-31T08:42:34+08:00][sql] SELECT * FROM `teacher` [ RunTime:0.000232s ]
[2022-12-31T08:42:34+08:00][sql] SHOW FULL COLUMNS FROM `address` [ RunTime:0.000929s ]
[2022-12-31T08:42:34+08:00][sql] SELECT * FROM `address` WHERE  `id` = 1 LIMIT 1 [ RunTime:0.000233s ]
[2022-12-31T08:42:34+08:00][sql] SELECT * FROM `address` WHERE  `id` = 2 LIMIT 1 [ RunTime:0.000202s ]
[2022-12-31T08:57:40+08:00][sql] CONNECT:[ UseTime:0.000403s ] mysql:host=localhost;port=3316;dbname=coffee;charset=utf8
[2022-12-31T08:57:40+08:00][sql] SHOW FULL COLUMNS FROM `banner` [ RunTime:0.001230s ]
[2022-12-31T08:57:40+08:00][sql] SELECT * FROM `banner` [ RunTime:0.000254s ]
[2022-12-31T08:57:40+08:00][sql] SHOW FULL COLUMNS FROM `information` [ RunTime:0.001020s ]
[2022-12-31T08:57:40+08:00][sql] SELECT * FROM `information` ORDER BY `time` DESC LIMIT 1 [ RunTime:0.000317s ]
[2022-12-31T08:57:40+08:00][sql] SELECT * FROM `information` ORDER BY `time` DESC LIMIT 1,4 [ RunTime:0.001748s ]
[2022-12-31T08:57:40+08:00][sql] SHOW FULL COLUMNS FROM `course` [ RunTime:0.001098s ]
[2022-12-31T08:57:40+08:00][sql] SELECT `id`,`title` FROM `course` ORDER BY `sorting` ASC LIMIT 0,6 [ RunTime:0.000288s ]
[2022-12-31T08:57:40+08:00][sql] SHOW FULL COLUMNS FROM `teacher` [ RunTime:0.000939s ]
[2022-12-31T08:57:40+08:00][sql] SELECT * FROM `teacher` [ RunTime:0.000275s ]
[2022-12-31T08:57:40+08:00][sql] SHOW FULL COLUMNS FROM `address` [ RunTime:0.000933s ]
[2022-12-31T08:57:40+08:00][sql] SELECT * FROM `address` WHERE  `id` = 1 LIMIT 1 [ RunTime:0.000281s ]
[2022-12-31T08:57:40+08:00][sql] SELECT * FROM `address` WHERE  `id` = 2 LIMIT 1 [ RunTime:0.000269s ]
[2022-12-31T09:29:21+08:00][sql] CONNECT:[ UseTime:0.006976s ] mysql:host=localhost;port=3316;dbname=coffee;charset=utf8
[2022-12-31T09:29:21+08:00][sql] SHOW FULL COLUMNS FROM `banner` [ RunTime:0.001932s ]
[2022-12-31T09:29:21+08:00][sql] SELECT * FROM `banner` [ RunTime:0.000262s ]
[2022-12-31T09:29:21+08:00][sql] SHOW FULL COLUMNS FROM `information` [ RunTime:0.001432s ]
[2022-12-31T09:29:21+08:00][sql] SELECT * FROM `information` ORDER BY `time` DESC LIMIT 1 [ RunTime:0.000355s ]
[2022-12-31T09:29:21+08:00][sql] SELECT * FROM `information` ORDER BY `time` DESC LIMIT 1,4 [ RunTime:0.000461s ]
[2022-12-31T09:29:21+08:00][sql] SHOW FULL COLUMNS FROM `course` [ RunTime:0.007695s ]
[2022-12-31T09:29:21+08:00][sql] SELECT `id`,`title` FROM `course` ORDER BY `sorting` ASC LIMIT 0,6 [ RunTime:0.000561s ]
[2022-12-31T09:29:21+08:00][sql] SHOW FULL COLUMNS FROM `teacher` [ RunTime:0.003712s ]
[2022-12-31T09:29:21+08:00][sql] SELECT * FROM `teacher` [ RunTime:0.000451s ]
[2022-12-31T09:29:21+08:00][sql] SHOW FULL COLUMNS FROM `address` [ RunTime:0.001933s ]
[2022-12-31T09:29:21+08:00][sql] SELECT * FROM `address` WHERE  `id` = 1 LIMIT 1 [ RunTime:0.000479s ]
[2022-12-31T09:29:21+08:00][sql] SELECT * FROM `address` WHERE  `id` = 2 LIMIT 1 [ RunTime:0.000399s ]
[2022-12-31T09:41:02+08:00][sql] CONNECT:[ UseTime:0.000401s ] mysql:host=localhost;port=3316;dbname=coffee;charset=utf8
[2022-12-31T09:41:02+08:00][sql] SHOW FULL COLUMNS FROM `banner` [ RunTime:0.001314s ]
[2022-12-31T09:41:02+08:00][sql] SELECT * FROM `banner` [ RunTime:0.000256s ]
[2022-12-31T09:41:02+08:00][sql] SHOW FULL COLUMNS FROM `information` [ RunTime:0.001017s ]
[2022-12-31T09:41:02+08:00][sql] SELECT * FROM `information` ORDER BY `time` DESC LIMIT 1 [ RunTime:0.000307s ]
[2022-12-31T09:41:02+08:00][sql] SELECT * FROM `information` ORDER BY `time` DESC LIMIT 1,4 [ RunTime:0.000424s ]
[2022-12-31T09:41:02+08:00][sql] SHOW FULL COLUMNS FROM `course` [ RunTime:0.001105s ]
[2022-12-31T09:41:02+08:00][sql] SELECT `id`,`title` FROM `course` ORDER BY `sorting` ASC LIMIT 0,6 [ RunTime:0.000268s ]
[2022-12-31T09:41:02+08:00][sql] SHOW FULL COLUMNS FROM `teacher` [ RunTime:0.000918s ]
[2022-12-31T09:41:02+08:00][sql] SELECT * FROM `teacher` [ RunTime:0.000316s ]
[2022-12-31T09:41:02+08:00][sql] SHOW FULL COLUMNS FROM `address` [ RunTime:0.000934s ]
[2022-12-31T09:41:02+08:00][sql] SELECT * FROM `address` WHERE  `id` = 1 LIMIT 1 [ RunTime:0.000289s ]
[2022-12-31T09:41:02+08:00][sql] SELECT * FROM `address` WHERE  `id` = 2 LIMIT 1 [ RunTime:0.000257s ]
[2022-12-31T09:51:27+08:00][sql] CONNECT:[ UseTime:0.000388s ] mysql:host=localhost;port=3316;dbname=coffee;charset=utf8
[2022-12-31T09:51:27+08:00][sql] SHOW FULL COLUMNS FROM `banner` [ RunTime:0.001231s ]
[2022-12-31T09:51:27+08:00][sql] SELECT * FROM `banner` [ RunTime:0.000216s ]
[2022-12-31T09:51:27+08:00][sql] SHOW FULL COLUMNS FROM `information` [ RunTime:0.000995s ]
[2022-12-31T09:51:27+08:00][sql] SELECT * FROM `information` ORDER BY `time` DESC LIMIT 1 [ RunTime:0.000283s ]
[2022-12-31T09:51:27+08:00][sql] SELECT * FROM `information` ORDER BY `time` DESC LIMIT 1,4 [ RunTime:0.000339s ]
[2022-12-31T09:51:27+08:00][sql] SHOW FULL COLUMNS FROM `course` [ RunTime:0.001051s ]
[2022-12-31T09:51:27+08:00][sql] SELECT `id`,`title` FROM `course` ORDER BY `sorting` ASC LIMIT 0,6 [ RunTime:0.000227s ]
[2022-12-31T09:51:27+08:00][sql] SHOW FULL COLUMNS FROM `teacher` [ RunTime:0.000904s ]
[2022-12-31T09:51:27+08:00][sql] SELECT * FROM `teacher` [ RunTime:0.000225s ]
[2022-12-31T09:51:27+08:00][sql] SHOW FULL COLUMNS FROM `address` [ RunTime:0.000960s ]
[2022-12-31T09:51:27+08:00][sql] SELECT * FROM `address` WHERE  `id` = 1 LIMIT 1 [ RunTime:0.000286s ]
[2022-12-31T09:51:27+08:00][sql] SELECT * FROM `address` WHERE  `id` = 2 LIMIT 1 [ RunTime:0.000210s ]
[2022-12-31T10:33:18+08:00][sql] CONNECT:[ UseTime:0.000418s ] mysql:host=localhost;port=3316;dbname=coffee;charset=utf8
[2022-12-31T10:33:18+08:00][sql] SHOW FULL COLUMNS FROM `banner` [ RunTime:0.001274s ]
[2022-12-31T10:33:18+08:00][sql] SELECT * FROM `banner` [ RunTime:0.000400s ]
[2022-12-31T10:33:18+08:00][sql] SHOW FULL COLUMNS FROM `information` [ RunTime:0.001104s ]
[2022-12-31T10:33:18+08:00][sql] SELECT * FROM `information` ORDER BY `time` DESC LIMIT 1 [ RunTime:0.000321s ]
[2022-12-31T10:33:18+08:00][sql] SELECT * FROM `information` ORDER BY `time` DESC LIMIT 1,4 [ RunTime:0.000394s ]
[2022-12-31T10:33:18+08:00][sql] SHOW FULL COLUMNS FROM `course` [ RunTime:0.001087s ]
[2022-12-31T10:33:18+08:00][sql] SELECT `id`,`title` FROM `course` ORDER BY `sorting` ASC LIMIT 0,6 [ RunTime:0.000268s ]
[2022-12-31T10:33:18+08:00][sql] SHOW FULL COLUMNS FROM `teacher` [ RunTime:0.000933s ]
[2022-12-31T10:33:18+08:00][sql] SELECT * FROM `teacher` [ RunTime:0.000297s ]
[2022-12-31T10:33:18+08:00][sql] SHOW FULL COLUMNS FROM `address` [ RunTime:0.000946s ]
[2022-12-31T10:33:18+08:00][sql] SELECT * FROM `address` WHERE  `id` = 1 LIMIT 1 [ RunTime:0.000277s ]
[2022-12-31T10:33:18+08:00][sql] SELECT * FROM `address` WHERE  `id` = 2 LIMIT 1 [ RunTime:0.000259s ]
[2022-12-31T10:44:41+08:00][sql] CONNECT:[ UseTime:0.000452s ] mysql:host=localhost;port=3316;dbname=coffee;charset=utf8
[2022-12-31T10:44:41+08:00][sql] SHOW FULL COLUMNS FROM `banner` [ RunTime:0.001326s ]
[2022-12-31T10:44:41+08:00][sql] SELECT * FROM `banner` [ RunTime:0.000271s ]
[2022-12-31T10:44:41+08:00][sql] SHOW FULL COLUMNS FROM `information` [ RunTime:0.001602s ]
[2022-12-31T10:44:41+08:00][sql] SELECT * FROM `information` ORDER BY `time` DESC LIMIT 1 [ RunTime:0.000476s ]
[2022-12-31T10:44:41+08:00][sql] SELECT * FROM `information` ORDER BY `time` DESC LIMIT 1,4 [ RunTime:0.000515s ]
[2022-12-31T10:44:41+08:00][sql] SHOW FULL COLUMNS FROM `course` [ RunTime:0.001134s ]
[2022-12-31T10:44:41+08:00][sql] SELECT `id`,`title` FROM `course` ORDER BY `sorting` ASC LIMIT 0,6 [ RunTime:0.000234s ]
[2022-12-31T10:44:41+08:00][sql] SHOW FULL COLUMNS FROM `teacher` [ RunTime:0.000893s ]
[2022-12-31T10:44:41+08:00][sql] SELECT * FROM `teacher` [ RunTime:0.000221s ]
[2022-12-31T10:44:41+08:00][sql] SHOW FULL COLUMNS FROM `address` [ RunTime:0.000911s ]
[2022-12-31T10:44:41+08:00][sql] SELECT * FROM `address` WHERE  `id` = 1 LIMIT 1 [ RunTime:0.000264s ]
[2022-12-31T10:44:41+08:00][sql] SELECT * FROM `address` WHERE  `id` = 2 LIMIT 1 [ RunTime:0.000217s ]
[2022-12-31T10:59:56+08:00][sql] CONNECT:[ UseTime:0.000404s ] mysql:host=localhost;port=3316;dbname=coffee;charset=utf8
[2022-12-31T10:59:56+08:00][sql] SHOW FULL COLUMNS FROM `banner` [ RunTime:0.001206s ]
[2022-12-31T10:59:56+08:00][sql] SELECT * FROM `banner` [ RunTime:0.000230s ]
[2022-12-31T10:59:56+08:00][sql] SHOW FULL COLUMNS FROM `information` [ RunTime:0.000998s ]
[2022-12-31T10:59:56+08:00][sql] SELECT * FROM `information` ORDER BY `time` DESC LIMIT 1 [ RunTime:0.000337s ]
[2022-12-31T10:59:56+08:00][sql] SELECT * FROM `information` ORDER BY `time` DESC LIMIT 1,4 [ RunTime:0.000326s ]
[2022-12-31T10:59:56+08:00][sql] SHOW FULL COLUMNS FROM `course` [ RunTime:0.001080s ]
[2022-12-31T10:59:56+08:00][sql] SELECT `id`,`title` FROM `course` ORDER BY `sorting` ASC LIMIT 0,6 [ RunTime:0.000251s ]
[2022-12-31T10:59:56+08:00][sql] SHOW FULL COLUMNS FROM `teacher` [ RunTime:0.000924s ]
[2022-12-31T10:59:56+08:00][sql] SELECT * FROM `teacher` [ RunTime:0.000219s ]
[2022-12-31T10:59:56+08:00][sql] SHOW FULL COLUMNS FROM `address` [ RunTime:0.000919s ]
[2022-12-31T10:59:56+08:00][sql] SELECT * FROM `address` WHERE  `id` = 1 LIMIT 1 [ RunTime:0.000242s ]
[2022-12-31T10:59:56+08:00][sql] SELECT * FROM `address` WHERE  `id` = 2 LIMIT 1 [ RunTime:0.000235s ]
[2022-12-31T11:15:57+08:00][sql] CONNECT:[ UseTime:0.000362s ] mysql:host=localhost;port=3316;dbname=coffee;charset=utf8
[2022-12-31T11:15:57+08:00][sql] SHOW FULL COLUMNS FROM `banner` [ RunTime:0.001167s ]
[2022-12-31T11:15:57+08:00][sql] SELECT * FROM `banner` [ RunTime:0.000221s ]
[2022-12-31T11:15:57+08:00][sql] SHOW FULL COLUMNS FROM `information` [ RunTime:0.001036s ]
[2022-12-31T11:15:57+08:00][sql] SELECT * FROM `information` ORDER BY `time` DESC LIMIT 1 [ RunTime:0.000274s ]
[2022-12-31T11:15:57+08:00][sql] SELECT * FROM `information` ORDER BY `time` DESC LIMIT 1,4 [ RunTime:0.000348s ]
[2022-12-31T11:15:57+08:00][sql] SHOW FULL COLUMNS FROM `course` [ RunTime:0.001232s ]
[2022-12-31T11:15:57+08:00][sql] SELECT `id`,`title` FROM `course` ORDER BY `sorting` ASC LIMIT 0,6 [ RunTime:0.000231s ]
[2022-12-31T11:15:57+08:00][sql] SHOW FULL COLUMNS FROM `teacher` [ RunTime:0.000856s ]
[2022-12-31T11:15:57+08:00][sql] SELECT * FROM `teacher` [ RunTime:0.000240s ]
[2022-12-31T11:15:57+08:00][sql] SHOW FULL COLUMNS FROM `address` [ RunTime:0.000924s ]
[2022-12-31T11:15:57+08:00][sql] SELECT * FROM `address` WHERE  `id` = 1 LIMIT 1 [ RunTime:0.000225s ]
[2022-12-31T11:15:57+08:00][sql] SELECT * FROM `address` WHERE  `id` = 2 LIMIT 1 [ RunTime:0.000194s ]
[2022-12-31T12:14:13+08:00][sql] CONNECT:[ UseTime:0.000414s ] mysql:host=localhost;port=3316;dbname=coffee;charset=utf8
[2022-12-31T12:14:13+08:00][sql] SHOW FULL COLUMNS FROM `banner` [ RunTime:0.001233s ]
[2022-12-31T12:14:13+08:00][sql] SELECT * FROM `banner` [ RunTime:0.000246s ]
[2022-12-31T12:14:13+08:00][sql] SHOW FULL COLUMNS FROM `information` [ RunTime:0.000975s ]
[2022-12-31T12:14:13+08:00][sql] SELECT * FROM `information` ORDER BY `time` DESC LIMIT 1 [ RunTime:0.000312s ]
[2022-12-31T12:14:13+08:00][sql] SELECT * FROM `information` ORDER BY `time` DESC LIMIT 1,4 [ RunTime:0.000411s ]
[2022-12-31T12:14:13+08:00][sql] SHOW FULL COLUMNS FROM `course` [ RunTime:0.001068s ]
[2022-12-31T12:14:13+08:00][sql] SELECT `id`,`title` FROM `course` ORDER BY `sorting` ASC LIMIT 0,6 [ RunTime:0.000272s ]
[2022-12-31T12:14:13+08:00][sql] SHOW FULL COLUMNS FROM `teacher` [ RunTime:0.000952s ]
[2022-12-31T12:14:13+08:00][sql] SELECT * FROM `teacher` [ RunTime:0.000329s ]
[2022-12-31T12:14:13+08:00][sql] SHOW FULL COLUMNS FROM `address` [ RunTime:0.000966s ]
[2022-12-31T12:14:13+08:00][sql] SELECT * FROM `address` WHERE  `id` = 1 LIMIT 1 [ RunTime:0.000278s ]
[2022-12-31T12:14:13+08:00][sql] SELECT * FROM `address` WHERE  `id` = 2 LIMIT 1 [ RunTime:0.000262s ]
[2022-12-31T12:28:07+08:00][sql] CONNECT:[ UseTime:0.000425s ] mysql:host=localhost;port=3316;dbname=coffee;charset=utf8
[2022-12-31T12:28:07+08:00][sql] SHOW FULL COLUMNS FROM `banner` [ RunTime:0.001628s ]
[2022-12-31T12:28:07+08:00][sql] SELECT * FROM `banner` [ RunTime:0.000276s ]
[2022-12-31T12:28:07+08:00][sql] SHOW FULL COLUMNS FROM `information` [ RunTime:0.001328s ]
[2022-12-31T12:28:07+08:00][sql] SELECT * FROM `information` ORDER BY `time` DESC LIMIT 1 [ RunTime:0.000388s ]
[2022-12-31T12:28:07+08:00][sql] SELECT * FROM `information` ORDER BY `time` DESC LIMIT 1,4 [ RunTime:0.000455s ]
[2022-12-31T12:28:07+08:00][sql] SHOW FULL COLUMNS FROM `course` [ RunTime:0.001538s ]
[2022-12-31T12:28:07+08:00][sql] SELECT `id`,`title` FROM `course` ORDER BY `sorting` ASC LIMIT 0,6 [ RunTime:0.000318s ]
[2022-12-31T12:28:07+08:00][sql] SHOW FULL COLUMNS FROM `teacher` [ RunTime:0.001305s ]
[2022-12-31T12:28:07+08:00][sql] SELECT * FROM `teacher` [ RunTime:0.000284s ]
[2022-12-31T12:28:07+08:00][sql] SHOW FULL COLUMNS FROM `address` [ RunTime:0.001265s ]
[2022-12-31T12:28:07+08:00][sql] SELECT * FROM `address` WHERE  `id` = 1 LIMIT 1 [ RunTime:0.000291s ]
[2022-12-31T12:28:07+08:00][sql] SELECT * FROM `address` WHERE  `id` = 2 LIMIT 1 [ RunTime:0.000260s ]
[2022-12-31T12:58:30+08:00][sql] CONNECT:[ UseTime:0.000423s ] mysql:host=localhost;port=3316;dbname=coffee;charset=utf8
[2022-12-31T12:58:30+08:00][sql] SHOW FULL COLUMNS FROM `banner` [ RunTime:0.001316s ]
[2022-12-31T12:58:30+08:00][sql] SELECT * FROM `banner` [ RunTime:0.000312s ]
[2022-12-31T12:58:30+08:00][sql] SHOW FULL COLUMNS FROM `information` [ RunTime:0.001046s ]
[2022-12-31T12:58:30+08:00][sql] SELECT * FROM `information` ORDER BY `time` DESC LIMIT 1 [ RunTime:0.000322s ]
[2022-12-31T12:58:30+08:00][sql] SELECT * FROM `information` ORDER BY `time` DESC LIMIT 1,4 [ RunTime:0.000396s ]
[2022-12-31T12:58:30+08:00][sql] SHOW FULL COLUMNS FROM `course` [ RunTime:0.001102s ]
[2022-12-31T12:58:30+08:00][sql] SELECT `id`,`title` FROM `course` ORDER BY `sorting` ASC LIMIT 0,6 [ RunTime:0.000269s ]
[2022-12-31T12:58:30+08:00][sql] SHOW FULL COLUMNS FROM `teacher` [ RunTime:0.000902s ]
[2022-12-31T12:58:30+08:00][sql] SELECT * FROM `teacher` [ RunTime:0.000262s ]
[2022-12-31T12:58:30+08:00][sql] SHOW FULL COLUMNS FROM `address` [ RunTime:0.000934s ]
[2022-12-31T12:58:30+08:00][sql] SELECT * FROM `address` WHERE  `id` = 1 LIMIT 1 [ RunTime:0.000274s ]
[2022-12-31T12:58:30+08:00][sql] SELECT * FROM `address` WHERE  `id` = 2 LIMIT 1 [ RunTime:0.000263s ]
[2022-12-31T12:59:19+08:00][sql] CONNECT:[ UseTime:0.000404s ] mysql:host=localhost;port=3316;dbname=coffee;charset=utf8
[2022-12-31T12:59:19+08:00][sql] SHOW FULL COLUMNS FROM `banner` [ RunTime:0.001287s ]
[2022-12-31T12:59:19+08:00][sql] SELECT * FROM `banner` [ RunTime:0.000273s ]
[2022-12-31T12:59:19+08:00][sql] SHOW FULL COLUMNS FROM `information` [ RunTime:0.000969s ]
[2022-12-31T12:59:19+08:00][sql] SELECT * FROM `information` ORDER BY `time` DESC LIMIT 1 [ RunTime:0.000330s ]
[2022-12-31T12:59:19+08:00][sql] SELECT * FROM `information` ORDER BY `time` DESC LIMIT 1,4 [ RunTime:0.000378s ]
[2022-12-31T12:59:19+08:00][sql] SHOW FULL COLUMNS FROM `course` [ RunTime:0.001084s ]
[2022-12-31T12:59:19+08:00][sql] SELECT `id`,`title` FROM `course` ORDER BY `sorting` ASC LIMIT 0,6 [ RunTime:0.000282s ]
[2022-12-31T12:59:19+08:00][sql] SHOW FULL COLUMNS FROM `teacher` [ RunTime:0.000901s ]
[2022-12-31T12:59:19+08:00][sql] SELECT * FROM `teacher` [ RunTime:0.000254s ]
[2022-12-31T12:59:19+08:00][sql] SHOW FULL COLUMNS FROM `address` [ RunTime:0.000905s ]
[2022-12-31T12:59:19+08:00][sql] SELECT * FROM `address` WHERE  `id` = 1 LIMIT 1 [ RunTime:0.000278s ]
[2022-12-31T12:59:19+08:00][sql] SELECT * FROM `address` WHERE  `id` = 2 LIMIT 1 [ RunTime:0.000253s ]
[2022-12-31T13:30:17+08:00][sql] CONNECT:[ UseTime:0.000381s ] mysql:host=localhost;port=3316;dbname=coffee;charset=utf8
[2022-12-31T13:30:17+08:00][sql] SHOW FULL COLUMNS FROM `banner` [ RunTime:0.001283s ]
[2022-12-31T13:30:17+08:00][sql] SELECT * FROM `banner` [ RunTime:0.000260s ]
[2022-12-31T13:30:17+08:00][sql] SHOW FULL COLUMNS FROM `information` [ RunTime:0.000961s ]
[2022-12-31T13:30:17+08:00][sql] SELECT * FROM `information` ORDER BY `time` DESC LIMIT 1 [ RunTime:0.000301s ]
[2022-12-31T13:30:17+08:00][sql] SELECT * FROM `information` ORDER BY `time` DESC LIMIT 1,4 [ RunTime:0.000335s ]
[2022-12-31T13:30:17+08:00][sql] SHOW FULL COLUMNS FROM `course` [ RunTime:0.001071s ]
[2022-12-31T13:30:17+08:00][sql] SELECT `id`,`title` FROM `course` ORDER BY `sorting` ASC LIMIT 0,6 [ RunTime:0.000238s ]
[2022-12-31T13:30:17+08:00][sql] SHOW FULL COLUMNS FROM `teacher` [ RunTime:0.000944s ]
[2022-12-31T13:30:17+08:00][sql] SELECT * FROM `teacher` [ RunTime:0.000244s ]
[2022-12-31T13:30:17+08:00][sql] SHOW FULL COLUMNS FROM `address` [ RunTime:0.000874s ]
[2022-12-31T13:30:17+08:00][sql] SELECT * FROM `address` WHERE  `id` = 1 LIMIT 1 [ RunTime:0.000251s ]
[2022-12-31T13:30:17+08:00][sql] SELECT * FROM `address` WHERE  `id` = 2 LIMIT 1 [ RunTime:0.000227s ]
[2022-12-31T13:40:22+08:00][sql] CONNECT:[ UseTime:0.000388s ] mysql:host=localhost;port=3316;dbname=coffee;charset=utf8
[2022-12-31T13:40:22+08:00][sql] SHOW FULL COLUMNS FROM `banner` [ RunTime:0.001293s ]
[2022-12-31T13:40:22+08:00][sql] SELECT * FROM `banner` [ RunTime:0.000246s ]
[2022-12-31T13:40:22+08:00][sql] SHOW FULL COLUMNS FROM `information` [ RunTime:0.001047s ]
[2022-12-31T13:40:22+08:00][sql] SELECT * FROM `information` ORDER BY `time` DESC LIMIT 1 [ RunTime:0.000341s ]
[2022-12-31T13:40:22+08:00][sql] SELECT * FROM `information` ORDER BY `time` DESC LIMIT 1,4 [ RunTime:0.000391s ]
[2022-12-31T13:40:22+08:00][sql] SHOW FULL COLUMNS FROM `course` [ RunTime:0.001052s ]
[2022-12-31T13:40:22+08:00][sql] SELECT `id`,`title` FROM `course` ORDER BY `sorting` ASC LIMIT 0,6 [ RunTime:0.000284s ]
[2022-12-31T13:40:22+08:00][sql] SHOW FULL COLUMNS FROM `teacher` [ RunTime:0.000887s ]
[2022-12-31T13:40:22+08:00][sql] SELECT * FROM `teacher` [ RunTime:0.000256s ]
[2022-12-31T13:40:22+08:00][sql] SHOW FULL COLUMNS FROM `address` [ RunTime:0.000930s ]
[2022-12-31T13:40:22+08:00][sql] SELECT * FROM `address` WHERE  `id` = 1 LIMIT 1 [ RunTime:0.000272s ]
[2022-12-31T13:40:22+08:00][sql] SELECT * FROM `address` WHERE  `id` = 2 LIMIT 1 [ RunTime:0.000261s ]
[2022-12-31T14:50:05+08:00][sql] CONNECT:[ UseTime:0.000436s ] mysql:host=localhost;port=3316;dbname=coffee;charset=utf8
[2022-12-31T14:50:05+08:00][sql] SHOW FULL COLUMNS FROM `banner` [ RunTime:0.001277s ]
[2022-12-31T14:50:05+08:00][sql] SELECT * FROM `banner` [ RunTime:0.000273s ]
[2022-12-31T14:50:05+08:00][sql] SHOW FULL COLUMNS FROM `information` [ RunTime:0.001091s ]
[2022-12-31T14:50:05+08:00][sql] SELECT * FROM `information` ORDER BY `time` DESC LIMIT 1 [ RunTime:0.000304s ]
[2022-12-31T14:50:05+08:00][sql] SELECT * FROM `information` ORDER BY `time` DESC LIMIT 1,4 [ RunTime:0.000353s ]
[2022-12-31T14:50:05+08:00][sql] SHOW FULL COLUMNS FROM `course` [ RunTime:0.001063s ]
[2022-12-31T14:50:05+08:00][sql] SELECT `id`,`title` FROM `course` ORDER BY `sorting` ASC LIMIT 0,6 [ RunTime:0.001075s ]
[2022-12-31T14:50:05+08:00][sql] SHOW FULL COLUMNS FROM `teacher` [ RunTime:0.002504s ]
[2022-12-31T14:50:05+08:00][sql] SELECT * FROM `teacher` [ RunTime:0.000236s ]
[2022-12-31T14:50:05+08:00][sql] SHOW FULL COLUMNS FROM `address` [ RunTime:0.000942s ]
[2022-12-31T14:50:05+08:00][sql] SELECT * FROM `address` WHERE  `id` = 1 LIMIT 1 [ RunTime:0.000286s ]
[2022-12-31T14:50:05+08:00][sql] SELECT * FROM `address` WHERE  `id` = 2 LIMIT 1 [ RunTime:0.000247s ]
[2022-12-31T14:58:49+08:00][sql] CONNECT:[ UseTime:0.000390s ] mysql:host=localhost;port=3316;dbname=coffee;charset=utf8
[2022-12-31T14:58:49+08:00][sql] SHOW FULL COLUMNS FROM `banner` [ RunTime:0.001239s ]
[2022-12-31T14:58:49+08:00][sql] SELECT * FROM `banner` [ RunTime:0.000253s ]
[2022-12-31T14:58:49+08:00][sql] SHOW FULL COLUMNS FROM `information` [ RunTime:0.001085s ]
[2022-12-31T14:58:49+08:00][sql] SELECT * FROM `information` ORDER BY `time` DESC LIMIT 1 [ RunTime:0.000351s ]
[2022-12-31T14:58:49+08:00][sql] SELECT * FROM `information` ORDER BY `time` DESC LIMIT 1,4 [ RunTime:0.000415s ]
[2022-12-31T14:58:49+08:00][sql] SHOW FULL COLUMNS FROM `course` [ RunTime:0.001104s ]
[2022-12-31T14:58:49+08:00][sql] SELECT `id`,`title` FROM `course` ORDER BY `sorting` ASC LIMIT 0,6 [ RunTime:0.000285s ]
[2022-12-31T14:58:49+08:00][sql] SHOW FULL COLUMNS FROM `teacher` [ RunTime:0.000975s ]
[2022-12-31T14:58:49+08:00][sql] SELECT * FROM `teacher` [ RunTime:0.000276s ]
[2022-12-31T14:58:49+08:00][sql] SHOW FULL COLUMNS FROM `address` [ RunTime:0.000974s ]
[2022-12-31T14:58:49+08:00][sql] SELECT * FROM `address` WHERE  `id` = 1 LIMIT 1 [ RunTime:0.000318s ]
[2022-12-31T14:58:49+08:00][sql] SELECT * FROM `address` WHERE  `id` = 2 LIMIT 1 [ RunTime:0.000252s ]
[2022-12-31T15:18:05+08:00][sql] CONNECT:[ UseTime:0.000399s ] mysql:host=localhost;port=3316;dbname=coffee;charset=utf8
[2022-12-31T15:18:05+08:00][sql] SHOW FULL COLUMNS FROM `banner` [ RunTime:0.001308s ]
[2022-12-31T15:18:05+08:00][sql] SELECT * FROM `banner` [ RunTime:0.000222s ]
[2022-12-31T15:18:05+08:00][sql] SHOW FULL COLUMNS FROM `information` [ RunTime:0.001068s ]
[2022-12-31T15:18:05+08:00][sql] SELECT * FROM `information` ORDER BY `time` DESC LIMIT 1 [ RunTime:0.000345s ]
[2022-12-31T15:18:05+08:00][sql] SELECT * FROM `information` ORDER BY `time` DESC LIMIT 1,4 [ RunTime:0.000460s ]
[2022-12-31T15:18:05+08:00][sql] SHOW FULL COLUMNS FROM `course` [ RunTime:0.001105s ]
[2022-12-31T15:18:05+08:00][sql] SELECT `id`,`title` FROM `course` ORDER BY `sorting` ASC LIMIT 0,6 [ RunTime:0.000288s ]
[2022-12-31T15:18:05+08:00][sql] SHOW FULL COLUMNS FROM `teacher` [ RunTime:0.000952s ]
[2022-12-31T15:18:05+08:00][sql] SELECT * FROM `teacher` [ RunTime:0.000281s ]
[2022-12-31T15:18:05+08:00][sql] SHOW FULL COLUMNS FROM `address` [ RunTime:0.001024s ]
[2022-12-31T15:18:05+08:00][sql] SELECT * FROM `address` WHERE  `id` = 1 LIMIT 1 [ RunTime:0.000283s ]
[2022-12-31T15:18:05+08:00][sql] SELECT * FROM `address` WHERE  `id` = 2 LIMIT 1 [ RunTime:0.000254s ]
[2022-12-31T15:18:05+08:00][sql] CONNECT:[ UseTime:0.000449s ] mysql:host=localhost;port=3316;dbname=coffee;charset=utf8
[2022-12-31T15:18:05+08:00][sql] SHOW FULL COLUMNS FROM `banner` [ RunTime:0.003206s ]
[2022-12-31T15:18:05+08:00][sql] SELECT * FROM `banner` [ RunTime:0.000430s ]
[2022-12-31T15:18:05+08:00][sql] SHOW FULL COLUMNS FROM `information` [ RunTime:0.001811s ]
[2022-12-31T15:18:05+08:00][sql] SELECT * FROM `information` ORDER BY `time` DESC LIMIT 1 [ RunTime:0.000550s ]
[2022-12-31T15:18:05+08:00][sql] SELECT * FROM `information` ORDER BY `time` DESC LIMIT 1,4 [ RunTime:0.000672s ]
[2022-12-31T15:18:05+08:00][sql] SHOW FULL COLUMNS FROM `course` [ RunTime:0.001923s ]
[2022-12-31T15:18:05+08:00][sql] SELECT `id`,`title` FROM `course` ORDER BY `sorting` ASC LIMIT 0,6 [ RunTime:0.000477s ]
[2022-12-31T15:18:05+08:00][sql] SHOW FULL COLUMNS FROM `teacher` [ RunTime:0.001604s ]
[2022-12-31T15:18:05+08:00][sql] SELECT * FROM `teacher` [ RunTime:0.000439s ]
[2022-12-31T15:18:05+08:00][sql] SHOW FULL COLUMNS FROM `address` [ RunTime:0.002362s ]
[2022-12-31T15:18:05+08:00][sql] SELECT * FROM `address` WHERE  `id` = 1 LIMIT 1 [ RunTime:0.000781s ]
[2022-12-31T15:18:05+08:00][sql] SELECT * FROM `address` WHERE  `id` = 2 LIMIT 1 [ RunTime:0.000392s ]
[2022-12-31T15:33:27+08:00][sql] CONNECT:[ UseTime:0.000394s ] mysql:host=localhost;port=3316;dbname=coffee;charset=utf8
[2022-12-31T15:33:27+08:00][sql] SHOW FULL COLUMNS FROM `banner` [ RunTime:0.002340s ]
[2022-12-31T15:33:27+08:00][sql] SELECT * FROM `banner` [ RunTime:0.000260s ]
[2022-12-31T15:33:27+08:00][sql] SHOW FULL COLUMNS FROM `information` [ RunTime:0.001080s ]
[2022-12-31T15:33:27+08:00][sql] SELECT * FROM `information` ORDER BY `time` DESC LIMIT 1 [ RunTime:0.000313s ]
[2022-12-31T15:33:27+08:00][sql] SELECT * FROM `information` ORDER BY `time` DESC LIMIT 1,4 [ RunTime:0.000397s ]
[2022-12-31T15:33:27+08:00][sql] SHOW FULL COLUMNS FROM `course` [ RunTime:0.001131s ]
[2022-12-31T15:33:27+08:00][sql] SELECT `id`,`title` FROM `course` ORDER BY `sorting` ASC LIMIT 0,6 [ RunTime:0.000265s ]
[2022-12-31T15:33:27+08:00][sql] SHOW FULL COLUMNS FROM `teacher` [ RunTime:0.000942s ]
[2022-12-31T15:33:27+08:00][sql] SELECT * FROM `teacher` [ RunTime:0.000263s ]
[2022-12-31T15:33:27+08:00][sql] SHOW FULL COLUMNS FROM `address` [ RunTime:0.000915s ]
[2022-12-31T15:33:27+08:00][sql] SELECT * FROM `address` WHERE  `id` = 1 LIMIT 1 [ RunTime:0.000287s ]
[2022-12-31T15:33:27+08:00][sql] SELECT * FROM `address` WHERE  `id` = 2 LIMIT 1 [ RunTime:0.000243s ]
[2022-12-31T15:46:19+08:00][sql] CONNECT:[ UseTime:0.000394s ] mysql:host=localhost;port=3316;dbname=coffee;charset=utf8
[2022-12-31T15:46:19+08:00][sql] SHOW FULL COLUMNS FROM `banner` [ RunTime:0.001345s ]
[2022-12-31T15:46:19+08:00][sql] SELECT * FROM `banner` [ RunTime:0.000257s ]
[2022-12-31T15:46:19+08:00][sql] SHOW FULL COLUMNS FROM `information` [ RunTime:0.001054s ]
[2022-12-31T15:46:19+08:00][sql] SELECT * FROM `information` ORDER BY `time` DESC LIMIT 1 [ RunTime:0.000344s ]
[2022-12-31T15:46:19+08:00][sql] SELECT * FROM `information` ORDER BY `time` DESC LIMIT 1,4 [ RunTime:0.000418s ]
[2022-12-31T15:46:19+08:00][sql] SHOW FULL COLUMNS FROM `course` [ RunTime:0.001089s ]
[2022-12-31T15:46:19+08:00][sql] SELECT `id`,`title` FROM `course` ORDER BY `sorting` ASC LIMIT 0,6 [ RunTime:0.000318s ]
[2022-12-31T15:46:19+08:00][sql] SHOW FULL COLUMNS FROM `teacher` [ RunTime:0.001935s ]
[2022-12-31T15:46:19+08:00][sql] SELECT * FROM `teacher` [ RunTime:0.000282s ]
[2022-12-31T15:46:19+08:00][sql] SHOW FULL COLUMNS FROM `address` [ RunTime:0.000904s ]
[2022-12-31T15:46:19+08:00][sql] SELECT * FROM `address` WHERE  `id` = 1 LIMIT 1 [ RunTime:0.000272s ]
[2022-12-31T15:46:19+08:00][sql] SELECT * FROM `address` WHERE  `id` = 2 LIMIT 1 [ RunTime:0.000265s ]
[2022-12-31T16:27:59+08:00][sql] CONNECT:[ UseTime:0.000420s ] mysql:host=localhost;port=3316;dbname=coffee;charset=utf8
[2022-12-31T16:27:59+08:00][sql] SHOW FULL COLUMNS FROM `banner` [ RunTime:0.001333s ]
[2022-12-31T16:27:59+08:00][sql] SELECT * FROM `banner` [ RunTime:0.000257s ]
[2022-12-31T16:27:59+08:00][sql] SHOW FULL COLUMNS FROM `information` [ RunTime:0.001051s ]
[2022-12-31T16:27:59+08:00][sql] SELECT * FROM `information` ORDER BY `time` DESC LIMIT 1 [ RunTime:0.000330s ]
[2022-12-31T16:27:59+08:00][sql] SELECT * FROM `information` ORDER BY `time` DESC LIMIT 1,4 [ RunTime:0.000418s ]
[2022-12-31T16:27:59+08:00][sql] SHOW FULL COLUMNS FROM `course` [ RunTime:0.001144s ]
[2022-12-31T16:27:59+08:00][sql] SELECT `id`,`title` FROM `course` ORDER BY `sorting` ASC LIMIT 0,6 [ RunTime:0.000268s ]
[2022-12-31T16:27:59+08:00][sql] SHOW FULL COLUMNS FROM `teacher` [ RunTime:0.000955s ]
[2022-12-31T16:27:59+08:00][sql] SELECT * FROM `teacher` [ RunTime:0.000287s ]
[2022-12-31T16:27:59+08:00][sql] SHOW FULL COLUMNS FROM `address` [ RunTime:0.000955s ]
[2022-12-31T16:27:59+08:00][sql] SELECT * FROM `address` WHERE  `id` = 1 LIMIT 1 [ RunTime:0.000373s ]
[2022-12-31T16:27:59+08:00][sql] SELECT * FROM `address` WHERE  `id` = 2 LIMIT 1 [ RunTime:0.000254s ]
[2022-12-31T17:05:07+08:00][sql] CONNECT:[ UseTime:0.000431s ] mysql:host=localhost;port=3316;dbname=coffee;charset=utf8
[2022-12-31T17:05:07+08:00][sql] SHOW FULL COLUMNS FROM `banner` [ RunTime:0.001235s ]
[2022-12-31T17:05:07+08:00][sql] SELECT * FROM `banner` [ RunTime:0.000267s ]
[2022-12-31T17:05:07+08:00][sql] SHOW FULL COLUMNS FROM `information` [ RunTime:0.001030s ]
[2022-12-31T17:05:07+08:00][sql] SELECT * FROM `information` ORDER BY `time` DESC LIMIT 1 [ RunTime:0.000327s ]
[2022-12-31T17:05:07+08:00][sql] SELECT * FROM `information` ORDER BY `time` DESC LIMIT 1,4 [ RunTime:0.000439s ]
[2022-12-31T17:05:07+08:00][sql] SHOW FULL COLUMNS FROM `course` [ RunTime:0.001130s ]
[2022-12-31T17:05:07+08:00][sql] SELECT `id`,`title` FROM `course` ORDER BY `sorting` ASC LIMIT 0,6 [ RunTime:0.000266s ]
[2022-12-31T17:05:07+08:00][sql] SHOW FULL COLUMNS FROM `teacher` [ RunTime:0.000920s ]
[2022-12-31T17:05:07+08:00][sql] SELECT * FROM `teacher` [ RunTime:0.000284s ]
[2022-12-31T17:05:07+08:00][sql] SHOW FULL COLUMNS FROM `address` [ RunTime:0.000966s ]
[2022-12-31T17:05:07+08:00][sql] SELECT * FROM `address` WHERE  `id` = 1 LIMIT 1 [ RunTime:0.000287s ]
[2022-12-31T17:05:07+08:00][sql] SELECT * FROM `address` WHERE  `id` = 2 LIMIT 1 [ RunTime:0.000244s ]
[2022-12-31T18:04:03+08:00][sql] CONNECT:[ UseTime:0.000339s ] mysql:host=localhost;port=3316;dbname=coffee;charset=utf8
[2022-12-31T18:04:03+08:00][sql] SHOW FULL COLUMNS FROM `banner` [ RunTime:0.001265s ]
[2022-12-31T18:04:03+08:00][sql] SELECT * FROM `banner` [ RunTime:0.000238s ]
[2022-12-31T18:04:03+08:00][sql] SHOW FULL COLUMNS FROM `information` [ RunTime:0.000970s ]
[2022-12-31T18:04:03+08:00][sql] SELECT * FROM `information` ORDER BY `time` DESC LIMIT 1 [ RunTime:0.000303s ]
[2022-12-31T18:04:03+08:00][sql] SELECT * FROM `information` ORDER BY `time` DESC LIMIT 1,4 [ RunTime:0.000335s ]
[2022-12-31T18:04:03+08:00][sql] SHOW FULL COLUMNS FROM `course` [ RunTime:0.001076s ]
[2022-12-31T18:04:03+08:00][sql] SELECT `id`,`title` FROM `course` ORDER BY `sorting` ASC LIMIT 0,6 [ RunTime:0.000263s ]
[2022-12-31T18:04:03+08:00][sql] SHOW FULL COLUMNS FROM `teacher` [ RunTime:0.000895s ]
[2022-12-31T18:04:03+08:00][sql] SELECT * FROM `teacher` [ RunTime:0.000221s ]
[2022-12-31T18:04:03+08:00][sql] SHOW FULL COLUMNS FROM `address` [ RunTime:0.000970s ]
[2022-12-31T18:04:03+08:00][sql] SELECT * FROM `address` WHERE  `id` = 1 LIMIT 1 [ RunTime:0.000255s ]
[2022-12-31T18:04:03+08:00][sql] SELECT * FROM `address` WHERE  `id` = 2 LIMIT 1 [ RunTime:0.000223s ]
[2022-12-31T18:32:52+08:00][sql] CONNECT:[ UseTime:0.000485s ] mysql:host=localhost;port=3316;dbname=coffee;charset=utf8
[2022-12-31T18:32:52+08:00][sql] SHOW FULL COLUMNS FROM `banner` [ RunTime:0.001275s ]
[2022-12-31T18:32:52+08:00][sql] SELECT * FROM `banner` [ RunTime:0.000298s ]
[2022-12-31T18:32:52+08:00][sql] SHOW FULL COLUMNS FROM `information` [ RunTime:0.001083s ]
[2022-12-31T18:32:52+08:00][sql] SELECT * FROM `information` ORDER BY `time` DESC LIMIT 1 [ RunTime:0.000375s ]
[2022-12-31T18:32:52+08:00][sql] SELECT * FROM `information` ORDER BY `time` DESC LIMIT 1,4 [ RunTime:0.000404s ]
[2022-12-31T18:32:52+08:00][sql] SHOW FULL COLUMNS FROM `course` [ RunTime:0.001165s ]
[2022-12-31T18:32:52+08:00][sql] SELECT `id`,`title` FROM `course` ORDER BY `sorting` ASC LIMIT 0,6 [ RunTime:0.000278s ]
[2022-12-31T18:32:52+08:00][sql] SHOW FULL COLUMNS FROM `teacher` [ RunTime:0.000933s ]
[2022-12-31T18:32:52+08:00][sql] SELECT * FROM `teacher` [ RunTime:0.000286s ]
[2022-12-31T18:32:52+08:00][sql] SHOW FULL COLUMNS FROM `address` [ RunTime:0.000941s ]
[2022-12-31T18:32:52+08:00][sql] SELECT * FROM `address` WHERE  `id` = 1 LIMIT 1 [ RunTime:0.000344s ]
[2022-12-31T18:32:52+08:00][sql] SELECT * FROM `address` WHERE  `id` = 2 LIMIT 1 [ RunTime:0.000257s ]
[2022-12-31T18:55:09+08:00][sql] CONNECT:[ UseTime:0.000390s ] mysql:host=localhost;port=3316;dbname=coffee;charset=utf8
[2022-12-31T18:55:09+08:00][sql] SHOW FULL COLUMNS FROM `banner` [ RunTime:0.001235s ]
[2022-12-31T18:55:09+08:00][sql] SELECT * FROM `banner` [ RunTime:0.000270s ]
[2022-12-31T18:55:09+08:00][sql] SHOW FULL COLUMNS FROM `information` [ RunTime:0.001018s ]
[2022-12-31T18:55:09+08:00][sql] SELECT * FROM `information` ORDER BY `time` DESC LIMIT 1 [ RunTime:0.000311s ]
[2022-12-31T18:55:09+08:00][sql] SELECT * FROM `information` ORDER BY `time` DESC LIMIT 1,4 [ RunTime:0.000381s ]
[2022-12-31T18:55:09+08:00][sql] SHOW FULL COLUMNS FROM `course` [ RunTime:0.001119s ]
[2022-12-31T18:55:09+08:00][sql] SELECT `id`,`title` FROM `course` ORDER BY `sorting` ASC LIMIT 0,6 [ RunTime:0.000264s ]
[2022-12-31T18:55:09+08:00][sql] SHOW FULL COLUMNS FROM `teacher` [ RunTime:0.000927s ]
[2022-12-31T18:55:09+08:00][sql] SELECT * FROM `teacher` [ RunTime:0.000261s ]
[2022-12-31T18:55:09+08:00][sql] SHOW FULL COLUMNS FROM `address` [ RunTime:0.000917s ]
[2022-12-31T18:55:09+08:00][sql] SELECT * FROM `address` WHERE  `id` = 1 LIMIT 1 [ RunTime:0.000391s ]
[2022-12-31T18:55:09+08:00][sql] SELECT * FROM `address` WHERE  `id` = 2 LIMIT 1 [ RunTime:0.000281s ]
[2022-12-31T18:55:26+08:00][sql] CONNECT:[ UseTime:0.000414s ] mysql:host=localhost;port=3316;dbname=coffee;charset=utf8
[2022-12-31T18:55:26+08:00][sql] SHOW FULL COLUMNS FROM `banner` [ RunTime:0.001216s ]
[2022-12-31T18:55:26+08:00][sql] SELECT * FROM `banner` [ RunTime:0.000257s ]
[2022-12-31T18:55:26+08:00][sql] SHOW FULL COLUMNS FROM `information` [ RunTime:0.001037s ]
[2022-12-31T18:55:26+08:00][sql] SELECT * FROM `information` ORDER BY `time` DESC LIMIT 1 [ RunTime:0.000333s ]
[2022-12-31T18:55:26+08:00][sql] SELECT * FROM `information` ORDER BY `time` DESC LIMIT 1,4 [ RunTime:0.000388s ]
[2022-12-31T18:55:26+08:00][sql] SHOW FULL COLUMNS FROM `course` [ RunTime:0.001071s ]
[2022-12-31T18:55:26+08:00][sql] SELECT `id`,`title` FROM `course` ORDER BY `sorting` ASC LIMIT 0,6 [ RunTime:0.000263s ]
[2022-12-31T18:55:26+08:00][sql] SHOW FULL COLUMNS FROM `teacher` [ RunTime:0.000915s ]
[2022-12-31T18:55:26+08:00][sql] SELECT * FROM `teacher` [ RunTime:0.000266s ]
[2022-12-31T18:55:26+08:00][sql] SHOW FULL COLUMNS FROM `address` [ RunTime:0.001130s ]
[2022-12-31T18:55:26+08:00][sql] SELECT * FROM `address` WHERE  `id` = 1 LIMIT 1 [ RunTime:0.000324s ]
[2022-12-31T18:55:26+08:00][sql] SELECT * FROM `address` WHERE  `id` = 2 LIMIT 1 [ RunTime:0.000249s ]
[2022-12-31T18:59:50+08:00][sql] CONNECT:[ UseTime:0.000380s ] mysql:host=localhost;port=3316;dbname=coffee;charset=utf8
[2022-12-31T18:59:50+08:00][sql] SHOW FULL COLUMNS FROM `banner` [ RunTime:0.001244s ]
[2022-12-31T18:59:50+08:00][sql] SELECT * FROM `banner` [ RunTime:0.000253s ]
[2022-12-31T18:59:50+08:00][sql] SHOW FULL COLUMNS FROM `information` [ RunTime:0.001003s ]
[2022-12-31T18:59:50+08:00][sql] SELECT * FROM `information` ORDER BY `time` DESC LIMIT 1 [ RunTime:0.000326s ]
[2022-12-31T18:59:50+08:00][sql] SELECT * FROM `information` ORDER BY `time` DESC LIMIT 1,4 [ RunTime:0.000380s ]
[2022-12-31T18:59:50+08:00][sql] SHOW FULL COLUMNS FROM `course` [ RunTime:0.001073s ]
[2022-12-31T18:59:50+08:00][sql] SELECT `id`,`title` FROM `course` ORDER BY `sorting` ASC LIMIT 0,6 [ RunTime:0.000275s ]
[2022-12-31T18:59:50+08:00][sql] SHOW FULL COLUMNS FROM `teacher` [ RunTime:0.001060s ]
[2022-12-31T18:59:50+08:00][sql] SELECT * FROM `teacher` [ RunTime:0.000261s ]
[2022-12-31T18:59:50+08:00][sql] SHOW FULL COLUMNS FROM `address` [ RunTime:0.000913s ]
[2022-12-31T18:59:50+08:00][sql] SELECT * FROM `address` WHERE  `id` = 1 LIMIT 1 [ RunTime:0.000272s ]
[2022-12-31T18:59:50+08:00][sql] SELECT * FROM `address` WHERE  `id` = 2 LIMIT 1 [ RunTime:0.000250s ]
[2022-12-31T19:06:07+08:00][sql] CONNECT:[ UseTime:0.002126s ] mysql:host=localhost;port=3316;dbname=coffee;charset=utf8
[2022-12-31T19:06:07+08:00][sql] SHOW FULL COLUMNS FROM `banner` [ RunTime:0.001819s ]
[2022-12-31T19:06:07+08:00][sql] SELECT * FROM `banner` [ RunTime:0.000301s ]
[2022-12-31T19:06:07+08:00][sql] SHOW FULL COLUMNS FROM `information` [ RunTime:0.001489s ]
[2022-12-31T19:06:07+08:00][sql] SELECT * FROM `information` ORDER BY `time` DESC LIMIT 1 [ RunTime:0.000398s ]
[2022-12-31T19:06:07+08:00][sql] SELECT * FROM `information` ORDER BY `time` DESC LIMIT 1,4 [ RunTime:0.000508s ]
[2022-12-31T19:06:07+08:00][sql] SHOW FULL COLUMNS FROM `course` [ RunTime:0.001563s ]
[2022-12-31T19:06:07+08:00][sql] SELECT `id`,`title` FROM `course` ORDER BY `sorting` ASC LIMIT 0,6 [ RunTime:0.000323s ]
[2022-12-31T19:06:07+08:00][sql] SHOW FULL COLUMNS FROM `teacher` [ RunTime:0.001275s ]
[2022-12-31T19:06:07+08:00][sql] SELECT * FROM `teacher` [ RunTime:0.000298s ]
[2022-12-31T19:06:07+08:00][sql] SHOW FULL COLUMNS FROM `address` [ RunTime:0.001377s ]
[2022-12-31T19:06:07+08:00][sql] SELECT * FROM `address` WHERE  `id` = 1 LIMIT 1 [ RunTime:0.000294s ]
[2022-12-31T19:06:07+08:00][sql] SELECT * FROM `address` WHERE  `id` = 2 LIMIT 1 [ RunTime:0.000282s ]
[2022-12-31T19:13:30+08:00][sql] CONNECT:[ UseTime:0.000374s ] mysql:host=localhost;port=3316;dbname=coffee;charset=utf8
[2022-12-31T19:13:30+08:00][sql] SHOW FULL COLUMNS FROM `banner` [ RunTime:0.001518s ]
[2022-12-31T19:13:30+08:00][sql] SELECT * FROM `banner` [ RunTime:0.000266s ]
[2022-12-31T19:13:30+08:00][sql] SHOW FULL COLUMNS FROM `information` [ RunTime:0.001019s ]
[2022-12-31T19:13:30+08:00][sql] SELECT * FROM `information` ORDER BY `time` DESC LIMIT 1 [ RunTime:0.000319s ]
[2022-12-31T19:13:30+08:00][sql] SELECT * FROM `information` ORDER BY `time` DESC LIMIT 1,4 [ RunTime:0.000384s ]
[2022-12-31T19:13:30+08:00][sql] SHOW FULL COLUMNS FROM `course` [ RunTime:0.001189s ]
[2022-12-31T19:13:30+08:00][sql] SELECT `id`,`title` FROM `course` ORDER BY `sorting` ASC LIMIT 0,6 [ RunTime:0.000312s ]
[2022-12-31T19:13:30+08:00][sql] SHOW FULL COLUMNS FROM `teacher` [ RunTime:0.001031s ]
[2022-12-31T19:13:30+08:00][sql] SELECT * FROM `teacher` [ RunTime:0.000261s ]
[2022-12-31T19:13:30+08:00][sql] SHOW FULL COLUMNS FROM `address` [ RunTime:0.000954s ]
[2022-12-31T19:13:30+08:00][sql] SELECT * FROM `address` WHERE  `id` = 1 LIMIT 1 [ RunTime:0.000356s ]
[2022-12-31T19:13:30+08:00][sql] SELECT * FROM `address` WHERE  `id` = 2 LIMIT 1 [ RunTime:0.000273s ]
[2022-12-31T19:13:30+08:00][sql] CONNECT:[ UseTime:0.000346s ] mysql:host=localhost;port=3316;dbname=coffee;charset=utf8
[2022-12-31T19:13:30+08:00][sql] SHOW FULL COLUMNS FROM `banner` [ RunTime:0.001219s ]
[2022-12-31T19:13:30+08:00][sql] SELECT * FROM `banner` [ RunTime:0.000234s ]
[2022-12-31T19:13:30+08:00][sql] SHOW FULL COLUMNS FROM `information` [ RunTime:0.001009s ]
[2022-12-31T19:13:30+08:00][sql] SELECT * FROM `information` ORDER BY `time` DESC LIMIT 1 [ RunTime:0.000298s ]
[2022-12-31T19:13:30+08:00][sql] SELECT * FROM `information` ORDER BY `time` DESC LIMIT 1,4 [ RunTime:0.000333s ]
[2022-12-31T19:13:30+08:00][sql] SHOW FULL COLUMNS FROM `course` [ RunTime:0.001106s ]
[2022-12-31T19:13:30+08:00][sql] SELECT `id`,`title` FROM `course` ORDER BY `sorting` ASC LIMIT 0,6 [ RunTime:0.000252s ]
[2022-12-31T19:13:30+08:00][sql] SHOW FULL COLUMNS FROM `teacher` [ RunTime:0.000948s ]
[2022-12-31T19:13:30+08:00][sql] SELECT * FROM `teacher` [ RunTime:0.000219s ]
[2022-12-31T19:13:30+08:00][sql] SHOW FULL COLUMNS FROM `address` [ RunTime:0.000922s ]
[2022-12-31T19:13:30+08:00][sql] SELECT * FROM `address` WHERE  `id` = 1 LIMIT 1 [ RunTime:0.000241s ]
[2022-12-31T19:13:30+08:00][sql] SELECT * FROM `address` WHERE  `id` = 2 LIMIT 1 [ RunTime:0.000238s ]
[2022-12-31T19:27:49+08:00][sql] CONNECT:[ UseTime:0.000424s ] mysql:host=localhost;port=3316;dbname=coffee;charset=utf8
[2022-12-31T19:27:49+08:00][sql] SHOW FULL COLUMNS FROM `banner` [ RunTime:0.001266s ]
[2022-12-31T19:27:49+08:00][sql] SELECT * FROM `banner` [ RunTime:0.000223s ]
[2022-12-31T19:27:49+08:00][sql] SHOW FULL COLUMNS FROM `information` [ RunTime:0.000940s ]
[2022-12-31T19:27:49+08:00][sql] SELECT * FROM `information` ORDER BY `time` DESC LIMIT 1 [ RunTime:0.000281s ]
[2022-12-31T19:27:49+08:00][sql] SELECT * FROM `information` ORDER BY `time` DESC LIMIT 1,4 [ RunTime:0.000310s ]
[2022-12-31T19:27:49+08:00][sql] SHOW FULL COLUMNS FROM `course` [ RunTime:0.001091s ]
[2022-12-31T19:27:49+08:00][sql] SELECT `id`,`title` FROM `course` ORDER BY `sorting` ASC LIMIT 0,6 [ RunTime:0.000222s ]
[2022-12-31T19:27:49+08:00][sql] SHOW FULL COLUMNS FROM `teacher` [ RunTime:0.000957s ]
[2022-12-31T19:27:49+08:00][sql] SELECT * FROM `teacher` [ RunTime:0.000223s ]
[2022-12-31T19:27:49+08:00][sql] SHOW FULL COLUMNS FROM `address` [ RunTime:0.000866s ]
[2022-12-31T19:27:49+08:00][sql] SELECT * FROM `address` WHERE  `id` = 1 LIMIT 1 [ RunTime:0.000237s ]
[2022-12-31T19:27:49+08:00][sql] SELECT * FROM `address` WHERE  `id` = 2 LIMIT 1 [ RunTime:0.000206s ]
[2022-12-31T19:47:09+08:00][sql] CONNECT:[ UseTime:0.000389s ] mysql:host=localhost;port=3316;dbname=coffee;charset=utf8
[2022-12-31T19:47:09+08:00][sql] SHOW FULL COLUMNS FROM `banner` [ RunTime:0.001301s ]
[2022-12-31T19:47:09+08:00][sql] SELECT * FROM `banner` [ RunTime:0.000231s ]
[2022-12-31T19:47:09+08:00][sql] SHOW FULL COLUMNS FROM `information` [ RunTime:0.001020s ]
[2022-12-31T19:47:09+08:00][sql] SELECT * FROM `information` ORDER BY `time` DESC LIMIT 1 [ RunTime:0.000344s ]
[2022-12-31T19:47:09+08:00][sql] SELECT * FROM `information` ORDER BY `time` DESC LIMIT 1,4 [ RunTime:0.000353s ]
[2022-12-31T19:47:09+08:00][sql] SHOW FULL COLUMNS FROM `course` [ RunTime:0.001078s ]
[2022-12-31T19:47:09+08:00][sql] SELECT `id`,`title` FROM `course` ORDER BY `sorting` ASC LIMIT 0,6 [ RunTime:0.000218s ]
[2022-12-31T19:47:09+08:00][sql] SHOW FULL COLUMNS FROM `teacher` [ RunTime:0.000877s ]
[2022-12-31T19:47:09+08:00][sql] SELECT * FROM `teacher` [ RunTime:0.000224s ]
[2022-12-31T19:47:09+08:00][sql] SHOW FULL COLUMNS FROM `address` [ RunTime:0.001062s ]
[2022-12-31T19:47:09+08:00][sql] SELECT * FROM `address` WHERE  `id` = 1 LIMIT 1 [ RunTime:0.000280s ]
[2022-12-31T19:47:09+08:00][sql] SELECT * FROM `address` WHERE  `id` = 2 LIMIT 1 [ RunTime:0.000208s ]
[2022-12-31T20:12:27+08:00][sql] CONNECT:[ UseTime:0.000430s ] mysql:host=localhost;port=3316;dbname=coffee;charset=utf8
[2022-12-31T20:12:27+08:00][sql] SHOW FULL COLUMNS FROM `banner` [ RunTime:0.001646s ]
[2022-12-31T20:12:27+08:00][sql] SELECT * FROM `banner` [ RunTime:0.000285s ]
[2022-12-31T20:12:27+08:00][sql] SHOW FULL COLUMNS FROM `information` [ RunTime:0.001542s ]
[2022-12-31T20:12:27+08:00][sql] SELECT * FROM `information` ORDER BY `time` DESC LIMIT 1 [ RunTime:0.000356s ]
[2022-12-31T20:12:27+08:00][sql] SELECT * FROM `information` ORDER BY `time` DESC LIMIT 1,4 [ RunTime:0.000482s ]
[2022-12-31T20:12:27+08:00][sql] SHOW FULL COLUMNS FROM `course` [ RunTime:0.001509s ]
[2022-12-31T20:12:27+08:00][sql] SELECT `id`,`title` FROM `course` ORDER BY `sorting` ASC LIMIT 0,6 [ RunTime:0.000310s ]
[2022-12-31T20:12:27+08:00][sql] SHOW FULL COLUMNS FROM `teacher` [ RunTime:0.001256s ]
[2022-12-31T20:12:27+08:00][sql] SELECT * FROM `teacher` [ RunTime:0.000284s ]
[2022-12-31T20:12:27+08:00][sql] SHOW FULL COLUMNS FROM `address` [ RunTime:0.001280s ]
[2022-12-31T20:12:27+08:00][sql] SELECT * FROM `address` WHERE  `id` = 1 LIMIT 1 [ RunTime:0.000299s ]
[2022-12-31T20:12:27+08:00][sql] SELECT * FROM `address` WHERE  `id` = 2 LIMIT 1 [ RunTime:0.000251s ]
[2022-12-31T20:31:53+08:00][sql] CONNECT:[ UseTime:0.000428s ] mysql:host=localhost;port=3316;dbname=coffee;charset=utf8
[2022-12-31T20:31:53+08:00][sql] SHOW FULL COLUMNS FROM `banner` [ RunTime:0.001246s ]
[2022-12-31T20:31:53+08:00][sql] SELECT * FROM `banner` [ RunTime:0.000243s ]
[2022-12-31T20:31:53+08:00][sql] SHOW FULL COLUMNS FROM `information` [ RunTime:0.001066s ]
[2022-12-31T20:31:53+08:00][sql] SELECT * FROM `information` ORDER BY `time` DESC LIMIT 1 [ RunTime:0.000316s ]
[2022-12-31T20:31:53+08:00][sql] SELECT * FROM `information` ORDER BY `time` DESC LIMIT 1,4 [ RunTime:0.000384s ]
[2022-12-31T20:31:53+08:00][sql] SHOW FULL COLUMNS FROM `course` [ RunTime:0.001117s ]
[2022-12-31T20:31:53+08:00][sql] SELECT `id`,`title` FROM `course` ORDER BY `sorting` ASC LIMIT 0,6 [ RunTime:0.000260s ]
[2022-12-31T20:31:53+08:00][sql] SHOW FULL COLUMNS FROM `teacher` [ RunTime:0.000895s ]
[2022-12-31T20:31:53+08:00][sql] SELECT * FROM `teacher` [ RunTime:0.000260s ]
[2022-12-31T20:31:53+08:00][sql] SHOW FULL COLUMNS FROM `address` [ RunTime:0.000925s ]
[2022-12-31T20:31:53+08:00][sql] SELECT * FROM `address` WHERE  `id` = 1 LIMIT 1 [ RunTime:0.000318s ]
[2022-12-31T20:31:53+08:00][sql] SELECT * FROM `address` WHERE  `id` = 2 LIMIT 1 [ RunTime:0.000246s ]
[2022-12-31T20:49:44+08:00][sql] CONNECT:[ UseTime:0.000499s ] mysql:host=localhost;port=3316;dbname=coffee;charset=utf8
[2022-12-31T20:49:44+08:00][sql] SHOW FULL COLUMNS FROM `banner` [ RunTime:0.001753s ]
[2022-12-31T20:49:44+08:00][sql] SELECT * FROM `banner` [ RunTime:0.000279s ]
[2022-12-31T20:49:44+08:00][sql] SHOW FULL COLUMNS FROM `information` [ RunTime:0.001321s ]
[2022-12-31T20:49:44+08:00][sql] SELECT * FROM `information` ORDER BY `time` DESC LIMIT 1 [ RunTime:0.000417s ]
[2022-12-31T20:49:44+08:00][sql] SELECT * FROM `information` ORDER BY `time` DESC LIMIT 1,4 [ RunTime:0.000436s ]
[2022-12-31T20:49:44+08:00][sql] SHOW FULL COLUMNS FROM `course` [ RunTime:0.001424s ]
[2022-12-31T20:49:44+08:00][sql] SELECT `id`,`title` FROM `course` ORDER BY `sorting` ASC LIMIT 0,6 [ RunTime:0.000292s ]
[2022-12-31T20:49:44+08:00][sql] SHOW FULL COLUMNS FROM `teacher` [ RunTime:0.001320s ]
[2022-12-31T20:49:44+08:00][sql] SELECT * FROM `teacher` [ RunTime:0.000304s ]
[2022-12-31T20:49:44+08:00][sql] SHOW FULL COLUMNS FROM `address` [ RunTime:0.001178s ]
[2022-12-31T20:49:44+08:00][sql] SELECT * FROM `address` WHERE  `id` = 1 LIMIT 1 [ RunTime:0.000279s ]
[2022-12-31T20:49:44+08:00][sql] SELECT * FROM `address` WHERE  `id` = 2 LIMIT 1 [ RunTime:0.000283s ]
[2022-12-31T21:29:41+08:00][sql] CONNECT:[ UseTime:0.000406s ] mysql:host=localhost;port=3316;dbname=coffee;charset=utf8
[2022-12-31T21:29:41+08:00][sql] SHOW FULL COLUMNS FROM `banner` [ RunTime:0.001272s ]
[2022-12-31T21:29:41+08:00][sql] SELECT * FROM `banner` [ RunTime:0.000269s ]
[2022-12-31T21:29:41+08:00][sql] SHOW FULL COLUMNS FROM `information` [ RunTime:0.001147s ]
[2022-12-31T21:29:41+08:00][sql] SELECT * FROM `information` ORDER BY `time` DESC LIMIT 1 [ RunTime:0.000325s ]
[2022-12-31T21:29:41+08:00][sql] SELECT * FROM `information` ORDER BY `time` DESC LIMIT 1,4 [ RunTime:0.000458s ]
[2022-12-31T21:29:41+08:00][sql] SHOW FULL COLUMNS FROM `course` [ RunTime:0.001254s ]
[2022-12-31T21:29:41+08:00][sql] SELECT `id`,`title` FROM `course` ORDER BY `sorting` ASC LIMIT 0,6 [ RunTime:0.000286s ]
[2022-12-31T21:29:41+08:00][sql] SHOW FULL COLUMNS FROM `teacher` [ RunTime:0.000962s ]
[2022-12-31T21:29:41+08:00][sql] SELECT * FROM `teacher` [ RunTime:0.000311s ]
[2022-12-31T21:29:41+08:00][sql] SHOW FULL COLUMNS FROM `address` [ RunTime:0.000941s ]
[2022-12-31T21:29:41+08:00][sql] SELECT * FROM `address` WHERE  `id` = 1 LIMIT 1 [ RunTime:0.000279s ]
[2022-12-31T21:29:41+08:00][sql] SELECT * FROM `address` WHERE  `id` = 2 LIMIT 1 [ RunTime:0.000245s ]
[2022-12-31T21:30:43+08:00][sql] CONNECT:[ UseTime:0.000470s ] mysql:host=localhost;port=3316;dbname=coffee;charset=utf8
[2022-12-31T21:30:43+08:00][sql] SHOW FULL COLUMNS FROM `banner` [ RunTime:0.001329s ]
[2022-12-31T21:30:43+08:00][sql] SELECT * FROM `banner` [ RunTime:0.000270s ]
[2022-12-31T21:30:43+08:00][sql] SHOW FULL COLUMNS FROM `information` [ RunTime:0.001038s ]
[2022-12-31T21:30:43+08:00][sql] SELECT * FROM `information` ORDER BY `time` DESC LIMIT 1 [ RunTime:0.000295s ]
[2022-12-31T21:30:43+08:00][sql] SELECT * FROM `information` ORDER BY `time` DESC LIMIT 1,4 [ RunTime:0.000450s ]
[2022-12-31T21:30:43+08:00][sql] SHOW FULL COLUMNS FROM `course` [ RunTime:0.001170s ]
[2022-12-31T21:30:43+08:00][sql] SELECT `id`,`title` FROM `course` ORDER BY `sorting` ASC LIMIT 0,6 [ RunTime:0.000269s ]
[2022-12-31T21:30:43+08:00][sql] SHOW FULL COLUMNS FROM `teacher` [ RunTime:0.001085s ]
[2022-12-31T21:30:43+08:00][sql] SELECT * FROM `teacher` [ RunTime:0.000268s ]
[2022-12-31T21:30:43+08:00][sql] SHOW FULL COLUMNS FROM `address` [ RunTime:0.000977s ]
[2022-12-31T21:30:43+08:00][sql] SELECT * FROM `address` WHERE  `id` = 1 LIMIT 1 [ RunTime:0.000279s ]
[2022-12-31T21:30:43+08:00][sql] SELECT * FROM `address` WHERE  `id` = 2 LIMIT 1 [ RunTime:0.000267s ]
[2022-12-31T21:30:45+08:00][sql] CONNECT:[ UseTime:0.000398s ] mysql:host=localhost;port=3316;dbname=coffee;charset=utf8
[2022-12-31T21:30:45+08:00][sql] SHOW FULL COLUMNS FROM `banner` [ RunTime:0.001282s ]
[2022-12-31T21:30:45+08:00][sql] SELECT * FROM `banner` [ RunTime:0.000261s ]
[2022-12-31T21:30:45+08:00][sql] SHOW FULL COLUMNS FROM `information` [ RunTime:0.001053s ]
[2022-12-31T21:30:45+08:00][sql] SELECT * FROM `information` ORDER BY `time` DESC LIMIT 1 [ RunTime:0.000412s ]
[2022-12-31T21:30:45+08:00][sql] SELECT * FROM `information` ORDER BY `time` DESC LIMIT 1,4 [ RunTime:0.000405s ]
[2022-12-31T21:30:45+08:00][sql] SHOW FULL COLUMNS FROM `course` [ RunTime:0.001074s ]
[2022-12-31T21:30:45+08:00][sql] SELECT `id`,`title` FROM `course` ORDER BY `sorting` ASC LIMIT 0,6 [ RunTime:0.000255s ]
[2022-12-31T21:30:45+08:00][sql] SHOW FULL COLUMNS FROM `teacher` [ RunTime:0.000912s ]
[2022-12-31T21:30:45+08:00][sql] SELECT * FROM `teacher` [ RunTime:0.000258s ]
[2022-12-31T21:30:45+08:00][sql] SHOW FULL COLUMNS FROM `address` [ RunTime:0.000960s ]
[2022-12-31T21:30:45+08:00][sql] SELECT * FROM `address` WHERE  `id` = 1 LIMIT 1 [ RunTime:0.000310s ]
[2022-12-31T21:30:45+08:00][sql] SELECT * FROM `address` WHERE  `id` = 2 LIMIT 1 [ RunTime:0.000298s ]
[2022-12-31T21:54:21+08:00][sql] CONNECT:[ UseTime:0.000392s ] mysql:host=localhost;port=3316;dbname=coffee;charset=utf8
[2022-12-31T21:54:21+08:00][sql] SHOW FULL COLUMNS FROM `banner` [ RunTime:0.001224s ]
[2022-12-31T21:54:21+08:00][sql] SELECT * FROM `banner` [ RunTime:0.000279s ]
[2022-12-31T21:54:21+08:00][sql] SHOW FULL COLUMNS FROM `information` [ RunTime:0.000976s ]
[2022-12-31T21:54:21+08:00][sql] SELECT * FROM `information` ORDER BY `time` DESC LIMIT 1 [ RunTime:0.000318s ]
[2022-12-31T21:54:21+08:00][sql] SELECT * FROM `information` ORDER BY `time` DESC LIMIT 1,4 [ RunTime:0.000376s ]
[2022-12-31T21:54:21+08:00][sql] SHOW FULL COLUMNS FROM `course` [ RunTime:0.001116s ]
[2022-12-31T21:54:21+08:00][sql] SELECT `id`,`title` FROM `course` ORDER BY `sorting` ASC LIMIT 0,6 [ RunTime:0.000292s ]
[2022-12-31T21:54:21+08:00][sql] SHOW FULL COLUMNS FROM `teacher` [ RunTime:0.000899s ]
[2022-12-31T21:54:21+08:00][sql] SELECT * FROM `teacher` [ RunTime:0.000267s ]
[2022-12-31T21:54:21+08:00][sql] SHOW FULL COLUMNS FROM `address` [ RunTime:0.001036s ]
[2022-12-31T21:54:21+08:00][sql] SELECT * FROM `address` WHERE  `id` = 1 LIMIT 1 [ RunTime:0.000332s ]
[2022-12-31T21:54:21+08:00][sql] SELECT * FROM `address` WHERE  `id` = 2 LIMIT 1 [ RunTime:0.000273s ]
[2022-12-31T22:21:02+08:00][sql] CONNECT:[ UseTime:0.000363s ] mysql:host=localhost;port=3316;dbname=coffee;charset=utf8
[2022-12-31T22:21:02+08:00][sql] SHOW FULL COLUMNS FROM `banner` [ RunTime:0.001260s ]
[2022-12-31T22:21:02+08:00][sql] SELECT * FROM `banner` [ RunTime:0.000245s ]
[2022-12-31T22:21:02+08:00][sql] SHOW FULL COLUMNS FROM `information` [ RunTime:0.000975s ]
[2022-12-31T22:21:02+08:00][sql] SELECT * FROM `information` ORDER BY `time` DESC LIMIT 1 [ RunTime:0.000293s ]
[2022-12-31T22:21:02+08:00][sql] SELECT * FROM `information` ORDER BY `time` DESC LIMIT 1,4 [ RunTime:0.000375s ]
[2022-12-31T22:21:02+08:00][sql] SHOW FULL COLUMNS FROM `course` [ RunTime:0.001058s ]
[2022-12-31T22:21:02+08:00][sql] SELECT `id`,`title` FROM `course` ORDER BY `sorting` ASC LIMIT 0,6 [ RunTime:0.000230s ]
[2022-12-31T22:21:02+08:00][sql] SHOW FULL COLUMNS FROM `teacher` [ RunTime:0.000915s ]
[2022-12-31T22:21:02+08:00][sql] SELECT * FROM `teacher` [ RunTime:0.000225s ]
[2022-12-31T22:21:02+08:00][sql] SHOW FULL COLUMNS FROM `address` [ RunTime:0.000892s ]
[2022-12-31T22:21:02+08:00][sql] SELECT * FROM `address` WHERE  `id` = 1 LIMIT 1 [ RunTime:0.000285s ]
[2022-12-31T22:21:02+08:00][sql] SELECT * FROM `address` WHERE  `id` = 2 LIMIT 1 [ RunTime:0.000208s ]
[2022-12-31T23:23:54+08:00][sql] CONNECT:[ UseTime:0.000432s ] mysql:host=localhost;port=3316;dbname=coffee;charset=utf8
[2022-12-31T23:23:54+08:00][sql] SHOW FULL COLUMNS FROM `banner` [ RunTime:0.001250s ]
[2022-12-31T23:23:54+08:00][sql] SELECT * FROM `banner` [ RunTime:0.000256s ]
[2022-12-31T23:23:54+08:00][sql] SHOW FULL COLUMNS FROM `information` [ RunTime:0.001012s ]
[2022-12-31T23:23:54+08:00][sql] SELECT * FROM `information` ORDER BY `time` DESC LIMIT 1 [ RunTime:0.000334s ]
[2022-12-31T23:23:54+08:00][sql] SELECT * FROM `information` ORDER BY `time` DESC LIMIT 1,4 [ RunTime:0.000401s ]
[2022-12-31T23:23:54+08:00][sql] SHOW FULL COLUMNS FROM `course` [ RunTime:0.001111s ]
[2022-12-31T23:23:54+08:00][sql] SELECT `id`,`title` FROM `course` ORDER BY `sorting` ASC LIMIT 0,6 [ RunTime:0.000265s ]
[2022-12-31T23:23:54+08:00][sql] SHOW FULL COLUMNS FROM `teacher` [ RunTime:0.001016s ]
[2022-12-31T23:23:54+08:00][sql] SELECT * FROM `teacher` [ RunTime:0.000338s ]
[2022-12-31T23:23:54+08:00][sql] SHOW FULL COLUMNS FROM `address` [ RunTime:0.000921s ]
[2022-12-31T23:23:54+08:00][sql] SELECT * FROM `address` WHERE  `id` = 1 LIMIT 1 [ RunTime:0.000278s ]
[2022-12-31T23:23:54+08:00][sql] SELECT * FROM `address` WHERE  `id` = 2 LIMIT 1 [ RunTime:0.000254s ]
[2022-12-31T23:24:01+08:00][sql] CONNECT:[ UseTime:0.000435s ] mysql:host=localhost;port=3316;dbname=coffee;charset=utf8
[2022-12-31T23:24:01+08:00][sql] SHOW FULL COLUMNS FROM `banner` [ RunTime:0.001525s ]
[2022-12-31T23:24:01+08:00][sql] SELECT * FROM `banner` [ RunTime:0.000307s ]
[2022-12-31T23:24:01+08:00][sql] SHOW FULL COLUMNS FROM `information` [ RunTime:0.001092s ]
[2022-12-31T23:24:01+08:00][sql] SELECT * FROM `information` ORDER BY `time` DESC LIMIT 1 [ RunTime:0.000298s ]
[2022-12-31T23:24:01+08:00][sql] SELECT * FROM `information` ORDER BY `time` DESC LIMIT 1,4 [ RunTime:0.000340s ]
[2022-12-31T23:24:01+08:00][sql] SHOW FULL COLUMNS FROM `course` [ RunTime:0.001191s ]
[2022-12-31T23:24:01+08:00][sql] SELECT `id`,`title` FROM `course` ORDER BY `sorting` ASC LIMIT 0,6 [ RunTime:0.000299s ]
[2022-12-31T23:24:01+08:00][sql] SHOW FULL COLUMNS FROM `teacher` [ RunTime:0.001105s ]
[2022-12-31T23:24:01+08:00][sql] SELECT * FROM `teacher` [ RunTime:0.000312s ]
[2022-12-31T23:24:01+08:00][sql] SHOW FULL COLUMNS FROM `address` [ RunTime:0.000989s ]
[2022-12-31T23:24:01+08:00][sql] SELECT * FROM `address` WHERE  `id` = 1 LIMIT 1 [ RunTime:0.000452s ]
[2022-12-31T23:24:01+08:00][sql] SELECT * FROM `address` WHERE  `id` = 2 LIMIT 1 [ RunTime:0.000289s ]
[2022-12-31T23:25:40+08:00][sql] CONNECT:[ UseTime:0.000422s ] mysql:host=localhost;port=3316;dbname=coffee;charset=utf8
[2022-12-31T23:25:40+08:00][sql] SHOW FULL COLUMNS FROM `banner` [ RunTime:0.001929s ]
[2022-12-31T23:25:40+08:00][sql] SELECT * FROM `banner` [ RunTime:0.000299s ]
[2022-12-31T23:25:40+08:00][sql] SHOW FULL COLUMNS FROM `information` [ RunTime:0.001215s ]
[2022-12-31T23:25:40+08:00][sql] SELECT * FROM `information` ORDER BY `time` DESC LIMIT 1 [ RunTime:0.000381s ]
[2022-12-31T23:25:40+08:00][sql] SELECT * FROM `information` ORDER BY `time` DESC LIMIT 1,4 [ RunTime:0.000470s ]
[2022-12-31T23:25:40+08:00][sql] SHOW FULL COLUMNS FROM `course` [ RunTime:0.001467s ]
[2022-12-31T23:25:40+08:00][sql] SELECT `id`,`title` FROM `course` ORDER BY `sorting` ASC LIMIT 0,6 [ RunTime:0.000288s ]
[2022-12-31T23:25:40+08:00][sql] SHOW FULL COLUMNS FROM `teacher` [ RunTime:0.001267s ]
[2022-12-31T23:25:40+08:00][sql] SELECT * FROM `teacher` [ RunTime:0.000263s ]
[2022-12-31T23:25:40+08:00][sql] SHOW FULL COLUMNS FROM `address` [ RunTime:0.000910s ]
[2022-12-31T23:25:40+08:00][sql] SELECT * FROM `address` WHERE  `id` = 1 LIMIT 1 [ RunTime:0.000253s ]
[2022-12-31T23:25:40+08:00][sql] SELECT * FROM `address` WHERE  `id` = 2 LIMIT 1 [ RunTime:0.000201s ]
[2022-12-31T23:43:38+08:00][sql] CONNECT:[ UseTime:0.000379s ] mysql:host=localhost;port=3316;dbname=coffee;charset=utf8
[2022-12-31T23:43:38+08:00][sql] SHOW FULL COLUMNS FROM `banner` [ RunTime:0.001196s ]
[2022-12-31T23:43:38+08:00][sql] SELECT * FROM `banner` [ RunTime:0.000225s ]
[2022-12-31T23:43:38+08:00][sql] SHOW FULL COLUMNS FROM `information` [ RunTime:0.000969s ]
[2022-12-31T23:43:38+08:00][sql] SELECT * FROM `information` ORDER BY `time` DESC LIMIT 1 [ RunTime:0.000332s ]
[2022-12-31T23:43:38+08:00][sql] SELECT * FROM `information` ORDER BY `time` DESC LIMIT 1,4 [ RunTime:0.000340s ]
[2022-12-31T23:43:38+08:00][sql] SHOW FULL COLUMNS FROM `course` [ RunTime:0.001033s ]
[2022-12-31T23:43:38+08:00][sql] SELECT `id`,`title` FROM `course` ORDER BY `sorting` ASC LIMIT 0,6 [ RunTime:0.000261s ]
[2022-12-31T23:43:38+08:00][sql] SHOW FULL COLUMNS FROM `teacher` [ RunTime:0.000896s ]
[2022-12-31T23:43:38+08:00][sql] SELECT * FROM `teacher` [ RunTime:0.000261s ]
[2022-12-31T23:43:38+08:00][sql] SHOW FULL COLUMNS FROM `address` [ RunTime:0.000948s ]
[2022-12-31T23:43:38+08:00][sql] SELECT * FROM `address` WHERE  `id` = 1 LIMIT 1 [ RunTime:0.000273s ]
[2022-12-31T23:43:38+08:00][sql] SELECT * FROM `address` WHERE  `id` = 2 LIMIT 1 [ RunTime:0.000267s ]
