[2023-05-09T00:05:15+08:00][sql] CONNECT:[ UseTime:0.000434s ] mysql:host=localhost;port=3316;dbname=coffee;charset=utf8
[2023-05-09T00:05:15+08:00][sql] SHOW FULL COLUMNS FROM `information` [ RunTime:0.001340s ]
[2023-05-09T00:05:15+08:00][sql] SELECT * FROM `information` ORDER BY `time` DESC LIMIT 1 [ RunTime:0.000451s ]
[2023-05-09T00:05:15+08:00][sql] SHOW FULL COLUMNS FROM `topic` [ RunTime:0.000892s ]
[2023-05-09T00:05:15+08:00][sql] SELECT * FROM `topic` [ RunTime:0.000290s ]
[2023-05-09T00:05:15+08:00][sql] SELECT * FROM `information` ORDER BY `time` DESC [ RunTime:0.000974s ]
[2023-05-09T00:05:15+08:00][sql] SHOW FULL COLUMNS FROM `address` [ RunTime:0.000960s ]
[2023-05-09T00:05:15+08:00][sql] SELECT * FROM `address` WHERE  `id` = 1 LIMIT 1 [ RunTime:0.000279s ]
[2023-05-09T00:05:15+08:00][sql] SELECT * FROM `address` WHERE  `id` = 2 LIMIT 1 [ RunTime:0.000276s ]
[2023-05-09T00:18:59+08:00][sql] CONNECT:[ UseTime:0.000378s ] mysql:host=localhost;port=3316;dbname=coffee;charset=utf8
[2023-05-09T00:18:59+08:00][sql] SHOW FULL COLUMNS FROM `information` [ RunTime:0.001267s ]
[2023-05-09T00:18:59+08:00][sql] SELECT * FROM `information` WHERE  `id` = 21 LIMIT 1 [ RunTime:0.000292s ]
[2023-05-09T00:18:59+08:00][sql] SHOW FULL COLUMNS FROM `address` [ RunTime:0.000934s ]
[2023-05-09T00:18:59+08:00][sql] SELECT * FROM `address` WHERE  `id` = 1 LIMIT 1 [ RunTime:0.000234s ]
[2023-05-09T00:18:59+08:00][sql] SELECT * FROM `address` WHERE  `id` = 2 LIMIT 1 [ RunTime:0.000243s ]
[2023-05-09T00:41:15+08:00][sql] CONNECT:[ UseTime:0.000407s ] mysql:host=localhost;port=3316;dbname=coffee;charset=utf8
[2023-05-09T00:41:15+08:00][sql] SHOW FULL COLUMNS FROM `information` [ RunTime:0.001303s ]
[2023-05-09T00:41:15+08:00][sql] SELECT * FROM `information` ORDER BY `time` DESC LIMIT 1 [ RunTime:0.000352s ]
[2023-05-09T00:41:15+08:00][sql] SHOW FULL COLUMNS FROM `topic` [ RunTime:0.000904s ]
[2023-05-09T00:41:15+08:00][sql] SELECT * FROM `topic` [ RunTime:0.000231s ]
[2023-05-09T00:41:15+08:00][sql] SELECT * FROM `information` WHERE  `topic_id` = 2 [ RunTime:0.000440s ]
[2023-05-09T00:41:15+08:00][sql] SHOW FULL COLUMNS FROM `address` [ RunTime:0.000965s ]
[2023-05-09T00:41:15+08:00][sql] SELECT * FROM `address` WHERE  `id` = 1 LIMIT 1 [ RunTime:0.000270s ]
[2023-05-09T00:41:15+08:00][sql] SELECT * FROM `address` WHERE  `id` = 2 LIMIT 1 [ RunTime:0.000246s ]
[2023-05-09T00:49:29+08:00][sql] CONNECT:[ UseTime:0.000409s ] mysql:host=localhost;port=3316;dbname=coffee;charset=utf8
[2023-05-09T00:49:29+08:00][sql] SHOW FULL COLUMNS FROM `information` [ RunTime:0.001319s ]
[2023-05-09T00:49:29+08:00][sql] SELECT * FROM `information` ORDER BY `time` DESC LIMIT 1 [ RunTime:0.000333s ]
[2023-05-09T00:49:29+08:00][sql] SHOW FULL COLUMNS FROM `topic` [ RunTime:0.000900s ]
[2023-05-09T00:49:29+08:00][sql] SELECT * FROM `topic` [ RunTime:0.000203s ]
[2023-05-09T00:49:29+08:00][sql] SELECT * FROM `information` WHERE  `topic_id` = 2 [ RunTime:0.000390s ]
[2023-05-09T00:49:29+08:00][sql] SHOW FULL COLUMNS FROM `address` [ RunTime:0.001011s ]
[2023-05-09T00:49:29+08:00][sql] SELECT * FROM `address` WHERE  `id` = 1 LIMIT 1 [ RunTime:0.000243s ]
[2023-05-09T00:49:29+08:00][sql] SELECT * FROM `address` WHERE  `id` = 2 LIMIT 1 [ RunTime:0.000227s ]
[2023-05-09T01:15:34+08:00][sql] CONNECT:[ UseTime:0.000431s ] mysql:host=localhost;port=3316;dbname=coffee;charset=utf8
[2023-05-09T01:15:34+08:00][sql] SHOW FULL COLUMNS FROM `information` [ RunTime:0.001322s ]
[2023-05-09T01:15:34+08:00][sql] SELECT * FROM `information` WHERE  `id` = 2 LIMIT 1 [ RunTime:0.000329s ]
[2023-05-09T01:15:34+08:00][sql] SHOW FULL COLUMNS FROM `address` [ RunTime:0.000998s ]
[2023-05-09T01:15:34+08:00][sql] SELECT * FROM `address` WHERE  `id` = 1 LIMIT 1 [ RunTime:0.000271s ]
[2023-05-09T01:15:34+08:00][sql] SELECT * FROM `address` WHERE  `id` = 2 LIMIT 1 [ RunTime:0.000241s ]
[2023-05-09T01:15:35+08:00][sql] CONNECT:[ UseTime:0.000353s ] mysql:host=localhost;port=3316;dbname=coffee;charset=utf8
[2023-05-09T01:15:35+08:00][sql] SHOW FULL COLUMNS FROM `information` [ RunTime:0.001300s ]
[2023-05-09T01:15:35+08:00][sql] SELECT * FROM `information` WHERE  `id` = 2 LIMIT 1 [ RunTime:0.000273s ]
[2023-05-09T01:15:35+08:00][sql] SHOW FULL COLUMNS FROM `address` [ RunTime:0.000921s ]
[2023-05-09T01:15:35+08:00][sql] SELECT * FROM `address` WHERE  `id` = 1 LIMIT 1 [ RunTime:0.000236s ]
[2023-05-09T01:15:35+08:00][sql] SELECT * FROM `address` WHERE  `id` = 2 LIMIT 1 [ RunTime:0.000264s ]
[2023-05-09T02:17:56+08:00][sql] CONNECT:[ UseTime:0.000416s ] mysql:host=localhost;port=3316;dbname=coffee;charset=utf8
[2023-05-09T02:17:56+08:00][sql] SHOW FULL COLUMNS FROM `information` [ RunTime:0.001430s ]
[2023-05-09T02:17:56+08:00][sql] SELECT * FROM `information` ORDER BY `time` DESC LIMIT 1 [ RunTime:0.000347s ]
[2023-05-09T02:17:56+08:00][sql] SHOW FULL COLUMNS FROM `topic` [ RunTime:0.000869s ]
[2023-05-09T02:17:56+08:00][sql] SELECT * FROM `topic` [ RunTime:0.000225s ]
[2023-05-09T02:17:56+08:00][sql] SELECT * FROM `information` ORDER BY `time` DESC [ RunTime:0.000914s ]
[2023-05-09T02:17:56+08:00][sql] SHOW FULL COLUMNS FROM `address` [ RunTime:0.000948s ]
[2023-05-09T02:17:56+08:00][sql] SELECT * FROM `address` WHERE  `id` = 1 LIMIT 1 [ RunTime:0.000280s ]
[2023-05-09T02:17:56+08:00][sql] SELECT * FROM `address` WHERE  `id` = 2 LIMIT 1 [ RunTime:0.000253s ]
[2023-05-09T03:02:55+08:00][sql] CONNECT:[ UseTime:0.000394s ] mysql:host=localhost;port=3316;dbname=coffee;charset=utf8
[2023-05-09T03:02:55+08:00][sql] SHOW FULL COLUMNS FROM `information` [ RunTime:0.001265s ]
[2023-05-09T03:02:55+08:00][sql] SELECT * FROM `information` WHERE  `id` = 17 LIMIT 1 [ RunTime:0.000286s ]
[2023-05-09T03:02:55+08:00][sql] SHOW FULL COLUMNS FROM `address` [ RunTime:0.000917s ]
[2023-05-09T03:02:55+08:00][sql] SELECT * FROM `address` WHERE  `id` = 1 LIMIT 1 [ RunTime:0.000272s ]
[2023-05-09T03:02:55+08:00][sql] SELECT * FROM `address` WHERE  `id` = 2 LIMIT 1 [ RunTime:0.000214s ]
[2023-05-09T03:09:28+08:00][sql] CONNECT:[ UseTime:0.000430s ] mysql:host=localhost;port=3316;dbname=coffee;charset=utf8
[2023-05-09T03:09:28+08:00][sql] SHOW FULL COLUMNS FROM `information` [ RunTime:0.001269s ]
[2023-05-09T03:09:28+08:00][sql] SELECT * FROM `information` WHERE  `id` = 17 LIMIT 1 [ RunTime:0.000341s ]
[2023-05-09T03:09:28+08:00][sql] SHOW FULL COLUMNS FROM `address` [ RunTime:0.000954s ]
[2023-05-09T03:09:28+08:00][sql] SELECT * FROM `address` WHERE  `id` = 1 LIMIT 1 [ RunTime:0.000273s ]
[2023-05-09T03:09:28+08:00][sql] SELECT * FROM `address` WHERE  `id` = 2 LIMIT 1 [ RunTime:0.000316s ]
[2023-05-09T05:12:10+08:00][sql] CONNECT:[ UseTime:0.000392s ] mysql:host=localhost;port=3316;dbname=coffee;charset=utf8
[2023-05-09T05:12:10+08:00][sql] SHOW FULL COLUMNS FROM `information` [ RunTime:0.001316s ]
[2023-05-09T05:12:10+08:00][sql] SELECT * FROM `information` WHERE  `id` = 15 LIMIT 1 [ RunTime:0.000315s ]
[2023-05-09T05:12:10+08:00][sql] SHOW FULL COLUMNS FROM `address` [ RunTime:0.000935s ]
[2023-05-09T05:12:10+08:00][sql] SELECT * FROM `address` WHERE  `id` = 1 LIMIT 1 [ RunTime:0.000239s ]
[2023-05-09T05:12:10+08:00][sql] SELECT * FROM `address` WHERE  `id` = 2 LIMIT 1 [ RunTime:0.000209s ]
[2023-05-09T05:14:48+08:00][sql] CONNECT:[ UseTime:0.000398s ] mysql:host=localhost;port=3316;dbname=coffee;charset=utf8
[2023-05-09T05:14:48+08:00][sql] SHOW FULL COLUMNS FROM `information` [ RunTime:0.001252s ]
[2023-05-09T05:14:48+08:00][sql] SELECT * FROM `information` WHERE  `id` = 15 LIMIT 1 [ RunTime:0.000278s ]
[2023-05-09T05:14:48+08:00][sql] SHOW FULL COLUMNS FROM `address` [ RunTime:0.000945s ]
[2023-05-09T05:14:48+08:00][sql] SELECT * FROM `address` WHERE  `id` = 1 LIMIT 1 [ RunTime:0.000268s ]
[2023-05-09T05:14:48+08:00][sql] SELECT * FROM `address` WHERE  `id` = 2 LIMIT 1 [ RunTime:0.000226s ]
[2023-05-09T05:33:49+08:00][sql] CONNECT:[ UseTime:0.000327s ] mysql:host=localhost;port=3316;dbname=coffee;charset=utf8
[2023-05-09T05:33:49+08:00][sql] SHOW FULL COLUMNS FROM `information` [ RunTime:0.001332s ]
[2023-05-09T05:33:49+08:00][sql] SELECT * FROM `information` WHERE  `id` = 17 LIMIT 1 [ RunTime:0.000293s ]
[2023-05-09T05:33:49+08:00][sql] SHOW FULL COLUMNS FROM `address` [ RunTime:0.000937s ]
[2023-05-09T05:33:49+08:00][sql] SELECT * FROM `address` WHERE  `id` = 1 LIMIT 1 [ RunTime:0.000244s ]
[2023-05-09T05:33:49+08:00][sql] SELECT * FROM `address` WHERE  `id` = 2 LIMIT 1 [ RunTime:0.000248s ]
[2023-05-09T07:46:46+08:00][sql] CONNECT:[ UseTime:0.000369s ] mysql:host=localhost;port=3316;dbname=coffee;charset=utf8
[2023-05-09T07:46:46+08:00][sql] SHOW FULL COLUMNS FROM `information` [ RunTime:0.001303s ]
[2023-05-09T07:46:46+08:00][sql] SELECT * FROM `information` WHERE  `id` = 20 LIMIT 1 [ RunTime:0.000288s ]
[2023-05-09T07:46:46+08:00][sql] SHOW FULL COLUMNS FROM `address` [ RunTime:0.000934s ]
[2023-05-09T07:46:46+08:00][sql] SELECT * FROM `address` WHERE  `id` = 1 LIMIT 1 [ RunTime:0.000261s ]
[2023-05-09T07:46:46+08:00][sql] SELECT * FROM `address` WHERE  `id` = 2 LIMIT 1 [ RunTime:0.000229s ]
[2023-05-09T07:51:00+08:00][sql] CONNECT:[ UseTime:0.000449s ] mysql:host=localhost;port=3316;dbname=coffee;charset=utf8
[2023-05-09T07:51:00+08:00][sql] SHOW FULL COLUMNS FROM `information` [ RunTime:0.001324s ]
[2023-05-09T07:51:00+08:00][sql] SELECT * FROM `information` WHERE  `id` = 20 LIMIT 1 [ RunTime:0.000330s ]
[2023-05-09T07:51:00+08:00][sql] SHOW FULL COLUMNS FROM `address` [ RunTime:0.001013s ]
[2023-05-09T07:51:00+08:00][sql] SELECT * FROM `address` WHERE  `id` = 1 LIMIT 1 [ RunTime:0.000288s ]
[2023-05-09T07:51:00+08:00][sql] SELECT * FROM `address` WHERE  `id` = 2 LIMIT 1 [ RunTime:0.000270s ]
[2023-05-09T10:51:19+08:00][sql] CONNECT:[ UseTime:0.001421s ] mysql:host=localhost;port=3316;dbname=coffee;charset=utf8
[2023-05-09T10:51:19+08:00][sql] SHOW FULL COLUMNS FROM `information` [ RunTime:0.001382s ]
[2023-05-09T10:51:19+08:00][sql] SELECT * FROM `information` WHERE  `id` = 21 LIMIT 1 [ RunTime:0.000303s ]
[2023-05-09T10:51:19+08:00][sql] SHOW FULL COLUMNS FROM `address` [ RunTime:0.001020s ]
[2023-05-09T10:51:19+08:00][sql] SELECT * FROM `address` WHERE  `id` = 1 LIMIT 1 [ RunTime:0.000250s ]
[2023-05-09T10:51:19+08:00][sql] SELECT * FROM `address` WHERE  `id` = 2 LIMIT 1 [ RunTime:0.000208s ]
[2023-05-09T10:52:56+08:00][sql] CONNECT:[ UseTime:0.000404s ] mysql:host=localhost;port=3316;dbname=coffee;charset=utf8
[2023-05-09T10:52:56+08:00][sql] SHOW FULL COLUMNS FROM `information` [ RunTime:0.001340s ]
[2023-05-09T10:52:56+08:00][sql] SELECT * FROM `information` WHERE  `id` = 21 LIMIT 1 [ RunTime:0.000349s ]
[2023-05-09T10:52:56+08:00][sql] SHOW FULL COLUMNS FROM `address` [ RunTime:0.000932s ]
[2023-05-09T10:52:56+08:00][sql] SELECT * FROM `address` WHERE  `id` = 1 LIMIT 1 [ RunTime:0.000242s ]
[2023-05-09T10:52:56+08:00][sql] SELECT * FROM `address` WHERE  `id` = 2 LIMIT 1 [ RunTime:0.000207s ]
[2023-05-09T10:56:00+08:00][sql] CONNECT:[ UseTime:0.000384s ] mysql:host=localhost;port=3316;dbname=coffee;charset=utf8
[2023-05-09T10:56:00+08:00][sql] SHOW FULL COLUMNS FROM `information` [ RunTime:0.001295s ]
[2023-05-09T10:56:00+08:00][sql] SELECT * FROM `information` WHERE  `id` = 21 LIMIT 1 [ RunTime:0.000307s ]
[2023-05-09T10:56:00+08:00][sql] SHOW FULL COLUMNS FROM `address` [ RunTime:0.000922s ]
[2023-05-09T10:56:00+08:00][sql] SELECT * FROM `address` WHERE  `id` = 1 LIMIT 1 [ RunTime:0.000253s ]
[2023-05-09T10:56:00+08:00][sql] SELECT * FROM `address` WHERE  `id` = 2 LIMIT 1 [ RunTime:0.000205s ]
[2023-05-09T15:59:34+08:00][sql] CONNECT:[ UseTime:0.000390s ] mysql:host=localhost;port=3316;dbname=coffee;charset=utf8
[2023-05-09T15:59:34+08:00][sql] SHOW FULL COLUMNS FROM `information` [ RunTime:0.001418s ]
[2023-05-09T15:59:34+08:00][sql] SELECT * FROM `information` WHERE  `id` = 16 LIMIT 1 [ RunTime:0.000283s ]
[2023-05-09T15:59:34+08:00][sql] SHOW FULL COLUMNS FROM `address` [ RunTime:0.000979s ]
[2023-05-09T15:59:34+08:00][sql] SELECT * FROM `address` WHERE  `id` = 1 LIMIT 1 [ RunTime:0.000336s ]
[2023-05-09T15:59:34+08:00][sql] SELECT * FROM `address` WHERE  `id` = 2 LIMIT 1 [ RunTime:0.000274s ]
[2023-05-09T16:05:10+08:00][sql] CONNECT:[ UseTime:0.000446s ] mysql:host=localhost;port=3316;dbname=coffee;charset=utf8
[2023-05-09T16:05:10+08:00][sql] SHOW FULL COLUMNS FROM `information` [ RunTime:0.001421s ]
[2023-05-09T16:05:10+08:00][sql] SELECT * FROM `information` WHERE  `id` = 16 LIMIT 1 [ RunTime:0.000315s ]
[2023-05-09T16:05:10+08:00][sql] SHOW FULL COLUMNS FROM `address` [ RunTime:0.000994s ]
[2023-05-09T16:05:10+08:00][sql] SELECT * FROM `address` WHERE  `id` = 1 LIMIT 1 [ RunTime:0.000242s ]
[2023-05-09T16:05:10+08:00][sql] SELECT * FROM `address` WHERE  `id` = 2 LIMIT 1 [ RunTime:0.000212s ]
