[2023-05-10T03:59:57+08:00][sql] CONNECT:[ UseTime:0.000422s ] mysql:host=localhost;port=3316;dbname=coffee;charset=utf8
[2023-05-10T03:59:57+08:00][sql] SHOW FULL COLUMNS FROM `information` [ RunTime:0.001279s ]
[2023-05-10T03:59:57+08:00][sql] SELECT * FROM `information` WHERE  `id` = 5 LIMIT 1 [ RunTime:0.000297s ]
[2023-05-10T03:59:57+08:00][sql] SHOW FULL COLUMNS FROM `address` [ RunTime:0.000899s ]
[2023-05-10T03:59:57+08:00][sql] SELECT * FROM `address` WHERE  `id` = 1 LIMIT 1 [ RunTime:0.000241s ]
[2023-05-10T03:59:57+08:00][sql] SELECT * FROM `address` WHERE  `id` = 2 LIMIT 1 [ RunTime:0.000219s ]
[2023-05-10T04:15:55+08:00][sql] CONNECT:[ UseTime:0.000406s ] mysql:host=localhost;port=3316;dbname=coffee;charset=utf8
[2023-05-10T04:15:55+08:00][sql] SHOW FULL COLUMNS FROM `information` [ RunTime:0.001328s ]
[2023-05-10T04:15:55+08:00][sql] SELECT * FROM `information` WHERE  `id` = 10 LIMIT 1 [ RunTime:0.000325s ]
[2023-05-10T04:15:55+08:00][sql] SHOW FULL COLUMNS FROM `address` [ RunTime:0.000934s ]
[2023-05-10T04:15:55+08:00][sql] SELECT * FROM `address` WHERE  `id` = 1 LIMIT 1 [ RunTime:0.000275s ]
[2023-05-10T04:15:55+08:00][sql] SELECT * FROM `address` WHERE  `id` = 2 LIMIT 1 [ RunTime:0.000259s ]
[2023-05-10T04:25:29+08:00][sql] CONNECT:[ UseTime:0.000375s ] mysql:host=localhost;port=3316;dbname=coffee;charset=utf8
[2023-05-10T04:25:29+08:00][sql] SHOW FULL COLUMNS FROM `information` [ RunTime:0.001358s ]
[2023-05-10T04:25:29+08:00][sql] SELECT * FROM `information` WHERE  `id` = 10 LIMIT 1 [ RunTime:0.000306s ]
[2023-05-10T04:25:29+08:00][sql] SHOW FULL COLUMNS FROM `address` [ RunTime:0.000900s ]
[2023-05-10T04:25:29+08:00][sql] SELECT * FROM `address` WHERE  `id` = 1 LIMIT 1 [ RunTime:0.000226s ]
[2023-05-10T04:25:29+08:00][sql] SELECT * FROM `address` WHERE  `id` = 2 LIMIT 1 [ RunTime:0.000199s ]
[2023-05-10T04:36:18+08:00][sql] CONNECT:[ UseTime:0.000391s ] mysql:host=localhost;port=3316;dbname=coffee;charset=utf8
[2023-05-10T04:36:18+08:00][sql] SHOW FULL COLUMNS FROM `information` [ RunTime:0.001256s ]
[2023-05-10T04:36:18+08:00][sql] SELECT * FROM `information` ORDER BY `time` DESC LIMIT 1 [ RunTime:0.000303s ]
[2023-05-10T04:36:18+08:00][sql] SHOW FULL COLUMNS FROM `topic` [ RunTime:0.000839s ]
[2023-05-10T04:36:18+08:00][sql] SELECT * FROM `topic` [ RunTime:0.000194s ]
[2023-05-10T04:36:18+08:00][sql] SELECT * FROM `information` ORDER BY `time` DESC [ RunTime:0.000777s ]
[2023-05-10T04:36:18+08:00][sql] SHOW FULL COLUMNS FROM `address` [ RunTime:0.000945s ]
[2023-05-10T04:36:18+08:00][sql] SELECT * FROM `address` WHERE  `id` = 1 LIMIT 1 [ RunTime:0.000262s ]
[2023-05-10T04:36:18+08:00][sql] SELECT * FROM `address` WHERE  `id` = 2 LIMIT 1 [ RunTime:0.000201s ]
[2023-05-10T04:44:54+08:00][sql] CONNECT:[ UseTime:0.000800s ] mysql:host=localhost;port=3316;dbname=coffee;charset=utf8
[2023-05-10T04:44:54+08:00][sql] SHOW FULL COLUMNS FROM `information` [ RunTime:0.001608s ]
[2023-05-10T04:44:54+08:00][sql] SELECT * FROM `information` ORDER BY `time` DESC LIMIT 1 [ RunTime:0.000303s ]
[2023-05-10T04:44:54+08:00][sql] SHOW FULL COLUMNS FROM `topic` [ RunTime:0.000936s ]
[2023-05-10T04:44:54+08:00][sql] SELECT * FROM `topic` [ RunTime:0.000189s ]
[2023-05-10T04:44:54+08:00][sql] SELECT * FROM `information` ORDER BY `time` DESC [ RunTime:0.000780s ]
[2023-05-10T04:44:54+08:00][sql] SHOW FULL COLUMNS FROM `address` [ RunTime:0.000900s ]
[2023-05-10T04:44:54+08:00][sql] SELECT * FROM `address` WHERE  `id` = 1 LIMIT 1 [ RunTime:0.000260s ]
[2023-05-10T04:44:54+08:00][sql] SELECT * FROM `address` WHERE  `id` = 2 LIMIT 1 [ RunTime:0.000219s ]
[2023-05-10T08:45:55+08:00][sql] CONNECT:[ UseTime:0.000418s ] mysql:host=localhost;port=3316;dbname=coffee;charset=utf8
[2023-05-10T08:45:55+08:00][sql] SHOW FULL COLUMNS FROM `information` [ RunTime:0.001579s ]
[2023-05-10T08:45:55+08:00][sql] SELECT * FROM `information` WHERE  `id` = 15 LIMIT 1 [ RunTime:0.000324s ]
[2023-05-10T08:45:55+08:00][sql] SHOW FULL COLUMNS FROM `address` [ RunTime:0.000955s ]
[2023-05-10T08:45:55+08:00][sql] SELECT * FROM `address` WHERE  `id` = 1 LIMIT 1 [ RunTime:0.000270s ]
[2023-05-10T08:45:55+08:00][sql] SELECT * FROM `address` WHERE  `id` = 2 LIMIT 1 [ RunTime:0.000320s ]
[2023-05-10T14:07:39+08:00][sql] CONNECT:[ UseTime:0.000388s ] mysql:host=localhost;port=3316;dbname=coffee;charset=utf8
[2023-05-10T14:07:39+08:00][sql] SHOW FULL COLUMNS FROM `information` [ RunTime:0.001944s ]
[2023-05-10T14:07:39+08:00][sql] SELECT * FROM `information` ORDER BY `time` DESC LIMIT 1 [ RunTime:0.000504s ]
[2023-05-10T14:07:39+08:00][sql] SHOW FULL COLUMNS FROM `topic` [ RunTime:0.000979s ]
[2023-05-10T14:07:39+08:00][sql] SELECT * FROM `topic` [ RunTime:0.000195s ]
[2023-05-10T14:07:39+08:00][sql] SELECT * FROM `information` ORDER BY `time` DESC [ RunTime:0.000952s ]
[2023-05-10T14:07:39+08:00][sql] SHOW FULL COLUMNS FROM `address` [ RunTime:0.000981s ]
[2023-05-10T14:07:39+08:00][sql] SELECT * FROM `address` WHERE  `id` = 1 LIMIT 1 [ RunTime:0.000315s ]
[2023-05-10T14:07:39+08:00][sql] SELECT * FROM `address` WHERE  `id` = 2 LIMIT 1 [ RunTime:0.000234s ]
[2023-05-10T14:09:35+08:00][sql] CONNECT:[ UseTime:0.000415s ] mysql:host=localhost;port=3316;dbname=coffee;charset=utf8
[2023-05-10T14:09:35+08:00][sql] SHOW FULL COLUMNS FROM `information` [ RunTime:0.001361s ]
[2023-05-10T14:09:35+08:00][sql] SELECT * FROM `information` ORDER BY `time` DESC LIMIT 1 [ RunTime:0.000351s ]
[2023-05-10T14:09:35+08:00][sql] SHOW FULL COLUMNS FROM `topic` [ RunTime:0.000860s ]
[2023-05-10T14:09:35+08:00][sql] SELECT * FROM `topic` [ RunTime:0.000319s ]
[2023-05-10T14:09:35+08:00][sql] SELECT * FROM `information` ORDER BY `time` DESC [ RunTime:0.000946s ]
[2023-05-10T14:09:35+08:00][sql] SHOW FULL COLUMNS FROM `address` [ RunTime:0.001047s ]
[2023-05-10T14:09:35+08:00][sql] SELECT * FROM `address` WHERE  `id` = 1 LIMIT 1 [ RunTime:0.000318s ]
[2023-05-10T14:09:35+08:00][sql] SELECT * FROM `address` WHERE  `id` = 2 LIMIT 1 [ RunTime:0.000261s ]
[2023-05-10T16:26:21+08:00][sql] CONNECT:[ UseTime:0.000481s ] mysql:host=localhost;port=3316;dbname=coffee;charset=utf8
[2023-05-10T16:26:21+08:00][sql] SHOW FULL COLUMNS FROM `information` [ RunTime:0.001329s ]
[2023-05-10T16:26:21+08:00][sql] SELECT * FROM `information` WHERE  `id` = 21 LIMIT 1 [ RunTime:0.000321s ]
[2023-05-10T16:26:21+08:00][sql] SHOW FULL COLUMNS FROM `address` [ RunTime:0.001009s ]
[2023-05-10T16:26:21+08:00][sql] SELECT * FROM `address` WHERE  `id` = 1 LIMIT 1 [ RunTime:0.000283s ]
[2023-05-10T16:26:21+08:00][sql] SELECT * FROM `address` WHERE  `id` = 2 LIMIT 1 [ RunTime:0.006788s ]
[2023-05-10T17:00:06+08:00][sql] CONNECT:[ UseTime:0.000435s ] mysql:host=localhost;port=3316;dbname=coffee;charset=utf8
[2023-05-10T17:00:06+08:00][sql] SHOW FULL COLUMNS FROM `information` [ RunTime:0.001347s ]
[2023-05-10T17:00:06+08:00][sql] SELECT * FROM `information` WHERE  `id` = 12 LIMIT 1 [ RunTime:0.000316s ]
[2023-05-10T17:00:06+08:00][sql] SHOW FULL COLUMNS FROM `address` [ RunTime:0.000927s ]
[2023-05-10T17:00:06+08:00][sql] SELECT * FROM `address` WHERE  `id` = 1 LIMIT 1 [ RunTime:0.000267s ]
[2023-05-10T17:00:06+08:00][sql] SELECT * FROM `address` WHERE  `id` = 2 LIMIT 1 [ RunTime:0.000240s ]
[2023-05-10T20:47:20+08:00][sql] CONNECT:[ UseTime:0.000343s ] mysql:host=localhost;port=3316;dbname=coffee;charset=utf8
[2023-05-10T20:47:20+08:00][sql] SHOW FULL COLUMNS FROM `information` [ RunTime:0.001321s ]
[2023-05-10T20:47:20+08:00][sql] SELECT * FROM `information` WHERE  `id` = 21 LIMIT 1 [ RunTime:0.000298s ]
[2023-05-10T20:47:20+08:00][sql] SHOW FULL COLUMNS FROM `address` [ RunTime:0.001108s ]
[2023-05-10T20:47:20+08:00][sql] SELECT * FROM `address` WHERE  `id` = 1 LIMIT 1 [ RunTime:0.000292s ]
[2023-05-10T20:47:20+08:00][sql] SELECT * FROM `address` WHERE  `id` = 2 LIMIT 1 [ RunTime:0.000212s ]
[2023-05-10T20:56:44+08:00][sql] CONNECT:[ UseTime:0.000498s ] mysql:host=localhost;port=3316;dbname=coffee;charset=utf8
[2023-05-10T20:56:44+08:00][sql] SHOW FULL COLUMNS FROM `information` [ RunTime:0.001330s ]
[2023-05-10T20:56:44+08:00][sql] SELECT * FROM `information` WHERE  `id` = 21 LIMIT 1 [ RunTime:0.000340s ]
[2023-05-10T20:56:44+08:00][sql] SHOW FULL COLUMNS FROM `address` [ RunTime:0.000953s ]
[2023-05-10T20:56:44+08:00][sql] SELECT * FROM `address` WHERE  `id` = 1 LIMIT 1 [ RunTime:0.000281s ]
[2023-05-10T20:56:44+08:00][sql] SELECT * FROM `address` WHERE  `id` = 2 LIMIT 1 [ RunTime:0.000272s ]
[2023-05-10T23:10:24+08:00][sql] CONNECT:[ UseTime:0.000401s ] mysql:host=localhost;port=3316;dbname=coffee;charset=utf8
[2023-05-10T23:10:24+08:00][sql] SHOW FULL COLUMNS FROM `information` [ RunTime:0.001334s ]
[2023-05-10T23:10:24+08:00][sql] SELECT * FROM `information` WHERE  `id` = 20 LIMIT 1 [ RunTime:0.000342s ]
[2023-05-10T23:10:24+08:00][sql] SHOW FULL COLUMNS FROM `address` [ RunTime:0.000997s ]
[2023-05-10T23:10:24+08:00][sql] SELECT * FROM `address` WHERE  `id` = 1 LIMIT 1 [ RunTime:0.000255s ]
[2023-05-10T23:10:24+08:00][sql] SELECT * FROM `address` WHERE  `id` = 2 LIMIT 1 [ RunTime:0.000214s ]
[2023-05-10T23:58:15+08:00][sql] CONNECT:[ UseTime:0.000368s ] mysql:host=localhost;port=3316;dbname=coffee;charset=utf8
[2023-05-10T23:58:15+08:00][sql] SHOW FULL COLUMNS FROM `information` [ RunTime:0.001394s ]
[2023-05-10T23:58:15+08:00][sql] SELECT * FROM `information` WHERE  `id` = 20 LIMIT 1 [ RunTime:0.000318s ]
[2023-05-10T23:58:15+08:00][sql] SHOW FULL COLUMNS FROM `address` [ RunTime:0.000977s ]
[2023-05-10T23:58:15+08:00][sql] SELECT * FROM `address` WHERE  `id` = 1 LIMIT 1 [ RunTime:0.000272s ]
[2023-05-10T23:58:15+08:00][sql] SELECT * FROM `address` WHERE  `id` = 2 LIMIT 1 [ RunTime:0.000226s ]
