[2023-05-13T00:49:33+08:00][sql] CONNECT:[ UseTime:0.000363s ] mysql:host=localhost;port=3316;dbname=coffee;charset=utf8
[2023-05-13T00:49:33+08:00][sql] SHOW FULL COLUMNS FROM `information` [ RunTime:0.001274s ]
[2023-05-13T00:49:33+08:00][sql] SELECT * FROM `information` ORDER BY `time` DESC LIMIT 1 [ RunTime:0.000331s ]
[2023-05-13T00:49:33+08:00][sql] SHOW FULL COLUMNS FROM `topic` [ RunTime:0.000928s ]
[2023-05-13T00:49:33+08:00][sql] SELECT * FROM `topic` [ RunTime:0.000190s ]
[2023-05-13T00:49:33+08:00][sql] SELECT * FROM `information` ORDER BY `time` DESC [ RunTime:0.000736s ]
[2023-05-13T00:49:33+08:00][sql] SHOW FULL COLUMNS FROM `address` [ RunTime:0.000914s ]
[2023-05-13T00:49:33+08:00][sql] SELECT * FROM `address` WHERE  `id` = 1 LIMIT 1 [ RunTime:0.000267s ]
[2023-05-13T00:49:33+08:00][sql] SELECT * FROM `address` WHERE  `id` = 2 LIMIT 1 [ RunTime:0.000211s ]
[2023-05-13T00:50:12+08:00][sql] CONNECT:[ UseTime:0.000394s ] mysql:host=localhost;port=3316;dbname=coffee;charset=utf8
[2023-05-13T00:50:12+08:00][sql] SHOW FULL COLUMNS FROM `information` [ RunTime:0.001521s ]
[2023-05-13T00:50:12+08:00][sql] SELECT * FROM `information` WHERE  `id` = 16 LIMIT 1 [ RunTime:0.000359s ]
[2023-05-13T00:50:12+08:00][sql] SHOW FULL COLUMNS FROM `address` [ RunTime:0.000983s ]
[2023-05-13T00:50:12+08:00][sql] SELECT * FROM `address` WHERE  `id` = 1 LIMIT 1 [ RunTime:0.000269s ]
[2023-05-13T00:50:12+08:00][sql] SELECT * FROM `address` WHERE  `id` = 2 LIMIT 1 [ RunTime:0.000206s ]
[2023-05-13T01:01:22+08:00][sql] CONNECT:[ UseTime:0.000388s ] mysql:host=localhost;port=3316;dbname=coffee;charset=utf8
[2023-05-13T01:01:22+08:00][sql] SHOW FULL COLUMNS FROM `information` [ RunTime:0.001219s ]
[2023-05-13T01:01:22+08:00][sql] SELECT * FROM `information` WHERE  `id` = 18 LIMIT 1 [ RunTime:0.000282s ]
[2023-05-13T01:01:22+08:00][sql] SHOW FULL COLUMNS FROM `address` [ RunTime:0.000997s ]
[2023-05-13T01:01:22+08:00][sql] SELECT * FROM `address` WHERE  `id` = 1 LIMIT 1 [ RunTime:0.000269s ]
[2023-05-13T01:01:22+08:00][sql] SELECT * FROM `address` WHERE  `id` = 2 LIMIT 1 [ RunTime:0.000224s ]
[2023-05-13T07:58:02+08:00][sql] CONNECT:[ UseTime:0.000411s ] mysql:host=localhost;port=3316;dbname=coffee;charset=utf8
[2023-05-13T07:58:02+08:00][sql] SHOW FULL COLUMNS FROM `information` [ RunTime:0.001247s ]
[2023-05-13T07:58:02+08:00][sql] SELECT * FROM `information` WHERE  `id` = 20 LIMIT 1 [ RunTime:0.000283s ]
[2023-05-13T07:58:02+08:00][sql] SHOW FULL COLUMNS FROM `address` [ RunTime:0.000884s ]
[2023-05-13T07:58:02+08:00][sql] SELECT * FROM `address` WHERE  `id` = 1 LIMIT 1 [ RunTime:0.000266s ]
[2023-05-13T07:58:02+08:00][sql] SELECT * FROM `address` WHERE  `id` = 2 LIMIT 1 [ RunTime:0.000212s ]
[2023-05-13T09:30:39+08:00][sql] CONNECT:[ UseTime:0.000380s ] mysql:host=localhost;port=3316;dbname=coffee;charset=utf8
[2023-05-13T09:30:39+08:00][sql] SHOW FULL COLUMNS FROM `information` [ RunTime:0.001332s ]
[2023-05-13T09:30:39+08:00][sql] SELECT * FROM `information` WHERE  `id` = 1 LIMIT 1 [ RunTime:0.000266s ]
[2023-05-13T09:30:39+08:00][sql] SHOW FULL COLUMNS FROM `address` [ RunTime:0.000933s ]
[2023-05-13T09:30:39+08:00][sql] SELECT * FROM `address` WHERE  `id` = 1 LIMIT 1 [ RunTime:0.000258s ]
[2023-05-13T09:30:39+08:00][sql] SELECT * FROM `address` WHERE  `id` = 2 LIMIT 1 [ RunTime:0.000215s ]
[2023-05-13T11:51:35+08:00][sql] CONNECT:[ UseTime:0.000419s ] mysql:host=localhost;port=3316;dbname=coffee;charset=utf8
[2023-05-13T11:51:35+08:00][sql] SHOW FULL COLUMNS FROM `information` [ RunTime:0.001322s ]
[2023-05-13T11:51:35+08:00][sql] SELECT * FROM `information` WHERE  `id` = 14 LIMIT 1 [ RunTime:0.000335s ]
[2023-05-13T11:51:35+08:00][sql] SHOW FULL COLUMNS FROM `address` [ RunTime:0.000914s ]
[2023-05-13T11:51:35+08:00][sql] SELECT * FROM `address` WHERE  `id` = 1 LIMIT 1 [ RunTime:0.000273s ]
[2023-05-13T11:51:35+08:00][sql] SELECT * FROM `address` WHERE  `id` = 2 LIMIT 1 [ RunTime:0.000247s ]
[2023-05-13T15:56:04+08:00][sql] CONNECT:[ UseTime:0.000414s ] mysql:host=localhost;port=3316;dbname=coffee;charset=utf8
[2023-05-13T15:56:04+08:00][sql] SHOW FULL COLUMNS FROM `information` [ RunTime:0.001353s ]
[2023-05-13T15:56:04+08:00][sql] SELECT * FROM `information` WHERE  `id` = 17 LIMIT 1 [ RunTime:0.000334s ]
[2023-05-13T15:56:04+08:00][sql] SHOW FULL COLUMNS FROM `address` [ RunTime:0.000939s ]
[2023-05-13T15:56:04+08:00][sql] SELECT * FROM `address` WHERE  `id` = 1 LIMIT 1 [ RunTime:0.000272s ]
[2023-05-13T15:56:04+08:00][sql] SELECT * FROM `address` WHERE  `id` = 2 LIMIT 1 [ RunTime:0.000272s ]
[2023-05-13T15:56:04+08:00][sql] CONNECT:[ UseTime:0.000541s ] mysql:host=localhost;port=3316;dbname=coffee;charset=utf8
[2023-05-13T15:56:04+08:00][sql] SHOW FULL COLUMNS FROM `information` [ RunTime:0.001346s ]
[2023-05-13T15:56:04+08:00][sql] SELECT * FROM `information` WHERE  `id` = 17 LIMIT 1 [ RunTime:0.000358s ]
[2023-05-13T15:56:04+08:00][sql] SHOW FULL COLUMNS FROM `address` [ RunTime:0.001070s ]
[2023-05-13T15:56:04+08:00][sql] SELECT * FROM `address` WHERE  `id` = 1 LIMIT 1 [ RunTime:0.000259s ]
[2023-05-13T15:56:04+08:00][sql] SELECT * FROM `address` WHERE  `id` = 2 LIMIT 1 [ RunTime:0.000230s ]
[2023-05-13T23:08:39+08:00][sql] CONNECT:[ UseTime:0.000461s ] mysql:host=localhost;port=3316;dbname=coffee;charset=utf8
[2023-05-13T23:08:39+08:00][sql] SHOW FULL COLUMNS FROM `information` [ RunTime:0.001402s ]
[2023-05-13T23:08:39+08:00][sql] SELECT * FROM `information` WHERE  `id` = 15 LIMIT 1 [ RunTime:0.000330s ]
[2023-05-13T23:08:39+08:00][sql] SHOW FULL COLUMNS FROM `address` [ RunTime:0.001028s ]
[2023-05-13T23:08:39+08:00][sql] SELECT * FROM `address` WHERE  `id` = 1 LIMIT 1 [ RunTime:0.000282s ]
[2023-05-13T23:08:39+08:00][sql] SELECT * FROM `address` WHERE  `id` = 2 LIMIT 1 [ RunTime:0.000247s ]
