[2023-05-22T00:06:45+08:00][sql] CONNECT:[ UseTime:0.000495s ] mysql:host=localhost;port=3316;dbname=coffee;charset=utf8
[2023-05-22T00:06:45+08:00][sql] SHOW FULL COLUMNS FROM `information` [ RunTime:0.001951s ]
[2023-05-22T00:06:45+08:00][sql] SELECT * FROM `information` WHERE  `id` = 10 LIMIT 1 [ RunTime:0.000379s ]
[2023-05-22T00:06:45+08:00][sql] SHOW FULL COLUMNS FROM `address` [ RunTime:0.001307s ]
[2023-05-22T00:06:45+08:00][sql] SELECT * FROM `address` WHERE  `id` = 1 LIMIT 1 [ RunTime:0.000307s ]
[2023-05-22T00:06:45+08:00][sql] SELECT * FROM `address` WHERE  `id` = 2 LIMIT 1 [ RunTime:0.000248s ]
[2023-05-22T02:22:43+08:00][sql] CONNECT:[ UseTime:0.000397s ] mysql:host=localhost;port=3316;dbname=coffee;charset=utf8
[2023-05-22T02:22:43+08:00][sql] SHOW FULL COLUMNS FROM `information` [ RunTime:0.001318s ]
[2023-05-22T02:22:43+08:00][sql] SELECT * FROM `information` ORDER BY `time` DESC LIMIT 1 [ RunTime:0.000346s ]
[2023-05-22T02:22:43+08:00][sql] SHOW FULL COLUMNS FROM `topic` [ RunTime:0.001012s ]
[2023-05-22T02:22:43+08:00][sql] SELECT * FROM `topic` [ RunTime:0.000229s ]
[2023-05-22T02:22:43+08:00][sql] SELECT * FROM `information` ORDER BY `time` DESC [ RunTime:0.000876s ]
[2023-05-22T02:22:43+08:00][sql] SHOW FULL COLUMNS FROM `address` [ RunTime:0.000963s ]
[2023-05-22T02:22:43+08:00][sql] SELECT * FROM `address` WHERE  `id` = 1 LIMIT 1 [ RunTime:0.000298s ]
[2023-05-22T02:22:43+08:00][sql] SELECT * FROM `address` WHERE  `id` = 2 LIMIT 1 [ RunTime:0.000250s ]
[2023-05-22T03:02:50+08:00][sql] CONNECT:[ UseTime:0.000384s ] mysql:host=localhost;port=3316;dbname=coffee;charset=utf8
[2023-05-22T03:02:50+08:00][sql] SHOW FULL COLUMNS FROM `information` [ RunTime:0.001259s ]
[2023-05-22T03:02:50+08:00][sql] SELECT * FROM `information` ORDER BY `time` DESC LIMIT 1 [ RunTime:0.000362s ]
[2023-05-22T03:02:50+08:00][sql] SHOW FULL COLUMNS FROM `topic` [ RunTime:0.000892s ]
[2023-05-22T03:02:50+08:00][sql] SELECT * FROM `topic` [ RunTime:0.000231s ]
[2023-05-22T03:02:50+08:00][sql] SELECT * FROM `information` WHERE  `topic_id` = 3 [ RunTime:0.000808s ]
[2023-05-22T03:02:50+08:00][sql] SHOW FULL COLUMNS FROM `address` [ RunTime:0.000926s ]
[2023-05-22T03:02:50+08:00][sql] SELECT * FROM `address` WHERE  `id` = 1 LIMIT 1 [ RunTime:0.000273s ]
[2023-05-22T03:02:50+08:00][sql] SELECT * FROM `address` WHERE  `id` = 2 LIMIT 1 [ RunTime:0.000251s ]
[2023-05-22T03:18:02+08:00][sql] CONNECT:[ UseTime:0.006986s ] mysql:host=localhost;port=3316;dbname=coffee;charset=utf8
[2023-05-22T03:18:02+08:00][sql] SHOW FULL COLUMNS FROM `information` [ RunTime:0.001223s ]
[2023-05-22T03:18:02+08:00][sql] SELECT * FROM `information` WHERE  `id` = 13 LIMIT 1 [ RunTime:0.000525s ]
[2023-05-22T03:18:02+08:00][sql] SHOW FULL COLUMNS FROM `address` [ RunTime:0.001468s ]
[2023-05-22T03:18:02+08:00][sql] SELECT * FROM `address` WHERE  `id` = 1 LIMIT 1 [ RunTime:0.000427s ]
[2023-05-22T03:18:02+08:00][sql] SELECT * FROM `address` WHERE  `id` = 2 LIMIT 1 [ RunTime:0.000425s ]
[2023-05-22T03:18:02+08:00][sql] CONNECT:[ UseTime:0.018107s ] mysql:host=localhost;port=3316;dbname=coffee;charset=utf8
[2023-05-22T03:18:02+08:00][sql] SHOW FULL COLUMNS FROM `information` [ RunTime:0.001992s ]
[2023-05-22T03:18:02+08:00][sql] SELECT * FROM `information` WHERE  `id` = 2 LIMIT 1 [ RunTime:0.000439s ]
[2023-05-22T03:18:02+08:00][sql] SHOW FULL COLUMNS FROM `address` [ RunTime:0.002144s ]
[2023-05-22T03:18:02+08:00][sql] SELECT * FROM `address` WHERE  `id` = 1 LIMIT 1 [ RunTime:0.001312s ]
[2023-05-22T03:18:02+08:00][sql] SELECT * FROM `address` WHERE  `id` = 2 LIMIT 1 [ RunTime:0.001224s ]
[2023-05-22T03:54:38+08:00][sql] CONNECT:[ UseTime:0.000393s ] mysql:host=localhost;port=3316;dbname=coffee;charset=utf8
[2023-05-22T03:54:38+08:00][sql] SHOW FULL COLUMNS FROM `information` [ RunTime:0.001286s ]
[2023-05-22T03:54:38+08:00][sql] SELECT * FROM `information` WHERE  `id` = 20 LIMIT 1 [ RunTime:0.000302s ]
[2023-05-22T03:54:38+08:00][sql] SHOW FULL COLUMNS FROM `address` [ RunTime:0.001023s ]
[2023-05-22T03:54:38+08:00][sql] SELECT * FROM `address` WHERE  `id` = 1 LIMIT 1 [ RunTime:0.000266s ]
[2023-05-22T03:54:38+08:00][sql] SELECT * FROM `address` WHERE  `id` = 2 LIMIT 1 [ RunTime:0.000260s ]
[2023-05-22T03:59:36+08:00][sql] CONNECT:[ UseTime:0.000500s ] mysql:host=localhost;port=3316;dbname=coffee;charset=utf8
[2023-05-22T03:59:36+08:00][sql] SHOW FULL COLUMNS FROM `information` [ RunTime:0.001285s ]
[2023-05-22T03:59:36+08:00][sql] SELECT * FROM `information` WHERE  `id` = 20 LIMIT 1 [ RunTime:0.000324s ]
[2023-05-22T03:59:36+08:00][sql] SHOW FULL COLUMNS FROM `address` [ RunTime:0.000960s ]
[2023-05-22T03:59:36+08:00][sql] SELECT * FROM `address` WHERE  `id` = 1 LIMIT 1 [ RunTime:0.000279s ]
[2023-05-22T03:59:36+08:00][sql] SELECT * FROM `address` WHERE  `id` = 2 LIMIT 1 [ RunTime:0.000257s ]
[2023-05-22T04:55:14+08:00][sql] CONNECT:[ UseTime:0.000373s ] mysql:host=localhost;port=3316;dbname=coffee;charset=utf8
[2023-05-22T04:55:14+08:00][sql] SHOW FULL COLUMNS FROM `information` [ RunTime:0.001212s ]
[2023-05-22T04:55:14+08:00][sql] SELECT * FROM `information` WHERE  `id` = 7 LIMIT 1 [ RunTime:0.000297s ]
[2023-05-22T04:55:14+08:00][sql] SHOW FULL COLUMNS FROM `address` [ RunTime:0.000860s ]
[2023-05-22T04:55:14+08:00][sql] SELECT * FROM `address` WHERE  `id` = 1 LIMIT 1 [ RunTime:0.000228s ]
[2023-05-22T04:55:14+08:00][sql] SELECT * FROM `address` WHERE  `id` = 2 LIMIT 1 [ RunTime:0.000192s ]
[2023-05-22T06:12:14+08:00][sql] CONNECT:[ UseTime:0.000398s ] mysql:host=localhost;port=3316;dbname=coffee;charset=utf8
[2023-05-22T06:12:14+08:00][sql] SHOW FULL COLUMNS FROM `information` [ RunTime:0.001238s ]
[2023-05-22T06:12:14+08:00][sql] SELECT * FROM `information` WHERE  `id` = 20 LIMIT 1 [ RunTime:0.000284s ]
[2023-05-22T06:12:14+08:00][sql] SHOW FULL COLUMNS FROM `address` [ RunTime:0.000925s ]
[2023-05-22T06:12:14+08:00][sql] SELECT * FROM `address` WHERE  `id` = 1 LIMIT 1 [ RunTime:0.000253s ]
[2023-05-22T06:12:14+08:00][sql] SELECT * FROM `address` WHERE  `id` = 2 LIMIT 1 [ RunTime:0.000200s ]
[2023-05-22T06:39:25+08:00][sql] CONNECT:[ UseTime:0.000396s ] mysql:host=localhost;port=3316;dbname=coffee;charset=utf8
[2023-05-22T06:39:25+08:00][sql] SHOW FULL COLUMNS FROM `information` [ RunTime:0.001341s ]
[2023-05-22T06:39:25+08:00][sql] SELECT * FROM `information` WHERE  `id` = 17 LIMIT 1 [ RunTime:0.000337s ]
[2023-05-22T06:39:25+08:00][sql] SHOW FULL COLUMNS FROM `address` [ RunTime:0.000954s ]
[2023-05-22T06:39:25+08:00][sql] SELECT * FROM `address` WHERE  `id` = 1 LIMIT 1 [ RunTime:0.000274s ]
[2023-05-22T06:39:25+08:00][sql] SELECT * FROM `address` WHERE  `id` = 2 LIMIT 1 [ RunTime:0.000284s ]
[2023-05-22T06:39:25+08:00][sql] CONNECT:[ UseTime:0.006549s ] mysql:host=localhost;port=3316;dbname=coffee;charset=utf8
[2023-05-22T06:39:25+08:00][sql] SHOW FULL COLUMNS FROM `information` [ RunTime:0.003703s ]
[2023-05-22T06:39:25+08:00][sql] SELECT * FROM `information` WHERE  `id` = 18 LIMIT 1 [ RunTime:0.000507s ]
[2023-05-22T06:39:25+08:00][sql] SHOW FULL COLUMNS FROM `address` [ RunTime:0.001472s ]
[2023-05-22T06:39:25+08:00][sql] SELECT * FROM `address` WHERE  `id` = 1 LIMIT 1 [ RunTime:0.000433s ]
[2023-05-22T06:39:25+08:00][sql] SELECT * FROM `address` WHERE  `id` = 2 LIMIT 1 [ RunTime:0.000451s ]
[2023-05-22T06:39:25+08:00][sql] CONNECT:[ UseTime:0.000859s ] mysql:host=localhost;port=3316;dbname=coffee;charset=utf8
[2023-05-22T06:39:25+08:00][sql] SHOW FULL COLUMNS FROM `information` [ RunTime:0.001165s ]
[2023-05-22T06:39:25+08:00][sql] SELECT * FROM `information` WHERE  `id` = 20 LIMIT 1 [ RunTime:0.000354s ]
[2023-05-22T06:39:25+08:00][sql] SHOW FULL COLUMNS FROM `address` [ RunTime:0.001145s ]
[2023-05-22T06:39:25+08:00][sql] SELECT * FROM `address` WHERE  `id` = 1 LIMIT 1 [ RunTime:0.000301s ]
[2023-05-22T06:39:25+08:00][sql] SELECT * FROM `address` WHERE  `id` = 2 LIMIT 1 [ RunTime:0.000273s ]
[2023-05-22T06:39:25+08:00][sql] CONNECT:[ UseTime:0.007316s ] mysql:host=localhost;port=3316;dbname=coffee;charset=utf8
[2023-05-22T06:39:25+08:00][sql] SHOW FULL COLUMNS FROM `information` [ RunTime:0.002158s ]
[2023-05-22T06:39:25+08:00][sql] SELECT * FROM `information` WHERE  `id` = 19 LIMIT 1 [ RunTime:0.000280s ]
[2023-05-22T06:39:25+08:00][sql] SHOW FULL COLUMNS FROM `address` [ RunTime:0.000930s ]
[2023-05-22T06:39:25+08:00][sql] SELECT * FROM `address` WHERE  `id` = 1 LIMIT 1 [ RunTime:0.000255s ]
[2023-05-22T06:39:25+08:00][sql] SELECT * FROM `address` WHERE  `id` = 2 LIMIT 1 [ RunTime:0.000248s ]
[2023-05-22T06:39:25+08:00][sql] CONNECT:[ UseTime:0.000601s ] mysql:host=localhost;port=3316;dbname=coffee;charset=utf8
[2023-05-22T06:39:25+08:00][sql] SHOW FULL COLUMNS FROM `information` [ RunTime:0.001392s ]
[2023-05-22T06:39:25+08:00][sql] SELECT * FROM `information` WHERE  `id` = 19 LIMIT 1 [ RunTime:0.000308s ]
[2023-05-22T06:39:25+08:00][sql] SHOW FULL COLUMNS FROM `address` [ RunTime:0.001095s ]
[2023-05-22T06:39:25+08:00][sql] SELECT * FROM `address` WHERE  `id` = 1 LIMIT 1 [ RunTime:0.000312s ]
[2023-05-22T06:39:25+08:00][sql] SELECT * FROM `address` WHERE  `id` = 2 LIMIT 1 [ RunTime:0.000297s ]
[2023-05-22T06:39:25+08:00][sql] CONNECT:[ UseTime:0.013403s ] mysql:host=localhost;port=3316;dbname=coffee;charset=utf8
[2023-05-22T06:39:25+08:00][sql] SHOW FULL COLUMNS FROM `information` [ RunTime:0.003122s ]
[2023-05-22T06:39:25+08:00][sql] SELECT * FROM `information` WHERE  `id` = 18 LIMIT 1 [ RunTime:0.000396s ]
[2023-05-22T06:39:25+08:00][sql] SHOW FULL COLUMNS FROM `address` [ RunTime:0.001324s ]
[2023-05-22T06:39:25+08:00][sql] SELECT * FROM `address` WHERE  `id` = 1 LIMIT 1 [ RunTime:0.000321s ]
[2023-05-22T06:39:25+08:00][sql] SELECT * FROM `address` WHERE  `id` = 2 LIMIT 1 [ RunTime:0.000289s ]
[2023-05-22T06:39:25+08:00][sql] CONNECT:[ UseTime:0.000365s ] mysql:host=localhost;port=3316;dbname=coffee;charset=utf8
[2023-05-22T06:39:25+08:00][sql] SHOW FULL COLUMNS FROM `information` [ RunTime:0.001536s ]
[2023-05-22T06:39:25+08:00][sql] SELECT * FROM `information` WHERE  `id` = 17 LIMIT 1 [ RunTime:0.000480s ]
[2023-05-22T06:39:25+08:00][sql] SHOW FULL COLUMNS FROM `address` [ RunTime:0.001488s ]
[2023-05-22T06:39:25+08:00][sql] SELECT * FROM `address` WHERE  `id` = 1 LIMIT 1 [ RunTime:0.000317s ]
[2023-05-22T06:39:25+08:00][sql] SELECT * FROM `address` WHERE  `id` = 2 LIMIT 1 [ RunTime:0.000295s ]
[2023-05-22T06:39:25+08:00][sql] CONNECT:[ UseTime:0.000403s ] mysql:host=localhost;port=3316;dbname=coffee;charset=utf8
[2023-05-22T06:39:25+08:00][sql] SHOW FULL COLUMNS FROM `information` [ RunTime:0.001260s ]
[2023-05-22T06:39:25+08:00][sql] SELECT * FROM `information` WHERE  `id` = 21 LIMIT 1 [ RunTime:0.000320s ]
[2023-05-22T06:39:25+08:00][sql] SHOW FULL COLUMNS FROM `address` [ RunTime:0.001251s ]
[2023-05-22T06:39:25+08:00][sql] SELECT * FROM `address` WHERE  `id` = 1 LIMIT 1 [ RunTime:0.000464s ]
[2023-05-22T06:39:25+08:00][sql] SELECT * FROM `address` WHERE  `id` = 2 LIMIT 1 [ RunTime:0.000319s ]
[2023-05-22T06:39:25+08:00][sql] CONNECT:[ UseTime:0.000285s ] mysql:host=localhost;port=3316;dbname=coffee;charset=utf8
[2023-05-22T06:39:25+08:00][sql] SHOW FULL COLUMNS FROM `information` [ RunTime:0.001203s ]
[2023-05-22T06:39:25+08:00][sql] SELECT * FROM `information` WHERE  `id` = 21 LIMIT 1 [ RunTime:0.000416s ]
[2023-05-22T06:39:25+08:00][sql] SHOW FULL COLUMNS FROM `address` [ RunTime:0.005963s ]
[2023-05-22T06:39:25+08:00][sql] SELECT * FROM `address` WHERE  `id` = 1 LIMIT 1 [ RunTime:0.000288s ]
[2023-05-22T06:39:25+08:00][sql] SELECT * FROM `address` WHERE  `id` = 2 LIMIT 1 [ RunTime:0.000275s ]
[2023-05-22T06:39:25+08:00][sql] CONNECT:[ UseTime:0.000387s ] mysql:host=localhost;port=3316;dbname=coffee;charset=utf8
[2023-05-22T06:39:25+08:00][sql] SHOW FULL COLUMNS FROM `information` [ RunTime:0.001263s ]
[2023-05-22T06:39:25+08:00][sql] SELECT * FROM `information` WHERE  `id` = 18 LIMIT 1 [ RunTime:0.000283s ]
[2023-05-22T06:39:25+08:00][sql] SHOW FULL COLUMNS FROM `address` [ RunTime:0.001046s ]
[2023-05-22T06:39:25+08:00][sql] SELECT * FROM `address` WHERE  `id` = 1 LIMIT 1 [ RunTime:0.000288s ]
[2023-05-22T06:39:25+08:00][sql] SELECT * FROM `address` WHERE  `id` = 2 LIMIT 1 [ RunTime:0.000233s ]
[2023-05-22T06:39:25+08:00][sql] CONNECT:[ UseTime:0.000619s ] mysql:host=localhost;port=3316;dbname=coffee;charset=utf8
[2023-05-22T06:39:25+08:00][sql] SHOW FULL COLUMNS FROM `information` [ RunTime:0.001280s ]
[2023-05-22T06:39:25+08:00][sql] SELECT * FROM `information` WHERE  `id` = 17 LIMIT 1 [ RunTime:0.000280s ]
[2023-05-22T06:39:25+08:00][sql] SHOW FULL COLUMNS FROM `address` [ RunTime:0.000894s ]
[2023-05-22T06:39:25+08:00][sql] SELECT * FROM `address` WHERE  `id` = 1 LIMIT 1 [ RunTime:0.000251s ]
[2023-05-22T06:39:25+08:00][sql] SELECT * FROM `address` WHERE  `id` = 2 LIMIT 1 [ RunTime:0.000218s ]
[2023-05-22T06:39:25+08:00][sql] CONNECT:[ UseTime:0.004373s ] mysql:host=localhost;port=3316;dbname=coffee;charset=utf8
[2023-05-22T06:39:25+08:00][sql] SHOW FULL COLUMNS FROM `information` [ RunTime:0.001891s ]
[2023-05-22T06:39:25+08:00][sql] SELECT * FROM `information` WHERE  `id` = 18 LIMIT 1 [ RunTime:0.000420s ]
[2023-05-22T06:39:25+08:00][sql] SHOW FULL COLUMNS FROM `address` [ RunTime:0.001390s ]
[2023-05-22T06:39:25+08:00][sql] SELECT * FROM `address` WHERE  `id` = 1 LIMIT 1 [ RunTime:0.000537s ]
[2023-05-22T06:39:25+08:00][sql] SELECT * FROM `address` WHERE  `id` = 2 LIMIT 1 [ RunTime:0.000295s ]
[2023-05-22T06:39:25+08:00][sql] CONNECT:[ UseTime:0.000369s ] mysql:host=localhost;port=3316;dbname=coffee;charset=utf8
[2023-05-22T06:39:25+08:00][sql] SHOW FULL COLUMNS FROM `information` [ RunTime:0.001279s ]
[2023-05-22T06:39:25+08:00][sql] SELECT * FROM `information` WHERE  `id` = 21 LIMIT 1 [ RunTime:0.000334s ]
[2023-05-22T06:39:25+08:00][sql] SHOW FULL COLUMNS FROM `address` [ RunTime:0.001001s ]
[2023-05-22T06:39:25+08:00][sql] SELECT * FROM `address` WHERE  `id` = 1 LIMIT 1 [ RunTime:0.000277s ]
[2023-05-22T06:39:25+08:00][sql] SELECT * FROM `address` WHERE  `id` = 2 LIMIT 1 [ RunTime:0.000259s ]
[2023-05-22T06:39:25+08:00][sql] CONNECT:[ UseTime:0.000339s ] mysql:host=localhost;port=3316;dbname=coffee;charset=utf8
[2023-05-22T06:39:25+08:00][sql] SHOW FULL COLUMNS FROM `information` [ RunTime:0.001290s ]
[2023-05-22T06:39:25+08:00][sql] SELECT * FROM `information` WHERE  `id` = 19 LIMIT 1 [ RunTime:0.000297s ]
[2023-05-22T06:39:25+08:00][sql] SHOW FULL COLUMNS FROM `address` [ RunTime:0.000963s ]
[2023-05-22T06:39:25+08:00][sql] SELECT * FROM `address` WHERE  `id` = 1 LIMIT 1 [ RunTime:0.000246s ]
[2023-05-22T06:39:25+08:00][sql] SELECT * FROM `address` WHERE  `id` = 2 LIMIT 1 [ RunTime:0.000215s ]
[2023-05-22T06:39:26+08:00][sql] CONNECT:[ UseTime:0.000415s ] mysql:host=localhost;port=3316;dbname=coffee;charset=utf8
[2023-05-22T06:39:26+08:00][sql] SHOW FULL COLUMNS FROM `information` [ RunTime:0.001818s ]
[2023-05-22T06:39:26+08:00][sql] SELECT * FROM `information` WHERE  `id` = 21 LIMIT 1 [ RunTime:0.000406s ]
[2023-05-22T06:39:26+08:00][sql] SHOW FULL COLUMNS FROM `address` [ RunTime:0.001346s ]
[2023-05-22T06:39:26+08:00][sql] SELECT * FROM `address` WHERE  `id` = 1 LIMIT 1 [ RunTime:0.000316s ]
[2023-05-22T06:39:26+08:00][sql] SELECT * FROM `address` WHERE  `id` = 2 LIMIT 1 [ RunTime:0.000291s ]
[2023-05-22T06:39:26+08:00][sql] CONNECT:[ UseTime:0.000374s ] mysql:host=localhost;port=3316;dbname=coffee;charset=utf8
[2023-05-22T06:39:26+08:00][sql] SHOW FULL COLUMNS FROM `information` [ RunTime:0.001547s ]
[2023-05-22T06:39:26+08:00][sql] SELECT * FROM `information` WHERE  `id` = 20 LIMIT 1 [ RunTime:0.000367s ]
[2023-05-22T06:39:26+08:00][sql] SHOW FULL COLUMNS FROM `address` [ RunTime:0.001305s ]
[2023-05-22T06:39:26+08:00][sql] SELECT * FROM `address` WHERE  `id` = 1 LIMIT 1 [ RunTime:0.000320s ]
[2023-05-22T06:39:26+08:00][sql] SELECT * FROM `address` WHERE  `id` = 2 LIMIT 1 [ RunTime:0.000313s ]
[2023-05-22T06:39:26+08:00][sql] CONNECT:[ UseTime:0.000372s ] mysql:host=localhost;port=3316;dbname=coffee;charset=utf8
[2023-05-22T06:39:26+08:00][sql] SHOW FULL COLUMNS FROM `information` [ RunTime:0.001441s ]
[2023-05-22T06:39:26+08:00][sql] SELECT * FROM `information` WHERE  `id` = 19 LIMIT 1 [ RunTime:0.000294s ]
[2023-05-22T06:39:26+08:00][sql] SHOW FULL COLUMNS FROM `address` [ RunTime:0.000919s ]
[2023-05-22T06:39:26+08:00][sql] SELECT * FROM `address` WHERE  `id` = 1 LIMIT 1 [ RunTime:0.000268s ]
[2023-05-22T06:39:26+08:00][sql] SELECT * FROM `address` WHERE  `id` = 2 LIMIT 1 [ RunTime:0.000264s ]
[2023-05-22T06:39:26+08:00][sql] CONNECT:[ UseTime:0.000352s ] mysql:host=localhost;port=3316;dbname=coffee;charset=utf8
[2023-05-22T06:39:26+08:00][sql] SHOW FULL COLUMNS FROM `information` [ RunTime:0.001471s ]
[2023-05-22T06:39:26+08:00][sql] SELECT * FROM `information` WHERE  `id` = 20 LIMIT 1 [ RunTime:0.000380s ]
[2023-05-22T06:39:26+08:00][sql] SHOW FULL COLUMNS FROM `address` [ RunTime:0.001351s ]
[2023-05-22T06:39:26+08:00][sql] SELECT * FROM `address` WHERE  `id` = 1 LIMIT 1 [ RunTime:0.000238s ]
[2023-05-22T06:39:26+08:00][sql] SELECT * FROM `address` WHERE  `id` = 2 LIMIT 1 [ RunTime:0.000204s ]
[2023-05-22T06:39:26+08:00][sql] CONNECT:[ UseTime:0.000528s ] mysql:host=localhost;port=3316;dbname=coffee;charset=utf8
[2023-05-22T06:39:26+08:00][sql] SHOW FULL COLUMNS FROM `information` [ RunTime:0.002045s ]
[2023-05-22T06:39:26+08:00][sql] SELECT * FROM `information` WHERE  `id` = 17 LIMIT 1 [ RunTime:0.000454s ]
[2023-05-22T06:39:26+08:00][sql] SHOW FULL COLUMNS FROM `address` [ RunTime:0.001453s ]
[2023-05-22T06:39:26+08:00][sql] SELECT * FROM `address` WHERE  `id` = 1 LIMIT 1 [ RunTime:0.000457s ]
[2023-05-22T06:39:26+08:00][sql] SELECT * FROM `address` WHERE  `id` = 2 LIMIT 1 [ RunTime:0.000690s ]
[2023-05-22T06:39:26+08:00][sql] CONNECT:[ UseTime:0.000252s ] mysql:host=localhost;port=3316;dbname=coffee;charset=utf8
[2023-05-22T06:39:26+08:00][sql] SHOW FULL COLUMNS FROM `information` [ RunTime:0.001157s ]
[2023-05-22T06:39:26+08:00][sql] SELECT * FROM `information` WHERE  `id` = 20 LIMIT 1 [ RunTime:0.000299s ]
[2023-05-22T06:39:26+08:00][sql] SHOW FULL COLUMNS FROM `address` [ RunTime:0.001042s ]
[2023-05-22T06:39:26+08:00][sql] SELECT * FROM `address` WHERE  `id` = 1 LIMIT 1 [ RunTime:0.000279s ]
[2023-05-22T06:39:26+08:00][sql] SELECT * FROM `address` WHERE  `id` = 2 LIMIT 1 [ RunTime:0.000384s ]
[2023-05-22T07:24:51+08:00][sql] CONNECT:[ UseTime:0.000367s ] mysql:host=localhost;port=3316;dbname=coffee;charset=utf8
[2023-05-22T07:24:51+08:00][sql] SHOW FULL COLUMNS FROM `information` [ RunTime:0.001403s ]
[2023-05-22T07:24:51+08:00][sql] SELECT * FROM `information` WHERE  `id` = 11 LIMIT 1 [ RunTime:0.000316s ]
[2023-05-22T07:24:51+08:00][sql] SHOW FULL COLUMNS FROM `address` [ RunTime:0.001046s ]
[2023-05-22T07:24:51+08:00][sql] SELECT * FROM `address` WHERE  `id` = 1 LIMIT 1 [ RunTime:0.000408s ]
[2023-05-22T07:24:51+08:00][sql] SELECT * FROM `address` WHERE  `id` = 2 LIMIT 1 [ RunTime:0.000259s ]
[2023-05-22T09:37:31+08:00][sql] CONNECT:[ UseTime:0.000382s ] mysql:host=localhost;port=3316;dbname=coffee;charset=utf8
[2023-05-22T09:37:31+08:00][sql] SHOW FULL COLUMNS FROM `information` [ RunTime:0.001289s ]
[2023-05-22T09:37:31+08:00][sql] SELECT * FROM `information` WHERE  `id` = 20 LIMIT 1 [ RunTime:0.000322s ]
[2023-05-22T09:37:31+08:00][sql] SHOW FULL COLUMNS FROM `address` [ RunTime:0.000922s ]
[2023-05-22T09:37:31+08:00][sql] SELECT * FROM `address` WHERE  `id` = 1 LIMIT 1 [ RunTime:0.000266s ]
[2023-05-22T09:37:31+08:00][sql] SELECT * FROM `address` WHERE  `id` = 2 LIMIT 1 [ RunTime:0.000247s ]
[2023-05-22T10:54:37+08:00][sql] CONNECT:[ UseTime:0.000954s ] mysql:host=localhost;port=3316;dbname=coffee;charset=utf8
[2023-05-22T10:54:37+08:00][sql] SHOW FULL COLUMNS FROM `information` [ RunTime:0.003758s ]
[2023-05-22T10:54:37+08:00][sql] SELECT * FROM `information` WHERE  `id` = 10 LIMIT 1 [ RunTime:0.001240s ]
[2023-05-22T10:54:37+08:00][sql] SHOW FULL COLUMNS FROM `address` [ RunTime:0.001187s ]
[2023-05-22T10:54:37+08:00][sql] SELECT * FROM `address` WHERE  `id` = 1 LIMIT 1 [ RunTime:0.000293s ]
[2023-05-22T10:54:37+08:00][sql] SELECT * FROM `address` WHERE  `id` = 2 LIMIT 1 [ RunTime:0.000437s ]
[2023-05-22T13:10:33+08:00][sql] CONNECT:[ UseTime:0.000404s ] mysql:host=localhost;port=3316;dbname=coffee;charset=utf8
[2023-05-22T13:10:33+08:00][sql] SHOW FULL COLUMNS FROM `information` [ RunTime:0.001366s ]
[2023-05-22T13:10:33+08:00][sql] SELECT * FROM `information` WHERE  `id` = 21 LIMIT 1 [ RunTime:0.000281s ]
[2023-05-22T13:10:33+08:00][sql] SHOW FULL COLUMNS FROM `address` [ RunTime:0.000998s ]
[2023-05-22T13:10:33+08:00][sql] SELECT * FROM `address` WHERE  `id` = 1 LIMIT 1 [ RunTime:0.000230s ]
[2023-05-22T13:10:33+08:00][sql] SELECT * FROM `address` WHERE  `id` = 2 LIMIT 1 [ RunTime:0.000238s ]
[2023-05-22T14:56:02+08:00][sql] CONNECT:[ UseTime:0.000542s ] mysql:host=localhost;port=3316;dbname=coffee;charset=utf8
[2023-05-22T14:56:02+08:00][sql] SHOW FULL COLUMNS FROM `information` [ RunTime:0.001447s ]
[2023-05-22T14:56:02+08:00][sql] SELECT * FROM `information` WHERE  `id` = 1 LIMIT 1 [ RunTime:0.000333s ]
[2023-05-22T14:56:02+08:00][sql] SHOW FULL COLUMNS FROM `address` [ RunTime:0.001030s ]
[2023-05-22T14:56:02+08:00][sql] SELECT * FROM `address` WHERE  `id` = 1 LIMIT 1 [ RunTime:0.000258s ]
[2023-05-22T14:56:02+08:00][sql] SELECT * FROM `address` WHERE  `id` = 2 LIMIT 1 [ RunTime:0.000233s ]
[2023-05-22T21:07:51+08:00][sql] CONNECT:[ UseTime:0.001738s ] mysql:host=localhost;port=3316;dbname=coffee;charset=utf8
[2023-05-22T21:07:51+08:00][sql] SHOW FULL COLUMNS FROM `information` [ RunTime:0.001255s ]
[2023-05-22T21:07:51+08:00][sql] SELECT * FROM `information` WHERE  `id` = 6 LIMIT 1 [ RunTime:0.000285s ]
[2023-05-22T21:07:51+08:00][sql] SHOW FULL COLUMNS FROM `address` [ RunTime:0.000866s ]
[2023-05-22T21:07:51+08:00][sql] SELECT * FROM `address` WHERE  `id` = 1 LIMIT 1 [ RunTime:0.000228s ]
[2023-05-22T21:07:51+08:00][sql] SELECT * FROM `address` WHERE  `id` = 2 LIMIT 1 [ RunTime:0.000197s ]
[2023-05-22T22:06:11+08:00][sql] CONNECT:[ UseTime:0.000426s ] mysql:host=localhost;port=3316;dbname=coffee;charset=utf8
[2023-05-22T22:06:11+08:00][sql] SHOW FULL COLUMNS FROM `information` [ RunTime:0.001292s ]
[2023-05-22T22:06:11+08:00][sql] SELECT * FROM `information` WHERE  `id` = 4 LIMIT 1 [ RunTime:0.000421s ]
[2023-05-22T22:06:11+08:00][sql] SHOW FULL COLUMNS FROM `address` [ RunTime:0.001085s ]
[2023-05-22T22:06:11+08:00][sql] SELECT * FROM `address` WHERE  `id` = 1 LIMIT 1 [ RunTime:0.000301s ]
[2023-05-22T22:06:11+08:00][sql] SELECT * FROM `address` WHERE  `id` = 2 LIMIT 1 [ RunTime:0.000258s ]
[2023-05-22T23:17:18+08:00][sql] CONNECT:[ UseTime:0.000406s ] mysql:host=localhost;port=3316;dbname=coffee;charset=utf8
[2023-05-22T23:17:18+08:00][sql] SHOW FULL COLUMNS FROM `information` [ RunTime:0.001261s ]
[2023-05-22T23:17:18+08:00][sql] SELECT * FROM `information` WHERE  `id` = 8 LIMIT 1 [ RunTime:0.000453s ]
[2023-05-22T23:17:18+08:00][sql] SHOW FULL COLUMNS FROM `address` [ RunTime:0.000980s ]
[2023-05-22T23:17:18+08:00][sql] SELECT * FROM `address` WHERE  `id` = 1 LIMIT 1 [ RunTime:0.000231s ]
[2023-05-22T23:17:18+08:00][sql] SELECT * FROM `address` WHERE  `id` = 2 LIMIT 1 [ RunTime:0.000203s ]
