[2023-05-23T04:09:30+08:00][sql] CONNECT:[ UseTime:0.000431s ] mysql:host=localhost;port=3316;dbname=coffee;charset=utf8
[2023-05-23T04:09:30+08:00][sql] SHOW FULL COLUMNS FROM `information` [ RunTime:0.001285s ]
[2023-05-23T04:09:30+08:00][sql] SELECT * FROM `information` WHERE  `id` = 11 LIMIT 1 [ RunTime:0.000285s ]
[2023-05-23T04:09:30+08:00][sql] SHOW FULL COLUMNS FROM `address` [ RunTime:0.000860s ]
[2023-05-23T04:09:30+08:00][sql] SELECT * FROM `address` WHERE  `id` = 1 LIMIT 1 [ RunTime:0.000243s ]
[2023-05-23T04:09:30+08:00][sql] SELECT * FROM `address` WHERE  `id` = 2 LIMIT 1 [ RunTime:0.000194s ]
[2023-05-23T04:09:31+08:00][sql] CONNECT:[ UseTime:0.000413s ] mysql:host=localhost;port=3316;dbname=coffee;charset=utf8
[2023-05-23T04:09:31+08:00][sql] SHOW FULL COLUMNS FROM `information` [ RunTime:0.001305s ]
[2023-05-23T04:09:31+08:00][sql] SELECT * FROM `information` WHERE  `id` = 11 LIMIT 1 [ RunTime:0.000323s ]
[2023-05-23T04:09:31+08:00][sql] SHOW FULL COLUMNS FROM `address` [ RunTime:0.000940s ]
[2023-05-23T04:09:31+08:00][sql] SELECT * FROM `address` WHERE  `id` = 1 LIMIT 1 [ RunTime:0.000388s ]
[2023-05-23T04:09:31+08:00][sql] SELECT * FROM `address` WHERE  `id` = 2 LIMIT 1 [ RunTime:0.000258s ]
[2023-05-23T06:00:23+08:00][sql] CONNECT:[ UseTime:0.000387s ] mysql:host=localhost;port=3316;dbname=coffee;charset=utf8
[2023-05-23T06:00:23+08:00][sql] SHOW FULL COLUMNS FROM `information` [ RunTime:0.001312s ]
[2023-05-23T06:00:23+08:00][sql] SELECT * FROM `information` ORDER BY `time` DESC LIMIT 1 [ RunTime:0.000342s ]
[2023-05-23T06:00:23+08:00][sql] SHOW FULL COLUMNS FROM `topic` [ RunTime:0.000867s ]
[2023-05-23T06:00:23+08:00][sql] SELECT * FROM `topic` [ RunTime:0.000227s ]
[2023-05-23T06:00:23+08:00][sql] SELECT * FROM `information` WHERE  `topic_id` = 3 [ RunTime:0.000751s ]
[2023-05-23T06:00:23+08:00][sql] SHOW FULL COLUMNS FROM `address` [ RunTime:0.000940s ]
[2023-05-23T06:00:23+08:00][sql] SELECT * FROM `address` WHERE  `id` = 1 LIMIT 1 [ RunTime:0.000270s ]
[2023-05-23T06:00:23+08:00][sql] SELECT * FROM `address` WHERE  `id` = 2 LIMIT 1 [ RunTime:0.000255s ]
[2023-05-23T09:50:33+08:00][sql] CONNECT:[ UseTime:0.000979s ] mysql:host=localhost;port=3316;dbname=coffee;charset=utf8
[2023-05-23T09:50:33+08:00][sql] SHOW FULL COLUMNS FROM `information` [ RunTime:0.011220s ]
[2023-05-23T09:50:33+08:00][sql] SELECT * FROM `information` WHERE  `id` = 11 LIMIT 1 [ RunTime:0.000522s ]
[2023-05-23T09:50:33+08:00][sql] SHOW FULL COLUMNS FROM `address` [ RunTime:0.003524s ]
[2023-05-23T09:50:33+08:00][sql] SELECT * FROM `address` WHERE  `id` = 1 LIMIT 1 [ RunTime:0.000432s ]
[2023-05-23T09:50:33+08:00][sql] SELECT * FROM `address` WHERE  `id` = 2 LIMIT 1 [ RunTime:0.000428s ]
[2023-05-23T09:50:33+08:00][sql] CONNECT:[ UseTime:0.000445s ] mysql:host=localhost;port=3316;dbname=coffee;charset=utf8
[2023-05-23T09:50:33+08:00][sql] SHOW FULL COLUMNS FROM `information` [ RunTime:0.001283s ]
[2023-05-23T09:50:33+08:00][sql] SELECT * FROM `information` WHERE  `id` = 11 LIMIT 1 [ RunTime:0.000311s ]
[2023-05-23T09:50:33+08:00][sql] SHOW FULL COLUMNS FROM `address` [ RunTime:0.000968s ]
[2023-05-23T09:50:33+08:00][sql] SELECT * FROM `address` WHERE  `id` = 1 LIMIT 1 [ RunTime:0.000291s ]
[2023-05-23T09:50:33+08:00][sql] SELECT * FROM `address` WHERE  `id` = 2 LIMIT 1 [ RunTime:0.000268s ]
[2023-05-23T10:22:38+08:00][sql] CONNECT:[ UseTime:0.000458s ] mysql:host=localhost;port=3316;dbname=coffee;charset=utf8
[2023-05-23T10:22:38+08:00][sql] SHOW FULL COLUMNS FROM `information` [ RunTime:0.001340s ]
[2023-05-23T10:22:38+08:00][sql] SELECT * FROM `information` WHERE  `id` = 14 LIMIT 1 [ RunTime:0.000429s ]
[2023-05-23T10:22:38+08:00][sql] SHOW FULL COLUMNS FROM `address` [ RunTime:0.000986s ]
[2023-05-23T10:22:38+08:00][sql] SELECT * FROM `address` WHERE  `id` = 1 LIMIT 1 [ RunTime:0.000288s ]
[2023-05-23T10:22:38+08:00][sql] SELECT * FROM `address` WHERE  `id` = 2 LIMIT 1 [ RunTime:0.000253s ]
[2023-05-23T13:16:04+08:00][sql] CONNECT:[ UseTime:0.000367s ] mysql:host=localhost;port=3316;dbname=coffee;charset=utf8
[2023-05-23T13:16:04+08:00][sql] SHOW FULL COLUMNS FROM `information` [ RunTime:0.001236s ]
[2023-05-23T13:16:04+08:00][sql] SELECT * FROM `information` WHERE  `id` = 21 LIMIT 1 [ RunTime:0.000301s ]
[2023-05-23T13:16:04+08:00][sql] SHOW FULL COLUMNS FROM `address` [ RunTime:0.000911s ]
[2023-05-23T13:16:04+08:00][sql] SELECT * FROM `address` WHERE  `id` = 1 LIMIT 1 [ RunTime:0.000239s ]
[2023-05-23T13:16:04+08:00][sql] SELECT * FROM `address` WHERE  `id` = 2 LIMIT 1 [ RunTime:0.000207s ]
[2023-05-23T13:26:39+08:00][sql] CONNECT:[ UseTime:0.000392s ] mysql:host=localhost;port=3316;dbname=coffee;charset=utf8
[2023-05-23T13:26:39+08:00][sql] SHOW FULL COLUMNS FROM `information` [ RunTime:0.001240s ]
[2023-05-23T13:26:39+08:00][sql] SELECT * FROM `information` WHERE  `id` = 21 LIMIT 1 [ RunTime:0.000437s ]
[2023-05-23T13:26:39+08:00][sql] SHOW FULL COLUMNS FROM `address` [ RunTime:0.000909s ]
[2023-05-23T13:26:39+08:00][sql] SELECT * FROM `address` WHERE  `id` = 1 LIMIT 1 [ RunTime:0.000231s ]
[2023-05-23T13:26:39+08:00][sql] SELECT * FROM `address` WHERE  `id` = 2 LIMIT 1 [ RunTime:0.000334s ]
