[2023-05-28T00:01:32+08:00][sql] CONNECT:[ UseTime:0.000599s ] mysql:host=localhost;port=3316;dbname=coffee;charset=utf8
[2023-05-28T00:01:32+08:00][sql] SHOW FULL COLUMNS FROM `information` [ RunTime:0.001907s ]
[2023-05-28T00:01:32+08:00][sql] SELECT * FROM `information` ORDER BY `time` DESC LIMIT 1 [ RunTime:0.000355s ]
[2023-05-28T00:01:32+08:00][sql] SHOW FULL COLUMNS FROM `topic` [ RunTime:0.000991s ]
[2023-05-28T00:01:32+08:00][sql] SELECT * FROM `topic` [ RunTime:0.000271s ]
[2023-05-28T00:01:32+08:00][sql] SELECT * FROM `information` ORDER BY `time` DESC [ RunTime:0.000961s ]
[2023-05-28T00:01:32+08:00][sql] SHOW FULL COLUMNS FROM `address` [ RunTime:0.001097s ]
[2023-05-28T00:01:32+08:00][sql] SELECT * FROM `address` WHERE  `id` = 1 LIMIT 1 [ RunTime:0.000281s ]
[2023-05-28T00:01:32+08:00][sql] SELECT * FROM `address` WHERE  `id` = 2 LIMIT 1 [ RunTime:0.000234s ]
[2023-05-28T01:31:04+08:00][sql] CONNECT:[ UseTime:0.000530s ] mysql:host=localhost;port=3316;dbname=coffee;charset=utf8
[2023-05-28T01:31:04+08:00][sql] SHOW FULL COLUMNS FROM `information` [ RunTime:0.001636s ]
[2023-05-28T01:31:04+08:00][sql] SELECT * FROM `information` WHERE  `id` = 8 LIMIT 1 [ RunTime:0.000368s ]
[2023-05-28T01:31:04+08:00][sql] SHOW FULL COLUMNS FROM `address` [ RunTime:0.001008s ]
[2023-05-28T01:31:04+08:00][sql] SELECT * FROM `address` WHERE  `id` = 1 LIMIT 1 [ RunTime:0.000276s ]
[2023-05-28T01:31:04+08:00][sql] SELECT * FROM `address` WHERE  `id` = 2 LIMIT 1 [ RunTime:0.000267s ]
[2023-05-28T02:14:32+08:00][sql] CONNECT:[ UseTime:0.000527s ] mysql:host=localhost;port=3316;dbname=coffee;charset=utf8
[2023-05-28T02:14:32+08:00][sql] SHOW FULL COLUMNS FROM `information` [ RunTime:0.001520s ]
[2023-05-28T02:14:32+08:00][sql] SELECT * FROM `information` WHERE  `id` = 5 LIMIT 1 [ RunTime:0.000354s ]
[2023-05-28T02:14:32+08:00][sql] SHOW FULL COLUMNS FROM `address` [ RunTime:0.001028s ]
[2023-05-28T02:14:32+08:00][sql] SELECT * FROM `address` WHERE  `id` = 1 LIMIT 1 [ RunTime:0.000306s ]
[2023-05-28T02:14:32+08:00][sql] SELECT * FROM `address` WHERE  `id` = 2 LIMIT 1 [ RunTime:0.000276s ]
[2023-05-28T04:32:00+08:00][sql] CONNECT:[ UseTime:0.000955s ] mysql:host=localhost;port=3316;dbname=coffee;charset=utf8
[2023-05-28T04:32:00+08:00][sql] SHOW FULL COLUMNS FROM `information` [ RunTime:0.001865s ]
[2023-05-28T04:32:00+08:00][sql] SELECT * FROM `information` WHERE  `id` = 8 LIMIT 1 [ RunTime:0.000304s ]
[2023-05-28T04:32:00+08:00][sql] SHOW FULL COLUMNS FROM `address` [ RunTime:0.000902s ]
[2023-05-28T04:32:00+08:00][sql] SELECT * FROM `address` WHERE  `id` = 1 LIMIT 1 [ RunTime:0.000239s ]
[2023-05-28T04:32:00+08:00][sql] SELECT * FROM `address` WHERE  `id` = 2 LIMIT 1 [ RunTime:0.000201s ]
[2023-05-28T04:32:24+08:00][sql] CONNECT:[ UseTime:0.000727s ] mysql:host=localhost;port=3316;dbname=coffee;charset=utf8
[2023-05-28T04:32:24+08:00][sql] SHOW FULL COLUMNS FROM `information` [ RunTime:0.001484s ]
[2023-05-28T04:32:24+08:00][sql] SELECT * FROM `information` WHERE  `id` = 5 LIMIT 1 [ RunTime:0.000304s ]
[2023-05-28T04:32:24+08:00][sql] SHOW FULL COLUMNS FROM `address` [ RunTime:0.001031s ]
[2023-05-28T04:32:24+08:00][sql] SELECT * FROM `address` WHERE  `id` = 1 LIMIT 1 [ RunTime:0.000253s ]
[2023-05-28T04:32:24+08:00][sql] SELECT * FROM `address` WHERE  `id` = 2 LIMIT 1 [ RunTime:0.000272s ]
[2023-05-28T06:44:32+08:00][sql] CONNECT:[ UseTime:0.000439s ] mysql:host=localhost;port=3316;dbname=coffee;charset=utf8
[2023-05-28T06:44:32+08:00][sql] SHOW FULL COLUMNS FROM `information` [ RunTime:0.001350s ]
[2023-05-28T06:44:32+08:00][sql] SELECT * FROM `information` WHERE  `id` = 5 LIMIT 1 [ RunTime:0.000294s ]
[2023-05-28T06:44:32+08:00][sql] SHOW FULL COLUMNS FROM `address` [ RunTime:0.000952s ]
[2023-05-28T06:44:32+08:00][sql] SELECT * FROM `address` WHERE  `id` = 1 LIMIT 1 [ RunTime:0.000321s ]
[2023-05-28T06:44:32+08:00][sql] SELECT * FROM `address` WHERE  `id` = 2 LIMIT 1 [ RunTime:0.000249s ]
[2023-05-28T10:52:22+08:00][sql] CONNECT:[ UseTime:0.000435s ] mysql:host=localhost;port=3316;dbname=coffee;charset=utf8
[2023-05-28T10:52:22+08:00][sql] SHOW FULL COLUMNS FROM `information` [ RunTime:0.001433s ]
[2023-05-28T10:52:22+08:00][sql] SELECT * FROM `information` WHERE  `id` = 18 LIMIT 1 [ RunTime:0.000295s ]
[2023-05-28T10:52:22+08:00][sql] SHOW FULL COLUMNS FROM `address` [ RunTime:0.001017s ]
[2023-05-28T10:52:22+08:00][sql] SELECT * FROM `address` WHERE  `id` = 1 LIMIT 1 [ RunTime:0.000282s ]
[2023-05-28T10:52:22+08:00][sql] SELECT * FROM `address` WHERE  `id` = 2 LIMIT 1 [ RunTime:0.000207s ]
[2023-05-28T12:44:32+08:00][sql] CONNECT:[ UseTime:0.000468s ] mysql:host=localhost;port=3316;dbname=coffee;charset=utf8
[2023-05-28T12:44:32+08:00][sql] SHOW FULL COLUMNS FROM `information` [ RunTime:0.001345s ]
[2023-05-28T12:44:32+08:00][sql] SELECT * FROM `information` WHERE  `id` = 5 LIMIT 1 [ RunTime:0.000320s ]
[2023-05-28T12:44:32+08:00][sql] SHOW FULL COLUMNS FROM `address` [ RunTime:0.001014s ]
[2023-05-28T12:44:32+08:00][sql] SELECT * FROM `address` WHERE  `id` = 1 LIMIT 1 [ RunTime:0.000264s ]
[2023-05-28T12:44:32+08:00][sql] SELECT * FROM `address` WHERE  `id` = 2 LIMIT 1 [ RunTime:0.000249s ]
[2023-05-28T14:25:32+08:00][sql] CONNECT:[ UseTime:0.000437s ] mysql:host=localhost;port=3316;dbname=coffee;charset=utf8
[2023-05-28T14:25:32+08:00][sql] SHOW FULL COLUMNS FROM `information` [ RunTime:0.001923s ]
[2023-05-28T14:25:32+08:00][sql] SELECT * FROM `information` WHERE  `id` = 17 LIMIT 1 [ RunTime:0.000366s ]
[2023-05-28T14:25:32+08:00][sql] SHOW FULL COLUMNS FROM `address` [ RunTime:0.001295s ]
[2023-05-28T14:25:32+08:00][sql] SELECT * FROM `address` WHERE  `id` = 1 LIMIT 1 [ RunTime:0.000232s ]
[2023-05-28T14:25:32+08:00][sql] SELECT * FROM `address` WHERE  `id` = 2 LIMIT 1 [ RunTime:0.000306s ]
[2023-05-28T23:33:11+08:00][sql] CONNECT:[ UseTime:0.000466s ] mysql:host=localhost;port=3316;dbname=coffee;charset=utf8
[2023-05-28T23:33:11+08:00][sql] SHOW FULL COLUMNS FROM `information` [ RunTime:0.001577s ]
[2023-05-28T23:33:11+08:00][sql] SELECT * FROM `information` WHERE  `id` = 2 LIMIT 1 [ RunTime:0.000361s ]
[2023-05-28T23:33:11+08:00][sql] SHOW FULL COLUMNS FROM `address` [ RunTime:0.001008s ]
[2023-05-28T23:33:11+08:00][sql] SELECT * FROM `address` WHERE  `id` = 1 LIMIT 1 [ RunTime:0.000246s ]
[2023-05-28T23:33:11+08:00][sql] SELECT * FROM `address` WHERE  `id` = 2 LIMIT 1 [ RunTime:0.000196s ]
[2023-05-28T23:38:19+08:00][sql] CONNECT:[ UseTime:0.000700s ] mysql:host=localhost;port=3316;dbname=coffee;charset=utf8
[2023-05-28T23:38:19+08:00][sql] SHOW FULL COLUMNS FROM `information` [ RunTime:0.001446s ]
[2023-05-28T23:38:19+08:00][sql] SELECT * FROM `information` WHERE  `id` = 2 LIMIT 1 [ RunTime:0.000277s ]
[2023-05-28T23:38:19+08:00][sql] SHOW FULL COLUMNS FROM `address` [ RunTime:0.001028s ]
[2023-05-28T23:38:19+08:00][sql] SELECT * FROM `address` WHERE  `id` = 1 LIMIT 1 [ RunTime:0.000255s ]
[2023-05-28T23:38:19+08:00][sql] SELECT * FROM `address` WHERE  `id` = 2 LIMIT 1 [ RunTime:0.000213s ]
