[2023-05-29T01:08:06+08:00][sql] CONNECT:[ UseTime:0.000461s ] mysql:host=localhost;port=3316;dbname=coffee;charset=utf8
[2023-05-29T01:08:06+08:00][sql] SHOW FULL COLUMNS FROM `information` [ RunTime:0.001504s ]
[2023-05-29T01:08:06+08:00][sql] SELECT * FROM `information` WHERE  `id` = 17 LIMIT 1 [ RunTime:0.000314s ]
[2023-05-29T01:08:06+08:00][sql] SHOW FULL COLUMNS FROM `address` [ RunTime:0.000903s ]
[2023-05-29T01:08:06+08:00][sql] SELECT * FROM `address` WHERE  `id` = 1 LIMIT 1 [ RunTime:0.000244s ]
[2023-05-29T01:08:06+08:00][sql] SELECT * FROM `address` WHERE  `id` = 2 LIMIT 1 [ RunTime:0.000223s ]
[2023-05-29T02:35:55+08:00][sql] CONNECT:[ UseTime:0.000401s ] mysql:host=localhost;port=3316;dbname=coffee;charset=utf8
[2023-05-29T02:35:55+08:00][sql] SHOW FULL COLUMNS FROM `information` [ RunTime:0.001490s ]
[2023-05-29T02:35:55+08:00][sql] SELECT * FROM `information` ORDER BY `time` DESC LIMIT 1 [ RunTime:0.000357s ]
[2023-05-29T02:35:55+08:00][sql] SHOW FULL COLUMNS FROM `topic` [ RunTime:0.000913s ]
[2023-05-29T02:35:55+08:00][sql] SELECT * FROM `topic` [ RunTime:0.000185s ]
[2023-05-29T02:35:55+08:00][sql] SELECT * FROM `information` WHERE  `topic_id` = 2 [ RunTime:0.000373s ]
[2023-05-29T02:35:55+08:00][sql] SHOW FULL COLUMNS FROM `address` [ RunTime:0.000952s ]
[2023-05-29T02:35:55+08:00][sql] SELECT * FROM `address` WHERE  `id` = 1 LIMIT 1 [ RunTime:0.000282s ]
[2023-05-29T02:35:55+08:00][sql] SELECT * FROM `address` WHERE  `id` = 2 LIMIT 1 [ RunTime:0.000224s ]
[2023-05-29T02:40:01+08:00][sql] CONNECT:[ UseTime:0.000415s ] mysql:host=localhost;port=3316;dbname=coffee;charset=utf8
[2023-05-29T02:40:01+08:00][sql] SHOW FULL COLUMNS FROM `information` [ RunTime:0.001410s ]
[2023-05-29T02:40:01+08:00][sql] SELECT * FROM `information` ORDER BY `time` DESC LIMIT 1 [ RunTime:0.000319s ]
[2023-05-29T02:40:01+08:00][sql] SHOW FULL COLUMNS FROM `topic` [ RunTime:0.000842s ]
[2023-05-29T02:40:01+08:00][sql] SELECT * FROM `topic` [ RunTime:0.000236s ]
[2023-05-29T02:40:01+08:00][sql] SELECT * FROM `information` WHERE  `topic_id` = 2 [ RunTime:0.000344s ]
[2023-05-29T02:40:01+08:00][sql] SHOW FULL COLUMNS FROM `address` [ RunTime:0.000912s ]
[2023-05-29T02:40:01+08:00][sql] SELECT * FROM `address` WHERE  `id` = 1 LIMIT 1 [ RunTime:0.000259s ]
[2023-05-29T02:40:01+08:00][sql] SELECT * FROM `address` WHERE  `id` = 2 LIMIT 1 [ RunTime:0.000228s ]
[2023-05-29T04:36:36+08:00][sql] CONNECT:[ UseTime:0.000399s ] mysql:host=localhost;port=3316;dbname=coffee;charset=utf8
[2023-05-29T04:36:36+08:00][sql] SHOW FULL COLUMNS FROM `information` [ RunTime:0.001708s ]
[2023-05-29T04:36:36+08:00][sql] SELECT * FROM `information` WHERE  `id` = 8 LIMIT 1 [ RunTime:0.000315s ]
[2023-05-29T04:36:36+08:00][sql] SHOW FULL COLUMNS FROM `address` [ RunTime:0.000941s ]
[2023-05-29T04:36:36+08:00][sql] SELECT * FROM `address` WHERE  `id` = 1 LIMIT 1 [ RunTime:0.000254s ]
[2023-05-29T04:36:36+08:00][sql] SELECT * FROM `address` WHERE  `id` = 2 LIMIT 1 [ RunTime:0.000207s ]
[2023-05-29T12:05:33+08:00][sql] CONNECT:[ UseTime:0.000421s ] mysql:host=localhost;port=3316;dbname=coffee;charset=utf8
[2023-05-29T12:05:33+08:00][sql] SHOW FULL COLUMNS FROM `information` [ RunTime:0.001907s ]
[2023-05-29T12:05:33+08:00][sql] SELECT * FROM `information` ORDER BY `time` DESC LIMIT 1 [ RunTime:0.000428s ]
[2023-05-29T12:05:33+08:00][sql] SHOW FULL COLUMNS FROM `topic` [ RunTime:0.001212s ]
[2023-05-29T12:05:33+08:00][sql] SELECT * FROM `topic` [ RunTime:0.000249s ]
[2023-05-29T12:05:33+08:00][sql] SELECT * FROM `information` WHERE  `topic_id` = 3 [ RunTime:0.000913s ]
[2023-05-29T12:05:33+08:00][sql] SHOW FULL COLUMNS FROM `address` [ RunTime:0.001305s ]
[2023-05-29T12:05:33+08:00][sql] SELECT * FROM `address` WHERE  `id` = 1 LIMIT 1 [ RunTime:0.000336s ]
[2023-05-29T12:05:33+08:00][sql] SELECT * FROM `address` WHERE  `id` = 2 LIMIT 1 [ RunTime:0.000257s ]
[2023-05-29T12:06:47+08:00][sql] CONNECT:[ UseTime:0.000448s ] mysql:host=localhost;port=3316;dbname=coffee;charset=utf8
[2023-05-29T12:06:47+08:00][sql] SHOW FULL COLUMNS FROM `information` [ RunTime:0.001390s ]
[2023-05-29T12:06:47+08:00][sql] SELECT * FROM `information` WHERE  `id` = 7 LIMIT 1 [ RunTime:0.000334s ]
[2023-05-29T12:06:47+08:00][sql] SHOW FULL COLUMNS FROM `address` [ RunTime:0.000947s ]
[2023-05-29T12:06:47+08:00][sql] SELECT * FROM `address` WHERE  `id` = 1 LIMIT 1 [ RunTime:0.000341s ]
[2023-05-29T12:06:47+08:00][sql] SELECT * FROM `address` WHERE  `id` = 2 LIMIT 1 [ RunTime:0.000254s ]
[2023-05-29T13:02:24+08:00][sql] CONNECT:[ UseTime:0.000501s ] mysql:host=localhost;port=3316;dbname=coffee;charset=utf8
[2023-05-29T13:02:24+08:00][sql] SHOW FULL COLUMNS FROM `information` [ RunTime:0.002057s ]
[2023-05-29T13:02:24+08:00][sql] SELECT * FROM `information` WHERE  `id` = 1 LIMIT 1 [ RunTime:0.000361s ]
[2023-05-29T13:02:24+08:00][sql] SHOW FULL COLUMNS FROM `address` [ RunTime:0.001447s ]
[2023-05-29T13:02:24+08:00][sql] SELECT * FROM `address` WHERE  `id` = 1 LIMIT 1 [ RunTime:0.000414s ]
[2023-05-29T13:02:24+08:00][sql] SELECT * FROM `address` WHERE  `id` = 2 LIMIT 1 [ RunTime:0.000274s ]
[2023-05-29T13:19:38+08:00][sql] CONNECT:[ UseTime:0.000544s ] mysql:host=localhost;port=3316;dbname=coffee;charset=utf8
[2023-05-29T13:19:38+08:00][sql] SHOW FULL COLUMNS FROM `information` [ RunTime:0.002065s ]
[2023-05-29T13:19:38+08:00][sql] SELECT * FROM `information` WHERE  `id` = 1 LIMIT 1 [ RunTime:0.000364s ]
[2023-05-29T13:19:38+08:00][sql] SHOW FULL COLUMNS FROM `address` [ RunTime:0.001149s ]
[2023-05-29T13:19:38+08:00][sql] SELECT * FROM `address` WHERE  `id` = 1 LIMIT 1 [ RunTime:0.000246s ]
[2023-05-29T13:19:38+08:00][sql] SELECT * FROM `address` WHERE  `id` = 2 LIMIT 1 [ RunTime:0.000212s ]
[2023-05-29T14:33:32+08:00][sql] CONNECT:[ UseTime:0.000527s ] mysql:host=localhost;port=3316;dbname=coffee;charset=utf8
[2023-05-29T14:33:32+08:00][sql] SHOW FULL COLUMNS FROM `information` [ RunTime:0.001453s ]
[2023-05-29T14:33:32+08:00][sql] SELECT * FROM `information` WHERE  `id` = 21 LIMIT 1 [ RunTime:0.000329s ]
[2023-05-29T14:33:32+08:00][sql] SHOW FULL COLUMNS FROM `address` [ RunTime:0.000940s ]
[2023-05-29T14:33:32+08:00][sql] SELECT * FROM `address` WHERE  `id` = 1 LIMIT 1 [ RunTime:0.000247s ]
[2023-05-29T14:33:32+08:00][sql] SELECT * FROM `address` WHERE  `id` = 2 LIMIT 1 [ RunTime:0.000226s ]
[2023-05-29T14:38:45+08:00][sql] CONNECT:[ UseTime:0.000410s ] mysql:host=localhost;port=3316;dbname=coffee;charset=utf8
[2023-05-29T14:38:45+08:00][sql] SHOW FULL COLUMNS FROM `information` [ RunTime:0.001422s ]
[2023-05-29T14:38:45+08:00][sql] SELECT * FROM `information` WHERE  `id` = 21 LIMIT 1 [ RunTime:0.000297s ]
[2023-05-29T14:38:45+08:00][sql] SHOW FULL COLUMNS FROM `address` [ RunTime:0.000897s ]
[2023-05-29T14:38:45+08:00][sql] SELECT * FROM `address` WHERE  `id` = 1 LIMIT 1 [ RunTime:0.000227s ]
[2023-05-29T14:38:45+08:00][sql] SELECT * FROM `address` WHERE  `id` = 2 LIMIT 1 [ RunTime:0.000248s ]
[2023-05-29T15:00:49+08:00][sql] CONNECT:[ UseTime:0.000524s ] mysql:host=localhost;port=3316;dbname=coffee;charset=utf8
[2023-05-29T15:00:49+08:00][sql] SHOW FULL COLUMNS FROM `information` [ RunTime:0.001687s ]
[2023-05-29T15:00:49+08:00][sql] SELECT * FROM `information` WHERE  `id` = 3 LIMIT 1 [ RunTime:0.000302s ]
[2023-05-29T15:00:49+08:00][sql] SHOW FULL COLUMNS FROM `address` [ RunTime:0.000989s ]
[2023-05-29T15:00:49+08:00][sql] SELECT * FROM `address` WHERE  `id` = 1 LIMIT 1 [ RunTime:0.000260s ]
[2023-05-29T15:00:49+08:00][sql] SELECT * FROM `address` WHERE  `id` = 2 LIMIT 1 [ RunTime:0.000204s ]
[2023-05-29T15:07:28+08:00][sql] CONNECT:[ UseTime:0.000458s ] mysql:host=localhost;port=3316;dbname=coffee;charset=utf8
[2023-05-29T15:07:28+08:00][sql] SHOW FULL COLUMNS FROM `information` [ RunTime:0.001406s ]
[2023-05-29T15:07:28+08:00][sql] SELECT * FROM `information` WHERE  `id` = 18 LIMIT 1 [ RunTime:0.000297s ]
[2023-05-29T15:07:28+08:00][sql] SHOW FULL COLUMNS FROM `address` [ RunTime:0.000950s ]
[2023-05-29T15:07:28+08:00][sql] SELECT * FROM `address` WHERE  `id` = 1 LIMIT 1 [ RunTime:0.000265s ]
[2023-05-29T15:07:28+08:00][sql] SELECT * FROM `address` WHERE  `id` = 2 LIMIT 1 [ RunTime:0.000202s ]
[2023-05-29T15:12:24+08:00][sql] CONNECT:[ UseTime:0.000469s ] mysql:host=localhost;port=3316;dbname=coffee;charset=utf8
[2023-05-29T15:12:24+08:00][sql] SHOW FULL COLUMNS FROM `information` [ RunTime:0.001427s ]
[2023-05-29T15:12:24+08:00][sql] SELECT * FROM `information` WHERE  `id` = 20 LIMIT 1 [ RunTime:0.000325s ]
[2023-05-29T15:12:24+08:00][sql] SHOW FULL COLUMNS FROM `address` [ RunTime:0.001040s ]
[2023-05-29T15:12:24+08:00][sql] SELECT * FROM `address` WHERE  `id` = 1 LIMIT 1 [ RunTime:0.000261s ]
[2023-05-29T15:12:24+08:00][sql] SELECT * FROM `address` WHERE  `id` = 2 LIMIT 1 [ RunTime:0.000207s ]
[2023-05-29T15:12:47+08:00][sql] CONNECT:[ UseTime:0.000470s ] mysql:host=localhost;port=3316;dbname=coffee;charset=utf8
[2023-05-29T15:12:47+08:00][sql] SHOW FULL COLUMNS FROM `information` [ RunTime:0.001439s ]
[2023-05-29T15:12:47+08:00][sql] SELECT * FROM `information` WHERE  `id` = 3 LIMIT 1 [ RunTime:0.000318s ]
[2023-05-29T15:12:47+08:00][sql] SHOW FULL COLUMNS FROM `address` [ RunTime:0.000948s ]
[2023-05-29T15:12:47+08:00][sql] SELECT * FROM `address` WHERE  `id` = 1 LIMIT 1 [ RunTime:0.000262s ]
[2023-05-29T15:12:47+08:00][sql] SELECT * FROM `address` WHERE  `id` = 2 LIMIT 1 [ RunTime:0.000255s ]
[2023-05-29T17:20:03+08:00][sql] CONNECT:[ UseTime:0.000472s ] mysql:host=localhost;port=3316;dbname=coffee;charset=utf8
[2023-05-29T17:20:03+08:00][sql] SHOW FULL COLUMNS FROM `information` [ RunTime:0.001371s ]
[2023-05-29T17:20:03+08:00][sql] SELECT * FROM `information` WHERE  `id` = 12 LIMIT 1 [ RunTime:0.000319s ]
[2023-05-29T17:20:03+08:00][sql] SHOW FULL COLUMNS FROM `address` [ RunTime:0.000967s ]
[2023-05-29T17:20:03+08:00][sql] SELECT * FROM `address` WHERE  `id` = 1 LIMIT 1 [ RunTime:0.000248s ]
[2023-05-29T17:20:03+08:00][sql] SELECT * FROM `address` WHERE  `id` = 2 LIMIT 1 [ RunTime:0.000270s ]
[2023-05-29T17:38:14+08:00][sql] CONNECT:[ UseTime:0.000489s ] mysql:host=localhost;port=3316;dbname=coffee;charset=utf8
[2023-05-29T17:38:14+08:00][sql] SHOW FULL COLUMNS FROM `information` [ RunTime:0.002013s ]
[2023-05-29T17:38:14+08:00][sql] SELECT * FROM `information` WHERE  `id` = 12 LIMIT 1 [ RunTime:0.000396s ]
[2023-05-29T17:38:14+08:00][sql] SHOW FULL COLUMNS FROM `address` [ RunTime:0.001185s ]
[2023-05-29T17:38:14+08:00][sql] SELECT * FROM `address` WHERE  `id` = 1 LIMIT 1 [ RunTime:0.000262s ]
[2023-05-29T17:38:14+08:00][sql] SELECT * FROM `address` WHERE  `id` = 2 LIMIT 1 [ RunTime:0.000218s ]
[2023-05-29T20:11:52+08:00][sql] CONNECT:[ UseTime:0.000405s ] mysql:host=localhost;port=3316;dbname=coffee;charset=utf8
[2023-05-29T20:11:52+08:00][sql] SHOW FULL COLUMNS FROM `information` [ RunTime:0.001451s ]
[2023-05-29T20:11:52+08:00][sql] SELECT * FROM `information` WHERE  `id` = 9 LIMIT 1 [ RunTime:0.000358s ]
[2023-05-29T20:11:52+08:00][sql] SHOW FULL COLUMNS FROM `address` [ RunTime:0.001013s ]
[2023-05-29T20:11:52+08:00][sql] SELECT * FROM `address` WHERE  `id` = 1 LIMIT 1 [ RunTime:0.000274s ]
[2023-05-29T20:11:52+08:00][sql] SELECT * FROM `address` WHERE  `id` = 2 LIMIT 1 [ RunTime:0.000306s ]
[2023-05-29T20:29:42+08:00][sql] CONNECT:[ UseTime:0.000422s ] mysql:host=localhost;port=3316;dbname=coffee;charset=utf8
[2023-05-29T20:29:42+08:00][sql] SHOW FULL COLUMNS FROM `information` [ RunTime:0.001480s ]
[2023-05-29T20:29:42+08:00][sql] SELECT * FROM `information` WHERE  `id` = 9 LIMIT 1 [ RunTime:0.000335s ]
[2023-05-29T20:29:42+08:00][sql] SHOW FULL COLUMNS FROM `address` [ RunTime:0.001001s ]
[2023-05-29T20:29:42+08:00][sql] SELECT * FROM `address` WHERE  `id` = 1 LIMIT 1 [ RunTime:0.000238s ]
[2023-05-29T20:29:42+08:00][sql] SELECT * FROM `address` WHERE  `id` = 2 LIMIT 1 [ RunTime:0.000219s ]
[2023-05-29T21:06:12+08:00][sql] CONNECT:[ UseTime:0.000485s ] mysql:host=localhost;port=3316;dbname=coffee;charset=utf8
[2023-05-29T21:06:12+08:00][sql] SHOW FULL COLUMNS FROM `information` [ RunTime:0.001829s ]
[2023-05-29T21:06:12+08:00][sql] SELECT * FROM `information` WHERE  `id` = 19 LIMIT 1 [ RunTime:0.000521s ]
[2023-05-29T21:06:12+08:00][sql] SHOW FULL COLUMNS FROM `address` [ RunTime:0.001045s ]
[2023-05-29T21:06:12+08:00][sql] SELECT * FROM `address` WHERE  `id` = 1 LIMIT 1 [ RunTime:0.000339s ]
[2023-05-29T21:06:12+08:00][sql] SELECT * FROM `address` WHERE  `id` = 2 LIMIT 1 [ RunTime:0.000219s ]
[2023-05-29T21:51:12+08:00][sql] CONNECT:[ UseTime:0.000580s ] mysql:host=localhost;port=3316;dbname=coffee;charset=utf8
[2023-05-29T21:51:12+08:00][sql] SHOW FULL COLUMNS FROM `information` [ RunTime:0.001713s ]
[2023-05-29T21:51:12+08:00][sql] SELECT * FROM `information` WHERE  `id` = 19 LIMIT 1 [ RunTime:0.000340s ]
[2023-05-29T21:51:12+08:00][sql] SHOW FULL COLUMNS FROM `address` [ RunTime:0.000961s ]
[2023-05-29T21:51:12+08:00][sql] SELECT * FROM `address` WHERE  `id` = 1 LIMIT 1 [ RunTime:0.000320s ]
[2023-05-29T21:51:12+08:00][sql] SELECT * FROM `address` WHERE  `id` = 2 LIMIT 1 [ RunTime:0.000250s ]
[2023-05-29T22:14:00+08:00][sql] CONNECT:[ UseTime:0.000402s ] mysql:host=localhost;port=3316;dbname=coffee;charset=utf8
[2023-05-29T22:14:00+08:00][sql] SHOW FULL COLUMNS FROM `information` [ RunTime:0.001381s ]
[2023-05-29T22:14:00+08:00][sql] SELECT * FROM `information` WHERE  `id` = 5 LIMIT 1 [ RunTime:0.000326s ]
[2023-05-29T22:14:00+08:00][sql] SHOW FULL COLUMNS FROM `address` [ RunTime:0.000946s ]
[2023-05-29T22:14:00+08:00][sql] SELECT * FROM `address` WHERE  `id` = 1 LIMIT 1 [ RunTime:0.000234s ]
[2023-05-29T22:14:00+08:00][sql] SELECT * FROM `address` WHERE  `id` = 2 LIMIT 1 [ RunTime:0.000206s ]
[2023-05-29T22:31:24+08:00][sql] CONNECT:[ UseTime:0.000464s ] mysql:host=localhost;port=3316;dbname=coffee;charset=utf8
[2023-05-29T22:31:24+08:00][sql] SHOW FULL COLUMNS FROM `information` [ RunTime:0.001612s ]
[2023-05-29T22:31:24+08:00][sql] SELECT * FROM `information` WHERE  `id` = 5 LIMIT 1 [ RunTime:0.000325s ]
[2023-05-29T22:31:24+08:00][sql] SHOW FULL COLUMNS FROM `address` [ RunTime:0.001028s ]
[2023-05-29T22:31:24+08:00][sql] SELECT * FROM `address` WHERE  `id` = 1 LIMIT 1 [ RunTime:0.000365s ]
[2023-05-29T22:31:24+08:00][sql] SELECT * FROM `address` WHERE  `id` = 2 LIMIT 1 [ RunTime:0.000218s ]
[2023-05-29T23:38:41+08:00][sql] CONNECT:[ UseTime:0.000414s ] mysql:host=localhost;port=3316;dbname=coffee;charset=utf8
[2023-05-29T23:38:41+08:00][sql] SHOW FULL COLUMNS FROM `information` [ RunTime:0.001601s ]
[2023-05-29T23:38:41+08:00][sql] SELECT * FROM `information` WHERE  `id` = 7 LIMIT 1 [ RunTime:0.000351s ]
[2023-05-29T23:38:41+08:00][sql] SHOW FULL COLUMNS FROM `address` [ RunTime:0.001407s ]
[2023-05-29T23:38:41+08:00][sql] SELECT * FROM `address` WHERE  `id` = 1 LIMIT 1 [ RunTime:0.000283s ]
[2023-05-29T23:38:41+08:00][sql] SELECT * FROM `address` WHERE  `id` = 2 LIMIT 1 [ RunTime:0.000279s ]
