[2023-01-01T00:02:19+08:00][sql] CONNECT:[ UseTime:0.000455s ] mysql:host=localhost;port=3316;dbname=coffee;charset=utf8
[2023-01-01T00:02:19+08:00][sql] SHOW FULL COLUMNS FROM `banner` [ RunTime:0.001265s ]
[2023-01-01T00:02:19+08:00][sql] SELECT * FROM `banner` [ RunTime:0.000256s ]
[2023-01-01T00:02:19+08:00][sql] SHOW FULL COLUMNS FROM `information` [ RunTime:0.001078s ]
[2023-01-01T00:02:19+08:00][sql] SELECT * FROM `information` ORDER BY `time` DESC LIMIT 1 [ RunTime:0.000325s ]
[2023-01-01T00:02:19+08:00][sql] SELECT * FROM `information` ORDER BY `time` DESC LIMIT 1,4 [ RunTime:0.000411s ]
[2023-01-01T00:02:19+08:00][sql] SHOW FULL COLUMNS FROM `course` [ RunTime:0.001116s ]
[2023-01-01T00:02:19+08:00][sql] SELECT `id`,`title` FROM `course` ORDER BY `sorting` ASC LIMIT 0,6 [ RunTime:0.000282s ]
[2023-01-01T00:02:19+08:00][sql] SHOW FULL COLUMNS FROM `teacher` [ RunTime:0.000948s ]
[2023-01-01T00:02:19+08:00][sql] SELECT * FROM `teacher` [ RunTime:0.000260s ]
[2023-01-01T00:02:19+08:00][sql] SHOW FULL COLUMNS FROM `address` [ RunTime:0.001018s ]
[2023-01-01T00:02:19+08:00][sql] SELECT * FROM `address` WHERE  `id` = 1 LIMIT 1 [ RunTime:0.000292s ]
[2023-01-01T00:02:19+08:00][sql] SELECT * FROM `address` WHERE  `id` = 2 LIMIT 1 [ RunTime:0.000302s ]
[2023-01-01T00:16:18+08:00][sql] CONNECT:[ UseTime:0.000427s ] mysql:host=localhost;port=3316;dbname=coffee;charset=utf8
[2023-01-01T00:16:18+08:00][sql] SHOW FULL COLUMNS FROM `banner` [ RunTime:0.001405s ]
[2023-01-01T00:16:18+08:00][sql] SELECT * FROM `banner` [ RunTime:0.000242s ]
[2023-01-01T00:16:18+08:00][sql] SHOW FULL COLUMNS FROM `information` [ RunTime:0.001001s ]
[2023-01-01T00:16:18+08:00][sql] SELECT * FROM `information` ORDER BY `time` DESC LIMIT 1 [ RunTime:0.000279s ]
[2023-01-01T00:16:18+08:00][sql] SELECT * FROM `information` ORDER BY `time` DESC LIMIT 1,4 [ RunTime:0.000370s ]
[2023-01-01T00:16:18+08:00][sql] SHOW FULL COLUMNS FROM `course` [ RunTime:0.001070s ]
[2023-01-01T00:16:18+08:00][sql] SELECT `id`,`title` FROM `course` ORDER BY `sorting` ASC LIMIT 0,6 [ RunTime:0.000237s ]
[2023-01-01T00:16:18+08:00][sql] SHOW FULL COLUMNS FROM `teacher` [ RunTime:0.000967s ]
[2023-01-01T00:16:18+08:00][sql] SELECT * FROM `teacher` [ RunTime:0.000227s ]
[2023-01-01T00:16:18+08:00][sql] SHOW FULL COLUMNS FROM `address` [ RunTime:0.000978s ]
[2023-01-01T00:16:18+08:00][sql] SELECT * FROM `address` WHERE  `id` = 1 LIMIT 1 [ RunTime:0.000274s ]
[2023-01-01T00:16:18+08:00][sql] SELECT * FROM `address` WHERE  `id` = 2 LIMIT 1 [ RunTime:0.000208s ]
[2023-01-01T00:43:32+08:00][sql] CONNECT:[ UseTime:0.000409s ] mysql:host=localhost;port=3316;dbname=coffee;charset=utf8
[2023-01-01T00:43:32+08:00][sql] SHOW FULL COLUMNS FROM `banner` [ RunTime:0.001307s ]
[2023-01-01T00:43:32+08:00][sql] SELECT * FROM `banner` [ RunTime:0.000251s ]
[2023-01-01T00:43:32+08:00][sql] SHOW FULL COLUMNS FROM `information` [ RunTime:0.001058s ]
[2023-01-01T00:43:32+08:00][sql] SELECT * FROM `information` ORDER BY `time` DESC LIMIT 1 [ RunTime:0.000341s ]
[2023-01-01T00:43:32+08:00][sql] SELECT * FROM `information` ORDER BY `time` DESC LIMIT 1,4 [ RunTime:0.000386s ]
[2023-01-01T00:43:32+08:00][sql] SHOW FULL COLUMNS FROM `course` [ RunTime:0.001115s ]
[2023-01-01T00:43:32+08:00][sql] SELECT `id`,`title` FROM `course` ORDER BY `sorting` ASC LIMIT 0,6 [ RunTime:0.000256s ]
[2023-01-01T00:43:32+08:00][sql] SHOW FULL COLUMNS FROM `teacher` [ RunTime:0.000915s ]
[2023-01-01T00:43:32+08:00][sql] SELECT * FROM `teacher` [ RunTime:0.000254s ]
[2023-01-01T00:43:32+08:00][sql] SHOW FULL COLUMNS FROM `address` [ RunTime:0.000931s ]
[2023-01-01T00:43:32+08:00][sql] SELECT * FROM `address` WHERE  `id` = 1 LIMIT 1 [ RunTime:0.000297s ]
[2023-01-01T00:43:32+08:00][sql] SELECT * FROM `address` WHERE  `id` = 2 LIMIT 1 [ RunTime:0.000314s ]
[2023-01-01T00:58:08+08:00][sql] CONNECT:[ UseTime:0.000365s ] mysql:host=localhost;port=3316;dbname=coffee;charset=utf8
[2023-01-01T00:58:08+08:00][sql] SHOW FULL COLUMNS FROM `banner` [ RunTime:0.001232s ]
[2023-01-01T00:58:08+08:00][sql] SELECT * FROM `banner` [ RunTime:0.000212s ]
[2023-01-01T00:58:08+08:00][sql] SHOW FULL COLUMNS FROM `information` [ RunTime:0.000944s ]
[2023-01-01T00:58:08+08:00][sql] SELECT * FROM `information` ORDER BY `time` DESC LIMIT 1 [ RunTime:0.000292s ]
[2023-01-01T00:58:08+08:00][sql] SELECT * FROM `information` ORDER BY `time` DESC LIMIT 1,4 [ RunTime:0.000313s ]
[2023-01-01T00:58:08+08:00][sql] SHOW FULL COLUMNS FROM `course` [ RunTime:0.001010s ]
[2023-01-01T00:58:08+08:00][sql] SELECT `id`,`title` FROM `course` ORDER BY `sorting` ASC LIMIT 0,6 [ RunTime:0.000211s ]
[2023-01-01T00:58:08+08:00][sql] SHOW FULL COLUMNS FROM `teacher` [ RunTime:0.000848s ]
[2023-01-01T00:58:08+08:00][sql] SELECT * FROM `teacher` [ RunTime:0.000243s ]
[2023-01-01T00:58:08+08:00][sql] SHOW FULL COLUMNS FROM `address` [ RunTime:0.000850s ]
[2023-01-01T00:58:08+08:00][sql] SELECT * FROM `address` WHERE  `id` = 1 LIMIT 1 [ RunTime:0.000237s ]
[2023-01-01T00:58:08+08:00][sql] SELECT * FROM `address` WHERE  `id` = 2 LIMIT 1 [ RunTime:0.000194s ]
[2023-01-01T02:43:30+08:00][sql] CONNECT:[ UseTime:0.000405s ] mysql:host=localhost;port=3316;dbname=coffee;charset=utf8
[2023-01-01T02:43:30+08:00][sql] SHOW FULL COLUMNS FROM `banner` [ RunTime:0.001340s ]
[2023-01-01T02:43:30+08:00][sql] SELECT * FROM `banner` [ RunTime:0.000281s ]
[2023-01-01T02:43:30+08:00][sql] SHOW FULL COLUMNS FROM `information` [ RunTime:0.001011s ]
[2023-01-01T02:43:30+08:00][sql] SELECT * FROM `information` ORDER BY `time` DESC LIMIT 1 [ RunTime:0.000324s ]
[2023-01-01T02:43:30+08:00][sql] SELECT * FROM `information` ORDER BY `time` DESC LIMIT 1,4 [ RunTime:0.000413s ]
[2023-01-01T02:43:30+08:00][sql] SHOW FULL COLUMNS FROM `course` [ RunTime:0.001106s ]
[2023-01-01T02:43:30+08:00][sql] SELECT `id`,`title` FROM `course` ORDER BY `sorting` ASC LIMIT 0,6 [ RunTime:0.000269s ]
[2023-01-01T02:43:30+08:00][sql] SHOW FULL COLUMNS FROM `teacher` [ RunTime:0.000975s ]
[2023-01-01T02:43:30+08:00][sql] SELECT * FROM `teacher` [ RunTime:0.000282s ]
[2023-01-01T02:43:30+08:00][sql] SHOW FULL COLUMNS FROM `address` [ RunTime:0.000924s ]
[2023-01-01T02:43:30+08:00][sql] SELECT * FROM `address` WHERE  `id` = 1 LIMIT 1 [ RunTime:0.000317s ]
[2023-01-01T02:43:30+08:00][sql] SELECT * FROM `address` WHERE  `id` = 2 LIMIT 1 [ RunTime:0.000251s ]
[2023-01-01T02:55:06+08:00][sql] CONNECT:[ UseTime:0.000368s ] mysql:host=localhost;port=3316;dbname=coffee;charset=utf8
[2023-01-01T02:55:06+08:00][sql] SHOW FULL COLUMNS FROM `banner` [ RunTime:0.001225s ]
[2023-01-01T02:55:06+08:00][sql] SELECT * FROM `banner` [ RunTime:0.000224s ]
[2023-01-01T02:55:06+08:00][sql] SHOW FULL COLUMNS FROM `information` [ RunTime:0.001062s ]
[2023-01-01T02:55:06+08:00][sql] SELECT * FROM `information` ORDER BY `time` DESC LIMIT 1 [ RunTime:0.000316s ]
[2023-01-01T02:55:06+08:00][sql] SELECT * FROM `information` ORDER BY `time` DESC LIMIT 1,4 [ RunTime:0.000342s ]
[2023-01-01T02:55:06+08:00][sql] SHOW FULL COLUMNS FROM `course` [ RunTime:0.001051s ]
[2023-01-01T02:55:06+08:00][sql] SELECT `id`,`title` FROM `course` ORDER BY `sorting` ASC LIMIT 0,6 [ RunTime:0.000221s ]
[2023-01-01T02:55:06+08:00][sql] SHOW FULL COLUMNS FROM `teacher` [ RunTime:0.000891s ]
[2023-01-01T02:55:06+08:00][sql] SELECT * FROM `teacher` [ RunTime:0.000260s ]
[2023-01-01T02:55:06+08:00][sql] SHOW FULL COLUMNS FROM `address` [ RunTime:0.000968s ]
[2023-01-01T02:55:06+08:00][sql] SELECT * FROM `address` WHERE  `id` = 1 LIMIT 1 [ RunTime:0.000256s ]
[2023-01-01T02:55:06+08:00][sql] SELECT * FROM `address` WHERE  `id` = 2 LIMIT 1 [ RunTime:0.000220s ]
[2023-01-01T03:02:47+08:00][sql] CONNECT:[ UseTime:0.000382s ] mysql:host=localhost;port=3316;dbname=coffee;charset=utf8
[2023-01-01T03:02:47+08:00][sql] SHOW FULL COLUMNS FROM `banner` [ RunTime:0.001239s ]
[2023-01-01T03:02:47+08:00][sql] SELECT * FROM `banner` [ RunTime:0.000209s ]
[2023-01-01T03:02:47+08:00][sql] SHOW FULL COLUMNS FROM `information` [ RunTime:0.000962s ]
[2023-01-01T03:02:47+08:00][sql] SELECT * FROM `information` ORDER BY `time` DESC LIMIT 1 [ RunTime:0.000303s ]
[2023-01-01T03:02:47+08:00][sql] SELECT * FROM `information` ORDER BY `time` DESC LIMIT 1,4 [ RunTime:0.000325s ]
[2023-01-01T03:02:47+08:00][sql] SHOW FULL COLUMNS FROM `course` [ RunTime:0.001027s ]
[2023-01-01T03:02:47+08:00][sql] SELECT `id`,`title` FROM `course` ORDER BY `sorting` ASC LIMIT 0,6 [ RunTime:0.000265s ]
[2023-01-01T03:02:47+08:00][sql] SHOW FULL COLUMNS FROM `teacher` [ RunTime:0.000990s ]
[2023-01-01T03:02:47+08:00][sql] SELECT * FROM `teacher` [ RunTime:0.000224s ]
[2023-01-01T03:02:47+08:00][sql] SHOW FULL COLUMNS FROM `address` [ RunTime:0.000900s ]
[2023-01-01T03:02:47+08:00][sql] SELECT * FROM `address` WHERE  `id` = 1 LIMIT 1 [ RunTime:0.000240s ]
[2023-01-01T03:02:47+08:00][sql] SELECT * FROM `address` WHERE  `id` = 2 LIMIT 1 [ RunTime:0.000240s ]
[2023-01-01T03:03:59+08:00][sql] CONNECT:[ UseTime:0.000412s ] mysql:host=localhost;port=3316;dbname=coffee;charset=utf8
[2023-01-01T03:03:59+08:00][sql] SHOW FULL COLUMNS FROM `banner` [ RunTime:0.001240s ]
[2023-01-01T03:03:59+08:00][sql] SELECT * FROM `banner` [ RunTime:0.000279s ]
[2023-01-01T03:03:59+08:00][sql] SHOW FULL COLUMNS FROM `information` [ RunTime:0.000988s ]
[2023-01-01T03:03:59+08:00][sql] SELECT * FROM `information` ORDER BY `time` DESC LIMIT 1 [ RunTime:0.000383s ]
[2023-01-01T03:03:59+08:00][sql] SELECT * FROM `information` ORDER BY `time` DESC LIMIT 1,4 [ RunTime:0.000389s ]
[2023-01-01T03:03:59+08:00][sql] SHOW FULL COLUMNS FROM `course` [ RunTime:0.001080s ]
[2023-01-01T03:03:59+08:00][sql] SELECT `id`,`title` FROM `course` ORDER BY `sorting` ASC LIMIT 0,6 [ RunTime:0.000261s ]
[2023-01-01T03:03:59+08:00][sql] SHOW FULL COLUMNS FROM `teacher` [ RunTime:0.000984s ]
[2023-01-01T03:03:59+08:00][sql] SELECT * FROM `teacher` [ RunTime:0.000272s ]
[2023-01-01T03:03:59+08:00][sql] SHOW FULL COLUMNS FROM `address` [ RunTime:0.000953s ]
[2023-01-01T03:03:59+08:00][sql] SELECT * FROM `address` WHERE  `id` = 1 LIMIT 1 [ RunTime:0.000300s ]
[2023-01-01T03:03:59+08:00][sql] SELECT * FROM `address` WHERE  `id` = 2 LIMIT 1 [ RunTime:0.000250s ]
[2023-01-01T03:07:51+08:00][sql] CONNECT:[ UseTime:0.000397s ] mysql:host=localhost;port=3316;dbname=coffee;charset=utf8
[2023-01-01T03:07:51+08:00][sql] SHOW FULL COLUMNS FROM `banner` [ RunTime:0.001260s ]
[2023-01-01T03:07:51+08:00][sql] SELECT * FROM `banner` [ RunTime:0.000248s ]
[2023-01-01T03:07:51+08:00][sql] SHOW FULL COLUMNS FROM `information` [ RunTime:0.001047s ]
[2023-01-01T03:07:51+08:00][sql] SELECT * FROM `information` ORDER BY `time` DESC LIMIT 1 [ RunTime:0.000320s ]
[2023-01-01T03:07:51+08:00][sql] SELECT * FROM `information` ORDER BY `time` DESC LIMIT 1,4 [ RunTime:0.000384s ]
[2023-01-01T03:07:51+08:00][sql] SHOW FULL COLUMNS FROM `course` [ RunTime:0.001059s ]
[2023-01-01T03:07:51+08:00][sql] SELECT `id`,`title` FROM `course` ORDER BY `sorting` ASC LIMIT 0,6 [ RunTime:0.000281s ]
[2023-01-01T03:07:51+08:00][sql] SHOW FULL COLUMNS FROM `teacher` [ RunTime:0.000933s ]
[2023-01-01T03:07:51+08:00][sql] SELECT * FROM `teacher` [ RunTime:0.000270s ]
[2023-01-01T03:07:51+08:00][sql] SHOW FULL COLUMNS FROM `address` [ RunTime:0.000916s ]
[2023-01-01T03:07:51+08:00][sql] SELECT * FROM `address` WHERE  `id` = 1 LIMIT 1 [ RunTime:0.000274s ]
[2023-01-01T03:07:51+08:00][sql] SELECT * FROM `address` WHERE  `id` = 2 LIMIT 1 [ RunTime:0.000261s ]
[2023-01-01T03:54:37+08:00][sql] CONNECT:[ UseTime:0.007235s ] mysql:host=localhost;port=3316;dbname=coffee;charset=utf8
[2023-01-01T03:54:37+08:00][sql] SHOW FULL COLUMNS FROM `banner` [ RunTime:0.001798s ]
[2023-01-01T03:54:37+08:00][sql] SELECT * FROM `banner` [ RunTime:0.000334s ]
[2023-01-01T03:54:37+08:00][sql] SHOW FULL COLUMNS FROM `information` [ RunTime:0.001414s ]
[2023-01-01T03:54:37+08:00][sql] SELECT * FROM `information` ORDER BY `time` DESC LIMIT 1 [ RunTime:0.000535s ]
[2023-01-01T03:54:37+08:00][sql] SELECT * FROM `information` ORDER BY `time` DESC LIMIT 1,4 [ RunTime:0.000626s ]
[2023-01-01T03:54:37+08:00][sql] SHOW FULL COLUMNS FROM `course` [ RunTime:0.001809s ]
[2023-01-01T03:54:37+08:00][sql] SELECT `id`,`title` FROM `course` ORDER BY `sorting` ASC LIMIT 0,6 [ RunTime:0.000411s ]
[2023-01-01T03:54:37+08:00][sql] SHOW FULL COLUMNS FROM `teacher` [ RunTime:0.001435s ]
[2023-01-01T03:54:37+08:00][sql] SELECT * FROM `teacher` [ RunTime:0.000406s ]
[2023-01-01T03:54:37+08:00][sql] SHOW FULL COLUMNS FROM `address` [ RunTime:0.001443s ]
[2023-01-01T03:54:37+08:00][sql] SELECT * FROM `address` WHERE  `id` = 1 LIMIT 1 [ RunTime:0.000466s ]
[2023-01-01T03:54:37+08:00][sql] SELECT * FROM `address` WHERE  `id` = 2 LIMIT 1 [ RunTime:0.000391s ]
[2023-01-01T03:54:44+08:00][sql] CONNECT:[ UseTime:0.000425s ] mysql:host=localhost;port=3316;dbname=coffee;charset=utf8
[2023-01-01T03:54:44+08:00][sql] SHOW FULL COLUMNS FROM `banner` [ RunTime:0.001277s ]
[2023-01-01T03:54:44+08:00][sql] SELECT * FROM `banner` [ RunTime:0.000261s ]
[2023-01-01T03:54:44+08:00][sql] SHOW FULL COLUMNS FROM `information` [ RunTime:0.001005s ]
[2023-01-01T03:54:44+08:00][sql] SELECT * FROM `information` ORDER BY `time` DESC LIMIT 1 [ RunTime:0.000314s ]
[2023-01-01T03:54:44+08:00][sql] SELECT * FROM `information` ORDER BY `time` DESC LIMIT 1,4 [ RunTime:0.000400s ]
[2023-01-01T03:54:44+08:00][sql] SHOW FULL COLUMNS FROM `course` [ RunTime:0.001067s ]
[2023-01-01T03:54:44+08:00][sql] SELECT `id`,`title` FROM `course` ORDER BY `sorting` ASC LIMIT 0,6 [ RunTime:0.000270s ]
[2023-01-01T03:54:44+08:00][sql] SHOW FULL COLUMNS FROM `teacher` [ RunTime:0.000912s ]
[2023-01-01T03:54:44+08:00][sql] SELECT * FROM `teacher` [ RunTime:0.000336s ]
[2023-01-01T03:54:44+08:00][sql] SHOW FULL COLUMNS FROM `address` [ RunTime:0.000972s ]
[2023-01-01T03:54:44+08:00][sql] SELECT * FROM `address` WHERE  `id` = 1 LIMIT 1 [ RunTime:0.000278s ]
[2023-01-01T03:54:44+08:00][sql] SELECT * FROM `address` WHERE  `id` = 2 LIMIT 1 [ RunTime:0.000244s ]
[2023-01-01T04:18:24+08:00][sql] CONNECT:[ UseTime:0.000368s ] mysql:host=localhost;port=3316;dbname=coffee;charset=utf8
[2023-01-01T04:18:24+08:00][sql] SHOW FULL COLUMNS FROM `banner` [ RunTime:0.001325s ]
[2023-01-01T04:18:24+08:00][sql] SELECT * FROM `banner` [ RunTime:0.000273s ]
[2023-01-01T04:18:24+08:00][sql] SHOW FULL COLUMNS FROM `information` [ RunTime:0.001016s ]
[2023-01-01T04:18:24+08:00][sql] SELECT * FROM `information` ORDER BY `time` DESC LIMIT 1 [ RunTime:0.000347s ]
[2023-01-01T04:18:24+08:00][sql] SELECT * FROM `information` ORDER BY `time` DESC LIMIT 1,4 [ RunTime:0.000377s ]
[2023-01-01T04:18:24+08:00][sql] SHOW FULL COLUMNS FROM `course` [ RunTime:0.001076s ]
[2023-01-01T04:18:24+08:00][sql] SELECT `id`,`title` FROM `course` ORDER BY `sorting` ASC LIMIT 0,6 [ RunTime:0.000274s ]
[2023-01-01T04:18:24+08:00][sql] SHOW FULL COLUMNS FROM `teacher` [ RunTime:0.000909s ]
[2023-01-01T04:18:24+08:00][sql] SELECT * FROM `teacher` [ RunTime:0.000256s ]
[2023-01-01T04:18:24+08:00][sql] SHOW FULL COLUMNS FROM `address` [ RunTime:0.000940s ]
[2023-01-01T04:18:24+08:00][sql] SELECT * FROM `address` WHERE  `id` = 1 LIMIT 1 [ RunTime:0.000278s ]
[2023-01-01T04:18:24+08:00][sql] SELECT * FROM `address` WHERE  `id` = 2 LIMIT 1 [ RunTime:0.000272s ]
[2023-01-01T04:40:52+08:00][sql] CONNECT:[ UseTime:0.000384s ] mysql:host=localhost;port=3316;dbname=coffee;charset=utf8
[2023-01-01T04:40:52+08:00][sql] SHOW FULL COLUMNS FROM `banner` [ RunTime:0.001263s ]
[2023-01-01T04:40:52+08:00][sql] SELECT * FROM `banner` [ RunTime:0.000255s ]
[2023-01-01T04:40:52+08:00][sql] SHOW FULL COLUMNS FROM `information` [ RunTime:0.000999s ]
[2023-01-01T04:40:52+08:00][sql] SELECT * FROM `information` ORDER BY `time` DESC LIMIT 1 [ RunTime:0.000317s ]
[2023-01-01T04:40:52+08:00][sql] SELECT * FROM `information` ORDER BY `time` DESC LIMIT 1,4 [ RunTime:0.000382s ]
[2023-01-01T04:40:52+08:00][sql] SHOW FULL COLUMNS FROM `course` [ RunTime:0.001079s ]
[2023-01-01T04:40:52+08:00][sql] SELECT `id`,`title` FROM `course` ORDER BY `sorting` ASC LIMIT 0,6 [ RunTime:0.000264s ]
[2023-01-01T04:40:52+08:00][sql] SHOW FULL COLUMNS FROM `teacher` [ RunTime:0.000922s ]
[2023-01-01T04:40:52+08:00][sql] SELECT * FROM `teacher` [ RunTime:0.000262s ]
[2023-01-01T04:40:52+08:00][sql] SHOW FULL COLUMNS FROM `address` [ RunTime:0.000940s ]
[2023-01-01T04:40:52+08:00][sql] SELECT * FROM `address` WHERE  `id` = 1 LIMIT 1 [ RunTime:0.000287s ]
[2023-01-01T04:40:52+08:00][sql] SELECT * FROM `address` WHERE  `id` = 2 LIMIT 1 [ RunTime:0.000255s ]
[2023-01-01T04:40:53+08:00][sql] CONNECT:[ UseTime:0.000441s ] mysql:host=localhost;port=3316;dbname=coffee;charset=utf8
[2023-01-01T04:40:53+08:00][sql] SHOW FULL COLUMNS FROM `banner` [ RunTime:0.001212s ]
[2023-01-01T04:40:53+08:00][sql] SELECT * FROM `banner` [ RunTime:0.000213s ]
[2023-01-01T04:40:53+08:00][sql] SHOW FULL COLUMNS FROM `information` [ RunTime:0.000927s ]
[2023-01-01T04:40:53+08:00][sql] SELECT * FROM `information` ORDER BY `time` DESC LIMIT 1 [ RunTime:0.000274s ]
[2023-01-01T04:40:53+08:00][sql] SELECT * FROM `information` ORDER BY `time` DESC LIMIT 1,4 [ RunTime:0.000330s ]
[2023-01-01T04:40:53+08:00][sql] SHOW FULL COLUMNS FROM `course` [ RunTime:0.001040s ]
[2023-01-01T04:40:53+08:00][sql] SELECT `id`,`title` FROM `course` ORDER BY `sorting` ASC LIMIT 0,6 [ RunTime:0.000249s ]
[2023-01-01T04:40:53+08:00][sql] SHOW FULL COLUMNS FROM `teacher` [ RunTime:0.000947s ]
[2023-01-01T04:40:53+08:00][sql] SELECT * FROM `teacher` [ RunTime:0.000263s ]
[2023-01-01T04:40:53+08:00][sql] SHOW FULL COLUMNS FROM `address` [ RunTime:0.000995s ]
[2023-01-01T04:40:53+08:00][sql] SELECT * FROM `address` WHERE  `id` = 1 LIMIT 1 [ RunTime:0.000275s ]
[2023-01-01T04:40:53+08:00][sql] SELECT * FROM `address` WHERE  `id` = 2 LIMIT 1 [ RunTime:0.000312s ]
[2023-01-01T05:16:51+08:00][sql] CONNECT:[ UseTime:0.000377s ] mysql:host=localhost;port=3316;dbname=coffee;charset=utf8
[2023-01-01T05:16:51+08:00][sql] SHOW FULL COLUMNS FROM `banner` [ RunTime:0.001236s ]
[2023-01-01T05:16:51+08:00][sql] SELECT * FROM `banner` [ RunTime:0.000245s ]
[2023-01-01T05:16:51+08:00][sql] SHOW FULL COLUMNS FROM `information` [ RunTime:0.000957s ]
[2023-01-01T05:16:51+08:00][sql] SELECT * FROM `information` ORDER BY `time` DESC LIMIT 1 [ RunTime:0.000303s ]
[2023-01-01T05:16:51+08:00][sql] SELECT * FROM `information` ORDER BY `time` DESC LIMIT 1,4 [ RunTime:0.000354s ]
[2023-01-01T05:16:51+08:00][sql] SHOW FULL COLUMNS FROM `course` [ RunTime:0.001135s ]
[2023-01-01T05:16:51+08:00][sql] SELECT `id`,`title` FROM `course` ORDER BY `sorting` ASC LIMIT 0,6 [ RunTime:0.000228s ]
[2023-01-01T05:16:51+08:00][sql] SHOW FULL COLUMNS FROM `teacher` [ RunTime:0.000928s ]
[2023-01-01T05:16:51+08:00][sql] SELECT * FROM `teacher` [ RunTime:0.000252s ]
[2023-01-01T05:16:51+08:00][sql] SHOW FULL COLUMNS FROM `address` [ RunTime:0.000914s ]
[2023-01-01T05:16:51+08:00][sql] SELECT * FROM `address` WHERE  `id` = 1 LIMIT 1 [ RunTime:0.000241s ]
[2023-01-01T05:16:51+08:00][sql] SELECT * FROM `address` WHERE  `id` = 2 LIMIT 1 [ RunTime:0.000213s ]
[2023-01-01T05:16:52+08:00][sql] CONNECT:[ UseTime:0.000419s ] mysql:host=localhost;port=3316;dbname=coffee;charset=utf8
[2023-01-01T05:16:52+08:00][sql] SHOW FULL COLUMNS FROM `banner` [ RunTime:0.001289s ]
[2023-01-01T05:16:52+08:00][sql] SELECT * FROM `banner` [ RunTime:0.000290s ]
[2023-01-01T05:16:52+08:00][sql] SHOW FULL COLUMNS FROM `information` [ RunTime:0.001002s ]
[2023-01-01T05:16:52+08:00][sql] SELECT * FROM `information` ORDER BY `time` DESC LIMIT 1 [ RunTime:0.000321s ]
[2023-01-01T05:16:52+08:00][sql] SELECT * FROM `information` ORDER BY `time` DESC LIMIT 1,4 [ RunTime:0.000404s ]
[2023-01-01T05:16:52+08:00][sql] SHOW FULL COLUMNS FROM `course` [ RunTime:0.001148s ]
[2023-01-01T05:16:52+08:00][sql] SELECT `id`,`title` FROM `course` ORDER BY `sorting` ASC LIMIT 0,6 [ RunTime:0.000277s ]
[2023-01-01T05:16:52+08:00][sql] SHOW FULL COLUMNS FROM `teacher` [ RunTime:0.000922s ]
[2023-01-01T05:16:52+08:00][sql] SELECT * FROM `teacher` [ RunTime:0.000297s ]
[2023-01-01T05:16:52+08:00][sql] SHOW FULL COLUMNS FROM `address` [ RunTime:0.000971s ]
[2023-01-01T05:16:52+08:00][sql] SELECT * FROM `address` WHERE  `id` = 1 LIMIT 1 [ RunTime:0.000277s ]
[2023-01-01T05:16:52+08:00][sql] SELECT * FROM `address` WHERE  `id` = 2 LIMIT 1 [ RunTime:0.000241s ]
[2023-01-01T06:15:29+08:00][sql] CONNECT:[ UseTime:0.000443s ] mysql:host=localhost;port=3316;dbname=coffee;charset=utf8
[2023-01-01T06:15:29+08:00][sql] SHOW FULL COLUMNS FROM `banner` [ RunTime:0.001287s ]
[2023-01-01T06:15:29+08:00][sql] SELECT * FROM `banner` [ RunTime:0.000233s ]
[2023-01-01T06:15:29+08:00][sql] SHOW FULL COLUMNS FROM `information` [ RunTime:0.001077s ]
[2023-01-01T06:15:29+08:00][sql] SELECT * FROM `information` ORDER BY `time` DESC LIMIT 1 [ RunTime:0.000329s ]
[2023-01-01T06:15:29+08:00][sql] SELECT * FROM `information` ORDER BY `time` DESC LIMIT 1,4 [ RunTime:0.000381s ]
[2023-01-01T06:15:29+08:00][sql] SHOW FULL COLUMNS FROM `course` [ RunTime:0.001175s ]
[2023-01-01T06:15:29+08:00][sql] SELECT `id`,`title` FROM `course` ORDER BY `sorting` ASC LIMIT 0,6 [ RunTime:0.000264s ]
[2023-01-01T06:15:29+08:00][sql] SHOW FULL COLUMNS FROM `teacher` [ RunTime:0.000959s ]
[2023-01-01T06:15:29+08:00][sql] SELECT * FROM `teacher` [ RunTime:0.000262s ]
[2023-01-01T06:15:29+08:00][sql] SHOW FULL COLUMNS FROM `address` [ RunTime:0.000994s ]
[2023-01-01T06:15:29+08:00][sql] SELECT * FROM `address` WHERE  `id` = 1 LIMIT 1 [ RunTime:0.000286s ]
[2023-01-01T06:15:29+08:00][sql] SELECT * FROM `address` WHERE  `id` = 2 LIMIT 1 [ RunTime:0.000246s ]
[2023-01-01T07:08:21+08:00][sql] CONNECT:[ UseTime:0.000403s ] mysql:host=localhost;port=3316;dbname=coffee;charset=utf8
[2023-01-01T07:08:21+08:00][sql] SHOW FULL COLUMNS FROM `banner` [ RunTime:0.001227s ]
[2023-01-01T07:08:21+08:00][sql] SELECT * FROM `banner` [ RunTime:0.000252s ]
[2023-01-01T07:08:21+08:00][sql] SHOW FULL COLUMNS FROM `information` [ RunTime:0.001013s ]
[2023-01-01T07:08:21+08:00][sql] SELECT * FROM `information` ORDER BY `time` DESC LIMIT 1 [ RunTime:0.000325s ]
[2023-01-01T07:08:21+08:00][sql] SELECT * FROM `information` ORDER BY `time` DESC LIMIT 1,4 [ RunTime:0.000407s ]
[2023-01-01T07:08:21+08:00][sql] SHOW FULL COLUMNS FROM `course` [ RunTime:0.001195s ]
[2023-01-01T07:08:21+08:00][sql] SELECT `id`,`title` FROM `course` ORDER BY `sorting` ASC LIMIT 0,6 [ RunTime:0.000320s ]
[2023-01-01T07:08:21+08:00][sql] SHOW FULL COLUMNS FROM `teacher` [ RunTime:0.001643s ]
[2023-01-01T07:08:21+08:00][sql] SELECT * FROM `teacher` [ RunTime:0.000265s ]
[2023-01-01T07:08:21+08:00][sql] SHOW FULL COLUMNS FROM `address` [ RunTime:0.000934s ]
[2023-01-01T07:08:21+08:00][sql] SELECT * FROM `address` WHERE  `id` = 1 LIMIT 1 [ RunTime:0.000286s ]
[2023-01-01T07:08:21+08:00][sql] SELECT * FROM `address` WHERE  `id` = 2 LIMIT 1 [ RunTime:0.000252s ]
[2023-01-01T08:13:51+08:00][sql] CONNECT:[ UseTime:0.000463s ] mysql:host=localhost;port=3316;dbname=coffee;charset=utf8
[2023-01-01T08:13:51+08:00][sql] SHOW FULL COLUMNS FROM `banner` [ RunTime:0.001325s ]
[2023-01-01T08:13:51+08:00][sql] SELECT * FROM `banner` [ RunTime:0.001002s ]
[2023-01-01T08:13:51+08:00][sql] SHOW FULL COLUMNS FROM `information` [ RunTime:0.001269s ]
[2023-01-01T08:13:51+08:00][sql] SELECT * FROM `information` ORDER BY `time` DESC LIMIT 1 [ RunTime:0.000355s ]
[2023-01-01T08:13:51+08:00][sql] SELECT * FROM `information` ORDER BY `time` DESC LIMIT 1,4 [ RunTime:0.000426s ]
[2023-01-01T08:13:51+08:00][sql] SHOW FULL COLUMNS FROM `course` [ RunTime:0.001369s ]
[2023-01-01T08:13:51+08:00][sql] SELECT `id`,`title` FROM `course` ORDER BY `sorting` ASC LIMIT 0,6 [ RunTime:0.000262s ]
[2023-01-01T08:13:51+08:00][sql] SHOW FULL COLUMNS FROM `teacher` [ RunTime:0.001149s ]
[2023-01-01T08:13:51+08:00][sql] SELECT * FROM `teacher` [ RunTime:0.000295s ]
[2023-01-01T08:13:51+08:00][sql] SHOW FULL COLUMNS FROM `address` [ RunTime:0.001152s ]
[2023-01-01T08:13:51+08:00][sql] SELECT * FROM `address` WHERE  `id` = 1 LIMIT 1 [ RunTime:0.000297s ]
[2023-01-01T08:13:51+08:00][sql] SELECT * FROM `address` WHERE  `id` = 2 LIMIT 1 [ RunTime:0.000547s ]
[2023-01-01T08:37:48+08:00][sql] CONNECT:[ UseTime:0.000369s ] mysql:host=localhost;port=3316;dbname=coffee;charset=utf8
[2023-01-01T08:37:48+08:00][sql] SHOW FULL COLUMNS FROM `banner` [ RunTime:0.001380s ]
[2023-01-01T08:37:48+08:00][sql] SELECT * FROM `banner` [ RunTime:0.000247s ]
[2023-01-01T08:37:48+08:00][sql] SHOW FULL COLUMNS FROM `information` [ RunTime:0.001021s ]
[2023-01-01T08:37:48+08:00][sql] SELECT * FROM `information` ORDER BY `time` DESC LIMIT 1 [ RunTime:0.000327s ]
[2023-01-01T08:37:48+08:00][sql] SELECT * FROM `information` ORDER BY `time` DESC LIMIT 1,4 [ RunTime:0.000375s ]
[2023-01-01T08:37:48+08:00][sql] SHOW FULL COLUMNS FROM `course` [ RunTime:0.001046s ]
[2023-01-01T08:37:48+08:00][sql] SELECT `id`,`title` FROM `course` ORDER BY `sorting` ASC LIMIT 0,6 [ RunTime:0.000222s ]
[2023-01-01T08:37:48+08:00][sql] SHOW FULL COLUMNS FROM `teacher` [ RunTime:0.000920s ]
[2023-01-01T08:37:48+08:00][sql] SELECT * FROM `teacher` [ RunTime:0.000228s ]
[2023-01-01T08:37:48+08:00][sql] SHOW FULL COLUMNS FROM `address` [ RunTime:0.000982s ]
[2023-01-01T08:37:48+08:00][sql] SELECT * FROM `address` WHERE  `id` = 1 LIMIT 1 [ RunTime:0.000266s ]
[2023-01-01T08:37:48+08:00][sql] SELECT * FROM `address` WHERE  `id` = 2 LIMIT 1 [ RunTime:0.000209s ]
[2023-01-01T08:37:48+08:00][sql] CONNECT:[ UseTime:0.000393s ] mysql:host=localhost;port=3316;dbname=coffee;charset=utf8
[2023-01-01T08:37:48+08:00][sql] SHOW FULL COLUMNS FROM `banner` [ RunTime:0.001237s ]
[2023-01-01T08:37:48+08:00][sql] SELECT * FROM `banner` [ RunTime:0.000227s ]
[2023-01-01T08:37:48+08:00][sql] SHOW FULL COLUMNS FROM `information` [ RunTime:0.000983s ]
[2023-01-01T08:37:48+08:00][sql] SELECT * FROM `information` ORDER BY `time` DESC LIMIT 1 [ RunTime:0.000299s ]
[2023-01-01T08:37:48+08:00][sql] SELECT * FROM `information` ORDER BY `time` DESC LIMIT 1,4 [ RunTime:0.000354s ]
[2023-01-01T08:37:48+08:00][sql] SHOW FULL COLUMNS FROM `course` [ RunTime:0.001026s ]
[2023-01-01T08:37:48+08:00][sql] SELECT `id`,`title` FROM `course` ORDER BY `sorting` ASC LIMIT 0,6 [ RunTime:0.000233s ]
[2023-01-01T08:37:48+08:00][sql] SHOW FULL COLUMNS FROM `teacher` [ RunTime:0.000899s ]
[2023-01-01T08:37:48+08:00][sql] SELECT * FROM `teacher` [ RunTime:0.000239s ]
[2023-01-01T08:37:48+08:00][sql] SHOW FULL COLUMNS FROM `address` [ RunTime:0.000918s ]
[2023-01-01T08:37:48+08:00][sql] SELECT * FROM `address` WHERE  `id` = 1 LIMIT 1 [ RunTime:0.000231s ]
[2023-01-01T08:37:48+08:00][sql] SELECT * FROM `address` WHERE  `id` = 2 LIMIT 1 [ RunTime:0.000197s ]
[2023-01-01T08:55:34+08:00][sql] CONNECT:[ UseTime:0.000388s ] mysql:host=localhost;port=3316;dbname=coffee;charset=utf8
[2023-01-01T08:55:34+08:00][sql] SHOW FULL COLUMNS FROM `banner` [ RunTime:0.001218s ]
[2023-01-01T08:55:34+08:00][sql] SELECT * FROM `banner` [ RunTime:0.000253s ]
[2023-01-01T08:55:34+08:00][sql] SHOW FULL COLUMNS FROM `information` [ RunTime:0.000993s ]
[2023-01-01T08:55:34+08:00][sql] SELECT * FROM `information` ORDER BY `time` DESC LIMIT 1 [ RunTime:0.000283s ]
[2023-01-01T08:55:34+08:00][sql] SELECT * FROM `information` ORDER BY `time` DESC LIMIT 1,4 [ RunTime:0.000422s ]
[2023-01-01T08:55:34+08:00][sql] SHOW FULL COLUMNS FROM `course` [ RunTime:0.001152s ]
[2023-01-01T08:55:34+08:00][sql] SELECT `id`,`title` FROM `course` ORDER BY `sorting` ASC LIMIT 0,6 [ RunTime:0.000265s ]
[2023-01-01T08:55:34+08:00][sql] SHOW FULL COLUMNS FROM `teacher` [ RunTime:0.000928s ]
[2023-01-01T08:55:34+08:00][sql] SELECT * FROM `teacher` [ RunTime:0.000237s ]
[2023-01-01T08:55:34+08:00][sql] SHOW FULL COLUMNS FROM `address` [ RunTime:0.000969s ]
[2023-01-01T08:55:34+08:00][sql] SELECT * FROM `address` WHERE  `id` = 1 LIMIT 1 [ RunTime:0.000274s ]
[2023-01-01T08:55:34+08:00][sql] SELECT * FROM `address` WHERE  `id` = 2 LIMIT 1 [ RunTime:0.000247s ]
[2023-01-01T08:56:23+08:00][sql] CONNECT:[ UseTime:0.000367s ] mysql:host=localhost;port=3316;dbname=coffee;charset=utf8
[2023-01-01T08:56:23+08:00][sql] SHOW FULL COLUMNS FROM `banner` [ RunTime:0.001228s ]
[2023-01-01T08:56:23+08:00][sql] SELECT * FROM `banner` [ RunTime:0.000280s ]
[2023-01-01T08:56:23+08:00][sql] SHOW FULL COLUMNS FROM `information` [ RunTime:0.000954s ]
[2023-01-01T08:56:23+08:00][sql] SELECT * FROM `information` ORDER BY `time` DESC LIMIT 1 [ RunTime:0.000282s ]
[2023-01-01T08:56:23+08:00][sql] SELECT * FROM `information` ORDER BY `time` DESC LIMIT 1,4 [ RunTime:0.000362s ]
[2023-01-01T08:56:23+08:00][sql] SHOW FULL COLUMNS FROM `course` [ RunTime:0.001088s ]
[2023-01-01T08:56:23+08:00][sql] SELECT `id`,`title` FROM `course` ORDER BY `sorting` ASC LIMIT 0,6 [ RunTime:0.000232s ]
[2023-01-01T08:56:23+08:00][sql] SHOW FULL COLUMNS FROM `teacher` [ RunTime:0.000907s ]
[2023-01-01T08:56:23+08:00][sql] SELECT * FROM `teacher` [ RunTime:0.000278s ]
[2023-01-01T08:56:23+08:00][sql] SHOW FULL COLUMNS FROM `address` [ RunTime:0.000939s ]
[2023-01-01T08:56:23+08:00][sql] SELECT * FROM `address` WHERE  `id` = 1 LIMIT 1 [ RunTime:0.000244s ]
[2023-01-01T08:56:23+08:00][sql] SELECT * FROM `address` WHERE  `id` = 2 LIMIT 1 [ RunTime:0.000206s ]
[2023-01-01T09:27:06+08:00][sql] CONNECT:[ UseTime:0.000394s ] mysql:host=localhost;port=3316;dbname=coffee;charset=utf8
[2023-01-01T09:27:06+08:00][sql] SHOW FULL COLUMNS FROM `banner` [ RunTime:0.001207s ]
[2023-01-01T09:27:06+08:00][sql] SELECT * FROM `banner` [ RunTime:0.000216s ]
[2023-01-01T09:27:06+08:00][sql] SHOW FULL COLUMNS FROM `information` [ RunTime:0.000921s ]
[2023-01-01T09:27:06+08:00][sql] SELECT * FROM `information` ORDER BY `time` DESC LIMIT 1 [ RunTime:0.000278s ]
[2023-01-01T09:27:06+08:00][sql] SELECT * FROM `information` ORDER BY `time` DESC LIMIT 1,4 [ RunTime:0.000312s ]
[2023-01-01T09:27:06+08:00][sql] SHOW FULL COLUMNS FROM `course` [ RunTime:0.000995s ]
[2023-01-01T09:27:06+08:00][sql] SELECT `id`,`title` FROM `course` ORDER BY `sorting` ASC LIMIT 0,6 [ RunTime:0.000215s ]
[2023-01-01T09:27:06+08:00][sql] SHOW FULL COLUMNS FROM `teacher` [ RunTime:0.000843s ]
[2023-01-01T09:27:06+08:00][sql] SELECT * FROM `teacher` [ RunTime:0.000225s ]
[2023-01-01T09:27:06+08:00][sql] SHOW FULL COLUMNS FROM `address` [ RunTime:0.000877s ]
[2023-01-01T09:27:06+08:00][sql] SELECT * FROM `address` WHERE  `id` = 1 LIMIT 1 [ RunTime:0.000240s ]
[2023-01-01T09:27:06+08:00][sql] SELECT * FROM `address` WHERE  `id` = 2 LIMIT 1 [ RunTime:0.000222s ]
[2023-01-01T09:51:17+08:00][sql] CONNECT:[ UseTime:0.000457s ] mysql:host=localhost;port=3316;dbname=coffee;charset=utf8
[2023-01-01T09:51:17+08:00][sql] SHOW FULL COLUMNS FROM `banner` [ RunTime:0.001221s ]
[2023-01-01T09:51:17+08:00][sql] SELECT * FROM `banner` [ RunTime:0.000340s ]
[2023-01-01T09:51:17+08:00][sql] SHOW FULL COLUMNS FROM `information` [ RunTime:0.000995s ]
[2023-01-01T09:51:17+08:00][sql] SELECT * FROM `information` ORDER BY `time` DESC LIMIT 1 [ RunTime:0.000315s ]
[2023-01-01T09:51:17+08:00][sql] SELECT * FROM `information` ORDER BY `time` DESC LIMIT 1,4 [ RunTime:0.000378s ]
[2023-01-01T09:51:17+08:00][sql] SHOW FULL COLUMNS FROM `course` [ RunTime:0.001085s ]
[2023-01-01T09:51:17+08:00][sql] SELECT `id`,`title` FROM `course` ORDER BY `sorting` ASC LIMIT 0,6 [ RunTime:0.000261s ]
[2023-01-01T09:51:17+08:00][sql] SHOW FULL COLUMNS FROM `teacher` [ RunTime:0.000899s ]
[2023-01-01T09:51:17+08:00][sql] SELECT * FROM `teacher` [ RunTime:0.000263s ]
[2023-01-01T09:51:17+08:00][sql] SHOW FULL COLUMNS FROM `address` [ RunTime:0.000972s ]
[2023-01-01T09:51:17+08:00][sql] SELECT * FROM `address` WHERE  `id` = 1 LIMIT 1 [ RunTime:0.000293s ]
[2023-01-01T09:51:17+08:00][sql] SELECT * FROM `address` WHERE  `id` = 2 LIMIT 1 [ RunTime:0.000254s ]
[2023-01-01T10:05:07+08:00][sql] CONNECT:[ UseTime:0.000408s ] mysql:host=localhost;port=3316;dbname=coffee;charset=utf8
[2023-01-01T10:05:07+08:00][sql] SHOW FULL COLUMNS FROM `banner` [ RunTime:0.001427s ]
[2023-01-01T10:05:07+08:00][sql] SELECT * FROM `banner` [ RunTime:0.000229s ]
[2023-01-01T10:05:07+08:00][sql] SHOW FULL COLUMNS FROM `information` [ RunTime:0.000955s ]
[2023-01-01T10:05:07+08:00][sql] SELECT * FROM `information` ORDER BY `time` DESC LIMIT 1 [ RunTime:0.000279s ]
[2023-01-01T10:05:07+08:00][sql] SELECT * FROM `information` ORDER BY `time` DESC LIMIT 1,4 [ RunTime:0.000321s ]
[2023-01-01T10:05:07+08:00][sql] SHOW FULL COLUMNS FROM `course` [ RunTime:0.001004s ]
[2023-01-01T10:05:07+08:00][sql] SELECT `id`,`title` FROM `course` ORDER BY `sorting` ASC LIMIT 0,6 [ RunTime:0.000286s ]
[2023-01-01T10:05:07+08:00][sql] SHOW FULL COLUMNS FROM `teacher` [ RunTime:0.000859s ]
[2023-01-01T10:05:07+08:00][sql] SELECT * FROM `teacher` [ RunTime:0.000224s ]
[2023-01-01T10:05:07+08:00][sql] SHOW FULL COLUMNS FROM `address` [ RunTime:0.000850s ]
[2023-01-01T10:05:07+08:00][sql] SELECT * FROM `address` WHERE  `id` = 1 LIMIT 1 [ RunTime:0.000245s ]
[2023-01-01T10:05:07+08:00][sql] SELECT * FROM `address` WHERE  `id` = 2 LIMIT 1 [ RunTime:0.000196s ]
[2023-01-01T10:08:21+08:00][sql] CONNECT:[ UseTime:0.000406s ] mysql:host=localhost;port=3316;dbname=coffee;charset=utf8
[2023-01-01T10:08:21+08:00][sql] SHOW FULL COLUMNS FROM `banner` [ RunTime:0.001527s ]
[2023-01-01T10:08:21+08:00][sql] SELECT * FROM `banner` [ RunTime:0.000260s ]
[2023-01-01T10:08:21+08:00][sql] SHOW FULL COLUMNS FROM `information` [ RunTime:0.001294s ]
[2023-01-01T10:08:21+08:00][sql] SELECT * FROM `information` ORDER BY `time` DESC LIMIT 1 [ RunTime:0.000346s ]
[2023-01-01T10:08:21+08:00][sql] SELECT * FROM `information` ORDER BY `time` DESC LIMIT 1,4 [ RunTime:0.000531s ]
[2023-01-01T10:08:21+08:00][sql] SHOW FULL COLUMNS FROM `course` [ RunTime:0.001374s ]
[2023-01-01T10:08:21+08:00][sql] SELECT `id`,`title` FROM `course` ORDER BY `sorting` ASC LIMIT 0,6 [ RunTime:0.000262s ]
[2023-01-01T10:08:21+08:00][sql] SHOW FULL COLUMNS FROM `teacher` [ RunTime:0.001196s ]
[2023-01-01T10:08:21+08:00][sql] SELECT * FROM `teacher` [ RunTime:0.000280s ]
[2023-01-01T10:08:21+08:00][sql] SHOW FULL COLUMNS FROM `address` [ RunTime:0.000971s ]
[2023-01-01T10:08:21+08:00][sql] SELECT * FROM `address` WHERE  `id` = 1 LIMIT 1 [ RunTime:0.000277s ]
[2023-01-01T10:08:21+08:00][sql] SELECT * FROM `address` WHERE  `id` = 2 LIMIT 1 [ RunTime:0.000236s ]
[2023-01-01T10:21:02+08:00][sql] CONNECT:[ UseTime:0.000453s ] mysql:host=localhost;port=3316;dbname=coffee;charset=utf8
[2023-01-01T10:21:02+08:00][sql] SHOW FULL COLUMNS FROM `banner` [ RunTime:0.001389s ]
[2023-01-01T10:21:02+08:00][sql] SELECT * FROM `banner` [ RunTime:0.000257s ]
[2023-01-01T10:21:02+08:00][sql] SHOW FULL COLUMNS FROM `information` [ RunTime:0.001063s ]
[2023-01-01T10:21:02+08:00][sql] SELECT * FROM `information` ORDER BY `time` DESC LIMIT 1 [ RunTime:0.000388s ]
[2023-01-01T10:21:02+08:00][sql] SELECT * FROM `information` ORDER BY `time` DESC LIMIT 1,4 [ RunTime:0.000398s ]
[2023-01-01T10:21:02+08:00][sql] SHOW FULL COLUMNS FROM `course` [ RunTime:0.001117s ]
[2023-01-01T10:21:02+08:00][sql] SELECT `id`,`title` FROM `course` ORDER BY `sorting` ASC LIMIT 0,6 [ RunTime:0.000278s ]
[2023-01-01T10:21:02+08:00][sql] SHOW FULL COLUMNS FROM `teacher` [ RunTime:0.001022s ]
[2023-01-01T10:21:02+08:00][sql] SELECT * FROM `teacher` [ RunTime:0.000264s ]
[2023-01-01T10:21:02+08:00][sql] SHOW FULL COLUMNS FROM `address` [ RunTime:0.000945s ]
[2023-01-01T10:21:02+08:00][sql] SELECT * FROM `address` WHERE  `id` = 1 LIMIT 1 [ RunTime:0.000274s ]
[2023-01-01T10:21:02+08:00][sql] SELECT * FROM `address` WHERE  `id` = 2 LIMIT 1 [ RunTime:0.000239s ]
[2023-01-01T10:36:49+08:00][sql] CONNECT:[ UseTime:0.000421s ] mysql:host=localhost;port=3316;dbname=coffee;charset=utf8
[2023-01-01T10:36:49+08:00][sql] SHOW FULL COLUMNS FROM `banner` [ RunTime:0.001261s ]
[2023-01-01T10:36:49+08:00][sql] SELECT * FROM `banner` [ RunTime:0.000331s ]
[2023-01-01T10:36:49+08:00][sql] SHOW FULL COLUMNS FROM `information` [ RunTime:0.000990s ]
[2023-01-01T10:36:49+08:00][sql] SELECT * FROM `information` ORDER BY `time` DESC LIMIT 1 [ RunTime:0.000335s ]
[2023-01-01T10:36:49+08:00][sql] SELECT * FROM `information` ORDER BY `time` DESC LIMIT 1,4 [ RunTime:0.000379s ]
[2023-01-01T10:36:49+08:00][sql] SHOW FULL COLUMNS FROM `course` [ RunTime:0.001073s ]
[2023-01-01T10:36:49+08:00][sql] SELECT `id`,`title` FROM `course` ORDER BY `sorting` ASC LIMIT 0,6 [ RunTime:0.000302s ]
[2023-01-01T10:36:49+08:00][sql] SHOW FULL COLUMNS FROM `teacher` [ RunTime:0.000933s ]
[2023-01-01T10:36:49+08:00][sql] SELECT * FROM `teacher` [ RunTime:0.000270s ]
[2023-01-01T10:36:49+08:00][sql] SHOW FULL COLUMNS FROM `address` [ RunTime:0.000916s ]
[2023-01-01T10:36:49+08:00][sql] SELECT * FROM `address` WHERE  `id` = 1 LIMIT 1 [ RunTime:0.000310s ]
[2023-01-01T10:36:49+08:00][sql] SELECT * FROM `address` WHERE  `id` = 2 LIMIT 1 [ RunTime:0.000242s ]
[2023-01-01T10:40:24+08:00][sql] CONNECT:[ UseTime:0.000393s ] mysql:host=localhost;port=3316;dbname=coffee;charset=utf8
[2023-01-01T10:40:24+08:00][sql] SHOW FULL COLUMNS FROM `banner` [ RunTime:0.001243s ]
[2023-01-01T10:40:24+08:00][sql] SELECT * FROM `banner` [ RunTime:0.000260s ]
[2023-01-01T10:40:24+08:00][sql] SHOW FULL COLUMNS FROM `information` [ RunTime:0.000990s ]
[2023-01-01T10:40:24+08:00][sql] SELECT * FROM `information` ORDER BY `time` DESC LIMIT 1 [ RunTime:0.000332s ]
[2023-01-01T10:40:24+08:00][sql] SELECT * FROM `information` ORDER BY `time` DESC LIMIT 1,4 [ RunTime:0.000398s ]
[2023-01-01T10:40:24+08:00][sql] SHOW FULL COLUMNS FROM `course` [ RunTime:0.001064s ]
[2023-01-01T10:40:24+08:00][sql] SELECT `id`,`title` FROM `course` ORDER BY `sorting` ASC LIMIT 0,6 [ RunTime:0.000270s ]
[2023-01-01T10:40:24+08:00][sql] SHOW FULL COLUMNS FROM `teacher` [ RunTime:0.001110s ]
[2023-01-01T10:40:24+08:00][sql] SELECT * FROM `teacher` [ RunTime:0.000253s ]
[2023-01-01T10:40:24+08:00][sql] SHOW FULL COLUMNS FROM `address` [ RunTime:0.001008s ]
[2023-01-01T10:40:24+08:00][sql] SELECT * FROM `address` WHERE  `id` = 1 LIMIT 1 [ RunTime:0.000279s ]
[2023-01-01T10:40:24+08:00][sql] SELECT * FROM `address` WHERE  `id` = 2 LIMIT 1 [ RunTime:0.000267s ]
[2023-01-01T10:48:00+08:00][sql] CONNECT:[ UseTime:0.000422s ] mysql:host=localhost;port=3316;dbname=coffee;charset=utf8
[2023-01-01T10:48:00+08:00][sql] SHOW FULL COLUMNS FROM `banner` [ RunTime:0.001354s ]
[2023-01-01T10:48:00+08:00][sql] SELECT * FROM `banner` [ RunTime:0.000264s ]
[2023-01-01T10:48:00+08:00][sql] SHOW FULL COLUMNS FROM `information` [ RunTime:0.001071s ]
[2023-01-01T10:48:00+08:00][sql] SELECT * FROM `information` ORDER BY `time` DESC LIMIT 1 [ RunTime:0.000326s ]
[2023-01-01T10:48:00+08:00][sql] SELECT * FROM `information` ORDER BY `time` DESC LIMIT 1,4 [ RunTime:0.000481s ]
[2023-01-01T10:48:00+08:00][sql] SHOW FULL COLUMNS FROM `course` [ RunTime:0.001168s ]
[2023-01-01T10:48:00+08:00][sql] SELECT `id`,`title` FROM `course` ORDER BY `sorting` ASC LIMIT 0,6 [ RunTime:0.000323s ]
[2023-01-01T10:48:00+08:00][sql] SHOW FULL COLUMNS FROM `teacher` [ RunTime:0.001007s ]
[2023-01-01T10:48:00+08:00][sql] SELECT * FROM `teacher` [ RunTime:0.000264s ]
[2023-01-01T10:48:00+08:00][sql] SHOW FULL COLUMNS FROM `address` [ RunTime:0.000973s ]
[2023-01-01T10:48:00+08:00][sql] SELECT * FROM `address` WHERE  `id` = 1 LIMIT 1 [ RunTime:0.000303s ]
[2023-01-01T10:48:00+08:00][sql] SELECT * FROM `address` WHERE  `id` = 2 LIMIT 1 [ RunTime:0.000262s ]
[2023-01-01T11:23:03+08:00][sql] CONNECT:[ UseTime:0.000360s ] mysql:host=localhost;port=3316;dbname=coffee;charset=utf8
[2023-01-01T11:23:03+08:00][sql] SHOW FULL COLUMNS FROM `banner` [ RunTime:0.001293s ]
[2023-01-01T11:23:03+08:00][sql] SELECT * FROM `banner` [ RunTime:0.000216s ]
[2023-01-01T11:23:03+08:00][sql] SHOW FULL COLUMNS FROM `information` [ RunTime:0.000995s ]
[2023-01-01T11:23:03+08:00][sql] SELECT * FROM `information` ORDER BY `time` DESC LIMIT 1 [ RunTime:0.000342s ]
[2023-01-01T11:23:03+08:00][sql] SELECT * FROM `information` ORDER BY `time` DESC LIMIT 1,4 [ RunTime:0.000331s ]
[2023-01-01T11:23:03+08:00][sql] SHOW FULL COLUMNS FROM `course` [ RunTime:0.001091s ]
[2023-01-01T11:23:03+08:00][sql] SELECT `id`,`title` FROM `course` ORDER BY `sorting` ASC LIMIT 0,6 [ RunTime:0.000236s ]
[2023-01-01T11:23:03+08:00][sql] SHOW FULL COLUMNS FROM `teacher` [ RunTime:0.000904s ]
[2023-01-01T11:23:03+08:00][sql] SELECT * FROM `teacher` [ RunTime:0.000218s ]
[2023-01-01T11:23:03+08:00][sql] SHOW FULL COLUMNS FROM `address` [ RunTime:0.000869s ]
[2023-01-01T11:23:03+08:00][sql] SELECT * FROM `address` WHERE  `id` = 1 LIMIT 1 [ RunTime:0.000233s ]
[2023-01-01T11:23:03+08:00][sql] SELECT * FROM `address` WHERE  `id` = 2 LIMIT 1 [ RunTime:0.000202s ]
[2023-01-01T11:23:24+08:00][sql] CONNECT:[ UseTime:0.000338s ] mysql:host=localhost;port=3316;dbname=coffee;charset=utf8
[2023-01-01T11:23:24+08:00][sql] SHOW FULL COLUMNS FROM `banner` [ RunTime:0.001360s ]
[2023-01-01T11:23:24+08:00][sql] SELECT * FROM `banner` [ RunTime:0.000226s ]
[2023-01-01T11:23:24+08:00][sql] SHOW FULL COLUMNS FROM `information` [ RunTime:0.001045s ]
[2023-01-01T11:23:24+08:00][sql] SELECT * FROM `information` ORDER BY `time` DESC LIMIT 1 [ RunTime:0.000289s ]
[2023-01-01T11:23:24+08:00][sql] SELECT * FROM `information` ORDER BY `time` DESC LIMIT 1,4 [ RunTime:0.000351s ]
[2023-01-01T11:23:24+08:00][sql] SHOW FULL COLUMNS FROM `course` [ RunTime:0.001133s ]
[2023-01-01T11:23:24+08:00][sql] SELECT `id`,`title` FROM `course` ORDER BY `sorting` ASC LIMIT 0,6 [ RunTime:0.000244s ]
[2023-01-01T11:23:24+08:00][sql] SHOW FULL COLUMNS FROM `teacher` [ RunTime:0.000952s ]
[2023-01-01T11:23:24+08:00][sql] SELECT * FROM `teacher` [ RunTime:0.000232s ]
[2023-01-01T11:23:24+08:00][sql] SHOW FULL COLUMNS FROM `address` [ RunTime:0.000937s ]
[2023-01-01T11:23:24+08:00][sql] SELECT * FROM `address` WHERE  `id` = 1 LIMIT 1 [ RunTime:0.000261s ]
[2023-01-01T11:23:24+08:00][sql] SELECT * FROM `address` WHERE  `id` = 2 LIMIT 1 [ RunTime:0.000225s ]
[2023-01-01T11:24:54+08:00][sql] CONNECT:[ UseTime:0.000410s ] mysql:host=localhost;port=3316;dbname=coffee;charset=utf8
[2023-01-01T11:24:54+08:00][sql] SHOW FULL COLUMNS FROM `banner` [ RunTime:0.001276s ]
[2023-01-01T11:24:54+08:00][sql] SELECT * FROM `banner` [ RunTime:0.000277s ]
[2023-01-01T11:24:54+08:00][sql] SHOW FULL COLUMNS FROM `information` [ RunTime:0.001108s ]
[2023-01-01T11:24:54+08:00][sql] SELECT * FROM `information` ORDER BY `time` DESC LIMIT 1 [ RunTime:0.000330s ]
[2023-01-01T11:24:54+08:00][sql] SELECT * FROM `information` ORDER BY `time` DESC LIMIT 1,4 [ RunTime:0.000413s ]
[2023-01-01T11:24:54+08:00][sql] SHOW FULL COLUMNS FROM `course` [ RunTime:0.001137s ]
[2023-01-01T11:24:54+08:00][sql] SELECT `id`,`title` FROM `course` ORDER BY `sorting` ASC LIMIT 0,6 [ RunTime:0.000281s ]
[2023-01-01T11:24:54+08:00][sql] SHOW FULL COLUMNS FROM `teacher` [ RunTime:0.000946s ]
[2023-01-01T11:24:54+08:00][sql] SELECT * FROM `teacher` [ RunTime:0.000292s ]
[2023-01-01T11:24:54+08:00][sql] SHOW FULL COLUMNS FROM `address` [ RunTime:0.001004s ]
[2023-01-01T11:24:54+08:00][sql] SELECT * FROM `address` WHERE  `id` = 1 LIMIT 1 [ RunTime:0.000280s ]
[2023-01-01T11:24:54+08:00][sql] SELECT * FROM `address` WHERE  `id` = 2 LIMIT 1 [ RunTime:0.000263s ]
[2023-01-01T11:57:05+08:00][sql] CONNECT:[ UseTime:0.000474s ] mysql:host=localhost;port=3316;dbname=coffee;charset=utf8
[2023-01-01T11:57:05+08:00][sql] SHOW FULL COLUMNS FROM `banner` [ RunTime:0.002127s ]
[2023-01-01T11:57:05+08:00][sql] SELECT * FROM `banner` [ RunTime:0.000289s ]
[2023-01-01T11:57:05+08:00][sql] SHOW FULL COLUMNS FROM `information` [ RunTime:0.001123s ]
[2023-01-01T11:57:05+08:00][sql] SELECT * FROM `information` ORDER BY `time` DESC LIMIT 1 [ RunTime:0.000321s ]
[2023-01-01T11:57:05+08:00][sql] SELECT * FROM `information` ORDER BY `time` DESC LIMIT 1,4 [ RunTime:0.000411s ]
[2023-01-01T11:57:05+08:00][sql] SHOW FULL COLUMNS FROM `course` [ RunTime:0.001108s ]
[2023-01-01T11:57:05+08:00][sql] SELECT `id`,`title` FROM `course` ORDER BY `sorting` ASC LIMIT 0,6 [ RunTime:0.000266s ]
[2023-01-01T11:57:05+08:00][sql] SHOW FULL COLUMNS FROM `teacher` [ RunTime:0.000986s ]
[2023-01-01T11:57:05+08:00][sql] SELECT * FROM `teacher` [ RunTime:0.000260s ]
[2023-01-01T11:57:05+08:00][sql] SHOW FULL COLUMNS FROM `address` [ RunTime:0.000927s ]
[2023-01-01T11:57:05+08:00][sql] SELECT * FROM `address` WHERE  `id` = 1 LIMIT 1 [ RunTime:0.000313s ]
[2023-01-01T11:57:05+08:00][sql] SELECT * FROM `address` WHERE  `id` = 2 LIMIT 1 [ RunTime:0.000335s ]
[2023-01-01T13:01:54+08:00][sql] CONNECT:[ UseTime:0.000422s ] mysql:host=localhost;port=3316;dbname=coffee;charset=utf8
[2023-01-01T13:01:54+08:00][sql] SHOW FULL COLUMNS FROM `banner` [ RunTime:0.001292s ]
[2023-01-01T13:01:54+08:00][sql] SELECT * FROM `banner` [ RunTime:0.000215s ]
[2023-01-01T13:01:54+08:00][sql] SHOW FULL COLUMNS FROM `information` [ RunTime:0.001035s ]
[2023-01-01T13:01:54+08:00][sql] SELECT * FROM `information` ORDER BY `time` DESC LIMIT 1 [ RunTime:0.000288s ]
[2023-01-01T13:01:54+08:00][sql] SELECT * FROM `information` ORDER BY `time` DESC LIMIT 1,4 [ RunTime:0.000408s ]
[2023-01-01T13:01:54+08:00][sql] SHOW FULL COLUMNS FROM `course` [ RunTime:0.001119s ]
[2023-01-01T13:01:54+08:00][sql] SELECT `id`,`title` FROM `course` ORDER BY `sorting` ASC LIMIT 0,6 [ RunTime:0.000236s ]
[2023-01-01T13:01:54+08:00][sql] SHOW FULL COLUMNS FROM `teacher` [ RunTime:0.000874s ]
[2023-01-01T13:01:54+08:00][sql] SELECT * FROM `teacher` [ RunTime:0.000227s ]
[2023-01-01T13:01:54+08:00][sql] SHOW FULL COLUMNS FROM `address` [ RunTime:0.000895s ]
[2023-01-01T13:01:54+08:00][sql] SELECT * FROM `address` WHERE  `id` = 1 LIMIT 1 [ RunTime:0.000253s ]
[2023-01-01T13:01:54+08:00][sql] SELECT * FROM `address` WHERE  `id` = 2 LIMIT 1 [ RunTime:0.000209s ]
[2023-01-01T13:12:44+08:00][sql] CONNECT:[ UseTime:0.000375s ] mysql:host=localhost;port=3316;dbname=coffee;charset=utf8
[2023-01-01T13:12:44+08:00][sql] SHOW FULL COLUMNS FROM `banner` [ RunTime:0.001200s ]
[2023-01-01T13:12:44+08:00][sql] SELECT * FROM `banner` [ RunTime:0.000214s ]
[2023-01-01T13:12:44+08:00][sql] SHOW FULL COLUMNS FROM `information` [ RunTime:0.001012s ]
[2023-01-01T13:12:44+08:00][sql] SELECT * FROM `information` ORDER BY `time` DESC LIMIT 1 [ RunTime:0.000284s ]
[2023-01-01T13:12:44+08:00][sql] SELECT * FROM `information` ORDER BY `time` DESC LIMIT 1,4 [ RunTime:0.000342s ]
[2023-01-01T13:12:44+08:00][sql] SHOW FULL COLUMNS FROM `course` [ RunTime:0.001027s ]
[2023-01-01T13:12:44+08:00][sql] SELECT `id`,`title` FROM `course` ORDER BY `sorting` ASC LIMIT 0,6 [ RunTime:0.000216s ]
[2023-01-01T13:12:44+08:00][sql] SHOW FULL COLUMNS FROM `teacher` [ RunTime:0.000835s ]
[2023-01-01T13:12:44+08:00][sql] SELECT * FROM `teacher` [ RunTime:0.000216s ]
[2023-01-01T13:12:44+08:00][sql] SHOW FULL COLUMNS FROM `address` [ RunTime:0.000866s ]
[2023-01-01T13:12:44+08:00][sql] SELECT * FROM `address` WHERE  `id` = 1 LIMIT 1 [ RunTime:0.000266s ]
[2023-01-01T13:12:44+08:00][sql] SELECT * FROM `address` WHERE  `id` = 2 LIMIT 1 [ RunTime:0.000231s ]
[2023-01-01T13:16:43+08:00][sql] CONNECT:[ UseTime:0.000465s ] mysql:host=localhost;port=3316;dbname=coffee;charset=utf8
[2023-01-01T13:16:43+08:00][sql] SHOW FULL COLUMNS FROM `banner` [ RunTime:0.001749s ]
[2023-01-01T13:16:43+08:00][sql] SELECT * FROM `banner` [ RunTime:0.000291s ]
[2023-01-01T13:16:43+08:00][sql] SHOW FULL COLUMNS FROM `information` [ RunTime:0.001446s ]
[2023-01-01T13:16:43+08:00][sql] SELECT * FROM `information` ORDER BY `time` DESC LIMIT 1 [ RunTime:0.000385s ]
[2023-01-01T13:16:43+08:00][sql] SELECT * FROM `information` ORDER BY `time` DESC LIMIT 1,4 [ RunTime:0.000498s ]
[2023-01-01T13:16:43+08:00][sql] SHOW FULL COLUMNS FROM `course` [ RunTime:0.001610s ]
[2023-01-01T13:16:43+08:00][sql] SELECT `id`,`title` FROM `course` ORDER BY `sorting` ASC LIMIT 0,6 [ RunTime:0.000355s ]
[2023-01-01T13:16:43+08:00][sql] SHOW FULL COLUMNS FROM `teacher` [ RunTime:0.001452s ]
[2023-01-01T13:16:43+08:00][sql] SELECT * FROM `teacher` [ RunTime:0.000382s ]
[2023-01-01T13:16:43+08:00][sql] SHOW FULL COLUMNS FROM `address` [ RunTime:0.001456s ]
[2023-01-01T13:16:43+08:00][sql] SELECT * FROM `address` WHERE  `id` = 1 LIMIT 1 [ RunTime:0.000291s ]
[2023-01-01T13:16:43+08:00][sql] SELECT * FROM `address` WHERE  `id` = 2 LIMIT 1 [ RunTime:0.000210s ]
[2023-01-01T13:18:04+08:00][sql] CONNECT:[ UseTime:0.000401s ] mysql:host=localhost;port=3316;dbname=coffee;charset=utf8
[2023-01-01T13:18:04+08:00][sql] SHOW FULL COLUMNS FROM `banner` [ RunTime:0.001323s ]
[2023-01-01T13:18:04+08:00][sql] SELECT * FROM `banner` [ RunTime:0.000233s ]
[2023-01-01T13:18:04+08:00][sql] SHOW FULL COLUMNS FROM `information` [ RunTime:0.001049s ]
[2023-01-01T13:18:04+08:00][sql] SELECT * FROM `information` ORDER BY `time` DESC LIMIT 1 [ RunTime:0.000348s ]
[2023-01-01T13:18:04+08:00][sql] SELECT * FROM `information` ORDER BY `time` DESC LIMIT 1,4 [ RunTime:0.000321s ]
[2023-01-01T13:18:04+08:00][sql] SHOW FULL COLUMNS FROM `course` [ RunTime:0.001240s ]
[2023-01-01T13:18:04+08:00][sql] SELECT `id`,`title` FROM `course` ORDER BY `sorting` ASC LIMIT 0,6 [ RunTime:0.000249s ]
[2023-01-01T13:18:04+08:00][sql] SHOW FULL COLUMNS FROM `teacher` [ RunTime:0.001072s ]
[2023-01-01T13:18:04+08:00][sql] SELECT * FROM `teacher` [ RunTime:0.000293s ]
[2023-01-01T13:18:04+08:00][sql] SHOW FULL COLUMNS FROM `address` [ RunTime:0.001152s ]
[2023-01-01T13:18:04+08:00][sql] SELECT * FROM `address` WHERE  `id` = 1 LIMIT 1 [ RunTime:0.000340s ]
[2023-01-01T13:18:04+08:00][sql] SELECT * FROM `address` WHERE  `id` = 2 LIMIT 1 [ RunTime:0.000248s ]
[2023-01-01T14:04:19+08:00][sql] CONNECT:[ UseTime:0.000598s ] mysql:host=localhost;port=3316;dbname=coffee;charset=utf8
[2023-01-01T14:04:19+08:00][sql] SHOW FULL COLUMNS FROM `banner` [ RunTime:0.001661s ]
[2023-01-01T14:04:19+08:00][sql] SELECT * FROM `banner` [ RunTime:0.000258s ]
[2023-01-01T14:04:19+08:00][sql] SHOW FULL COLUMNS FROM `information` [ RunTime:0.001147s ]
[2023-01-01T14:04:19+08:00][sql] SELECT * FROM `information` ORDER BY `time` DESC LIMIT 1 [ RunTime:0.000320s ]
[2023-01-01T14:04:19+08:00][sql] SELECT * FROM `information` ORDER BY `time` DESC LIMIT 1,4 [ RunTime:0.000446s ]
[2023-01-01T14:04:19+08:00][sql] SHOW FULL COLUMNS FROM `course` [ RunTime:0.001088s ]
[2023-01-01T14:04:19+08:00][sql] SELECT `id`,`title` FROM `course` ORDER BY `sorting` ASC LIMIT 0,6 [ RunTime:0.000329s ]
[2023-01-01T14:04:19+08:00][sql] SHOW FULL COLUMNS FROM `teacher` [ RunTime:0.000905s ]
[2023-01-01T14:04:19+08:00][sql] SELECT * FROM `teacher` [ RunTime:0.000309s ]
[2023-01-01T14:04:19+08:00][sql] SHOW FULL COLUMNS FROM `address` [ RunTime:0.000979s ]
[2023-01-01T14:04:19+08:00][sql] SELECT * FROM `address` WHERE  `id` = 1 LIMIT 1 [ RunTime:0.000290s ]
[2023-01-01T14:04:19+08:00][sql] SELECT * FROM `address` WHERE  `id` = 2 LIMIT 1 [ RunTime:0.000255s ]
[2023-01-01T14:34:33+08:00][sql] CONNECT:[ UseTime:0.000477s ] mysql:host=localhost;port=3316;dbname=coffee;charset=utf8
[2023-01-01T14:34:33+08:00][sql] SHOW FULL COLUMNS FROM `banner` [ RunTime:0.001312s ]
[2023-01-01T14:34:33+08:00][sql] SELECT * FROM `banner` [ RunTime:0.000250s ]
[2023-01-01T14:34:33+08:00][sql] SHOW FULL COLUMNS FROM `information` [ RunTime:0.001010s ]
[2023-01-01T14:34:33+08:00][sql] SELECT * FROM `information` ORDER BY `time` DESC LIMIT 1 [ RunTime:0.000341s ]
[2023-01-01T14:34:33+08:00][sql] SELECT * FROM `information` ORDER BY `time` DESC LIMIT 1,4 [ RunTime:0.000399s ]
[2023-01-01T14:34:33+08:00][sql] SHOW FULL COLUMNS FROM `course` [ RunTime:0.001172s ]
[2023-01-01T14:34:33+08:00][sql] SELECT `id`,`title` FROM `course` ORDER BY `sorting` ASC LIMIT 0,6 [ RunTime:0.000276s ]
[2023-01-01T14:34:33+08:00][sql] SHOW FULL COLUMNS FROM `teacher` [ RunTime:0.000955s ]
[2023-01-01T14:34:33+08:00][sql] SELECT * FROM `teacher` [ RunTime:0.000266s ]
[2023-01-01T14:34:33+08:00][sql] SHOW FULL COLUMNS FROM `address` [ RunTime:0.000908s ]
[2023-01-01T14:34:33+08:00][sql] SELECT * FROM `address` WHERE  `id` = 1 LIMIT 1 [ RunTime:0.000287s ]
[2023-01-01T14:34:33+08:00][sql] SELECT * FROM `address` WHERE  `id` = 2 LIMIT 1 [ RunTime:0.000249s ]
[2023-01-01T14:44:47+08:00][sql] CONNECT:[ UseTime:0.000459s ] mysql:host=localhost;port=3316;dbname=coffee;charset=utf8
[2023-01-01T14:44:47+08:00][sql] SHOW FULL COLUMNS FROM `banner` [ RunTime:0.001345s ]
[2023-01-01T14:44:47+08:00][sql] SELECT * FROM `banner` [ RunTime:0.000220s ]
[2023-01-01T14:44:47+08:00][sql] SHOW FULL COLUMNS FROM `information` [ RunTime:0.001052s ]
[2023-01-01T14:44:47+08:00][sql] SELECT * FROM `information` ORDER BY `time` DESC LIMIT 1 [ RunTime:0.000283s ]
[2023-01-01T14:44:47+08:00][sql] SELECT * FROM `information` ORDER BY `time` DESC LIMIT 1,4 [ RunTime:0.000350s ]
[2023-01-01T14:44:47+08:00][sql] SHOW FULL COLUMNS FROM `course` [ RunTime:0.001078s ]
[2023-01-01T14:44:47+08:00][sql] SELECT `id`,`title` FROM `course` ORDER BY `sorting` ASC LIMIT 0,6 [ RunTime:0.000231s ]
[2023-01-01T14:44:47+08:00][sql] SHOW FULL COLUMNS FROM `teacher` [ RunTime:0.000938s ]
[2023-01-01T14:44:47+08:00][sql] SELECT * FROM `teacher` [ RunTime:0.000238s ]
[2023-01-01T14:44:47+08:00][sql] SHOW FULL COLUMNS FROM `address` [ RunTime:0.000900s ]
[2023-01-01T14:44:47+08:00][sql] SELECT * FROM `address` WHERE  `id` = 1 LIMIT 1 [ RunTime:0.000267s ]
[2023-01-01T14:44:47+08:00][sql] SELECT * FROM `address` WHERE  `id` = 2 LIMIT 1 [ RunTime:0.000210s ]
[2023-01-01T14:44:49+08:00][sql] CONNECT:[ UseTime:0.000532s ] mysql:host=localhost;port=3316;dbname=coffee;charset=utf8
[2023-01-01T14:44:49+08:00][sql] SHOW FULL COLUMNS FROM `banner` [ RunTime:0.005060s ]
[2023-01-01T14:44:49+08:00][sql] SELECT * FROM `banner` [ RunTime:0.000263s ]
[2023-01-01T14:44:49+08:00][sql] SHOW FULL COLUMNS FROM `information` [ RunTime:0.000972s ]
[2023-01-01T14:44:49+08:00][sql] SELECT * FROM `information` ORDER BY `time` DESC LIMIT 1 [ RunTime:0.000322s ]
[2023-01-01T14:44:49+08:00][sql] SELECT * FROM `information` ORDER BY `time` DESC LIMIT 1,4 [ RunTime:0.000508s ]
[2023-01-01T14:44:49+08:00][sql] SHOW FULL COLUMNS FROM `course` [ RunTime:0.001162s ]
[2023-01-01T14:44:49+08:00][sql] SELECT `id`,`title` FROM `course` ORDER BY `sorting` ASC LIMIT 0,6 [ RunTime:0.000269s ]
[2023-01-01T14:44:49+08:00][sql] SHOW FULL COLUMNS FROM `teacher` [ RunTime:0.000904s ]
[2023-01-01T14:44:49+08:00][sql] SELECT * FROM `teacher` [ RunTime:0.000286s ]
[2023-01-01T14:44:49+08:00][sql] SHOW FULL COLUMNS FROM `address` [ RunTime:0.000920s ]
[2023-01-01T14:44:49+08:00][sql] SELECT * FROM `address` WHERE  `id` = 1 LIMIT 1 [ RunTime:0.000288s ]
[2023-01-01T14:44:49+08:00][sql] SELECT * FROM `address` WHERE  `id` = 2 LIMIT 1 [ RunTime:0.000391s ]
[2023-01-01T14:51:13+08:00][sql] CONNECT:[ UseTime:0.000381s ] mysql:host=localhost;port=3316;dbname=coffee;charset=utf8
[2023-01-01T14:51:13+08:00][sql] SHOW FULL COLUMNS FROM `banner` [ RunTime:0.001217s ]
[2023-01-01T14:51:13+08:00][sql] SELECT * FROM `banner` [ RunTime:0.000228s ]
[2023-01-01T14:51:13+08:00][sql] SHOW FULL COLUMNS FROM `information` [ RunTime:0.000964s ]
[2023-01-01T14:51:13+08:00][sql] SELECT * FROM `information` ORDER BY `time` DESC LIMIT 1 [ RunTime:0.000301s ]
[2023-01-01T14:51:13+08:00][sql] SELECT * FROM `information` ORDER BY `time` DESC LIMIT 1,4 [ RunTime:0.000371s ]
[2023-01-01T14:51:13+08:00][sql] SHOW FULL COLUMNS FROM `course` [ RunTime:0.001088s ]
[2023-01-01T14:51:13+08:00][sql] SELECT `id`,`title` FROM `course` ORDER BY `sorting` ASC LIMIT 0,6 [ RunTime:0.000263s ]
[2023-01-01T14:51:13+08:00][sql] SHOW FULL COLUMNS FROM `teacher` [ RunTime:0.001004s ]
[2023-01-01T14:51:13+08:00][sql] SELECT * FROM `teacher` [ RunTime:0.000250s ]
[2023-01-01T14:51:13+08:00][sql] SHOW FULL COLUMNS FROM `address` [ RunTime:0.000894s ]
[2023-01-01T14:51:13+08:00][sql] SELECT * FROM `address` WHERE  `id` = 1 LIMIT 1 [ RunTime:0.000252s ]
[2023-01-01T14:51:13+08:00][sql] SELECT * FROM `address` WHERE  `id` = 2 LIMIT 1 [ RunTime:0.000216s ]
[2023-01-01T14:51:17+08:00][sql] CONNECT:[ UseTime:0.000366s ] mysql:host=localhost;port=3316;dbname=coffee;charset=utf8
[2023-01-01T14:51:17+08:00][sql] SHOW FULL COLUMNS FROM `banner` [ RunTime:0.001210s ]
[2023-01-01T14:51:17+08:00][sql] SELECT * FROM `banner` [ RunTime:0.000220s ]
[2023-01-01T14:51:17+08:00][sql] SHOW FULL COLUMNS FROM `information` [ RunTime:0.001096s ]
[2023-01-01T14:51:17+08:00][sql] SELECT * FROM `information` ORDER BY `time` DESC LIMIT 1 [ RunTime:0.000373s ]
[2023-01-01T14:51:17+08:00][sql] SELECT * FROM `information` ORDER BY `time` DESC LIMIT 1,4 [ RunTime:0.000392s ]
[2023-01-01T14:51:17+08:00][sql] SHOW FULL COLUMNS FROM `course` [ RunTime:0.001121s ]
[2023-01-01T14:51:17+08:00][sql] SELECT `id`,`title` FROM `course` ORDER BY `sorting` ASC LIMIT 0,6 [ RunTime:0.000275s ]
[2023-01-01T14:51:17+08:00][sql] SHOW FULL COLUMNS FROM `teacher` [ RunTime:0.000949s ]
[2023-01-01T14:51:17+08:00][sql] SELECT * FROM `teacher` [ RunTime:0.000253s ]
[2023-01-01T14:51:17+08:00][sql] SHOW FULL COLUMNS FROM `address` [ RunTime:0.000952s ]
[2023-01-01T14:51:17+08:00][sql] SELECT * FROM `address` WHERE  `id` = 1 LIMIT 1 [ RunTime:0.000284s ]
[2023-01-01T14:51:17+08:00][sql] SELECT * FROM `address` WHERE  `id` = 2 LIMIT 1 [ RunTime:0.000252s ]
[2023-01-01T15:09:31+08:00][sql] CONNECT:[ UseTime:0.000385s ] mysql:host=localhost;port=3316;dbname=coffee;charset=utf8
[2023-01-01T15:09:31+08:00][sql] SHOW FULL COLUMNS FROM `banner` [ RunTime:0.001250s ]
[2023-01-01T15:09:31+08:00][sql] SELECT * FROM `banner` [ RunTime:0.000234s ]
[2023-01-01T15:09:31+08:00][sql] SHOW FULL COLUMNS FROM `information` [ RunTime:0.000977s ]
[2023-01-01T15:09:31+08:00][sql] SELECT * FROM `information` ORDER BY `time` DESC LIMIT 1 [ RunTime:0.000320s ]
[2023-01-01T15:09:31+08:00][sql] SELECT * FROM `information` ORDER BY `time` DESC LIMIT 1,4 [ RunTime:0.000326s ]
[2023-01-01T15:09:31+08:00][sql] SHOW FULL COLUMNS FROM `course` [ RunTime:0.001127s ]
[2023-01-01T15:09:31+08:00][sql] SELECT `id`,`title` FROM `course` ORDER BY `sorting` ASC LIMIT 0,6 [ RunTime:0.000261s ]
[2023-01-01T15:09:31+08:00][sql] SHOW FULL COLUMNS FROM `teacher` [ RunTime:0.001044s ]
[2023-01-01T15:09:31+08:00][sql] SELECT * FROM `teacher` [ RunTime:0.000331s ]
[2023-01-01T15:09:31+08:00][sql] SHOW FULL COLUMNS FROM `address` [ RunTime:0.001090s ]
[2023-01-01T15:09:31+08:00][sql] SELECT * FROM `address` WHERE  `id` = 1 LIMIT 1 [ RunTime:0.000269s ]
[2023-01-01T15:09:31+08:00][sql] SELECT * FROM `address` WHERE  `id` = 2 LIMIT 1 [ RunTime:0.000247s ]
[2023-01-01T16:34:34+08:00][sql] CONNECT:[ UseTime:0.000458s ] mysql:host=localhost;port=3316;dbname=coffee;charset=utf8
[2023-01-01T16:34:34+08:00][sql] SHOW FULL COLUMNS FROM `banner` [ RunTime:0.001880s ]
[2023-01-01T16:34:34+08:00][sql] SELECT * FROM `banner` [ RunTime:0.000285s ]
[2023-01-01T16:34:34+08:00][sql] SHOW FULL COLUMNS FROM `information` [ RunTime:0.001378s ]
[2023-01-01T16:34:34+08:00][sql] SELECT * FROM `information` ORDER BY `time` DESC LIMIT 1 [ RunTime:0.000329s ]
[2023-01-01T16:34:34+08:00][sql] SELECT * FROM `information` ORDER BY `time` DESC LIMIT 1,4 [ RunTime:0.000454s ]
[2023-01-01T16:34:34+08:00][sql] SHOW FULL COLUMNS FROM `course` [ RunTime:0.001117s ]
[2023-01-01T16:34:34+08:00][sql] SELECT `id`,`title` FROM `course` ORDER BY `sorting` ASC LIMIT 0,6 [ RunTime:0.000265s ]
[2023-01-01T16:34:34+08:00][sql] SHOW FULL COLUMNS FROM `teacher` [ RunTime:0.000969s ]
[2023-01-01T16:34:34+08:00][sql] SELECT * FROM `teacher` [ RunTime:0.000268s ]
[2023-01-01T16:34:34+08:00][sql] SHOW FULL COLUMNS FROM `address` [ RunTime:0.000918s ]
[2023-01-01T16:34:34+08:00][sql] SELECT * FROM `address` WHERE  `id` = 1 LIMIT 1 [ RunTime:0.000275s ]
[2023-01-01T16:34:34+08:00][sql] SELECT * FROM `address` WHERE  `id` = 2 LIMIT 1 [ RunTime:0.000240s ]
[2023-01-01T16:53:28+08:00][sql] CONNECT:[ UseTime:0.000387s ] mysql:host=localhost;port=3316;dbname=coffee;charset=utf8
[2023-01-01T16:53:28+08:00][sql] SHOW FULL COLUMNS FROM `banner` [ RunTime:0.001286s ]
[2023-01-01T16:53:28+08:00][sql] SELECT * FROM `banner` [ RunTime:0.000263s ]
[2023-01-01T16:53:28+08:00][sql] SHOW FULL COLUMNS FROM `information` [ RunTime:0.001015s ]
[2023-01-01T16:53:28+08:00][sql] SELECT * FROM `information` ORDER BY `time` DESC LIMIT 1 [ RunTime:0.000308s ]
[2023-01-01T16:53:28+08:00][sql] SELECT * FROM `information` ORDER BY `time` DESC LIMIT 1,4 [ RunTime:0.000401s ]
[2023-01-01T16:53:28+08:00][sql] SHOW FULL COLUMNS FROM `course` [ RunTime:0.001202s ]
[2023-01-01T16:53:28+08:00][sql] SELECT `id`,`title` FROM `course` ORDER BY `sorting` ASC LIMIT 0,6 [ RunTime:0.000273s ]
[2023-01-01T16:53:28+08:00][sql] SHOW FULL COLUMNS FROM `teacher` [ RunTime:0.000926s ]
[2023-01-01T16:53:28+08:00][sql] SELECT * FROM `teacher` [ RunTime:0.000274s ]
[2023-01-01T16:53:28+08:00][sql] SHOW FULL COLUMNS FROM `address` [ RunTime:0.000975s ]
[2023-01-01T16:53:28+08:00][sql] SELECT * FROM `address` WHERE  `id` = 1 LIMIT 1 [ RunTime:0.000276s ]
[2023-01-01T16:53:28+08:00][sql] SELECT * FROM `address` WHERE  `id` = 2 LIMIT 1 [ RunTime:0.000276s ]
[2023-01-01T16:55:54+08:00][sql] CONNECT:[ UseTime:0.000415s ] mysql:host=localhost;port=3316;dbname=coffee;charset=utf8
[2023-01-01T16:55:54+08:00][sql] SHOW FULL COLUMNS FROM `banner` [ RunTime:0.001349s ]
[2023-01-01T16:55:54+08:00][sql] SELECT * FROM `banner` [ RunTime:0.000295s ]
[2023-01-01T16:55:54+08:00][sql] SHOW FULL COLUMNS FROM `information` [ RunTime:0.001087s ]
[2023-01-01T16:55:54+08:00][sql] SELECT * FROM `information` ORDER BY `time` DESC LIMIT 1 [ RunTime:0.000321s ]
[2023-01-01T16:55:54+08:00][sql] SELECT * FROM `information` ORDER BY `time` DESC LIMIT 1,4 [ RunTime:0.000424s ]
[2023-01-01T16:55:54+08:00][sql] SHOW FULL COLUMNS FROM `course` [ RunTime:0.001201s ]
[2023-01-01T16:55:54+08:00][sql] SELECT `id`,`title` FROM `course` ORDER BY `sorting` ASC LIMIT 0,6 [ RunTime:0.000261s ]
[2023-01-01T16:55:54+08:00][sql] SHOW FULL COLUMNS FROM `teacher` [ RunTime:0.000912s ]
[2023-01-01T16:55:54+08:00][sql] SELECT * FROM `teacher` [ RunTime:0.000281s ]
[2023-01-01T16:55:54+08:00][sql] SHOW FULL COLUMNS FROM `address` [ RunTime:0.000926s ]
[2023-01-01T16:55:54+08:00][sql] SELECT * FROM `address` WHERE  `id` = 1 LIMIT 1 [ RunTime:0.000271s ]
[2023-01-01T16:55:54+08:00][sql] SELECT * FROM `address` WHERE  `id` = 2 LIMIT 1 [ RunTime:0.000254s ]
[2023-01-01T16:58:32+08:00][sql] CONNECT:[ UseTime:0.000408s ] mysql:host=localhost;port=3316;dbname=coffee;charset=utf8
[2023-01-01T16:58:32+08:00][sql] SHOW FULL COLUMNS FROM `banner` [ RunTime:0.001269s ]
[2023-01-01T16:58:32+08:00][sql] SELECT * FROM `banner` [ RunTime:0.000252s ]
[2023-01-01T16:58:32+08:00][sql] SHOW FULL COLUMNS FROM `information` [ RunTime:0.001069s ]
[2023-01-01T16:58:32+08:00][sql] SELECT * FROM `information` ORDER BY `time` DESC LIMIT 1 [ RunTime:0.000324s ]
[2023-01-01T16:58:32+08:00][sql] SELECT * FROM `information` ORDER BY `time` DESC LIMIT 1,4 [ RunTime:0.000377s ]
[2023-01-01T16:58:32+08:00][sql] SHOW FULL COLUMNS FROM `course` [ RunTime:0.001063s ]
[2023-01-01T16:58:32+08:00][sql] SELECT `id`,`title` FROM `course` ORDER BY `sorting` ASC LIMIT 0,6 [ RunTime:0.000285s ]
[2023-01-01T16:58:32+08:00][sql] SHOW FULL COLUMNS FROM `teacher` [ RunTime:0.000976s ]
[2023-01-01T16:58:32+08:00][sql] SELECT * FROM `teacher` [ RunTime:0.000267s ]
[2023-01-01T16:58:32+08:00][sql] SHOW FULL COLUMNS FROM `address` [ RunTime:0.000927s ]
[2023-01-01T16:58:32+08:00][sql] SELECT * FROM `address` WHERE  `id` = 1 LIMIT 1 [ RunTime:0.000299s ]
[2023-01-01T16:58:32+08:00][sql] SELECT * FROM `address` WHERE  `id` = 2 LIMIT 1 [ RunTime:0.000242s ]
[2023-01-01T17:07:19+08:00][sql] CONNECT:[ UseTime:0.000394s ] mysql:host=localhost;port=3316;dbname=coffee;charset=utf8
[2023-01-01T17:07:19+08:00][sql] SHOW FULL COLUMNS FROM `banner` [ RunTime:0.001226s ]
[2023-01-01T17:07:19+08:00][sql] SELECT * FROM `banner` [ RunTime:0.000213s ]
[2023-01-01T17:07:19+08:00][sql] SHOW FULL COLUMNS FROM `information` [ RunTime:0.000925s ]
[2023-01-01T17:07:19+08:00][sql] SELECT * FROM `information` ORDER BY `time` DESC LIMIT 1 [ RunTime:0.000278s ]
[2023-01-01T17:07:19+08:00][sql] SELECT * FROM `information` ORDER BY `time` DESC LIMIT 1,4 [ RunTime:0.000329s ]
[2023-01-01T17:07:19+08:00][sql] SHOW FULL COLUMNS FROM `course` [ RunTime:0.001032s ]
[2023-01-01T17:07:19+08:00][sql] SELECT `id`,`title` FROM `course` ORDER BY `sorting` ASC LIMIT 0,6 [ RunTime:0.000231s ]
[2023-01-01T17:07:19+08:00][sql] SHOW FULL COLUMNS FROM `teacher` [ RunTime:0.000888s ]
[2023-01-01T17:07:19+08:00][sql] SELECT * FROM `teacher` [ RunTime:0.000218s ]
[2023-01-01T17:07:19+08:00][sql] SHOW FULL COLUMNS FROM `address` [ RunTime:0.000941s ]
[2023-01-01T17:07:19+08:00][sql] SELECT * FROM `address` WHERE  `id` = 1 LIMIT 1 [ RunTime:0.000238s ]
[2023-01-01T17:07:19+08:00][sql] SELECT * FROM `address` WHERE  `id` = 2 LIMIT 1 [ RunTime:0.000194s ]
[2023-01-01T17:15:26+08:00][sql] CONNECT:[ UseTime:0.000463s ] mysql:host=localhost;port=3316;dbname=coffee;charset=utf8
[2023-01-01T17:15:26+08:00][sql] SHOW FULL COLUMNS FROM `banner` [ RunTime:0.001281s ]
[2023-01-01T17:15:26+08:00][sql] SELECT * FROM `banner` [ RunTime:0.000364s ]
[2023-01-01T17:15:26+08:00][sql] SHOW FULL COLUMNS FROM `information` [ RunTime:0.000974s ]
[2023-01-01T17:15:26+08:00][sql] SELECT * FROM `information` ORDER BY `time` DESC LIMIT 1 [ RunTime:0.000328s ]
[2023-01-01T17:15:26+08:00][sql] SELECT * FROM `information` ORDER BY `time` DESC LIMIT 1,4 [ RunTime:0.000391s ]
[2023-01-01T17:15:26+08:00][sql] SHOW FULL COLUMNS FROM `course` [ RunTime:0.001155s ]
[2023-01-01T17:15:26+08:00][sql] SELECT `id`,`title` FROM `course` ORDER BY `sorting` ASC LIMIT 0,6 [ RunTime:0.000255s ]
[2023-01-01T17:15:26+08:00][sql] SHOW FULL COLUMNS FROM `teacher` [ RunTime:0.000918s ]
[2023-01-01T17:15:26+08:00][sql] SELECT * FROM `teacher` [ RunTime:0.000256s ]
[2023-01-01T17:15:26+08:00][sql] SHOW FULL COLUMNS FROM `address` [ RunTime:0.000939s ]
[2023-01-01T17:15:26+08:00][sql] SELECT * FROM `address` WHERE  `id` = 1 LIMIT 1 [ RunTime:0.000515s ]
[2023-01-01T17:15:26+08:00][sql] SELECT * FROM `address` WHERE  `id` = 2 LIMIT 1 [ RunTime:0.000393s ]
[2023-01-01T17:20:22+08:00][sql] CONNECT:[ UseTime:0.000464s ] mysql:host=localhost;port=3316;dbname=coffee;charset=utf8
[2023-01-01T17:20:22+08:00][sql] SHOW FULL COLUMNS FROM `banner` [ RunTime:0.001280s ]
[2023-01-01T17:20:22+08:00][sql] SELECT * FROM `banner` [ RunTime:0.000249s ]
[2023-01-01T17:20:22+08:00][sql] SHOW FULL COLUMNS FROM `information` [ RunTime:0.001028s ]
[2023-01-01T17:20:22+08:00][sql] SELECT * FROM `information` ORDER BY `time` DESC LIMIT 1 [ RunTime:0.000350s ]
[2023-01-01T17:20:22+08:00][sql] SELECT * FROM `information` ORDER BY `time` DESC LIMIT 1,4 [ RunTime:0.000379s ]
[2023-01-01T17:20:22+08:00][sql] SHOW FULL COLUMNS FROM `course` [ RunTime:0.001062s ]
[2023-01-01T17:20:22+08:00][sql] SELECT `id`,`title` FROM `course` ORDER BY `sorting` ASC LIMIT 0,6 [ RunTime:0.000283s ]
[2023-01-01T17:20:22+08:00][sql] SHOW FULL COLUMNS FROM `teacher` [ RunTime:0.000920s ]
[2023-01-01T17:20:22+08:00][sql] SELECT * FROM `teacher` [ RunTime:0.000256s ]
[2023-01-01T17:20:22+08:00][sql] SHOW FULL COLUMNS FROM `address` [ RunTime:0.000920s ]
[2023-01-01T17:20:22+08:00][sql] SELECT * FROM `address` WHERE  `id` = 1 LIMIT 1 [ RunTime:0.000296s ]
[2023-01-01T17:20:22+08:00][sql] SELECT * FROM `address` WHERE  `id` = 2 LIMIT 1 [ RunTime:0.000261s ]
[2023-01-01T17:36:26+08:00][sql] CONNECT:[ UseTime:0.000393s ] mysql:host=localhost;port=3316;dbname=coffee;charset=utf8
[2023-01-01T17:36:26+08:00][sql] SHOW FULL COLUMNS FROM `banner` [ RunTime:0.001208s ]
[2023-01-01T17:36:26+08:00][sql] SELECT * FROM `banner` [ RunTime:0.000262s ]
[2023-01-01T17:36:26+08:00][sql] SHOW FULL COLUMNS FROM `information` [ RunTime:0.000964s ]
[2023-01-01T17:36:26+08:00][sql] SELECT * FROM `information` ORDER BY `time` DESC LIMIT 1 [ RunTime:0.000299s ]
[2023-01-01T17:36:26+08:00][sql] SELECT * FROM `information` ORDER BY `time` DESC LIMIT 1,4 [ RunTime:0.000342s ]
[2023-01-01T17:36:26+08:00][sql] SHOW FULL COLUMNS FROM `course` [ RunTime:0.001036s ]
[2023-01-01T17:36:26+08:00][sql] SELECT `id`,`title` FROM `course` ORDER BY `sorting` ASC LIMIT 0,6 [ RunTime:0.000252s ]
[2023-01-01T17:36:26+08:00][sql] SHOW FULL COLUMNS FROM `teacher` [ RunTime:0.001002s ]
[2023-01-01T17:36:26+08:00][sql] SELECT * FROM `teacher` [ RunTime:0.000262s ]
[2023-01-01T17:36:26+08:00][sql] SHOW FULL COLUMNS FROM `address` [ RunTime:0.001069s ]
[2023-01-01T17:36:26+08:00][sql] SELECT * FROM `address` WHERE  `id` = 1 LIMIT 1 [ RunTime:0.000353s ]
[2023-01-01T17:36:26+08:00][sql] SELECT * FROM `address` WHERE  `id` = 2 LIMIT 1 [ RunTime:0.000247s ]
[2023-01-01T17:57:44+08:00][sql] CONNECT:[ UseTime:0.000427s ] mysql:host=localhost;port=3316;dbname=coffee;charset=utf8
[2023-01-01T17:57:44+08:00][sql] SHOW FULL COLUMNS FROM `banner` [ RunTime:0.001247s ]
[2023-01-01T17:57:44+08:00][sql] SELECT * FROM `banner` [ RunTime:0.000213s ]
[2023-01-01T17:57:44+08:00][sql] SHOW FULL COLUMNS FROM `information` [ RunTime:0.001077s ]
[2023-01-01T17:57:44+08:00][sql] SELECT * FROM `information` ORDER BY `time` DESC LIMIT 1 [ RunTime:0.000278s ]
[2023-01-01T17:57:44+08:00][sql] SELECT * FROM `information` ORDER BY `time` DESC LIMIT 1,4 [ RunTime:0.000364s ]
[2023-01-01T17:57:44+08:00][sql] SHOW FULL COLUMNS FROM `course` [ RunTime:0.001068s ]
[2023-01-01T17:57:44+08:00][sql] SELECT `id`,`title` FROM `course` ORDER BY `sorting` ASC LIMIT 0,6 [ RunTime:0.000247s ]
[2023-01-01T17:57:44+08:00][sql] SHOW FULL COLUMNS FROM `teacher` [ RunTime:0.000885s ]
[2023-01-01T17:57:44+08:00][sql] SELECT * FROM `teacher` [ RunTime:0.000221s ]
[2023-01-01T17:57:44+08:00][sql] SHOW FULL COLUMNS FROM `address` [ RunTime:0.000912s ]
[2023-01-01T17:57:44+08:00][sql] SELECT * FROM `address` WHERE  `id` = 1 LIMIT 1 [ RunTime:0.000252s ]
[2023-01-01T17:57:44+08:00][sql] SELECT * FROM `address` WHERE  `id` = 2 LIMIT 1 [ RunTime:0.000207s ]
[2023-01-01T18:40:21+08:00][sql] CONNECT:[ UseTime:0.001518s ] mysql:host=localhost;port=3316;dbname=coffee;charset=utf8
[2023-01-01T18:40:21+08:00][sql] SHOW FULL COLUMNS FROM `banner` [ RunTime:0.001391s ]
[2023-01-01T18:40:21+08:00][sql] SELECT * FROM `banner` [ RunTime:0.000244s ]
[2023-01-01T18:40:21+08:00][sql] SHOW FULL COLUMNS FROM `information` [ RunTime:0.001011s ]
[2023-01-01T18:40:21+08:00][sql] SELECT * FROM `information` ORDER BY `time` DESC LIMIT 1 [ RunTime:0.000326s ]
[2023-01-01T18:40:21+08:00][sql] SELECT * FROM `information` ORDER BY `time` DESC LIMIT 1,4 [ RunTime:0.000368s ]
[2023-01-01T18:40:21+08:00][sql] SHOW FULL COLUMNS FROM `course` [ RunTime:0.001081s ]
[2023-01-01T18:40:21+08:00][sql] SELECT `id`,`title` FROM `course` ORDER BY `sorting` ASC LIMIT 0,6 [ RunTime:0.000268s ]
[2023-01-01T18:40:21+08:00][sql] SHOW FULL COLUMNS FROM `teacher` [ RunTime:0.000933s ]
[2023-01-01T18:40:21+08:00][sql] SELECT * FROM `teacher` [ RunTime:0.000256s ]
[2023-01-01T18:40:21+08:00][sql] SHOW FULL COLUMNS FROM `address` [ RunTime:0.000988s ]
[2023-01-01T18:40:21+08:00][sql] SELECT * FROM `address` WHERE  `id` = 1 LIMIT 1 [ RunTime:0.000310s ]
[2023-01-01T18:40:21+08:00][sql] SELECT * FROM `address` WHERE  `id` = 2 LIMIT 1 [ RunTime:0.000261s ]
[2023-01-01T18:40:42+08:00][sql] CONNECT:[ UseTime:0.000461s ] mysql:host=localhost;port=3316;dbname=coffee;charset=utf8
[2023-01-01T18:40:42+08:00][sql] SHOW FULL COLUMNS FROM `banner` [ RunTime:0.001233s ]
[2023-01-01T18:40:42+08:00][sql] SELECT * FROM `banner` [ RunTime:0.000258s ]
[2023-01-01T18:40:42+08:00][sql] SHOW FULL COLUMNS FROM `information` [ RunTime:0.000990s ]
[2023-01-01T18:40:42+08:00][sql] SELECT * FROM `information` ORDER BY `time` DESC LIMIT 1 [ RunTime:0.000322s ]
[2023-01-01T18:40:42+08:00][sql] SELECT * FROM `information` ORDER BY `time` DESC LIMIT 1,4 [ RunTime:0.000380s ]
[2023-01-01T18:40:42+08:00][sql] SHOW FULL COLUMNS FROM `course` [ RunTime:0.001112s ]
[2023-01-01T18:40:42+08:00][sql] SELECT `id`,`title` FROM `course` ORDER BY `sorting` ASC LIMIT 0,6 [ RunTime:0.000292s ]
[2023-01-01T18:40:42+08:00][sql] SHOW FULL COLUMNS FROM `teacher` [ RunTime:0.000925s ]
[2023-01-01T18:40:42+08:00][sql] SELECT * FROM `teacher` [ RunTime:0.000283s ]
[2023-01-01T18:40:42+08:00][sql] SHOW FULL COLUMNS FROM `address` [ RunTime:0.000945s ]
[2023-01-01T18:40:42+08:00][sql] SELECT * FROM `address` WHERE  `id` = 1 LIMIT 1 [ RunTime:0.000290s ]
[2023-01-01T18:40:42+08:00][sql] SELECT * FROM `address` WHERE  `id` = 2 LIMIT 1 [ RunTime:0.000320s ]
[2023-01-01T19:23:50+08:00][sql] CONNECT:[ UseTime:0.000416s ] mysql:host=localhost;port=3316;dbname=coffee;charset=utf8
[2023-01-01T19:23:50+08:00][sql] SHOW FULL COLUMNS FROM `banner` [ RunTime:0.001375s ]
[2023-01-01T19:23:50+08:00][sql] SELECT * FROM `banner` [ RunTime:0.000231s ]
[2023-01-01T19:23:50+08:00][sql] SHOW FULL COLUMNS FROM `information` [ RunTime:0.001053s ]
[2023-01-01T19:23:50+08:00][sql] SELECT * FROM `information` ORDER BY `time` DESC LIMIT 1 [ RunTime:0.000276s ]
[2023-01-01T19:23:50+08:00][sql] SELECT * FROM `information` ORDER BY `time` DESC LIMIT 1,4 [ RunTime:0.000409s ]
[2023-01-01T19:23:50+08:00][sql] SHOW FULL COLUMNS FROM `course` [ RunTime:0.001030s ]
[2023-01-01T19:23:50+08:00][sql] SELECT `id`,`title` FROM `course` ORDER BY `sorting` ASC LIMIT 0,6 [ RunTime:0.000281s ]
[2023-01-01T19:23:50+08:00][sql] SHOW FULL COLUMNS FROM `teacher` [ RunTime:0.000867s ]
[2023-01-01T19:23:50+08:00][sql] SELECT * FROM `teacher` [ RunTime:0.000274s ]
[2023-01-01T19:23:50+08:00][sql] SHOW FULL COLUMNS FROM `address` [ RunTime:0.000884s ]
[2023-01-01T19:23:50+08:00][sql] SELECT * FROM `address` WHERE  `id` = 1 LIMIT 1 [ RunTime:0.000260s ]
[2023-01-01T19:23:50+08:00][sql] SELECT * FROM `address` WHERE  `id` = 2 LIMIT 1 [ RunTime:0.000244s ]
[2023-01-01T19:28:16+08:00][sql] CONNECT:[ UseTime:0.000391s ] mysql:host=localhost;port=3316;dbname=coffee;charset=utf8
[2023-01-01T19:28:16+08:00][sql] SHOW FULL COLUMNS FROM `banner` [ RunTime:0.001217s ]
[2023-01-01T19:28:16+08:00][sql] SELECT * FROM `banner` [ RunTime:0.000216s ]
[2023-01-01T19:28:16+08:00][sql] SHOW FULL COLUMNS FROM `information` [ RunTime:0.001020s ]
[2023-01-01T19:28:16+08:00][sql] SELECT * FROM `information` ORDER BY `time` DESC LIMIT 1 [ RunTime:0.000327s ]
[2023-01-01T19:28:16+08:00][sql] SELECT * FROM `information` ORDER BY `time` DESC LIMIT 1,4 [ RunTime:0.000382s ]
[2023-01-01T19:28:16+08:00][sql] SHOW FULL COLUMNS FROM `course` [ RunTime:0.001244s ]
[2023-01-01T19:28:16+08:00][sql] SELECT `id`,`title` FROM `course` ORDER BY `sorting` ASC LIMIT 0,6 [ RunTime:0.000250s ]
[2023-01-01T19:28:16+08:00][sql] SHOW FULL COLUMNS FROM `teacher` [ RunTime:0.000974s ]
[2023-01-01T19:28:16+08:00][sql] SELECT * FROM `teacher` [ RunTime:0.000324s ]
[2023-01-01T19:28:16+08:00][sql] SHOW FULL COLUMNS FROM `address` [ RunTime:0.000970s ]
[2023-01-01T19:28:16+08:00][sql] SELECT * FROM `address` WHERE  `id` = 1 LIMIT 1 [ RunTime:0.000314s ]
[2023-01-01T19:28:16+08:00][sql] SELECT * FROM `address` WHERE  `id` = 2 LIMIT 1 [ RunTime:0.000256s ]
[2023-01-01T20:14:50+08:00][sql] CONNECT:[ UseTime:0.000425s ] mysql:host=localhost;port=3316;dbname=coffee;charset=utf8
[2023-01-01T20:14:50+08:00][sql] SHOW FULL COLUMNS FROM `banner` [ RunTime:0.001254s ]
[2023-01-01T20:14:50+08:00][sql] SELECT * FROM `banner` [ RunTime:0.000260s ]
[2023-01-01T20:14:50+08:00][sql] SHOW FULL COLUMNS FROM `information` [ RunTime:0.000986s ]
[2023-01-01T20:14:50+08:00][sql] SELECT * FROM `information` ORDER BY `time` DESC LIMIT 1 [ RunTime:0.000320s ]
[2023-01-01T20:14:50+08:00][sql] SELECT * FROM `information` ORDER BY `time` DESC LIMIT 1,4 [ RunTime:0.000420s ]
[2023-01-01T20:14:50+08:00][sql] SHOW FULL COLUMNS FROM `course` [ RunTime:0.001058s ]
[2023-01-01T20:14:50+08:00][sql] SELECT `id`,`title` FROM `course` ORDER BY `sorting` ASC LIMIT 0,6 [ RunTime:0.000263s ]
[2023-01-01T20:14:50+08:00][sql] SHOW FULL COLUMNS FROM `teacher` [ RunTime:0.000922s ]
[2023-01-01T20:14:50+08:00][sql] SELECT * FROM `teacher` [ RunTime:0.000293s ]
[2023-01-01T20:14:50+08:00][sql] SHOW FULL COLUMNS FROM `address` [ RunTime:0.000912s ]
[2023-01-01T20:14:50+08:00][sql] SELECT * FROM `address` WHERE  `id` = 1 LIMIT 1 [ RunTime:0.000280s ]
[2023-01-01T20:14:50+08:00][sql] SELECT * FROM `address` WHERE  `id` = 2 LIMIT 1 [ RunTime:0.000249s ]
[2023-01-01T20:23:19+08:00][sql] CONNECT:[ UseTime:0.000439s ] mysql:host=localhost;port=3316;dbname=coffee;charset=utf8
[2023-01-01T20:23:19+08:00][sql] SHOW FULL COLUMNS FROM `banner` [ RunTime:0.001240s ]
[2023-01-01T20:23:19+08:00][sql] SELECT * FROM `banner` [ RunTime:0.000215s ]
[2023-01-01T20:23:19+08:00][sql] SHOW FULL COLUMNS FROM `information` [ RunTime:0.001047s ]
[2023-01-01T20:23:19+08:00][sql] SELECT * FROM `information` ORDER BY `time` DESC LIMIT 1 [ RunTime:0.000280s ]
[2023-01-01T20:23:19+08:00][sql] SELECT * FROM `information` ORDER BY `time` DESC LIMIT 1,4 [ RunTime:0.000443s ]
[2023-01-01T20:23:19+08:00][sql] SHOW FULL COLUMNS FROM `course` [ RunTime:0.001053s ]
[2023-01-01T20:23:19+08:00][sql] SELECT `id`,`title` FROM `course` ORDER BY `sorting` ASC LIMIT 0,6 [ RunTime:0.000251s ]
[2023-01-01T20:23:19+08:00][sql] SHOW FULL COLUMNS FROM `teacher` [ RunTime:0.000989s ]
[2023-01-01T20:23:19+08:00][sql] SELECT * FROM `teacher` [ RunTime:0.000252s ]
[2023-01-01T20:23:19+08:00][sql] SHOW FULL COLUMNS FROM `address` [ RunTime:0.001011s ]
[2023-01-01T20:23:19+08:00][sql] SELECT * FROM `address` WHERE  `id` = 1 LIMIT 1 [ RunTime:0.000254s ]
[2023-01-01T20:23:19+08:00][sql] SELECT * FROM `address` WHERE  `id` = 2 LIMIT 1 [ RunTime:0.000239s ]
[2023-01-01T20:42:34+08:00][sql] CONNECT:[ UseTime:0.000493s ] mysql:host=localhost;port=3316;dbname=coffee;charset=utf8
[2023-01-01T20:42:34+08:00][sql] SHOW FULL COLUMNS FROM `banner` [ RunTime:0.001880s ]
[2023-01-01T20:42:34+08:00][sql] SELECT * FROM `banner` [ RunTime:0.000433s ]
[2023-01-01T20:42:34+08:00][sql] SHOW FULL COLUMNS FROM `information` [ RunTime:0.001076s ]
[2023-01-01T20:42:34+08:00][sql] SELECT * FROM `information` ORDER BY `time` DESC LIMIT 1 [ RunTime:0.000315s ]
[2023-01-01T20:42:34+08:00][sql] SELECT * FROM `information` ORDER BY `time` DESC LIMIT 1,4 [ RunTime:0.000409s ]
[2023-01-01T20:42:34+08:00][sql] SHOW FULL COLUMNS FROM `course` [ RunTime:0.001140s ]
[2023-01-01T20:42:34+08:00][sql] SELECT `id`,`title` FROM `course` ORDER BY `sorting` ASC LIMIT 0,6 [ RunTime:0.000259s ]
[2023-01-01T20:42:34+08:00][sql] SHOW FULL COLUMNS FROM `teacher` [ RunTime:0.000916s ]
[2023-01-01T20:42:34+08:00][sql] SELECT * FROM `teacher` [ RunTime:0.000258s ]
[2023-01-01T20:42:34+08:00][sql] SHOW FULL COLUMNS FROM `address` [ RunTime:0.000952s ]
[2023-01-01T20:42:34+08:00][sql] SELECT * FROM `address` WHERE  `id` = 1 LIMIT 1 [ RunTime:0.000299s ]
[2023-01-01T20:42:34+08:00][sql] SELECT * FROM `address` WHERE  `id` = 2 LIMIT 1 [ RunTime:0.000276s ]
[2023-01-01T20:47:21+08:00][sql] CONNECT:[ UseTime:0.000381s ] mysql:host=localhost;port=3316;dbname=coffee;charset=utf8
[2023-01-01T20:47:21+08:00][sql] SHOW FULL COLUMNS FROM `banner` [ RunTime:0.001211s ]
[2023-01-01T20:47:21+08:00][sql] SELECT * FROM `banner` [ RunTime:0.000219s ]
[2023-01-01T20:47:21+08:00][sql] SHOW FULL COLUMNS FROM `information` [ RunTime:0.001061s ]
[2023-01-01T20:47:21+08:00][sql] SELECT * FROM `information` ORDER BY `time` DESC LIMIT 1 [ RunTime:0.000329s ]
[2023-01-01T20:47:21+08:00][sql] SELECT * FROM `information` ORDER BY `time` DESC LIMIT 1,4 [ RunTime:0.000329s ]
[2023-01-01T20:47:21+08:00][sql] SHOW FULL COLUMNS FROM `course` [ RunTime:0.001089s ]
[2023-01-01T20:47:21+08:00][sql] SELECT `id`,`title` FROM `course` ORDER BY `sorting` ASC LIMIT 0,6 [ RunTime:0.000235s ]
[2023-01-01T20:47:21+08:00][sql] SHOW FULL COLUMNS FROM `teacher` [ RunTime:0.000906s ]
[2023-01-01T20:47:21+08:00][sql] SELECT * FROM `teacher` [ RunTime:0.000227s ]
[2023-01-01T20:47:21+08:00][sql] SHOW FULL COLUMNS FROM `address` [ RunTime:0.000870s ]
[2023-01-01T20:47:21+08:00][sql] SELECT * FROM `address` WHERE  `id` = 1 LIMIT 1 [ RunTime:0.000256s ]
[2023-01-01T20:47:21+08:00][sql] SELECT * FROM `address` WHERE  `id` = 2 LIMIT 1 [ RunTime:0.000206s ]
[2023-01-01T21:14:22+08:00][sql] CONNECT:[ UseTime:0.000407s ] mysql:host=localhost;port=3316;dbname=coffee;charset=utf8
[2023-01-01T21:14:22+08:00][sql] SHOW FULL COLUMNS FROM `banner` [ RunTime:0.001228s ]
[2023-01-01T21:14:22+08:00][sql] SELECT * FROM `banner` [ RunTime:0.000254s ]
[2023-01-01T21:14:22+08:00][sql] SHOW FULL COLUMNS FROM `information` [ RunTime:0.001039s ]
[2023-01-01T21:14:22+08:00][sql] SELECT * FROM `information` ORDER BY `time` DESC LIMIT 1 [ RunTime:0.000366s ]
[2023-01-01T21:14:22+08:00][sql] SELECT * FROM `information` ORDER BY `time` DESC LIMIT 1,4 [ RunTime:0.000385s ]
[2023-01-01T21:14:22+08:00][sql] SHOW FULL COLUMNS FROM `course` [ RunTime:0.001105s ]
[2023-01-01T21:14:22+08:00][sql] SELECT `id`,`title` FROM `course` ORDER BY `sorting` ASC LIMIT 0,6 [ RunTime:0.000276s ]
[2023-01-01T21:14:22+08:00][sql] SHOW FULL COLUMNS FROM `teacher` [ RunTime:0.000943s ]
[2023-01-01T21:14:22+08:00][sql] SELECT * FROM `teacher` [ RunTime:0.000262s ]
[2023-01-01T21:14:22+08:00][sql] SHOW FULL COLUMNS FROM `address` [ RunTime:0.001004s ]
[2023-01-01T21:14:22+08:00][sql] SELECT * FROM `address` WHERE  `id` = 1 LIMIT 1 [ RunTime:0.000316s ]
[2023-01-01T21:14:22+08:00][sql] SELECT * FROM `address` WHERE  `id` = 2 LIMIT 1 [ RunTime:0.000255s ]
[2023-01-01T21:45:22+08:00][sql] CONNECT:[ UseTime:0.000447s ] mysql:host=localhost;port=3316;dbname=coffee;charset=utf8
[2023-01-01T21:45:22+08:00][sql] SHOW FULL COLUMNS FROM `banner` [ RunTime:0.001256s ]
[2023-01-01T21:45:22+08:00][sql] SELECT * FROM `banner` [ RunTime:0.000376s ]
[2023-01-01T21:45:22+08:00][sql] SHOW FULL COLUMNS FROM `information` [ RunTime:0.001039s ]
[2023-01-01T21:45:22+08:00][sql] SELECT * FROM `information` ORDER BY `time` DESC LIMIT 1 [ RunTime:0.000337s ]
[2023-01-01T21:45:22+08:00][sql] SELECT * FROM `information` ORDER BY `time` DESC LIMIT 1,4 [ RunTime:0.000386s ]
[2023-01-01T21:45:22+08:00][sql] SHOW FULL COLUMNS FROM `course` [ RunTime:0.001079s ]
[2023-01-01T21:45:22+08:00][sql] SELECT `id`,`title` FROM `course` ORDER BY `sorting` ASC LIMIT 0,6 [ RunTime:0.000267s ]
[2023-01-01T21:45:22+08:00][sql] SHOW FULL COLUMNS FROM `teacher` [ RunTime:0.000915s ]
[2023-01-01T21:45:22+08:00][sql] SELECT * FROM `teacher` [ RunTime:0.000257s ]
[2023-01-01T21:45:22+08:00][sql] SHOW FULL COLUMNS FROM `address` [ RunTime:0.000975s ]
[2023-01-01T21:45:22+08:00][sql] SELECT * FROM `address` WHERE  `id` = 1 LIMIT 1 [ RunTime:0.000293s ]
[2023-01-01T21:45:22+08:00][sql] SELECT * FROM `address` WHERE  `id` = 2 LIMIT 1 [ RunTime:0.000247s ]
[2023-01-01T21:56:48+08:00][sql] CONNECT:[ UseTime:0.000479s ] mysql:host=localhost;port=3316;dbname=coffee;charset=utf8
[2023-01-01T21:56:48+08:00][sql] SHOW FULL COLUMNS FROM `banner` [ RunTime:0.001800s ]
[2023-01-01T21:56:48+08:00][sql] SELECT * FROM `banner` [ RunTime:0.000314s ]
[2023-01-01T21:56:48+08:00][sql] SHOW FULL COLUMNS FROM `information` [ RunTime:0.001488s ]
[2023-01-01T21:56:48+08:00][sql] SELECT * FROM `information` ORDER BY `time` DESC LIMIT 1 [ RunTime:0.001636s ]
[2023-01-01T21:56:48+08:00][sql] SELECT * FROM `information` ORDER BY `time` DESC LIMIT 1,4 [ RunTime:0.000516s ]
[2023-01-01T21:56:48+08:00][sql] SHOW FULL COLUMNS FROM `course` [ RunTime:0.001617s ]
[2023-01-01T21:56:48+08:00][sql] SELECT `id`,`title` FROM `course` ORDER BY `sorting` ASC LIMIT 0,6 [ RunTime:0.000309s ]
[2023-01-01T21:56:48+08:00][sql] SHOW FULL COLUMNS FROM `teacher` [ RunTime:0.001325s ]
[2023-01-01T21:56:48+08:00][sql] SELECT * FROM `teacher` [ RunTime:0.000346s ]
[2023-01-01T21:56:48+08:00][sql] SHOW FULL COLUMNS FROM `address` [ RunTime:0.001385s ]
[2023-01-01T21:56:48+08:00][sql] SELECT * FROM `address` WHERE  `id` = 1 LIMIT 1 [ RunTime:0.000328s ]
[2023-01-01T21:56:48+08:00][sql] SELECT * FROM `address` WHERE  `id` = 2 LIMIT 1 [ RunTime:0.000282s ]
[2023-01-01T21:56:48+08:00][sql] CONNECT:[ UseTime:0.000325s ] mysql:host=localhost;port=3316;dbname=coffee;charset=utf8
[2023-01-01T21:56:48+08:00][sql] SHOW FULL COLUMNS FROM `banner` [ RunTime:0.001136s ]
[2023-01-01T21:56:48+08:00][sql] SELECT * FROM `banner` [ RunTime:0.000245s ]
[2023-01-01T21:56:48+08:00][sql] SHOW FULL COLUMNS FROM `information` [ RunTime:0.001041s ]
[2023-01-01T21:56:48+08:00][sql] SELECT * FROM `information` ORDER BY `time` DESC LIMIT 1 [ RunTime:0.000350s ]
[2023-01-01T21:56:48+08:00][sql] SELECT * FROM `information` ORDER BY `time` DESC LIMIT 1,4 [ RunTime:0.000384s ]
[2023-01-01T21:56:48+08:00][sql] SHOW FULL COLUMNS FROM `course` [ RunTime:0.001150s ]
[2023-01-01T21:56:48+08:00][sql] SELECT `id`,`title` FROM `course` ORDER BY `sorting` ASC LIMIT 0,6 [ RunTime:0.000272s ]
[2023-01-01T21:56:48+08:00][sql] SHOW FULL COLUMNS FROM `teacher` [ RunTime:0.000894s ]
[2023-01-01T21:56:48+08:00][sql] SELECT * FROM `teacher` [ RunTime:0.000255s ]
[2023-01-01T21:56:48+08:00][sql] SHOW FULL COLUMNS FROM `address` [ RunTime:0.000927s ]
[2023-01-01T21:56:48+08:00][sql] SELECT * FROM `address` WHERE  `id` = 1 LIMIT 1 [ RunTime:0.000310s ]
[2023-01-01T21:56:48+08:00][sql] SELECT * FROM `address` WHERE  `id` = 2 LIMIT 1 [ RunTime:0.000256s ]
[2023-01-01T22:10:19+08:00][sql] CONNECT:[ UseTime:0.000621s ] mysql:host=localhost;port=3316;dbname=coffee;charset=utf8
[2023-01-01T22:10:19+08:00][sql] SHOW FULL COLUMNS FROM `banner` [ RunTime:0.001305s ]
[2023-01-01T22:10:19+08:00][sql] SELECT * FROM `banner` [ RunTime:0.000217s ]
[2023-01-01T22:10:19+08:00][sql] SHOW FULL COLUMNS FROM `information` [ RunTime:0.001061s ]
[2023-01-01T22:10:19+08:00][sql] SELECT * FROM `information` ORDER BY `time` DESC LIMIT 1 [ RunTime:0.000278s ]
[2023-01-01T22:10:19+08:00][sql] SELECT * FROM `information` ORDER BY `time` DESC LIMIT 1,4 [ RunTime:0.000338s ]
[2023-01-01T22:10:19+08:00][sql] SHOW FULL COLUMNS FROM `course` [ RunTime:0.001157s ]
[2023-01-01T22:10:19+08:00][sql] SELECT `id`,`title` FROM `course` ORDER BY `sorting` ASC LIMIT 0,6 [ RunTime:0.000250s ]
[2023-01-01T22:10:19+08:00][sql] SHOW FULL COLUMNS FROM `teacher` [ RunTime:0.000933s ]
[2023-01-01T22:10:19+08:00][sql] SELECT * FROM `teacher` [ RunTime:0.000221s ]
[2023-01-01T22:10:19+08:00][sql] SHOW FULL COLUMNS FROM `address` [ RunTime:0.000967s ]
[2023-01-01T22:10:19+08:00][sql] SELECT * FROM `address` WHERE  `id` = 1 LIMIT 1 [ RunTime:0.000237s ]
[2023-01-01T22:10:19+08:00][sql] SELECT * FROM `address` WHERE  `id` = 2 LIMIT 1 [ RunTime:0.000328s ]
[2023-01-01T22:27:43+08:00][sql] CONNECT:[ UseTime:0.000443s ] mysql:host=localhost;port=3316;dbname=coffee;charset=utf8
[2023-01-01T22:27:43+08:00][sql] SHOW FULL COLUMNS FROM `banner` [ RunTime:0.001490s ]
[2023-01-01T22:27:43+08:00][sql] SELECT * FROM `banner` [ RunTime:0.000232s ]
[2023-01-01T22:27:43+08:00][sql] SHOW FULL COLUMNS FROM `information` [ RunTime:0.001120s ]
[2023-01-01T22:27:43+08:00][sql] SELECT * FROM `information` ORDER BY `time` DESC LIMIT 1 [ RunTime:0.000362s ]
[2023-01-01T22:27:43+08:00][sql] SELECT * FROM `information` ORDER BY `time` DESC LIMIT 1,4 [ RunTime:0.000353s ]
[2023-01-01T22:27:43+08:00][sql] SHOW FULL COLUMNS FROM `course` [ RunTime:0.001134s ]
[2023-01-01T22:27:43+08:00][sql] SELECT `id`,`title` FROM `course` ORDER BY `sorting` ASC LIMIT 0,6 [ RunTime:0.000246s ]
[2023-01-01T22:27:43+08:00][sql] SHOW FULL COLUMNS FROM `teacher` [ RunTime:0.000916s ]
[2023-01-01T22:27:43+08:00][sql] SELECT * FROM `teacher` [ RunTime:0.000237s ]
[2023-01-01T22:27:43+08:00][sql] SHOW FULL COLUMNS FROM `address` [ RunTime:0.000892s ]
[2023-01-01T22:27:43+08:00][sql] SELECT * FROM `address` WHERE  `id` = 1 LIMIT 1 [ RunTime:0.000261s ]
[2023-01-01T22:27:43+08:00][sql] SELECT * FROM `address` WHERE  `id` = 2 LIMIT 1 [ RunTime:0.000204s ]
[2023-01-01T23:05:09+08:00][sql] CONNECT:[ UseTime:0.000389s ] mysql:host=localhost;port=3316;dbname=coffee;charset=utf8
[2023-01-01T23:05:09+08:00][sql] SHOW FULL COLUMNS FROM `banner` [ RunTime:0.001310s ]
[2023-01-01T23:05:09+08:00][sql] SELECT * FROM `banner` [ RunTime:0.000249s ]
[2023-01-01T23:05:09+08:00][sql] SHOW FULL COLUMNS FROM `information` [ RunTime:0.000970s ]
[2023-01-01T23:05:09+08:00][sql] SELECT * FROM `information` ORDER BY `time` DESC LIMIT 1 [ RunTime:0.000277s ]
[2023-01-01T23:05:09+08:00][sql] SELECT * FROM `information` ORDER BY `time` DESC LIMIT 1,4 [ RunTime:0.000364s ]
[2023-01-01T23:05:09+08:00][sql] SHOW FULL COLUMNS FROM `course` [ RunTime:0.001072s ]
[2023-01-01T23:05:09+08:00][sql] SELECT `id`,`title` FROM `course` ORDER BY `sorting` ASC LIMIT 0,6 [ RunTime:0.000250s ]
[2023-01-01T23:05:09+08:00][sql] SHOW FULL COLUMNS FROM `teacher` [ RunTime:0.000996s ]
[2023-01-01T23:05:09+08:00][sql] SELECT * FROM `teacher` [ RunTime:0.000223s ]
[2023-01-01T23:05:09+08:00][sql] SHOW FULL COLUMNS FROM `address` [ RunTime:0.000900s ]
[2023-01-01T23:05:09+08:00][sql] SELECT * FROM `address` WHERE  `id` = 1 LIMIT 1 [ RunTime:0.000255s ]
[2023-01-01T23:05:09+08:00][sql] SELECT * FROM `address` WHERE  `id` = 2 LIMIT 1 [ RunTime:0.000206s ]
[2023-01-01T23:09:55+08:00][sql] CONNECT:[ UseTime:0.000434s ] mysql:host=localhost;port=3316;dbname=coffee;charset=utf8
[2023-01-01T23:09:55+08:00][sql] SHOW FULL COLUMNS FROM `banner` [ RunTime:0.001240s ]
[2023-01-01T23:09:55+08:00][sql] SELECT * FROM `banner` [ RunTime:0.000280s ]
[2023-01-01T23:09:55+08:00][sql] SHOW FULL COLUMNS FROM `information` [ RunTime:0.001019s ]
[2023-01-01T23:09:55+08:00][sql] SELECT * FROM `information` ORDER BY `time` DESC LIMIT 1 [ RunTime:0.000329s ]
[2023-01-01T23:09:55+08:00][sql] SELECT * FROM `information` ORDER BY `time` DESC LIMIT 1,4 [ RunTime:0.000387s ]
[2023-01-01T23:09:55+08:00][sql] SHOW FULL COLUMNS FROM `course` [ RunTime:0.001124s ]
[2023-01-01T23:09:55+08:00][sql] SELECT `id`,`title` FROM `course` ORDER BY `sorting` ASC LIMIT 0,6 [ RunTime:0.000279s ]
[2023-01-01T23:09:55+08:00][sql] SHOW FULL COLUMNS FROM `teacher` [ RunTime:0.000907s ]
[2023-01-01T23:09:55+08:00][sql] SELECT * FROM `teacher` [ RunTime:0.000269s ]
[2023-01-01T23:09:55+08:00][sql] SHOW FULL COLUMNS FROM `address` [ RunTime:0.000927s ]
[2023-01-01T23:09:55+08:00][sql] SELECT * FROM `address` WHERE  `id` = 1 LIMIT 1 [ RunTime:0.000281s ]
[2023-01-01T23:09:55+08:00][sql] SELECT * FROM `address` WHERE  `id` = 2 LIMIT 1 [ RunTime:0.000254s ]
