[2023-01-07T00:04:32+08:00][sql] CONNECT:[ UseTime:0.000425s ] mysql:host=localhost;port=3316;dbname=coffee;charset=utf8
[2023-01-07T00:04:32+08:00][sql] SHOW FULL COLUMNS FROM `banner` [ RunTime:0.001256s ]
[2023-01-07T00:04:32+08:00][sql] SELECT * FROM `banner` [ RunTime:0.000265s ]
[2023-01-07T00:04:32+08:00][sql] SHOW FULL COLUMNS FROM `information` [ RunTime:0.000993s ]
[2023-01-07T00:04:32+08:00][sql] SELECT * FROM `information` ORDER BY `time` DESC LIMIT 1 [ RunTime:0.000351s ]
[2023-01-07T00:04:32+08:00][sql] SELECT * FROM `information` ORDER BY `time` DESC LIMIT 1,4 [ RunTime:0.000411s ]
[2023-01-07T00:04:32+08:00][sql] SHOW FULL COLUMNS FROM `course` [ RunTime:0.001072s ]
[2023-01-07T00:04:32+08:00][sql] SELECT `id`,`title` FROM `course` ORDER BY `sorting` ASC LIMIT 0,6 [ RunTime:0.000284s ]
[2023-01-07T00:04:32+08:00][sql] SHOW FULL COLUMNS FROM `teacher` [ RunTime:0.001016s ]
[2023-01-07T00:04:32+08:00][sql] SELECT * FROM `teacher` [ RunTime:0.000345s ]
[2023-01-07T00:04:32+08:00][sql] SHOW FULL COLUMNS FROM `address` [ RunTime:0.000991s ]
[2023-01-07T00:04:32+08:00][sql] SELECT * FROM `address` WHERE  `id` = 1 LIMIT 1 [ RunTime:0.000306s ]
[2023-01-07T00:04:32+08:00][sql] SELECT * FROM `address` WHERE  `id` = 2 LIMIT 1 [ RunTime:0.000308s ]
[2023-01-07T00:06:11+08:00][sql] CONNECT:[ UseTime:0.000399s ] mysql:host=localhost;port=3316;dbname=coffee;charset=utf8
[2023-01-07T00:06:11+08:00][sql] SHOW FULL COLUMNS FROM `banner` [ RunTime:0.001322s ]
[2023-01-07T00:06:11+08:00][sql] SELECT * FROM `banner` [ RunTime:0.000296s ]
[2023-01-07T00:06:11+08:00][sql] SHOW FULL COLUMNS FROM `information` [ RunTime:0.001012s ]
[2023-01-07T00:06:11+08:00][sql] SELECT * FROM `information` ORDER BY `time` DESC LIMIT 1 [ RunTime:0.000346s ]
[2023-01-07T00:06:11+08:00][sql] SELECT * FROM `information` ORDER BY `time` DESC LIMIT 1,4 [ RunTime:0.000389s ]
[2023-01-07T00:06:11+08:00][sql] SHOW FULL COLUMNS FROM `course` [ RunTime:0.001082s ]
[2023-01-07T00:06:11+08:00][sql] SELECT `id`,`title` FROM `course` ORDER BY `sorting` ASC LIMIT 0,6 [ RunTime:0.000268s ]
[2023-01-07T00:06:11+08:00][sql] SHOW FULL COLUMNS FROM `teacher` [ RunTime:0.000946s ]
[2023-01-07T00:06:11+08:00][sql] SELECT * FROM `teacher` [ RunTime:0.000259s ]
[2023-01-07T00:06:11+08:00][sql] SHOW FULL COLUMNS FROM `address` [ RunTime:0.000935s ]
[2023-01-07T00:06:11+08:00][sql] SELECT * FROM `address` WHERE  `id` = 1 LIMIT 1 [ RunTime:0.000306s ]
[2023-01-07T00:06:11+08:00][sql] SELECT * FROM `address` WHERE  `id` = 2 LIMIT 1 [ RunTime:0.000253s ]
[2023-01-07T00:15:04+08:00][sql] CONNECT:[ UseTime:0.000380s ] mysql:host=localhost;port=3316;dbname=coffee;charset=utf8
[2023-01-07T00:15:04+08:00][sql] SHOW FULL COLUMNS FROM `banner` [ RunTime:0.001263s ]
[2023-01-07T00:15:04+08:00][sql] SELECT * FROM `banner` [ RunTime:0.000259s ]
[2023-01-07T00:15:04+08:00][sql] SHOW FULL COLUMNS FROM `information` [ RunTime:0.000987s ]
[2023-01-07T00:15:04+08:00][sql] SELECT * FROM `information` ORDER BY `time` DESC LIMIT 1 [ RunTime:0.000310s ]
[2023-01-07T00:15:04+08:00][sql] SELECT * FROM `information` ORDER BY `time` DESC LIMIT 1,4 [ RunTime:0.000339s ]
[2023-01-07T00:15:04+08:00][sql] SHOW FULL COLUMNS FROM `course` [ RunTime:0.001096s ]
[2023-01-07T00:15:04+08:00][sql] SELECT `id`,`title` FROM `course` ORDER BY `sorting` ASC LIMIT 0,6 [ RunTime:0.000261s ]
[2023-01-07T00:15:04+08:00][sql] SHOW FULL COLUMNS FROM `teacher` [ RunTime:0.000964s ]
[2023-01-07T00:15:04+08:00][sql] SELECT * FROM `teacher` [ RunTime:0.000234s ]
[2023-01-07T00:15:04+08:00][sql] SHOW FULL COLUMNS FROM `address` [ RunTime:0.000960s ]
[2023-01-07T00:15:04+08:00][sql] SELECT * FROM `address` WHERE  `id` = 1 LIMIT 1 [ RunTime:0.000247s ]
[2023-01-07T00:15:04+08:00][sql] SELECT * FROM `address` WHERE  `id` = 2 LIMIT 1 [ RunTime:0.000221s ]
[2023-01-07T00:15:05+08:00][sql] CONNECT:[ UseTime:0.012732s ] mysql:host=localhost;port=3316;dbname=coffee;charset=utf8
[2023-01-07T00:15:05+08:00][sql] SHOW FULL COLUMNS FROM `banner` [ RunTime:0.002130s ]
[2023-01-07T00:15:05+08:00][sql] SELECT * FROM `banner` [ RunTime:0.000490s ]
[2023-01-07T00:15:05+08:00][sql] SHOW FULL COLUMNS FROM `information` [ RunTime:0.001935s ]
[2023-01-07T00:15:05+08:00][sql] SELECT * FROM `information` ORDER BY `time` DESC LIMIT 1 [ RunTime:0.000593s ]
[2023-01-07T00:15:05+08:00][sql] SELECT * FROM `information` ORDER BY `time` DESC LIMIT 1,4 [ RunTime:0.000656s ]
[2023-01-07T00:15:05+08:00][sql] SHOW FULL COLUMNS FROM `course` [ RunTime:0.001917s ]
[2023-01-07T00:15:05+08:00][sql] SELECT `id`,`title` FROM `course` ORDER BY `sorting` ASC LIMIT 0,6 [ RunTime:0.000713s ]
[2023-01-07T00:15:05+08:00][sql] SHOW FULL COLUMNS FROM `teacher` [ RunTime:0.003378s ]
[2023-01-07T00:15:05+08:00][sql] SELECT * FROM `teacher` [ RunTime:0.000560s ]
[2023-01-07T00:15:05+08:00][sql] SHOW FULL COLUMNS FROM `address` [ RunTime:0.002845s ]
[2023-01-07T00:15:05+08:00][sql] SELECT * FROM `address` WHERE  `id` = 1 LIMIT 1 [ RunTime:0.000751s ]
[2023-01-07T00:15:05+08:00][sql] SELECT * FROM `address` WHERE  `id` = 2 LIMIT 1 [ RunTime:0.000454s ]
[2023-01-07T00:15:16+08:00][sql] CONNECT:[ UseTime:0.000403s ] mysql:host=localhost;port=3316;dbname=coffee;charset=utf8
[2023-01-07T00:15:16+08:00][sql] SHOW FULL COLUMNS FROM `banner` [ RunTime:0.001322s ]
[2023-01-07T00:15:16+08:00][sql] SELECT * FROM `banner` [ RunTime:0.000227s ]
[2023-01-07T00:15:16+08:00][sql] SHOW FULL COLUMNS FROM `information` [ RunTime:0.000988s ]
[2023-01-07T00:15:16+08:00][sql] SELECT * FROM `information` ORDER BY `time` DESC LIMIT 1 [ RunTime:0.000300s ]
[2023-01-07T00:15:16+08:00][sql] SELECT * FROM `information` ORDER BY `time` DESC LIMIT 1,4 [ RunTime:0.000337s ]
[2023-01-07T00:15:16+08:00][sql] SHOW FULL COLUMNS FROM `course` [ RunTime:0.001124s ]
[2023-01-07T00:15:16+08:00][sql] SELECT `id`,`title` FROM `course` ORDER BY `sorting` ASC LIMIT 0,6 [ RunTime:0.000225s ]
[2023-01-07T00:15:16+08:00][sql] SHOW FULL COLUMNS FROM `teacher` [ RunTime:0.000901s ]
[2023-01-07T00:15:16+08:00][sql] SELECT * FROM `teacher` [ RunTime:0.000220s ]
[2023-01-07T00:15:16+08:00][sql] SHOW FULL COLUMNS FROM `address` [ RunTime:0.000965s ]
[2023-01-07T00:15:16+08:00][sql] SELECT * FROM `address` WHERE  `id` = 1 LIMIT 1 [ RunTime:0.000278s ]
[2023-01-07T00:15:16+08:00][sql] SELECT * FROM `address` WHERE  `id` = 2 LIMIT 1 [ RunTime:0.000210s ]
[2023-01-07T00:57:15+08:00][sql] CONNECT:[ UseTime:0.000424s ] mysql:host=localhost;port=3316;dbname=coffee;charset=utf8
[2023-01-07T00:57:15+08:00][sql] SHOW FULL COLUMNS FROM `banner` [ RunTime:0.001329s ]
[2023-01-07T00:57:15+08:00][sql] SELECT * FROM `banner` [ RunTime:0.000213s ]
[2023-01-07T00:57:15+08:00][sql] SHOW FULL COLUMNS FROM `information` [ RunTime:0.000960s ]
[2023-01-07T00:57:15+08:00][sql] SELECT * FROM `information` ORDER BY `time` DESC LIMIT 1 [ RunTime:0.000314s ]
[2023-01-07T00:57:15+08:00][sql] SELECT * FROM `information` ORDER BY `time` DESC LIMIT 1,4 [ RunTime:0.000460s ]
[2023-01-07T00:57:15+08:00][sql] SHOW FULL COLUMNS FROM `course` [ RunTime:0.001109s ]
[2023-01-07T00:57:15+08:00][sql] SELECT `id`,`title` FROM `course` ORDER BY `sorting` ASC LIMIT 0,6 [ RunTime:0.000266s ]
[2023-01-07T00:57:15+08:00][sql] SHOW FULL COLUMNS FROM `teacher` [ RunTime:0.000911s ]
[2023-01-07T00:57:15+08:00][sql] SELECT * FROM `teacher` [ RunTime:0.000255s ]
[2023-01-07T00:57:15+08:00][sql] SHOW FULL COLUMNS FROM `address` [ RunTime:0.000916s ]
[2023-01-07T00:57:15+08:00][sql] SELECT * FROM `address` WHERE  `id` = 1 LIMIT 1 [ RunTime:0.000277s ]
[2023-01-07T00:57:15+08:00][sql] SELECT * FROM `address` WHERE  `id` = 2 LIMIT 1 [ RunTime:0.000247s ]
[2023-01-07T01:17:27+08:00][sql] CONNECT:[ UseTime:0.000397s ] mysql:host=localhost;port=3316;dbname=coffee;charset=utf8
[2023-01-07T01:17:27+08:00][sql] SHOW FULL COLUMNS FROM `banner` [ RunTime:0.001237s ]
[2023-01-07T01:17:27+08:00][sql] SELECT * FROM `banner` [ RunTime:0.000218s ]
[2023-01-07T01:17:27+08:00][sql] SHOW FULL COLUMNS FROM `information` [ RunTime:0.000973s ]
[2023-01-07T01:17:27+08:00][sql] SELECT * FROM `information` ORDER BY `time` DESC LIMIT 1 [ RunTime:0.000300s ]
[2023-01-07T01:17:27+08:00][sql] SELECT * FROM `information` ORDER BY `time` DESC LIMIT 1,4 [ RunTime:0.000360s ]
[2023-01-07T01:17:27+08:00][sql] SHOW FULL COLUMNS FROM `course` [ RunTime:0.001079s ]
[2023-01-07T01:17:27+08:00][sql] SELECT `id`,`title` FROM `course` ORDER BY `sorting` ASC LIMIT 0,6 [ RunTime:0.000231s ]
[2023-01-07T01:17:27+08:00][sql] SHOW FULL COLUMNS FROM `teacher` [ RunTime:0.000912s ]
[2023-01-07T01:17:27+08:00][sql] SELECT * FROM `teacher` [ RunTime:0.000253s ]
[2023-01-07T01:17:27+08:00][sql] SHOW FULL COLUMNS FROM `address` [ RunTime:0.000934s ]
[2023-01-07T01:17:27+08:00][sql] SELECT * FROM `address` WHERE  `id` = 1 LIMIT 1 [ RunTime:0.000259s ]
[2023-01-07T01:17:27+08:00][sql] SELECT * FROM `address` WHERE  `id` = 2 LIMIT 1 [ RunTime:0.000214s ]
[2023-01-07T02:17:02+08:00][sql] CONNECT:[ UseTime:0.000434s ] mysql:host=localhost;port=3316;dbname=coffee;charset=utf8
[2023-01-07T02:17:02+08:00][sql] SHOW FULL COLUMNS FROM `banner` [ RunTime:0.002561s ]
[2023-01-07T02:17:02+08:00][sql] SELECT * FROM `banner` [ RunTime:0.000264s ]
[2023-01-07T02:17:02+08:00][sql] SHOW FULL COLUMNS FROM `information` [ RunTime:0.001004s ]
[2023-01-07T02:17:02+08:00][sql] SELECT * FROM `information` ORDER BY `time` DESC LIMIT 1 [ RunTime:0.000322s ]
[2023-01-07T02:17:02+08:00][sql] SELECT * FROM `information` ORDER BY `time` DESC LIMIT 1,4 [ RunTime:0.000394s ]
[2023-01-07T02:17:02+08:00][sql] SHOW FULL COLUMNS FROM `course` [ RunTime:0.001224s ]
[2023-01-07T02:17:02+08:00][sql] SELECT `id`,`title` FROM `course` ORDER BY `sorting` ASC LIMIT 0,6 [ RunTime:0.000307s ]
[2023-01-07T02:17:02+08:00][sql] SHOW FULL COLUMNS FROM `teacher` [ RunTime:0.000952s ]
[2023-01-07T02:17:02+08:00][sql] SELECT * FROM `teacher` [ RunTime:0.000255s ]
[2023-01-07T02:17:02+08:00][sql] SHOW FULL COLUMNS FROM `address` [ RunTime:0.000938s ]
[2023-01-07T02:17:02+08:00][sql] SELECT * FROM `address` WHERE  `id` = 1 LIMIT 1 [ RunTime:0.000307s ]
[2023-01-07T02:17:02+08:00][sql] SELECT * FROM `address` WHERE  `id` = 2 LIMIT 1 [ RunTime:0.000272s ]
[2023-01-07T02:21:51+08:00][sql] CONNECT:[ UseTime:0.000405s ] mysql:host=localhost;port=3316;dbname=coffee;charset=utf8
[2023-01-07T02:21:51+08:00][sql] SHOW FULL COLUMNS FROM `banner` [ RunTime:0.001219s ]
[2023-01-07T02:21:51+08:00][sql] SELECT * FROM `banner` [ RunTime:0.000257s ]
[2023-01-07T02:21:51+08:00][sql] SHOW FULL COLUMNS FROM `information` [ RunTime:0.000976s ]
[2023-01-07T02:21:51+08:00][sql] SELECT * FROM `information` ORDER BY `time` DESC LIMIT 1 [ RunTime:0.000329s ]
[2023-01-07T02:21:51+08:00][sql] SELECT * FROM `information` ORDER BY `time` DESC LIMIT 1,4 [ RunTime:0.000414s ]
[2023-01-07T02:21:51+08:00][sql] SHOW FULL COLUMNS FROM `course` [ RunTime:0.001091s ]
[2023-01-07T02:21:51+08:00][sql] SELECT `id`,`title` FROM `course` ORDER BY `sorting` ASC LIMIT 0,6 [ RunTime:0.000274s ]
[2023-01-07T02:21:51+08:00][sql] SHOW FULL COLUMNS FROM `teacher` [ RunTime:0.000899s ]
[2023-01-07T02:21:51+08:00][sql] SELECT * FROM `teacher` [ RunTime:0.000264s ]
[2023-01-07T02:21:51+08:00][sql] SHOW FULL COLUMNS FROM `address` [ RunTime:0.000912s ]
[2023-01-07T02:21:51+08:00][sql] SELECT * FROM `address` WHERE  `id` = 1 LIMIT 1 [ RunTime:0.000300s ]
[2023-01-07T02:21:51+08:00][sql] SELECT * FROM `address` WHERE  `id` = 2 LIMIT 1 [ RunTime:0.000244s ]
[2023-01-07T03:27:50+08:00][sql] CONNECT:[ UseTime:0.000420s ] mysql:host=localhost;port=3316;dbname=coffee;charset=utf8
[2023-01-07T03:27:50+08:00][sql] SHOW FULL COLUMNS FROM `banner` [ RunTime:0.001302s ]
[2023-01-07T03:27:50+08:00][sql] SELECT * FROM `banner` [ RunTime:0.000258s ]
[2023-01-07T03:27:50+08:00][sql] SHOW FULL COLUMNS FROM `information` [ RunTime:0.001012s ]
[2023-01-07T03:27:50+08:00][sql] SELECT * FROM `information` ORDER BY `time` DESC LIMIT 1 [ RunTime:0.000334s ]
[2023-01-07T03:27:50+08:00][sql] SELECT * FROM `information` ORDER BY `time` DESC LIMIT 1,4 [ RunTime:0.000393s ]
[2023-01-07T03:27:50+08:00][sql] SHOW FULL COLUMNS FROM `course` [ RunTime:0.001119s ]
[2023-01-07T03:27:50+08:00][sql] SELECT `id`,`title` FROM `course` ORDER BY `sorting` ASC LIMIT 0,6 [ RunTime:0.000312s ]
[2023-01-07T03:27:50+08:00][sql] SHOW FULL COLUMNS FROM `teacher` [ RunTime:0.000930s ]
[2023-01-07T03:27:50+08:00][sql] SELECT * FROM `teacher` [ RunTime:0.000270s ]
[2023-01-07T03:27:50+08:00][sql] SHOW FULL COLUMNS FROM `address` [ RunTime:0.000938s ]
[2023-01-07T03:27:50+08:00][sql] SELECT * FROM `address` WHERE  `id` = 1 LIMIT 1 [ RunTime:0.000289s ]
[2023-01-07T03:27:50+08:00][sql] SELECT * FROM `address` WHERE  `id` = 2 LIMIT 1 [ RunTime:0.000256s ]
[2023-01-07T03:45:17+08:00][sql] CONNECT:[ UseTime:0.000397s ] mysql:host=localhost;port=3316;dbname=coffee;charset=utf8
[2023-01-07T03:45:17+08:00][sql] SHOW FULL COLUMNS FROM `banner` [ RunTime:0.001229s ]
[2023-01-07T03:45:17+08:00][sql] SELECT * FROM `banner` [ RunTime:0.000243s ]
[2023-01-07T03:45:17+08:00][sql] SHOW FULL COLUMNS FROM `information` [ RunTime:0.001016s ]
[2023-01-07T03:45:17+08:00][sql] SELECT * FROM `information` ORDER BY `time` DESC LIMIT 1 [ RunTime:0.000351s ]
[2023-01-07T03:45:17+08:00][sql] SELECT * FROM `information` ORDER BY `time` DESC LIMIT 1,4 [ RunTime:0.000385s ]
[2023-01-07T03:45:17+08:00][sql] SHOW FULL COLUMNS FROM `course` [ RunTime:0.001243s ]
[2023-01-07T03:45:17+08:00][sql] SELECT `id`,`title` FROM `course` ORDER BY `sorting` ASC LIMIT 0,6 [ RunTime:0.000283s ]
[2023-01-07T03:45:17+08:00][sql] SHOW FULL COLUMNS FROM `teacher` [ RunTime:0.000961s ]
[2023-01-07T03:45:17+08:00][sql] SELECT * FROM `teacher` [ RunTime:0.000403s ]
[2023-01-07T03:45:17+08:00][sql] SHOW FULL COLUMNS FROM `address` [ RunTime:0.000930s ]
[2023-01-07T03:45:17+08:00][sql] SELECT * FROM `address` WHERE  `id` = 1 LIMIT 1 [ RunTime:0.000286s ]
[2023-01-07T03:45:17+08:00][sql] SELECT * FROM `address` WHERE  `id` = 2 LIMIT 1 [ RunTime:0.000277s ]
[2023-01-07T04:18:07+08:00][sql] CONNECT:[ UseTime:0.000486s ] mysql:host=localhost;port=3316;dbname=coffee;charset=utf8
[2023-01-07T04:18:07+08:00][sql] SHOW FULL COLUMNS FROM `banner` [ RunTime:0.002614s ]
[2023-01-07T04:18:07+08:00][sql] SELECT * FROM `banner` [ RunTime:0.000328s ]
[2023-01-07T04:18:07+08:00][sql] SHOW FULL COLUMNS FROM `information` [ RunTime:0.001932s ]
[2023-01-07T04:18:07+08:00][sql] SELECT * FROM `information` ORDER BY `time` DESC LIMIT 1 [ RunTime:0.000773s ]
[2023-01-07T04:18:07+08:00][sql] SELECT * FROM `information` ORDER BY `time` DESC LIMIT 1,4 [ RunTime:0.000490s ]
[2023-01-07T04:18:07+08:00][sql] SHOW FULL COLUMNS FROM `course` [ RunTime:0.001870s ]
[2023-01-07T04:18:07+08:00][sql] SELECT `id`,`title` FROM `course` ORDER BY `sorting` ASC LIMIT 0,6 [ RunTime:0.000483s ]
[2023-01-07T04:18:07+08:00][sql] SHOW FULL COLUMNS FROM `teacher` [ RunTime:0.001477s ]
[2023-01-07T04:18:07+08:00][sql] SELECT * FROM `teacher` [ RunTime:0.000439s ]
[2023-01-07T04:18:07+08:00][sql] SHOW FULL COLUMNS FROM `address` [ RunTime:0.001582s ]
[2023-01-07T04:18:07+08:00][sql] SELECT * FROM `address` WHERE  `id` = 1 LIMIT 1 [ RunTime:0.000446s ]
[2023-01-07T04:18:07+08:00][sql] SELECT * FROM `address` WHERE  `id` = 2 LIMIT 1 [ RunTime:0.000439s ]
[2023-01-07T05:23:19+08:00][sql] CONNECT:[ UseTime:0.000421s ] mysql:host=localhost;port=3316;dbname=coffee;charset=utf8
[2023-01-07T05:23:19+08:00][sql] SHOW FULL COLUMNS FROM `banner` [ RunTime:0.001238s ]
[2023-01-07T05:23:19+08:00][sql] SELECT * FROM `banner` [ RunTime:0.000230s ]
[2023-01-07T05:23:19+08:00][sql] SHOW FULL COLUMNS FROM `information` [ RunTime:0.000927s ]
[2023-01-07T05:23:19+08:00][sql] SELECT * FROM `information` ORDER BY `time` DESC LIMIT 1 [ RunTime:0.000302s ]
[2023-01-07T05:23:19+08:00][sql] SELECT * FROM `information` ORDER BY `time` DESC LIMIT 1,4 [ RunTime:0.000333s ]
[2023-01-07T05:23:19+08:00][sql] SHOW FULL COLUMNS FROM `course` [ RunTime:0.001021s ]
[2023-01-07T05:23:19+08:00][sql] SELECT `id`,`title` FROM `course` ORDER BY `sorting` ASC LIMIT 0,6 [ RunTime:0.000225s ]
[2023-01-07T05:23:19+08:00][sql] SHOW FULL COLUMNS FROM `teacher` [ RunTime:0.000860s ]
[2023-01-07T05:23:19+08:00][sql] SELECT * FROM `teacher` [ RunTime:0.000230s ]
[2023-01-07T05:23:19+08:00][sql] SHOW FULL COLUMNS FROM `address` [ RunTime:0.000999s ]
[2023-01-07T05:23:19+08:00][sql] SELECT * FROM `address` WHERE  `id` = 1 LIMIT 1 [ RunTime:0.000275s ]
[2023-01-07T05:23:19+08:00][sql] SELECT * FROM `address` WHERE  `id` = 2 LIMIT 1 [ RunTime:0.000265s ]
[2023-01-07T05:25:09+08:00][sql] CONNECT:[ UseTime:0.000383s ] mysql:host=localhost;port=3316;dbname=coffee;charset=utf8
[2023-01-07T05:25:09+08:00][sql] SHOW FULL COLUMNS FROM `banner` [ RunTime:0.001234s ]
[2023-01-07T05:25:09+08:00][sql] SELECT * FROM `banner` [ RunTime:0.000252s ]
[2023-01-07T05:25:09+08:00][sql] SHOW FULL COLUMNS FROM `information` [ RunTime:0.000986s ]
[2023-01-07T05:25:09+08:00][sql] SELECT * FROM `information` ORDER BY `time` DESC LIMIT 1 [ RunTime:0.000311s ]
[2023-01-07T05:25:09+08:00][sql] SELECT * FROM `information` ORDER BY `time` DESC LIMIT 1,4 [ RunTime:0.000391s ]
[2023-01-07T05:25:09+08:00][sql] SHOW FULL COLUMNS FROM `course` [ RunTime:0.001070s ]
[2023-01-07T05:25:09+08:00][sql] SELECT `id`,`title` FROM `course` ORDER BY `sorting` ASC LIMIT 0,6 [ RunTime:0.000260s ]
[2023-01-07T05:25:09+08:00][sql] SHOW FULL COLUMNS FROM `teacher` [ RunTime:0.000908s ]
[2023-01-07T05:25:09+08:00][sql] SELECT * FROM `teacher` [ RunTime:0.000260s ]
[2023-01-07T05:25:09+08:00][sql] SHOW FULL COLUMNS FROM `address` [ RunTime:0.000973s ]
[2023-01-07T05:25:09+08:00][sql] SELECT * FROM `address` WHERE  `id` = 1 LIMIT 1 [ RunTime:0.000283s ]
[2023-01-07T05:25:09+08:00][sql] SELECT * FROM `address` WHERE  `id` = 2 LIMIT 1 [ RunTime:0.000264s ]
[2023-01-07T05:45:31+08:00][sql] CONNECT:[ UseTime:0.000382s ] mysql:host=localhost;port=3316;dbname=coffee;charset=utf8
[2023-01-07T05:45:31+08:00][sql] SHOW FULL COLUMNS FROM `banner` [ RunTime:0.001424s ]
[2023-01-07T05:45:31+08:00][sql] SELECT * FROM `banner` [ RunTime:0.000339s ]
[2023-01-07T05:45:31+08:00][sql] SHOW FULL COLUMNS FROM `information` [ RunTime:0.002671s ]
[2023-01-07T05:45:31+08:00][sql] SELECT * FROM `information` ORDER BY `time` DESC LIMIT 1 [ RunTime:0.000451s ]
[2023-01-07T05:45:31+08:00][sql] SELECT * FROM `information` ORDER BY `time` DESC LIMIT 1,4 [ RunTime:0.000433s ]
[2023-01-07T05:45:31+08:00][sql] SHOW FULL COLUMNS FROM `course` [ RunTime:0.001323s ]
[2023-01-07T05:45:31+08:00][sql] SELECT `id`,`title` FROM `course` ORDER BY `sorting` ASC LIMIT 0,6 [ RunTime:0.000288s ]
[2023-01-07T05:45:31+08:00][sql] SHOW FULL COLUMNS FROM `teacher` [ RunTime:0.001094s ]
[2023-01-07T05:45:31+08:00][sql] SELECT * FROM `teacher` [ RunTime:0.000264s ]
[2023-01-07T05:45:31+08:00][sql] SHOW FULL COLUMNS FROM `address` [ RunTime:0.001186s ]
[2023-01-07T05:45:31+08:00][sql] SELECT * FROM `address` WHERE  `id` = 1 LIMIT 1 [ RunTime:0.000347s ]
[2023-01-07T05:45:31+08:00][sql] SELECT * FROM `address` WHERE  `id` = 2 LIMIT 1 [ RunTime:0.000344s ]
[2023-01-07T06:15:50+08:00][sql] CONNECT:[ UseTime:0.000384s ] mysql:host=localhost;port=3316;dbname=coffee;charset=utf8
[2023-01-07T06:15:50+08:00][sql] SHOW FULL COLUMNS FROM `banner` [ RunTime:0.001270s ]
[2023-01-07T06:15:50+08:00][sql] SELECT * FROM `banner` [ RunTime:0.000262s ]
[2023-01-07T06:15:50+08:00][sql] SHOW FULL COLUMNS FROM `information` [ RunTime:0.001001s ]
[2023-01-07T06:15:50+08:00][sql] SELECT * FROM `information` ORDER BY `time` DESC LIMIT 1 [ RunTime:0.000330s ]
[2023-01-07T06:15:50+08:00][sql] SELECT * FROM `information` ORDER BY `time` DESC LIMIT 1,4 [ RunTime:0.000388s ]
[2023-01-07T06:15:50+08:00][sql] SHOW FULL COLUMNS FROM `course` [ RunTime:0.001055s ]
[2023-01-07T06:15:50+08:00][sql] SELECT `id`,`title` FROM `course` ORDER BY `sorting` ASC LIMIT 0,6 [ RunTime:0.000280s ]
[2023-01-07T06:15:50+08:00][sql] SHOW FULL COLUMNS FROM `teacher` [ RunTime:0.001033s ]
[2023-01-07T06:15:50+08:00][sql] SELECT * FROM `teacher` [ RunTime:0.000245s ]
[2023-01-07T06:15:50+08:00][sql] SHOW FULL COLUMNS FROM `address` [ RunTime:0.000939s ]
[2023-01-07T06:15:50+08:00][sql] SELECT * FROM `address` WHERE  `id` = 1 LIMIT 1 [ RunTime:0.000313s ]
[2023-01-07T06:15:50+08:00][sql] SELECT * FROM `address` WHERE  `id` = 2 LIMIT 1 [ RunTime:0.000214s ]
[2023-01-07T06:25:00+08:00][sql] CONNECT:[ UseTime:0.000396s ] mysql:host=localhost;port=3316;dbname=coffee;charset=utf8
[2023-01-07T06:25:00+08:00][sql] SHOW FULL COLUMNS FROM `banner` [ RunTime:0.001270s ]
[2023-01-07T06:25:00+08:00][sql] SELECT * FROM `banner` [ RunTime:0.000248s ]
[2023-01-07T06:25:00+08:00][sql] SHOW FULL COLUMNS FROM `information` [ RunTime:0.001104s ]
[2023-01-07T06:25:00+08:00][sql] SELECT * FROM `information` ORDER BY `time` DESC LIMIT 1 [ RunTime:0.000322s ]
[2023-01-07T06:25:00+08:00][sql] SELECT * FROM `information` ORDER BY `time` DESC LIMIT 1,4 [ RunTime:0.000412s ]
[2023-01-07T06:25:00+08:00][sql] SHOW FULL COLUMNS FROM `course` [ RunTime:0.001090s ]
[2023-01-07T06:25:00+08:00][sql] SELECT `id`,`title` FROM `course` ORDER BY `sorting` ASC LIMIT 0,6 [ RunTime:0.000261s ]
[2023-01-07T06:25:00+08:00][sql] SHOW FULL COLUMNS FROM `teacher` [ RunTime:0.000902s ]
[2023-01-07T06:25:00+08:00][sql] SELECT * FROM `teacher` [ RunTime:0.000277s ]
[2023-01-07T06:25:00+08:00][sql] SHOW FULL COLUMNS FROM `address` [ RunTime:0.000910s ]
[2023-01-07T06:25:00+08:00][sql] SELECT * FROM `address` WHERE  `id` = 1 LIMIT 1 [ RunTime:0.000272s ]
[2023-01-07T06:25:00+08:00][sql] SELECT * FROM `address` WHERE  `id` = 2 LIMIT 1 [ RunTime:0.000241s ]
[2023-01-07T06:46:30+08:00][sql] CONNECT:[ UseTime:0.000416s ] mysql:host=localhost;port=3316;dbname=coffee;charset=utf8
[2023-01-07T06:46:30+08:00][sql] SHOW FULL COLUMNS FROM `banner` [ RunTime:0.001282s ]
[2023-01-07T06:46:30+08:00][sql] SELECT * FROM `banner` [ RunTime:0.000252s ]
[2023-01-07T06:46:30+08:00][sql] SHOW FULL COLUMNS FROM `information` [ RunTime:0.000975s ]
[2023-01-07T06:46:30+08:00][sql] SELECT * FROM `information` ORDER BY `time` DESC LIMIT 1 [ RunTime:0.000318s ]
[2023-01-07T06:46:30+08:00][sql] SELECT * FROM `information` ORDER BY `time` DESC LIMIT 1,4 [ RunTime:0.000394s ]
[2023-01-07T06:46:30+08:00][sql] SHOW FULL COLUMNS FROM `course` [ RunTime:0.001104s ]
[2023-01-07T06:46:30+08:00][sql] SELECT `id`,`title` FROM `course` ORDER BY `sorting` ASC LIMIT 0,6 [ RunTime:0.000266s ]
[2023-01-07T06:46:30+08:00][sql] SHOW FULL COLUMNS FROM `teacher` [ RunTime:0.000909s ]
[2023-01-07T06:46:30+08:00][sql] SELECT * FROM `teacher` [ RunTime:0.000273s ]
[2023-01-07T06:46:30+08:00][sql] SHOW FULL COLUMNS FROM `address` [ RunTime:0.000926s ]
[2023-01-07T06:46:30+08:00][sql] SELECT * FROM `address` WHERE  `id` = 1 LIMIT 1 [ RunTime:0.000282s ]
[2023-01-07T06:46:30+08:00][sql] SELECT * FROM `address` WHERE  `id` = 2 LIMIT 1 [ RunTime:0.000246s ]
[2023-01-07T07:06:04+08:00][sql] CONNECT:[ UseTime:0.000391s ] mysql:host=localhost;port=3316;dbname=coffee;charset=utf8
[2023-01-07T07:06:04+08:00][sql] SHOW FULL COLUMNS FROM `banner` [ RunTime:0.001534s ]
[2023-01-07T07:06:04+08:00][sql] SELECT * FROM `banner` [ RunTime:0.000301s ]
[2023-01-07T07:06:04+08:00][sql] SHOW FULL COLUMNS FROM `information` [ RunTime:0.000960s ]
[2023-01-07T07:06:04+08:00][sql] SELECT * FROM `information` ORDER BY `time` DESC LIMIT 1 [ RunTime:0.000292s ]
[2023-01-07T07:06:04+08:00][sql] SELECT * FROM `information` ORDER BY `time` DESC LIMIT 1,4 [ RunTime:0.000330s ]
[2023-01-07T07:06:04+08:00][sql] SHOW FULL COLUMNS FROM `course` [ RunTime:0.001061s ]
[2023-01-07T07:06:04+08:00][sql] SELECT `id`,`title` FROM `course` ORDER BY `sorting` ASC LIMIT 0,6 [ RunTime:0.000293s ]
[2023-01-07T07:06:04+08:00][sql] SHOW FULL COLUMNS FROM `teacher` [ RunTime:0.000890s ]
[2023-01-07T07:06:04+08:00][sql] SELECT * FROM `teacher` [ RunTime:0.000225s ]
[2023-01-07T07:06:04+08:00][sql] SHOW FULL COLUMNS FROM `address` [ RunTime:0.000925s ]
[2023-01-07T07:06:04+08:00][sql] SELECT * FROM `address` WHERE  `id` = 1 LIMIT 1 [ RunTime:0.000243s ]
[2023-01-07T07:06:04+08:00][sql] SELECT * FROM `address` WHERE  `id` = 2 LIMIT 1 [ RunTime:0.000236s ]
[2023-01-07T08:15:10+08:00][sql] CONNECT:[ UseTime:0.000391s ] mysql:host=localhost;port=3316;dbname=coffee;charset=utf8
[2023-01-07T08:15:10+08:00][sql] SHOW FULL COLUMNS FROM `banner` [ RunTime:0.001253s ]
[2023-01-07T08:15:10+08:00][sql] SELECT * FROM `banner` [ RunTime:0.000240s ]
[2023-01-07T08:15:10+08:00][sql] SHOW FULL COLUMNS FROM `information` [ RunTime:0.000924s ]
[2023-01-07T08:15:10+08:00][sql] SELECT * FROM `information` ORDER BY `time` DESC LIMIT 1 [ RunTime:0.000274s ]
[2023-01-07T08:15:10+08:00][sql] SELECT * FROM `information` ORDER BY `time` DESC LIMIT 1,4 [ RunTime:0.000337s ]
[2023-01-07T08:15:10+08:00][sql] SHOW FULL COLUMNS FROM `course` [ RunTime:0.001022s ]
[2023-01-07T08:15:10+08:00][sql] SELECT `id`,`title` FROM `course` ORDER BY `sorting` ASC LIMIT 0,6 [ RunTime:0.000223s ]
[2023-01-07T08:15:10+08:00][sql] SHOW FULL COLUMNS FROM `teacher` [ RunTime:0.000863s ]
[2023-01-07T08:15:10+08:00][sql] SELECT * FROM `teacher` [ RunTime:0.000221s ]
[2023-01-07T08:15:10+08:00][sql] SHOW FULL COLUMNS FROM `address` [ RunTime:0.000857s ]
[2023-01-07T08:15:10+08:00][sql] SELECT * FROM `address` WHERE  `id` = 1 LIMIT 1 [ RunTime:0.000244s ]
[2023-01-07T08:15:10+08:00][sql] SELECT * FROM `address` WHERE  `id` = 2 LIMIT 1 [ RunTime:0.000298s ]
[2023-01-07T08:15:11+08:00][sql] CONNECT:[ UseTime:0.000433s ] mysql:host=localhost;port=3316;dbname=coffee;charset=utf8
[2023-01-07T08:15:11+08:00][sql] SHOW FULL COLUMNS FROM `banner` [ RunTime:0.001245s ]
[2023-01-07T08:15:11+08:00][sql] SELECT * FROM `banner` [ RunTime:0.000284s ]
[2023-01-07T08:15:11+08:00][sql] SHOW FULL COLUMNS FROM `information` [ RunTime:0.001009s ]
[2023-01-07T08:15:11+08:00][sql] SELECT * FROM `information` ORDER BY `time` DESC LIMIT 1 [ RunTime:0.000310s ]
[2023-01-07T08:15:11+08:00][sql] SELECT * FROM `information` ORDER BY `time` DESC LIMIT 1,4 [ RunTime:0.000325s ]
[2023-01-07T08:15:11+08:00][sql] SHOW FULL COLUMNS FROM `course` [ RunTime:0.001015s ]
[2023-01-07T08:15:11+08:00][sql] SELECT `id`,`title` FROM `course` ORDER BY `sorting` ASC LIMIT 0,6 [ RunTime:0.000214s ]
[2023-01-07T08:15:11+08:00][sql] SHOW FULL COLUMNS FROM `teacher` [ RunTime:0.000855s ]
[2023-01-07T08:15:11+08:00][sql] SELECT * FROM `teacher` [ RunTime:0.000222s ]
[2023-01-07T08:15:11+08:00][sql] SHOW FULL COLUMNS FROM `address` [ RunTime:0.000883s ]
[2023-01-07T08:15:11+08:00][sql] SELECT * FROM `address` WHERE  `id` = 1 LIMIT 1 [ RunTime:0.000246s ]
[2023-01-07T08:15:11+08:00][sql] SELECT * FROM `address` WHERE  `id` = 2 LIMIT 1 [ RunTime:0.000196s ]
[2023-01-07T08:15:12+08:00][sql] CONNECT:[ UseTime:0.000433s ] mysql:host=localhost;port=3316;dbname=coffee;charset=utf8
[2023-01-07T08:15:12+08:00][sql] SHOW FULL COLUMNS FROM `banner` [ RunTime:0.001820s ]
[2023-01-07T08:15:12+08:00][sql] SELECT * FROM `banner` [ RunTime:0.000305s ]
[2023-01-07T08:15:12+08:00][sql] SHOW FULL COLUMNS FROM `information` [ RunTime:0.001465s ]
[2023-01-07T08:15:12+08:00][sql] SELECT * FROM `information` ORDER BY `time` DESC LIMIT 1 [ RunTime:0.000380s ]
[2023-01-07T08:15:12+08:00][sql] SELECT * FROM `information` ORDER BY `time` DESC LIMIT 1,4 [ RunTime:0.000502s ]
[2023-01-07T08:15:12+08:00][sql] SHOW FULL COLUMNS FROM `course` [ RunTime:0.001597s ]
[2023-01-07T08:15:12+08:00][sql] SELECT `id`,`title` FROM `course` ORDER BY `sorting` ASC LIMIT 0,6 [ RunTime:0.000316s ]
[2023-01-07T08:15:12+08:00][sql] SHOW FULL COLUMNS FROM `teacher` [ RunTime:0.001304s ]
[2023-01-07T08:15:12+08:00][sql] SELECT * FROM `teacher` [ RunTime:0.000235s ]
[2023-01-07T08:15:12+08:00][sql] SHOW FULL COLUMNS FROM `address` [ RunTime:0.000977s ]
[2023-01-07T08:15:12+08:00][sql] SELECT * FROM `address` WHERE  `id` = 1 LIMIT 1 [ RunTime:0.000240s ]
[2023-01-07T08:15:12+08:00][sql] SELECT * FROM `address` WHERE  `id` = 2 LIMIT 1 [ RunTime:0.000206s ]
[2023-01-07T08:27:18+08:00][sql] CONNECT:[ UseTime:0.000397s ] mysql:host=localhost;port=3316;dbname=coffee;charset=utf8
[2023-01-07T08:27:18+08:00][sql] SHOW FULL COLUMNS FROM `banner` [ RunTime:0.001287s ]
[2023-01-07T08:27:18+08:00][sql] SELECT * FROM `banner` [ RunTime:0.000525s ]
[2023-01-07T08:27:18+08:00][sql] SHOW FULL COLUMNS FROM `information` [ RunTime:0.001011s ]
[2023-01-07T08:27:18+08:00][sql] SELECT * FROM `information` ORDER BY `time` DESC LIMIT 1 [ RunTime:0.000325s ]
[2023-01-07T08:27:18+08:00][sql] SELECT * FROM `information` ORDER BY `time` DESC LIMIT 1,4 [ RunTime:0.000441s ]
[2023-01-07T08:27:18+08:00][sql] SHOW FULL COLUMNS FROM `course` [ RunTime:0.001099s ]
[2023-01-07T08:27:18+08:00][sql] SELECT `id`,`title` FROM `course` ORDER BY `sorting` ASC LIMIT 0,6 [ RunTime:0.000260s ]
[2023-01-07T08:27:18+08:00][sql] SHOW FULL COLUMNS FROM `teacher` [ RunTime:0.000998s ]
[2023-01-07T08:27:18+08:00][sql] SELECT * FROM `teacher` [ RunTime:0.000266s ]
[2023-01-07T08:27:18+08:00][sql] SHOW FULL COLUMNS FROM `address` [ RunTime:0.000944s ]
[2023-01-07T08:27:18+08:00][sql] SELECT * FROM `address` WHERE  `id` = 1 LIMIT 1 [ RunTime:0.000292s ]
[2023-01-07T08:27:18+08:00][sql] SELECT * FROM `address` WHERE  `id` = 2 LIMIT 1 [ RunTime:0.000250s ]
[2023-01-07T08:27:20+08:00][sql] CONNECT:[ UseTime:0.000664s ] mysql:host=localhost;port=3316;dbname=coffee;charset=utf8
[2023-01-07T08:27:20+08:00][sql] SHOW FULL COLUMNS FROM `banner` [ RunTime:0.001790s ]
[2023-01-07T08:27:20+08:00][sql] SELECT * FROM `banner` [ RunTime:0.000654s ]
[2023-01-07T08:27:20+08:00][sql] SHOW FULL COLUMNS FROM `information` [ RunTime:0.000986s ]
[2023-01-07T08:27:20+08:00][sql] SELECT * FROM `information` ORDER BY `time` DESC LIMIT 1 [ RunTime:0.000275s ]
[2023-01-07T08:27:20+08:00][sql] SELECT * FROM `information` ORDER BY `time` DESC LIMIT 1,4 [ RunTime:0.000340s ]
[2023-01-07T08:27:20+08:00][sql] SHOW FULL COLUMNS FROM `course` [ RunTime:0.001096s ]
[2023-01-07T08:27:20+08:00][sql] SELECT `id`,`title` FROM `course` ORDER BY `sorting` ASC LIMIT 0,6 [ RunTime:0.000235s ]
[2023-01-07T08:27:20+08:00][sql] SHOW FULL COLUMNS FROM `teacher` [ RunTime:0.000937s ]
[2023-01-07T08:27:20+08:00][sql] SELECT * FROM `teacher` [ RunTime:0.000221s ]
[2023-01-07T08:27:20+08:00][sql] SHOW FULL COLUMNS FROM `address` [ RunTime:0.000909s ]
[2023-01-07T08:27:20+08:00][sql] SELECT * FROM `address` WHERE  `id` = 1 LIMIT 1 [ RunTime:0.000279s ]
[2023-01-07T08:27:20+08:00][sql] SELECT * FROM `address` WHERE  `id` = 2 LIMIT 1 [ RunTime:0.000206s ]
[2023-01-07T08:27:20+08:00][sql] CONNECT:[ UseTime:0.000412s ] mysql:host=localhost;port=3316;dbname=coffee;charset=utf8
[2023-01-07T08:27:20+08:00][sql] SHOW FULL COLUMNS FROM `banner` [ RunTime:0.001319s ]
[2023-01-07T08:27:20+08:00][sql] SELECT * FROM `banner` [ RunTime:0.000244s ]
[2023-01-07T08:27:20+08:00][sql] SHOW FULL COLUMNS FROM `information` [ RunTime:0.000987s ]
[2023-01-07T08:27:20+08:00][sql] SELECT * FROM `information` ORDER BY `time` DESC LIMIT 1 [ RunTime:0.000341s ]
[2023-01-07T08:27:20+08:00][sql] SELECT * FROM `information` ORDER BY `time` DESC LIMIT 1,4 [ RunTime:0.000346s ]
[2023-01-07T08:27:20+08:00][sql] SHOW FULL COLUMNS FROM `course` [ RunTime:0.001081s ]
[2023-01-07T08:27:20+08:00][sql] SELECT `id`,`title` FROM `course` ORDER BY `sorting` ASC LIMIT 0,6 [ RunTime:0.000231s ]
[2023-01-07T08:27:20+08:00][sql] SHOW FULL COLUMNS FROM `teacher` [ RunTime:0.001062s ]
[2023-01-07T08:27:20+08:00][sql] SELECT * FROM `teacher` [ RunTime:0.000230s ]
[2023-01-07T08:27:20+08:00][sql] SHOW FULL COLUMNS FROM `address` [ RunTime:0.000900s ]
[2023-01-07T08:27:20+08:00][sql] SELECT * FROM `address` WHERE  `id` = 1 LIMIT 1 [ RunTime:0.000269s ]
[2023-01-07T08:27:20+08:00][sql] SELECT * FROM `address` WHERE  `id` = 2 LIMIT 1 [ RunTime:0.000213s ]
[2023-01-07T08:27:37+08:00][sql] CONNECT:[ UseTime:0.000354s ] mysql:host=localhost;port=3316;dbname=coffee;charset=utf8
[2023-01-07T08:27:37+08:00][sql] SHOW FULL COLUMNS FROM `banner` [ RunTime:0.001227s ]
[2023-01-07T08:27:37+08:00][sql] SELECT * FROM `banner` [ RunTime:0.000255s ]
[2023-01-07T08:27:37+08:00][sql] SHOW FULL COLUMNS FROM `information` [ RunTime:0.000951s ]
[2023-01-07T08:27:37+08:00][sql] SELECT * FROM `information` ORDER BY `time` DESC LIMIT 1 [ RunTime:0.000281s ]
[2023-01-07T08:27:37+08:00][sql] SELECT * FROM `information` ORDER BY `time` DESC LIMIT 1,4 [ RunTime:0.000384s ]
[2023-01-07T08:27:37+08:00][sql] SHOW FULL COLUMNS FROM `course` [ RunTime:0.001041s ]
[2023-01-07T08:27:37+08:00][sql] SELECT `id`,`title` FROM `course` ORDER BY `sorting` ASC LIMIT 0,6 [ RunTime:0.000224s ]
[2023-01-07T08:27:37+08:00][sql] SHOW FULL COLUMNS FROM `teacher` [ RunTime:0.000880s ]
[2023-01-07T08:27:37+08:00][sql] SELECT * FROM `teacher` [ RunTime:0.000221s ]
[2023-01-07T08:27:37+08:00][sql] SHOW FULL COLUMNS FROM `address` [ RunTime:0.000877s ]
[2023-01-07T08:27:37+08:00][sql] SELECT * FROM `address` WHERE  `id` = 1 LIMIT 1 [ RunTime:0.000257s ]
[2023-01-07T08:27:37+08:00][sql] SELECT * FROM `address` WHERE  `id` = 2 LIMIT 1 [ RunTime:0.000213s ]
[2023-01-07T08:27:37+08:00][sql] CONNECT:[ UseTime:0.000373s ] mysql:host=localhost;port=3316;dbname=coffee;charset=utf8
[2023-01-07T08:27:37+08:00][sql] SHOW FULL COLUMNS FROM `banner` [ RunTime:0.001202s ]
[2023-01-07T08:27:37+08:00][sql] SELECT * FROM `banner` [ RunTime:0.000237s ]
[2023-01-07T08:27:37+08:00][sql] SHOW FULL COLUMNS FROM `information` [ RunTime:0.000917s ]
[2023-01-07T08:27:37+08:00][sql] SELECT * FROM `information` ORDER BY `time` DESC LIMIT 1 [ RunTime:0.000291s ]
[2023-01-07T08:27:37+08:00][sql] SELECT * FROM `information` ORDER BY `time` DESC LIMIT 1,4 [ RunTime:0.000309s ]
[2023-01-07T08:27:37+08:00][sql] SHOW FULL COLUMNS FROM `course` [ RunTime:0.000992s ]
[2023-01-07T08:27:37+08:00][sql] SELECT `id`,`title` FROM `course` ORDER BY `sorting` ASC LIMIT 0,6 [ RunTime:0.000217s ]
[2023-01-07T08:27:37+08:00][sql] SHOW FULL COLUMNS FROM `teacher` [ RunTime:0.000915s ]
[2023-01-07T08:27:37+08:00][sql] SELECT * FROM `teacher` [ RunTime:0.000225s ]
[2023-01-07T08:27:37+08:00][sql] SHOW FULL COLUMNS FROM `address` [ RunTime:0.000853s ]
[2023-01-07T08:27:37+08:00][sql] SELECT * FROM `address` WHERE  `id` = 1 LIMIT 1 [ RunTime:0.000251s ]
[2023-01-07T08:27:37+08:00][sql] SELECT * FROM `address` WHERE  `id` = 2 LIMIT 1 [ RunTime:0.000200s ]
[2023-01-07T08:28:30+08:00][sql] CONNECT:[ UseTime:0.000355s ] mysql:host=localhost;port=3316;dbname=coffee;charset=utf8
[2023-01-07T08:28:30+08:00][sql] SHOW FULL COLUMNS FROM `banner` [ RunTime:0.001258s ]
[2023-01-07T08:28:30+08:00][sql] SELECT * FROM `banner` [ RunTime:0.000218s ]
[2023-01-07T08:28:30+08:00][sql] SHOW FULL COLUMNS FROM `information` [ RunTime:0.000963s ]
[2023-01-07T08:28:30+08:00][sql] SELECT * FROM `information` ORDER BY `time` DESC LIMIT 1 [ RunTime:0.000317s ]
[2023-01-07T08:28:30+08:00][sql] SELECT * FROM `information` ORDER BY `time` DESC LIMIT 1,4 [ RunTime:0.000365s ]
[2023-01-07T08:28:30+08:00][sql] SHOW FULL COLUMNS FROM `course` [ RunTime:0.001055s ]
[2023-01-07T08:28:30+08:00][sql] SELECT `id`,`title` FROM `course` ORDER BY `sorting` ASC LIMIT 0,6 [ RunTime:0.000222s ]
[2023-01-07T08:28:30+08:00][sql] SHOW FULL COLUMNS FROM `teacher` [ RunTime:0.000979s ]
[2023-01-07T08:28:30+08:00][sql] SELECT * FROM `teacher` [ RunTime:0.000267s ]
[2023-01-07T08:28:30+08:00][sql] SHOW FULL COLUMNS FROM `address` [ RunTime:0.000942s ]
[2023-01-07T08:28:30+08:00][sql] SELECT * FROM `address` WHERE  `id` = 1 LIMIT 1 [ RunTime:0.000256s ]
[2023-01-07T08:28:30+08:00][sql] SELECT * FROM `address` WHERE  `id` = 2 LIMIT 1 [ RunTime:0.000213s ]
[2023-01-07T09:38:35+08:00][sql] CONNECT:[ UseTime:0.000428s ] mysql:host=localhost;port=3316;dbname=coffee;charset=utf8
[2023-01-07T09:38:35+08:00][sql] SHOW FULL COLUMNS FROM `banner` [ RunTime:0.001246s ]
[2023-01-07T09:38:35+08:00][sql] SELECT * FROM `banner` [ RunTime:0.000295s ]
[2023-01-07T09:38:35+08:00][sql] SHOW FULL COLUMNS FROM `information` [ RunTime:0.000984s ]
[2023-01-07T09:38:35+08:00][sql] SELECT * FROM `information` ORDER BY `time` DESC LIMIT 1 [ RunTime:0.000322s ]
[2023-01-07T09:38:35+08:00][sql] SELECT * FROM `information` ORDER BY `time` DESC LIMIT 1,4 [ RunTime:0.000386s ]
[2023-01-07T09:38:35+08:00][sql] SHOW FULL COLUMNS FROM `course` [ RunTime:0.001085s ]
[2023-01-07T09:38:35+08:00][sql] SELECT `id`,`title` FROM `course` ORDER BY `sorting` ASC LIMIT 0,6 [ RunTime:0.000259s ]
[2023-01-07T09:38:35+08:00][sql] SHOW FULL COLUMNS FROM `teacher` [ RunTime:0.000952s ]
[2023-01-07T09:38:35+08:00][sql] SELECT * FROM `teacher` [ RunTime:0.000294s ]
[2023-01-07T09:38:35+08:00][sql] SHOW FULL COLUMNS FROM `address` [ RunTime:0.000941s ]
[2023-01-07T09:38:35+08:00][sql] SELECT * FROM `address` WHERE  `id` = 1 LIMIT 1 [ RunTime:0.000294s ]
[2023-01-07T09:38:35+08:00][sql] SELECT * FROM `address` WHERE  `id` = 2 LIMIT 1 [ RunTime:0.000241s ]
[2023-01-07T09:43:50+08:00][sql] CONNECT:[ UseTime:0.000386s ] mysql:host=localhost;port=3316;dbname=coffee;charset=utf8
[2023-01-07T09:43:50+08:00][sql] SHOW FULL COLUMNS FROM `banner` [ RunTime:0.001234s ]
[2023-01-07T09:43:50+08:00][sql] SELECT * FROM `banner` [ RunTime:0.000217s ]
[2023-01-07T09:43:50+08:00][sql] SHOW FULL COLUMNS FROM `information` [ RunTime:0.000962s ]
[2023-01-07T09:43:50+08:00][sql] SELECT * FROM `information` ORDER BY `time` DESC LIMIT 1 [ RunTime:0.000307s ]
[2023-01-07T09:43:50+08:00][sql] SELECT * FROM `information` ORDER BY `time` DESC LIMIT 1,4 [ RunTime:0.000316s ]
[2023-01-07T09:43:50+08:00][sql] SHOW FULL COLUMNS FROM `course` [ RunTime:0.001014s ]
[2023-01-07T09:43:50+08:00][sql] SELECT `id`,`title` FROM `course` ORDER BY `sorting` ASC LIMIT 0,6 [ RunTime:0.000249s ]
[2023-01-07T09:43:50+08:00][sql] SHOW FULL COLUMNS FROM `teacher` [ RunTime:0.000831s ]
[2023-01-07T09:43:50+08:00][sql] SELECT * FROM `teacher` [ RunTime:0.000236s ]
[2023-01-07T09:43:50+08:00][sql] SHOW FULL COLUMNS FROM `address` [ RunTime:0.000949s ]
[2023-01-07T09:43:50+08:00][sql] SELECT * FROM `address` WHERE  `id` = 1 LIMIT 1 [ RunTime:0.000232s ]
[2023-01-07T09:43:50+08:00][sql] SELECT * FROM `address` WHERE  `id` = 2 LIMIT 1 [ RunTime:0.000200s ]
[2023-01-07T10:08:02+08:00][sql] CONNECT:[ UseTime:0.000387s ] mysql:host=localhost;port=3316;dbname=coffee;charset=utf8
[2023-01-07T10:08:02+08:00][sql] SHOW FULL COLUMNS FROM `banner` [ RunTime:0.001557s ]
[2023-01-07T10:08:02+08:00][sql] SELECT * FROM `banner` [ RunTime:0.000289s ]
[2023-01-07T10:08:02+08:00][sql] SHOW FULL COLUMNS FROM `information` [ RunTime:0.001437s ]
[2023-01-07T10:08:02+08:00][sql] SELECT * FROM `information` ORDER BY `time` DESC LIMIT 1 [ RunTime:0.000346s ]
[2023-01-07T10:08:02+08:00][sql] SELECT * FROM `information` ORDER BY `time` DESC LIMIT 1,4 [ RunTime:0.000474s ]
[2023-01-07T10:08:02+08:00][sql] SHOW FULL COLUMNS FROM `course` [ RunTime:0.001258s ]
[2023-01-07T10:08:02+08:00][sql] SELECT `id`,`title` FROM `course` ORDER BY `sorting` ASC LIMIT 0,6 [ RunTime:0.000231s ]
[2023-01-07T10:08:02+08:00][sql] SHOW FULL COLUMNS FROM `teacher` [ RunTime:0.001016s ]
[2023-01-07T10:08:02+08:00][sql] SELECT * FROM `teacher` [ RunTime:0.000265s ]
[2023-01-07T10:08:02+08:00][sql] SHOW FULL COLUMNS FROM `address` [ RunTime:0.000999s ]
[2023-01-07T10:08:02+08:00][sql] SELECT * FROM `address` WHERE  `id` = 1 LIMIT 1 [ RunTime:0.000243s ]
[2023-01-07T10:08:02+08:00][sql] SELECT * FROM `address` WHERE  `id` = 2 LIMIT 1 [ RunTime:0.000219s ]
[2023-01-07T10:21:48+08:00][sql] CONNECT:[ UseTime:0.000461s ] mysql:host=localhost;port=3316;dbname=coffee;charset=utf8
[2023-01-07T10:21:48+08:00][sql] SHOW FULL COLUMNS FROM `banner` [ RunTime:0.001193s ]
[2023-01-07T10:21:48+08:00][sql] SELECT * FROM `banner` [ RunTime:0.000214s ]
[2023-01-07T10:21:48+08:00][sql] SHOW FULL COLUMNS FROM `information` [ RunTime:0.000932s ]
[2023-01-07T10:21:48+08:00][sql] SELECT * FROM `information` ORDER BY `time` DESC LIMIT 1 [ RunTime:0.000307s ]
[2023-01-07T10:21:48+08:00][sql] SELECT * FROM `information` ORDER BY `time` DESC LIMIT 1,4 [ RunTime:0.000305s ]
[2023-01-07T10:21:48+08:00][sql] SHOW FULL COLUMNS FROM `course` [ RunTime:0.001042s ]
[2023-01-07T10:21:48+08:00][sql] SELECT `id`,`title` FROM `course` ORDER BY `sorting` ASC LIMIT 0,6 [ RunTime:0.000248s ]
[2023-01-07T10:21:48+08:00][sql] SHOW FULL COLUMNS FROM `teacher` [ RunTime:0.000838s ]
[2023-01-07T10:21:48+08:00][sql] SELECT * FROM `teacher` [ RunTime:0.000216s ]
[2023-01-07T10:21:48+08:00][sql] SHOW FULL COLUMNS FROM `address` [ RunTime:0.000879s ]
[2023-01-07T10:21:48+08:00][sql] SELECT * FROM `address` WHERE  `id` = 1 LIMIT 1 [ RunTime:0.000234s ]
[2023-01-07T10:21:48+08:00][sql] SELECT * FROM `address` WHERE  `id` = 2 LIMIT 1 [ RunTime:0.000232s ]
[2023-01-07T10:46:02+08:00][sql] CONNECT:[ UseTime:0.000396s ] mysql:host=localhost;port=3316;dbname=coffee;charset=utf8
[2023-01-07T10:46:02+08:00][sql] SHOW FULL COLUMNS FROM `banner` [ RunTime:0.001269s ]
[2023-01-07T10:46:02+08:00][sql] SELECT * FROM `banner` [ RunTime:0.000255s ]
[2023-01-07T10:46:02+08:00][sql] SHOW FULL COLUMNS FROM `information` [ RunTime:0.001121s ]
[2023-01-07T10:46:02+08:00][sql] SELECT * FROM `information` ORDER BY `time` DESC LIMIT 1 [ RunTime:0.000322s ]
[2023-01-07T10:46:02+08:00][sql] SELECT * FROM `information` ORDER BY `time` DESC LIMIT 1,4 [ RunTime:0.000404s ]
[2023-01-07T10:46:02+08:00][sql] SHOW FULL COLUMNS FROM `course` [ RunTime:0.001277s ]
[2023-01-07T10:46:02+08:00][sql] SELECT `id`,`title` FROM `course` ORDER BY `sorting` ASC LIMIT 0,6 [ RunTime:0.000290s ]
[2023-01-07T10:46:02+08:00][sql] SHOW FULL COLUMNS FROM `teacher` [ RunTime:0.000958s ]
[2023-01-07T10:46:02+08:00][sql] SELECT * FROM `teacher` [ RunTime:0.000283s ]
[2023-01-07T10:46:02+08:00][sql] SHOW FULL COLUMNS FROM `address` [ RunTime:0.000991s ]
[2023-01-07T10:46:02+08:00][sql] SELECT * FROM `address` WHERE  `id` = 1 LIMIT 1 [ RunTime:0.000381s ]
[2023-01-07T10:46:02+08:00][sql] SELECT * FROM `address` WHERE  `id` = 2 LIMIT 1 [ RunTime:0.000429s ]
[2023-01-07T12:20:01+08:00][sql] CONNECT:[ UseTime:0.000529s ] mysql:host=localhost;port=3316;dbname=coffee;charset=utf8
[2023-01-07T12:20:01+08:00][sql] SHOW FULL COLUMNS FROM `banner` [ RunTime:0.001618s ]
[2023-01-07T12:20:01+08:00][sql] SELECT * FROM `banner` [ RunTime:0.000272s ]
[2023-01-07T12:20:01+08:00][sql] SHOW FULL COLUMNS FROM `information` [ RunTime:0.001363s ]
[2023-01-07T12:20:01+08:00][sql] SELECT * FROM `information` ORDER BY `time` DESC LIMIT 1 [ RunTime:0.000359s ]
[2023-01-07T12:20:01+08:00][sql] SELECT * FROM `information` ORDER BY `time` DESC LIMIT 1,4 [ RunTime:0.001084s ]
[2023-01-07T12:20:01+08:00][sql] SHOW FULL COLUMNS FROM `course` [ RunTime:0.001301s ]
[2023-01-07T12:20:01+08:00][sql] SELECT `id`,`title` FROM `course` ORDER BY `sorting` ASC LIMIT 0,6 [ RunTime:0.000328s ]
[2023-01-07T12:20:01+08:00][sql] SHOW FULL COLUMNS FROM `teacher` [ RunTime:0.002349s ]
[2023-01-07T12:20:01+08:00][sql] SELECT * FROM `teacher` [ RunTime:0.000280s ]
[2023-01-07T12:20:01+08:00][sql] SHOW FULL COLUMNS FROM `address` [ RunTime:0.001072s ]
[2023-01-07T12:20:01+08:00][sql] SELECT * FROM `address` WHERE  `id` = 1 LIMIT 1 [ RunTime:0.000312s ]
[2023-01-07T12:20:01+08:00][sql] SELECT * FROM `address` WHERE  `id` = 2 LIMIT 1 [ RunTime:0.000374s ]
[2023-01-07T12:49:49+08:00][sql] CONNECT:[ UseTime:0.000395s ] mysql:host=localhost;port=3316;dbname=coffee;charset=utf8
[2023-01-07T12:49:49+08:00][sql] SHOW FULL COLUMNS FROM `banner` [ RunTime:0.001269s ]
[2023-01-07T12:49:49+08:00][sql] SELECT * FROM `banner` [ RunTime:0.000251s ]
[2023-01-07T12:49:49+08:00][sql] SHOW FULL COLUMNS FROM `information` [ RunTime:0.001020s ]
[2023-01-07T12:49:49+08:00][sql] SELECT * FROM `information` ORDER BY `time` DESC LIMIT 1 [ RunTime:0.000322s ]
[2023-01-07T12:49:49+08:00][sql] SELECT * FROM `information` ORDER BY `time` DESC LIMIT 1,4 [ RunTime:0.000420s ]
[2023-01-07T12:49:49+08:00][sql] SHOW FULL COLUMNS FROM `course` [ RunTime:0.001258s ]
[2023-01-07T12:49:49+08:00][sql] SELECT `id`,`title` FROM `course` ORDER BY `sorting` ASC LIMIT 0,6 [ RunTime:0.000275s ]
[2023-01-07T12:49:49+08:00][sql] SHOW FULL COLUMNS FROM `teacher` [ RunTime:0.000920s ]
[2023-01-07T12:49:49+08:00][sql] SELECT * FROM `teacher` [ RunTime:0.000305s ]
[2023-01-07T12:49:49+08:00][sql] SHOW FULL COLUMNS FROM `address` [ RunTime:0.001003s ]
[2023-01-07T12:49:49+08:00][sql] SELECT * FROM `address` WHERE  `id` = 1 LIMIT 1 [ RunTime:0.000309s ]
[2023-01-07T12:49:49+08:00][sql] SELECT * FROM `address` WHERE  `id` = 2 LIMIT 1 [ RunTime:0.000253s ]
[2023-01-07T12:58:33+08:00][sql] CONNECT:[ UseTime:0.000389s ] mysql:host=localhost;port=3316;dbname=coffee;charset=utf8
[2023-01-07T12:58:33+08:00][sql] SHOW FULL COLUMNS FROM `banner` [ RunTime:0.001231s ]
[2023-01-07T12:58:33+08:00][sql] SELECT * FROM `banner` [ RunTime:0.000213s ]
[2023-01-07T12:58:33+08:00][sql] SHOW FULL COLUMNS FROM `information` [ RunTime:0.001001s ]
[2023-01-07T12:58:33+08:00][sql] SELECT * FROM `information` ORDER BY `time` DESC LIMIT 1 [ RunTime:0.000324s ]
[2023-01-07T12:58:33+08:00][sql] SELECT * FROM `information` ORDER BY `time` DESC LIMIT 1,4 [ RunTime:0.000363s ]
[2023-01-07T12:58:33+08:00][sql] SHOW FULL COLUMNS FROM `course` [ RunTime:0.001051s ]
[2023-01-07T12:58:33+08:00][sql] SELECT `id`,`title` FROM `course` ORDER BY `sorting` ASC LIMIT 0,6 [ RunTime:0.000270s ]
[2023-01-07T12:58:33+08:00][sql] SHOW FULL COLUMNS FROM `teacher` [ RunTime:0.000885s ]
[2023-01-07T12:58:33+08:00][sql] SELECT * FROM `teacher` [ RunTime:0.000224s ]
[2023-01-07T12:58:33+08:00][sql] SHOW FULL COLUMNS FROM `address` [ RunTime:0.000895s ]
[2023-01-07T12:58:33+08:00][sql] SELECT * FROM `address` WHERE  `id` = 1 LIMIT 1 [ RunTime:0.000244s ]
[2023-01-07T12:58:33+08:00][sql] SELECT * FROM `address` WHERE  `id` = 2 LIMIT 1 [ RunTime:0.000278s ]
[2023-01-07T13:22:08+08:00][sql] CONNECT:[ UseTime:0.000378s ] mysql:host=localhost;port=3316;dbname=coffee;charset=utf8
[2023-01-07T13:22:08+08:00][sql] SHOW FULL COLUMNS FROM `banner` [ RunTime:0.001291s ]
[2023-01-07T13:22:08+08:00][sql] SELECT * FROM `banner` [ RunTime:0.000289s ]
[2023-01-07T13:22:08+08:00][sql] SHOW FULL COLUMNS FROM `information` [ RunTime:0.000978s ]
[2023-01-07T13:22:08+08:00][sql] SELECT * FROM `information` ORDER BY `time` DESC LIMIT 1 [ RunTime:0.000289s ]
[2023-01-07T13:22:08+08:00][sql] SELECT * FROM `information` ORDER BY `time` DESC LIMIT 1,4 [ RunTime:0.000319s ]
[2023-01-07T13:22:08+08:00][sql] SHOW FULL COLUMNS FROM `course` [ RunTime:0.001131s ]
[2023-01-07T13:22:08+08:00][sql] SELECT `id`,`title` FROM `course` ORDER BY `sorting` ASC LIMIT 0,6 [ RunTime:0.000226s ]
[2023-01-07T13:22:08+08:00][sql] SHOW FULL COLUMNS FROM `teacher` [ RunTime:0.000936s ]
[2023-01-07T13:22:08+08:00][sql] SELECT * FROM `teacher` [ RunTime:0.000244s ]
[2023-01-07T13:22:08+08:00][sql] SHOW FULL COLUMNS FROM `address` [ RunTime:0.001078s ]
[2023-01-07T13:22:08+08:00][sql] SELECT * FROM `address` WHERE  `id` = 1 LIMIT 1 [ RunTime:0.000306s ]
[2023-01-07T13:22:08+08:00][sql] SELECT * FROM `address` WHERE  `id` = 2 LIMIT 1 [ RunTime:0.000250s ]
[2023-01-07T13:35:41+08:00][sql] CONNECT:[ UseTime:0.000363s ] mysql:host=localhost;port=3316;dbname=coffee;charset=utf8
[2023-01-07T13:35:41+08:00][sql] SHOW FULL COLUMNS FROM `banner` [ RunTime:0.001195s ]
[2023-01-07T13:35:41+08:00][sql] SELECT * FROM `banner` [ RunTime:0.000222s ]
[2023-01-07T13:35:41+08:00][sql] SHOW FULL COLUMNS FROM `information` [ RunTime:0.001001s ]
[2023-01-07T13:35:41+08:00][sql] SELECT * FROM `information` ORDER BY `time` DESC LIMIT 1 [ RunTime:0.000317s ]
[2023-01-07T13:35:41+08:00][sql] SELECT * FROM `information` ORDER BY `time` DESC LIMIT 1,4 [ RunTime:0.000337s ]
[2023-01-07T13:35:41+08:00][sql] SHOW FULL COLUMNS FROM `course` [ RunTime:0.001171s ]
[2023-01-07T13:35:41+08:00][sql] SELECT `id`,`title` FROM `course` ORDER BY `sorting` ASC LIMIT 0,6 [ RunTime:0.000247s ]
[2023-01-07T13:35:41+08:00][sql] SHOW FULL COLUMNS FROM `teacher` [ RunTime:0.000899s ]
[2023-01-07T13:35:41+08:00][sql] SELECT * FROM `teacher` [ RunTime:0.000580s ]
[2023-01-07T13:35:41+08:00][sql] SHOW FULL COLUMNS FROM `address` [ RunTime:0.000913s ]
[2023-01-07T13:35:41+08:00][sql] SELECT * FROM `address` WHERE  `id` = 1 LIMIT 1 [ RunTime:0.000304s ]
[2023-01-07T13:35:41+08:00][sql] SELECT * FROM `address` WHERE  `id` = 2 LIMIT 1 [ RunTime:0.000244s ]
[2023-01-07T13:42:56+08:00][sql] CONNECT:[ UseTime:0.000392s ] mysql:host=localhost;port=3316;dbname=coffee;charset=utf8
[2023-01-07T13:42:56+08:00][sql] SHOW FULL COLUMNS FROM `banner` [ RunTime:0.001207s ]
[2023-01-07T13:42:56+08:00][sql] SELECT * FROM `banner` [ RunTime:0.000235s ]
[2023-01-07T13:42:56+08:00][sql] SHOW FULL COLUMNS FROM `information` [ RunTime:0.001022s ]
[2023-01-07T13:42:56+08:00][sql] SELECT * FROM `information` ORDER BY `time` DESC LIMIT 1 [ RunTime:0.000303s ]
[2023-01-07T13:42:56+08:00][sql] SELECT * FROM `information` ORDER BY `time` DESC LIMIT 1,4 [ RunTime:0.000331s ]
[2023-01-07T13:42:56+08:00][sql] SHOW FULL COLUMNS FROM `course` [ RunTime:0.001013s ]
[2023-01-07T13:42:56+08:00][sql] SELECT `id`,`title` FROM `course` ORDER BY `sorting` ASC LIMIT 0,6 [ RunTime:0.000224s ]
[2023-01-07T13:42:56+08:00][sql] SHOW FULL COLUMNS FROM `teacher` [ RunTime:0.000871s ]
[2023-01-07T13:42:56+08:00][sql] SELECT * FROM `teacher` [ RunTime:0.000230s ]
[2023-01-07T13:42:56+08:00][sql] SHOW FULL COLUMNS FROM `address` [ RunTime:0.000921s ]
[2023-01-07T13:42:56+08:00][sql] SELECT * FROM `address` WHERE  `id` = 1 LIMIT 1 [ RunTime:0.000252s ]
[2023-01-07T13:42:56+08:00][sql] SELECT * FROM `address` WHERE  `id` = 2 LIMIT 1 [ RunTime:0.000210s ]
[2023-01-07T13:53:10+08:00][sql] CONNECT:[ UseTime:0.000378s ] mysql:host=localhost;port=3316;dbname=coffee;charset=utf8
[2023-01-07T13:53:10+08:00][sql] SHOW FULL COLUMNS FROM `banner` [ RunTime:0.001231s ]
[2023-01-07T13:53:10+08:00][sql] SELECT * FROM `banner` [ RunTime:0.000235s ]
[2023-01-07T13:53:10+08:00][sql] SHOW FULL COLUMNS FROM `information` [ RunTime:0.001004s ]
[2023-01-07T13:53:10+08:00][sql] SELECT * FROM `information` ORDER BY `time` DESC LIMIT 1 [ RunTime:0.000305s ]
[2023-01-07T13:53:10+08:00][sql] SELECT * FROM `information` ORDER BY `time` DESC LIMIT 1,4 [ RunTime:0.000339s ]
[2023-01-07T13:53:10+08:00][sql] SHOW FULL COLUMNS FROM `course` [ RunTime:0.001067s ]
[2023-01-07T13:53:10+08:00][sql] SELECT `id`,`title` FROM `course` ORDER BY `sorting` ASC LIMIT 0,6 [ RunTime:0.000252s ]
[2023-01-07T13:53:10+08:00][sql] SHOW FULL COLUMNS FROM `teacher` [ RunTime:0.000908s ]
[2023-01-07T13:53:10+08:00][sql] SELECT * FROM `teacher` [ RunTime:0.000233s ]
[2023-01-07T13:53:10+08:00][sql] SHOW FULL COLUMNS FROM `address` [ RunTime:0.000924s ]
[2023-01-07T13:53:10+08:00][sql] SELECT * FROM `address` WHERE  `id` = 1 LIMIT 1 [ RunTime:0.000242s ]
[2023-01-07T13:53:10+08:00][sql] SELECT * FROM `address` WHERE  `id` = 2 LIMIT 1 [ RunTime:0.000248s ]
[2023-01-07T14:59:47+08:00][sql] CONNECT:[ UseTime:0.000431s ] mysql:host=localhost;port=3316;dbname=coffee;charset=utf8
[2023-01-07T14:59:47+08:00][sql] SHOW FULL COLUMNS FROM `banner` [ RunTime:0.001295s ]
[2023-01-07T14:59:47+08:00][sql] SELECT * FROM `banner` [ RunTime:0.000253s ]
[2023-01-07T14:59:47+08:00][sql] SHOW FULL COLUMNS FROM `information` [ RunTime:0.000948s ]
[2023-01-07T14:59:47+08:00][sql] SELECT * FROM `information` ORDER BY `time` DESC LIMIT 1 [ RunTime:0.000295s ]
[2023-01-07T14:59:47+08:00][sql] SELECT * FROM `information` ORDER BY `time` DESC LIMIT 1,4 [ RunTime:0.000410s ]
[2023-01-07T14:59:47+08:00][sql] SHOW FULL COLUMNS FROM `course` [ RunTime:0.001091s ]
[2023-01-07T14:59:47+08:00][sql] SELECT `id`,`title` FROM `course` ORDER BY `sorting` ASC LIMIT 0,6 [ RunTime:0.000230s ]
[2023-01-07T14:59:47+08:00][sql] SHOW FULL COLUMNS FROM `teacher` [ RunTime:0.001046s ]
[2023-01-07T14:59:47+08:00][sql] SELECT * FROM `teacher` [ RunTime:0.000221s ]
[2023-01-07T14:59:47+08:00][sql] SHOW FULL COLUMNS FROM `address` [ RunTime:0.000880s ]
[2023-01-07T14:59:47+08:00][sql] SELECT * FROM `address` WHERE  `id` = 1 LIMIT 1 [ RunTime:0.000261s ]
[2023-01-07T14:59:47+08:00][sql] SELECT * FROM `address` WHERE  `id` = 2 LIMIT 1 [ RunTime:0.000197s ]
[2023-01-07T15:15:57+08:00][sql] CONNECT:[ UseTime:0.000373s ] mysql:host=localhost;port=3316;dbname=coffee;charset=utf8
[2023-01-07T15:15:57+08:00][sql] SHOW FULL COLUMNS FROM `banner` [ RunTime:0.001162s ]
[2023-01-07T15:15:57+08:00][sql] SELECT * FROM `banner` [ RunTime:0.000215s ]
[2023-01-07T15:15:57+08:00][sql] SHOW FULL COLUMNS FROM `information` [ RunTime:0.000951s ]
[2023-01-07T15:15:57+08:00][sql] SELECT * FROM `information` ORDER BY `time` DESC LIMIT 1 [ RunTime:0.000299s ]
[2023-01-07T15:15:57+08:00][sql] SELECT * FROM `information` ORDER BY `time` DESC LIMIT 1,4 [ RunTime:0.000324s ]
[2023-01-07T15:15:57+08:00][sql] SHOW FULL COLUMNS FROM `course` [ RunTime:0.001028s ]
[2023-01-07T15:15:57+08:00][sql] SELECT `id`,`title` FROM `course` ORDER BY `sorting` ASC LIMIT 0,6 [ RunTime:0.000241s ]
[2023-01-07T15:15:57+08:00][sql] SHOW FULL COLUMNS FROM `teacher` [ RunTime:0.000976s ]
[2023-01-07T15:15:57+08:00][sql] SELECT * FROM `teacher` [ RunTime:0.000226s ]
[2023-01-07T15:15:57+08:00][sql] SHOW FULL COLUMNS FROM `address` [ RunTime:0.000912s ]
[2023-01-07T15:15:57+08:00][sql] SELECT * FROM `address` WHERE  `id` = 1 LIMIT 1 [ RunTime:0.000241s ]
[2023-01-07T15:15:57+08:00][sql] SELECT * FROM `address` WHERE  `id` = 2 LIMIT 1 [ RunTime:0.000196s ]
[2023-01-07T15:28:56+08:00][sql] CONNECT:[ UseTime:0.000395s ] mysql:host=localhost;port=3316;dbname=coffee;charset=utf8
[2023-01-07T15:28:56+08:00][sql] SHOW FULL COLUMNS FROM `banner` [ RunTime:0.001189s ]
[2023-01-07T15:28:56+08:00][sql] SELECT * FROM `banner` [ RunTime:0.000235s ]
[2023-01-07T15:28:56+08:00][sql] SHOW FULL COLUMNS FROM `information` [ RunTime:0.000914s ]
[2023-01-07T15:28:56+08:00][sql] SELECT * FROM `information` ORDER BY `time` DESC LIMIT 1 [ RunTime:0.000280s ]
[2023-01-07T15:28:56+08:00][sql] SELECT * FROM `information` ORDER BY `time` DESC LIMIT 1,4 [ RunTime:0.000371s ]
[2023-01-07T15:28:56+08:00][sql] SHOW FULL COLUMNS FROM `course` [ RunTime:0.000999s ]
[2023-01-07T15:28:56+08:00][sql] SELECT `id`,`title` FROM `course` ORDER BY `sorting` ASC LIMIT 0,6 [ RunTime:0.000254s ]
[2023-01-07T15:28:56+08:00][sql] SHOW FULL COLUMNS FROM `teacher` [ RunTime:0.001005s ]
[2023-01-07T15:28:56+08:00][sql] SELECT * FROM `teacher` [ RunTime:0.000226s ]
[2023-01-07T15:28:56+08:00][sql] SHOW FULL COLUMNS FROM `address` [ RunTime:0.000849s ]
[2023-01-07T15:28:56+08:00][sql] SELECT * FROM `address` WHERE  `id` = 1 LIMIT 1 [ RunTime:0.000268s ]
[2023-01-07T15:28:56+08:00][sql] SELECT * FROM `address` WHERE  `id` = 2 LIMIT 1 [ RunTime:0.000197s ]
[2023-01-07T15:53:10+08:00][sql] CONNECT:[ UseTime:0.000431s ] mysql:host=localhost;port=3316;dbname=coffee;charset=utf8
[2023-01-07T15:53:10+08:00][sql] SHOW FULL COLUMNS FROM `banner` [ RunTime:0.001659s ]
[2023-01-07T15:53:10+08:00][sql] SELECT * FROM `banner` [ RunTime:0.000269s ]
[2023-01-07T15:53:10+08:00][sql] SHOW FULL COLUMNS FROM `information` [ RunTime:0.001299s ]
[2023-01-07T15:53:10+08:00][sql] SELECT * FROM `information` ORDER BY `time` DESC LIMIT 1 [ RunTime:0.000348s ]
[2023-01-07T15:53:10+08:00][sql] SELECT * FROM `information` ORDER BY `time` DESC LIMIT 1,4 [ RunTime:0.000467s ]
[2023-01-07T15:53:10+08:00][sql] SHOW FULL COLUMNS FROM `course` [ RunTime:0.001425s ]
[2023-01-07T15:53:10+08:00][sql] SELECT `id`,`title` FROM `course` ORDER BY `sorting` ASC LIMIT 0,6 [ RunTime:0.000285s ]
[2023-01-07T15:53:10+08:00][sql] SHOW FULL COLUMNS FROM `teacher` [ RunTime:0.001580s ]
[2023-01-07T15:53:10+08:00][sql] SELECT * FROM `teacher` [ RunTime:0.000248s ]
[2023-01-07T15:53:10+08:00][sql] SHOW FULL COLUMNS FROM `address` [ RunTime:0.000947s ]
[2023-01-07T15:53:10+08:00][sql] SELECT * FROM `address` WHERE  `id` = 1 LIMIT 1 [ RunTime:0.000258s ]
[2023-01-07T15:53:10+08:00][sql] SELECT * FROM `address` WHERE  `id` = 2 LIMIT 1 [ RunTime:0.000201s ]
[2023-01-07T16:02:34+08:00][sql] CONNECT:[ UseTime:0.000416s ] mysql:host=localhost;port=3316;dbname=coffee;charset=utf8
[2023-01-07T16:02:34+08:00][sql] SHOW FULL COLUMNS FROM `banner` [ RunTime:0.001389s ]
[2023-01-07T16:02:34+08:00][sql] SELECT * FROM `banner` [ RunTime:0.001406s ]
[2023-01-07T16:02:34+08:00][sql] SHOW FULL COLUMNS FROM `information` [ RunTime:0.001046s ]
[2023-01-07T16:02:34+08:00][sql] SELECT * FROM `information` ORDER BY `time` DESC LIMIT 1 [ RunTime:0.000327s ]
[2023-01-07T16:02:34+08:00][sql] SELECT * FROM `information` ORDER BY `time` DESC LIMIT 1,4 [ RunTime:0.000404s ]
[2023-01-07T16:02:34+08:00][sql] SHOW FULL COLUMNS FROM `course` [ RunTime:0.001132s ]
[2023-01-07T16:02:34+08:00][sql] SELECT `id`,`title` FROM `course` ORDER BY `sorting` ASC LIMIT 0,6 [ RunTime:0.000261s ]
[2023-01-07T16:02:34+08:00][sql] SHOW FULL COLUMNS FROM `teacher` [ RunTime:0.001216s ]
[2023-01-07T16:02:34+08:00][sql] SELECT * FROM `teacher` [ RunTime:0.000283s ]
[2023-01-07T16:02:34+08:00][sql] SHOW FULL COLUMNS FROM `address` [ RunTime:0.001074s ]
[2023-01-07T16:02:34+08:00][sql] SELECT * FROM `address` WHERE  `id` = 1 LIMIT 1 [ RunTime:0.000273s ]
[2023-01-07T16:02:34+08:00][sql] SELECT * FROM `address` WHERE  `id` = 2 LIMIT 1 [ RunTime:0.000272s ]
[2023-01-07T16:19:29+08:00][sql] CONNECT:[ UseTime:0.000383s ] mysql:host=localhost;port=3316;dbname=coffee;charset=utf8
[2023-01-07T16:19:29+08:00][sql] SHOW FULL COLUMNS FROM `banner` [ RunTime:0.001285s ]
[2023-01-07T16:19:29+08:00][sql] SELECT * FROM `banner` [ RunTime:0.000235s ]
[2023-01-07T16:19:29+08:00][sql] SHOW FULL COLUMNS FROM `information` [ RunTime:0.001117s ]
[2023-01-07T16:19:29+08:00][sql] SELECT * FROM `information` ORDER BY `time` DESC LIMIT 1 [ RunTime:0.000291s ]
[2023-01-07T16:19:29+08:00][sql] SELECT * FROM `information` ORDER BY `time` DESC LIMIT 1,4 [ RunTime:0.000444s ]
[2023-01-07T16:19:29+08:00][sql] SHOW FULL COLUMNS FROM `course` [ RunTime:0.001079s ]
[2023-01-07T16:19:29+08:00][sql] SELECT `id`,`title` FROM `course` ORDER BY `sorting` ASC LIMIT 0,6 [ RunTime:0.000242s ]
[2023-01-07T16:19:29+08:00][sql] SHOW FULL COLUMNS FROM `teacher` [ RunTime:0.000948s ]
[2023-01-07T16:19:29+08:00][sql] SELECT * FROM `teacher` [ RunTime:0.000224s ]
[2023-01-07T16:19:29+08:00][sql] SHOW FULL COLUMNS FROM `address` [ RunTime:0.000945s ]
[2023-01-07T16:19:29+08:00][sql] SELECT * FROM `address` WHERE  `id` = 1 LIMIT 1 [ RunTime:0.000272s ]
[2023-01-07T16:19:29+08:00][sql] SELECT * FROM `address` WHERE  `id` = 2 LIMIT 1 [ RunTime:0.000218s ]
[2023-01-07T16:22:20+08:00][sql] CONNECT:[ UseTime:0.000413s ] mysql:host=localhost;port=3316;dbname=coffee;charset=utf8
[2023-01-07T16:22:20+08:00][sql] SHOW FULL COLUMNS FROM `banner` [ RunTime:0.001272s ]
[2023-01-07T16:22:20+08:00][sql] SELECT * FROM `banner` [ RunTime:0.000246s ]
[2023-01-07T16:22:20+08:00][sql] SHOW FULL COLUMNS FROM `information` [ RunTime:0.001026s ]
[2023-01-07T16:22:20+08:00][sql] SELECT * FROM `information` ORDER BY `time` DESC LIMIT 1 [ RunTime:0.000343s ]
[2023-01-07T16:22:20+08:00][sql] SELECT * FROM `information` ORDER BY `time` DESC LIMIT 1,4 [ RunTime:0.000397s ]
[2023-01-07T16:22:20+08:00][sql] SHOW FULL COLUMNS FROM `course` [ RunTime:0.001096s ]
[2023-01-07T16:22:20+08:00][sql] SELECT `id`,`title` FROM `course` ORDER BY `sorting` ASC LIMIT 0,6 [ RunTime:0.000257s ]
[2023-01-07T16:22:20+08:00][sql] SHOW FULL COLUMNS FROM `teacher` [ RunTime:0.000908s ]
[2023-01-07T16:22:20+08:00][sql] SELECT * FROM `teacher` [ RunTime:0.000262s ]
[2023-01-07T16:22:20+08:00][sql] SHOW FULL COLUMNS FROM `address` [ RunTime:0.000921s ]
[2023-01-07T16:22:20+08:00][sql] SELECT * FROM `address` WHERE  `id` = 1 LIMIT 1 [ RunTime:0.000323s ]
[2023-01-07T16:22:20+08:00][sql] SELECT * FROM `address` WHERE  `id` = 2 LIMIT 1 [ RunTime:0.000259s ]
[2023-01-07T16:37:51+08:00][sql] CONNECT:[ UseTime:0.000391s ] mysql:host=localhost;port=3316;dbname=coffee;charset=utf8
[2023-01-07T16:37:51+08:00][sql] SHOW FULL COLUMNS FROM `banner` [ RunTime:0.001271s ]
[2023-01-07T16:37:51+08:00][sql] SELECT * FROM `banner` [ RunTime:0.000257s ]
[2023-01-07T16:37:51+08:00][sql] SHOW FULL COLUMNS FROM `information` [ RunTime:0.001015s ]
[2023-01-07T16:37:51+08:00][sql] SELECT * FROM `information` ORDER BY `time` DESC LIMIT 1 [ RunTime:0.000293s ]
[2023-01-07T16:37:51+08:00][sql] SELECT * FROM `information` ORDER BY `time` DESC LIMIT 1,4 [ RunTime:0.000360s ]
[2023-01-07T16:37:51+08:00][sql] SHOW FULL COLUMNS FROM `course` [ RunTime:0.001110s ]
[2023-01-07T16:37:51+08:00][sql] SELECT `id`,`title` FROM `course` ORDER BY `sorting` ASC LIMIT 0,6 [ RunTime:0.000230s ]
[2023-01-07T16:37:51+08:00][sql] SHOW FULL COLUMNS FROM `teacher` [ RunTime:0.000898s ]
[2023-01-07T16:37:51+08:00][sql] SELECT * FROM `teacher` [ RunTime:0.000230s ]
[2023-01-07T16:37:51+08:00][sql] SHOW FULL COLUMNS FROM `address` [ RunTime:0.000943s ]
[2023-01-07T16:37:51+08:00][sql] SELECT * FROM `address` WHERE  `id` = 1 LIMIT 1 [ RunTime:0.000277s ]
[2023-01-07T16:37:51+08:00][sql] SELECT * FROM `address` WHERE  `id` = 2 LIMIT 1 [ RunTime:0.000215s ]
[2023-01-07T17:02:28+08:00][sql] CONNECT:[ UseTime:0.000415s ] mysql:host=localhost;port=3316;dbname=coffee;charset=utf8
[2023-01-07T17:02:28+08:00][sql] SHOW FULL COLUMNS FROM `banner` [ RunTime:0.001202s ]
[2023-01-07T17:02:28+08:00][sql] SELECT * FROM `banner` [ RunTime:0.000252s ]
[2023-01-07T17:02:28+08:00][sql] SHOW FULL COLUMNS FROM `information` [ RunTime:0.001010s ]
[2023-01-07T17:02:28+08:00][sql] SELECT * FROM `information` ORDER BY `time` DESC LIMIT 1 [ RunTime:0.000318s ]
[2023-01-07T17:02:28+08:00][sql] SELECT * FROM `information` ORDER BY `time` DESC LIMIT 1,4 [ RunTime:0.000399s ]
[2023-01-07T17:02:28+08:00][sql] SHOW FULL COLUMNS FROM `course` [ RunTime:0.001122s ]
[2023-01-07T17:02:28+08:00][sql] SELECT `id`,`title` FROM `course` ORDER BY `sorting` ASC LIMIT 0,6 [ RunTime:0.000298s ]
[2023-01-07T17:02:28+08:00][sql] SHOW FULL COLUMNS FROM `teacher` [ RunTime:0.000964s ]
[2023-01-07T17:02:28+08:00][sql] SELECT * FROM `teacher` [ RunTime:0.000276s ]
[2023-01-07T17:02:28+08:00][sql] SHOW FULL COLUMNS FROM `address` [ RunTime:0.000933s ]
[2023-01-07T17:02:28+08:00][sql] SELECT * FROM `address` WHERE  `id` = 1 LIMIT 1 [ RunTime:0.000271s ]
[2023-01-07T17:02:28+08:00][sql] SELECT * FROM `address` WHERE  `id` = 2 LIMIT 1 [ RunTime:0.000246s ]
[2023-01-07T18:38:03+08:00][sql] CONNECT:[ UseTime:0.000494s ] mysql:host=localhost;port=3316;dbname=coffee;charset=utf8
[2023-01-07T18:38:03+08:00][sql] SHOW FULL COLUMNS FROM `banner` [ RunTime:0.001852s ]
[2023-01-07T18:38:03+08:00][sql] SELECT * FROM `banner` [ RunTime:0.000276s ]
[2023-01-07T18:38:03+08:00][sql] SHOW FULL COLUMNS FROM `information` [ RunTime:0.001430s ]
[2023-01-07T18:38:03+08:00][sql] SELECT * FROM `information` ORDER BY `time` DESC LIMIT 1 [ RunTime:0.000388s ]
[2023-01-07T18:38:03+08:00][sql] SELECT * FROM `information` ORDER BY `time` DESC LIMIT 1,4 [ RunTime:0.000439s ]
[2023-01-07T18:38:03+08:00][sql] SHOW FULL COLUMNS FROM `course` [ RunTime:0.001431s ]
[2023-01-07T18:38:03+08:00][sql] SELECT `id`,`title` FROM `course` ORDER BY `sorting` ASC LIMIT 0,6 [ RunTime:0.000291s ]
[2023-01-07T18:38:03+08:00][sql] SHOW FULL COLUMNS FROM `teacher` [ RunTime:0.001159s ]
[2023-01-07T18:38:03+08:00][sql] SELECT * FROM `teacher` [ RunTime:0.000311s ]
[2023-01-07T18:38:03+08:00][sql] SHOW FULL COLUMNS FROM `address` [ RunTime:0.001180s ]
[2023-01-07T18:38:03+08:00][sql] SELECT * FROM `address` WHERE  `id` = 1 LIMIT 1 [ RunTime:0.000484s ]
[2023-01-07T18:38:03+08:00][sql] SELECT * FROM `address` WHERE  `id` = 2 LIMIT 1 [ RunTime:0.000425s ]
[2023-01-07T18:48:33+08:00][sql] CONNECT:[ UseTime:0.000404s ] mysql:host=localhost;port=3316;dbname=coffee;charset=utf8
[2023-01-07T18:48:33+08:00][sql] SHOW FULL COLUMNS FROM `banner` [ RunTime:0.001214s ]
[2023-01-07T18:48:33+08:00][sql] SELECT * FROM `banner` [ RunTime:0.000257s ]
[2023-01-07T18:48:33+08:00][sql] SHOW FULL COLUMNS FROM `information` [ RunTime:0.001019s ]
[2023-01-07T18:48:33+08:00][sql] SELECT * FROM `information` ORDER BY `time` DESC LIMIT 1 [ RunTime:0.000329s ]
[2023-01-07T18:48:33+08:00][sql] SELECT * FROM `information` ORDER BY `time` DESC LIMIT 1,4 [ RunTime:0.000384s ]
[2023-01-07T18:48:33+08:00][sql] SHOW FULL COLUMNS FROM `course` [ RunTime:0.001100s ]
[2023-01-07T18:48:33+08:00][sql] SELECT `id`,`title` FROM `course` ORDER BY `sorting` ASC LIMIT 0,6 [ RunTime:0.000279s ]
[2023-01-07T18:48:33+08:00][sql] SHOW FULL COLUMNS FROM `teacher` [ RunTime:0.000961s ]
[2023-01-07T18:48:33+08:00][sql] SELECT * FROM `teacher` [ RunTime:0.000266s ]
[2023-01-07T18:48:33+08:00][sql] SHOW FULL COLUMNS FROM `address` [ RunTime:0.000937s ]
[2023-01-07T18:48:33+08:00][sql] SELECT * FROM `address` WHERE  `id` = 1 LIMIT 1 [ RunTime:0.000319s ]
[2023-01-07T18:48:33+08:00][sql] SELECT * FROM `address` WHERE  `id` = 2 LIMIT 1 [ RunTime:0.000249s ]
[2023-01-07T19:02:57+08:00][sql] CONNECT:[ UseTime:0.000393s ] mysql:host=localhost;port=3316;dbname=coffee;charset=utf8
[2023-01-07T19:02:57+08:00][sql] SHOW FULL COLUMNS FROM `banner` [ RunTime:0.001288s ]
[2023-01-07T19:02:57+08:00][sql] SELECT * FROM `banner` [ RunTime:0.000219s ]
[2023-01-07T19:02:57+08:00][sql] SHOW FULL COLUMNS FROM `information` [ RunTime:0.000957s ]
[2023-01-07T19:02:57+08:00][sql] SELECT * FROM `information` ORDER BY `time` DESC LIMIT 1 [ RunTime:0.000307s ]
[2023-01-07T19:02:57+08:00][sql] SELECT * FROM `information` ORDER BY `time` DESC LIMIT 1,4 [ RunTime:0.000333s ]
[2023-01-07T19:02:57+08:00][sql] SHOW FULL COLUMNS FROM `course` [ RunTime:0.001213s ]
[2023-01-07T19:02:57+08:00][sql] SELECT `id`,`title` FROM `course` ORDER BY `sorting` ASC LIMIT 0,6 [ RunTime:0.000264s ]
[2023-01-07T19:02:57+08:00][sql] SHOW FULL COLUMNS FROM `teacher` [ RunTime:0.000917s ]
[2023-01-07T19:02:57+08:00][sql] SELECT * FROM `teacher` [ RunTime:0.000235s ]
[2023-01-07T19:02:57+08:00][sql] SHOW FULL COLUMNS FROM `address` [ RunTime:0.000968s ]
[2023-01-07T19:02:57+08:00][sql] SELECT * FROM `address` WHERE  `id` = 1 LIMIT 1 [ RunTime:0.000283s ]
[2023-01-07T19:02:57+08:00][sql] SELECT * FROM `address` WHERE  `id` = 2 LIMIT 1 [ RunTime:0.000211s ]
[2023-01-07T19:02:58+08:00][sql] CONNECT:[ UseTime:0.000432s ] mysql:host=localhost;port=3316;dbname=coffee;charset=utf8
[2023-01-07T19:02:58+08:00][sql] SHOW FULL COLUMNS FROM `banner` [ RunTime:0.001235s ]
[2023-01-07T19:02:58+08:00][sql] SELECT * FROM `banner` [ RunTime:0.000319s ]
[2023-01-07T19:02:58+08:00][sql] SHOW FULL COLUMNS FROM `information` [ RunTime:0.001006s ]
[2023-01-07T19:02:58+08:00][sql] SELECT * FROM `information` ORDER BY `time` DESC LIMIT 1 [ RunTime:0.000331s ]
[2023-01-07T19:02:58+08:00][sql] SELECT * FROM `information` ORDER BY `time` DESC LIMIT 1,4 [ RunTime:0.000384s ]
[2023-01-07T19:02:58+08:00][sql] SHOW FULL COLUMNS FROM `course` [ RunTime:0.001143s ]
[2023-01-07T19:02:58+08:00][sql] SELECT `id`,`title` FROM `course` ORDER BY `sorting` ASC LIMIT 0,6 [ RunTime:0.000272s ]
[2023-01-07T19:02:58+08:00][sql] SHOW FULL COLUMNS FROM `teacher` [ RunTime:0.000997s ]
[2023-01-07T19:02:58+08:00][sql] SELECT * FROM `teacher` [ RunTime:0.000353s ]
[2023-01-07T19:02:58+08:00][sql] SHOW FULL COLUMNS FROM `address` [ RunTime:0.001081s ]
[2023-01-07T19:02:58+08:00][sql] SELECT * FROM `address` WHERE  `id` = 1 LIMIT 1 [ RunTime:0.000286s ]
[2023-01-07T19:02:58+08:00][sql] SELECT * FROM `address` WHERE  `id` = 2 LIMIT 1 [ RunTime:0.000255s ]
[2023-01-07T19:04:11+08:00][sql] CONNECT:[ UseTime:0.000367s ] mysql:host=localhost;port=3316;dbname=coffee;charset=utf8
[2023-01-07T19:04:11+08:00][sql] SHOW FULL COLUMNS FROM `banner` [ RunTime:0.001392s ]
[2023-01-07T19:04:11+08:00][sql] SELECT * FROM `banner` [ RunTime:0.000262s ]
[2023-01-07T19:04:11+08:00][sql] SHOW FULL COLUMNS FROM `information` [ RunTime:0.001042s ]
[2023-01-07T19:04:11+08:00][sql] SELECT * FROM `information` ORDER BY `time` DESC LIMIT 1 [ RunTime:0.000330s ]
[2023-01-07T19:04:11+08:00][sql] SELECT * FROM `information` ORDER BY `time` DESC LIMIT 1,4 [ RunTime:0.000392s ]
[2023-01-07T19:04:11+08:00][sql] SHOW FULL COLUMNS FROM `course` [ RunTime:0.001110s ]
[2023-01-07T19:04:11+08:00][sql] SELECT `id`,`title` FROM `course` ORDER BY `sorting` ASC LIMIT 0,6 [ RunTime:0.000253s ]
[2023-01-07T19:04:11+08:00][sql] SHOW FULL COLUMNS FROM `teacher` [ RunTime:0.000975s ]
[2023-01-07T19:04:11+08:00][sql] SELECT * FROM `teacher` [ RunTime:0.000265s ]
[2023-01-07T19:04:11+08:00][sql] SHOW FULL COLUMNS FROM `address` [ RunTime:0.001020s ]
[2023-01-07T19:04:11+08:00][sql] SELECT * FROM `address` WHERE  `id` = 1 LIMIT 1 [ RunTime:0.000289s ]
[2023-01-07T19:04:11+08:00][sql] SELECT * FROM `address` WHERE  `id` = 2 LIMIT 1 [ RunTime:0.000276s ]
[2023-01-07T19:04:12+08:00][sql] CONNECT:[ UseTime:0.004089s ] mysql:host=localhost;port=3316;dbname=coffee;charset=utf8
[2023-01-07T19:04:12+08:00][sql] SHOW FULL COLUMNS FROM `banner` [ RunTime:0.001838s ]
[2023-01-07T19:04:12+08:00][sql] SELECT * FROM `banner` [ RunTime:0.000309s ]
[2023-01-07T19:04:12+08:00][sql] SHOW FULL COLUMNS FROM `information` [ RunTime:0.001579s ]
[2023-01-07T19:04:12+08:00][sql] SELECT * FROM `information` ORDER BY `time` DESC LIMIT 1 [ RunTime:0.000369s ]
[2023-01-07T19:04:12+08:00][sql] SELECT * FROM `information` ORDER BY `time` DESC LIMIT 1,4 [ RunTime:0.000515s ]
[2023-01-07T19:04:12+08:00][sql] SHOW FULL COLUMNS FROM `course` [ RunTime:0.001871s ]
[2023-01-07T19:04:12+08:00][sql] SELECT `id`,`title` FROM `course` ORDER BY `sorting` ASC LIMIT 0,6 [ RunTime:0.000316s ]
[2023-01-07T19:04:12+08:00][sql] SHOW FULL COLUMNS FROM `teacher` [ RunTime:0.003290s ]
[2023-01-07T19:04:12+08:00][sql] SELECT * FROM `teacher` [ RunTime:0.000302s ]
[2023-01-07T19:04:12+08:00][sql] SHOW FULL COLUMNS FROM `address` [ RunTime:0.001380s ]
[2023-01-07T19:04:12+08:00][sql] SELECT * FROM `address` WHERE  `id` = 1 LIMIT 1 [ RunTime:0.000363s ]
[2023-01-07T19:04:12+08:00][sql] SELECT * FROM `address` WHERE  `id` = 2 LIMIT 1 [ RunTime:0.000324s ]
[2023-01-07T19:04:12+08:00][sql] CONNECT:[ UseTime:0.000890s ] mysql:host=localhost;port=3316;dbname=coffee;charset=utf8
[2023-01-07T19:04:12+08:00][sql] SHOW FULL COLUMNS FROM `banner` [ RunTime:0.001479s ]
[2023-01-07T19:04:12+08:00][sql] SELECT * FROM `banner` [ RunTime:0.000330s ]
[2023-01-07T19:04:12+08:00][sql] SHOW FULL COLUMNS FROM `information` [ RunTime:0.001568s ]
[2023-01-07T19:04:12+08:00][sql] SELECT * FROM `information` ORDER BY `time` DESC LIMIT 1 [ RunTime:0.000389s ]
[2023-01-07T19:04:12+08:00][sql] SELECT * FROM `information` ORDER BY `time` DESC LIMIT 1,4 [ RunTime:0.000542s ]
[2023-01-07T19:04:12+08:00][sql] SHOW FULL COLUMNS FROM `course` [ RunTime:0.001684s ]
[2023-01-07T19:04:12+08:00][sql] SELECT `id`,`title` FROM `course` ORDER BY `sorting` ASC LIMIT 0,6 [ RunTime:0.000303s ]
[2023-01-07T19:04:12+08:00][sql] SHOW FULL COLUMNS FROM `teacher` [ RunTime:0.001392s ]
[2023-01-07T19:04:12+08:00][sql] SELECT * FROM `teacher` [ RunTime:0.000304s ]
[2023-01-07T19:04:12+08:00][sql] SHOW FULL COLUMNS FROM `address` [ RunTime:0.001359s ]
[2023-01-07T19:04:12+08:00][sql] SELECT * FROM `address` WHERE  `id` = 1 LIMIT 1 [ RunTime:0.000358s ]
[2023-01-07T19:04:12+08:00][sql] SELECT * FROM `address` WHERE  `id` = 2 LIMIT 1 [ RunTime:0.000301s ]
[2023-01-07T19:04:12+08:00][sql] CONNECT:[ UseTime:0.001196s ] mysql:host=localhost;port=3316;dbname=coffee;charset=utf8
[2023-01-07T19:04:12+08:00][sql] SHOW FULL COLUMNS FROM `banner` [ RunTime:0.002934s ]
[2023-01-07T19:04:12+08:00][sql] SELECT * FROM `banner` [ RunTime:0.000340s ]
[2023-01-07T19:04:12+08:00][sql] SHOW FULL COLUMNS FROM `information` [ RunTime:0.001907s ]
[2023-01-07T19:04:12+08:00][sql] SELECT * FROM `information` ORDER BY `time` DESC LIMIT 1 [ RunTime:0.000344s ]
[2023-01-07T19:04:12+08:00][sql] SELECT * FROM `information` ORDER BY `time` DESC LIMIT 1,4 [ RunTime:0.000404s ]
[2023-01-07T19:04:12+08:00][sql] SHOW FULL COLUMNS FROM `course` [ RunTime:0.001161s ]
[2023-01-07T19:04:12+08:00][sql] SELECT `id`,`title` FROM `course` ORDER BY `sorting` ASC LIMIT 0,6 [ RunTime:0.000318s ]
[2023-01-07T19:04:12+08:00][sql] SHOW FULL COLUMNS FROM `teacher` [ RunTime:0.001013s ]
[2023-01-07T19:04:12+08:00][sql] SELECT * FROM `teacher` [ RunTime:0.000225s ]
[2023-01-07T19:04:12+08:00][sql] SHOW FULL COLUMNS FROM `address` [ RunTime:0.001157s ]
[2023-01-07T19:04:12+08:00][sql] SELECT * FROM `address` WHERE  `id` = 1 LIMIT 1 [ RunTime:0.000333s ]
[2023-01-07T19:04:12+08:00][sql] SELECT * FROM `address` WHERE  `id` = 2 LIMIT 1 [ RunTime:0.000297s ]
[2023-01-07T19:04:12+08:00][sql] CONNECT:[ UseTime:0.001222s ] mysql:host=localhost;port=3316;dbname=coffee;charset=utf8
[2023-01-07T19:04:12+08:00][sql] SHOW FULL COLUMNS FROM `banner` [ RunTime:0.001462s ]
[2023-01-07T19:04:12+08:00][sql] SELECT * FROM `banner` [ RunTime:0.000398s ]
[2023-01-07T19:04:12+08:00][sql] SHOW FULL COLUMNS FROM `information` [ RunTime:0.002534s ]
[2023-01-07T19:04:12+08:00][sql] SELECT * FROM `information` ORDER BY `time` DESC LIMIT 1 [ RunTime:0.000396s ]
[2023-01-07T19:04:12+08:00][sql] SELECT * FROM `information` ORDER BY `time` DESC LIMIT 1,4 [ RunTime:0.000494s ]
[2023-01-07T19:04:12+08:00][sql] SHOW FULL COLUMNS FROM `course` [ RunTime:0.001630s ]
[2023-01-07T19:04:12+08:00][sql] SELECT `id`,`title` FROM `course` ORDER BY `sorting` ASC LIMIT 0,6 [ RunTime:0.000316s ]
[2023-01-07T19:04:12+08:00][sql] SHOW FULL COLUMNS FROM `teacher` [ RunTime:0.001318s ]
[2023-01-07T19:04:12+08:00][sql] SELECT * FROM `teacher` [ RunTime:0.000312s ]
[2023-01-07T19:04:12+08:00][sql] SHOW FULL COLUMNS FROM `address` [ RunTime:0.001932s ]
[2023-01-07T19:04:12+08:00][sql] SELECT * FROM `address` WHERE  `id` = 1 LIMIT 1 [ RunTime:0.000284s ]
[2023-01-07T19:04:12+08:00][sql] SELECT * FROM `address` WHERE  `id` = 2 LIMIT 1 [ RunTime:0.000253s ]
[2023-01-07T19:04:12+08:00][sql] CONNECT:[ UseTime:0.001277s ] mysql:host=localhost;port=3316;dbname=coffee;charset=utf8
[2023-01-07T19:04:12+08:00][sql] SHOW FULL COLUMNS FROM `banner` [ RunTime:0.001230s ]
[2023-01-07T19:04:12+08:00][sql] SELECT * FROM `banner` [ RunTime:0.000220s ]
[2023-01-07T19:04:12+08:00][sql] SHOW FULL COLUMNS FROM `information` [ RunTime:0.000949s ]
[2023-01-07T19:04:12+08:00][sql] SELECT * FROM `information` ORDER BY `time` DESC LIMIT 1 [ RunTime:0.000294s ]
[2023-01-07T19:04:12+08:00][sql] SELECT * FROM `information` ORDER BY `time` DESC LIMIT 1,4 [ RunTime:0.000330s ]
[2023-01-07T19:04:12+08:00][sql] SHOW FULL COLUMNS FROM `course` [ RunTime:0.001174s ]
[2023-01-07T19:04:12+08:00][sql] SELECT `id`,`title` FROM `course` ORDER BY `sorting` ASC LIMIT 0,6 [ RunTime:0.000272s ]
[2023-01-07T19:04:12+08:00][sql] SHOW FULL COLUMNS FROM `teacher` [ RunTime:0.001241s ]
[2023-01-07T19:04:12+08:00][sql] SELECT * FROM `teacher` [ RunTime:0.000261s ]
[2023-01-07T19:04:12+08:00][sql] SHOW FULL COLUMNS FROM `address` [ RunTime:0.000928s ]
[2023-01-07T19:04:12+08:00][sql] SELECT * FROM `address` WHERE  `id` = 1 LIMIT 1 [ RunTime:0.000307s ]
[2023-01-07T19:04:12+08:00][sql] SELECT * FROM `address` WHERE  `id` = 2 LIMIT 1 [ RunTime:0.000278s ]
[2023-01-07T19:04:12+08:00][sql] CONNECT:[ UseTime:0.000373s ] mysql:host=localhost;port=3316;dbname=coffee;charset=utf8
[2023-01-07T19:04:12+08:00][sql] SHOW FULL COLUMNS FROM `banner` [ RunTime:0.001230s ]
[2023-01-07T19:04:12+08:00][sql] SELECT * FROM `banner` [ RunTime:0.000222s ]
[2023-01-07T19:04:12+08:00][sql] SHOW FULL COLUMNS FROM `information` [ RunTime:0.001040s ]
[2023-01-07T19:04:12+08:00][sql] SELECT * FROM `information` ORDER BY `time` DESC LIMIT 1 [ RunTime:0.000291s ]
[2023-01-07T19:04:12+08:00][sql] SELECT * FROM `information` ORDER BY `time` DESC LIMIT 1,4 [ RunTime:0.000349s ]
[2023-01-07T19:04:12+08:00][sql] SHOW FULL COLUMNS FROM `course` [ RunTime:0.001070s ]
[2023-01-07T19:04:12+08:00][sql] SELECT `id`,`title` FROM `course` ORDER BY `sorting` ASC LIMIT 0,6 [ RunTime:0.000280s ]
[2023-01-07T19:04:12+08:00][sql] SHOW FULL COLUMNS FROM `teacher` [ RunTime:0.000928s ]
[2023-01-07T19:04:12+08:00][sql] SELECT * FROM `teacher` [ RunTime:0.000277s ]
[2023-01-07T19:04:12+08:00][sql] SHOW FULL COLUMNS FROM `address` [ RunTime:0.000967s ]
[2023-01-07T19:04:12+08:00][sql] SELECT * FROM `address` WHERE  `id` = 1 LIMIT 1 [ RunTime:0.000255s ]
[2023-01-07T19:04:12+08:00][sql] SELECT * FROM `address` WHERE  `id` = 2 LIMIT 1 [ RunTime:0.000209s ]
[2023-01-07T19:04:13+08:00][sql] CONNECT:[ UseTime:0.000382s ] mysql:host=localhost;port=3316;dbname=coffee;charset=utf8
[2023-01-07T19:04:13+08:00][sql] SHOW FULL COLUMNS FROM `banner` [ RunTime:0.001323s ]
[2023-01-07T19:04:13+08:00][sql] SELECT * FROM `banner` [ RunTime:0.000257s ]
[2023-01-07T19:04:13+08:00][sql] SHOW FULL COLUMNS FROM `information` [ RunTime:0.001105s ]
[2023-01-07T19:04:13+08:00][sql] SELECT * FROM `information` ORDER BY `time` DESC LIMIT 1 [ RunTime:0.000299s ]
[2023-01-07T19:04:13+08:00][sql] SELECT * FROM `information` ORDER BY `time` DESC LIMIT 1,4 [ RunTime:0.000363s ]
[2023-01-07T19:04:13+08:00][sql] SHOW FULL COLUMNS FROM `course` [ RunTime:0.001071s ]
[2023-01-07T19:04:13+08:00][sql] SELECT `id`,`title` FROM `course` ORDER BY `sorting` ASC LIMIT 0,6 [ RunTime:0.000244s ]
[2023-01-07T19:04:13+08:00][sql] SHOW FULL COLUMNS FROM `teacher` [ RunTime:0.000886s ]
[2023-01-07T19:04:13+08:00][sql] SELECT * FROM `teacher` [ RunTime:0.000227s ]
[2023-01-07T19:04:13+08:00][sql] SHOW FULL COLUMNS FROM `address` [ RunTime:0.000909s ]
[2023-01-07T19:04:13+08:00][sql] SELECT * FROM `address` WHERE  `id` = 1 LIMIT 1 [ RunTime:0.000251s ]
[2023-01-07T19:04:13+08:00][sql] SELECT * FROM `address` WHERE  `id` = 2 LIMIT 1 [ RunTime:0.000222s ]
[2023-01-07T19:04:14+08:00][sql] CONNECT:[ UseTime:0.000462s ] mysql:host=localhost;port=3316;dbname=coffee;charset=utf8
[2023-01-07T19:04:14+08:00][sql] SHOW FULL COLUMNS FROM `banner` [ RunTime:0.001676s ]
[2023-01-07T19:04:14+08:00][sql] SELECT * FROM `banner` [ RunTime:0.000273s ]
[2023-01-07T19:04:14+08:00][sql] SHOW FULL COLUMNS FROM `information` [ RunTime:0.001414s ]
[2023-01-07T19:04:14+08:00][sql] SELECT * FROM `information` ORDER BY `time` DESC LIMIT 1 [ RunTime:0.000388s ]
[2023-01-07T19:04:14+08:00][sql] SELECT * FROM `information` ORDER BY `time` DESC LIMIT 1,4 [ RunTime:0.000514s ]
[2023-01-07T19:04:14+08:00][sql] SHOW FULL COLUMNS FROM `course` [ RunTime:0.001554s ]
[2023-01-07T19:04:14+08:00][sql] SELECT `id`,`title` FROM `course` ORDER BY `sorting` ASC LIMIT 0,6 [ RunTime:0.000297s ]
[2023-01-07T19:04:14+08:00][sql] SHOW FULL COLUMNS FROM `teacher` [ RunTime:0.001239s ]
[2023-01-07T19:04:14+08:00][sql] SELECT * FROM `teacher` [ RunTime:0.000272s ]
[2023-01-07T19:04:14+08:00][sql] SHOW FULL COLUMNS FROM `address` [ RunTime:0.001297s ]
[2023-01-07T19:04:14+08:00][sql] SELECT * FROM `address` WHERE  `id` = 1 LIMIT 1 [ RunTime:0.000287s ]
[2023-01-07T19:04:14+08:00][sql] SELECT * FROM `address` WHERE  `id` = 2 LIMIT 1 [ RunTime:0.000240s ]
[2023-01-07T19:04:16+08:00][sql] CONNECT:[ UseTime:0.000361s ] mysql:host=localhost;port=3316;dbname=coffee;charset=utf8
[2023-01-07T19:04:16+08:00][sql] SHOW FULL COLUMNS FROM `banner` [ RunTime:0.001307s ]
[2023-01-07T19:04:16+08:00][sql] SELECT * FROM `banner` [ RunTime:0.000350s ]
[2023-01-07T19:04:16+08:00][sql] SHOW FULL COLUMNS FROM `information` [ RunTime:0.001008s ]
[2023-01-07T19:04:16+08:00][sql] SELECT * FROM `information` ORDER BY `time` DESC LIMIT 1 [ RunTime:0.000274s ]
[2023-01-07T19:04:16+08:00][sql] SELECT * FROM `information` ORDER BY `time` DESC LIMIT 1,4 [ RunTime:0.000320s ]
[2023-01-07T19:04:16+08:00][sql] SHOW FULL COLUMNS FROM `course` [ RunTime:0.001021s ]
[2023-01-07T19:04:16+08:00][sql] SELECT `id`,`title` FROM `course` ORDER BY `sorting` ASC LIMIT 0,6 [ RunTime:0.000232s ]
[2023-01-07T19:04:16+08:00][sql] SHOW FULL COLUMNS FROM `teacher` [ RunTime:0.000978s ]
[2023-01-07T19:04:16+08:00][sql] SELECT * FROM `teacher` [ RunTime:0.000274s ]
[2023-01-07T19:04:16+08:00][sql] SHOW FULL COLUMNS FROM `address` [ RunTime:0.001007s ]
[2023-01-07T19:04:16+08:00][sql] SELECT * FROM `address` WHERE  `id` = 1 LIMIT 1 [ RunTime:0.000318s ]
[2023-01-07T19:04:16+08:00][sql] SELECT * FROM `address` WHERE  `id` = 2 LIMIT 1 [ RunTime:0.000203s ]
[2023-01-07T19:04:17+08:00][sql] CONNECT:[ UseTime:0.000430s ] mysql:host=localhost;port=3316;dbname=coffee;charset=utf8
[2023-01-07T19:04:17+08:00][sql] SHOW FULL COLUMNS FROM `banner` [ RunTime:0.001292s ]
[2023-01-07T19:04:17+08:00][sql] SELECT * FROM `banner` [ RunTime:0.000319s ]
[2023-01-07T19:04:17+08:00][sql] SHOW FULL COLUMNS FROM `information` [ RunTime:0.001074s ]
[2023-01-07T19:04:17+08:00][sql] SELECT * FROM `information` ORDER BY `time` DESC LIMIT 1 [ RunTime:0.000336s ]
[2023-01-07T19:04:17+08:00][sql] SELECT * FROM `information` ORDER BY `time` DESC LIMIT 1,4 [ RunTime:0.000420s ]
[2023-01-07T19:04:17+08:00][sql] SHOW FULL COLUMNS FROM `course` [ RunTime:0.001163s ]
[2023-01-07T19:04:17+08:00][sql] SELECT `id`,`title` FROM `course` ORDER BY `sorting` ASC LIMIT 0,6 [ RunTime:0.000275s ]
[2023-01-07T19:04:17+08:00][sql] SHOW FULL COLUMNS FROM `teacher` [ RunTime:0.000963s ]
[2023-01-07T19:04:17+08:00][sql] SELECT * FROM `teacher` [ RunTime:0.000292s ]
[2023-01-07T19:04:17+08:00][sql] SHOW FULL COLUMNS FROM `address` [ RunTime:0.000962s ]
[2023-01-07T19:04:17+08:00][sql] SELECT * FROM `address` WHERE  `id` = 1 LIMIT 1 [ RunTime:0.000300s ]
[2023-01-07T19:04:17+08:00][sql] SELECT * FROM `address` WHERE  `id` = 2 LIMIT 1 [ RunTime:0.000247s ]
[2023-01-07T19:04:19+08:00][sql] CONNECT:[ UseTime:0.000470s ] mysql:host=localhost;port=3316;dbname=coffee;charset=utf8
[2023-01-07T19:04:19+08:00][sql] SHOW FULL COLUMNS FROM `banner` [ RunTime:0.001678s ]
[2023-01-07T19:04:19+08:00][sql] SELECT * FROM `banner` [ RunTime:0.000285s ]
[2023-01-07T19:04:19+08:00][sql] SHOW FULL COLUMNS FROM `information` [ RunTime:0.001601s ]
[2023-01-07T19:04:19+08:00][sql] SELECT * FROM `information` ORDER BY `time` DESC LIMIT 1 [ RunTime:0.000383s ]
[2023-01-07T19:04:19+08:00][sql] SELECT * FROM `information` ORDER BY `time` DESC LIMIT 1,4 [ RunTime:0.000454s ]
[2023-01-07T19:04:19+08:00][sql] SHOW FULL COLUMNS FROM `course` [ RunTime:0.001466s ]
[2023-01-07T19:04:19+08:00][sql] SELECT `id`,`title` FROM `course` ORDER BY `sorting` ASC LIMIT 0,6 [ RunTime:0.000350s ]
[2023-01-07T19:04:19+08:00][sql] SHOW FULL COLUMNS FROM `teacher` [ RunTime:0.001245s ]
[2023-01-07T19:04:19+08:00][sql] SELECT * FROM `teacher` [ RunTime:0.000265s ]
[2023-01-07T19:04:19+08:00][sql] SHOW FULL COLUMNS FROM `address` [ RunTime:0.001109s ]
[2023-01-07T19:04:19+08:00][sql] SELECT * FROM `address` WHERE  `id` = 1 LIMIT 1 [ RunTime:0.000266s ]
[2023-01-07T19:04:19+08:00][sql] SELECT * FROM `address` WHERE  `id` = 2 LIMIT 1 [ RunTime:0.000200s ]
[2023-01-07T19:04:22+08:00][sql] CONNECT:[ UseTime:0.001075s ] mysql:host=localhost;port=3316;dbname=coffee;charset=utf8
[2023-01-07T19:04:22+08:00][sql] SHOW FULL COLUMNS FROM `banner` [ RunTime:0.001219s ]
[2023-01-07T19:04:22+08:00][sql] SELECT * FROM `banner` [ RunTime:0.000270s ]
[2023-01-07T19:04:22+08:00][sql] SHOW FULL COLUMNS FROM `information` [ RunTime:0.001005s ]
[2023-01-07T19:04:22+08:00][sql] SELECT * FROM `information` ORDER BY `time` DESC LIMIT 1 [ RunTime:0.000412s ]
[2023-01-07T19:04:22+08:00][sql] SELECT * FROM `information` ORDER BY `time` DESC LIMIT 1,4 [ RunTime:0.000429s ]
[2023-01-07T19:04:22+08:00][sql] SHOW FULL COLUMNS FROM `course` [ RunTime:0.001110s ]
[2023-01-07T19:04:22+08:00][sql] SELECT `id`,`title` FROM `course` ORDER BY `sorting` ASC LIMIT 0,6 [ RunTime:0.000273s ]
[2023-01-07T19:04:22+08:00][sql] SHOW FULL COLUMNS FROM `teacher` [ RunTime:0.000940s ]
[2023-01-07T19:04:22+08:00][sql] SELECT * FROM `teacher` [ RunTime:0.000266s ]
[2023-01-07T19:04:22+08:00][sql] SHOW FULL COLUMNS FROM `address` [ RunTime:0.001021s ]
[2023-01-07T19:04:22+08:00][sql] SELECT * FROM `address` WHERE  `id` = 1 LIMIT 1 [ RunTime:0.000298s ]
[2023-01-07T19:04:22+08:00][sql] SELECT * FROM `address` WHERE  `id` = 2 LIMIT 1 [ RunTime:0.000241s ]
[2023-01-07T19:04:22+08:00][sql] CONNECT:[ UseTime:0.000386s ] mysql:host=localhost;port=3316;dbname=coffee;charset=utf8
[2023-01-07T19:04:22+08:00][sql] SHOW FULL COLUMNS FROM `banner` [ RunTime:0.001260s ]
[2023-01-07T19:04:22+08:00][sql] SELECT * FROM `banner` [ RunTime:0.000241s ]
[2023-01-07T19:04:22+08:00][sql] SHOW FULL COLUMNS FROM `information` [ RunTime:0.000991s ]
[2023-01-07T19:04:22+08:00][sql] SELECT * FROM `information` ORDER BY `time` DESC LIMIT 1 [ RunTime:0.000291s ]
[2023-01-07T19:04:22+08:00][sql] SELECT * FROM `information` ORDER BY `time` DESC LIMIT 1,4 [ RunTime:0.000382s ]
[2023-01-07T19:04:22+08:00][sql] SHOW FULL COLUMNS FROM `course` [ RunTime:0.001062s ]
[2023-01-07T19:04:22+08:00][sql] SELECT `id`,`title` FROM `course` ORDER BY `sorting` ASC LIMIT 0,6 [ RunTime:0.000236s ]
[2023-01-07T19:04:22+08:00][sql] SHOW FULL COLUMNS FROM `teacher` [ RunTime:0.000891s ]
[2023-01-07T19:04:22+08:00][sql] SELECT * FROM `teacher` [ RunTime:0.000241s ]
[2023-01-07T19:04:22+08:00][sql] SHOW FULL COLUMNS FROM `address` [ RunTime:0.000898s ]
[2023-01-07T19:04:22+08:00][sql] SELECT * FROM `address` WHERE  `id` = 1 LIMIT 1 [ RunTime:0.000256s ]
[2023-01-07T19:04:22+08:00][sql] SELECT * FROM `address` WHERE  `id` = 2 LIMIT 1 [ RunTime:0.000240s ]
[2023-01-07T19:08:31+08:00][sql] CONNECT:[ UseTime:0.000429s ] mysql:host=localhost;port=3316;dbname=coffee;charset=utf8
[2023-01-07T19:08:31+08:00][sql] SHOW FULL COLUMNS FROM `banner` [ RunTime:0.001246s ]
[2023-01-07T19:08:31+08:00][sql] SELECT * FROM `banner` [ RunTime:0.000299s ]
[2023-01-07T19:08:31+08:00][sql] SHOW FULL COLUMNS FROM `information` [ RunTime:0.000998s ]
[2023-01-07T19:08:31+08:00][sql] SELECT * FROM `information` ORDER BY `time` DESC LIMIT 1 [ RunTime:0.000324s ]
[2023-01-07T19:08:31+08:00][sql] SELECT * FROM `information` ORDER BY `time` DESC LIMIT 1,4 [ RunTime:0.000466s ]
[2023-01-07T19:08:31+08:00][sql] SHOW FULL COLUMNS FROM `course` [ RunTime:0.001160s ]
[2023-01-07T19:08:31+08:00][sql] SELECT `id`,`title` FROM `course` ORDER BY `sorting` ASC LIMIT 0,6 [ RunTime:0.000271s ]
[2023-01-07T19:08:31+08:00][sql] SHOW FULL COLUMNS FROM `teacher` [ RunTime:0.000924s ]
[2023-01-07T19:08:31+08:00][sql] SELECT * FROM `teacher` [ RunTime:0.000276s ]
[2023-01-07T19:08:31+08:00][sql] SHOW FULL COLUMNS FROM `address` [ RunTime:0.000905s ]
[2023-01-07T19:08:31+08:00][sql] SELECT * FROM `address` WHERE  `id` = 1 LIMIT 1 [ RunTime:0.000280s ]
[2023-01-07T19:08:31+08:00][sql] SELECT * FROM `address` WHERE  `id` = 2 LIMIT 1 [ RunTime:0.000253s ]
[2023-01-07T20:55:27+08:00][sql] CONNECT:[ UseTime:0.000459s ] mysql:host=localhost;port=3316;dbname=coffee;charset=utf8
[2023-01-07T20:55:27+08:00][sql] SHOW FULL COLUMNS FROM `banner` [ RunTime:0.001724s ]
[2023-01-07T20:55:27+08:00][sql] SELECT * FROM `banner` [ RunTime:0.000437s ]
[2023-01-07T20:55:27+08:00][sql] SHOW FULL COLUMNS FROM `information` [ RunTime:0.001403s ]
[2023-01-07T20:55:27+08:00][sql] SELECT * FROM `information` ORDER BY `time` DESC LIMIT 1 [ RunTime:0.000377s ]
[2023-01-07T20:55:27+08:00][sql] SELECT * FROM `information` ORDER BY `time` DESC LIMIT 1,4 [ RunTime:0.000555s ]
[2023-01-07T20:55:27+08:00][sql] SHOW FULL COLUMNS FROM `course` [ RunTime:0.001651s ]
[2023-01-07T20:55:27+08:00][sql] SELECT `id`,`title` FROM `course` ORDER BY `sorting` ASC LIMIT 0,6 [ RunTime:0.000276s ]
[2023-01-07T20:55:27+08:00][sql] SHOW FULL COLUMNS FROM `teacher` [ RunTime:0.001336s ]
[2023-01-07T20:55:27+08:00][sql] SELECT * FROM `teacher` [ RunTime:0.000289s ]
[2023-01-07T20:55:27+08:00][sql] SHOW FULL COLUMNS FROM `address` [ RunTime:0.001290s ]
[2023-01-07T20:55:27+08:00][sql] SELECT * FROM `address` WHERE  `id` = 1 LIMIT 1 [ RunTime:0.000301s ]
[2023-01-07T20:55:27+08:00][sql] SELECT * FROM `address` WHERE  `id` = 2 LIMIT 1 [ RunTime:0.000252s ]
[2023-01-07T22:19:51+08:00][sql] CONNECT:[ UseTime:0.000627s ] mysql:host=localhost;port=3316;dbname=coffee;charset=utf8
[2023-01-07T22:19:51+08:00][sql] SHOW FULL COLUMNS FROM `banner` [ RunTime:0.001305s ]
[2023-01-07T22:19:51+08:00][sql] SELECT * FROM `banner` [ RunTime:0.000306s ]
[2023-01-07T22:19:51+08:00][sql] SHOW FULL COLUMNS FROM `information` [ RunTime:0.001083s ]
[2023-01-07T22:19:51+08:00][sql] SELECT * FROM `information` ORDER BY `time` DESC LIMIT 1 [ RunTime:0.000355s ]
[2023-01-07T22:19:51+08:00][sql] SELECT * FROM `information` ORDER BY `time` DESC LIMIT 1,4 [ RunTime:0.000373s ]
[2023-01-07T22:19:51+08:00][sql] SHOW FULL COLUMNS FROM `course` [ RunTime:0.001084s ]
[2023-01-07T22:19:51+08:00][sql] SELECT `id`,`title` FROM `course` ORDER BY `sorting` ASC LIMIT 0,6 [ RunTime:0.000349s ]
[2023-01-07T22:19:51+08:00][sql] SHOW FULL COLUMNS FROM `teacher` [ RunTime:0.000956s ]
[2023-01-07T22:19:51+08:00][sql] SELECT * FROM `teacher` [ RunTime:0.000261s ]
[2023-01-07T22:19:51+08:00][sql] SHOW FULL COLUMNS FROM `address` [ RunTime:0.001000s ]
[2023-01-07T22:19:51+08:00][sql] SELECT * FROM `address` WHERE  `id` = 1 LIMIT 1 [ RunTime:0.000285s ]
[2023-01-07T22:19:51+08:00][sql] SELECT * FROM `address` WHERE  `id` = 2 LIMIT 1 [ RunTime:0.000255s ]
[2023-01-07T22:28:00+08:00][sql] CONNECT:[ UseTime:0.000438s ] mysql:host=localhost;port=3316;dbname=coffee;charset=utf8
[2023-01-07T22:28:00+08:00][sql] SHOW FULL COLUMNS FROM `banner` [ RunTime:0.001239s ]
[2023-01-07T22:28:00+08:00][sql] SELECT * FROM `banner` [ RunTime:0.000250s ]
[2023-01-07T22:28:00+08:00][sql] SHOW FULL COLUMNS FROM `information` [ RunTime:0.001069s ]
[2023-01-07T22:28:00+08:00][sql] SELECT * FROM `information` ORDER BY `time` DESC LIMIT 1 [ RunTime:0.000331s ]
[2023-01-07T22:28:00+08:00][sql] SELECT * FROM `information` ORDER BY `time` DESC LIMIT 1,4 [ RunTime:0.000398s ]
[2023-01-07T22:28:00+08:00][sql] SHOW FULL COLUMNS FROM `course` [ RunTime:0.001111s ]
[2023-01-07T22:28:00+08:00][sql] SELECT `id`,`title` FROM `course` ORDER BY `sorting` ASC LIMIT 0,6 [ RunTime:0.000367s ]
[2023-01-07T22:28:00+08:00][sql] SHOW FULL COLUMNS FROM `teacher` [ RunTime:0.000943s ]
[2023-01-07T22:28:00+08:00][sql] SELECT * FROM `teacher` [ RunTime:0.000261s ]
[2023-01-07T22:28:00+08:00][sql] SHOW FULL COLUMNS FROM `address` [ RunTime:0.000910s ]
[2023-01-07T22:28:00+08:00][sql] SELECT * FROM `address` WHERE  `id` = 1 LIMIT 1 [ RunTime:0.000273s ]
[2023-01-07T22:28:00+08:00][sql] SELECT * FROM `address` WHERE  `id` = 2 LIMIT 1 [ RunTime:0.000267s ]
[2023-01-07T22:28:01+08:00][sql] CONNECT:[ UseTime:0.000514s ] mysql:host=localhost;port=3316;dbname=coffee;charset=utf8
[2023-01-07T22:28:01+08:00][sql] SHOW FULL COLUMNS FROM `banner` [ RunTime:0.001732s ]
[2023-01-07T22:28:01+08:00][sql] SELECT * FROM `banner` [ RunTime:0.000291s ]
[2023-01-07T22:28:01+08:00][sql] SHOW FULL COLUMNS FROM `information` [ RunTime:0.001476s ]
[2023-01-07T22:28:01+08:00][sql] SELECT * FROM `information` ORDER BY `time` DESC LIMIT 1 [ RunTime:0.000652s ]
[2023-01-07T22:28:01+08:00][sql] SELECT * FROM `information` ORDER BY `time` DESC LIMIT 1,4 [ RunTime:0.000518s ]
[2023-01-07T22:28:01+08:00][sql] SHOW FULL COLUMNS FROM `course` [ RunTime:0.001335s ]
[2023-01-07T22:28:01+08:00][sql] SELECT `id`,`title` FROM `course` ORDER BY `sorting` ASC LIMIT 0,6 [ RunTime:0.000280s ]
[2023-01-07T22:28:01+08:00][sql] SHOW FULL COLUMNS FROM `teacher` [ RunTime:0.000990s ]
[2023-01-07T22:28:01+08:00][sql] SELECT * FROM `teacher` [ RunTime:0.002268s ]
[2023-01-07T22:28:01+08:00][sql] SHOW FULL COLUMNS FROM `address` [ RunTime:0.000978s ]
[2023-01-07T22:28:01+08:00][sql] SELECT * FROM `address` WHERE  `id` = 1 LIMIT 1 [ RunTime:0.000285s ]
[2023-01-07T22:28:01+08:00][sql] SELECT * FROM `address` WHERE  `id` = 2 LIMIT 1 [ RunTime:0.000258s ]
[2023-01-07T23:45:13+08:00][sql] CONNECT:[ UseTime:0.000413s ] mysql:host=localhost;port=3316;dbname=coffee;charset=utf8
[2023-01-07T23:45:13+08:00][sql] SHOW FULL COLUMNS FROM `banner` [ RunTime:0.001227s ]
[2023-01-07T23:45:13+08:00][sql] SELECT * FROM `banner` [ RunTime:0.000225s ]
[2023-01-07T23:45:13+08:00][sql] SHOW FULL COLUMNS FROM `information` [ RunTime:0.001122s ]
[2023-01-07T23:45:13+08:00][sql] SELECT * FROM `information` ORDER BY `time` DESC LIMIT 1 [ RunTime:0.000349s ]
[2023-01-07T23:45:13+08:00][sql] SELECT * FROM `information` ORDER BY `time` DESC LIMIT 1,4 [ RunTime:0.000389s ]
[2023-01-07T23:45:13+08:00][sql] SHOW FULL COLUMNS FROM `course` [ RunTime:0.001132s ]
[2023-01-07T23:45:13+08:00][sql] SELECT `id`,`title` FROM `course` ORDER BY `sorting` ASC LIMIT 0,6 [ RunTime:0.000281s ]
[2023-01-07T23:45:13+08:00][sql] SHOW FULL COLUMNS FROM `teacher` [ RunTime:0.000954s ]
[2023-01-07T23:45:13+08:00][sql] SELECT * FROM `teacher` [ RunTime:0.000258s ]
[2023-01-07T23:45:13+08:00][sql] SHOW FULL COLUMNS FROM `address` [ RunTime:0.000954s ]
[2023-01-07T23:45:13+08:00][sql] SELECT * FROM `address` WHERE  `id` = 1 LIMIT 1 [ RunTime:0.000294s ]
[2023-01-07T23:45:13+08:00][sql] SELECT * FROM `address` WHERE  `id` = 2 LIMIT 1 [ RunTime:0.000243s ]
