[2023-01-09T00:01:53+08:00][sql] CONNECT:[ UseTime:0.000432s ] mysql:host=localhost;port=3316;dbname=coffee;charset=utf8
[2023-01-09T00:01:53+08:00][sql] SHOW FULL COLUMNS FROM `banner` [ RunTime:0.001264s ]
[2023-01-09T00:01:53+08:00][sql] SELECT * FROM `banner` [ RunTime:0.000274s ]
[2023-01-09T00:01:53+08:00][sql] SHOW FULL COLUMNS FROM `information` [ RunTime:0.001036s ]
[2023-01-09T00:01:53+08:00][sql] SELECT * FROM `information` ORDER BY `time` DESC LIMIT 1 [ RunTime:0.000325s ]
[2023-01-09T00:01:53+08:00][sql] SELECT * FROM `information` ORDER BY `time` DESC LIMIT 1,4 [ RunTime:0.000429s ]
[2023-01-09T00:01:53+08:00][sql] SHOW FULL COLUMNS FROM `course` [ RunTime:0.001240s ]
[2023-01-09T00:01:53+08:00][sql] SELECT `id`,`title` FROM `course` ORDER BY `sorting` ASC LIMIT 0,6 [ RunTime:0.000278s ]
[2023-01-09T00:01:53+08:00][sql] SHOW FULL COLUMNS FROM `teacher` [ RunTime:0.000951s ]
[2023-01-09T00:01:53+08:00][sql] SELECT * FROM `teacher` [ RunTime:0.000285s ]
[2023-01-09T00:01:53+08:00][sql] SHOW FULL COLUMNS FROM `address` [ RunTime:0.001024s ]
[2023-01-09T00:01:53+08:00][sql] SELECT * FROM `address` WHERE  `id` = 1 LIMIT 1 [ RunTime:0.000829s ]
[2023-01-09T00:01:53+08:00][sql] SELECT * FROM `address` WHERE  `id` = 2 LIMIT 1 [ RunTime:0.000260s ]
[2023-01-09T00:48:58+08:00][sql] CONNECT:[ UseTime:0.000373s ] mysql:host=localhost;port=3316;dbname=coffee;charset=utf8
[2023-01-09T00:48:58+08:00][sql] SHOW FULL COLUMNS FROM `banner` [ RunTime:0.001272s ]
[2023-01-09T00:48:58+08:00][sql] SELECT * FROM `banner` [ RunTime:0.000242s ]
[2023-01-09T00:48:58+08:00][sql] SHOW FULL COLUMNS FROM `information` [ RunTime:0.001057s ]
[2023-01-09T00:48:58+08:00][sql] SELECT * FROM `information` ORDER BY `time` DESC LIMIT 1 [ RunTime:0.000301s ]
[2023-01-09T00:48:58+08:00][sql] SELECT * FROM `information` ORDER BY `time` DESC LIMIT 1,4 [ RunTime:0.000322s ]
[2023-01-09T00:48:58+08:00][sql] SHOW FULL COLUMNS FROM `course` [ RunTime:0.001038s ]
[2023-01-09T00:48:58+08:00][sql] SELECT `id`,`title` FROM `course` ORDER BY `sorting` ASC LIMIT 0,6 [ RunTime:0.000297s ]
[2023-01-09T00:48:58+08:00][sql] SHOW FULL COLUMNS FROM `teacher` [ RunTime:0.000917s ]
[2023-01-09T00:48:58+08:00][sql] SELECT * FROM `teacher` [ RunTime:0.000241s ]
[2023-01-09T00:48:58+08:00][sql] SHOW FULL COLUMNS FROM `address` [ RunTime:0.000890s ]
[2023-01-09T00:48:58+08:00][sql] SELECT * FROM `address` WHERE  `id` = 1 LIMIT 1 [ RunTime:0.000250s ]
[2023-01-09T00:48:58+08:00][sql] SELECT * FROM `address` WHERE  `id` = 2 LIMIT 1 [ RunTime:0.000210s ]
[2023-01-09T00:48:59+08:00][sql] CONNECT:[ UseTime:0.000352s ] mysql:host=localhost;port=3316;dbname=coffee;charset=utf8
[2023-01-09T00:48:59+08:00][sql] SHOW FULL COLUMNS FROM `banner` [ RunTime:0.001244s ]
[2023-01-09T00:48:59+08:00][sql] SELECT * FROM `banner` [ RunTime:0.000212s ]
[2023-01-09T00:48:59+08:00][sql] SHOW FULL COLUMNS FROM `information` [ RunTime:0.000932s ]
[2023-01-09T00:48:59+08:00][sql] SELECT * FROM `information` ORDER BY `time` DESC LIMIT 1 [ RunTime:0.000290s ]
[2023-01-09T00:48:59+08:00][sql] SELECT * FROM `information` ORDER BY `time` DESC LIMIT 1,4 [ RunTime:0.000319s ]
[2023-01-09T00:48:59+08:00][sql] SHOW FULL COLUMNS FROM `course` [ RunTime:0.001018s ]
[2023-01-09T00:48:59+08:00][sql] SELECT `id`,`title` FROM `course` ORDER BY `sorting` ASC LIMIT 0,6 [ RunTime:0.000244s ]
[2023-01-09T00:48:59+08:00][sql] SHOW FULL COLUMNS FROM `teacher` [ RunTime:0.000865s ]
[2023-01-09T00:48:59+08:00][sql] SELECT * FROM `teacher` [ RunTime:0.000209s ]
[2023-01-09T00:48:59+08:00][sql] SHOW FULL COLUMNS FROM `address` [ RunTime:0.000889s ]
[2023-01-09T00:48:59+08:00][sql] SELECT * FROM `address` WHERE  `id` = 1 LIMIT 1 [ RunTime:0.000225s ]
[2023-01-09T00:48:59+08:00][sql] SELECT * FROM `address` WHERE  `id` = 2 LIMIT 1 [ RunTime:0.000186s ]
[2023-01-09T01:24:41+08:00][sql] CONNECT:[ UseTime:0.000407s ] mysql:host=localhost;port=3316;dbname=coffee;charset=utf8
[2023-01-09T01:24:41+08:00][sql] SHOW FULL COLUMNS FROM `banner` [ RunTime:0.001206s ]
[2023-01-09T01:24:41+08:00][sql] SELECT * FROM `banner` [ RunTime:0.000268s ]
[2023-01-09T01:24:41+08:00][sql] SHOW FULL COLUMNS FROM `information` [ RunTime:0.000973s ]
[2023-01-09T01:24:41+08:00][sql] SELECT * FROM `information` ORDER BY `time` DESC LIMIT 1 [ RunTime:0.000341s ]
[2023-01-09T01:24:41+08:00][sql] SELECT * FROM `information` ORDER BY `time` DESC LIMIT 1,4 [ RunTime:0.000395s ]
[2023-01-09T01:24:41+08:00][sql] SHOW FULL COLUMNS FROM `course` [ RunTime:0.001109s ]
[2023-01-09T01:24:41+08:00][sql] SELECT `id`,`title` FROM `course` ORDER BY `sorting` ASC LIMIT 0,6 [ RunTime:0.000290s ]
[2023-01-09T01:24:41+08:00][sql] SHOW FULL COLUMNS FROM `teacher` [ RunTime:0.000913s ]
[2023-01-09T01:24:41+08:00][sql] SELECT * FROM `teacher` [ RunTime:0.000292s ]
[2023-01-09T01:24:41+08:00][sql] SHOW FULL COLUMNS FROM `address` [ RunTime:0.000922s ]
[2023-01-09T01:24:41+08:00][sql] SELECT * FROM `address` WHERE  `id` = 1 LIMIT 1 [ RunTime:0.000290s ]
[2023-01-09T01:24:41+08:00][sql] SELECT * FROM `address` WHERE  `id` = 2 LIMIT 1 [ RunTime:0.000281s ]
[2023-01-09T01:29:39+08:00][sql] CONNECT:[ UseTime:0.000386s ] mysql:host=localhost;port=3316;dbname=coffee;charset=utf8
[2023-01-09T01:29:39+08:00][sql] SHOW FULL COLUMNS FROM `banner` [ RunTime:0.001274s ]
[2023-01-09T01:29:39+08:00][sql] SELECT * FROM `banner` [ RunTime:0.000292s ]
[2023-01-09T01:29:39+08:00][sql] SHOW FULL COLUMNS FROM `information` [ RunTime:0.001018s ]
[2023-01-09T01:29:39+08:00][sql] SELECT * FROM `information` ORDER BY `time` DESC LIMIT 1 [ RunTime:0.000320s ]
[2023-01-09T01:29:39+08:00][sql] SELECT * FROM `information` ORDER BY `time` DESC LIMIT 1,4 [ RunTime:0.000459s ]
[2023-01-09T01:29:39+08:00][sql] SHOW FULL COLUMNS FROM `course` [ RunTime:0.001103s ]
[2023-01-09T01:29:39+08:00][sql] SELECT `id`,`title` FROM `course` ORDER BY `sorting` ASC LIMIT 0,6 [ RunTime:0.000263s ]
[2023-01-09T01:29:39+08:00][sql] SHOW FULL COLUMNS FROM `teacher` [ RunTime:0.000961s ]
[2023-01-09T01:29:39+08:00][sql] SELECT * FROM `teacher` [ RunTime:0.000256s ]
[2023-01-09T01:29:39+08:00][sql] SHOW FULL COLUMNS FROM `address` [ RunTime:0.000895s ]
[2023-01-09T01:29:39+08:00][sql] SELECT * FROM `address` WHERE  `id` = 1 LIMIT 1 [ RunTime:0.000288s ]
[2023-01-09T01:29:39+08:00][sql] SELECT * FROM `address` WHERE  `id` = 2 LIMIT 1 [ RunTime:0.000246s ]
[2023-01-09T01:31:11+08:00][sql] CONNECT:[ UseTime:0.000387s ] mysql:host=localhost;port=3316;dbname=coffee;charset=utf8
[2023-01-09T01:31:11+08:00][sql] SHOW FULL COLUMNS FROM `banner` [ RunTime:0.001211s ]
[2023-01-09T01:31:11+08:00][sql] SELECT * FROM `banner` [ RunTime:0.000268s ]
[2023-01-09T01:31:11+08:00][sql] SHOW FULL COLUMNS FROM `information` [ RunTime:0.001013s ]
[2023-01-09T01:31:11+08:00][sql] SELECT * FROM `information` ORDER BY `time` DESC LIMIT 1 [ RunTime:0.000325s ]
[2023-01-09T01:31:11+08:00][sql] SELECT * FROM `information` ORDER BY `time` DESC LIMIT 1,4 [ RunTime:0.000383s ]
[2023-01-09T01:31:11+08:00][sql] SHOW FULL COLUMNS FROM `course` [ RunTime:0.001067s ]
[2023-01-09T01:31:11+08:00][sql] SELECT `id`,`title` FROM `course` ORDER BY `sorting` ASC LIMIT 0,6 [ RunTime:0.000325s ]
[2023-01-09T01:31:11+08:00][sql] SHOW FULL COLUMNS FROM `teacher` [ RunTime:0.000916s ]
[2023-01-09T01:31:11+08:00][sql] SELECT * FROM `teacher` [ RunTime:0.000251s ]
[2023-01-09T01:31:11+08:00][sql] SHOW FULL COLUMNS FROM `address` [ RunTime:0.000920s ]
[2023-01-09T01:31:11+08:00][sql] SELECT * FROM `address` WHERE  `id` = 1 LIMIT 1 [ RunTime:0.000270s ]
[2023-01-09T01:31:11+08:00][sql] SELECT * FROM `address` WHERE  `id` = 2 LIMIT 1 [ RunTime:0.000274s ]
[2023-01-09T01:31:11+08:00][sql] CONNECT:[ UseTime:0.000470s ] mysql:host=localhost;port=3316;dbname=coffee;charset=utf8
[2023-01-09T01:31:11+08:00][sql] SHOW FULL COLUMNS FROM `banner` [ RunTime:0.001757s ]
[2023-01-09T01:31:11+08:00][sql] SELECT * FROM `banner` [ RunTime:0.000249s ]
[2023-01-09T01:31:11+08:00][sql] SHOW FULL COLUMNS FROM `information` [ RunTime:0.000932s ]
[2023-01-09T01:31:11+08:00][sql] SELECT * FROM `information` ORDER BY `time` DESC LIMIT 1 [ RunTime:0.000307s ]
[2023-01-09T01:31:11+08:00][sql] SELECT * FROM `information` ORDER BY `time` DESC LIMIT 1,4 [ RunTime:0.000310s ]
[2023-01-09T01:31:11+08:00][sql] SHOW FULL COLUMNS FROM `course` [ RunTime:0.001031s ]
[2023-01-09T01:31:11+08:00][sql] SELECT `id`,`title` FROM `course` ORDER BY `sorting` ASC LIMIT 0,6 [ RunTime:0.000232s ]
[2023-01-09T01:31:11+08:00][sql] SHOW FULL COLUMNS FROM `teacher` [ RunTime:0.000840s ]
[2023-01-09T01:31:11+08:00][sql] SELECT * FROM `teacher` [ RunTime:0.000254s ]
[2023-01-09T01:31:11+08:00][sql] SHOW FULL COLUMNS FROM `address` [ RunTime:0.001021s ]
[2023-01-09T01:31:11+08:00][sql] SELECT * FROM `address` WHERE  `id` = 1 LIMIT 1 [ RunTime:0.000281s ]
[2023-01-09T01:31:11+08:00][sql] SELECT * FROM `address` WHERE  `id` = 2 LIMIT 1 [ RunTime:0.000244s ]
[2023-01-09T01:36:42+08:00][sql] CONNECT:[ UseTime:0.000399s ] mysql:host=localhost;port=3316;dbname=coffee;charset=utf8
[2023-01-09T01:36:42+08:00][sql] SHOW FULL COLUMNS FROM `banner` [ RunTime:0.001319s ]
[2023-01-09T01:36:42+08:00][sql] SELECT * FROM `banner` [ RunTime:0.000259s ]
[2023-01-09T01:36:42+08:00][sql] SHOW FULL COLUMNS FROM `information` [ RunTime:0.000983s ]
[2023-01-09T01:36:42+08:00][sql] SELECT * FROM `information` ORDER BY `time` DESC LIMIT 1 [ RunTime:0.000318s ]
[2023-01-09T01:36:42+08:00][sql] SELECT * FROM `information` ORDER BY `time` DESC LIMIT 1,4 [ RunTime:0.000409s ]
[2023-01-09T01:36:42+08:00][sql] SHOW FULL COLUMNS FROM `course` [ RunTime:0.001078s ]
[2023-01-09T01:36:42+08:00][sql] SELECT `id`,`title` FROM `course` ORDER BY `sorting` ASC LIMIT 0,6 [ RunTime:0.000268s ]
[2023-01-09T01:36:42+08:00][sql] SHOW FULL COLUMNS FROM `teacher` [ RunTime:0.000960s ]
[2023-01-09T01:36:42+08:00][sql] SELECT * FROM `teacher` [ RunTime:0.000279s ]
[2023-01-09T01:36:42+08:00][sql] SHOW FULL COLUMNS FROM `address` [ RunTime:0.000942s ]
[2023-01-09T01:36:42+08:00][sql] SELECT * FROM `address` WHERE  `id` = 1 LIMIT 1 [ RunTime:0.000274s ]
[2023-01-09T01:36:42+08:00][sql] SELECT * FROM `address` WHERE  `id` = 2 LIMIT 1 [ RunTime:0.000275s ]
[2023-01-09T01:36:42+08:00][sql] CONNECT:[ UseTime:0.000453s ] mysql:host=localhost;port=3316;dbname=coffee;charset=utf8
[2023-01-09T01:36:42+08:00][sql] SHOW FULL COLUMNS FROM `banner` [ RunTime:0.001787s ]
[2023-01-09T01:36:42+08:00][sql] SELECT * FROM `banner` [ RunTime:0.000294s ]
[2023-01-09T01:36:42+08:00][sql] SHOW FULL COLUMNS FROM `information` [ RunTime:0.001024s ]
[2023-01-09T01:36:42+08:00][sql] SELECT * FROM `information` ORDER BY `time` DESC LIMIT 1 [ RunTime:0.000329s ]
[2023-01-09T01:36:42+08:00][sql] SELECT * FROM `information` ORDER BY `time` DESC LIMIT 1,4 [ RunTime:0.000393s ]
[2023-01-09T01:36:42+08:00][sql] SHOW FULL COLUMNS FROM `course` [ RunTime:0.001048s ]
[2023-01-09T01:36:42+08:00][sql] SELECT `id`,`title` FROM `course` ORDER BY `sorting` ASC LIMIT 0,6 [ RunTime:0.000310s ]
[2023-01-09T01:36:42+08:00][sql] SHOW FULL COLUMNS FROM `teacher` [ RunTime:0.000914s ]
[2023-01-09T01:36:42+08:00][sql] SELECT * FROM `teacher` [ RunTime:0.000264s ]
[2023-01-09T01:36:42+08:00][sql] SHOW FULL COLUMNS FROM `address` [ RunTime:0.000985s ]
[2023-01-09T01:36:42+08:00][sql] SELECT * FROM `address` WHERE  `id` = 1 LIMIT 1 [ RunTime:0.000303s ]
[2023-01-09T01:36:42+08:00][sql] SELECT * FROM `address` WHERE  `id` = 2 LIMIT 1 [ RunTime:0.000246s ]
[2023-01-09T01:59:32+08:00][sql] CONNECT:[ UseTime:0.000406s ] mysql:host=localhost;port=3316;dbname=coffee;charset=utf8
[2023-01-09T01:59:32+08:00][sql] SHOW FULL COLUMNS FROM `banner` [ RunTime:0.001276s ]
[2023-01-09T01:59:32+08:00][sql] SELECT * FROM `banner` [ RunTime:0.000261s ]
[2023-01-09T01:59:32+08:00][sql] SHOW FULL COLUMNS FROM `information` [ RunTime:0.000999s ]
[2023-01-09T01:59:32+08:00][sql] SELECT * FROM `information` ORDER BY `time` DESC LIMIT 1 [ RunTime:0.000319s ]
[2023-01-09T01:59:32+08:00][sql] SELECT * FROM `information` ORDER BY `time` DESC LIMIT 1,4 [ RunTime:0.000423s ]
[2023-01-09T01:59:32+08:00][sql] SHOW FULL COLUMNS FROM `course` [ RunTime:0.001103s ]
[2023-01-09T01:59:32+08:00][sql] SELECT `id`,`title` FROM `course` ORDER BY `sorting` ASC LIMIT 0,6 [ RunTime:0.000343s ]
[2023-01-09T01:59:32+08:00][sql] SHOW FULL COLUMNS FROM `teacher` [ RunTime:0.000938s ]
[2023-01-09T01:59:32+08:00][sql] SELECT * FROM `teacher` [ RunTime:0.000499s ]
[2023-01-09T01:59:32+08:00][sql] SHOW FULL COLUMNS FROM `address` [ RunTime:0.000960s ]
[2023-01-09T01:59:32+08:00][sql] SELECT * FROM `address` WHERE  `id` = 1 LIMIT 1 [ RunTime:0.000282s ]
[2023-01-09T01:59:32+08:00][sql] SELECT * FROM `address` WHERE  `id` = 2 LIMIT 1 [ RunTime:0.000258s ]
[2023-01-09T01:59:33+08:00][sql] CONNECT:[ UseTime:0.000381s ] mysql:host=localhost;port=3316;dbname=coffee;charset=utf8
[2023-01-09T01:59:33+08:00][sql] SHOW FULL COLUMNS FROM `banner` [ RunTime:0.001222s ]
[2023-01-09T01:59:33+08:00][sql] SELECT * FROM `banner` [ RunTime:0.000212s ]
[2023-01-09T01:59:33+08:00][sql] SHOW FULL COLUMNS FROM `information` [ RunTime:0.000986s ]
[2023-01-09T01:59:33+08:00][sql] SELECT * FROM `information` ORDER BY `time` DESC LIMIT 1 [ RunTime:0.000277s ]
[2023-01-09T01:59:33+08:00][sql] SELECT * FROM `information` ORDER BY `time` DESC LIMIT 1,4 [ RunTime:0.000349s ]
[2023-01-09T01:59:33+08:00][sql] SHOW FULL COLUMNS FROM `course` [ RunTime:0.001057s ]
[2023-01-09T01:59:33+08:00][sql] SELECT `id`,`title` FROM `course` ORDER BY `sorting` ASC LIMIT 0,6 [ RunTime:0.000223s ]
[2023-01-09T01:59:33+08:00][sql] SHOW FULL COLUMNS FROM `teacher` [ RunTime:0.000881s ]
[2023-01-09T01:59:33+08:00][sql] SELECT * FROM `teacher` [ RunTime:0.000229s ]
[2023-01-09T01:59:33+08:00][sql] SHOW FULL COLUMNS FROM `address` [ RunTime:0.000889s ]
[2023-01-09T01:59:33+08:00][sql] SELECT * FROM `address` WHERE  `id` = 1 LIMIT 1 [ RunTime:0.000253s ]
[2023-01-09T01:59:33+08:00][sql] SELECT * FROM `address` WHERE  `id` = 2 LIMIT 1 [ RunTime:0.000220s ]
[2023-01-09T02:12:26+08:00][sql] CONNECT:[ UseTime:0.000434s ] mysql:host=localhost;port=3316;dbname=coffee;charset=utf8
[2023-01-09T02:12:26+08:00][sql] SHOW FULL COLUMNS FROM `banner` [ RunTime:0.001353s ]
[2023-01-09T02:12:26+08:00][sql] SELECT * FROM `banner` [ RunTime:0.000254s ]
[2023-01-09T02:12:26+08:00][sql] SHOW FULL COLUMNS FROM `information` [ RunTime:0.001144s ]
[2023-01-09T02:12:26+08:00][sql] SELECT * FROM `information` ORDER BY `time` DESC LIMIT 1 [ RunTime:0.000693s ]
[2023-01-09T02:12:26+08:00][sql] SELECT * FROM `information` ORDER BY `time` DESC LIMIT 1,4 [ RunTime:0.000393s ]
[2023-01-09T02:12:26+08:00][sql] SHOW FULL COLUMNS FROM `course` [ RunTime:0.001089s ]
[2023-01-09T02:12:26+08:00][sql] SELECT `id`,`title` FROM `course` ORDER BY `sorting` ASC LIMIT 0,6 [ RunTime:0.000275s ]
[2023-01-09T02:12:26+08:00][sql] SHOW FULL COLUMNS FROM `teacher` [ RunTime:0.000908s ]
[2023-01-09T02:12:26+08:00][sql] SELECT * FROM `teacher` [ RunTime:0.000253s ]
[2023-01-09T02:12:26+08:00][sql] SHOW FULL COLUMNS FROM `address` [ RunTime:0.000949s ]
[2023-01-09T02:12:26+08:00][sql] SELECT * FROM `address` WHERE  `id` = 1 LIMIT 1 [ RunTime:0.000271s ]
[2023-01-09T02:12:26+08:00][sql] SELECT * FROM `address` WHERE  `id` = 2 LIMIT 1 [ RunTime:0.000256s ]
[2023-01-09T03:04:04+08:00][sql] CONNECT:[ UseTime:0.000418s ] mysql:host=localhost;port=3316;dbname=coffee;charset=utf8
[2023-01-09T03:04:04+08:00][sql] SHOW FULL COLUMNS FROM `banner` [ RunTime:0.001236s ]
[2023-01-09T03:04:04+08:00][sql] SELECT * FROM `banner` [ RunTime:0.000233s ]
[2023-01-09T03:04:04+08:00][sql] SHOW FULL COLUMNS FROM `information` [ RunTime:0.000941s ]
[2023-01-09T03:04:04+08:00][sql] SELECT * FROM `information` ORDER BY `time` DESC LIMIT 1 [ RunTime:0.000309s ]
[2023-01-09T03:04:04+08:00][sql] SELECT * FROM `information` ORDER BY `time` DESC LIMIT 1,4 [ RunTime:0.000348s ]
[2023-01-09T03:04:04+08:00][sql] SHOW FULL COLUMNS FROM `course` [ RunTime:0.001086s ]
[2023-01-09T03:04:04+08:00][sql] SELECT `id`,`title` FROM `course` ORDER BY `sorting` ASC LIMIT 0,6 [ RunTime:0.000281s ]
[2023-01-09T03:04:04+08:00][sql] SHOW FULL COLUMNS FROM `teacher` [ RunTime:0.001195s ]
[2023-01-09T03:04:04+08:00][sql] SELECT * FROM `teacher` [ RunTime:0.000290s ]
[2023-01-09T03:04:04+08:00][sql] SHOW FULL COLUMNS FROM `address` [ RunTime:0.001168s ]
[2023-01-09T03:04:04+08:00][sql] SELECT * FROM `address` WHERE  `id` = 1 LIMIT 1 [ RunTime:0.000285s ]
[2023-01-09T03:04:04+08:00][sql] SELECT * FROM `address` WHERE  `id` = 2 LIMIT 1 [ RunTime:0.000263s ]
[2023-01-09T03:31:18+08:00][sql] CONNECT:[ UseTime:0.000374s ] mysql:host=localhost;port=3316;dbname=coffee;charset=utf8
[2023-01-09T03:31:18+08:00][sql] SHOW FULL COLUMNS FROM `banner` [ RunTime:0.001297s ]
[2023-01-09T03:31:18+08:00][sql] SELECT * FROM `banner` [ RunTime:0.000229s ]
[2023-01-09T03:31:18+08:00][sql] SHOW FULL COLUMNS FROM `information` [ RunTime:0.001015s ]
[2023-01-09T03:31:18+08:00][sql] SELECT * FROM `information` ORDER BY `time` DESC LIMIT 1 [ RunTime:0.000304s ]
[2023-01-09T03:31:18+08:00][sql] SELECT * FROM `information` ORDER BY `time` DESC LIMIT 1,4 [ RunTime:0.000368s ]
[2023-01-09T03:31:18+08:00][sql] SHOW FULL COLUMNS FROM `course` [ RunTime:0.001007s ]
[2023-01-09T03:31:18+08:00][sql] SELECT `id`,`title` FROM `course` ORDER BY `sorting` ASC LIMIT 0,6 [ RunTime:0.000244s ]
[2023-01-09T03:31:18+08:00][sql] SHOW FULL COLUMNS FROM `teacher` [ RunTime:0.000839s ]
[2023-01-09T03:31:18+08:00][sql] SELECT * FROM `teacher` [ RunTime:0.000236s ]
[2023-01-09T03:31:18+08:00][sql] SHOW FULL COLUMNS FROM `address` [ RunTime:0.000842s ]
[2023-01-09T03:31:18+08:00][sql] SELECT * FROM `address` WHERE  `id` = 1 LIMIT 1 [ RunTime:0.000228s ]
[2023-01-09T03:31:18+08:00][sql] SELECT * FROM `address` WHERE  `id` = 2 LIMIT 1 [ RunTime:0.000195s ]
[2023-01-09T03:40:29+08:00][sql] CONNECT:[ UseTime:0.000432s ] mysql:host=localhost;port=3316;dbname=coffee;charset=utf8
[2023-01-09T03:40:29+08:00][sql] SHOW FULL COLUMNS FROM `banner` [ RunTime:0.001216s ]
[2023-01-09T03:40:29+08:00][sql] SELECT * FROM `banner` [ RunTime:0.000255s ]
[2023-01-09T03:40:29+08:00][sql] SHOW FULL COLUMNS FROM `information` [ RunTime:0.000982s ]
[2023-01-09T03:40:29+08:00][sql] SELECT * FROM `information` ORDER BY `time` DESC LIMIT 1 [ RunTime:0.000325s ]
[2023-01-09T03:40:29+08:00][sql] SELECT * FROM `information` ORDER BY `time` DESC LIMIT 1,4 [ RunTime:0.000386s ]
[2023-01-09T03:40:29+08:00][sql] SHOW FULL COLUMNS FROM `course` [ RunTime:0.001045s ]
[2023-01-09T03:40:29+08:00][sql] SELECT `id`,`title` FROM `course` ORDER BY `sorting` ASC LIMIT 0,6 [ RunTime:0.000260s ]
[2023-01-09T03:40:29+08:00][sql] SHOW FULL COLUMNS FROM `teacher` [ RunTime:0.000937s ]
[2023-01-09T03:40:29+08:00][sql] SELECT * FROM `teacher` [ RunTime:0.000274s ]
[2023-01-09T03:40:29+08:00][sql] SHOW FULL COLUMNS FROM `address` [ RunTime:0.000926s ]
[2023-01-09T03:40:29+08:00][sql] SELECT * FROM `address` WHERE  `id` = 1 LIMIT 1 [ RunTime:0.000272s ]
[2023-01-09T03:40:29+08:00][sql] SELECT * FROM `address` WHERE  `id` = 2 LIMIT 1 [ RunTime:0.000287s ]
[2023-01-09T04:57:11+08:00][sql] CONNECT:[ UseTime:0.000365s ] mysql:host=localhost;port=3316;dbname=coffee;charset=utf8
[2023-01-09T04:57:11+08:00][sql] SHOW FULL COLUMNS FROM `banner` [ RunTime:0.001197s ]
[2023-01-09T04:57:11+08:00][sql] SELECT * FROM `banner` [ RunTime:0.000215s ]
[2023-01-09T04:57:11+08:00][sql] SHOW FULL COLUMNS FROM `information` [ RunTime:0.000960s ]
[2023-01-09T04:57:11+08:00][sql] SELECT * FROM `information` ORDER BY `time` DESC LIMIT 1 [ RunTime:0.000272s ]
[2023-01-09T04:57:11+08:00][sql] SELECT * FROM `information` ORDER BY `time` DESC LIMIT 1,4 [ RunTime:0.000339s ]
[2023-01-09T04:57:11+08:00][sql] SHOW FULL COLUMNS FROM `course` [ RunTime:0.001048s ]
[2023-01-09T04:57:11+08:00][sql] SELECT `id`,`title` FROM `course` ORDER BY `sorting` ASC LIMIT 0,6 [ RunTime:0.000225s ]
[2023-01-09T04:57:11+08:00][sql] SHOW FULL COLUMNS FROM `teacher` [ RunTime:0.000881s ]
[2023-01-09T04:57:11+08:00][sql] SELECT * FROM `teacher` [ RunTime:0.000221s ]
[2023-01-09T04:57:11+08:00][sql] SHOW FULL COLUMNS FROM `address` [ RunTime:0.000905s ]
[2023-01-09T04:57:11+08:00][sql] SELECT * FROM `address` WHERE  `id` = 1 LIMIT 1 [ RunTime:0.000250s ]
[2023-01-09T04:57:11+08:00][sql] SELECT * FROM `address` WHERE  `id` = 2 LIMIT 1 [ RunTime:0.000216s ]
[2023-01-09T05:01:02+08:00][sql] CONNECT:[ UseTime:0.000454s ] mysql:host=localhost;port=3316;dbname=coffee;charset=utf8
[2023-01-09T05:01:02+08:00][sql] SHOW FULL COLUMNS FROM `banner` [ RunTime:0.001849s ]
[2023-01-09T05:01:02+08:00][sql] SELECT * FROM `banner` [ RunTime:0.000306s ]
[2023-01-09T05:01:02+08:00][sql] SHOW FULL COLUMNS FROM `information` [ RunTime:0.000993s ]
[2023-01-09T05:01:02+08:00][sql] SELECT * FROM `information` ORDER BY `time` DESC LIMIT 1 [ RunTime:0.000301s ]
[2023-01-09T05:01:02+08:00][sql] SELECT * FROM `information` ORDER BY `time` DESC LIMIT 1,4 [ RunTime:0.000324s ]
[2023-01-09T05:01:02+08:00][sql] SHOW FULL COLUMNS FROM `course` [ RunTime:0.001014s ]
[2023-01-09T05:01:02+08:00][sql] SELECT `id`,`title` FROM `course` ORDER BY `sorting` ASC LIMIT 0,6 [ RunTime:0.000216s ]
[2023-01-09T05:01:02+08:00][sql] SHOW FULL COLUMNS FROM `teacher` [ RunTime:0.000912s ]
[2023-01-09T05:01:02+08:00][sql] SELECT * FROM `teacher` [ RunTime:0.000300s ]
[2023-01-09T05:01:02+08:00][sql] SHOW FULL COLUMNS FROM `address` [ RunTime:0.000931s ]
[2023-01-09T05:01:02+08:00][sql] SELECT * FROM `address` WHERE  `id` = 1 LIMIT 1 [ RunTime:0.000286s ]
[2023-01-09T05:01:02+08:00][sql] SELECT * FROM `address` WHERE  `id` = 2 LIMIT 1 [ RunTime:0.000248s ]
[2023-01-09T05:10:34+08:00][sql] CONNECT:[ UseTime:0.000419s ] mysql:host=localhost;port=3316;dbname=coffee;charset=utf8
[2023-01-09T05:10:34+08:00][sql] SHOW FULL COLUMNS FROM `banner` [ RunTime:0.001217s ]
[2023-01-09T05:10:34+08:00][sql] SELECT * FROM `banner` [ RunTime:0.000251s ]
[2023-01-09T05:10:34+08:00][sql] SHOW FULL COLUMNS FROM `information` [ RunTime:0.001031s ]
[2023-01-09T05:10:34+08:00][sql] SELECT * FROM `information` ORDER BY `time` DESC LIMIT 1 [ RunTime:0.000322s ]
[2023-01-09T05:10:34+08:00][sql] SELECT * FROM `information` ORDER BY `time` DESC LIMIT 1,4 [ RunTime:0.000393s ]
[2023-01-09T05:10:34+08:00][sql] SHOW FULL COLUMNS FROM `course` [ RunTime:0.001100s ]
[2023-01-09T05:10:34+08:00][sql] SELECT `id`,`title` FROM `course` ORDER BY `sorting` ASC LIMIT 0,6 [ RunTime:0.000265s ]
[2023-01-09T05:10:34+08:00][sql] SHOW FULL COLUMNS FROM `teacher` [ RunTime:0.000908s ]
[2023-01-09T05:10:34+08:00][sql] SELECT * FROM `teacher` [ RunTime:0.000289s ]
[2023-01-09T05:10:34+08:00][sql] SHOW FULL COLUMNS FROM `address` [ RunTime:0.000979s ]
[2023-01-09T05:10:34+08:00][sql] SELECT * FROM `address` WHERE  `id` = 1 LIMIT 1 [ RunTime:0.000278s ]
[2023-01-09T05:10:34+08:00][sql] SELECT * FROM `address` WHERE  `id` = 2 LIMIT 1 [ RunTime:0.000251s ]
[2023-01-09T06:02:06+08:00][sql] CONNECT:[ UseTime:0.000493s ] mysql:host=localhost;port=3316;dbname=coffee;charset=utf8
[2023-01-09T06:02:06+08:00][sql] SHOW FULL COLUMNS FROM `banner` [ RunTime:0.001302s ]
[2023-01-09T06:02:06+08:00][sql] SELECT * FROM `banner` [ RunTime:0.000258s ]
[2023-01-09T06:02:06+08:00][sql] SHOW FULL COLUMNS FROM `information` [ RunTime:0.001088s ]
[2023-01-09T06:02:06+08:00][sql] SELECT * FROM `information` ORDER BY `time` DESC LIMIT 1 [ RunTime:0.000367s ]
[2023-01-09T06:02:06+08:00][sql] SELECT * FROM `information` ORDER BY `time` DESC LIMIT 1,4 [ RunTime:0.000389s ]
[2023-01-09T06:02:06+08:00][sql] SHOW FULL COLUMNS FROM `course` [ RunTime:0.001164s ]
[2023-01-09T06:02:06+08:00][sql] SELECT `id`,`title` FROM `course` ORDER BY `sorting` ASC LIMIT 0,6 [ RunTime:0.000435s ]
[2023-01-09T06:02:06+08:00][sql] SHOW FULL COLUMNS FROM `teacher` [ RunTime:0.001026s ]
[2023-01-09T06:02:06+08:00][sql] SELECT * FROM `teacher` [ RunTime:0.000270s ]
[2023-01-09T06:02:06+08:00][sql] SHOW FULL COLUMNS FROM `address` [ RunTime:0.001029s ]
[2023-01-09T06:02:06+08:00][sql] SELECT * FROM `address` WHERE  `id` = 1 LIMIT 1 [ RunTime:0.000364s ]
[2023-01-09T06:02:06+08:00][sql] SELECT * FROM `address` WHERE  `id` = 2 LIMIT 1 [ RunTime:0.000257s ]
[2023-01-09T06:02:28+08:00][sql] CONNECT:[ UseTime:0.000356s ] mysql:host=localhost;port=3316;dbname=coffee;charset=utf8
[2023-01-09T06:02:28+08:00][sql] SHOW FULL COLUMNS FROM `banner` [ RunTime:0.001254s ]
[2023-01-09T06:02:28+08:00][sql] SELECT * FROM `banner` [ RunTime:0.000223s ]
[2023-01-09T06:02:28+08:00][sql] SHOW FULL COLUMNS FROM `information` [ RunTime:0.000985s ]
[2023-01-09T06:02:28+08:00][sql] SELECT * FROM `information` ORDER BY `time` DESC LIMIT 1 [ RunTime:0.000291s ]
[2023-01-09T06:02:28+08:00][sql] SELECT * FROM `information` ORDER BY `time` DESC LIMIT 1,4 [ RunTime:0.000367s ]
[2023-01-09T06:02:28+08:00][sql] SHOW FULL COLUMNS FROM `course` [ RunTime:0.001085s ]
[2023-01-09T06:02:28+08:00][sql] SELECT `id`,`title` FROM `course` ORDER BY `sorting` ASC LIMIT 0,6 [ RunTime:0.000230s ]
[2023-01-09T06:02:28+08:00][sql] SHOW FULL COLUMNS FROM `teacher` [ RunTime:0.000918s ]
[2023-01-09T06:02:28+08:00][sql] SELECT * FROM `teacher` [ RunTime:0.000282s ]
[2023-01-09T06:02:28+08:00][sql] SHOW FULL COLUMNS FROM `address` [ RunTime:0.000964s ]
[2023-01-09T06:02:28+08:00][sql] SELECT * FROM `address` WHERE  `id` = 1 LIMIT 1 [ RunTime:0.000253s ]
[2023-01-09T06:02:28+08:00][sql] SELECT * FROM `address` WHERE  `id` = 2 LIMIT 1 [ RunTime:0.000219s ]
[2023-01-09T06:41:21+08:00][sql] CONNECT:[ UseTime:0.000444s ] mysql:host=localhost;port=3316;dbname=coffee;charset=utf8
[2023-01-09T06:41:21+08:00][sql] SHOW FULL COLUMNS FROM `banner` [ RunTime:0.001283s ]
[2023-01-09T06:41:21+08:00][sql] SELECT * FROM `banner` [ RunTime:0.000258s ]
[2023-01-09T06:41:21+08:00][sql] SHOW FULL COLUMNS FROM `information` [ RunTime:0.001029s ]
[2023-01-09T06:41:21+08:00][sql] SELECT * FROM `information` ORDER BY `time` DESC LIMIT 1 [ RunTime:0.000323s ]
[2023-01-09T06:41:21+08:00][sql] SELECT * FROM `information` ORDER BY `time` DESC LIMIT 1,4 [ RunTime:0.000406s ]
[2023-01-09T06:41:21+08:00][sql] SHOW FULL COLUMNS FROM `course` [ RunTime:0.001086s ]
[2023-01-09T06:41:21+08:00][sql] SELECT `id`,`title` FROM `course` ORDER BY `sorting` ASC LIMIT 0,6 [ RunTime:0.000266s ]
[2023-01-09T06:41:21+08:00][sql] SHOW FULL COLUMNS FROM `teacher` [ RunTime:0.000965s ]
[2023-01-09T06:41:21+08:00][sql] SELECT * FROM `teacher` [ RunTime:0.000279s ]
[2023-01-09T06:41:21+08:00][sql] SHOW FULL COLUMNS FROM `address` [ RunTime:0.000987s ]
[2023-01-09T06:41:21+08:00][sql] SELECT * FROM `address` WHERE  `id` = 1 LIMIT 1 [ RunTime:0.000294s ]
[2023-01-09T06:41:21+08:00][sql] SELECT * FROM `address` WHERE  `id` = 2 LIMIT 1 [ RunTime:0.000263s ]
[2023-01-09T07:01:24+08:00][sql] CONNECT:[ UseTime:0.000419s ] mysql:host=localhost;port=3316;dbname=coffee;charset=utf8
[2023-01-09T07:01:24+08:00][sql] SHOW FULL COLUMNS FROM `banner` [ RunTime:0.001248s ]
[2023-01-09T07:01:24+08:00][sql] SELECT * FROM `banner` [ RunTime:0.000248s ]
[2023-01-09T07:01:24+08:00][sql] SHOW FULL COLUMNS FROM `information` [ RunTime:0.001011s ]
[2023-01-09T07:01:24+08:00][sql] SELECT * FROM `information` ORDER BY `time` DESC LIMIT 1 [ RunTime:0.000322s ]
[2023-01-09T07:01:24+08:00][sql] SELECT * FROM `information` ORDER BY `time` DESC LIMIT 1,4 [ RunTime:0.000403s ]
[2023-01-09T07:01:24+08:00][sql] SHOW FULL COLUMNS FROM `course` [ RunTime:0.001088s ]
[2023-01-09T07:01:24+08:00][sql] SELECT `id`,`title` FROM `course` ORDER BY `sorting` ASC LIMIT 0,6 [ RunTime:0.000259s ]
[2023-01-09T07:01:24+08:00][sql] SHOW FULL COLUMNS FROM `teacher` [ RunTime:0.000930s ]
[2023-01-09T07:01:24+08:00][sql] SELECT * FROM `teacher` [ RunTime:0.000268s ]
[2023-01-09T07:01:24+08:00][sql] SHOW FULL COLUMNS FROM `address` [ RunTime:0.000965s ]
[2023-01-09T07:01:24+08:00][sql] SELECT * FROM `address` WHERE  `id` = 1 LIMIT 1 [ RunTime:0.000301s ]
[2023-01-09T07:01:24+08:00][sql] SELECT * FROM `address` WHERE  `id` = 2 LIMIT 1 [ RunTime:0.000271s ]
[2023-01-09T07:37:45+08:00][sql] CONNECT:[ UseTime:0.000471s ] mysql:host=localhost;port=3316;dbname=coffee;charset=utf8
[2023-01-09T07:37:45+08:00][sql] SHOW FULL COLUMNS FROM `banner` [ RunTime:0.001221s ]
[2023-01-09T07:37:45+08:00][sql] SELECT * FROM `banner` [ RunTime:0.000265s ]
[2023-01-09T07:37:45+08:00][sql] SHOW FULL COLUMNS FROM `information` [ RunTime:0.000979s ]
[2023-01-09T07:37:45+08:00][sql] SELECT * FROM `information` ORDER BY `time` DESC LIMIT 1 [ RunTime:0.000316s ]
[2023-01-09T07:37:45+08:00][sql] SELECT * FROM `information` ORDER BY `time` DESC LIMIT 1,4 [ RunTime:0.000387s ]
[2023-01-09T07:37:45+08:00][sql] SHOW FULL COLUMNS FROM `course` [ RunTime:0.001076s ]
[2023-01-09T07:37:45+08:00][sql] SELECT `id`,`title` FROM `course` ORDER BY `sorting` ASC LIMIT 0,6 [ RunTime:0.000271s ]
[2023-01-09T07:37:45+08:00][sql] SHOW FULL COLUMNS FROM `teacher` [ RunTime:0.000943s ]
[2023-01-09T07:37:45+08:00][sql] SELECT * FROM `teacher` [ RunTime:0.000278s ]
[2023-01-09T07:37:45+08:00][sql] SHOW FULL COLUMNS FROM `address` [ RunTime:0.000921s ]
[2023-01-09T07:37:45+08:00][sql] SELECT * FROM `address` WHERE  `id` = 1 LIMIT 1 [ RunTime:0.000272s ]
[2023-01-09T07:37:45+08:00][sql] SELECT * FROM `address` WHERE  `id` = 2 LIMIT 1 [ RunTime:0.000252s ]
[2023-01-09T09:51:51+08:00][sql] CONNECT:[ UseTime:0.000362s ] mysql:host=localhost;port=3316;dbname=coffee;charset=utf8
[2023-01-09T09:51:51+08:00][sql] SHOW FULL COLUMNS FROM `banner` [ RunTime:0.001327s ]
[2023-01-09T09:51:51+08:00][sql] SELECT * FROM `banner` [ RunTime:0.000262s ]
[2023-01-09T09:51:51+08:00][sql] SHOW FULL COLUMNS FROM `information` [ RunTime:0.000985s ]
[2023-01-09T09:51:51+08:00][sql] SELECT * FROM `information` ORDER BY `time` DESC LIMIT 1 [ RunTime:0.000296s ]
[2023-01-09T09:51:51+08:00][sql] SELECT * FROM `information` ORDER BY `time` DESC LIMIT 1,4 [ RunTime:0.000367s ]
[2023-01-09T09:51:51+08:00][sql] SHOW FULL COLUMNS FROM `course` [ RunTime:0.001146s ]
[2023-01-09T09:51:51+08:00][sql] SELECT `id`,`title` FROM `course` ORDER BY `sorting` ASC LIMIT 0,6 [ RunTime:0.000239s ]
[2023-01-09T09:51:51+08:00][sql] SHOW FULL COLUMNS FROM `teacher` [ RunTime:0.000899s ]
[2023-01-09T09:51:51+08:00][sql] SELECT * FROM `teacher` [ RunTime:0.000271s ]
[2023-01-09T09:51:51+08:00][sql] SHOW FULL COLUMNS FROM `address` [ RunTime:0.000886s ]
[2023-01-09T09:51:51+08:00][sql] SELECT * FROM `address` WHERE  `id` = 1 LIMIT 1 [ RunTime:0.000249s ]
[2023-01-09T09:51:51+08:00][sql] SELECT * FROM `address` WHERE  `id` = 2 LIMIT 1 [ RunTime:0.000221s ]
[2023-01-09T10:27:40+08:00][sql] CONNECT:[ UseTime:0.000390s ] mysql:host=localhost;port=3316;dbname=coffee;charset=utf8
[2023-01-09T10:27:40+08:00][sql] SHOW FULL COLUMNS FROM `banner` [ RunTime:0.001262s ]
[2023-01-09T10:27:40+08:00][sql] SELECT * FROM `banner` [ RunTime:0.000263s ]
[2023-01-09T10:27:40+08:00][sql] SHOW FULL COLUMNS FROM `information` [ RunTime:0.001011s ]
[2023-01-09T10:27:40+08:00][sql] SELECT * FROM `information` ORDER BY `time` DESC LIMIT 1 [ RunTime:0.000318s ]
[2023-01-09T10:27:40+08:00][sql] SELECT * FROM `information` ORDER BY `time` DESC LIMIT 1,4 [ RunTime:0.000402s ]
[2023-01-09T10:27:40+08:00][sql] SHOW FULL COLUMNS FROM `course` [ RunTime:0.001139s ]
[2023-01-09T10:27:40+08:00][sql] SELECT `id`,`title` FROM `course` ORDER BY `sorting` ASC LIMIT 0,6 [ RunTime:0.000269s ]
[2023-01-09T10:27:40+08:00][sql] SHOW FULL COLUMNS FROM `teacher` [ RunTime:0.000921s ]
[2023-01-09T10:27:40+08:00][sql] SELECT * FROM `teacher` [ RunTime:0.000281s ]
[2023-01-09T10:27:40+08:00][sql] SHOW FULL COLUMNS FROM `address` [ RunTime:0.000949s ]
[2023-01-09T10:27:40+08:00][sql] SELECT * FROM `address` WHERE  `id` = 1 LIMIT 1 [ RunTime:0.000264s ]
[2023-01-09T10:27:40+08:00][sql] SELECT * FROM `address` WHERE  `id` = 2 LIMIT 1 [ RunTime:0.000238s ]
[2023-01-09T10:51:40+08:00][sql] CONNECT:[ UseTime:0.000395s ] mysql:host=localhost;port=3316;dbname=coffee;charset=utf8
[2023-01-09T10:51:40+08:00][sql] SHOW FULL COLUMNS FROM `banner` [ RunTime:0.001269s ]
[2023-01-09T10:51:40+08:00][sql] SELECT * FROM `banner` [ RunTime:0.000284s ]
[2023-01-09T10:51:40+08:00][sql] SHOW FULL COLUMNS FROM `information` [ RunTime:0.001022s ]
[2023-01-09T10:51:40+08:00][sql] SELECT * FROM `information` ORDER BY `time` DESC LIMIT 1 [ RunTime:0.000370s ]
[2023-01-09T10:51:40+08:00][sql] SELECT * FROM `information` ORDER BY `time` DESC LIMIT 1,4 [ RunTime:0.000431s ]
[2023-01-09T10:51:40+08:00][sql] SHOW FULL COLUMNS FROM `course` [ RunTime:0.001145s ]
[2023-01-09T10:51:40+08:00][sql] SELECT `id`,`title` FROM `course` ORDER BY `sorting` ASC LIMIT 0,6 [ RunTime:0.000280s ]
[2023-01-09T10:51:40+08:00][sql] SHOW FULL COLUMNS FROM `teacher` [ RunTime:0.000917s ]
[2023-01-09T10:51:40+08:00][sql] SELECT * FROM `teacher` [ RunTime:0.000259s ]
[2023-01-09T10:51:40+08:00][sql] SHOW FULL COLUMNS FROM `address` [ RunTime:0.000943s ]
[2023-01-09T10:51:40+08:00][sql] SELECT * FROM `address` WHERE  `id` = 1 LIMIT 1 [ RunTime:0.000295s ]
[2023-01-09T10:51:40+08:00][sql] SELECT * FROM `address` WHERE  `id` = 2 LIMIT 1 [ RunTime:0.000328s ]
[2023-01-09T10:54:40+08:00][sql] CONNECT:[ UseTime:0.000338s ] mysql:host=localhost;port=3316;dbname=coffee;charset=utf8
[2023-01-09T10:54:40+08:00][sql] SHOW FULL COLUMNS FROM `banner` [ RunTime:0.001236s ]
[2023-01-09T10:54:40+08:00][sql] SELECT * FROM `banner` [ RunTime:0.000218s ]
[2023-01-09T10:54:40+08:00][sql] SHOW FULL COLUMNS FROM `information` [ RunTime:0.000966s ]
[2023-01-09T10:54:40+08:00][sql] SELECT * FROM `information` ORDER BY `time` DESC LIMIT 1 [ RunTime:0.000290s ]
[2023-01-09T10:54:40+08:00][sql] SELECT * FROM `information` ORDER BY `time` DESC LIMIT 1,4 [ RunTime:0.000355s ]
[2023-01-09T10:54:40+08:00][sql] SHOW FULL COLUMNS FROM `course` [ RunTime:0.001083s ]
[2023-01-09T10:54:40+08:00][sql] SELECT `id`,`title` FROM `course` ORDER BY `sorting` ASC LIMIT 0,6 [ RunTime:0.000226s ]
[2023-01-09T10:54:40+08:00][sql] SHOW FULL COLUMNS FROM `teacher` [ RunTime:0.000894s ]
[2023-01-09T10:54:40+08:00][sql] SELECT * FROM `teacher` [ RunTime:0.000240s ]
[2023-01-09T10:54:40+08:00][sql] SHOW FULL COLUMNS FROM `address` [ RunTime:0.000909s ]
[2023-01-09T10:54:40+08:00][sql] SELECT * FROM `address` WHERE  `id` = 1 LIMIT 1 [ RunTime:0.000245s ]
[2023-01-09T10:54:40+08:00][sql] SELECT * FROM `address` WHERE  `id` = 2 LIMIT 1 [ RunTime:0.000210s ]
[2023-01-09T10:59:49+08:00][sql] CONNECT:[ UseTime:0.000402s ] mysql:host=localhost;port=3316;dbname=coffee;charset=utf8
[2023-01-09T10:59:49+08:00][sql] SHOW FULL COLUMNS FROM `banner` [ RunTime:0.001186s ]
[2023-01-09T10:59:49+08:00][sql] SELECT * FROM `banner` [ RunTime:0.000221s ]
[2023-01-09T10:59:49+08:00][sql] SHOW FULL COLUMNS FROM `information` [ RunTime:0.000928s ]
[2023-01-09T10:59:49+08:00][sql] SELECT * FROM `information` ORDER BY `time` DESC LIMIT 1 [ RunTime:0.000313s ]
[2023-01-09T10:59:49+08:00][sql] SELECT * FROM `information` ORDER BY `time` DESC LIMIT 1,4 [ RunTime:0.000361s ]
[2023-01-09T10:59:49+08:00][sql] SHOW FULL COLUMNS FROM `course` [ RunTime:0.001028s ]
[2023-01-09T10:59:49+08:00][sql] SELECT `id`,`title` FROM `course` ORDER BY `sorting` ASC LIMIT 0,6 [ RunTime:0.000272s ]
[2023-01-09T10:59:49+08:00][sql] SHOW FULL COLUMNS FROM `teacher` [ RunTime:0.000947s ]
[2023-01-09T10:59:49+08:00][sql] SELECT * FROM `teacher` [ RunTime:0.000277s ]
[2023-01-09T10:59:49+08:00][sql] SHOW FULL COLUMNS FROM `address` [ RunTime:0.001076s ]
[2023-01-09T10:59:49+08:00][sql] SELECT * FROM `address` WHERE  `id` = 1 LIMIT 1 [ RunTime:0.000284s ]
[2023-01-09T10:59:49+08:00][sql] SELECT * FROM `address` WHERE  `id` = 2 LIMIT 1 [ RunTime:0.000264s ]
[2023-01-09T12:15:42+08:00][sql] CONNECT:[ UseTime:0.000491s ] mysql:host=localhost;port=3316;dbname=coffee;charset=utf8
[2023-01-09T12:15:42+08:00][sql] SHOW FULL COLUMNS FROM `banner` [ RunTime:0.001776s ]
[2023-01-09T12:15:42+08:00][sql] SELECT * FROM `banner` [ RunTime:0.000285s ]
[2023-01-09T12:15:42+08:00][sql] SHOW FULL COLUMNS FROM `information` [ RunTime:0.001460s ]
[2023-01-09T12:15:42+08:00][sql] SELECT * FROM `information` ORDER BY `time` DESC LIMIT 1 [ RunTime:0.000390s ]
[2023-01-09T12:15:42+08:00][sql] SELECT * FROM `information` ORDER BY `time` DESC LIMIT 1,4 [ RunTime:0.000496s ]
[2023-01-09T12:15:42+08:00][sql] SHOW FULL COLUMNS FROM `course` [ RunTime:0.001614s ]
[2023-01-09T12:15:42+08:00][sql] SELECT `id`,`title` FROM `course` ORDER BY `sorting` ASC LIMIT 0,6 [ RunTime:0.000313s ]
[2023-01-09T12:15:42+08:00][sql] SHOW FULL COLUMNS FROM `teacher` [ RunTime:0.001014s ]
[2023-01-09T12:15:42+08:00][sql] SELECT * FROM `teacher` [ RunTime:0.000242s ]
[2023-01-09T12:15:42+08:00][sql] SHOW FULL COLUMNS FROM `address` [ RunTime:0.000941s ]
[2023-01-09T12:15:42+08:00][sql] SELECT * FROM `address` WHERE  `id` = 1 LIMIT 1 [ RunTime:0.000331s ]
[2023-01-09T12:15:42+08:00][sql] SELECT * FROM `address` WHERE  `id` = 2 LIMIT 1 [ RunTime:0.000213s ]
[2023-01-09T13:04:38+08:00][sql] CONNECT:[ UseTime:0.000445s ] mysql:host=localhost;port=3316;dbname=coffee;charset=utf8
[2023-01-09T13:04:38+08:00][sql] SHOW FULL COLUMNS FROM `banner` [ RunTime:0.001283s ]
[2023-01-09T13:04:38+08:00][sql] SELECT * FROM `banner` [ RunTime:0.000267s ]
[2023-01-09T13:04:38+08:00][sql] SHOW FULL COLUMNS FROM `information` [ RunTime:0.001116s ]
[2023-01-09T13:04:38+08:00][sql] SELECT * FROM `information` ORDER BY `time` DESC LIMIT 1 [ RunTime:0.000337s ]
[2023-01-09T13:04:38+08:00][sql] SELECT * FROM `information` ORDER BY `time` DESC LIMIT 1,4 [ RunTime:0.000393s ]
[2023-01-09T13:04:38+08:00][sql] SHOW FULL COLUMNS FROM `course` [ RunTime:0.001125s ]
[2023-01-09T13:04:38+08:00][sql] SELECT `id`,`title` FROM `course` ORDER BY `sorting` ASC LIMIT 0,6 [ RunTime:0.000284s ]
[2023-01-09T13:04:38+08:00][sql] SHOW FULL COLUMNS FROM `teacher` [ RunTime:0.001004s ]
[2023-01-09T13:04:38+08:00][sql] SELECT * FROM `teacher` [ RunTime:0.000260s ]
[2023-01-09T13:04:38+08:00][sql] SHOW FULL COLUMNS FROM `address` [ RunTime:0.000948s ]
[2023-01-09T13:04:38+08:00][sql] SELECT * FROM `address` WHERE  `id` = 1 LIMIT 1 [ RunTime:0.000341s ]
[2023-01-09T13:04:38+08:00][sql] SELECT * FROM `address` WHERE  `id` = 2 LIMIT 1 [ RunTime:0.000249s ]
[2023-01-09T13:04:50+08:00][sql] CONNECT:[ UseTime:0.000384s ] mysql:host=localhost;port=3316;dbname=coffee;charset=utf8
[2023-01-09T13:04:50+08:00][sql] SHOW FULL COLUMNS FROM `banner` [ RunTime:0.001190s ]
[2023-01-09T13:04:50+08:00][sql] SELECT * FROM `banner` [ RunTime:0.000231s ]
[2023-01-09T13:04:50+08:00][sql] SHOW FULL COLUMNS FROM `information` [ RunTime:0.000913s ]
[2023-01-09T13:04:50+08:00][sql] SELECT * FROM `information` ORDER BY `time` DESC LIMIT 1 [ RunTime:0.000279s ]
[2023-01-09T13:04:50+08:00][sql] SELECT * FROM `information` ORDER BY `time` DESC LIMIT 1,4 [ RunTime:0.000338s ]
[2023-01-09T13:04:50+08:00][sql] SHOW FULL COLUMNS FROM `course` [ RunTime:0.001093s ]
[2023-01-09T13:04:50+08:00][sql] SELECT `id`,`title` FROM `course` ORDER BY `sorting` ASC LIMIT 0,6 [ RunTime:0.000258s ]
[2023-01-09T13:04:50+08:00][sql] SHOW FULL COLUMNS FROM `teacher` [ RunTime:0.000924s ]
[2023-01-09T13:04:50+08:00][sql] SELECT * FROM `teacher` [ RunTime:0.000270s ]
[2023-01-09T13:04:50+08:00][sql] SHOW FULL COLUMNS FROM `address` [ RunTime:0.001012s ]
[2023-01-09T13:04:50+08:00][sql] SELECT * FROM `address` WHERE  `id` = 1 LIMIT 1 [ RunTime:0.000286s ]
[2023-01-09T13:04:50+08:00][sql] SELECT * FROM `address` WHERE  `id` = 2 LIMIT 1 [ RunTime:0.000242s ]
[2023-01-09T13:08:33+08:00][sql] CONNECT:[ UseTime:0.000392s ] mysql:host=localhost;port=3316;dbname=coffee;charset=utf8
[2023-01-09T13:08:33+08:00][sql] SHOW FULL COLUMNS FROM `banner` [ RunTime:0.001220s ]
[2023-01-09T13:08:33+08:00][sql] SELECT * FROM `banner` [ RunTime:0.000271s ]
[2023-01-09T13:08:33+08:00][sql] SHOW FULL COLUMNS FROM `information` [ RunTime:0.001044s ]
[2023-01-09T13:08:33+08:00][sql] SELECT * FROM `information` ORDER BY `time` DESC LIMIT 1 [ RunTime:0.000917s ]
[2023-01-09T13:08:33+08:00][sql] SELECT * FROM `information` ORDER BY `time` DESC LIMIT 1,4 [ RunTime:0.000366s ]
[2023-01-09T13:08:33+08:00][sql] SHOW FULL COLUMNS FROM `course` [ RunTime:0.001201s ]
[2023-01-09T13:08:33+08:00][sql] SELECT `id`,`title` FROM `course` ORDER BY `sorting` ASC LIMIT 0,6 [ RunTime:0.000276s ]
[2023-01-09T13:08:33+08:00][sql] SHOW FULL COLUMNS FROM `teacher` [ RunTime:0.000928s ]
[2023-01-09T13:08:33+08:00][sql] SELECT * FROM `teacher` [ RunTime:0.000279s ]
[2023-01-09T13:08:33+08:00][sql] SHOW FULL COLUMNS FROM `address` [ RunTime:0.001005s ]
[2023-01-09T13:08:33+08:00][sql] SELECT * FROM `address` WHERE  `id` = 1 LIMIT 1 [ RunTime:0.000348s ]
[2023-01-09T13:08:33+08:00][sql] SELECT * FROM `address` WHERE  `id` = 2 LIMIT 1 [ RunTime:0.000252s ]
[2023-01-09T13:08:39+08:00][sql] CONNECT:[ UseTime:0.000374s ] mysql:host=localhost;port=3316;dbname=coffee;charset=utf8
[2023-01-09T13:08:39+08:00][sql] SHOW FULL COLUMNS FROM `banner` [ RunTime:0.001183s ]
[2023-01-09T13:08:39+08:00][sql] SELECT * FROM `banner` [ RunTime:0.000226s ]
[2023-01-09T13:08:39+08:00][sql] SHOW FULL COLUMNS FROM `information` [ RunTime:0.000950s ]
[2023-01-09T13:08:39+08:00][sql] SELECT * FROM `information` ORDER BY `time` DESC LIMIT 1 [ RunTime:0.000317s ]
[2023-01-09T13:08:39+08:00][sql] SELECT * FROM `information` ORDER BY `time` DESC LIMIT 1,4 [ RunTime:0.000346s ]
[2023-01-09T13:08:39+08:00][sql] SHOW FULL COLUMNS FROM `course` [ RunTime:0.001043s ]
[2023-01-09T13:08:39+08:00][sql] SELECT `id`,`title` FROM `course` ORDER BY `sorting` ASC LIMIT 0,6 [ RunTime:0.000282s ]
[2023-01-09T13:08:39+08:00][sql] SHOW FULL COLUMNS FROM `teacher` [ RunTime:0.000880s ]
[2023-01-09T13:08:39+08:00][sql] SELECT * FROM `teacher` [ RunTime:0.000223s ]
[2023-01-09T13:08:39+08:00][sql] SHOW FULL COLUMNS FROM `address` [ RunTime:0.000889s ]
[2023-01-09T13:08:39+08:00][sql] SELECT * FROM `address` WHERE  `id` = 1 LIMIT 1 [ RunTime:0.000240s ]
[2023-01-09T13:08:39+08:00][sql] SELECT * FROM `address` WHERE  `id` = 2 LIMIT 1 [ RunTime:0.000225s ]
[2023-01-09T13:22:26+08:00][sql] CONNECT:[ UseTime:0.000427s ] mysql:host=localhost;port=3316;dbname=coffee;charset=utf8
[2023-01-09T13:22:26+08:00][sql] SHOW FULL COLUMNS FROM `banner` [ RunTime:0.001232s ]
[2023-01-09T13:22:26+08:00][sql] SELECT * FROM `banner` [ RunTime:0.000250s ]
[2023-01-09T13:22:26+08:00][sql] SHOW FULL COLUMNS FROM `information` [ RunTime:0.001014s ]
[2023-01-09T13:22:26+08:00][sql] SELECT * FROM `information` ORDER BY `time` DESC LIMIT 1 [ RunTime:0.000326s ]
[2023-01-09T13:22:26+08:00][sql] SELECT * FROM `information` ORDER BY `time` DESC LIMIT 1,4 [ RunTime:0.000394s ]
[2023-01-09T13:22:26+08:00][sql] SHOW FULL COLUMNS FROM `course` [ RunTime:0.001110s ]
[2023-01-09T13:22:26+08:00][sql] SELECT `id`,`title` FROM `course` ORDER BY `sorting` ASC LIMIT 0,6 [ RunTime:0.000261s ]
[2023-01-09T13:22:26+08:00][sql] SHOW FULL COLUMNS FROM `teacher` [ RunTime:0.000924s ]
[2023-01-09T13:22:26+08:00][sql] SELECT * FROM `teacher` [ RunTime:0.000264s ]
[2023-01-09T13:22:26+08:00][sql] SHOW FULL COLUMNS FROM `address` [ RunTime:0.000971s ]
[2023-01-09T13:22:26+08:00][sql] SELECT * FROM `address` WHERE  `id` = 1 LIMIT 1 [ RunTime:0.000280s ]
[2023-01-09T13:22:26+08:00][sql] SELECT * FROM `address` WHERE  `id` = 2 LIMIT 1 [ RunTime:0.000250s ]
[2023-01-09T13:59:36+08:00][sql] CONNECT:[ UseTime:0.000480s ] mysql:host=localhost;port=3316;dbname=coffee;charset=utf8
[2023-01-09T13:59:36+08:00][sql] SHOW FULL COLUMNS FROM `banner` [ RunTime:0.001254s ]
[2023-01-09T13:59:36+08:00][sql] SELECT * FROM `banner` [ RunTime:0.000277s ]
[2023-01-09T13:59:36+08:00][sql] SHOW FULL COLUMNS FROM `information` [ RunTime:0.001091s ]
[2023-01-09T13:59:36+08:00][sql] SELECT * FROM `information` ORDER BY `time` DESC LIMIT 1 [ RunTime:0.000350s ]
[2023-01-09T13:59:36+08:00][sql] SELECT * FROM `information` ORDER BY `time` DESC LIMIT 1,4 [ RunTime:0.000396s ]
[2023-01-09T13:59:36+08:00][sql] SHOW FULL COLUMNS FROM `course` [ RunTime:0.001141s ]
[2023-01-09T13:59:36+08:00][sql] SELECT `id`,`title` FROM `course` ORDER BY `sorting` ASC LIMIT 0,6 [ RunTime:0.000283s ]
[2023-01-09T13:59:36+08:00][sql] SHOW FULL COLUMNS FROM `teacher` [ RunTime:0.000936s ]
[2023-01-09T13:59:36+08:00][sql] SELECT * FROM `teacher` [ RunTime:0.000259s ]
[2023-01-09T13:59:36+08:00][sql] SHOW FULL COLUMNS FROM `address` [ RunTime:0.000970s ]
[2023-01-09T13:59:36+08:00][sql] SELECT * FROM `address` WHERE  `id` = 1 LIMIT 1 [ RunTime:0.000277s ]
[2023-01-09T13:59:36+08:00][sql] SELECT * FROM `address` WHERE  `id` = 2 LIMIT 1 [ RunTime:0.000253s ]
[2023-01-09T14:13:21+08:00][sql] CONNECT:[ UseTime:0.000428s ] mysql:host=localhost;port=3316;dbname=coffee;charset=utf8
[2023-01-09T14:13:21+08:00][sql] SHOW FULL COLUMNS FROM `banner` [ RunTime:0.001320s ]
[2023-01-09T14:13:21+08:00][sql] SELECT * FROM `banner` [ RunTime:0.000322s ]
[2023-01-09T14:13:21+08:00][sql] SHOW FULL COLUMNS FROM `information` [ RunTime:0.001100s ]
[2023-01-09T14:13:21+08:00][sql] SELECT * FROM `information` ORDER BY `time` DESC LIMIT 1 [ RunTime:0.000321s ]
[2023-01-09T14:13:21+08:00][sql] SELECT * FROM `information` ORDER BY `time` DESC LIMIT 1,4 [ RunTime:0.000405s ]
[2023-01-09T14:13:21+08:00][sql] SHOW FULL COLUMNS FROM `course` [ RunTime:0.001094s ]
[2023-01-09T14:13:21+08:00][sql] SELECT `id`,`title` FROM `course` ORDER BY `sorting` ASC LIMIT 0,6 [ RunTime:0.000257s ]
[2023-01-09T14:13:21+08:00][sql] SHOW FULL COLUMNS FROM `teacher` [ RunTime:0.000938s ]
[2023-01-09T14:13:21+08:00][sql] SELECT * FROM `teacher` [ RunTime:0.000292s ]
[2023-01-09T14:13:21+08:00][sql] SHOW FULL COLUMNS FROM `address` [ RunTime:0.000934s ]
[2023-01-09T14:13:21+08:00][sql] SELECT * FROM `address` WHERE  `id` = 1 LIMIT 1 [ RunTime:0.000284s ]
[2023-01-09T14:13:21+08:00][sql] SELECT * FROM `address` WHERE  `id` = 2 LIMIT 1 [ RunTime:0.000248s ]
[2023-01-09T14:14:56+08:00][sql] CONNECT:[ UseTime:0.000465s ] mysql:host=localhost;port=3316;dbname=coffee;charset=utf8
[2023-01-09T14:14:56+08:00][sql] SHOW FULL COLUMNS FROM `banner` [ RunTime:0.001198s ]
[2023-01-09T14:14:56+08:00][sql] SELECT * FROM `banner` [ RunTime:0.000252s ]
[2023-01-09T14:14:56+08:00][sql] SHOW FULL COLUMNS FROM `information` [ RunTime:0.001039s ]
[2023-01-09T14:14:56+08:00][sql] SELECT * FROM `information` ORDER BY `time` DESC LIMIT 1 [ RunTime:0.000275s ]
[2023-01-09T14:14:56+08:00][sql] SELECT * FROM `information` ORDER BY `time` DESC LIMIT 1,4 [ RunTime:0.000322s ]
[2023-01-09T14:14:56+08:00][sql] SHOW FULL COLUMNS FROM `course` [ RunTime:0.001157s ]
[2023-01-09T14:14:56+08:00][sql] SELECT `id`,`title` FROM `course` ORDER BY `sorting` ASC LIMIT 0,6 [ RunTime:0.000250s ]
[2023-01-09T14:14:56+08:00][sql] SHOW FULL COLUMNS FROM `teacher` [ RunTime:0.000948s ]
[2023-01-09T14:14:56+08:00][sql] SELECT * FROM `teacher` [ RunTime:0.000254s ]
[2023-01-09T14:14:56+08:00][sql] SHOW FULL COLUMNS FROM `address` [ RunTime:0.001065s ]
[2023-01-09T14:14:56+08:00][sql] SELECT * FROM `address` WHERE  `id` = 1 LIMIT 1 [ RunTime:0.000235s ]
[2023-01-09T14:14:56+08:00][sql] SELECT * FROM `address` WHERE  `id` = 2 LIMIT 1 [ RunTime:0.000232s ]
[2023-01-09T14:15:53+08:00][sql] CONNECT:[ UseTime:0.000415s ] mysql:host=localhost;port=3316;dbname=coffee;charset=utf8
[2023-01-09T14:15:53+08:00][sql] SHOW FULL COLUMNS FROM `banner` [ RunTime:0.001193s ]
[2023-01-09T14:15:53+08:00][sql] SELECT * FROM `banner` [ RunTime:0.000234s ]
[2023-01-09T14:15:53+08:00][sql] SHOW FULL COLUMNS FROM `information` [ RunTime:0.000923s ]
[2023-01-09T14:15:53+08:00][sql] SELECT * FROM `information` ORDER BY `time` DESC LIMIT 1 [ RunTime:0.000279s ]
[2023-01-09T14:15:53+08:00][sql] SELECT * FROM `information` ORDER BY `time` DESC LIMIT 1,4 [ RunTime:0.000370s ]
[2023-01-09T14:15:53+08:00][sql] SHOW FULL COLUMNS FROM `course` [ RunTime:0.001024s ]
[2023-01-09T14:15:53+08:00][sql] SELECT `id`,`title` FROM `course` ORDER BY `sorting` ASC LIMIT 0,6 [ RunTime:0.000232s ]
[2023-01-09T14:15:53+08:00][sql] SHOW FULL COLUMNS FROM `teacher` [ RunTime:0.000869s ]
[2023-01-09T14:15:53+08:00][sql] SELECT * FROM `teacher` [ RunTime:0.000290s ]
[2023-01-09T14:15:53+08:00][sql] SHOW FULL COLUMNS FROM `address` [ RunTime:0.000911s ]
[2023-01-09T14:15:53+08:00][sql] SELECT * FROM `address` WHERE  `id` = 1 LIMIT 1 [ RunTime:0.000319s ]
[2023-01-09T14:15:53+08:00][sql] SELECT * FROM `address` WHERE  `id` = 2 LIMIT 1 [ RunTime:0.000248s ]
[2023-01-09T14:32:30+08:00][sql] CONNECT:[ UseTime:0.003504s ] mysql:host=localhost;port=3316;dbname=coffee;charset=utf8
[2023-01-09T14:32:30+08:00][sql] SHOW FULL COLUMNS FROM `banner` [ RunTime:0.001248s ]
[2023-01-09T14:32:30+08:00][sql] SELECT * FROM `banner` [ RunTime:0.000255s ]
[2023-01-09T14:32:30+08:00][sql] SHOW FULL COLUMNS FROM `information` [ RunTime:0.001003s ]
[2023-01-09T14:32:30+08:00][sql] SELECT * FROM `information` ORDER BY `time` DESC LIMIT 1 [ RunTime:0.000314s ]
[2023-01-09T14:32:30+08:00][sql] SELECT * FROM `information` ORDER BY `time` DESC LIMIT 1,4 [ RunTime:0.000385s ]
[2023-01-09T14:32:30+08:00][sql] SHOW FULL COLUMNS FROM `course` [ RunTime:0.001073s ]
[2023-01-09T14:32:30+08:00][sql] SELECT `id`,`title` FROM `course` ORDER BY `sorting` ASC LIMIT 0,6 [ RunTime:0.000268s ]
[2023-01-09T14:32:30+08:00][sql] SHOW FULL COLUMNS FROM `teacher` [ RunTime:0.000930s ]
[2023-01-09T14:32:30+08:00][sql] SELECT * FROM `teacher` [ RunTime:0.000263s ]
[2023-01-09T14:32:30+08:00][sql] SHOW FULL COLUMNS FROM `address` [ RunTime:0.000915s ]
[2023-01-09T14:32:30+08:00][sql] SELECT * FROM `address` WHERE  `id` = 1 LIMIT 1 [ RunTime:0.000273s ]
[2023-01-09T14:32:30+08:00][sql] SELECT * FROM `address` WHERE  `id` = 2 LIMIT 1 [ RunTime:0.000256s ]
[2023-01-09T15:04:04+08:00][sql] CONNECT:[ UseTime:0.000400s ] mysql:host=localhost;port=3316;dbname=coffee;charset=utf8
[2023-01-09T15:04:04+08:00][sql] SHOW FULL COLUMNS FROM `banner` [ RunTime:0.001384s ]
[2023-01-09T15:04:04+08:00][sql] SELECT * FROM `banner` [ RunTime:0.000247s ]
[2023-01-09T15:04:04+08:00][sql] SHOW FULL COLUMNS FROM `information` [ RunTime:0.000965s ]
[2023-01-09T15:04:04+08:00][sql] SELECT * FROM `information` ORDER BY `time` DESC LIMIT 1 [ RunTime:0.000329s ]
[2023-01-09T15:04:04+08:00][sql] SELECT * FROM `information` ORDER BY `time` DESC LIMIT 1,4 [ RunTime:0.000322s ]
[2023-01-09T15:04:04+08:00][sql] SHOW FULL COLUMNS FROM `course` [ RunTime:0.001160s ]
[2023-01-09T15:04:04+08:00][sql] SELECT `id`,`title` FROM `course` ORDER BY `sorting` ASC LIMIT 0,6 [ RunTime:0.000294s ]
[2023-01-09T15:04:04+08:00][sql] SHOW FULL COLUMNS FROM `teacher` [ RunTime:0.001302s ]
[2023-01-09T15:04:04+08:00][sql] SELECT * FROM `teacher` [ RunTime:0.000228s ]
[2023-01-09T15:04:04+08:00][sql] SHOW FULL COLUMNS FROM `address` [ RunTime:0.001024s ]
[2023-01-09T15:04:04+08:00][sql] SELECT * FROM `address` WHERE  `id` = 1 LIMIT 1 [ RunTime:0.000237s ]
[2023-01-09T15:04:04+08:00][sql] SELECT * FROM `address` WHERE  `id` = 2 LIMIT 1 [ RunTime:0.000260s ]
[2023-01-09T15:48:39+08:00][sql] CONNECT:[ UseTime:0.000416s ] mysql:host=localhost;port=3316;dbname=coffee;charset=utf8
[2023-01-09T15:48:39+08:00][sql] SHOW FULL COLUMNS FROM `banner` [ RunTime:0.001329s ]
[2023-01-09T15:48:39+08:00][sql] SELECT * FROM `banner` [ RunTime:0.000268s ]
[2023-01-09T15:48:39+08:00][sql] SHOW FULL COLUMNS FROM `information` [ RunTime:0.001004s ]
[2023-01-09T15:48:39+08:00][sql] SELECT * FROM `information` ORDER BY `time` DESC LIMIT 1 [ RunTime:0.000487s ]
[2023-01-09T15:48:39+08:00][sql] SELECT * FROM `information` ORDER BY `time` DESC LIMIT 1,4 [ RunTime:0.000396s ]
[2023-01-09T15:48:39+08:00][sql] SHOW FULL COLUMNS FROM `course` [ RunTime:0.001369s ]
[2023-01-09T15:48:39+08:00][sql] SELECT `id`,`title` FROM `course` ORDER BY `sorting` ASC LIMIT 0,6 [ RunTime:0.000261s ]
[2023-01-09T15:48:39+08:00][sql] SHOW FULL COLUMNS FROM `teacher` [ RunTime:0.001000s ]
[2023-01-09T15:48:39+08:00][sql] SELECT * FROM `teacher` [ RunTime:0.000262s ]
[2023-01-09T15:48:39+08:00][sql] SHOW FULL COLUMNS FROM `address` [ RunTime:0.000956s ]
[2023-01-09T15:48:39+08:00][sql] SELECT * FROM `address` WHERE  `id` = 1 LIMIT 1 [ RunTime:0.000289s ]
[2023-01-09T15:48:39+08:00][sql] SELECT * FROM `address` WHERE  `id` = 2 LIMIT 1 [ RunTime:0.000265s ]
[2023-01-09T15:48:48+08:00][sql] CONNECT:[ UseTime:0.000413s ] mysql:host=localhost;port=3316;dbname=coffee;charset=utf8
[2023-01-09T15:48:48+08:00][sql] SHOW FULL COLUMNS FROM `banner` [ RunTime:0.001698s ]
[2023-01-09T15:48:48+08:00][sql] SELECT * FROM `banner` [ RunTime:0.000248s ]
[2023-01-09T15:48:48+08:00][sql] SHOW FULL COLUMNS FROM `information` [ RunTime:0.001232s ]
[2023-01-09T15:48:48+08:00][sql] SELECT * FROM `information` ORDER BY `time` DESC LIMIT 1 [ RunTime:0.000293s ]
[2023-01-09T15:48:48+08:00][sql] SELECT * FROM `information` ORDER BY `time` DESC LIMIT 1,4 [ RunTime:0.000377s ]
[2023-01-09T15:48:48+08:00][sql] SHOW FULL COLUMNS FROM `course` [ RunTime:0.001141s ]
[2023-01-09T15:48:48+08:00][sql] SELECT `id`,`title` FROM `course` ORDER BY `sorting` ASC LIMIT 0,6 [ RunTime:0.000299s ]
[2023-01-09T15:48:48+08:00][sql] SHOW FULL COLUMNS FROM `teacher` [ RunTime:0.001347s ]
[2023-01-09T15:48:48+08:00][sql] SELECT * FROM `teacher` [ RunTime:0.000235s ]
[2023-01-09T15:48:48+08:00][sql] SHOW FULL COLUMNS FROM `address` [ RunTime:0.000934s ]
[2023-01-09T15:48:48+08:00][sql] SELECT * FROM `address` WHERE  `id` = 1 LIMIT 1 [ RunTime:0.000299s ]
[2023-01-09T15:48:48+08:00][sql] SELECT * FROM `address` WHERE  `id` = 2 LIMIT 1 [ RunTime:0.000233s ]
[2023-01-09T16:01:13+08:00][sql] CONNECT:[ UseTime:0.000389s ] mysql:host=localhost;port=3316;dbname=coffee;charset=utf8
[2023-01-09T16:01:13+08:00][sql] SHOW FULL COLUMNS FROM `banner` [ RunTime:0.001275s ]
[2023-01-09T16:01:13+08:00][sql] SELECT * FROM `banner` [ RunTime:0.000228s ]
[2023-01-09T16:01:13+08:00][sql] SHOW FULL COLUMNS FROM `information` [ RunTime:0.001008s ]
[2023-01-09T16:01:13+08:00][sql] SELECT * FROM `information` ORDER BY `time` DESC LIMIT 1 [ RunTime:0.000289s ]
[2023-01-09T16:01:13+08:00][sql] SELECT * FROM `information` ORDER BY `time` DESC LIMIT 1,4 [ RunTime:0.000361s ]
[2023-01-09T16:01:13+08:00][sql] SHOW FULL COLUMNS FROM `course` [ RunTime:0.001826s ]
[2023-01-09T16:01:13+08:00][sql] SELECT `id`,`title` FROM `course` ORDER BY `sorting` ASC LIMIT 0,6 [ RunTime:0.000270s ]
[2023-01-09T16:01:13+08:00][sql] SHOW FULL COLUMNS FROM `teacher` [ RunTime:0.000897s ]
[2023-01-09T16:01:13+08:00][sql] SELECT * FROM `teacher` [ RunTime:0.000236s ]
[2023-01-09T16:01:13+08:00][sql] SHOW FULL COLUMNS FROM `address` [ RunTime:0.001616s ]
[2023-01-09T16:01:13+08:00][sql] SELECT * FROM `address` WHERE  `id` = 1 LIMIT 1 [ RunTime:0.000259s ]
[2023-01-09T16:01:13+08:00][sql] SELECT * FROM `address` WHERE  `id` = 2 LIMIT 1 [ RunTime:0.000238s ]
[2023-01-09T16:47:30+08:00][sql] CONNECT:[ UseTime:0.000371s ] mysql:host=localhost;port=3316;dbname=coffee;charset=utf8
[2023-01-09T16:47:30+08:00][sql] SHOW FULL COLUMNS FROM `banner` [ RunTime:0.001264s ]
[2023-01-09T16:47:30+08:00][sql] SELECT * FROM `banner` [ RunTime:0.000259s ]
[2023-01-09T16:47:30+08:00][sql] SHOW FULL COLUMNS FROM `information` [ RunTime:0.000968s ]
[2023-01-09T16:47:30+08:00][sql] SELECT * FROM `information` ORDER BY `time` DESC LIMIT 1 [ RunTime:0.000328s ]
[2023-01-09T16:47:30+08:00][sql] SELECT * FROM `information` ORDER BY `time` DESC LIMIT 1,4 [ RunTime:0.000384s ]
[2023-01-09T16:47:30+08:00][sql] SHOW FULL COLUMNS FROM `course` [ RunTime:0.001097s ]
[2023-01-09T16:47:30+08:00][sql] SELECT `id`,`title` FROM `course` ORDER BY `sorting` ASC LIMIT 0,6 [ RunTime:0.000271s ]
[2023-01-09T16:47:30+08:00][sql] SHOW FULL COLUMNS FROM `teacher` [ RunTime:0.000948s ]
[2023-01-09T16:47:30+08:00][sql] SELECT * FROM `teacher` [ RunTime:0.000320s ]
[2023-01-09T16:47:30+08:00][sql] SHOW FULL COLUMNS FROM `address` [ RunTime:0.000928s ]
[2023-01-09T16:47:30+08:00][sql] SELECT * FROM `address` WHERE  `id` = 1 LIMIT 1 [ RunTime:0.000301s ]
[2023-01-09T16:47:30+08:00][sql] SELECT * FROM `address` WHERE  `id` = 2 LIMIT 1 [ RunTime:0.000265s ]
[2023-01-09T16:59:47+08:00][sql] CONNECT:[ UseTime:0.001307s ] mysql:host=localhost;port=3316;dbname=coffee;charset=utf8
[2023-01-09T16:59:47+08:00][sql] SHOW FULL COLUMNS FROM `banner` [ RunTime:0.001233s ]
[2023-01-09T16:59:47+08:00][sql] SELECT * FROM `banner` [ RunTime:0.000267s ]
[2023-01-09T16:59:47+08:00][sql] SHOW FULL COLUMNS FROM `information` [ RunTime:0.001032s ]
[2023-01-09T16:59:47+08:00][sql] SELECT * FROM `information` ORDER BY `time` DESC LIMIT 1 [ RunTime:0.000331s ]
[2023-01-09T16:59:47+08:00][sql] SELECT * FROM `information` ORDER BY `time` DESC LIMIT 1,4 [ RunTime:0.000396s ]
[2023-01-09T16:59:47+08:00][sql] SHOW FULL COLUMNS FROM `course` [ RunTime:0.001082s ]
[2023-01-09T16:59:47+08:00][sql] SELECT `id`,`title` FROM `course` ORDER BY `sorting` ASC LIMIT 0,6 [ RunTime:0.000270s ]
[2023-01-09T16:59:47+08:00][sql] SHOW FULL COLUMNS FROM `teacher` [ RunTime:0.000928s ]
[2023-01-09T16:59:47+08:00][sql] SELECT * FROM `teacher` [ RunTime:0.000275s ]
[2023-01-09T16:59:47+08:00][sql] SHOW FULL COLUMNS FROM `address` [ RunTime:0.000941s ]
[2023-01-09T16:59:47+08:00][sql] SELECT * FROM `address` WHERE  `id` = 1 LIMIT 1 [ RunTime:0.000278s ]
[2023-01-09T16:59:47+08:00][sql] SELECT * FROM `address` WHERE  `id` = 2 LIMIT 1 [ RunTime:0.000241s ]
[2023-01-09T17:15:28+08:00][sql] CONNECT:[ UseTime:0.000356s ] mysql:host=localhost;port=3316;dbname=coffee;charset=utf8
[2023-01-09T17:15:28+08:00][sql] SHOW FULL COLUMNS FROM `banner` [ RunTime:0.001375s ]
[2023-01-09T17:15:28+08:00][sql] SELECT * FROM `banner` [ RunTime:0.000264s ]
[2023-01-09T17:15:28+08:00][sql] SHOW FULL COLUMNS FROM `information` [ RunTime:0.000946s ]
[2023-01-09T17:15:28+08:00][sql] SELECT * FROM `information` ORDER BY `time` DESC LIMIT 1 [ RunTime:0.000305s ]
[2023-01-09T17:15:28+08:00][sql] SELECT * FROM `information` ORDER BY `time` DESC LIMIT 1,4 [ RunTime:0.000328s ]
[2023-01-09T17:15:28+08:00][sql] SHOW FULL COLUMNS FROM `course` [ RunTime:0.001024s ]
[2023-01-09T17:15:28+08:00][sql] SELECT `id`,`title` FROM `course` ORDER BY `sorting` ASC LIMIT 0,6 [ RunTime:0.000233s ]
[2023-01-09T17:15:28+08:00][sql] SHOW FULL COLUMNS FROM `teacher` [ RunTime:0.000865s ]
[2023-01-09T17:15:28+08:00][sql] SELECT * FROM `teacher` [ RunTime:0.000227s ]
[2023-01-09T17:15:28+08:00][sql] SHOW FULL COLUMNS FROM `address` [ RunTime:0.000864s ]
[2023-01-09T17:15:28+08:00][sql] SELECT * FROM `address` WHERE  `id` = 1 LIMIT 1 [ RunTime:0.000254s ]
[2023-01-09T17:15:28+08:00][sql] SELECT * FROM `address` WHERE  `id` = 2 LIMIT 1 [ RunTime:0.000218s ]
[2023-01-09T17:16:17+08:00][sql] CONNECT:[ UseTime:0.001507s ] mysql:host=localhost;port=3316;dbname=coffee;charset=utf8
[2023-01-09T17:16:17+08:00][sql] SHOW FULL COLUMNS FROM `banner` [ RunTime:0.001698s ]
[2023-01-09T17:16:17+08:00][sql] SELECT * FROM `banner` [ RunTime:0.000312s ]
[2023-01-09T17:16:17+08:00][sql] SHOW FULL COLUMNS FROM `information` [ RunTime:0.001442s ]
[2023-01-09T17:16:17+08:00][sql] SELECT * FROM `information` ORDER BY `time` DESC LIMIT 1 [ RunTime:0.000391s ]
[2023-01-09T17:16:17+08:00][sql] SELECT * FROM `information` ORDER BY `time` DESC LIMIT 1,4 [ RunTime:0.000615s ]
[2023-01-09T17:16:17+08:00][sql] SHOW FULL COLUMNS FROM `course` [ RunTime:0.001678s ]
[2023-01-09T17:16:17+08:00][sql] SELECT `id`,`title` FROM `course` ORDER BY `sorting` ASC LIMIT 0,6 [ RunTime:0.000302s ]
[2023-01-09T17:16:17+08:00][sql] SHOW FULL COLUMNS FROM `teacher` [ RunTime:0.001302s ]
[2023-01-09T17:16:17+08:00][sql] SELECT * FROM `teacher` [ RunTime:0.000276s ]
[2023-01-09T17:16:17+08:00][sql] SHOW FULL COLUMNS FROM `address` [ RunTime:0.001336s ]
[2023-01-09T17:16:17+08:00][sql] SELECT * FROM `address` WHERE  `id` = 1 LIMIT 1 [ RunTime:0.000326s ]
[2023-01-09T17:16:17+08:00][sql] SELECT * FROM `address` WHERE  `id` = 2 LIMIT 1 [ RunTime:0.000280s ]
[2023-01-09T17:52:13+08:00][sql] CONNECT:[ UseTime:0.000450s ] mysql:host=localhost;port=3316;dbname=coffee;charset=utf8
[2023-01-09T17:52:13+08:00][sql] SHOW FULL COLUMNS FROM `banner` [ RunTime:0.001830s ]
[2023-01-09T17:52:13+08:00][sql] SELECT * FROM `banner` [ RunTime:0.000286s ]
[2023-01-09T17:52:13+08:00][sql] SHOW FULL COLUMNS FROM `information` [ RunTime:0.001461s ]
[2023-01-09T17:52:13+08:00][sql] SELECT * FROM `information` ORDER BY `time` DESC LIMIT 1 [ RunTime:0.000371s ]
[2023-01-09T17:52:13+08:00][sql] SELECT * FROM `information` ORDER BY `time` DESC LIMIT 1,4 [ RunTime:0.000530s ]
[2023-01-09T17:52:13+08:00][sql] SHOW FULL COLUMNS FROM `course` [ RunTime:0.001625s ]
[2023-01-09T17:52:13+08:00][sql] SELECT `id`,`title` FROM `course` ORDER BY `sorting` ASC LIMIT 0,6 [ RunTime:0.000318s ]
[2023-01-09T17:52:13+08:00][sql] SHOW FULL COLUMNS FROM `teacher` [ RunTime:0.001351s ]
[2023-01-09T17:52:13+08:00][sql] SELECT * FROM `teacher` [ RunTime:0.000341s ]
[2023-01-09T17:52:13+08:00][sql] SHOW FULL COLUMNS FROM `address` [ RunTime:0.001009s ]
[2023-01-09T17:52:13+08:00][sql] SELECT * FROM `address` WHERE  `id` = 1 LIMIT 1 [ RunTime:0.000298s ]
[2023-01-09T17:52:13+08:00][sql] SELECT * FROM `address` WHERE  `id` = 2 LIMIT 1 [ RunTime:0.000270s ]
[2023-01-09T18:15:45+08:00][sql] CONNECT:[ UseTime:0.000426s ] mysql:host=localhost;port=3316;dbname=coffee;charset=utf8
[2023-01-09T18:15:45+08:00][sql] SHOW FULL COLUMNS FROM `banner` [ RunTime:0.001290s ]
[2023-01-09T18:15:45+08:00][sql] SELECT * FROM `banner` [ RunTime:0.000268s ]
[2023-01-09T18:15:45+08:00][sql] SHOW FULL COLUMNS FROM `information` [ RunTime:0.001007s ]
[2023-01-09T18:15:45+08:00][sql] SELECT * FROM `information` ORDER BY `time` DESC LIMIT 1 [ RunTime:0.000330s ]
[2023-01-09T18:15:45+08:00][sql] SELECT * FROM `information` ORDER BY `time` DESC LIMIT 1,4 [ RunTime:0.000382s ]
[2023-01-09T18:15:45+08:00][sql] SHOW FULL COLUMNS FROM `course` [ RunTime:0.001114s ]
[2023-01-09T18:15:45+08:00][sql] SELECT `id`,`title` FROM `course` ORDER BY `sorting` ASC LIMIT 0,6 [ RunTime:0.000276s ]
[2023-01-09T18:15:45+08:00][sql] SHOW FULL COLUMNS FROM `teacher` [ RunTime:0.000920s ]
[2023-01-09T18:15:45+08:00][sql] SELECT * FROM `teacher` [ RunTime:0.000273s ]
[2023-01-09T18:15:45+08:00][sql] SHOW FULL COLUMNS FROM `address` [ RunTime:0.000943s ]
[2023-01-09T18:15:45+08:00][sql] SELECT * FROM `address` WHERE  `id` = 1 LIMIT 1 [ RunTime:0.000299s ]
[2023-01-09T18:15:45+08:00][sql] SELECT * FROM `address` WHERE  `id` = 2 LIMIT 1 [ RunTime:0.000253s ]
[2023-01-09T18:20:35+08:00][sql] CONNECT:[ UseTime:0.000441s ] mysql:host=localhost;port=3316;dbname=coffee;charset=utf8
[2023-01-09T18:20:35+08:00][sql] SHOW FULL COLUMNS FROM `banner` [ RunTime:0.001332s ]
[2023-01-09T18:20:35+08:00][sql] SELECT * FROM `banner` [ RunTime:0.000292s ]
[2023-01-09T18:20:35+08:00][sql] SHOW FULL COLUMNS FROM `information` [ RunTime:0.001319s ]
[2023-01-09T18:20:35+08:00][sql] SELECT * FROM `information` ORDER BY `time` DESC LIMIT 1 [ RunTime:0.000381s ]
[2023-01-09T18:20:35+08:00][sql] SELECT * FROM `information` ORDER BY `time` DESC LIMIT 1,4 [ RunTime:0.000414s ]
[2023-01-09T18:20:35+08:00][sql] SHOW FULL COLUMNS FROM `course` [ RunTime:0.001487s ]
[2023-01-09T18:20:35+08:00][sql] SELECT `id`,`title` FROM `course` ORDER BY `sorting` ASC LIMIT 0,6 [ RunTime:0.000315s ]
[2023-01-09T18:20:35+08:00][sql] SHOW FULL COLUMNS FROM `teacher` [ RunTime:0.001111s ]
[2023-01-09T18:20:35+08:00][sql] SELECT * FROM `teacher` [ RunTime:0.000278s ]
[2023-01-09T18:20:35+08:00][sql] SHOW FULL COLUMNS FROM `address` [ RunTime:0.000978s ]
[2023-01-09T18:20:35+08:00][sql] SELECT * FROM `address` WHERE  `id` = 1 LIMIT 1 [ RunTime:0.000294s ]
[2023-01-09T18:20:35+08:00][sql] SELECT * FROM `address` WHERE  `id` = 2 LIMIT 1 [ RunTime:0.000265s ]
[2023-01-09T18:46:52+08:00][sql] CONNECT:[ UseTime:0.000361s ] mysql:host=localhost;port=3316;dbname=coffee;charset=utf8
[2023-01-09T18:46:52+08:00][sql] SHOW FULL COLUMNS FROM `banner` [ RunTime:0.001210s ]
[2023-01-09T18:46:52+08:00][sql] SELECT * FROM `banner` [ RunTime:0.000239s ]
[2023-01-09T18:46:52+08:00][sql] SHOW FULL COLUMNS FROM `information` [ RunTime:0.000997s ]
[2023-01-09T18:46:52+08:00][sql] SELECT * FROM `information` ORDER BY `time` DESC LIMIT 1 [ RunTime:0.000333s ]
[2023-01-09T18:46:52+08:00][sql] SELECT * FROM `information` ORDER BY `time` DESC LIMIT 1,4 [ RunTime:0.000316s ]
[2023-01-09T18:46:52+08:00][sql] SHOW FULL COLUMNS FROM `course` [ RunTime:0.001130s ]
[2023-01-09T18:46:52+08:00][sql] SELECT `id`,`title` FROM `course` ORDER BY `sorting` ASC LIMIT 0,6 [ RunTime:0.000261s ]
[2023-01-09T18:46:52+08:00][sql] SHOW FULL COLUMNS FROM `teacher` [ RunTime:0.001295s ]
[2023-01-09T18:46:52+08:00][sql] SELECT * FROM `teacher` [ RunTime:0.000233s ]
[2023-01-09T18:46:52+08:00][sql] SHOW FULL COLUMNS FROM `address` [ RunTime:0.000873s ]
[2023-01-09T18:46:52+08:00][sql] SELECT * FROM `address` WHERE  `id` = 1 LIMIT 1 [ RunTime:0.000242s ]
[2023-01-09T18:46:52+08:00][sql] SELECT * FROM `address` WHERE  `id` = 2 LIMIT 1 [ RunTime:0.000208s ]
[2023-01-09T21:13:20+08:00][sql] CONNECT:[ UseTime:0.000375s ] mysql:host=localhost;port=3316;dbname=coffee;charset=utf8
[2023-01-09T21:13:20+08:00][sql] SHOW FULL COLUMNS FROM `banner` [ RunTime:0.001248s ]
[2023-01-09T21:13:20+08:00][sql] SELECT * FROM `banner` [ RunTime:0.000228s ]
[2023-01-09T21:13:20+08:00][sql] SHOW FULL COLUMNS FROM `information` [ RunTime:0.001046s ]
[2023-01-09T21:13:20+08:00][sql] SELECT * FROM `information` ORDER BY `time` DESC LIMIT 1 [ RunTime:0.000292s ]
[2023-01-09T21:13:20+08:00][sql] SELECT * FROM `information` ORDER BY `time` DESC LIMIT 1,4 [ RunTime:0.000366s ]
[2023-01-09T21:13:20+08:00][sql] SHOW FULL COLUMNS FROM `course` [ RunTime:0.001118s ]
[2023-01-09T21:13:20+08:00][sql] SELECT `id`,`title` FROM `course` ORDER BY `sorting` ASC LIMIT 0,6 [ RunTime:0.000230s ]
[2023-01-09T21:13:20+08:00][sql] SHOW FULL COLUMNS FROM `teacher` [ RunTime:0.000905s ]
[2023-01-09T21:13:20+08:00][sql] SELECT * FROM `teacher` [ RunTime:0.000235s ]
[2023-01-09T21:13:20+08:00][sql] SHOW FULL COLUMNS FROM `address` [ RunTime:0.000932s ]
[2023-01-09T21:13:20+08:00][sql] SELECT * FROM `address` WHERE  `id` = 1 LIMIT 1 [ RunTime:0.000258s ]
[2023-01-09T21:13:20+08:00][sql] SELECT * FROM `address` WHERE  `id` = 2 LIMIT 1 [ RunTime:0.000227s ]
[2023-01-09T21:31:32+08:00][sql] CONNECT:[ UseTime:0.000423s ] mysql:host=localhost;port=3316;dbname=coffee;charset=utf8
[2023-01-09T21:31:32+08:00][sql] SHOW FULL COLUMNS FROM `banner` [ RunTime:0.001243s ]
[2023-01-09T21:31:32+08:00][sql] SELECT * FROM `banner` [ RunTime:0.000258s ]
[2023-01-09T21:31:32+08:00][sql] SHOW FULL COLUMNS FROM `information` [ RunTime:0.000985s ]
[2023-01-09T21:31:32+08:00][sql] SELECT * FROM `information` ORDER BY `time` DESC LIMIT 1 [ RunTime:0.000322s ]
[2023-01-09T21:31:32+08:00][sql] SELECT * FROM `information` ORDER BY `time` DESC LIMIT 1,4 [ RunTime:0.000340s ]
[2023-01-09T21:31:32+08:00][sql] SHOW FULL COLUMNS FROM `course` [ RunTime:0.001119s ]
[2023-01-09T21:31:32+08:00][sql] SELECT `id`,`title` FROM `course` ORDER BY `sorting` ASC LIMIT 0,6 [ RunTime:0.000268s ]
[2023-01-09T21:31:32+08:00][sql] SHOW FULL COLUMNS FROM `teacher` [ RunTime:0.000890s ]
[2023-01-09T21:31:32+08:00][sql] SELECT * FROM `teacher` [ RunTime:0.000248s ]
[2023-01-09T21:31:32+08:00][sql] SHOW FULL COLUMNS FROM `address` [ RunTime:0.001188s ]
[2023-01-09T21:31:32+08:00][sql] SELECT * FROM `address` WHERE  `id` = 1 LIMIT 1 [ RunTime:0.000350s ]
[2023-01-09T21:31:32+08:00][sql] SELECT * FROM `address` WHERE  `id` = 2 LIMIT 1 [ RunTime:0.000294s ]
[2023-01-09T22:02:47+08:00][sql] CONNECT:[ UseTime:0.000409s ] mysql:host=localhost;port=3316;dbname=coffee;charset=utf8
[2023-01-09T22:02:47+08:00][sql] SHOW FULL COLUMNS FROM `banner` [ RunTime:0.001546s ]
[2023-01-09T22:02:47+08:00][sql] SELECT * FROM `banner` [ RunTime:0.000255s ]
[2023-01-09T22:02:47+08:00][sql] SHOW FULL COLUMNS FROM `information` [ RunTime:0.000970s ]
[2023-01-09T22:02:47+08:00][sql] SELECT * FROM `information` ORDER BY `time` DESC LIMIT 1 [ RunTime:0.000286s ]
[2023-01-09T22:02:47+08:00][sql] SELECT * FROM `information` ORDER BY `time` DESC LIMIT 1,4 [ RunTime:0.000388s ]
[2023-01-09T22:02:47+08:00][sql] SHOW FULL COLUMNS FROM `course` [ RunTime:0.001470s ]
[2023-01-09T22:02:47+08:00][sql] SELECT `id`,`title` FROM `course` ORDER BY `sorting` ASC LIMIT 0,6 [ RunTime:0.000267s ]
[2023-01-09T22:02:47+08:00][sql] SHOW FULL COLUMNS FROM `teacher` [ RunTime:0.001199s ]
[2023-01-09T22:02:47+08:00][sql] SELECT * FROM `teacher` [ RunTime:0.000255s ]
[2023-01-09T22:02:47+08:00][sql] SHOW FULL COLUMNS FROM `address` [ RunTime:0.000911s ]
[2023-01-09T22:02:47+08:00][sql] SELECT * FROM `address` WHERE  `id` = 1 LIMIT 1 [ RunTime:0.000242s ]
[2023-01-09T22:02:47+08:00][sql] SELECT * FROM `address` WHERE  `id` = 2 LIMIT 1 [ RunTime:0.000238s ]
[2023-01-09T22:03:43+08:00][sql] CONNECT:[ UseTime:0.000389s ] mysql:host=localhost;port=3316;dbname=coffee;charset=utf8
[2023-01-09T22:03:43+08:00][sql] SHOW FULL COLUMNS FROM `banner` [ RunTime:0.001301s ]
[2023-01-09T22:03:43+08:00][sql] SELECT * FROM `banner` [ RunTime:0.000421s ]
[2023-01-09T22:03:43+08:00][sql] SHOW FULL COLUMNS FROM `information` [ RunTime:0.001061s ]
[2023-01-09T22:03:43+08:00][sql] SELECT * FROM `information` ORDER BY `time` DESC LIMIT 1 [ RunTime:0.000373s ]
[2023-01-09T22:03:43+08:00][sql] SELECT * FROM `information` ORDER BY `time` DESC LIMIT 1,4 [ RunTime:0.000432s ]
[2023-01-09T22:03:43+08:00][sql] SHOW FULL COLUMNS FROM `course` [ RunTime:0.001082s ]
[2023-01-09T22:03:43+08:00][sql] SELECT `id`,`title` FROM `course` ORDER BY `sorting` ASC LIMIT 0,6 [ RunTime:0.000272s ]
[2023-01-09T22:03:43+08:00][sql] SHOW FULL COLUMNS FROM `teacher` [ RunTime:0.000995s ]
[2023-01-09T22:03:43+08:00][sql] SELECT * FROM `teacher` [ RunTime:0.000264s ]
[2023-01-09T22:03:43+08:00][sql] SHOW FULL COLUMNS FROM `address` [ RunTime:0.000930s ]
[2023-01-09T22:03:43+08:00][sql] SELECT * FROM `address` WHERE  `id` = 1 LIMIT 1 [ RunTime:0.000279s ]
[2023-01-09T22:03:43+08:00][sql] SELECT * FROM `address` WHERE  `id` = 2 LIMIT 1 [ RunTime:0.000259s ]
[2023-01-09T22:33:55+08:00][sql] CONNECT:[ UseTime:0.000353s ] mysql:host=localhost;port=3316;dbname=coffee;charset=utf8
[2023-01-09T22:33:55+08:00][sql] SHOW FULL COLUMNS FROM `banner` [ RunTime:0.001277s ]
[2023-01-09T22:33:55+08:00][sql] SELECT * FROM `banner` [ RunTime:0.000220s ]
[2023-01-09T22:33:55+08:00][sql] SHOW FULL COLUMNS FROM `information` [ RunTime:0.001038s ]
[2023-01-09T22:33:55+08:00][sql] SELECT * FROM `information` ORDER BY `time` DESC LIMIT 1 [ RunTime:0.000281s ]
[2023-01-09T22:33:55+08:00][sql] SELECT * FROM `information` ORDER BY `time` DESC LIMIT 1,4 [ RunTime:0.000313s ]
[2023-01-09T22:33:55+08:00][sql] SHOW FULL COLUMNS FROM `course` [ RunTime:0.001014s ]
[2023-01-09T22:33:55+08:00][sql] SELECT `id`,`title` FROM `course` ORDER BY `sorting` ASC LIMIT 0,6 [ RunTime:0.000214s ]
[2023-01-09T22:33:55+08:00][sql] SHOW FULL COLUMNS FROM `teacher` [ RunTime:0.000875s ]
[2023-01-09T22:33:55+08:00][sql] SELECT * FROM `teacher` [ RunTime:0.000411s ]
[2023-01-09T22:33:55+08:00][sql] SHOW FULL COLUMNS FROM `address` [ RunTime:0.000893s ]
[2023-01-09T22:33:55+08:00][sql] SELECT * FROM `address` WHERE  `id` = 1 LIMIT 1 [ RunTime:0.000231s ]
[2023-01-09T22:33:55+08:00][sql] SELECT * FROM `address` WHERE  `id` = 2 LIMIT 1 [ RunTime:0.000227s ]
[2023-01-09T22:35:49+08:00][sql] CONNECT:[ UseTime:0.000399s ] mysql:host=localhost;port=3316;dbname=coffee;charset=utf8
[2023-01-09T22:35:49+08:00][sql] SHOW FULL COLUMNS FROM `banner` [ RunTime:0.001217s ]
[2023-01-09T22:35:49+08:00][sql] SELECT * FROM `banner` [ RunTime:0.000224s ]
[2023-01-09T22:35:49+08:00][sql] SHOW FULL COLUMNS FROM `information` [ RunTime:0.001064s ]
[2023-01-09T22:35:49+08:00][sql] SELECT * FROM `information` ORDER BY `time` DESC LIMIT 1 [ RunTime:0.000335s ]
[2023-01-09T22:35:49+08:00][sql] SELECT * FROM `information` ORDER BY `time` DESC LIMIT 1,4 [ RunTime:0.000380s ]
[2023-01-09T22:35:49+08:00][sql] SHOW FULL COLUMNS FROM `course` [ RunTime:0.001091s ]
[2023-01-09T22:35:49+08:00][sql] SELECT `id`,`title` FROM `course` ORDER BY `sorting` ASC LIMIT 0,6 [ RunTime:0.000228s ]
[2023-01-09T22:35:49+08:00][sql] SHOW FULL COLUMNS FROM `teacher` [ RunTime:0.000913s ]
[2023-01-09T22:35:49+08:00][sql] SELECT * FROM `teacher` [ RunTime:0.000260s ]
[2023-01-09T22:35:49+08:00][sql] SHOW FULL COLUMNS FROM `address` [ RunTime:0.001003s ]
[2023-01-09T22:35:49+08:00][sql] SELECT * FROM `address` WHERE  `id` = 1 LIMIT 1 [ RunTime:0.000288s ]
[2023-01-09T22:35:49+08:00][sql] SELECT * FROM `address` WHERE  `id` = 2 LIMIT 1 [ RunTime:0.000261s ]
[2023-01-09T23:22:18+08:00][sql] CONNECT:[ UseTime:0.000469s ] mysql:host=localhost;port=3316;dbname=coffee;charset=utf8
[2023-01-09T23:22:18+08:00][sql] SHOW FULL COLUMNS FROM `banner` [ RunTime:0.001220s ]
[2023-01-09T23:22:18+08:00][sql] SELECT * FROM `banner` [ RunTime:0.000263s ]
[2023-01-09T23:22:18+08:00][sql] SHOW FULL COLUMNS FROM `information` [ RunTime:0.001057s ]
[2023-01-09T23:22:18+08:00][sql] SELECT * FROM `information` ORDER BY `time` DESC LIMIT 1 [ RunTime:0.000332s ]
[2023-01-09T23:22:18+08:00][sql] SELECT * FROM `information` ORDER BY `time` DESC LIMIT 1,4 [ RunTime:0.000385s ]
[2023-01-09T23:22:18+08:00][sql] SHOW FULL COLUMNS FROM `course` [ RunTime:0.001195s ]
[2023-01-09T23:22:18+08:00][sql] SELECT `id`,`title` FROM `course` ORDER BY `sorting` ASC LIMIT 0,6 [ RunTime:0.000275s ]
[2023-01-09T23:22:18+08:00][sql] SHOW FULL COLUMNS FROM `teacher` [ RunTime:0.000915s ]
[2023-01-09T23:22:18+08:00][sql] SELECT * FROM `teacher` [ RunTime:0.000262s ]
[2023-01-09T23:22:18+08:00][sql] SHOW FULL COLUMNS FROM `address` [ RunTime:0.000968s ]
[2023-01-09T23:22:18+08:00][sql] SELECT * FROM `address` WHERE  `id` = 1 LIMIT 1 [ RunTime:0.000302s ]
[2023-01-09T23:22:18+08:00][sql] SELECT * FROM `address` WHERE  `id` = 2 LIMIT 1 [ RunTime:0.000265s ]
[2023-01-09T23:47:08+08:00][sql] CONNECT:[ UseTime:0.000383s ] mysql:host=localhost;port=3316;dbname=coffee;charset=utf8
[2023-01-09T23:47:08+08:00][sql] SHOW FULL COLUMNS FROM `banner` [ RunTime:0.001358s ]
[2023-01-09T23:47:08+08:00][sql] SELECT * FROM `banner` [ RunTime:0.000264s ]
[2023-01-09T23:47:08+08:00][sql] SHOW FULL COLUMNS FROM `information` [ RunTime:0.001333s ]
[2023-01-09T23:47:08+08:00][sql] SELECT * FROM `information` ORDER BY `time` DESC LIMIT 1 [ RunTime:0.000493s ]
[2023-01-09T23:47:08+08:00][sql] SELECT * FROM `information` ORDER BY `time` DESC LIMIT 1,4 [ RunTime:0.000467s ]
[2023-01-09T23:47:08+08:00][sql] SHOW FULL COLUMNS FROM `course` [ RunTime:0.001454s ]
[2023-01-09T23:47:08+08:00][sql] SELECT `id`,`title` FROM `course` ORDER BY `sorting` ASC LIMIT 0,6 [ RunTime:0.000270s ]
[2023-01-09T23:47:08+08:00][sql] SHOW FULL COLUMNS FROM `teacher` [ RunTime:0.000980s ]
[2023-01-09T23:47:08+08:00][sql] SELECT * FROM `teacher` [ RunTime:0.000297s ]
[2023-01-09T23:47:08+08:00][sql] SHOW FULL COLUMNS FROM `address` [ RunTime:0.001046s ]
[2023-01-09T23:47:08+08:00][sql] SELECT * FROM `address` WHERE  `id` = 1 LIMIT 1 [ RunTime:0.000304s ]
[2023-01-09T23:47:08+08:00][sql] SELECT * FROM `address` WHERE  `id` = 2 LIMIT 1 [ RunTime:0.000258s ]
