[2023-01-25T00:17:17+08:00][sql] CONNECT:[ UseTime:0.000376s ] mysql:host=localhost;port=3316;dbname=coffee;charset=utf8
[2023-01-25T00:17:17+08:00][sql] SHOW FULL COLUMNS FROM `banner` [ RunTime:0.001231s ]
[2023-01-25T00:17:17+08:00][sql] SELECT * FROM `banner` [ RunTime:0.000217s ]
[2023-01-25T00:17:17+08:00][sql] SHOW FULL COLUMNS FROM `information` [ RunTime:0.000975s ]
[2023-01-25T00:17:17+08:00][sql] SELECT * FROM `information` ORDER BY `time` DESC LIMIT 1 [ RunTime:0.000308s ]
[2023-01-25T00:17:17+08:00][sql] SELECT * FROM `information` ORDER BY `time` DESC LIMIT 1,4 [ RunTime:0.000352s ]
[2023-01-25T00:17:17+08:00][sql] SHOW FULL COLUMNS FROM `course` [ RunTime:0.001092s ]
[2023-01-25T00:17:17+08:00][sql] SELECT `id`,`title` FROM `course` ORDER BY `sorting` ASC LIMIT 0,6 [ RunTime:0.000244s ]
[2023-01-25T00:17:17+08:00][sql] SHOW FULL COLUMNS FROM `teacher` [ RunTime:0.000993s ]
[2023-01-25T00:17:17+08:00][sql] SELECT * FROM `teacher` [ RunTime:0.000232s ]
[2023-01-25T00:17:17+08:00][sql] SHOW FULL COLUMNS FROM `address` [ RunTime:0.001034s ]
[2023-01-25T00:17:17+08:00][sql] SELECT * FROM `address` WHERE  `id` = 1 LIMIT 1 [ RunTime:0.000293s ]
[2023-01-25T00:17:17+08:00][sql] SELECT * FROM `address` WHERE  `id` = 2 LIMIT 1 [ RunTime:0.000213s ]
[2023-01-25T00:38:14+08:00][sql] CONNECT:[ UseTime:0.000428s ] mysql:host=localhost;port=3316;dbname=coffee;charset=utf8
[2023-01-25T00:38:14+08:00][sql] SHOW FULL COLUMNS FROM `banner` [ RunTime:0.001329s ]
[2023-01-25T00:38:14+08:00][sql] SELECT * FROM `banner` [ RunTime:0.000233s ]
[2023-01-25T00:38:14+08:00][sql] SHOW FULL COLUMNS FROM `information` [ RunTime:0.001004s ]
[2023-01-25T00:38:14+08:00][sql] SELECT * FROM `information` ORDER BY `time` DESC LIMIT 1 [ RunTime:0.000312s ]
[2023-01-25T00:38:14+08:00][sql] SELECT * FROM `information` ORDER BY `time` DESC LIMIT 1,4 [ RunTime:0.000343s ]
[2023-01-25T00:38:14+08:00][sql] SHOW FULL COLUMNS FROM `course` [ RunTime:0.001127s ]
[2023-01-25T00:38:14+08:00][sql] SELECT `id`,`title` FROM `course` ORDER BY `sorting` ASC LIMIT 0,6 [ RunTime:0.000244s ]
[2023-01-25T00:38:14+08:00][sql] SHOW FULL COLUMNS FROM `teacher` [ RunTime:0.001006s ]
[2023-01-25T00:38:14+08:00][sql] SELECT * FROM `teacher` [ RunTime:0.000300s ]
[2023-01-25T00:38:14+08:00][sql] SHOW FULL COLUMNS FROM `address` [ RunTime:0.001408s ]
[2023-01-25T00:38:14+08:00][sql] SELECT * FROM `address` WHERE  `id` = 1 LIMIT 1 [ RunTime:0.000255s ]
[2023-01-25T00:38:14+08:00][sql] SELECT * FROM `address` WHERE  `id` = 2 LIMIT 1 [ RunTime:0.000284s ]
[2023-01-25T00:49:32+08:00][sql] CONNECT:[ UseTime:0.000416s ] mysql:host=localhost;port=3316;dbname=coffee;charset=utf8
[2023-01-25T00:49:32+08:00][sql] SHOW FULL COLUMNS FROM `banner` [ RunTime:0.001263s ]
[2023-01-25T00:49:32+08:00][sql] SELECT * FROM `banner` [ RunTime:0.000285s ]
[2023-01-25T00:49:32+08:00][sql] SHOW FULL COLUMNS FROM `information` [ RunTime:0.001048s ]
[2023-01-25T00:49:32+08:00][sql] SELECT * FROM `information` ORDER BY `time` DESC LIMIT 1 [ RunTime:0.000332s ]
[2023-01-25T00:49:32+08:00][sql] SELECT * FROM `information` ORDER BY `time` DESC LIMIT 1,4 [ RunTime:0.000419s ]
[2023-01-25T00:49:32+08:00][sql] SHOW FULL COLUMNS FROM `course` [ RunTime:0.001131s ]
[2023-01-25T00:49:32+08:00][sql] SELECT `id`,`title` FROM `course` ORDER BY `sorting` ASC LIMIT 0,6 [ RunTime:0.000264s ]
[2023-01-25T00:49:32+08:00][sql] SHOW FULL COLUMNS FROM `teacher` [ RunTime:0.000975s ]
[2023-01-25T00:49:32+08:00][sql] SELECT * FROM `teacher` [ RunTime:0.000265s ]
[2023-01-25T00:49:32+08:00][sql] SHOW FULL COLUMNS FROM `address` [ RunTime:0.000904s ]
[2023-01-25T00:49:32+08:00][sql] SELECT * FROM `address` WHERE  `id` = 1 LIMIT 1 [ RunTime:0.000292s ]
[2023-01-25T00:49:32+08:00][sql] SELECT * FROM `address` WHERE  `id` = 2 LIMIT 1 [ RunTime:0.000249s ]
[2023-01-25T01:07:12+08:00][sql] CONNECT:[ UseTime:0.000497s ] mysql:host=localhost;port=3316;dbname=coffee;charset=utf8
[2023-01-25T01:07:12+08:00][sql] SHOW FULL COLUMNS FROM `banner` [ RunTime:0.001238s ]
[2023-01-25T01:07:12+08:00][sql] SELECT * FROM `banner` [ RunTime:0.000253s ]
[2023-01-25T01:07:12+08:00][sql] SHOW FULL COLUMNS FROM `information` [ RunTime:0.001016s ]
[2023-01-25T01:07:12+08:00][sql] SELECT * FROM `information` ORDER BY `time` DESC LIMIT 1 [ RunTime:0.000316s ]
[2023-01-25T01:07:12+08:00][sql] SELECT * FROM `information` ORDER BY `time` DESC LIMIT 1,4 [ RunTime:0.000380s ]
[2023-01-25T01:07:12+08:00][sql] SHOW FULL COLUMNS FROM `course` [ RunTime:0.001098s ]
[2023-01-25T01:07:12+08:00][sql] SELECT `id`,`title` FROM `course` ORDER BY `sorting` ASC LIMIT 0,6 [ RunTime:0.000282s ]
[2023-01-25T01:07:12+08:00][sql] SHOW FULL COLUMNS FROM `teacher` [ RunTime:0.000945s ]
[2023-01-25T01:07:12+08:00][sql] SELECT * FROM `teacher` [ RunTime:0.000261s ]
[2023-01-25T01:07:12+08:00][sql] SHOW FULL COLUMNS FROM `address` [ RunTime:0.000924s ]
[2023-01-25T01:07:12+08:00][sql] SELECT * FROM `address` WHERE  `id` = 1 LIMIT 1 [ RunTime:0.000278s ]
[2023-01-25T01:07:12+08:00][sql] SELECT * FROM `address` WHERE  `id` = 2 LIMIT 1 [ RunTime:0.000242s ]
[2023-01-25T01:08:41+08:00][sql] CONNECT:[ UseTime:0.000373s ] mysql:host=localhost;port=3316;dbname=coffee;charset=utf8
[2023-01-25T01:08:41+08:00][sql] SHOW FULL COLUMNS FROM `banner` [ RunTime:0.001227s ]
[2023-01-25T01:08:41+08:00][sql] SELECT * FROM `banner` [ RunTime:0.000216s ]
[2023-01-25T01:08:41+08:00][sql] SHOW FULL COLUMNS FROM `information` [ RunTime:0.000975s ]
[2023-01-25T01:08:41+08:00][sql] SELECT * FROM `information` ORDER BY `time` DESC LIMIT 1 [ RunTime:0.000297s ]
[2023-01-25T01:08:41+08:00][sql] SELECT * FROM `information` ORDER BY `time` DESC LIMIT 1,4 [ RunTime:0.000319s ]
[2023-01-25T01:08:41+08:00][sql] SHOW FULL COLUMNS FROM `course` [ RunTime:0.001036s ]
[2023-01-25T01:08:41+08:00][sql] SELECT `id`,`title` FROM `course` ORDER BY `sorting` ASC LIMIT 0,6 [ RunTime:0.000232s ]
[2023-01-25T01:08:41+08:00][sql] SHOW FULL COLUMNS FROM `teacher` [ RunTime:0.000860s ]
[2023-01-25T01:08:41+08:00][sql] SELECT * FROM `teacher` [ RunTime:0.000260s ]
[2023-01-25T01:08:41+08:00][sql] SHOW FULL COLUMNS FROM `address` [ RunTime:0.000880s ]
[2023-01-25T01:08:41+08:00][sql] SELECT * FROM `address` WHERE  `id` = 1 LIMIT 1 [ RunTime:0.000247s ]
[2023-01-25T01:08:41+08:00][sql] SELECT * FROM `address` WHERE  `id` = 2 LIMIT 1 [ RunTime:0.000216s ]
[2023-01-25T01:11:19+08:00][sql] CONNECT:[ UseTime:0.000408s ] mysql:host=localhost;port=3316;dbname=coffee;charset=utf8
[2023-01-25T01:11:19+08:00][sql] SHOW FULL COLUMNS FROM `banner` [ RunTime:0.001275s ]
[2023-01-25T01:11:19+08:00][sql] SELECT * FROM `banner` [ RunTime:0.000224s ]
[2023-01-25T01:11:19+08:00][sql] SHOW FULL COLUMNS FROM `information` [ RunTime:0.001168s ]
[2023-01-25T01:11:19+08:00][sql] SELECT * FROM `information` ORDER BY `time` DESC LIMIT 1 [ RunTime:0.000308s ]
[2023-01-25T01:11:19+08:00][sql] SELECT * FROM `information` ORDER BY `time` DESC LIMIT 1,4 [ RunTime:0.000351s ]
[2023-01-25T01:11:19+08:00][sql] SHOW FULL COLUMNS FROM `course` [ RunTime:0.001028s ]
[2023-01-25T01:11:19+08:00][sql] SELECT `id`,`title` FROM `course` ORDER BY `sorting` ASC LIMIT 0,6 [ RunTime:0.000229s ]
[2023-01-25T01:11:19+08:00][sql] SHOW FULL COLUMNS FROM `teacher` [ RunTime:0.000834s ]
[2023-01-25T01:11:19+08:00][sql] SELECT * FROM `teacher` [ RunTime:0.000317s ]
[2023-01-25T01:11:19+08:00][sql] SHOW FULL COLUMNS FROM `address` [ RunTime:0.000943s ]
[2023-01-25T01:11:19+08:00][sql] SELECT * FROM `address` WHERE  `id` = 1 LIMIT 1 [ RunTime:0.000227s ]
[2023-01-25T01:11:19+08:00][sql] SELECT * FROM `address` WHERE  `id` = 2 LIMIT 1 [ RunTime:0.000191s ]
[2023-01-25T02:20:54+08:00][sql] CONNECT:[ UseTime:0.000502s ] mysql:host=localhost;port=3316;dbname=coffee;charset=utf8
[2023-01-25T02:20:54+08:00][sql] SHOW FULL COLUMNS FROM `banner` [ RunTime:0.001344s ]
[2023-01-25T02:20:54+08:00][sql] SELECT * FROM `banner` [ RunTime:0.000270s ]
[2023-01-25T02:20:54+08:00][sql] SHOW FULL COLUMNS FROM `information` [ RunTime:0.001039s ]
[2023-01-25T02:20:54+08:00][sql] SELECT * FROM `information` ORDER BY `time` DESC LIMIT 1 [ RunTime:0.000325s ]
[2023-01-25T02:20:54+08:00][sql] SELECT * FROM `information` ORDER BY `time` DESC LIMIT 1,4 [ RunTime:0.000388s ]
[2023-01-25T02:20:54+08:00][sql] SHOW FULL COLUMNS FROM `course` [ RunTime:0.001121s ]
[2023-01-25T02:20:54+08:00][sql] SELECT `id`,`title` FROM `course` ORDER BY `sorting` ASC LIMIT 0,6 [ RunTime:0.000265s ]
[2023-01-25T02:20:54+08:00][sql] SHOW FULL COLUMNS FROM `teacher` [ RunTime:0.000923s ]
[2023-01-25T02:20:54+08:00][sql] SELECT * FROM `teacher` [ RunTime:0.000265s ]
[2023-01-25T02:20:54+08:00][sql] SHOW FULL COLUMNS FROM `address` [ RunTime:0.000913s ]
[2023-01-25T02:20:54+08:00][sql] SELECT * FROM `address` WHERE  `id` = 1 LIMIT 1 [ RunTime:0.000279s ]
[2023-01-25T02:20:54+08:00][sql] SELECT * FROM `address` WHERE  `id` = 2 LIMIT 1 [ RunTime:0.000244s ]
[2023-01-25T02:26:40+08:00][sql] CONNECT:[ UseTime:0.000462s ] mysql:host=localhost;port=3316;dbname=coffee;charset=utf8
[2023-01-25T02:26:40+08:00][sql] SHOW FULL COLUMNS FROM `banner` [ RunTime:0.001419s ]
[2023-01-25T02:26:40+08:00][sql] SELECT * FROM `banner` [ RunTime:0.000261s ]
[2023-01-25T02:26:40+08:00][sql] SHOW FULL COLUMNS FROM `information` [ RunTime:0.000988s ]
[2023-01-25T02:26:40+08:00][sql] SELECT * FROM `information` ORDER BY `time` DESC LIMIT 1 [ RunTime:0.000321s ]
[2023-01-25T02:26:40+08:00][sql] SELECT * FROM `information` ORDER BY `time` DESC LIMIT 1,4 [ RunTime:0.000452s ]
[2023-01-25T02:26:40+08:00][sql] SHOW FULL COLUMNS FROM `course` [ RunTime:0.001087s ]
[2023-01-25T02:26:40+08:00][sql] SELECT `id`,`title` FROM `course` ORDER BY `sorting` ASC LIMIT 0,6 [ RunTime:0.000258s ]
[2023-01-25T02:26:40+08:00][sql] SHOW FULL COLUMNS FROM `teacher` [ RunTime:0.000950s ]
[2023-01-25T02:26:40+08:00][sql] SELECT * FROM `teacher` [ RunTime:0.000279s ]
[2023-01-25T02:26:40+08:00][sql] SHOW FULL COLUMNS FROM `address` [ RunTime:0.000912s ]
[2023-01-25T02:26:40+08:00][sql] SELECT * FROM `address` WHERE  `id` = 1 LIMIT 1 [ RunTime:0.000275s ]
[2023-01-25T02:26:40+08:00][sql] SELECT * FROM `address` WHERE  `id` = 2 LIMIT 1 [ RunTime:0.000241s ]
[2023-01-25T02:46:02+08:00][sql] CONNECT:[ UseTime:0.000377s ] mysql:host=localhost;port=3316;dbname=coffee;charset=utf8
[2023-01-25T02:46:02+08:00][sql] SHOW FULL COLUMNS FROM `banner` [ RunTime:0.001217s ]
[2023-01-25T02:46:02+08:00][sql] SELECT * FROM `banner` [ RunTime:0.000226s ]
[2023-01-25T02:46:02+08:00][sql] SHOW FULL COLUMNS FROM `information` [ RunTime:0.000917s ]
[2023-01-25T02:46:02+08:00][sql] SELECT * FROM `information` ORDER BY `time` DESC LIMIT 1 [ RunTime:0.000277s ]
[2023-01-25T02:46:02+08:00][sql] SELECT * FROM `information` ORDER BY `time` DESC LIMIT 1,4 [ RunTime:0.000340s ]
[2023-01-25T02:46:02+08:00][sql] SHOW FULL COLUMNS FROM `course` [ RunTime:0.001032s ]
[2023-01-25T02:46:02+08:00][sql] SELECT `id`,`title` FROM `course` ORDER BY `sorting` ASC LIMIT 0,6 [ RunTime:0.000228s ]
[2023-01-25T02:46:02+08:00][sql] SHOW FULL COLUMNS FROM `teacher` [ RunTime:0.000845s ]
[2023-01-25T02:46:02+08:00][sql] SELECT * FROM `teacher` [ RunTime:0.000213s ]
[2023-01-25T02:46:02+08:00][sql] SHOW FULL COLUMNS FROM `address` [ RunTime:0.000879s ]
[2023-01-25T02:46:02+08:00][sql] SELECT * FROM `address` WHERE  `id` = 1 LIMIT 1 [ RunTime:0.000241s ]
[2023-01-25T02:46:02+08:00][sql] SELECT * FROM `address` WHERE  `id` = 2 LIMIT 1 [ RunTime:0.000193s ]
[2023-01-25T02:57:06+08:00][sql] CONNECT:[ UseTime:0.000367s ] mysql:host=localhost;port=3316;dbname=coffee;charset=utf8
[2023-01-25T02:57:06+08:00][sql] SHOW FULL COLUMNS FROM `banner` [ RunTime:0.001293s ]
[2023-01-25T02:57:06+08:00][sql] SELECT * FROM `banner` [ RunTime:0.000284s ]
[2023-01-25T02:57:06+08:00][sql] SHOW FULL COLUMNS FROM `information` [ RunTime:0.001075s ]
[2023-01-25T02:57:06+08:00][sql] SELECT * FROM `information` ORDER BY `time` DESC LIMIT 1 [ RunTime:0.001554s ]
[2023-01-25T02:57:06+08:00][sql] SELECT * FROM `information` ORDER BY `time` DESC LIMIT 1,4 [ RunTime:0.005326s ]
[2023-01-25T02:57:06+08:00][sql] SHOW FULL COLUMNS FROM `course` [ RunTime:0.001253s ]
[2023-01-25T02:57:06+08:00][sql] SELECT `id`,`title` FROM `course` ORDER BY `sorting` ASC LIMIT 0,6 [ RunTime:0.000238s ]
[2023-01-25T02:57:06+08:00][sql] SHOW FULL COLUMNS FROM `teacher` [ RunTime:0.000874s ]
[2023-01-25T02:57:06+08:00][sql] SELECT * FROM `teacher` [ RunTime:0.000268s ]
[2023-01-25T02:57:06+08:00][sql] SHOW FULL COLUMNS FROM `address` [ RunTime:0.000943s ]
[2023-01-25T02:57:06+08:00][sql] SELECT * FROM `address` WHERE  `id` = 1 LIMIT 1 [ RunTime:0.000283s ]
[2023-01-25T02:57:06+08:00][sql] SELECT * FROM `address` WHERE  `id` = 2 LIMIT 1 [ RunTime:0.000225s ]
[2023-01-25T03:08:55+08:00][sql] CONNECT:[ UseTime:0.000399s ] mysql:host=localhost;port=3316;dbname=coffee;charset=utf8
[2023-01-25T03:08:55+08:00][sql] SHOW FULL COLUMNS FROM `banner` [ RunTime:0.001221s ]
[2023-01-25T03:08:55+08:00][sql] SELECT * FROM `banner` [ RunTime:0.000276s ]
[2023-01-25T03:08:55+08:00][sql] SHOW FULL COLUMNS FROM `information` [ RunTime:0.000963s ]
[2023-01-25T03:08:55+08:00][sql] SELECT * FROM `information` ORDER BY `time` DESC LIMIT 1 [ RunTime:0.000326s ]
[2023-01-25T03:08:55+08:00][sql] SELECT * FROM `information` ORDER BY `time` DESC LIMIT 1,4 [ RunTime:0.000384s ]
[2023-01-25T03:08:55+08:00][sql] SHOW FULL COLUMNS FROM `course` [ RunTime:0.001071s ]
[2023-01-25T03:08:55+08:00][sql] SELECT `id`,`title` FROM `course` ORDER BY `sorting` ASC LIMIT 0,6 [ RunTime:0.000256s ]
[2023-01-25T03:08:55+08:00][sql] SHOW FULL COLUMNS FROM `teacher` [ RunTime:0.000954s ]
[2023-01-25T03:08:55+08:00][sql] SELECT * FROM `teacher` [ RunTime:0.000275s ]
[2023-01-25T03:08:55+08:00][sql] SHOW FULL COLUMNS FROM `address` [ RunTime:0.000981s ]
[2023-01-25T03:08:55+08:00][sql] SELECT * FROM `address` WHERE  `id` = 1 LIMIT 1 [ RunTime:0.000298s ]
[2023-01-25T03:08:55+08:00][sql] SELECT * FROM `address` WHERE  `id` = 2 LIMIT 1 [ RunTime:0.000243s ]
[2023-01-25T03:09:06+08:00][sql] CONNECT:[ UseTime:0.000414s ] mysql:host=localhost;port=3316;dbname=coffee;charset=utf8
[2023-01-25T03:09:06+08:00][sql] SHOW FULL COLUMNS FROM `banner` [ RunTime:0.001246s ]
[2023-01-25T03:09:06+08:00][sql] SELECT * FROM `banner` [ RunTime:0.000226s ]
[2023-01-25T03:09:06+08:00][sql] SHOW FULL COLUMNS FROM `information` [ RunTime:0.000939s ]
[2023-01-25T03:09:06+08:00][sql] SELECT * FROM `information` ORDER BY `time` DESC LIMIT 1 [ RunTime:0.000282s ]
[2023-01-25T03:09:06+08:00][sql] SELECT * FROM `information` ORDER BY `time` DESC LIMIT 1,4 [ RunTime:0.000318s ]
[2023-01-25T03:09:06+08:00][sql] SHOW FULL COLUMNS FROM `course` [ RunTime:0.001060s ]
[2023-01-25T03:09:06+08:00][sql] SELECT `id`,`title` FROM `course` ORDER BY `sorting` ASC LIMIT 0,6 [ RunTime:0.000260s ]
[2023-01-25T03:09:06+08:00][sql] SHOW FULL COLUMNS FROM `teacher` [ RunTime:0.000911s ]
[2023-01-25T03:09:06+08:00][sql] SELECT * FROM `teacher` [ RunTime:0.000237s ]
[2023-01-25T03:09:06+08:00][sql] SHOW FULL COLUMNS FROM `address` [ RunTime:0.000861s ]
[2023-01-25T03:09:06+08:00][sql] SELECT * FROM `address` WHERE  `id` = 1 LIMIT 1 [ RunTime:0.000233s ]
[2023-01-25T03:09:06+08:00][sql] SELECT * FROM `address` WHERE  `id` = 2 LIMIT 1 [ RunTime:0.000230s ]
[2023-01-25T03:09:25+08:00][sql] CONNECT:[ UseTime:0.000403s ] mysql:host=localhost;port=3316;dbname=coffee;charset=utf8
[2023-01-25T03:09:25+08:00][sql] SHOW FULL COLUMNS FROM `banner` [ RunTime:0.001208s ]
[2023-01-25T03:09:25+08:00][sql] SELECT * FROM `banner` [ RunTime:0.000272s ]
[2023-01-25T03:09:25+08:00][sql] SHOW FULL COLUMNS FROM `information` [ RunTime:0.001021s ]
[2023-01-25T03:09:25+08:00][sql] SELECT * FROM `information` ORDER BY `time` DESC LIMIT 1 [ RunTime:0.000310s ]
[2023-01-25T03:09:25+08:00][sql] SELECT * FROM `information` ORDER BY `time` DESC LIMIT 1,4 [ RunTime:0.000416s ]
[2023-01-25T03:09:25+08:00][sql] SHOW FULL COLUMNS FROM `course` [ RunTime:0.001085s ]
[2023-01-25T03:09:25+08:00][sql] SELECT `id`,`title` FROM `course` ORDER BY `sorting` ASC LIMIT 0,6 [ RunTime:0.000275s ]
[2023-01-25T03:09:25+08:00][sql] SHOW FULL COLUMNS FROM `teacher` [ RunTime:0.000914s ]
[2023-01-25T03:09:25+08:00][sql] SELECT * FROM `teacher` [ RunTime:0.000284s ]
[2023-01-25T03:09:25+08:00][sql] SHOW FULL COLUMNS FROM `address` [ RunTime:0.000926s ]
[2023-01-25T03:09:25+08:00][sql] SELECT * FROM `address` WHERE  `id` = 1 LIMIT 1 [ RunTime:0.000452s ]
[2023-01-25T03:09:25+08:00][sql] SELECT * FROM `address` WHERE  `id` = 2 LIMIT 1 [ RunTime:0.000263s ]
[2023-01-25T03:10:01+08:00][sql] CONNECT:[ UseTime:0.000359s ] mysql:host=localhost;port=3316;dbname=coffee;charset=utf8
[2023-01-25T03:10:01+08:00][sql] SHOW FULL COLUMNS FROM `banner` [ RunTime:0.001252s ]
[2023-01-25T03:10:01+08:00][sql] SELECT * FROM `banner` [ RunTime:0.000235s ]
[2023-01-25T03:10:01+08:00][sql] SHOW FULL COLUMNS FROM `information` [ RunTime:0.001005s ]
[2023-01-25T03:10:01+08:00][sql] SELECT * FROM `information` ORDER BY `time` DESC LIMIT 1 [ RunTime:0.000295s ]
[2023-01-25T03:10:01+08:00][sql] SELECT * FROM `information` ORDER BY `time` DESC LIMIT 1,4 [ RunTime:0.000331s ]
[2023-01-25T03:10:01+08:00][sql] SHOW FULL COLUMNS FROM `course` [ RunTime:0.001192s ]
[2023-01-25T03:10:01+08:00][sql] SELECT `id`,`title` FROM `course` ORDER BY `sorting` ASC LIMIT 0,6 [ RunTime:0.000255s ]
[2023-01-25T03:10:01+08:00][sql] SHOW FULL COLUMNS FROM `teacher` [ RunTime:0.000916s ]
[2023-01-25T03:10:01+08:00][sql] SELECT * FROM `teacher` [ RunTime:0.000221s ]
[2023-01-25T03:10:01+08:00][sql] SHOW FULL COLUMNS FROM `address` [ RunTime:0.000930s ]
[2023-01-25T03:10:01+08:00][sql] SELECT * FROM `address` WHERE  `id` = 1 LIMIT 1 [ RunTime:0.000279s ]
[2023-01-25T03:10:01+08:00][sql] SELECT * FROM `address` WHERE  `id` = 2 LIMIT 1 [ RunTime:0.000219s ]
[2023-01-25T03:14:01+08:00][sql] CONNECT:[ UseTime:0.000408s ] mysql:host=localhost;port=3316;dbname=coffee;charset=utf8
[2023-01-25T03:14:01+08:00][sql] SHOW FULL COLUMNS FROM `banner` [ RunTime:0.001270s ]
[2023-01-25T03:14:01+08:00][sql] SELECT * FROM `banner` [ RunTime:0.000260s ]
[2023-01-25T03:14:01+08:00][sql] SHOW FULL COLUMNS FROM `information` [ RunTime:0.001045s ]
[2023-01-25T03:14:01+08:00][sql] SELECT * FROM `information` ORDER BY `time` DESC LIMIT 1 [ RunTime:0.000367s ]
[2023-01-25T03:14:01+08:00][sql] SELECT * FROM `information` ORDER BY `time` DESC LIMIT 1,4 [ RunTime:0.000412s ]
[2023-01-25T03:14:01+08:00][sql] SHOW FULL COLUMNS FROM `course` [ RunTime:0.001157s ]
[2023-01-25T03:14:01+08:00][sql] SELECT `id`,`title` FROM `course` ORDER BY `sorting` ASC LIMIT 0,6 [ RunTime:0.000278s ]
[2023-01-25T03:14:01+08:00][sql] SHOW FULL COLUMNS FROM `teacher` [ RunTime:0.000957s ]
[2023-01-25T03:14:01+08:00][sql] SELECT * FROM `teacher` [ RunTime:0.000296s ]
[2023-01-25T03:14:01+08:00][sql] SHOW FULL COLUMNS FROM `address` [ RunTime:0.000997s ]
[2023-01-25T03:14:01+08:00][sql] SELECT * FROM `address` WHERE  `id` = 1 LIMIT 1 [ RunTime:0.000317s ]
[2023-01-25T03:14:01+08:00][sql] SELECT * FROM `address` WHERE  `id` = 2 LIMIT 1 [ RunTime:0.000255s ]
[2023-01-25T03:14:08+08:00][sql] CONNECT:[ UseTime:0.000367s ] mysql:host=localhost;port=3316;dbname=coffee;charset=utf8
[2023-01-25T03:14:08+08:00][sql] SHOW FULL COLUMNS FROM `banner` [ RunTime:0.001231s ]
[2023-01-25T03:14:08+08:00][sql] SELECT * FROM `banner` [ RunTime:0.000220s ]
[2023-01-25T03:14:08+08:00][sql] SHOW FULL COLUMNS FROM `information` [ RunTime:0.000979s ]
[2023-01-25T03:14:08+08:00][sql] SELECT * FROM `information` ORDER BY `time` DESC LIMIT 1 [ RunTime:0.000280s ]
[2023-01-25T03:14:08+08:00][sql] SELECT * FROM `information` ORDER BY `time` DESC LIMIT 1,4 [ RunTime:0.000342s ]
[2023-01-25T03:14:08+08:00][sql] SHOW FULL COLUMNS FROM `course` [ RunTime:0.001048s ]
[2023-01-25T03:14:08+08:00][sql] SELECT `id`,`title` FROM `course` ORDER BY `sorting` ASC LIMIT 0,6 [ RunTime:0.000229s ]
[2023-01-25T03:14:08+08:00][sql] SHOW FULL COLUMNS FROM `teacher` [ RunTime:0.000894s ]
[2023-01-25T03:14:08+08:00][sql] SELECT * FROM `teacher` [ RunTime:0.000263s ]
[2023-01-25T03:14:08+08:00][sql] SHOW FULL COLUMNS FROM `address` [ RunTime:0.000904s ]
[2023-01-25T03:14:08+08:00][sql] SELECT * FROM `address` WHERE  `id` = 1 LIMIT 1 [ RunTime:0.000260s ]
[2023-01-25T03:14:08+08:00][sql] SELECT * FROM `address` WHERE  `id` = 2 LIMIT 1 [ RunTime:0.000214s ]
[2023-01-25T03:21:33+08:00][sql] CONNECT:[ UseTime:0.000372s ] mysql:host=localhost;port=3316;dbname=coffee;charset=utf8
[2023-01-25T03:21:33+08:00][sql] SHOW FULL COLUMNS FROM `banner` [ RunTime:0.001337s ]
[2023-01-25T03:21:33+08:00][sql] SELECT * FROM `banner` [ RunTime:0.000218s ]
[2023-01-25T03:21:33+08:00][sql] SHOW FULL COLUMNS FROM `information` [ RunTime:0.000976s ]
[2023-01-25T03:21:33+08:00][sql] SELECT * FROM `information` ORDER BY `time` DESC LIMIT 1 [ RunTime:0.000277s ]
[2023-01-25T03:21:33+08:00][sql] SELECT * FROM `information` ORDER BY `time` DESC LIMIT 1,4 [ RunTime:0.000365s ]
[2023-01-25T03:21:33+08:00][sql] SHOW FULL COLUMNS FROM `course` [ RunTime:0.001044s ]
[2023-01-25T03:21:33+08:00][sql] SELECT `id`,`title` FROM `course` ORDER BY `sorting` ASC LIMIT 0,6 [ RunTime:0.000225s ]
[2023-01-25T03:21:33+08:00][sql] SHOW FULL COLUMNS FROM `teacher` [ RunTime:0.000881s ]
[2023-01-25T03:21:33+08:00][sql] SELECT * FROM `teacher` [ RunTime:0.000242s ]
[2023-01-25T03:21:33+08:00][sql] SHOW FULL COLUMNS FROM `address` [ RunTime:0.000880s ]
[2023-01-25T03:21:33+08:00][sql] SELECT * FROM `address` WHERE  `id` = 1 LIMIT 1 [ RunTime:0.000252s ]
[2023-01-25T03:21:33+08:00][sql] SELECT * FROM `address` WHERE  `id` = 2 LIMIT 1 [ RunTime:0.000211s ]
[2023-01-25T03:54:46+08:00][sql] CONNECT:[ UseTime:0.000390s ] mysql:host=localhost;port=3316;dbname=coffee;charset=utf8
[2023-01-25T03:54:46+08:00][sql] SHOW FULL COLUMNS FROM `banner` [ RunTime:0.001243s ]
[2023-01-25T03:54:46+08:00][sql] SELECT * FROM `banner` [ RunTime:0.000258s ]
[2023-01-25T03:54:46+08:00][sql] SHOW FULL COLUMNS FROM `information` [ RunTime:0.001031s ]
[2023-01-25T03:54:46+08:00][sql] SELECT * FROM `information` ORDER BY `time` DESC LIMIT 1 [ RunTime:0.000320s ]
[2023-01-25T03:54:46+08:00][sql] SELECT * FROM `information` ORDER BY `time` DESC LIMIT 1,4 [ RunTime:0.000396s ]
[2023-01-25T03:54:46+08:00][sql] SHOW FULL COLUMNS FROM `course` [ RunTime:0.001099s ]
[2023-01-25T03:54:46+08:00][sql] SELECT `id`,`title` FROM `course` ORDER BY `sorting` ASC LIMIT 0,6 [ RunTime:0.000271s ]
[2023-01-25T03:54:46+08:00][sql] SHOW FULL COLUMNS FROM `teacher` [ RunTime:0.001229s ]
[2023-01-25T03:54:46+08:00][sql] SELECT * FROM `teacher` [ RunTime:0.000294s ]
[2023-01-25T03:54:46+08:00][sql] SHOW FULL COLUMNS FROM `address` [ RunTime:0.000911s ]
[2023-01-25T03:54:46+08:00][sql] SELECT * FROM `address` WHERE  `id` = 1 LIMIT 1 [ RunTime:0.000274s ]
[2023-01-25T03:54:46+08:00][sql] SELECT * FROM `address` WHERE  `id` = 2 LIMIT 1 [ RunTime:0.000254s ]
[2023-01-25T04:18:40+08:00][sql] CONNECT:[ UseTime:0.000338s ] mysql:host=localhost;port=3316;dbname=coffee;charset=utf8
[2023-01-25T04:18:40+08:00][sql] SHOW FULL COLUMNS FROM `banner` [ RunTime:0.001227s ]
[2023-01-25T04:18:40+08:00][sql] SELECT * FROM `banner` [ RunTime:0.000246s ]
[2023-01-25T04:18:40+08:00][sql] SHOW FULL COLUMNS FROM `information` [ RunTime:0.001123s ]
[2023-01-25T04:18:40+08:00][sql] SELECT * FROM `information` ORDER BY `time` DESC LIMIT 1 [ RunTime:0.000288s ]
[2023-01-25T04:18:40+08:00][sql] SELECT * FROM `information` ORDER BY `time` DESC LIMIT 1,4 [ RunTime:0.000384s ]
[2023-01-25T04:18:40+08:00][sql] SHOW FULL COLUMNS FROM `course` [ RunTime:0.001100s ]
[2023-01-25T04:18:40+08:00][sql] SELECT `id`,`title` FROM `course` ORDER BY `sorting` ASC LIMIT 0,6 [ RunTime:0.000236s ]
[2023-01-25T04:18:40+08:00][sql] SHOW FULL COLUMNS FROM `teacher` [ RunTime:0.000954s ]
[2023-01-25T04:18:40+08:00][sql] SELECT * FROM `teacher` [ RunTime:0.000261s ]
[2023-01-25T04:18:40+08:00][sql] SHOW FULL COLUMNS FROM `address` [ RunTime:0.000914s ]
[2023-01-25T04:18:40+08:00][sql] SELECT * FROM `address` WHERE  `id` = 1 LIMIT 1 [ RunTime:0.000248s ]
[2023-01-25T04:18:40+08:00][sql] SELECT * FROM `address` WHERE  `id` = 2 LIMIT 1 [ RunTime:0.000212s ]
[2023-01-25T06:08:39+08:00][sql] CONNECT:[ UseTime:0.000400s ] mysql:host=localhost;port=3316;dbname=coffee;charset=utf8
[2023-01-25T06:08:39+08:00][sql] SHOW FULL COLUMNS FROM `banner` [ RunTime:0.001264s ]
[2023-01-25T06:08:39+08:00][sql] SELECT * FROM `banner` [ RunTime:0.000265s ]
[2023-01-25T06:08:39+08:00][sql] SHOW FULL COLUMNS FROM `information` [ RunTime:0.003102s ]
[2023-01-25T06:08:39+08:00][sql] SELECT * FROM `information` ORDER BY `time` DESC LIMIT 1 [ RunTime:0.000363s ]
[2023-01-25T06:08:39+08:00][sql] SELECT * FROM `information` ORDER BY `time` DESC LIMIT 1,4 [ RunTime:0.000403s ]
[2023-01-25T06:08:39+08:00][sql] SHOW FULL COLUMNS FROM `course` [ RunTime:0.001118s ]
[2023-01-25T06:08:39+08:00][sql] SELECT `id`,`title` FROM `course` ORDER BY `sorting` ASC LIMIT 0,6 [ RunTime:0.000287s ]
[2023-01-25T06:08:39+08:00][sql] SHOW FULL COLUMNS FROM `teacher` [ RunTime:0.000954s ]
[2023-01-25T06:08:39+08:00][sql] SELECT * FROM `teacher` [ RunTime:0.000260s ]
[2023-01-25T06:08:39+08:00][sql] SHOW FULL COLUMNS FROM `address` [ RunTime:0.000971s ]
[2023-01-25T06:08:39+08:00][sql] SELECT * FROM `address` WHERE  `id` = 1 LIMIT 1 [ RunTime:0.000297s ]
[2023-01-25T06:08:39+08:00][sql] SELECT * FROM `address` WHERE  `id` = 2 LIMIT 1 [ RunTime:0.000273s ]
[2023-01-25T06:09:19+08:00][sql] CONNECT:[ UseTime:0.012281s ] mysql:host=localhost;port=3316;dbname=coffee;charset=utf8
[2023-01-25T06:09:19+08:00][sql] SHOW FULL COLUMNS FROM `banner` [ RunTime:0.001814s ]
[2023-01-25T06:09:19+08:00][sql] SELECT * FROM `banner` [ RunTime:0.000406s ]
[2023-01-25T06:09:19+08:00][sql] SHOW FULL COLUMNS FROM `information` [ RunTime:0.001539s ]
[2023-01-25T06:09:19+08:00][sql] SELECT * FROM `information` ORDER BY `time` DESC LIMIT 1 [ RunTime:0.000511s ]
[2023-01-25T06:09:19+08:00][sql] SELECT * FROM `information` ORDER BY `time` DESC LIMIT 1,4 [ RunTime:0.000540s ]
[2023-01-25T06:09:19+08:00][sql] SHOW FULL COLUMNS FROM `course` [ RunTime:0.001517s ]
[2023-01-25T06:09:19+08:00][sql] SELECT `id`,`title` FROM `course` ORDER BY `sorting` ASC LIMIT 0,6 [ RunTime:0.000451s ]
[2023-01-25T06:09:19+08:00][sql] SHOW FULL COLUMNS FROM `teacher` [ RunTime:0.002472s ]
[2023-01-25T06:09:19+08:00][sql] SELECT * FROM `teacher` [ RunTime:0.000434s ]
[2023-01-25T06:09:19+08:00][sql] SHOW FULL COLUMNS FROM `address` [ RunTime:0.001338s ]
[2023-01-25T06:09:19+08:00][sql] SELECT * FROM `address` WHERE  `id` = 1 LIMIT 1 [ RunTime:0.000836s ]
[2023-01-25T06:09:19+08:00][sql] SELECT * FROM `address` WHERE  `id` = 2 LIMIT 1 [ RunTime:0.000407s ]
[2023-01-25T06:41:04+08:00][sql] CONNECT:[ UseTime:0.000388s ] mysql:host=localhost;port=3316;dbname=coffee;charset=utf8
[2023-01-25T06:41:04+08:00][sql] SHOW FULL COLUMNS FROM `banner` [ RunTime:0.001249s ]
[2023-01-25T06:41:04+08:00][sql] SELECT * FROM `banner` [ RunTime:0.000259s ]
[2023-01-25T06:41:04+08:00][sql] SHOW FULL COLUMNS FROM `information` [ RunTime:0.001211s ]
[2023-01-25T06:41:04+08:00][sql] SELECT * FROM `information` ORDER BY `time` DESC LIMIT 1 [ RunTime:0.000344s ]
[2023-01-25T06:41:04+08:00][sql] SELECT * FROM `information` ORDER BY `time` DESC LIMIT 1,4 [ RunTime:0.000396s ]
[2023-01-25T06:41:04+08:00][sql] SHOW FULL COLUMNS FROM `course` [ RunTime:0.001146s ]
[2023-01-25T06:41:04+08:00][sql] SELECT `id`,`title` FROM `course` ORDER BY `sorting` ASC LIMIT 0,6 [ RunTime:0.000296s ]
[2023-01-25T06:41:04+08:00][sql] SHOW FULL COLUMNS FROM `teacher` [ RunTime:0.000991s ]
[2023-01-25T06:41:04+08:00][sql] SELECT * FROM `teacher` [ RunTime:0.000277s ]
[2023-01-25T06:41:04+08:00][sql] SHOW FULL COLUMNS FROM `address` [ RunTime:0.000976s ]
[2023-01-25T06:41:04+08:00][sql] SELECT * FROM `address` WHERE  `id` = 1 LIMIT 1 [ RunTime:0.000289s ]
[2023-01-25T06:41:04+08:00][sql] SELECT * FROM `address` WHERE  `id` = 2 LIMIT 1 [ RunTime:0.000261s ]
[2023-01-25T06:50:11+08:00][sql] CONNECT:[ UseTime:0.002987s ] mysql:host=localhost;port=3316;dbname=coffee;charset=utf8
[2023-01-25T06:50:11+08:00][sql] SHOW FULL COLUMNS FROM `banner` [ RunTime:0.001852s ]
[2023-01-25T06:50:11+08:00][sql] SELECT * FROM `banner` [ RunTime:0.000305s ]
[2023-01-25T06:50:11+08:00][sql] SHOW FULL COLUMNS FROM `information` [ RunTime:0.003948s ]
[2023-01-25T06:50:11+08:00][sql] SELECT * FROM `information` ORDER BY `time` DESC LIMIT 1 [ RunTime:0.000293s ]
[2023-01-25T06:50:11+08:00][sql] SELECT * FROM `information` ORDER BY `time` DESC LIMIT 1,4 [ RunTime:0.000409s ]
[2023-01-25T06:50:11+08:00][sql] SHOW FULL COLUMNS FROM `course` [ RunTime:0.001167s ]
[2023-01-25T06:50:11+08:00][sql] SELECT `id`,`title` FROM `course` ORDER BY `sorting` ASC LIMIT 0,6 [ RunTime:0.000273s ]
[2023-01-25T06:50:11+08:00][sql] SHOW FULL COLUMNS FROM `teacher` [ RunTime:0.000900s ]
[2023-01-25T06:50:11+08:00][sql] SELECT * FROM `teacher` [ RunTime:0.000302s ]
[2023-01-25T06:50:11+08:00][sql] SHOW FULL COLUMNS FROM `address` [ RunTime:0.001291s ]
[2023-01-25T06:50:11+08:00][sql] SELECT * FROM `address` WHERE  `id` = 1 LIMIT 1 [ RunTime:0.000340s ]
[2023-01-25T06:50:11+08:00][sql] SELECT * FROM `address` WHERE  `id` = 2 LIMIT 1 [ RunTime:0.000473s ]
[2023-01-25T07:27:47+08:00][sql] CONNECT:[ UseTime:0.000455s ] mysql:host=localhost;port=3316;dbname=coffee;charset=utf8
[2023-01-25T07:27:47+08:00][sql] SHOW FULL COLUMNS FROM `banner` [ RunTime:0.001558s ]
[2023-01-25T07:27:47+08:00][sql] SELECT * FROM `banner` [ RunTime:0.000252s ]
[2023-01-25T07:27:47+08:00][sql] SHOW FULL COLUMNS FROM `information` [ RunTime:0.001172s ]
[2023-01-25T07:27:47+08:00][sql] SELECT * FROM `information` ORDER BY `time` DESC LIMIT 1 [ RunTime:0.000331s ]
[2023-01-25T07:27:47+08:00][sql] SELECT * FROM `information` ORDER BY `time` DESC LIMIT 1,4 [ RunTime:0.000430s ]
[2023-01-25T07:27:47+08:00][sql] SHOW FULL COLUMNS FROM `course` [ RunTime:0.001297s ]
[2023-01-25T07:27:47+08:00][sql] SELECT `id`,`title` FROM `course` ORDER BY `sorting` ASC LIMIT 0,6 [ RunTime:0.000318s ]
[2023-01-25T07:27:47+08:00][sql] SHOW FULL COLUMNS FROM `teacher` [ RunTime:0.001093s ]
[2023-01-25T07:27:47+08:00][sql] SELECT * FROM `teacher` [ RunTime:0.000260s ]
[2023-01-25T07:27:47+08:00][sql] SHOW FULL COLUMNS FROM `address` [ RunTime:0.001133s ]
[2023-01-25T07:27:47+08:00][sql] SELECT * FROM `address` WHERE  `id` = 1 LIMIT 1 [ RunTime:0.000322s ]
[2023-01-25T07:27:47+08:00][sql] SELECT * FROM `address` WHERE  `id` = 2 LIMIT 1 [ RunTime:0.000245s ]
[2023-01-25T07:48:37+08:00][sql] CONNECT:[ UseTime:0.000383s ] mysql:host=localhost;port=3316;dbname=coffee;charset=utf8
[2023-01-25T07:48:37+08:00][sql] SHOW FULL COLUMNS FROM `banner` [ RunTime:0.001256s ]
[2023-01-25T07:48:37+08:00][sql] SELECT * FROM `banner` [ RunTime:0.000256s ]
[2023-01-25T07:48:37+08:00][sql] SHOW FULL COLUMNS FROM `information` [ RunTime:0.000999s ]
[2023-01-25T07:48:37+08:00][sql] SELECT * FROM `information` ORDER BY `time` DESC LIMIT 1 [ RunTime:0.000324s ]
[2023-01-25T07:48:37+08:00][sql] SELECT * FROM `information` ORDER BY `time` DESC LIMIT 1,4 [ RunTime:0.000386s ]
[2023-01-25T07:48:37+08:00][sql] SHOW FULL COLUMNS FROM `course` [ RunTime:0.001204s ]
[2023-01-25T07:48:37+08:00][sql] SELECT `id`,`title` FROM `course` ORDER BY `sorting` ASC LIMIT 0,6 [ RunTime:0.000300s ]
[2023-01-25T07:48:37+08:00][sql] SHOW FULL COLUMNS FROM `teacher` [ RunTime:0.000925s ]
[2023-01-25T07:48:37+08:00][sql] SELECT * FROM `teacher` [ RunTime:0.000263s ]
[2023-01-25T07:48:37+08:00][sql] SHOW FULL COLUMNS FROM `address` [ RunTime:0.000948s ]
[2023-01-25T07:48:37+08:00][sql] SELECT * FROM `address` WHERE  `id` = 1 LIMIT 1 [ RunTime:0.000283s ]
[2023-01-25T07:48:37+08:00][sql] SELECT * FROM `address` WHERE  `id` = 2 LIMIT 1 [ RunTime:0.000266s ]
[2023-01-25T07:59:00+08:00][sql] CONNECT:[ UseTime:0.000420s ] mysql:host=localhost;port=3316;dbname=coffee;charset=utf8
[2023-01-25T07:59:00+08:00][sql] SHOW FULL COLUMNS FROM `banner` [ RunTime:0.001295s ]
[2023-01-25T07:59:00+08:00][sql] SELECT * FROM `banner` [ RunTime:0.000262s ]
[2023-01-25T07:59:00+08:00][sql] SHOW FULL COLUMNS FROM `information` [ RunTime:0.001086s ]
[2023-01-25T07:59:00+08:00][sql] SELECT * FROM `information` ORDER BY `time` DESC LIMIT 1 [ RunTime:0.000352s ]
[2023-01-25T07:59:00+08:00][sql] SELECT * FROM `information` ORDER BY `time` DESC LIMIT 1,4 [ RunTime:0.000400s ]
[2023-01-25T07:59:00+08:00][sql] SHOW FULL COLUMNS FROM `course` [ RunTime:0.001101s ]
[2023-01-25T07:59:00+08:00][sql] SELECT `id`,`title` FROM `course` ORDER BY `sorting` ASC LIMIT 0,6 [ RunTime:0.000276s ]
[2023-01-25T07:59:00+08:00][sql] SHOW FULL COLUMNS FROM `teacher` [ RunTime:0.000919s ]
[2023-01-25T07:59:00+08:00][sql] SELECT * FROM `teacher` [ RunTime:0.000260s ]
[2023-01-25T07:59:00+08:00][sql] SHOW FULL COLUMNS FROM `address` [ RunTime:0.000932s ]
[2023-01-25T07:59:00+08:00][sql] SELECT * FROM `address` WHERE  `id` = 1 LIMIT 1 [ RunTime:0.000288s ]
[2023-01-25T07:59:00+08:00][sql] SELECT * FROM `address` WHERE  `id` = 2 LIMIT 1 [ RunTime:0.000263s ]
[2023-01-25T08:03:08+08:00][sql] CONNECT:[ UseTime:0.000399s ] mysql:host=localhost;port=3316;dbname=coffee;charset=utf8
[2023-01-25T08:03:08+08:00][sql] SHOW FULL COLUMNS FROM `banner` [ RunTime:0.001260s ]
[2023-01-25T08:03:08+08:00][sql] SELECT * FROM `banner` [ RunTime:0.000273s ]
[2023-01-25T08:03:08+08:00][sql] SHOW FULL COLUMNS FROM `information` [ RunTime:0.000987s ]
[2023-01-25T08:03:08+08:00][sql] SELECT * FROM `information` ORDER BY `time` DESC LIMIT 1 [ RunTime:0.000319s ]
[2023-01-25T08:03:08+08:00][sql] SELECT * FROM `information` ORDER BY `time` DESC LIMIT 1,4 [ RunTime:0.000394s ]
[2023-01-25T08:03:08+08:00][sql] SHOW FULL COLUMNS FROM `course` [ RunTime:0.001065s ]
[2023-01-25T08:03:08+08:00][sql] SELECT `id`,`title` FROM `course` ORDER BY `sorting` ASC LIMIT 0,6 [ RunTime:0.000260s ]
[2023-01-25T08:03:08+08:00][sql] SHOW FULL COLUMNS FROM `teacher` [ RunTime:0.000911s ]
[2023-01-25T08:03:08+08:00][sql] SELECT * FROM `teacher` [ RunTime:0.000260s ]
[2023-01-25T08:03:08+08:00][sql] SHOW FULL COLUMNS FROM `address` [ RunTime:0.000925s ]
[2023-01-25T08:03:08+08:00][sql] SELECT * FROM `address` WHERE  `id` = 1 LIMIT 1 [ RunTime:0.000357s ]
[2023-01-25T08:03:08+08:00][sql] SELECT * FROM `address` WHERE  `id` = 2 LIMIT 1 [ RunTime:0.000248s ]
[2023-01-25T08:58:33+08:00][sql] CONNECT:[ UseTime:0.000407s ] mysql:host=localhost;port=3316;dbname=coffee;charset=utf8
[2023-01-25T08:58:33+08:00][sql] SHOW FULL COLUMNS FROM `banner` [ RunTime:0.001215s ]
[2023-01-25T08:58:33+08:00][sql] SELECT * FROM `banner` [ RunTime:0.000215s ]
[2023-01-25T08:58:33+08:00][sql] SHOW FULL COLUMNS FROM `information` [ RunTime:0.001018s ]
[2023-01-25T08:58:33+08:00][sql] SELECT * FROM `information` ORDER BY `time` DESC LIMIT 1 [ RunTime:0.000346s ]
[2023-01-25T08:58:33+08:00][sql] SELECT * FROM `information` ORDER BY `time` DESC LIMIT 1,4 [ RunTime:0.000330s ]
[2023-01-25T08:58:33+08:00][sql] SHOW FULL COLUMNS FROM `course` [ RunTime:0.001213s ]
[2023-01-25T08:58:33+08:00][sql] SELECT `id`,`title` FROM `course` ORDER BY `sorting` ASC LIMIT 0,6 [ RunTime:0.000249s ]
[2023-01-25T08:58:33+08:00][sql] SHOW FULL COLUMNS FROM `teacher` [ RunTime:0.001080s ]
[2023-01-25T08:58:33+08:00][sql] SELECT * FROM `teacher` [ RunTime:0.000245s ]
[2023-01-25T08:58:33+08:00][sql] SHOW FULL COLUMNS FROM `address` [ RunTime:0.001073s ]
[2023-01-25T08:58:33+08:00][sql] SELECT * FROM `address` WHERE  `id` = 1 LIMIT 1 [ RunTime:0.000372s ]
[2023-01-25T08:58:33+08:00][sql] SELECT * FROM `address` WHERE  `id` = 2 LIMIT 1 [ RunTime:0.000216s ]
[2023-01-25T09:14:03+08:00][sql] CONNECT:[ UseTime:0.000402s ] mysql:host=localhost;port=3316;dbname=coffee;charset=utf8
[2023-01-25T09:14:03+08:00][sql] SHOW FULL COLUMNS FROM `banner` [ RunTime:0.001205s ]
[2023-01-25T09:14:03+08:00][sql] SELECT * FROM `banner` [ RunTime:0.000274s ]
[2023-01-25T09:14:03+08:00][sql] SHOW FULL COLUMNS FROM `information` [ RunTime:0.001029s ]
[2023-01-25T09:14:03+08:00][sql] SELECT * FROM `information` ORDER BY `time` DESC LIMIT 1 [ RunTime:0.000313s ]
[2023-01-25T09:14:03+08:00][sql] SELECT * FROM `information` ORDER BY `time` DESC LIMIT 1,4 [ RunTime:0.000471s ]
[2023-01-25T09:14:03+08:00][sql] SHOW FULL COLUMNS FROM `course` [ RunTime:0.001075s ]
[2023-01-25T09:14:03+08:00][sql] SELECT `id`,`title` FROM `course` ORDER BY `sorting` ASC LIMIT 0,6 [ RunTime:0.000264s ]
[2023-01-25T09:14:03+08:00][sql] SHOW FULL COLUMNS FROM `teacher` [ RunTime:0.000953s ]
[2023-01-25T09:14:03+08:00][sql] SELECT * FROM `teacher` [ RunTime:0.000284s ]
[2023-01-25T09:14:03+08:00][sql] SHOW FULL COLUMNS FROM `address` [ RunTime:0.000940s ]
[2023-01-25T09:14:03+08:00][sql] SELECT * FROM `address` WHERE  `id` = 1 LIMIT 1 [ RunTime:0.000282s ]
[2023-01-25T09:14:03+08:00][sql] SELECT * FROM `address` WHERE  `id` = 2 LIMIT 1 [ RunTime:0.000252s ]
[2023-01-25T09:45:23+08:00][sql] CONNECT:[ UseTime:0.000395s ] mysql:host=localhost;port=3316;dbname=coffee;charset=utf8
[2023-01-25T09:45:23+08:00][sql] SHOW FULL COLUMNS FROM `banner` [ RunTime:0.001230s ]
[2023-01-25T09:45:23+08:00][sql] SELECT * FROM `banner` [ RunTime:0.000302s ]
[2023-01-25T09:45:23+08:00][sql] SHOW FULL COLUMNS FROM `information` [ RunTime:0.001058s ]
[2023-01-25T09:45:23+08:00][sql] SELECT * FROM `information` ORDER BY `time` DESC LIMIT 1 [ RunTime:0.000323s ]
[2023-01-25T09:45:23+08:00][sql] SELECT * FROM `information` ORDER BY `time` DESC LIMIT 1,4 [ RunTime:0.000421s ]
[2023-01-25T09:45:23+08:00][sql] SHOW FULL COLUMNS FROM `course` [ RunTime:0.001147s ]
[2023-01-25T09:45:23+08:00][sql] SELECT `id`,`title` FROM `course` ORDER BY `sorting` ASC LIMIT 0,6 [ RunTime:0.000269s ]
[2023-01-25T09:45:23+08:00][sql] SHOW FULL COLUMNS FROM `teacher` [ RunTime:0.000972s ]
[2023-01-25T09:45:23+08:00][sql] SELECT * FROM `teacher` [ RunTime:0.000282s ]
[2023-01-25T09:45:23+08:00][sql] SHOW FULL COLUMNS FROM `address` [ RunTime:0.000935s ]
[2023-01-25T09:45:23+08:00][sql] SELECT * FROM `address` WHERE  `id` = 1 LIMIT 1 [ RunTime:0.000286s ]
[2023-01-25T09:45:23+08:00][sql] SELECT * FROM `address` WHERE  `id` = 2 LIMIT 1 [ RunTime:0.000414s ]
[2023-01-25T10:30:11+08:00][sql] CONNECT:[ UseTime:0.000390s ] mysql:host=localhost;port=3316;dbname=coffee;charset=utf8
[2023-01-25T10:30:11+08:00][sql] SHOW FULL COLUMNS FROM `banner` [ RunTime:0.001207s ]
[2023-01-25T10:30:11+08:00][sql] SELECT * FROM `banner` [ RunTime:0.000217s ]
[2023-01-25T10:30:11+08:00][sql] SHOW FULL COLUMNS FROM `information` [ RunTime:0.000959s ]
[2023-01-25T10:30:11+08:00][sql] SELECT * FROM `information` ORDER BY `time` DESC LIMIT 1 [ RunTime:0.000289s ]
[2023-01-25T10:30:11+08:00][sql] SELECT * FROM `information` ORDER BY `time` DESC LIMIT 1,4 [ RunTime:0.000345s ]
[2023-01-25T10:30:11+08:00][sql] SHOW FULL COLUMNS FROM `course` [ RunTime:0.001042s ]
[2023-01-25T10:30:11+08:00][sql] SELECT `id`,`title` FROM `course` ORDER BY `sorting` ASC LIMIT 0,6 [ RunTime:0.000222s ]
[2023-01-25T10:30:11+08:00][sql] SHOW FULL COLUMNS FROM `teacher` [ RunTime:0.000862s ]
[2023-01-25T10:30:11+08:00][sql] SELECT * FROM `teacher` [ RunTime:0.000213s ]
[2023-01-25T10:30:11+08:00][sql] SHOW FULL COLUMNS FROM `address` [ RunTime:0.000873s ]
[2023-01-25T10:30:11+08:00][sql] SELECT * FROM `address` WHERE  `id` = 1 LIMIT 1 [ RunTime:0.000260s ]
[2023-01-25T10:30:11+08:00][sql] SELECT * FROM `address` WHERE  `id` = 2 LIMIT 1 [ RunTime:0.000196s ]
[2023-01-25T11:01:25+08:00][sql] CONNECT:[ UseTime:0.000398s ] mysql:host=localhost;port=3316;dbname=coffee;charset=utf8
[2023-01-25T11:01:25+08:00][sql] SHOW FULL COLUMNS FROM `banner` [ RunTime:0.001223s ]
[2023-01-25T11:01:25+08:00][sql] SELECT * FROM `banner` [ RunTime:0.000220s ]
[2023-01-25T11:01:25+08:00][sql] SHOW FULL COLUMNS FROM `information` [ RunTime:0.000986s ]
[2023-01-25T11:01:25+08:00][sql] SELECT * FROM `information` ORDER BY `time` DESC LIMIT 1 [ RunTime:0.000277s ]
[2023-01-25T11:01:25+08:00][sql] SELECT * FROM `information` ORDER BY `time` DESC LIMIT 1,4 [ RunTime:0.000352s ]
[2023-01-25T11:01:25+08:00][sql] SHOW FULL COLUMNS FROM `course` [ RunTime:0.001200s ]
[2023-01-25T11:01:25+08:00][sql] SELECT `id`,`title` FROM `course` ORDER BY `sorting` ASC LIMIT 0,6 [ RunTime:0.000226s ]
[2023-01-25T11:01:25+08:00][sql] SHOW FULL COLUMNS FROM `teacher` [ RunTime:0.000980s ]
[2023-01-25T11:01:25+08:00][sql] SELECT * FROM `teacher` [ RunTime:0.000251s ]
[2023-01-25T11:01:25+08:00][sql] SHOW FULL COLUMNS FROM `address` [ RunTime:0.000916s ]
[2023-01-25T11:01:25+08:00][sql] SELECT * FROM `address` WHERE  `id` = 1 LIMIT 1 [ RunTime:0.000246s ]
[2023-01-25T11:01:25+08:00][sql] SELECT * FROM `address` WHERE  `id` = 2 LIMIT 1 [ RunTime:0.000212s ]
[2023-01-25T11:33:07+08:00][sql] CONNECT:[ UseTime:0.000404s ] mysql:host=localhost;port=3316;dbname=coffee;charset=utf8
[2023-01-25T11:33:07+08:00][sql] SHOW FULL COLUMNS FROM `banner` [ RunTime:0.001278s ]
[2023-01-25T11:33:07+08:00][sql] SELECT * FROM `banner` [ RunTime:0.000228s ]
[2023-01-25T11:33:07+08:00][sql] SHOW FULL COLUMNS FROM `information` [ RunTime:0.000970s ]
[2023-01-25T11:33:07+08:00][sql] SELECT * FROM `information` ORDER BY `time` DESC LIMIT 1 [ RunTime:0.000386s ]
[2023-01-25T11:33:07+08:00][sql] SELECT * FROM `information` ORDER BY `time` DESC LIMIT 1,4 [ RunTime:0.000363s ]
[2023-01-25T11:33:07+08:00][sql] SHOW FULL COLUMNS FROM `course` [ RunTime:0.002391s ]
[2023-01-25T11:33:07+08:00][sql] SELECT `id`,`title` FROM `course` ORDER BY `sorting` ASC LIMIT 0,6 [ RunTime:0.000280s ]
[2023-01-25T11:33:07+08:00][sql] SHOW FULL COLUMNS FROM `teacher` [ RunTime:0.000958s ]
[2023-01-25T11:33:07+08:00][sql] SELECT * FROM `teacher` [ RunTime:0.000297s ]
[2023-01-25T11:33:07+08:00][sql] SHOW FULL COLUMNS FROM `address` [ RunTime:0.001180s ]
[2023-01-25T11:33:07+08:00][sql] SELECT * FROM `address` WHERE  `id` = 1 LIMIT 1 [ RunTime:0.000411s ]
[2023-01-25T11:33:07+08:00][sql] SELECT * FROM `address` WHERE  `id` = 2 LIMIT 1 [ RunTime:0.000293s ]
[2023-01-25T12:12:12+08:00][sql] CONNECT:[ UseTime:0.000374s ] mysql:host=localhost;port=3316;dbname=coffee;charset=utf8
[2023-01-25T12:12:12+08:00][sql] SHOW FULL COLUMNS FROM `banner` [ RunTime:0.001207s ]
[2023-01-25T12:12:12+08:00][sql] SELECT * FROM `banner` [ RunTime:0.000227s ]
[2023-01-25T12:12:12+08:00][sql] SHOW FULL COLUMNS FROM `information` [ RunTime:0.000921s ]
[2023-01-25T12:12:12+08:00][sql] SELECT * FROM `information` ORDER BY `time` DESC LIMIT 1 [ RunTime:0.000284s ]
[2023-01-25T12:12:12+08:00][sql] SELECT * FROM `information` ORDER BY `time` DESC LIMIT 1,4 [ RunTime:0.000344s ]
[2023-01-25T12:12:12+08:00][sql] SHOW FULL COLUMNS FROM `course` [ RunTime:0.001038s ]
[2023-01-25T12:12:12+08:00][sql] SELECT `id`,`title` FROM `course` ORDER BY `sorting` ASC LIMIT 0,6 [ RunTime:0.000233s ]
[2023-01-25T12:12:12+08:00][sql] SHOW FULL COLUMNS FROM `teacher` [ RunTime:0.000894s ]
[2023-01-25T12:12:12+08:00][sql] SELECT * FROM `teacher` [ RunTime:0.000218s ]
[2023-01-25T12:12:12+08:00][sql] SHOW FULL COLUMNS FROM `address` [ RunTime:0.000870s ]
[2023-01-25T12:12:12+08:00][sql] SELECT * FROM `address` WHERE  `id` = 1 LIMIT 1 [ RunTime:0.000249s ]
[2023-01-25T12:12:12+08:00][sql] SELECT * FROM `address` WHERE  `id` = 2 LIMIT 1 [ RunTime:0.000198s ]
[2023-01-25T12:16:52+08:00][sql] CONNECT:[ UseTime:0.000399s ] mysql:host=localhost;port=3316;dbname=coffee;charset=utf8
[2023-01-25T12:16:52+08:00][sql] SHOW FULL COLUMNS FROM `banner` [ RunTime:0.001359s ]
[2023-01-25T12:16:52+08:00][sql] SELECT * FROM `banner` [ RunTime:0.000269s ]
[2023-01-25T12:16:52+08:00][sql] SHOW FULL COLUMNS FROM `information` [ RunTime:0.001003s ]
[2023-01-25T12:16:52+08:00][sql] SELECT * FROM `information` ORDER BY `time` DESC LIMIT 1 [ RunTime:0.000428s ]
[2023-01-25T12:16:52+08:00][sql] SELECT * FROM `information` ORDER BY `time` DESC LIMIT 1,4 [ RunTime:0.000391s ]
[2023-01-25T12:16:52+08:00][sql] SHOW FULL COLUMNS FROM `course` [ RunTime:0.001084s ]
[2023-01-25T12:16:52+08:00][sql] SELECT `id`,`title` FROM `course` ORDER BY `sorting` ASC LIMIT 0,6 [ RunTime:0.000341s ]
[2023-01-25T12:16:52+08:00][sql] SHOW FULL COLUMNS FROM `teacher` [ RunTime:0.000950s ]
[2023-01-25T12:16:52+08:00][sql] SELECT * FROM `teacher` [ RunTime:0.000264s ]
[2023-01-25T12:16:52+08:00][sql] SHOW FULL COLUMNS FROM `address` [ RunTime:0.000909s ]
[2023-01-25T12:16:52+08:00][sql] SELECT * FROM `address` WHERE  `id` = 1 LIMIT 1 [ RunTime:0.000309s ]
[2023-01-25T12:16:52+08:00][sql] SELECT * FROM `address` WHERE  `id` = 2 LIMIT 1 [ RunTime:0.000249s ]
[2023-01-25T12:21:12+08:00][sql] CONNECT:[ UseTime:0.001420s ] mysql:host=localhost;port=3316;dbname=coffee;charset=utf8
[2023-01-25T12:21:12+08:00][sql] SHOW FULL COLUMNS FROM `banner` [ RunTime:0.001664s ]
[2023-01-25T12:21:12+08:00][sql] SELECT * FROM `banner` [ RunTime:0.000295s ]
[2023-01-25T12:21:12+08:00][sql] SHOW FULL COLUMNS FROM `information` [ RunTime:0.001319s ]
[2023-01-25T12:21:12+08:00][sql] SELECT * FROM `information` ORDER BY `time` DESC LIMIT 1 [ RunTime:0.000300s ]
[2023-01-25T12:21:12+08:00][sql] SELECT * FROM `information` ORDER BY `time` DESC LIMIT 1,4 [ RunTime:0.000326s ]
[2023-01-25T12:21:12+08:00][sql] SHOW FULL COLUMNS FROM `course` [ RunTime:0.001075s ]
[2023-01-25T12:21:12+08:00][sql] SELECT `id`,`title` FROM `course` ORDER BY `sorting` ASC LIMIT 0,6 [ RunTime:0.000232s ]
[2023-01-25T12:21:12+08:00][sql] SHOW FULL COLUMNS FROM `teacher` [ RunTime:0.000881s ]
[2023-01-25T12:21:12+08:00][sql] SELECT * FROM `teacher` [ RunTime:0.000229s ]
[2023-01-25T12:21:12+08:00][sql] SHOW FULL COLUMNS FROM `address` [ RunTime:0.000872s ]
[2023-01-25T12:21:12+08:00][sql] SELECT * FROM `address` WHERE  `id` = 1 LIMIT 1 [ RunTime:0.000240s ]
[2023-01-25T12:21:12+08:00][sql] SELECT * FROM `address` WHERE  `id` = 2 LIMIT 1 [ RunTime:0.000207s ]
[2023-01-25T13:29:28+08:00][sql] CONNECT:[ UseTime:0.000367s ] mysql:host=localhost;port=3316;dbname=coffee;charset=utf8
[2023-01-25T13:29:28+08:00][sql] SHOW FULL COLUMNS FROM `banner` [ RunTime:0.001218s ]
[2023-01-25T13:29:28+08:00][sql] SELECT * FROM `banner` [ RunTime:0.000245s ]
[2023-01-25T13:29:28+08:00][sql] SHOW FULL COLUMNS FROM `information` [ RunTime:0.001025s ]
[2023-01-25T13:29:28+08:00][sql] SELECT * FROM `information` ORDER BY `time` DESC LIMIT 1 [ RunTime:0.000293s ]
[2023-01-25T13:29:28+08:00][sql] SELECT * FROM `information` ORDER BY `time` DESC LIMIT 1,4 [ RunTime:0.000346s ]
[2023-01-25T13:29:28+08:00][sql] SHOW FULL COLUMNS FROM `course` [ RunTime:0.001045s ]
[2023-01-25T13:29:28+08:00][sql] SELECT `id`,`title` FROM `course` ORDER BY `sorting` ASC LIMIT 0,6 [ RunTime:0.000241s ]
[2023-01-25T13:29:28+08:00][sql] SHOW FULL COLUMNS FROM `teacher` [ RunTime:0.000915s ]
[2023-01-25T13:29:28+08:00][sql] SELECT * FROM `teacher` [ RunTime:0.000229s ]
[2023-01-25T13:29:28+08:00][sql] SHOW FULL COLUMNS FROM `address` [ RunTime:0.001000s ]
[2023-01-25T13:29:28+08:00][sql] SELECT * FROM `address` WHERE  `id` = 1 LIMIT 1 [ RunTime:0.000285s ]
[2023-01-25T13:29:28+08:00][sql] SELECT * FROM `address` WHERE  `id` = 2 LIMIT 1 [ RunTime:0.000222s ]
[2023-01-25T13:34:11+08:00][sql] CONNECT:[ UseTime:0.000482s ] mysql:host=localhost;port=3316;dbname=coffee;charset=utf8
[2023-01-25T13:34:11+08:00][sql] SHOW FULL COLUMNS FROM `banner` [ RunTime:0.001257s ]
[2023-01-25T13:34:11+08:00][sql] SELECT * FROM `banner` [ RunTime:0.000254s ]
[2023-01-25T13:34:11+08:00][sql] SHOW FULL COLUMNS FROM `information` [ RunTime:0.000965s ]
[2023-01-25T13:34:11+08:00][sql] SELECT * FROM `information` ORDER BY `time` DESC LIMIT 1 [ RunTime:0.000340s ]
[2023-01-25T13:34:11+08:00][sql] SELECT * FROM `information` ORDER BY `time` DESC LIMIT 1,4 [ RunTime:0.000392s ]
[2023-01-25T13:34:11+08:00][sql] SHOW FULL COLUMNS FROM `course` [ RunTime:0.001110s ]
[2023-01-25T13:34:11+08:00][sql] SELECT `id`,`title` FROM `course` ORDER BY `sorting` ASC LIMIT 0,6 [ RunTime:0.000267s ]
[2023-01-25T13:34:11+08:00][sql] SHOW FULL COLUMNS FROM `teacher` [ RunTime:0.000904s ]
[2023-01-25T13:34:11+08:00][sql] SELECT * FROM `teacher` [ RunTime:0.000266s ]
[2023-01-25T13:34:11+08:00][sql] SHOW FULL COLUMNS FROM `address` [ RunTime:0.000925s ]
[2023-01-25T13:34:11+08:00][sql] SELECT * FROM `address` WHERE  `id` = 1 LIMIT 1 [ RunTime:0.000287s ]
[2023-01-25T13:34:11+08:00][sql] SELECT * FROM `address` WHERE  `id` = 2 LIMIT 1 [ RunTime:0.000280s ]
[2023-01-25T14:03:50+08:00][sql] CONNECT:[ UseTime:0.000418s ] mysql:host=localhost;port=3316;dbname=coffee;charset=utf8
[2023-01-25T14:03:50+08:00][sql] SHOW FULL COLUMNS FROM `banner` [ RunTime:0.001273s ]
[2023-01-25T14:03:50+08:00][sql] SELECT * FROM `banner` [ RunTime:0.000257s ]
[2023-01-25T14:03:50+08:00][sql] SHOW FULL COLUMNS FROM `information` [ RunTime:0.001030s ]
[2023-01-25T14:03:50+08:00][sql] SELECT * FROM `information` ORDER BY `time` DESC LIMIT 1 [ RunTime:0.000320s ]
[2023-01-25T14:03:50+08:00][sql] SELECT * FROM `information` ORDER BY `time` DESC LIMIT 1,4 [ RunTime:0.000401s ]
[2023-01-25T14:03:50+08:00][sql] SHOW FULL COLUMNS FROM `course` [ RunTime:0.001079s ]
[2023-01-25T14:03:50+08:00][sql] SELECT `id`,`title` FROM `course` ORDER BY `sorting` ASC LIMIT 0,6 [ RunTime:0.000265s ]
[2023-01-25T14:03:50+08:00][sql] SHOW FULL COLUMNS FROM `teacher` [ RunTime:0.000914s ]
[2023-01-25T14:03:50+08:00][sql] SELECT * FROM `teacher` [ RunTime:0.000267s ]
[2023-01-25T14:03:50+08:00][sql] SHOW FULL COLUMNS FROM `address` [ RunTime:0.000905s ]
[2023-01-25T14:03:50+08:00][sql] SELECT * FROM `address` WHERE  `id` = 1 LIMIT 1 [ RunTime:0.000277s ]
[2023-01-25T14:03:50+08:00][sql] SELECT * FROM `address` WHERE  `id` = 2 LIMIT 1 [ RunTime:0.000259s ]
[2023-01-25T14:10:06+08:00][sql] CONNECT:[ UseTime:0.000553s ] mysql:host=localhost;port=3316;dbname=coffee;charset=utf8
[2023-01-25T14:10:06+08:00][sql] SHOW FULL COLUMNS FROM `banner` [ RunTime:0.001373s ]
[2023-01-25T14:10:06+08:00][sql] SELECT * FROM `banner` [ RunTime:0.000266s ]
[2023-01-25T14:10:06+08:00][sql] SHOW FULL COLUMNS FROM `information` [ RunTime:0.001144s ]
[2023-01-25T14:10:06+08:00][sql] SELECT * FROM `information` ORDER BY `time` DESC LIMIT 1 [ RunTime:0.000416s ]
[2023-01-25T14:10:06+08:00][sql] SELECT * FROM `information` ORDER BY `time` DESC LIMIT 1,4 [ RunTime:0.000459s ]
[2023-01-25T14:10:06+08:00][sql] SHOW FULL COLUMNS FROM `course` [ RunTime:0.001304s ]
[2023-01-25T14:10:06+08:00][sql] SELECT `id`,`title` FROM `course` ORDER BY `sorting` ASC LIMIT 0,6 [ RunTime:0.000297s ]
[2023-01-25T14:10:06+08:00][sql] SHOW FULL COLUMNS FROM `teacher` [ RunTime:0.001133s ]
[2023-01-25T14:10:06+08:00][sql] SELECT * FROM `teacher` [ RunTime:0.000267s ]
[2023-01-25T14:10:06+08:00][sql] SHOW FULL COLUMNS FROM `address` [ RunTime:0.001164s ]
[2023-01-25T14:10:06+08:00][sql] SELECT * FROM `address` WHERE  `id` = 1 LIMIT 1 [ RunTime:0.000301s ]
[2023-01-25T14:10:06+08:00][sql] SELECT * FROM `address` WHERE  `id` = 2 LIMIT 1 [ RunTime:0.000383s ]
[2023-01-25T14:14:53+08:00][sql] CONNECT:[ UseTime:0.000444s ] mysql:host=localhost;port=3316;dbname=coffee;charset=utf8
[2023-01-25T14:14:53+08:00][sql] SHOW FULL COLUMNS FROM `banner` [ RunTime:0.001315s ]
[2023-01-25T14:14:53+08:00][sql] SELECT * FROM `banner` [ RunTime:0.000258s ]
[2023-01-25T14:14:53+08:00][sql] SHOW FULL COLUMNS FROM `information` [ RunTime:0.001026s ]
[2023-01-25T14:14:53+08:00][sql] SELECT * FROM `information` ORDER BY `time` DESC LIMIT 1 [ RunTime:0.000346s ]
[2023-01-25T14:14:53+08:00][sql] SELECT * FROM `information` ORDER BY `time` DESC LIMIT 1,4 [ RunTime:0.000400s ]
[2023-01-25T14:14:53+08:00][sql] SHOW FULL COLUMNS FROM `course` [ RunTime:0.001097s ]
[2023-01-25T14:14:53+08:00][sql] SELECT `id`,`title` FROM `course` ORDER BY `sorting` ASC LIMIT 0,6 [ RunTime:0.000275s ]
[2023-01-25T14:14:53+08:00][sql] SHOW FULL COLUMNS FROM `teacher` [ RunTime:0.000947s ]
[2023-01-25T14:14:53+08:00][sql] SELECT * FROM `teacher` [ RunTime:0.000268s ]
[2023-01-25T14:14:53+08:00][sql] SHOW FULL COLUMNS FROM `address` [ RunTime:0.000953s ]
[2023-01-25T14:14:53+08:00][sql] SELECT * FROM `address` WHERE  `id` = 1 LIMIT 1 [ RunTime:0.000315s ]
[2023-01-25T14:14:53+08:00][sql] SELECT * FROM `address` WHERE  `id` = 2 LIMIT 1 [ RunTime:0.000249s ]
[2023-01-25T14:25:31+08:00][sql] CONNECT:[ UseTime:0.000435s ] mysql:host=localhost;port=3316;dbname=coffee;charset=utf8
[2023-01-25T14:25:31+08:00][sql] SHOW FULL COLUMNS FROM `banner` [ RunTime:0.001390s ]
[2023-01-25T14:25:31+08:00][sql] SELECT * FROM `banner` [ RunTime:0.000235s ]
[2023-01-25T14:25:31+08:00][sql] SHOW FULL COLUMNS FROM `information` [ RunTime:0.001127s ]
[2023-01-25T14:25:31+08:00][sql] SELECT * FROM `information` ORDER BY `time` DESC LIMIT 1 [ RunTime:0.000313s ]
[2023-01-25T14:25:31+08:00][sql] SELECT * FROM `information` ORDER BY `time` DESC LIMIT 1,4 [ RunTime:0.000458s ]
[2023-01-25T14:25:31+08:00][sql] SHOW FULL COLUMNS FROM `course` [ RunTime:0.001220s ]
[2023-01-25T14:25:31+08:00][sql] SELECT `id`,`title` FROM `course` ORDER BY `sorting` ASC LIMIT 0,6 [ RunTime:0.000232s ]
[2023-01-25T14:25:31+08:00][sql] SHOW FULL COLUMNS FROM `teacher` [ RunTime:0.000976s ]
[2023-01-25T14:25:31+08:00][sql] SELECT * FROM `teacher` [ RunTime:0.000263s ]
[2023-01-25T14:25:31+08:00][sql] SHOW FULL COLUMNS FROM `address` [ RunTime:0.000979s ]
[2023-01-25T14:25:31+08:00][sql] SELECT * FROM `address` WHERE  `id` = 1 LIMIT 1 [ RunTime:0.000250s ]
[2023-01-25T14:25:31+08:00][sql] SELECT * FROM `address` WHERE  `id` = 2 LIMIT 1 [ RunTime:0.000213s ]
[2023-01-25T14:29:51+08:00][sql] CONNECT:[ UseTime:0.000436s ] mysql:host=localhost;port=3316;dbname=coffee;charset=utf8
[2023-01-25T14:29:51+08:00][sql] SHOW FULL COLUMNS FROM `banner` [ RunTime:0.001305s ]
[2023-01-25T14:29:51+08:00][sql] SELECT * FROM `banner` [ RunTime:0.000218s ]
[2023-01-25T14:29:51+08:00][sql] SHOW FULL COLUMNS FROM `information` [ RunTime:0.000993s ]
[2023-01-25T14:29:51+08:00][sql] SELECT * FROM `information` ORDER BY `time` DESC LIMIT 1 [ RunTime:0.000336s ]
[2023-01-25T14:29:51+08:00][sql] SELECT * FROM `information` ORDER BY `time` DESC LIMIT 1,4 [ RunTime:0.000330s ]
[2023-01-25T14:29:51+08:00][sql] SHOW FULL COLUMNS FROM `course` [ RunTime:0.001074s ]
[2023-01-25T14:29:51+08:00][sql] SELECT `id`,`title` FROM `course` ORDER BY `sorting` ASC LIMIT 0,6 [ RunTime:0.000264s ]
[2023-01-25T14:29:51+08:00][sql] SHOW FULL COLUMNS FROM `teacher` [ RunTime:0.000894s ]
[2023-01-25T14:29:51+08:00][sql] SELECT * FROM `teacher` [ RunTime:0.000228s ]
[2023-01-25T14:29:51+08:00][sql] SHOW FULL COLUMNS FROM `address` [ RunTime:0.000922s ]
[2023-01-25T14:29:51+08:00][sql] SELECT * FROM `address` WHERE  `id` = 1 LIMIT 1 [ RunTime:0.000266s ]
[2023-01-25T14:29:51+08:00][sql] SELECT * FROM `address` WHERE  `id` = 2 LIMIT 1 [ RunTime:0.000251s ]
[2023-01-25T14:48:59+08:00][sql] CONNECT:[ UseTime:0.000441s ] mysql:host=localhost;port=3316;dbname=coffee;charset=utf8
[2023-01-25T14:48:59+08:00][sql] SHOW FULL COLUMNS FROM `banner` [ RunTime:0.001371s ]
[2023-01-25T14:48:59+08:00][sql] SELECT * FROM `banner` [ RunTime:0.000242s ]
[2023-01-25T14:48:59+08:00][sql] SHOW FULL COLUMNS FROM `information` [ RunTime:0.001076s ]
[2023-01-25T14:48:59+08:00][sql] SELECT * FROM `information` ORDER BY `time` DESC LIMIT 1 [ RunTime:0.000295s ]
[2023-01-25T14:48:59+08:00][sql] SELECT * FROM `information` ORDER BY `time` DESC LIMIT 1,4 [ RunTime:0.000342s ]
[2023-01-25T14:48:59+08:00][sql] SHOW FULL COLUMNS FROM `course` [ RunTime:0.001074s ]
[2023-01-25T14:48:59+08:00][sql] SELECT `id`,`title` FROM `course` ORDER BY `sorting` ASC LIMIT 0,6 [ RunTime:0.000215s ]
[2023-01-25T14:48:59+08:00][sql] SHOW FULL COLUMNS FROM `teacher` [ RunTime:0.000910s ]
[2023-01-25T14:48:59+08:00][sql] SELECT * FROM `teacher` [ RunTime:0.000258s ]
[2023-01-25T14:48:59+08:00][sql] SHOW FULL COLUMNS FROM `address` [ RunTime:0.000990s ]
[2023-01-25T14:48:59+08:00][sql] SELECT * FROM `address` WHERE  `id` = 1 LIMIT 1 [ RunTime:0.000244s ]
[2023-01-25T14:48:59+08:00][sql] SELECT * FROM `address` WHERE  `id` = 2 LIMIT 1 [ RunTime:0.000207s ]
[2023-01-25T14:49:56+08:00][sql] CONNECT:[ UseTime:0.000453s ] mysql:host=localhost;port=3316;dbname=coffee;charset=utf8
[2023-01-25T14:49:56+08:00][sql] SHOW FULL COLUMNS FROM `banner` [ RunTime:0.001804s ]
[2023-01-25T14:49:56+08:00][sql] SELECT * FROM `banner` [ RunTime:0.000290s ]
[2023-01-25T14:49:56+08:00][sql] SHOW FULL COLUMNS FROM `information` [ RunTime:0.001029s ]
[2023-01-25T14:49:56+08:00][sql] SELECT * FROM `information` ORDER BY `time` DESC LIMIT 1 [ RunTime:0.000321s ]
[2023-01-25T14:49:56+08:00][sql] SELECT * FROM `information` ORDER BY `time` DESC LIMIT 1,4 [ RunTime:0.000339s ]
[2023-01-25T14:49:56+08:00][sql] SHOW FULL COLUMNS FROM `course` [ RunTime:0.001073s ]
[2023-01-25T14:49:56+08:00][sql] SELECT `id`,`title` FROM `course` ORDER BY `sorting` ASC LIMIT 0,6 [ RunTime:0.000244s ]
[2023-01-25T14:49:56+08:00][sql] SHOW FULL COLUMNS FROM `teacher` [ RunTime:0.000939s ]
[2023-01-25T14:49:56+08:00][sql] SELECT * FROM `teacher` [ RunTime:0.000243s ]
[2023-01-25T14:49:56+08:00][sql] SHOW FULL COLUMNS FROM `address` [ RunTime:0.000917s ]
[2023-01-25T14:49:56+08:00][sql] SELECT * FROM `address` WHERE  `id` = 1 LIMIT 1 [ RunTime:0.000246s ]
[2023-01-25T14:49:56+08:00][sql] SELECT * FROM `address` WHERE  `id` = 2 LIMIT 1 [ RunTime:0.000232s ]
[2023-01-25T14:49:58+08:00][sql] CONNECT:[ UseTime:0.000386s ] mysql:host=localhost;port=3316;dbname=coffee;charset=utf8
[2023-01-25T14:49:58+08:00][sql] SHOW FULL COLUMNS FROM `banner` [ RunTime:0.001235s ]
[2023-01-25T14:49:58+08:00][sql] SELECT * FROM `banner` [ RunTime:0.000234s ]
[2023-01-25T14:49:58+08:00][sql] SHOW FULL COLUMNS FROM `information` [ RunTime:0.001028s ]
[2023-01-25T14:49:58+08:00][sql] SELECT * FROM `information` ORDER BY `time` DESC LIMIT 1 [ RunTime:0.000300s ]
[2023-01-25T14:49:58+08:00][sql] SELECT * FROM `information` ORDER BY `time` DESC LIMIT 1,4 [ RunTime:0.000356s ]
[2023-01-25T14:49:58+08:00][sql] SHOW FULL COLUMNS FROM `course` [ RunTime:0.001064s ]
[2023-01-25T14:49:58+08:00][sql] SELECT `id`,`title` FROM `course` ORDER BY `sorting` ASC LIMIT 0,6 [ RunTime:0.000259s ]
[2023-01-25T14:49:58+08:00][sql] SHOW FULL COLUMNS FROM `teacher` [ RunTime:0.001007s ]
[2023-01-25T14:49:58+08:00][sql] SELECT * FROM `teacher` [ RunTime:0.000252s ]
[2023-01-25T14:49:58+08:00][sql] SHOW FULL COLUMNS FROM `address` [ RunTime:0.000917s ]
[2023-01-25T14:49:58+08:00][sql] SELECT * FROM `address` WHERE  `id` = 1 LIMIT 1 [ RunTime:0.000254s ]
[2023-01-25T14:49:58+08:00][sql] SELECT * FROM `address` WHERE  `id` = 2 LIMIT 1 [ RunTime:0.000210s ]
[2023-01-25T15:04:46+08:00][sql] CONNECT:[ UseTime:0.000430s ] mysql:host=localhost;port=3316;dbname=coffee;charset=utf8
[2023-01-25T15:04:46+08:00][sql] SHOW FULL COLUMNS FROM `banner` [ RunTime:0.001455s ]
[2023-01-25T15:04:46+08:00][sql] SELECT * FROM `banner` [ RunTime:0.000262s ]
[2023-01-25T15:04:46+08:00][sql] SHOW FULL COLUMNS FROM `information` [ RunTime:0.001107s ]
[2023-01-25T15:04:46+08:00][sql] SELECT * FROM `information` ORDER BY `time` DESC LIMIT 1 [ RunTime:0.000348s ]
[2023-01-25T15:04:46+08:00][sql] SELECT * FROM `information` ORDER BY `time` DESC LIMIT 1,4 [ RunTime:0.000387s ]
[2023-01-25T15:04:46+08:00][sql] SHOW FULL COLUMNS FROM `course` [ RunTime:0.001227s ]
[2023-01-25T15:04:46+08:00][sql] SELECT `id`,`title` FROM `course` ORDER BY `sorting` ASC LIMIT 0,6 [ RunTime:0.000279s ]
[2023-01-25T15:04:46+08:00][sql] SHOW FULL COLUMNS FROM `teacher` [ RunTime:0.000990s ]
[2023-01-25T15:04:46+08:00][sql] SELECT * FROM `teacher` [ RunTime:0.000320s ]
[2023-01-25T15:04:46+08:00][sql] SHOW FULL COLUMNS FROM `address` [ RunTime:0.001132s ]
[2023-01-25T15:04:46+08:00][sql] SELECT * FROM `address` WHERE  `id` = 1 LIMIT 1 [ RunTime:0.000280s ]
[2023-01-25T15:04:46+08:00][sql] SELECT * FROM `address` WHERE  `id` = 2 LIMIT 1 [ RunTime:0.000302s ]
[2023-01-25T15:58:10+08:00][sql] CONNECT:[ UseTime:0.000362s ] mysql:host=localhost;port=3316;dbname=coffee;charset=utf8
[2023-01-25T15:58:10+08:00][sql] SHOW FULL COLUMNS FROM `banner` [ RunTime:0.001301s ]
[2023-01-25T15:58:10+08:00][sql] SELECT * FROM `banner` [ RunTime:0.000225s ]
[2023-01-25T15:58:10+08:00][sql] SHOW FULL COLUMNS FROM `information` [ RunTime:0.000967s ]
[2023-01-25T15:58:10+08:00][sql] SELECT * FROM `information` ORDER BY `time` DESC LIMIT 1 [ RunTime:0.000285s ]
[2023-01-25T15:58:10+08:00][sql] SELECT * FROM `information` ORDER BY `time` DESC LIMIT 1,4 [ RunTime:0.000363s ]
[2023-01-25T15:58:10+08:00][sql] SHOW FULL COLUMNS FROM `course` [ RunTime:0.001068s ]
[2023-01-25T15:58:10+08:00][sql] SELECT `id`,`title` FROM `course` ORDER BY `sorting` ASC LIMIT 0,6 [ RunTime:0.000228s ]
[2023-01-25T15:58:10+08:00][sql] SHOW FULL COLUMNS FROM `teacher` [ RunTime:0.000882s ]
[2023-01-25T15:58:10+08:00][sql] SELECT * FROM `teacher` [ RunTime:0.000279s ]
[2023-01-25T15:58:10+08:00][sql] SHOW FULL COLUMNS FROM `address` [ RunTime:0.000955s ]
[2023-01-25T15:58:10+08:00][sql] SELECT * FROM `address` WHERE  `id` = 1 LIMIT 1 [ RunTime:0.000247s ]
[2023-01-25T15:58:10+08:00][sql] SELECT * FROM `address` WHERE  `id` = 2 LIMIT 1 [ RunTime:0.000212s ]
[2023-01-25T15:58:45+08:00][sql] CONNECT:[ UseTime:0.000435s ] mysql:host=localhost;port=3316;dbname=coffee;charset=utf8
[2023-01-25T15:58:45+08:00][sql] SHOW FULL COLUMNS FROM `banner` [ RunTime:0.001784s ]
[2023-01-25T15:58:45+08:00][sql] SELECT * FROM `banner` [ RunTime:0.000271s ]
[2023-01-25T15:58:45+08:00][sql] SHOW FULL COLUMNS FROM `information` [ RunTime:0.001662s ]
[2023-01-25T15:58:45+08:00][sql] SELECT * FROM `information` ORDER BY `time` DESC LIMIT 1 [ RunTime:0.000425s ]
[2023-01-25T15:58:45+08:00][sql] SELECT * FROM `information` ORDER BY `time` DESC LIMIT 1,4 [ RunTime:0.000522s ]
[2023-01-25T15:58:45+08:00][sql] SHOW FULL COLUMNS FROM `course` [ RunTime:0.001600s ]
[2023-01-25T15:58:45+08:00][sql] SELECT `id`,`title` FROM `course` ORDER BY `sorting` ASC LIMIT 0,6 [ RunTime:0.000350s ]
[2023-01-25T15:58:45+08:00][sql] SHOW FULL COLUMNS FROM `teacher` [ RunTime:0.001383s ]
[2023-01-25T15:58:45+08:00][sql] SELECT * FROM `teacher` [ RunTime:0.000277s ]
[2023-01-25T15:58:45+08:00][sql] SHOW FULL COLUMNS FROM `address` [ RunTime:0.001340s ]
[2023-01-25T15:58:45+08:00][sql] SELECT * FROM `address` WHERE  `id` = 1 LIMIT 1 [ RunTime:0.000274s ]
[2023-01-25T15:58:45+08:00][sql] SELECT * FROM `address` WHERE  `id` = 2 LIMIT 1 [ RunTime:0.000285s ]
[2023-01-25T16:09:36+08:00][sql] CONNECT:[ UseTime:0.000391s ] mysql:host=localhost;port=3316;dbname=coffee;charset=utf8
[2023-01-25T16:09:36+08:00][sql] SHOW FULL COLUMNS FROM `banner` [ RunTime:0.001197s ]
[2023-01-25T16:09:36+08:00][sql] SELECT * FROM `banner` [ RunTime:0.000254s ]
[2023-01-25T16:09:36+08:00][sql] SHOW FULL COLUMNS FROM `information` [ RunTime:0.000955s ]
[2023-01-25T16:09:36+08:00][sql] SELECT * FROM `information` ORDER BY `time` DESC LIMIT 1 [ RunTime:0.000283s ]
[2023-01-25T16:09:36+08:00][sql] SELECT * FROM `information` ORDER BY `time` DESC LIMIT 1,4 [ RunTime:0.000364s ]
[2023-01-25T16:09:36+08:00][sql] SHOW FULL COLUMNS FROM `course` [ RunTime:0.001018s ]
[2023-01-25T16:09:36+08:00][sql] SELECT `id`,`title` FROM `course` ORDER BY `sorting` ASC LIMIT 0,6 [ RunTime:0.000224s ]
[2023-01-25T16:09:36+08:00][sql] SHOW FULL COLUMNS FROM `teacher` [ RunTime:0.000968s ]
[2023-01-25T16:09:36+08:00][sql] SELECT * FROM `teacher` [ RunTime:0.000214s ]
[2023-01-25T16:09:36+08:00][sql] SHOW FULL COLUMNS FROM `address` [ RunTime:0.000920s ]
[2023-01-25T16:09:36+08:00][sql] SELECT * FROM `address` WHERE  `id` = 1 LIMIT 1 [ RunTime:0.000242s ]
[2023-01-25T16:09:36+08:00][sql] SELECT * FROM `address` WHERE  `id` = 2 LIMIT 1 [ RunTime:0.000190s ]
[2023-01-25T16:23:19+08:00][sql] CONNECT:[ UseTime:0.000419s ] mysql:host=localhost;port=3316;dbname=coffee;charset=utf8
[2023-01-25T16:23:19+08:00][sql] SHOW FULL COLUMNS FROM `banner` [ RunTime:0.001187s ]
[2023-01-25T16:23:19+08:00][sql] SELECT * FROM `banner` [ RunTime:0.000224s ]
[2023-01-25T16:23:19+08:00][sql] SHOW FULL COLUMNS FROM `information` [ RunTime:0.000940s ]
[2023-01-25T16:23:19+08:00][sql] SELECT * FROM `information` ORDER BY `time` DESC LIMIT 1 [ RunTime:0.000276s ]
[2023-01-25T16:23:19+08:00][sql] SELECT * FROM `information` ORDER BY `time` DESC LIMIT 1,4 [ RunTime:0.000342s ]
[2023-01-25T16:23:19+08:00][sql] SHOW FULL COLUMNS FROM `course` [ RunTime:0.001067s ]
[2023-01-25T16:23:19+08:00][sql] SELECT `id`,`title` FROM `course` ORDER BY `sorting` ASC LIMIT 0,6 [ RunTime:0.000256s ]
[2023-01-25T16:23:19+08:00][sql] SHOW FULL COLUMNS FROM `teacher` [ RunTime:0.000917s ]
[2023-01-25T16:23:19+08:00][sql] SELECT * FROM `teacher` [ RunTime:0.000238s ]
[2023-01-25T16:23:19+08:00][sql] SHOW FULL COLUMNS FROM `address` [ RunTime:0.000824s ]
[2023-01-25T16:23:19+08:00][sql] SELECT * FROM `address` WHERE  `id` = 1 LIMIT 1 [ RunTime:0.000227s ]
[2023-01-25T16:23:19+08:00][sql] SELECT * FROM `address` WHERE  `id` = 2 LIMIT 1 [ RunTime:0.000193s ]
[2023-01-25T16:25:16+08:00][sql] CONNECT:[ UseTime:0.000450s ] mysql:host=localhost;port=3316;dbname=coffee;charset=utf8
[2023-01-25T16:25:16+08:00][sql] SHOW FULL COLUMNS FROM `banner` [ RunTime:0.001368s ]
[2023-01-25T16:25:16+08:00][sql] SELECT * FROM `banner` [ RunTime:0.000262s ]
[2023-01-25T16:25:16+08:00][sql] SHOW FULL COLUMNS FROM `information` [ RunTime:0.001074s ]
[2023-01-25T16:25:16+08:00][sql] SELECT * FROM `information` ORDER BY `time` DESC LIMIT 1 [ RunTime:0.000340s ]
[2023-01-25T16:25:16+08:00][sql] SELECT * FROM `information` ORDER BY `time` DESC LIMIT 1,4 [ RunTime:0.000391s ]
[2023-01-25T16:25:16+08:00][sql] SHOW FULL COLUMNS FROM `course` [ RunTime:0.001080s ]
[2023-01-25T16:25:16+08:00][sql] SELECT `id`,`title` FROM `course` ORDER BY `sorting` ASC LIMIT 0,6 [ RunTime:0.000325s ]
[2023-01-25T16:25:16+08:00][sql] SHOW FULL COLUMNS FROM `teacher` [ RunTime:0.000920s ]
[2023-01-25T16:25:16+08:00][sql] SELECT * FROM `teacher` [ RunTime:0.000298s ]
[2023-01-25T16:25:16+08:00][sql] SHOW FULL COLUMNS FROM `address` [ RunTime:0.000964s ]
[2023-01-25T16:25:16+08:00][sql] SELECT * FROM `address` WHERE  `id` = 1 LIMIT 1 [ RunTime:0.000278s ]
[2023-01-25T16:25:16+08:00][sql] SELECT * FROM `address` WHERE  `id` = 2 LIMIT 1 [ RunTime:0.000242s ]
[2023-01-25T17:32:19+08:00][sql] CONNECT:[ UseTime:0.000506s ] mysql:host=localhost;port=3316;dbname=coffee;charset=utf8
[2023-01-25T17:32:19+08:00][sql] SHOW FULL COLUMNS FROM `banner` [ RunTime:0.001330s ]
[2023-01-25T17:32:19+08:00][sql] SELECT * FROM `banner` [ RunTime:0.000255s ]
[2023-01-25T17:32:19+08:00][sql] SHOW FULL COLUMNS FROM `information` [ RunTime:0.001118s ]
[2023-01-25T17:32:19+08:00][sql] SELECT * FROM `information` ORDER BY `time` DESC LIMIT 1 [ RunTime:0.000344s ]
[2023-01-25T17:32:19+08:00][sql] SELECT * FROM `information` ORDER BY `time` DESC LIMIT 1,4 [ RunTime:0.000385s ]
[2023-01-25T17:32:19+08:00][sql] SHOW FULL COLUMNS FROM `course` [ RunTime:0.001148s ]
[2023-01-25T17:32:19+08:00][sql] SELECT `id`,`title` FROM `course` ORDER BY `sorting` ASC LIMIT 0,6 [ RunTime:0.000269s ]
[2023-01-25T17:32:19+08:00][sql] SHOW FULL COLUMNS FROM `teacher` [ RunTime:0.000940s ]
[2023-01-25T17:32:19+08:00][sql] SELECT * FROM `teacher` [ RunTime:0.000265s ]
[2023-01-25T17:32:19+08:00][sql] SHOW FULL COLUMNS FROM `address` [ RunTime:0.001049s ]
[2023-01-25T17:32:19+08:00][sql] SELECT * FROM `address` WHERE  `id` = 1 LIMIT 1 [ RunTime:0.000290s ]
[2023-01-25T17:32:19+08:00][sql] SELECT * FROM `address` WHERE  `id` = 2 LIMIT 1 [ RunTime:0.000251s ]
[2023-01-25T18:38:42+08:00][sql] CONNECT:[ UseTime:0.000405s ] mysql:host=localhost;port=3316;dbname=coffee;charset=utf8
[2023-01-25T18:38:42+08:00][sql] SHOW FULL COLUMNS FROM `banner` [ RunTime:0.001286s ]
[2023-01-25T18:38:42+08:00][sql] SELECT * FROM `banner` [ RunTime:0.000262s ]
[2023-01-25T18:38:42+08:00][sql] SHOW FULL COLUMNS FROM `information` [ RunTime:0.001096s ]
[2023-01-25T18:38:42+08:00][sql] SELECT * FROM `information` ORDER BY `time` DESC LIMIT 1 [ RunTime:0.000307s ]
[2023-01-25T18:38:42+08:00][sql] SELECT * FROM `information` ORDER BY `time` DESC LIMIT 1,4 [ RunTime:0.000340s ]
[2023-01-25T18:38:42+08:00][sql] SHOW FULL COLUMNS FROM `course` [ RunTime:0.001141s ]
[2023-01-25T18:38:42+08:00][sql] SELECT `id`,`title` FROM `course` ORDER BY `sorting` ASC LIMIT 0,6 [ RunTime:0.000266s ]
[2023-01-25T18:38:42+08:00][sql] SHOW FULL COLUMNS FROM `teacher` [ RunTime:0.000913s ]
[2023-01-25T18:38:42+08:00][sql] SELECT * FROM `teacher` [ RunTime:0.000231s ]
[2023-01-25T18:38:42+08:00][sql] SHOW FULL COLUMNS FROM `address` [ RunTime:0.000949s ]
[2023-01-25T18:38:42+08:00][sql] SELECT * FROM `address` WHERE  `id` = 1 LIMIT 1 [ RunTime:0.000251s ]
[2023-01-25T18:38:42+08:00][sql] SELECT * FROM `address` WHERE  `id` = 2 LIMIT 1 [ RunTime:0.000239s ]
[2023-01-25T19:27:16+08:00][sql] CONNECT:[ UseTime:0.000487s ] mysql:host=localhost;port=3316;dbname=coffee;charset=utf8
[2023-01-25T19:27:16+08:00][sql] SHOW FULL COLUMNS FROM `banner` [ RunTime:0.001346s ]
[2023-01-25T19:27:16+08:00][sql] SELECT * FROM `banner` [ RunTime:0.000344s ]
[2023-01-25T19:27:16+08:00][sql] SHOW FULL COLUMNS FROM `information` [ RunTime:0.001057s ]
[2023-01-25T19:27:16+08:00][sql] SELECT * FROM `information` ORDER BY `time` DESC LIMIT 1 [ RunTime:0.000320s ]
[2023-01-25T19:27:16+08:00][sql] SELECT * FROM `information` ORDER BY `time` DESC LIMIT 1,4 [ RunTime:0.000409s ]
[2023-01-25T19:27:16+08:00][sql] SHOW FULL COLUMNS FROM `course` [ RunTime:0.001507s ]
[2023-01-25T19:27:16+08:00][sql] SELECT `id`,`title` FROM `course` ORDER BY `sorting` ASC LIMIT 0,6 [ RunTime:0.000335s ]
[2023-01-25T19:27:16+08:00][sql] SHOW FULL COLUMNS FROM `teacher` [ RunTime:0.001001s ]
[2023-01-25T19:27:16+08:00][sql] SELECT * FROM `teacher` [ RunTime:0.000509s ]
[2023-01-25T19:27:16+08:00][sql] SHOW FULL COLUMNS FROM `address` [ RunTime:0.001042s ]
[2023-01-25T19:27:16+08:00][sql] SELECT * FROM `address` WHERE  `id` = 1 LIMIT 1 [ RunTime:0.000285s ]
[2023-01-25T19:27:16+08:00][sql] SELECT * FROM `address` WHERE  `id` = 2 LIMIT 1 [ RunTime:0.000264s ]
[2023-01-25T20:03:54+08:00][sql] CONNECT:[ UseTime:0.000455s ] mysql:host=localhost;port=3316;dbname=coffee;charset=utf8
[2023-01-25T20:03:54+08:00][sql] SHOW FULL COLUMNS FROM `banner` [ RunTime:0.001554s ]
[2023-01-25T20:03:54+08:00][sql] SELECT * FROM `banner` [ RunTime:0.000303s ]
[2023-01-25T20:03:54+08:00][sql] SHOW FULL COLUMNS FROM `information` [ RunTime:0.001117s ]
[2023-01-25T20:03:54+08:00][sql] SELECT * FROM `information` ORDER BY `time` DESC LIMIT 1 [ RunTime:0.000330s ]
[2023-01-25T20:03:54+08:00][sql] SELECT * FROM `information` ORDER BY `time` DESC LIMIT 1,4 [ RunTime:0.001801s ]
[2023-01-25T20:03:54+08:00][sql] SHOW FULL COLUMNS FROM `course` [ RunTime:0.001661s ]
[2023-01-25T20:03:54+08:00][sql] SELECT `id`,`title` FROM `course` ORDER BY `sorting` ASC LIMIT 0,6 [ RunTime:0.000962s ]
[2023-01-25T20:03:54+08:00][sql] SHOW FULL COLUMNS FROM `teacher` [ RunTime:0.000927s ]
[2023-01-25T20:03:54+08:00][sql] SELECT * FROM `teacher` [ RunTime:0.000259s ]
[2023-01-25T20:03:54+08:00][sql] SHOW FULL COLUMNS FROM `address` [ RunTime:0.000971s ]
[2023-01-25T20:03:54+08:00][sql] SELECT * FROM `address` WHERE  `id` = 1 LIMIT 1 [ RunTime:0.000315s ]
[2023-01-25T20:03:54+08:00][sql] SELECT * FROM `address` WHERE  `id` = 2 LIMIT 1 [ RunTime:0.000270s ]
[2023-01-25T20:03:54+08:00][sql] CONNECT:[ UseTime:0.000398s ] mysql:host=localhost;port=3316;dbname=coffee;charset=utf8
[2023-01-25T20:03:54+08:00][sql] SHOW FULL COLUMNS FROM `banner` [ RunTime:0.001250s ]
[2023-01-25T20:03:54+08:00][sql] SELECT * FROM `banner` [ RunTime:0.000275s ]
[2023-01-25T20:03:54+08:00][sql] SHOW FULL COLUMNS FROM `information` [ RunTime:0.001011s ]
[2023-01-25T20:03:54+08:00][sql] SELECT * FROM `information` ORDER BY `time` DESC LIMIT 1 [ RunTime:0.000327s ]
[2023-01-25T20:03:54+08:00][sql] SELECT * FROM `information` ORDER BY `time` DESC LIMIT 1,4 [ RunTime:0.000418s ]
[2023-01-25T20:03:54+08:00][sql] SHOW FULL COLUMNS FROM `course` [ RunTime:0.001116s ]
[2023-01-25T20:03:54+08:00][sql] SELECT `id`,`title` FROM `course` ORDER BY `sorting` ASC LIMIT 0,6 [ RunTime:0.000266s ]
[2023-01-25T20:03:54+08:00][sql] SHOW FULL COLUMNS FROM `teacher` [ RunTime:0.000954s ]
[2023-01-25T20:03:54+08:00][sql] SELECT * FROM `teacher` [ RunTime:0.000323s ]
[2023-01-25T20:03:54+08:00][sql] SHOW FULL COLUMNS FROM `address` [ RunTime:0.001055s ]
[2023-01-25T20:03:54+08:00][sql] SELECT * FROM `address` WHERE  `id` = 1 LIMIT 1 [ RunTime:0.000294s ]
[2023-01-25T20:03:54+08:00][sql] SELECT * FROM `address` WHERE  `id` = 2 LIMIT 1 [ RunTime:0.000281s ]
[2023-01-25T20:56:15+08:00][sql] CONNECT:[ UseTime:0.000417s ] mysql:host=localhost;port=3316;dbname=coffee;charset=utf8
[2023-01-25T20:56:15+08:00][sql] SHOW FULL COLUMNS FROM `banner` [ RunTime:0.001303s ]
[2023-01-25T20:56:15+08:00][sql] SELECT * FROM `banner` [ RunTime:0.000267s ]
[2023-01-25T20:56:15+08:00][sql] SHOW FULL COLUMNS FROM `information` [ RunTime:0.001123s ]
[2023-01-25T20:56:15+08:00][sql] SELECT * FROM `information` ORDER BY `time` DESC LIMIT 1 [ RunTime:0.000325s ]
[2023-01-25T20:56:15+08:00][sql] SELECT * FROM `information` ORDER BY `time` DESC LIMIT 1,4 [ RunTime:0.000420s ]
[2023-01-25T20:56:15+08:00][sql] SHOW FULL COLUMNS FROM `course` [ RunTime:0.001154s ]
[2023-01-25T20:56:15+08:00][sql] SELECT `id`,`title` FROM `course` ORDER BY `sorting` ASC LIMIT 0,6 [ RunTime:0.000270s ]
[2023-01-25T20:56:15+08:00][sql] SHOW FULL COLUMNS FROM `teacher` [ RunTime:0.000961s ]
[2023-01-25T20:56:15+08:00][sql] SELECT * FROM `teacher` [ RunTime:0.000312s ]
[2023-01-25T20:56:15+08:00][sql] SHOW FULL COLUMNS FROM `address` [ RunTime:0.000958s ]
[2023-01-25T20:56:15+08:00][sql] SELECT * FROM `address` WHERE  `id` = 1 LIMIT 1 [ RunTime:0.000287s ]
[2023-01-25T20:56:15+08:00][sql] SELECT * FROM `address` WHERE  `id` = 2 LIMIT 1 [ RunTime:0.000257s ]
[2023-01-25T21:00:12+08:00][sql] CONNECT:[ UseTime:0.000429s ] mysql:host=localhost;port=3316;dbname=coffee;charset=utf8
[2023-01-25T21:00:12+08:00][sql] SHOW FULL COLUMNS FROM `banner` [ RunTime:0.001339s ]
[2023-01-25T21:00:12+08:00][sql] SELECT * FROM `banner` [ RunTime:0.000259s ]
[2023-01-25T21:00:12+08:00][sql] SHOW FULL COLUMNS FROM `information` [ RunTime:0.001197s ]
[2023-01-25T21:00:12+08:00][sql] SELECT * FROM `information` ORDER BY `time` DESC LIMIT 1 [ RunTime:0.000328s ]
[2023-01-25T21:00:12+08:00][sql] SELECT * FROM `information` ORDER BY `time` DESC LIMIT 1,4 [ RunTime:0.000434s ]
[2023-01-25T21:00:12+08:00][sql] SHOW FULL COLUMNS FROM `course` [ RunTime:0.001167s ]
[2023-01-25T21:00:12+08:00][sql] SELECT `id`,`title` FROM `course` ORDER BY `sorting` ASC LIMIT 0,6 [ RunTime:0.000226s ]
[2023-01-25T21:00:12+08:00][sql] SHOW FULL COLUMNS FROM `teacher` [ RunTime:0.000902s ]
[2023-01-25T21:00:12+08:00][sql] SELECT * FROM `teacher` [ RunTime:0.000257s ]
[2023-01-25T21:00:12+08:00][sql] SHOW FULL COLUMNS FROM `address` [ RunTime:0.000926s ]
[2023-01-25T21:00:12+08:00][sql] SELECT * FROM `address` WHERE  `id` = 1 LIMIT 1 [ RunTime:0.000234s ]
[2023-01-25T21:00:12+08:00][sql] SELECT * FROM `address` WHERE  `id` = 2 LIMIT 1 [ RunTime:0.000201s ]
[2023-01-25T21:12:19+08:00][sql] CONNECT:[ UseTime:0.000438s ] mysql:host=localhost;port=3316;dbname=coffee;charset=utf8
[2023-01-25T21:12:19+08:00][sql] SHOW FULL COLUMNS FROM `banner` [ RunTime:0.001273s ]
[2023-01-25T21:12:19+08:00][sql] SELECT * FROM `banner` [ RunTime:0.000275s ]
[2023-01-25T21:12:19+08:00][sql] SHOW FULL COLUMNS FROM `information` [ RunTime:0.001076s ]
[2023-01-25T21:12:19+08:00][sql] SELECT * FROM `information` ORDER BY `time` DESC LIMIT 1 [ RunTime:0.000326s ]
[2023-01-25T21:12:19+08:00][sql] SELECT * FROM `information` ORDER BY `time` DESC LIMIT 1,4 [ RunTime:0.000420s ]
[2023-01-25T21:12:19+08:00][sql] SHOW FULL COLUMNS FROM `course` [ RunTime:0.001175s ]
[2023-01-25T21:12:19+08:00][sql] SELECT `id`,`title` FROM `course` ORDER BY `sorting` ASC LIMIT 0,6 [ RunTime:0.000262s ]
[2023-01-25T21:12:19+08:00][sql] SHOW FULL COLUMNS FROM `teacher` [ RunTime:0.000930s ]
[2023-01-25T21:12:19+08:00][sql] SELECT * FROM `teacher` [ RunTime:0.000283s ]
[2023-01-25T21:12:19+08:00][sql] SHOW FULL COLUMNS FROM `address` [ RunTime:0.000946s ]
[2023-01-25T21:12:19+08:00][sql] SELECT * FROM `address` WHERE  `id` = 1 LIMIT 1 [ RunTime:0.000309s ]
[2023-01-25T21:12:19+08:00][sql] SELECT * FROM `address` WHERE  `id` = 2 LIMIT 1 [ RunTime:0.000290s ]
[2023-01-25T21:12:19+08:00][sql] CONNECT:[ UseTime:0.003869s ] mysql:host=localhost;port=3316;dbname=coffee;charset=utf8
[2023-01-25T21:12:19+08:00][sql] SHOW FULL COLUMNS FROM `banner` [ RunTime:0.001289s ]
[2023-01-25T21:12:19+08:00][sql] SELECT * FROM `banner` [ RunTime:0.000328s ]
[2023-01-25T21:12:19+08:00][sql] SHOW FULL COLUMNS FROM `information` [ RunTime:0.001077s ]
[2023-01-25T21:12:19+08:00][sql] SELECT * FROM `information` ORDER BY `time` DESC LIMIT 1 [ RunTime:0.000375s ]
[2023-01-25T21:12:19+08:00][sql] SELECT * FROM `information` ORDER BY `time` DESC LIMIT 1,4 [ RunTime:0.000417s ]
[2023-01-25T21:12:19+08:00][sql] SHOW FULL COLUMNS FROM `course` [ RunTime:0.001156s ]
[2023-01-25T21:12:19+08:00][sql] SELECT `id`,`title` FROM `course` ORDER BY `sorting` ASC LIMIT 0,6 [ RunTime:0.000269s ]
[2023-01-25T21:12:19+08:00][sql] SHOW FULL COLUMNS FROM `teacher` [ RunTime:0.000969s ]
[2023-01-25T21:12:19+08:00][sql] SELECT * FROM `teacher` [ RunTime:0.000317s ]
[2023-01-25T21:12:19+08:00][sql] SHOW FULL COLUMNS FROM `address` [ RunTime:0.001008s ]
[2023-01-25T21:12:19+08:00][sql] SELECT * FROM `address` WHERE  `id` = 1 LIMIT 1 [ RunTime:0.000279s ]
[2023-01-25T21:12:19+08:00][sql] SELECT * FROM `address` WHERE  `id` = 2 LIMIT 1 [ RunTime:0.000285s ]
[2023-01-25T21:27:21+08:00][sql] CONNECT:[ UseTime:0.000413s ] mysql:host=localhost;port=3316;dbname=coffee;charset=utf8
[2023-01-25T21:27:21+08:00][sql] SHOW FULL COLUMNS FROM `banner` [ RunTime:0.001327s ]
[2023-01-25T21:27:21+08:00][sql] SELECT * FROM `banner` [ RunTime:0.000283s ]
[2023-01-25T21:27:21+08:00][sql] SHOW FULL COLUMNS FROM `information` [ RunTime:0.000965s ]
[2023-01-25T21:27:21+08:00][sql] SELECT * FROM `information` ORDER BY `time` DESC LIMIT 1 [ RunTime:0.000323s ]
[2023-01-25T21:27:21+08:00][sql] SELECT * FROM `information` ORDER BY `time` DESC LIMIT 1,4 [ RunTime:0.000382s ]
[2023-01-25T21:27:21+08:00][sql] SHOW FULL COLUMNS FROM `course` [ RunTime:0.001182s ]
[2023-01-25T21:27:21+08:00][sql] SELECT `id`,`title` FROM `course` ORDER BY `sorting` ASC LIMIT 0,6 [ RunTime:0.000260s ]
[2023-01-25T21:27:21+08:00][sql] SHOW FULL COLUMNS FROM `teacher` [ RunTime:0.000904s ]
[2023-01-25T21:27:21+08:00][sql] SELECT * FROM `teacher` [ RunTime:0.000259s ]
[2023-01-25T21:27:21+08:00][sql] SHOW FULL COLUMNS FROM `address` [ RunTime:0.001027s ]
[2023-01-25T21:27:21+08:00][sql] SELECT * FROM `address` WHERE  `id` = 1 LIMIT 1 [ RunTime:0.000289s ]
[2023-01-25T21:27:21+08:00][sql] SELECT * FROM `address` WHERE  `id` = 2 LIMIT 1 [ RunTime:0.000250s ]
[2023-01-25T21:44:23+08:00][sql] CONNECT:[ UseTime:0.000411s ] mysql:host=localhost;port=3316;dbname=coffee;charset=utf8
[2023-01-25T21:44:23+08:00][sql] SHOW FULL COLUMNS FROM `banner` [ RunTime:0.001309s ]
[2023-01-25T21:44:23+08:00][sql] SELECT * FROM `banner` [ RunTime:0.000233s ]
[2023-01-25T21:44:23+08:00][sql] SHOW FULL COLUMNS FROM `information` [ RunTime:0.000955s ]
[2023-01-25T21:44:23+08:00][sql] SELECT * FROM `information` ORDER BY `time` DESC LIMIT 1 [ RunTime:0.000286s ]
[2023-01-25T21:44:23+08:00][sql] SELECT * FROM `information` ORDER BY `time` DESC LIMIT 1,4 [ RunTime:0.000318s ]
[2023-01-25T21:44:23+08:00][sql] SHOW FULL COLUMNS FROM `course` [ RunTime:0.001003s ]
[2023-01-25T21:44:23+08:00][sql] SELECT `id`,`title` FROM `course` ORDER BY `sorting` ASC LIMIT 0,6 [ RunTime:0.000231s ]
[2023-01-25T21:44:23+08:00][sql] SHOW FULL COLUMNS FROM `teacher` [ RunTime:0.000852s ]
[2023-01-25T21:44:23+08:00][sql] SELECT * FROM `teacher` [ RunTime:0.000222s ]
[2023-01-25T21:44:23+08:00][sql] SHOW FULL COLUMNS FROM `address` [ RunTime:0.000865s ]
[2023-01-25T21:44:23+08:00][sql] SELECT * FROM `address` WHERE  `id` = 1 LIMIT 1 [ RunTime:0.000234s ]
[2023-01-25T21:44:23+08:00][sql] SELECT * FROM `address` WHERE  `id` = 2 LIMIT 1 [ RunTime:0.000202s ]
[2023-01-25T22:12:26+08:00][sql] CONNECT:[ UseTime:0.000425s ] mysql:host=localhost;port=3316;dbname=coffee;charset=utf8
[2023-01-25T22:12:26+08:00][sql] SHOW FULL COLUMNS FROM `banner` [ RunTime:0.001281s ]
[2023-01-25T22:12:26+08:00][sql] SELECT * FROM `banner` [ RunTime:0.000279s ]
[2023-01-25T22:12:26+08:00][sql] SHOW FULL COLUMNS FROM `information` [ RunTime:0.001090s ]
[2023-01-25T22:12:26+08:00][sql] SELECT * FROM `information` ORDER BY `time` DESC LIMIT 1 [ RunTime:0.000283s ]
[2023-01-25T22:12:26+08:00][sql] SELECT * FROM `information` ORDER BY `time` DESC LIMIT 1,4 [ RunTime:0.000366s ]
[2023-01-25T22:12:26+08:00][sql] SHOW FULL COLUMNS FROM `course` [ RunTime:0.001161s ]
[2023-01-25T22:12:26+08:00][sql] SELECT `id`,`title` FROM `course` ORDER BY `sorting` ASC LIMIT 0,6 [ RunTime:0.000225s ]
[2023-01-25T22:12:26+08:00][sql] SHOW FULL COLUMNS FROM `teacher` [ RunTime:0.000902s ]
[2023-01-25T22:12:26+08:00][sql] SELECT * FROM `teacher` [ RunTime:0.000247s ]
[2023-01-25T22:12:26+08:00][sql] SHOW FULL COLUMNS FROM `address` [ RunTime:0.000883s ]
[2023-01-25T22:12:26+08:00][sql] SELECT * FROM `address` WHERE  `id` = 1 LIMIT 1 [ RunTime:0.000250s ]
[2023-01-25T22:12:26+08:00][sql] SELECT * FROM `address` WHERE  `id` = 2 LIMIT 1 [ RunTime:0.000215s ]
[2023-01-25T22:16:17+08:00][sql] CONNECT:[ UseTime:0.000408s ] mysql:host=localhost;port=3316;dbname=coffee;charset=utf8
[2023-01-25T22:16:17+08:00][sql] SHOW FULL COLUMNS FROM `banner` [ RunTime:0.001231s ]
[2023-01-25T22:16:17+08:00][sql] SELECT * FROM `banner` [ RunTime:0.000250s ]
[2023-01-25T22:16:17+08:00][sql] SHOW FULL COLUMNS FROM `information` [ RunTime:0.000983s ]
[2023-01-25T22:16:17+08:00][sql] SELECT * FROM `information` ORDER BY `time` DESC LIMIT 1 [ RunTime:0.000747s ]
[2023-01-25T22:16:17+08:00][sql] SELECT * FROM `information` ORDER BY `time` DESC LIMIT 1,4 [ RunTime:0.004335s ]
[2023-01-25T22:16:17+08:00][sql] SHOW FULL COLUMNS FROM `course` [ RunTime:0.001792s ]
[2023-01-25T22:16:17+08:00][sql] SELECT `id`,`title` FROM `course` ORDER BY `sorting` ASC LIMIT 0,6 [ RunTime:0.000409s ]
[2023-01-25T22:16:17+08:00][sql] SHOW FULL COLUMNS FROM `teacher` [ RunTime:0.001498s ]
[2023-01-25T22:16:17+08:00][sql] SELECT * FROM `teacher` [ RunTime:0.000406s ]
[2023-01-25T22:16:17+08:00][sql] SHOW FULL COLUMNS FROM `address` [ RunTime:0.001404s ]
[2023-01-25T22:16:17+08:00][sql] SELECT * FROM `address` WHERE  `id` = 1 LIMIT 1 [ RunTime:0.000824s ]
[2023-01-25T22:16:17+08:00][sql] SELECT * FROM `address` WHERE  `id` = 2 LIMIT 1 [ RunTime:0.000299s ]
[2023-01-25T22:18:30+08:00][sql] CONNECT:[ UseTime:0.000443s ] mysql:host=localhost;port=3316;dbname=coffee;charset=utf8
[2023-01-25T22:18:30+08:00][sql] SHOW FULL COLUMNS FROM `banner` [ RunTime:0.001304s ]
[2023-01-25T22:18:30+08:00][sql] SELECT * FROM `banner` [ RunTime:0.000252s ]
[2023-01-25T22:18:30+08:00][sql] SHOW FULL COLUMNS FROM `information` [ RunTime:0.001038s ]
[2023-01-25T22:18:30+08:00][sql] SELECT * FROM `information` ORDER BY `time` DESC LIMIT 1 [ RunTime:0.000356s ]
[2023-01-25T22:18:30+08:00][sql] SELECT * FROM `information` ORDER BY `time` DESC LIMIT 1,4 [ RunTime:0.000390s ]
[2023-01-25T22:18:30+08:00][sql] SHOW FULL COLUMNS FROM `course` [ RunTime:0.001122s ]
[2023-01-25T22:18:30+08:00][sql] SELECT `id`,`title` FROM `course` ORDER BY `sorting` ASC LIMIT 0,6 [ RunTime:0.000295s ]
[2023-01-25T22:18:30+08:00][sql] SHOW FULL COLUMNS FROM `teacher` [ RunTime:0.001013s ]
[2023-01-25T22:18:30+08:00][sql] SELECT * FROM `teacher` [ RunTime:0.000268s ]
[2023-01-25T22:18:30+08:00][sql] SHOW FULL COLUMNS FROM `address` [ RunTime:0.000931s ]
[2023-01-25T22:18:30+08:00][sql] SELECT * FROM `address` WHERE  `id` = 1 LIMIT 1 [ RunTime:0.000333s ]
[2023-01-25T22:18:30+08:00][sql] SELECT * FROM `address` WHERE  `id` = 2 LIMIT 1 [ RunTime:0.000257s ]
[2023-01-25T22:27:05+08:00][sql] CONNECT:[ UseTime:0.000394s ] mysql:host=localhost;port=3316;dbname=coffee;charset=utf8
[2023-01-25T22:27:05+08:00][sql] SHOW FULL COLUMNS FROM `banner` [ RunTime:0.001480s ]
[2023-01-25T22:27:05+08:00][sql] SELECT * FROM `banner` [ RunTime:0.000277s ]
[2023-01-25T22:27:05+08:00][sql] SHOW FULL COLUMNS FROM `information` [ RunTime:0.001131s ]
[2023-01-25T22:27:05+08:00][sql] SELECT * FROM `information` ORDER BY `time` DESC LIMIT 1 [ RunTime:0.000324s ]
[2023-01-25T22:27:05+08:00][sql] SELECT * FROM `information` ORDER BY `time` DESC LIMIT 1,4 [ RunTime:0.000391s ]
[2023-01-25T22:27:05+08:00][sql] SHOW FULL COLUMNS FROM `course` [ RunTime:0.001112s ]
[2023-01-25T22:27:05+08:00][sql] SELECT `id`,`title` FROM `course` ORDER BY `sorting` ASC LIMIT 0,6 [ RunTime:0.000258s ]
[2023-01-25T22:27:05+08:00][sql] SHOW FULL COLUMNS FROM `teacher` [ RunTime:0.000964s ]
[2023-01-25T22:27:05+08:00][sql] SELECT * FROM `teacher` [ RunTime:0.000284s ]
[2023-01-25T22:27:05+08:00][sql] SHOW FULL COLUMNS FROM `address` [ RunTime:0.000942s ]
[2023-01-25T22:27:05+08:00][sql] SELECT * FROM `address` WHERE  `id` = 1 LIMIT 1 [ RunTime:0.000312s ]
[2023-01-25T22:27:05+08:00][sql] SELECT * FROM `address` WHERE  `id` = 2 LIMIT 1 [ RunTime:0.000251s ]
[2023-01-25T22:27:06+08:00][sql] CONNECT:[ UseTime:0.000407s ] mysql:host=localhost;port=3316;dbname=coffee;charset=utf8
[2023-01-25T22:27:06+08:00][sql] SHOW FULL COLUMNS FROM `banner` [ RunTime:0.001248s ]
[2023-01-25T22:27:06+08:00][sql] SELECT * FROM `banner` [ RunTime:0.000220s ]
[2023-01-25T22:27:06+08:00][sql] SHOW FULL COLUMNS FROM `information` [ RunTime:0.001067s ]
[2023-01-25T22:27:06+08:00][sql] SELECT * FROM `information` ORDER BY `time` DESC LIMIT 1 [ RunTime:0.000332s ]
[2023-01-25T22:27:06+08:00][sql] SELECT * FROM `information` ORDER BY `time` DESC LIMIT 1,4 [ RunTime:0.000376s ]
[2023-01-25T22:27:06+08:00][sql] SHOW FULL COLUMNS FROM `course` [ RunTime:0.001101s ]
[2023-01-25T22:27:06+08:00][sql] SELECT `id`,`title` FROM `course` ORDER BY `sorting` ASC LIMIT 0,6 [ RunTime:0.000238s ]
[2023-01-25T22:27:06+08:00][sql] SHOW FULL COLUMNS FROM `teacher` [ RunTime:0.000955s ]
[2023-01-25T22:27:06+08:00][sql] SELECT * FROM `teacher` [ RunTime:0.000236s ]
[2023-01-25T22:27:06+08:00][sql] SHOW FULL COLUMNS FROM `address` [ RunTime:0.000937s ]
[2023-01-25T22:27:06+08:00][sql] SELECT * FROM `address` WHERE  `id` = 1 LIMIT 1 [ RunTime:0.000317s ]
[2023-01-25T22:27:06+08:00][sql] SELECT * FROM `address` WHERE  `id` = 2 LIMIT 1 [ RunTime:0.000228s ]
[2023-01-25T23:01:10+08:00][sql] CONNECT:[ UseTime:0.017436s ] mysql:host=localhost;port=3316;dbname=coffee;charset=utf8
[2023-01-25T23:01:10+08:00][sql] SHOW FULL COLUMNS FROM `banner` [ RunTime:0.002296s ]
[2023-01-25T23:01:10+08:00][sql] SELECT * FROM `banner` [ RunTime:0.000415s ]
[2023-01-25T23:01:10+08:00][sql] SHOW FULL COLUMNS FROM `information` [ RunTime:0.001836s ]
[2023-01-25T23:01:10+08:00][sql] SELECT * FROM `information` ORDER BY `time` DESC LIMIT 1 [ RunTime:0.000540s ]
[2023-01-25T23:01:10+08:00][sql] SELECT * FROM `information` ORDER BY `time` DESC LIMIT 1,4 [ RunTime:0.000709s ]
[2023-01-25T23:01:10+08:00][sql] SHOW FULL COLUMNS FROM `course` [ RunTime:0.001952s ]
[2023-01-25T23:01:10+08:00][sql] SELECT `id`,`title` FROM `course` ORDER BY `sorting` ASC LIMIT 0,6 [ RunTime:0.000522s ]
[2023-01-25T23:01:10+08:00][sql] SHOW FULL COLUMNS FROM `teacher` [ RunTime:0.001714s ]
[2023-01-25T23:01:10+08:00][sql] SELECT * FROM `teacher` [ RunTime:0.000674s ]
[2023-01-25T23:01:10+08:00][sql] SHOW FULL COLUMNS FROM `address` [ RunTime:0.001549s ]
[2023-01-25T23:01:10+08:00][sql] SELECT * FROM `address` WHERE  `id` = 1 LIMIT 1 [ RunTime:0.000481s ]
[2023-01-25T23:01:10+08:00][sql] SELECT * FROM `address` WHERE  `id` = 2 LIMIT 1 [ RunTime:0.000426s ]
[2023-01-25T23:47:51+08:00][sql] CONNECT:[ UseTime:0.000374s ] mysql:host=localhost;port=3316;dbname=coffee;charset=utf8
[2023-01-25T23:47:51+08:00][sql] SHOW FULL COLUMNS FROM `banner` [ RunTime:0.001328s ]
[2023-01-25T23:47:51+08:00][sql] SELECT * FROM `banner` [ RunTime:0.000222s ]
[2023-01-25T23:47:51+08:00][sql] SHOW FULL COLUMNS FROM `information` [ RunTime:0.001190s ]
[2023-01-25T23:47:51+08:00][sql] SELECT * FROM `information` ORDER BY `time` DESC LIMIT 1 [ RunTime:0.000442s ]
[2023-01-25T23:47:51+08:00][sql] SELECT * FROM `information` ORDER BY `time` DESC LIMIT 1,4 [ RunTime:0.000346s ]
[2023-01-25T23:47:51+08:00][sql] SHOW FULL COLUMNS FROM `course` [ RunTime:0.001128s ]
[2023-01-25T23:47:51+08:00][sql] SELECT `id`,`title` FROM `course` ORDER BY `sorting` ASC LIMIT 0,6 [ RunTime:0.000251s ]
[2023-01-25T23:47:51+08:00][sql] SHOW FULL COLUMNS FROM `teacher` [ RunTime:0.000943s ]
[2023-01-25T23:47:51+08:00][sql] SELECT * FROM `teacher` [ RunTime:0.000290s ]
[2023-01-25T23:47:51+08:00][sql] SHOW FULL COLUMNS FROM `address` [ RunTime:0.000954s ]
[2023-01-25T23:47:51+08:00][sql] SELECT * FROM `address` WHERE  `id` = 1 LIMIT 1 [ RunTime:0.000291s ]
[2023-01-25T23:47:51+08:00][sql] SELECT * FROM `address` WHERE  `id` = 2 LIMIT 1 [ RunTime:0.000239s ]
[2023-01-25T23:49:48+08:00][sql] CONNECT:[ UseTime:0.000389s ] mysql:host=localhost;port=3316;dbname=coffee;charset=utf8
[2023-01-25T23:49:48+08:00][sql] SHOW FULL COLUMNS FROM `banner` [ RunTime:0.001244s ]
[2023-01-25T23:49:48+08:00][sql] SELECT * FROM `banner` [ RunTime:0.000282s ]
[2023-01-25T23:49:48+08:00][sql] SHOW FULL COLUMNS FROM `information` [ RunTime:0.001062s ]
[2023-01-25T23:49:48+08:00][sql] SELECT * FROM `information` ORDER BY `time` DESC LIMIT 1 [ RunTime:0.000329s ]
[2023-01-25T23:49:48+08:00][sql] SELECT * FROM `information` ORDER BY `time` DESC LIMIT 1,4 [ RunTime:0.000408s ]
[2023-01-25T23:49:48+08:00][sql] SHOW FULL COLUMNS FROM `course` [ RunTime:0.001112s ]
[2023-01-25T23:49:48+08:00][sql] SELECT `id`,`title` FROM `course` ORDER BY `sorting` ASC LIMIT 0,6 [ RunTime:0.000269s ]
[2023-01-25T23:49:48+08:00][sql] SHOW FULL COLUMNS FROM `teacher` [ RunTime:0.000938s ]
[2023-01-25T23:49:48+08:00][sql] SELECT * FROM `teacher` [ RunTime:0.000282s ]
[2023-01-25T23:49:48+08:00][sql] SHOW FULL COLUMNS FROM `address` [ RunTime:0.000929s ]
[2023-01-25T23:49:48+08:00][sql] SELECT * FROM `address` WHERE  `id` = 1 LIMIT 1 [ RunTime:0.000288s ]
[2023-01-25T23:49:48+08:00][sql] SELECT * FROM `address` WHERE  `id` = 2 LIMIT 1 [ RunTime:0.000258s ]
[2023-01-25T23:58:32+08:00][sql] CONNECT:[ UseTime:0.000371s ] mysql:host=localhost;port=3316;dbname=coffee;charset=utf8
[2023-01-25T23:58:32+08:00][sql] SHOW FULL COLUMNS FROM `banner` [ RunTime:0.001559s ]
[2023-01-25T23:58:32+08:00][sql] SELECT * FROM `banner` [ RunTime:0.000256s ]
[2023-01-25T23:58:32+08:00][sql] SHOW FULL COLUMNS FROM `information` [ RunTime:0.001126s ]
[2023-01-25T23:58:32+08:00][sql] SELECT * FROM `information` ORDER BY `time` DESC LIMIT 1 [ RunTime:0.000369s ]
[2023-01-25T23:58:32+08:00][sql] SELECT * FROM `information` ORDER BY `time` DESC LIMIT 1,4 [ RunTime:0.000370s ]
[2023-01-25T23:58:32+08:00][sql] SHOW FULL COLUMNS FROM `course` [ RunTime:0.001230s ]
[2023-01-25T23:58:32+08:00][sql] SELECT `id`,`title` FROM `course` ORDER BY `sorting` ASC LIMIT 0,6 [ RunTime:0.000256s ]
[2023-01-25T23:58:32+08:00][sql] SHOW FULL COLUMNS FROM `teacher` [ RunTime:0.001080s ]
[2023-01-25T23:58:32+08:00][sql] SELECT * FROM `teacher` [ RunTime:0.000302s ]
[2023-01-25T23:58:32+08:00][sql] SHOW FULL COLUMNS FROM `address` [ RunTime:0.001029s ]
[2023-01-25T23:58:32+08:00][sql] SELECT * FROM `address` WHERE  `id` = 1 LIMIT 1 [ RunTime:0.000288s ]
[2023-01-25T23:58:32+08:00][sql] SELECT * FROM `address` WHERE  `id` = 2 LIMIT 1 [ RunTime:0.000266s ]
