[2023-01-27T00:02:21+08:00][sql] CONNECT:[ UseTime:0.000530s ] mysql:host=localhost;port=3316;dbname=coffee;charset=utf8
[2023-01-27T00:02:21+08:00][sql] SHOW FULL COLUMNS FROM `banner` [ RunTime:0.001305s ]
[2023-01-27T00:02:21+08:00][sql] SELECT * FROM `banner` [ RunTime:0.000294s ]
[2023-01-27T00:02:21+08:00][sql] SHOW FULL COLUMNS FROM `information` [ RunTime:0.001295s ]
[2023-01-27T00:02:21+08:00][sql] SELECT * FROM `information` ORDER BY `time` DESC LIMIT 1 [ RunTime:0.000357s ]
[2023-01-27T00:02:21+08:00][sql] SELECT * FROM `information` ORDER BY `time` DESC LIMIT 1,4 [ RunTime:0.000444s ]
[2023-01-27T00:02:21+08:00][sql] SHOW FULL COLUMNS FROM `course` [ RunTime:0.001168s ]
[2023-01-27T00:02:21+08:00][sql] SELECT `id`,`title` FROM `course` ORDER BY `sorting` ASC LIMIT 0,6 [ RunTime:0.000301s ]
[2023-01-27T00:02:21+08:00][sql] SHOW FULL COLUMNS FROM `teacher` [ RunTime:0.000955s ]
[2023-01-27T00:02:21+08:00][sql] SELECT * FROM `teacher` [ RunTime:0.000310s ]
[2023-01-27T00:02:21+08:00][sql] SHOW FULL COLUMNS FROM `address` [ RunTime:0.001122s ]
[2023-01-27T00:02:21+08:00][sql] SELECT * FROM `address` WHERE  `id` = 1 LIMIT 1 [ RunTime:0.000278s ]
[2023-01-27T00:02:21+08:00][sql] SELECT * FROM `address` WHERE  `id` = 2 LIMIT 1 [ RunTime:0.000263s ]
[2023-01-27T00:05:58+08:00][sql] CONNECT:[ UseTime:0.000414s ] mysql:host=localhost;port=3316;dbname=coffee;charset=utf8
[2023-01-27T00:05:58+08:00][sql] SHOW FULL COLUMNS FROM `banner` [ RunTime:0.001295s ]
[2023-01-27T00:05:58+08:00][sql] SELECT * FROM `banner` [ RunTime:0.000257s ]
[2023-01-27T00:05:58+08:00][sql] SHOW FULL COLUMNS FROM `information` [ RunTime:0.000992s ]
[2023-01-27T00:05:58+08:00][sql] SELECT * FROM `information` ORDER BY `time` DESC LIMIT 1 [ RunTime:0.000322s ]
[2023-01-27T00:05:58+08:00][sql] SELECT * FROM `information` ORDER BY `time` DESC LIMIT 1,4 [ RunTime:0.000389s ]
[2023-01-27T00:05:58+08:00][sql] SHOW FULL COLUMNS FROM `course` [ RunTime:0.001072s ]
[2023-01-27T00:05:58+08:00][sql] SELECT `id`,`title` FROM `course` ORDER BY `sorting` ASC LIMIT 0,6 [ RunTime:0.000297s ]
[2023-01-27T00:05:58+08:00][sql] SHOW FULL COLUMNS FROM `teacher` [ RunTime:0.000897s ]
[2023-01-27T00:05:58+08:00][sql] SELECT * FROM `teacher` [ RunTime:0.000276s ]
[2023-01-27T00:05:58+08:00][sql] SHOW FULL COLUMNS FROM `address` [ RunTime:0.000990s ]
[2023-01-27T00:05:58+08:00][sql] SELECT * FROM `address` WHERE  `id` = 1 LIMIT 1 [ RunTime:0.000300s ]
[2023-01-27T00:05:58+08:00][sql] SELECT * FROM `address` WHERE  `id` = 2 LIMIT 1 [ RunTime:0.000263s ]
[2023-01-27T00:42:53+08:00][sql] CONNECT:[ UseTime:0.000460s ] mysql:host=localhost;port=3316;dbname=coffee;charset=utf8
[2023-01-27T00:42:53+08:00][sql] SHOW FULL COLUMNS FROM `banner` [ RunTime:0.001312s ]
[2023-01-27T00:42:53+08:00][sql] SELECT * FROM `banner` [ RunTime:0.001244s ]
[2023-01-27T00:42:53+08:00][sql] SHOW FULL COLUMNS FROM `information` [ RunTime:0.001065s ]
[2023-01-27T00:42:53+08:00][sql] SELECT * FROM `information` ORDER BY `time` DESC LIMIT 1 [ RunTime:0.000338s ]
[2023-01-27T00:42:53+08:00][sql] SELECT * FROM `information` ORDER BY `time` DESC LIMIT 1,4 [ RunTime:0.000395s ]
[2023-01-27T00:42:53+08:00][sql] SHOW FULL COLUMNS FROM `course` [ RunTime:0.001090s ]
[2023-01-27T00:42:53+08:00][sql] SELECT `id`,`title` FROM `course` ORDER BY `sorting` ASC LIMIT 0,6 [ RunTime:0.000324s ]
[2023-01-27T00:42:53+08:00][sql] SHOW FULL COLUMNS FROM `teacher` [ RunTime:0.000928s ]
[2023-01-27T00:42:53+08:00][sql] SELECT * FROM `teacher` [ RunTime:0.000292s ]
[2023-01-27T00:42:53+08:00][sql] SHOW FULL COLUMNS FROM `address` [ RunTime:0.000956s ]
[2023-01-27T00:42:53+08:00][sql] SELECT * FROM `address` WHERE  `id` = 1 LIMIT 1 [ RunTime:0.000303s ]
[2023-01-27T00:42:53+08:00][sql] SELECT * FROM `address` WHERE  `id` = 2 LIMIT 1 [ RunTime:0.000255s ]
[2023-01-27T00:49:15+08:00][sql] CONNECT:[ UseTime:0.000399s ] mysql:host=localhost;port=3316;dbname=coffee;charset=utf8
[2023-01-27T00:49:15+08:00][sql] SHOW FULL COLUMNS FROM `banner` [ RunTime:0.001380s ]
[2023-01-27T00:49:15+08:00][sql] SELECT * FROM `banner` [ RunTime:0.000264s ]
[2023-01-27T00:49:15+08:00][sql] SHOW FULL COLUMNS FROM `information` [ RunTime:0.001022s ]
[2023-01-27T00:49:15+08:00][sql] SELECT * FROM `information` ORDER BY `time` DESC LIMIT 1 [ RunTime:0.000330s ]
[2023-01-27T00:49:15+08:00][sql] SELECT * FROM `information` ORDER BY `time` DESC LIMIT 1,4 [ RunTime:0.000416s ]
[2023-01-27T00:49:15+08:00][sql] SHOW FULL COLUMNS FROM `course` [ RunTime:0.001087s ]
[2023-01-27T00:49:15+08:00][sql] SELECT `id`,`title` FROM `course` ORDER BY `sorting` ASC LIMIT 0,6 [ RunTime:0.000262s ]
[2023-01-27T00:49:15+08:00][sql] SHOW FULL COLUMNS FROM `teacher` [ RunTime:0.000911s ]
[2023-01-27T00:49:15+08:00][sql] SELECT * FROM `teacher` [ RunTime:0.000272s ]
[2023-01-27T00:49:15+08:00][sql] SHOW FULL COLUMNS FROM `address` [ RunTime:0.000939s ]
[2023-01-27T00:49:15+08:00][sql] SELECT * FROM `address` WHERE  `id` = 1 LIMIT 1 [ RunTime:0.000286s ]
[2023-01-27T00:49:15+08:00][sql] SELECT * FROM `address` WHERE  `id` = 2 LIMIT 1 [ RunTime:0.000242s ]
[2023-01-27T00:49:23+08:00][sql] CONNECT:[ UseTime:0.000377s ] mysql:host=localhost;port=3316;dbname=coffee;charset=utf8
[2023-01-27T00:49:23+08:00][sql] SHOW FULL COLUMNS FROM `banner` [ RunTime:0.001255s ]
[2023-01-27T00:49:23+08:00][sql] SELECT * FROM `banner` [ RunTime:0.000218s ]
[2023-01-27T00:49:23+08:00][sql] SHOW FULL COLUMNS FROM `information` [ RunTime:0.000967s ]
[2023-01-27T00:49:23+08:00][sql] SELECT * FROM `information` ORDER BY `time` DESC LIMIT 1 [ RunTime:0.000293s ]
[2023-01-27T00:49:23+08:00][sql] SELECT * FROM `information` ORDER BY `time` DESC LIMIT 1,4 [ RunTime:0.000350s ]
[2023-01-27T00:49:23+08:00][sql] SHOW FULL COLUMNS FROM `course` [ RunTime:0.001056s ]
[2023-01-27T00:49:23+08:00][sql] SELECT `id`,`title` FROM `course` ORDER BY `sorting` ASC LIMIT 0,6 [ RunTime:0.000240s ]
[2023-01-27T00:49:23+08:00][sql] SHOW FULL COLUMNS FROM `teacher` [ RunTime:0.000950s ]
[2023-01-27T00:49:23+08:00][sql] SELECT * FROM `teacher` [ RunTime:0.000257s ]
[2023-01-27T00:49:23+08:00][sql] SHOW FULL COLUMNS FROM `address` [ RunTime:0.000972s ]
[2023-01-27T00:49:23+08:00][sql] SELECT * FROM `address` WHERE  `id` = 1 LIMIT 1 [ RunTime:0.000260s ]
[2023-01-27T00:49:23+08:00][sql] SELECT * FROM `address` WHERE  `id` = 2 LIMIT 1 [ RunTime:0.000228s ]
[2023-01-27T00:57:53+08:00][sql] CONNECT:[ UseTime:0.000385s ] mysql:host=localhost;port=3316;dbname=coffee;charset=utf8
[2023-01-27T00:57:53+08:00][sql] SHOW FULL COLUMNS FROM `banner` [ RunTime:0.001231s ]
[2023-01-27T00:57:53+08:00][sql] SELECT * FROM `banner` [ RunTime:0.000252s ]
[2023-01-27T00:57:53+08:00][sql] SHOW FULL COLUMNS FROM `information` [ RunTime:0.000989s ]
[2023-01-27T00:57:53+08:00][sql] SELECT * FROM `information` ORDER BY `time` DESC LIMIT 1 [ RunTime:0.001243s ]
[2023-01-27T00:57:53+08:00][sql] SELECT * FROM `information` ORDER BY `time` DESC LIMIT 1,4 [ RunTime:0.000341s ]
[2023-01-27T00:57:53+08:00][sql] SHOW FULL COLUMNS FROM `course` [ RunTime:0.001075s ]
[2023-01-27T00:57:53+08:00][sql] SELECT `id`,`title` FROM `course` ORDER BY `sorting` ASC LIMIT 0,6 [ RunTime:0.000226s ]
[2023-01-27T00:57:53+08:00][sql] SHOW FULL COLUMNS FROM `teacher` [ RunTime:0.000878s ]
[2023-01-27T00:57:53+08:00][sql] SELECT * FROM `teacher` [ RunTime:0.000216s ]
[2023-01-27T00:57:53+08:00][sql] SHOW FULL COLUMNS FROM `address` [ RunTime:0.000882s ]
[2023-01-27T00:57:53+08:00][sql] SELECT * FROM `address` WHERE  `id` = 1 LIMIT 1 [ RunTime:0.000240s ]
[2023-01-27T00:57:53+08:00][sql] SELECT * FROM `address` WHERE  `id` = 2 LIMIT 1 [ RunTime:0.000199s ]
[2023-01-27T01:09:21+08:00][sql] CONNECT:[ UseTime:0.001775s ] mysql:host=localhost;port=3316;dbname=coffee;charset=utf8
[2023-01-27T01:09:21+08:00][sql] SHOW FULL COLUMNS FROM `banner` [ RunTime:0.001213s ]
[2023-01-27T01:09:21+08:00][sql] SELECT * FROM `banner` [ RunTime:0.000251s ]
[2023-01-27T01:09:21+08:00][sql] SHOW FULL COLUMNS FROM `information` [ RunTime:0.000990s ]
[2023-01-27T01:09:21+08:00][sql] SELECT * FROM `information` ORDER BY `time` DESC LIMIT 1 [ RunTime:0.000285s ]
[2023-01-27T01:09:21+08:00][sql] SELECT * FROM `information` ORDER BY `time` DESC LIMIT 1,4 [ RunTime:0.000403s ]
[2023-01-27T01:09:21+08:00][sql] SHOW FULL COLUMNS FROM `course` [ RunTime:0.001095s ]
[2023-01-27T01:09:21+08:00][sql] SELECT `id`,`title` FROM `course` ORDER BY `sorting` ASC LIMIT 0,6 [ RunTime:0.000241s ]
[2023-01-27T01:09:21+08:00][sql] SHOW FULL COLUMNS FROM `teacher` [ RunTime:0.000927s ]
[2023-01-27T01:09:21+08:00][sql] SELECT * FROM `teacher` [ RunTime:0.000238s ]
[2023-01-27T01:09:21+08:00][sql] SHOW FULL COLUMNS FROM `address` [ RunTime:0.000879s ]
[2023-01-27T01:09:21+08:00][sql] SELECT * FROM `address` WHERE  `id` = 1 LIMIT 1 [ RunTime:0.000278s ]
[2023-01-27T01:09:21+08:00][sql] SELECT * FROM `address` WHERE  `id` = 2 LIMIT 1 [ RunTime:0.000225s ]
[2023-01-27T01:09:55+08:00][sql] CONNECT:[ UseTime:0.000394s ] mysql:host=localhost;port=3316;dbname=coffee;charset=utf8
[2023-01-27T01:09:55+08:00][sql] SHOW FULL COLUMNS FROM `banner` [ RunTime:0.001239s ]
[2023-01-27T01:09:55+08:00][sql] SELECT * FROM `banner` [ RunTime:0.000222s ]
[2023-01-27T01:09:55+08:00][sql] SHOW FULL COLUMNS FROM `information` [ RunTime:0.001031s ]
[2023-01-27T01:09:55+08:00][sql] SELECT * FROM `information` ORDER BY `time` DESC LIMIT 1 [ RunTime:0.000330s ]
[2023-01-27T01:09:55+08:00][sql] SELECT * FROM `information` ORDER BY `time` DESC LIMIT 1,4 [ RunTime:0.000364s ]
[2023-01-27T01:09:55+08:00][sql] SHOW FULL COLUMNS FROM `course` [ RunTime:0.001181s ]
[2023-01-27T01:09:55+08:00][sql] SELECT `id`,`title` FROM `course` ORDER BY `sorting` ASC LIMIT 0,6 [ RunTime:0.000316s ]
[2023-01-27T01:09:55+08:00][sql] SHOW FULL COLUMNS FROM `teacher` [ RunTime:0.000932s ]
[2023-01-27T01:09:55+08:00][sql] SELECT * FROM `teacher` [ RunTime:0.000367s ]
[2023-01-27T01:09:55+08:00][sql] SHOW FULL COLUMNS FROM `address` [ RunTime:0.000906s ]
[2023-01-27T01:09:55+08:00][sql] SELECT * FROM `address` WHERE  `id` = 1 LIMIT 1 [ RunTime:0.000237s ]
[2023-01-27T01:09:55+08:00][sql] SELECT * FROM `address` WHERE  `id` = 2 LIMIT 1 [ RunTime:0.000214s ]
[2023-01-27T01:39:05+08:00][sql] CONNECT:[ UseTime:0.000403s ] mysql:host=localhost;port=3316;dbname=coffee;charset=utf8
[2023-01-27T01:39:05+08:00][sql] SHOW FULL COLUMNS FROM `banner` [ RunTime:0.001293s ]
[2023-01-27T01:39:05+08:00][sql] SELECT * FROM `banner` [ RunTime:0.000252s ]
[2023-01-27T01:39:05+08:00][sql] SHOW FULL COLUMNS FROM `information` [ RunTime:0.001024s ]
[2023-01-27T01:39:05+08:00][sql] SELECT * FROM `information` ORDER BY `time` DESC LIMIT 1 [ RunTime:0.000323s ]
[2023-01-27T01:39:05+08:00][sql] SELECT * FROM `information` ORDER BY `time` DESC LIMIT 1,4 [ RunTime:0.000409s ]
[2023-01-27T01:39:05+08:00][sql] SHOW FULL COLUMNS FROM `course` [ RunTime:0.001078s ]
[2023-01-27T01:39:05+08:00][sql] SELECT `id`,`title` FROM `course` ORDER BY `sorting` ASC LIMIT 0,6 [ RunTime:0.000272s ]
[2023-01-27T01:39:05+08:00][sql] SHOW FULL COLUMNS FROM `teacher` [ RunTime:0.000900s ]
[2023-01-27T01:39:05+08:00][sql] SELECT * FROM `teacher` [ RunTime:0.000324s ]
[2023-01-27T01:39:05+08:00][sql] SHOW FULL COLUMNS FROM `address` [ RunTime:0.000981s ]
[2023-01-27T01:39:05+08:00][sql] SELECT * FROM `address` WHERE  `id` = 1 LIMIT 1 [ RunTime:0.000278s ]
[2023-01-27T01:39:05+08:00][sql] SELECT * FROM `address` WHERE  `id` = 2 LIMIT 1 [ RunTime:0.000247s ]
[2023-01-27T01:39:05+08:00][sql] CONNECT:[ UseTime:0.000366s ] mysql:host=localhost;port=3316;dbname=coffee;charset=utf8
[2023-01-27T01:39:05+08:00][sql] SHOW FULL COLUMNS FROM `banner` [ RunTime:0.001194s ]
[2023-01-27T01:39:05+08:00][sql] SELECT * FROM `banner` [ RunTime:0.000219s ]
[2023-01-27T01:39:05+08:00][sql] SHOW FULL COLUMNS FROM `information` [ RunTime:0.000930s ]
[2023-01-27T01:39:05+08:00][sql] SELECT * FROM `information` ORDER BY `time` DESC LIMIT 1 [ RunTime:0.000282s ]
[2023-01-27T01:39:05+08:00][sql] SELECT * FROM `information` ORDER BY `time` DESC LIMIT 1,4 [ RunTime:0.000331s ]
[2023-01-27T01:39:05+08:00][sql] SHOW FULL COLUMNS FROM `course` [ RunTime:0.001019s ]
[2023-01-27T01:39:05+08:00][sql] SELECT `id`,`title` FROM `course` ORDER BY `sorting` ASC LIMIT 0,6 [ RunTime:0.000229s ]
[2023-01-27T01:39:05+08:00][sql] SHOW FULL COLUMNS FROM `teacher` [ RunTime:0.000851s ]
[2023-01-27T01:39:05+08:00][sql] SELECT * FROM `teacher` [ RunTime:0.000225s ]
[2023-01-27T01:39:05+08:00][sql] SHOW FULL COLUMNS FROM `address` [ RunTime:0.000880s ]
[2023-01-27T01:39:05+08:00][sql] SELECT * FROM `address` WHERE  `id` = 1 LIMIT 1 [ RunTime:0.000294s ]
[2023-01-27T01:39:05+08:00][sql] SELECT * FROM `address` WHERE  `id` = 2 LIMIT 1 [ RunTime:0.000212s ]
[2023-01-27T01:45:08+08:00][sql] CONNECT:[ UseTime:0.000409s ] mysql:host=localhost;port=3316;dbname=coffee;charset=utf8
[2023-01-27T01:45:08+08:00][sql] SHOW FULL COLUMNS FROM `banner` [ RunTime:0.001271s ]
[2023-01-27T01:45:08+08:00][sql] SELECT * FROM `banner` [ RunTime:0.000252s ]
[2023-01-27T01:45:08+08:00][sql] SHOW FULL COLUMNS FROM `information` [ RunTime:0.001009s ]
[2023-01-27T01:45:08+08:00][sql] SELECT * FROM `information` ORDER BY `time` DESC LIMIT 1 [ RunTime:0.000322s ]
[2023-01-27T01:45:08+08:00][sql] SELECT * FROM `information` ORDER BY `time` DESC LIMIT 1,4 [ RunTime:0.000384s ]
[2023-01-27T01:45:08+08:00][sql] SHOW FULL COLUMNS FROM `course` [ RunTime:0.001139s ]
[2023-01-27T01:45:08+08:00][sql] SELECT `id`,`title` FROM `course` ORDER BY `sorting` ASC LIMIT 0,6 [ RunTime:0.000254s ]
[2023-01-27T01:45:08+08:00][sql] SHOW FULL COLUMNS FROM `teacher` [ RunTime:0.001044s ]
[2023-01-27T01:45:08+08:00][sql] SELECT * FROM `teacher` [ RunTime:0.000282s ]
[2023-01-27T01:45:08+08:00][sql] SHOW FULL COLUMNS FROM `address` [ RunTime:0.000976s ]
[2023-01-27T01:45:08+08:00][sql] SELECT * FROM `address` WHERE  `id` = 1 LIMIT 1 [ RunTime:0.000290s ]
[2023-01-27T01:45:08+08:00][sql] SELECT * FROM `address` WHERE  `id` = 2 LIMIT 1 [ RunTime:0.000267s ]
[2023-01-27T01:45:08+08:00][sql] CONNECT:[ UseTime:0.000443s ] mysql:host=localhost;port=3316;dbname=coffee;charset=utf8
[2023-01-27T01:45:08+08:00][sql] SHOW FULL COLUMNS FROM `banner` [ RunTime:0.001256s ]
[2023-01-27T01:45:08+08:00][sql] SELECT * FROM `banner` [ RunTime:0.000259s ]
[2023-01-27T01:45:08+08:00][sql] SHOW FULL COLUMNS FROM `information` [ RunTime:0.000977s ]
[2023-01-27T01:45:08+08:00][sql] SELECT * FROM `information` ORDER BY `time` DESC LIMIT 1 [ RunTime:0.000324s ]
[2023-01-27T01:45:08+08:00][sql] SELECT * FROM `information` ORDER BY `time` DESC LIMIT 1,4 [ RunTime:0.000383s ]
[2023-01-27T01:45:08+08:00][sql] SHOW FULL COLUMNS FROM `course` [ RunTime:0.001064s ]
[2023-01-27T01:45:08+08:00][sql] SELECT `id`,`title` FROM `course` ORDER BY `sorting` ASC LIMIT 0,6 [ RunTime:0.000263s ]
[2023-01-27T01:45:08+08:00][sql] SHOW FULL COLUMNS FROM `teacher` [ RunTime:0.000926s ]
[2023-01-27T01:45:08+08:00][sql] SELECT * FROM `teacher` [ RunTime:0.000268s ]
[2023-01-27T01:45:08+08:00][sql] SHOW FULL COLUMNS FROM `address` [ RunTime:0.000979s ]
[2023-01-27T01:45:08+08:00][sql] SELECT * FROM `address` WHERE  `id` = 1 LIMIT 1 [ RunTime:0.000289s ]
[2023-01-27T01:45:08+08:00][sql] SELECT * FROM `address` WHERE  `id` = 2 LIMIT 1 [ RunTime:0.000248s ]
[2023-01-27T02:39:45+08:00][sql] CONNECT:[ UseTime:0.000426s ] mysql:host=localhost;port=3316;dbname=coffee;charset=utf8
[2023-01-27T02:39:45+08:00][sql] SHOW FULL COLUMNS FROM `banner` [ RunTime:0.001558s ]
[2023-01-27T02:39:45+08:00][sql] SELECT * FROM `banner` [ RunTime:0.000297s ]
[2023-01-27T02:39:45+08:00][sql] SHOW FULL COLUMNS FROM `information` [ RunTime:0.001258s ]
[2023-01-27T02:39:45+08:00][sql] SELECT * FROM `information` ORDER BY `time` DESC LIMIT 1 [ RunTime:0.000345s ]
[2023-01-27T02:39:45+08:00][sql] SELECT * FROM `information` ORDER BY `time` DESC LIMIT 1,4 [ RunTime:0.000476s ]
[2023-01-27T02:39:45+08:00][sql] SHOW FULL COLUMNS FROM `course` [ RunTime:0.001295s ]
[2023-01-27T02:39:45+08:00][sql] SELECT `id`,`title` FROM `course` ORDER BY `sorting` ASC LIMIT 0,6 [ RunTime:0.000304s ]
[2023-01-27T02:39:45+08:00][sql] SHOW FULL COLUMNS FROM `teacher` [ RunTime:0.001064s ]
[2023-01-27T02:39:45+08:00][sql] SELECT * FROM `teacher` [ RunTime:0.000272s ]
[2023-01-27T02:39:45+08:00][sql] SHOW FULL COLUMNS FROM `address` [ RunTime:0.000931s ]
[2023-01-27T02:39:45+08:00][sql] SELECT * FROM `address` WHERE  `id` = 1 LIMIT 1 [ RunTime:0.000283s ]
[2023-01-27T02:39:45+08:00][sql] SELECT * FROM `address` WHERE  `id` = 2 LIMIT 1 [ RunTime:0.000253s ]
[2023-01-27T02:52:36+08:00][sql] CONNECT:[ UseTime:0.000362s ] mysql:host=localhost;port=3316;dbname=coffee;charset=utf8
[2023-01-27T02:52:36+08:00][sql] SHOW FULL COLUMNS FROM `banner` [ RunTime:0.001161s ]
[2023-01-27T02:52:36+08:00][sql] SELECT * FROM `banner` [ RunTime:0.000222s ]
[2023-01-27T02:52:36+08:00][sql] SHOW FULL COLUMNS FROM `information` [ RunTime:0.000948s ]
[2023-01-27T02:52:36+08:00][sql] SELECT * FROM `information` ORDER BY `time` DESC LIMIT 1 [ RunTime:0.000298s ]
[2023-01-27T02:52:36+08:00][sql] SELECT * FROM `information` ORDER BY `time` DESC LIMIT 1,4 [ RunTime:0.000316s ]
[2023-01-27T02:52:36+08:00][sql] SHOW FULL COLUMNS FROM `course` [ RunTime:0.001078s ]
[2023-01-27T02:52:36+08:00][sql] SELECT `id`,`title` FROM `course` ORDER BY `sorting` ASC LIMIT 0,6 [ RunTime:0.000224s ]
[2023-01-27T02:52:36+08:00][sql] SHOW FULL COLUMNS FROM `teacher` [ RunTime:0.000844s ]
[2023-01-27T02:52:36+08:00][sql] SELECT * FROM `teacher` [ RunTime:0.000235s ]
[2023-01-27T02:52:36+08:00][sql] SHOW FULL COLUMNS FROM `address` [ RunTime:0.000860s ]
[2023-01-27T02:52:36+08:00][sql] SELECT * FROM `address` WHERE  `id` = 1 LIMIT 1 [ RunTime:0.000253s ]
[2023-01-27T02:52:36+08:00][sql] SELECT * FROM `address` WHERE  `id` = 2 LIMIT 1 [ RunTime:0.000210s ]
[2023-01-27T03:20:26+08:00][sql] CONNECT:[ UseTime:0.000426s ] mysql:host=localhost;port=3316;dbname=coffee;charset=utf8
[2023-01-27T03:20:26+08:00][sql] SHOW FULL COLUMNS FROM `banner` [ RunTime:0.001353s ]
[2023-01-27T03:20:26+08:00][sql] SELECT * FROM `banner` [ RunTime:0.000268s ]
[2023-01-27T03:20:26+08:00][sql] SHOW FULL COLUMNS FROM `information` [ RunTime:0.001059s ]
[2023-01-27T03:20:26+08:00][sql] SELECT * FROM `information` ORDER BY `time` DESC LIMIT 1 [ RunTime:0.000365s ]
[2023-01-27T03:20:26+08:00][sql] SELECT * FROM `information` ORDER BY `time` DESC LIMIT 1,4 [ RunTime:0.000414s ]
[2023-01-27T03:20:26+08:00][sql] SHOW FULL COLUMNS FROM `course` [ RunTime:0.001174s ]
[2023-01-27T03:20:26+08:00][sql] SELECT `id`,`title` FROM `course` ORDER BY `sorting` ASC LIMIT 0,6 [ RunTime:0.000272s ]
[2023-01-27T03:20:26+08:00][sql] SHOW FULL COLUMNS FROM `teacher` [ RunTime:0.000936s ]
[2023-01-27T03:20:26+08:00][sql] SELECT * FROM `teacher` [ RunTime:0.000272s ]
[2023-01-27T03:20:26+08:00][sql] SHOW FULL COLUMNS FROM `address` [ RunTime:0.001096s ]
[2023-01-27T03:20:26+08:00][sql] SELECT * FROM `address` WHERE  `id` = 1 LIMIT 1 [ RunTime:0.000271s ]
[2023-01-27T03:20:26+08:00][sql] SELECT * FROM `address` WHERE  `id` = 2 LIMIT 1 [ RunTime:0.000260s ]
[2023-01-27T03:30:40+08:00][sql] CONNECT:[ UseTime:0.000372s ] mysql:host=localhost;port=3316;dbname=coffee;charset=utf8
[2023-01-27T03:30:40+08:00][sql] SHOW FULL COLUMNS FROM `banner` [ RunTime:0.001163s ]
[2023-01-27T03:30:40+08:00][sql] SELECT * FROM `banner` [ RunTime:0.000215s ]
[2023-01-27T03:30:40+08:00][sql] SHOW FULL COLUMNS FROM `information` [ RunTime:0.000911s ]
[2023-01-27T03:30:40+08:00][sql] SELECT * FROM `information` ORDER BY `time` DESC LIMIT 1 [ RunTime:0.000280s ]
[2023-01-27T03:30:40+08:00][sql] SELECT * FROM `information` ORDER BY `time` DESC LIMIT 1,4 [ RunTime:0.000333s ]
[2023-01-27T03:30:40+08:00][sql] SHOW FULL COLUMNS FROM `course` [ RunTime:0.001004s ]
[2023-01-27T03:30:40+08:00][sql] SELECT `id`,`title` FROM `course` ORDER BY `sorting` ASC LIMIT 0,6 [ RunTime:0.000207s ]
[2023-01-27T03:30:40+08:00][sql] SHOW FULL COLUMNS FROM `teacher` [ RunTime:0.000890s ]
[2023-01-27T03:30:40+08:00][sql] SELECT * FROM `teacher` [ RunTime:0.000226s ]
[2023-01-27T03:30:40+08:00][sql] SHOW FULL COLUMNS FROM `address` [ RunTime:0.000910s ]
[2023-01-27T03:30:40+08:00][sql] SELECT * FROM `address` WHERE  `id` = 1 LIMIT 1 [ RunTime:0.000250s ]
[2023-01-27T03:30:40+08:00][sql] SELECT * FROM `address` WHERE  `id` = 2 LIMIT 1 [ RunTime:0.000204s ]
[2023-01-27T03:30:40+08:00][sql] CONNECT:[ UseTime:0.000415s ] mysql:host=localhost;port=3316;dbname=coffee;charset=utf8
[2023-01-27T03:30:40+08:00][sql] SHOW FULL COLUMNS FROM `banner` [ RunTime:0.001310s ]
[2023-01-27T03:30:40+08:00][sql] SELECT * FROM `banner` [ RunTime:0.000260s ]
[2023-01-27T03:30:40+08:00][sql] SHOW FULL COLUMNS FROM `information` [ RunTime:0.001129s ]
[2023-01-27T03:30:40+08:00][sql] SELECT * FROM `information` ORDER BY `time` DESC LIMIT 1 [ RunTime:0.000333s ]
[2023-01-27T03:30:40+08:00][sql] SELECT * FROM `information` ORDER BY `time` DESC LIMIT 1,4 [ RunTime:0.000503s ]
[2023-01-27T03:30:40+08:00][sql] SHOW FULL COLUMNS FROM `course` [ RunTime:0.001093s ]
[2023-01-27T03:30:40+08:00][sql] SELECT `id`,`title` FROM `course` ORDER BY `sorting` ASC LIMIT 0,6 [ RunTime:0.000295s ]
[2023-01-27T03:30:40+08:00][sql] SHOW FULL COLUMNS FROM `teacher` [ RunTime:0.000928s ]
[2023-01-27T03:30:40+08:00][sql] SELECT * FROM `teacher` [ RunTime:0.000264s ]
[2023-01-27T03:30:40+08:00][sql] SHOW FULL COLUMNS FROM `address` [ RunTime:0.000930s ]
[2023-01-27T03:30:40+08:00][sql] SELECT * FROM `address` WHERE  `id` = 1 LIMIT 1 [ RunTime:0.000281s ]
[2023-01-27T03:30:40+08:00][sql] SELECT * FROM `address` WHERE  `id` = 2 LIMIT 1 [ RunTime:0.000245s ]
[2023-01-27T03:44:50+08:00][sql] CONNECT:[ UseTime:0.000464s ] mysql:host=localhost;port=3316;dbname=coffee;charset=utf8
[2023-01-27T03:44:50+08:00][sql] SHOW FULL COLUMNS FROM `banner` [ RunTime:0.001309s ]
[2023-01-27T03:44:50+08:00][sql] SELECT * FROM `banner` [ RunTime:0.000267s ]
[2023-01-27T03:44:50+08:00][sql] SHOW FULL COLUMNS FROM `information` [ RunTime:0.000995s ]
[2023-01-27T03:44:50+08:00][sql] SELECT * FROM `information` ORDER BY `time` DESC LIMIT 1 [ RunTime:0.000321s ]
[2023-01-27T03:44:50+08:00][sql] SELECT * FROM `information` ORDER BY `time` DESC LIMIT 1,4 [ RunTime:0.000335s ]
[2023-01-27T03:44:50+08:00][sql] SHOW FULL COLUMNS FROM `course` [ RunTime:0.001107s ]
[2023-01-27T03:44:50+08:00][sql] SELECT `id`,`title` FROM `course` ORDER BY `sorting` ASC LIMIT 0,6 [ RunTime:0.000263s ]
[2023-01-27T03:44:50+08:00][sql] SHOW FULL COLUMNS FROM `teacher` [ RunTime:0.001016s ]
[2023-01-27T03:44:50+08:00][sql] SELECT * FROM `teacher` [ RunTime:0.000229s ]
[2023-01-27T03:44:50+08:00][sql] SHOW FULL COLUMNS FROM `address` [ RunTime:0.001078s ]
[2023-01-27T03:44:50+08:00][sql] SELECT * FROM `address` WHERE  `id` = 1 LIMIT 1 [ RunTime:0.000325s ]
[2023-01-27T03:44:50+08:00][sql] SELECT * FROM `address` WHERE  `id` = 2 LIMIT 1 [ RunTime:0.000241s ]
[2023-01-27T04:27:35+08:00][sql] CONNECT:[ UseTime:0.000439s ] mysql:host=localhost;port=3316;dbname=coffee;charset=utf8
[2023-01-27T04:27:35+08:00][sql] SHOW FULL COLUMNS FROM `banner` [ RunTime:0.001567s ]
[2023-01-27T04:27:35+08:00][sql] SELECT * FROM `banner` [ RunTime:0.000268s ]
[2023-01-27T04:27:35+08:00][sql] SHOW FULL COLUMNS FROM `information` [ RunTime:0.001193s ]
[2023-01-27T04:27:35+08:00][sql] SELECT * FROM `information` ORDER BY `time` DESC LIMIT 1 [ RunTime:0.000379s ]
[2023-01-27T04:27:35+08:00][sql] SELECT * FROM `information` ORDER BY `time` DESC LIMIT 1,4 [ RunTime:0.000440s ]
[2023-01-27T04:27:35+08:00][sql] SHOW FULL COLUMNS FROM `course` [ RunTime:0.001426s ]
[2023-01-27T04:27:35+08:00][sql] SELECT `id`,`title` FROM `course` ORDER BY `sorting` ASC LIMIT 0,6 [ RunTime:0.000264s ]
[2023-01-27T04:27:35+08:00][sql] SHOW FULL COLUMNS FROM `teacher` [ RunTime:0.001106s ]
[2023-01-27T04:27:35+08:00][sql] SELECT * FROM `teacher` [ RunTime:0.000265s ]
[2023-01-27T04:27:35+08:00][sql] SHOW FULL COLUMNS FROM `address` [ RunTime:0.001118s ]
[2023-01-27T04:27:35+08:00][sql] SELECT * FROM `address` WHERE  `id` = 1 LIMIT 1 [ RunTime:0.000287s ]
[2023-01-27T04:27:35+08:00][sql] SELECT * FROM `address` WHERE  `id` = 2 LIMIT 1 [ RunTime:0.000257s ]
[2023-01-27T05:06:46+08:00][sql] CONNECT:[ UseTime:0.000356s ] mysql:host=localhost;port=3316;dbname=coffee;charset=utf8
[2023-01-27T05:06:46+08:00][sql] SHOW FULL COLUMNS FROM `banner` [ RunTime:0.001264s ]
[2023-01-27T05:06:46+08:00][sql] SELECT * FROM `banner` [ RunTime:0.000218s ]
[2023-01-27T05:06:46+08:00][sql] SHOW FULL COLUMNS FROM `information` [ RunTime:0.000948s ]
[2023-01-27T05:06:46+08:00][sql] SELECT * FROM `information` ORDER BY `time` DESC LIMIT 1 [ RunTime:0.000306s ]
[2023-01-27T05:06:46+08:00][sql] SELECT * FROM `information` ORDER BY `time` DESC LIMIT 1,4 [ RunTime:0.000337s ]
[2023-01-27T05:06:46+08:00][sql] SHOW FULL COLUMNS FROM `course` [ RunTime:0.001040s ]
[2023-01-27T05:06:46+08:00][sql] SELECT `id`,`title` FROM `course` ORDER BY `sorting` ASC LIMIT 0,6 [ RunTime:0.000252s ]
[2023-01-27T05:06:46+08:00][sql] SHOW FULL COLUMNS FROM `teacher` [ RunTime:0.000883s ]
[2023-01-27T05:06:46+08:00][sql] SELECT * FROM `teacher` [ RunTime:0.000220s ]
[2023-01-27T05:06:46+08:00][sql] SHOW FULL COLUMNS FROM `address` [ RunTime:0.000933s ]
[2023-01-27T05:06:46+08:00][sql] SELECT * FROM `address` WHERE  `id` = 1 LIMIT 1 [ RunTime:0.000256s ]
[2023-01-27T05:06:46+08:00][sql] SELECT * FROM `address` WHERE  `id` = 2 LIMIT 1 [ RunTime:0.000231s ]
[2023-01-27T05:12:27+08:00][sql] CONNECT:[ UseTime:0.000385s ] mysql:host=localhost;port=3316;dbname=coffee;charset=utf8
[2023-01-27T05:12:27+08:00][sql] SHOW FULL COLUMNS FROM `banner` [ RunTime:0.001157s ]
[2023-01-27T05:12:27+08:00][sql] SELECT * FROM `banner` [ RunTime:0.000221s ]
[2023-01-27T05:12:27+08:00][sql] SHOW FULL COLUMNS FROM `information` [ RunTime:0.000914s ]
[2023-01-27T05:12:27+08:00][sql] SELECT * FROM `information` ORDER BY `time` DESC LIMIT 1 [ RunTime:0.000291s ]
[2023-01-27T05:12:27+08:00][sql] SELECT * FROM `information` ORDER BY `time` DESC LIMIT 1,4 [ RunTime:0.000329s ]
[2023-01-27T05:12:27+08:00][sql] SHOW FULL COLUMNS FROM `course` [ RunTime:0.000994s ]
[2023-01-27T05:12:27+08:00][sql] SELECT `id`,`title` FROM `course` ORDER BY `sorting` ASC LIMIT 0,6 [ RunTime:0.000223s ]
[2023-01-27T05:12:27+08:00][sql] SHOW FULL COLUMNS FROM `teacher` [ RunTime:0.001566s ]
[2023-01-27T05:12:27+08:00][sql] SELECT * FROM `teacher` [ RunTime:0.000518s ]
[2023-01-27T05:12:27+08:00][sql] SHOW FULL COLUMNS FROM `address` [ RunTime:0.000915s ]
[2023-01-27T05:12:27+08:00][sql] SELECT * FROM `address` WHERE  `id` = 1 LIMIT 1 [ RunTime:0.000291s ]
[2023-01-27T05:12:27+08:00][sql] SELECT * FROM `address` WHERE  `id` = 2 LIMIT 1 [ RunTime:0.000245s ]
[2023-01-27T06:08:42+08:00][sql] CONNECT:[ UseTime:0.000397s ] mysql:host=localhost;port=3316;dbname=coffee;charset=utf8
[2023-01-27T06:08:42+08:00][sql] SHOW FULL COLUMNS FROM `banner` [ RunTime:0.001218s ]
[2023-01-27T06:08:42+08:00][sql] SELECT * FROM `banner` [ RunTime:0.000257s ]
[2023-01-27T06:08:42+08:00][sql] SHOW FULL COLUMNS FROM `information` [ RunTime:0.001006s ]
[2023-01-27T06:08:42+08:00][sql] SELECT * FROM `information` ORDER BY `time` DESC LIMIT 1 [ RunTime:0.000319s ]
[2023-01-27T06:08:42+08:00][sql] SELECT * FROM `information` ORDER BY `time` DESC LIMIT 1,4 [ RunTime:0.000395s ]
[2023-01-27T06:08:42+08:00][sql] SHOW FULL COLUMNS FROM `course` [ RunTime:0.001080s ]
[2023-01-27T06:08:42+08:00][sql] SELECT `id`,`title` FROM `course` ORDER BY `sorting` ASC LIMIT 0,6 [ RunTime:0.000267s ]
[2023-01-27T06:08:42+08:00][sql] SHOW FULL COLUMNS FROM `teacher` [ RunTime:0.000919s ]
[2023-01-27T06:08:42+08:00][sql] SELECT * FROM `teacher` [ RunTime:0.000272s ]
[2023-01-27T06:08:42+08:00][sql] SHOW FULL COLUMNS FROM `address` [ RunTime:0.000953s ]
[2023-01-27T06:08:42+08:00][sql] SELECT * FROM `address` WHERE  `id` = 1 LIMIT 1 [ RunTime:0.000286s ]
[2023-01-27T06:08:42+08:00][sql] SELECT * FROM `address` WHERE  `id` = 2 LIMIT 1 [ RunTime:0.000371s ]
[2023-01-27T06:16:23+08:00][sql] CONNECT:[ UseTime:0.000407s ] mysql:host=localhost;port=3316;dbname=coffee;charset=utf8
[2023-01-27T06:16:23+08:00][sql] SHOW FULL COLUMNS FROM `banner` [ RunTime:0.002801s ]
[2023-01-27T06:16:23+08:00][sql] SELECT * FROM `banner` [ RunTime:0.000394s ]
[2023-01-27T06:16:23+08:00][sql] SHOW FULL COLUMNS FROM `information` [ RunTime:0.001101s ]
[2023-01-27T06:16:23+08:00][sql] SELECT * FROM `information` ORDER BY `time` DESC LIMIT 1 [ RunTime:0.000294s ]
[2023-01-27T06:16:23+08:00][sql] SELECT * FROM `information` ORDER BY `time` DESC LIMIT 1,4 [ RunTime:0.000333s ]
[2023-01-27T06:16:23+08:00][sql] SHOW FULL COLUMNS FROM `course` [ RunTime:0.001373s ]
[2023-01-27T06:16:23+08:00][sql] SELECT `id`,`title` FROM `course` ORDER BY `sorting` ASC LIMIT 0,6 [ RunTime:0.000229s ]
[2023-01-27T06:16:23+08:00][sql] SHOW FULL COLUMNS FROM `teacher` [ RunTime:0.000994s ]
[2023-01-27T06:16:23+08:00][sql] SELECT * FROM `teacher` [ RunTime:0.000267s ]
[2023-01-27T06:16:23+08:00][sql] SHOW FULL COLUMNS FROM `address` [ RunTime:0.000971s ]
[2023-01-27T06:16:23+08:00][sql] SELECT * FROM `address` WHERE  `id` = 1 LIMIT 1 [ RunTime:0.000233s ]
[2023-01-27T06:16:23+08:00][sql] SELECT * FROM `address` WHERE  `id` = 2 LIMIT 1 [ RunTime:0.000208s ]
[2023-01-27T06:31:13+08:00][sql] CONNECT:[ UseTime:0.000404s ] mysql:host=localhost;port=3316;dbname=coffee;charset=utf8
[2023-01-27T06:31:13+08:00][sql] SHOW FULL COLUMNS FROM `banner` [ RunTime:0.001680s ]
[2023-01-27T06:31:13+08:00][sql] SELECT * FROM `banner` [ RunTime:0.000277s ]
[2023-01-27T06:31:13+08:00][sql] SHOW FULL COLUMNS FROM `information` [ RunTime:0.001011s ]
[2023-01-27T06:31:13+08:00][sql] SELECT * FROM `information` ORDER BY `time` DESC LIMIT 1 [ RunTime:0.000350s ]
[2023-01-27T06:31:13+08:00][sql] SELECT * FROM `information` ORDER BY `time` DESC LIMIT 1,4 [ RunTime:0.000390s ]
[2023-01-27T06:31:13+08:00][sql] SHOW FULL COLUMNS FROM `course` [ RunTime:0.001093s ]
[2023-01-27T06:31:13+08:00][sql] SELECT `id`,`title` FROM `course` ORDER BY `sorting` ASC LIMIT 0,6 [ RunTime:0.000276s ]
[2023-01-27T06:31:13+08:00][sql] SHOW FULL COLUMNS FROM `teacher` [ RunTime:0.001142s ]
[2023-01-27T06:31:13+08:00][sql] SELECT * FROM `teacher` [ RunTime:0.000350s ]
[2023-01-27T06:31:13+08:00][sql] SHOW FULL COLUMNS FROM `address` [ RunTime:0.001091s ]
[2023-01-27T06:31:13+08:00][sql] SELECT * FROM `address` WHERE  `id` = 1 LIMIT 1 [ RunTime:0.000324s ]
[2023-01-27T06:31:13+08:00][sql] SELECT * FROM `address` WHERE  `id` = 2 LIMIT 1 [ RunTime:0.000398s ]
[2023-01-27T07:06:14+08:00][sql] CONNECT:[ UseTime:0.001307s ] mysql:host=localhost;port=3316;dbname=coffee;charset=utf8
[2023-01-27T07:06:14+08:00][sql] SHOW FULL COLUMNS FROM `banner` [ RunTime:0.001274s ]
[2023-01-27T07:06:14+08:00][sql] SELECT * FROM `banner` [ RunTime:0.000259s ]
[2023-01-27T07:06:14+08:00][sql] SHOW FULL COLUMNS FROM `information` [ RunTime:0.001046s ]
[2023-01-27T07:06:14+08:00][sql] SELECT * FROM `information` ORDER BY `time` DESC LIMIT 1 [ RunTime:0.000322s ]
[2023-01-27T07:06:14+08:00][sql] SELECT * FROM `information` ORDER BY `time` DESC LIMIT 1,4 [ RunTime:0.000409s ]
[2023-01-27T07:06:14+08:00][sql] SHOW FULL COLUMNS FROM `course` [ RunTime:0.001114s ]
[2023-01-27T07:06:14+08:00][sql] SELECT `id`,`title` FROM `course` ORDER BY `sorting` ASC LIMIT 0,6 [ RunTime:0.000256s ]
[2023-01-27T07:06:14+08:00][sql] SHOW FULL COLUMNS FROM `teacher` [ RunTime:0.000960s ]
[2023-01-27T07:06:14+08:00][sql] SELECT * FROM `teacher` [ RunTime:0.000330s ]
[2023-01-27T07:06:14+08:00][sql] SHOW FULL COLUMNS FROM `address` [ RunTime:0.001119s ]
[2023-01-27T07:06:14+08:00][sql] SELECT * FROM `address` WHERE  `id` = 1 LIMIT 1 [ RunTime:0.000299s ]
[2023-01-27T07:06:14+08:00][sql] SELECT * FROM `address` WHERE  `id` = 2 LIMIT 1 [ RunTime:0.000288s ]
[2023-01-27T07:32:30+08:00][sql] CONNECT:[ UseTime:0.000374s ] mysql:host=localhost;port=3316;dbname=coffee;charset=utf8
[2023-01-27T07:32:30+08:00][sql] SHOW FULL COLUMNS FROM `banner` [ RunTime:0.001170s ]
[2023-01-27T07:32:30+08:00][sql] SELECT * FROM `banner` [ RunTime:0.000223s ]
[2023-01-27T07:32:30+08:00][sql] SHOW FULL COLUMNS FROM `information` [ RunTime:0.000900s ]
[2023-01-27T07:32:30+08:00][sql] SELECT * FROM `information` ORDER BY `time` DESC LIMIT 1 [ RunTime:0.000272s ]
[2023-01-27T07:32:30+08:00][sql] SELECT * FROM `information` ORDER BY `time` DESC LIMIT 1,4 [ RunTime:0.000320s ]
[2023-01-27T07:32:30+08:00][sql] SHOW FULL COLUMNS FROM `course` [ RunTime:0.000997s ]
[2023-01-27T07:32:30+08:00][sql] SELECT `id`,`title` FROM `course` ORDER BY `sorting` ASC LIMIT 0,6 [ RunTime:0.000236s ]
[2023-01-27T07:32:30+08:00][sql] SHOW FULL COLUMNS FROM `teacher` [ RunTime:0.000869s ]
[2023-01-27T07:32:30+08:00][sql] SELECT * FROM `teacher` [ RunTime:0.000216s ]
[2023-01-27T07:32:30+08:00][sql] SHOW FULL COLUMNS FROM `address` [ RunTime:0.000851s ]
[2023-01-27T07:32:30+08:00][sql] SELECT * FROM `address` WHERE  `id` = 1 LIMIT 1 [ RunTime:0.000250s ]
[2023-01-27T07:32:30+08:00][sql] SELECT * FROM `address` WHERE  `id` = 2 LIMIT 1 [ RunTime:0.000198s ]
[2023-01-27T08:20:08+08:00][sql] CONNECT:[ UseTime:0.000453s ] mysql:host=localhost;port=3316;dbname=coffee;charset=utf8
[2023-01-27T08:20:08+08:00][sql] SHOW FULL COLUMNS FROM `banner` [ RunTime:0.001254s ]
[2023-01-27T08:20:08+08:00][sql] SELECT * FROM `banner` [ RunTime:0.000263s ]
[2023-01-27T08:20:08+08:00][sql] SHOW FULL COLUMNS FROM `information` [ RunTime:0.000974s ]
[2023-01-27T08:20:08+08:00][sql] SELECT * FROM `information` ORDER BY `time` DESC LIMIT 1 [ RunTime:0.000314s ]
[2023-01-27T08:20:08+08:00][sql] SELECT * FROM `information` ORDER BY `time` DESC LIMIT 1,4 [ RunTime:0.000398s ]
[2023-01-27T08:20:08+08:00][sql] SHOW FULL COLUMNS FROM `course` [ RunTime:0.001070s ]
[2023-01-27T08:20:08+08:00][sql] SELECT `id`,`title` FROM `course` ORDER BY `sorting` ASC LIMIT 0,6 [ RunTime:0.000273s ]
[2023-01-27T08:20:08+08:00][sql] SHOW FULL COLUMNS FROM `teacher` [ RunTime:0.000914s ]
[2023-01-27T08:20:08+08:00][sql] SELECT * FROM `teacher` [ RunTime:0.000288s ]
[2023-01-27T08:20:08+08:00][sql] SHOW FULL COLUMNS FROM `address` [ RunTime:0.000919s ]
[2023-01-27T08:20:08+08:00][sql] SELECT * FROM `address` WHERE  `id` = 1 LIMIT 1 [ RunTime:0.000271s ]
[2023-01-27T08:20:08+08:00][sql] SELECT * FROM `address` WHERE  `id` = 2 LIMIT 1 [ RunTime:0.000246s ]
[2023-01-27T08:26:52+08:00][sql] CONNECT:[ UseTime:0.000412s ] mysql:host=localhost;port=3316;dbname=coffee;charset=utf8
[2023-01-27T08:26:52+08:00][sql] SHOW FULL COLUMNS FROM `banner` [ RunTime:0.001212s ]
[2023-01-27T08:26:52+08:00][sql] SELECT * FROM `banner` [ RunTime:0.000260s ]
[2023-01-27T08:26:52+08:00][sql] SHOW FULL COLUMNS FROM `information` [ RunTime:0.000992s ]
[2023-01-27T08:26:52+08:00][sql] SELECT * FROM `information` ORDER BY `time` DESC LIMIT 1 [ RunTime:0.000297s ]
[2023-01-27T08:26:52+08:00][sql] SELECT * FROM `information` ORDER BY `time` DESC LIMIT 1,4 [ RunTime:0.000322s ]
[2023-01-27T08:26:52+08:00][sql] SHOW FULL COLUMNS FROM `course` [ RunTime:0.001008s ]
[2023-01-27T08:26:52+08:00][sql] SELECT `id`,`title` FROM `course` ORDER BY `sorting` ASC LIMIT 0,6 [ RunTime:0.000225s ]
[2023-01-27T08:26:52+08:00][sql] SHOW FULL COLUMNS FROM `teacher` [ RunTime:0.001071s ]
[2023-01-27T08:26:52+08:00][sql] SELECT * FROM `teacher` [ RunTime:0.000225s ]
[2023-01-27T08:26:52+08:00][sql] SHOW FULL COLUMNS FROM `address` [ RunTime:0.000852s ]
[2023-01-27T08:26:52+08:00][sql] SELECT * FROM `address` WHERE  `id` = 1 LIMIT 1 [ RunTime:0.000243s ]
[2023-01-27T08:26:52+08:00][sql] SELECT * FROM `address` WHERE  `id` = 2 LIMIT 1 [ RunTime:0.000214s ]
[2023-01-27T08:32:08+08:00][sql] CONNECT:[ UseTime:0.000369s ] mysql:host=localhost;port=3316;dbname=coffee;charset=utf8
[2023-01-27T08:32:08+08:00][sql] SHOW FULL COLUMNS FROM `banner` [ RunTime:0.001213s ]
[2023-01-27T08:32:08+08:00][sql] SELECT * FROM `banner` [ RunTime:0.000216s ]
[2023-01-27T08:32:08+08:00][sql] SHOW FULL COLUMNS FROM `information` [ RunTime:0.000959s ]
[2023-01-27T08:32:08+08:00][sql] SELECT * FROM `information` ORDER BY `time` DESC LIMIT 1 [ RunTime:0.000286s ]
[2023-01-27T08:32:08+08:00][sql] SELECT * FROM `information` ORDER BY `time` DESC LIMIT 1,4 [ RunTime:0.000354s ]
[2023-01-27T08:32:08+08:00][sql] SHOW FULL COLUMNS FROM `course` [ RunTime:0.001047s ]
[2023-01-27T08:32:08+08:00][sql] SELECT `id`,`title` FROM `course` ORDER BY `sorting` ASC LIMIT 0,6 [ RunTime:0.000234s ]
[2023-01-27T08:32:08+08:00][sql] SHOW FULL COLUMNS FROM `teacher` [ RunTime:0.000879s ]
[2023-01-27T08:32:08+08:00][sql] SELECT * FROM `teacher` [ RunTime:0.000225s ]
[2023-01-27T08:32:08+08:00][sql] SHOW FULL COLUMNS FROM `address` [ RunTime:0.000910s ]
[2023-01-27T08:32:08+08:00][sql] SELECT * FROM `address` WHERE  `id` = 1 LIMIT 1 [ RunTime:0.000250s ]
[2023-01-27T08:32:08+08:00][sql] SELECT * FROM `address` WHERE  `id` = 2 LIMIT 1 [ RunTime:0.000212s ]
[2023-01-27T08:54:19+08:00][sql] CONNECT:[ UseTime:0.000418s ] mysql:host=localhost;port=3316;dbname=coffee;charset=utf8
[2023-01-27T08:54:19+08:00][sql] SHOW FULL COLUMNS FROM `banner` [ RunTime:0.001221s ]
[2023-01-27T08:54:19+08:00][sql] SELECT * FROM `banner` [ RunTime:0.000265s ]
[2023-01-27T08:54:19+08:00][sql] SHOW FULL COLUMNS FROM `information` [ RunTime:0.001020s ]
[2023-01-27T08:54:19+08:00][sql] SELECT * FROM `information` ORDER BY `time` DESC LIMIT 1 [ RunTime:0.000349s ]
[2023-01-27T08:54:19+08:00][sql] SELECT * FROM `information` ORDER BY `time` DESC LIMIT 1,4 [ RunTime:0.000390s ]
[2023-01-27T08:54:19+08:00][sql] SHOW FULL COLUMNS FROM `course` [ RunTime:0.001076s ]
[2023-01-27T08:54:19+08:00][sql] SELECT `id`,`title` FROM `course` ORDER BY `sorting` ASC LIMIT 0,6 [ RunTime:0.000297s ]
[2023-01-27T08:54:19+08:00][sql] SHOW FULL COLUMNS FROM `teacher` [ RunTime:0.000902s ]
[2023-01-27T08:54:19+08:00][sql] SELECT * FROM `teacher` [ RunTime:0.000259s ]
[2023-01-27T08:54:19+08:00][sql] SHOW FULL COLUMNS FROM `address` [ RunTime:0.000935s ]
[2023-01-27T08:54:19+08:00][sql] SELECT * FROM `address` WHERE  `id` = 1 LIMIT 1 [ RunTime:0.000280s ]
[2023-01-27T08:54:19+08:00][sql] SELECT * FROM `address` WHERE  `id` = 2 LIMIT 1 [ RunTime:0.000261s ]
[2023-01-27T09:39:54+08:00][sql] CONNECT:[ UseTime:0.000441s ] mysql:host=localhost;port=3316;dbname=coffee;charset=utf8
[2023-01-27T09:39:54+08:00][sql] SHOW FULL COLUMNS FROM `banner` [ RunTime:0.001197s ]
[2023-01-27T09:39:54+08:00][sql] SELECT * FROM `banner` [ RunTime:0.000286s ]
[2023-01-27T09:39:54+08:00][sql] SHOW FULL COLUMNS FROM `information` [ RunTime:0.000957s ]
[2023-01-27T09:39:54+08:00][sql] SELECT * FROM `information` ORDER BY `time` DESC LIMIT 1 [ RunTime:0.000271s ]
[2023-01-27T09:39:54+08:00][sql] SELECT * FROM `information` ORDER BY `time` DESC LIMIT 1,4 [ RunTime:0.000514s ]
[2023-01-27T09:39:54+08:00][sql] SHOW FULL COLUMNS FROM `course` [ RunTime:0.001208s ]
[2023-01-27T09:39:54+08:00][sql] SELECT `id`,`title` FROM `course` ORDER BY `sorting` ASC LIMIT 0,6 [ RunTime:0.000248s ]
[2023-01-27T09:39:54+08:00][sql] SHOW FULL COLUMNS FROM `teacher` [ RunTime:0.000878s ]
[2023-01-27T09:39:54+08:00][sql] SELECT * FROM `teacher` [ RunTime:0.000224s ]
[2023-01-27T09:39:54+08:00][sql] SHOW FULL COLUMNS FROM `address` [ RunTime:0.000834s ]
[2023-01-27T09:39:54+08:00][sql] SELECT * FROM `address` WHERE  `id` = 1 LIMIT 1 [ RunTime:0.000244s ]
[2023-01-27T09:39:54+08:00][sql] SELECT * FROM `address` WHERE  `id` = 2 LIMIT 1 [ RunTime:0.000204s ]
[2023-01-27T09:49:19+08:00][sql] CONNECT:[ UseTime:0.000412s ] mysql:host=localhost;port=3316;dbname=coffee;charset=utf8
[2023-01-27T09:49:19+08:00][sql] SHOW FULL COLUMNS FROM `banner` [ RunTime:0.001167s ]
[2023-01-27T09:49:19+08:00][sql] SELECT * FROM `banner` [ RunTime:0.000231s ]
[2023-01-27T09:49:19+08:00][sql] SHOW FULL COLUMNS FROM `information` [ RunTime:0.000917s ]
[2023-01-27T09:49:19+08:00][sql] SELECT * FROM `information` ORDER BY `time` DESC LIMIT 1 [ RunTime:0.000290s ]
[2023-01-27T09:49:19+08:00][sql] SELECT * FROM `information` ORDER BY `time` DESC LIMIT 1,4 [ RunTime:0.000311s ]
[2023-01-27T09:49:19+08:00][sql] SHOW FULL COLUMNS FROM `course` [ RunTime:0.001011s ]
[2023-01-27T09:49:19+08:00][sql] SELECT `id`,`title` FROM `course` ORDER BY `sorting` ASC LIMIT 0,6 [ RunTime:0.000215s ]
[2023-01-27T09:49:19+08:00][sql] SHOW FULL COLUMNS FROM `teacher` [ RunTime:0.000873s ]
[2023-01-27T09:49:19+08:00][sql] SELECT * FROM `teacher` [ RunTime:0.000230s ]
[2023-01-27T09:49:19+08:00][sql] SHOW FULL COLUMNS FROM `address` [ RunTime:0.000851s ]
[2023-01-27T09:49:19+08:00][sql] SELECT * FROM `address` WHERE  `id` = 1 LIMIT 1 [ RunTime:0.000259s ]
[2023-01-27T09:49:19+08:00][sql] SELECT * FROM `address` WHERE  `id` = 2 LIMIT 1 [ RunTime:0.000209s ]
[2023-01-27T10:30:10+08:00][sql] CONNECT:[ UseTime:0.000374s ] mysql:host=localhost;port=3316;dbname=coffee;charset=utf8
[2023-01-27T10:30:10+08:00][sql] SHOW FULL COLUMNS FROM `banner` [ RunTime:0.001246s ]
[2023-01-27T10:30:10+08:00][sql] SELECT * FROM `banner` [ RunTime:0.000215s ]
[2023-01-27T10:30:10+08:00][sql] SHOW FULL COLUMNS FROM `information` [ RunTime:0.000964s ]
[2023-01-27T10:30:10+08:00][sql] SELECT * FROM `information` ORDER BY `time` DESC LIMIT 1 [ RunTime:0.000283s ]
[2023-01-27T10:30:10+08:00][sql] SELECT * FROM `information` ORDER BY `time` DESC LIMIT 1,4 [ RunTime:0.000355s ]
[2023-01-27T10:30:10+08:00][sql] SHOW FULL COLUMNS FROM `course` [ RunTime:0.001053s ]
[2023-01-27T10:30:10+08:00][sql] SELECT `id`,`title` FROM `course` ORDER BY `sorting` ASC LIMIT 0,6 [ RunTime:0.000228s ]
[2023-01-27T10:30:10+08:00][sql] SHOW FULL COLUMNS FROM `teacher` [ RunTime:0.000924s ]
[2023-01-27T10:30:10+08:00][sql] SELECT * FROM `teacher` [ RunTime:0.000236s ]
[2023-01-27T10:30:10+08:00][sql] SHOW FULL COLUMNS FROM `address` [ RunTime:0.000897s ]
[2023-01-27T10:30:10+08:00][sql] SELECT * FROM `address` WHERE  `id` = 1 LIMIT 1 [ RunTime:0.000252s ]
[2023-01-27T10:30:10+08:00][sql] SELECT * FROM `address` WHERE  `id` = 2 LIMIT 1 [ RunTime:0.000212s ]
[2023-01-27T11:24:19+08:00][sql] CONNECT:[ UseTime:0.000416s ] mysql:host=localhost;port=3316;dbname=coffee;charset=utf8
[2023-01-27T11:24:19+08:00][sql] SHOW FULL COLUMNS FROM `banner` [ RunTime:0.001271s ]
[2023-01-27T11:24:19+08:00][sql] SELECT * FROM `banner` [ RunTime:0.000392s ]
[2023-01-27T11:24:19+08:00][sql] SHOW FULL COLUMNS FROM `information` [ RunTime:0.000991s ]
[2023-01-27T11:24:19+08:00][sql] SELECT * FROM `information` ORDER BY `time` DESC LIMIT 1 [ RunTime:0.000326s ]
[2023-01-27T11:24:19+08:00][sql] SELECT * FROM `information` ORDER BY `time` DESC LIMIT 1,4 [ RunTime:0.000473s ]
[2023-01-27T11:24:19+08:00][sql] SHOW FULL COLUMNS FROM `course` [ RunTime:0.001139s ]
[2023-01-27T11:24:19+08:00][sql] SELECT `id`,`title` FROM `course` ORDER BY `sorting` ASC LIMIT 0,6 [ RunTime:0.000374s ]
[2023-01-27T11:24:19+08:00][sql] SHOW FULL COLUMNS FROM `teacher` [ RunTime:0.000950s ]
[2023-01-27T11:24:19+08:00][sql] SELECT * FROM `teacher` [ RunTime:0.000313s ]
[2023-01-27T11:24:19+08:00][sql] SHOW FULL COLUMNS FROM `address` [ RunTime:0.001003s ]
[2023-01-27T11:24:19+08:00][sql] SELECT * FROM `address` WHERE  `id` = 1 LIMIT 1 [ RunTime:0.000285s ]
[2023-01-27T11:24:19+08:00][sql] SELECT * FROM `address` WHERE  `id` = 2 LIMIT 1 [ RunTime:0.000293s ]
[2023-01-27T11:59:08+08:00][sql] CONNECT:[ UseTime:0.000388s ] mysql:host=localhost;port=3316;dbname=coffee;charset=utf8
[2023-01-27T11:59:08+08:00][sql] SHOW FULL COLUMNS FROM `banner` [ RunTime:0.001295s ]
[2023-01-27T11:59:08+08:00][sql] SELECT * FROM `banner` [ RunTime:0.000240s ]
[2023-01-27T11:59:08+08:00][sql] SHOW FULL COLUMNS FROM `information` [ RunTime:0.001033s ]
[2023-01-27T11:59:08+08:00][sql] SELECT * FROM `information` ORDER BY `time` DESC LIMIT 1 [ RunTime:0.000318s ]
[2023-01-27T11:59:08+08:00][sql] SELECT * FROM `information` ORDER BY `time` DESC LIMIT 1,4 [ RunTime:0.000354s ]
[2023-01-27T11:59:08+08:00][sql] SHOW FULL COLUMNS FROM `course` [ RunTime:0.001096s ]
[2023-01-27T11:59:08+08:00][sql] SELECT `id`,`title` FROM `course` ORDER BY `sorting` ASC LIMIT 0,6 [ RunTime:0.000258s ]
[2023-01-27T11:59:08+08:00][sql] SHOW FULL COLUMNS FROM `teacher` [ RunTime:0.000979s ]
[2023-01-27T11:59:08+08:00][sql] SELECT * FROM `teacher` [ RunTime:0.000257s ]
[2023-01-27T11:59:08+08:00][sql] SHOW FULL COLUMNS FROM `address` [ RunTime:0.000996s ]
[2023-01-27T11:59:08+08:00][sql] SELECT * FROM `address` WHERE  `id` = 1 LIMIT 1 [ RunTime:0.000268s ]
[2023-01-27T11:59:08+08:00][sql] SELECT * FROM `address` WHERE  `id` = 2 LIMIT 1 [ RunTime:0.000218s ]
[2023-01-27T12:45:42+08:00][sql] CONNECT:[ UseTime:0.000443s ] mysql:host=localhost;port=3316;dbname=coffee;charset=utf8
[2023-01-27T12:45:42+08:00][sql] SHOW FULL COLUMNS FROM `banner` [ RunTime:0.001299s ]
[2023-01-27T12:45:42+08:00][sql] SELECT * FROM `banner` [ RunTime:0.000274s ]
[2023-01-27T12:45:42+08:00][sql] SHOW FULL COLUMNS FROM `information` [ RunTime:0.001006s ]
[2023-01-27T12:45:42+08:00][sql] SELECT * FROM `information` ORDER BY `time` DESC LIMIT 1 [ RunTime:0.000352s ]
[2023-01-27T12:45:42+08:00][sql] SELECT * FROM `information` ORDER BY `time` DESC LIMIT 1,4 [ RunTime:0.000391s ]
[2023-01-27T12:45:42+08:00][sql] SHOW FULL COLUMNS FROM `course` [ RunTime:0.001067s ]
[2023-01-27T12:45:42+08:00][sql] SELECT `id`,`title` FROM `course` ORDER BY `sorting` ASC LIMIT 0,6 [ RunTime:0.000314s ]
[2023-01-27T12:45:42+08:00][sql] SHOW FULL COLUMNS FROM `teacher` [ RunTime:0.000895s ]
[2023-01-27T12:45:42+08:00][sql] SELECT * FROM `teacher` [ RunTime:0.000255s ]
[2023-01-27T12:45:42+08:00][sql] SHOW FULL COLUMNS FROM `address` [ RunTime:0.000913s ]
[2023-01-27T12:45:42+08:00][sql] SELECT * FROM `address` WHERE  `id` = 1 LIMIT 1 [ RunTime:0.000288s ]
[2023-01-27T12:45:42+08:00][sql] SELECT * FROM `address` WHERE  `id` = 2 LIMIT 1 [ RunTime:0.000258s ]
[2023-01-27T12:45:59+08:00][sql] CONNECT:[ UseTime:0.000533s ] mysql:host=localhost;port=3316;dbname=coffee;charset=utf8
[2023-01-27T12:45:59+08:00][sql] SHOW FULL COLUMNS FROM `banner` [ RunTime:0.001413s ]
[2023-01-27T12:45:59+08:00][sql] SELECT * FROM `banner` [ RunTime:0.000294s ]
[2023-01-27T12:45:59+08:00][sql] SHOW FULL COLUMNS FROM `information` [ RunTime:0.000996s ]
[2023-01-27T12:45:59+08:00][sql] SELECT * FROM `information` ORDER BY `time` DESC LIMIT 1 [ RunTime:0.000298s ]
[2023-01-27T12:45:59+08:00][sql] SELECT * FROM `information` ORDER BY `time` DESC LIMIT 1,4 [ RunTime:0.000335s ]
[2023-01-27T12:45:59+08:00][sql] SHOW FULL COLUMNS FROM `course` [ RunTime:0.001111s ]
[2023-01-27T12:45:59+08:00][sql] SELECT `id`,`title` FROM `course` ORDER BY `sorting` ASC LIMIT 0,6 [ RunTime:0.000263s ]
[2023-01-27T12:45:59+08:00][sql] SHOW FULL COLUMNS FROM `teacher` [ RunTime:0.000919s ]
[2023-01-27T12:45:59+08:00][sql] SELECT * FROM `teacher` [ RunTime:0.000268s ]
[2023-01-27T12:45:59+08:00][sql] SHOW FULL COLUMNS FROM `address` [ RunTime:0.000927s ]
[2023-01-27T12:45:59+08:00][sql] SELECT * FROM `address` WHERE  `id` = 1 LIMIT 1 [ RunTime:0.000290s ]
[2023-01-27T12:45:59+08:00][sql] SELECT * FROM `address` WHERE  `id` = 2 LIMIT 1 [ RunTime:0.000253s ]
[2023-01-27T13:15:20+08:00][sql] CONNECT:[ UseTime:0.000388s ] mysql:host=localhost;port=3316;dbname=coffee;charset=utf8
[2023-01-27T13:15:20+08:00][sql] SHOW FULL COLUMNS FROM `banner` [ RunTime:0.001211s ]
[2023-01-27T13:15:20+08:00][sql] SELECT * FROM `banner` [ RunTime:0.000240s ]
[2023-01-27T13:15:20+08:00][sql] SHOW FULL COLUMNS FROM `information` [ RunTime:0.000967s ]
[2023-01-27T13:15:20+08:00][sql] SELECT * FROM `information` ORDER BY `time` DESC LIMIT 1 [ RunTime:0.000322s ]
[2023-01-27T13:15:20+08:00][sql] SELECT * FROM `information` ORDER BY `time` DESC LIMIT 1,4 [ RunTime:0.000322s ]
[2023-01-27T13:15:20+08:00][sql] SHOW FULL COLUMNS FROM `course` [ RunTime:0.001132s ]
[2023-01-27T13:15:20+08:00][sql] SELECT `id`,`title` FROM `course` ORDER BY `sorting` ASC LIMIT 0,6 [ RunTime:0.000255s ]
[2023-01-27T13:15:20+08:00][sql] SHOW FULL COLUMNS FROM `teacher` [ RunTime:0.000931s ]
[2023-01-27T13:15:20+08:00][sql] SELECT * FROM `teacher` [ RunTime:0.000282s ]
[2023-01-27T13:15:20+08:00][sql] SHOW FULL COLUMNS FROM `address` [ RunTime:0.000946s ]
[2023-01-27T13:15:20+08:00][sql] SELECT * FROM `address` WHERE  `id` = 1 LIMIT 1 [ RunTime:0.000237s ]
[2023-01-27T13:15:20+08:00][sql] SELECT * FROM `address` WHERE  `id` = 2 LIMIT 1 [ RunTime:0.000204s ]
[2023-01-27T13:36:46+08:00][sql] CONNECT:[ UseTime:0.000397s ] mysql:host=localhost;port=3316;dbname=coffee;charset=utf8
[2023-01-27T13:36:46+08:00][sql] SHOW FULL COLUMNS FROM `banner` [ RunTime:0.001251s ]
[2023-01-27T13:36:46+08:00][sql] SELECT * FROM `banner` [ RunTime:0.000260s ]
[2023-01-27T13:36:46+08:00][sql] SHOW FULL COLUMNS FROM `information` [ RunTime:0.000989s ]
[2023-01-27T13:36:46+08:00][sql] SELECT * FROM `information` ORDER BY `time` DESC LIMIT 1 [ RunTime:0.000320s ]
[2023-01-27T13:36:46+08:00][sql] SELECT * FROM `information` ORDER BY `time` DESC LIMIT 1,4 [ RunTime:0.000394s ]
[2023-01-27T13:36:46+08:00][sql] SHOW FULL COLUMNS FROM `course` [ RunTime:0.001111s ]
[2023-01-27T13:36:46+08:00][sql] SELECT `id`,`title` FROM `course` ORDER BY `sorting` ASC LIMIT 0,6 [ RunTime:0.000263s ]
[2023-01-27T13:36:46+08:00][sql] SHOW FULL COLUMNS FROM `teacher` [ RunTime:0.000924s ]
[2023-01-27T13:36:46+08:00][sql] SELECT * FROM `teacher` [ RunTime:0.000257s ]
[2023-01-27T13:36:46+08:00][sql] SHOW FULL COLUMNS FROM `address` [ RunTime:0.000903s ]
[2023-01-27T13:36:46+08:00][sql] SELECT * FROM `address` WHERE  `id` = 1 LIMIT 1 [ RunTime:0.000299s ]
[2023-01-27T13:36:46+08:00][sql] SELECT * FROM `address` WHERE  `id` = 2 LIMIT 1 [ RunTime:0.000242s ]
[2023-01-27T15:06:37+08:00][sql] CONNECT:[ UseTime:0.000406s ] mysql:host=localhost;port=3316;dbname=coffee;charset=utf8
[2023-01-27T15:06:37+08:00][sql] SHOW FULL COLUMNS FROM `banner` [ RunTime:0.001327s ]
[2023-01-27T15:06:37+08:00][sql] SELECT * FROM `banner` [ RunTime:0.000288s ]
[2023-01-27T15:06:37+08:00][sql] SHOW FULL COLUMNS FROM `information` [ RunTime:0.001008s ]
[2023-01-27T15:06:37+08:00][sql] SELECT * FROM `information` ORDER BY `time` DESC LIMIT 1 [ RunTime:0.000322s ]
[2023-01-27T15:06:37+08:00][sql] SELECT * FROM `information` ORDER BY `time` DESC LIMIT 1,4 [ RunTime:0.000404s ]
[2023-01-27T15:06:37+08:00][sql] SHOW FULL COLUMNS FROM `course` [ RunTime:0.009400s ]
[2023-01-27T15:06:37+08:00][sql] SELECT `id`,`title` FROM `course` ORDER BY `sorting` ASC LIMIT 0,6 [ RunTime:0.000462s ]
[2023-01-27T15:06:37+08:00][sql] SHOW FULL COLUMNS FROM `teacher` [ RunTime:0.001329s ]
[2023-01-27T15:06:37+08:00][sql] SELECT * FROM `teacher` [ RunTime:0.000504s ]
[2023-01-27T15:06:37+08:00][sql] SHOW FULL COLUMNS FROM `address` [ RunTime:0.001445s ]
[2023-01-27T15:06:37+08:00][sql] SELECT * FROM `address` WHERE  `id` = 1 LIMIT 1 [ RunTime:0.000458s ]
[2023-01-27T15:06:37+08:00][sql] SELECT * FROM `address` WHERE  `id` = 2 LIMIT 1 [ RunTime:0.000406s ]
[2023-01-27T15:08:30+08:00][sql] CONNECT:[ UseTime:0.000422s ] mysql:host=localhost;port=3316;dbname=coffee;charset=utf8
[2023-01-27T15:08:30+08:00][sql] SHOW FULL COLUMNS FROM `banner` [ RunTime:0.001333s ]
[2023-01-27T15:08:30+08:00][sql] SELECT * FROM `banner` [ RunTime:0.000227s ]
[2023-01-27T15:08:30+08:00][sql] SHOW FULL COLUMNS FROM `information` [ RunTime:0.000986s ]
[2023-01-27T15:08:30+08:00][sql] SELECT * FROM `information` ORDER BY `time` DESC LIMIT 1 [ RunTime:0.000296s ]
[2023-01-27T15:08:30+08:00][sql] SELECT * FROM `information` ORDER BY `time` DESC LIMIT 1,4 [ RunTime:0.000338s ]
[2023-01-27T15:08:30+08:00][sql] SHOW FULL COLUMNS FROM `course` [ RunTime:0.001146s ]
[2023-01-27T15:08:30+08:00][sql] SELECT `id`,`title` FROM `course` ORDER BY `sorting` ASC LIMIT 0,6 [ RunTime:0.000271s ]
[2023-01-27T15:08:30+08:00][sql] SHOW FULL COLUMNS FROM `teacher` [ RunTime:0.001270s ]
[2023-01-27T15:08:30+08:00][sql] SELECT * FROM `teacher` [ RunTime:0.000260s ]
[2023-01-27T15:08:30+08:00][sql] SHOW FULL COLUMNS FROM `address` [ RunTime:0.001054s ]
[2023-01-27T15:08:30+08:00][sql] SELECT * FROM `address` WHERE  `id` = 1 LIMIT 1 [ RunTime:0.000306s ]
[2023-01-27T15:08:30+08:00][sql] SELECT * FROM `address` WHERE  `id` = 2 LIMIT 1 [ RunTime:0.000241s ]
[2023-01-27T15:14:39+08:00][sql] CONNECT:[ UseTime:0.000398s ] mysql:host=localhost;port=3316;dbname=coffee;charset=utf8
[2023-01-27T15:14:39+08:00][sql] SHOW FULL COLUMNS FROM `banner` [ RunTime:0.001209s ]
[2023-01-27T15:14:39+08:00][sql] SELECT * FROM `banner` [ RunTime:0.000239s ]
[2023-01-27T15:14:39+08:00][sql] SHOW FULL COLUMNS FROM `information` [ RunTime:0.000988s ]
[2023-01-27T15:14:39+08:00][sql] SELECT * FROM `information` ORDER BY `time` DESC LIMIT 1 [ RunTime:0.000273s ]
[2023-01-27T15:14:39+08:00][sql] SELECT * FROM `information` ORDER BY `time` DESC LIMIT 1,4 [ RunTime:0.000337s ]
[2023-01-27T15:14:39+08:00][sql] SHOW FULL COLUMNS FROM `course` [ RunTime:0.001110s ]
[2023-01-27T15:14:39+08:00][sql] SELECT `id`,`title` FROM `course` ORDER BY `sorting` ASC LIMIT 0,6 [ RunTime:0.000209s ]
[2023-01-27T15:14:39+08:00][sql] SHOW FULL COLUMNS FROM `teacher` [ RunTime:0.000865s ]
[2023-01-27T15:14:39+08:00][sql] SELECT * FROM `teacher` [ RunTime:0.000222s ]
[2023-01-27T15:14:39+08:00][sql] SHOW FULL COLUMNS FROM `address` [ RunTime:0.000876s ]
[2023-01-27T15:14:39+08:00][sql] SELECT * FROM `address` WHERE  `id` = 1 LIMIT 1 [ RunTime:0.000231s ]
[2023-01-27T15:14:39+08:00][sql] SELECT * FROM `address` WHERE  `id` = 2 LIMIT 1 [ RunTime:0.000225s ]
[2023-01-27T15:43:41+08:00][sql] CONNECT:[ UseTime:0.000428s ] mysql:host=localhost;port=3316;dbname=coffee;charset=utf8
[2023-01-27T15:43:41+08:00][sql] SHOW FULL COLUMNS FROM `banner` [ RunTime:0.001224s ]
[2023-01-27T15:43:41+08:00][sql] SELECT * FROM `banner` [ RunTime:0.000255s ]
[2023-01-27T15:43:41+08:00][sql] SHOW FULL COLUMNS FROM `information` [ RunTime:0.000991s ]
[2023-01-27T15:43:41+08:00][sql] SELECT * FROM `information` ORDER BY `time` DESC LIMIT 1 [ RunTime:0.000325s ]
[2023-01-27T15:43:41+08:00][sql] SELECT * FROM `information` ORDER BY `time` DESC LIMIT 1,4 [ RunTime:0.000395s ]
[2023-01-27T15:43:41+08:00][sql] SHOW FULL COLUMNS FROM `course` [ RunTime:0.001223s ]
[2023-01-27T15:43:41+08:00][sql] SELECT `id`,`title` FROM `course` ORDER BY `sorting` ASC LIMIT 0,6 [ RunTime:0.000289s ]
[2023-01-27T15:43:41+08:00][sql] SHOW FULL COLUMNS FROM `teacher` [ RunTime:0.000915s ]
[2023-01-27T15:43:41+08:00][sql] SELECT * FROM `teacher` [ RunTime:0.000270s ]
[2023-01-27T15:43:41+08:00][sql] SHOW FULL COLUMNS FROM `address` [ RunTime:0.000983s ]
[2023-01-27T15:43:41+08:00][sql] SELECT * FROM `address` WHERE  `id` = 1 LIMIT 1 [ RunTime:0.000283s ]
[2023-01-27T15:43:41+08:00][sql] SELECT * FROM `address` WHERE  `id` = 2 LIMIT 1 [ RunTime:0.000262s ]
[2023-01-27T16:27:51+08:00][sql] CONNECT:[ UseTime:0.000433s ] mysql:host=localhost;port=3316;dbname=coffee;charset=utf8
[2023-01-27T16:27:51+08:00][sql] SHOW FULL COLUMNS FROM `banner` [ RunTime:0.001217s ]
[2023-01-27T16:27:51+08:00][sql] SELECT * FROM `banner` [ RunTime:0.000261s ]
[2023-01-27T16:27:51+08:00][sql] SHOW FULL COLUMNS FROM `information` [ RunTime:0.000986s ]
[2023-01-27T16:27:51+08:00][sql] SELECT * FROM `information` ORDER BY `time` DESC LIMIT 1 [ RunTime:0.000368s ]
[2023-01-27T16:27:51+08:00][sql] SELECT * FROM `information` ORDER BY `time` DESC LIMIT 1,4 [ RunTime:0.000421s ]
[2023-01-27T16:27:51+08:00][sql] SHOW FULL COLUMNS FROM `course` [ RunTime:0.001133s ]
[2023-01-27T16:27:51+08:00][sql] SELECT `id`,`title` FROM `course` ORDER BY `sorting` ASC LIMIT 0,6 [ RunTime:0.000276s ]
[2023-01-27T16:27:51+08:00][sql] SHOW FULL COLUMNS FROM `teacher` [ RunTime:0.000902s ]
[2023-01-27T16:27:51+08:00][sql] SELECT * FROM `teacher` [ RunTime:0.000296s ]
[2023-01-27T16:27:51+08:00][sql] SHOW FULL COLUMNS FROM `address` [ RunTime:0.001015s ]
[2023-01-27T16:27:51+08:00][sql] SELECT * FROM `address` WHERE  `id` = 1 LIMIT 1 [ RunTime:0.000288s ]
[2023-01-27T16:27:51+08:00][sql] SELECT * FROM `address` WHERE  `id` = 2 LIMIT 1 [ RunTime:0.000269s ]
[2023-01-27T16:34:35+08:00][sql] CONNECT:[ UseTime:0.000354s ] mysql:host=localhost;port=3316;dbname=coffee;charset=utf8
[2023-01-27T16:34:35+08:00][sql] SHOW FULL COLUMNS FROM `banner` [ RunTime:0.001249s ]
[2023-01-27T16:34:35+08:00][sql] SELECT * FROM `banner` [ RunTime:0.000235s ]
[2023-01-27T16:34:35+08:00][sql] SHOW FULL COLUMNS FROM `information` [ RunTime:0.001142s ]
[2023-01-27T16:34:35+08:00][sql] SELECT * FROM `information` ORDER BY `time` DESC LIMIT 1 [ RunTime:0.000306s ]
[2023-01-27T16:34:35+08:00][sql] SELECT * FROM `information` ORDER BY `time` DESC LIMIT 1,4 [ RunTime:0.000331s ]
[2023-01-27T16:34:35+08:00][sql] SHOW FULL COLUMNS FROM `course` [ RunTime:0.001123s ]
[2023-01-27T16:34:35+08:00][sql] SELECT `id`,`title` FROM `course` ORDER BY `sorting` ASC LIMIT 0,6 [ RunTime:0.000270s ]
[2023-01-27T16:34:35+08:00][sql] SHOW FULL COLUMNS FROM `teacher` [ RunTime:0.000924s ]
[2023-01-27T16:34:35+08:00][sql] SELECT * FROM `teacher` [ RunTime:0.000260s ]
[2023-01-27T16:34:35+08:00][sql] SHOW FULL COLUMNS FROM `address` [ RunTime:0.001127s ]
[2023-01-27T16:34:35+08:00][sql] SELECT * FROM `address` WHERE  `id` = 1 LIMIT 1 [ RunTime:0.000314s ]
[2023-01-27T16:34:35+08:00][sql] SELECT * FROM `address` WHERE  `id` = 2 LIMIT 1 [ RunTime:0.000261s ]
[2023-01-27T16:58:58+08:00][sql] CONNECT:[ UseTime:0.000499s ] mysql:host=localhost;port=3316;dbname=coffee;charset=utf8
[2023-01-27T16:58:58+08:00][sql] SHOW FULL COLUMNS FROM `banner` [ RunTime:0.001991s ]
[2023-01-27T16:58:58+08:00][sql] SELECT * FROM `banner` [ RunTime:0.000336s ]
[2023-01-27T16:58:58+08:00][sql] SHOW FULL COLUMNS FROM `information` [ RunTime:0.001366s ]
[2023-01-27T16:58:58+08:00][sql] SELECT * FROM `information` ORDER BY `time` DESC LIMIT 1 [ RunTime:0.000376s ]
[2023-01-27T16:58:58+08:00][sql] SELECT * FROM `information` ORDER BY `time` DESC LIMIT 1,4 [ RunTime:0.000475s ]
[2023-01-27T16:58:58+08:00][sql] SHOW FULL COLUMNS FROM `course` [ RunTime:0.001643s ]
[2023-01-27T16:58:58+08:00][sql] SELECT `id`,`title` FROM `course` ORDER BY `sorting` ASC LIMIT 0,6 [ RunTime:0.000310s ]
[2023-01-27T16:58:58+08:00][sql] SHOW FULL COLUMNS FROM `teacher` [ RunTime:0.000963s ]
[2023-01-27T16:58:58+08:00][sql] SELECT * FROM `teacher` [ RunTime:0.000297s ]
[2023-01-27T16:58:58+08:00][sql] SHOW FULL COLUMNS FROM `address` [ RunTime:0.000909s ]
[2023-01-27T16:58:58+08:00][sql] SELECT * FROM `address` WHERE  `id` = 1 LIMIT 1 [ RunTime:0.000278s ]
[2023-01-27T16:58:58+08:00][sql] SELECT * FROM `address` WHERE  `id` = 2 LIMIT 1 [ RunTime:0.000267s ]
[2023-01-27T17:49:00+08:00][sql] CONNECT:[ UseTime:0.000418s ] mysql:host=localhost;port=3316;dbname=coffee;charset=utf8
[2023-01-27T17:49:00+08:00][sql] SHOW FULL COLUMNS FROM `banner` [ RunTime:0.001215s ]
[2023-01-27T17:49:00+08:00][sql] SELECT * FROM `banner` [ RunTime:0.000232s ]
[2023-01-27T17:49:00+08:00][sql] SHOW FULL COLUMNS FROM `information` [ RunTime:0.000982s ]
[2023-01-27T17:49:00+08:00][sql] SELECT * FROM `information` ORDER BY `time` DESC LIMIT 1 [ RunTime:0.000275s ]
[2023-01-27T17:49:00+08:00][sql] SELECT * FROM `information` ORDER BY `time` DESC LIMIT 1,4 [ RunTime:0.000340s ]
[2023-01-27T17:49:00+08:00][sql] SHOW FULL COLUMNS FROM `course` [ RunTime:0.001050s ]
[2023-01-27T17:49:00+08:00][sql] SELECT `id`,`title` FROM `course` ORDER BY `sorting` ASC LIMIT 0,6 [ RunTime:0.000231s ]
[2023-01-27T17:49:00+08:00][sql] SHOW FULL COLUMNS FROM `teacher` [ RunTime:0.000921s ]
[2023-01-27T17:49:00+08:00][sql] SELECT * FROM `teacher` [ RunTime:0.000270s ]
[2023-01-27T17:49:00+08:00][sql] SHOW FULL COLUMNS FROM `address` [ RunTime:0.000951s ]
[2023-01-27T17:49:00+08:00][sql] SELECT * FROM `address` WHERE  `id` = 1 LIMIT 1 [ RunTime:0.000254s ]
[2023-01-27T17:49:00+08:00][sql] SELECT * FROM `address` WHERE  `id` = 2 LIMIT 1 [ RunTime:0.000220s ]
[2023-01-27T17:50:30+08:00][sql] CONNECT:[ UseTime:0.000395s ] mysql:host=localhost;port=3316;dbname=coffee;charset=utf8
[2023-01-27T17:50:30+08:00][sql] SHOW FULL COLUMNS FROM `banner` [ RunTime:0.001222s ]
[2023-01-27T17:50:30+08:00][sql] SELECT * FROM `banner` [ RunTime:0.000260s ]
[2023-01-27T17:50:30+08:00][sql] SHOW FULL COLUMNS FROM `information` [ RunTime:0.000967s ]
[2023-01-27T17:50:30+08:00][sql] SELECT * FROM `information` ORDER BY `time` DESC LIMIT 1 [ RunTime:0.000290s ]
[2023-01-27T17:50:30+08:00][sql] SELECT * FROM `information` ORDER BY `time` DESC LIMIT 1,4 [ RunTime:0.000333s ]
[2023-01-27T17:50:30+08:00][sql] SHOW FULL COLUMNS FROM `course` [ RunTime:0.001069s ]
[2023-01-27T17:50:30+08:00][sql] SELECT `id`,`title` FROM `course` ORDER BY `sorting` ASC LIMIT 0,6 [ RunTime:0.000232s ]
[2023-01-27T17:50:30+08:00][sql] SHOW FULL COLUMNS FROM `teacher` [ RunTime:0.000893s ]
[2023-01-27T17:50:30+08:00][sql] SELECT * FROM `teacher` [ RunTime:0.000224s ]
[2023-01-27T17:50:30+08:00][sql] SHOW FULL COLUMNS FROM `address` [ RunTime:0.000900s ]
[2023-01-27T17:50:30+08:00][sql] SELECT * FROM `address` WHERE  `id` = 1 LIMIT 1 [ RunTime:0.000246s ]
[2023-01-27T17:50:30+08:00][sql] SELECT * FROM `address` WHERE  `id` = 2 LIMIT 1 [ RunTime:0.000232s ]
[2023-01-27T17:55:32+08:00][sql] CONNECT:[ UseTime:0.000363s ] mysql:host=localhost;port=3316;dbname=coffee;charset=utf8
[2023-01-27T17:55:32+08:00][sql] SHOW FULL COLUMNS FROM `banner` [ RunTime:0.001198s ]
[2023-01-27T17:55:32+08:00][sql] SELECT * FROM `banner` [ RunTime:0.000215s ]
[2023-01-27T17:55:32+08:00][sql] SHOW FULL COLUMNS FROM `information` [ RunTime:0.000924s ]
[2023-01-27T17:55:32+08:00][sql] SELECT * FROM `information` ORDER BY `time` DESC LIMIT 1 [ RunTime:0.000280s ]
[2023-01-27T17:55:32+08:00][sql] SELECT * FROM `information` ORDER BY `time` DESC LIMIT 1,4 [ RunTime:0.000337s ]
[2023-01-27T17:55:32+08:00][sql] SHOW FULL COLUMNS FROM `course` [ RunTime:0.001005s ]
[2023-01-27T17:55:32+08:00][sql] SELECT `id`,`title` FROM `course` ORDER BY `sorting` ASC LIMIT 0,6 [ RunTime:0.000214s ]
[2023-01-27T17:55:32+08:00][sql] SHOW FULL COLUMNS FROM `teacher` [ RunTime:0.000870s ]
[2023-01-27T17:55:32+08:00][sql] SELECT * FROM `teacher` [ RunTime:0.000267s ]
[2023-01-27T17:55:32+08:00][sql] SHOW FULL COLUMNS FROM `address` [ RunTime:0.000854s ]
[2023-01-27T17:55:32+08:00][sql] SELECT * FROM `address` WHERE  `id` = 1 LIMIT 1 [ RunTime:0.000245s ]
[2023-01-27T17:55:32+08:00][sql] SELECT * FROM `address` WHERE  `id` = 2 LIMIT 1 [ RunTime:0.000202s ]
[2023-01-27T18:29:45+08:00][sql] CONNECT:[ UseTime:0.000404s ] mysql:host=localhost;port=3316;dbname=coffee;charset=utf8
[2023-01-27T18:29:45+08:00][sql] SHOW FULL COLUMNS FROM `banner` [ RunTime:0.001333s ]
[2023-01-27T18:29:45+08:00][sql] SELECT * FROM `banner` [ RunTime:0.000265s ]
[2023-01-27T18:29:45+08:00][sql] SHOW FULL COLUMNS FROM `information` [ RunTime:0.001002s ]
[2023-01-27T18:29:45+08:00][sql] SELECT * FROM `information` ORDER BY `time` DESC LIMIT 1 [ RunTime:0.000352s ]
[2023-01-27T18:29:45+08:00][sql] SELECT * FROM `information` ORDER BY `time` DESC LIMIT 1,4 [ RunTime:0.000385s ]
[2023-01-27T18:29:45+08:00][sql] SHOW FULL COLUMNS FROM `course` [ RunTime:0.001070s ]
[2023-01-27T18:29:45+08:00][sql] SELECT `id`,`title` FROM `course` ORDER BY `sorting` ASC LIMIT 0,6 [ RunTime:0.000287s ]
[2023-01-27T18:29:45+08:00][sql] SHOW FULL COLUMNS FROM `teacher` [ RunTime:0.000913s ]
[2023-01-27T18:29:45+08:00][sql] SELECT * FROM `teacher` [ RunTime:0.000259s ]
[2023-01-27T18:29:45+08:00][sql] SHOW FULL COLUMNS FROM `address` [ RunTime:0.000913s ]
[2023-01-27T18:29:45+08:00][sql] SELECT * FROM `address` WHERE  `id` = 1 LIMIT 1 [ RunTime:0.000342s ]
[2023-01-27T18:29:45+08:00][sql] SELECT * FROM `address` WHERE  `id` = 2 LIMIT 1 [ RunTime:0.000266s ]
[2023-01-27T18:29:58+08:00][sql] CONNECT:[ UseTime:0.000413s ] mysql:host=localhost;port=3316;dbname=coffee;charset=utf8
[2023-01-27T18:29:58+08:00][sql] SHOW FULL COLUMNS FROM `banner` [ RunTime:0.001249s ]
[2023-01-27T18:29:58+08:00][sql] SELECT * FROM `banner` [ RunTime:0.000253s ]
[2023-01-27T18:29:58+08:00][sql] SHOW FULL COLUMNS FROM `information` [ RunTime:0.002304s ]
[2023-01-27T18:29:58+08:00][sql] SELECT * FROM `information` ORDER BY `time` DESC LIMIT 1 [ RunTime:0.000291s ]
[2023-01-27T18:29:58+08:00][sql] SELECT * FROM `information` ORDER BY `time` DESC LIMIT 1,4 [ RunTime:0.000328s ]
[2023-01-27T18:29:58+08:00][sql] SHOW FULL COLUMNS FROM `course` [ RunTime:0.001056s ]
[2023-01-27T18:29:58+08:00][sql] SELECT `id`,`title` FROM `course` ORDER BY `sorting` ASC LIMIT 0,6 [ RunTime:0.000274s ]
[2023-01-27T18:29:58+08:00][sql] SHOW FULL COLUMNS FROM `teacher` [ RunTime:0.000955s ]
[2023-01-27T18:29:58+08:00][sql] SELECT * FROM `teacher` [ RunTime:0.000228s ]
[2023-01-27T18:29:58+08:00][sql] SHOW FULL COLUMNS FROM `address` [ RunTime:0.000865s ]
[2023-01-27T18:29:58+08:00][sql] SELECT * FROM `address` WHERE  `id` = 1 LIMIT 1 [ RunTime:0.000274s ]
[2023-01-27T18:29:58+08:00][sql] SELECT * FROM `address` WHERE  `id` = 2 LIMIT 1 [ RunTime:0.000264s ]
[2023-01-27T19:19:28+08:00][sql] CONNECT:[ UseTime:0.000398s ] mysql:host=localhost;port=3316;dbname=coffee;charset=utf8
[2023-01-27T19:19:28+08:00][sql] SHOW FULL COLUMNS FROM `banner` [ RunTime:0.001339s ]
[2023-01-27T19:19:28+08:00][sql] SELECT * FROM `banner` [ RunTime:0.000240s ]
[2023-01-27T19:19:28+08:00][sql] SHOW FULL COLUMNS FROM `information` [ RunTime:0.000999s ]
[2023-01-27T19:19:28+08:00][sql] SELECT * FROM `information` ORDER BY `time` DESC LIMIT 1 [ RunTime:0.000289s ]
[2023-01-27T19:19:28+08:00][sql] SELECT * FROM `information` ORDER BY `time` DESC LIMIT 1,4 [ RunTime:0.000384s ]
[2023-01-27T19:19:28+08:00][sql] SHOW FULL COLUMNS FROM `course` [ RunTime:0.001073s ]
[2023-01-27T19:19:28+08:00][sql] SELECT `id`,`title` FROM `course` ORDER BY `sorting` ASC LIMIT 0,6 [ RunTime:0.000233s ]
[2023-01-27T19:19:28+08:00][sql] SHOW FULL COLUMNS FROM `teacher` [ RunTime:0.000916s ]
[2023-01-27T19:19:28+08:00][sql] SELECT * FROM `teacher` [ RunTime:0.000246s ]
[2023-01-27T19:19:28+08:00][sql] SHOW FULL COLUMNS FROM `address` [ RunTime:0.000931s ]
[2023-01-27T19:19:28+08:00][sql] SELECT * FROM `address` WHERE  `id` = 1 LIMIT 1 [ RunTime:0.000274s ]
[2023-01-27T19:19:28+08:00][sql] SELECT * FROM `address` WHERE  `id` = 2 LIMIT 1 [ RunTime:0.000243s ]
[2023-01-27T20:34:35+08:00][sql] CONNECT:[ UseTime:0.000420s ] mysql:host=localhost;port=3316;dbname=coffee;charset=utf8
[2023-01-27T20:34:35+08:00][sql] SHOW FULL COLUMNS FROM `banner` [ RunTime:0.001307s ]
[2023-01-27T20:34:35+08:00][sql] SELECT * FROM `banner` [ RunTime:0.000260s ]
[2023-01-27T20:34:35+08:00][sql] SHOW FULL COLUMNS FROM `information` [ RunTime:0.001008s ]
[2023-01-27T20:34:35+08:00][sql] SELECT * FROM `information` ORDER BY `time` DESC LIMIT 1 [ RunTime:0.000322s ]
[2023-01-27T20:34:35+08:00][sql] SELECT * FROM `information` ORDER BY `time` DESC LIMIT 1,4 [ RunTime:0.000385s ]
[2023-01-27T20:34:35+08:00][sql] SHOW FULL COLUMNS FROM `course` [ RunTime:0.001082s ]
[2023-01-27T20:34:35+08:00][sql] SELECT `id`,`title` FROM `course` ORDER BY `sorting` ASC LIMIT 0,6 [ RunTime:0.000268s ]
[2023-01-27T20:34:35+08:00][sql] SHOW FULL COLUMNS FROM `teacher` [ RunTime:0.000893s ]
[2023-01-27T20:34:35+08:00][sql] SELECT * FROM `teacher` [ RunTime:0.000307s ]
[2023-01-27T20:34:35+08:00][sql] SHOW FULL COLUMNS FROM `address` [ RunTime:0.000938s ]
[2023-01-27T20:34:35+08:00][sql] SELECT * FROM `address` WHERE  `id` = 1 LIMIT 1 [ RunTime:0.000282s ]
[2023-01-27T20:34:35+08:00][sql] SELECT * FROM `address` WHERE  `id` = 2 LIMIT 1 [ RunTime:0.000255s ]
[2023-01-27T20:34:38+08:00][sql] CONNECT:[ UseTime:0.000511s ] mysql:host=localhost;port=3316;dbname=coffee;charset=utf8
[2023-01-27T20:34:38+08:00][sql] SHOW FULL COLUMNS FROM `banner` [ RunTime:0.001668s ]
[2023-01-27T20:34:38+08:00][sql] SELECT * FROM `banner` [ RunTime:0.000278s ]
[2023-01-27T20:34:38+08:00][sql] SHOW FULL COLUMNS FROM `information` [ RunTime:0.001347s ]
[2023-01-27T20:34:38+08:00][sql] SELECT * FROM `information` ORDER BY `time` DESC LIMIT 1 [ RunTime:0.000405s ]
[2023-01-27T20:34:38+08:00][sql] SELECT * FROM `information` ORDER BY `time` DESC LIMIT 1,4 [ RunTime:0.000509s ]
[2023-01-27T20:34:38+08:00][sql] SHOW FULL COLUMNS FROM `course` [ RunTime:0.001494s ]
[2023-01-27T20:34:38+08:00][sql] SELECT `id`,`title` FROM `course` ORDER BY `sorting` ASC LIMIT 0,6 [ RunTime:0.000309s ]
[2023-01-27T20:34:38+08:00][sql] SHOW FULL COLUMNS FROM `teacher` [ RunTime:0.001429s ]
[2023-01-27T20:34:38+08:00][sql] SELECT * FROM `teacher` [ RunTime:0.000306s ]
[2023-01-27T20:34:38+08:00][sql] SHOW FULL COLUMNS FROM `address` [ RunTime:0.001544s ]
[2023-01-27T20:34:38+08:00][sql] SELECT * FROM `address` WHERE  `id` = 1 LIMIT 1 [ RunTime:0.000313s ]
[2023-01-27T20:34:38+08:00][sql] SELECT * FROM `address` WHERE  `id` = 2 LIMIT 1 [ RunTime:0.000287s ]
[2023-01-27T20:43:31+08:00][sql] CONNECT:[ UseTime:0.000413s ] mysql:host=localhost;port=3316;dbname=coffee;charset=utf8
[2023-01-27T20:43:31+08:00][sql] SHOW FULL COLUMNS FROM `banner` [ RunTime:0.001309s ]
[2023-01-27T20:43:31+08:00][sql] SELECT * FROM `banner` [ RunTime:0.000268s ]
[2023-01-27T20:43:31+08:00][sql] SHOW FULL COLUMNS FROM `information` [ RunTime:0.001089s ]
[2023-01-27T20:43:31+08:00][sql] SELECT * FROM `information` ORDER BY `time` DESC LIMIT 1 [ RunTime:0.000323s ]
[2023-01-27T20:43:31+08:00][sql] SELECT * FROM `information` ORDER BY `time` DESC LIMIT 1,4 [ RunTime:0.000387s ]
[2023-01-27T20:43:31+08:00][sql] SHOW FULL COLUMNS FROM `course` [ RunTime:0.001237s ]
[2023-01-27T20:43:31+08:00][sql] SELECT `id`,`title` FROM `course` ORDER BY `sorting` ASC LIMIT 0,6 [ RunTime:0.000267s ]
[2023-01-27T20:43:31+08:00][sql] SHOW FULL COLUMNS FROM `teacher` [ RunTime:0.001045s ]
[2023-01-27T20:43:31+08:00][sql] SELECT * FROM `teacher` [ RunTime:0.000289s ]
[2023-01-27T20:43:31+08:00][sql] SHOW FULL COLUMNS FROM `address` [ RunTime:0.001172s ]
[2023-01-27T20:43:31+08:00][sql] SELECT * FROM `address` WHERE  `id` = 1 LIMIT 1 [ RunTime:0.000316s ]
[2023-01-27T20:43:31+08:00][sql] SELECT * FROM `address` WHERE  `id` = 2 LIMIT 1 [ RunTime:0.000297s ]
[2023-01-27T20:50:20+08:00][sql] CONNECT:[ UseTime:0.000404s ] mysql:host=localhost;port=3316;dbname=coffee;charset=utf8
[2023-01-27T20:50:20+08:00][sql] SHOW FULL COLUMNS FROM `banner` [ RunTime:0.001333s ]
[2023-01-27T20:50:20+08:00][sql] SELECT * FROM `banner` [ RunTime:0.000253s ]
[2023-01-27T20:50:20+08:00][sql] SHOW FULL COLUMNS FROM `information` [ RunTime:0.001024s ]
[2023-01-27T20:50:20+08:00][sql] SELECT * FROM `information` ORDER BY `time` DESC LIMIT 1 [ RunTime:0.000338s ]
[2023-01-27T20:50:20+08:00][sql] SELECT * FROM `information` ORDER BY `time` DESC LIMIT 1,4 [ RunTime:0.000415s ]
[2023-01-27T20:50:20+08:00][sql] SHOW FULL COLUMNS FROM `course` [ RunTime:0.001088s ]
[2023-01-27T20:50:20+08:00][sql] SELECT `id`,`title` FROM `course` ORDER BY `sorting` ASC LIMIT 0,6 [ RunTime:0.000261s ]
[2023-01-27T20:50:20+08:00][sql] SHOW FULL COLUMNS FROM `teacher` [ RunTime:0.001015s ]
[2023-01-27T20:50:20+08:00][sql] SELECT * FROM `teacher` [ RunTime:0.000347s ]
[2023-01-27T20:50:20+08:00][sql] SHOW FULL COLUMNS FROM `address` [ RunTime:0.000991s ]
[2023-01-27T20:50:20+08:00][sql] SELECT * FROM `address` WHERE  `id` = 1 LIMIT 1 [ RunTime:0.000282s ]
[2023-01-27T20:50:20+08:00][sql] SELECT * FROM `address` WHERE  `id` = 2 LIMIT 1 [ RunTime:0.000368s ]
[2023-01-27T21:01:33+08:00][sql] CONNECT:[ UseTime:0.000399s ] mysql:host=localhost;port=3316;dbname=coffee;charset=utf8
[2023-01-27T21:01:33+08:00][sql] SHOW FULL COLUMNS FROM `banner` [ RunTime:0.001375s ]
[2023-01-27T21:01:33+08:00][sql] SELECT * FROM `banner` [ RunTime:0.000265s ]
[2023-01-27T21:01:33+08:00][sql] SHOW FULL COLUMNS FROM `information` [ RunTime:0.000980s ]
[2023-01-27T21:01:33+08:00][sql] SELECT * FROM `information` ORDER BY `time` DESC LIMIT 1 [ RunTime:0.000302s ]
[2023-01-27T21:01:33+08:00][sql] SELECT * FROM `information` ORDER BY `time` DESC LIMIT 1,4 [ RunTime:0.000395s ]
[2023-01-27T21:01:33+08:00][sql] SHOW FULL COLUMNS FROM `course` [ RunTime:0.001229s ]
[2023-01-27T21:01:33+08:00][sql] SELECT `id`,`title` FROM `course` ORDER BY `sorting` ASC LIMIT 0,6 [ RunTime:0.000232s ]
[2023-01-27T21:01:33+08:00][sql] SHOW FULL COLUMNS FROM `teacher` [ RunTime:0.000960s ]
[2023-01-27T21:01:33+08:00][sql] SELECT * FROM `teacher` [ RunTime:0.000261s ]
[2023-01-27T21:01:33+08:00][sql] SHOW FULL COLUMNS FROM `address` [ RunTime:0.000928s ]
[2023-01-27T21:01:33+08:00][sql] SELECT * FROM `address` WHERE  `id` = 1 LIMIT 1 [ RunTime:0.000250s ]
[2023-01-27T21:01:33+08:00][sql] SELECT * FROM `address` WHERE  `id` = 2 LIMIT 1 [ RunTime:0.000231s ]
[2023-01-27T22:03:20+08:00][sql] CONNECT:[ UseTime:0.000423s ] mysql:host=localhost;port=3316;dbname=coffee;charset=utf8
[2023-01-27T22:03:20+08:00][sql] SHOW FULL COLUMNS FROM `banner` [ RunTime:0.001222s ]
[2023-01-27T22:03:20+08:00][sql] SELECT * FROM `banner` [ RunTime:0.000219s ]
[2023-01-27T22:03:20+08:00][sql] SHOW FULL COLUMNS FROM `information` [ RunTime:0.000949s ]
[2023-01-27T22:03:20+08:00][sql] SELECT * FROM `information` ORDER BY `time` DESC LIMIT 1 [ RunTime:0.000313s ]
[2023-01-27T22:03:20+08:00][sql] SELECT * FROM `information` ORDER BY `time` DESC LIMIT 1,4 [ RunTime:0.000331s ]
[2023-01-27T22:03:20+08:00][sql] SHOW FULL COLUMNS FROM `course` [ RunTime:0.001014s ]
[2023-01-27T22:03:20+08:00][sql] SELECT `id`,`title` FROM `course` ORDER BY `sorting` ASC LIMIT 0,6 [ RunTime:0.000231s ]
[2023-01-27T22:03:20+08:00][sql] SHOW FULL COLUMNS FROM `teacher` [ RunTime:0.000862s ]
[2023-01-27T22:03:20+08:00][sql] SELECT * FROM `teacher` [ RunTime:0.000233s ]
[2023-01-27T22:03:20+08:00][sql] SHOW FULL COLUMNS FROM `address` [ RunTime:0.000857s ]
[2023-01-27T22:03:20+08:00][sql] SELECT * FROM `address` WHERE  `id` = 1 LIMIT 1 [ RunTime:0.000240s ]
[2023-01-27T22:03:20+08:00][sql] SELECT * FROM `address` WHERE  `id` = 2 LIMIT 1 [ RunTime:0.000223s ]
[2023-01-27T22:07:24+08:00][sql] CONNECT:[ UseTime:0.000483s ] mysql:host=localhost;port=3316;dbname=coffee;charset=utf8
[2023-01-27T22:07:24+08:00][sql] SHOW FULL COLUMNS FROM `banner` [ RunTime:0.001885s ]
[2023-01-27T22:07:24+08:00][sql] SELECT * FROM `banner` [ RunTime:0.000308s ]
[2023-01-27T22:07:24+08:00][sql] SHOW FULL COLUMNS FROM `information` [ RunTime:0.001474s ]
[2023-01-27T22:07:24+08:00][sql] SELECT * FROM `information` ORDER BY `time` DESC LIMIT 1 [ RunTime:0.000339s ]
[2023-01-27T22:07:24+08:00][sql] SELECT * FROM `information` ORDER BY `time` DESC LIMIT 1,4 [ RunTime:0.000337s ]
[2023-01-27T22:07:24+08:00][sql] SHOW FULL COLUMNS FROM `course` [ RunTime:0.001001s ]
[2023-01-27T22:07:24+08:00][sql] SELECT `id`,`title` FROM `course` ORDER BY `sorting` ASC LIMIT 0,6 [ RunTime:0.000246s ]
[2023-01-27T22:07:24+08:00][sql] SHOW FULL COLUMNS FROM `teacher` [ RunTime:0.000859s ]
[2023-01-27T22:07:24+08:00][sql] SELECT * FROM `teacher` [ RunTime:0.000218s ]
[2023-01-27T22:07:24+08:00][sql] SHOW FULL COLUMNS FROM `address` [ RunTime:0.000927s ]
[2023-01-27T22:07:24+08:00][sql] SELECT * FROM `address` WHERE  `id` = 1 LIMIT 1 [ RunTime:0.000304s ]
[2023-01-27T22:07:24+08:00][sql] SELECT * FROM `address` WHERE  `id` = 2 LIMIT 1 [ RunTime:0.000266s ]
[2023-01-27T22:12:48+08:00][sql] CONNECT:[ UseTime:0.000421s ] mysql:host=localhost;port=3316;dbname=coffee;charset=utf8
[2023-01-27T22:12:48+08:00][sql] SHOW FULL COLUMNS FROM `banner` [ RunTime:0.001500s ]
[2023-01-27T22:12:48+08:00][sql] SELECT * FROM `banner` [ RunTime:0.000264s ]
[2023-01-27T22:12:48+08:00][sql] SHOW FULL COLUMNS FROM `information` [ RunTime:0.001112s ]
[2023-01-27T22:12:48+08:00][sql] SELECT * FROM `information` ORDER BY `time` DESC LIMIT 1 [ RunTime:0.000330s ]
[2023-01-27T22:12:48+08:00][sql] SELECT * FROM `information` ORDER BY `time` DESC LIMIT 1,4 [ RunTime:0.000340s ]
[2023-01-27T22:12:48+08:00][sql] SHOW FULL COLUMNS FROM `course` [ RunTime:0.001180s ]
[2023-01-27T22:12:48+08:00][sql] SELECT `id`,`title` FROM `course` ORDER BY `sorting` ASC LIMIT 0,6 [ RunTime:0.000254s ]
[2023-01-27T22:12:48+08:00][sql] SHOW FULL COLUMNS FROM `teacher` [ RunTime:0.001103s ]
[2023-01-27T22:12:48+08:00][sql] SELECT * FROM `teacher` [ RunTime:0.000247s ]
[2023-01-27T22:12:48+08:00][sql] SHOW FULL COLUMNS FROM `address` [ RunTime:0.001055s ]
[2023-01-27T22:12:48+08:00][sql] SELECT * FROM `address` WHERE  `id` = 1 LIMIT 1 [ RunTime:0.000270s ]
[2023-01-27T22:12:48+08:00][sql] SELECT * FROM `address` WHERE  `id` = 2 LIMIT 1 [ RunTime:0.000245s ]
[2023-01-27T22:35:55+08:00][sql] CONNECT:[ UseTime:0.000399s ] mysql:host=localhost;port=3316;dbname=coffee;charset=utf8
[2023-01-27T22:35:55+08:00][sql] SHOW FULL COLUMNS FROM `banner` [ RunTime:0.001293s ]
[2023-01-27T22:35:55+08:00][sql] SELECT * FROM `banner` [ RunTime:0.000263s ]
[2023-01-27T22:35:55+08:00][sql] SHOW FULL COLUMNS FROM `information` [ RunTime:0.001009s ]
[2023-01-27T22:35:55+08:00][sql] SELECT * FROM `information` ORDER BY `time` DESC LIMIT 1 [ RunTime:0.000363s ]
[2023-01-27T22:35:55+08:00][sql] SELECT * FROM `information` ORDER BY `time` DESC LIMIT 1,4 [ RunTime:0.000389s ]
[2023-01-27T22:35:55+08:00][sql] SHOW FULL COLUMNS FROM `course` [ RunTime:0.001083s ]
[2023-01-27T22:35:55+08:00][sql] SELECT `id`,`title` FROM `course` ORDER BY `sorting` ASC LIMIT 0,6 [ RunTime:0.000284s ]
[2023-01-27T22:35:55+08:00][sql] SHOW FULL COLUMNS FROM `teacher` [ RunTime:0.000918s ]
[2023-01-27T22:35:55+08:00][sql] SELECT * FROM `teacher` [ RunTime:0.000324s ]
[2023-01-27T22:35:55+08:00][sql] SHOW FULL COLUMNS FROM `address` [ RunTime:0.001008s ]
[2023-01-27T22:35:55+08:00][sql] SELECT * FROM `address` WHERE  `id` = 1 LIMIT 1 [ RunTime:0.000307s ]
[2023-01-27T22:35:55+08:00][sql] SELECT * FROM `address` WHERE  `id` = 2 LIMIT 1 [ RunTime:0.000250s ]
[2023-01-27T22:37:33+08:00][sql] CONNECT:[ UseTime:0.000425s ] mysql:host=localhost;port=3316;dbname=coffee;charset=utf8
[2023-01-27T22:37:33+08:00][sql] SHOW FULL COLUMNS FROM `banner` [ RunTime:0.001305s ]
[2023-01-27T22:37:33+08:00][sql] SELECT * FROM `banner` [ RunTime:0.000261s ]
[2023-01-27T22:37:33+08:00][sql] SHOW FULL COLUMNS FROM `information` [ RunTime:0.001072s ]
[2023-01-27T22:37:33+08:00][sql] SELECT * FROM `information` ORDER BY `time` DESC LIMIT 1 [ RunTime:0.000368s ]
[2023-01-27T22:37:33+08:00][sql] SELECT * FROM `information` ORDER BY `time` DESC LIMIT 1,4 [ RunTime:0.000418s ]
[2023-01-27T22:37:33+08:00][sql] SHOW FULL COLUMNS FROM `course` [ RunTime:0.001138s ]
[2023-01-27T22:37:33+08:00][sql] SELECT `id`,`title` FROM `course` ORDER BY `sorting` ASC LIMIT 0,6 [ RunTime:0.000321s ]
[2023-01-27T22:37:33+08:00][sql] SHOW FULL COLUMNS FROM `teacher` [ RunTime:0.000960s ]
[2023-01-27T22:37:33+08:00][sql] SELECT * FROM `teacher` [ RunTime:0.000314s ]
[2023-01-27T22:37:33+08:00][sql] SHOW FULL COLUMNS FROM `address` [ RunTime:0.000974s ]
[2023-01-27T22:37:33+08:00][sql] SELECT * FROM `address` WHERE  `id` = 1 LIMIT 1 [ RunTime:0.000278s ]
[2023-01-27T22:37:33+08:00][sql] SELECT * FROM `address` WHERE  `id` = 2 LIMIT 1 [ RunTime:0.000264s ]
[2023-01-27T22:37:49+08:00][sql] CONNECT:[ UseTime:0.000462s ] mysql:host=localhost;port=3316;dbname=coffee;charset=utf8
[2023-01-27T22:37:49+08:00][sql] SHOW FULL COLUMNS FROM `banner` [ RunTime:0.001303s ]
[2023-01-27T22:37:49+08:00][sql] SELECT * FROM `banner` [ RunTime:0.000265s ]
[2023-01-27T22:37:49+08:00][sql] SHOW FULL COLUMNS FROM `information` [ RunTime:0.000984s ]
[2023-01-27T22:37:49+08:00][sql] SELECT * FROM `information` ORDER BY `time` DESC LIMIT 1 [ RunTime:0.000337s ]
[2023-01-27T22:37:49+08:00][sql] SELECT * FROM `information` ORDER BY `time` DESC LIMIT 1,4 [ RunTime:0.000394s ]
[2023-01-27T22:37:49+08:00][sql] SHOW FULL COLUMNS FROM `course` [ RunTime:0.001081s ]
[2023-01-27T22:37:49+08:00][sql] SELECT `id`,`title` FROM `course` ORDER BY `sorting` ASC LIMIT 0,6 [ RunTime:0.000274s ]
[2023-01-27T22:37:49+08:00][sql] SHOW FULL COLUMNS FROM `teacher` [ RunTime:0.000959s ]
[2023-01-27T22:37:49+08:00][sql] SELECT * FROM `teacher` [ RunTime:0.000294s ]
[2023-01-27T22:37:49+08:00][sql] SHOW FULL COLUMNS FROM `address` [ RunTime:0.000952s ]
[2023-01-27T22:37:49+08:00][sql] SELECT * FROM `address` WHERE  `id` = 1 LIMIT 1 [ RunTime:0.000293s ]
[2023-01-27T22:37:49+08:00][sql] SELECT * FROM `address` WHERE  `id` = 2 LIMIT 1 [ RunTime:0.000262s ]
[2023-01-27T23:26:12+08:00][sql] CONNECT:[ UseTime:0.000443s ] mysql:host=localhost;port=3316;dbname=coffee;charset=utf8
[2023-01-27T23:26:12+08:00][sql] SHOW FULL COLUMNS FROM `banner` [ RunTime:0.001199s ]
[2023-01-27T23:26:12+08:00][sql] SELECT * FROM `banner` [ RunTime:0.000236s ]
[2023-01-27T23:26:12+08:00][sql] SHOW FULL COLUMNS FROM `information` [ RunTime:0.000957s ]
[2023-01-27T23:26:12+08:00][sql] SELECT * FROM `information` ORDER BY `time` DESC LIMIT 1 [ RunTime:0.000292s ]
[2023-01-27T23:26:12+08:00][sql] SELECT * FROM `information` ORDER BY `time` DESC LIMIT 1,4 [ RunTime:0.000437s ]
[2023-01-27T23:26:12+08:00][sql] SHOW FULL COLUMNS FROM `course` [ RunTime:0.001177s ]
[2023-01-27T23:26:12+08:00][sql] SELECT `id`,`title` FROM `course` ORDER BY `sorting` ASC LIMIT 0,6 [ RunTime:0.000273s ]
[2023-01-27T23:26:12+08:00][sql] SHOW FULL COLUMNS FROM `teacher` [ RunTime:0.000943s ]
[2023-01-27T23:26:12+08:00][sql] SELECT * FROM `teacher` [ RunTime:0.000266s ]
[2023-01-27T23:26:12+08:00][sql] SHOW FULL COLUMNS FROM `address` [ RunTime:0.000933s ]
[2023-01-27T23:26:12+08:00][sql] SELECT * FROM `address` WHERE  `id` = 1 LIMIT 1 [ RunTime:0.000297s ]
[2023-01-27T23:26:12+08:00][sql] SELECT * FROM `address` WHERE  `id` = 2 LIMIT 1 [ RunTime:0.000255s ]
[2023-01-27T23:34:15+08:00][sql] CONNECT:[ UseTime:0.000363s ] mysql:host=localhost;port=3316;dbname=coffee;charset=utf8
[2023-01-27T23:34:15+08:00][sql] SHOW FULL COLUMNS FROM `banner` [ RunTime:0.001217s ]
[2023-01-27T23:34:15+08:00][sql] SELECT * FROM `banner` [ RunTime:0.000224s ]
[2023-01-27T23:34:15+08:00][sql] SHOW FULL COLUMNS FROM `information` [ RunTime:0.000906s ]
[2023-01-27T23:34:15+08:00][sql] SELECT * FROM `information` ORDER BY `time` DESC LIMIT 1 [ RunTime:0.000288s ]
[2023-01-27T23:34:15+08:00][sql] SELECT * FROM `information` ORDER BY `time` DESC LIMIT 1,4 [ RunTime:0.000326s ]
[2023-01-27T23:34:15+08:00][sql] SHOW FULL COLUMNS FROM `course` [ RunTime:0.001012s ]
[2023-01-27T23:34:15+08:00][sql] SELECT `id`,`title` FROM `course` ORDER BY `sorting` ASC LIMIT 0,6 [ RunTime:0.000239s ]
[2023-01-27T23:34:15+08:00][sql] SHOW FULL COLUMNS FROM `teacher` [ RunTime:0.000879s ]
[2023-01-27T23:34:15+08:00][sql] SELECT * FROM `teacher` [ RunTime:0.000228s ]
[2023-01-27T23:34:15+08:00][sql] SHOW FULL COLUMNS FROM `address` [ RunTime:0.000890s ]
[2023-01-27T23:34:15+08:00][sql] SELECT * FROM `address` WHERE  `id` = 1 LIMIT 1 [ RunTime:0.000230s ]
[2023-01-27T23:34:15+08:00][sql] SELECT * FROM `address` WHERE  `id` = 2 LIMIT 1 [ RunTime:0.000228s ]
[2023-01-27T23:39:17+08:00][sql] CONNECT:[ UseTime:0.001088s ] mysql:host=localhost;port=3316;dbname=coffee;charset=utf8
[2023-01-27T23:39:17+08:00][sql] SHOW FULL COLUMNS FROM `banner` [ RunTime:0.001240s ]
[2023-01-27T23:39:17+08:00][sql] SELECT * FROM `banner` [ RunTime:0.000222s ]
[2023-01-27T23:39:17+08:00][sql] SHOW FULL COLUMNS FROM `information` [ RunTime:0.001019s ]
[2023-01-27T23:39:17+08:00][sql] SELECT * FROM `information` ORDER BY `time` DESC LIMIT 1 [ RunTime:0.000359s ]
[2023-01-27T23:39:17+08:00][sql] SELECT * FROM `information` ORDER BY `time` DESC LIMIT 1,4 [ RunTime:0.000389s ]
[2023-01-27T23:39:17+08:00][sql] SHOW FULL COLUMNS FROM `course` [ RunTime:0.001071s ]
[2023-01-27T23:39:17+08:00][sql] SELECT `id`,`title` FROM `course` ORDER BY `sorting` ASC LIMIT 0,6 [ RunTime:0.000231s ]
[2023-01-27T23:39:17+08:00][sql] SHOW FULL COLUMNS FROM `teacher` [ RunTime:0.000896s ]
[2023-01-27T23:39:17+08:00][sql] SELECT * FROM `teacher` [ RunTime:0.000261s ]
[2023-01-27T23:39:17+08:00][sql] SHOW FULL COLUMNS FROM `address` [ RunTime:0.000910s ]
[2023-01-27T23:39:17+08:00][sql] SELECT * FROM `address` WHERE  `id` = 1 LIMIT 1 [ RunTime:0.000258s ]
[2023-01-27T23:39:17+08:00][sql] SELECT * FROM `address` WHERE  `id` = 2 LIMIT 1 [ RunTime:0.000214s ]
