[2023-09-02T03:58:08+08:00][sql] CONNECT:[ UseTime:0.000408s ] mysql:host=localhost;port=3316;dbname=coffee;charset=utf8
[2023-09-02T03:58:08+08:00][sql] SHOW FULL COLUMNS FROM `teacher` [ RunTime:0.001293s ]
[2023-09-02T03:58:08+08:00][sql] SELECT `teacher_name`,`teacher_title`,`teacher_avatar`,`detail` FROM `teacher` WHERE  `id` = 3 LIMIT 1 [ RunTime:0.000273s ]
[2023-09-02T03:58:08+08:00][sql] SHOW FULL COLUMNS FROM `course` [ RunTime:0.001050s ]
[2023-09-02T03:58:08+08:00][sql] SELECT * FROM `course` WHERE  `about_instructor` LIKE '%3%' [ RunTime:0.000297s ]
[2023-09-02T03:58:08+08:00][sql] SHOW FULL COLUMNS FROM `address` [ RunTime:0.000932s ]
[2023-09-02T03:58:08+08:00][sql] SELECT * FROM `address` WHERE  `id` = 1 LIMIT 1 [ RunTime:0.000263s ]
[2023-09-02T03:58:08+08:00][sql] SELECT * FROM `address` WHERE  `id` = 2 LIMIT 1 [ RunTime:0.000199s ]
[2023-09-02T06:54:27+08:00][sql] CONNECT:[ UseTime:0.000535s ] mysql:host=localhost;port=3316;dbname=coffee;charset=utf8
[2023-09-02T06:54:27+08:00][sql] SHOW FULL COLUMNS FROM `teacher` [ RunTime:0.001444s ]
[2023-09-02T06:54:27+08:00][sql] SELECT `teacher_name`,`teacher_title`,`teacher_avatar`,`detail` FROM `teacher` WHERE  `id` = 3 LIMIT 1 [ RunTime:0.000302s ]
[2023-09-02T06:54:27+08:00][sql] SHOW FULL COLUMNS FROM `course` [ RunTime:0.001313s ]
[2023-09-02T06:54:27+08:00][sql] SELECT * FROM `course` WHERE  `about_instructor` LIKE '%3%' [ RunTime:0.000339s ]
[2023-09-02T06:54:27+08:00][sql] SHOW FULL COLUMNS FROM `address` [ RunTime:0.001014s ]
[2023-09-02T06:54:27+08:00][sql] SELECT * FROM `address` WHERE  `id` = 1 LIMIT 1 [ RunTime:0.000280s ]
[2023-09-02T06:54:27+08:00][sql] SELECT * FROM `address` WHERE  `id` = 2 LIMIT 1 [ RunTime:0.000241s ]
[2023-09-02T06:54:27+08:00][sql] CONNECT:[ UseTime:0.003075s ] mysql:host=localhost;port=3316;dbname=coffee;charset=utf8
[2023-09-02T06:54:27+08:00][sql] SHOW FULL COLUMNS FROM `teacher` [ RunTime:0.001238s ]
[2023-09-02T06:54:27+08:00][sql] SELECT `teacher_name`,`teacher_title`,`teacher_avatar`,`detail` FROM `teacher` WHERE  `id` = 3 LIMIT 1 [ RunTime:0.000867s ]
[2023-09-02T06:54:27+08:00][sql] SHOW FULL COLUMNS FROM `course` [ RunTime:0.001166s ]
[2023-09-02T06:54:27+08:00][sql] SELECT * FROM `course` WHERE  `about_instructor` LIKE '%3%' [ RunTime:0.000336s ]
[2023-09-02T06:54:27+08:00][sql] SHOW FULL COLUMNS FROM `address` [ RunTime:0.005861s ]
[2023-09-02T06:54:27+08:00][sql] SELECT * FROM `address` WHERE  `id` = 1 LIMIT 1 [ RunTime:0.000249s ]
[2023-09-02T06:54:27+08:00][sql] SELECT * FROM `address` WHERE  `id` = 2 LIMIT 1 [ RunTime:0.000192s ]
[2023-09-02T06:54:30+08:00][sql] CONNECT:[ UseTime:0.006382s ] mysql:host=localhost;port=3316;dbname=coffee;charset=utf8
[2023-09-02T06:54:30+08:00][sql] SHOW FULL COLUMNS FROM `teacher` [ RunTime:0.001033s ]
[2023-09-02T06:54:30+08:00][sql] SELECT `teacher_name`,`teacher_title`,`teacher_avatar`,`detail` FROM `teacher` WHERE  `id` = 3 LIMIT 1 [ RunTime:0.000307s ]
[2023-09-02T06:54:30+08:00][sql] SHOW FULL COLUMNS FROM `course` [ RunTime:0.001096s ]
[2023-09-02T06:54:30+08:00][sql] SELECT * FROM `course` WHERE  `about_instructor` LIKE '%3%' [ RunTime:0.000310s ]
[2023-09-02T06:54:30+08:00][sql] SHOW FULL COLUMNS FROM `address` [ RunTime:0.000999s ]
[2023-09-02T06:54:30+08:00][sql] SELECT * FROM `address` WHERE  `id` = 1 LIMIT 1 [ RunTime:0.000273s ]
[2023-09-02T06:54:30+08:00][sql] SELECT * FROM `address` WHERE  `id` = 2 LIMIT 1 [ RunTime:0.000228s ]
[2023-09-02T06:54:31+08:00][sql] CONNECT:[ UseTime:0.000341s ] mysql:host=localhost;port=3316;dbname=coffee;charset=utf8
[2023-09-02T06:54:31+08:00][sql] SHOW FULL COLUMNS FROM `teacher` [ RunTime:0.001210s ]
[2023-09-02T06:54:31+08:00][sql] SELECT `teacher_name`,`teacher_title`,`teacher_avatar`,`detail` FROM `teacher` WHERE  `id` = 3 LIMIT 1 [ RunTime:0.000263s ]
[2023-09-02T06:54:31+08:00][sql] SHOW FULL COLUMNS FROM `course` [ RunTime:0.001216s ]
[2023-09-02T06:54:31+08:00][sql] SELECT * FROM `course` WHERE  `about_instructor` LIKE '%3%' [ RunTime:0.000327s ]
[2023-09-02T06:54:31+08:00][sql] SHOW FULL COLUMNS FROM `address` [ RunTime:0.001021s ]
[2023-09-02T06:54:31+08:00][sql] SELECT * FROM `address` WHERE  `id` = 1 LIMIT 1 [ RunTime:0.000249s ]
[2023-09-02T06:54:31+08:00][sql] SELECT * FROM `address` WHERE  `id` = 2 LIMIT 1 [ RunTime:0.000221s ]
[2023-09-02T11:54:18+08:00][sql] CONNECT:[ UseTime:0.000412s ] mysql:host=localhost;port=3316;dbname=coffee;charset=utf8
[2023-09-02T11:54:18+08:00][sql] SHOW FULL COLUMNS FROM `teacher` [ RunTime:0.001367s ]
[2023-09-02T11:54:18+08:00][sql] SELECT `teacher_name`,`teacher_title`,`teacher_avatar`,`detail` FROM `teacher` WHERE  `id` = 3 LIMIT 1 [ RunTime:0.000271s ]
[2023-09-02T11:54:18+08:00][sql] SHOW FULL COLUMNS FROM `course` [ RunTime:0.001084s ]
[2023-09-02T11:54:18+08:00][sql] SELECT * FROM `course` WHERE  `about_instructor` LIKE '%3%' [ RunTime:0.000333s ]
[2023-09-02T11:54:18+08:00][sql] SHOW FULL COLUMNS FROM `address` [ RunTime:0.000906s ]
[2023-09-02T11:54:18+08:00][sql] SELECT * FROM `address` WHERE  `id` = 1 LIMIT 1 [ RunTime:0.000280s ]
[2023-09-02T11:54:18+08:00][sql] SELECT * FROM `address` WHERE  `id` = 2 LIMIT 1 [ RunTime:0.000210s ]
[2023-09-02T11:57:19+08:00][sql] CONNECT:[ UseTime:0.000561s ] mysql:host=localhost;port=3316;dbname=coffee;charset=utf8
[2023-09-02T11:57:19+08:00][sql] SHOW FULL COLUMNS FROM `teacher` [ RunTime:0.002125s ]
[2023-09-02T11:57:19+08:00][sql] SELECT `teacher_name`,`teacher_title`,`teacher_avatar`,`detail` FROM `teacher` WHERE  `id` = 3 LIMIT 1 [ RunTime:0.000386s ]
[2023-09-02T11:57:19+08:00][sql] SHOW FULL COLUMNS FROM `course` [ RunTime:0.001605s ]
[2023-09-02T11:57:19+08:00][sql] SELECT * FROM `course` WHERE  `about_instructor` LIKE '%3%' [ RunTime:0.000494s ]
[2023-09-02T11:57:19+08:00][sql] SHOW FULL COLUMNS FROM `address` [ RunTime:0.001366s ]
[2023-09-02T11:57:19+08:00][sql] SELECT * FROM `address` WHERE  `id` = 1 LIMIT 1 [ RunTime:0.000271s ]
[2023-09-02T11:57:19+08:00][sql] SELECT * FROM `address` WHERE  `id` = 2 LIMIT 1 [ RunTime:0.000278s ]
[2023-09-02T15:08:24+08:00][sql] CONNECT:[ UseTime:0.000426s ] mysql:host=localhost;port=3316;dbname=coffee;charset=utf8
[2023-09-02T15:08:24+08:00][sql] SHOW FULL COLUMNS FROM `teacher` [ RunTime:0.001580s ]
[2023-09-02T15:08:24+08:00][sql] SELECT `teacher_name`,`teacher_title`,`teacher_avatar`,`detail` FROM `teacher` WHERE  `id` = 1 LIMIT 1 [ RunTime:0.000294s ]
[2023-09-02T15:08:24+08:00][sql] SHOW FULL COLUMNS FROM `course` [ RunTime:0.001151s ]
[2023-09-02T15:08:24+08:00][sql] SELECT * FROM `course` WHERE  `about_instructor` LIKE '%1%' [ RunTime:0.000428s ]
[2023-09-02T15:08:24+08:00][sql] SHOW FULL COLUMNS FROM `address` [ RunTime:0.001198s ]
[2023-09-02T15:08:24+08:00][sql] SELECT * FROM `address` WHERE  `id` = 1 LIMIT 1 [ RunTime:0.000257s ]
[2023-09-02T15:08:24+08:00][sql] SELECT * FROM `address` WHERE  `id` = 2 LIMIT 1 [ RunTime:0.000211s ]
[2023-09-02T15:08:24+08:00][sql] CONNECT:[ UseTime:0.000448s ] mysql:host=localhost;port=3316;dbname=coffee;charset=utf8
[2023-09-02T15:08:24+08:00][sql] SHOW FULL COLUMNS FROM `teacher` [ RunTime:0.001379s ]
[2023-09-02T15:08:24+08:00][sql] SELECT `teacher_name`,`teacher_title`,`teacher_avatar`,`detail` FROM `teacher` WHERE  `id` = 1 LIMIT 1 [ RunTime:0.000254s ]
[2023-09-02T15:08:24+08:00][sql] SHOW FULL COLUMNS FROM `course` [ RunTime:0.001064s ]
[2023-09-02T15:08:24+08:00][sql] SELECT * FROM `course` WHERE  `about_instructor` LIKE '%1%' [ RunTime:0.000388s ]
[2023-09-02T15:08:24+08:00][sql] SHOW FULL COLUMNS FROM `address` [ RunTime:0.001028s ]
[2023-09-02T15:08:24+08:00][sql] SELECT * FROM `address` WHERE  `id` = 1 LIMIT 1 [ RunTime:0.000253s ]
[2023-09-02T15:08:24+08:00][sql] SELECT * FROM `address` WHERE  `id` = 2 LIMIT 1 [ RunTime:0.000229s ]
[2023-09-02T15:12:42+08:00][sql] CONNECT:[ UseTime:0.000441s ] mysql:host=localhost;port=3316;dbname=coffee;charset=utf8
[2023-09-02T15:12:42+08:00][sql] SHOW FULL COLUMNS FROM `teacher` [ RunTime:0.001467s ]
[2023-09-02T15:12:42+08:00][sql] SELECT `id`,`teacher_name`,`teacher_avatar`,`Introduction` FROM `teacher` [ RunTime:0.000228s ]
[2023-09-02T15:12:42+08:00][sql] SHOW FULL COLUMNS FROM `address` [ RunTime:0.001036s ]
[2023-09-02T15:12:42+08:00][sql] SELECT * FROM `address` WHERE  `id` = 1 LIMIT 1 [ RunTime:0.000306s ]
[2023-09-02T15:12:42+08:00][sql] SELECT * FROM `address` WHERE  `id` = 2 LIMIT 1 [ RunTime:0.000255s ]
[2023-09-02T21:32:03+08:00][sql] CONNECT:[ UseTime:0.000486s ] mysql:host=localhost;port=3316;dbname=coffee;charset=utf8
[2023-09-02T21:32:03+08:00][sql] SHOW FULL COLUMNS FROM `teacher` [ RunTime:0.001414s ]
[2023-09-02T21:32:03+08:00][sql] SELECT `id`,`teacher_name`,`teacher_avatar`,`Introduction` FROM `teacher` [ RunTime:0.000221s ]
[2023-09-02T21:32:03+08:00][sql] SHOW FULL COLUMNS FROM `address` [ RunTime:0.001066s ]
[2023-09-02T21:32:03+08:00][sql] SELECT * FROM `address` WHERE  `id` = 1 LIMIT 1 [ RunTime:0.000270s ]
[2023-09-02T21:32:03+08:00][sql] SELECT * FROM `address` WHERE  `id` = 2 LIMIT 1 [ RunTime:0.000218s ]
[2023-09-02T22:49:20+08:00][sql] CONNECT:[ UseTime:0.000610s ] mysql:host=localhost;port=3316;dbname=coffee;charset=utf8
[2023-09-02T22:49:20+08:00][sql] SHOW FULL COLUMNS FROM `teacher` [ RunTime:0.001982s ]
[2023-09-02T22:49:20+08:00][sql] SELECT `teacher_name`,`teacher_title`,`teacher_avatar`,`detail` FROM `teacher` WHERE  `id` = 1 LIMIT 1 [ RunTime:0.000294s ]
[2023-09-02T22:49:20+08:00][sql] SHOW FULL COLUMNS FROM `course` [ RunTime:0.001511s ]
[2023-09-02T22:49:20+08:00][sql] SELECT * FROM `course` WHERE  `about_instructor` LIKE '%1%' [ RunTime:0.000591s ]
[2023-09-02T22:49:20+08:00][sql] SHOW FULL COLUMNS FROM `address` [ RunTime:0.001438s ]
[2023-09-02T22:49:20+08:00][sql] SELECT * FROM `address` WHERE  `id` = 1 LIMIT 1 [ RunTime:0.000329s ]
[2023-09-02T22:49:20+08:00][sql] SELECT * FROM `address` WHERE  `id` = 2 LIMIT 1 [ RunTime:0.000332s ]
