[2023-08-02T03:10:15+08:00][sql] CONNECT:[ UseTime:0.000448s ] mysql:host=localhost;port=3316;dbname=coffee;charset=utf8
[2023-08-02T03:10:15+08:00][sql] SHOW FULL COLUMNS FROM `teacher` [ RunTime:0.001456s ]
[2023-08-02T03:10:15+08:00][sql] SELECT `teacher_name`,`teacher_title`,`teacher_avatar`,`detail` FROM `teacher` WHERE  `id` = 1 LIMIT 1 [ RunTime:0.000259s ]
[2023-08-02T03:10:15+08:00][sql] SHOW FULL COLUMNS FROM `course` [ RunTime:0.001092s ]
[2023-08-02T03:10:15+08:00][sql] SELECT * FROM `course` WHERE  `about_instructor` LIKE '%1%' [ RunTime:0.000425s ]
[2023-08-02T03:10:15+08:00][sql] SHOW FULL COLUMNS FROM `address` [ RunTime:0.000999s ]
[2023-08-02T03:10:15+08:00][sql] SELECT * FROM `address` WHERE  `id` = 1 LIMIT 1 [ RunTime:0.000250s ]
[2023-08-02T03:10:15+08:00][sql] SELECT * FROM `address` WHERE  `id` = 2 LIMIT 1 [ RunTime:0.000207s ]
[2023-08-02T03:16:57+08:00][sql] CONNECT:[ UseTime:0.000397s ] mysql:host=localhost;port=3316;dbname=coffee;charset=utf8
[2023-08-02T03:16:57+08:00][sql] SHOW FULL COLUMNS FROM `teacher` [ RunTime:0.001375s ]
[2023-08-02T03:16:57+08:00][sql] SELECT `teacher_name`,`teacher_title`,`teacher_avatar`,`detail` FROM `teacher` WHERE  `id` = 1 LIMIT 1 [ RunTime:0.000260s ]
[2023-08-02T03:16:57+08:00][sql] SHOW FULL COLUMNS FROM `course` [ RunTime:0.001072s ]
[2023-08-02T03:16:57+08:00][sql] SELECT * FROM `course` WHERE  `about_instructor` LIKE '%1%' [ RunTime:0.000393s ]
[2023-08-02T03:16:57+08:00][sql] SHOW FULL COLUMNS FROM `address` [ RunTime:0.000942s ]
[2023-08-02T03:16:57+08:00][sql] SELECT * FROM `address` WHERE  `id` = 1 LIMIT 1 [ RunTime:0.000239s ]
[2023-08-02T03:16:57+08:00][sql] SELECT * FROM `address` WHERE  `id` = 2 LIMIT 1 [ RunTime:0.000206s ]
[2023-08-02T07:50:08+08:00][sql] CONNECT:[ UseTime:0.000433s ] mysql:host=localhost;port=3316;dbname=coffee;charset=utf8
[2023-08-02T07:50:08+08:00][sql] SHOW FULL COLUMNS FROM `teacher` [ RunTime:0.001273s ]
[2023-08-02T07:50:08+08:00][sql] SELECT `teacher_name`,`teacher_title`,`teacher_avatar`,`detail` FROM `teacher` WHERE  `id` = 1 LIMIT 1 [ RunTime:0.000259s ]
[2023-08-02T07:50:08+08:00][sql] SHOW FULL COLUMNS FROM `course` [ RunTime:0.001052s ]
[2023-08-02T07:50:08+08:00][sql] SELECT * FROM `course` WHERE  `about_instructor` LIKE '%1%' [ RunTime:0.000390s ]
[2023-08-02T07:50:08+08:00][sql] SHOW FULL COLUMNS FROM `address` [ RunTime:0.000945s ]
[2023-08-02T07:50:08+08:00][sql] SELECT * FROM `address` WHERE  `id` = 1 LIMIT 1 [ RunTime:0.000252s ]
[2023-08-02T07:50:08+08:00][sql] SELECT * FROM `address` WHERE  `id` = 2 LIMIT 1 [ RunTime:0.000214s ]
[2023-08-02T07:52:40+08:00][sql] CONNECT:[ UseTime:0.000422s ] mysql:host=localhost;port=3316;dbname=coffee;charset=utf8
[2023-08-02T07:52:40+08:00][sql] SHOW FULL COLUMNS FROM `teacher` [ RunTime:0.001850s ]
[2023-08-02T07:52:40+08:00][sql] SELECT `teacher_name`,`teacher_title`,`teacher_avatar`,`detail` FROM `teacher` WHERE  `id` = 1 LIMIT 1 [ RunTime:0.000320s ]
[2023-08-02T07:52:40+08:00][sql] SHOW FULL COLUMNS FROM `course` [ RunTime:0.001212s ]
[2023-08-02T07:52:40+08:00][sql] SELECT * FROM `course` WHERE  `about_instructor` LIKE '%1%' [ RunTime:0.000428s ]
[2023-08-02T07:52:40+08:00][sql] SHOW FULL COLUMNS FROM `address` [ RunTime:0.001159s ]
[2023-08-02T07:52:40+08:00][sql] SELECT * FROM `address` WHERE  `id` = 1 LIMIT 1 [ RunTime:0.000262s ]
[2023-08-02T07:52:40+08:00][sql] SELECT * FROM `address` WHERE  `id` = 2 LIMIT 1 [ RunTime:0.000277s ]
[2023-08-02T07:55:00+08:00][sql] CONNECT:[ UseTime:0.000448s ] mysql:host=localhost;port=3316;dbname=coffee;charset=utf8
[2023-08-02T07:55:00+08:00][sql] SHOW FULL COLUMNS FROM `teacher` [ RunTime:0.001333s ]
[2023-08-02T07:55:00+08:00][sql] SELECT `id`,`teacher_name`,`teacher_avatar`,`Introduction` FROM `teacher` [ RunTime:0.000310s ]
[2023-08-02T07:55:00+08:00][sql] SHOW FULL COLUMNS FROM `address` [ RunTime:0.001104s ]
[2023-08-02T07:55:00+08:00][sql] SELECT * FROM `address` WHERE  `id` = 1 LIMIT 1 [ RunTime:0.000302s ]
[2023-08-02T07:55:00+08:00][sql] SELECT * FROM `address` WHERE  `id` = 2 LIMIT 1 [ RunTime:0.000255s ]
[2023-08-02T07:56:03+08:00][sql] CONNECT:[ UseTime:0.000455s ] mysql:host=localhost;port=3316;dbname=coffee;charset=utf8
[2023-08-02T07:56:03+08:00][sql] SHOW FULL COLUMNS FROM `teacher` [ RunTime:0.001705s ]
[2023-08-02T07:56:03+08:00][sql] SELECT `teacher_name`,`teacher_title`,`teacher_avatar`,`detail` FROM `teacher` WHERE  `id` = 1 LIMIT 1 [ RunTime:0.000328s ]
[2023-08-02T07:56:03+08:00][sql] SHOW FULL COLUMNS FROM `course` [ RunTime:0.001243s ]
[2023-08-02T07:56:03+08:00][sql] SELECT * FROM `course` WHERE  `about_instructor` LIKE '%1%' [ RunTime:0.000457s ]
[2023-08-02T07:56:03+08:00][sql] SHOW FULL COLUMNS FROM `address` [ RunTime:0.001075s ]
[2023-08-02T07:56:03+08:00][sql] SELECT * FROM `address` WHERE  `id` = 1 LIMIT 1 [ RunTime:0.000305s ]
[2023-08-02T07:56:03+08:00][sql] SELECT * FROM `address` WHERE  `id` = 2 LIMIT 1 [ RunTime:0.000250s ]
[2023-08-02T08:00:56+08:00][sql] CONNECT:[ UseTime:0.000540s ] mysql:host=localhost;port=3316;dbname=coffee;charset=utf8
[2023-08-02T08:00:56+08:00][sql] SHOW FULL COLUMNS FROM `teacher` [ RunTime:0.001635s ]
[2023-08-02T08:00:56+08:00][sql] SELECT `id`,`teacher_name`,`teacher_avatar`,`Introduction` FROM `teacher` [ RunTime:0.000242s ]
[2023-08-02T08:00:56+08:00][sql] SHOW FULL COLUMNS FROM `address` [ RunTime:0.000939s ]
[2023-08-02T08:00:56+08:00][sql] SELECT * FROM `address` WHERE  `id` = 1 LIMIT 1 [ RunTime:0.000243s ]
[2023-08-02T08:00:56+08:00][sql] SELECT * FROM `address` WHERE  `id` = 2 LIMIT 1 [ RunTime:0.000248s ]
[2023-08-02T14:04:14+08:00][sql] CONNECT:[ UseTime:0.000550s ] mysql:host=localhost;port=3316;dbname=coffee;charset=utf8
[2023-08-02T14:04:14+08:00][sql] SHOW FULL COLUMNS FROM `teacher` [ RunTime:0.001859s ]
[2023-08-02T14:04:14+08:00][sql] SELECT `id`,`teacher_name`,`teacher_avatar`,`Introduction` FROM `teacher` [ RunTime:0.000291s ]
[2023-08-02T14:04:14+08:00][sql] SHOW FULL COLUMNS FROM `address` [ RunTime:0.001292s ]
[2023-08-02T14:04:14+08:00][sql] SELECT * FROM `address` WHERE  `id` = 1 LIMIT 1 [ RunTime:0.000348s ]
[2023-08-02T14:04:14+08:00][sql] SELECT * FROM `address` WHERE  `id` = 2 LIMIT 1 [ RunTime:0.000329s ]
[2023-08-02T14:42:30+08:00][sql] CONNECT:[ UseTime:0.000447s ] mysql:host=localhost;port=3316;dbname=coffee;charset=utf8
[2023-08-02T14:42:30+08:00][sql] SHOW FULL COLUMNS FROM `teacher` [ RunTime:0.001517s ]
[2023-08-02T14:42:30+08:00][sql] SELECT `teacher_name`,`teacher_title`,`teacher_avatar`,`detail` FROM `teacher` WHERE  `id` = 1 LIMIT 1 [ RunTime:0.000298s ]
[2023-08-02T14:42:30+08:00][sql] SHOW FULL COLUMNS FROM `course` [ RunTime:0.001151s ]
[2023-08-02T14:42:30+08:00][sql] SELECT * FROM `course` WHERE  `about_instructor` LIKE '%1%' [ RunTime:0.000493s ]
[2023-08-02T14:42:30+08:00][sql] SHOW FULL COLUMNS FROM `address` [ RunTime:0.000971s ]
[2023-08-02T14:42:30+08:00][sql] SELECT * FROM `address` WHERE  `id` = 1 LIMIT 1 [ RunTime:0.000244s ]
[2023-08-02T14:42:30+08:00][sql] SELECT * FROM `address` WHERE  `id` = 2 LIMIT 1 [ RunTime:0.000243s ]
[2023-08-02T14:46:38+08:00][sql] CONNECT:[ UseTime:0.000582s ] mysql:host=localhost;port=3316;dbname=coffee;charset=utf8
[2023-08-02T14:46:38+08:00][sql] SHOW FULL COLUMNS FROM `teacher` [ RunTime:0.001562s ]
[2023-08-02T14:46:38+08:00][sql] SELECT `teacher_name`,`teacher_title`,`teacher_avatar`,`detail` FROM `teacher` WHERE  `id` = 1 LIMIT 1 [ RunTime:0.000257s ]
[2023-08-02T14:46:38+08:00][sql] SHOW FULL COLUMNS FROM `course` [ RunTime:0.001148s ]
[2023-08-02T14:46:38+08:00][sql] SELECT * FROM `course` WHERE  `about_instructor` LIKE '%1%' [ RunTime:0.000423s ]
[2023-08-02T14:46:38+08:00][sql] SHOW FULL COLUMNS FROM `address` [ RunTime:0.001080s ]
[2023-08-02T14:46:38+08:00][sql] SELECT * FROM `address` WHERE  `id` = 1 LIMIT 1 [ RunTime:0.000271s ]
[2023-08-02T14:46:38+08:00][sql] SELECT * FROM `address` WHERE  `id` = 2 LIMIT 1 [ RunTime:0.000228s ]
[2023-08-02T19:56:51+08:00][sql] CONNECT:[ UseTime:0.000560s ] mysql:host=localhost;port=3316;dbname=coffee;charset=utf8
[2023-08-02T19:56:51+08:00][sql] SHOW FULL COLUMNS FROM `teacher` [ RunTime:0.001676s ]
[2023-08-02T19:56:51+08:00][sql] SELECT `teacher_name`,`teacher_title`,`teacher_avatar`,`detail` FROM `teacher` WHERE  `id` = 1 LIMIT 1 [ RunTime:0.000363s ]
[2023-08-02T19:56:51+08:00][sql] SHOW FULL COLUMNS FROM `course` [ RunTime:0.001310s ]
[2023-08-02T19:56:51+08:00][sql] SELECT * FROM `course` WHERE  `about_instructor` LIKE '%1%' [ RunTime:0.000466s ]
[2023-08-02T19:56:51+08:00][sql] SHOW FULL COLUMNS FROM `address` [ RunTime:0.000999s ]
[2023-08-02T19:56:51+08:00][sql] SELECT * FROM `address` WHERE  `id` = 1 LIMIT 1 [ RunTime:0.000342s ]
[2023-08-02T19:56:51+08:00][sql] SELECT * FROM `address` WHERE  `id` = 2 LIMIT 1 [ RunTime:0.000224s ]
