[2023-08-03T01:51:01+08:00][sql] CONNECT:[ UseTime:0.000454s ] mysql:host=localhost;port=3316;dbname=coffee;charset=utf8
[2023-08-03T01:51:01+08:00][sql] SHOW FULL COLUMNS FROM `teacher` [ RunTime:0.001343s ]
[2023-08-03T01:51:01+08:00][sql] SELECT `teacher_name`,`teacher_title`,`teacher_avatar`,`detail` FROM `teacher` WHERE  `id` = 1 LIMIT 1 [ RunTime:0.000263s ]
[2023-08-03T01:51:01+08:00][sql] SHOW FULL COLUMNS FROM `course` [ RunTime:0.001063s ]
[2023-08-03T01:51:01+08:00][sql] SELECT * FROM `course` WHERE  `about_instructor` LIKE '%1%' [ RunTime:0.000377s ]
[2023-08-03T01:51:01+08:00][sql] SHOW FULL COLUMNS FROM `address` [ RunTime:0.000909s ]
[2023-08-03T01:51:01+08:00][sql] SELECT * FROM `address` WHERE  `id` = 1 LIMIT 1 [ RunTime:0.000287s ]
[2023-08-03T01:51:01+08:00][sql] SELECT * FROM `address` WHERE  `id` = 2 LIMIT 1 [ RunTime:0.000207s ]
[2023-08-03T04:35:50+08:00][sql] CONNECT:[ UseTime:0.000436s ] mysql:host=localhost;port=3316;dbname=coffee;charset=utf8
[2023-08-03T04:35:50+08:00][sql] SHOW FULL COLUMNS FROM `teacher` [ RunTime:0.001511s ]
[2023-08-03T04:35:50+08:00][sql] SELECT `teacher_name`,`teacher_title`,`teacher_avatar`,`detail` FROM `teacher` WHERE  `id` = 2 LIMIT 1 [ RunTime:0.000254s ]
[2023-08-03T04:35:50+08:00][sql] SHOW FULL COLUMNS FROM `course` [ RunTime:0.001056s ]
[2023-08-03T04:35:50+08:00][sql] SELECT * FROM `course` WHERE  `about_instructor` LIKE '%2%' [ RunTime:0.000334s ]
[2023-08-03T04:35:50+08:00][sql] SHOW FULL COLUMNS FROM `address` [ RunTime:0.000893s ]
[2023-08-03T04:35:50+08:00][sql] SELECT * FROM `address` WHERE  `id` = 1 LIMIT 1 [ RunTime:0.000270s ]
[2023-08-03T04:35:50+08:00][sql] SELECT * FROM `address` WHERE  `id` = 2 LIMIT 1 [ RunTime:0.000206s ]
[2023-08-03T04:47:57+08:00][sql] CONNECT:[ UseTime:0.000414s ] mysql:host=localhost;port=3316;dbname=coffee;charset=utf8
[2023-08-03T04:47:57+08:00][sql] SHOW FULL COLUMNS FROM `teacher` [ RunTime:0.001438s ]
[2023-08-03T04:47:57+08:00][sql] SELECT `teacher_name`,`teacher_title`,`teacher_avatar`,`detail` FROM `teacher` WHERE  `id` = 2 LIMIT 1 [ RunTime:0.000292s ]
[2023-08-03T04:47:57+08:00][sql] SHOW FULL COLUMNS FROM `course` [ RunTime:0.001251s ]
[2023-08-03T04:47:57+08:00][sql] SELECT * FROM `course` WHERE  `about_instructor` LIKE '%2%' [ RunTime:0.000364s ]
[2023-08-03T04:47:57+08:00][sql] SHOW FULL COLUMNS FROM `address` [ RunTime:0.000964s ]
[2023-08-03T04:47:57+08:00][sql] SELECT * FROM `address` WHERE  `id` = 1 LIMIT 1 [ RunTime:0.000264s ]
[2023-08-03T04:47:57+08:00][sql] SELECT * FROM `address` WHERE  `id` = 2 LIMIT 1 [ RunTime:0.000206s ]
[2023-08-03T13:23:17+08:00][sql] CONNECT:[ UseTime:0.000491s ] mysql:host=localhost;port=3316;dbname=coffee;charset=utf8
[2023-08-03T13:23:17+08:00][sql] SHOW FULL COLUMNS FROM `teacher` [ RunTime:0.001554s ]
[2023-08-03T13:23:17+08:00][sql] SELECT `id`,`teacher_name`,`teacher_avatar`,`Introduction` FROM `teacher` [ RunTime:0.000238s ]
[2023-08-03T13:23:17+08:00][sql] SHOW FULL COLUMNS FROM `address` [ RunTime:0.001050s ]
[2023-08-03T13:23:17+08:00][sql] SELECT * FROM `address` WHERE  `id` = 1 LIMIT 1 [ RunTime:0.000277s ]
[2023-08-03T13:23:17+08:00][sql] SELECT * FROM `address` WHERE  `id` = 2 LIMIT 1 [ RunTime:0.000253s ]
[2023-08-03T13:23:25+08:00][sql] CONNECT:[ UseTime:0.000453s ] mysql:host=localhost;port=3316;dbname=coffee;charset=utf8
[2023-08-03T13:23:25+08:00][sql] SHOW FULL COLUMNS FROM `teacher` [ RunTime:0.001436s ]
[2023-08-03T13:23:25+08:00][sql] SELECT `teacher_name`,`teacher_title`,`teacher_avatar`,`detail` FROM `teacher` WHERE  `id` = 1 LIMIT 1 [ RunTime:0.000269s ]
[2023-08-03T13:23:25+08:00][sql] SHOW FULL COLUMNS FROM `course` [ RunTime:0.001128s ]
[2023-08-03T13:23:25+08:00][sql] SELECT * FROM `course` WHERE  `about_instructor` LIKE '%1%' [ RunTime:0.000435s ]
[2023-08-03T13:23:25+08:00][sql] SHOW FULL COLUMNS FROM `address` [ RunTime:0.000950s ]
[2023-08-03T13:23:25+08:00][sql] SELECT * FROM `address` WHERE  `id` = 1 LIMIT 1 [ RunTime:0.000241s ]
[2023-08-03T13:23:25+08:00][sql] SELECT * FROM `address` WHERE  `id` = 2 LIMIT 1 [ RunTime:0.000218s ]
[2023-08-03T13:23:26+08:00][sql] CONNECT:[ UseTime:0.000533s ] mysql:host=localhost;port=3316;dbname=coffee;charset=utf8
[2023-08-03T13:23:26+08:00][sql] SHOW FULL COLUMNS FROM `teacher` [ RunTime:0.001903s ]
[2023-08-03T13:23:26+08:00][sql] SELECT `teacher_name`,`teacher_title`,`teacher_avatar`,`detail` FROM `teacher` WHERE  `id` = 2 LIMIT 1 [ RunTime:0.000309s ]
[2023-08-03T13:23:26+08:00][sql] SHOW FULL COLUMNS FROM `course` [ RunTime:0.001065s ]
[2023-08-03T13:23:26+08:00][sql] SELECT * FROM `course` WHERE  `about_instructor` LIKE '%2%' [ RunTime:0.000355s ]
[2023-08-03T13:23:26+08:00][sql] SHOW FULL COLUMNS FROM `address` [ RunTime:0.001014s ]
[2023-08-03T13:23:26+08:00][sql] SELECT * FROM `address` WHERE  `id` = 1 LIMIT 1 [ RunTime:0.000251s ]
[2023-08-03T13:23:26+08:00][sql] SELECT * FROM `address` WHERE  `id` = 2 LIMIT 1 [ RunTime:0.000217s ]
[2023-08-03T13:23:27+08:00][sql] CONNECT:[ UseTime:0.000501s ] mysql:host=localhost;port=3316;dbname=coffee;charset=utf8
[2023-08-03T13:23:27+08:00][sql] SHOW FULL COLUMNS FROM `teacher` [ RunTime:0.001440s ]
[2023-08-03T13:23:27+08:00][sql] SELECT `teacher_name`,`teacher_title`,`teacher_avatar`,`detail` FROM `teacher` WHERE  `id` = 3 LIMIT 1 [ RunTime:0.000312s ]
[2023-08-03T13:23:27+08:00][sql] SHOW FULL COLUMNS FROM `course` [ RunTime:0.001176s ]
[2023-08-03T13:23:27+08:00][sql] SELECT * FROM `course` WHERE  `about_instructor` LIKE '%3%' [ RunTime:0.000391s ]
[2023-08-03T13:23:27+08:00][sql] SHOW FULL COLUMNS FROM `address` [ RunTime:0.001146s ]
[2023-08-03T13:23:27+08:00][sql] SELECT * FROM `address` WHERE  `id` = 1 LIMIT 1 [ RunTime:0.000278s ]
[2023-08-03T13:23:27+08:00][sql] SELECT * FROM `address` WHERE  `id` = 2 LIMIT 1 [ RunTime:0.000255s ]
[2023-08-03T13:31:57+08:00][sql] CONNECT:[ UseTime:0.000445s ] mysql:host=localhost;port=3316;dbname=coffee;charset=utf8
[2023-08-03T13:31:57+08:00][sql] SHOW FULL COLUMNS FROM `teacher` [ RunTime:0.001496s ]
[2023-08-03T13:31:57+08:00][sql] SELECT `teacher_name`,`teacher_title`,`teacher_avatar`,`detail` FROM `teacher` WHERE  `id` = 1 LIMIT 1 [ RunTime:0.000300s ]
[2023-08-03T13:31:57+08:00][sql] SHOW FULL COLUMNS FROM `course` [ RunTime:0.001177s ]
[2023-08-03T13:31:57+08:00][sql] SELECT * FROM `course` WHERE  `about_instructor` LIKE '%1%' [ RunTime:0.000417s ]
[2023-08-03T13:31:57+08:00][sql] SHOW FULL COLUMNS FROM `address` [ RunTime:0.001032s ]
[2023-08-03T13:31:57+08:00][sql] SELECT * FROM `address` WHERE  `id` = 1 LIMIT 1 [ RunTime:0.000254s ]
[2023-08-03T13:31:57+08:00][sql] SELECT * FROM `address` WHERE  `id` = 2 LIMIT 1 [ RunTime:0.000212s ]
[2023-08-03T13:36:35+08:00][sql] CONNECT:[ UseTime:0.000448s ] mysql:host=localhost;port=3316;dbname=coffee;charset=utf8
[2023-08-03T13:36:35+08:00][sql] SHOW FULL COLUMNS FROM `teacher` [ RunTime:0.001333s ]
[2023-08-03T13:36:35+08:00][sql] SELECT `teacher_name`,`teacher_title`,`teacher_avatar`,`detail` FROM `teacher` WHERE  `id` = 3 LIMIT 1 [ RunTime:0.000285s ]
[2023-08-03T13:36:35+08:00][sql] SHOW FULL COLUMNS FROM `course` [ RunTime:0.001107s ]
[2023-08-03T13:36:35+08:00][sql] SELECT * FROM `course` WHERE  `about_instructor` LIKE '%3%' [ RunTime:0.000314s ]
[2023-08-03T13:36:35+08:00][sql] SHOW FULL COLUMNS FROM `address` [ RunTime:0.001424s ]
[2023-08-03T13:36:35+08:00][sql] SELECT * FROM `address` WHERE  `id` = 1 LIMIT 1 [ RunTime:0.000250s ]
[2023-08-03T13:36:35+08:00][sql] SELECT * FROM `address` WHERE  `id` = 2 LIMIT 1 [ RunTime:0.000232s ]
[2023-08-03T13:39:39+08:00][sql] CONNECT:[ UseTime:0.000459s ] mysql:host=localhost;port=3316;dbname=coffee;charset=utf8
[2023-08-03T13:39:39+08:00][sql] SHOW FULL COLUMNS FROM `teacher` [ RunTime:0.001815s ]
[2023-08-03T13:39:39+08:00][sql] SELECT `id`,`teacher_name`,`teacher_avatar`,`Introduction` FROM `teacher` [ RunTime:0.000275s ]
[2023-08-03T13:39:39+08:00][sql] SHOW FULL COLUMNS FROM `address` [ RunTime:0.001101s ]
[2023-08-03T13:39:39+08:00][sql] SELECT * FROM `address` WHERE  `id` = 1 LIMIT 1 [ RunTime:0.000315s ]
[2023-08-03T13:39:39+08:00][sql] SELECT * FROM `address` WHERE  `id` = 2 LIMIT 1 [ RunTime:0.000223s ]
[2023-08-03T13:54:33+08:00][sql] CONNECT:[ UseTime:0.000416s ] mysql:host=localhost;port=3316;dbname=coffee;charset=utf8
[2023-08-03T13:54:33+08:00][sql] SHOW FULL COLUMNS FROM `teacher` [ RunTime:0.001499s ]
[2023-08-03T13:54:33+08:00][sql] SELECT `teacher_name`,`teacher_title`,`teacher_avatar`,`detail` FROM `teacher` WHERE  `id` = 2 LIMIT 1 [ RunTime:0.000268s ]
[2023-08-03T13:54:33+08:00][sql] SHOW FULL COLUMNS FROM `course` [ RunTime:0.001213s ]
[2023-08-03T13:54:33+08:00][sql] SELECT * FROM `course` WHERE  `about_instructor` LIKE '%2%' [ RunTime:0.000410s ]
[2023-08-03T13:54:33+08:00][sql] SHOW FULL COLUMNS FROM `address` [ RunTime:0.000969s ]
[2023-08-03T13:54:33+08:00][sql] SELECT * FROM `address` WHERE  `id` = 1 LIMIT 1 [ RunTime:0.000244s ]
[2023-08-03T13:54:33+08:00][sql] SELECT * FROM `address` WHERE  `id` = 2 LIMIT 1 [ RunTime:0.000240s ]
[2023-08-03T14:03:35+08:00][sql] CONNECT:[ UseTime:0.000453s ] mysql:host=localhost;port=3316;dbname=coffee;charset=utf8
[2023-08-03T14:03:35+08:00][sql] SHOW FULL COLUMNS FROM `teacher` [ RunTime:0.001734s ]
[2023-08-03T14:03:35+08:00][sql] SELECT `id`,`teacher_name`,`teacher_avatar`,`Introduction` FROM `teacher` [ RunTime:0.000255s ]
[2023-08-03T14:03:35+08:00][sql] SHOW FULL COLUMNS FROM `address` [ RunTime:0.001246s ]
[2023-08-03T14:03:35+08:00][sql] SELECT * FROM `address` WHERE  `id` = 1 LIMIT 1 [ RunTime:0.000312s ]
[2023-08-03T14:03:35+08:00][sql] SELECT * FROM `address` WHERE  `id` = 2 LIMIT 1 [ RunTime:0.000289s ]
[2023-08-03T14:06:43+08:00][sql] CONNECT:[ UseTime:0.000493s ] mysql:host=localhost;port=3316;dbname=coffee;charset=utf8
[2023-08-03T14:06:43+08:00][sql] SHOW FULL COLUMNS FROM `teacher` [ RunTime:0.001728s ]
[2023-08-03T14:06:43+08:00][sql] SELECT `teacher_name`,`teacher_title`,`teacher_avatar`,`detail` FROM `teacher` WHERE  `id` = 1 LIMIT 1 [ RunTime:0.000301s ]
[2023-08-03T14:06:43+08:00][sql] SHOW FULL COLUMNS FROM `course` [ RunTime:0.001354s ]
[2023-08-03T14:06:43+08:00][sql] SELECT * FROM `course` WHERE  `about_instructor` LIKE '%1%' [ RunTime:0.000591s ]
[2023-08-03T14:06:43+08:00][sql] SHOW FULL COLUMNS FROM `address` [ RunTime:0.001186s ]
[2023-08-03T14:06:43+08:00][sql] SELECT * FROM `address` WHERE  `id` = 1 LIMIT 1 [ RunTime:0.000347s ]
[2023-08-03T14:06:43+08:00][sql] SELECT * FROM `address` WHERE  `id` = 2 LIMIT 1 [ RunTime:0.000287s ]
[2023-08-03T14:39:29+08:00][sql] CONNECT:[ UseTime:0.000438s ] mysql:host=localhost;port=3316;dbname=coffee;charset=utf8
[2023-08-03T14:39:29+08:00][sql] SHOW FULL COLUMNS FROM `teacher` [ RunTime:0.001456s ]
[2023-08-03T14:39:29+08:00][sql] SELECT `teacher_name`,`teacher_title`,`teacher_avatar`,`detail` FROM `teacher` WHERE  `id` = 2 LIMIT 1 [ RunTime:0.000266s ]
[2023-08-03T14:39:29+08:00][sql] SHOW FULL COLUMNS FROM `course` [ RunTime:0.001361s ]
[2023-08-03T14:39:29+08:00][sql] SELECT * FROM `course` WHERE  `about_instructor` LIKE '%2%' [ RunTime:0.000459s ]
[2023-08-03T14:39:29+08:00][sql] SHOW FULL COLUMNS FROM `address` [ RunTime:0.001169s ]
[2023-08-03T14:39:29+08:00][sql] SELECT * FROM `address` WHERE  `id` = 1 LIMIT 1 [ RunTime:0.000321s ]
[2023-08-03T14:39:29+08:00][sql] SELECT * FROM `address` WHERE  `id` = 2 LIMIT 1 [ RunTime:0.000262s ]
[2023-08-03T14:49:36+08:00][sql] CONNECT:[ UseTime:0.000440s ] mysql:host=localhost;port=3316;dbname=coffee;charset=utf8
[2023-08-03T14:49:36+08:00][sql] SHOW FULL COLUMNS FROM `teacher` [ RunTime:0.001552s ]
[2023-08-03T14:49:36+08:00][sql] SELECT `teacher_name`,`teacher_title`,`teacher_avatar`,`detail` FROM `teacher` WHERE  `id` = 2 LIMIT 1 [ RunTime:0.000399s ]
[2023-08-03T14:49:36+08:00][sql] SHOW FULL COLUMNS FROM `course` [ RunTime:0.001607s ]
[2023-08-03T14:49:36+08:00][sql] SELECT * FROM `course` WHERE  `about_instructor` LIKE '%2%' [ RunTime:0.000502s ]
[2023-08-03T14:49:36+08:00][sql] SHOW FULL COLUMNS FROM `address` [ RunTime:0.001084s ]
[2023-08-03T14:49:36+08:00][sql] SELECT * FROM `address` WHERE  `id` = 1 LIMIT 1 [ RunTime:0.000304s ]
[2023-08-03T14:49:36+08:00][sql] SELECT * FROM `address` WHERE  `id` = 2 LIMIT 1 [ RunTime:0.000242s ]
[2023-08-03T14:59:53+08:00][sql] CONNECT:[ UseTime:0.000447s ] mysql:host=localhost;port=3316;dbname=coffee;charset=utf8
[2023-08-03T14:59:53+08:00][sql] SHOW FULL COLUMNS FROM `teacher` [ RunTime:0.001428s ]
[2023-08-03T14:59:53+08:00][sql] SELECT `teacher_name`,`teacher_title`,`teacher_avatar`,`detail` FROM `teacher` WHERE  `id` = 3 LIMIT 1 [ RunTime:0.000266s ]
[2023-08-03T14:59:53+08:00][sql] SHOW FULL COLUMNS FROM `course` [ RunTime:0.001080s ]
[2023-08-03T14:59:53+08:00][sql] SELECT * FROM `course` WHERE  `about_instructor` LIKE '%3%' [ RunTime:0.000335s ]
[2023-08-03T14:59:53+08:00][sql] SHOW FULL COLUMNS FROM `address` [ RunTime:0.000965s ]
[2023-08-03T14:59:53+08:00][sql] SELECT * FROM `address` WHERE  `id` = 1 LIMIT 1 [ RunTime:0.000242s ]
[2023-08-03T14:59:53+08:00][sql] SELECT * FROM `address` WHERE  `id` = 2 LIMIT 1 [ RunTime:0.000217s ]
