[2023-08-17T04:16:46+08:00][sql] CONNECT:[ UseTime:0.000441s ] mysql:host=localhost;port=3316;dbname=coffee;charset=utf8
[2023-08-17T04:16:46+08:00][sql] SHOW FULL COLUMNS FROM `teacher` [ RunTime:0.001337s ]
[2023-08-17T04:16:46+08:00][sql] SELECT `teacher_name`,`teacher_title`,`teacher_avatar`,`detail` FROM `teacher` WHERE  `id` = 3 LIMIT 1 [ RunTime:0.000290s ]
[2023-08-17T04:16:46+08:00][sql] SHOW FULL COLUMNS FROM `course` [ RunTime:0.001159s ]
[2023-08-17T04:16:46+08:00][sql] SELECT * FROM `course` WHERE  `about_instructor` LIKE '%3%' [ RunTime:0.000339s ]
[2023-08-17T04:16:46+08:00][sql] SHOW FULL COLUMNS FROM `address` [ RunTime:0.000957s ]
[2023-08-17T04:16:46+08:00][sql] SELECT * FROM `address` WHERE  `id` = 1 LIMIT 1 [ RunTime:0.000280s ]
[2023-08-17T04:16:46+08:00][sql] SELECT * FROM `address` WHERE  `id` = 2 LIMIT 1 [ RunTime:0.000258s ]
[2023-08-17T04:21:13+08:00][sql] CONNECT:[ UseTime:0.000486s ] mysql:host=localhost;port=3316;dbname=coffee;charset=utf8
[2023-08-17T04:21:13+08:00][sql] SHOW FULL COLUMNS FROM `teacher` [ RunTime:0.001673s ]
[2023-08-17T04:21:13+08:00][sql] SELECT `teacher_name`,`teacher_title`,`teacher_avatar`,`detail` FROM `teacher` WHERE  `id` = 3 LIMIT 1 [ RunTime:0.000382s ]
[2023-08-17T04:21:13+08:00][sql] SHOW FULL COLUMNS FROM `course` [ RunTime:0.001434s ]
[2023-08-17T04:21:13+08:00][sql] SELECT * FROM `course` WHERE  `about_instructor` LIKE '%3%' [ RunTime:0.000422s ]
[2023-08-17T04:21:13+08:00][sql] SHOW FULL COLUMNS FROM `address` [ RunTime:0.001442s ]
[2023-08-17T04:21:13+08:00][sql] SELECT * FROM `address` WHERE  `id` = 1 LIMIT 1 [ RunTime:0.000356s ]
[2023-08-17T04:21:13+08:00][sql] SELECT * FROM `address` WHERE  `id` = 2 LIMIT 1 [ RunTime:0.000335s ]
[2023-08-17T11:46:52+08:00][sql] CONNECT:[ UseTime:0.000479s ] mysql:host=localhost;port=3316;dbname=coffee;charset=utf8
[2023-08-17T11:46:52+08:00][sql] SHOW FULL COLUMNS FROM `teacher` [ RunTime:0.001384s ]
[2023-08-17T11:46:52+08:00][sql] SELECT `teacher_name`,`teacher_title`,`teacher_avatar`,`detail` FROM `teacher` WHERE  `id` = 3 LIMIT 1 [ RunTime:0.000277s ]
[2023-08-17T11:46:52+08:00][sql] SHOW FULL COLUMNS FROM `course` [ RunTime:0.001099s ]
[2023-08-17T11:46:52+08:00][sql] SELECT * FROM `course` WHERE  `about_instructor` LIKE '%3%' [ RunTime:0.000384s ]
[2023-08-17T11:46:52+08:00][sql] SHOW FULL COLUMNS FROM `address` [ RunTime:0.000915s ]
[2023-08-17T11:46:52+08:00][sql] SELECT * FROM `address` WHERE  `id` = 1 LIMIT 1 [ RunTime:0.000249s ]
[2023-08-17T11:46:52+08:00][sql] SELECT * FROM `address` WHERE  `id` = 2 LIMIT 1 [ RunTime:0.000211s ]
[2023-08-17T17:20:39+08:00][sql] CONNECT:[ UseTime:0.000454s ] mysql:host=localhost;port=3316;dbname=coffee;charset=utf8
[2023-08-17T17:20:39+08:00][sql] SHOW FULL COLUMNS FROM `teacher` [ RunTime:0.001379s ]
[2023-08-17T17:20:39+08:00][sql] SELECT `teacher_name`,`teacher_title`,`teacher_avatar`,`detail` FROM `teacher` WHERE  `id` = 3 LIMIT 1 [ RunTime:0.000274s ]
[2023-08-17T17:20:39+08:00][sql] SHOW FULL COLUMNS FROM `course` [ RunTime:0.001119s ]
[2023-08-17T17:20:39+08:00][sql] SELECT * FROM `course` WHERE  `about_instructor` LIKE '%3%' [ RunTime:0.000332s ]
[2023-08-17T17:20:39+08:00][sql] SHOW FULL COLUMNS FROM `address` [ RunTime:0.001186s ]
[2023-08-17T17:20:39+08:00][sql] SELECT * FROM `address` WHERE  `id` = 1 LIMIT 1 [ RunTime:0.000293s ]
[2023-08-17T17:20:39+08:00][sql] SELECT * FROM `address` WHERE  `id` = 2 LIMIT 1 [ RunTime:0.000282s ]
[2023-08-17T17:44:56+08:00][sql] CONNECT:[ UseTime:0.000440s ] mysql:host=localhost;port=3316;dbname=coffee;charset=utf8
[2023-08-17T17:44:56+08:00][sql] SHOW FULL COLUMNS FROM `teacher` [ RunTime:0.001432s ]
[2023-08-17T17:44:56+08:00][sql] SELECT `teacher_name`,`teacher_title`,`teacher_avatar`,`detail` FROM `teacher` WHERE  `id` = 3 LIMIT 1 [ RunTime:0.000355s ]
[2023-08-17T17:44:56+08:00][sql] SHOW FULL COLUMNS FROM `course` [ RunTime:0.001148s ]
[2023-08-17T17:44:56+08:00][sql] SELECT * FROM `course` WHERE  `about_instructor` LIKE '%3%' [ RunTime:0.000318s ]
[2023-08-17T17:44:56+08:00][sql] SHOW FULL COLUMNS FROM `address` [ RunTime:0.001212s ]
[2023-08-17T17:44:56+08:00][sql] SELECT * FROM `address` WHERE  `id` = 1 LIMIT 1 [ RunTime:0.000283s ]
[2023-08-17T17:44:56+08:00][sql] SELECT * FROM `address` WHERE  `id` = 2 LIMIT 1 [ RunTime:0.000283s ]
[2023-08-17T19:28:53+08:00][sql] CONNECT:[ UseTime:0.000477s ] mysql:host=localhost;port=3316;dbname=coffee;charset=utf8
[2023-08-17T19:28:53+08:00][sql] SHOW FULL COLUMNS FROM `teacher` [ RunTime:0.001435s ]
[2023-08-17T19:28:53+08:00][sql] SELECT `id`,`teacher_name`,`teacher_avatar`,`Introduction` FROM `teacher` [ RunTime:0.000349s ]
[2023-08-17T19:28:53+08:00][sql] SHOW FULL COLUMNS FROM `address` [ RunTime:0.001276s ]
[2023-08-17T19:28:53+08:00][sql] SELECT * FROM `address` WHERE  `id` = 1 LIMIT 1 [ RunTime:0.000280s ]
[2023-08-17T19:28:53+08:00][sql] SELECT * FROM `address` WHERE  `id` = 2 LIMIT 1 [ RunTime:0.000237s ]
[2023-08-17T19:28:55+08:00][sql] CONNECT:[ UseTime:0.000428s ] mysql:host=localhost;port=3316;dbname=coffee;charset=utf8
[2023-08-17T19:28:55+08:00][sql] SHOW FULL COLUMNS FROM `teacher` [ RunTime:0.001423s ]
[2023-08-17T19:28:55+08:00][sql] SELECT `teacher_name`,`teacher_title`,`teacher_avatar`,`detail` FROM `teacher` WHERE  `id` = 3 LIMIT 1 [ RunTime:0.000350s ]
[2023-08-17T19:28:55+08:00][sql] SHOW FULL COLUMNS FROM `course` [ RunTime:0.001157s ]
[2023-08-17T19:28:55+08:00][sql] SELECT * FROM `course` WHERE  `about_instructor` LIKE '%3%' [ RunTime:0.000354s ]
[2023-08-17T19:28:55+08:00][sql] SHOW FULL COLUMNS FROM `address` [ RunTime:0.001022s ]
[2023-08-17T19:28:55+08:00][sql] SELECT * FROM `address` WHERE  `id` = 1 LIMIT 1 [ RunTime:0.000290s ]
[2023-08-17T19:28:55+08:00][sql] SELECT * FROM `address` WHERE  `id` = 2 LIMIT 1 [ RunTime:0.000258s ]
[2023-08-17T19:28:56+08:00][sql] CONNECT:[ UseTime:0.000421s ] mysql:host=localhost;port=3316;dbname=coffee;charset=utf8
[2023-08-17T19:28:56+08:00][sql] SHOW FULL COLUMNS FROM `teacher` [ RunTime:0.001409s ]
[2023-08-17T19:28:56+08:00][sql] SELECT `teacher_name`,`teacher_title`,`teacher_avatar`,`detail` FROM `teacher` WHERE  `id` = 2 LIMIT 1 [ RunTime:0.000284s ]
[2023-08-17T19:28:56+08:00][sql] SHOW FULL COLUMNS FROM `course` [ RunTime:0.001040s ]
[2023-08-17T19:28:56+08:00][sql] SELECT * FROM `course` WHERE  `about_instructor` LIKE '%2%' [ RunTime:0.000357s ]
[2023-08-17T19:28:56+08:00][sql] SHOW FULL COLUMNS FROM `address` [ RunTime:0.000921s ]
[2023-08-17T19:28:56+08:00][sql] SELECT * FROM `address` WHERE  `id` = 1 LIMIT 1 [ RunTime:0.000237s ]
[2023-08-17T19:28:56+08:00][sql] SELECT * FROM `address` WHERE  `id` = 2 LIMIT 1 [ RunTime:0.000227s ]
[2023-08-17T19:28:58+08:00][sql] CONNECT:[ UseTime:0.000536s ] mysql:host=localhost;port=3316;dbname=coffee;charset=utf8
[2023-08-17T19:28:58+08:00][sql] SHOW FULL COLUMNS FROM `teacher` [ RunTime:0.001476s ]
[2023-08-17T19:28:58+08:00][sql] SELECT `teacher_name`,`teacher_title`,`teacher_avatar`,`detail` FROM `teacher` WHERE  `id` = 1 LIMIT 1 [ RunTime:0.000333s ]
[2023-08-17T19:28:58+08:00][sql] SHOW FULL COLUMNS FROM `course` [ RunTime:0.001218s ]
[2023-08-17T19:28:58+08:00][sql] SELECT * FROM `course` WHERE  `about_instructor` LIKE '%1%' [ RunTime:0.000399s ]
[2023-08-17T19:28:58+08:00][sql] SHOW FULL COLUMNS FROM `address` [ RunTime:0.001088s ]
[2023-08-17T19:28:58+08:00][sql] SELECT * FROM `address` WHERE  `id` = 1 LIMIT 1 [ RunTime:0.000390s ]
[2023-08-17T19:28:58+08:00][sql] SELECT * FROM `address` WHERE  `id` = 2 LIMIT 1 [ RunTime:0.000260s ]
[2023-08-17T19:31:55+08:00][sql] CONNECT:[ UseTime:0.000428s ] mysql:host=localhost;port=3316;dbname=coffee;charset=utf8
[2023-08-17T19:31:55+08:00][sql] SHOW FULL COLUMNS FROM `teacher` [ RunTime:0.001362s ]
[2023-08-17T19:31:55+08:00][sql] SELECT `teacher_name`,`teacher_title`,`teacher_avatar`,`detail` FROM `teacher` WHERE  `id` = 2 LIMIT 1 [ RunTime:0.000283s ]
[2023-08-17T19:31:55+08:00][sql] SHOW FULL COLUMNS FROM `course` [ RunTime:0.001059s ]
[2023-08-17T19:31:55+08:00][sql] SELECT * FROM `course` WHERE  `about_instructor` LIKE '%2%' [ RunTime:0.000388s ]
[2023-08-17T19:31:55+08:00][sql] SHOW FULL COLUMNS FROM `address` [ RunTime:0.001238s ]
[2023-08-17T19:31:55+08:00][sql] SELECT * FROM `address` WHERE  `id` = 1 LIMIT 1 [ RunTime:0.000321s ]
[2023-08-17T19:31:55+08:00][sql] SELECT * FROM `address` WHERE  `id` = 2 LIMIT 1 [ RunTime:0.000281s ]
[2023-08-17T19:34:08+08:00][sql] CONNECT:[ UseTime:0.000446s ] mysql:host=localhost;port=3316;dbname=coffee;charset=utf8
[2023-08-17T19:34:08+08:00][sql] SHOW FULL COLUMNS FROM `teacher` [ RunTime:0.001387s ]
[2023-08-17T19:34:08+08:00][sql] SELECT `id`,`teacher_name`,`teacher_avatar`,`Introduction` FROM `teacher` [ RunTime:0.000257s ]
[2023-08-17T19:34:08+08:00][sql] SHOW FULL COLUMNS FROM `address` [ RunTime:0.000973s ]
[2023-08-17T19:34:08+08:00][sql] SELECT * FROM `address` WHERE  `id` = 1 LIMIT 1 [ RunTime:0.000276s ]
[2023-08-17T19:34:08+08:00][sql] SELECT * FROM `address` WHERE  `id` = 2 LIMIT 1 [ RunTime:0.000255s ]
[2023-08-17T19:41:33+08:00][sql] CONNECT:[ UseTime:0.000453s ] mysql:host=localhost;port=3316;dbname=coffee;charset=utf8
[2023-08-17T19:41:33+08:00][sql] SHOW FULL COLUMNS FROM `teacher` [ RunTime:0.001461s ]
[2023-08-17T19:41:33+08:00][sql] SELECT `teacher_name`,`teacher_title`,`teacher_avatar`,`detail` FROM `teacher` WHERE  `id` = 1 LIMIT 1 [ RunTime:0.000290s ]
[2023-08-17T19:41:33+08:00][sql] SHOW FULL COLUMNS FROM `course` [ RunTime:0.001178s ]
[2023-08-17T19:41:33+08:00][sql] SELECT * FROM `course` WHERE  `about_instructor` LIKE '%1%' [ RunTime:0.000425s ]
[2023-08-17T19:41:33+08:00][sql] SHOW FULL COLUMNS FROM `address` [ RunTime:0.000981s ]
[2023-08-17T19:41:33+08:00][sql] SELECT * FROM `address` WHERE  `id` = 1 LIMIT 1 [ RunTime:0.000346s ]
[2023-08-17T19:41:33+08:00][sql] SELECT * FROM `address` WHERE  `id` = 2 LIMIT 1 [ RunTime:0.000258s ]
[2023-08-17T22:14:48+08:00][sql] CONNECT:[ UseTime:0.000476s ] mysql:host=localhost;port=3316;dbname=coffee;charset=utf8
[2023-08-17T22:14:48+08:00][sql] SHOW FULL COLUMNS FROM `teacher` [ RunTime:0.001351s ]
[2023-08-17T22:14:48+08:00][sql] SELECT `teacher_name`,`teacher_title`,`teacher_avatar`,`detail` FROM `teacher` WHERE  `id` = 3 LIMIT 1 [ RunTime:0.000307s ]
[2023-08-17T22:14:48+08:00][sql] SHOW FULL COLUMNS FROM `course` [ RunTime:0.001105s ]
[2023-08-17T22:14:48+08:00][sql] SELECT * FROM `course` WHERE  `about_instructor` LIKE '%3%' [ RunTime:0.000365s ]
[2023-08-17T22:14:48+08:00][sql] SHOW FULL COLUMNS FROM `address` [ RunTime:0.000932s ]
[2023-08-17T22:14:48+08:00][sql] SELECT * FROM `address` WHERE  `id` = 1 LIMIT 1 [ RunTime:0.000292s ]
[2023-08-17T22:14:48+08:00][sql] SELECT * FROM `address` WHERE  `id` = 2 LIMIT 1 [ RunTime:0.000249s ]
