[2023-08-19T16:02:03+08:00][sql] CONNECT:[ UseTime:0.000482s ] mysql:host=localhost;port=3316;dbname=coffee;charset=utf8
[2023-08-19T16:02:03+08:00][sql] SHOW FULL COLUMNS FROM `teacher` [ RunTime:0.001332s ]
[2023-08-19T16:02:03+08:00][sql] SELECT `teacher_name`,`teacher_title`,`teacher_avatar`,`detail` FROM `teacher` WHERE  `id` = 1 LIMIT 1 [ RunTime:0.000249s ]
[2023-08-19T16:02:03+08:00][sql] SHOW FULL COLUMNS FROM `course` [ RunTime:0.001046s ]
[2023-08-19T16:02:03+08:00][sql] SELECT * FROM `course` WHERE  `about_instructor` LIKE '%1%' [ RunTime:0.000447s ]
[2023-08-19T16:02:03+08:00][sql] SHOW FULL COLUMNS FROM `address` [ RunTime:0.001369s ]
[2023-08-19T16:02:03+08:00][sql] SELECT * FROM `address` WHERE  `id` = 1 LIMIT 1 [ RunTime:0.000264s ]
[2023-08-19T16:02:03+08:00][sql] SELECT * FROM `address` WHERE  `id` = 2 LIMIT 1 [ RunTime:0.000251s ]
[2023-08-19T16:07:52+08:00][sql] CONNECT:[ UseTime:0.000468s ] mysql:host=localhost;port=3316;dbname=coffee;charset=utf8
[2023-08-19T16:07:52+08:00][sql] SHOW FULL COLUMNS FROM `teacher` [ RunTime:0.001313s ]
[2023-08-19T16:07:52+08:00][sql] SELECT `teacher_name`,`teacher_title`,`teacher_avatar`,`detail` FROM `teacher` WHERE  `id` = 1 LIMIT 1 [ RunTime:0.000256s ]
[2023-08-19T16:07:52+08:00][sql] SHOW FULL COLUMNS FROM `course` [ RunTime:0.001117s ]
[2023-08-19T16:07:52+08:00][sql] SELECT * FROM `course` WHERE  `about_instructor` LIKE '%1%' [ RunTime:0.000383s ]
[2023-08-19T16:07:52+08:00][sql] SHOW FULL COLUMNS FROM `address` [ RunTime:0.000893s ]
[2023-08-19T16:07:52+08:00][sql] SELECT * FROM `address` WHERE  `id` = 1 LIMIT 1 [ RunTime:0.000239s ]
[2023-08-19T16:07:52+08:00][sql] SELECT * FROM `address` WHERE  `id` = 2 LIMIT 1 [ RunTime:0.000191s ]
[2023-08-19T16:11:53+08:00][sql] CONNECT:[ UseTime:0.000374s ] mysql:host=localhost;port=3316;dbname=coffee;charset=utf8
[2023-08-19T16:11:53+08:00][sql] SHOW FULL COLUMNS FROM `teacher` [ RunTime:0.001348s ]
[2023-08-19T16:11:53+08:00][sql] SELECT `teacher_name`,`teacher_title`,`teacher_avatar`,`detail` FROM `teacher` WHERE  `id` = 1 LIMIT 1 [ RunTime:0.000278s ]
[2023-08-19T16:11:53+08:00][sql] SHOW FULL COLUMNS FROM `course` [ RunTime:0.001055s ]
[2023-08-19T16:11:53+08:00][sql] SELECT * FROM `course` WHERE  `about_instructor` LIKE '%1%' [ RunTime:0.000434s ]
[2023-08-19T16:11:53+08:00][sql] SHOW FULL COLUMNS FROM `address` [ RunTime:0.000941s ]
[2023-08-19T16:11:53+08:00][sql] SELECT * FROM `address` WHERE  `id` = 1 LIMIT 1 [ RunTime:0.000238s ]
[2023-08-19T16:11:53+08:00][sql] SELECT * FROM `address` WHERE  `id` = 2 LIMIT 1 [ RunTime:0.000213s ]
[2023-08-19T16:31:41+08:00][sql] CONNECT:[ UseTime:0.000483s ] mysql:host=localhost;port=3316;dbname=coffee;charset=utf8
[2023-08-19T16:31:41+08:00][sql] SHOW FULL COLUMNS FROM `teacher` [ RunTime:0.001809s ]
[2023-08-19T16:31:41+08:00][sql] SELECT `teacher_name`,`teacher_title`,`teacher_avatar`,`detail` FROM `teacher` WHERE  `id` = 1 LIMIT 1 [ RunTime:0.000346s ]
[2023-08-19T16:31:41+08:00][sql] SHOW FULL COLUMNS FROM `course` [ RunTime:0.001523s ]
[2023-08-19T16:31:41+08:00][sql] SELECT * FROM `course` WHERE  `about_instructor` LIKE '%1%' [ RunTime:0.000532s ]
[2023-08-19T16:31:41+08:00][sql] SHOW FULL COLUMNS FROM `address` [ RunTime:0.000914s ]
[2023-08-19T16:31:41+08:00][sql] SELECT * FROM `address` WHERE  `id` = 1 LIMIT 1 [ RunTime:0.000245s ]
[2023-08-19T16:31:41+08:00][sql] SELECT * FROM `address` WHERE  `id` = 2 LIMIT 1 [ RunTime:0.000204s ]
