[2023-08-20T00:07:16+08:00][sql] CONNECT:[ UseTime:0.000398s ] mysql:host=localhost;port=3316;dbname=coffee;charset=utf8
[2023-08-20T00:07:16+08:00][sql] SHOW FULL COLUMNS FROM `teacher` [ RunTime:0.001388s ]
[2023-08-20T00:07:16+08:00][sql] SELECT `teacher_name`,`teacher_title`,`teacher_avatar`,`detail` FROM `teacher` WHERE  `id` = 1 LIMIT 1 [ RunTime:0.000288s ]
[2023-08-20T00:07:16+08:00][sql] SHOW FULL COLUMNS FROM `course` [ RunTime:0.001094s ]
[2023-08-20T00:07:16+08:00][sql] SELECT * FROM `course` WHERE  `about_instructor` LIKE '%1%' [ RunTime:0.000389s ]
[2023-08-20T00:07:16+08:00][sql] SHOW FULL COLUMNS FROM `address` [ RunTime:0.000993s ]
[2023-08-20T00:07:16+08:00][sql] SELECT * FROM `address` WHERE  `id` = 1 LIMIT 1 [ RunTime:0.000243s ]
[2023-08-20T00:07:16+08:00][sql] SELECT * FROM `address` WHERE  `id` = 2 LIMIT 1 [ RunTime:0.000217s ]
[2023-08-20T00:07:16+08:00][sql] CONNECT:[ UseTime:0.000442s ] mysql:host=localhost;port=3316;dbname=coffee;charset=utf8
[2023-08-20T00:07:16+08:00][sql] SHOW FULL COLUMNS FROM `teacher` [ RunTime:0.001456s ]
[2023-08-20T00:07:16+08:00][sql] SELECT `teacher_name`,`teacher_title`,`teacher_avatar`,`detail` FROM `teacher` WHERE  `id` = 1 LIMIT 1 [ RunTime:0.000283s ]
[2023-08-20T00:07:16+08:00][sql] SHOW FULL COLUMNS FROM `course` [ RunTime:0.001139s ]
[2023-08-20T00:07:16+08:00][sql] SELECT * FROM `course` WHERE  `about_instructor` LIKE '%1%' [ RunTime:0.000443s ]
[2023-08-20T00:07:16+08:00][sql] SHOW FULL COLUMNS FROM `address` [ RunTime:0.000943s ]
[2023-08-20T00:07:16+08:00][sql] SELECT * FROM `address` WHERE  `id` = 1 LIMIT 1 [ RunTime:0.000298s ]
[2023-08-20T00:07:16+08:00][sql] SELECT * FROM `address` WHERE  `id` = 2 LIMIT 1 [ RunTime:0.000310s ]
[2023-08-20T00:35:53+08:00][sql] CONNECT:[ UseTime:0.000424s ] mysql:host=localhost;port=3316;dbname=coffee;charset=utf8
[2023-08-20T00:35:53+08:00][sql] SHOW FULL COLUMNS FROM `teacher` [ RunTime:0.001931s ]
[2023-08-20T00:35:53+08:00][sql] SELECT `teacher_name`,`teacher_title`,`teacher_avatar`,`detail` FROM `teacher` WHERE  `id` = 1 LIMIT 1 [ RunTime:0.000276s ]
[2023-08-20T00:35:53+08:00][sql] SHOW FULL COLUMNS FROM `course` [ RunTime:0.001258s ]
[2023-08-20T00:35:53+08:00][sql] SELECT * FROM `course` WHERE  `about_instructor` LIKE '%1%' [ RunTime:0.000374s ]
[2023-08-20T00:35:53+08:00][sql] SHOW FULL COLUMNS FROM `address` [ RunTime:0.000976s ]
[2023-08-20T00:35:53+08:00][sql] SELECT * FROM `address` WHERE  `id` = 1 LIMIT 1 [ RunTime:0.000276s ]
[2023-08-20T00:35:53+08:00][sql] SELECT * FROM `address` WHERE  `id` = 2 LIMIT 1 [ RunTime:0.000232s ]
[2023-08-20T05:06:15+08:00][sql] CONNECT:[ UseTime:0.000395s ] mysql:host=localhost;port=3316;dbname=coffee;charset=utf8
[2023-08-20T05:06:15+08:00][sql] SHOW FULL COLUMNS FROM `teacher` [ RunTime:0.001386s ]
[2023-08-20T05:06:15+08:00][sql] SELECT `id`,`teacher_name`,`teacher_avatar`,`Introduction` FROM `teacher` [ RunTime:0.000229s ]
[2023-08-20T05:06:15+08:00][sql] SHOW FULL COLUMNS FROM `address` [ RunTime:0.000956s ]
[2023-08-20T05:06:15+08:00][sql] SELECT * FROM `address` WHERE  `id` = 1 LIMIT 1 [ RunTime:0.000254s ]
[2023-08-20T05:06:15+08:00][sql] SELECT * FROM `address` WHERE  `id` = 2 LIMIT 1 [ RunTime:0.000274s ]
[2023-08-20T09:52:50+08:00][sql] CONNECT:[ UseTime:0.000459s ] mysql:host=localhost;port=3316;dbname=coffee;charset=utf8
[2023-08-20T09:52:50+08:00][sql] SHOW FULL COLUMNS FROM `teacher` [ RunTime:0.001348s ]
[2023-08-20T09:52:50+08:00][sql] SELECT `teacher_name`,`teacher_title`,`teacher_avatar`,`detail` FROM `teacher` WHERE  `id` = 3 LIMIT 1 [ RunTime:0.000280s ]
[2023-08-20T09:52:50+08:00][sql] SHOW FULL COLUMNS FROM `course` [ RunTime:0.001036s ]
[2023-08-20T09:52:50+08:00][sql] SELECT * FROM `course` WHERE  `about_instructor` LIKE '%3%' [ RunTime:0.000311s ]
[2023-08-20T09:52:50+08:00][sql] SHOW FULL COLUMNS FROM `address` [ RunTime:0.001155s ]
[2023-08-20T09:52:50+08:00][sql] SELECT * FROM `address` WHERE  `id` = 1 LIMIT 1 [ RunTime:0.000239s ]
[2023-08-20T09:52:50+08:00][sql] SELECT * FROM `address` WHERE  `id` = 2 LIMIT 1 [ RunTime:0.000203s ]
[2023-08-20T10:02:12+08:00][sql] CONNECT:[ UseTime:0.000479s ] mysql:host=localhost;port=3316;dbname=coffee;charset=utf8
[2023-08-20T10:02:12+08:00][sql] SHOW FULL COLUMNS FROM `teacher` [ RunTime:0.001408s ]
[2023-08-20T10:02:12+08:00][sql] SELECT `teacher_name`,`teacher_title`,`teacher_avatar`,`detail` FROM `teacher` WHERE  `id` = 3 LIMIT 1 [ RunTime:0.000278s ]
[2023-08-20T10:02:12+08:00][sql] SHOW FULL COLUMNS FROM `course` [ RunTime:0.001136s ]
[2023-08-20T10:02:12+08:00][sql] SELECT * FROM `course` WHERE  `about_instructor` LIKE '%3%' [ RunTime:0.000323s ]
[2023-08-20T10:02:12+08:00][sql] SHOW FULL COLUMNS FROM `address` [ RunTime:0.000956s ]
[2023-08-20T10:02:12+08:00][sql] SELECT * FROM `address` WHERE  `id` = 1 LIMIT 1 [ RunTime:0.000251s ]
[2023-08-20T10:02:12+08:00][sql] SELECT * FROM `address` WHERE  `id` = 2 LIMIT 1 [ RunTime:0.000256s ]
[2023-08-20T12:45:42+08:00][sql] CONNECT:[ UseTime:0.000425s ] mysql:host=localhost;port=3316;dbname=coffee;charset=utf8
[2023-08-20T12:45:42+08:00][sql] SHOW FULL COLUMNS FROM `teacher` [ RunTime:0.001421s ]
[2023-08-20T12:45:42+08:00][sql] SELECT `teacher_name`,`teacher_title`,`teacher_avatar`,`detail` FROM `teacher` WHERE  `id` = 3 LIMIT 1 [ RunTime:0.000292s ]
[2023-08-20T12:45:42+08:00][sql] SHOW FULL COLUMNS FROM `course` [ RunTime:0.001155s ]
[2023-08-20T12:45:42+08:00][sql] SELECT * FROM `course` WHERE  `about_instructor` LIKE '%3%' [ RunTime:0.000328s ]
[2023-08-20T12:45:42+08:00][sql] SHOW FULL COLUMNS FROM `address` [ RunTime:0.001066s ]
[2023-08-20T12:45:42+08:00][sql] SELECT * FROM `address` WHERE  `id` = 1 LIMIT 1 [ RunTime:0.000260s ]
[2023-08-20T12:45:42+08:00][sql] SELECT * FROM `address` WHERE  `id` = 2 LIMIT 1 [ RunTime:0.000222s ]
[2023-08-20T12:57:29+08:00][sql] CONNECT:[ UseTime:0.000415s ] mysql:host=localhost;port=3316;dbname=coffee;charset=utf8
[2023-08-20T12:57:29+08:00][sql] SHOW FULL COLUMNS FROM `teacher` [ RunTime:0.001592s ]
[2023-08-20T12:57:29+08:00][sql] SELECT `teacher_name`,`teacher_title`,`teacher_avatar`,`detail` FROM `teacher` WHERE  `id` = 3 LIMIT 1 [ RunTime:0.000256s ]
[2023-08-20T12:57:29+08:00][sql] SHOW FULL COLUMNS FROM `course` [ RunTime:0.001204s ]
[2023-08-20T12:57:29+08:00][sql] SELECT * FROM `course` WHERE  `about_instructor` LIKE '%3%' [ RunTime:0.000389s ]
[2023-08-20T12:57:29+08:00][sql] SHOW FULL COLUMNS FROM `address` [ RunTime:0.001322s ]
[2023-08-20T12:57:29+08:00][sql] SELECT * FROM `address` WHERE  `id` = 1 LIMIT 1 [ RunTime:0.000282s ]
[2023-08-20T12:57:29+08:00][sql] SELECT * FROM `address` WHERE  `id` = 2 LIMIT 1 [ RunTime:0.000241s ]
[2023-08-20T19:38:39+08:00][sql] CONNECT:[ UseTime:0.000476s ] mysql:host=localhost;port=3316;dbname=coffee;charset=utf8
[2023-08-20T19:38:39+08:00][sql] SHOW FULL COLUMNS FROM `teacher` [ RunTime:0.001908s ]
[2023-08-20T19:38:39+08:00][sql] SELECT `teacher_name`,`teacher_title`,`teacher_avatar`,`detail` FROM `teacher` WHERE  `id` = 1 LIMIT 1 [ RunTime:0.000333s ]
[2023-08-20T19:38:39+08:00][sql] SHOW FULL COLUMNS FROM `course` [ RunTime:0.001509s ]
[2023-08-20T19:38:39+08:00][sql] SELECT * FROM `course` WHERE  `about_instructor` LIKE '%1%' [ RunTime:0.000455s ]
[2023-08-20T19:38:39+08:00][sql] SHOW FULL COLUMNS FROM `address` [ RunTime:0.001169s ]
[2023-08-20T19:38:39+08:00][sql] SELECT * FROM `address` WHERE  `id` = 1 LIMIT 1 [ RunTime:0.000340s ]
[2023-08-20T19:38:39+08:00][sql] SELECT * FROM `address` WHERE  `id` = 2 LIMIT 1 [ RunTime:0.000232s ]
[2023-08-20T21:20:55+08:00][sql] CONNECT:[ UseTime:0.000462s ] mysql:host=localhost;port=3316;dbname=coffee;charset=utf8
[2023-08-20T21:20:55+08:00][sql] SHOW FULL COLUMNS FROM `teacher` [ RunTime:0.001530s ]
[2023-08-20T21:20:55+08:00][sql] SELECT `id`,`teacher_name`,`teacher_avatar`,`Introduction` FROM `teacher` [ RunTime:0.000252s ]
[2023-08-20T21:20:55+08:00][sql] SHOW FULL COLUMNS FROM `address` [ RunTime:0.001053s ]
[2023-08-20T21:20:55+08:00][sql] SELECT * FROM `address` WHERE  `id` = 1 LIMIT 1 [ RunTime:0.000295s ]
[2023-08-20T21:20:55+08:00][sql] SELECT * FROM `address` WHERE  `id` = 2 LIMIT 1 [ RunTime:0.000266s ]
[2023-08-20T21:21:29+08:00][sql] CONNECT:[ UseTime:0.000504s ] mysql:host=localhost;port=3316;dbname=coffee;charset=utf8
[2023-08-20T21:21:29+08:00][sql] SHOW FULL COLUMNS FROM `teacher` [ RunTime:0.001592s ]
[2023-08-20T21:21:29+08:00][sql] SELECT `id`,`teacher_name`,`teacher_avatar`,`Introduction` FROM `teacher` [ RunTime:0.000292s ]
[2023-08-20T21:21:29+08:00][sql] SHOW FULL COLUMNS FROM `address` [ RunTime:0.001138s ]
[2023-08-20T21:21:29+08:00][sql] SELECT * FROM `address` WHERE  `id` = 1 LIMIT 1 [ RunTime:0.000291s ]
[2023-08-20T21:21:29+08:00][sql] SELECT * FROM `address` WHERE  `id` = 2 LIMIT 1 [ RunTime:0.000271s ]
[2023-08-20T21:23:10+08:00][sql] CONNECT:[ UseTime:0.000458s ] mysql:host=localhost;port=3316;dbname=coffee;charset=utf8
[2023-08-20T21:23:10+08:00][sql] SHOW FULL COLUMNS FROM `teacher` [ RunTime:0.001742s ]
[2023-08-20T21:23:10+08:00][sql] SELECT `id`,`teacher_name`,`teacher_avatar`,`Introduction` FROM `teacher` [ RunTime:0.000253s ]
[2023-08-20T21:23:10+08:00][sql] SHOW FULL COLUMNS FROM `address` [ RunTime:0.001092s ]
[2023-08-20T21:23:10+08:00][sql] SELECT * FROM `address` WHERE  `id` = 1 LIMIT 1 [ RunTime:0.000251s ]
[2023-08-20T21:23:10+08:00][sql] SELECT * FROM `address` WHERE  `id` = 2 LIMIT 1 [ RunTime:0.000223s ]
[2023-08-20T21:23:47+08:00][sql] CONNECT:[ UseTime:0.000510s ] mysql:host=localhost;port=3316;dbname=coffee;charset=utf8
[2023-08-20T21:23:47+08:00][sql] SHOW FULL COLUMNS FROM `teacher` [ RunTime:0.001474s ]
[2023-08-20T21:23:47+08:00][sql] SELECT `id`,`teacher_name`,`teacher_avatar`,`Introduction` FROM `teacher` [ RunTime:0.000275s ]
[2023-08-20T21:23:47+08:00][sql] SHOW FULL COLUMNS FROM `address` [ RunTime:0.001022s ]
[2023-08-20T21:23:47+08:00][sql] SELECT * FROM `address` WHERE  `id` = 1 LIMIT 1 [ RunTime:0.000327s ]
[2023-08-20T21:23:47+08:00][sql] SELECT * FROM `address` WHERE  `id` = 2 LIMIT 1 [ RunTime:0.000283s ]
[2023-08-20T21:30:19+08:00][sql] CONNECT:[ UseTime:0.000548s ] mysql:host=localhost;port=3316;dbname=coffee;charset=utf8
[2023-08-20T21:30:19+08:00][sql] SHOW FULL COLUMNS FROM `teacher` [ RunTime:0.002018s ]
[2023-08-20T21:30:19+08:00][sql] SELECT `id`,`teacher_name`,`teacher_avatar`,`Introduction` FROM `teacher` [ RunTime:0.000314s ]
[2023-08-20T21:30:19+08:00][sql] SHOW FULL COLUMNS FROM `address` [ RunTime:0.001368s ]
[2023-08-20T21:30:19+08:00][sql] SELECT * FROM `address` WHERE  `id` = 1 LIMIT 1 [ RunTime:0.000343s ]
[2023-08-20T21:30:19+08:00][sql] SELECT * FROM `address` WHERE  `id` = 2 LIMIT 1 [ RunTime:0.000294s ]
