[2023-08-25T00:13:38+08:00][sql] CONNECT:[ UseTime:0.000428s ] mysql:host=localhost;port=3316;dbname=coffee;charset=utf8
[2023-08-25T00:13:38+08:00][sql] SHOW FULL COLUMNS FROM `teacher` [ RunTime:0.001428s ]
[2023-08-25T00:13:38+08:00][sql] SELECT `id`,`teacher_name`,`teacher_avatar`,`Introduction` FROM `teacher` [ RunTime:0.000259s ]
[2023-08-25T00:13:38+08:00][sql] SHOW FULL COLUMNS FROM `address` [ RunTime:0.001028s ]
[2023-08-25T00:13:38+08:00][sql] SELECT * FROM `address` WHERE  `id` = 1 LIMIT 1 [ RunTime:0.000264s ]
[2023-08-25T00:13:38+08:00][sql] SELECT * FROM `address` WHERE  `id` = 2 LIMIT 1 [ RunTime:0.000241s ]
[2023-08-25T00:26:10+08:00][sql] CONNECT:[ UseTime:0.000474s ] mysql:host=localhost;port=3316;dbname=coffee;charset=utf8
[2023-08-25T00:26:10+08:00][sql] SHOW FULL COLUMNS FROM `teacher` [ RunTime:0.001457s ]
[2023-08-25T00:26:10+08:00][sql] SELECT `id`,`teacher_name`,`teacher_avatar`,`Introduction` FROM `teacher` [ RunTime:0.000235s ]
[2023-08-25T00:26:10+08:00][sql] SHOW FULL COLUMNS FROM `address` [ RunTime:0.000983s ]
[2023-08-25T00:26:10+08:00][sql] SELECT * FROM `address` WHERE  `id` = 1 LIMIT 1 [ RunTime:0.000295s ]
[2023-08-25T00:26:10+08:00][sql] SELECT * FROM `address` WHERE  `id` = 2 LIMIT 1 [ RunTime:0.000228s ]
[2023-08-25T02:35:42+08:00][sql] CONNECT:[ UseTime:0.000506s ] mysql:host=localhost;port=3316;dbname=coffee;charset=utf8
[2023-08-25T02:35:42+08:00][sql] SHOW FULL COLUMNS FROM `teacher` [ RunTime:0.001894s ]
[2023-08-25T02:35:42+08:00][sql] SELECT `id`,`teacher_name`,`teacher_avatar`,`Introduction` FROM `teacher` [ RunTime:0.000273s ]
[2023-08-25T02:35:42+08:00][sql] SHOW FULL COLUMNS FROM `address` [ RunTime:0.001307s ]
[2023-08-25T02:35:42+08:00][sql] SELECT * FROM `address` WHERE  `id` = 1 LIMIT 1 [ RunTime:0.000297s ]
[2023-08-25T02:35:42+08:00][sql] SELECT * FROM `address` WHERE  `id` = 2 LIMIT 1 [ RunTime:0.000289s ]
[2023-08-25T04:55:55+08:00][sql] CONNECT:[ UseTime:0.000413s ] mysql:host=localhost;port=3316;dbname=coffee;charset=utf8
[2023-08-25T04:55:55+08:00][sql] SHOW FULL COLUMNS FROM `teacher` [ RunTime:0.001373s ]
[2023-08-25T04:55:55+08:00][sql] SELECT `teacher_name`,`teacher_title`,`teacher_avatar`,`detail` FROM `teacher` WHERE  `id` = 1 LIMIT 1 [ RunTime:0.000286s ]
[2023-08-25T04:55:55+08:00][sql] SHOW FULL COLUMNS FROM `course` [ RunTime:0.001074s ]
[2023-08-25T04:55:55+08:00][sql] SELECT * FROM `course` WHERE  `about_instructor` LIKE '%1%' [ RunTime:0.000386s ]
[2023-08-25T04:55:55+08:00][sql] SHOW FULL COLUMNS FROM `address` [ RunTime:0.000893s ]
[2023-08-25T04:55:55+08:00][sql] SELECT * FROM `address` WHERE  `id` = 1 LIMIT 1 [ RunTime:0.000253s ]
[2023-08-25T04:55:55+08:00][sql] SELECT * FROM `address` WHERE  `id` = 2 LIMIT 1 [ RunTime:0.000206s ]
[2023-08-25T05:07:07+08:00][sql] CONNECT:[ UseTime:0.000422s ] mysql:host=localhost;port=3316;dbname=coffee;charset=utf8
[2023-08-25T05:07:07+08:00][sql] SHOW FULL COLUMNS FROM `teacher` [ RunTime:0.001338s ]
[2023-08-25T05:07:07+08:00][sql] SELECT `teacher_name`,`teacher_title`,`teacher_avatar`,`detail` FROM `teacher` WHERE  `id` = 1 LIMIT 1 [ RunTime:0.000257s ]
[2023-08-25T05:07:07+08:00][sql] SHOW FULL COLUMNS FROM `course` [ RunTime:0.001013s ]
[2023-08-25T05:07:07+08:00][sql] SELECT * FROM `course` WHERE  `about_instructor` LIKE '%1%' [ RunTime:0.000372s ]
[2023-08-25T05:07:07+08:00][sql] SHOW FULL COLUMNS FROM `address` [ RunTime:0.000876s ]
[2023-08-25T05:07:07+08:00][sql] SELECT * FROM `address` WHERE  `id` = 1 LIMIT 1 [ RunTime:0.000234s ]
[2023-08-25T05:07:07+08:00][sql] SELECT * FROM `address` WHERE  `id` = 2 LIMIT 1 [ RunTime:0.000209s ]
[2023-08-25T20:28:40+08:00][sql] CONNECT:[ UseTime:0.000484s ] mysql:host=localhost;port=3316;dbname=coffee;charset=utf8
[2023-08-25T20:28:40+08:00][sql] SHOW FULL COLUMNS FROM `teacher` [ RunTime:0.001318s ]
[2023-08-25T20:28:40+08:00][sql] SELECT `teacher_name`,`teacher_title`,`teacher_avatar`,`detail` FROM `teacher` WHERE  `id` = 1 LIMIT 1 [ RunTime:0.000289s ]
[2023-08-25T20:28:40+08:00][sql] SHOW FULL COLUMNS FROM `course` [ RunTime:0.001100s ]
[2023-08-25T20:28:40+08:00][sql] SELECT * FROM `course` WHERE  `about_instructor` LIKE '%1%' [ RunTime:0.000833s ]
[2023-08-25T20:28:40+08:00][sql] SHOW FULL COLUMNS FROM `address` [ RunTime:0.000949s ]
[2023-08-25T20:28:40+08:00][sql] SELECT * FROM `address` WHERE  `id` = 1 LIMIT 1 [ RunTime:0.000238s ]
[2023-08-25T20:28:40+08:00][sql] SELECT * FROM `address` WHERE  `id` = 2 LIMIT 1 [ RunTime:0.000219s ]
[2023-08-25T20:29:46+08:00][sql] CONNECT:[ UseTime:0.000440s ] mysql:host=localhost;port=3316;dbname=coffee;charset=utf8
[2023-08-25T20:29:46+08:00][sql] SHOW FULL COLUMNS FROM `teacher` [ RunTime:0.001410s ]
[2023-08-25T20:29:46+08:00][sql] SELECT `teacher_name`,`teacher_title`,`teacher_avatar`,`detail` FROM `teacher` WHERE  `id` = 1 LIMIT 1 [ RunTime:0.000262s ]
[2023-08-25T20:29:46+08:00][sql] SHOW FULL COLUMNS FROM `course` [ RunTime:0.001123s ]
[2023-08-25T20:29:46+08:00][sql] SELECT * FROM `course` WHERE  `about_instructor` LIKE '%1%' [ RunTime:0.000953s ]
[2023-08-25T20:29:46+08:00][sql] SHOW FULL COLUMNS FROM `address` [ RunTime:0.001055s ]
[2023-08-25T20:29:46+08:00][sql] SELECT * FROM `address` WHERE  `id` = 1 LIMIT 1 [ RunTime:0.000282s ]
[2023-08-25T20:29:46+08:00][sql] SELECT * FROM `address` WHERE  `id` = 2 LIMIT 1 [ RunTime:0.000244s ]
[2023-08-25T20:33:50+08:00][sql] CONNECT:[ UseTime:0.000502s ] mysql:host=localhost;port=3316;dbname=coffee;charset=utf8
[2023-08-25T20:33:50+08:00][sql] SHOW FULL COLUMNS FROM `teacher` [ RunTime:0.001508s ]
[2023-08-25T20:33:50+08:00][sql] SELECT `teacher_name`,`teacher_title`,`teacher_avatar`,`detail` FROM `teacher` WHERE  `id` = 1 LIMIT 1 [ RunTime:0.000273s ]
[2023-08-25T20:33:50+08:00][sql] SHOW FULL COLUMNS FROM `course` [ RunTime:0.001169s ]
[2023-08-25T20:33:50+08:00][sql] SELECT * FROM `course` WHERE  `about_instructor` LIKE '%1%' [ RunTime:0.000945s ]
[2023-08-25T20:33:50+08:00][sql] SHOW FULL COLUMNS FROM `address` [ RunTime:0.001065s ]
[2023-08-25T20:33:50+08:00][sql] SELECT * FROM `address` WHERE  `id` = 1 LIMIT 1 [ RunTime:0.000261s ]
[2023-08-25T20:33:50+08:00][sql] SELECT * FROM `address` WHERE  `id` = 2 LIMIT 1 [ RunTime:0.000244s ]
[2023-08-25T20:34:48+08:00][sql] CONNECT:[ UseTime:0.000437s ] mysql:host=localhost;port=3316;dbname=coffee;charset=utf8
[2023-08-25T20:34:48+08:00][sql] SHOW FULL COLUMNS FROM `teacher` [ RunTime:0.001433s ]
[2023-08-25T20:34:48+08:00][sql] SELECT `teacher_name`,`teacher_title`,`teacher_avatar`,`detail` FROM `teacher` WHERE  `id` = 1 LIMIT 1 [ RunTime:0.000298s ]
[2023-08-25T20:34:48+08:00][sql] SHOW FULL COLUMNS FROM `course` [ RunTime:0.001115s ]
[2023-08-25T20:34:48+08:00][sql] SELECT * FROM `course` WHERE  `about_instructor` LIKE '%1%' [ RunTime:0.000916s ]
[2023-08-25T20:34:48+08:00][sql] SHOW FULL COLUMNS FROM `address` [ RunTime:0.001035s ]
[2023-08-25T20:34:48+08:00][sql] SELECT * FROM `address` WHERE  `id` = 1 LIMIT 1 [ RunTime:0.000307s ]
[2023-08-25T20:34:48+08:00][sql] SELECT * FROM `address` WHERE  `id` = 2 LIMIT 1 [ RunTime:0.000265s ]
[2023-08-25T20:38:22+08:00][sql] CONNECT:[ UseTime:0.000440s ] mysql:host=localhost;port=3316;dbname=coffee;charset=utf8
[2023-08-25T20:38:22+08:00][sql] SHOW FULL COLUMNS FROM `teacher` [ RunTime:0.001388s ]
[2023-08-25T20:38:22+08:00][sql] SELECT `teacher_name`,`teacher_title`,`teacher_avatar`,`detail` FROM `teacher` WHERE  `id` = 1 LIMIT 1 [ RunTime:0.000255s ]
[2023-08-25T20:38:22+08:00][sql] SHOW FULL COLUMNS FROM `course` [ RunTime:0.001098s ]
[2023-08-25T20:38:22+08:00][sql] SELECT * FROM `course` WHERE  `about_instructor` LIKE '%1%' [ RunTime:0.000447s ]
[2023-08-25T20:38:22+08:00][sql] SHOW FULL COLUMNS FROM `address` [ RunTime:0.000964s ]
[2023-08-25T20:38:22+08:00][sql] SELECT * FROM `address` WHERE  `id` = 1 LIMIT 1 [ RunTime:0.000257s ]
[2023-08-25T20:38:22+08:00][sql] SELECT * FROM `address` WHERE  `id` = 2 LIMIT 1 [ RunTime:0.000211s ]
[2023-08-25T20:39:00+08:00][sql] CONNECT:[ UseTime:0.000507s ] mysql:host=localhost;port=3316;dbname=coffee;charset=utf8
[2023-08-25T20:39:00+08:00][sql] SHOW FULL COLUMNS FROM `teacher` [ RunTime:0.001523s ]
[2023-08-25T20:39:00+08:00][sql] SELECT `teacher_name`,`teacher_title`,`teacher_avatar`,`detail` FROM `teacher` WHERE  `id` = 1 LIMIT 1 [ RunTime:0.000277s ]
[2023-08-25T20:39:00+08:00][sql] SHOW FULL COLUMNS FROM `course` [ RunTime:0.001389s ]
[2023-08-25T20:39:00+08:00][sql] SELECT * FROM `course` WHERE  `about_instructor` LIKE '%1%' [ RunTime:0.000474s ]
[2023-08-25T20:39:00+08:00][sql] SHOW FULL COLUMNS FROM `address` [ RunTime:0.001208s ]
[2023-08-25T20:39:00+08:00][sql] SELECT * FROM `address` WHERE  `id` = 1 LIMIT 1 [ RunTime:0.000389s ]
[2023-08-25T20:39:00+08:00][sql] SELECT * FROM `address` WHERE  `id` = 2 LIMIT 1 [ RunTime:0.000285s ]
[2023-08-25T20:40:18+08:00][sql] CONNECT:[ UseTime:0.000477s ] mysql:host=localhost;port=3316;dbname=coffee;charset=utf8
[2023-08-25T20:40:18+08:00][sql] SHOW FULL COLUMNS FROM `teacher` [ RunTime:0.001450s ]
[2023-08-25T20:40:18+08:00][sql] SELECT `teacher_name`,`teacher_title`,`teacher_avatar`,`detail` FROM `teacher` WHERE  `id` = 1 LIMIT 1 [ RunTime:0.000285s ]
[2023-08-25T20:40:18+08:00][sql] SHOW FULL COLUMNS FROM `course` [ RunTime:0.001094s ]
[2023-08-25T20:40:18+08:00][sql] SELECT * FROM `course` WHERE  `about_instructor` LIKE '%1%' [ RunTime:0.000387s ]
[2023-08-25T20:40:18+08:00][sql] SHOW FULL COLUMNS FROM `address` [ RunTime:0.001020s ]
[2023-08-25T20:40:18+08:00][sql] SELECT * FROM `address` WHERE  `id` = 1 LIMIT 1 [ RunTime:0.000272s ]
[2023-08-25T20:40:18+08:00][sql] SELECT * FROM `address` WHERE  `id` = 2 LIMIT 1 [ RunTime:0.000232s ]
