[2023-08-27T03:55:25+08:00][sql] CONNECT:[ UseTime:0.000365s ] mysql:host=localhost;port=3316;dbname=coffee;charset=utf8
[2023-08-27T03:55:25+08:00][sql] SHOW FULL COLUMNS FROM `teacher` [ RunTime:0.001309s ]
[2023-08-27T03:55:25+08:00][sql] SELECT `teacher_name`,`teacher_title`,`teacher_avatar`,`detail` FROM `teacher` WHERE  `id` = 3 LIMIT 1 [ RunTime:0.000258s ]
[2023-08-27T03:55:25+08:00][sql] SHOW FULL COLUMNS FROM `course` [ RunTime:0.001079s ]
[2023-08-27T03:55:25+08:00][sql] SELECT * FROM `course` WHERE  `about_instructor` LIKE '%3%' [ RunTime:0.000307s ]
[2023-08-27T03:55:25+08:00][sql] SHOW FULL COLUMNS FROM `address` [ RunTime:0.000896s ]
[2023-08-27T03:55:25+08:00][sql] SELECT * FROM `address` WHERE  `id` = 1 LIMIT 1 [ RunTime:0.000241s ]
[2023-08-27T03:55:25+08:00][sql] SELECT * FROM `address` WHERE  `id` = 2 LIMIT 1 [ RunTime:0.000217s ]
[2023-08-27T04:01:22+08:00][sql] CONNECT:[ UseTime:0.000412s ] mysql:host=localhost;port=3316;dbname=coffee;charset=utf8
[2023-08-27T04:01:22+08:00][sql] SHOW FULL COLUMNS FROM `teacher` [ RunTime:0.001360s ]
[2023-08-27T04:01:22+08:00][sql] SELECT `teacher_name`,`teacher_title`,`teacher_avatar`,`detail` FROM `teacher` WHERE  `id` = 3 LIMIT 1 [ RunTime:0.000244s ]
[2023-08-27T04:01:22+08:00][sql] SHOW FULL COLUMNS FROM `course` [ RunTime:0.001041s ]
[2023-08-27T04:01:22+08:00][sql] SELECT * FROM `course` WHERE  `about_instructor` LIKE '%3%' [ RunTime:0.000316s ]
[2023-08-27T04:01:22+08:00][sql] SHOW FULL COLUMNS FROM `address` [ RunTime:0.000881s ]
[2023-08-27T04:01:22+08:00][sql] SELECT * FROM `address` WHERE  `id` = 1 LIMIT 1 [ RunTime:0.000242s ]
[2023-08-27T04:01:22+08:00][sql] SELECT * FROM `address` WHERE  `id` = 2 LIMIT 1 [ RunTime:0.000226s ]
[2023-08-27T13:15:42+08:00][sql] CONNECT:[ UseTime:0.000415s ] mysql:host=localhost;port=3316;dbname=coffee;charset=utf8
[2023-08-27T13:15:42+08:00][sql] SHOW FULL COLUMNS FROM `teacher` [ RunTime:0.001405s ]
[2023-08-27T13:15:42+08:00][sql] SELECT `teacher_name`,`teacher_title`,`teacher_avatar`,`detail` FROM `teacher` WHERE  `id` = 1 LIMIT 1 [ RunTime:0.000273s ]
[2023-08-27T13:15:42+08:00][sql] SHOW FULL COLUMNS FROM `course` [ RunTime:0.001106s ]
[2023-08-27T13:15:42+08:00][sql] SELECT * FROM `course` WHERE  `about_instructor` LIKE '%1%' [ RunTime:0.000396s ]
[2023-08-27T13:15:42+08:00][sql] SHOW FULL COLUMNS FROM `address` [ RunTime:0.000940s ]
[2023-08-27T13:15:42+08:00][sql] SELECT * FROM `address` WHERE  `id` = 1 LIMIT 1 [ RunTime:0.000258s ]
[2023-08-27T13:15:42+08:00][sql] SELECT * FROM `address` WHERE  `id` = 2 LIMIT 1 [ RunTime:0.000229s ]
[2023-08-27T13:15:42+08:00][sql] CONNECT:[ UseTime:0.000412s ] mysql:host=localhost;port=3316;dbname=coffee;charset=utf8
[2023-08-27T13:15:42+08:00][sql] SHOW FULL COLUMNS FROM `teacher` [ RunTime:0.001436s ]
[2023-08-27T13:15:42+08:00][sql] SELECT `teacher_name`,`teacher_title`,`teacher_avatar`,`detail` FROM `teacher` WHERE  `id` = 2 LIMIT 1 [ RunTime:0.000297s ]
[2023-08-27T13:15:42+08:00][sql] SHOW FULL COLUMNS FROM `course` [ RunTime:0.001186s ]
[2023-08-27T13:15:42+08:00][sql] SELECT * FROM `course` WHERE  `about_instructor` LIKE '%2%' [ RunTime:0.000358s ]
[2023-08-27T13:15:42+08:00][sql] SHOW FULL COLUMNS FROM `address` [ RunTime:0.000939s ]
[2023-08-27T13:15:42+08:00][sql] SELECT * FROM `address` WHERE  `id` = 1 LIMIT 1 [ RunTime:0.000259s ]
[2023-08-27T13:15:42+08:00][sql] SELECT * FROM `address` WHERE  `id` = 2 LIMIT 1 [ RunTime:0.000218s ]
[2023-08-27T13:15:42+08:00][sql] CONNECT:[ UseTime:0.000401s ] mysql:host=localhost;port=3316;dbname=coffee;charset=utf8
[2023-08-27T13:15:42+08:00][sql] SHOW FULL COLUMNS FROM `teacher` [ RunTime:0.001367s ]
[2023-08-27T13:15:42+08:00][sql] SELECT `teacher_name`,`teacher_title`,`teacher_avatar`,`detail` FROM `teacher` WHERE  `id` = 3 LIMIT 1 [ RunTime:0.000271s ]
[2023-08-27T13:15:42+08:00][sql] SHOW FULL COLUMNS FROM `course` [ RunTime:0.001102s ]
[2023-08-27T13:15:42+08:00][sql] SELECT * FROM `course` WHERE  `about_instructor` LIKE '%3%' [ RunTime:0.000304s ]
[2023-08-27T13:15:42+08:00][sql] SHOW FULL COLUMNS FROM `address` [ RunTime:0.004266s ]
[2023-08-27T13:15:42+08:00][sql] SELECT * FROM `address` WHERE  `id` = 1 LIMIT 1 [ RunTime:0.001049s ]
[2023-08-27T13:15:42+08:00][sql] SELECT * FROM `address` WHERE  `id` = 2 LIMIT 1 [ RunTime:0.000227s ]
[2023-08-27T13:15:48+08:00][sql] CONNECT:[ UseTime:0.000447s ] mysql:host=localhost;port=3316;dbname=coffee;charset=utf8
[2023-08-27T13:15:48+08:00][sql] SHOW FULL COLUMNS FROM `teacher` [ RunTime:0.001460s ]
[2023-08-27T13:15:48+08:00][sql] SELECT `id`,`teacher_name`,`teacher_avatar`,`Introduction` FROM `teacher` [ RunTime:0.000292s ]
[2023-08-27T13:15:48+08:00][sql] SHOW FULL COLUMNS FROM `address` [ RunTime:0.001067s ]
[2023-08-27T13:15:48+08:00][sql] SELECT * FROM `address` WHERE  `id` = 1 LIMIT 1 [ RunTime:0.000293s ]
[2023-08-27T13:15:48+08:00][sql] SELECT * FROM `address` WHERE  `id` = 2 LIMIT 1 [ RunTime:0.000248s ]
[2023-08-27T13:21:33+08:00][sql] CONNECT:[ UseTime:0.000556s ] mysql:host=localhost;port=3316;dbname=coffee;charset=utf8
[2023-08-27T13:21:33+08:00][sql] SHOW FULL COLUMNS FROM `teacher` [ RunTime:0.001966s ]
[2023-08-27T13:21:33+08:00][sql] SELECT `teacher_name`,`teacher_title`,`teacher_avatar`,`detail` FROM `teacher` WHERE  `id` = 2 LIMIT 1 [ RunTime:0.000341s ]
[2023-08-27T13:21:33+08:00][sql] SHOW FULL COLUMNS FROM `course` [ RunTime:0.001544s ]
[2023-08-27T13:21:33+08:00][sql] SELECT * FROM `course` WHERE  `about_instructor` LIKE '%2%' [ RunTime:0.000430s ]
[2023-08-27T13:21:33+08:00][sql] SHOW FULL COLUMNS FROM `address` [ RunTime:0.001358s ]
[2023-08-27T13:21:33+08:00][sql] SELECT * FROM `address` WHERE  `id` = 1 LIMIT 1 [ RunTime:0.000304s ]
[2023-08-27T13:21:33+08:00][sql] SELECT * FROM `address` WHERE  `id` = 2 LIMIT 1 [ RunTime:0.000254s ]
[2023-08-27T13:26:28+08:00][sql] CONNECT:[ UseTime:0.000430s ] mysql:host=localhost;port=3316;dbname=coffee;charset=utf8
[2023-08-27T13:26:28+08:00][sql] SHOW FULL COLUMNS FROM `teacher` [ RunTime:0.001345s ]
[2023-08-27T13:26:28+08:00][sql] SELECT `id`,`teacher_name`,`teacher_avatar`,`Introduction` FROM `teacher` [ RunTime:0.000304s ]
[2023-08-27T13:26:28+08:00][sql] SHOW FULL COLUMNS FROM `address` [ RunTime:0.001004s ]
[2023-08-27T13:26:28+08:00][sql] SELECT * FROM `address` WHERE  `id` = 1 LIMIT 1 [ RunTime:0.000266s ]
[2023-08-27T13:26:28+08:00][sql] SELECT * FROM `address` WHERE  `id` = 2 LIMIT 1 [ RunTime:0.000229s ]
[2023-08-27T13:32:16+08:00][sql] CONNECT:[ UseTime:0.000429s ] mysql:host=localhost;port=3316;dbname=coffee;charset=utf8
[2023-08-27T13:32:16+08:00][sql] SHOW FULL COLUMNS FROM `teacher` [ RunTime:0.001320s ]
[2023-08-27T13:32:16+08:00][sql] SELECT `teacher_name`,`teacher_title`,`teacher_avatar`,`detail` FROM `teacher` WHERE  `id` = 3 LIMIT 1 [ RunTime:0.000265s ]
[2023-08-27T13:32:16+08:00][sql] SHOW FULL COLUMNS FROM `course` [ RunTime:0.001234s ]
[2023-08-27T13:32:16+08:00][sql] SELECT * FROM `course` WHERE  `about_instructor` LIKE '%3%' [ RunTime:0.000331s ]
[2023-08-27T13:32:16+08:00][sql] SHOW FULL COLUMNS FROM `address` [ RunTime:0.000916s ]
[2023-08-27T13:32:16+08:00][sql] SELECT * FROM `address` WHERE  `id` = 1 LIMIT 1 [ RunTime:0.000287s ]
[2023-08-27T13:32:16+08:00][sql] SELECT * FROM `address` WHERE  `id` = 2 LIMIT 1 [ RunTime:0.000227s ]
[2023-08-27T13:40:49+08:00][sql] CONNECT:[ UseTime:0.000447s ] mysql:host=localhost;port=3316;dbname=coffee;charset=utf8
[2023-08-27T13:40:49+08:00][sql] SHOW FULL COLUMNS FROM `teacher` [ RunTime:0.001368s ]
[2023-08-27T13:40:49+08:00][sql] SELECT `teacher_name`,`teacher_title`,`teacher_avatar`,`detail` FROM `teacher` WHERE  `id` = 1 LIMIT 1 [ RunTime:0.000287s ]
[2023-08-27T13:40:49+08:00][sql] SHOW FULL COLUMNS FROM `course` [ RunTime:0.001065s ]
[2023-08-27T13:40:49+08:00][sql] SELECT * FROM `course` WHERE  `about_instructor` LIKE '%1%' [ RunTime:0.000432s ]
[2023-08-27T13:40:49+08:00][sql] SHOW FULL COLUMNS FROM `address` [ RunTime:0.001167s ]
[2023-08-27T13:40:49+08:00][sql] SELECT * FROM `address` WHERE  `id` = 1 LIMIT 1 [ RunTime:0.000308s ]
[2023-08-27T13:40:49+08:00][sql] SELECT * FROM `address` WHERE  `id` = 2 LIMIT 1 [ RunTime:0.000266s ]
