[2023-08-31T01:58:00+08:00][sql] CONNECT:[ UseTime:0.000410s ] mysql:host=localhost;port=3316;dbname=coffee;charset=utf8
[2023-08-31T01:58:00+08:00][sql] SHOW FULL COLUMNS FROM `teacher` [ RunTime:0.001405s ]
[2023-08-31T01:58:00+08:00][sql] SELECT `id`,`teacher_name`,`teacher_avatar`,`Introduction` FROM `teacher` [ RunTime:0.000233s ]
[2023-08-31T01:58:00+08:00][sql] SHOW FULL COLUMNS FROM `address` [ RunTime:0.000937s ]
[2023-08-31T01:58:00+08:00][sql] SELECT * FROM `address` WHERE  `id` = 1 LIMIT 1 [ RunTime:0.000261s ]
[2023-08-31T01:58:00+08:00][sql] SELECT * FROM `address` WHERE  `id` = 2 LIMIT 1 [ RunTime:0.000258s ]
[2023-08-31T04:03:00+08:00][sql] CONNECT:[ UseTime:0.000426s ] mysql:host=localhost;port=3316;dbname=coffee;charset=utf8
[2023-08-31T04:03:00+08:00][sql] SHOW FULL COLUMNS FROM `teacher` [ RunTime:0.001338s ]
[2023-08-31T04:03:00+08:00][sql] SELECT `id`,`teacher_name`,`teacher_avatar`,`Introduction` FROM `teacher` [ RunTime:0.000358s ]
[2023-08-31T04:03:00+08:00][sql] SHOW FULL COLUMNS FROM `address` [ RunTime:0.000939s ]
[2023-08-31T04:03:00+08:00][sql] SELECT * FROM `address` WHERE  `id` = 1 LIMIT 1 [ RunTime:0.000373s ]
[2023-08-31T04:03:00+08:00][sql] SELECT * FROM `address` WHERE  `id` = 2 LIMIT 1 [ RunTime:0.000319s ]
[2023-08-31T04:33:00+08:00][sql] CONNECT:[ UseTime:0.000415s ] mysql:host=localhost;port=3316;dbname=coffee;charset=utf8
[2023-08-31T04:33:00+08:00][sql] SHOW FULL COLUMNS FROM `teacher` [ RunTime:0.001340s ]
[2023-08-31T04:33:00+08:00][sql] SELECT `teacher_name`,`teacher_title`,`teacher_avatar`,`detail` FROM `teacher` WHERE  `id` = 2 LIMIT 1 [ RunTime:0.000262s ]
[2023-08-31T04:33:00+08:00][sql] SHOW FULL COLUMNS FROM `course` [ RunTime:0.001129s ]
[2023-08-31T04:33:00+08:00][sql] SELECT * FROM `course` WHERE  `about_instructor` LIKE '%2%' [ RunTime:0.000337s ]
[2023-08-31T04:33:00+08:00][sql] SHOW FULL COLUMNS FROM `address` [ RunTime:0.000962s ]
[2023-08-31T04:33:00+08:00][sql] SELECT * FROM `address` WHERE  `id` = 1 LIMIT 1 [ RunTime:0.000247s ]
[2023-08-31T04:33:00+08:00][sql] SELECT * FROM `address` WHERE  `id` = 2 LIMIT 1 [ RunTime:0.000209s ]
[2023-08-31T05:00:09+08:00][sql] CONNECT:[ UseTime:0.000413s ] mysql:host=localhost;port=3316;dbname=coffee;charset=utf8
[2023-08-31T05:00:09+08:00][sql] SHOW FULL COLUMNS FROM `teacher` [ RunTime:0.001387s ]
[2023-08-31T05:00:09+08:00][sql] SELECT `teacher_name`,`teacher_title`,`teacher_avatar`,`detail` FROM `teacher` WHERE  `id` = 1 LIMIT 1 [ RunTime:0.000260s ]
[2023-08-31T05:00:09+08:00][sql] SHOW FULL COLUMNS FROM `course` [ RunTime:0.001199s ]
[2023-08-31T05:00:09+08:00][sql] SELECT * FROM `course` WHERE  `about_instructor` LIKE '%1%' [ RunTime:0.000471s ]
[2023-08-31T05:00:09+08:00][sql] SHOW FULL COLUMNS FROM `address` [ RunTime:0.001029s ]
[2023-08-31T05:00:09+08:00][sql] SELECT * FROM `address` WHERE  `id` = 1 LIMIT 1 [ RunTime:0.000253s ]
[2023-08-31T05:00:09+08:00][sql] SELECT * FROM `address` WHERE  `id` = 2 LIMIT 1 [ RunTime:0.000214s ]
[2023-08-31T05:44:36+08:00][sql] CONNECT:[ UseTime:0.000391s ] mysql:host=localhost;port=3316;dbname=coffee;charset=utf8
[2023-08-31T05:44:36+08:00][sql] SHOW FULL COLUMNS FROM `teacher` [ RunTime:0.001318s ]
[2023-08-31T05:44:36+08:00][sql] SELECT `teacher_name`,`teacher_title`,`teacher_avatar`,`detail` FROM `teacher` WHERE  `id` = 2 LIMIT 1 [ RunTime:0.000248s ]
[2023-08-31T05:44:36+08:00][sql] SHOW FULL COLUMNS FROM `course` [ RunTime:0.001007s ]
[2023-08-31T05:44:36+08:00][sql] SELECT * FROM `course` WHERE  `about_instructor` LIKE '%2%' [ RunTime:0.000327s ]
[2023-08-31T05:44:36+08:00][sql] SHOW FULL COLUMNS FROM `address` [ RunTime:0.000897s ]
[2023-08-31T05:44:36+08:00][sql] SELECT * FROM `address` WHERE  `id` = 1 LIMIT 1 [ RunTime:0.000261s ]
[2023-08-31T05:44:36+08:00][sql] SELECT * FROM `address` WHERE  `id` = 2 LIMIT 1 [ RunTime:0.000192s ]
[2023-08-31T09:04:03+08:00][sql] CONNECT:[ UseTime:0.000441s ] mysql:host=localhost;port=3316;dbname=coffee;charset=utf8
[2023-08-31T09:04:03+08:00][sql] SHOW FULL COLUMNS FROM `teacher` [ RunTime:0.001351s ]
[2023-08-31T09:04:03+08:00][sql] SELECT `teacher_name`,`teacher_title`,`teacher_avatar`,`detail` FROM `teacher` WHERE  `id` = 3 LIMIT 1 [ RunTime:0.000282s ]
[2023-08-31T09:04:03+08:00][sql] SHOW FULL COLUMNS FROM `course` [ RunTime:0.001074s ]
[2023-08-31T09:04:03+08:00][sql] SELECT * FROM `course` WHERE  `about_instructor` LIKE '%3%' [ RunTime:0.000435s ]
[2023-08-31T09:04:03+08:00][sql] SHOW FULL COLUMNS FROM `address` [ RunTime:0.001338s ]
[2023-08-31T09:04:03+08:00][sql] SELECT * FROM `address` WHERE  `id` = 1 LIMIT 1 [ RunTime:0.000400s ]
[2023-08-31T09:04:03+08:00][sql] SELECT * FROM `address` WHERE  `id` = 2 LIMIT 1 [ RunTime:0.000275s ]
[2023-08-31T09:16:44+08:00][sql] CONNECT:[ UseTime:0.000415s ] mysql:host=localhost;port=3316;dbname=coffee;charset=utf8
[2023-08-31T09:16:44+08:00][sql] SHOW FULL COLUMNS FROM `teacher` [ RunTime:0.001435s ]
[2023-08-31T09:16:44+08:00][sql] SELECT `teacher_name`,`teacher_title`,`teacher_avatar`,`detail` FROM `teacher` WHERE  `id` = 3 LIMIT 1 [ RunTime:0.000291s ]
[2023-08-31T09:16:44+08:00][sql] SHOW FULL COLUMNS FROM `course` [ RunTime:0.001141s ]
[2023-08-31T09:16:44+08:00][sql] SELECT * FROM `course` WHERE  `about_instructor` LIKE '%3%' [ RunTime:0.000317s ]
[2023-08-31T09:16:44+08:00][sql] SHOW FULL COLUMNS FROM `address` [ RunTime:0.000966s ]
[2023-08-31T09:16:44+08:00][sql] SELECT * FROM `address` WHERE  `id` = 1 LIMIT 1 [ RunTime:0.000257s ]
[2023-08-31T09:16:44+08:00][sql] SELECT * FROM `address` WHERE  `id` = 2 LIMIT 1 [ RunTime:0.000338s ]
[2023-08-31T17:10:17+08:00][sql] CONNECT:[ UseTime:0.000439s ] mysql:host=localhost;port=3316;dbname=coffee;charset=utf8
[2023-08-31T17:10:17+08:00][sql] SHOW FULL COLUMNS FROM `teacher` [ RunTime:0.001456s ]
[2023-08-31T17:10:17+08:00][sql] SELECT `teacher_name`,`teacher_title`,`teacher_avatar`,`detail` FROM `teacher` WHERE  `id` = 1 LIMIT 1 [ RunTime:0.000340s ]
[2023-08-31T17:10:17+08:00][sql] SHOW FULL COLUMNS FROM `course` [ RunTime:0.001127s ]
[2023-08-31T17:10:17+08:00][sql] SELECT * FROM `course` WHERE  `about_instructor` LIKE '%1%' [ RunTime:0.000457s ]
[2023-08-31T17:10:17+08:00][sql] SHOW FULL COLUMNS FROM `address` [ RunTime:0.001007s ]
[2023-08-31T17:10:17+08:00][sql] SELECT * FROM `address` WHERE  `id` = 1 LIMIT 1 [ RunTime:0.000251s ]
[2023-08-31T17:10:17+08:00][sql] SELECT * FROM `address` WHERE  `id` = 2 LIMIT 1 [ RunTime:0.000208s ]
[2023-08-31T20:55:34+08:00][sql] CONNECT:[ UseTime:0.000562s ] mysql:host=localhost;port=3316;dbname=coffee;charset=utf8
[2023-08-31T20:55:34+08:00][sql] SHOW FULL COLUMNS FROM `teacher` [ RunTime:0.001884s ]
[2023-08-31T20:55:34+08:00][sql] SELECT `id`,`teacher_name`,`teacher_avatar`,`Introduction` FROM `teacher` [ RunTime:0.000300s ]
[2023-08-31T20:55:34+08:00][sql] SHOW FULL COLUMNS FROM `address` [ RunTime:0.001169s ]
[2023-08-31T20:55:34+08:00][sql] SELECT * FROM `address` WHERE  `id` = 1 LIMIT 1 [ RunTime:0.000302s ]
[2023-08-31T20:55:34+08:00][sql] SELECT * FROM `address` WHERE  `id` = 2 LIMIT 1 [ RunTime:0.000297s ]
[2023-08-31T23:35:38+08:00][sql] CONNECT:[ UseTime:0.000400s ] mysql:host=localhost;port=3316;dbname=coffee;charset=utf8
[2023-08-31T23:35:38+08:00][sql] SHOW FULL COLUMNS FROM `teacher` [ RunTime:0.001366s ]
[2023-08-31T23:35:38+08:00][sql] SELECT `teacher_name`,`teacher_title`,`teacher_avatar`,`detail` FROM `teacher` WHERE  `id` = 1 LIMIT 1 [ RunTime:0.000270s ]
[2023-08-31T23:35:38+08:00][sql] SHOW FULL COLUMNS FROM `course` [ RunTime:0.001104s ]
[2023-08-31T23:35:38+08:00][sql] SELECT * FROM `course` WHERE  `about_instructor` LIKE '%1%' [ RunTime:0.000374s ]
[2023-08-31T23:35:38+08:00][sql] SHOW FULL COLUMNS FROM `address` [ RunTime:0.000947s ]
[2023-08-31T23:35:38+08:00][sql] SELECT * FROM `address` WHERE  `id` = 1 LIMIT 1 [ RunTime:0.000267s ]
[2023-08-31T23:35:38+08:00][sql] SELECT * FROM `address` WHERE  `id` = 2 LIMIT 1 [ RunTime:0.000252s ]
