[2022-10-09T14:32:12+08:00][sql] CONNECT:[ UseTime:0.000400s ] mysql:host=localhost;port=3316;dbname=coffee;charset=utf8
[2022-10-09T14:32:12+08:00][sql] SHOW FULL COLUMNS FROM `information` [ RunTime:0.001311s ]
[2022-10-09T14:32:12+08:00][sql] SELECT * FROM `information` WHERE  `id` = 13 LIMIT 1 [ RunTime:0.000316s ]
[2022-10-09T14:32:12+08:00][sql] SHOW FULL COLUMNS FROM `address` [ RunTime:0.001802s ]
[2022-10-09T14:32:12+08:00][sql] SELECT * FROM `address` WHERE  `id` = 1 LIMIT 1 [ RunTime:0.000275s ]
[2022-10-09T14:32:12+08:00][sql] SELECT * FROM `address` WHERE  `id` = 2 LIMIT 1 [ RunTime:0.000249s ]
[2022-10-09T14:37:09+08:00][sql] CONNECT:[ UseTime:0.000460s ] mysql:host=localhost;port=3316;dbname=coffee;charset=utf8
[2022-10-09T14:37:09+08:00][sql] SHOW FULL COLUMNS FROM `information` [ RunTime:0.001627s ]
[2022-10-09T14:37:09+08:00][sql] SELECT * FROM `information` WHERE  `id` = 13 LIMIT 1 [ RunTime:0.000364s ]
[2022-10-09T14:37:09+08:00][sql] SHOW FULL COLUMNS FROM `address` [ RunTime:0.001191s ]
[2022-10-09T14:37:09+08:00][sql] SELECT * FROM `address` WHERE  `id` = 1 LIMIT 1 [ RunTime:0.000251s ]
[2022-10-09T14:37:09+08:00][sql] SELECT * FROM `address` WHERE  `id` = 2 LIMIT 1 [ RunTime:0.000229s ]
[2022-10-09T18:05:55+08:00][sql] CONNECT:[ UseTime:0.000454s ] mysql:host=localhost;port=3316;dbname=coffee;charset=utf8
[2022-10-09T18:05:55+08:00][sql] SHOW FULL COLUMNS FROM `information` [ RunTime:0.001340s ]
[2022-10-09T18:05:55+08:00][sql] SELECT * FROM `information` WHERE  `id` = 2 LIMIT 1 [ RunTime:0.000304s ]
[2022-10-09T18:05:55+08:00][sql] SHOW FULL COLUMNS FROM `address` [ RunTime:0.000927s ]
[2022-10-09T18:05:55+08:00][sql] SELECT * FROM `address` WHERE  `id` = 1 LIMIT 1 [ RunTime:0.000282s ]
[2022-10-09T18:05:55+08:00][sql] SELECT * FROM `address` WHERE  `id` = 2 LIMIT 1 [ RunTime:0.000246s ]
[2022-10-09T18:18:47+08:00][sql] CONNECT:[ UseTime:0.001327s ] mysql:host=localhost;port=3316;dbname=coffee;charset=utf8
[2022-10-09T18:18:47+08:00][sql] SHOW FULL COLUMNS FROM `information` [ RunTime:0.001974s ]
[2022-10-09T18:18:47+08:00][sql] SELECT * FROM `information` WHERE  `id` = 17 LIMIT 1 [ RunTime:0.000680s ]
[2022-10-09T18:18:47+08:00][sql] SHOW FULL COLUMNS FROM `address` [ RunTime:0.001134s ]
[2022-10-09T18:18:47+08:00][sql] SELECT * FROM `address` WHERE  `id` = 1 LIMIT 1 [ RunTime:0.000280s ]
[2022-10-09T18:18:47+08:00][sql] SELECT * FROM `address` WHERE  `id` = 2 LIMIT 1 [ RunTime:0.000883s ]
[2022-10-09T18:19:54+08:00][sql] CONNECT:[ UseTime:0.000374s ] mysql:host=localhost;port=3316;dbname=coffee;charset=utf8
[2022-10-09T18:19:54+08:00][sql] SHOW FULL COLUMNS FROM `information` [ RunTime:0.001306s ]
[2022-10-09T18:19:54+08:00][sql] SELECT * FROM `information` WHERE  `id` = 17 LIMIT 1 [ RunTime:0.000297s ]
[2022-10-09T18:19:54+08:00][sql] SHOW FULL COLUMNS FROM `address` [ RunTime:0.000909s ]
[2022-10-09T18:19:54+08:00][sql] SELECT * FROM `address` WHERE  `id` = 1 LIMIT 1 [ RunTime:0.000312s ]
[2022-10-09T18:19:54+08:00][sql] SELECT * FROM `address` WHERE  `id` = 2 LIMIT 1 [ RunTime:0.000223s ]
[2022-10-09T18:37:11+08:00][sql] CONNECT:[ UseTime:0.000428s ] mysql:host=localhost;port=3316;dbname=coffee;charset=utf8
[2022-10-09T18:37:11+08:00][sql] SHOW FULL COLUMNS FROM `information` [ RunTime:0.001282s ]
[2022-10-09T18:37:11+08:00][sql] SELECT * FROM `information` WHERE  `id` = 12 LIMIT 1 [ RunTime:0.000334s ]
[2022-10-09T18:37:11+08:00][sql] SHOW FULL COLUMNS FROM `address` [ RunTime:0.000951s ]
[2022-10-09T18:37:11+08:00][sql] SELECT * FROM `address` WHERE  `id` = 1 LIMIT 1 [ RunTime:0.000272s ]
[2022-10-09T18:37:11+08:00][sql] SELECT * FROM `address` WHERE  `id` = 2 LIMIT 1 [ RunTime:0.000268s ]
[2022-10-09T20:33:13+08:00][sql] CONNECT:[ UseTime:0.000494s ] mysql:host=localhost;port=3316;dbname=coffee;charset=utf8
[2022-10-09T20:33:13+08:00][sql] SHOW FULL COLUMNS FROM `information` [ RunTime:0.001446s ]
[2022-10-09T20:33:13+08:00][sql] SELECT * FROM `information` WHERE  `id` = 13 LIMIT 1 [ RunTime:0.000348s ]
[2022-10-09T20:33:13+08:00][sql] SHOW FULL COLUMNS FROM `address` [ RunTime:0.002513s ]
[2022-10-09T20:33:13+08:00][sql] SELECT * FROM `address` WHERE  `id` = 1 LIMIT 1 [ RunTime:0.000241s ]
[2022-10-09T20:33:13+08:00][sql] SELECT * FROM `address` WHERE  `id` = 2 LIMIT 1 [ RunTime:0.000276s ]
[2022-10-09T22:03:29+08:00][sql] CONNECT:[ UseTime:0.000424s ] mysql:host=localhost;port=3316;dbname=coffee;charset=utf8
[2022-10-09T22:03:29+08:00][sql] SHOW FULL COLUMNS FROM `information` [ RunTime:0.001259s ]
[2022-10-09T22:03:29+08:00][sql] SELECT * FROM `information` WHERE  `id` = 3 LIMIT 1 [ RunTime:0.000319s ]
[2022-10-09T22:03:29+08:00][sql] SHOW FULL COLUMNS FROM `address` [ RunTime:0.001064s ]
[2022-10-09T22:03:29+08:00][sql] SELECT * FROM `address` WHERE  `id` = 1 LIMIT 1 [ RunTime:0.000275s ]
[2022-10-09T22:03:29+08:00][sql] SELECT * FROM `address` WHERE  `id` = 2 LIMIT 1 [ RunTime:0.000283s ]
[2022-10-09T22:16:44+08:00][sql] CONNECT:[ UseTime:0.000419s ] mysql:host=localhost;port=3316;dbname=coffee;charset=utf8
[2022-10-09T22:16:44+08:00][sql] SHOW FULL COLUMNS FROM `information` [ RunTime:0.001411s ]
[2022-10-09T22:16:44+08:00][sql] SELECT * FROM `information` WHERE  `id` = 1 LIMIT 1 [ RunTime:0.000328s ]
[2022-10-09T22:16:44+08:00][sql] SHOW FULL COLUMNS FROM `address` [ RunTime:0.001032s ]
[2022-10-09T22:16:44+08:00][sql] SELECT * FROM `address` WHERE  `id` = 1 LIMIT 1 [ RunTime:0.000336s ]
[2022-10-09T22:16:44+08:00][sql] SELECT * FROM `address` WHERE  `id` = 2 LIMIT 1 [ RunTime:0.000276s ]
[2022-10-09T22:37:50+08:00][sql] CONNECT:[ UseTime:0.000392s ] mysql:host=localhost;port=3316;dbname=coffee;charset=utf8
[2022-10-09T22:37:50+08:00][sql] SHOW FULL COLUMNS FROM `information` [ RunTime:0.001236s ]
[2022-10-09T22:37:50+08:00][sql] SELECT * FROM `information` WHERE  `id` = 9 LIMIT 1 [ RunTime:0.000273s ]
[2022-10-09T22:37:50+08:00][sql] SHOW FULL COLUMNS FROM `address` [ RunTime:0.000851s ]
[2022-10-09T22:37:50+08:00][sql] SELECT * FROM `address` WHERE  `id` = 1 LIMIT 1 [ RunTime:0.000228s ]
[2022-10-09T22:37:50+08:00][sql] SELECT * FROM `address` WHERE  `id` = 2 LIMIT 1 [ RunTime:0.000197s ]
[2022-10-09T22:42:15+08:00][sql] CONNECT:[ UseTime:0.000387s ] mysql:host=localhost;port=3316;dbname=coffee;charset=utf8
[2022-10-09T22:42:15+08:00][sql] SHOW FULL COLUMNS FROM `information` [ RunTime:0.001309s ]
[2022-10-09T22:42:15+08:00][sql] SELECT * FROM `information` WHERE  `id` = 9 LIMIT 1 [ RunTime:0.000287s ]
[2022-10-09T22:42:15+08:00][sql] SHOW FULL COLUMNS FROM `address` [ RunTime:0.001199s ]
[2022-10-09T22:42:15+08:00][sql] SELECT * FROM `address` WHERE  `id` = 1 LIMIT 1 [ RunTime:0.000246s ]
[2022-10-09T22:42:15+08:00][sql] SELECT * FROM `address` WHERE  `id` = 2 LIMIT 1 [ RunTime:0.000238s ]
[2022-10-09T22:50:36+08:00][sql] CONNECT:[ UseTime:0.000394s ] mysql:host=localhost;port=3316;dbname=coffee;charset=utf8
[2022-10-09T22:50:36+08:00][sql] SHOW FULL COLUMNS FROM `information` [ RunTime:0.001438s ]
[2022-10-09T22:50:36+08:00][sql] SELECT * FROM `information` WHERE  `id` = 4 LIMIT 1 [ RunTime:0.000371s ]
[2022-10-09T22:50:36+08:00][sql] SHOW FULL COLUMNS FROM `address` [ RunTime:0.001106s ]
[2022-10-09T22:50:36+08:00][sql] SELECT * FROM `address` WHERE  `id` = 1 LIMIT 1 [ RunTime:0.000285s ]
[2022-10-09T22:50:36+08:00][sql] SELECT * FROM `address` WHERE  `id` = 2 LIMIT 1 [ RunTime:0.000259s ]
[2022-10-09T23:00:12+08:00][sql] CONNECT:[ UseTime:0.000408s ] mysql:host=localhost;port=3316;dbname=coffee;charset=utf8
[2022-10-09T23:00:12+08:00][sql] SHOW FULL COLUMNS FROM `information` [ RunTime:0.001350s ]
[2022-10-09T23:00:12+08:00][sql] SELECT * FROM `information` WHERE  `id` = 4 LIMIT 1 [ RunTime:0.000346s ]
[2022-10-09T23:00:12+08:00][sql] SHOW FULL COLUMNS FROM `address` [ RunTime:0.000977s ]
[2022-10-09T23:00:12+08:00][sql] SELECT * FROM `address` WHERE  `id` = 1 LIMIT 1 [ RunTime:0.000312s ]
[2022-10-09T23:00:12+08:00][sql] SELECT * FROM `address` WHERE  `id` = 2 LIMIT 1 [ RunTime:0.000279s ]
[2022-10-09T23:36:37+08:00][sql] CONNECT:[ UseTime:0.000415s ] mysql:host=localhost;port=3316;dbname=coffee;charset=utf8
[2022-10-09T23:36:37+08:00][sql] SHOW FULL COLUMNS FROM `information` [ RunTime:0.001265s ]
[2022-10-09T23:36:37+08:00][sql] SELECT * FROM `information` WHERE  `id` = 17 LIMIT 1 [ RunTime:0.000341s ]
[2022-10-09T23:36:37+08:00][sql] SHOW FULL COLUMNS FROM `address` [ RunTime:0.001052s ]
[2022-10-09T23:36:37+08:00][sql] SELECT * FROM `address` WHERE  `id` = 1 LIMIT 1 [ RunTime:0.000264s ]
[2022-10-09T23:36:37+08:00][sql] SELECT * FROM `address` WHERE  `id` = 2 LIMIT 1 [ RunTime:0.000239s ]
