[2022-10-15T13:47:53+08:00][sql] CONNECT:[ UseTime:0.006496s ] mysql:host=localhost;port=3316;dbname=coffee;charset=utf8
[2022-10-15T13:47:53+08:00][sql] SHOW FULL COLUMNS FROM `information` [ RunTime:0.001293s ]
[2022-10-15T13:47:53+08:00][sql] SELECT * FROM `information` WHERE  `id` = 1 LIMIT 1 [ RunTime:0.000325s ]
[2022-10-15T13:47:53+08:00][sql] SHOW FULL COLUMNS FROM `address` [ RunTime:0.001065s ]
[2022-10-15T13:47:53+08:00][sql] SELECT * FROM `address` WHERE  `id` = 1 LIMIT 1 [ RunTime:0.000280s ]
[2022-10-15T13:47:53+08:00][sql] SELECT * FROM `address` WHERE  `id` = 2 LIMIT 1 [ RunTime:0.000317s ]
[2022-10-15T13:50:29+08:00][sql] CONNECT:[ UseTime:0.000408s ] mysql:host=localhost;port=3316;dbname=coffee;charset=utf8
[2022-10-15T13:50:29+08:00][sql] SHOW FULL COLUMNS FROM `information` [ RunTime:0.001420s ]
[2022-10-15T13:50:29+08:00][sql] SELECT * FROM `information` WHERE  `id` = 1 LIMIT 1 [ RunTime:0.000316s ]
[2022-10-15T13:50:29+08:00][sql] SHOW FULL COLUMNS FROM `address` [ RunTime:0.000883s ]
[2022-10-15T13:50:29+08:00][sql] SELECT * FROM `address` WHERE  `id` = 1 LIMIT 1 [ RunTime:0.000265s ]
[2022-10-15T13:50:29+08:00][sql] SELECT * FROM `address` WHERE  `id` = 2 LIMIT 1 [ RunTime:0.000207s ]
[2022-10-15T15:17:45+08:00][sql] CONNECT:[ UseTime:0.000449s ] mysql:host=localhost;port=3316;dbname=coffee;charset=utf8
[2022-10-15T15:17:45+08:00][sql] SHOW FULL COLUMNS FROM `information` [ RunTime:0.001365s ]
[2022-10-15T15:17:45+08:00][sql] SELECT * FROM `information` ORDER BY `time` DESC LIMIT 1 [ RunTime:0.000342s ]
[2022-10-15T15:17:45+08:00][sql] SHOW FULL COLUMNS FROM `topic` [ RunTime:0.000839s ]
[2022-10-15T15:17:45+08:00][sql] SELECT * FROM `topic` [ RunTime:0.000232s ]
[2022-10-15T15:17:45+08:00][sql] SELECT * FROM `information` WHERE  `topic_id` = 3 [ RunTime:0.000721s ]
[2022-10-15T15:17:45+08:00][sql] SHOW FULL COLUMNS FROM `address` [ RunTime:0.001015s ]
[2022-10-15T15:17:45+08:00][sql] SELECT * FROM `address` WHERE  `id` = 1 LIMIT 1 [ RunTime:0.000285s ]
[2022-10-15T15:17:45+08:00][sql] SELECT * FROM `address` WHERE  `id` = 2 LIMIT 1 [ RunTime:0.000244s ]
[2022-10-15T15:19:58+08:00][sql] CONNECT:[ UseTime:0.000382s ] mysql:host=localhost;port=3316;dbname=coffee;charset=utf8
[2022-10-15T15:19:58+08:00][sql] SHOW FULL COLUMNS FROM `information` [ RunTime:0.001390s ]
[2022-10-15T15:19:58+08:00][sql] SELECT * FROM `information` ORDER BY `time` DESC LIMIT 1 [ RunTime:0.000337s ]
[2022-10-15T15:19:58+08:00][sql] SHOW FULL COLUMNS FROM `topic` [ RunTime:0.000919s ]
[2022-10-15T15:19:58+08:00][sql] SELECT * FROM `topic` [ RunTime:0.000233s ]
[2022-10-15T15:19:58+08:00][sql] SELECT * FROM `information` WHERE  `topic_id` = 3 [ RunTime:0.000712s ]
[2022-10-15T15:19:58+08:00][sql] SHOW FULL COLUMNS FROM `address` [ RunTime:0.000947s ]
[2022-10-15T15:19:58+08:00][sql] SELECT * FROM `address` WHERE  `id` = 1 LIMIT 1 [ RunTime:0.000267s ]
[2022-10-15T15:19:58+08:00][sql] SELECT * FROM `address` WHERE  `id` = 2 LIMIT 1 [ RunTime:0.000247s ]
