[2022-10-26T04:42:41+08:00][sql] CONNECT:[ UseTime:0.000368s ] mysql:host=localhost;port=3316;dbname=coffee;charset=utf8
[2022-10-26T04:42:41+08:00][sql] SHOW FULL COLUMNS FROM `information` [ RunTime:0.001240s ]
[2022-10-26T04:42:41+08:00][sql] SELECT * FROM `information` WHERE  `id` = 4 LIMIT 1 [ RunTime:0.000300s ]
[2022-10-26T04:42:41+08:00][sql] SHOW FULL COLUMNS FROM `address` [ RunTime:0.000867s ]
[2022-10-26T04:42:41+08:00][sql] SELECT * FROM `address` WHERE  `id` = 1 LIMIT 1 [ RunTime:0.000269s ]
[2022-10-26T04:42:41+08:00][sql] SELECT * FROM `address` WHERE  `id` = 2 LIMIT 1 [ RunTime:0.000198s ]
[2022-10-26T04:46:42+08:00][sql] CONNECT:[ UseTime:0.000418s ] mysql:host=localhost;port=3316;dbname=coffee;charset=utf8
[2022-10-26T04:46:42+08:00][sql] SHOW FULL COLUMNS FROM `information` [ RunTime:0.001331s ]
[2022-10-26T04:46:42+08:00][sql] SELECT * FROM `information` WHERE  `id` = 2 LIMIT 1 [ RunTime:0.000276s ]
[2022-10-26T04:46:42+08:00][sql] SHOW FULL COLUMNS FROM `address` [ RunTime:0.000868s ]
[2022-10-26T04:46:42+08:00][sql] SELECT * FROM `address` WHERE  `id` = 1 LIMIT 1 [ RunTime:0.000251s ]
[2022-10-26T04:46:42+08:00][sql] SELECT * FROM `address` WHERE  `id` = 2 LIMIT 1 [ RunTime:0.000206s ]
[2022-10-26T04:49:18+08:00][sql] CONNECT:[ UseTime:0.000386s ] mysql:host=localhost;port=3316;dbname=coffee;charset=utf8
[2022-10-26T04:49:18+08:00][sql] SHOW FULL COLUMNS FROM `information` [ RunTime:0.001382s ]
[2022-10-26T04:49:18+08:00][sql] SELECT * FROM `information` WHERE  `id` = 2 LIMIT 1 [ RunTime:0.000284s ]
[2022-10-26T04:49:18+08:00][sql] SHOW FULL COLUMNS FROM `address` [ RunTime:0.000927s ]
[2022-10-26T04:49:18+08:00][sql] SELECT * FROM `address` WHERE  `id` = 1 LIMIT 1 [ RunTime:0.000234s ]
[2022-10-26T04:49:18+08:00][sql] SELECT * FROM `address` WHERE  `id` = 2 LIMIT 1 [ RunTime:0.000252s ]
[2022-10-26T04:50:05+08:00][sql] CONNECT:[ UseTime:0.000350s ] mysql:host=localhost;port=3316;dbname=coffee;charset=utf8
[2022-10-26T04:50:05+08:00][sql] SHOW FULL COLUMNS FROM `information` [ RunTime:0.001237s ]
[2022-10-26T04:50:05+08:00][sql] SELECT * FROM `information` WHERE  `id` = 4 LIMIT 1 [ RunTime:0.000291s ]
[2022-10-26T04:50:05+08:00][sql] SHOW FULL COLUMNS FROM `address` [ RunTime:0.000886s ]
[2022-10-26T04:50:05+08:00][sql] SELECT * FROM `address` WHERE  `id` = 1 LIMIT 1 [ RunTime:0.000254s ]
[2022-10-26T04:50:05+08:00][sql] SELECT * FROM `address` WHERE  `id` = 2 LIMIT 1 [ RunTime:0.000204s ]
[2022-10-26T04:50:42+08:00][sql] CONNECT:[ UseTime:0.000371s ] mysql:host=localhost;port=3316;dbname=coffee;charset=utf8
[2022-10-26T04:50:42+08:00][sql] SHOW FULL COLUMNS FROM `information` [ RunTime:0.001315s ]
[2022-10-26T04:50:42+08:00][sql] SELECT * FROM `information` WHERE  `id` = 1 LIMIT 1 [ RunTime:0.000266s ]
[2022-10-26T04:50:42+08:00][sql] SHOW FULL COLUMNS FROM `address` [ RunTime:0.000985s ]
[2022-10-26T04:50:42+08:00][sql] SELECT * FROM `address` WHERE  `id` = 1 LIMIT 1 [ RunTime:0.000259s ]
[2022-10-26T04:50:42+08:00][sql] SELECT * FROM `address` WHERE  `id` = 2 LIMIT 1 [ RunTime:0.000203s ]
[2022-10-26T04:54:42+08:00][sql] CONNECT:[ UseTime:0.000377s ] mysql:host=localhost;port=3316;dbname=coffee;charset=utf8
[2022-10-26T04:54:42+08:00][sql] SHOW FULL COLUMNS FROM `information` [ RunTime:0.001339s ]
[2022-10-26T04:54:42+08:00][sql] SELECT * FROM `information` WHERE  `id` = 5 LIMIT 1 [ RunTime:0.000333s ]
[2022-10-26T04:54:42+08:00][sql] SHOW FULL COLUMNS FROM `address` [ RunTime:0.000959s ]
[2022-10-26T04:54:42+08:00][sql] SELECT * FROM `address` WHERE  `id` = 1 LIMIT 1 [ RunTime:0.000263s ]
[2022-10-26T04:54:42+08:00][sql] SELECT * FROM `address` WHERE  `id` = 2 LIMIT 1 [ RunTime:0.000265s ]
[2022-10-26T04:55:15+08:00][sql] CONNECT:[ UseTime:0.000410s ] mysql:host=localhost;port=3316;dbname=coffee;charset=utf8
[2022-10-26T04:55:15+08:00][sql] SHOW FULL COLUMNS FROM `information` [ RunTime:0.001284s ]
[2022-10-26T04:55:15+08:00][sql] SELECT * FROM `information` WHERE  `id` = 1 LIMIT 1 [ RunTime:0.000270s ]
[2022-10-26T04:55:15+08:00][sql] SHOW FULL COLUMNS FROM `address` [ RunTime:0.000865s ]
[2022-10-26T04:55:15+08:00][sql] SELECT * FROM `address` WHERE  `id` = 1 LIMIT 1 [ RunTime:0.000229s ]
[2022-10-26T04:55:15+08:00][sql] SELECT * FROM `address` WHERE  `id` = 2 LIMIT 1 [ RunTime:0.000215s ]
[2022-10-26T04:58:42+08:00][sql] CONNECT:[ UseTime:0.000380s ] mysql:host=localhost;port=3316;dbname=coffee;charset=utf8
[2022-10-26T04:58:42+08:00][sql] SHOW FULL COLUMNS FROM `information` [ RunTime:0.001315s ]
[2022-10-26T04:58:42+08:00][sql] SELECT * FROM `information` WHERE  `id` = 3 LIMIT 1 [ RunTime:0.000318s ]
[2022-10-26T04:58:42+08:00][sql] SHOW FULL COLUMNS FROM `address` [ RunTime:0.000919s ]
[2022-10-26T04:58:42+08:00][sql] SELECT * FROM `address` WHERE  `id` = 1 LIMIT 1 [ RunTime:0.000226s ]
[2022-10-26T04:58:42+08:00][sql] SELECT * FROM `address` WHERE  `id` = 2 LIMIT 1 [ RunTime:0.000198s ]
[2022-10-26T05:01:00+08:00][sql] CONNECT:[ UseTime:0.000429s ] mysql:host=localhost;port=3316;dbname=coffee;charset=utf8
[2022-10-26T05:01:00+08:00][sql] SHOW FULL COLUMNS FROM `information` [ RunTime:0.001271s ]
[2022-10-26T05:01:00+08:00][sql] SELECT * FROM `information` WHERE  `id` = 5 LIMIT 1 [ RunTime:0.000310s ]
[2022-10-26T05:01:00+08:00][sql] SHOW FULL COLUMNS FROM `address` [ RunTime:0.000945s ]
[2022-10-26T05:01:00+08:00][sql] SELECT * FROM `address` WHERE  `id` = 1 LIMIT 1 [ RunTime:0.000853s ]
[2022-10-26T05:01:00+08:00][sql] SELECT * FROM `address` WHERE  `id` = 2 LIMIT 1 [ RunTime:0.000260s ]
[2022-10-26T05:01:29+08:00][sql] CONNECT:[ UseTime:0.000414s ] mysql:host=localhost;port=3316;dbname=coffee;charset=utf8
[2022-10-26T05:01:29+08:00][sql] SHOW FULL COLUMNS FROM `information` [ RunTime:0.001285s ]
[2022-10-26T05:01:29+08:00][sql] SELECT * FROM `information` WHERE  `id` = 3 LIMIT 1 [ RunTime:0.000296s ]
[2022-10-26T05:01:29+08:00][sql] SHOW FULL COLUMNS FROM `address` [ RunTime:0.000947s ]
[2022-10-26T05:01:29+08:00][sql] SELECT * FROM `address` WHERE  `id` = 1 LIMIT 1 [ RunTime:0.000264s ]
[2022-10-26T05:01:29+08:00][sql] SELECT * FROM `address` WHERE  `id` = 2 LIMIT 1 [ RunTime:0.000205s ]
[2022-10-26T05:06:42+08:00][sql] CONNECT:[ UseTime:0.000429s ] mysql:host=localhost;port=3316;dbname=coffee;charset=utf8
[2022-10-26T05:06:42+08:00][sql] SHOW FULL COLUMNS FROM `information` [ RunTime:0.001331s ]
[2022-10-26T05:06:42+08:00][sql] SELECT * FROM `information` ORDER BY `time` DESC LIMIT 1 [ RunTime:0.000338s ]
[2022-10-26T05:06:42+08:00][sql] SHOW FULL COLUMNS FROM `topic` [ RunTime:0.000930s ]
[2022-10-26T05:06:42+08:00][sql] SELECT * FROM `topic` [ RunTime:0.000315s ]
[2022-10-26T05:06:42+08:00][sql] SELECT * FROM `information` WHERE  `topic_id` = 3 [ RunTime:0.001830s ]
[2022-10-26T05:06:42+08:00][sql] SHOW FULL COLUMNS FROM `address` [ RunTime:0.001485s ]
[2022-10-26T05:06:42+08:00][sql] SELECT * FROM `address` WHERE  `id` = 1 LIMIT 1 [ RunTime:0.000467s ]
[2022-10-26T05:06:42+08:00][sql] SELECT * FROM `address` WHERE  `id` = 2 LIMIT 1 [ RunTime:0.000414s ]
[2022-10-26T05:09:29+08:00][sql] CONNECT:[ UseTime:0.000374s ] mysql:host=localhost;port=3316;dbname=coffee;charset=utf8
[2022-10-26T05:09:29+08:00][sql] SHOW FULL COLUMNS FROM `information` [ RunTime:0.001285s ]
[2022-10-26T05:09:29+08:00][sql] SELECT * FROM `information` ORDER BY `time` DESC LIMIT 1 [ RunTime:0.000295s ]
[2022-10-26T05:09:29+08:00][sql] SHOW FULL COLUMNS FROM `topic` [ RunTime:0.000844s ]
[2022-10-26T05:09:29+08:00][sql] SELECT * FROM `topic` [ RunTime:0.000188s ]
[2022-10-26T05:09:29+08:00][sql] SELECT * FROM `information` WHERE  `topic_id` = 3 [ RunTime:0.000577s ]
[2022-10-26T05:09:29+08:00][sql] SHOW FULL COLUMNS FROM `address` [ RunTime:0.000965s ]
[2022-10-26T05:09:29+08:00][sql] SELECT * FROM `address` WHERE  `id` = 1 LIMIT 1 [ RunTime:0.000266s ]
[2022-10-26T05:09:29+08:00][sql] SELECT * FROM `address` WHERE  `id` = 2 LIMIT 1 [ RunTime:0.000208s ]
[2022-10-26T05:10:42+08:00][sql] CONNECT:[ UseTime:0.000402s ] mysql:host=localhost;port=3316;dbname=coffee;charset=utf8
[2022-10-26T05:10:42+08:00][sql] SHOW FULL COLUMNS FROM `information` [ RunTime:0.001355s ]
[2022-10-26T05:10:42+08:00][sql] SELECT * FROM `information` WHERE  `id` = 10 LIMIT 1 [ RunTime:0.000357s ]
[2022-10-26T05:10:42+08:00][sql] SHOW FULL COLUMNS FROM `address` [ RunTime:0.000967s ]
[2022-10-26T05:10:42+08:00][sql] SELECT * FROM `address` WHERE  `id` = 1 LIMIT 1 [ RunTime:0.000278s ]
[2022-10-26T05:10:42+08:00][sql] SELECT * FROM `address` WHERE  `id` = 2 LIMIT 1 [ RunTime:0.000264s ]
[2022-10-26T05:14:15+08:00][sql] CONNECT:[ UseTime:0.000321s ] mysql:host=localhost;port=3316;dbname=coffee;charset=utf8
[2022-10-26T05:14:15+08:00][sql] SHOW FULL COLUMNS FROM `information` [ RunTime:0.001264s ]
[2022-10-26T05:14:15+08:00][sql] SELECT * FROM `information` WHERE  `id` = 10 LIMIT 1 [ RunTime:0.000290s ]
[2022-10-26T05:14:15+08:00][sql] SHOW FULL COLUMNS FROM `address` [ RunTime:0.000938s ]
[2022-10-26T05:14:15+08:00][sql] SELECT * FROM `address` WHERE  `id` = 1 LIMIT 1 [ RunTime:0.000253s ]
[2022-10-26T05:14:15+08:00][sql] SELECT * FROM `address` WHERE  `id` = 2 LIMIT 1 [ RunTime:0.000206s ]
[2022-10-26T05:14:43+08:00][sql] CONNECT:[ UseTime:0.000357s ] mysql:host=localhost;port=3316;dbname=coffee;charset=utf8
[2022-10-26T05:14:43+08:00][sql] SHOW FULL COLUMNS FROM `information` [ RunTime:0.001263s ]
[2022-10-26T05:14:43+08:00][sql] SELECT * FROM `information` WHERE  `id` = 12 LIMIT 1 [ RunTime:0.000255s ]
[2022-10-26T05:14:43+08:00][sql] SHOW FULL COLUMNS FROM `address` [ RunTime:0.000881s ]
[2022-10-26T05:14:43+08:00][sql] SELECT * FROM `address` WHERE  `id` = 1 LIMIT 1 [ RunTime:0.000227s ]
[2022-10-26T05:14:43+08:00][sql] SELECT * FROM `address` WHERE  `id` = 2 LIMIT 1 [ RunTime:0.000199s ]
[2022-10-26T05:18:44+08:00][sql] CONNECT:[ UseTime:0.000343s ] mysql:host=localhost;port=3316;dbname=coffee;charset=utf8
[2022-10-26T05:18:44+08:00][sql] SHOW FULL COLUMNS FROM `information` [ RunTime:0.001236s ]
[2022-10-26T05:18:44+08:00][sql] SELECT * FROM `information` WHERE  `id` = 8 LIMIT 1 [ RunTime:0.000302s ]
[2022-10-26T05:18:44+08:00][sql] SHOW FULL COLUMNS FROM `address` [ RunTime:0.000887s ]
[2022-10-26T05:18:44+08:00][sql] SELECT * FROM `address` WHERE  `id` = 1 LIMIT 1 [ RunTime:0.000238s ]
[2022-10-26T05:18:44+08:00][sql] SELECT * FROM `address` WHERE  `id` = 2 LIMIT 1 [ RunTime:0.000242s ]
[2022-10-26T05:20:27+08:00][sql] CONNECT:[ UseTime:0.000365s ] mysql:host=localhost;port=3316;dbname=coffee;charset=utf8
[2022-10-26T05:20:27+08:00][sql] SHOW FULL COLUMNS FROM `information` [ RunTime:0.001280s ]
[2022-10-26T05:20:27+08:00][sql] SELECT * FROM `information` WHERE  `id` = 12 LIMIT 1 [ RunTime:0.000295s ]
[2022-10-26T05:20:27+08:00][sql] SHOW FULL COLUMNS FROM `address` [ RunTime:0.000875s ]
[2022-10-26T05:20:27+08:00][sql] SELECT * FROM `address` WHERE  `id` = 1 LIMIT 1 [ RunTime:0.000231s ]
[2022-10-26T05:20:27+08:00][sql] SELECT * FROM `address` WHERE  `id` = 2 LIMIT 1 [ RunTime:0.000203s ]
[2022-10-26T05:22:43+08:00][sql] CONNECT:[ UseTime:0.000424s ] mysql:host=localhost;port=3316;dbname=coffee;charset=utf8
[2022-10-26T05:22:43+08:00][sql] SHOW FULL COLUMNS FROM `information` [ RunTime:0.001322s ]
[2022-10-26T05:22:43+08:00][sql] SELECT * FROM `information` WHERE  `id` = 7 LIMIT 1 [ RunTime:0.000311s ]
[2022-10-26T05:22:43+08:00][sql] SHOW FULL COLUMNS FROM `address` [ RunTime:0.000970s ]
[2022-10-26T05:22:43+08:00][sql] SELECT * FROM `address` WHERE  `id` = 1 LIMIT 1 [ RunTime:0.000289s ]
[2022-10-26T05:22:43+08:00][sql] SELECT * FROM `address` WHERE  `id` = 2 LIMIT 1 [ RunTime:0.000245s ]
[2022-10-26T05:24:27+08:00][sql] CONNECT:[ UseTime:0.000353s ] mysql:host=localhost;port=3316;dbname=coffee;charset=utf8
[2022-10-26T05:24:27+08:00][sql] SHOW FULL COLUMNS FROM `information` [ RunTime:0.001242s ]
[2022-10-26T05:24:27+08:00][sql] SELECT * FROM `information` WHERE  `id` = 7 LIMIT 1 [ RunTime:0.000285s ]
[2022-10-26T05:24:27+08:00][sql] SHOW FULL COLUMNS FROM `address` [ RunTime:0.000884s ]
[2022-10-26T05:24:27+08:00][sql] SELECT * FROM `address` WHERE  `id` = 1 LIMIT 1 [ RunTime:0.000228s ]
[2022-10-26T05:24:27+08:00][sql] SELECT * FROM `address` WHERE  `id` = 2 LIMIT 1 [ RunTime:0.000200s ]
[2022-10-26T05:26:42+08:00][sql] CONNECT:[ UseTime:0.000418s ] mysql:host=localhost;port=3316;dbname=coffee;charset=utf8
[2022-10-26T05:26:42+08:00][sql] SHOW FULL COLUMNS FROM `information` [ RunTime:0.001290s ]
[2022-10-26T05:26:42+08:00][sql] SELECT * FROM `information` WHERE  `id` = 6 LIMIT 1 [ RunTime:0.000333s ]
[2022-10-26T05:26:42+08:00][sql] SHOW FULL COLUMNS FROM `address` [ RunTime:0.000923s ]
[2022-10-26T05:26:42+08:00][sql] SELECT * FROM `address` WHERE  `id` = 1 LIMIT 1 [ RunTime:0.000264s ]
[2022-10-26T05:26:42+08:00][sql] SELECT * FROM `address` WHERE  `id` = 2 LIMIT 1 [ RunTime:0.000242s ]
[2022-10-26T05:27:51+08:00][sql] CONNECT:[ UseTime:0.000360s ] mysql:host=localhost;port=3316;dbname=coffee;charset=utf8
[2022-10-26T05:27:51+08:00][sql] SHOW FULL COLUMNS FROM `information` [ RunTime:0.001302s ]
[2022-10-26T05:27:51+08:00][sql] SELECT * FROM `information` WHERE  `id` = 8 LIMIT 1 [ RunTime:0.000278s ]
[2022-10-26T05:27:51+08:00][sql] SHOW FULL COLUMNS FROM `address` [ RunTime:0.000921s ]
[2022-10-26T05:27:51+08:00][sql] SELECT * FROM `address` WHERE  `id` = 1 LIMIT 1 [ RunTime:0.000227s ]
[2022-10-26T05:27:51+08:00][sql] SELECT * FROM `address` WHERE  `id` = 2 LIMIT 1 [ RunTime:0.000220s ]
[2022-10-26T05:30:43+08:00][sql] CONNECT:[ UseTime:0.007921s ] mysql:host=localhost;port=3316;dbname=coffee;charset=utf8
[2022-10-26T05:30:43+08:00][sql] SHOW FULL COLUMNS FROM `information` [ RunTime:0.001796s ]
[2022-10-26T05:30:43+08:00][sql] SELECT * FROM `information` WHERE  `id` = 11 LIMIT 1 [ RunTime:0.000399s ]
[2022-10-26T05:30:43+08:00][sql] SHOW FULL COLUMNS FROM `address` [ RunTime:0.001272s ]
[2022-10-26T05:30:43+08:00][sql] SELECT * FROM `address` WHERE  `id` = 1 LIMIT 1 [ RunTime:0.000408s ]
[2022-10-26T05:30:43+08:00][sql] SELECT * FROM `address` WHERE  `id` = 2 LIMIT 1 [ RunTime:0.000302s ]
[2022-10-26T05:31:04+08:00][sql] CONNECT:[ UseTime:0.000436s ] mysql:host=localhost;port=3316;dbname=coffee;charset=utf8
[2022-10-26T05:31:04+08:00][sql] SHOW FULL COLUMNS FROM `information` [ RunTime:0.001775s ]
[2022-10-26T05:31:04+08:00][sql] SELECT * FROM `information` WHERE  `id` = 6 LIMIT 1 [ RunTime:0.000348s ]
[2022-10-26T05:31:04+08:00][sql] SHOW FULL COLUMNS FROM `address` [ RunTime:0.000942s ]
[2022-10-26T05:31:04+08:00][sql] SELECT * FROM `address` WHERE  `id` = 1 LIMIT 1 [ RunTime:0.000274s ]
[2022-10-26T05:31:04+08:00][sql] SELECT * FROM `address` WHERE  `id` = 2 LIMIT 1 [ RunTime:0.000246s ]
[2022-10-26T05:38:43+08:00][sql] CONNECT:[ UseTime:0.000356s ] mysql:host=localhost;port=3316;dbname=coffee;charset=utf8
[2022-10-26T05:38:43+08:00][sql] SHOW FULL COLUMNS FROM `information` [ RunTime:0.001304s ]
[2022-10-26T05:38:43+08:00][sql] SELECT * FROM `information` ORDER BY `time` DESC LIMIT 1 [ RunTime:0.000318s ]
[2022-10-26T05:38:43+08:00][sql] SHOW FULL COLUMNS FROM `topic` [ RunTime:0.000858s ]
[2022-10-26T05:38:43+08:00][sql] SELECT * FROM `topic` [ RunTime:0.000185s ]
[2022-10-26T05:38:43+08:00][sql] SELECT * FROM `information` WHERE  `topic_id` = 2 [ RunTime:0.000360s ]
[2022-10-26T05:38:43+08:00][sql] SHOW FULL COLUMNS FROM `address` [ RunTime:0.000930s ]
[2022-10-26T05:38:43+08:00][sql] SELECT * FROM `address` WHERE  `id` = 1 LIMIT 1 [ RunTime:0.000231s ]
[2022-10-26T05:38:43+08:00][sql] SELECT * FROM `address` WHERE  `id` = 2 LIMIT 1 [ RunTime:0.000222s ]
[2022-10-26T05:39:39+08:00][sql] CONNECT:[ UseTime:0.000370s ] mysql:host=localhost;port=3316;dbname=coffee;charset=utf8
[2022-10-26T05:39:39+08:00][sql] SHOW FULL COLUMNS FROM `information` [ RunTime:0.001299s ]
[2022-10-26T05:39:39+08:00][sql] SELECT * FROM `information` WHERE  `id` = 11 LIMIT 1 [ RunTime:0.000345s ]
[2022-10-26T05:39:39+08:00][sql] SHOW FULL COLUMNS FROM `address` [ RunTime:0.000932s ]
[2022-10-26T05:39:39+08:00][sql] SELECT * FROM `address` WHERE  `id` = 1 LIMIT 1 [ RunTime:0.000282s ]
[2022-10-26T05:39:39+08:00][sql] SELECT * FROM `address` WHERE  `id` = 2 LIMIT 1 [ RunTime:0.000242s ]
[2022-10-26T05:42:42+08:00][sql] CONNECT:[ UseTime:0.000393s ] mysql:host=localhost;port=3316;dbname=coffee;charset=utf8
[2022-10-26T05:42:42+08:00][sql] SHOW FULL COLUMNS FROM `information` [ RunTime:0.001256s ]
[2022-10-26T05:42:42+08:00][sql] SELECT * FROM `information` WHERE  `id` = 13 LIMIT 1 [ RunTime:0.000312s ]
[2022-10-26T05:42:42+08:00][sql] SHOW FULL COLUMNS FROM `address` [ RunTime:0.000962s ]
[2022-10-26T05:42:42+08:00][sql] SELECT * FROM `address` WHERE  `id` = 1 LIMIT 1 [ RunTime:0.000274s ]
[2022-10-26T05:42:42+08:00][sql] SELECT * FROM `address` WHERE  `id` = 2 LIMIT 1 [ RunTime:0.000301s ]
[2022-10-26T05:46:43+08:00][sql] CONNECT:[ UseTime:0.000398s ] mysql:host=localhost;port=3316;dbname=coffee;charset=utf8
[2022-10-26T05:46:43+08:00][sql] SHOW FULL COLUMNS FROM `information` [ RunTime:0.001275s ]
[2022-10-26T05:46:43+08:00][sql] SELECT * FROM `information` WHERE  `id` = 14 LIMIT 1 [ RunTime:0.000331s ]
[2022-10-26T05:46:43+08:00][sql] SHOW FULL COLUMNS FROM `address` [ RunTime:0.000948s ]
[2022-10-26T05:46:43+08:00][sql] SELECT * FROM `address` WHERE  `id` = 1 LIMIT 1 [ RunTime:0.000274s ]
[2022-10-26T05:46:43+08:00][sql] SELECT * FROM `address` WHERE  `id` = 2 LIMIT 1 [ RunTime:0.000244s ]
[2022-10-26T05:46:59+08:00][sql] CONNECT:[ UseTime:0.000385s ] mysql:host=localhost;port=3316;dbname=coffee;charset=utf8
[2022-10-26T05:46:59+08:00][sql] SHOW FULL COLUMNS FROM `information` [ RunTime:0.001219s ]
[2022-10-26T05:46:59+08:00][sql] SELECT * FROM `information` WHERE  `id` = 13 LIMIT 1 [ RunTime:0.000271s ]
[2022-10-26T05:46:59+08:00][sql] SHOW FULL COLUMNS FROM `address` [ RunTime:0.000922s ]
[2022-10-26T05:46:59+08:00][sql] SELECT * FROM `address` WHERE  `id` = 1 LIMIT 1 [ RunTime:0.000243s ]
[2022-10-26T05:46:59+08:00][sql] SELECT * FROM `address` WHERE  `id` = 2 LIMIT 1 [ RunTime:0.000205s ]
[2022-10-26T05:50:42+08:00][sql] CONNECT:[ UseTime:0.000372s ] mysql:host=localhost;port=3316;dbname=coffee;charset=utf8
[2022-10-26T05:50:42+08:00][sql] SHOW FULL COLUMNS FROM `information` [ RunTime:0.001237s ]
[2022-10-26T05:50:42+08:00][sql] SELECT * FROM `information` WHERE  `id` = 9 LIMIT 1 [ RunTime:0.000291s ]
[2022-10-26T05:50:42+08:00][sql] SHOW FULL COLUMNS FROM `address` [ RunTime:0.000845s ]
[2022-10-26T05:50:42+08:00][sql] SELECT * FROM `address` WHERE  `id` = 1 LIMIT 1 [ RunTime:0.000252s ]
[2022-10-26T05:50:42+08:00][sql] SELECT * FROM `address` WHERE  `id` = 2 LIMIT 1 [ RunTime:0.000194s ]
[2022-10-26T05:51:11+08:00][sql] CONNECT:[ UseTime:0.000364s ] mysql:host=localhost;port=3316;dbname=coffee;charset=utf8
[2022-10-26T05:51:11+08:00][sql] SHOW FULL COLUMNS FROM `information` [ RunTime:0.001274s ]
[2022-10-26T05:51:11+08:00][sql] SELECT * FROM `information` WHERE  `id` = 14 LIMIT 1 [ RunTime:0.000300s ]
[2022-10-26T05:51:11+08:00][sql] SHOW FULL COLUMNS FROM `address` [ RunTime:0.000935s ]
[2022-10-26T05:51:11+08:00][sql] SELECT * FROM `address` WHERE  `id` = 1 LIMIT 1 [ RunTime:0.000232s ]
[2022-10-26T05:51:11+08:00][sql] SELECT * FROM `address` WHERE  `id` = 2 LIMIT 1 [ RunTime:0.000226s ]
[2022-10-26T05:52:20+08:00][sql] CONNECT:[ UseTime:0.000445s ] mysql:host=localhost;port=3316;dbname=coffee;charset=utf8
[2022-10-26T05:52:20+08:00][sql] SHOW FULL COLUMNS FROM `information` [ RunTime:0.001687s ]
[2022-10-26T05:52:20+08:00][sql] SELECT * FROM `information` WHERE  `id` = 9 LIMIT 1 [ RunTime:0.000353s ]
[2022-10-26T05:52:20+08:00][sql] SHOW FULL COLUMNS FROM `address` [ RunTime:0.001163s ]
[2022-10-26T05:52:20+08:00][sql] SELECT * FROM `address` WHERE  `id` = 1 LIMIT 1 [ RunTime:0.000266s ]
[2022-10-26T05:52:20+08:00][sql] SELECT * FROM `address` WHERE  `id` = 2 LIMIT 1 [ RunTime:0.000252s ]
[2022-10-26T08:27:37+08:00][sql] CONNECT:[ UseTime:0.000392s ] mysql:host=localhost;port=3316;dbname=coffee;charset=utf8
[2022-10-26T08:27:37+08:00][sql] SHOW FULL COLUMNS FROM `information` [ RunTime:0.001292s ]
[2022-10-26T08:27:37+08:00][sql] SELECT * FROM `information` WHERE  `id` = 19 LIMIT 1 [ RunTime:0.000274s ]
[2022-10-26T08:27:37+08:00][sql] SHOW FULL COLUMNS FROM `address` [ RunTime:0.000917s ]
[2022-10-26T08:27:37+08:00][sql] SELECT * FROM `address` WHERE  `id` = 1 LIMIT 1 [ RunTime:0.000273s ]
[2022-10-26T08:27:37+08:00][sql] SELECT * FROM `address` WHERE  `id` = 2 LIMIT 1 [ RunTime:0.000297s ]
[2022-10-26T08:31:05+08:00][sql] CONNECT:[ UseTime:0.000428s ] mysql:host=localhost;port=3316;dbname=coffee;charset=utf8
[2022-10-26T08:31:05+08:00][sql] SHOW FULL COLUMNS FROM `information` [ RunTime:0.001254s ]
[2022-10-26T08:31:05+08:00][sql] SELECT * FROM `information` WHERE  `id` = 19 LIMIT 1 [ RunTime:0.000286s ]
[2022-10-26T08:31:05+08:00][sql] SHOW FULL COLUMNS FROM `address` [ RunTime:0.000888s ]
[2022-10-26T08:31:05+08:00][sql] SELECT * FROM `address` WHERE  `id` = 1 LIMIT 1 [ RunTime:0.000300s ]
[2022-10-26T08:31:05+08:00][sql] SELECT * FROM `address` WHERE  `id` = 2 LIMIT 1 [ RunTime:0.000197s ]
