[2022-10-31T01:04:33+08:00][sql] CONNECT:[ UseTime:0.000445s ] mysql:host=localhost;port=3316;dbname=coffee;charset=utf8
[2022-10-31T01:04:33+08:00][sql] SHOW FULL COLUMNS FROM `information` [ RunTime:0.001399s ]
[2022-10-31T01:04:33+08:00][sql] SELECT * FROM `information` WHERE  `id` = 15 LIMIT 1 [ RunTime:0.000302s ]
[2022-10-31T01:04:33+08:00][sql] SHOW FULL COLUMNS FROM `address` [ RunTime:0.001029s ]
[2022-10-31T01:04:33+08:00][sql] SELECT * FROM `address` WHERE  `id` = 1 LIMIT 1 [ RunTime:0.000302s ]
[2022-10-31T01:04:33+08:00][sql] SELECT * FROM `address` WHERE  `id` = 2 LIMIT 1 [ RunTime:0.000227s ]
[2022-10-31T01:07:19+08:00][sql] CONNECT:[ UseTime:0.000410s ] mysql:host=localhost;port=3316;dbname=coffee;charset=utf8
[2022-10-31T01:07:19+08:00][sql] SHOW FULL COLUMNS FROM `information` [ RunTime:0.001323s ]
[2022-10-31T01:07:19+08:00][sql] SELECT * FROM `information` WHERE  `id` = 15 LIMIT 1 [ RunTime:0.000291s ]
[2022-10-31T01:07:19+08:00][sql] SHOW FULL COLUMNS FROM `address` [ RunTime:0.000853s ]
[2022-10-31T01:07:19+08:00][sql] SELECT * FROM `address` WHERE  `id` = 1 LIMIT 1 [ RunTime:0.000244s ]
[2022-10-31T01:07:19+08:00][sql] SELECT * FROM `address` WHERE  `id` = 2 LIMIT 1 [ RunTime:0.000201s ]
[2022-10-31T02:38:22+08:00][sql] CONNECT:[ UseTime:0.000428s ] mysql:host=localhost;port=3316;dbname=coffee;charset=utf8
[2022-10-31T02:38:22+08:00][sql] SHOW FULL COLUMNS FROM `information` [ RunTime:0.001265s ]
[2022-10-31T02:38:22+08:00][sql] SELECT * FROM `information` WHERE  `id` = 6 LIMIT 1 [ RunTime:0.000353s ]
[2022-10-31T02:38:22+08:00][sql] SHOW FULL COLUMNS FROM `address` [ RunTime:0.000964s ]
[2022-10-31T02:38:22+08:00][sql] SELECT * FROM `address` WHERE  `id` = 1 LIMIT 1 [ RunTime:0.000285s ]
[2022-10-31T02:38:22+08:00][sql] SELECT * FROM `address` WHERE  `id` = 2 LIMIT 1 [ RunTime:0.000241s ]
[2022-10-31T02:45:01+08:00][sql] CONNECT:[ UseTime:0.000411s ] mysql:host=localhost;port=3316;dbname=coffee;charset=utf8
[2022-10-31T02:45:01+08:00][sql] SHOW FULL COLUMNS FROM `information` [ RunTime:0.001300s ]
[2022-10-31T02:45:01+08:00][sql] SELECT * FROM `information` WHERE  `id` = 6 LIMIT 1 [ RunTime:0.000334s ]
[2022-10-31T02:45:01+08:00][sql] SHOW FULL COLUMNS FROM `address` [ RunTime:0.000937s ]
[2022-10-31T02:45:01+08:00][sql] SELECT * FROM `address` WHERE  `id` = 1 LIMIT 1 [ RunTime:0.000283s ]
[2022-10-31T02:45:01+08:00][sql] SELECT * FROM `address` WHERE  `id` = 2 LIMIT 1 [ RunTime:0.000251s ]
[2022-10-31T06:30:53+08:00][sql] CONNECT:[ UseTime:0.000376s ] mysql:host=localhost;port=3316;dbname=coffee;charset=utf8
[2022-10-31T06:30:53+08:00][sql] SHOW FULL COLUMNS FROM `information` [ RunTime:0.001211s ]
[2022-10-31T06:30:53+08:00][sql] SELECT * FROM `information` WHERE  `id` = 11 LIMIT 1 [ RunTime:0.000286s ]
[2022-10-31T06:30:53+08:00][sql] SHOW FULL COLUMNS FROM `address` [ RunTime:0.000968s ]
[2022-10-31T06:30:53+08:00][sql] SELECT * FROM `address` WHERE  `id` = 1 LIMIT 1 [ RunTime:0.000226s ]
[2022-10-31T06:30:53+08:00][sql] SELECT * FROM `address` WHERE  `id` = 2 LIMIT 1 [ RunTime:0.000202s ]
[2022-10-31T06:39:12+08:00][sql] CONNECT:[ UseTime:0.000424s ] mysql:host=localhost;port=3316;dbname=coffee;charset=utf8
[2022-10-31T06:39:12+08:00][sql] SHOW FULL COLUMNS FROM `information` [ RunTime:0.001389s ]
[2022-10-31T06:39:12+08:00][sql] SELECT * FROM `information` WHERE  `id` = 11 LIMIT 1 [ RunTime:0.000324s ]
[2022-10-31T06:39:12+08:00][sql] SHOW FULL COLUMNS FROM `address` [ RunTime:0.001089s ]
[2022-10-31T06:39:12+08:00][sql] SELECT * FROM `address` WHERE  `id` = 1 LIMIT 1 [ RunTime:0.000269s ]
[2022-10-31T06:39:12+08:00][sql] SELECT * FROM `address` WHERE  `id` = 2 LIMIT 1 [ RunTime:0.000244s ]
[2022-10-31T07:24:05+08:00][sql] CONNECT:[ UseTime:0.000362s ] mysql:host=localhost;port=3316;dbname=coffee;charset=utf8
[2022-10-31T07:24:05+08:00][sql] SHOW FULL COLUMNS FROM `information` [ RunTime:0.001317s ]
[2022-10-31T07:24:05+08:00][sql] SELECT * FROM `information` WHERE  `id` = 5 LIMIT 1 [ RunTime:0.000304s ]
[2022-10-31T07:24:05+08:00][sql] SHOW FULL COLUMNS FROM `address` [ RunTime:0.000927s ]
[2022-10-31T07:24:05+08:00][sql] SELECT * FROM `address` WHERE  `id` = 1 LIMIT 1 [ RunTime:0.000243s ]
[2022-10-31T07:24:05+08:00][sql] SELECT * FROM `address` WHERE  `id` = 2 LIMIT 1 [ RunTime:0.000206s ]
[2022-10-31T07:29:34+08:00][sql] CONNECT:[ UseTime:0.000361s ] mysql:host=localhost;port=3316;dbname=coffee;charset=utf8
[2022-10-31T07:29:34+08:00][sql] SHOW FULL COLUMNS FROM `information` [ RunTime:0.001250s ]
[2022-10-31T07:29:34+08:00][sql] SELECT * FROM `information` WHERE  `id` = 5 LIMIT 1 [ RunTime:0.000306s ]
[2022-10-31T07:29:34+08:00][sql] SHOW FULL COLUMNS FROM `address` [ RunTime:0.000886s ]
[2022-10-31T07:29:34+08:00][sql] SELECT * FROM `address` WHERE  `id` = 1 LIMIT 1 [ RunTime:0.000241s ]
[2022-10-31T07:29:34+08:00][sql] SELECT * FROM `address` WHERE  `id` = 2 LIMIT 1 [ RunTime:0.000202s ]
[2022-10-31T07:55:41+08:00][sql] CONNECT:[ UseTime:0.000405s ] mysql:host=localhost;port=3316;dbname=coffee;charset=utf8
[2022-10-31T07:55:41+08:00][sql] SHOW FULL COLUMNS FROM `information` [ RunTime:0.001296s ]
[2022-10-31T07:55:41+08:00][sql] SELECT * FROM `information` WHERE  `id` = 19 LIMIT 1 [ RunTime:0.000305s ]
[2022-10-31T07:55:41+08:00][sql] SHOW FULL COLUMNS FROM `address` [ RunTime:0.000915s ]
[2022-10-31T07:55:41+08:00][sql] SELECT * FROM `address` WHERE  `id` = 1 LIMIT 1 [ RunTime:0.000359s ]
[2022-10-31T07:55:41+08:00][sql] SELECT * FROM `address` WHERE  `id` = 2 LIMIT 1 [ RunTime:0.000254s ]
[2022-10-31T08:01:24+08:00][sql] CONNECT:[ UseTime:0.000416s ] mysql:host=localhost;port=3316;dbname=coffee;charset=utf8
[2022-10-31T08:01:24+08:00][sql] SHOW FULL COLUMNS FROM `information` [ RunTime:0.001222s ]
[2022-10-31T08:01:24+08:00][sql] SELECT * FROM `information` WHERE  `id` = 19 LIMIT 1 [ RunTime:0.000279s ]
[2022-10-31T08:01:24+08:00][sql] SHOW FULL COLUMNS FROM `address` [ RunTime:0.000855s ]
[2022-10-31T08:01:24+08:00][sql] SELECT * FROM `address` WHERE  `id` = 1 LIMIT 1 [ RunTime:0.000229s ]
[2022-10-31T08:01:24+08:00][sql] SELECT * FROM `address` WHERE  `id` = 2 LIMIT 1 [ RunTime:0.000199s ]
[2022-10-31T08:07:27+08:00][sql] CONNECT:[ UseTime:0.000399s ] mysql:host=localhost;port=3316;dbname=coffee;charset=utf8
[2022-10-31T08:07:27+08:00][sql] SHOW FULL COLUMNS FROM `information` [ RunTime:0.001300s ]
[2022-10-31T08:07:27+08:00][sql] SELECT * FROM `information` WHERE  `id` = 13 LIMIT 1 [ RunTime:0.000319s ]
[2022-10-31T08:07:27+08:00][sql] SHOW FULL COLUMNS FROM `address` [ RunTime:0.000958s ]
[2022-10-31T08:07:27+08:00][sql] SELECT * FROM `address` WHERE  `id` = 1 LIMIT 1 [ RunTime:0.000285s ]
[2022-10-31T08:07:27+08:00][sql] SELECT * FROM `address` WHERE  `id` = 2 LIMIT 1 [ RunTime:0.000249s ]
[2022-10-31T08:16:57+08:00][sql] CONNECT:[ UseTime:0.000373s ] mysql:host=localhost;port=3316;dbname=coffee;charset=utf8
[2022-10-31T08:16:57+08:00][sql] SHOW FULL COLUMNS FROM `information` [ RunTime:0.001267s ]
[2022-10-31T08:16:57+08:00][sql] SELECT * FROM `information` WHERE  `id` = 13 LIMIT 1 [ RunTime:0.000307s ]
[2022-10-31T08:16:57+08:00][sql] SHOW FULL COLUMNS FROM `address` [ RunTime:0.000956s ]
[2022-10-31T08:16:57+08:00][sql] SELECT * FROM `address` WHERE  `id` = 1 LIMIT 1 [ RunTime:0.000277s ]
[2022-10-31T08:16:57+08:00][sql] SELECT * FROM `address` WHERE  `id` = 2 LIMIT 1 [ RunTime:0.000236s ]
[2022-10-31T08:52:41+08:00][sql] CONNECT:[ UseTime:0.000431s ] mysql:host=localhost;port=3316;dbname=coffee;charset=utf8
[2022-10-31T08:52:41+08:00][sql] SHOW FULL COLUMNS FROM `information` [ RunTime:0.001366s ]
[2022-10-31T08:52:41+08:00][sql] SELECT * FROM `information` WHERE  `id` = 7 LIMIT 1 [ RunTime:0.000299s ]
[2022-10-31T08:52:41+08:00][sql] SHOW FULL COLUMNS FROM `address` [ RunTime:0.000981s ]
[2022-10-31T08:52:41+08:00][sql] SELECT * FROM `address` WHERE  `id` = 1 LIMIT 1 [ RunTime:0.000225s ]
[2022-10-31T08:52:41+08:00][sql] SELECT * FROM `address` WHERE  `id` = 2 LIMIT 1 [ RunTime:0.000267s ]
[2022-10-31T09:00:24+08:00][sql] CONNECT:[ UseTime:0.000473s ] mysql:host=localhost;port=3316;dbname=coffee;charset=utf8
[2022-10-31T09:00:24+08:00][sql] SHOW FULL COLUMNS FROM `information` [ RunTime:0.001674s ]
[2022-10-31T09:00:24+08:00][sql] SELECT * FROM `information` WHERE  `id` = 7 LIMIT 1 [ RunTime:0.000364s ]
[2022-10-31T09:00:24+08:00][sql] SHOW FULL COLUMNS FROM `address` [ RunTime:0.001264s ]
[2022-10-31T09:00:24+08:00][sql] SELECT * FROM `address` WHERE  `id` = 1 LIMIT 1 [ RunTime:0.000514s ]
[2022-10-31T09:00:24+08:00][sql] SELECT * FROM `address` WHERE  `id` = 2 LIMIT 1 [ RunTime:0.000369s ]
[2022-10-31T09:27:33+08:00][sql] CONNECT:[ UseTime:0.000353s ] mysql:host=localhost;port=3316;dbname=coffee;charset=utf8
[2022-10-31T09:27:33+08:00][sql] SHOW FULL COLUMNS FROM `information` [ RunTime:0.001233s ]
[2022-10-31T09:27:33+08:00][sql] SELECT * FROM `information` WHERE  `id` = 2 LIMIT 1 [ RunTime:0.000280s ]
[2022-10-31T09:27:33+08:00][sql] SHOW FULL COLUMNS FROM `address` [ RunTime:0.000861s ]
[2022-10-31T09:27:33+08:00][sql] SELECT * FROM `address` WHERE  `id` = 1 LIMIT 1 [ RunTime:0.000233s ]
[2022-10-31T09:27:33+08:00][sql] SELECT * FROM `address` WHERE  `id` = 2 LIMIT 1 [ RunTime:0.000193s ]
[2022-10-31T09:38:57+08:00][sql] CONNECT:[ UseTime:0.000416s ] mysql:host=localhost;port=3316;dbname=coffee;charset=utf8
[2022-10-31T09:38:57+08:00][sql] SHOW FULL COLUMNS FROM `information` [ RunTime:0.001309s ]
[2022-10-31T09:38:57+08:00][sql] SELECT * FROM `information` WHERE  `id` = 2 LIMIT 1 [ RunTime:0.000343s ]
[2022-10-31T09:38:57+08:00][sql] SHOW FULL COLUMNS FROM `address` [ RunTime:0.000953s ]
[2022-10-31T09:38:57+08:00][sql] SELECT * FROM `address` WHERE  `id` = 1 LIMIT 1 [ RunTime:0.000326s ]
[2022-10-31T09:38:57+08:00][sql] SELECT * FROM `address` WHERE  `id` = 2 LIMIT 1 [ RunTime:0.000247s ]
[2022-10-31T10:05:27+08:00][sql] CONNECT:[ UseTime:0.000385s ] mysql:host=localhost;port=3316;dbname=coffee;charset=utf8
[2022-10-31T10:05:27+08:00][sql] SHOW FULL COLUMNS FROM `information` [ RunTime:0.001254s ]
[2022-10-31T10:05:27+08:00][sql] SELECT * FROM `information` WHERE  `id` = 1 LIMIT 1 [ RunTime:0.000289s ]
[2022-10-31T10:05:27+08:00][sql] SHOW FULL COLUMNS FROM `address` [ RunTime:0.000992s ]
[2022-10-31T10:05:27+08:00][sql] SELECT * FROM `address` WHERE  `id` = 1 LIMIT 1 [ RunTime:0.000283s ]
[2022-10-31T10:05:27+08:00][sql] SELECT * FROM `address` WHERE  `id` = 2 LIMIT 1 [ RunTime:0.000208s ]
[2022-10-31T10:16:41+08:00][sql] CONNECT:[ UseTime:0.000404s ] mysql:host=localhost;port=3316;dbname=coffee;charset=utf8
[2022-10-31T10:16:41+08:00][sql] SHOW FULL COLUMNS FROM `information` [ RunTime:0.001266s ]
[2022-10-31T10:16:41+08:00][sql] SELECT * FROM `information` WHERE  `id` = 1 LIMIT 1 [ RunTime:0.000305s ]
[2022-10-31T10:16:41+08:00][sql] SHOW FULL COLUMNS FROM `address` [ RunTime:0.000980s ]
[2022-10-31T10:16:41+08:00][sql] SELECT * FROM `address` WHERE  `id` = 1 LIMIT 1 [ RunTime:0.000336s ]
[2022-10-31T10:16:41+08:00][sql] SELECT * FROM `address` WHERE  `id` = 2 LIMIT 1 [ RunTime:0.000265s ]
[2022-10-31T10:37:52+08:00][sql] CONNECT:[ UseTime:0.000386s ] mysql:host=localhost;port=3316;dbname=coffee;charset=utf8
[2022-10-31T10:37:52+08:00][sql] SHOW FULL COLUMNS FROM `information` [ RunTime:0.001188s ]
[2022-10-31T10:37:52+08:00][sql] SELECT * FROM `information` WHERE  `id` = 13 LIMIT 1 [ RunTime:0.000278s ]
[2022-10-31T10:37:52+08:00][sql] SHOW FULL COLUMNS FROM `address` [ RunTime:0.000836s ]
[2022-10-31T10:37:52+08:00][sql] SELECT * FROM `address` WHERE  `id` = 1 LIMIT 1 [ RunTime:0.000254s ]
[2022-10-31T10:37:52+08:00][sql] SELECT * FROM `address` WHERE  `id` = 2 LIMIT 1 [ RunTime:0.000197s ]
[2022-10-31T10:40:11+08:00][sql] CONNECT:[ UseTime:0.000449s ] mysql:host=localhost;port=3316;dbname=coffee;charset=utf8
[2022-10-31T10:40:11+08:00][sql] SHOW FULL COLUMNS FROM `information` [ RunTime:0.001487s ]
[2022-10-31T10:40:11+08:00][sql] SELECT * FROM `information` WHERE  `id` = 13 LIMIT 1 [ RunTime:0.000287s ]
[2022-10-31T10:40:11+08:00][sql] SHOW FULL COLUMNS FROM `address` [ RunTime:0.000885s ]
[2022-10-31T10:40:11+08:00][sql] SELECT * FROM `address` WHERE  `id` = 1 LIMIT 1 [ RunTime:0.000235s ]
[2022-10-31T10:40:11+08:00][sql] SELECT * FROM `address` WHERE  `id` = 2 LIMIT 1 [ RunTime:0.000197s ]
[2022-10-31T11:15:17+08:00][sql] CONNECT:[ UseTime:0.000424s ] mysql:host=localhost;port=3316;dbname=coffee;charset=utf8
[2022-10-31T11:15:17+08:00][sql] SHOW FULL COLUMNS FROM `information` [ RunTime:0.001292s ]
[2022-10-31T11:15:17+08:00][sql] SELECT * FROM `information` WHERE  `id` = 8 LIMIT 1 [ RunTime:0.000319s ]
[2022-10-31T11:15:17+08:00][sql] SHOW FULL COLUMNS FROM `address` [ RunTime:0.000940s ]
[2022-10-31T11:15:17+08:00][sql] SELECT * FROM `address` WHERE  `id` = 1 LIMIT 1 [ RunTime:0.000291s ]
[2022-10-31T11:15:17+08:00][sql] SELECT * FROM `address` WHERE  `id` = 2 LIMIT 1 [ RunTime:0.000247s ]
[2022-10-31T11:21:47+08:00][sql] CONNECT:[ UseTime:0.000350s ] mysql:host=localhost;port=3316;dbname=coffee;charset=utf8
[2022-10-31T11:21:47+08:00][sql] SHOW FULL COLUMNS FROM `information` [ RunTime:0.001253s ]
[2022-10-31T11:21:47+08:00][sql] SELECT * FROM `information` WHERE  `id` = 8 LIMIT 1 [ RunTime:0.000324s ]
[2022-10-31T11:21:47+08:00][sql] SHOW FULL COLUMNS FROM `address` [ RunTime:0.000894s ]
[2022-10-31T11:21:47+08:00][sql] SELECT * FROM `address` WHERE  `id` = 1 LIMIT 1 [ RunTime:0.000227s ]
[2022-10-31T11:21:47+08:00][sql] SELECT * FROM `address` WHERE  `id` = 2 LIMIT 1 [ RunTime:0.000203s ]
[2022-10-31T11:47:16+08:00][sql] CONNECT:[ UseTime:0.000465s ] mysql:host=localhost;port=3316;dbname=coffee;charset=utf8
[2022-10-31T11:47:16+08:00][sql] SHOW FULL COLUMNS FROM `information` [ RunTime:0.001323s ]
[2022-10-31T11:47:16+08:00][sql] SELECT * FROM `information` WHERE  `id` = 4 LIMIT 1 [ RunTime:0.000323s ]
[2022-10-31T11:47:16+08:00][sql] SHOW FULL COLUMNS FROM `address` [ RunTime:0.001042s ]
[2022-10-31T11:47:16+08:00][sql] SELECT * FROM `address` WHERE  `id` = 1 LIMIT 1 [ RunTime:0.000268s ]
[2022-10-31T11:47:16+08:00][sql] SELECT * FROM `address` WHERE  `id` = 2 LIMIT 1 [ RunTime:0.000267s ]
[2022-10-31T11:50:24+08:00][sql] CONNECT:[ UseTime:0.000370s ] mysql:host=localhost;port=3316;dbname=coffee;charset=utf8
[2022-10-31T11:50:24+08:00][sql] SHOW FULL COLUMNS FROM `information` [ RunTime:0.001332s ]
[2022-10-31T11:50:24+08:00][sql] SELECT * FROM `information` WHERE  `id` = 4 LIMIT 1 [ RunTime:0.000281s ]
[2022-10-31T11:50:24+08:00][sql] SHOW FULL COLUMNS FROM `address` [ RunTime:0.000858s ]
[2022-10-31T11:50:24+08:00][sql] SELECT * FROM `address` WHERE  `id` = 1 LIMIT 1 [ RunTime:0.000230s ]
[2022-10-31T11:50:24+08:00][sql] SELECT * FROM `address` WHERE  `id` = 2 LIMIT 1 [ RunTime:0.000192s ]
[2022-10-31T12:31:58+08:00][sql] CONNECT:[ UseTime:0.000454s ] mysql:host=localhost;port=3316;dbname=coffee;charset=utf8
[2022-10-31T12:31:58+08:00][sql] SHOW FULL COLUMNS FROM `information` [ RunTime:0.001739s ]
[2022-10-31T12:31:58+08:00][sql] SELECT * FROM `information` WHERE  `id` = 3 LIMIT 1 [ RunTime:0.000324s ]
[2022-10-31T12:31:58+08:00][sql] SHOW FULL COLUMNS FROM `address` [ RunTime:0.001191s ]
[2022-10-31T12:31:58+08:00][sql] SELECT * FROM `address` WHERE  `id` = 1 LIMIT 1 [ RunTime:0.000272s ]
[2022-10-31T12:31:58+08:00][sql] SELECT * FROM `address` WHERE  `id` = 2 LIMIT 1 [ RunTime:0.000226s ]
[2022-10-31T12:35:35+08:00][sql] CONNECT:[ UseTime:0.000388s ] mysql:host=localhost;port=3316;dbname=coffee;charset=utf8
[2022-10-31T12:35:35+08:00][sql] SHOW FULL COLUMNS FROM `information` [ RunTime:0.001250s ]
[2022-10-31T12:35:35+08:00][sql] SELECT * FROM `information` WHERE  `id` = 3 LIMIT 1 [ RunTime:0.000289s ]
[2022-10-31T12:35:35+08:00][sql] SHOW FULL COLUMNS FROM `address` [ RunTime:0.000882s ]
[2022-10-31T12:35:35+08:00][sql] SELECT * FROM `address` WHERE  `id` = 1 LIMIT 1 [ RunTime:0.000227s ]
[2022-10-31T12:35:35+08:00][sql] SELECT * FROM `address` WHERE  `id` = 2 LIMIT 1 [ RunTime:0.000191s ]
[2022-10-31T13:20:35+08:00][sql] CONNECT:[ UseTime:0.000437s ] mysql:host=localhost;port=3316;dbname=coffee;charset=utf8
[2022-10-31T13:20:35+08:00][sql] SHOW FULL COLUMNS FROM `information` [ RunTime:0.001399s ]
[2022-10-31T13:20:35+08:00][sql] SELECT * FROM `information` WHERE  `id` = 9 LIMIT 1 [ RunTime:0.000424s ]
[2022-10-31T13:20:35+08:00][sql] SHOW FULL COLUMNS FROM `address` [ RunTime:0.001129s ]
[2022-10-31T13:20:35+08:00][sql] SELECT * FROM `address` WHERE  `id` = 1 LIMIT 1 [ RunTime:0.000246s ]
[2022-10-31T13:20:35+08:00][sql] SELECT * FROM `address` WHERE  `id` = 2 LIMIT 1 [ RunTime:0.000227s ]
[2022-10-31T13:27:58+08:00][sql] CONNECT:[ UseTime:0.000470s ] mysql:host=localhost;port=3316;dbname=coffee;charset=utf8
[2022-10-31T13:27:58+08:00][sql] SHOW FULL COLUMNS FROM `information` [ RunTime:0.002247s ]
[2022-10-31T13:27:58+08:00][sql] SELECT * FROM `information` WHERE  `id` = 9 LIMIT 1 [ RunTime:0.000370s ]
[2022-10-31T13:27:58+08:00][sql] SHOW FULL COLUMNS FROM `address` [ RunTime:0.002757s ]
[2022-10-31T13:27:58+08:00][sql] SELECT * FROM `address` WHERE  `id` = 1 LIMIT 1 [ RunTime:0.000280s ]
[2022-10-31T13:27:58+08:00][sql] SELECT * FROM `address` WHERE  `id` = 2 LIMIT 1 [ RunTime:0.000226s ]
[2022-10-31T14:15:33+08:00][sql] CONNECT:[ UseTime:0.000408s ] mysql:host=localhost;port=3316;dbname=coffee;charset=utf8
[2022-10-31T14:15:33+08:00][sql] SHOW FULL COLUMNS FROM `information` [ RunTime:0.001208s ]
[2022-10-31T14:15:33+08:00][sql] SELECT * FROM `information` WHERE  `id` = 2 LIMIT 1 [ RunTime:0.000274s ]
[2022-10-31T14:15:33+08:00][sql] SHOW FULL COLUMNS FROM `address` [ RunTime:0.000890s ]
[2022-10-31T14:15:33+08:00][sql] SELECT * FROM `address` WHERE  `id` = 1 LIMIT 1 [ RunTime:0.000234s ]
[2022-10-31T14:15:33+08:00][sql] SELECT * FROM `address` WHERE  `id` = 2 LIMIT 1 [ RunTime:0.000189s ]
[2022-10-31T14:20:00+08:00][sql] CONNECT:[ UseTime:0.000446s ] mysql:host=localhost;port=3316;dbname=coffee;charset=utf8
[2022-10-31T14:20:00+08:00][sql] SHOW FULL COLUMNS FROM `information` [ RunTime:0.001841s ]
[2022-10-31T14:20:00+08:00][sql] SELECT * FROM `information` WHERE  `id` = 2 LIMIT 1 [ RunTime:0.000374s ]
[2022-10-31T14:20:00+08:00][sql] SHOW FULL COLUMNS FROM `address` [ RunTime:0.001264s ]
[2022-10-31T14:20:00+08:00][sql] SELECT * FROM `address` WHERE  `id` = 1 LIMIT 1 [ RunTime:0.000271s ]
[2022-10-31T14:20:00+08:00][sql] SELECT * FROM `address` WHERE  `id` = 2 LIMIT 1 [ RunTime:0.000254s ]
[2022-10-31T15:11:13+08:00][sql] CONNECT:[ UseTime:0.000408s ] mysql:host=localhost;port=3316;dbname=coffee;charset=utf8
[2022-10-31T15:11:13+08:00][sql] SHOW FULL COLUMNS FROM `information` [ RunTime:0.001338s ]
[2022-10-31T15:11:13+08:00][sql] SELECT * FROM `information` WHERE  `id` = 11 LIMIT 1 [ RunTime:0.000310s ]
[2022-10-31T15:11:13+08:00][sql] SHOW FULL COLUMNS FROM `address` [ RunTime:0.000949s ]
[2022-10-31T15:11:13+08:00][sql] SELECT * FROM `address` WHERE  `id` = 1 LIMIT 1 [ RunTime:0.000280s ]
[2022-10-31T15:11:13+08:00][sql] SELECT * FROM `address` WHERE  `id` = 2 LIMIT 1 [ RunTime:0.000248s ]
[2022-10-31T15:22:29+08:00][sql] CONNECT:[ UseTime:0.000380s ] mysql:host=localhost;port=3316;dbname=coffee;charset=utf8
[2022-10-31T15:22:29+08:00][sql] SHOW FULL COLUMNS FROM `information` [ RunTime:0.001298s ]
[2022-10-31T15:22:29+08:00][sql] SELECT * FROM `information` WHERE  `id` = 11 LIMIT 1 [ RunTime:0.000304s ]
[2022-10-31T15:22:29+08:00][sql] SHOW FULL COLUMNS FROM `address` [ RunTime:0.000944s ]
[2022-10-31T15:22:29+08:00][sql] SELECT * FROM `address` WHERE  `id` = 1 LIMIT 1 [ RunTime:0.000257s ]
[2022-10-31T15:22:29+08:00][sql] SELECT * FROM `address` WHERE  `id` = 2 LIMIT 1 [ RunTime:0.000209s ]
[2022-10-31T16:09:38+08:00][sql] CONNECT:[ UseTime:0.000364s ] mysql:host=localhost;port=3316;dbname=coffee;charset=utf8
[2022-10-31T16:09:38+08:00][sql] SHOW FULL COLUMNS FROM `information` [ RunTime:0.001325s ]
[2022-10-31T16:09:38+08:00][sql] SELECT * FROM `information` WHERE  `id` = 3 LIMIT 1 [ RunTime:0.000280s ]
[2022-10-31T16:09:38+08:00][sql] SHOW FULL COLUMNS FROM `address` [ RunTime:0.000962s ]
[2022-10-31T16:09:38+08:00][sql] SELECT * FROM `address` WHERE  `id` = 1 LIMIT 1 [ RunTime:0.000252s ]
[2022-10-31T16:09:38+08:00][sql] SELECT * FROM `address` WHERE  `id` = 2 LIMIT 1 [ RunTime:0.000213s ]
[2022-10-31T16:11:35+08:00][sql] CONNECT:[ UseTime:0.000446s ] mysql:host=localhost;port=3316;dbname=coffee;charset=utf8
[2022-10-31T16:11:35+08:00][sql] SHOW FULL COLUMNS FROM `information` [ RunTime:0.001291s ]
[2022-10-31T16:11:35+08:00][sql] SELECT * FROM `information` WHERE  `id` = 3 LIMIT 1 [ RunTime:0.000297s ]
[2022-10-31T16:11:35+08:00][sql] SHOW FULL COLUMNS FROM `address` [ RunTime:0.000947s ]
[2022-10-31T16:11:35+08:00][sql] SELECT * FROM `address` WHERE  `id` = 1 LIMIT 1 [ RunTime:0.000263s ]
[2022-10-31T16:11:35+08:00][sql] SELECT * FROM `address` WHERE  `id` = 2 LIMIT 1 [ RunTime:0.000278s ]
[2022-10-31T17:16:24+08:00][sql] CONNECT:[ UseTime:0.000409s ] mysql:host=localhost;port=3316;dbname=coffee;charset=utf8
[2022-10-31T17:16:24+08:00][sql] SHOW FULL COLUMNS FROM `information` [ RunTime:0.001293s ]
[2022-10-31T17:16:24+08:00][sql] SELECT * FROM `information` WHERE  `id` = 14 LIMIT 1 [ RunTime:0.000404s ]
[2022-10-31T17:16:24+08:00][sql] SHOW FULL COLUMNS FROM `address` [ RunTime:0.001039s ]
[2022-10-31T17:16:24+08:00][sql] SELECT * FROM `address` WHERE  `id` = 1 LIMIT 1 [ RunTime:0.000288s ]
[2022-10-31T17:16:24+08:00][sql] SELECT * FROM `address` WHERE  `id` = 2 LIMIT 1 [ RunTime:0.000270s ]
[2022-10-31T17:21:51+08:00][sql] CONNECT:[ UseTime:0.000400s ] mysql:host=localhost;port=3316;dbname=coffee;charset=utf8
[2022-10-31T17:21:51+08:00][sql] SHOW FULL COLUMNS FROM `information` [ RunTime:0.001278s ]
[2022-10-31T17:21:51+08:00][sql] SELECT * FROM `information` WHERE  `id` = 14 LIMIT 1 [ RunTime:0.000297s ]
[2022-10-31T17:21:51+08:00][sql] SHOW FULL COLUMNS FROM `address` [ RunTime:0.001003s ]
[2022-10-31T17:21:51+08:00][sql] SELECT * FROM `address` WHERE  `id` = 1 LIMIT 1 [ RunTime:0.000295s ]
[2022-10-31T17:21:51+08:00][sql] SELECT * FROM `address` WHERE  `id` = 2 LIMIT 1 [ RunTime:0.000284s ]
[2022-10-31T18:36:38+08:00][sql] CONNECT:[ UseTime:0.000421s ] mysql:host=localhost;port=3316;dbname=coffee;charset=utf8
[2022-10-31T18:36:38+08:00][sql] SHOW FULL COLUMNS FROM `information` [ RunTime:0.001284s ]
[2022-10-31T18:36:38+08:00][sql] SELECT * FROM `information` WHERE  `id` = 10 LIMIT 1 [ RunTime:0.000336s ]
[2022-10-31T18:36:38+08:00][sql] SHOW FULL COLUMNS FROM `address` [ RunTime:0.000967s ]
[2022-10-31T18:36:38+08:00][sql] SELECT * FROM `address` WHERE  `id` = 1 LIMIT 1 [ RunTime:0.000282s ]
[2022-10-31T18:36:38+08:00][sql] SELECT * FROM `address` WHERE  `id` = 2 LIMIT 1 [ RunTime:0.000268s ]
[2022-10-31T18:42:58+08:00][sql] CONNECT:[ UseTime:0.000388s ] mysql:host=localhost;port=3316;dbname=coffee;charset=utf8
[2022-10-31T18:42:58+08:00][sql] SHOW FULL COLUMNS FROM `information` [ RunTime:0.001285s ]
[2022-10-31T18:42:58+08:00][sql] SELECT * FROM `information` WHERE  `id` = 10 LIMIT 1 [ RunTime:0.000354s ]
[2022-10-31T18:42:58+08:00][sql] SHOW FULL COLUMNS FROM `address` [ RunTime:0.000923s ]
[2022-10-31T18:42:58+08:00][sql] SELECT * FROM `address` WHERE  `id` = 1 LIMIT 1 [ RunTime:0.000265s ]
[2022-10-31T18:42:58+08:00][sql] SELECT * FROM `address` WHERE  `id` = 2 LIMIT 1 [ RunTime:0.000242s ]
[2022-10-31T20:25:32+08:00][sql] CONNECT:[ UseTime:0.000446s ] mysql:host=localhost;port=3316;dbname=coffee;charset=utf8
[2022-10-31T20:25:32+08:00][sql] SHOW FULL COLUMNS FROM `information` [ RunTime:0.001431s ]
[2022-10-31T20:25:32+08:00][sql] SELECT * FROM `information` WHERE  `id` = 6 LIMIT 1 [ RunTime:0.000324s ]
[2022-10-31T20:25:32+08:00][sql] SHOW FULL COLUMNS FROM `address` [ RunTime:0.000905s ]
[2022-10-31T20:25:32+08:00][sql] SELECT * FROM `address` WHERE  `id` = 1 LIMIT 1 [ RunTime:0.000276s ]
[2022-10-31T20:25:32+08:00][sql] SELECT * FROM `address` WHERE  `id` = 2 LIMIT 1 [ RunTime:0.000208s ]
