[2023-08-05T01:33:32+08:00][sql] CONNECT:[ UseTime:0.000423s ] mysql:host=localhost;port=3316;dbname=coffee;charset=utf8
[2023-08-05T01:33:32+08:00][sql] SHOW FULL COLUMNS FROM `course` [ RunTime:0.001558s ]
[2023-08-05T01:33:32+08:00][sql] SELECT * FROM `course` WHERE  `id` = 7 LIMIT 1 [ RunTime:0.000315s ]
[2023-08-05T01:33:32+08:00][sql] SHOW FULL COLUMNS FROM `teacher` [ RunTime:0.000937s ]
[2023-08-05T01:33:32+08:00][sql] SELECT `teacher_name`,`teacher_title`,`teacher_avatar` FROM `teacher` WHERE  `id` = 1 LIMIT 1 [ RunTime:0.000257s ]
[2023-08-05T01:33:32+08:00][sql] SHOW FULL COLUMNS FROM `address` [ RunTime:0.001432s ]
[2023-08-05T01:33:32+08:00][sql] SELECT * FROM `address` WHERE  `id` = 1 LIMIT 1 [ RunTime:0.000266s ]
[2023-08-05T01:33:32+08:00][sql] SELECT * FROM `address` WHERE  `id` = 2 LIMIT 1 [ RunTime:0.000218s ]
[2023-08-05T01:40:33+08:00][sql] CONNECT:[ UseTime:0.000418s ] mysql:host=localhost;port=3316;dbname=coffee;charset=utf8
[2023-08-05T01:40:33+08:00][sql] SHOW FULL COLUMNS FROM `course` [ RunTime:0.001534s ]
[2023-08-05T01:40:33+08:00][sql] SELECT * FROM `course` WHERE  `id` = 7 LIMIT 1 [ RunTime:0.000291s ]
[2023-08-05T01:40:33+08:00][sql] SHOW FULL COLUMNS FROM `teacher` [ RunTime:0.000889s ]
[2023-08-05T01:40:33+08:00][sql] SELECT `teacher_name`,`teacher_title`,`teacher_avatar` FROM `teacher` WHERE  `id` = 1 LIMIT 1 [ RunTime:0.000224s ]
[2023-08-05T01:40:33+08:00][sql] SHOW FULL COLUMNS FROM `address` [ RunTime:0.000899s ]
[2023-08-05T01:40:33+08:00][sql] SELECT * FROM `address` WHERE  `id` = 1 LIMIT 1 [ RunTime:0.000232s ]
[2023-08-05T01:40:33+08:00][sql] SELECT * FROM `address` WHERE  `id` = 2 LIMIT 1 [ RunTime:0.000197s ]
[2023-08-05T01:44:36+08:00][sql] CONNECT:[ UseTime:0.000416s ] mysql:host=localhost;port=3316;dbname=coffee;charset=utf8
[2023-08-05T01:44:36+08:00][sql] SHOW FULL COLUMNS FROM `course` [ RunTime:0.001538s ]
[2023-08-05T01:44:36+08:00][sql] SELECT * FROM `course` WHERE  `id` = 5 LIMIT 1 [ RunTime:0.000316s ]
[2023-08-05T01:44:36+08:00][sql] SHOW FULL COLUMNS FROM `teacher` [ RunTime:0.000915s ]
[2023-08-05T01:44:36+08:00][sql] SELECT `teacher_name`,`teacher_title`,`teacher_avatar` FROM `teacher` WHERE  `id` = 1 LIMIT 1 [ RunTime:0.000242s ]
[2023-08-05T01:44:36+08:00][sql] SELECT `teacher_name`,`teacher_title`,`teacher_avatar` FROM `teacher` WHERE  `id` = 2 LIMIT 1 [ RunTime:0.000196s ]
[2023-08-05T01:44:36+08:00][sql] SHOW FULL COLUMNS FROM `address` [ RunTime:0.000993s ]
[2023-08-05T01:44:36+08:00][sql] SELECT * FROM `address` WHERE  `id` = 1 LIMIT 1 [ RunTime:0.000248s ]
[2023-08-05T01:44:36+08:00][sql] SELECT * FROM `address` WHERE  `id` = 2 LIMIT 1 [ RunTime:0.000293s ]
[2023-08-05T02:02:06+08:00][sql] CONNECT:[ UseTime:0.000438s ] mysql:host=localhost;port=3316;dbname=coffee;charset=utf8
[2023-08-05T02:02:06+08:00][sql] SHOW FULL COLUMNS FROM `course` [ RunTime:0.002228s ]
[2023-08-05T02:02:06+08:00][sql] SELECT * FROM `course` WHERE  `id` = 5 LIMIT 1 [ RunTime:0.000320s ]
[2023-08-05T02:02:06+08:00][sql] SHOW FULL COLUMNS FROM `teacher` [ RunTime:0.000999s ]
[2023-08-05T02:02:06+08:00][sql] SELECT `teacher_name`,`teacher_title`,`teacher_avatar` FROM `teacher` WHERE  `id` = 1 LIMIT 1 [ RunTime:0.000224s ]
[2023-08-05T02:02:06+08:00][sql] SELECT `teacher_name`,`teacher_title`,`teacher_avatar` FROM `teacher` WHERE  `id` = 2 LIMIT 1 [ RunTime:0.000208s ]
[2023-08-05T02:02:06+08:00][sql] SHOW FULL COLUMNS FROM `address` [ RunTime:0.000910s ]
[2023-08-05T02:02:06+08:00][sql] SELECT * FROM `address` WHERE  `id` = 1 LIMIT 1 [ RunTime:0.000241s ]
[2023-08-05T02:02:06+08:00][sql] SELECT * FROM `address` WHERE  `id` = 2 LIMIT 1 [ RunTime:0.000195s ]
[2023-08-05T03:06:11+08:00][sql] CONNECT:[ UseTime:0.000376s ] mysql:host=localhost;port=3316;dbname=coffee;charset=utf8
[2023-08-05T03:06:11+08:00][sql] SHOW FULL COLUMNS FROM `course` [ RunTime:0.001444s ]
[2023-08-05T03:06:11+08:00][sql] SELECT `id`,`title`,`price`,`days`,`time` FROM `course` WHERE  `is_time` = 1 ORDER BY `sorting` ASC [ RunTime:0.000737s ]
[2023-08-05T03:06:11+08:00][sql] SELECT `id`,`title` FROM `course` WHERE  `status` = 1 [ RunTime:0.000215s ]
[2023-08-05T03:06:11+08:00][sql] SELECT `id`,`title` FROM `course` WHERE  `status` = 2 [ RunTime:0.000188s ]
[2023-08-05T03:06:11+08:00][sql] SHOW FULL COLUMNS FROM `address` [ RunTime:0.000878s ]
[2023-08-05T03:06:11+08:00][sql] SELECT * FROM `address` WHERE  `id` = 1 LIMIT 1 [ RunTime:0.000279s ]
[2023-08-05T03:06:11+08:00][sql] SELECT * FROM `address` WHERE  `id` = 2 LIMIT 1 [ RunTime:0.000222s ]
[2023-08-05T03:09:14+08:00][sql] CONNECT:[ UseTime:0.000472s ] mysql:host=localhost;port=3316;dbname=coffee;charset=utf8
[2023-08-05T03:09:14+08:00][sql] SHOW FULL COLUMNS FROM `course` [ RunTime:0.001522s ]
[2023-08-05T03:09:14+08:00][sql] SELECT `id`,`title`,`price`,`days`,`time` FROM `course` WHERE  `is_time` = 1 ORDER BY `sorting` ASC [ RunTime:0.000767s ]
[2023-08-05T03:09:14+08:00][sql] SELECT `id`,`title` FROM `course` WHERE  `status` = 1 [ RunTime:0.000227s ]
[2023-08-05T03:09:14+08:00][sql] SELECT `id`,`title` FROM `course` WHERE  `status` = 2 [ RunTime:0.000199s ]
[2023-08-05T03:09:14+08:00][sql] SHOW FULL COLUMNS FROM `address` [ RunTime:0.001109s ]
[2023-08-05T03:09:14+08:00][sql] SELECT * FROM `address` WHERE  `id` = 1 LIMIT 1 [ RunTime:0.000262s ]
[2023-08-05T03:09:14+08:00][sql] SELECT * FROM `address` WHERE  `id` = 2 LIMIT 1 [ RunTime:0.000248s ]
[2023-08-05T03:09:14+08:00][sql] CONNECT:[ UseTime:0.000462s ] mysql:host=localhost;port=3316;dbname=coffee;charset=utf8
[2023-08-05T03:09:14+08:00][sql] SHOW FULL COLUMNS FROM `course` [ RunTime:0.001590s ]
[2023-08-05T03:09:14+08:00][sql] SELECT `id`,`title`,`price`,`days`,`time` FROM `course` WHERE  `is_time` = 1 ORDER BY `sorting` ASC [ RunTime:0.000284s ]
[2023-08-05T03:09:14+08:00][sql] SELECT `id`,`title` FROM `course` WHERE  `status` = 1 [ RunTime:0.000222s ]
[2023-08-05T03:09:14+08:00][sql] SELECT `id`,`title` FROM `course` WHERE  `status` = 2 [ RunTime:0.000176s ]
[2023-08-05T03:09:14+08:00][sql] SHOW FULL COLUMNS FROM `address` [ RunTime:0.000945s ]
[2023-08-05T03:09:14+08:00][sql] SELECT * FROM `address` WHERE  `id` = 1 LIMIT 1 [ RunTime:0.000262s ]
[2023-08-05T03:09:14+08:00][sql] SELECT * FROM `address` WHERE  `id` = 2 LIMIT 1 [ RunTime:0.000217s ]
[2023-08-05T03:56:58+08:00][sql] CONNECT:[ UseTime:0.000471s ] mysql:host=localhost;port=3316;dbname=coffee;charset=utf8
[2023-08-05T03:56:58+08:00][sql] SHOW FULL COLUMNS FROM `course` [ RunTime:0.001514s ]
[2023-08-05T03:56:58+08:00][sql] SELECT `id`,`title`,`price`,`days`,`time` FROM `course` WHERE  `is_time` = 1 ORDER BY `sorting` ASC [ RunTime:0.000712s ]
[2023-08-05T03:56:58+08:00][sql] SELECT `id`,`title` FROM `course` WHERE  `status` = 1 [ RunTime:0.000222s ]
[2023-08-05T03:56:58+08:00][sql] SELECT `id`,`title` FROM `course` WHERE  `status` = 2 [ RunTime:0.000227s ]
[2023-08-05T03:56:58+08:00][sql] SHOW FULL COLUMNS FROM `address` [ RunTime:0.000998s ]
[2023-08-05T03:56:58+08:00][sql] SELECT * FROM `address` WHERE  `id` = 1 LIMIT 1 [ RunTime:0.000266s ]
[2023-08-05T03:56:58+08:00][sql] SELECT * FROM `address` WHERE  `id` = 2 LIMIT 1 [ RunTime:0.000211s ]
[2023-08-05T07:04:10+08:00][sql] CONNECT:[ UseTime:0.000547s ] mysql:host=localhost;port=3316;dbname=coffee;charset=utf8
[2023-08-05T07:04:10+08:00][sql] SHOW FULL COLUMNS FROM `course` [ RunTime:0.002384s ]
[2023-08-05T07:04:10+08:00][sql] SELECT * FROM `course` WHERE  `id` = 3 LIMIT 1 [ RunTime:0.000441s ]
[2023-08-05T07:04:10+08:00][sql] SHOW FULL COLUMNS FROM `teacher` [ RunTime:0.001417s ]
[2023-08-05T07:04:10+08:00][sql] SELECT `teacher_name`,`teacher_title`,`teacher_avatar` FROM `teacher` WHERE  `id` = 1 LIMIT 1 [ RunTime:0.000282s ]
[2023-08-05T07:04:10+08:00][sql] SHOW FULL COLUMNS FROM `address` [ RunTime:0.001399s ]
[2023-08-05T07:04:10+08:00][sql] SELECT * FROM `address` WHERE  `id` = 1 LIMIT 1 [ RunTime:0.000341s ]
[2023-08-05T07:04:10+08:00][sql] SELECT * FROM `address` WHERE  `id` = 2 LIMIT 1 [ RunTime:0.000300s ]
[2023-08-05T07:10:07+08:00][sql] CONNECT:[ UseTime:0.000424s ] mysql:host=localhost;port=3316;dbname=coffee;charset=utf8
[2023-08-05T07:10:07+08:00][sql] SHOW FULL COLUMNS FROM `course` [ RunTime:0.001565s ]
[2023-08-05T07:10:07+08:00][sql] SELECT * FROM `course` WHERE  `id` = 3 LIMIT 1 [ RunTime:0.000751s ]
[2023-08-05T07:10:07+08:00][sql] SHOW FULL COLUMNS FROM `teacher` [ RunTime:0.000993s ]
[2023-08-05T07:10:07+08:00][sql] SELECT `teacher_name`,`teacher_title`,`teacher_avatar` FROM `teacher` WHERE  `id` = 1 LIMIT 1 [ RunTime:0.000230s ]
[2023-08-05T07:10:07+08:00][sql] SHOW FULL COLUMNS FROM `address` [ RunTime:0.000975s ]
[2023-08-05T07:10:07+08:00][sql] SELECT * FROM `address` WHERE  `id` = 1 LIMIT 1 [ RunTime:0.000245s ]
[2023-08-05T07:10:07+08:00][sql] SELECT * FROM `address` WHERE  `id` = 2 LIMIT 1 [ RunTime:0.000206s ]
[2023-08-05T07:45:46+08:00][sql] CONNECT:[ UseTime:0.000453s ] mysql:host=localhost;port=3316;dbname=coffee;charset=utf8
[2023-08-05T07:45:46+08:00][sql] SHOW FULL COLUMNS FROM `course` [ RunTime:0.001502s ]
[2023-08-05T07:45:46+08:00][sql] SELECT * FROM `course` WHERE  `id` = 4 LIMIT 1 [ RunTime:0.000887s ]
[2023-08-05T07:45:46+08:00][sql] SHOW FULL COLUMNS FROM `teacher` [ RunTime:0.001121s ]
[2023-08-05T07:45:46+08:00][sql] SELECT `teacher_name`,`teacher_title`,`teacher_avatar` FROM `teacher` WHERE  `id` = 2 LIMIT 1 [ RunTime:0.000344s ]
[2023-08-05T07:45:46+08:00][sql] SHOW FULL COLUMNS FROM `address` [ RunTime:0.001000s ]
[2023-08-05T07:45:46+08:00][sql] SELECT * FROM `address` WHERE  `id` = 1 LIMIT 1 [ RunTime:0.000240s ]
[2023-08-05T07:45:46+08:00][sql] SELECT * FROM `address` WHERE  `id` = 2 LIMIT 1 [ RunTime:0.000248s ]
[2023-08-05T07:50:00+08:00][sql] CONNECT:[ UseTime:0.000479s ] mysql:host=localhost;port=3316;dbname=coffee;charset=utf8
[2023-08-05T07:50:00+08:00][sql] SHOW FULL COLUMNS FROM `course` [ RunTime:0.001608s ]
[2023-08-05T07:50:00+08:00][sql] SELECT * FROM `course` WHERE  `id` = 4 LIMIT 1 [ RunTime:0.000776s ]
[2023-08-05T07:50:00+08:00][sql] SHOW FULL COLUMNS FROM `teacher` [ RunTime:0.000982s ]
[2023-08-05T07:50:00+08:00][sql] SELECT `teacher_name`,`teacher_title`,`teacher_avatar` FROM `teacher` WHERE  `id` = 2 LIMIT 1 [ RunTime:0.000231s ]
[2023-08-05T07:50:00+08:00][sql] SHOW FULL COLUMNS FROM `address` [ RunTime:0.000935s ]
[2023-08-05T07:50:00+08:00][sql] SELECT * FROM `address` WHERE  `id` = 1 LIMIT 1 [ RunTime:0.000238s ]
[2023-08-05T07:50:00+08:00][sql] SELECT * FROM `address` WHERE  `id` = 2 LIMIT 1 [ RunTime:0.000218s ]
[2023-08-05T08:34:10+08:00][sql] CONNECT:[ UseTime:0.001388s ] mysql:host=localhost;port=3316;dbname=coffee;charset=utf8
[2023-08-05T08:34:10+08:00][sql] SHOW FULL COLUMNS FROM `course` [ RunTime:0.001594s ]
[2023-08-05T08:34:10+08:00][sql] SELECT * FROM `course` WHERE  `id` = 3 LIMIT 1 [ RunTime:0.000820s ]
[2023-08-05T08:34:10+08:00][sql] SHOW FULL COLUMNS FROM `teacher` [ RunTime:0.001035s ]
[2023-08-05T08:34:10+08:00][sql] SELECT `teacher_name`,`teacher_title`,`teacher_avatar` FROM `teacher` WHERE  `id` = 1 LIMIT 1 [ RunTime:0.000237s ]
[2023-08-05T08:34:10+08:00][sql] SHOW FULL COLUMNS FROM `address` [ RunTime:0.000950s ]
[2023-08-05T08:34:10+08:00][sql] SELECT * FROM `address` WHERE  `id` = 1 LIMIT 1 [ RunTime:0.000262s ]
[2023-08-05T08:34:10+08:00][sql] SELECT * FROM `address` WHERE  `id` = 2 LIMIT 1 [ RunTime:0.000250s ]
[2023-08-05T08:34:10+08:00][sql] CONNECT:[ UseTime:0.000300s ] mysql:host=localhost;port=3316;dbname=coffee;charset=utf8
[2023-08-05T08:34:10+08:00][sql] SHOW FULL COLUMNS FROM `course` [ RunTime:0.001300s ]
[2023-08-05T08:34:10+08:00][sql] SELECT * FROM `course` WHERE  `id` = 1 LIMIT 1 [ RunTime:0.000307s ]
[2023-08-05T08:34:10+08:00][sql] SHOW FULL COLUMNS FROM `teacher` [ RunTime:0.000905s ]
[2023-08-05T08:34:10+08:00][sql] SELECT `teacher_name`,`teacher_title`,`teacher_avatar` FROM `teacher` WHERE  `id` = 1 LIMIT 1 [ RunTime:0.000278s ]
[2023-08-05T08:34:10+08:00][sql] SELECT `teacher_name`,`teacher_title`,`teacher_avatar` FROM `teacher` WHERE  `id` = 2 LIMIT 1 [ RunTime:0.000217s ]
[2023-08-05T08:34:10+08:00][sql] SHOW FULL COLUMNS FROM `address` [ RunTime:0.000910s ]
[2023-08-05T08:34:10+08:00][sql] SELECT * FROM `address` WHERE  `id` = 1 LIMIT 1 [ RunTime:0.000244s ]
[2023-08-05T08:34:10+08:00][sql] SELECT * FROM `address` WHERE  `id` = 2 LIMIT 1 [ RunTime:0.000224s ]
[2023-08-05T08:38:58+08:00][sql] CONNECT:[ UseTime:0.000483s ] mysql:host=localhost;port=3316;dbname=coffee;charset=utf8
[2023-08-05T08:38:58+08:00][sql] SHOW FULL COLUMNS FROM `course` [ RunTime:0.001701s ]
[2023-08-05T08:38:58+08:00][sql] SELECT * FROM `course` WHERE  `id` = 1 LIMIT 1 [ RunTime:0.000851s ]
[2023-08-05T08:38:58+08:00][sql] SHOW FULL COLUMNS FROM `teacher` [ RunTime:0.001026s ]
[2023-08-05T08:38:58+08:00][sql] SELECT `teacher_name`,`teacher_title`,`teacher_avatar` FROM `teacher` WHERE  `id` = 1 LIMIT 1 [ RunTime:0.000251s ]
[2023-08-05T08:38:58+08:00][sql] SELECT `teacher_name`,`teacher_title`,`teacher_avatar` FROM `teacher` WHERE  `id` = 2 LIMIT 1 [ RunTime:0.000185s ]
[2023-08-05T08:38:58+08:00][sql] SHOW FULL COLUMNS FROM `address` [ RunTime:0.000926s ]
[2023-08-05T08:38:58+08:00][sql] SELECT * FROM `address` WHERE  `id` = 1 LIMIT 1 [ RunTime:0.000269s ]
[2023-08-05T08:38:58+08:00][sql] SELECT * FROM `address` WHERE  `id` = 2 LIMIT 1 [ RunTime:0.000205s ]
[2023-08-05T14:57:31+08:00][sql] CONNECT:[ UseTime:0.000388s ] mysql:host=localhost;port=3316;dbname=coffee;charset=utf8
[2023-08-05T14:57:31+08:00][sql] SHOW FULL COLUMNS FROM `course` [ RunTime:0.001578s ]
[2023-08-05T14:57:31+08:00][sql] SELECT * FROM `course` WHERE  `id` = 4 LIMIT 1 [ RunTime:0.000782s ]
[2023-08-05T14:57:31+08:00][sql] SHOW FULL COLUMNS FROM `teacher` [ RunTime:0.000984s ]
[2023-08-05T14:57:31+08:00][sql] SELECT `teacher_name`,`teacher_title`,`teacher_avatar` FROM `teacher` WHERE  `id` = 2 LIMIT 1 [ RunTime:0.000230s ]
[2023-08-05T14:57:31+08:00][sql] SHOW FULL COLUMNS FROM `address` [ RunTime:0.001074s ]
[2023-08-05T14:57:31+08:00][sql] SELECT * FROM `address` WHERE  `id` = 1 LIMIT 1 [ RunTime:0.000258s ]
[2023-08-05T14:57:31+08:00][sql] SELECT * FROM `address` WHERE  `id` = 2 LIMIT 1 [ RunTime:0.000244s ]
[2023-08-05T22:37:49+08:00][sql] CONNECT:[ UseTime:0.000412s ] mysql:host=localhost;port=3316;dbname=coffee;charset=utf8
[2023-08-05T22:37:49+08:00][sql] SHOW FULL COLUMNS FROM `course` [ RunTime:0.001937s ]
[2023-08-05T22:37:49+08:00][sql] SELECT * FROM `course` WHERE  `id` = 4 LIMIT 1 [ RunTime:0.000401s ]
[2023-08-05T22:37:49+08:00][sql] SHOW FULL COLUMNS FROM `teacher` [ RunTime:0.001627s ]
[2023-08-05T22:37:49+08:00][sql] SELECT `teacher_name`,`teacher_title`,`teacher_avatar` FROM `teacher` WHERE  `id` = 2 LIMIT 1 [ RunTime:0.000288s ]
[2023-08-05T22:37:49+08:00][sql] SHOW FULL COLUMNS FROM `address` [ RunTime:0.001002s ]
[2023-08-05T22:37:49+08:00][sql] SELECT * FROM `address` WHERE  `id` = 1 LIMIT 1 [ RunTime:0.000241s ]
[2023-08-05T22:37:49+08:00][sql] SELECT * FROM `address` WHERE  `id` = 2 LIMIT 1 [ RunTime:0.000221s ]
[2023-08-05T22:42:01+08:00][sql] CONNECT:[ UseTime:0.000537s ] mysql:host=localhost;port=3316;dbname=coffee;charset=utf8
[2023-08-05T22:42:01+08:00][sql] SHOW FULL COLUMNS FROM `course` [ RunTime:0.001594s ]
[2023-08-05T22:42:01+08:00][sql] SELECT * FROM `course` WHERE  `id` = 4 LIMIT 1 [ RunTime:0.000334s ]
[2023-08-05T22:42:01+08:00][sql] SHOW FULL COLUMNS FROM `teacher` [ RunTime:0.000987s ]
[2023-08-05T22:42:01+08:00][sql] SELECT `teacher_name`,`teacher_title`,`teacher_avatar` FROM `teacher` WHERE  `id` = 2 LIMIT 1 [ RunTime:0.000263s ]
[2023-08-05T22:42:01+08:00][sql] SHOW FULL COLUMNS FROM `address` [ RunTime:0.000957s ]
[2023-08-05T22:42:01+08:00][sql] SELECT * FROM `address` WHERE  `id` = 1 LIMIT 1 [ RunTime:0.000317s ]
[2023-08-05T22:42:01+08:00][sql] SELECT * FROM `address` WHERE  `id` = 2 LIMIT 1 [ RunTime:0.000265s ]
