[2023-08-06T01:41:25+08:00][sql] CONNECT:[ UseTime:0.000463s ] mysql:host=localhost;port=3316;dbname=coffee;charset=utf8
[2023-08-06T01:41:25+08:00][sql] SHOW FULL COLUMNS FROM `course` [ RunTime:0.001639s ]
[2023-08-06T01:41:25+08:00][sql] SELECT * FROM `course` WHERE  `id` = 1 LIMIT 1 [ RunTime:0.000358s ]
[2023-08-06T01:41:25+08:00][sql] SHOW FULL COLUMNS FROM `teacher` [ RunTime:0.000943s ]
[2023-08-06T01:41:25+08:00][sql] SELECT `teacher_name`,`teacher_title`,`teacher_avatar` FROM `teacher` WHERE  `id` = 1 LIMIT 1 [ RunTime:0.000222s ]
[2023-08-06T01:41:25+08:00][sql] SELECT `teacher_name`,`teacher_title`,`teacher_avatar` FROM `teacher` WHERE  `id` = 2 LIMIT 1 [ RunTime:0.000261s ]
[2023-08-06T01:41:25+08:00][sql] SHOW FULL COLUMNS FROM `address` [ RunTime:0.001082s ]
[2023-08-06T01:41:25+08:00][sql] SELECT * FROM `address` WHERE  `id` = 1 LIMIT 1 [ RunTime:0.000306s ]
[2023-08-06T01:41:25+08:00][sql] SELECT * FROM `address` WHERE  `id` = 2 LIMIT 1 [ RunTime:0.000204s ]
[2023-08-06T01:48:44+08:00][sql] CONNECT:[ UseTime:0.000520s ] mysql:host=localhost;port=3316;dbname=coffee;charset=utf8
[2023-08-06T01:48:44+08:00][sql] SHOW FULL COLUMNS FROM `course` [ RunTime:0.001614s ]
[2023-08-06T01:48:44+08:00][sql] SELECT * FROM `course` WHERE  `id` = 1 LIMIT 1 [ RunTime:0.000516s ]
[2023-08-06T01:48:44+08:00][sql] SHOW FULL COLUMNS FROM `teacher` [ RunTime:0.001293s ]
[2023-08-06T01:48:44+08:00][sql] SELECT `teacher_name`,`teacher_title`,`teacher_avatar` FROM `teacher` WHERE  `id` = 1 LIMIT 1 [ RunTime:0.000336s ]
[2023-08-06T01:48:44+08:00][sql] SELECT `teacher_name`,`teacher_title`,`teacher_avatar` FROM `teacher` WHERE  `id` = 2 LIMIT 1 [ RunTime:0.000280s ]
[2023-08-06T01:48:44+08:00][sql] SHOW FULL COLUMNS FROM `address` [ RunTime:0.001245s ]
[2023-08-06T01:48:44+08:00][sql] SELECT * FROM `address` WHERE  `id` = 1 LIMIT 1 [ RunTime:0.000289s ]
[2023-08-06T01:48:44+08:00][sql] SELECT * FROM `address` WHERE  `id` = 2 LIMIT 1 [ RunTime:0.000261s ]
[2023-08-06T07:20:25+08:00][sql] CONNECT:[ UseTime:0.000393s ] mysql:host=localhost;port=3316;dbname=coffee;charset=utf8
[2023-08-06T07:20:25+08:00][sql] SHOW FULL COLUMNS FROM `course` [ RunTime:0.001527s ]
[2023-08-06T07:20:25+08:00][sql] SELECT * FROM `course` WHERE  `id` = 3 LIMIT 1 [ RunTime:0.000354s ]
[2023-08-06T07:20:25+08:00][sql] SHOW FULL COLUMNS FROM `teacher` [ RunTime:0.001134s ]
[2023-08-06T07:20:25+08:00][sql] SELECT `teacher_name`,`teacher_title`,`teacher_avatar` FROM `teacher` WHERE  `id` = 1 LIMIT 1 [ RunTime:0.000232s ]
[2023-08-06T07:20:25+08:00][sql] SHOW FULL COLUMNS FROM `address` [ RunTime:0.000941s ]
[2023-08-06T07:20:25+08:00][sql] SELECT * FROM `address` WHERE  `id` = 1 LIMIT 1 [ RunTime:0.000265s ]
[2023-08-06T07:20:25+08:00][sql] SELECT * FROM `address` WHERE  `id` = 2 LIMIT 1 [ RunTime:0.000230s ]
[2023-08-06T07:31:39+08:00][sql] CONNECT:[ UseTime:0.000530s ] mysql:host=localhost;port=3316;dbname=coffee;charset=utf8
[2023-08-06T07:31:39+08:00][sql] SHOW FULL COLUMNS FROM `course` [ RunTime:0.001607s ]
[2023-08-06T07:31:39+08:00][sql] SELECT * FROM `course` WHERE  `id` = 3 LIMIT 1 [ RunTime:0.000907s ]
[2023-08-06T07:31:39+08:00][sql] SHOW FULL COLUMNS FROM `teacher` [ RunTime:0.001078s ]
[2023-08-06T07:31:39+08:00][sql] SELECT `teacher_name`,`teacher_title`,`teacher_avatar` FROM `teacher` WHERE  `id` = 1 LIMIT 1 [ RunTime:0.000227s ]
[2023-08-06T07:31:39+08:00][sql] SHOW FULL COLUMNS FROM `address` [ RunTime:0.000924s ]
[2023-08-06T07:31:39+08:00][sql] SELECT * FROM `address` WHERE  `id` = 1 LIMIT 1 [ RunTime:0.000263s ]
[2023-08-06T07:31:39+08:00][sql] SELECT * FROM `address` WHERE  `id` = 2 LIMIT 1 [ RunTime:0.000217s ]
[2023-08-06T13:20:26+08:00][sql] CONNECT:[ UseTime:0.000441s ] mysql:host=localhost;port=3316;dbname=coffee;charset=utf8
[2023-08-06T13:20:26+08:00][sql] SHOW FULL COLUMNS FROM `course` [ RunTime:0.002086s ]
[2023-08-06T13:20:26+08:00][sql] SELECT * FROM `course` WHERE  `id` = 7 LIMIT 1 [ RunTime:0.000353s ]
[2023-08-06T13:20:26+08:00][sql] SHOW FULL COLUMNS FROM `teacher` [ RunTime:0.001358s ]
[2023-08-06T13:20:26+08:00][sql] SELECT `teacher_name`,`teacher_title`,`teacher_avatar` FROM `teacher` WHERE  `id` = 1 LIMIT 1 [ RunTime:0.000297s ]
[2023-08-06T13:20:26+08:00][sql] SHOW FULL COLUMNS FROM `address` [ RunTime:0.001088s ]
[2023-08-06T13:20:26+08:00][sql] SELECT * FROM `address` WHERE  `id` = 1 LIMIT 1 [ RunTime:0.000280s ]
[2023-08-06T13:20:26+08:00][sql] SELECT * FROM `address` WHERE  `id` = 2 LIMIT 1 [ RunTime:0.000204s ]
[2023-08-06T13:31:01+08:00][sql] CONNECT:[ UseTime:0.000439s ] mysql:host=localhost;port=3316;dbname=coffee;charset=utf8
[2023-08-06T13:31:01+08:00][sql] SHOW FULL COLUMNS FROM `course` [ RunTime:0.002466s ]
[2023-08-06T13:31:01+08:00][sql] SELECT * FROM `course` WHERE  `id` = 7 LIMIT 1 [ RunTime:0.000881s ]
[2023-08-06T13:31:01+08:00][sql] SHOW FULL COLUMNS FROM `teacher` [ RunTime:0.001208s ]
[2023-08-06T13:31:01+08:00][sql] SELECT `teacher_name`,`teacher_title`,`teacher_avatar` FROM `teacher` WHERE  `id` = 1 LIMIT 1 [ RunTime:0.000271s ]
[2023-08-06T13:31:01+08:00][sql] SHOW FULL COLUMNS FROM `address` [ RunTime:0.000939s ]
[2023-08-06T13:31:01+08:00][sql] SELECT * FROM `address` WHERE  `id` = 1 LIMIT 1 [ RunTime:0.000233s ]
[2023-08-06T13:31:01+08:00][sql] SELECT * FROM `address` WHERE  `id` = 2 LIMIT 1 [ RunTime:0.000215s ]
[2023-08-06T14:50:25+08:00][sql] CONNECT:[ UseTime:0.000475s ] mysql:host=localhost;port=3316;dbname=coffee;charset=utf8
[2023-08-06T14:50:25+08:00][sql] SHOW FULL COLUMNS FROM `course` [ RunTime:0.001522s ]
[2023-08-06T14:50:25+08:00][sql] SELECT * FROM `course` WHERE  `id` = 2 LIMIT 1 [ RunTime:0.000371s ]
[2023-08-06T14:50:25+08:00][sql] SHOW FULL COLUMNS FROM `teacher` [ RunTime:0.000981s ]
[2023-08-06T14:50:25+08:00][sql] SELECT `teacher_name`,`teacher_title`,`teacher_avatar` FROM `teacher` WHERE  `id` = 3 LIMIT 1 [ RunTime:0.000261s ]
[2023-08-06T14:50:25+08:00][sql] SHOW FULL COLUMNS FROM `address` [ RunTime:0.001034s ]
[2023-08-06T14:50:25+08:00][sql] SELECT * FROM `address` WHERE  `id` = 1 LIMIT 1 [ RunTime:0.000286s ]
[2023-08-06T14:50:25+08:00][sql] SELECT * FROM `address` WHERE  `id` = 2 LIMIT 1 [ RunTime:0.000257s ]
[2023-08-06T19:37:03+08:00][sql] CONNECT:[ UseTime:0.000416s ] mysql:host=localhost;port=3316;dbname=coffee;charset=utf8
[2023-08-06T19:37:03+08:00][sql] SHOW FULL COLUMNS FROM `course` [ RunTime:0.001653s ]
[2023-08-06T19:37:03+08:00][sql] SELECT `id`,`title`,`price`,`days`,`time` FROM `course` WHERE  `is_time` = 1 ORDER BY `sorting` ASC [ RunTime:0.000777s ]
[2023-08-06T19:37:03+08:00][sql] SELECT `id`,`title` FROM `course` WHERE  `status` = 1 [ RunTime:0.000226s ]
[2023-08-06T19:37:03+08:00][sql] SELECT `id`,`title` FROM `course` WHERE  `status` = 2 [ RunTime:0.000284s ]
[2023-08-06T19:37:03+08:00][sql] SHOW FULL COLUMNS FROM `address` [ RunTime:0.000977s ]
[2023-08-06T19:37:03+08:00][sql] SELECT * FROM `address` WHERE  `id` = 1 LIMIT 1 [ RunTime:0.000272s ]
[2023-08-06T19:37:03+08:00][sql] SELECT * FROM `address` WHERE  `id` = 2 LIMIT 1 [ RunTime:0.000203s ]
[2023-08-06T19:41:17+08:00][sql] CONNECT:[ UseTime:0.000476s ] mysql:host=localhost;port=3316;dbname=coffee;charset=utf8
[2023-08-06T19:41:17+08:00][sql] SHOW FULL COLUMNS FROM `course` [ RunTime:0.001558s ]
[2023-08-06T19:41:17+08:00][sql] SELECT `id`,`title`,`price`,`days`,`time` FROM `course` WHERE  `is_time` = 1 ORDER BY `sorting` ASC [ RunTime:0.000767s ]
[2023-08-06T19:41:17+08:00][sql] SELECT `id`,`title` FROM `course` WHERE  `status` = 1 [ RunTime:0.000246s ]
[2023-08-06T19:41:17+08:00][sql] SELECT `id`,`title` FROM `course` WHERE  `status` = 2 [ RunTime:0.000208s ]
[2023-08-06T19:41:17+08:00][sql] SHOW FULL COLUMNS FROM `address` [ RunTime:0.001115s ]
[2023-08-06T19:41:17+08:00][sql] SELECT * FROM `address` WHERE  `id` = 1 LIMIT 1 [ RunTime:0.000290s ]
[2023-08-06T19:41:17+08:00][sql] SELECT * FROM `address` WHERE  `id` = 2 LIMIT 1 [ RunTime:0.000208s ]
