[2023-08-08T01:46:23+08:00][sql] CONNECT:[ UseTime:0.000501s ] mysql:host=localhost;port=3316;dbname=coffee;charset=utf8
[2023-08-08T01:46:23+08:00][sql] SHOW FULL COLUMNS FROM `course` [ RunTime:0.001948s ]
[2023-08-08T01:46:23+08:00][sql] SELECT * FROM `course` WHERE  `id` = 4 LIMIT 1 [ RunTime:0.000412s ]
[2023-08-08T01:46:23+08:00][sql] SHOW FULL COLUMNS FROM `teacher` [ RunTime:0.001198s ]
[2023-08-08T01:46:23+08:00][sql] SELECT `teacher_name`,`teacher_title`,`teacher_avatar` FROM `teacher` WHERE  `id` = 2 LIMIT 1 [ RunTime:0.000269s ]
[2023-08-08T01:46:23+08:00][sql] SHOW FULL COLUMNS FROM `address` [ RunTime:0.001618s ]
[2023-08-08T01:46:23+08:00][sql] SELECT * FROM `address` WHERE  `id` = 1 LIMIT 1 [ RunTime:0.000307s ]
[2023-08-08T01:46:23+08:00][sql] SELECT * FROM `address` WHERE  `id` = 2 LIMIT 1 [ RunTime:0.000238s ]
[2023-08-08T01:48:29+08:00][sql] CONNECT:[ UseTime:0.000454s ] mysql:host=localhost;port=3316;dbname=coffee;charset=utf8
[2023-08-08T01:48:29+08:00][sql] SHOW FULL COLUMNS FROM `course` [ RunTime:0.001482s ]
[2023-08-08T01:48:29+08:00][sql] SELECT * FROM `course` WHERE  `id` = 4 LIMIT 1 [ RunTime:0.000804s ]
[2023-08-08T01:48:29+08:00][sql] SHOW FULL COLUMNS FROM `teacher` [ RunTime:0.000999s ]
[2023-08-08T01:48:29+08:00][sql] SELECT `teacher_name`,`teacher_title`,`teacher_avatar` FROM `teacher` WHERE  `id` = 2 LIMIT 1 [ RunTime:0.000229s ]
[2023-08-08T01:48:29+08:00][sql] SHOW FULL COLUMNS FROM `address` [ RunTime:0.000872s ]
[2023-08-08T01:48:29+08:00][sql] SELECT * FROM `address` WHERE  `id` = 1 LIMIT 1 [ RunTime:0.000226s ]
[2023-08-08T01:48:29+08:00][sql] SELECT * FROM `address` WHERE  `id` = 2 LIMIT 1 [ RunTime:0.000188s ]
[2023-08-08T02:51:23+08:00][sql] CONNECT:[ UseTime:0.000452s ] mysql:host=localhost;port=3316;dbname=coffee;charset=utf8
[2023-08-08T02:51:23+08:00][sql] SHOW FULL COLUMNS FROM `course` [ RunTime:0.001744s ]
[2023-08-08T02:51:23+08:00][sql] SELECT * FROM `course` WHERE  `id` = 2 LIMIT 1 [ RunTime:0.000376s ]
[2023-08-08T02:51:23+08:00][sql] SHOW FULL COLUMNS FROM `teacher` [ RunTime:0.000999s ]
[2023-08-08T02:51:23+08:00][sql] SELECT `teacher_name`,`teacher_title`,`teacher_avatar` FROM `teacher` WHERE  `id` = 3 LIMIT 1 [ RunTime:0.000234s ]
[2023-08-08T02:51:23+08:00][sql] SHOW FULL COLUMNS FROM `address` [ RunTime:0.001033s ]
[2023-08-08T02:51:23+08:00][sql] SELECT * FROM `address` WHERE  `id` = 1 LIMIT 1 [ RunTime:0.000283s ]
[2023-08-08T02:51:23+08:00][sql] SELECT * FROM `address` WHERE  `id` = 2 LIMIT 1 [ RunTime:0.000278s ]
[2023-08-08T02:55:12+08:00][sql] CONNECT:[ UseTime:0.000443s ] mysql:host=localhost;port=3316;dbname=coffee;charset=utf8
[2023-08-08T02:55:12+08:00][sql] SHOW FULL COLUMNS FROM `course` [ RunTime:0.001594s ]
[2023-08-08T02:55:12+08:00][sql] SELECT * FROM `course` WHERE  `id` = 2 LIMIT 1 [ RunTime:0.000334s ]
[2023-08-08T02:55:12+08:00][sql] SHOW FULL COLUMNS FROM `teacher` [ RunTime:0.000942s ]
[2023-08-08T02:55:12+08:00][sql] SELECT `teacher_name`,`teacher_title`,`teacher_avatar` FROM `teacher` WHERE  `id` = 3 LIMIT 1 [ RunTime:0.000259s ]
[2023-08-08T02:55:12+08:00][sql] SHOW FULL COLUMNS FROM `address` [ RunTime:0.000939s ]
[2023-08-08T02:55:12+08:00][sql] SELECT * FROM `address` WHERE  `id` = 1 LIMIT 1 [ RunTime:0.000304s ]
[2023-08-08T02:55:12+08:00][sql] SELECT * FROM `address` WHERE  `id` = 2 LIMIT 1 [ RunTime:0.000261s ]
[2023-08-08T05:37:18+08:00][sql] CONNECT:[ UseTime:0.000406s ] mysql:host=localhost;port=3316;dbname=coffee;charset=utf8
[2023-08-08T05:37:18+08:00][sql] SHOW FULL COLUMNS FROM `course` [ RunTime:0.001505s ]
[2023-08-08T05:37:18+08:00][sql] SELECT * FROM `course` WHERE  `id` = 2 LIMIT 1 [ RunTime:0.000322s ]
[2023-08-08T05:37:18+08:00][sql] SHOW FULL COLUMNS FROM `teacher` [ RunTime:0.000986s ]
[2023-08-08T05:37:18+08:00][sql] SELECT `teacher_name`,`teacher_title`,`teacher_avatar` FROM `teacher` WHERE  `id` = 3 LIMIT 1 [ RunTime:0.000231s ]
[2023-08-08T05:37:18+08:00][sql] SHOW FULL COLUMNS FROM `address` [ RunTime:0.001403s ]
[2023-08-08T05:37:18+08:00][sql] SELECT * FROM `address` WHERE  `id` = 1 LIMIT 1 [ RunTime:0.000265s ]
[2023-08-08T05:37:18+08:00][sql] SELECT * FROM `address` WHERE  `id` = 2 LIMIT 1 [ RunTime:0.000197s ]
[2023-08-08T05:40:47+08:00][sql] CONNECT:[ UseTime:0.000446s ] mysql:host=localhost;port=3316;dbname=coffee;charset=utf8
[2023-08-08T05:40:47+08:00][sql] SHOW FULL COLUMNS FROM `course` [ RunTime:0.001655s ]
[2023-08-08T05:40:47+08:00][sql] SELECT * FROM `course` WHERE  `id` = 2 LIMIT 1 [ RunTime:0.000348s ]
[2023-08-08T05:40:47+08:00][sql] SHOW FULL COLUMNS FROM `teacher` [ RunTime:0.001093s ]
[2023-08-08T05:40:47+08:00][sql] SELECT `teacher_name`,`teacher_title`,`teacher_avatar` FROM `teacher` WHERE  `id` = 3 LIMIT 1 [ RunTime:0.000288s ]
[2023-08-08T05:40:47+08:00][sql] SHOW FULL COLUMNS FROM `address` [ RunTime:0.001031s ]
[2023-08-08T05:40:47+08:00][sql] SELECT * FROM `address` WHERE  `id` = 1 LIMIT 1 [ RunTime:0.000266s ]
[2023-08-08T05:40:47+08:00][sql] SELECT * FROM `address` WHERE  `id` = 2 LIMIT 1 [ RunTime:0.000225s ]
[2023-08-08T09:57:42+08:00][sql] CONNECT:[ UseTime:0.000540s ] mysql:host=localhost;port=3316;dbname=coffee;charset=utf8
[2023-08-08T09:57:42+08:00][sql] SHOW FULL COLUMNS FROM `course` [ RunTime:0.001632s ]
[2023-08-08T09:57:42+08:00][sql] SELECT * FROM `course` WHERE  `id` = 2 LIMIT 1 [ RunTime:0.000337s ]
[2023-08-08T09:57:42+08:00][sql] SHOW FULL COLUMNS FROM `teacher` [ RunTime:0.000995s ]
[2023-08-08T09:57:42+08:00][sql] SELECT `teacher_name`,`teacher_title`,`teacher_avatar` FROM `teacher` WHERE  `id` = 3 LIMIT 1 [ RunTime:0.000278s ]
[2023-08-08T09:57:42+08:00][sql] SHOW FULL COLUMNS FROM `address` [ RunTime:0.000984s ]
[2023-08-08T09:57:42+08:00][sql] SELECT * FROM `address` WHERE  `id` = 1 LIMIT 1 [ RunTime:0.000239s ]
[2023-08-08T09:57:42+08:00][sql] SELECT * FROM `address` WHERE  `id` = 2 LIMIT 1 [ RunTime:0.000335s ]
[2023-08-08T19:34:02+08:00][sql] CONNECT:[ UseTime:0.000514s ] mysql:host=localhost;port=3316;dbname=coffee;charset=utf8
[2023-08-08T19:34:02+08:00][sql] SHOW FULL COLUMNS FROM `course` [ RunTime:0.002134s ]
[2023-08-08T19:34:02+08:00][sql] SELECT * FROM `course` WHERE  `id` = 7 LIMIT 1 [ RunTime:0.000369s ]
[2023-08-08T19:34:02+08:00][sql] SHOW FULL COLUMNS FROM `teacher` [ RunTime:0.001341s ]
[2023-08-08T19:34:02+08:00][sql] SELECT `teacher_name`,`teacher_title`,`teacher_avatar` FROM `teacher` WHERE  `id` = 1 LIMIT 1 [ RunTime:0.000271s ]
[2023-08-08T19:34:02+08:00][sql] SHOW FULL COLUMNS FROM `address` [ RunTime:0.001273s ]
[2023-08-08T19:34:02+08:00][sql] SELECT * FROM `address` WHERE  `id` = 1 LIMIT 1 [ RunTime:0.000309s ]
[2023-08-08T19:34:02+08:00][sql] SELECT * FROM `address` WHERE  `id` = 2 LIMIT 1 [ RunTime:0.000307s ]
[2023-08-08T19:40:03+08:00][sql] CONNECT:[ UseTime:0.000561s ] mysql:host=localhost;port=3316;dbname=coffee;charset=utf8
[2023-08-08T19:40:03+08:00][sql] SHOW FULL COLUMNS FROM `course` [ RunTime:0.001501s ]
[2023-08-08T19:40:03+08:00][sql] SELECT * FROM `course` WHERE  `id` = 7 LIMIT 1 [ RunTime:0.000322s ]
[2023-08-08T19:40:03+08:00][sql] SHOW FULL COLUMNS FROM `teacher` [ RunTime:0.001125s ]
[2023-08-08T19:40:03+08:00][sql] SELECT `teacher_name`,`teacher_title`,`teacher_avatar` FROM `teacher` WHERE  `id` = 1 LIMIT 1 [ RunTime:0.000243s ]
[2023-08-08T19:40:03+08:00][sql] SHOW FULL COLUMNS FROM `address` [ RunTime:0.000961s ]
[2023-08-08T19:40:03+08:00][sql] SELECT * FROM `address` WHERE  `id` = 1 LIMIT 1 [ RunTime:0.000278s ]
[2023-08-08T19:40:03+08:00][sql] SELECT * FROM `address` WHERE  `id` = 2 LIMIT 1 [ RunTime:0.000222s ]
