[2023-08-09T03:24:36+08:00][sql] CONNECT:[ UseTime:0.000448s ] mysql:host=localhost;port=3316;dbname=coffee;charset=utf8
[2023-08-09T03:24:36+08:00][sql] SHOW FULL COLUMNS FROM `course` [ RunTime:0.001588s ]
[2023-08-09T03:24:36+08:00][sql] SELECT * FROM `course` WHERE  `id` = 5 LIMIT 1 [ RunTime:0.000330s ]
[2023-08-09T03:24:36+08:00][sql] SHOW FULL COLUMNS FROM `teacher` [ RunTime:0.000890s ]
[2023-08-09T03:24:36+08:00][sql] SELECT `teacher_name`,`teacher_title`,`teacher_avatar` FROM `teacher` WHERE  `id` = 1 LIMIT 1 [ RunTime:0.000216s ]
[2023-08-09T03:24:36+08:00][sql] SELECT `teacher_name`,`teacher_title`,`teacher_avatar` FROM `teacher` WHERE  `id` = 2 LIMIT 1 [ RunTime:0.000667s ]
[2023-08-09T03:24:36+08:00][sql] SHOW FULL COLUMNS FROM `address` [ RunTime:0.000918s ]
[2023-08-09T03:24:36+08:00][sql] SELECT * FROM `address` WHERE  `id` = 1 LIMIT 1 [ RunTime:0.000270s ]
[2023-08-09T03:24:36+08:00][sql] SELECT * FROM `address` WHERE  `id` = 2 LIMIT 1 [ RunTime:0.000240s ]
[2023-08-09T03:35:02+08:00][sql] CONNECT:[ UseTime:0.000408s ] mysql:host=localhost;port=3316;dbname=coffee;charset=utf8
[2023-08-09T03:35:02+08:00][sql] SHOW FULL COLUMNS FROM `course` [ RunTime:0.001495s ]
[2023-08-09T03:35:02+08:00][sql] SELECT * FROM `course` WHERE  `id` = 5 LIMIT 1 [ RunTime:0.000762s ]
[2023-08-09T03:35:02+08:00][sql] SHOW FULL COLUMNS FROM `teacher` [ RunTime:0.000931s ]
[2023-08-09T03:35:02+08:00][sql] SELECT `teacher_name`,`teacher_title`,`teacher_avatar` FROM `teacher` WHERE  `id` = 1 LIMIT 1 [ RunTime:0.000239s ]
[2023-08-09T03:35:02+08:00][sql] SELECT `teacher_name`,`teacher_title`,`teacher_avatar` FROM `teacher` WHERE  `id` = 2 LIMIT 1 [ RunTime:0.000242s ]
[2023-08-09T03:35:02+08:00][sql] SHOW FULL COLUMNS FROM `address` [ RunTime:0.000915s ]
[2023-08-09T03:35:02+08:00][sql] SELECT * FROM `address` WHERE  `id` = 1 LIMIT 1 [ RunTime:0.000237s ]
[2023-08-09T03:35:02+08:00][sql] SELECT * FROM `address` WHERE  `id` = 2 LIMIT 1 [ RunTime:0.000221s ]
[2023-08-09T07:28:04+08:00][sql] CONNECT:[ UseTime:0.000534s ] mysql:host=localhost;port=3316;dbname=coffee;charset=utf8
[2023-08-09T07:28:04+08:00][sql] SHOW FULL COLUMNS FROM `course` [ RunTime:0.001607s ]
[2023-08-09T07:28:04+08:00][sql] SELECT * FROM `course` WHERE  `id` = 7 LIMIT 1 [ RunTime:0.000760s ]
[2023-08-09T07:28:04+08:00][sql] SHOW FULL COLUMNS FROM `teacher` [ RunTime:0.000935s ]
[2023-08-09T07:28:04+08:00][sql] SELECT `teacher_name`,`teacher_title`,`teacher_avatar` FROM `teacher` WHERE  `id` = 1 LIMIT 1 [ RunTime:0.000245s ]
[2023-08-09T07:28:04+08:00][sql] SHOW FULL COLUMNS FROM `address` [ RunTime:0.001030s ]
[2023-08-09T07:28:04+08:00][sql] SELECT * FROM `address` WHERE  `id` = 1 LIMIT 1 [ RunTime:0.000416s ]
[2023-08-09T07:28:04+08:00][sql] SELECT * FROM `address` WHERE  `id` = 2 LIMIT 1 [ RunTime:0.000304s ]
[2023-08-09T07:29:07+08:00][sql] CONNECT:[ UseTime:0.000557s ] mysql:host=localhost;port=3316;dbname=coffee;charset=utf8
[2023-08-09T07:29:07+08:00][sql] SHOW FULL COLUMNS FROM `course` [ RunTime:0.001551s ]
[2023-08-09T07:29:07+08:00][sql] SELECT * FROM `course` WHERE  `id` = 7 LIMIT 1 [ RunTime:0.000336s ]
[2023-08-09T07:29:07+08:00][sql] SHOW FULL COLUMNS FROM `teacher` [ RunTime:0.001188s ]
[2023-08-09T07:29:07+08:00][sql] SELECT `teacher_name`,`teacher_title`,`teacher_avatar` FROM `teacher` WHERE  `id` = 1 LIMIT 1 [ RunTime:0.000284s ]
[2023-08-09T07:29:07+08:00][sql] SHOW FULL COLUMNS FROM `address` [ RunTime:0.001081s ]
[2023-08-09T07:29:07+08:00][sql] SELECT * FROM `address` WHERE  `id` = 1 LIMIT 1 [ RunTime:0.000298s ]
[2023-08-09T07:29:07+08:00][sql] SELECT * FROM `address` WHERE  `id` = 2 LIMIT 1 [ RunTime:0.000371s ]
[2023-08-09T07:39:09+08:00][sql] CONNECT:[ UseTime:0.000434s ] mysql:host=localhost;port=3316;dbname=coffee;charset=utf8
[2023-08-09T07:39:09+08:00][sql] SHOW FULL COLUMNS FROM `course` [ RunTime:0.001694s ]
[2023-08-09T07:39:09+08:00][sql] SELECT * FROM `course` WHERE  `id` = 4 LIMIT 1 [ RunTime:0.000343s ]
[2023-08-09T07:39:09+08:00][sql] SHOW FULL COLUMNS FROM `teacher` [ RunTime:0.001002s ]
[2023-08-09T07:39:09+08:00][sql] SELECT `teacher_name`,`teacher_title`,`teacher_avatar` FROM `teacher` WHERE  `id` = 2 LIMIT 1 [ RunTime:0.000293s ]
[2023-08-09T07:39:09+08:00][sql] SHOW FULL COLUMNS FROM `address` [ RunTime:0.000995s ]
[2023-08-09T07:39:09+08:00][sql] SELECT * FROM `address` WHERE  `id` = 1 LIMIT 1 [ RunTime:0.000252s ]
[2023-08-09T07:39:09+08:00][sql] SELECT * FROM `address` WHERE  `id` = 2 LIMIT 1 [ RunTime:0.000238s ]
[2023-08-09T07:48:29+08:00][sql] CONNECT:[ UseTime:0.000445s ] mysql:host=localhost;port=3316;dbname=coffee;charset=utf8
[2023-08-09T07:48:29+08:00][sql] SHOW FULL COLUMNS FROM `course` [ RunTime:0.001527s ]
[2023-08-09T07:48:29+08:00][sql] SELECT * FROM `course` WHERE  `id` = 4 LIMIT 1 [ RunTime:0.000334s ]
[2023-08-09T07:48:29+08:00][sql] SHOW FULL COLUMNS FROM `teacher` [ RunTime:0.000943s ]
[2023-08-09T07:48:29+08:00][sql] SELECT `teacher_name`,`teacher_title`,`teacher_avatar` FROM `teacher` WHERE  `id` = 2 LIMIT 1 [ RunTime:0.000238s ]
[2023-08-09T07:48:29+08:00][sql] SHOW FULL COLUMNS FROM `address` [ RunTime:0.001027s ]
[2023-08-09T07:48:29+08:00][sql] SELECT * FROM `address` WHERE  `id` = 1 LIMIT 1 [ RunTime:0.000246s ]
[2023-08-09T07:48:29+08:00][sql] SELECT * FROM `address` WHERE  `id` = 2 LIMIT 1 [ RunTime:0.000230s ]
[2023-08-09T10:21:13+08:00][sql] CONNECT:[ UseTime:0.000494s ] mysql:host=localhost;port=3316;dbname=coffee;charset=utf8
[2023-08-09T10:21:13+08:00][sql] SHOW FULL COLUMNS FROM `course` [ RunTime:0.001684s ]
[2023-08-09T10:21:13+08:00][sql] SELECT * FROM `course` WHERE  `id` = 1 LIMIT 1 [ RunTime:0.000942s ]
[2023-08-09T10:21:13+08:00][sql] SHOW FULL COLUMNS FROM `teacher` [ RunTime:0.001051s ]
[2023-08-09T10:21:13+08:00][sql] SELECT `teacher_name`,`teacher_title`,`teacher_avatar` FROM `teacher` WHERE  `id` = 1 LIMIT 1 [ RunTime:0.000287s ]
[2023-08-09T10:21:13+08:00][sql] SELECT `teacher_name`,`teacher_title`,`teacher_avatar` FROM `teacher` WHERE  `id` = 2 LIMIT 1 [ RunTime:0.000261s ]
[2023-08-09T10:21:13+08:00][sql] SHOW FULL COLUMNS FROM `address` [ RunTime:0.000998s ]
[2023-08-09T10:21:13+08:00][sql] SELECT * FROM `address` WHERE  `id` = 1 LIMIT 1 [ RunTime:0.000260s ]
[2023-08-09T10:21:13+08:00][sql] SELECT * FROM `address` WHERE  `id` = 2 LIMIT 1 [ RunTime:0.000260s ]
[2023-08-09T10:22:12+08:00][sql] CONNECT:[ UseTime:0.000435s ] mysql:host=localhost;port=3316;dbname=coffee;charset=utf8
[2023-08-09T10:22:12+08:00][sql] SHOW FULL COLUMNS FROM `course` [ RunTime:0.001578s ]
[2023-08-09T10:22:12+08:00][sql] SELECT * FROM `course` WHERE  `id` = 1 LIMIT 1 [ RunTime:0.000361s ]
[2023-08-09T10:22:12+08:00][sql] SHOW FULL COLUMNS FROM `teacher` [ RunTime:0.001081s ]
[2023-08-09T10:22:12+08:00][sql] SELECT `teacher_name`,`teacher_title`,`teacher_avatar` FROM `teacher` WHERE  `id` = 1 LIMIT 1 [ RunTime:0.000242s ]
[2023-08-09T10:22:12+08:00][sql] SELECT `teacher_name`,`teacher_title`,`teacher_avatar` FROM `teacher` WHERE  `id` = 2 LIMIT 1 [ RunTime:0.000193s ]
[2023-08-09T10:22:12+08:00][sql] SHOW FULL COLUMNS FROM `address` [ RunTime:0.000946s ]
[2023-08-09T10:22:12+08:00][sql] SELECT * FROM `address` WHERE  `id` = 1 LIMIT 1 [ RunTime:0.000278s ]
[2023-08-09T10:22:12+08:00][sql] SELECT * FROM `address` WHERE  `id` = 2 LIMIT 1 [ RunTime:0.000228s ]
[2023-08-09T10:29:46+08:00][sql] CONNECT:[ UseTime:0.000532s ] mysql:host=localhost;port=3316;dbname=coffee;charset=utf8
[2023-08-09T10:29:46+08:00][sql] SHOW FULL COLUMNS FROM `course` [ RunTime:0.001662s ]
[2023-08-09T10:29:46+08:00][sql] SELECT * FROM `course` WHERE  `id` = 1 LIMIT 1 [ RunTime:0.000881s ]
[2023-08-09T10:29:46+08:00][sql] SHOW FULL COLUMNS FROM `teacher` [ RunTime:0.001440s ]
[2023-08-09T10:29:46+08:00][sql] SELECT `teacher_name`,`teacher_title`,`teacher_avatar` FROM `teacher` WHERE  `id` = 1 LIMIT 1 [ RunTime:0.000289s ]
[2023-08-09T10:29:46+08:00][sql] SELECT `teacher_name`,`teacher_title`,`teacher_avatar` FROM `teacher` WHERE  `id` = 2 LIMIT 1 [ RunTime:0.000268s ]
[2023-08-09T10:29:46+08:00][sql] SHOW FULL COLUMNS FROM `address` [ RunTime:0.001305s ]
[2023-08-09T10:29:46+08:00][sql] SELECT * FROM `address` WHERE  `id` = 1 LIMIT 1 [ RunTime:0.000297s ]
[2023-08-09T10:29:46+08:00][sql] SELECT * FROM `address` WHERE  `id` = 2 LIMIT 1 [ RunTime:0.000265s ]
[2023-08-09T10:35:57+08:00][sql] CONNECT:[ UseTime:0.000508s ] mysql:host=localhost;port=3316;dbname=coffee;charset=utf8
[2023-08-09T10:35:57+08:00][sql] SHOW FULL COLUMNS FROM `course` [ RunTime:0.001848s ]
[2023-08-09T10:35:57+08:00][sql] SELECT * FROM `course` WHERE  `id` = 1 LIMIT 1 [ RunTime:0.001133s ]
[2023-08-09T10:35:57+08:00][sql] SHOW FULL COLUMNS FROM `teacher` [ RunTime:0.001149s ]
[2023-08-09T10:35:57+08:00][sql] SELECT `teacher_name`,`teacher_title`,`teacher_avatar` FROM `teacher` WHERE  `id` = 1 LIMIT 1 [ RunTime:0.000273s ]
[2023-08-09T10:35:57+08:00][sql] SELECT `teacher_name`,`teacher_title`,`teacher_avatar` FROM `teacher` WHERE  `id` = 2 LIMIT 1 [ RunTime:0.000236s ]
[2023-08-09T10:35:57+08:00][sql] SHOW FULL COLUMNS FROM `address` [ RunTime:0.001047s ]
[2023-08-09T10:35:57+08:00][sql] SELECT * FROM `address` WHERE  `id` = 1 LIMIT 1 [ RunTime:0.000251s ]
[2023-08-09T10:35:57+08:00][sql] SELECT * FROM `address` WHERE  `id` = 2 LIMIT 1 [ RunTime:0.000255s ]
[2023-08-09T11:41:07+08:00][sql] CONNECT:[ UseTime:0.000510s ] mysql:host=localhost;port=3316;dbname=coffee;charset=utf8
[2023-08-09T11:41:07+08:00][sql] SHOW FULL COLUMNS FROM `course` [ RunTime:0.001504s ]
[2023-08-09T11:41:07+08:00][sql] SELECT `id`,`title`,`price`,`days`,`time` FROM `course` WHERE  `is_time` = 1 ORDER BY `sorting` ASC [ RunTime:0.000355s ]
[2023-08-09T11:41:07+08:00][sql] SELECT `id`,`title` FROM `course` WHERE  `status` = 1 [ RunTime:0.000244s ]
[2023-08-09T11:41:07+08:00][sql] SELECT `id`,`title` FROM `course` WHERE  `status` = 2 [ RunTime:0.000182s ]
[2023-08-09T11:41:07+08:00][sql] SHOW FULL COLUMNS FROM `address` [ RunTime:0.001007s ]
[2023-08-09T11:41:07+08:00][sql] SELECT * FROM `address` WHERE  `id` = 1 LIMIT 1 [ RunTime:0.000292s ]
[2023-08-09T11:41:07+08:00][sql] SELECT * FROM `address` WHERE  `id` = 2 LIMIT 1 [ RunTime:0.000238s ]
