[2023-08-17T01:37:12+08:00][sql] CONNECT:[ UseTime:0.000412s ] mysql:host=localhost;port=3316;dbname=coffee;charset=utf8
[2023-08-17T01:37:12+08:00][sql] SHOW FULL COLUMNS FROM `course` [ RunTime:0.001487s ]
[2023-08-17T01:37:12+08:00][sql] SELECT * FROM `course` WHERE  `id` = 4 LIMIT 1 [ RunTime:0.000310s ]
[2023-08-17T01:37:12+08:00][sql] SHOW FULL COLUMNS FROM `teacher` [ RunTime:0.000883s ]
[2023-08-17T01:37:12+08:00][sql] SELECT `teacher_name`,`teacher_title`,`teacher_avatar` FROM `teacher` WHERE  `id` = 2 LIMIT 1 [ RunTime:0.000224s ]
[2023-08-17T01:37:12+08:00][sql] SHOW FULL COLUMNS FROM `address` [ RunTime:0.000869s ]
[2023-08-17T01:37:12+08:00][sql] SELECT * FROM `address` WHERE  `id` = 1 LIMIT 1 [ RunTime:0.000254s ]
[2023-08-17T01:37:12+08:00][sql] SELECT * FROM `address` WHERE  `id` = 2 LIMIT 1 [ RunTime:0.000218s ]
[2023-08-17T01:40:08+08:00][sql] CONNECT:[ UseTime:0.000409s ] mysql:host=localhost;port=3316;dbname=coffee;charset=utf8
[2023-08-17T01:40:08+08:00][sql] SHOW FULL COLUMNS FROM `course` [ RunTime:0.001610s ]
[2023-08-17T01:40:08+08:00][sql] SELECT * FROM `course` WHERE  `id` = 4 LIMIT 1 [ RunTime:0.000316s ]
[2023-08-17T01:40:08+08:00][sql] SHOW FULL COLUMNS FROM `teacher` [ RunTime:0.000891s ]
[2023-08-17T01:40:08+08:00][sql] SELECT `teacher_name`,`teacher_title`,`teacher_avatar` FROM `teacher` WHERE  `id` = 2 LIMIT 1 [ RunTime:0.000237s ]
[2023-08-17T01:40:08+08:00][sql] SHOW FULL COLUMNS FROM `address` [ RunTime:0.000880s ]
[2023-08-17T01:40:08+08:00][sql] SELECT * FROM `address` WHERE  `id` = 1 LIMIT 1 [ RunTime:0.000239s ]
[2023-08-17T01:40:08+08:00][sql] SELECT * FROM `address` WHERE  `id` = 2 LIMIT 1 [ RunTime:0.000197s ]
[2023-08-17T03:11:47+08:00][sql] CONNECT:[ UseTime:0.000417s ] mysql:host=localhost;port=3316;dbname=coffee;charset=utf8
[2023-08-17T03:11:47+08:00][sql] SHOW FULL COLUMNS FROM `course` [ RunTime:0.001798s ]
[2023-08-17T03:11:47+08:00][sql] SELECT * FROM `course` WHERE  `id` = 2 LIMIT 1 [ RunTime:0.000376s ]
[2023-08-17T03:11:47+08:00][sql] SHOW FULL COLUMNS FROM `teacher` [ RunTime:0.000961s ]
[2023-08-17T03:11:47+08:00][sql] SELECT `teacher_name`,`teacher_title`,`teacher_avatar` FROM `teacher` WHERE  `id` = 3 LIMIT 1 [ RunTime:0.000246s ]
[2023-08-17T03:11:47+08:00][sql] SHOW FULL COLUMNS FROM `address` [ RunTime:0.000907s ]
[2023-08-17T03:11:47+08:00][sql] SELECT * FROM `address` WHERE  `id` = 1 LIMIT 1 [ RunTime:0.000236s ]
[2023-08-17T03:11:47+08:00][sql] SELECT * FROM `address` WHERE  `id` = 2 LIMIT 1 [ RunTime:0.000232s ]
[2023-08-17T03:21:06+08:00][sql] CONNECT:[ UseTime:0.000470s ] mysql:host=localhost;port=3316;dbname=coffee;charset=utf8
[2023-08-17T03:21:06+08:00][sql] SHOW FULL COLUMNS FROM `course` [ RunTime:0.001880s ]
[2023-08-17T03:21:06+08:00][sql] SELECT * FROM `course` WHERE  `id` = 2 LIMIT 1 [ RunTime:0.000376s ]
[2023-08-17T03:21:06+08:00][sql] SHOW FULL COLUMNS FROM `teacher` [ RunTime:0.000975s ]
[2023-08-17T03:21:06+08:00][sql] SELECT `teacher_name`,`teacher_title`,`teacher_avatar` FROM `teacher` WHERE  `id` = 3 LIMIT 1 [ RunTime:0.000253s ]
[2023-08-17T03:21:06+08:00][sql] SHOW FULL COLUMNS FROM `address` [ RunTime:0.001135s ]
[2023-08-17T03:21:06+08:00][sql] SELECT * FROM `address` WHERE  `id` = 1 LIMIT 1 [ RunTime:0.000318s ]
[2023-08-17T03:21:06+08:00][sql] SELECT * FROM `address` WHERE  `id` = 2 LIMIT 1 [ RunTime:0.000282s ]
[2023-08-17T05:48:55+08:00][sql] CONNECT:[ UseTime:0.000425s ] mysql:host=localhost;port=3316;dbname=coffee;charset=utf8
[2023-08-17T05:48:55+08:00][sql] SHOW FULL COLUMNS FROM `course` [ RunTime:0.001439s ]
[2023-08-17T05:48:55+08:00][sql] SELECT * FROM `course` WHERE  `id` = 1 LIMIT 1 [ RunTime:0.000304s ]
[2023-08-17T05:48:55+08:00][sql] SHOW FULL COLUMNS FROM `teacher` [ RunTime:0.000863s ]
[2023-08-17T05:48:55+08:00][sql] SELECT `teacher_name`,`teacher_title`,`teacher_avatar` FROM `teacher` WHERE  `id` = 1 LIMIT 1 [ RunTime:0.000234s ]
[2023-08-17T05:48:55+08:00][sql] SELECT `teacher_name`,`teacher_title`,`teacher_avatar` FROM `teacher` WHERE  `id` = 2 LIMIT 1 [ RunTime:0.000615s ]
[2023-08-17T05:48:55+08:00][sql] SHOW FULL COLUMNS FROM `address` [ RunTime:0.000875s ]
[2023-08-17T05:48:55+08:00][sql] SELECT * FROM `address` WHERE  `id` = 1 LIMIT 1 [ RunTime:0.000254s ]
[2023-08-17T05:48:55+08:00][sql] SELECT * FROM `address` WHERE  `id` = 2 LIMIT 1 [ RunTime:0.000200s ]
[2023-08-17T05:58:38+08:00][sql] CONNECT:[ UseTime:0.000398s ] mysql:host=localhost;port=3316;dbname=coffee;charset=utf8
[2023-08-17T05:58:38+08:00][sql] SHOW FULL COLUMNS FROM `course` [ RunTime:0.001449s ]
[2023-08-17T05:58:38+08:00][sql] SELECT * FROM `course` WHERE  `id` = 1 LIMIT 1 [ RunTime:0.000741s ]
[2023-08-17T05:58:38+08:00][sql] SHOW FULL COLUMNS FROM `teacher` [ RunTime:0.000885s ]
[2023-08-17T05:58:38+08:00][sql] SELECT `teacher_name`,`teacher_title`,`teacher_avatar` FROM `teacher` WHERE  `id` = 1 LIMIT 1 [ RunTime:0.000219s ]
[2023-08-17T05:58:38+08:00][sql] SELECT `teacher_name`,`teacher_title`,`teacher_avatar` FROM `teacher` WHERE  `id` = 2 LIMIT 1 [ RunTime:0.000189s ]
[2023-08-17T05:58:38+08:00][sql] SHOW FULL COLUMNS FROM `address` [ RunTime:0.000923s ]
[2023-08-17T05:58:38+08:00][sql] SELECT * FROM `address` WHERE  `id` = 1 LIMIT 1 [ RunTime:0.000228s ]
[2023-08-17T05:58:38+08:00][sql] SELECT * FROM `address` WHERE  `id` = 2 LIMIT 1 [ RunTime:0.000201s ]
[2023-08-17T06:09:37+08:00][sql] CONNECT:[ UseTime:0.000420s ] mysql:host=localhost;port=3316;dbname=coffee;charset=utf8
[2023-08-17T06:09:37+08:00][sql] SHOW FULL COLUMNS FROM `course` [ RunTime:0.001575s ]
[2023-08-17T06:09:37+08:00][sql] SELECT * FROM `course` WHERE  `id` = 3 LIMIT 1 [ RunTime:0.000314s ]
[2023-08-17T06:09:37+08:00][sql] SHOW FULL COLUMNS FROM `teacher` [ RunTime:0.000887s ]
[2023-08-17T06:09:37+08:00][sql] SELECT `teacher_name`,`teacher_title`,`teacher_avatar` FROM `teacher` WHERE  `id` = 1 LIMIT 1 [ RunTime:0.000217s ]
[2023-08-17T06:09:37+08:00][sql] SHOW FULL COLUMNS FROM `address` [ RunTime:0.000891s ]
[2023-08-17T06:09:37+08:00][sql] SELECT * FROM `address` WHERE  `id` = 1 LIMIT 1 [ RunTime:0.000249s ]
[2023-08-17T06:09:37+08:00][sql] SELECT * FROM `address` WHERE  `id` = 2 LIMIT 1 [ RunTime:0.000229s ]
[2023-08-17T06:09:37+08:00][sql] CONNECT:[ UseTime:0.000298s ] mysql:host=localhost;port=3316;dbname=coffee;charset=utf8
[2023-08-17T06:09:37+08:00][sql] SHOW FULL COLUMNS FROM `course` [ RunTime:0.001317s ]
[2023-08-17T06:09:37+08:00][sql] SELECT `id`,`title`,`price`,`days`,`time` FROM `course` WHERE  `is_time` = 1 ORDER BY `sorting` ASC [ RunTime:0.000273s ]
[2023-08-17T06:09:37+08:00][sql] SELECT `id`,`title` FROM `course` WHERE  `status` = 1 [ RunTime:0.000210s ]
[2023-08-17T06:09:37+08:00][sql] SELECT `id`,`title` FROM `course` WHERE  `status` = 2 [ RunTime:0.000265s ]
[2023-08-17T06:09:37+08:00][sql] SHOW FULL COLUMNS FROM `address` [ RunTime:0.001115s ]
[2023-08-17T06:09:37+08:00][sql] SELECT * FROM `address` WHERE  `id` = 1 LIMIT 1 [ RunTime:0.000249s ]
[2023-08-17T06:09:37+08:00][sql] SELECT * FROM `address` WHERE  `id` = 2 LIMIT 1 [ RunTime:0.000233s ]
[2023-08-17T06:12:50+08:00][sql] CONNECT:[ UseTime:0.000465s ] mysql:host=localhost;port=3316;dbname=coffee;charset=utf8
[2023-08-17T06:12:50+08:00][sql] SHOW FULL COLUMNS FROM `course` [ RunTime:0.001559s ]
[2023-08-17T06:12:50+08:00][sql] SELECT * FROM `course` WHERE  `id` = 3 LIMIT 1 [ RunTime:0.000807s ]
[2023-08-17T06:12:50+08:00][sql] SHOW FULL COLUMNS FROM `teacher` [ RunTime:0.000999s ]
[2023-08-17T06:12:50+08:00][sql] SELECT `teacher_name`,`teacher_title`,`teacher_avatar` FROM `teacher` WHERE  `id` = 1 LIMIT 1 [ RunTime:0.000272s ]
[2023-08-17T06:12:50+08:00][sql] SHOW FULL COLUMNS FROM `address` [ RunTime:0.001043s ]
[2023-08-17T06:12:50+08:00][sql] SELECT * FROM `address` WHERE  `id` = 1 LIMIT 1 [ RunTime:0.000331s ]
[2023-08-17T06:12:50+08:00][sql] SELECT * FROM `address` WHERE  `id` = 2 LIMIT 1 [ RunTime:0.000204s ]
[2023-08-17T06:13:56+08:00][sql] CONNECT:[ UseTime:0.000462s ] mysql:host=localhost;port=3316;dbname=coffee;charset=utf8
[2023-08-17T06:13:56+08:00][sql] SHOW FULL COLUMNS FROM `course` [ RunTime:0.001528s ]
[2023-08-17T06:13:56+08:00][sql] SELECT * FROM `course` WHERE  `id` = 3 LIMIT 1 [ RunTime:0.000764s ]
[2023-08-17T06:13:56+08:00][sql] SHOW FULL COLUMNS FROM `teacher` [ RunTime:0.000905s ]
[2023-08-17T06:13:56+08:00][sql] SELECT `teacher_name`,`teacher_title`,`teacher_avatar` FROM `teacher` WHERE  `id` = 1 LIMIT 1 [ RunTime:0.000241s ]
[2023-08-17T06:13:56+08:00][sql] SHOW FULL COLUMNS FROM `address` [ RunTime:0.000922s ]
[2023-08-17T06:13:56+08:00][sql] SELECT * FROM `address` WHERE  `id` = 1 LIMIT 1 [ RunTime:0.000243s ]
[2023-08-17T06:13:56+08:00][sql] SELECT * FROM `address` WHERE  `id` = 2 LIMIT 1 [ RunTime:0.000219s ]
[2023-08-17T06:18:20+08:00][sql] CONNECT:[ UseTime:0.000436s ] mysql:host=localhost;port=3316;dbname=coffee;charset=utf8
[2023-08-17T06:18:20+08:00][sql] SHOW FULL COLUMNS FROM `course` [ RunTime:0.001599s ]
[2023-08-17T06:18:20+08:00][sql] SELECT * FROM `course` WHERE  `id` = 2 LIMIT 1 [ RunTime:0.000305s ]
[2023-08-17T06:18:20+08:00][sql] SHOW FULL COLUMNS FROM `teacher` [ RunTime:0.000937s ]
[2023-08-17T06:18:20+08:00][sql] SELECT `teacher_name`,`teacher_title`,`teacher_avatar` FROM `teacher` WHERE  `id` = 3 LIMIT 1 [ RunTime:0.000270s ]
[2023-08-17T06:18:20+08:00][sql] SHOW FULL COLUMNS FROM `address` [ RunTime:0.000925s ]
[2023-08-17T06:18:20+08:00][sql] SELECT * FROM `address` WHERE  `id` = 1 LIMIT 1 [ RunTime:0.000229s ]
[2023-08-17T06:18:20+08:00][sql] SELECT * FROM `address` WHERE  `id` = 2 LIMIT 1 [ RunTime:0.000262s ]
[2023-08-17T06:19:06+08:00][sql] CONNECT:[ UseTime:0.000397s ] mysql:host=localhost;port=3316;dbname=coffee;charset=utf8
[2023-08-17T06:19:06+08:00][sql] SHOW FULL COLUMNS FROM `course` [ RunTime:0.001604s ]
[2023-08-17T06:19:06+08:00][sql] SELECT `id`,`title`,`price`,`days`,`time` FROM `course` WHERE  `is_time` = 1 ORDER BY `sorting` ASC [ RunTime:0.000310s ]
[2023-08-17T06:19:06+08:00][sql] SELECT `id`,`title` FROM `course` WHERE  `status` = 1 [ RunTime:0.000230s ]
[2023-08-17T06:19:06+08:00][sql] SELECT `id`,`title` FROM `course` WHERE  `status` = 2 [ RunTime:0.000209s ]
[2023-08-17T06:19:06+08:00][sql] SHOW FULL COLUMNS FROM `address` [ RunTime:0.000943s ]
[2023-08-17T06:19:06+08:00][sql] SELECT * FROM `address` WHERE  `id` = 1 LIMIT 1 [ RunTime:0.000255s ]
[2023-08-17T06:19:06+08:00][sql] SELECT * FROM `address` WHERE  `id` = 2 LIMIT 1 [ RunTime:0.000218s ]
[2023-08-17T06:19:57+08:00][sql] CONNECT:[ UseTime:0.000410s ] mysql:host=localhost;port=3316;dbname=coffee;charset=utf8
[2023-08-17T06:19:57+08:00][sql] SHOW FULL COLUMNS FROM `course` [ RunTime:0.001431s ]
[2023-08-17T06:19:57+08:00][sql] SELECT * FROM `course` WHERE  `id` = 3 LIMIT 1 [ RunTime:0.000297s ]
[2023-08-17T06:19:57+08:00][sql] SHOW FULL COLUMNS FROM `teacher` [ RunTime:0.000872s ]
[2023-08-17T06:19:57+08:00][sql] SELECT `teacher_name`,`teacher_title`,`teacher_avatar` FROM `teacher` WHERE  `id` = 1 LIMIT 1 [ RunTime:0.000215s ]
[2023-08-17T06:19:57+08:00][sql] SHOW FULL COLUMNS FROM `address` [ RunTime:0.000893s ]
[2023-08-17T06:19:57+08:00][sql] SELECT * FROM `address` WHERE  `id` = 1 LIMIT 1 [ RunTime:0.000249s ]
[2023-08-17T06:19:57+08:00][sql] SELECT * FROM `address` WHERE  `id` = 2 LIMIT 1 [ RunTime:0.000195s ]
[2023-08-17T06:24:47+08:00][sql] CONNECT:[ UseTime:0.000550s ] mysql:host=localhost;port=3316;dbname=coffee;charset=utf8
[2023-08-17T06:24:47+08:00][sql] SHOW FULL COLUMNS FROM `course` [ RunTime:0.002283s ]
[2023-08-17T06:24:47+08:00][sql] SELECT * FROM `course` WHERE  `id` = 2 LIMIT 1 [ RunTime:0.000433s ]
[2023-08-17T06:24:47+08:00][sql] SHOW FULL COLUMNS FROM `teacher` [ RunTime:0.001428s ]
[2023-08-17T06:24:47+08:00][sql] SELECT `teacher_name`,`teacher_title`,`teacher_avatar` FROM `teacher` WHERE  `id` = 3 LIMIT 1 [ RunTime:0.000357s ]
[2023-08-17T06:24:47+08:00][sql] SHOW FULL COLUMNS FROM `address` [ RunTime:0.001438s ]
[2023-08-17T06:24:47+08:00][sql] SELECT * FROM `address` WHERE  `id` = 1 LIMIT 1 [ RunTime:0.000346s ]
[2023-08-17T06:24:47+08:00][sql] SELECT * FROM `address` WHERE  `id` = 2 LIMIT 1 [ RunTime:0.000360s ]
[2023-08-17T07:27:48+08:00][sql] CONNECT:[ UseTime:0.000469s ] mysql:host=localhost;port=3316;dbname=coffee;charset=utf8
[2023-08-17T07:27:48+08:00][sql] SHOW FULL COLUMNS FROM `course` [ RunTime:0.001746s ]
[2023-08-17T07:27:48+08:00][sql] SELECT * FROM `course` WHERE  `id` = 1 LIMIT 1 [ RunTime:0.000410s ]
[2023-08-17T07:27:48+08:00][sql] SHOW FULL COLUMNS FROM `teacher` [ RunTime:0.001041s ]
[2023-08-17T07:27:48+08:00][sql] SELECT `teacher_name`,`teacher_title`,`teacher_avatar` FROM `teacher` WHERE  `id` = 1 LIMIT 1 [ RunTime:0.000267s ]
[2023-08-17T07:27:48+08:00][sql] SELECT `teacher_name`,`teacher_title`,`teacher_avatar` FROM `teacher` WHERE  `id` = 2 LIMIT 1 [ RunTime:0.000283s ]
[2023-08-17T07:27:48+08:00][sql] SHOW FULL COLUMNS FROM `address` [ RunTime:0.000948s ]
[2023-08-17T07:27:48+08:00][sql] SELECT * FROM `address` WHERE  `id` = 1 LIMIT 1 [ RunTime:0.000345s ]
[2023-08-17T07:27:48+08:00][sql] SELECT * FROM `address` WHERE  `id` = 2 LIMIT 1 [ RunTime:0.000230s ]
[2023-08-17T08:56:48+08:00][sql] CONNECT:[ UseTime:0.000427s ] mysql:host=localhost;port=3316;dbname=coffee;charset=utf8
[2023-08-17T08:56:48+08:00][sql] SHOW FULL COLUMNS FROM `course` [ RunTime:0.001509s ]
[2023-08-17T08:56:48+08:00][sql] SELECT * FROM `course` WHERE  `id` = 1 LIMIT 1 [ RunTime:0.000318s ]
[2023-08-17T08:56:48+08:00][sql] SHOW FULL COLUMNS FROM `teacher` [ RunTime:0.000941s ]
[2023-08-17T08:56:48+08:00][sql] SELECT `teacher_name`,`teacher_title`,`teacher_avatar` FROM `teacher` WHERE  `id` = 1 LIMIT 1 [ RunTime:0.000238s ]
[2023-08-17T08:56:48+08:00][sql] SELECT `teacher_name`,`teacher_title`,`teacher_avatar` FROM `teacher` WHERE  `id` = 2 LIMIT 1 [ RunTime:0.000630s ]
[2023-08-17T08:56:48+08:00][sql] SHOW FULL COLUMNS FROM `address` [ RunTime:0.000935s ]
[2023-08-17T08:56:48+08:00][sql] SELECT * FROM `address` WHERE  `id` = 1 LIMIT 1 [ RunTime:0.000238s ]
[2023-08-17T08:56:48+08:00][sql] SELECT * FROM `address` WHERE  `id` = 2 LIMIT 1 [ RunTime:0.000209s ]
[2023-08-17T08:58:33+08:00][sql] CONNECT:[ UseTime:0.000432s ] mysql:host=localhost;port=3316;dbname=coffee;charset=utf8
[2023-08-17T08:58:33+08:00][sql] SHOW FULL COLUMNS FROM `course` [ RunTime:0.001842s ]
[2023-08-17T08:58:33+08:00][sql] SELECT * FROM `course` WHERE  `id` = 1 LIMIT 1 [ RunTime:0.000393s ]
[2023-08-17T08:58:33+08:00][sql] SHOW FULL COLUMNS FROM `teacher` [ RunTime:0.001083s ]
[2023-08-17T08:58:33+08:00][sql] SELECT `teacher_name`,`teacher_title`,`teacher_avatar` FROM `teacher` WHERE  `id` = 1 LIMIT 1 [ RunTime:0.000280s ]
[2023-08-17T08:58:33+08:00][sql] SELECT `teacher_name`,`teacher_title`,`teacher_avatar` FROM `teacher` WHERE  `id` = 2 LIMIT 1 [ RunTime:0.000232s ]
[2023-08-17T08:58:33+08:00][sql] SHOW FULL COLUMNS FROM `address` [ RunTime:0.001038s ]
[2023-08-17T08:58:33+08:00][sql] SELECT * FROM `address` WHERE  `id` = 1 LIMIT 1 [ RunTime:0.000349s ]
[2023-08-17T08:58:33+08:00][sql] SELECT * FROM `address` WHERE  `id` = 2 LIMIT 1 [ RunTime:0.000249s ]
[2023-08-17T11:19:07+08:00][sql] CONNECT:[ UseTime:0.000407s ] mysql:host=localhost;port=3316;dbname=coffee;charset=utf8
[2023-08-17T11:19:07+08:00][sql] SHOW FULL COLUMNS FROM `course` [ RunTime:0.001546s ]
[2023-08-17T11:19:07+08:00][sql] SELECT * FROM `course` WHERE  `id` = 2 LIMIT 1 [ RunTime:0.000733s ]
[2023-08-17T11:19:07+08:00][sql] SHOW FULL COLUMNS FROM `teacher` [ RunTime:0.000910s ]
[2023-08-17T11:19:07+08:00][sql] SELECT `teacher_name`,`teacher_title`,`teacher_avatar` FROM `teacher` WHERE  `id` = 3 LIMIT 1 [ RunTime:0.000239s ]
[2023-08-17T11:19:07+08:00][sql] SHOW FULL COLUMNS FROM `address` [ RunTime:0.000891s ]
[2023-08-17T11:19:07+08:00][sql] SELECT * FROM `address` WHERE  `id` = 1 LIMIT 1 [ RunTime:0.000230s ]
[2023-08-17T11:19:07+08:00][sql] SELECT * FROM `address` WHERE  `id` = 2 LIMIT 1 [ RunTime:0.000219s ]
[2023-08-17T11:31:08+08:00][sql] CONNECT:[ UseTime:0.000464s ] mysql:host=localhost;port=3316;dbname=coffee;charset=utf8
[2023-08-17T11:31:08+08:00][sql] SHOW FULL COLUMNS FROM `course` [ RunTime:0.001574s ]
[2023-08-17T11:31:08+08:00][sql] SELECT * FROM `course` WHERE  `id` = 2 LIMIT 1 [ RunTime:0.000786s ]
[2023-08-17T11:31:08+08:00][sql] SHOW FULL COLUMNS FROM `teacher` [ RunTime:0.000931s ]
[2023-08-17T11:31:08+08:00][sql] SELECT `teacher_name`,`teacher_title`,`teacher_avatar` FROM `teacher` WHERE  `id` = 3 LIMIT 1 [ RunTime:0.000267s ]
[2023-08-17T11:31:08+08:00][sql] SHOW FULL COLUMNS FROM `address` [ RunTime:0.000970s ]
[2023-08-17T11:31:08+08:00][sql] SELECT * FROM `address` WHERE  `id` = 1 LIMIT 1 [ RunTime:0.000327s ]
[2023-08-17T11:31:08+08:00][sql] SELECT * FROM `address` WHERE  `id` = 2 LIMIT 1 [ RunTime:0.000253s ]
[2023-08-17T17:42:15+08:00][sql] CONNECT:[ UseTime:0.000487s ] mysql:host=localhost;port=3316;dbname=coffee;charset=utf8
[2023-08-17T17:42:15+08:00][sql] SHOW FULL COLUMNS FROM `course` [ RunTime:0.001646s ]
[2023-08-17T17:42:15+08:00][sql] SELECT * FROM `course` WHERE  `id` = 3 LIMIT 1 [ RunTime:0.000833s ]
[2023-08-17T17:42:15+08:00][sql] SHOW FULL COLUMNS FROM `teacher` [ RunTime:0.001012s ]
[2023-08-17T17:42:15+08:00][sql] SELECT `teacher_name`,`teacher_title`,`teacher_avatar` FROM `teacher` WHERE  `id` = 1 LIMIT 1 [ RunTime:0.000311s ]
[2023-08-17T17:42:15+08:00][sql] SHOW FULL COLUMNS FROM `address` [ RunTime:0.001010s ]
[2023-08-17T17:42:15+08:00][sql] SELECT * FROM `address` WHERE  `id` = 1 LIMIT 1 [ RunTime:0.000311s ]
[2023-08-17T17:42:15+08:00][sql] SELECT * FROM `address` WHERE  `id` = 2 LIMIT 1 [ RunTime:0.000267s ]
[2023-08-17T19:28:54+08:00][sql] CONNECT:[ UseTime:0.000483s ] mysql:host=localhost;port=3316;dbname=coffee;charset=utf8
[2023-08-17T19:28:54+08:00][sql] SHOW FULL COLUMNS FROM `course` [ RunTime:0.001560s ]
[2023-08-17T19:28:54+08:00][sql] SELECT `id`,`title`,`price`,`days`,`time` FROM `course` WHERE  `is_time` = 1 ORDER BY `sorting` ASC [ RunTime:0.000340s ]
[2023-08-17T19:28:54+08:00][sql] SELECT `id`,`title` FROM `course` WHERE  `status` = 1 [ RunTime:0.000270s ]
[2023-08-17T19:28:54+08:00][sql] SELECT `id`,`title` FROM `course` WHERE  `status` = 2 [ RunTime:0.000224s ]
[2023-08-17T19:28:54+08:00][sql] SHOW FULL COLUMNS FROM `address` [ RunTime:0.001102s ]
[2023-08-17T19:28:54+08:00][sql] SELECT * FROM `address` WHERE  `id` = 1 LIMIT 1 [ RunTime:0.000288s ]
[2023-08-17T19:28:54+08:00][sql] SELECT * FROM `address` WHERE  `id` = 2 LIMIT 1 [ RunTime:0.000290s ]
[2023-08-17T19:28:55+08:00][sql] CONNECT:[ UseTime:0.000414s ] mysql:host=localhost;port=3316;dbname=coffee;charset=utf8
[2023-08-17T19:28:55+08:00][sql] SHOW FULL COLUMNS FROM `course` [ RunTime:0.001604s ]
[2023-08-17T19:28:55+08:00][sql] SELECT * FROM `course` WHERE  `id` = 1 LIMIT 1 [ RunTime:0.000336s ]
[2023-08-17T19:28:55+08:00][sql] SHOW FULL COLUMNS FROM `teacher` [ RunTime:0.001486s ]
[2023-08-17T19:28:55+08:00][sql] SELECT `teacher_name`,`teacher_title`,`teacher_avatar` FROM `teacher` WHERE  `id` = 1 LIMIT 1 [ RunTime:0.000298s ]
[2023-08-17T19:28:55+08:00][sql] SELECT `teacher_name`,`teacher_title`,`teacher_avatar` FROM `teacher` WHERE  `id` = 2 LIMIT 1 [ RunTime:0.000312s ]
[2023-08-17T19:28:55+08:00][sql] SHOW FULL COLUMNS FROM `address` [ RunTime:0.001486s ]
[2023-08-17T19:28:55+08:00][sql] SELECT * FROM `address` WHERE  `id` = 1 LIMIT 1 [ RunTime:0.000323s ]
[2023-08-17T19:28:55+08:00][sql] SELECT * FROM `address` WHERE  `id` = 2 LIMIT 1 [ RunTime:0.000284s ]
[2023-08-17T19:28:56+08:00][sql] CONNECT:[ UseTime:0.000439s ] mysql:host=localhost;port=3316;dbname=coffee;charset=utf8
[2023-08-17T19:28:56+08:00][sql] SHOW FULL COLUMNS FROM `course` [ RunTime:0.001528s ]
[2023-08-17T19:28:56+08:00][sql] SELECT * FROM `course` WHERE  `id` = 6 LIMIT 1 [ RunTime:0.000378s ]
[2023-08-17T19:28:56+08:00][sql] SHOW FULL COLUMNS FROM `teacher` [ RunTime:0.001019s ]
[2023-08-17T19:28:56+08:00][sql] SELECT `teacher_name`,`teacher_title`,`teacher_avatar` FROM `teacher` WHERE  `id` = 1 LIMIT 1 [ RunTime:0.000327s ]
[2023-08-17T19:28:56+08:00][sql] SHOW FULL COLUMNS FROM `address` [ RunTime:0.000957s ]
[2023-08-17T19:28:56+08:00][sql] SELECT * FROM `address` WHERE  `id` = 1 LIMIT 1 [ RunTime:0.000282s ]
[2023-08-17T19:28:56+08:00][sql] SELECT * FROM `address` WHERE  `id` = 2 LIMIT 1 [ RunTime:0.000248s ]
[2023-08-17T19:28:57+08:00][sql] CONNECT:[ UseTime:0.000438s ] mysql:host=localhost;port=3316;dbname=coffee;charset=utf8
[2023-08-17T19:28:57+08:00][sql] SHOW FULL COLUMNS FROM `course` [ RunTime:0.001742s ]
[2023-08-17T19:28:57+08:00][sql] SELECT * FROM `course` WHERE  `id` = 2 LIMIT 1 [ RunTime:0.000343s ]
[2023-08-17T19:28:57+08:00][sql] SHOW FULL COLUMNS FROM `teacher` [ RunTime:0.001015s ]
[2023-08-17T19:28:57+08:00][sql] SELECT `teacher_name`,`teacher_title`,`teacher_avatar` FROM `teacher` WHERE  `id` = 3 LIMIT 1 [ RunTime:0.000259s ]
[2023-08-17T19:28:57+08:00][sql] SHOW FULL COLUMNS FROM `address` [ RunTime:0.001017s ]
[2023-08-17T19:28:57+08:00][sql] SELECT * FROM `address` WHERE  `id` = 1 LIMIT 1 [ RunTime:0.000283s ]
[2023-08-17T19:28:57+08:00][sql] SELECT * FROM `address` WHERE  `id` = 2 LIMIT 1 [ RunTime:0.000202s ]
[2023-08-17T19:28:58+08:00][sql] CONNECT:[ UseTime:0.000521s ] mysql:host=localhost;port=3316;dbname=coffee;charset=utf8
[2023-08-17T19:28:58+08:00][sql] SHOW FULL COLUMNS FROM `course` [ RunTime:0.001933s ]
[2023-08-17T19:28:58+08:00][sql] SELECT * FROM `course` WHERE  `id` = 5 LIMIT 1 [ RunTime:0.000315s ]
[2023-08-17T19:28:58+08:00][sql] SHOW FULL COLUMNS FROM `teacher` [ RunTime:0.001319s ]
[2023-08-17T19:28:58+08:00][sql] SELECT `teacher_name`,`teacher_title`,`teacher_avatar` FROM `teacher` WHERE  `id` = 1 LIMIT 1 [ RunTime:0.000276s ]
[2023-08-17T19:28:58+08:00][sql] SELECT `teacher_name`,`teacher_title`,`teacher_avatar` FROM `teacher` WHERE  `id` = 2 LIMIT 1 [ RunTime:0.000252s ]
[2023-08-17T19:28:58+08:00][sql] SHOW FULL COLUMNS FROM `address` [ RunTime:0.001281s ]
[2023-08-17T19:28:58+08:00][sql] SELECT * FROM `address` WHERE  `id` = 1 LIMIT 1 [ RunTime:0.000240s ]
[2023-08-17T19:28:58+08:00][sql] SELECT * FROM `address` WHERE  `id` = 2 LIMIT 1 [ RunTime:0.000199s ]
[2023-08-17T19:29:01+08:00][sql] CONNECT:[ UseTime:0.000714s ] mysql:host=localhost;port=3316;dbname=coffee;charset=utf8
[2023-08-17T19:29:01+08:00][sql] SHOW FULL COLUMNS FROM `course` [ RunTime:0.001593s ]
[2023-08-17T19:29:01+08:00][sql] SELECT * FROM `course` WHERE  `id` = 7 LIMIT 1 [ RunTime:0.000316s ]
[2023-08-17T19:29:01+08:00][sql] SHOW FULL COLUMNS FROM `teacher` [ RunTime:0.000998s ]
[2023-08-17T19:29:01+08:00][sql] SELECT `teacher_name`,`teacher_title`,`teacher_avatar` FROM `teacher` WHERE  `id` = 1 LIMIT 1 [ RunTime:0.000236s ]
[2023-08-17T19:29:01+08:00][sql] SHOW FULL COLUMNS FROM `address` [ RunTime:0.000933s ]
[2023-08-17T19:29:01+08:00][sql] SELECT * FROM `address` WHERE  `id` = 1 LIMIT 1 [ RunTime:0.000262s ]
[2023-08-17T19:29:01+08:00][sql] SELECT * FROM `address` WHERE  `id` = 2 LIMIT 1 [ RunTime:0.000226s ]
[2023-08-17T19:29:02+08:00][sql] CONNECT:[ UseTime:0.000499s ] mysql:host=localhost;port=3316;dbname=coffee;charset=utf8
[2023-08-17T19:29:02+08:00][sql] SHOW FULL COLUMNS FROM `course` [ RunTime:0.001832s ]
[2023-08-17T19:29:02+08:00][sql] SELECT * FROM `course` WHERE  `id` = 4 LIMIT 1 [ RunTime:0.000436s ]
[2023-08-17T19:29:02+08:00][sql] SHOW FULL COLUMNS FROM `teacher` [ RunTime:0.001104s ]
[2023-08-17T19:29:02+08:00][sql] SELECT `teacher_name`,`teacher_title`,`teacher_avatar` FROM `teacher` WHERE  `id` = 2 LIMIT 1 [ RunTime:0.000284s ]
[2023-08-17T19:29:02+08:00][sql] SHOW FULL COLUMNS FROM `address` [ RunTime:0.001052s ]
[2023-08-17T19:29:02+08:00][sql] SELECT * FROM `address` WHERE  `id` = 1 LIMIT 1 [ RunTime:0.000255s ]
[2023-08-17T19:29:02+08:00][sql] SELECT * FROM `address` WHERE  `id` = 2 LIMIT 1 [ RunTime:0.000235s ]
[2023-08-17T19:37:51+08:00][sql] CONNECT:[ UseTime:0.000471s ] mysql:host=localhost;port=3316;dbname=coffee;charset=utf8
[2023-08-17T19:37:51+08:00][sql] SHOW FULL COLUMNS FROM `course` [ RunTime:0.002110s ]
[2023-08-17T19:37:51+08:00][sql] SELECT * FROM `course` WHERE  `id` = 5 LIMIT 1 [ RunTime:0.000365s ]
[2023-08-17T19:37:51+08:00][sql] SHOW FULL COLUMNS FROM `teacher` [ RunTime:0.001170s ]
[2023-08-17T19:37:51+08:00][sql] SELECT `teacher_name`,`teacher_title`,`teacher_avatar` FROM `teacher` WHERE  `id` = 1 LIMIT 1 [ RunTime:0.000287s ]
[2023-08-17T19:37:51+08:00][sql] SELECT `teacher_name`,`teacher_title`,`teacher_avatar` FROM `teacher` WHERE  `id` = 2 LIMIT 1 [ RunTime:0.000211s ]
[2023-08-17T19:37:51+08:00][sql] SHOW FULL COLUMNS FROM `address` [ RunTime:0.001314s ]
[2023-08-17T19:37:51+08:00][sql] SELECT * FROM `address` WHERE  `id` = 1 LIMIT 1 [ RunTime:0.000320s ]
[2023-08-17T19:37:51+08:00][sql] SELECT * FROM `address` WHERE  `id` = 2 LIMIT 1 [ RunTime:0.000223s ]
[2023-08-17T19:41:01+08:00][sql] CONNECT:[ UseTime:0.000434s ] mysql:host=localhost;port=3316;dbname=coffee;charset=utf8
[2023-08-17T19:41:01+08:00][sql] SHOW FULL COLUMNS FROM `course` [ RunTime:0.001480s ]
[2023-08-17T19:41:01+08:00][sql] SELECT * FROM `course` WHERE  `id` = 7 LIMIT 1 [ RunTime:0.000349s ]
[2023-08-17T19:41:01+08:00][sql] SHOW FULL COLUMNS FROM `teacher` [ RunTime:0.000931s ]
[2023-08-17T19:41:01+08:00][sql] SELECT `teacher_name`,`teacher_title`,`teacher_avatar` FROM `teacher` WHERE  `id` = 1 LIMIT 1 [ RunTime:0.000256s ]
[2023-08-17T19:41:01+08:00][sql] SHOW FULL COLUMNS FROM `address` [ RunTime:0.000953s ]
[2023-08-17T19:41:01+08:00][sql] SELECT * FROM `address` WHERE  `id` = 1 LIMIT 1 [ RunTime:0.000267s ]
[2023-08-17T19:41:01+08:00][sql] SELECT * FROM `address` WHERE  `id` = 2 LIMIT 1 [ RunTime:0.000265s ]
