[2023-08-21T02:02:15+08:00][sql] CONNECT:[ UseTime:0.000543s ] mysql:host=localhost;port=3316;dbname=coffee;charset=utf8
[2023-08-21T02:02:15+08:00][sql] SHOW FULL COLUMNS FROM `course` [ RunTime:0.001555s ]
[2023-08-21T02:02:15+08:00][sql] SELECT * FROM `course` WHERE  `id` = 1 LIMIT 1 [ RunTime:0.000772s ]
[2023-08-21T02:02:15+08:00][sql] SHOW FULL COLUMNS FROM `teacher` [ RunTime:0.000892s ]
[2023-08-21T02:02:15+08:00][sql] SELECT `teacher_name`,`teacher_title`,`teacher_avatar` FROM `teacher` WHERE  `id` = 1 LIMIT 1 [ RunTime:0.000257s ]
[2023-08-21T02:02:15+08:00][sql] SELECT `teacher_name`,`teacher_title`,`teacher_avatar` FROM `teacher` WHERE  `id` = 2 LIMIT 1 [ RunTime:0.000208s ]
[2023-08-21T02:02:15+08:00][sql] SHOW FULL COLUMNS FROM `address` [ RunTime:0.001000s ]
[2023-08-21T02:02:15+08:00][sql] SELECT * FROM `address` WHERE  `id` = 1 LIMIT 1 [ RunTime:0.000265s ]
[2023-08-21T02:02:15+08:00][sql] SELECT * FROM `address` WHERE  `id` = 2 LIMIT 1 [ RunTime:0.000206s ]
[2023-08-21T04:10:38+08:00][sql] CONNECT:[ UseTime:0.000502s ] mysql:host=localhost;port=3316;dbname=coffee;charset=utf8
[2023-08-21T04:10:38+08:00][sql] SHOW FULL COLUMNS FROM `course` [ RunTime:0.001534s ]
[2023-08-21T04:10:38+08:00][sql] SELECT * FROM `course` WHERE  `id` = 2 LIMIT 1 [ RunTime:0.000345s ]
[2023-08-21T04:10:38+08:00][sql] SHOW FULL COLUMNS FROM `teacher` [ RunTime:0.000917s ]
[2023-08-21T04:10:38+08:00][sql] SELECT `teacher_name`,`teacher_title`,`teacher_avatar` FROM `teacher` WHERE  `id` = 3 LIMIT 1 [ RunTime:0.000256s ]
[2023-08-21T04:10:38+08:00][sql] SHOW FULL COLUMNS FROM `address` [ RunTime:0.000888s ]
[2023-08-21T04:10:38+08:00][sql] SELECT * FROM `address` WHERE  `id` = 1 LIMIT 1 [ RunTime:0.000265s ]
[2023-08-21T04:10:38+08:00][sql] SELECT * FROM `address` WHERE  `id` = 2 LIMIT 1 [ RunTime:0.000275s ]
[2023-08-21T04:17:04+08:00][sql] CONNECT:[ UseTime:0.000388s ] mysql:host=localhost;port=3316;dbname=coffee;charset=utf8
[2023-08-21T04:17:04+08:00][sql] SHOW FULL COLUMNS FROM `course` [ RunTime:0.001549s ]
[2023-08-21T04:17:04+08:00][sql] SELECT * FROM `course` WHERE  `id` = 2 LIMIT 1 [ RunTime:0.000319s ]
[2023-08-21T04:17:04+08:00][sql] SHOW FULL COLUMNS FROM `teacher` [ RunTime:0.000914s ]
[2023-08-21T04:17:04+08:00][sql] SELECT `teacher_name`,`teacher_title`,`teacher_avatar` FROM `teacher` WHERE  `id` = 3 LIMIT 1 [ RunTime:0.000245s ]
[2023-08-21T04:17:04+08:00][sql] SHOW FULL COLUMNS FROM `address` [ RunTime:0.000914s ]
[2023-08-21T04:17:04+08:00][sql] SELECT * FROM `address` WHERE  `id` = 1 LIMIT 1 [ RunTime:0.000237s ]
[2023-08-21T04:17:04+08:00][sql] SELECT * FROM `address` WHERE  `id` = 2 LIMIT 1 [ RunTime:0.000227s ]
[2023-08-21T10:27:36+08:00][sql] CONNECT:[ UseTime:0.000520s ] mysql:host=localhost;port=3316;dbname=coffee;charset=utf8
[2023-08-21T10:27:36+08:00][sql] SHOW FULL COLUMNS FROM `course` [ RunTime:0.001940s ]
[2023-08-21T10:27:36+08:00][sql] SELECT `id`,`title`,`price`,`days`,`time` FROM `course` WHERE  `is_time` = 1 ORDER BY `sorting` ASC [ RunTime:0.000318s ]
[2023-08-21T10:27:36+08:00][sql] SELECT `id`,`title` FROM `course` WHERE  `status` = 1 [ RunTime:0.000285s ]
[2023-08-21T10:27:36+08:00][sql] SELECT `id`,`title` FROM `course` WHERE  `status` = 2 [ RunTime:0.000243s ]
[2023-08-21T10:27:36+08:00][sql] SHOW FULL COLUMNS FROM `address` [ RunTime:0.001149s ]
[2023-08-21T10:27:36+08:00][sql] SELECT * FROM `address` WHERE  `id` = 1 LIMIT 1 [ RunTime:0.000234s ]
[2023-08-21T10:27:36+08:00][sql] SELECT * FROM `address` WHERE  `id` = 2 LIMIT 1 [ RunTime:0.000230s ]
[2023-08-21T10:35:34+08:00][sql] CONNECT:[ UseTime:0.000422s ] mysql:host=localhost;port=3316;dbname=coffee;charset=utf8
[2023-08-21T10:35:34+08:00][sql] SHOW FULL COLUMNS FROM `course` [ RunTime:0.001512s ]
[2023-08-21T10:35:34+08:00][sql] SELECT `id`,`title`,`price`,`days`,`time` FROM `course` WHERE  `is_time` = 1 ORDER BY `sorting` ASC [ RunTime:0.000378s ]
[2023-08-21T10:35:34+08:00][sql] SELECT `id`,`title` FROM `course` WHERE  `status` = 1 [ RunTime:0.000275s ]
[2023-08-21T10:35:34+08:00][sql] SELECT `id`,`title` FROM `course` WHERE  `status` = 2 [ RunTime:0.000213s ]
[2023-08-21T10:35:34+08:00][sql] SHOW FULL COLUMNS FROM `address` [ RunTime:0.000983s ]
[2023-08-21T10:35:34+08:00][sql] SELECT * FROM `address` WHERE  `id` = 1 LIMIT 1 [ RunTime:0.000254s ]
[2023-08-21T10:35:34+08:00][sql] SELECT * FROM `address` WHERE  `id` = 2 LIMIT 1 [ RunTime:0.000327s ]
[2023-08-21T10:43:51+08:00][sql] CONNECT:[ UseTime:0.000415s ] mysql:host=localhost;port=3316;dbname=coffee;charset=utf8
[2023-08-21T10:43:51+08:00][sql] SHOW FULL COLUMNS FROM `course` [ RunTime:0.001987s ]
[2023-08-21T10:43:51+08:00][sql] SELECT * FROM `course` WHERE  `id` = 4 LIMIT 1 [ RunTime:0.000326s ]
[2023-08-21T10:43:51+08:00][sql] SHOW FULL COLUMNS FROM `teacher` [ RunTime:0.000895s ]
[2023-08-21T10:43:51+08:00][sql] SELECT `teacher_name`,`teacher_title`,`teacher_avatar` FROM `teacher` WHERE  `id` = 2 LIMIT 1 [ RunTime:0.000208s ]
[2023-08-21T10:43:51+08:00][sql] SHOW FULL COLUMNS FROM `address` [ RunTime:0.000872s ]
[2023-08-21T10:43:51+08:00][sql] SELECT * FROM `address` WHERE  `id` = 1 LIMIT 1 [ RunTime:0.000231s ]
[2023-08-21T10:43:51+08:00][sql] SELECT * FROM `address` WHERE  `id` = 2 LIMIT 1 [ RunTime:0.000192s ]
[2023-08-21T10:48:36+08:00][sql] CONNECT:[ UseTime:0.000430s ] mysql:host=localhost;port=3316;dbname=coffee;charset=utf8
[2023-08-21T10:48:36+08:00][sql] SHOW FULL COLUMNS FROM `course` [ RunTime:0.001568s ]
[2023-08-21T10:48:36+08:00][sql] SELECT * FROM `course` WHERE  `id` = 4 LIMIT 1 [ RunTime:0.000317s ]
[2023-08-21T10:48:36+08:00][sql] SHOW FULL COLUMNS FROM `teacher` [ RunTime:0.000937s ]
[2023-08-21T10:48:36+08:00][sql] SELECT `teacher_name`,`teacher_title`,`teacher_avatar` FROM `teacher` WHERE  `id` = 2 LIMIT 1 [ RunTime:0.000259s ]
[2023-08-21T10:48:36+08:00][sql] SHOW FULL COLUMNS FROM `address` [ RunTime:0.000913s ]
[2023-08-21T10:48:36+08:00][sql] SELECT * FROM `address` WHERE  `id` = 1 LIMIT 1 [ RunTime:0.000238s ]
[2023-08-21T10:48:36+08:00][sql] SELECT * FROM `address` WHERE  `id` = 2 LIMIT 1 [ RunTime:0.000211s ]
[2023-08-21T11:02:29+08:00][sql] CONNECT:[ UseTime:0.000422s ] mysql:host=localhost;port=3316;dbname=coffee;charset=utf8
[2023-08-21T11:02:29+08:00][sql] SHOW FULL COLUMNS FROM `course` [ RunTime:0.001595s ]
[2023-08-21T11:02:29+08:00][sql] SELECT `id`,`title`,`price`,`days`,`time` FROM `course` WHERE  `is_time` = 1 ORDER BY `sorting` ASC [ RunTime:0.000297s ]
[2023-08-21T11:02:29+08:00][sql] SELECT `id`,`title` FROM `course` WHERE  `status` = 1 [ RunTime:0.000231s ]
[2023-08-21T11:02:29+08:00][sql] SELECT `id`,`title` FROM `course` WHERE  `status` = 2 [ RunTime:0.000214s ]
[2023-08-21T11:02:29+08:00][sql] SHOW FULL COLUMNS FROM `address` [ RunTime:0.000940s ]
[2023-08-21T11:02:29+08:00][sql] SELECT * FROM `address` WHERE  `id` = 1 LIMIT 1 [ RunTime:0.000248s ]
[2023-08-21T11:02:29+08:00][sql] SELECT * FROM `address` WHERE  `id` = 2 LIMIT 1 [ RunTime:0.000215s ]
[2023-08-21T11:11:18+08:00][sql] CONNECT:[ UseTime:0.000442s ] mysql:host=localhost;port=3316;dbname=coffee;charset=utf8
[2023-08-21T11:11:18+08:00][sql] SHOW FULL COLUMNS FROM `course` [ RunTime:0.001482s ]
[2023-08-21T11:11:18+08:00][sql] SELECT `id`,`title`,`price`,`days`,`time` FROM `course` WHERE  `is_time` = 1 ORDER BY `sorting` ASC [ RunTime:0.000315s ]
[2023-08-21T11:11:18+08:00][sql] SELECT `id`,`title` FROM `course` WHERE  `status` = 1 [ RunTime:0.000202s ]
[2023-08-21T11:11:18+08:00][sql] SELECT `id`,`title` FROM `course` WHERE  `status` = 2 [ RunTime:0.000196s ]
[2023-08-21T11:11:18+08:00][sql] SHOW FULL COLUMNS FROM `address` [ RunTime:0.000927s ]
[2023-08-21T11:11:18+08:00][sql] SELECT * FROM `address` WHERE  `id` = 1 LIMIT 1 [ RunTime:0.000273s ]
[2023-08-21T11:11:18+08:00][sql] SELECT * FROM `address` WHERE  `id` = 2 LIMIT 1 [ RunTime:0.000226s ]
[2023-08-21T14:49:08+08:00][sql] CONNECT:[ UseTime:0.000489s ] mysql:host=localhost;port=3316;dbname=coffee;charset=utf8
[2023-08-21T14:49:08+08:00][sql] SHOW FULL COLUMNS FROM `course` [ RunTime:0.002049s ]
[2023-08-21T14:49:08+08:00][sql] SELECT `id`,`title`,`price`,`days`,`time` FROM `course` WHERE  `is_time` = 1 ORDER BY `sorting` ASC [ RunTime:0.000378s ]
[2023-08-21T14:49:08+08:00][sql] SELECT `id`,`title` FROM `course` WHERE  `status` = 1 [ RunTime:0.000310s ]
[2023-08-21T14:49:08+08:00][sql] SELECT `id`,`title` FROM `course` WHERE  `status` = 2 [ RunTime:0.000273s ]
[2023-08-21T14:49:08+08:00][sql] SHOW FULL COLUMNS FROM `address` [ RunTime:0.001238s ]
[2023-08-21T14:49:08+08:00][sql] SELECT * FROM `address` WHERE  `id` = 1 LIMIT 1 [ RunTime:0.000304s ]
[2023-08-21T14:49:08+08:00][sql] SELECT * FROM `address` WHERE  `id` = 2 LIMIT 1 [ RunTime:0.000215s ]
[2023-08-21T14:49:30+08:00][sql] CONNECT:[ UseTime:0.000416s ] mysql:host=localhost;port=3316;dbname=coffee;charset=utf8
[2023-08-21T14:49:30+08:00][sql] SHOW FULL COLUMNS FROM `course` [ RunTime:0.001472s ]
[2023-08-21T14:49:30+08:00][sql] SELECT `id`,`title`,`price`,`days`,`time` FROM `course` WHERE  `is_time` = 1 ORDER BY `sorting` ASC [ RunTime:0.000737s ]
[2023-08-21T14:49:30+08:00][sql] SELECT `id`,`title` FROM `course` WHERE  `status` = 1 [ RunTime:0.000215s ]
[2023-08-21T14:49:30+08:00][sql] SELECT `id`,`title` FROM `course` WHERE  `status` = 2 [ RunTime:0.000202s ]
[2023-08-21T14:49:30+08:00][sql] SHOW FULL COLUMNS FROM `address` [ RunTime:0.000942s ]
[2023-08-21T14:49:30+08:00][sql] SELECT * FROM `address` WHERE  `id` = 1 LIMIT 1 [ RunTime:0.000249s ]
[2023-08-21T14:49:30+08:00][sql] SELECT * FROM `address` WHERE  `id` = 2 LIMIT 1 [ RunTime:0.000213s ]
[2023-08-21T17:57:11+08:00][sql] CONNECT:[ UseTime:0.000508s ] mysql:host=localhost;port=3316;dbname=coffee;charset=utf8
[2023-08-21T17:57:11+08:00][sql] SHOW FULL COLUMNS FROM `course` [ RunTime:0.001524s ]
[2023-08-21T17:57:11+08:00][sql] SELECT `id`,`title`,`price`,`days`,`time` FROM `course` WHERE  `is_time` = 1 ORDER BY `sorting` ASC [ RunTime:0.000282s ]
[2023-08-21T17:57:11+08:00][sql] SELECT `id`,`title` FROM `course` WHERE  `status` = 1 [ RunTime:0.000206s ]
[2023-08-21T17:57:11+08:00][sql] SELECT `id`,`title` FROM `course` WHERE  `status` = 2 [ RunTime:0.000217s ]
[2023-08-21T17:57:11+08:00][sql] SHOW FULL COLUMNS FROM `address` [ RunTime:0.000959s ]
[2023-08-21T17:57:11+08:00][sql] SELECT * FROM `address` WHERE  `id` = 1 LIMIT 1 [ RunTime:0.000255s ]
[2023-08-21T17:57:11+08:00][sql] SELECT * FROM `address` WHERE  `id` = 2 LIMIT 1 [ RunTime:0.000239s ]
[2023-08-21T18:03:03+08:00][sql] CONNECT:[ UseTime:0.000417s ] mysql:host=localhost;port=3316;dbname=coffee;charset=utf8
[2023-08-21T18:03:03+08:00][sql] SHOW FULL COLUMNS FROM `course` [ RunTime:0.001543s ]
[2023-08-21T18:03:03+08:00][sql] SELECT `id`,`title`,`price`,`days`,`time` FROM `course` WHERE  `is_time` = 1 ORDER BY `sorting` ASC [ RunTime:0.000301s ]
[2023-08-21T18:03:03+08:00][sql] SELECT `id`,`title` FROM `course` WHERE  `status` = 1 [ RunTime:0.000223s ]
[2023-08-21T18:03:03+08:00][sql] SELECT `id`,`title` FROM `course` WHERE  `status` = 2 [ RunTime:0.000203s ]
[2023-08-21T18:03:03+08:00][sql] SHOW FULL COLUMNS FROM `address` [ RunTime:0.000955s ]
[2023-08-21T18:03:03+08:00][sql] SELECT * FROM `address` WHERE  `id` = 1 LIMIT 1 [ RunTime:0.000264s ]
[2023-08-21T18:03:03+08:00][sql] SELECT * FROM `address` WHERE  `id` = 2 LIMIT 1 [ RunTime:0.000212s ]
