[2023-08-28T04:57:51+08:00][sql] CONNECT:[ UseTime:0.000395s ] mysql:host=localhost;port=3316;dbname=coffee;charset=utf8
[2023-08-28T04:57:51+08:00][sql] SHOW FULL COLUMNS FROM `course` [ RunTime:0.001608s ]
[2023-08-28T04:57:51+08:00][sql] SELECT `id`,`title`,`price`,`days`,`time` FROM `course` WHERE  `is_time` = 1 ORDER BY `sorting` ASC [ RunTime:0.000295s ]
[2023-08-28T04:57:51+08:00][sql] SELECT `id`,`title` FROM `course` WHERE  `status` = 1 [ RunTime:0.000229s ]
[2023-08-28T04:57:51+08:00][sql] SELECT `id`,`title` FROM `course` WHERE  `status` = 2 [ RunTime:0.000197s ]
[2023-08-28T04:57:51+08:00][sql] SHOW FULL COLUMNS FROM `address` [ RunTime:0.000941s ]
[2023-08-28T04:57:51+08:00][sql] SELECT * FROM `address` WHERE  `id` = 1 LIMIT 1 [ RunTime:0.000278s ]
[2023-08-28T04:57:51+08:00][sql] SELECT * FROM `address` WHERE  `id` = 2 LIMIT 1 [ RunTime:0.000224s ]
[2023-08-28T04:57:56+08:00][sql] CONNECT:[ UseTime:0.000462s ] mysql:host=localhost;port=3316;dbname=coffee;charset=utf8
[2023-08-28T04:57:56+08:00][sql] SHOW FULL COLUMNS FROM `course` [ RunTime:0.001632s ]
[2023-08-28T04:57:56+08:00][sql] SELECT `id`,`title`,`price`,`days`,`time` FROM `course` WHERE  `is_time` = 1 ORDER BY `sorting` ASC [ RunTime:0.000293s ]
[2023-08-28T04:57:56+08:00][sql] SELECT `id`,`title` FROM `course` WHERE  `status` = 1 [ RunTime:0.000217s ]
[2023-08-28T04:57:56+08:00][sql] SELECT `id`,`title` FROM `course` WHERE  `status` = 2 [ RunTime:0.000324s ]
[2023-08-28T04:57:56+08:00][sql] SHOW FULL COLUMNS FROM `address` [ RunTime:0.001449s ]
[2023-08-28T04:57:56+08:00][sql] SELECT * FROM `address` WHERE  `id` = 1 LIMIT 1 [ RunTime:0.000284s ]
[2023-08-28T04:57:56+08:00][sql] SELECT * FROM `address` WHERE  `id` = 2 LIMIT 1 [ RunTime:0.000211s ]
[2023-08-28T05:04:59+08:00][sql] CONNECT:[ UseTime:0.000413s ] mysql:host=localhost;port=3316;dbname=coffee;charset=utf8
[2023-08-28T05:04:59+08:00][sql] SHOW FULL COLUMNS FROM `course` [ RunTime:0.001545s ]
[2023-08-28T05:04:59+08:00][sql] SELECT `id`,`title`,`price`,`days`,`time` FROM `course` WHERE  `is_time` = 1 ORDER BY `sorting` ASC [ RunTime:0.000757s ]
[2023-08-28T05:04:59+08:00][sql] SELECT `id`,`title` FROM `course` WHERE  `status` = 1 [ RunTime:0.000254s ]
[2023-08-28T05:04:59+08:00][sql] SELECT `id`,`title` FROM `course` WHERE  `status` = 2 [ RunTime:0.000228s ]
[2023-08-28T05:04:59+08:00][sql] SHOW FULL COLUMNS FROM `address` [ RunTime:0.000950s ]
[2023-08-28T05:04:59+08:00][sql] SELECT * FROM `address` WHERE  `id` = 1 LIMIT 1 [ RunTime:0.000271s ]
[2023-08-28T05:04:59+08:00][sql] SELECT * FROM `address` WHERE  `id` = 2 LIMIT 1 [ RunTime:0.000244s ]
[2023-08-28T22:44:55+08:00][sql] CONNECT:[ UseTime:0.000525s ] mysql:host=localhost;port=3316;dbname=coffee;charset=utf8
[2023-08-28T22:44:55+08:00][sql] SHOW FULL COLUMNS FROM `course` [ RunTime:0.002284s ]
[2023-08-28T22:44:55+08:00][sql] SELECT * FROM `course` WHERE  `id` = 5 LIMIT 1 [ RunTime:0.000351s ]
[2023-08-28T22:44:55+08:00][sql] SHOW FULL COLUMNS FROM `teacher` [ RunTime:0.001043s ]
[2023-08-28T22:44:55+08:00][sql] SELECT `teacher_name`,`teacher_title`,`teacher_avatar` FROM `teacher` WHERE  `id` = 1 LIMIT 1 [ RunTime:0.000270s ]
[2023-08-28T22:44:55+08:00][sql] SELECT `teacher_name`,`teacher_title`,`teacher_avatar` FROM `teacher` WHERE  `id` = 2 LIMIT 1 [ RunTime:0.000667s ]
[2023-08-28T22:44:55+08:00][sql] SHOW FULL COLUMNS FROM `address` [ RunTime:0.001115s ]
[2023-08-28T22:44:55+08:00][sql] SELECT * FROM `address` WHERE  `id` = 1 LIMIT 1 [ RunTime:0.000277s ]
[2023-08-28T22:44:55+08:00][sql] SELECT * FROM `address` WHERE  `id` = 2 LIMIT 1 [ RunTime:0.000248s ]
