[2023-08-29T00:28:20+08:00][sql] CONNECT:[ UseTime:0.000550s ] mysql:host=localhost;port=3316;dbname=coffee;charset=utf8
[2023-08-29T00:28:20+08:00][sql] SHOW FULL COLUMNS FROM `course` [ RunTime:0.002100s ]
[2023-08-29T00:28:20+08:00][sql] SELECT * FROM `course` WHERE  `id` = 5 LIMIT 1 [ RunTime:0.000760s ]
[2023-08-29T00:28:20+08:00][sql] SHOW FULL COLUMNS FROM `teacher` [ RunTime:0.000981s ]
[2023-08-29T00:28:20+08:00][sql] SELECT `teacher_name`,`teacher_title`,`teacher_avatar` FROM `teacher` WHERE  `id` = 1 LIMIT 1 [ RunTime:0.000244s ]
[2023-08-29T00:28:20+08:00][sql] SELECT `teacher_name`,`teacher_title`,`teacher_avatar` FROM `teacher` WHERE  `id` = 2 LIMIT 1 [ RunTime:0.000193s ]
[2023-08-29T00:28:20+08:00][sql] SHOW FULL COLUMNS FROM `address` [ RunTime:0.000884s ]
[2023-08-29T00:28:20+08:00][sql] SELECT * FROM `address` WHERE  `id` = 1 LIMIT 1 [ RunTime:0.000245s ]
[2023-08-29T00:28:20+08:00][sql] SELECT * FROM `address` WHERE  `id` = 2 LIMIT 1 [ RunTime:0.000221s ]
[2023-08-29T08:09:31+08:00][sql] CONNECT:[ UseTime:0.000410s ] mysql:host=localhost;port=3316;dbname=coffee;charset=utf8
[2023-08-29T08:09:31+08:00][sql] SHOW FULL COLUMNS FROM `course` [ RunTime:0.001489s ]
[2023-08-29T08:09:31+08:00][sql] SELECT * FROM `course` WHERE  `id` = 5 LIMIT 1 [ RunTime:0.000316s ]
[2023-08-29T08:09:31+08:00][sql] SHOW FULL COLUMNS FROM `teacher` [ RunTime:0.001039s ]
[2023-08-29T08:09:31+08:00][sql] SELECT `teacher_name`,`teacher_title`,`teacher_avatar` FROM `teacher` WHERE  `id` = 1 LIMIT 1 [ RunTime:0.000233s ]
[2023-08-29T08:09:31+08:00][sql] SELECT `teacher_name`,`teacher_title`,`teacher_avatar` FROM `teacher` WHERE  `id` = 2 LIMIT 1 [ RunTime:0.000659s ]
[2023-08-29T08:09:31+08:00][sql] SHOW FULL COLUMNS FROM `address` [ RunTime:0.000943s ]
[2023-08-29T08:09:31+08:00][sql] SELECT * FROM `address` WHERE  `id` = 1 LIMIT 1 [ RunTime:0.000248s ]
[2023-08-29T08:09:31+08:00][sql] SELECT * FROM `address` WHERE  `id` = 2 LIMIT 1 [ RunTime:0.000251s ]
[2023-08-29T08:19:47+08:00][sql] CONNECT:[ UseTime:0.000423s ] mysql:host=localhost;port=3316;dbname=coffee;charset=utf8
[2023-08-29T08:19:47+08:00][sql] SHOW FULL COLUMNS FROM `course` [ RunTime:0.001484s ]
[2023-08-29T08:19:47+08:00][sql] SELECT * FROM `course` WHERE  `id` = 5 LIMIT 1 [ RunTime:0.000303s ]
[2023-08-29T08:19:47+08:00][sql] SHOW FULL COLUMNS FROM `teacher` [ RunTime:0.000885s ]
[2023-08-29T08:19:47+08:00][sql] SELECT `teacher_name`,`teacher_title`,`teacher_avatar` FROM `teacher` WHERE  `id` = 1 LIMIT 1 [ RunTime:0.000224s ]
[2023-08-29T08:19:47+08:00][sql] SELECT `teacher_name`,`teacher_title`,`teacher_avatar` FROM `teacher` WHERE  `id` = 2 LIMIT 1 [ RunTime:0.000181s ]
[2023-08-29T08:19:47+08:00][sql] SHOW FULL COLUMNS FROM `address` [ RunTime:0.000910s ]
[2023-08-29T08:19:47+08:00][sql] SELECT * FROM `address` WHERE  `id` = 1 LIMIT 1 [ RunTime:0.000245s ]
[2023-08-29T08:19:47+08:00][sql] SELECT * FROM `address` WHERE  `id` = 2 LIMIT 1 [ RunTime:0.000192s ]
[2023-08-29T10:59:59+08:00][sql] CONNECT:[ UseTime:0.000451s ] mysql:host=localhost;port=3316;dbname=coffee;charset=utf8
[2023-08-29T10:59:59+08:00][sql] SHOW FULL COLUMNS FROM `course` [ RunTime:0.001591s ]
[2023-08-29T10:59:59+08:00][sql] SELECT * FROM `course` WHERE  `id` = 4 LIMIT 1 [ RunTime:0.000320s ]
[2023-08-29T10:59:59+08:00][sql] SHOW FULL COLUMNS FROM `teacher` [ RunTime:0.000947s ]
[2023-08-29T10:59:59+08:00][sql] SELECT `teacher_name`,`teacher_title`,`teacher_avatar` FROM `teacher` WHERE  `id` = 2 LIMIT 1 [ RunTime:0.000240s ]
[2023-08-29T10:59:59+08:00][sql] SHOW FULL COLUMNS FROM `address` [ RunTime:0.000930s ]
[2023-08-29T10:59:59+08:00][sql] SELECT * FROM `address` WHERE  `id` = 1 LIMIT 1 [ RunTime:0.000233s ]
[2023-08-29T10:59:59+08:00][sql] SELECT * FROM `address` WHERE  `id` = 2 LIMIT 1 [ RunTime:0.000219s ]
[2023-08-29T11:09:55+08:00][sql] CONNECT:[ UseTime:0.000465s ] mysql:host=localhost;port=3316;dbname=coffee;charset=utf8
[2023-08-29T11:09:55+08:00][sql] SHOW FULL COLUMNS FROM `course` [ RunTime:0.001897s ]
[2023-08-29T11:09:55+08:00][sql] SELECT * FROM `course` WHERE  `id` = 4 LIMIT 1 [ RunTime:0.000315s ]
[2023-08-29T11:09:55+08:00][sql] SHOW FULL COLUMNS FROM `teacher` [ RunTime:0.001114s ]
[2023-08-29T11:09:55+08:00][sql] SELECT `teacher_name`,`teacher_title`,`teacher_avatar` FROM `teacher` WHERE  `id` = 2 LIMIT 1 [ RunTime:0.000252s ]
[2023-08-29T11:09:55+08:00][sql] SHOW FULL COLUMNS FROM `address` [ RunTime:0.001002s ]
[2023-08-29T11:09:55+08:00][sql] SELECT * FROM `address` WHERE  `id` = 1 LIMIT 1 [ RunTime:0.000269s ]
[2023-08-29T11:09:55+08:00][sql] SELECT * FROM `address` WHERE  `id` = 2 LIMIT 1 [ RunTime:0.000317s ]
[2023-08-29T13:01:41+08:00][sql] CONNECT:[ UseTime:0.000509s ] mysql:host=localhost;port=3316;dbname=coffee;charset=utf8
[2023-08-29T13:01:41+08:00][sql] SHOW FULL COLUMNS FROM `course` [ RunTime:0.001690s ]
[2023-08-29T13:01:41+08:00][sql] SELECT * FROM `course` WHERE  `id` = 5 LIMIT 1 [ RunTime:0.000362s ]
[2023-08-29T13:01:41+08:00][sql] SHOW FULL COLUMNS FROM `teacher` [ RunTime:0.001020s ]
[2023-08-29T13:01:41+08:00][sql] SELECT `teacher_name`,`teacher_title`,`teacher_avatar` FROM `teacher` WHERE  `id` = 1 LIMIT 1 [ RunTime:0.000245s ]
[2023-08-29T13:01:41+08:00][sql] SELECT `teacher_name`,`teacher_title`,`teacher_avatar` FROM `teacher` WHERE  `id` = 2 LIMIT 1 [ RunTime:0.000205s ]
[2023-08-29T13:01:41+08:00][sql] SHOW FULL COLUMNS FROM `address` [ RunTime:0.000953s ]
[2023-08-29T13:01:41+08:00][sql] SELECT * FROM `address` WHERE  `id` = 1 LIMIT 1 [ RunTime:0.000302s ]
[2023-08-29T13:01:41+08:00][sql] SELECT * FROM `address` WHERE  `id` = 2 LIMIT 1 [ RunTime:0.000266s ]
[2023-08-29T13:50:05+08:00][sql] CONNECT:[ UseTime:0.000431s ] mysql:host=localhost;port=3316;dbname=coffee;charset=utf8
[2023-08-29T13:50:05+08:00][sql] SHOW FULL COLUMNS FROM `course` [ RunTime:0.001496s ]
[2023-08-29T13:50:05+08:00][sql] SELECT * FROM `course` WHERE  `id` = 2 LIMIT 1 [ RunTime:0.000767s ]
[2023-08-29T13:50:05+08:00][sql] SHOW FULL COLUMNS FROM `teacher` [ RunTime:0.000963s ]
[2023-08-29T13:50:05+08:00][sql] SELECT `teacher_name`,`teacher_title`,`teacher_avatar` FROM `teacher` WHERE  `id` = 3 LIMIT 1 [ RunTime:0.000269s ]
[2023-08-29T13:50:05+08:00][sql] SHOW FULL COLUMNS FROM `address` [ RunTime:0.000902s ]
[2023-08-29T13:50:05+08:00][sql] SELECT * FROM `address` WHERE  `id` = 1 LIMIT 1 [ RunTime:0.000236s ]
[2023-08-29T13:50:05+08:00][sql] SELECT * FROM `address` WHERE  `id` = 2 LIMIT 1 [ RunTime:0.000214s ]
[2023-08-29T14:08:04+08:00][sql] CONNECT:[ UseTime:0.000487s ] mysql:host=localhost;port=3316;dbname=coffee;charset=utf8
[2023-08-29T14:08:04+08:00][sql] SHOW FULL COLUMNS FROM `course` [ RunTime:0.001423s ]
[2023-08-29T14:08:04+08:00][sql] SELECT * FROM `course` WHERE  `id` = 2 LIMIT 1 [ RunTime:0.000732s ]
[2023-08-29T14:08:04+08:00][sql] SHOW FULL COLUMNS FROM `teacher` [ RunTime:0.000881s ]
[2023-08-29T14:08:04+08:00][sql] SELECT `teacher_name`,`teacher_title`,`teacher_avatar` FROM `teacher` WHERE  `id` = 3 LIMIT 1 [ RunTime:0.000241s ]
[2023-08-29T14:08:04+08:00][sql] SHOW FULL COLUMNS FROM `address` [ RunTime:0.000900s ]
[2023-08-29T14:08:04+08:00][sql] SELECT * FROM `address` WHERE  `id` = 1 LIMIT 1 [ RunTime:0.000234s ]
[2023-08-29T14:08:04+08:00][sql] SELECT * FROM `address` WHERE  `id` = 2 LIMIT 1 [ RunTime:0.000198s ]
[2023-08-29T23:17:54+08:00][sql] CONNECT:[ UseTime:0.000453s ] mysql:host=localhost;port=3316;dbname=coffee;charset=utf8
[2023-08-29T23:17:54+08:00][sql] SHOW FULL COLUMNS FROM `course` [ RunTime:0.001635s ]
[2023-08-29T23:17:54+08:00][sql] SELECT * FROM `course` WHERE  `id` = 1 LIMIT 1 [ RunTime:0.000818s ]
[2023-08-29T23:17:54+08:00][sql] SHOW FULL COLUMNS FROM `teacher` [ RunTime:0.001176s ]
[2023-08-29T23:17:54+08:00][sql] SELECT `teacher_name`,`teacher_title`,`teacher_avatar` FROM `teacher` WHERE  `id` = 1 LIMIT 1 [ RunTime:0.000232s ]
[2023-08-29T23:17:54+08:00][sql] SELECT `teacher_name`,`teacher_title`,`teacher_avatar` FROM `teacher` WHERE  `id` = 2 LIMIT 1 [ RunTime:0.000185s ]
[2023-08-29T23:17:54+08:00][sql] SHOW FULL COLUMNS FROM `address` [ RunTime:0.000956s ]
[2023-08-29T23:17:54+08:00][sql] SELECT * FROM `address` WHERE  `id` = 1 LIMIT 1 [ RunTime:0.000291s ]
[2023-08-29T23:17:54+08:00][sql] SELECT * FROM `address` WHERE  `id` = 2 LIMIT 1 [ RunTime:0.000237s ]
[2023-08-29T23:17:56+08:00][sql] CONNECT:[ UseTime:0.000411s ] mysql:host=localhost;port=3316;dbname=coffee;charset=utf8
[2023-08-29T23:17:56+08:00][sql] SHOW FULL COLUMNS FROM `course` [ RunTime:0.001513s ]
[2023-08-29T23:17:56+08:00][sql] SELECT `id`,`title`,`price`,`days`,`time` FROM `course` WHERE  `is_time` = 1 ORDER BY `sorting` ASC [ RunTime:0.000781s ]
[2023-08-29T23:17:56+08:00][sql] SELECT `id`,`title` FROM `course` WHERE  `status` = 1 [ RunTime:0.000220s ]
[2023-08-29T23:17:56+08:00][sql] SELECT `id`,`title` FROM `course` WHERE  `status` = 2 [ RunTime:0.000229s ]
[2023-08-29T23:17:56+08:00][sql] SHOW FULL COLUMNS FROM `address` [ RunTime:0.001038s ]
[2023-08-29T23:17:56+08:00][sql] SELECT * FROM `address` WHERE  `id` = 1 LIMIT 1 [ RunTime:0.000280s ]
[2023-08-29T23:17:56+08:00][sql] SELECT * FROM `address` WHERE  `id` = 2 LIMIT 1 [ RunTime:0.000228s ]
[2023-08-29T23:17:57+08:00][sql] CONNECT:[ UseTime:0.000442s ] mysql:host=localhost;port=3316;dbname=coffee;charset=utf8
[2023-08-29T23:17:57+08:00][sql] SHOW FULL COLUMNS FROM `course` [ RunTime:0.001541s ]
[2023-08-29T23:17:57+08:00][sql] SELECT * FROM `course` WHERE  `id` = 6 LIMIT 1 [ RunTime:0.000393s ]
[2023-08-29T23:17:57+08:00][sql] SHOW FULL COLUMNS FROM `teacher` [ RunTime:0.000961s ]
[2023-08-29T23:17:57+08:00][sql] SELECT `teacher_name`,`teacher_title`,`teacher_avatar` FROM `teacher` WHERE  `id` = 1 LIMIT 1 [ RunTime:0.000261s ]
[2023-08-29T23:17:57+08:00][sql] SHOW FULL COLUMNS FROM `address` [ RunTime:0.000946s ]
[2023-08-29T23:17:57+08:00][sql] SELECT * FROM `address` WHERE  `id` = 1 LIMIT 1 [ RunTime:0.000266s ]
[2023-08-29T23:17:57+08:00][sql] SELECT * FROM `address` WHERE  `id` = 2 LIMIT 1 [ RunTime:0.000200s ]
