[2023-07-30T00:03:30+08:00][sql] CONNECT:[ UseTime:0.000437s ] mysql:host=localhost;port=3316;dbname=coffee;charset=utf8
[2023-07-30T00:03:30+08:00][sql] SHOW FULL COLUMNS FROM `banner` [ RunTime:0.001414s ]
[2023-07-30T00:03:30+08:00][sql] SELECT * FROM `banner` [ RunTime:0.000214s ]
[2023-07-30T00:03:30+08:00][sql] SHOW FULL COLUMNS FROM `information` [ RunTime:0.001039s ]
[2023-07-30T00:03:30+08:00][sql] SELECT * FROM `information` ORDER BY `time` DESC LIMIT 1 [ RunTime:0.000300s ]
[2023-07-30T00:03:30+08:00][sql] SELECT * FROM `information` ORDER BY `time` DESC LIMIT 1,4 [ RunTime:0.000301s ]
[2023-07-30T00:03:30+08:00][sql] SHOW FULL COLUMNS FROM `course` [ RunTime:0.001114s ]
[2023-07-30T00:03:30+08:00][sql] SELECT `id`,`title` FROM `course` ORDER BY `sorting` ASC LIMIT 0,6 [ RunTime:0.000242s ]
[2023-07-30T00:03:30+08:00][sql] SHOW FULL COLUMNS FROM `teacher` [ RunTime:0.000847s ]
[2023-07-30T00:03:30+08:00][sql] SELECT * FROM `teacher` [ RunTime:0.000226s ]
[2023-07-30T00:03:30+08:00][sql] SHOW FULL COLUMNS FROM `address` [ RunTime:0.000945s ]
[2023-07-30T00:03:30+08:00][sql] SELECT * FROM `address` WHERE  `id` = 1 LIMIT 1 [ RunTime:0.000248s ]
[2023-07-30T00:03:30+08:00][sql] SELECT * FROM `address` WHERE  `id` = 2 LIMIT 1 [ RunTime:0.000211s ]
[2023-07-30T00:14:57+08:00][sql] CONNECT:[ UseTime:0.000464s ] mysql:host=localhost;port=3316;dbname=coffee;charset=utf8
[2023-07-30T00:14:57+08:00][sql] SHOW FULL COLUMNS FROM `banner` [ RunTime:0.001445s ]
[2023-07-30T00:14:57+08:00][sql] SELECT * FROM `banner` [ RunTime:0.000229s ]
[2023-07-30T00:14:57+08:00][sql] SHOW FULL COLUMNS FROM `information` [ RunTime:0.001031s ]
[2023-07-30T00:14:57+08:00][sql] SELECT * FROM `information` ORDER BY `time` DESC LIMIT 1 [ RunTime:0.000366s ]
[2023-07-30T00:14:57+08:00][sql] SELECT * FROM `information` ORDER BY `time` DESC LIMIT 1,4 [ RunTime:0.000362s ]
[2023-07-30T00:14:57+08:00][sql] SHOW FULL COLUMNS FROM `course` [ RunTime:0.001127s ]
[2023-07-30T00:14:57+08:00][sql] SELECT `id`,`title` FROM `course` ORDER BY `sorting` ASC LIMIT 0,6 [ RunTime:0.000213s ]
[2023-07-30T00:14:57+08:00][sql] SHOW FULL COLUMNS FROM `teacher` [ RunTime:0.001060s ]
[2023-07-30T00:14:57+08:00][sql] SELECT * FROM `teacher` [ RunTime:0.000221s ]
[2023-07-30T00:14:57+08:00][sql] SHOW FULL COLUMNS FROM `address` [ RunTime:0.000941s ]
[2023-07-30T00:14:57+08:00][sql] SELECT * FROM `address` WHERE  `id` = 1 LIMIT 1 [ RunTime:0.000246s ]
[2023-07-30T00:14:57+08:00][sql] SELECT * FROM `address` WHERE  `id` = 2 LIMIT 1 [ RunTime:0.000226s ]
[2023-07-30T01:10:03+08:00][sql] CONNECT:[ UseTime:0.000544s ] mysql:host=localhost;port=3316;dbname=coffee;charset=utf8
[2023-07-30T01:10:03+08:00][sql] SHOW FULL COLUMNS FROM `banner` [ RunTime:0.001448s ]
[2023-07-30T01:10:03+08:00][sql] SELECT * FROM `banner` [ RunTime:0.000235s ]
[2023-07-30T01:10:03+08:00][sql] SHOW FULL COLUMNS FROM `information` [ RunTime:0.001273s ]
[2023-07-30T01:10:03+08:00][sql] SELECT * FROM `information` ORDER BY `time` DESC LIMIT 1 [ RunTime:0.000314s ]
[2023-07-30T01:10:03+08:00][sql] SELECT * FROM `information` ORDER BY `time` DESC LIMIT 1,4 [ RunTime:0.000351s ]
[2023-07-30T01:10:03+08:00][sql] SHOW FULL COLUMNS FROM `course` [ RunTime:0.001143s ]
[2023-07-30T01:10:03+08:00][sql] SELECT `id`,`title` FROM `course` ORDER BY `sorting` ASC LIMIT 0,6 [ RunTime:0.000251s ]
[2023-07-30T01:10:03+08:00][sql] SHOW FULL COLUMNS FROM `teacher` [ RunTime:0.000904s ]
[2023-07-30T01:10:03+08:00][sql] SELECT * FROM `teacher` [ RunTime:0.000225s ]
[2023-07-30T01:10:03+08:00][sql] SHOW FULL COLUMNS FROM `address` [ RunTime:0.000944s ]
[2023-07-30T01:10:03+08:00][sql] SELECT * FROM `address` WHERE  `id` = 1 LIMIT 1 [ RunTime:0.000266s ]
[2023-07-30T01:10:03+08:00][sql] SELECT * FROM `address` WHERE  `id` = 2 LIMIT 1 [ RunTime:0.000241s ]
[2023-07-30T01:10:14+08:00][sql] CONNECT:[ UseTime:0.000423s ] mysql:host=localhost;port=3316;dbname=coffee;charset=utf8
[2023-07-30T01:10:14+08:00][sql] SHOW FULL COLUMNS FROM `banner` [ RunTime:0.001385s ]
[2023-07-30T01:10:14+08:00][sql] SELECT * FROM `banner` [ RunTime:0.000213s ]
[2023-07-30T01:10:14+08:00][sql] SHOW FULL COLUMNS FROM `information` [ RunTime:0.001007s ]
[2023-07-30T01:10:14+08:00][sql] SELECT * FROM `information` ORDER BY `time` DESC LIMIT 1 [ RunTime:0.000292s ]
[2023-07-30T01:10:14+08:00][sql] SELECT * FROM `information` ORDER BY `time` DESC LIMIT 1,4 [ RunTime:0.000333s ]
[2023-07-30T01:10:14+08:00][sql] SHOW FULL COLUMNS FROM `course` [ RunTime:0.001131s ]
[2023-07-30T01:10:14+08:00][sql] SELECT `id`,`title` FROM `course` ORDER BY `sorting` ASC LIMIT 0,6 [ RunTime:0.000278s ]
[2023-07-30T01:10:14+08:00][sql] SHOW FULL COLUMNS FROM `teacher` [ RunTime:0.001220s ]
[2023-07-30T01:10:14+08:00][sql] SELECT * FROM `teacher` [ RunTime:0.000250s ]
[2023-07-30T01:10:14+08:00][sql] SHOW FULL COLUMNS FROM `address` [ RunTime:0.001012s ]
[2023-07-30T01:10:14+08:00][sql] SELECT * FROM `address` WHERE  `id` = 1 LIMIT 1 [ RunTime:0.000308s ]
[2023-07-30T01:10:14+08:00][sql] SELECT * FROM `address` WHERE  `id` = 2 LIMIT 1 [ RunTime:0.000210s ]
[2023-07-30T01:16:53+08:00][sql] CONNECT:[ UseTime:0.000402s ] mysql:host=localhost;port=3316;dbname=coffee;charset=utf8
[2023-07-30T01:16:53+08:00][sql] SHOW FULL COLUMNS FROM `banner` [ RunTime:0.001453s ]
[2023-07-30T01:16:53+08:00][sql] SELECT * FROM `banner` [ RunTime:0.000277s ]
[2023-07-30T01:16:53+08:00][sql] SHOW FULL COLUMNS FROM `information` [ RunTime:0.001207s ]
[2023-07-30T01:16:53+08:00][sql] SELECT * FROM `information` ORDER BY `time` DESC LIMIT 1 [ RunTime:0.000355s ]
[2023-07-30T01:16:53+08:00][sql] SELECT * FROM `information` ORDER BY `time` DESC LIMIT 1,4 [ RunTime:0.000365s ]
[2023-07-30T01:16:53+08:00][sql] SHOW FULL COLUMNS FROM `course` [ RunTime:0.001273s ]
[2023-07-30T01:16:53+08:00][sql] SELECT `id`,`title` FROM `course` ORDER BY `sorting` ASC LIMIT 0,6 [ RunTime:0.000270s ]
[2023-07-30T01:16:53+08:00][sql] SHOW FULL COLUMNS FROM `teacher` [ RunTime:0.001009s ]
[2023-07-30T01:16:53+08:00][sql] SELECT * FROM `teacher` [ RunTime:0.000230s ]
[2023-07-30T01:16:53+08:00][sql] SHOW FULL COLUMNS FROM `address` [ RunTime:0.000986s ]
[2023-07-30T01:16:53+08:00][sql] SELECT * FROM `address` WHERE  `id` = 1 LIMIT 1 [ RunTime:0.000285s ]
[2023-07-30T01:16:53+08:00][sql] SELECT * FROM `address` WHERE  `id` = 2 LIMIT 1 [ RunTime:0.000248s ]
[2023-07-30T01:27:45+08:00][sql] CONNECT:[ UseTime:0.000428s ] mysql:host=localhost;port=3316;dbname=coffee;charset=utf8
[2023-07-30T01:27:45+08:00][sql] SHOW FULL COLUMNS FROM `banner` [ RunTime:0.001318s ]
[2023-07-30T01:27:45+08:00][sql] SELECT * FROM `banner` [ RunTime:0.000251s ]
[2023-07-30T01:27:45+08:00][sql] SHOW FULL COLUMNS FROM `information` [ RunTime:0.000971s ]
[2023-07-30T01:27:45+08:00][sql] SELECT * FROM `information` ORDER BY `time` DESC LIMIT 1 [ RunTime:0.000303s ]
[2023-07-30T01:27:45+08:00][sql] SELECT * FROM `information` ORDER BY `time` DESC LIMIT 1,4 [ RunTime:0.000348s ]
[2023-07-30T01:27:45+08:00][sql] SHOW FULL COLUMNS FROM `course` [ RunTime:0.001110s ]
[2023-07-30T01:27:45+08:00][sql] SELECT `id`,`title` FROM `course` ORDER BY `sorting` ASC LIMIT 0,6 [ RunTime:0.000219s ]
[2023-07-30T01:27:45+08:00][sql] SHOW FULL COLUMNS FROM `teacher` [ RunTime:0.000843s ]
[2023-07-30T01:27:45+08:00][sql] SELECT * FROM `teacher` [ RunTime:0.000221s ]
[2023-07-30T01:27:45+08:00][sql] SHOW FULL COLUMNS FROM `address` [ RunTime:0.000853s ]
[2023-07-30T01:27:45+08:00][sql] SELECT * FROM `address` WHERE  `id` = 1 LIMIT 1 [ RunTime:0.000233s ]
[2023-07-30T01:27:45+08:00][sql] SELECT * FROM `address` WHERE  `id` = 2 LIMIT 1 [ RunTime:0.000252s ]
[2023-07-30T01:48:38+08:00][sql] CONNECT:[ UseTime:0.000440s ] mysql:host=localhost;port=3316;dbname=coffee;charset=utf8
[2023-07-30T01:48:38+08:00][sql] SHOW FULL COLUMNS FROM `banner` [ RunTime:0.001480s ]
[2023-07-30T01:48:38+08:00][sql] SELECT * FROM `banner` [ RunTime:0.000265s ]
[2023-07-30T01:48:38+08:00][sql] SHOW FULL COLUMNS FROM `information` [ RunTime:0.001105s ]
[2023-07-30T01:48:38+08:00][sql] SELECT * FROM `information` ORDER BY `time` DESC LIMIT 1 [ RunTime:0.000400s ]
[2023-07-30T01:48:38+08:00][sql] SELECT * FROM `information` ORDER BY `time` DESC LIMIT 1,4 [ RunTime:0.000375s ]
[2023-07-30T01:48:38+08:00][sql] SHOW FULL COLUMNS FROM `course` [ RunTime:0.001167s ]
[2023-07-30T01:48:38+08:00][sql] SELECT `id`,`title` FROM `course` ORDER BY `sorting` ASC LIMIT 0,6 [ RunTime:0.000279s ]
[2023-07-30T01:48:38+08:00][sql] SHOW FULL COLUMNS FROM `teacher` [ RunTime:0.000939s ]
[2023-07-30T01:48:38+08:00][sql] SELECT * FROM `teacher` [ RunTime:0.000264s ]
[2023-07-30T01:48:38+08:00][sql] SHOW FULL COLUMNS FROM `address` [ RunTime:0.001077s ]
[2023-07-30T01:48:38+08:00][sql] SELECT * FROM `address` WHERE  `id` = 1 LIMIT 1 [ RunTime:0.000341s ]
[2023-07-30T01:48:38+08:00][sql] SELECT * FROM `address` WHERE  `id` = 2 LIMIT 1 [ RunTime:0.000311s ]
[2023-07-30T02:10:59+08:00][sql] CONNECT:[ UseTime:0.000442s ] mysql:host=localhost;port=3316;dbname=coffee;charset=utf8
[2023-07-30T02:10:59+08:00][sql] SHOW FULL COLUMNS FROM `banner` [ RunTime:0.001282s ]
[2023-07-30T02:10:59+08:00][sql] SELECT * FROM `banner` [ RunTime:0.000265s ]
[2023-07-30T02:10:59+08:00][sql] SHOW FULL COLUMNS FROM `information` [ RunTime:0.000939s ]
[2023-07-30T02:10:59+08:00][sql] SELECT * FROM `information` ORDER BY `time` DESC LIMIT 1 [ RunTime:0.000385s ]
[2023-07-30T02:10:59+08:00][sql] SELECT * FROM `information` ORDER BY `time` DESC LIMIT 1,4 [ RunTime:0.000439s ]
[2023-07-30T02:10:59+08:00][sql] SHOW FULL COLUMNS FROM `course` [ RunTime:0.001148s ]
[2023-07-30T02:10:59+08:00][sql] SELECT `id`,`title` FROM `course` ORDER BY `sorting` ASC LIMIT 0,6 [ RunTime:0.000273s ]
[2023-07-30T02:10:59+08:00][sql] SHOW FULL COLUMNS FROM `teacher` [ RunTime:0.000898s ]
[2023-07-30T02:10:59+08:00][sql] SELECT * FROM `teacher` [ RunTime:0.000302s ]
[2023-07-30T02:10:59+08:00][sql] SHOW FULL COLUMNS FROM `address` [ RunTime:0.001009s ]
[2023-07-30T02:10:59+08:00][sql] SELECT * FROM `address` WHERE  `id` = 1 LIMIT 1 [ RunTime:0.000266s ]
[2023-07-30T02:10:59+08:00][sql] SELECT * FROM `address` WHERE  `id` = 2 LIMIT 1 [ RunTime:0.000291s ]
[2023-07-30T02:11:00+08:00][sql] CONNECT:[ UseTime:0.000425s ] mysql:host=localhost;port=3316;dbname=coffee;charset=utf8
[2023-07-30T02:11:00+08:00][sql] SHOW FULL COLUMNS FROM `banner` [ RunTime:0.001322s ]
[2023-07-30T02:11:00+08:00][sql] SELECT * FROM `banner` [ RunTime:0.000270s ]
[2023-07-30T02:11:00+08:00][sql] SHOW FULL COLUMNS FROM `information` [ RunTime:0.001105s ]
[2023-07-30T02:11:00+08:00][sql] SELECT * FROM `information` ORDER BY `time` DESC LIMIT 1 [ RunTime:0.000320s ]
[2023-07-30T02:11:00+08:00][sql] SELECT * FROM `information` ORDER BY `time` DESC LIMIT 1,4 [ RunTime:0.000305s ]
[2023-07-30T02:11:00+08:00][sql] SHOW FULL COLUMNS FROM `course` [ RunTime:0.001054s ]
[2023-07-30T02:11:00+08:00][sql] SELECT `id`,`title` FROM `course` ORDER BY `sorting` ASC LIMIT 0,6 [ RunTime:0.000238s ]
[2023-07-30T02:11:00+08:00][sql] SHOW FULL COLUMNS FROM `teacher` [ RunTime:0.000859s ]
[2023-07-30T02:11:00+08:00][sql] SELECT * FROM `teacher` [ RunTime:0.000243s ]
[2023-07-30T02:11:00+08:00][sql] SHOW FULL COLUMNS FROM `address` [ RunTime:0.000879s ]
[2023-07-30T02:11:00+08:00][sql] SELECT * FROM `address` WHERE  `id` = 1 LIMIT 1 [ RunTime:0.000231s ]
[2023-07-30T02:11:00+08:00][sql] SELECT * FROM `address` WHERE  `id` = 2 LIMIT 1 [ RunTime:0.000202s ]
[2023-07-30T02:18:24+08:00][sql] CONNECT:[ UseTime:0.000411s ] mysql:host=localhost;port=3316;dbname=coffee;charset=utf8
[2023-07-30T02:18:24+08:00][sql] SHOW FULL COLUMNS FROM `banner` [ RunTime:0.001417s ]
[2023-07-30T02:18:24+08:00][sql] SELECT * FROM `banner` [ RunTime:0.000253s ]
[2023-07-30T02:18:24+08:00][sql] SHOW FULL COLUMNS FROM `information` [ RunTime:0.001043s ]
[2023-07-30T02:18:24+08:00][sql] SELECT * FROM `information` ORDER BY `time` DESC LIMIT 1 [ RunTime:0.000354s ]
[2023-07-30T02:18:24+08:00][sql] SELECT * FROM `information` ORDER BY `time` DESC LIMIT 1,4 [ RunTime:0.000320s ]
[2023-07-30T02:18:24+08:00][sql] SHOW FULL COLUMNS FROM `course` [ RunTime:0.001142s ]
[2023-07-30T02:18:24+08:00][sql] SELECT `id`,`title` FROM `course` ORDER BY `sorting` ASC LIMIT 0,6 [ RunTime:0.000226s ]
[2023-07-30T02:18:24+08:00][sql] SHOW FULL COLUMNS FROM `teacher` [ RunTime:0.000958s ]
[2023-07-30T02:18:24+08:00][sql] SELECT * FROM `teacher` [ RunTime:0.000235s ]
[2023-07-30T02:18:24+08:00][sql] SHOW FULL COLUMNS FROM `address` [ RunTime:0.000886s ]
[2023-07-30T02:18:24+08:00][sql] SELECT * FROM `address` WHERE  `id` = 1 LIMIT 1 [ RunTime:0.000267s ]
[2023-07-30T02:18:24+08:00][sql] SELECT * FROM `address` WHERE  `id` = 2 LIMIT 1 [ RunTime:0.000195s ]
[2023-07-30T02:25:33+08:00][sql] CONNECT:[ UseTime:0.000449s ] mysql:host=localhost;port=3316;dbname=coffee;charset=utf8
[2023-07-30T02:25:33+08:00][sql] SHOW FULL COLUMNS FROM `banner` [ RunTime:0.001509s ]
[2023-07-30T02:25:33+08:00][sql] SELECT * FROM `banner` [ RunTime:0.000260s ]
[2023-07-30T02:25:33+08:00][sql] SHOW FULL COLUMNS FROM `information` [ RunTime:0.001062s ]
[2023-07-30T02:25:33+08:00][sql] SELECT * FROM `information` ORDER BY `time` DESC LIMIT 1 [ RunTime:0.000317s ]
[2023-07-30T02:25:33+08:00][sql] SELECT * FROM `information` ORDER BY `time` DESC LIMIT 1,4 [ RunTime:0.000330s ]
[2023-07-30T02:25:33+08:00][sql] SHOW FULL COLUMNS FROM `course` [ RunTime:0.001151s ]
[2023-07-30T02:25:33+08:00][sql] SELECT `id`,`title` FROM `course` ORDER BY `sorting` ASC LIMIT 0,6 [ RunTime:0.000240s ]
[2023-07-30T02:25:33+08:00][sql] SHOW FULL COLUMNS FROM `teacher` [ RunTime:0.000935s ]
[2023-07-30T02:25:33+08:00][sql] SELECT * FROM `teacher` [ RunTime:0.000237s ]
[2023-07-30T02:25:33+08:00][sql] SHOW FULL COLUMNS FROM `address` [ RunTime:0.000954s ]
[2023-07-30T02:25:33+08:00][sql] SELECT * FROM `address` WHERE  `id` = 1 LIMIT 1 [ RunTime:0.000280s ]
[2023-07-30T02:25:33+08:00][sql] SELECT * FROM `address` WHERE  `id` = 2 LIMIT 1 [ RunTime:0.000221s ]
[2023-07-30T02:29:00+08:00][sql] CONNECT:[ UseTime:0.000423s ] mysql:host=localhost;port=3316;dbname=coffee;charset=utf8
[2023-07-30T02:29:00+08:00][sql] SHOW FULL COLUMNS FROM `banner` [ RunTime:0.001533s ]
[2023-07-30T02:29:00+08:00][sql] SELECT * FROM `banner` [ RunTime:0.000231s ]
[2023-07-30T02:29:00+08:00][sql] SHOW FULL COLUMNS FROM `information` [ RunTime:0.001040s ]
[2023-07-30T02:29:00+08:00][sql] SELECT * FROM `information` ORDER BY `time` DESC LIMIT 1 [ RunTime:0.000334s ]
[2023-07-30T02:29:00+08:00][sql] SELECT * FROM `information` ORDER BY `time` DESC LIMIT 1,4 [ RunTime:0.000326s ]
[2023-07-30T02:29:00+08:00][sql] SHOW FULL COLUMNS FROM `course` [ RunTime:0.001077s ]
[2023-07-30T02:29:00+08:00][sql] SELECT `id`,`title` FROM `course` ORDER BY `sorting` ASC LIMIT 0,6 [ RunTime:0.000397s ]
[2023-07-30T02:29:00+08:00][sql] SHOW FULL COLUMNS FROM `teacher` [ RunTime:0.000847s ]
[2023-07-30T02:29:00+08:00][sql] SELECT * FROM `teacher` [ RunTime:0.000273s ]
[2023-07-30T02:29:00+08:00][sql] SHOW FULL COLUMNS FROM `address` [ RunTime:0.001010s ]
[2023-07-30T02:29:00+08:00][sql] SELECT * FROM `address` WHERE  `id` = 1 LIMIT 1 [ RunTime:0.000301s ]
[2023-07-30T02:29:00+08:00][sql] SELECT * FROM `address` WHERE  `id` = 2 LIMIT 1 [ RunTime:0.000218s ]
[2023-07-30T02:37:48+08:00][sql] CONNECT:[ UseTime:0.000477s ] mysql:host=localhost;port=3316;dbname=coffee;charset=utf8
[2023-07-30T02:37:48+08:00][sql] SHOW FULL COLUMNS FROM `banner` [ RunTime:0.001416s ]
[2023-07-30T02:37:48+08:00][sql] SELECT * FROM `banner` [ RunTime:0.000278s ]
[2023-07-30T02:37:48+08:00][sql] SHOW FULL COLUMNS FROM `information` [ RunTime:0.001022s ]
[2023-07-30T02:37:48+08:00][sql] SELECT * FROM `information` ORDER BY `time` DESC LIMIT 1 [ RunTime:0.000293s ]
[2023-07-30T02:37:48+08:00][sql] SELECT * FROM `information` ORDER BY `time` DESC LIMIT 1,4 [ RunTime:0.000310s ]
[2023-07-30T02:37:48+08:00][sql] SHOW FULL COLUMNS FROM `course` [ RunTime:0.001204s ]
[2023-07-30T02:37:48+08:00][sql] SELECT `id`,`title` FROM `course` ORDER BY `sorting` ASC LIMIT 0,6 [ RunTime:0.000300s ]
[2023-07-30T02:37:48+08:00][sql] SHOW FULL COLUMNS FROM `teacher` [ RunTime:0.000897s ]
[2023-07-30T02:37:48+08:00][sql] SELECT * FROM `teacher` [ RunTime:0.000231s ]
[2023-07-30T02:37:48+08:00][sql] SHOW FULL COLUMNS FROM `address` [ RunTime:0.000903s ]
[2023-07-30T02:37:48+08:00][sql] SELECT * FROM `address` WHERE  `id` = 1 LIMIT 1 [ RunTime:0.000299s ]
[2023-07-30T02:37:48+08:00][sql] SELECT * FROM `address` WHERE  `id` = 2 LIMIT 1 [ RunTime:0.000209s ]
[2023-07-30T02:38:51+08:00][sql] CONNECT:[ UseTime:0.000498s ] mysql:host=localhost;port=3316;dbname=coffee;charset=utf8
[2023-07-30T02:38:51+08:00][sql] SHOW FULL COLUMNS FROM `banner` [ RunTime:0.001381s ]
[2023-07-30T02:38:51+08:00][sql] SELECT * FROM `banner` [ RunTime:0.000250s ]
[2023-07-30T02:38:51+08:00][sql] SHOW FULL COLUMNS FROM `information` [ RunTime:0.001101s ]
[2023-07-30T02:38:51+08:00][sql] SELECT * FROM `information` ORDER BY `time` DESC LIMIT 1 [ RunTime:0.000379s ]
[2023-07-30T02:38:51+08:00][sql] SELECT * FROM `information` ORDER BY `time` DESC LIMIT 1,4 [ RunTime:0.000351s ]
[2023-07-30T02:38:51+08:00][sql] SHOW FULL COLUMNS FROM `course` [ RunTime:0.001315s ]
[2023-07-30T02:38:51+08:00][sql] SELECT `id`,`title` FROM `course` ORDER BY `sorting` ASC LIMIT 0,6 [ RunTime:0.000292s ]
[2023-07-30T02:38:51+08:00][sql] SHOW FULL COLUMNS FROM `teacher` [ RunTime:0.001075s ]
[2023-07-30T02:38:51+08:00][sql] SELECT * FROM `teacher` [ RunTime:0.000311s ]
[2023-07-30T02:38:51+08:00][sql] SHOW FULL COLUMNS FROM `address` [ RunTime:0.001107s ]
[2023-07-30T02:38:51+08:00][sql] SELECT * FROM `address` WHERE  `id` = 1 LIMIT 1 [ RunTime:0.000323s ]
[2023-07-30T02:38:51+08:00][sql] SELECT * FROM `address` WHERE  `id` = 2 LIMIT 1 [ RunTime:0.000270s ]
[2023-07-30T03:01:49+08:00][sql] CONNECT:[ UseTime:0.000400s ] mysql:host=localhost;port=3316;dbname=coffee;charset=utf8
[2023-07-30T03:01:49+08:00][sql] SHOW FULL COLUMNS FROM `banner` [ RunTime:0.001261s ]
[2023-07-30T03:01:49+08:00][sql] SELECT * FROM `banner` [ RunTime:0.000222s ]
[2023-07-30T03:01:49+08:00][sql] SHOW FULL COLUMNS FROM `information` [ RunTime:0.000924s ]
[2023-07-30T03:01:49+08:00][sql] SELECT * FROM `information` ORDER BY `time` DESC LIMIT 1 [ RunTime:0.000377s ]
[2023-07-30T03:01:49+08:00][sql] SELECT * FROM `information` ORDER BY `time` DESC LIMIT 1,4 [ RunTime:0.000332s ]
[2023-07-30T03:01:49+08:00][sql] SHOW FULL COLUMNS FROM `course` [ RunTime:0.001147s ]
[2023-07-30T03:01:49+08:00][sql] SELECT `id`,`title` FROM `course` ORDER BY `sorting` ASC LIMIT 0,6 [ RunTime:0.000257s ]
[2023-07-30T03:01:49+08:00][sql] SHOW FULL COLUMNS FROM `teacher` [ RunTime:0.000916s ]
[2023-07-30T03:01:49+08:00][sql] SELECT * FROM `teacher` [ RunTime:0.000276s ]
[2023-07-30T03:01:49+08:00][sql] SHOW FULL COLUMNS FROM `address` [ RunTime:0.000914s ]
[2023-07-30T03:01:49+08:00][sql] SELECT * FROM `address` WHERE  `id` = 1 LIMIT 1 [ RunTime:0.000249s ]
[2023-07-30T03:01:49+08:00][sql] SELECT * FROM `address` WHERE  `id` = 2 LIMIT 1 [ RunTime:0.000202s ]
[2023-07-30T03:05:27+08:00][sql] CONNECT:[ UseTime:0.000422s ] mysql:host=localhost;port=3316;dbname=coffee;charset=utf8
[2023-07-30T03:05:27+08:00][sql] SHOW FULL COLUMNS FROM `banner` [ RunTime:0.001395s ]
[2023-07-30T03:05:27+08:00][sql] SELECT * FROM `banner` [ RunTime:0.000272s ]
[2023-07-30T03:05:27+08:00][sql] SHOW FULL COLUMNS FROM `information` [ RunTime:0.001494s ]
[2023-07-30T03:05:27+08:00][sql] SELECT * FROM `information` ORDER BY `time` DESC LIMIT 1 [ RunTime:0.000407s ]
[2023-07-30T03:05:27+08:00][sql] SELECT * FROM `information` ORDER BY `time` DESC LIMIT 1,4 [ RunTime:0.000450s ]
[2023-07-30T03:05:27+08:00][sql] SHOW FULL COLUMNS FROM `course` [ RunTime:0.001584s ]
[2023-07-30T03:05:27+08:00][sql] SELECT `id`,`title` FROM `course` ORDER BY `sorting` ASC LIMIT 0,6 [ RunTime:0.000297s ]
[2023-07-30T03:05:27+08:00][sql] SHOW FULL COLUMNS FROM `teacher` [ RunTime:0.001128s ]
[2023-07-30T03:05:27+08:00][sql] SELECT * FROM `teacher` [ RunTime:0.000226s ]
[2023-07-30T03:05:27+08:00][sql] SHOW FULL COLUMNS FROM `address` [ RunTime:0.000886s ]
[2023-07-30T03:05:27+08:00][sql] SELECT * FROM `address` WHERE  `id` = 1 LIMIT 1 [ RunTime:0.000251s ]
[2023-07-30T03:05:27+08:00][sql] SELECT * FROM `address` WHERE  `id` = 2 LIMIT 1 [ RunTime:0.000202s ]
[2023-07-30T03:11:23+08:00][sql] CONNECT:[ UseTime:0.000451s ] mysql:host=localhost;port=3316;dbname=coffee;charset=utf8
[2023-07-30T03:11:23+08:00][sql] SHOW FULL COLUMNS FROM `banner` [ RunTime:0.001405s ]
[2023-07-30T03:11:23+08:00][sql] SELECT * FROM `banner` [ RunTime:0.000220s ]
[2023-07-30T03:11:23+08:00][sql] SHOW FULL COLUMNS FROM `information` [ RunTime:0.000974s ]
[2023-07-30T03:11:23+08:00][sql] SELECT * FROM `information` ORDER BY `time` DESC LIMIT 1 [ RunTime:0.000297s ]
[2023-07-30T03:11:23+08:00][sql] SELECT * FROM `information` ORDER BY `time` DESC LIMIT 1,4 [ RunTime:0.000361s ]
[2023-07-30T03:11:23+08:00][sql] SHOW FULL COLUMNS FROM `course` [ RunTime:0.001088s ]
[2023-07-30T03:11:23+08:00][sql] SELECT `id`,`title` FROM `course` ORDER BY `sorting` ASC LIMIT 0,6 [ RunTime:0.000244s ]
[2023-07-30T03:11:23+08:00][sql] SHOW FULL COLUMNS FROM `teacher` [ RunTime:0.001015s ]
[2023-07-30T03:11:23+08:00][sql] SELECT * FROM `teacher` [ RunTime:0.000250s ]
[2023-07-30T03:11:23+08:00][sql] SHOW FULL COLUMNS FROM `address` [ RunTime:0.000948s ]
[2023-07-30T03:11:23+08:00][sql] SELECT * FROM `address` WHERE  `id` = 1 LIMIT 1 [ RunTime:0.000280s ]
[2023-07-30T03:11:23+08:00][sql] SELECT * FROM `address` WHERE  `id` = 2 LIMIT 1 [ RunTime:0.000218s ]
[2023-07-30T03:12:32+08:00][sql] CONNECT:[ UseTime:0.000494s ] mysql:host=localhost;port=3316;dbname=coffee;charset=utf8
[2023-07-30T03:12:32+08:00][sql] SHOW FULL COLUMNS FROM `banner` [ RunTime:0.001524s ]
[2023-07-30T03:12:32+08:00][sql] SELECT * FROM `banner` [ RunTime:0.000268s ]
[2023-07-30T03:12:32+08:00][sql] SHOW FULL COLUMNS FROM `information` [ RunTime:0.001084s ]
[2023-07-30T03:12:32+08:00][sql] SELECT * FROM `information` ORDER BY `time` DESC LIMIT 1 [ RunTime:0.000351s ]
[2023-07-30T03:12:32+08:00][sql] SELECT * FROM `information` ORDER BY `time` DESC LIMIT 1,4 [ RunTime:0.000338s ]
[2023-07-30T03:12:32+08:00][sql] SHOW FULL COLUMNS FROM `course` [ RunTime:0.001126s ]
[2023-07-30T03:12:32+08:00][sql] SELECT `id`,`title` FROM `course` ORDER BY `sorting` ASC LIMIT 0,6 [ RunTime:0.000269s ]
[2023-07-30T03:12:32+08:00][sql] SHOW FULL COLUMNS FROM `teacher` [ RunTime:0.000938s ]
[2023-07-30T03:12:32+08:00][sql] SELECT * FROM `teacher` [ RunTime:0.000235s ]
[2023-07-30T03:12:32+08:00][sql] SHOW FULL COLUMNS FROM `address` [ RunTime:0.001037s ]
[2023-07-30T03:12:32+08:00][sql] SELECT * FROM `address` WHERE  `id` = 1 LIMIT 1 [ RunTime:0.000243s ]
[2023-07-30T03:12:32+08:00][sql] SELECT * FROM `address` WHERE  `id` = 2 LIMIT 1 [ RunTime:0.000196s ]
[2023-07-30T03:36:28+08:00][sql] CONNECT:[ UseTime:0.000486s ] mysql:host=localhost;port=3316;dbname=coffee;charset=utf8
[2023-07-30T03:36:28+08:00][sql] SHOW FULL COLUMNS FROM `banner` [ RunTime:0.001314s ]
[2023-07-30T03:36:28+08:00][sql] SELECT * FROM `banner` [ RunTime:0.000225s ]
[2023-07-30T03:36:28+08:00][sql] SHOW FULL COLUMNS FROM `information` [ RunTime:0.000978s ]
[2023-07-30T03:36:28+08:00][sql] SELECT * FROM `information` ORDER BY `time` DESC LIMIT 1 [ RunTime:0.000293s ]
[2023-07-30T03:36:28+08:00][sql] SELECT * FROM `information` ORDER BY `time` DESC LIMIT 1,4 [ RunTime:0.000351s ]
[2023-07-30T03:36:28+08:00][sql] SHOW FULL COLUMNS FROM `course` [ RunTime:0.001106s ]
[2023-07-30T03:36:28+08:00][sql] SELECT `id`,`title` FROM `course` ORDER BY `sorting` ASC LIMIT 0,6 [ RunTime:0.000225s ]
[2023-07-30T03:36:28+08:00][sql] SHOW FULL COLUMNS FROM `teacher` [ RunTime:0.000916s ]
[2023-07-30T03:36:28+08:00][sql] SELECT * FROM `teacher` [ RunTime:0.000230s ]
[2023-07-30T03:36:28+08:00][sql] SHOW FULL COLUMNS FROM `address` [ RunTime:0.000881s ]
[2023-07-30T03:36:28+08:00][sql] SELECT * FROM `address` WHERE  `id` = 1 LIMIT 1 [ RunTime:0.000246s ]
[2023-07-30T03:36:28+08:00][sql] SELECT * FROM `address` WHERE  `id` = 2 LIMIT 1 [ RunTime:0.000207s ]
[2023-07-30T04:15:36+08:00][sql] CONNECT:[ UseTime:0.000533s ] mysql:host=localhost;port=3316;dbname=coffee;charset=utf8
[2023-07-30T04:15:36+08:00][sql] SHOW FULL COLUMNS FROM `banner` [ RunTime:0.001725s ]
[2023-07-30T04:15:36+08:00][sql] SELECT * FROM `banner` [ RunTime:0.000269s ]
[2023-07-30T04:15:36+08:00][sql] SHOW FULL COLUMNS FROM `information` [ RunTime:0.001239s ]
[2023-07-30T04:15:36+08:00][sql] SELECT * FROM `information` ORDER BY `time` DESC LIMIT 1 [ RunTime:0.000389s ]
[2023-07-30T04:15:36+08:00][sql] SELECT * FROM `information` ORDER BY `time` DESC LIMIT 1,4 [ RunTime:0.000432s ]
[2023-07-30T04:15:36+08:00][sql] SHOW FULL COLUMNS FROM `course` [ RunTime:0.001194s ]
[2023-07-30T04:15:36+08:00][sql] SELECT `id`,`title` FROM `course` ORDER BY `sorting` ASC LIMIT 0,6 [ RunTime:0.000217s ]
[2023-07-30T04:15:36+08:00][sql] SHOW FULL COLUMNS FROM `teacher` [ RunTime:0.000852s ]
[2023-07-30T04:15:36+08:00][sql] SELECT * FROM `teacher` [ RunTime:0.000247s ]
[2023-07-30T04:15:36+08:00][sql] SHOW FULL COLUMNS FROM `address` [ RunTime:0.000867s ]
[2023-07-30T04:15:36+08:00][sql] SELECT * FROM `address` WHERE  `id` = 1 LIMIT 1 [ RunTime:0.000245s ]
[2023-07-30T04:15:36+08:00][sql] SELECT * FROM `address` WHERE  `id` = 2 LIMIT 1 [ RunTime:0.000200s ]
[2023-07-30T04:15:37+08:00][sql] CONNECT:[ UseTime:0.000463s ] mysql:host=localhost;port=3316;dbname=coffee;charset=utf8
[2023-07-30T04:15:37+08:00][sql] SHOW FULL COLUMNS FROM `banner` [ RunTime:0.001411s ]
[2023-07-30T04:15:37+08:00][sql] SELECT * FROM `banner` [ RunTime:0.000242s ]
[2023-07-30T04:15:37+08:00][sql] SHOW FULL COLUMNS FROM `information` [ RunTime:0.001121s ]
[2023-07-30T04:15:37+08:00][sql] SELECT * FROM `information` ORDER BY `time` DESC LIMIT 1 [ RunTime:0.000302s ]
[2023-07-30T04:15:37+08:00][sql] SELECT * FROM `information` ORDER BY `time` DESC LIMIT 1,4 [ RunTime:0.000315s ]
[2023-07-30T04:15:37+08:00][sql] SHOW FULL COLUMNS FROM `course` [ RunTime:0.001129s ]
[2023-07-30T04:15:37+08:00][sql] SELECT `id`,`title` FROM `course` ORDER BY `sorting` ASC LIMIT 0,6 [ RunTime:0.000230s ]
[2023-07-30T04:15:37+08:00][sql] SHOW FULL COLUMNS FROM `teacher` [ RunTime:0.000885s ]
[2023-07-30T04:15:37+08:00][sql] SELECT * FROM `teacher` [ RunTime:0.000219s ]
[2023-07-30T04:15:37+08:00][sql] SHOW FULL COLUMNS FROM `address` [ RunTime:0.000895s ]
[2023-07-30T04:15:37+08:00][sql] SELECT * FROM `address` WHERE  `id` = 1 LIMIT 1 [ RunTime:0.000250s ]
[2023-07-30T04:15:37+08:00][sql] SELECT * FROM `address` WHERE  `id` = 2 LIMIT 1 [ RunTime:0.000433s ]
[2023-07-30T04:54:16+08:00][sql] CONNECT:[ UseTime:0.000421s ] mysql:host=localhost;port=3316;dbname=coffee;charset=utf8
[2023-07-30T04:54:16+08:00][sql] SHOW FULL COLUMNS FROM `banner` [ RunTime:0.001494s ]
[2023-07-30T04:54:16+08:00][sql] SELECT * FROM `banner` [ RunTime:0.000260s ]
[2023-07-30T04:54:16+08:00][sql] SHOW FULL COLUMNS FROM `information` [ RunTime:0.001028s ]
[2023-07-30T04:54:16+08:00][sql] SELECT * FROM `information` ORDER BY `time` DESC LIMIT 1 [ RunTime:0.000325s ]
[2023-07-30T04:54:16+08:00][sql] SELECT * FROM `information` ORDER BY `time` DESC LIMIT 1,4 [ RunTime:0.000309s ]
[2023-07-30T04:54:16+08:00][sql] SHOW FULL COLUMNS FROM `course` [ RunTime:0.001126s ]
[2023-07-30T04:54:16+08:00][sql] SELECT `id`,`title` FROM `course` ORDER BY `sorting` ASC LIMIT 0,6 [ RunTime:0.000234s ]
[2023-07-30T04:54:16+08:00][sql] SHOW FULL COLUMNS FROM `teacher` [ RunTime:0.000900s ]
[2023-07-30T04:54:16+08:00][sql] SELECT * FROM `teacher` [ RunTime:0.000226s ]
[2023-07-30T04:54:16+08:00][sql] SHOW FULL COLUMNS FROM `address` [ RunTime:0.000862s ]
[2023-07-30T04:54:16+08:00][sql] SELECT * FROM `address` WHERE  `id` = 1 LIMIT 1 [ RunTime:0.000238s ]
[2023-07-30T04:54:16+08:00][sql] SELECT * FROM `address` WHERE  `id` = 2 LIMIT 1 [ RunTime:0.000195s ]
[2023-07-30T05:12:00+08:00][sql] CONNECT:[ UseTime:0.000448s ] mysql:host=localhost;port=3316;dbname=coffee;charset=utf8
[2023-07-30T05:12:00+08:00][sql] SHOW FULL COLUMNS FROM `banner` [ RunTime:0.001472s ]
[2023-07-30T05:12:00+08:00][sql] SELECT * FROM `banner` [ RunTime:0.000231s ]
[2023-07-30T05:12:00+08:00][sql] SHOW FULL COLUMNS FROM `information` [ RunTime:0.000999s ]
[2023-07-30T05:12:00+08:00][sql] SELECT * FROM `information` ORDER BY `time` DESC LIMIT 1 [ RunTime:0.000322s ]
[2023-07-30T05:12:00+08:00][sql] SELECT * FROM `information` ORDER BY `time` DESC LIMIT 1,4 [ RunTime:0.000315s ]
[2023-07-30T05:12:00+08:00][sql] SHOW FULL COLUMNS FROM `course` [ RunTime:0.001044s ]
[2023-07-30T05:12:00+08:00][sql] SELECT `id`,`title` FROM `course` ORDER BY `sorting` ASC LIMIT 0,6 [ RunTime:0.000215s ]
[2023-07-30T05:12:00+08:00][sql] SHOW FULL COLUMNS FROM `teacher` [ RunTime:0.000818s ]
[2023-07-30T05:12:00+08:00][sql] SELECT * FROM `teacher` [ RunTime:0.000223s ]
[2023-07-30T05:12:00+08:00][sql] SHOW FULL COLUMNS FROM `address` [ RunTime:0.000855s ]
[2023-07-30T05:12:00+08:00][sql] SELECT * FROM `address` WHERE  `id` = 1 LIMIT 1 [ RunTime:0.000229s ]
[2023-07-30T05:12:00+08:00][sql] SELECT * FROM `address` WHERE  `id` = 2 LIMIT 1 [ RunTime:0.000196s ]
[2023-07-30T05:22:50+08:00][sql] CONNECT:[ UseTime:0.000429s ] mysql:host=localhost;port=3316;dbname=coffee;charset=utf8
[2023-07-30T05:22:50+08:00][sql] SHOW FULL COLUMNS FROM `banner` [ RunTime:0.001388s ]
[2023-07-30T05:22:50+08:00][sql] SELECT * FROM `banner` [ RunTime:0.000239s ]
[2023-07-30T05:22:50+08:00][sql] SHOW FULL COLUMNS FROM `information` [ RunTime:0.001019s ]
[2023-07-30T05:22:50+08:00][sql] SELECT * FROM `information` ORDER BY `time` DESC LIMIT 1 [ RunTime:0.000333s ]
[2023-07-30T05:22:50+08:00][sql] SELECT * FROM `information` ORDER BY `time` DESC LIMIT 1,4 [ RunTime:0.000310s ]
[2023-07-30T05:22:50+08:00][sql] SHOW FULL COLUMNS FROM `course` [ RunTime:0.001105s ]
[2023-07-30T05:22:50+08:00][sql] SELECT `id`,`title` FROM `course` ORDER BY `sorting` ASC LIMIT 0,6 [ RunTime:0.000243s ]
[2023-07-30T05:22:50+08:00][sql] SHOW FULL COLUMNS FROM `teacher` [ RunTime:0.000876s ]
[2023-07-30T05:22:50+08:00][sql] SELECT * FROM `teacher` [ RunTime:0.000246s ]
[2023-07-30T05:22:50+08:00][sql] SHOW FULL COLUMNS FROM `address` [ RunTime:0.000869s ]
[2023-07-30T05:22:50+08:00][sql] SELECT * FROM `address` WHERE  `id` = 1 LIMIT 1 [ RunTime:0.000239s ]
[2023-07-30T05:22:50+08:00][sql] SELECT * FROM `address` WHERE  `id` = 2 LIMIT 1 [ RunTime:0.000206s ]
[2023-07-30T05:40:15+08:00][sql] CONNECT:[ UseTime:0.000463s ] mysql:host=localhost;port=3316;dbname=coffee;charset=utf8
[2023-07-30T05:40:15+08:00][sql] SHOW FULL COLUMNS FROM `banner` [ RunTime:0.001361s ]
[2023-07-30T05:40:15+08:00][sql] SELECT * FROM `banner` [ RunTime:0.000224s ]
[2023-07-30T05:40:15+08:00][sql] SHOW FULL COLUMNS FROM `information` [ RunTime:0.001044s ]
[2023-07-30T05:40:15+08:00][sql] SELECT * FROM `information` ORDER BY `time` DESC LIMIT 1 [ RunTime:0.000305s ]
[2023-07-30T05:40:15+08:00][sql] SELECT * FROM `information` ORDER BY `time` DESC LIMIT 1,4 [ RunTime:0.000355s ]
[2023-07-30T05:40:15+08:00][sql] SHOW FULL COLUMNS FROM `course` [ RunTime:0.001121s ]
[2023-07-30T05:40:15+08:00][sql] SELECT `id`,`title` FROM `course` ORDER BY `sorting` ASC LIMIT 0,6 [ RunTime:0.000237s ]
[2023-07-30T05:40:15+08:00][sql] SHOW FULL COLUMNS FROM `teacher` [ RunTime:0.000888s ]
[2023-07-30T05:40:15+08:00][sql] SELECT * FROM `teacher` [ RunTime:0.000216s ]
[2023-07-30T05:40:15+08:00][sql] SHOW FULL COLUMNS FROM `address` [ RunTime:0.000889s ]
[2023-07-30T05:40:15+08:00][sql] SELECT * FROM `address` WHERE  `id` = 1 LIMIT 1 [ RunTime:0.000249s ]
[2023-07-30T05:40:15+08:00][sql] SELECT * FROM `address` WHERE  `id` = 2 LIMIT 1 [ RunTime:0.000203s ]
[2023-07-30T05:40:57+08:00][sql] CONNECT:[ UseTime:0.000425s ] mysql:host=localhost;port=3316;dbname=coffee;charset=utf8
[2023-07-30T05:40:57+08:00][sql] SHOW FULL COLUMNS FROM `banner` [ RunTime:0.001349s ]
[2023-07-30T05:40:57+08:00][sql] SELECT * FROM `banner` [ RunTime:0.000230s ]
[2023-07-30T05:40:57+08:00][sql] SHOW FULL COLUMNS FROM `information` [ RunTime:0.000951s ]
[2023-07-30T05:40:57+08:00][sql] SELECT * FROM `information` ORDER BY `time` DESC LIMIT 1 [ RunTime:0.000312s ]
[2023-07-30T05:40:57+08:00][sql] SELECT * FROM `information` ORDER BY `time` DESC LIMIT 1,4 [ RunTime:0.000326s ]
[2023-07-30T05:40:57+08:00][sql] SHOW FULL COLUMNS FROM `course` [ RunTime:0.001091s ]
[2023-07-30T05:40:57+08:00][sql] SELECT `id`,`title` FROM `course` ORDER BY `sorting` ASC LIMIT 0,6 [ RunTime:0.000229s ]
[2023-07-30T05:40:57+08:00][sql] SHOW FULL COLUMNS FROM `teacher` [ RunTime:0.000865s ]
[2023-07-30T05:40:57+08:00][sql] SELECT * FROM `teacher` [ RunTime:0.000226s ]
[2023-07-30T05:40:57+08:00][sql] SHOW FULL COLUMNS FROM `address` [ RunTime:0.000892s ]
[2023-07-30T05:40:57+08:00][sql] SELECT * FROM `address` WHERE  `id` = 1 LIMIT 1 [ RunTime:0.000264s ]
[2023-07-30T05:40:57+08:00][sql] SELECT * FROM `address` WHERE  `id` = 2 LIMIT 1 [ RunTime:0.000205s ]
[2023-07-30T05:47:04+08:00][sql] CONNECT:[ UseTime:0.000457s ] mysql:host=localhost;port=3316;dbname=coffee;charset=utf8
[2023-07-30T05:47:04+08:00][sql] SHOW FULL COLUMNS FROM `banner` [ RunTime:0.001386s ]
[2023-07-30T05:47:04+08:00][sql] SELECT * FROM `banner` [ RunTime:0.000255s ]
[2023-07-30T05:47:04+08:00][sql] SHOW FULL COLUMNS FROM `information` [ RunTime:0.001096s ]
[2023-07-30T05:47:04+08:00][sql] SELECT * FROM `information` ORDER BY `time` DESC LIMIT 1 [ RunTime:0.000349s ]
[2023-07-30T05:47:04+08:00][sql] SELECT * FROM `information` ORDER BY `time` DESC LIMIT 1,4 [ RunTime:0.000388s ]
[2023-07-30T05:47:04+08:00][sql] SHOW FULL COLUMNS FROM `course` [ RunTime:0.001092s ]
[2023-07-30T05:47:04+08:00][sql] SELECT `id`,`title` FROM `course` ORDER BY `sorting` ASC LIMIT 0,6 [ RunTime:0.000249s ]
[2023-07-30T05:47:04+08:00][sql] SHOW FULL COLUMNS FROM `teacher` [ RunTime:0.000952s ]
[2023-07-30T05:47:04+08:00][sql] SELECT * FROM `teacher` [ RunTime:0.000254s ]
[2023-07-30T05:47:04+08:00][sql] SHOW FULL COLUMNS FROM `address` [ RunTime:0.000888s ]
[2023-07-30T05:47:04+08:00][sql] SELECT * FROM `address` WHERE  `id` = 1 LIMIT 1 [ RunTime:0.000279s ]
[2023-07-30T05:47:04+08:00][sql] SELECT * FROM `address` WHERE  `id` = 2 LIMIT 1 [ RunTime:0.000236s ]
[2023-07-30T05:49:33+08:00][sql] CONNECT:[ UseTime:0.000454s ] mysql:host=localhost;port=3316;dbname=coffee;charset=utf8
[2023-07-30T05:49:33+08:00][sql] SHOW FULL COLUMNS FROM `banner` [ RunTime:0.001378s ]
[2023-07-30T05:49:33+08:00][sql] SELECT * FROM `banner` [ RunTime:0.000229s ]
[2023-07-30T05:49:33+08:00][sql] SHOW FULL COLUMNS FROM `information` [ RunTime:0.001009s ]
[2023-07-30T05:49:33+08:00][sql] SELECT * FROM `information` ORDER BY `time` DESC LIMIT 1 [ RunTime:0.000385s ]
[2023-07-30T05:49:33+08:00][sql] SELECT * FROM `information` ORDER BY `time` DESC LIMIT 1,4 [ RunTime:0.000330s ]
[2023-07-30T05:49:33+08:00][sql] SHOW FULL COLUMNS FROM `course` [ RunTime:0.001001s ]
[2023-07-30T05:49:33+08:00][sql] SELECT `id`,`title` FROM `course` ORDER BY `sorting` ASC LIMIT 0,6 [ RunTime:0.000220s ]
[2023-07-30T05:49:33+08:00][sql] SHOW FULL COLUMNS FROM `teacher` [ RunTime:0.000830s ]
[2023-07-30T05:49:33+08:00][sql] SELECT * FROM `teacher` [ RunTime:0.000217s ]
[2023-07-30T05:49:33+08:00][sql] SHOW FULL COLUMNS FROM `address` [ RunTime:0.000850s ]
[2023-07-30T05:49:33+08:00][sql] SELECT * FROM `address` WHERE  `id` = 1 LIMIT 1 [ RunTime:0.000281s ]
[2023-07-30T05:49:33+08:00][sql] SELECT * FROM `address` WHERE  `id` = 2 LIMIT 1 [ RunTime:0.000192s ]
[2023-07-30T06:41:37+08:00][sql] CONNECT:[ UseTime:0.000533s ] mysql:host=localhost;port=3316;dbname=coffee;charset=utf8
[2023-07-30T06:41:37+08:00][sql] SHOW FULL COLUMNS FROM `banner` [ RunTime:0.001477s ]
[2023-07-30T06:41:37+08:00][sql] SELECT * FROM `banner` [ RunTime:0.000260s ]
[2023-07-30T06:41:37+08:00][sql] SHOW FULL COLUMNS FROM `information` [ RunTime:0.001092s ]
[2023-07-30T06:41:37+08:00][sql] SELECT * FROM `information` ORDER BY `time` DESC LIMIT 1 [ RunTime:0.000367s ]
[2023-07-30T06:41:37+08:00][sql] SELECT * FROM `information` ORDER BY `time` DESC LIMIT 1,4 [ RunTime:0.000368s ]
[2023-07-30T06:41:37+08:00][sql] SHOW FULL COLUMNS FROM `course` [ RunTime:0.001114s ]
[2023-07-30T06:41:37+08:00][sql] SELECT `id`,`title` FROM `course` ORDER BY `sorting` ASC LIMIT 0,6 [ RunTime:0.000268s ]
[2023-07-30T06:41:37+08:00][sql] SHOW FULL COLUMNS FROM `teacher` [ RunTime:0.001049s ]
[2023-07-30T06:41:37+08:00][sql] SELECT * FROM `teacher` [ RunTime:0.000250s ]
[2023-07-30T06:41:37+08:00][sql] SHOW FULL COLUMNS FROM `address` [ RunTime:0.000961s ]
[2023-07-30T06:41:37+08:00][sql] SELECT * FROM `address` WHERE  `id` = 1 LIMIT 1 [ RunTime:0.000283s ]
[2023-07-30T06:41:37+08:00][sql] SELECT * FROM `address` WHERE  `id` = 2 LIMIT 1 [ RunTime:0.000246s ]
[2023-07-30T07:20:55+08:00][sql] CONNECT:[ UseTime:0.000435s ] mysql:host=localhost;port=3316;dbname=coffee;charset=utf8
[2023-07-30T07:20:55+08:00][sql] SHOW FULL COLUMNS FROM `banner` [ RunTime:0.001290s ]
[2023-07-30T07:20:55+08:00][sql] SELECT * FROM `banner` [ RunTime:0.000224s ]
[2023-07-30T07:20:55+08:00][sql] SHOW FULL COLUMNS FROM `information` [ RunTime:0.000966s ]
[2023-07-30T07:20:55+08:00][sql] SELECT * FROM `information` ORDER BY `time` DESC LIMIT 1 [ RunTime:0.000287s ]
[2023-07-30T07:20:55+08:00][sql] SELECT * FROM `information` ORDER BY `time` DESC LIMIT 1,4 [ RunTime:0.000341s ]
[2023-07-30T07:20:55+08:00][sql] SHOW FULL COLUMNS FROM `course` [ RunTime:0.001035s ]
[2023-07-30T07:20:55+08:00][sql] SELECT `id`,`title` FROM `course` ORDER BY `sorting` ASC LIMIT 0,6 [ RunTime:0.000249s ]
[2023-07-30T07:20:55+08:00][sql] SHOW FULL COLUMNS FROM `teacher` [ RunTime:0.000932s ]
[2023-07-30T07:20:55+08:00][sql] SELECT * FROM `teacher` [ RunTime:0.000285s ]
[2023-07-30T07:20:55+08:00][sql] SHOW FULL COLUMNS FROM `address` [ RunTime:0.000886s ]
[2023-07-30T07:20:55+08:00][sql] SELECT * FROM `address` WHERE  `id` = 1 LIMIT 1 [ RunTime:0.000265s ]
[2023-07-30T07:20:55+08:00][sql] SELECT * FROM `address` WHERE  `id` = 2 LIMIT 1 [ RunTime:0.000245s ]
[2023-07-30T07:44:55+08:00][sql] CONNECT:[ UseTime:0.000458s ] mysql:host=localhost;port=3316;dbname=coffee;charset=utf8
[2023-07-30T07:44:55+08:00][sql] SHOW FULL COLUMNS FROM `banner` [ RunTime:0.001377s ]
[2023-07-30T07:44:55+08:00][sql] SELECT * FROM `banner` [ RunTime:0.000246s ]
[2023-07-30T07:44:55+08:00][sql] SHOW FULL COLUMNS FROM `information` [ RunTime:0.000944s ]
[2023-07-30T07:44:55+08:00][sql] SELECT * FROM `information` ORDER BY `time` DESC LIMIT 1 [ RunTime:0.000311s ]
[2023-07-30T07:44:55+08:00][sql] SELECT * FROM `information` ORDER BY `time` DESC LIMIT 1,4 [ RunTime:0.000321s ]
[2023-07-30T07:44:55+08:00][sql] SHOW FULL COLUMNS FROM `course` [ RunTime:0.001077s ]
[2023-07-30T07:44:55+08:00][sql] SELECT `id`,`title` FROM `course` ORDER BY `sorting` ASC LIMIT 0,6 [ RunTime:0.000226s ]
[2023-07-30T07:44:55+08:00][sql] SHOW FULL COLUMNS FROM `teacher` [ RunTime:0.000894s ]
[2023-07-30T07:44:55+08:00][sql] SELECT * FROM `teacher` [ RunTime:0.000228s ]
[2023-07-30T07:44:55+08:00][sql] SHOW FULL COLUMNS FROM `address` [ RunTime:0.000897s ]
[2023-07-30T07:44:55+08:00][sql] SELECT * FROM `address` WHERE  `id` = 1 LIMIT 1 [ RunTime:0.000270s ]
[2023-07-30T07:44:55+08:00][sql] SELECT * FROM `address` WHERE  `id` = 2 LIMIT 1 [ RunTime:0.000208s ]
[2023-07-30T08:02:05+08:00][sql] CONNECT:[ UseTime:0.000492s ] mysql:host=localhost;port=3316;dbname=coffee;charset=utf8
[2023-07-30T08:02:05+08:00][sql] SHOW FULL COLUMNS FROM `banner` [ RunTime:0.001785s ]
[2023-07-30T08:02:05+08:00][sql] SELECT * FROM `banner` [ RunTime:0.000268s ]
[2023-07-30T08:02:05+08:00][sql] SHOW FULL COLUMNS FROM `information` [ RunTime:0.001441s ]
[2023-07-30T08:02:05+08:00][sql] SELECT * FROM `information` ORDER BY `time` DESC LIMIT 1 [ RunTime:0.000406s ]
[2023-07-30T08:02:05+08:00][sql] SELECT * FROM `information` ORDER BY `time` DESC LIMIT 1,4 [ RunTime:0.000442s ]
[2023-07-30T08:02:05+08:00][sql] SHOW FULL COLUMNS FROM `course` [ RunTime:0.001479s ]
[2023-07-30T08:02:05+08:00][sql] SELECT `id`,`title` FROM `course` ORDER BY `sorting` ASC LIMIT 0,6 [ RunTime:0.000353s ]
[2023-07-30T08:02:05+08:00][sql] SHOW FULL COLUMNS FROM `teacher` [ RunTime:0.001209s ]
[2023-07-30T08:02:05+08:00][sql] SELECT * FROM `teacher` [ RunTime:0.000266s ]
[2023-07-30T08:02:05+08:00][sql] SHOW FULL COLUMNS FROM `address` [ RunTime:0.001203s ]
[2023-07-30T08:02:05+08:00][sql] SELECT * FROM `address` WHERE  `id` = 1 LIMIT 1 [ RunTime:0.000324s ]
[2023-07-30T08:02:05+08:00][sql] SELECT * FROM `address` WHERE  `id` = 2 LIMIT 1 [ RunTime:0.000266s ]
[2023-07-30T08:14:54+08:00][sql] CONNECT:[ UseTime:0.000533s ] mysql:host=localhost;port=3316;dbname=coffee;charset=utf8
[2023-07-30T08:14:54+08:00][sql] SHOW FULL COLUMNS FROM `banner` [ RunTime:0.001321s ]
[2023-07-30T08:14:54+08:00][sql] SELECT * FROM `banner` [ RunTime:0.000274s ]
[2023-07-30T08:14:54+08:00][sql] SHOW FULL COLUMNS FROM `information` [ RunTime:0.001212s ]
[2023-07-30T08:14:54+08:00][sql] SELECT * FROM `information` ORDER BY `time` DESC LIMIT 1 [ RunTime:0.000354s ]
[2023-07-30T08:14:54+08:00][sql] SELECT * FROM `information` ORDER BY `time` DESC LIMIT 1,4 [ RunTime:0.000334s ]
[2023-07-30T08:14:54+08:00][sql] SHOW FULL COLUMNS FROM `course` [ RunTime:0.001269s ]
[2023-07-30T08:14:54+08:00][sql] SELECT `id`,`title` FROM `course` ORDER BY `sorting` ASC LIMIT 0,6 [ RunTime:0.000435s ]
[2023-07-30T08:14:54+08:00][sql] SHOW FULL COLUMNS FROM `teacher` [ RunTime:0.000932s ]
[2023-07-30T08:14:54+08:00][sql] SELECT * FROM `teacher` [ RunTime:0.000271s ]
[2023-07-30T08:14:54+08:00][sql] SHOW FULL COLUMNS FROM `address` [ RunTime:0.000892s ]
[2023-07-30T08:14:54+08:00][sql] SELECT * FROM `address` WHERE  `id` = 1 LIMIT 1 [ RunTime:0.000250s ]
[2023-07-30T08:14:54+08:00][sql] SELECT * FROM `address` WHERE  `id` = 2 LIMIT 1 [ RunTime:0.000203s ]
[2023-07-30T09:27:51+08:00][sql] CONNECT:[ UseTime:0.000475s ] mysql:host=localhost;port=3316;dbname=coffee;charset=utf8
[2023-07-30T09:27:51+08:00][sql] SHOW FULL COLUMNS FROM `banner` [ RunTime:0.001434s ]
[2023-07-30T09:27:51+08:00][sql] SELECT * FROM `banner` [ RunTime:0.000218s ]
[2023-07-30T09:27:51+08:00][sql] SHOW FULL COLUMNS FROM `information` [ RunTime:0.001166s ]
[2023-07-30T09:27:51+08:00][sql] SELECT * FROM `information` ORDER BY `time` DESC LIMIT 1 [ RunTime:0.000314s ]
[2023-07-30T09:27:51+08:00][sql] SELECT * FROM `information` ORDER BY `time` DESC LIMIT 1,4 [ RunTime:0.000341s ]
[2023-07-30T09:27:51+08:00][sql] SHOW FULL COLUMNS FROM `course` [ RunTime:0.001275s ]
[2023-07-30T09:27:51+08:00][sql] SELECT `id`,`title` FROM `course` ORDER BY `sorting` ASC LIMIT 0,6 [ RunTime:0.000219s ]
[2023-07-30T09:27:51+08:00][sql] SHOW FULL COLUMNS FROM `teacher` [ RunTime:0.000928s ]
[2023-07-30T09:27:51+08:00][sql] SELECT * FROM `teacher` [ RunTime:0.000207s ]
[2023-07-30T09:27:51+08:00][sql] SHOW FULL COLUMNS FROM `address` [ RunTime:0.000987s ]
[2023-07-30T09:27:51+08:00][sql] SELECT * FROM `address` WHERE  `id` = 1 LIMIT 1 [ RunTime:0.000317s ]
[2023-07-30T09:27:51+08:00][sql] SELECT * FROM `address` WHERE  `id` = 2 LIMIT 1 [ RunTime:0.000193s ]
[2023-07-30T11:42:56+08:00][sql] CONNECT:[ UseTime:0.000386s ] mysql:host=localhost;port=3316;dbname=coffee;charset=utf8
[2023-07-30T11:42:56+08:00][sql] SHOW FULL COLUMNS FROM `banner` [ RunTime:0.001372s ]
[2023-07-30T11:42:56+08:00][sql] SELECT * FROM `banner` [ RunTime:0.000224s ]
[2023-07-30T11:42:56+08:00][sql] SHOW FULL COLUMNS FROM `information` [ RunTime:0.000998s ]
[2023-07-30T11:42:56+08:00][sql] SELECT * FROM `information` ORDER BY `time` DESC LIMIT 1 [ RunTime:0.000314s ]
[2023-07-30T11:42:56+08:00][sql] SELECT * FROM `information` ORDER BY `time` DESC LIMIT 1,4 [ RunTime:0.000371s ]
[2023-07-30T11:42:56+08:00][sql] SHOW FULL COLUMNS FROM `course` [ RunTime:0.001130s ]
[2023-07-30T11:42:56+08:00][sql] SELECT `id`,`title` FROM `course` ORDER BY `sorting` ASC LIMIT 0,6 [ RunTime:0.000225s ]
[2023-07-30T11:42:56+08:00][sql] SHOW FULL COLUMNS FROM `teacher` [ RunTime:0.000885s ]
[2023-07-30T11:42:56+08:00][sql] SELECT * FROM `teacher` [ RunTime:0.000245s ]
[2023-07-30T11:42:56+08:00][sql] SHOW FULL COLUMNS FROM `address` [ RunTime:0.000947s ]
[2023-07-30T11:42:56+08:00][sql] SELECT * FROM `address` WHERE  `id` = 1 LIMIT 1 [ RunTime:0.000255s ]
[2023-07-30T11:42:56+08:00][sql] SELECT * FROM `address` WHERE  `id` = 2 LIMIT 1 [ RunTime:0.000208s ]
[2023-07-30T13:32:43+08:00][sql] CONNECT:[ UseTime:0.000396s ] mysql:host=localhost;port=3316;dbname=coffee;charset=utf8
[2023-07-30T13:32:43+08:00][sql] SHOW FULL COLUMNS FROM `banner` [ RunTime:0.001390s ]
[2023-07-30T13:32:43+08:00][sql] SELECT * FROM `banner` [ RunTime:0.000225s ]
[2023-07-30T13:32:43+08:00][sql] SHOW FULL COLUMNS FROM `information` [ RunTime:0.001062s ]
[2023-07-30T13:32:43+08:00][sql] SELECT * FROM `information` ORDER BY `time` DESC LIMIT 1 [ RunTime:0.000299s ]
[2023-07-30T13:32:43+08:00][sql] SELECT * FROM `information` ORDER BY `time` DESC LIMIT 1,4 [ RunTime:0.000325s ]
[2023-07-30T13:32:43+08:00][sql] SHOW FULL COLUMNS FROM `course` [ RunTime:0.001133s ]
[2023-07-30T13:32:43+08:00][sql] SELECT `id`,`title` FROM `course` ORDER BY `sorting` ASC LIMIT 0,6 [ RunTime:0.000226s ]
[2023-07-30T13:32:43+08:00][sql] SHOW FULL COLUMNS FROM `teacher` [ RunTime:0.000871s ]
[2023-07-30T13:32:43+08:00][sql] SELECT * FROM `teacher` [ RunTime:0.000232s ]
[2023-07-30T13:32:43+08:00][sql] SHOW FULL COLUMNS FROM `address` [ RunTime:0.000922s ]
[2023-07-30T13:32:43+08:00][sql] SELECT * FROM `address` WHERE  `id` = 1 LIMIT 1 [ RunTime:0.000266s ]
[2023-07-30T13:32:43+08:00][sql] SELECT * FROM `address` WHERE  `id` = 2 LIMIT 1 [ RunTime:0.000217s ]
[2023-07-30T13:33:28+08:00][sql] CONNECT:[ UseTime:0.000536s ] mysql:host=localhost;port=3316;dbname=coffee;charset=utf8
[2023-07-30T13:33:28+08:00][sql] SHOW FULL COLUMNS FROM `banner` [ RunTime:0.001929s ]
[2023-07-30T13:33:28+08:00][sql] SELECT * FROM `banner` [ RunTime:0.000299s ]
[2023-07-30T13:33:28+08:00][sql] SHOW FULL COLUMNS FROM `information` [ RunTime:0.001206s ]
[2023-07-30T13:33:28+08:00][sql] SELECT * FROM `information` ORDER BY `time` DESC LIMIT 1 [ RunTime:0.000328s ]
[2023-07-30T13:33:28+08:00][sql] SELECT * FROM `information` ORDER BY `time` DESC LIMIT 1,4 [ RunTime:0.000339s ]
[2023-07-30T13:33:28+08:00][sql] SHOW FULL COLUMNS FROM `course` [ RunTime:0.001142s ]
[2023-07-30T13:33:28+08:00][sql] SELECT `id`,`title` FROM `course` ORDER BY `sorting` ASC LIMIT 0,6 [ RunTime:0.000236s ]
[2023-07-30T13:33:28+08:00][sql] SHOW FULL COLUMNS FROM `teacher` [ RunTime:0.001014s ]
[2023-07-30T13:33:28+08:00][sql] SELECT * FROM `teacher` [ RunTime:0.000246s ]
[2023-07-30T13:33:28+08:00][sql] SHOW FULL COLUMNS FROM `address` [ RunTime:0.000974s ]
[2023-07-30T13:33:28+08:00][sql] SELECT * FROM `address` WHERE  `id` = 1 LIMIT 1 [ RunTime:0.000273s ]
[2023-07-30T13:33:28+08:00][sql] SELECT * FROM `address` WHERE  `id` = 2 LIMIT 1 [ RunTime:0.000201s ]
[2023-07-30T13:33:28+08:00][sql] CONNECT:[ UseTime:0.000447s ] mysql:host=localhost;port=3316;dbname=coffee;charset=utf8
[2023-07-30T13:33:28+08:00][sql] SHOW FULL COLUMNS FROM `banner` [ RunTime:0.001346s ]
[2023-07-30T13:33:28+08:00][sql] SELECT * FROM `banner` [ RunTime:0.000223s ]
[2023-07-30T13:33:28+08:00][sql] SHOW FULL COLUMNS FROM `information` [ RunTime:0.000954s ]
[2023-07-30T13:33:28+08:00][sql] SELECT * FROM `information` ORDER BY `time` DESC LIMIT 1 [ RunTime:0.000335s ]
[2023-07-30T13:33:28+08:00][sql] SELECT * FROM `information` ORDER BY `time` DESC LIMIT 1,4 [ RunTime:0.000321s ]
[2023-07-30T13:33:28+08:00][sql] SHOW FULL COLUMNS FROM `course` [ RunTime:0.001063s ]
[2023-07-30T13:33:28+08:00][sql] SELECT `id`,`title` FROM `course` ORDER BY `sorting` ASC LIMIT 0,6 [ RunTime:0.000250s ]
[2023-07-30T13:33:28+08:00][sql] SHOW FULL COLUMNS FROM `teacher` [ RunTime:0.000931s ]
[2023-07-30T13:33:28+08:00][sql] SELECT * FROM `teacher` [ RunTime:0.000230s ]
[2023-07-30T13:33:28+08:00][sql] SHOW FULL COLUMNS FROM `address` [ RunTime:0.000976s ]
[2023-07-30T13:33:28+08:00][sql] SELECT * FROM `address` WHERE  `id` = 1 LIMIT 1 [ RunTime:0.000265s ]
[2023-07-30T13:33:28+08:00][sql] SELECT * FROM `address` WHERE  `id` = 2 LIMIT 1 [ RunTime:0.000237s ]
[2023-07-30T13:33:33+08:00][sql] CONNECT:[ UseTime:0.000441s ] mysql:host=localhost;port=3316;dbname=coffee;charset=utf8
[2023-07-30T13:33:33+08:00][sql] SHOW FULL COLUMNS FROM `banner` [ RunTime:0.001360s ]
[2023-07-30T13:33:33+08:00][sql] SELECT * FROM `banner` [ RunTime:0.000226s ]
[2023-07-30T13:33:33+08:00][sql] SHOW FULL COLUMNS FROM `information` [ RunTime:0.001059s ]
[2023-07-30T13:33:33+08:00][sql] SELECT * FROM `information` ORDER BY `time` DESC LIMIT 1 [ RunTime:0.000310s ]
[2023-07-30T13:33:33+08:00][sql] SELECT * FROM `information` ORDER BY `time` DESC LIMIT 1,4 [ RunTime:0.000315s ]
[2023-07-30T13:33:33+08:00][sql] SHOW FULL COLUMNS FROM `course` [ RunTime:0.001106s ]
[2023-07-30T13:33:33+08:00][sql] SELECT `id`,`title` FROM `course` ORDER BY `sorting` ASC LIMIT 0,6 [ RunTime:0.000240s ]
[2023-07-30T13:33:33+08:00][sql] SHOW FULL COLUMNS FROM `teacher` [ RunTime:0.000944s ]
[2023-07-30T13:33:33+08:00][sql] SELECT * FROM `teacher` [ RunTime:0.000233s ]
[2023-07-30T13:33:33+08:00][sql] SHOW FULL COLUMNS FROM `address` [ RunTime:0.000924s ]
[2023-07-30T13:33:33+08:00][sql] SELECT * FROM `address` WHERE  `id` = 1 LIMIT 1 [ RunTime:0.000290s ]
[2023-07-30T13:33:33+08:00][sql] SELECT * FROM `address` WHERE  `id` = 2 LIMIT 1 [ RunTime:0.000232s ]
[2023-07-30T13:33:33+08:00][sql] CONNECT:[ UseTime:0.000456s ] mysql:host=localhost;port=3316;dbname=coffee;charset=utf8
[2023-07-30T13:33:33+08:00][sql] SHOW FULL COLUMNS FROM `banner` [ RunTime:0.001446s ]
[2023-07-30T13:33:33+08:00][sql] SELECT * FROM `banner` [ RunTime:0.000286s ]
[2023-07-30T13:33:33+08:00][sql] SHOW FULL COLUMNS FROM `information` [ RunTime:0.001647s ]
[2023-07-30T13:33:33+08:00][sql] SELECT * FROM `information` ORDER BY `time` DESC LIMIT 1 [ RunTime:0.000446s ]
[2023-07-30T13:33:33+08:00][sql] SELECT * FROM `information` ORDER BY `time` DESC LIMIT 1,4 [ RunTime:0.000483s ]
[2023-07-30T13:33:33+08:00][sql] SHOW FULL COLUMNS FROM `course` [ RunTime:0.001255s ]
[2023-07-30T13:33:33+08:00][sql] SELECT `id`,`title` FROM `course` ORDER BY `sorting` ASC LIMIT 0,6 [ RunTime:0.000278s ]
[2023-07-30T13:33:33+08:00][sql] SHOW FULL COLUMNS FROM `teacher` [ RunTime:0.000986s ]
[2023-07-30T13:33:33+08:00][sql] SELECT * FROM `teacher` [ RunTime:0.000236s ]
[2023-07-30T13:33:33+08:00][sql] SHOW FULL COLUMNS FROM `address` [ RunTime:0.000889s ]
[2023-07-30T13:33:33+08:00][sql] SELECT * FROM `address` WHERE  `id` = 1 LIMIT 1 [ RunTime:0.000244s ]
[2023-07-30T13:33:33+08:00][sql] SELECT * FROM `address` WHERE  `id` = 2 LIMIT 1 [ RunTime:0.000196s ]
[2023-07-30T13:33:38+08:00][sql] CONNECT:[ UseTime:0.000433s ] mysql:host=localhost;port=3316;dbname=coffee;charset=utf8
[2023-07-30T13:33:38+08:00][sql] SHOW FULL COLUMNS FROM `banner` [ RunTime:0.001407s ]
[2023-07-30T13:33:38+08:00][sql] SELECT * FROM `banner` [ RunTime:0.000233s ]
[2023-07-30T13:33:38+08:00][sql] SHOW FULL COLUMNS FROM `information` [ RunTime:0.000951s ]
[2023-07-30T13:33:38+08:00][sql] SELECT * FROM `information` ORDER BY `time` DESC LIMIT 1 [ RunTime:0.000308s ]
[2023-07-30T13:33:38+08:00][sql] SELECT * FROM `information` ORDER BY `time` DESC LIMIT 1,4 [ RunTime:0.000350s ]
[2023-07-30T13:33:38+08:00][sql] SHOW FULL COLUMNS FROM `course` [ RunTime:0.001033s ]
[2023-07-30T13:33:38+08:00][sql] SELECT `id`,`title` FROM `course` ORDER BY `sorting` ASC LIMIT 0,6 [ RunTime:0.000250s ]
[2023-07-30T13:33:38+08:00][sql] SHOW FULL COLUMNS FROM `teacher` [ RunTime:0.000901s ]
[2023-07-30T13:33:38+08:00][sql] SELECT * FROM `teacher` [ RunTime:0.000307s ]
[2023-07-30T13:33:38+08:00][sql] SHOW FULL COLUMNS FROM `address` [ RunTime:0.000934s ]
[2023-07-30T13:33:38+08:00][sql] SELECT * FROM `address` WHERE  `id` = 1 LIMIT 1 [ RunTime:0.000276s ]
[2023-07-30T13:33:38+08:00][sql] SELECT * FROM `address` WHERE  `id` = 2 LIMIT 1 [ RunTime:0.000225s ]
[2023-07-30T13:33:38+08:00][sql] CONNECT:[ UseTime:0.000464s ] mysql:host=localhost;port=3316;dbname=coffee;charset=utf8
[2023-07-30T13:33:38+08:00][sql] SHOW FULL COLUMNS FROM `banner` [ RunTime:0.001439s ]
[2023-07-30T13:33:38+08:00][sql] SELECT * FROM `banner` [ RunTime:0.000264s ]
[2023-07-30T13:33:38+08:00][sql] SHOW FULL COLUMNS FROM `information` [ RunTime:0.001078s ]
[2023-07-30T13:33:38+08:00][sql] SELECT * FROM `information` ORDER BY `time` DESC LIMIT 1 [ RunTime:0.000322s ]
[2023-07-30T13:33:38+08:00][sql] SELECT * FROM `information` ORDER BY `time` DESC LIMIT 1,4 [ RunTime:0.000368s ]
[2023-07-30T13:33:38+08:00][sql] SHOW FULL COLUMNS FROM `course` [ RunTime:0.001231s ]
[2023-07-30T13:33:38+08:00][sql] SELECT `id`,`title` FROM `course` ORDER BY `sorting` ASC LIMIT 0,6 [ RunTime:0.000260s ]
[2023-07-30T13:33:38+08:00][sql] SHOW FULL COLUMNS FROM `teacher` [ RunTime:0.001043s ]
[2023-07-30T13:33:38+08:00][sql] SELECT * FROM `teacher` [ RunTime:0.000365s ]
[2023-07-30T13:33:38+08:00][sql] SHOW FULL COLUMNS FROM `address` [ RunTime:0.001123s ]
[2023-07-30T13:33:38+08:00][sql] SELECT * FROM `address` WHERE  `id` = 1 LIMIT 1 [ RunTime:0.000267s ]
[2023-07-30T13:33:38+08:00][sql] SELECT * FROM `address` WHERE  `id` = 2 LIMIT 1 [ RunTime:0.000266s ]
[2023-07-30T13:46:20+08:00][sql] CONNECT:[ UseTime:0.000430s ] mysql:host=localhost;port=3316;dbname=coffee;charset=utf8
[2023-07-30T13:46:20+08:00][sql] SHOW FULL COLUMNS FROM `banner` [ RunTime:0.001434s ]
[2023-07-30T13:46:20+08:00][sql] SELECT * FROM `banner` [ RunTime:0.000216s ]
[2023-07-30T13:46:20+08:00][sql] SHOW FULL COLUMNS FROM `information` [ RunTime:0.000997s ]
[2023-07-30T13:46:20+08:00][sql] SELECT * FROM `information` ORDER BY `time` DESC LIMIT 1 [ RunTime:0.000315s ]
[2023-07-30T13:46:20+08:00][sql] SELECT * FROM `information` ORDER BY `time` DESC LIMIT 1,4 [ RunTime:0.000346s ]
[2023-07-30T13:46:20+08:00][sql] SHOW FULL COLUMNS FROM `course` [ RunTime:0.001161s ]
[2023-07-30T13:46:20+08:00][sql] SELECT `id`,`title` FROM `course` ORDER BY `sorting` ASC LIMIT 0,6 [ RunTime:0.000242s ]
[2023-07-30T13:46:20+08:00][sql] SHOW FULL COLUMNS FROM `teacher` [ RunTime:0.001117s ]
[2023-07-30T13:46:20+08:00][sql] SELECT * FROM `teacher` [ RunTime:0.000224s ]
[2023-07-30T13:46:20+08:00][sql] SHOW FULL COLUMNS FROM `address` [ RunTime:0.001001s ]
[2023-07-30T13:46:20+08:00][sql] SELECT * FROM `address` WHERE  `id` = 1 LIMIT 1 [ RunTime:0.000249s ]
[2023-07-30T13:46:20+08:00][sql] SELECT * FROM `address` WHERE  `id` = 2 LIMIT 1 [ RunTime:0.000257s ]
[2023-07-30T13:49:14+08:00][sql] CONNECT:[ UseTime:0.000431s ] mysql:host=localhost;port=3316;dbname=coffee;charset=utf8
[2023-07-30T13:49:14+08:00][sql] SHOW FULL COLUMNS FROM `banner` [ RunTime:0.001443s ]
[2023-07-30T13:49:14+08:00][sql] SELECT * FROM `banner` [ RunTime:0.000285s ]
[2023-07-30T13:49:14+08:00][sql] SHOW FULL COLUMNS FROM `information` [ RunTime:0.001188s ]
[2023-07-30T13:49:14+08:00][sql] SELECT * FROM `information` ORDER BY `time` DESC LIMIT 1 [ RunTime:0.000389s ]
[2023-07-30T13:49:14+08:00][sql] SELECT * FROM `information` ORDER BY `time` DESC LIMIT 1,4 [ RunTime:0.000480s ]
[2023-07-30T13:49:14+08:00][sql] SHOW FULL COLUMNS FROM `course` [ RunTime:0.001179s ]
[2023-07-30T13:49:14+08:00][sql] SELECT `id`,`title` FROM `course` ORDER BY `sorting` ASC LIMIT 0,6 [ RunTime:0.000292s ]
[2023-07-30T13:49:14+08:00][sql] SHOW FULL COLUMNS FROM `teacher` [ RunTime:0.000914s ]
[2023-07-30T13:49:14+08:00][sql] SELECT * FROM `teacher` [ RunTime:0.000269s ]
[2023-07-30T13:49:14+08:00][sql] SHOW FULL COLUMNS FROM `address` [ RunTime:0.000982s ]
[2023-07-30T13:49:14+08:00][sql] SELECT * FROM `address` WHERE  `id` = 1 LIMIT 1 [ RunTime:0.000276s ]
[2023-07-30T13:49:14+08:00][sql] SELECT * FROM `address` WHERE  `id` = 2 LIMIT 1 [ RunTime:0.000281s ]
[2023-07-30T14:32:50+08:00][sql] CONNECT:[ UseTime:0.000535s ] mysql:host=localhost;port=3316;dbname=coffee;charset=utf8
[2023-07-30T14:32:50+08:00][sql] SHOW FULL COLUMNS FROM `banner` [ RunTime:0.001555s ]
[2023-07-30T14:32:50+08:00][sql] SELECT * FROM `banner` [ RunTime:0.000397s ]
[2023-07-30T14:32:50+08:00][sql] SHOW FULL COLUMNS FROM `information` [ RunTime:0.001175s ]
[2023-07-30T14:32:50+08:00][sql] SELECT * FROM `information` ORDER BY `time` DESC LIMIT 1 [ RunTime:0.000342s ]
[2023-07-30T14:32:50+08:00][sql] SELECT * FROM `information` ORDER BY `time` DESC LIMIT 1,4 [ RunTime:0.000374s ]
[2023-07-30T14:32:50+08:00][sql] SHOW FULL COLUMNS FROM `course` [ RunTime:0.001540s ]
[2023-07-30T14:32:50+08:00][sql] SELECT `id`,`title` FROM `course` ORDER BY `sorting` ASC LIMIT 0,6 [ RunTime:0.000354s ]
[2023-07-30T14:32:50+08:00][sql] SHOW FULL COLUMNS FROM `teacher` [ RunTime:0.001141s ]
[2023-07-30T14:32:50+08:00][sql] SELECT * FROM `teacher` [ RunTime:0.000284s ]
[2023-07-30T14:32:50+08:00][sql] SHOW FULL COLUMNS FROM `address` [ RunTime:0.001061s ]
[2023-07-30T14:32:50+08:00][sql] SELECT * FROM `address` WHERE  `id` = 1 LIMIT 1 [ RunTime:0.000259s ]
[2023-07-30T14:32:50+08:00][sql] SELECT * FROM `address` WHERE  `id` = 2 LIMIT 1 [ RunTime:0.000237s ]
[2023-07-30T14:46:39+08:00][sql] CONNECT:[ UseTime:0.000393s ] mysql:host=localhost;port=3316;dbname=coffee;charset=utf8
[2023-07-30T14:46:39+08:00][sql] SHOW FULL COLUMNS FROM `banner` [ RunTime:0.001365s ]
[2023-07-30T14:46:39+08:00][sql] SELECT * FROM `banner` [ RunTime:0.000292s ]
[2023-07-30T14:46:39+08:00][sql] SHOW FULL COLUMNS FROM `information` [ RunTime:0.001055s ]
[2023-07-30T14:46:39+08:00][sql] SELECT * FROM `information` ORDER BY `time` DESC LIMIT 1 [ RunTime:0.000322s ]
[2023-07-30T14:46:39+08:00][sql] SELECT * FROM `information` ORDER BY `time` DESC LIMIT 1,4 [ RunTime:0.000363s ]
[2023-07-30T14:46:39+08:00][sql] SHOW FULL COLUMNS FROM `course` [ RunTime:0.001105s ]
[2023-07-30T14:46:39+08:00][sql] SELECT `id`,`title` FROM `course` ORDER BY `sorting` ASC LIMIT 0,6 [ RunTime:0.000245s ]
[2023-07-30T14:46:39+08:00][sql] SHOW FULL COLUMNS FROM `teacher` [ RunTime:0.001000s ]
[2023-07-30T14:46:39+08:00][sql] SELECT * FROM `teacher` [ RunTime:0.000219s ]
[2023-07-30T14:46:39+08:00][sql] SHOW FULL COLUMNS FROM `address` [ RunTime:0.000945s ]
[2023-07-30T14:46:39+08:00][sql] SELECT * FROM `address` WHERE  `id` = 1 LIMIT 1 [ RunTime:0.000269s ]
[2023-07-30T14:46:39+08:00][sql] SELECT * FROM `address` WHERE  `id` = 2 LIMIT 1 [ RunTime:0.000243s ]
[2023-07-30T15:00:32+08:00][sql] CONNECT:[ UseTime:0.000414s ] mysql:host=localhost;port=3316;dbname=coffee;charset=utf8
[2023-07-30T15:00:32+08:00][sql] SHOW FULL COLUMNS FROM `banner` [ RunTime:0.001485s ]
[2023-07-30T15:00:32+08:00][sql] SELECT * FROM `banner` [ RunTime:0.000248s ]
[2023-07-30T15:00:32+08:00][sql] SHOW FULL COLUMNS FROM `information` [ RunTime:0.001114s ]
[2023-07-30T15:00:32+08:00][sql] SELECT * FROM `information` ORDER BY `time` DESC LIMIT 1 [ RunTime:0.000486s ]
[2023-07-30T15:00:32+08:00][sql] SELECT * FROM `information` ORDER BY `time` DESC LIMIT 1,4 [ RunTime:0.000387s ]
[2023-07-30T15:00:32+08:00][sql] SHOW FULL COLUMNS FROM `course` [ RunTime:0.001355s ]
[2023-07-30T15:00:32+08:00][sql] SELECT `id`,`title` FROM `course` ORDER BY `sorting` ASC LIMIT 0,6 [ RunTime:0.000467s ]
[2023-07-30T15:00:32+08:00][sql] SHOW FULL COLUMNS FROM `teacher` [ RunTime:0.001710s ]
[2023-07-30T15:00:32+08:00][sql] SELECT * FROM `teacher` [ RunTime:0.000329s ]
[2023-07-30T15:00:32+08:00][sql] SHOW FULL COLUMNS FROM `address` [ RunTime:0.001000s ]
[2023-07-30T15:00:32+08:00][sql] SELECT * FROM `address` WHERE  `id` = 1 LIMIT 1 [ RunTime:0.000282s ]
[2023-07-30T15:00:32+08:00][sql] SELECT * FROM `address` WHERE  `id` = 2 LIMIT 1 [ RunTime:0.000224s ]
[2023-07-30T16:24:52+08:00][sql] CONNECT:[ UseTime:0.000502s ] mysql:host=localhost;port=3316;dbname=coffee;charset=utf8
[2023-07-30T16:24:52+08:00][sql] SHOW FULL COLUMNS FROM `banner` [ RunTime:0.001314s ]
[2023-07-30T16:24:52+08:00][sql] SELECT * FROM `banner` [ RunTime:0.000229s ]
[2023-07-30T16:24:52+08:00][sql] SHOW FULL COLUMNS FROM `information` [ RunTime:0.001232s ]
[2023-07-30T16:24:52+08:00][sql] SELECT * FROM `information` ORDER BY `time` DESC LIMIT 1 [ RunTime:0.000390s ]
[2023-07-30T16:24:52+08:00][sql] SELECT * FROM `information` ORDER BY `time` DESC LIMIT 1,4 [ RunTime:0.000373s ]
[2023-07-30T16:24:52+08:00][sql] SHOW FULL COLUMNS FROM `course` [ RunTime:0.001379s ]
[2023-07-30T16:24:52+08:00][sql] SELECT `id`,`title` FROM `course` ORDER BY `sorting` ASC LIMIT 0,6 [ RunTime:0.000280s ]
[2023-07-30T16:24:52+08:00][sql] SHOW FULL COLUMNS FROM `teacher` [ RunTime:0.001114s ]
[2023-07-30T16:24:52+08:00][sql] SELECT * FROM `teacher` [ RunTime:0.000261s ]
[2023-07-30T16:24:52+08:00][sql] SHOW FULL COLUMNS FROM `address` [ RunTime:0.000981s ]
[2023-07-30T16:24:52+08:00][sql] SELECT * FROM `address` WHERE  `id` = 1 LIMIT 1 [ RunTime:0.000292s ]
[2023-07-30T16:24:52+08:00][sql] SELECT * FROM `address` WHERE  `id` = 2 LIMIT 1 [ RunTime:0.000249s ]
[2023-07-30T16:30:50+08:00][sql] CONNECT:[ UseTime:0.000421s ] mysql:host=localhost;port=3316;dbname=coffee;charset=utf8
[2023-07-30T16:30:50+08:00][sql] SHOW FULL COLUMNS FROM `banner` [ RunTime:0.001429s ]
[2023-07-30T16:30:50+08:00][sql] SELECT * FROM `banner` [ RunTime:0.000225s ]
[2023-07-30T16:30:50+08:00][sql] SHOW FULL COLUMNS FROM `information` [ RunTime:0.001042s ]
[2023-07-30T16:30:50+08:00][sql] SELECT * FROM `information` ORDER BY `time` DESC LIMIT 1 [ RunTime:0.000330s ]
[2023-07-30T16:30:50+08:00][sql] SELECT * FROM `information` ORDER BY `time` DESC LIMIT 1,4 [ RunTime:0.000325s ]
[2023-07-30T16:30:50+08:00][sql] SHOW FULL COLUMNS FROM `course` [ RunTime:0.001205s ]
[2023-07-30T16:30:50+08:00][sql] SELECT `id`,`title` FROM `course` ORDER BY `sorting` ASC LIMIT 0,6 [ RunTime:0.000272s ]
[2023-07-30T16:30:50+08:00][sql] SHOW FULL COLUMNS FROM `teacher` [ RunTime:0.000910s ]
[2023-07-30T16:30:50+08:00][sql] SELECT * FROM `teacher` [ RunTime:0.000245s ]
[2023-07-30T16:30:50+08:00][sql] SHOW FULL COLUMNS FROM `address` [ RunTime:0.000968s ]
[2023-07-30T16:30:50+08:00][sql] SELECT * FROM `address` WHERE  `id` = 1 LIMIT 1 [ RunTime:0.000265s ]
[2023-07-30T16:30:50+08:00][sql] SELECT * FROM `address` WHERE  `id` = 2 LIMIT 1 [ RunTime:0.000226s ]
[2023-07-30T17:27:29+08:00][sql] CONNECT:[ UseTime:0.000494s ] mysql:host=localhost;port=3316;dbname=coffee;charset=utf8
[2023-07-30T17:27:29+08:00][sql] SHOW FULL COLUMNS FROM `banner` [ RunTime:0.001840s ]
[2023-07-30T17:27:29+08:00][sql] SELECT * FROM `banner` [ RunTime:0.000310s ]
[2023-07-30T17:27:29+08:00][sql] SHOW FULL COLUMNS FROM `information` [ RunTime:0.001350s ]
[2023-07-30T17:27:29+08:00][sql] SELECT * FROM `information` ORDER BY `time` DESC LIMIT 1 [ RunTime:0.000337s ]
[2023-07-30T17:27:29+08:00][sql] SELECT * FROM `information` ORDER BY `time` DESC LIMIT 1,4 [ RunTime:0.000314s ]
[2023-07-30T17:27:29+08:00][sql] SHOW FULL COLUMNS FROM `course` [ RunTime:0.001171s ]
[2023-07-30T17:27:29+08:00][sql] SELECT `id`,`title` FROM `course` ORDER BY `sorting` ASC LIMIT 0,6 [ RunTime:0.000252s ]
[2023-07-30T17:27:29+08:00][sql] SHOW FULL COLUMNS FROM `teacher` [ RunTime:0.000869s ]
[2023-07-30T17:27:29+08:00][sql] SELECT * FROM `teacher` [ RunTime:0.000228s ]
[2023-07-30T17:27:29+08:00][sql] SHOW FULL COLUMNS FROM `address` [ RunTime:0.000889s ]
[2023-07-30T17:27:29+08:00][sql] SELECT * FROM `address` WHERE  `id` = 1 LIMIT 1 [ RunTime:0.000263s ]
[2023-07-30T17:27:29+08:00][sql] SELECT * FROM `address` WHERE  `id` = 2 LIMIT 1 [ RunTime:0.000200s ]
[2023-07-30T17:37:06+08:00][sql] CONNECT:[ UseTime:0.000552s ] mysql:host=localhost;port=3316;dbname=coffee;charset=utf8
[2023-07-30T17:37:06+08:00][sql] SHOW FULL COLUMNS FROM `banner` [ RunTime:0.001655s ]
[2023-07-30T17:37:06+08:00][sql] SELECT * FROM `banner` [ RunTime:0.000285s ]
[2023-07-30T17:37:06+08:00][sql] SHOW FULL COLUMNS FROM `information` [ RunTime:0.001407s ]
[2023-07-30T17:37:06+08:00][sql] SELECT * FROM `information` ORDER BY `time` DESC LIMIT 1 [ RunTime:0.000472s ]
[2023-07-30T17:37:06+08:00][sql] SELECT * FROM `information` ORDER BY `time` DESC LIMIT 1,4 [ RunTime:0.000456s ]
[2023-07-30T17:37:06+08:00][sql] SHOW FULL COLUMNS FROM `course` [ RunTime:0.001642s ]
[2023-07-30T17:37:06+08:00][sql] SELECT `id`,`title` FROM `course` ORDER BY `sorting` ASC LIMIT 0,6 [ RunTime:0.000315s ]
[2023-07-30T17:37:06+08:00][sql] SHOW FULL COLUMNS FROM `teacher` [ RunTime:0.001308s ]
[2023-07-30T17:37:06+08:00][sql] SELECT * FROM `teacher` [ RunTime:0.000622s ]
[2023-07-30T17:37:06+08:00][sql] SHOW FULL COLUMNS FROM `address` [ RunTime:0.001273s ]
[2023-07-30T17:37:06+08:00][sql] SELECT * FROM `address` WHERE  `id` = 1 LIMIT 1 [ RunTime:0.000340s ]
[2023-07-30T17:37:06+08:00][sql] SELECT * FROM `address` WHERE  `id` = 2 LIMIT 1 [ RunTime:0.000314s ]
[2023-07-30T17:57:00+08:00][sql] CONNECT:[ UseTime:0.000465s ] mysql:host=localhost;port=3316;dbname=coffee;charset=utf8
[2023-07-30T17:57:00+08:00][sql] SHOW FULL COLUMNS FROM `banner` [ RunTime:0.001634s ]
[2023-07-30T17:57:00+08:00][sql] SELECT * FROM `banner` [ RunTime:0.000332s ]
[2023-07-30T17:57:00+08:00][sql] SHOW FULL COLUMNS FROM `information` [ RunTime:0.002072s ]
[2023-07-30T17:57:00+08:00][sql] SELECT * FROM `information` ORDER BY `time` DESC LIMIT 1 [ RunTime:0.000505s ]
[2023-07-30T17:57:00+08:00][sql] SELECT * FROM `information` ORDER BY `time` DESC LIMIT 1,4 [ RunTime:0.000533s ]
[2023-07-30T17:57:00+08:00][sql] SHOW FULL COLUMNS FROM `course` [ RunTime:0.001608s ]
[2023-07-30T17:57:00+08:00][sql] SELECT `id`,`title` FROM `course` ORDER BY `sorting` ASC LIMIT 0,6 [ RunTime:0.000327s ]
[2023-07-30T17:57:00+08:00][sql] SHOW FULL COLUMNS FROM `teacher` [ RunTime:0.001165s ]
[2023-07-30T17:57:00+08:00][sql] SELECT * FROM `teacher` [ RunTime:0.000325s ]
[2023-07-30T17:57:00+08:00][sql] SHOW FULL COLUMNS FROM `address` [ RunTime:0.001034s ]
[2023-07-30T17:57:00+08:00][sql] SELECT * FROM `address` WHERE  `id` = 1 LIMIT 1 [ RunTime:0.000313s ]
[2023-07-30T17:57:00+08:00][sql] SELECT * FROM `address` WHERE  `id` = 2 LIMIT 1 [ RunTime:0.000261s ]
[2023-07-30T18:00:32+08:00][sql] CONNECT:[ UseTime:0.000473s ] mysql:host=localhost;port=3316;dbname=coffee;charset=utf8
[2023-07-30T18:00:32+08:00][sql] SHOW FULL COLUMNS FROM `banner` [ RunTime:0.001699s ]
[2023-07-30T18:00:32+08:00][sql] SELECT * FROM `banner` [ RunTime:0.000241s ]
[2023-07-30T18:00:32+08:00][sql] SHOW FULL COLUMNS FROM `information` [ RunTime:0.001109s ]
[2023-07-30T18:00:32+08:00][sql] SELECT * FROM `information` ORDER BY `time` DESC LIMIT 1 [ RunTime:0.000320s ]
[2023-07-30T18:00:32+08:00][sql] SELECT * FROM `information` ORDER BY `time` DESC LIMIT 1,4 [ RunTime:0.000371s ]
[2023-07-30T18:00:32+08:00][sql] SHOW FULL COLUMNS FROM `course` [ RunTime:0.001118s ]
[2023-07-30T18:00:32+08:00][sql] SELECT `id`,`title` FROM `course` ORDER BY `sorting` ASC LIMIT 0,6 [ RunTime:0.000296s ]
[2023-07-30T18:00:32+08:00][sql] SHOW FULL COLUMNS FROM `teacher` [ RunTime:0.001012s ]
[2023-07-30T18:00:32+08:00][sql] SELECT * FROM `teacher` [ RunTime:0.000282s ]
[2023-07-30T18:00:32+08:00][sql] SHOW FULL COLUMNS FROM `address` [ RunTime:0.000944s ]
[2023-07-30T18:00:32+08:00][sql] SELECT * FROM `address` WHERE  `id` = 1 LIMIT 1 [ RunTime:0.000240s ]
[2023-07-30T18:00:32+08:00][sql] SELECT * FROM `address` WHERE  `id` = 2 LIMIT 1 [ RunTime:0.000261s ]
[2023-07-30T18:21:17+08:00][sql] CONNECT:[ UseTime:0.000464s ] mysql:host=localhost;port=3316;dbname=coffee;charset=utf8
[2023-07-30T18:21:17+08:00][sql] SHOW FULL COLUMNS FROM `banner` [ RunTime:0.001499s ]
[2023-07-30T18:21:17+08:00][sql] SELECT * FROM `banner` [ RunTime:0.000283s ]
[2023-07-30T18:21:17+08:00][sql] SHOW FULL COLUMNS FROM `information` [ RunTime:0.001218s ]
[2023-07-30T18:21:17+08:00][sql] SELECT * FROM `information` ORDER BY `time` DESC LIMIT 1 [ RunTime:0.000378s ]
[2023-07-30T18:21:17+08:00][sql] SELECT * FROM `information` ORDER BY `time` DESC LIMIT 1,4 [ RunTime:0.000366s ]
[2023-07-30T18:21:17+08:00][sql] SHOW FULL COLUMNS FROM `course` [ RunTime:0.001145s ]
[2023-07-30T18:21:17+08:00][sql] SELECT `id`,`title` FROM `course` ORDER BY `sorting` ASC LIMIT 0,6 [ RunTime:0.000281s ]
[2023-07-30T18:21:17+08:00][sql] SHOW FULL COLUMNS FROM `teacher` [ RunTime:0.000950s ]
[2023-07-30T18:21:17+08:00][sql] SELECT * FROM `teacher` [ RunTime:0.000263s ]
[2023-07-30T18:21:17+08:00][sql] SHOW FULL COLUMNS FROM `address` [ RunTime:0.000899s ]
[2023-07-30T18:21:17+08:00][sql] SELECT * FROM `address` WHERE  `id` = 1 LIMIT 1 [ RunTime:0.000280s ]
[2023-07-30T18:21:17+08:00][sql] SELECT * FROM `address` WHERE  `id` = 2 LIMIT 1 [ RunTime:0.000242s ]
[2023-07-30T18:21:25+08:00][sql] CONNECT:[ UseTime:0.000461s ] mysql:host=localhost;port=3316;dbname=coffee;charset=utf8
[2023-07-30T18:21:25+08:00][sql] SHOW FULL COLUMNS FROM `banner` [ RunTime:0.001506s ]
[2023-07-30T18:21:25+08:00][sql] SELECT * FROM `banner` [ RunTime:0.000288s ]
[2023-07-30T18:21:25+08:00][sql] SHOW FULL COLUMNS FROM `information` [ RunTime:0.001031s ]
[2023-07-30T18:21:25+08:00][sql] SELECT * FROM `information` ORDER BY `time` DESC LIMIT 1 [ RunTime:0.000323s ]
[2023-07-30T18:21:25+08:00][sql] SELECT * FROM `information` ORDER BY `time` DESC LIMIT 1,4 [ RunTime:0.000423s ]
[2023-07-30T18:21:25+08:00][sql] SHOW FULL COLUMNS FROM `course` [ RunTime:0.001143s ]
[2023-07-30T18:21:25+08:00][sql] SELECT `id`,`title` FROM `course` ORDER BY `sorting` ASC LIMIT 0,6 [ RunTime:0.000280s ]
[2023-07-30T18:21:25+08:00][sql] SHOW FULL COLUMNS FROM `teacher` [ RunTime:0.000935s ]
[2023-07-30T18:21:25+08:00][sql] SELECT * FROM `teacher` [ RunTime:0.000258s ]
[2023-07-30T18:21:25+08:00][sql] SHOW FULL COLUMNS FROM `address` [ RunTime:0.000970s ]
[2023-07-30T18:21:25+08:00][sql] SELECT * FROM `address` WHERE  `id` = 1 LIMIT 1 [ RunTime:0.000285s ]
[2023-07-30T18:21:25+08:00][sql] SELECT * FROM `address` WHERE  `id` = 2 LIMIT 1 [ RunTime:0.000241s ]
[2023-07-30T18:21:27+08:00][sql] CONNECT:[ UseTime:0.000370s ] mysql:host=localhost;port=3316;dbname=coffee;charset=utf8
[2023-07-30T18:21:27+08:00][sql] SHOW FULL COLUMNS FROM `banner` [ RunTime:0.001438s ]
[2023-07-30T18:21:27+08:00][sql] SELECT * FROM `banner` [ RunTime:0.000235s ]
[2023-07-30T18:21:27+08:00][sql] SHOW FULL COLUMNS FROM `information` [ RunTime:0.001008s ]
[2023-07-30T18:21:27+08:00][sql] SELECT * FROM `information` ORDER BY `time` DESC LIMIT 1 [ RunTime:0.000314s ]
[2023-07-30T18:21:27+08:00][sql] SELECT * FROM `information` ORDER BY `time` DESC LIMIT 1,4 [ RunTime:0.000336s ]
[2023-07-30T18:21:27+08:00][sql] SHOW FULL COLUMNS FROM `course` [ RunTime:0.001131s ]
[2023-07-30T18:21:27+08:00][sql] SELECT `id`,`title` FROM `course` ORDER BY `sorting` ASC LIMIT 0,6 [ RunTime:0.000247s ]
[2023-07-30T18:21:27+08:00][sql] SHOW FULL COLUMNS FROM `teacher` [ RunTime:0.000972s ]
[2023-07-30T18:21:27+08:00][sql] SELECT * FROM `teacher` [ RunTime:0.000226s ]
[2023-07-30T18:21:27+08:00][sql] SHOW FULL COLUMNS FROM `address` [ RunTime:0.000889s ]
[2023-07-30T18:21:27+08:00][sql] SELECT * FROM `address` WHERE  `id` = 1 LIMIT 1 [ RunTime:0.000247s ]
[2023-07-30T18:21:27+08:00][sql] SELECT * FROM `address` WHERE  `id` = 2 LIMIT 1 [ RunTime:0.000216s ]
[2023-07-30T18:21:29+08:00][sql] CONNECT:[ UseTime:0.000636s ] mysql:host=localhost;port=3316;dbname=coffee;charset=utf8
[2023-07-30T18:21:29+08:00][sql] SHOW FULL COLUMNS FROM `banner` [ RunTime:0.001512s ]
[2023-07-30T18:21:29+08:00][sql] SELECT * FROM `banner` [ RunTime:0.000290s ]
[2023-07-30T18:21:29+08:00][sql] SHOW FULL COLUMNS FROM `information` [ RunTime:0.001273s ]
[2023-07-30T18:21:29+08:00][sql] SELECT * FROM `information` ORDER BY `time` DESC LIMIT 1 [ RunTime:0.000390s ]
[2023-07-30T18:21:29+08:00][sql] SELECT * FROM `information` ORDER BY `time` DESC LIMIT 1,4 [ RunTime:0.000343s ]
[2023-07-30T18:21:29+08:00][sql] SHOW FULL COLUMNS FROM `course` [ RunTime:0.001187s ]
[2023-07-30T18:21:29+08:00][sql] SELECT `id`,`title` FROM `course` ORDER BY `sorting` ASC LIMIT 0,6 [ RunTime:0.000290s ]
[2023-07-30T18:21:29+08:00][sql] SHOW FULL COLUMNS FROM `teacher` [ RunTime:0.001020s ]
[2023-07-30T18:21:29+08:00][sql] SELECT * FROM `teacher` [ RunTime:0.000309s ]
[2023-07-30T18:21:29+08:00][sql] SHOW FULL COLUMNS FROM `address` [ RunTime:0.001040s ]
[2023-07-30T18:21:29+08:00][sql] SELECT * FROM `address` WHERE  `id` = 1 LIMIT 1 [ RunTime:0.000257s ]
[2023-07-30T18:21:29+08:00][sql] SELECT * FROM `address` WHERE  `id` = 2 LIMIT 1 [ RunTime:0.000265s ]
[2023-07-30T18:21:36+08:00][sql] CONNECT:[ UseTime:0.000432s ] mysql:host=localhost;port=3316;dbname=coffee;charset=utf8
[2023-07-30T18:21:36+08:00][sql] SHOW FULL COLUMNS FROM `banner` [ RunTime:0.001363s ]
[2023-07-30T18:21:36+08:00][sql] SELECT * FROM `banner` [ RunTime:0.000260s ]
[2023-07-30T18:21:36+08:00][sql] SHOW FULL COLUMNS FROM `information` [ RunTime:0.001001s ]
[2023-07-30T18:21:36+08:00][sql] SELECT * FROM `information` ORDER BY `time` DESC LIMIT 1 [ RunTime:0.000398s ]
[2023-07-30T18:21:36+08:00][sql] SELECT * FROM `information` ORDER BY `time` DESC LIMIT 1,4 [ RunTime:0.000439s ]
[2023-07-30T18:21:36+08:00][sql] SHOW FULL COLUMNS FROM `course` [ RunTime:0.001132s ]
[2023-07-30T18:21:36+08:00][sql] SELECT `id`,`title` FROM `course` ORDER BY `sorting` ASC LIMIT 0,6 [ RunTime:0.000262s ]
[2023-07-30T18:21:36+08:00][sql] SHOW FULL COLUMNS FROM `teacher` [ RunTime:0.000908s ]
[2023-07-30T18:21:36+08:00][sql] SELECT * FROM `teacher` [ RunTime:0.000264s ]
[2023-07-30T18:21:36+08:00][sql] SHOW FULL COLUMNS FROM `address` [ RunTime:0.000929s ]
[2023-07-30T18:21:36+08:00][sql] SELECT * FROM `address` WHERE  `id` = 1 LIMIT 1 [ RunTime:0.000300s ]
[2023-07-30T18:21:36+08:00][sql] SELECT * FROM `address` WHERE  `id` = 2 LIMIT 1 [ RunTime:0.000244s ]
[2023-07-30T18:21:46+08:00][sql] CONNECT:[ UseTime:0.000452s ] mysql:host=localhost;port=3316;dbname=coffee;charset=utf8
[2023-07-30T18:21:46+08:00][sql] SHOW FULL COLUMNS FROM `banner` [ RunTime:0.001512s ]
[2023-07-30T18:21:46+08:00][sql] SELECT * FROM `banner` [ RunTime:0.000290s ]
[2023-07-30T18:21:46+08:00][sql] SHOW FULL COLUMNS FROM `information` [ RunTime:0.001117s ]
[2023-07-30T18:21:46+08:00][sql] SELECT * FROM `information` ORDER BY `time` DESC LIMIT 1 [ RunTime:0.000368s ]
[2023-07-30T18:21:46+08:00][sql] SELECT * FROM `information` ORDER BY `time` DESC LIMIT 1,4 [ RunTime:0.000476s ]
[2023-07-30T18:21:46+08:00][sql] SHOW FULL COLUMNS FROM `course` [ RunTime:0.001230s ]
[2023-07-30T18:21:46+08:00][sql] SELECT `id`,`title` FROM `course` ORDER BY `sorting` ASC LIMIT 0,6 [ RunTime:0.000259s ]
[2023-07-30T18:21:46+08:00][sql] SHOW FULL COLUMNS FROM `teacher` [ RunTime:0.000991s ]
[2023-07-30T18:21:46+08:00][sql] SELECT * FROM `teacher` [ RunTime:0.000258s ]
[2023-07-30T18:21:46+08:00][sql] SHOW FULL COLUMNS FROM `address` [ RunTime:0.000922s ]
[2023-07-30T18:21:46+08:00][sql] SELECT * FROM `address` WHERE  `id` = 1 LIMIT 1 [ RunTime:0.000277s ]
[2023-07-30T18:21:46+08:00][sql] SELECT * FROM `address` WHERE  `id` = 2 LIMIT 1 [ RunTime:0.000235s ]
[2023-07-30T18:50:27+08:00][sql] CONNECT:[ UseTime:0.000445s ] mysql:host=localhost;port=3316;dbname=coffee;charset=utf8
[2023-07-30T18:50:27+08:00][sql] SHOW FULL COLUMNS FROM `banner` [ RunTime:0.001379s ]
[2023-07-30T18:50:27+08:00][sql] SELECT * FROM `banner` [ RunTime:0.000250s ]
[2023-07-30T18:50:27+08:00][sql] SHOW FULL COLUMNS FROM `information` [ RunTime:0.001034s ]
[2023-07-30T18:50:27+08:00][sql] SELECT * FROM `information` ORDER BY `time` DESC LIMIT 1 [ RunTime:0.000325s ]
[2023-07-30T18:50:27+08:00][sql] SELECT * FROM `information` ORDER BY `time` DESC LIMIT 1,4 [ RunTime:0.000300s ]
[2023-07-30T18:50:27+08:00][sql] SHOW FULL COLUMNS FROM `course` [ RunTime:0.001062s ]
[2023-07-30T18:50:27+08:00][sql] SELECT `id`,`title` FROM `course` ORDER BY `sorting` ASC LIMIT 0,6 [ RunTime:0.000263s ]
[2023-07-30T18:50:27+08:00][sql] SHOW FULL COLUMNS FROM `teacher` [ RunTime:0.000924s ]
[2023-07-30T18:50:27+08:00][sql] SELECT * FROM `teacher` [ RunTime:0.000240s ]
[2023-07-30T18:50:27+08:00][sql] SHOW FULL COLUMNS FROM `address` [ RunTime:0.000975s ]
[2023-07-30T18:50:27+08:00][sql] SELECT * FROM `address` WHERE  `id` = 1 LIMIT 1 [ RunTime:0.000301s ]
[2023-07-30T18:50:27+08:00][sql] SELECT * FROM `address` WHERE  `id` = 2 LIMIT 1 [ RunTime:0.000206s ]
[2023-07-30T19:19:51+08:00][sql] CONNECT:[ UseTime:0.000428s ] mysql:host=localhost;port=3316;dbname=coffee;charset=utf8
[2023-07-30T19:19:51+08:00][sql] SHOW FULL COLUMNS FROM `banner` [ RunTime:0.001625s ]
[2023-07-30T19:19:51+08:00][sql] SELECT * FROM `banner` [ RunTime:0.000257s ]
[2023-07-30T19:19:51+08:00][sql] SHOW FULL COLUMNS FROM `information` [ RunTime:0.001090s ]
[2023-07-30T19:19:51+08:00][sql] SELECT * FROM `information` ORDER BY `time` DESC LIMIT 1 [ RunTime:0.000394s ]
[2023-07-30T19:19:51+08:00][sql] SELECT * FROM `information` ORDER BY `time` DESC LIMIT 1,4 [ RunTime:0.000511s ]
[2023-07-30T19:19:51+08:00][sql] SHOW FULL COLUMNS FROM `course` [ RunTime:0.001616s ]
[2023-07-30T19:19:51+08:00][sql] SELECT `id`,`title` FROM `course` ORDER BY `sorting` ASC LIMIT 0,6 [ RunTime:0.000281s ]
[2023-07-30T19:19:51+08:00][sql] SHOW FULL COLUMNS FROM `teacher` [ RunTime:0.001035s ]
[2023-07-30T19:19:51+08:00][sql] SELECT * FROM `teacher` [ RunTime:0.000271s ]
[2023-07-30T19:19:51+08:00][sql] SHOW FULL COLUMNS FROM `address` [ RunTime:0.000955s ]
[2023-07-30T19:19:51+08:00][sql] SELECT * FROM `address` WHERE  `id` = 1 LIMIT 1 [ RunTime:0.000259s ]
[2023-07-30T19:19:51+08:00][sql] SELECT * FROM `address` WHERE  `id` = 2 LIMIT 1 [ RunTime:0.000395s ]
[2023-07-30T19:43:19+08:00][sql] CONNECT:[ UseTime:0.000425s ] mysql:host=localhost;port=3316;dbname=coffee;charset=utf8
[2023-07-30T19:43:19+08:00][sql] SHOW FULL COLUMNS FROM `banner` [ RunTime:0.001253s ]
[2023-07-30T19:43:19+08:00][sql] SELECT * FROM `banner` [ RunTime:0.000226s ]
[2023-07-30T19:43:19+08:00][sql] SHOW FULL COLUMNS FROM `information` [ RunTime:0.001018s ]
[2023-07-30T19:43:19+08:00][sql] SELECT * FROM `information` ORDER BY `time` DESC LIMIT 1 [ RunTime:0.000334s ]
[2023-07-30T19:43:19+08:00][sql] SELECT * FROM `information` ORDER BY `time` DESC LIMIT 1,4 [ RunTime:0.000323s ]
[2023-07-30T19:43:19+08:00][sql] SHOW FULL COLUMNS FROM `course` [ RunTime:0.001112s ]
[2023-07-30T19:43:19+08:00][sql] SELECT `id`,`title` FROM `course` ORDER BY `sorting` ASC LIMIT 0,6 [ RunTime:0.000260s ]
[2023-07-30T19:43:19+08:00][sql] SHOW FULL COLUMNS FROM `teacher` [ RunTime:0.000972s ]
[2023-07-30T19:43:19+08:00][sql] SELECT * FROM `teacher` [ RunTime:0.000266s ]
[2023-07-30T19:43:19+08:00][sql] SHOW FULL COLUMNS FROM `address` [ RunTime:0.000947s ]
[2023-07-30T19:43:19+08:00][sql] SELECT * FROM `address` WHERE  `id` = 1 LIMIT 1 [ RunTime:0.000301s ]
[2023-07-30T19:43:19+08:00][sql] SELECT * FROM `address` WHERE  `id` = 2 LIMIT 1 [ RunTime:0.000227s ]
[2023-07-30T19:43:19+08:00][sql] CONNECT:[ UseTime:0.000488s ] mysql:host=localhost;port=3316;dbname=coffee;charset=utf8
[2023-07-30T19:43:19+08:00][sql] SHOW FULL COLUMNS FROM `banner` [ RunTime:0.001547s ]
[2023-07-30T19:43:19+08:00][sql] SELECT * FROM `banner` [ RunTime:0.000242s ]
[2023-07-30T19:43:19+08:00][sql] SHOW FULL COLUMNS FROM `information` [ RunTime:0.001079s ]
[2023-07-30T19:43:19+08:00][sql] SELECT * FROM `information` ORDER BY `time` DESC LIMIT 1 [ RunTime:0.000325s ]
[2023-07-30T19:43:19+08:00][sql] SELECT * FROM `information` ORDER BY `time` DESC LIMIT 1,4 [ RunTime:0.000365s ]
[2023-07-30T19:43:19+08:00][sql] SHOW FULL COLUMNS FROM `course` [ RunTime:0.001219s ]
[2023-07-30T19:43:19+08:00][sql] SELECT `id`,`title` FROM `course` ORDER BY `sorting` ASC LIMIT 0,6 [ RunTime:0.000244s ]
[2023-07-30T19:43:19+08:00][sql] SHOW FULL COLUMNS FROM `teacher` [ RunTime:0.001168s ]
[2023-07-30T19:43:19+08:00][sql] SELECT * FROM `teacher` [ RunTime:0.000299s ]
[2023-07-30T19:43:19+08:00][sql] SHOW FULL COLUMNS FROM `address` [ RunTime:0.001299s ]
[2023-07-30T19:43:19+08:00][sql] SELECT * FROM `address` WHERE  `id` = 1 LIMIT 1 [ RunTime:0.000338s ]
[2023-07-30T19:43:19+08:00][sql] SELECT * FROM `address` WHERE  `id` = 2 LIMIT 1 [ RunTime:0.000294s ]
[2023-07-30T19:49:09+08:00][sql] CONNECT:[ UseTime:0.000436s ] mysql:host=localhost;port=3316;dbname=coffee;charset=utf8
[2023-07-30T19:49:09+08:00][sql] SHOW FULL COLUMNS FROM `banner` [ RunTime:0.001577s ]
[2023-07-30T19:49:09+08:00][sql] SELECT * FROM `banner` [ RunTime:0.000256s ]
[2023-07-30T19:49:09+08:00][sql] SHOW FULL COLUMNS FROM `information` [ RunTime:0.001067s ]
[2023-07-30T19:49:09+08:00][sql] SELECT * FROM `information` ORDER BY `time` DESC LIMIT 1 [ RunTime:0.000333s ]
[2023-07-30T19:49:09+08:00][sql] SELECT * FROM `information` ORDER BY `time` DESC LIMIT 1,4 [ RunTime:0.000375s ]
[2023-07-30T19:49:09+08:00][sql] SHOW FULL COLUMNS FROM `course` [ RunTime:0.001244s ]
[2023-07-30T19:49:09+08:00][sql] SELECT `id`,`title` FROM `course` ORDER BY `sorting` ASC LIMIT 0,6 [ RunTime:0.000283s ]
[2023-07-30T19:49:09+08:00][sql] SHOW FULL COLUMNS FROM `teacher` [ RunTime:0.000920s ]
[2023-07-30T19:49:09+08:00][sql] SELECT * FROM `teacher` [ RunTime:0.000223s ]
[2023-07-30T19:49:09+08:00][sql] SHOW FULL COLUMNS FROM `address` [ RunTime:0.001076s ]
[2023-07-30T19:49:09+08:00][sql] SELECT * FROM `address` WHERE  `id` = 1 LIMIT 1 [ RunTime:0.000284s ]
[2023-07-30T19:49:09+08:00][sql] SELECT * FROM `address` WHERE  `id` = 2 LIMIT 1 [ RunTime:0.000230s ]
[2023-07-30T20:38:43+08:00][sql] CONNECT:[ UseTime:0.000437s ] mysql:host=localhost;port=3316;dbname=coffee;charset=utf8
[2023-07-30T20:38:43+08:00][sql] SHOW FULL COLUMNS FROM `banner` [ RunTime:0.001397s ]
[2023-07-30T20:38:43+08:00][sql] SELECT * FROM `banner` [ RunTime:0.000267s ]
[2023-07-30T20:38:43+08:00][sql] SHOW FULL COLUMNS FROM `information` [ RunTime:0.001107s ]
[2023-07-30T20:38:43+08:00][sql] SELECT * FROM `information` ORDER BY `time` DESC LIMIT 1 [ RunTime:0.000305s ]
[2023-07-30T20:38:43+08:00][sql] SELECT * FROM `information` ORDER BY `time` DESC LIMIT 1,4 [ RunTime:0.000357s ]
[2023-07-30T20:38:43+08:00][sql] SHOW FULL COLUMNS FROM `course` [ RunTime:0.001114s ]
[2023-07-30T20:38:43+08:00][sql] SELECT `id`,`title` FROM `course` ORDER BY `sorting` ASC LIMIT 0,6 [ RunTime:0.000282s ]
[2023-07-30T20:38:43+08:00][sql] SHOW FULL COLUMNS FROM `teacher` [ RunTime:0.000935s ]
[2023-07-30T20:38:43+08:00][sql] SELECT * FROM `teacher` [ RunTime:0.000238s ]
[2023-07-30T20:38:43+08:00][sql] SHOW FULL COLUMNS FROM `address` [ RunTime:0.000930s ]
[2023-07-30T20:38:43+08:00][sql] SELECT * FROM `address` WHERE  `id` = 1 LIMIT 1 [ RunTime:0.000260s ]
[2023-07-30T20:38:43+08:00][sql] SELECT * FROM `address` WHERE  `id` = 2 LIMIT 1 [ RunTime:0.000210s ]
[2023-07-30T21:21:48+08:00][sql] CONNECT:[ UseTime:0.000497s ] mysql:host=localhost;port=3316;dbname=coffee;charset=utf8
[2023-07-30T21:21:48+08:00][sql] SHOW FULL COLUMNS FROM `banner` [ RunTime:0.001411s ]
[2023-07-30T21:21:48+08:00][sql] SELECT * FROM `banner` [ RunTime:0.000364s ]
[2023-07-30T21:21:48+08:00][sql] SHOW FULL COLUMNS FROM `information` [ RunTime:0.001291s ]
[2023-07-30T21:21:48+08:00][sql] SELECT * FROM `information` ORDER BY `time` DESC LIMIT 1 [ RunTime:0.000396s ]
[2023-07-30T21:21:48+08:00][sql] SELECT * FROM `information` ORDER BY `time` DESC LIMIT 1,4 [ RunTime:0.000405s ]
[2023-07-30T21:21:48+08:00][sql] SHOW FULL COLUMNS FROM `course` [ RunTime:0.001105s ]
[2023-07-30T21:21:48+08:00][sql] SELECT `id`,`title` FROM `course` ORDER BY `sorting` ASC LIMIT 0,6 [ RunTime:0.000270s ]
[2023-07-30T21:21:48+08:00][sql] SHOW FULL COLUMNS FROM `teacher` [ RunTime:0.000937s ]
[2023-07-30T21:21:48+08:00][sql] SELECT * FROM `teacher` [ RunTime:0.001066s ]
[2023-07-30T21:21:48+08:00][sql] SHOW FULL COLUMNS FROM `address` [ RunTime:0.001058s ]
[2023-07-30T21:21:48+08:00][sql] SELECT * FROM `address` WHERE  `id` = 1 LIMIT 1 [ RunTime:0.000287s ]
[2023-07-30T21:21:48+08:00][sql] SELECT * FROM `address` WHERE  `id` = 2 LIMIT 1 [ RunTime:0.000238s ]
[2023-07-30T22:20:15+08:00][sql] CONNECT:[ UseTime:0.000602s ] mysql:host=localhost;port=3316;dbname=coffee;charset=utf8
[2023-07-30T22:20:15+08:00][sql] SHOW FULL COLUMNS FROM `banner` [ RunTime:0.001948s ]
[2023-07-30T22:20:15+08:00][sql] SELECT * FROM `banner` [ RunTime:0.000360s ]
[2023-07-30T22:20:15+08:00][sql] SHOW FULL COLUMNS FROM `information` [ RunTime:0.001432s ]
[2023-07-30T22:20:15+08:00][sql] SELECT * FROM `information` ORDER BY `time` DESC LIMIT 1 [ RunTime:0.000410s ]
[2023-07-30T22:20:15+08:00][sql] SELECT * FROM `information` ORDER BY `time` DESC LIMIT 1,4 [ RunTime:0.000434s ]
[2023-07-30T22:20:15+08:00][sql] SHOW FULL COLUMNS FROM `course` [ RunTime:0.001632s ]
[2023-07-30T22:20:15+08:00][sql] SELECT `id`,`title` FROM `course` ORDER BY `sorting` ASC LIMIT 0,6 [ RunTime:0.000319s ]
[2023-07-30T22:20:15+08:00][sql] SHOW FULL COLUMNS FROM `teacher` [ RunTime:0.001273s ]
[2023-07-30T22:20:15+08:00][sql] SELECT * FROM `teacher` [ RunTime:0.000313s ]
[2023-07-30T22:20:15+08:00][sql] SHOW FULL COLUMNS FROM `address` [ RunTime:0.001349s ]
[2023-07-30T22:20:15+08:00][sql] SELECT * FROM `address` WHERE  `id` = 1 LIMIT 1 [ RunTime:0.000313s ]
[2023-07-30T22:20:15+08:00][sql] SELECT * FROM `address` WHERE  `id` = 2 LIMIT 1 [ RunTime:0.000442s ]
[2023-07-30T23:18:04+08:00][sql] CONNECT:[ UseTime:0.000473s ] mysql:host=localhost;port=3316;dbname=coffee;charset=utf8
[2023-07-30T23:18:04+08:00][sql] SHOW FULL COLUMNS FROM `banner` [ RunTime:0.001374s ]
[2023-07-30T23:18:04+08:00][sql] SELECT * FROM `banner` [ RunTime:0.000364s ]
[2023-07-30T23:18:04+08:00][sql] SHOW FULL COLUMNS FROM `information` [ RunTime:0.001063s ]
[2023-07-30T23:18:04+08:00][sql] SELECT * FROM `information` ORDER BY `time` DESC LIMIT 1 [ RunTime:0.000307s ]
[2023-07-30T23:18:04+08:00][sql] SELECT * FROM `information` ORDER BY `time` DESC LIMIT 1,4 [ RunTime:0.000324s ]
[2023-07-30T23:18:04+08:00][sql] SHOW FULL COLUMNS FROM `course` [ RunTime:0.001059s ]
[2023-07-30T23:18:04+08:00][sql] SELECT `id`,`title` FROM `course` ORDER BY `sorting` ASC LIMIT 0,6 [ RunTime:0.000308s ]
[2023-07-30T23:18:04+08:00][sql] SHOW FULL COLUMNS FROM `teacher` [ RunTime:0.001162s ]
[2023-07-30T23:18:04+08:00][sql] SELECT * FROM `teacher` [ RunTime:0.000239s ]
[2023-07-30T23:18:04+08:00][sql] SHOW FULL COLUMNS FROM `address` [ RunTime:0.000854s ]
[2023-07-30T23:18:04+08:00][sql] SELECT * FROM `address` WHERE  `id` = 1 LIMIT 1 [ RunTime:0.000247s ]
[2023-07-30T23:18:04+08:00][sql] SELECT * FROM `address` WHERE  `id` = 2 LIMIT 1 [ RunTime:0.000216s ]
[2023-07-30T23:20:12+08:00][sql] CONNECT:[ UseTime:0.000473s ] mysql:host=localhost;port=3316;dbname=coffee;charset=utf8
[2023-07-30T23:20:12+08:00][sql] SHOW FULL COLUMNS FROM `banner` [ RunTime:0.001616s ]
[2023-07-30T23:20:12+08:00][sql] SELECT * FROM `banner` [ RunTime:0.000285s ]
[2023-07-30T23:20:12+08:00][sql] SHOW FULL COLUMNS FROM `information` [ RunTime:0.001759s ]
[2023-07-30T23:20:12+08:00][sql] SELECT * FROM `information` ORDER BY `time` DESC LIMIT 1 [ RunTime:0.000434s ]
[2023-07-30T23:20:12+08:00][sql] SELECT * FROM `information` ORDER BY `time` DESC LIMIT 1,4 [ RunTime:0.000483s ]
[2023-07-30T23:20:12+08:00][sql] SHOW FULL COLUMNS FROM `course` [ RunTime:0.001401s ]
[2023-07-30T23:20:12+08:00][sql] SELECT `id`,`title` FROM `course` ORDER BY `sorting` ASC LIMIT 0,6 [ RunTime:0.000288s ]
[2023-07-30T23:20:12+08:00][sql] SHOW FULL COLUMNS FROM `teacher` [ RunTime:0.000949s ]
[2023-07-30T23:20:12+08:00][sql] SELECT * FROM `teacher` [ RunTime:0.000291s ]
[2023-07-30T23:20:12+08:00][sql] SHOW FULL COLUMNS FROM `address` [ RunTime:0.001032s ]
[2023-07-30T23:20:12+08:00][sql] SELECT * FROM `address` WHERE  `id` = 1 LIMIT 1 [ RunTime:0.000244s ]
[2023-07-30T23:20:12+08:00][sql] SELECT * FROM `address` WHERE  `id` = 2 LIMIT 1 [ RunTime:0.000269s ]
[2023-07-30T23:20:13+08:00][sql] CONNECT:[ UseTime:0.000444s ] mysql:host=localhost;port=3316;dbname=coffee;charset=utf8
[2023-07-30T23:20:13+08:00][sql] SHOW FULL COLUMNS FROM `banner` [ RunTime:0.001519s ]
[2023-07-30T23:20:13+08:00][sql] SELECT * FROM `banner` [ RunTime:0.000243s ]
[2023-07-30T23:20:13+08:00][sql] SHOW FULL COLUMNS FROM `information` [ RunTime:0.001080s ]
[2023-07-30T23:20:13+08:00][sql] SELECT * FROM `information` ORDER BY `time` DESC LIMIT 1 [ RunTime:0.000371s ]
[2023-07-30T23:20:13+08:00][sql] SELECT * FROM `information` ORDER BY `time` DESC LIMIT 1,4 [ RunTime:0.000317s ]
[2023-07-30T23:20:13+08:00][sql] SHOW FULL COLUMNS FROM `course` [ RunTime:0.001144s ]
[2023-07-30T23:20:13+08:00][sql] SELECT `id`,`title` FROM `course` ORDER BY `sorting` ASC LIMIT 0,6 [ RunTime:0.000280s ]
[2023-07-30T23:20:13+08:00][sql] SHOW FULL COLUMNS FROM `teacher` [ RunTime:0.000979s ]
[2023-07-30T23:20:13+08:00][sql] SELECT * FROM `teacher` [ RunTime:0.000232s ]
[2023-07-30T23:20:13+08:00][sql] SHOW FULL COLUMNS FROM `address` [ RunTime:0.000989s ]
[2023-07-30T23:20:13+08:00][sql] SELECT * FROM `address` WHERE  `id` = 1 LIMIT 1 [ RunTime:0.000278s ]
[2023-07-30T23:20:13+08:00][sql] SELECT * FROM `address` WHERE  `id` = 2 LIMIT 1 [ RunTime:0.000210s ]
[2023-07-30T23:27:54+08:00][sql] CONNECT:[ UseTime:0.001265s ] mysql:host=localhost;port=3316;dbname=coffee;charset=utf8
[2023-07-30T23:27:54+08:00][sql] SHOW FULL COLUMNS FROM `banner` [ RunTime:0.001327s ]
[2023-07-30T23:27:54+08:00][sql] SELECT * FROM `banner` [ RunTime:0.000247s ]
[2023-07-30T23:27:54+08:00][sql] SHOW FULL COLUMNS FROM `information` [ RunTime:0.001040s ]
[2023-07-30T23:27:54+08:00][sql] SELECT * FROM `information` ORDER BY `time` DESC LIMIT 1 [ RunTime:0.000329s ]
[2023-07-30T23:27:54+08:00][sql] SELECT * FROM `information` ORDER BY `time` DESC LIMIT 1,4 [ RunTime:0.000396s ]
[2023-07-30T23:27:54+08:00][sql] SHOW FULL COLUMNS FROM `course` [ RunTime:0.001139s ]
[2023-07-30T23:27:54+08:00][sql] SELECT `id`,`title` FROM `course` ORDER BY `sorting` ASC LIMIT 0,6 [ RunTime:0.000229s ]
[2023-07-30T23:27:54+08:00][sql] SHOW FULL COLUMNS FROM `teacher` [ RunTime:0.000899s ]
[2023-07-30T23:27:54+08:00][sql] SELECT * FROM `teacher` [ RunTime:0.000241s ]
[2023-07-30T23:27:54+08:00][sql] SHOW FULL COLUMNS FROM `address` [ RunTime:0.000928s ]
[2023-07-30T23:27:54+08:00][sql] SELECT * FROM `address` WHERE  `id` = 1 LIMIT 1 [ RunTime:0.000284s ]
[2023-07-30T23:27:54+08:00][sql] SELECT * FROM `address` WHERE  `id` = 2 LIMIT 1 [ RunTime:0.000195s ]
[2023-07-30T23:39:12+08:00][sql] CONNECT:[ UseTime:0.000453s ] mysql:host=localhost;port=3316;dbname=coffee;charset=utf8
[2023-07-30T23:39:12+08:00][sql] SHOW FULL COLUMNS FROM `banner` [ RunTime:0.001408s ]
[2023-07-30T23:39:12+08:00][sql] SELECT * FROM `banner` [ RunTime:0.000289s ]
[2023-07-30T23:39:12+08:00][sql] SHOW FULL COLUMNS FROM `information` [ RunTime:0.001182s ]
[2023-07-30T23:39:12+08:00][sql] SELECT * FROM `information` ORDER BY `time` DESC LIMIT 1 [ RunTime:0.000338s ]
[2023-07-30T23:39:12+08:00][sql] SELECT * FROM `information` ORDER BY `time` DESC LIMIT 1,4 [ RunTime:0.000338s ]
[2023-07-30T23:39:12+08:00][sql] SHOW FULL COLUMNS FROM `course` [ RunTime:0.001275s ]
[2023-07-30T23:39:12+08:00][sql] SELECT `id`,`title` FROM `course` ORDER BY `sorting` ASC LIMIT 0,6 [ RunTime:0.000245s ]
[2023-07-30T23:39:12+08:00][sql] SHOW FULL COLUMNS FROM `teacher` [ RunTime:0.001272s ]
[2023-07-30T23:39:12+08:00][sql] SELECT * FROM `teacher` [ RunTime:0.000269s ]
[2023-07-30T23:39:12+08:00][sql] SHOW FULL COLUMNS FROM `address` [ RunTime:0.001249s ]
[2023-07-30T23:39:12+08:00][sql] SELECT * FROM `address` WHERE  `id` = 1 LIMIT 1 [ RunTime:0.000277s ]
[2023-07-30T23:39:12+08:00][sql] SELECT * FROM `address` WHERE  `id` = 2 LIMIT 1 [ RunTime:0.000326s ]
