[2023-07-13T03:41:55+08:00][sql] CONNECT:[ UseTime:0.000414s ] mysql:host=localhost;port=3316;dbname=coffee;charset=utf8
[2023-07-13T03:41:55+08:00][sql] SHOW FULL COLUMNS FROM `teacher` [ RunTime:0.001379s ]
[2023-07-13T03:41:55+08:00][sql] SELECT `teacher_name`,`teacher_title`,`teacher_avatar`,`detail` FROM `teacher` WHERE  `id` = 3 LIMIT 1 [ RunTime:0.000244s ]
[2023-07-13T03:41:55+08:00][sql] SHOW FULL COLUMNS FROM `course` [ RunTime:0.001122s ]
[2023-07-13T03:41:55+08:00][sql] SELECT * FROM `course` WHERE  `about_instructor` LIKE '%3%' [ RunTime:0.000351s ]
[2023-07-13T03:41:55+08:00][sql] SHOW FULL COLUMNS FROM `address` [ RunTime:0.000934s ]
[2023-07-13T03:41:55+08:00][sql] SELECT * FROM `address` WHERE  `id` = 1 LIMIT 1 [ RunTime:0.000257s ]
[2023-07-13T03:41:55+08:00][sql] SELECT * FROM `address` WHERE  `id` = 2 LIMIT 1 [ RunTime:0.000225s ]
[2023-07-13T03:51:22+08:00][sql] CONNECT:[ UseTime:0.000455s ] mysql:host=localhost;port=3316;dbname=coffee;charset=utf8
[2023-07-13T03:51:22+08:00][sql] SHOW FULL COLUMNS FROM `teacher` [ RunTime:0.001399s ]
[2023-07-13T03:51:22+08:00][sql] SELECT `teacher_name`,`teacher_title`,`teacher_avatar`,`detail` FROM `teacher` WHERE  `id` = 3 LIMIT 1 [ RunTime:0.000294s ]
[2023-07-13T03:51:22+08:00][sql] SHOW FULL COLUMNS FROM `course` [ RunTime:0.001160s ]
[2023-07-13T03:51:22+08:00][sql] SELECT * FROM `course` WHERE  `about_instructor` LIKE '%3%' [ RunTime:0.000323s ]
[2023-07-13T03:51:22+08:00][sql] SHOW FULL COLUMNS FROM `address` [ RunTime:0.001017s ]
[2023-07-13T03:51:22+08:00][sql] SELECT * FROM `address` WHERE  `id` = 1 LIMIT 1 [ RunTime:0.000290s ]
[2023-07-13T03:51:22+08:00][sql] SELECT * FROM `address` WHERE  `id` = 2 LIMIT 1 [ RunTime:0.000211s ]
[2023-07-13T06:47:04+08:00][sql] CONNECT:[ UseTime:0.000405s ] mysql:host=localhost;port=3316;dbname=coffee;charset=utf8
[2023-07-13T06:47:04+08:00][sql] SHOW FULL COLUMNS FROM `teacher` [ RunTime:0.002018s ]
[2023-07-13T06:47:04+08:00][sql] SELECT `teacher_name`,`teacher_title`,`teacher_avatar`,`detail` FROM `teacher` WHERE  `id` = 1 LIMIT 1 [ RunTime:0.000294s ]
[2023-07-13T06:47:04+08:00][sql] SHOW FULL COLUMNS FROM `course` [ RunTime:0.001273s ]
[2023-07-13T06:47:04+08:00][sql] SELECT * FROM `course` WHERE  `about_instructor` LIKE '%1%' [ RunTime:0.000490s ]
[2023-07-13T06:47:04+08:00][sql] SHOW FULL COLUMNS FROM `address` [ RunTime:0.001043s ]
[2023-07-13T06:47:04+08:00][sql] SELECT * FROM `address` WHERE  `id` = 1 LIMIT 1 [ RunTime:0.000255s ]
[2023-07-13T06:47:04+08:00][sql] SELECT * FROM `address` WHERE  `id` = 2 LIMIT 1 [ RunTime:0.000226s ]
[2023-07-13T06:54:53+08:00][sql] CONNECT:[ UseTime:0.000483s ] mysql:host=localhost;port=3316;dbname=coffee;charset=utf8
[2023-07-13T06:54:53+08:00][sql] SHOW FULL COLUMNS FROM `teacher` [ RunTime:0.001466s ]
[2023-07-13T06:54:53+08:00][sql] SELECT `teacher_name`,`teacher_title`,`teacher_avatar`,`detail` FROM `teacher` WHERE  `id` = 1 LIMIT 1 [ RunTime:0.000262s ]
[2023-07-13T06:54:53+08:00][sql] SHOW FULL COLUMNS FROM `course` [ RunTime:0.001217s ]
[2023-07-13T06:54:53+08:00][sql] SELECT * FROM `course` WHERE  `about_instructor` LIKE '%1%' [ RunTime:0.000420s ]
[2023-07-13T06:54:53+08:00][sql] SHOW FULL COLUMNS FROM `address` [ RunTime:0.001147s ]
[2023-07-13T06:54:53+08:00][sql] SELECT * FROM `address` WHERE  `id` = 1 LIMIT 1 [ RunTime:0.000263s ]
[2023-07-13T06:54:53+08:00][sql] SELECT * FROM `address` WHERE  `id` = 2 LIMIT 1 [ RunTime:0.000272s ]
[2023-07-13T18:10:27+08:00][sql] CONNECT:[ UseTime:0.000509s ] mysql:host=localhost;port=3316;dbname=coffee;charset=utf8
[2023-07-13T18:10:27+08:00][sql] SHOW FULL COLUMNS FROM `teacher` [ RunTime:0.001539s ]
[2023-07-13T18:10:27+08:00][sql] SELECT `teacher_name`,`teacher_title`,`teacher_avatar`,`detail` FROM `teacher` WHERE  `id` = 3 LIMIT 1 [ RunTime:0.000261s ]
[2023-07-13T18:10:27+08:00][sql] SHOW FULL COLUMNS FROM `course` [ RunTime:0.001133s ]
[2023-07-13T18:10:27+08:00][sql] SELECT * FROM `course` WHERE  `about_instructor` LIKE '%3%' [ RunTime:0.000487s ]
[2023-07-13T18:10:27+08:00][sql] SHOW FULL COLUMNS FROM `address` [ RunTime:0.001306s ]
[2023-07-13T18:10:27+08:00][sql] SELECT * FROM `address` WHERE  `id` = 1 LIMIT 1 [ RunTime:0.000270s ]
[2023-07-13T18:10:27+08:00][sql] SELECT * FROM `address` WHERE  `id` = 2 LIMIT 1 [ RunTime:0.000203s ]
[2023-07-13T18:26:49+08:00][sql] CONNECT:[ UseTime:0.000437s ] mysql:host=localhost;port=3316;dbname=coffee;charset=utf8
[2023-07-13T18:26:49+08:00][sql] SHOW FULL COLUMNS FROM `teacher` [ RunTime:0.001695s ]
[2023-07-13T18:26:49+08:00][sql] SELECT `teacher_name`,`teacher_title`,`teacher_avatar`,`detail` FROM `teacher` WHERE  `id` = 3 LIMIT 1 [ RunTime:0.000271s ]
[2023-07-13T18:26:49+08:00][sql] SHOW FULL COLUMNS FROM `course` [ RunTime:0.001148s ]
[2023-07-13T18:26:49+08:00][sql] SELECT * FROM `course` WHERE  `about_instructor` LIKE '%3%' [ RunTime:0.000395s ]
[2023-07-13T18:26:49+08:00][sql] SHOW FULL COLUMNS FROM `address` [ RunTime:0.001157s ]
[2023-07-13T18:26:49+08:00][sql] SELECT * FROM `address` WHERE  `id` = 1 LIMIT 1 [ RunTime:0.000351s ]
[2023-07-13T18:26:49+08:00][sql] SELECT * FROM `address` WHERE  `id` = 2 LIMIT 1 [ RunTime:0.000269s ]
[2023-07-13T18:55:05+08:00][sql] CONNECT:[ UseTime:0.000463s ] mysql:host=localhost;port=3316;dbname=coffee;charset=utf8
[2023-07-13T18:55:05+08:00][sql] SHOW FULL COLUMNS FROM `teacher` [ RunTime:0.001518s ]
[2023-07-13T18:55:05+08:00][sql] SELECT `id`,`teacher_name`,`teacher_avatar`,`Introduction` FROM `teacher` [ RunTime:0.000330s ]
[2023-07-13T18:55:05+08:00][sql] SHOW FULL COLUMNS FROM `address` [ RunTime:0.001122s ]
[2023-07-13T18:55:05+08:00][sql] SELECT * FROM `address` WHERE  `id` = 1 LIMIT 1 [ RunTime:0.000320s ]
[2023-07-13T18:55:05+08:00][sql] SELECT * FROM `address` WHERE  `id` = 2 LIMIT 1 [ RunTime:0.000236s ]
[2023-07-13T18:58:40+08:00][sql] CONNECT:[ UseTime:0.000504s ] mysql:host=localhost;port=3316;dbname=coffee;charset=utf8
[2023-07-13T18:58:40+08:00][sql] SHOW FULL COLUMNS FROM `teacher` [ RunTime:0.001432s ]
[2023-07-13T18:58:40+08:00][sql] SELECT `id`,`teacher_name`,`teacher_avatar`,`Introduction` FROM `teacher` [ RunTime:0.000228s ]
[2023-07-13T18:58:40+08:00][sql] SHOW FULL COLUMNS FROM `address` [ RunTime:0.001186s ]
[2023-07-13T18:58:40+08:00][sql] SELECT * FROM `address` WHERE  `id` = 1 LIMIT 1 [ RunTime:0.000303s ]
[2023-07-13T18:58:40+08:00][sql] SELECT * FROM `address` WHERE  `id` = 2 LIMIT 1 [ RunTime:0.000254s ]
[2023-07-13T19:40:27+08:00][sql] CONNECT:[ UseTime:0.000498s ] mysql:host=localhost;port=3316;dbname=coffee;charset=utf8
[2023-07-13T19:40:27+08:00][sql] SHOW FULL COLUMNS FROM `teacher` [ RunTime:0.001282s ]
[2023-07-13T19:40:27+08:00][sql] SELECT `teacher_name`,`teacher_title`,`teacher_avatar`,`detail` FROM `teacher` WHERE  `id` = 3 LIMIT 1 [ RunTime:0.000265s ]
[2023-07-13T19:40:27+08:00][sql] SHOW FULL COLUMNS FROM `course` [ RunTime:0.001043s ]
[2023-07-13T19:40:27+08:00][sql] SELECT * FROM `course` WHERE  `about_instructor` LIKE '%3%' [ RunTime:0.000299s ]
[2023-07-13T19:40:27+08:00][sql] SHOW FULL COLUMNS FROM `address` [ RunTime:0.000965s ]
[2023-07-13T19:40:27+08:00][sql] SELECT * FROM `address` WHERE  `id` = 1 LIMIT 1 [ RunTime:0.000292s ]
[2023-07-13T19:40:27+08:00][sql] SELECT * FROM `address` WHERE  `id` = 2 LIMIT 1 [ RunTime:0.000209s ]
[2023-07-13T19:43:09+08:00][sql] CONNECT:[ UseTime:0.000564s ] mysql:host=localhost;port=3316;dbname=coffee;charset=utf8
[2023-07-13T19:43:09+08:00][sql] SHOW FULL COLUMNS FROM `teacher` [ RunTime:0.001327s ]
[2023-07-13T19:43:09+08:00][sql] SELECT `teacher_name`,`teacher_title`,`teacher_avatar`,`detail` FROM `teacher` WHERE  `id` = 2 LIMIT 1 [ RunTime:0.000315s ]
[2023-07-13T19:43:09+08:00][sql] SHOW FULL COLUMNS FROM `course` [ RunTime:0.001103s ]
[2023-07-13T19:43:09+08:00][sql] SELECT * FROM `course` WHERE  `about_instructor` LIKE '%2%' [ RunTime:0.000359s ]
[2023-07-13T19:43:09+08:00][sql] SHOW FULL COLUMNS FROM `address` [ RunTime:0.000920s ]
[2023-07-13T19:43:09+08:00][sql] SELECT * FROM `address` WHERE  `id` = 1 LIMIT 1 [ RunTime:0.000241s ]
[2023-07-13T19:43:09+08:00][sql] SELECT * FROM `address` WHERE  `id` = 2 LIMIT 1 [ RunTime:0.000269s ]
[2023-07-13T19:49:05+08:00][sql] CONNECT:[ UseTime:0.000410s ] mysql:host=localhost;port=3316;dbname=coffee;charset=utf8
[2023-07-13T19:49:05+08:00][sql] SHOW FULL COLUMNS FROM `teacher` [ RunTime:0.001435s ]
[2023-07-13T19:49:05+08:00][sql] SELECT `teacher_name`,`teacher_title`,`teacher_avatar`,`detail` FROM `teacher` WHERE  `id` = 2 LIMIT 1 [ RunTime:0.000247s ]
[2023-07-13T19:49:05+08:00][sql] SHOW FULL COLUMNS FROM `course` [ RunTime:0.001152s ]
[2023-07-13T19:49:05+08:00][sql] SELECT * FROM `course` WHERE  `about_instructor` LIKE '%2%' [ RunTime:0.000384s ]
[2023-07-13T19:49:05+08:00][sql] SHOW FULL COLUMNS FROM `address` [ RunTime:0.000990s ]
[2023-07-13T19:49:05+08:00][sql] SELECT * FROM `address` WHERE  `id` = 1 LIMIT 1 [ RunTime:0.000239s ]
[2023-07-13T19:49:05+08:00][sql] SELECT * FROM `address` WHERE  `id` = 2 LIMIT 1 [ RunTime:0.000258s ]
[2023-07-13T20:01:46+08:00][sql] CONNECT:[ UseTime:0.000477s ] mysql:host=localhost;port=3316;dbname=coffee;charset=utf8
[2023-07-13T20:01:46+08:00][sql] SHOW FULL COLUMNS FROM `teacher` [ RunTime:0.001484s ]
[2023-07-13T20:01:46+08:00][sql] SELECT `teacher_name`,`teacher_title`,`teacher_avatar`,`detail` FROM `teacher` WHERE  `id` = 3 LIMIT 1 [ RunTime:0.000265s ]
[2023-07-13T20:01:46+08:00][sql] SHOW FULL COLUMNS FROM `course` [ RunTime:0.001102s ]
[2023-07-13T20:01:46+08:00][sql] SELECT * FROM `course` WHERE  `about_instructor` LIKE '%3%' [ RunTime:0.000348s ]
[2023-07-13T20:01:46+08:00][sql] SHOW FULL COLUMNS FROM `address` [ RunTime:0.000931s ]
[2023-07-13T20:01:46+08:00][sql] SELECT * FROM `address` WHERE  `id` = 1 LIMIT 1 [ RunTime:0.000263s ]
[2023-07-13T20:01:46+08:00][sql] SELECT * FROM `address` WHERE  `id` = 2 LIMIT 1 [ RunTime:0.000208s ]
[2023-07-13T20:04:53+08:00][sql] CONNECT:[ UseTime:0.000500s ] mysql:host=localhost;port=3316;dbname=coffee;charset=utf8
[2023-07-13T20:04:53+08:00][sql] SHOW FULL COLUMNS FROM `teacher` [ RunTime:0.001903s ]
[2023-07-13T20:04:53+08:00][sql] SELECT `teacher_name`,`teacher_title`,`teacher_avatar`,`detail` FROM `teacher` WHERE  `id` = 3 LIMIT 1 [ RunTime:0.000403s ]
[2023-07-13T20:04:53+08:00][sql] SHOW FULL COLUMNS FROM `course` [ RunTime:0.001860s ]
[2023-07-13T20:04:53+08:00][sql] SELECT * FROM `course` WHERE  `about_instructor` LIKE '%3%' [ RunTime:0.000492s ]
[2023-07-13T20:04:53+08:00][sql] SHOW FULL COLUMNS FROM `address` [ RunTime:0.001158s ]
[2023-07-13T20:04:53+08:00][sql] SELECT * FROM `address` WHERE  `id` = 1 LIMIT 1 [ RunTime:0.000264s ]
[2023-07-13T20:04:53+08:00][sql] SELECT * FROM `address` WHERE  `id` = 2 LIMIT 1 [ RunTime:0.000198s ]
