[2023-07-17T01:45:05+08:00][sql] CONNECT:[ UseTime:0.000391s ] mysql:host=localhost;port=3316;dbname=coffee;charset=utf8
[2023-07-17T01:45:05+08:00][sql] SHOW FULL COLUMNS FROM `teacher` [ RunTime:0.001362s ]
[2023-07-17T01:45:05+08:00][sql] SELECT `id`,`teacher_name`,`teacher_avatar`,`Introduction` FROM `teacher` [ RunTime:0.000223s ]
[2023-07-17T01:45:05+08:00][sql] SHOW FULL COLUMNS FROM `address` [ RunTime:0.000951s ]
[2023-07-17T01:45:05+08:00][sql] SELECT * FROM `address` WHERE  `id` = 1 LIMIT 1 [ RunTime:0.000259s ]
[2023-07-17T01:45:05+08:00][sql] SELECT * FROM `address` WHERE  `id` = 2 LIMIT 1 [ RunTime:0.000230s ]
[2023-07-17T01:50:20+08:00][sql] CONNECT:[ UseTime:0.000555s ] mysql:host=localhost;port=3316;dbname=coffee;charset=utf8
[2023-07-17T01:50:20+08:00][sql] SHOW FULL COLUMNS FROM `teacher` [ RunTime:0.001431s ]
[2023-07-17T01:50:20+08:00][sql] SELECT `id`,`teacher_name`,`teacher_avatar`,`Introduction` FROM `teacher` [ RunTime:0.000294s ]
[2023-07-17T01:50:20+08:00][sql] SHOW FULL COLUMNS FROM `address` [ RunTime:0.001026s ]
[2023-07-17T01:50:20+08:00][sql] SELECT * FROM `address` WHERE  `id` = 1 LIMIT 1 [ RunTime:0.000291s ]
[2023-07-17T01:50:20+08:00][sql] SELECT * FROM `address` WHERE  `id` = 2 LIMIT 1 [ RunTime:0.000215s ]
[2023-07-17T10:42:31+08:00][sql] CONNECT:[ UseTime:0.000484s ] mysql:host=localhost;port=3316;dbname=coffee;charset=utf8
[2023-07-17T10:42:31+08:00][sql] SHOW FULL COLUMNS FROM `teacher` [ RunTime:0.001442s ]
[2023-07-17T10:42:31+08:00][sql] SELECT `teacher_name`,`teacher_title`,`teacher_avatar`,`detail` FROM `teacher` WHERE  `id` = 2 LIMIT 1 [ RunTime:0.000273s ]
[2023-07-17T10:42:31+08:00][sql] SHOW FULL COLUMNS FROM `course` [ RunTime:0.001284s ]
[2023-07-17T10:42:31+08:00][sql] SELECT * FROM `course` WHERE  `about_instructor` LIKE '%2%' [ RunTime:0.000403s ]
[2023-07-17T10:42:31+08:00][sql] SHOW FULL COLUMNS FROM `address` [ RunTime:0.001261s ]
[2023-07-17T10:42:31+08:00][sql] SELECT * FROM `address` WHERE  `id` = 1 LIMIT 1 [ RunTime:0.000438s ]
[2023-07-17T10:42:31+08:00][sql] SELECT * FROM `address` WHERE  `id` = 2 LIMIT 1 [ RunTime:0.000252s ]
[2023-07-17T11:35:49+08:00][sql] CONNECT:[ UseTime:0.000460s ] mysql:host=localhost;port=3316;dbname=coffee;charset=utf8
[2023-07-17T11:35:49+08:00][sql] SHOW FULL COLUMNS FROM `teacher` [ RunTime:0.001486s ]
[2023-07-17T11:35:49+08:00][sql] SELECT `teacher_name`,`teacher_title`,`teacher_avatar`,`detail` FROM `teacher` WHERE  `id` = 2 LIMIT 1 [ RunTime:0.000255s ]
[2023-07-17T11:35:49+08:00][sql] SHOW FULL COLUMNS FROM `course` [ RunTime:0.001108s ]
[2023-07-17T11:35:49+08:00][sql] SELECT * FROM `course` WHERE  `about_instructor` LIKE '%2%' [ RunTime:0.000377s ]
[2023-07-17T11:35:49+08:00][sql] SHOW FULL COLUMNS FROM `address` [ RunTime:0.001484s ]
[2023-07-17T11:35:49+08:00][sql] SELECT * FROM `address` WHERE  `id` = 1 LIMIT 1 [ RunTime:0.000360s ]
[2023-07-17T11:35:49+08:00][sql] SELECT * FROM `address` WHERE  `id` = 2 LIMIT 1 [ RunTime:0.000279s ]
[2023-07-17T22:15:52+08:00][sql] CONNECT:[ UseTime:0.000461s ] mysql:host=localhost;port=3316;dbname=coffee;charset=utf8
[2023-07-17T22:15:52+08:00][sql] SHOW FULL COLUMNS FROM `teacher` [ RunTime:0.001390s ]
[2023-07-17T22:15:52+08:00][sql] SELECT `teacher_name`,`teacher_title`,`teacher_avatar`,`detail` FROM `teacher` WHERE  `id` = 2 LIMIT 1 [ RunTime:0.000296s ]
[2023-07-17T22:15:52+08:00][sql] SHOW FULL COLUMNS FROM `course` [ RunTime:0.001131s ]
[2023-07-17T22:15:52+08:00][sql] SELECT * FROM `course` WHERE  `about_instructor` LIKE '%2%' [ RunTime:0.000363s ]
[2023-07-17T22:15:52+08:00][sql] SHOW FULL COLUMNS FROM `address` [ RunTime:0.000996s ]
[2023-07-17T22:15:52+08:00][sql] SELECT * FROM `address` WHERE  `id` = 1 LIMIT 1 [ RunTime:0.000275s ]
[2023-07-17T22:15:52+08:00][sql] SELECT * FROM `address` WHERE  `id` = 2 LIMIT 1 [ RunTime:0.000226s ]
[2023-07-17T22:33:59+08:00][sql] CONNECT:[ UseTime:0.000441s ] mysql:host=localhost;port=3316;dbname=coffee;charset=utf8
[2023-07-17T22:33:59+08:00][sql] SHOW FULL COLUMNS FROM `teacher` [ RunTime:0.001413s ]
[2023-07-17T22:33:59+08:00][sql] SELECT `teacher_name`,`teacher_title`,`teacher_avatar`,`detail` FROM `teacher` WHERE  `id` = 2 LIMIT 1 [ RunTime:0.000257s ]
[2023-07-17T22:33:59+08:00][sql] SHOW FULL COLUMNS FROM `course` [ RunTime:0.001057s ]
[2023-07-17T22:33:59+08:00][sql] SELECT * FROM `course` WHERE  `about_instructor` LIKE '%2%' [ RunTime:0.000365s ]
[2023-07-17T22:33:59+08:00][sql] SHOW FULL COLUMNS FROM `address` [ RunTime:0.000946s ]
[2023-07-17T22:33:59+08:00][sql] SELECT * FROM `address` WHERE  `id` = 1 LIMIT 1 [ RunTime:0.000258s ]
[2023-07-17T22:33:59+08:00][sql] SELECT * FROM `address` WHERE  `id` = 2 LIMIT 1 [ RunTime:0.000232s ]
[2023-07-17T22:49:38+08:00][sql] CONNECT:[ UseTime:0.000486s ] mysql:host=localhost;port=3316;dbname=coffee;charset=utf8
[2023-07-17T22:49:38+08:00][sql] SHOW FULL COLUMNS FROM `teacher` [ RunTime:0.001912s ]
[2023-07-17T22:49:38+08:00][sql] SELECT `teacher_name`,`teacher_title`,`teacher_avatar`,`detail` FROM `teacher` WHERE  `id` = 2 LIMIT 1 [ RunTime:0.000309s ]
[2023-07-17T22:49:38+08:00][sql] SHOW FULL COLUMNS FROM `course` [ RunTime:0.001651s ]
[2023-07-17T22:49:38+08:00][sql] SELECT * FROM `course` WHERE  `about_instructor` LIKE '%2%' [ RunTime:0.000434s ]
[2023-07-17T22:49:38+08:00][sql] SHOW FULL COLUMNS FROM `address` [ RunTime:0.001420s ]
[2023-07-17T22:49:38+08:00][sql] SELECT * FROM `address` WHERE  `id` = 1 LIMIT 1 [ RunTime:0.000321s ]
[2023-07-17T22:49:38+08:00][sql] SELECT * FROM `address` WHERE  `id` = 2 LIMIT 1 [ RunTime:0.000375s ]
