[2023-07-18T00:10:41+08:00][sql] CONNECT:[ UseTime:0.002197s ] mysql:host=localhost;port=3316;dbname=coffee;charset=utf8
[2023-07-18T00:10:41+08:00][sql] SHOW FULL COLUMNS FROM `teacher` [ RunTime:0.002162s ]
[2023-07-18T00:10:41+08:00][sql] SELECT `id`,`teacher_name`,`teacher_avatar`,`Introduction` FROM `teacher` [ RunTime:0.001438s ]
[2023-07-18T00:10:41+08:00][sql] SHOW FULL COLUMNS FROM `address` [ RunTime:0.008181s ]
[2023-07-18T00:10:41+08:00][sql] SELECT * FROM `address` WHERE  `id` = 1 LIMIT 1 [ RunTime:0.000393s ]
[2023-07-18T00:10:41+08:00][sql] SELECT * FROM `address` WHERE  `id` = 2 LIMIT 1 [ RunTime:0.000212s ]
[2023-07-18T00:10:41+08:00][sql] CONNECT:[ UseTime:0.000292s ] mysql:host=localhost;port=3316;dbname=coffee;charset=utf8
[2023-07-18T00:10:41+08:00][sql] SHOW FULL COLUMNS FROM `teacher` [ RunTime:0.001421s ]
[2023-07-18T00:10:41+08:00][sql] SELECT `teacher_name`,`teacher_title`,`teacher_avatar`,`detail` FROM `teacher` WHERE  `id` = 1 LIMIT 1 [ RunTime:0.000299s ]
[2023-07-18T00:10:41+08:00][sql] SHOW FULL COLUMNS FROM `course` [ RunTime:0.001212s ]
[2023-07-18T00:10:41+08:00][sql] SELECT * FROM `course` WHERE  `about_instructor` LIKE '%1%' [ RunTime:0.000404s ]
[2023-07-18T00:10:41+08:00][sql] SHOW FULL COLUMNS FROM `address` [ RunTime:0.001140s ]
[2023-07-18T00:10:41+08:00][sql] SELECT * FROM `address` WHERE  `id` = 1 LIMIT 1 [ RunTime:0.000284s ]
[2023-07-18T00:10:41+08:00][sql] SELECT * FROM `address` WHERE  `id` = 2 LIMIT 1 [ RunTime:0.000218s ]
[2023-07-18T00:10:41+08:00][sql] CONNECT:[ UseTime:0.000401s ] mysql:host=localhost;port=3316;dbname=coffee;charset=utf8
[2023-07-18T00:10:41+08:00][sql] SHOW FULL COLUMNS FROM `teacher` [ RunTime:0.001738s ]
[2023-07-18T00:10:41+08:00][sql] SELECT `teacher_name`,`teacher_title`,`teacher_avatar`,`detail` FROM `teacher` WHERE  `id` = 3 LIMIT 1 [ RunTime:0.000384s ]
[2023-07-18T00:10:41+08:00][sql] SHOW FULL COLUMNS FROM `course` [ RunTime:0.001462s ]
[2023-07-18T00:10:41+08:00][sql] SELECT * FROM `course` WHERE  `about_instructor` LIKE '%3%' [ RunTime:0.000434s ]
[2023-07-18T00:10:41+08:00][sql] SHOW FULL COLUMNS FROM `address` [ RunTime:0.001082s ]
[2023-07-18T00:10:41+08:00][sql] SELECT * FROM `address` WHERE  `id` = 1 LIMIT 1 [ RunTime:0.000275s ]
[2023-07-18T00:10:41+08:00][sql] SELECT * FROM `address` WHERE  `id` = 2 LIMIT 1 [ RunTime:0.000226s ]
[2023-07-18T00:25:44+08:00][sql] CONNECT:[ UseTime:0.000429s ] mysql:host=localhost;port=3316;dbname=coffee;charset=utf8
[2023-07-18T00:25:44+08:00][sql] SHOW FULL COLUMNS FROM `teacher` [ RunTime:0.001488s ]
[2023-07-18T00:25:44+08:00][sql] SELECT `teacher_name`,`teacher_title`,`teacher_avatar`,`detail` FROM `teacher` WHERE  `id` = 1 LIMIT 1 [ RunTime:0.000261s ]
[2023-07-18T00:25:44+08:00][sql] SHOW FULL COLUMNS FROM `course` [ RunTime:0.001222s ]
[2023-07-18T00:25:44+08:00][sql] SELECT * FROM `course` WHERE  `about_instructor` LIKE '%1%' [ RunTime:0.000447s ]
[2023-07-18T00:25:44+08:00][sql] SHOW FULL COLUMNS FROM `address` [ RunTime:0.000978s ]
[2023-07-18T00:25:44+08:00][sql] SELECT * FROM `address` WHERE  `id` = 1 LIMIT 1 [ RunTime:0.000248s ]
[2023-07-18T00:25:44+08:00][sql] SELECT * FROM `address` WHERE  `id` = 2 LIMIT 1 [ RunTime:0.000207s ]
[2023-07-18T00:26:19+08:00][sql] CONNECT:[ UseTime:0.000417s ] mysql:host=localhost;port=3316;dbname=coffee;charset=utf8
[2023-07-18T00:26:19+08:00][sql] SHOW FULL COLUMNS FROM `teacher` [ RunTime:0.001449s ]
[2023-07-18T00:26:19+08:00][sql] SELECT `teacher_name`,`teacher_title`,`teacher_avatar`,`detail` FROM `teacher` WHERE  `id` = 3 LIMIT 1 [ RunTime:0.000285s ]
[2023-07-18T00:26:19+08:00][sql] SHOW FULL COLUMNS FROM `course` [ RunTime:0.001223s ]
[2023-07-18T00:26:19+08:00][sql] SELECT * FROM `course` WHERE  `about_instructor` LIKE '%3%' [ RunTime:0.000380s ]
[2023-07-18T00:26:19+08:00][sql] SHOW FULL COLUMNS FROM `address` [ RunTime:0.001091s ]
[2023-07-18T00:26:19+08:00][sql] SELECT * FROM `address` WHERE  `id` = 1 LIMIT 1 [ RunTime:0.000250s ]
[2023-07-18T00:26:19+08:00][sql] SELECT * FROM `address` WHERE  `id` = 2 LIMIT 1 [ RunTime:0.000231s ]
[2023-07-18T00:29:41+08:00][sql] CONNECT:[ UseTime:0.000443s ] mysql:host=localhost;port=3316;dbname=coffee;charset=utf8
[2023-07-18T00:29:41+08:00][sql] SHOW FULL COLUMNS FROM `teacher` [ RunTime:0.001611s ]
[2023-07-18T00:29:41+08:00][sql] SELECT `id`,`teacher_name`,`teacher_avatar`,`Introduction` FROM `teacher` [ RunTime:0.000247s ]
[2023-07-18T00:29:41+08:00][sql] SHOW FULL COLUMNS FROM `address` [ RunTime:0.001183s ]
[2023-07-18T00:29:41+08:00][sql] SELECT * FROM `address` WHERE  `id` = 1 LIMIT 1 [ RunTime:0.000251s ]
[2023-07-18T00:29:41+08:00][sql] SELECT * FROM `address` WHERE  `id` = 2 LIMIT 1 [ RunTime:0.000191s ]
[2023-07-18T02:04:56+08:00][sql] CONNECT:[ UseTime:0.000603s ] mysql:host=localhost;port=3316;dbname=coffee;charset=utf8
[2023-07-18T02:04:56+08:00][sql] SHOW FULL COLUMNS FROM `teacher` [ RunTime:0.001477s ]
[2023-07-18T02:04:56+08:00][sql] SELECT `teacher_name`,`teacher_title`,`teacher_avatar`,`detail` FROM `teacher` WHERE  `id` = 2 LIMIT 1 [ RunTime:0.000448s ]
[2023-07-18T02:04:56+08:00][sql] SHOW FULL COLUMNS FROM `course` [ RunTime:0.001303s ]
[2023-07-18T02:04:56+08:00][sql] SELECT * FROM `course` WHERE  `about_instructor` LIKE '%2%' [ RunTime:0.000413s ]
[2023-07-18T02:04:56+08:00][sql] SHOW FULL COLUMNS FROM `address` [ RunTime:0.001210s ]
[2023-07-18T02:04:56+08:00][sql] SELECT * FROM `address` WHERE  `id` = 1 LIMIT 1 [ RunTime:0.000321s ]
[2023-07-18T02:04:56+08:00][sql] SELECT * FROM `address` WHERE  `id` = 2 LIMIT 1 [ RunTime:0.000349s ]
[2023-07-18T04:40:45+08:00][sql] CONNECT:[ UseTime:0.000392s ] mysql:host=localhost;port=3316;dbname=coffee;charset=utf8
[2023-07-18T04:40:45+08:00][sql] SHOW FULL COLUMNS FROM `teacher` [ RunTime:0.001268s ]
[2023-07-18T04:40:45+08:00][sql] SELECT `id`,`teacher_name`,`teacher_avatar`,`Introduction` FROM `teacher` [ RunTime:0.000223s ]
[2023-07-18T04:40:45+08:00][sql] SHOW FULL COLUMNS FROM `address` [ RunTime:0.000997s ]
[2023-07-18T04:40:45+08:00][sql] SELECT * FROM `address` WHERE  `id` = 1 LIMIT 1 [ RunTime:0.000270s ]
[2023-07-18T04:40:45+08:00][sql] SELECT * FROM `address` WHERE  `id` = 2 LIMIT 1 [ RunTime:0.000204s ]
[2023-07-18T04:48:30+08:00][sql] CONNECT:[ UseTime:0.000461s ] mysql:host=localhost;port=3316;dbname=coffee;charset=utf8
[2023-07-18T04:48:30+08:00][sql] SHOW FULL COLUMNS FROM `teacher` [ RunTime:0.001399s ]
[2023-07-18T04:48:30+08:00][sql] SELECT `id`,`teacher_name`,`teacher_avatar`,`Introduction` FROM `teacher` [ RunTime:0.000259s ]
[2023-07-18T04:48:30+08:00][sql] SHOW FULL COLUMNS FROM `address` [ RunTime:0.001099s ]
[2023-07-18T04:48:30+08:00][sql] SELECT * FROM `address` WHERE  `id` = 1 LIMIT 1 [ RunTime:0.000247s ]
[2023-07-18T04:48:30+08:00][sql] SELECT * FROM `address` WHERE  `id` = 2 LIMIT 1 [ RunTime:0.000230s ]
[2023-07-18T10:52:22+08:00][sql] CONNECT:[ UseTime:0.000546s ] mysql:host=localhost;port=3316;dbname=coffee;charset=utf8
[2023-07-18T10:52:22+08:00][sql] SHOW FULL COLUMNS FROM `teacher` [ RunTime:0.001837s ]
[2023-07-18T10:52:22+08:00][sql] SELECT `teacher_name`,`teacher_title`,`teacher_avatar`,`detail` FROM `teacher` WHERE  `id` = 1 LIMIT 1 [ RunTime:0.000347s ]
[2023-07-18T10:52:22+08:00][sql] SHOW FULL COLUMNS FROM `course` [ RunTime:0.001872s ]
[2023-07-18T10:52:22+08:00][sql] SELECT * FROM `course` WHERE  `about_instructor` LIKE '%1%' [ RunTime:0.000494s ]
[2023-07-18T10:52:22+08:00][sql] SHOW FULL COLUMNS FROM `address` [ RunTime:0.001299s ]
[2023-07-18T10:52:22+08:00][sql] SELECT * FROM `address` WHERE  `id` = 1 LIMIT 1 [ RunTime:0.000361s ]
[2023-07-18T10:52:22+08:00][sql] SELECT * FROM `address` WHERE  `id` = 2 LIMIT 1 [ RunTime:0.000215s ]
[2023-07-18T10:58:12+08:00][sql] CONNECT:[ UseTime:0.000468s ] mysql:host=localhost;port=3316;dbname=coffee;charset=utf8
[2023-07-18T10:58:12+08:00][sql] SHOW FULL COLUMNS FROM `teacher` [ RunTime:0.001966s ]
[2023-07-18T10:58:12+08:00][sql] SELECT `teacher_name`,`teacher_title`,`teacher_avatar`,`detail` FROM `teacher` WHERE  `id` = 1 LIMIT 1 [ RunTime:0.000337s ]
[2023-07-18T10:58:12+08:00][sql] SHOW FULL COLUMNS FROM `course` [ RunTime:0.001779s ]
[2023-07-18T10:58:12+08:00][sql] SELECT * FROM `course` WHERE  `about_instructor` LIKE '%1%' [ RunTime:0.000593s ]
[2023-07-18T10:58:12+08:00][sql] SHOW FULL COLUMNS FROM `address` [ RunTime:0.001247s ]
[2023-07-18T10:58:12+08:00][sql] SELECT * FROM `address` WHERE  `id` = 1 LIMIT 1 [ RunTime:0.000272s ]
[2023-07-18T10:58:12+08:00][sql] SELECT * FROM `address` WHERE  `id` = 2 LIMIT 1 [ RunTime:0.000207s ]
[2023-07-18T11:45:03+08:00][sql] CONNECT:[ UseTime:0.000499s ] mysql:host=localhost;port=3316;dbname=coffee;charset=utf8
[2023-07-18T11:45:03+08:00][sql] SHOW FULL COLUMNS FROM `teacher` [ RunTime:0.001640s ]
[2023-07-18T11:45:03+08:00][sql] SELECT `id`,`teacher_name`,`teacher_avatar`,`Introduction` FROM `teacher` [ RunTime:0.000268s ]
[2023-07-18T11:45:03+08:00][sql] SHOW FULL COLUMNS FROM `address` [ RunTime:0.001241s ]
[2023-07-18T11:45:03+08:00][sql] SELECT * FROM `address` WHERE  `id` = 1 LIMIT 1 [ RunTime:0.000284s ]
[2023-07-18T11:45:03+08:00][sql] SELECT * FROM `address` WHERE  `id` = 2 LIMIT 1 [ RunTime:0.000262s ]
[2023-07-18T12:15:01+08:00][sql] CONNECT:[ UseTime:0.000489s ] mysql:host=localhost;port=3316;dbname=coffee;charset=utf8
[2023-07-18T12:15:01+08:00][sql] SHOW FULL COLUMNS FROM `teacher` [ RunTime:0.001580s ]
[2023-07-18T12:15:01+08:00][sql] SELECT `teacher_name`,`teacher_title`,`teacher_avatar`,`detail` FROM `teacher` WHERE  `id` = 2 LIMIT 1 [ RunTime:0.000397s ]
[2023-07-18T12:15:01+08:00][sql] SHOW FULL COLUMNS FROM `course` [ RunTime:0.001472s ]
[2023-07-18T12:15:01+08:00][sql] SELECT * FROM `course` WHERE  `about_instructor` LIKE '%2%' [ RunTime:0.000465s ]
[2023-07-18T12:15:01+08:00][sql] SHOW FULL COLUMNS FROM `address` [ RunTime:0.001372s ]
[2023-07-18T12:15:01+08:00][sql] SELECT * FROM `address` WHERE  `id` = 1 LIMIT 1 [ RunTime:0.000286s ]
[2023-07-18T12:15:01+08:00][sql] SELECT * FROM `address` WHERE  `id` = 2 LIMIT 1 [ RunTime:0.000216s ]
[2023-07-18T12:33:48+08:00][sql] CONNECT:[ UseTime:0.000507s ] mysql:host=localhost;port=3316;dbname=coffee;charset=utf8
[2023-07-18T12:33:48+08:00][sql] SHOW FULL COLUMNS FROM `teacher` [ RunTime:0.001515s ]
[2023-07-18T12:33:48+08:00][sql] SELECT `teacher_name`,`teacher_title`,`teacher_avatar`,`detail` FROM `teacher` WHERE  `id` = 2 LIMIT 1 [ RunTime:0.000276s ]
[2023-07-18T12:33:48+08:00][sql] SHOW FULL COLUMNS FROM `course` [ RunTime:0.001100s ]
[2023-07-18T12:33:48+08:00][sql] SELECT * FROM `course` WHERE  `about_instructor` LIKE '%2%' [ RunTime:0.000366s ]
[2023-07-18T12:33:48+08:00][sql] SHOW FULL COLUMNS FROM `address` [ RunTime:0.001256s ]
[2023-07-18T12:33:48+08:00][sql] SELECT * FROM `address` WHERE  `id` = 1 LIMIT 1 [ RunTime:0.000271s ]
[2023-07-18T12:33:48+08:00][sql] SELECT * FROM `address` WHERE  `id` = 2 LIMIT 1 [ RunTime:0.000225s ]
