[2023-07-23T16:39:21+08:00][sql] CONNECT:[ UseTime:0.000476s ] mysql:host=localhost;port=3316;dbname=coffee;charset=utf8
[2023-07-23T16:39:21+08:00][sql] SHOW FULL COLUMNS FROM `teacher` [ RunTime:0.001636s ]
[2023-07-23T16:39:21+08:00][sql] SELECT `teacher_name`,`teacher_title`,`teacher_avatar`,`detail` FROM `teacher` WHERE  `id` = 1 LIMIT 1 [ RunTime:0.000275s ]
[2023-07-23T16:39:21+08:00][sql] SHOW FULL COLUMNS FROM `course` [ RunTime:0.001069s ]
[2023-07-23T16:39:21+08:00][sql] SELECT * FROM `course` WHERE  `about_instructor` LIKE '%1%' [ RunTime:0.000391s ]
[2023-07-23T16:39:21+08:00][sql] SHOW FULL COLUMNS FROM `address` [ RunTime:0.001193s ]
[2023-07-23T16:39:21+08:00][sql] SELECT * FROM `address` WHERE  `id` = 1 LIMIT 1 [ RunTime:0.000461s ]
[2023-07-23T16:39:21+08:00][sql] SELECT * FROM `address` WHERE  `id` = 2 LIMIT 1 [ RunTime:0.000228s ]
[2023-07-23T16:48:38+08:00][sql] CONNECT:[ UseTime:0.000485s ] mysql:host=localhost;port=3316;dbname=coffee;charset=utf8
[2023-07-23T16:48:38+08:00][sql] SHOW FULL COLUMNS FROM `teacher` [ RunTime:0.001387s ]
[2023-07-23T16:48:38+08:00][sql] SELECT `teacher_name`,`teacher_title`,`teacher_avatar`,`detail` FROM `teacher` WHERE  `id` = 1 LIMIT 1 [ RunTime:0.000286s ]
[2023-07-23T16:48:38+08:00][sql] SHOW FULL COLUMNS FROM `course` [ RunTime:0.001155s ]
[2023-07-23T16:48:38+08:00][sql] SELECT * FROM `course` WHERE  `about_instructor` LIKE '%1%' [ RunTime:0.000410s ]
[2023-07-23T16:48:38+08:00][sql] SHOW FULL COLUMNS FROM `address` [ RunTime:0.001210s ]
[2023-07-23T16:48:38+08:00][sql] SELECT * FROM `address` WHERE  `id` = 1 LIMIT 1 [ RunTime:0.000316s ]
[2023-07-23T16:48:38+08:00][sql] SELECT * FROM `address` WHERE  `id` = 2 LIMIT 1 [ RunTime:0.000266s ]
[2023-07-23T22:35:09+08:00][sql] CONNECT:[ UseTime:0.000451s ] mysql:host=localhost;port=3316;dbname=coffee;charset=utf8
[2023-07-23T22:35:09+08:00][sql] SHOW FULL COLUMNS FROM `teacher` [ RunTime:0.001395s ]
[2023-07-23T22:35:09+08:00][sql] SELECT `teacher_name`,`teacher_title`,`teacher_avatar`,`detail` FROM `teacher` WHERE  `id` = 3 LIMIT 1 [ RunTime:0.000265s ]
[2023-07-23T22:35:09+08:00][sql] SHOW FULL COLUMNS FROM `course` [ RunTime:0.001117s ]
[2023-07-23T22:35:09+08:00][sql] SELECT * FROM `course` WHERE  `about_instructor` LIKE '%3%' [ RunTime:0.000328s ]
[2023-07-23T22:35:09+08:00][sql] SHOW FULL COLUMNS FROM `address` [ RunTime:0.000949s ]
[2023-07-23T22:35:09+08:00][sql] SELECT * FROM `address` WHERE  `id` = 1 LIMIT 1 [ RunTime:0.000264s ]
[2023-07-23T22:35:09+08:00][sql] SELECT * FROM `address` WHERE  `id` = 2 LIMIT 1 [ RunTime:0.000226s ]
[2023-07-23T23:02:18+08:00][sql] CONNECT:[ UseTime:0.000533s ] mysql:host=localhost;port=3316;dbname=coffee;charset=utf8
[2023-07-23T23:02:18+08:00][sql] SHOW FULL COLUMNS FROM `teacher` [ RunTime:0.001602s ]
[2023-07-23T23:02:18+08:00][sql] SELECT `teacher_name`,`teacher_title`,`teacher_avatar`,`detail` FROM `teacher` WHERE  `id` = 3 LIMIT 1 [ RunTime:0.000303s ]
[2023-07-23T23:02:18+08:00][sql] SHOW FULL COLUMNS FROM `course` [ RunTime:0.001278s ]
[2023-07-23T23:02:18+08:00][sql] SELECT * FROM `course` WHERE  `about_instructor` LIKE '%3%' [ RunTime:0.000333s ]
[2023-07-23T23:02:18+08:00][sql] SHOW FULL COLUMNS FROM `address` [ RunTime:0.001122s ]
[2023-07-23T23:02:18+08:00][sql] SELECT * FROM `address` WHERE  `id` = 1 LIMIT 1 [ RunTime:0.000376s ]
[2023-07-23T23:02:18+08:00][sql] SELECT * FROM `address` WHERE  `id` = 2 LIMIT 1 [ RunTime:0.000309s ]
