[2023-01-01T02:39:54+08:00][sql] CONNECT:[ UseTime:0.000481s ] mysql:host=localhost;port=3316;dbname=coffee;charset=utf8
[2023-01-01T02:39:54+08:00][sql] SHOW FULL COLUMNS FROM `information` [ RunTime:0.001750s ]
[2023-01-01T02:39:54+08:00][sql] SELECT * FROM `information` WHERE  `id` = 10 LIMIT 1 [ RunTime:0.000280s ]
[2023-01-01T02:39:54+08:00][sql] SHOW FULL COLUMNS FROM `address` [ RunTime:0.000963s ]
[2023-01-01T02:39:54+08:00][sql] SELECT * FROM `address` WHERE  `id` = 1 LIMIT 1 [ RunTime:0.000231s ]
[2023-01-01T02:39:54+08:00][sql] SELECT * FROM `address` WHERE  `id` = 2 LIMIT 1 [ RunTime:0.000235s ]
[2023-01-01T02:40:19+08:00][sql] CONNECT:[ UseTime:0.000379s ] mysql:host=localhost;port=3316;dbname=coffee;charset=utf8
[2023-01-01T02:40:19+08:00][sql] SHOW FULL COLUMNS FROM `information` [ RunTime:0.001276s ]
[2023-01-01T02:40:19+08:00][sql] SELECT * FROM `information` WHERE  `id` = 8 LIMIT 1 [ RunTime:0.000335s ]
[2023-01-01T02:40:19+08:00][sql] SHOW FULL COLUMNS FROM `address` [ RunTime:0.000946s ]
[2023-01-01T02:40:19+08:00][sql] SELECT * FROM `address` WHERE  `id` = 1 LIMIT 1 [ RunTime:0.000275s ]
[2023-01-01T02:40:19+08:00][sql] SELECT * FROM `address` WHERE  `id` = 2 LIMIT 1 [ RunTime:0.000248s ]
[2023-01-01T02:41:29+08:00][sql] CONNECT:[ UseTime:0.000371s ] mysql:host=localhost;port=3316;dbname=coffee;charset=utf8
[2023-01-01T02:41:29+08:00][sql] SHOW FULL COLUMNS FROM `information` [ RunTime:0.001340s ]
[2023-01-01T02:41:29+08:00][sql] SELECT * FROM `information` WHERE  `id` = 7 LIMIT 1 [ RunTime:0.000271s ]
[2023-01-01T02:41:29+08:00][sql] SHOW FULL COLUMNS FROM `address` [ RunTime:0.000886s ]
[2023-01-01T02:41:29+08:00][sql] SELECT * FROM `address` WHERE  `id` = 1 LIMIT 1 [ RunTime:0.000239s ]
[2023-01-01T02:41:29+08:00][sql] SELECT * FROM `address` WHERE  `id` = 2 LIMIT 1 [ RunTime:0.000200s ]
[2023-01-01T02:41:55+08:00][sql] CONNECT:[ UseTime:0.000396s ] mysql:host=localhost;port=3316;dbname=coffee;charset=utf8
[2023-01-01T02:41:55+08:00][sql] SHOW FULL COLUMNS FROM `information` [ RunTime:0.001296s ]
[2023-01-01T02:41:55+08:00][sql] SELECT * FROM `information` WHERE  `id` = 6 LIMIT 1 [ RunTime:0.000305s ]
[2023-01-01T02:41:55+08:00][sql] SHOW FULL COLUMNS FROM `address` [ RunTime:0.000947s ]
[2023-01-01T02:41:55+08:00][sql] SELECT * FROM `address` WHERE  `id` = 1 LIMIT 1 [ RunTime:0.000273s ]
[2023-01-01T02:41:55+08:00][sql] SELECT * FROM `address` WHERE  `id` = 2 LIMIT 1 [ RunTime:0.000242s ]
[2023-01-01T02:42:17+08:00][sql] CONNECT:[ UseTime:0.000408s ] mysql:host=localhost;port=3316;dbname=coffee;charset=utf8
[2023-01-01T02:42:17+08:00][sql] SHOW FULL COLUMNS FROM `information` [ RunTime:0.001265s ]
[2023-01-01T02:42:17+08:00][sql] SELECT * FROM `information` WHERE  `id` = 3 LIMIT 1 [ RunTime:0.000343s ]
[2023-01-01T02:42:17+08:00][sql] SHOW FULL COLUMNS FROM `address` [ RunTime:0.000955s ]
[2023-01-01T02:42:17+08:00][sql] SELECT * FROM `address` WHERE  `id` = 1 LIMIT 1 [ RunTime:0.000271s ]
[2023-01-01T02:42:17+08:00][sql] SELECT * FROM `address` WHERE  `id` = 2 LIMIT 1 [ RunTime:0.000254s ]
[2023-01-01T02:42:41+08:00][sql] CONNECT:[ UseTime:0.000377s ] mysql:host=localhost;port=3316;dbname=coffee;charset=utf8
[2023-01-01T02:42:41+08:00][sql] SHOW FULL COLUMNS FROM `information` [ RunTime:0.001560s ]
[2023-01-01T02:42:41+08:00][sql] SELECT * FROM `information` WHERE  `id` = 17 LIMIT 1 [ RunTime:0.000286s ]
[2023-01-01T02:42:41+08:00][sql] SHOW FULL COLUMNS FROM `address` [ RunTime:0.001233s ]
[2023-01-01T02:42:41+08:00][sql] SELECT * FROM `address` WHERE  `id` = 1 LIMIT 1 [ RunTime:0.000260s ]
[2023-01-01T02:42:41+08:00][sql] SELECT * FROM `address` WHERE  `id` = 2 LIMIT 1 [ RunTime:0.000220s ]
[2023-01-01T02:43:06+08:00][sql] CONNECT:[ UseTime:0.000424s ] mysql:host=localhost;port=3316;dbname=coffee;charset=utf8
[2023-01-01T02:43:06+08:00][sql] SHOW FULL COLUMNS FROM `information` [ RunTime:0.001318s ]
[2023-01-01T02:43:06+08:00][sql] SELECT * FROM `information` WHERE  `id` = 5 LIMIT 1 [ RunTime:0.000313s ]
[2023-01-01T02:43:06+08:00][sql] SHOW FULL COLUMNS FROM `address` [ RunTime:0.000974s ]
[2023-01-01T02:43:06+08:00][sql] SELECT * FROM `address` WHERE  `id` = 1 LIMIT 1 [ RunTime:0.000276s ]
[2023-01-01T02:43:06+08:00][sql] SELECT * FROM `address` WHERE  `id` = 2 LIMIT 1 [ RunTime:0.000246s ]
[2023-01-01T02:43:55+08:00][sql] CONNECT:[ UseTime:0.000446s ] mysql:host=localhost;port=3316;dbname=coffee;charset=utf8
[2023-01-01T02:43:55+08:00][sql] SHOW FULL COLUMNS FROM `information` [ RunTime:0.001349s ]
[2023-01-01T02:43:55+08:00][sql] SELECT * FROM `information` ORDER BY `time` DESC LIMIT 1 [ RunTime:0.000304s ]
[2023-01-01T02:43:55+08:00][sql] SHOW FULL COLUMNS FROM `topic` [ RunTime:0.001010s ]
[2023-01-01T02:43:55+08:00][sql] SELECT * FROM `topic` [ RunTime:0.000198s ]
[2023-01-01T02:43:55+08:00][sql] SELECT * FROM `information` ORDER BY `time` DESC [ RunTime:0.000839s ]
[2023-01-01T02:43:55+08:00][sql] SHOW FULL COLUMNS FROM `address` [ RunTime:0.000905s ]
[2023-01-01T02:43:55+08:00][sql] SELECT * FROM `address` WHERE  `id` = 1 LIMIT 1 [ RunTime:0.000274s ]
[2023-01-01T02:43:55+08:00][sql] SELECT * FROM `address` WHERE  `id` = 2 LIMIT 1 [ RunTime:0.000241s ]
[2023-01-01T02:44:21+08:00][sql] CONNECT:[ UseTime:0.000406s ] mysql:host=localhost;port=3316;dbname=coffee;charset=utf8
[2023-01-01T02:44:21+08:00][sql] SHOW FULL COLUMNS FROM `information` [ RunTime:0.001348s ]
[2023-01-01T02:44:21+08:00][sql] SELECT * FROM `information` WHERE  `id` = 10 LIMIT 1 [ RunTime:0.000316s ]
[2023-01-01T02:44:21+08:00][sql] SHOW FULL COLUMNS FROM `address` [ RunTime:0.000946s ]
[2023-01-01T02:44:21+08:00][sql] SELECT * FROM `address` WHERE  `id` = 1 LIMIT 1 [ RunTime:0.000287s ]
[2023-01-01T02:44:21+08:00][sql] SELECT * FROM `address` WHERE  `id` = 2 LIMIT 1 [ RunTime:0.000243s ]
[2023-01-01T02:44:27+08:00][sql] CONNECT:[ UseTime:0.004907s ] mysql:host=localhost;port=3316;dbname=coffee;charset=utf8
[2023-01-01T02:44:27+08:00][sql] SHOW FULL COLUMNS FROM `information` [ RunTime:0.001297s ]
[2023-01-01T02:44:27+08:00][sql] SELECT * FROM `information` WHERE  `id` = 7 LIMIT 1 [ RunTime:0.000291s ]
[2023-01-01T02:44:27+08:00][sql] SHOW FULL COLUMNS FROM `address` [ RunTime:0.000935s ]
[2023-01-01T02:44:27+08:00][sql] SELECT * FROM `address` WHERE  `id` = 1 LIMIT 1 [ RunTime:0.000285s ]
[2023-01-01T02:44:27+08:00][sql] SELECT * FROM `address` WHERE  `id` = 2 LIMIT 1 [ RunTime:0.000220s ]
[2023-01-01T02:45:30+08:00][sql] CONNECT:[ UseTime:0.000383s ] mysql:host=localhost;port=3316;dbname=coffee;charset=utf8
[2023-01-01T02:45:30+08:00][sql] SHOW FULL COLUMNS FROM `information` [ RunTime:0.001226s ]
[2023-01-01T02:45:30+08:00][sql] SELECT * FROM `information` WHERE  `id` = 4 LIMIT 1 [ RunTime:0.000265s ]
[2023-01-01T02:45:30+08:00][sql] SHOW FULL COLUMNS FROM `address` [ RunTime:0.000867s ]
[2023-01-01T02:45:30+08:00][sql] SELECT * FROM `address` WHERE  `id` = 1 LIMIT 1 [ RunTime:0.000226s ]
[2023-01-01T02:45:30+08:00][sql] SELECT * FROM `address` WHERE  `id` = 2 LIMIT 1 [ RunTime:0.000205s ]
[2023-01-01T02:46:19+08:00][sql] CONNECT:[ UseTime:0.000424s ] mysql:host=localhost;port=3316;dbname=coffee;charset=utf8
[2023-01-01T02:46:19+08:00][sql] SHOW FULL COLUMNS FROM `information` [ RunTime:0.001726s ]
[2023-01-01T02:46:19+08:00][sql] SELECT * FROM `information` ORDER BY `time` DESC LIMIT 1 [ RunTime:0.000360s ]
[2023-01-01T02:46:19+08:00][sql] SHOW FULL COLUMNS FROM `topic` [ RunTime:0.001060s ]
[2023-01-01T02:46:19+08:00][sql] SELECT * FROM `topic` [ RunTime:0.000211s ]
[2023-01-01T02:46:19+08:00][sql] SELECT * FROM `information` WHERE  `topic_id` = 2 [ RunTime:0.000471s ]
[2023-01-01T02:46:19+08:00][sql] SHOW FULL COLUMNS FROM `address` [ RunTime:0.001149s ]
[2023-01-01T02:46:19+08:00][sql] SELECT * FROM `address` WHERE  `id` = 1 LIMIT 1 [ RunTime:0.000263s ]
[2023-01-01T02:46:19+08:00][sql] SELECT * FROM `address` WHERE  `id` = 2 LIMIT 1 [ RunTime:0.000231s ]
[2023-01-01T02:47:06+08:00][sql] CONNECT:[ UseTime:0.000425s ] mysql:host=localhost;port=3316;dbname=coffee;charset=utf8
[2023-01-01T02:47:06+08:00][sql] SHOW FULL COLUMNS FROM `information` [ RunTime:0.001287s ]
[2023-01-01T02:47:06+08:00][sql] SELECT * FROM `information` WHERE  `id` = 19 LIMIT 1 [ RunTime:0.000283s ]
[2023-01-01T02:47:06+08:00][sql] SHOW FULL COLUMNS FROM `address` [ RunTime:0.001322s ]
[2023-01-01T02:47:06+08:00][sql] SELECT * FROM `address` WHERE  `id` = 1 LIMIT 1 [ RunTime:0.000293s ]
[2023-01-01T02:47:06+08:00][sql] SELECT * FROM `address` WHERE  `id` = 2 LIMIT 1 [ RunTime:0.000219s ]
[2023-01-01T02:47:54+08:00][sql] CONNECT:[ UseTime:0.000421s ] mysql:host=localhost;port=3316;dbname=coffee;charset=utf8
[2023-01-01T02:47:54+08:00][sql] SHOW FULL COLUMNS FROM `information` [ RunTime:0.001247s ]
[2023-01-01T02:47:54+08:00][sql] SELECT * FROM `information` WHERE  `id` = 15 LIMIT 1 [ RunTime:0.000316s ]
[2023-01-01T02:47:54+08:00][sql] SHOW FULL COLUMNS FROM `address` [ RunTime:0.000950s ]
[2023-01-01T02:47:54+08:00][sql] SELECT * FROM `address` WHERE  `id` = 1 LIMIT 1 [ RunTime:0.000318s ]
[2023-01-01T02:47:54+08:00][sql] SELECT * FROM `address` WHERE  `id` = 2 LIMIT 1 [ RunTime:0.000246s ]
[2023-01-01T02:48:43+08:00][sql] CONNECT:[ UseTime:0.000379s ] mysql:host=localhost;port=3316;dbname=coffee;charset=utf8
[2023-01-01T02:48:43+08:00][sql] SHOW FULL COLUMNS FROM `information` [ RunTime:0.001325s ]
[2023-01-01T02:48:43+08:00][sql] SELECT * FROM `information` WHERE  `id` = 18 LIMIT 1 [ RunTime:0.000312s ]
[2023-01-01T02:48:43+08:00][sql] SHOW FULL COLUMNS FROM `address` [ RunTime:0.000959s ]
[2023-01-01T02:48:43+08:00][sql] SELECT * FROM `address` WHERE  `id` = 1 LIMIT 1 [ RunTime:0.000263s ]
[2023-01-01T02:48:43+08:00][sql] SELECT * FROM `address` WHERE  `id` = 2 LIMIT 1 [ RunTime:0.000217s ]
[2023-01-01T02:49:07+08:00][sql] CONNECT:[ UseTime:0.000369s ] mysql:host=localhost;port=3316;dbname=coffee;charset=utf8
[2023-01-01T02:49:07+08:00][sql] SHOW FULL COLUMNS FROM `information` [ RunTime:0.001254s ]
[2023-01-01T02:49:07+08:00][sql] SELECT * FROM `information` WHERE  `id` = 16 LIMIT 1 [ RunTime:0.000270s ]
[2023-01-01T02:49:07+08:00][sql] SHOW FULL COLUMNS FROM `address` [ RunTime:0.000915s ]
[2023-01-01T02:49:07+08:00][sql] SELECT * FROM `address` WHERE  `id` = 1 LIMIT 1 [ RunTime:0.000254s ]
[2023-01-01T02:49:07+08:00][sql] SELECT * FROM `address` WHERE  `id` = 2 LIMIT 1 [ RunTime:0.000203s ]
[2023-01-01T02:49:22+08:00][sql] CONNECT:[ UseTime:0.000351s ] mysql:host=localhost;port=3316;dbname=coffee;charset=utf8
[2023-01-01T02:49:22+08:00][sql] SHOW FULL COLUMNS FROM `information` [ RunTime:0.001251s ]
[2023-01-01T02:49:22+08:00][sql] SELECT * FROM `information` WHERE  `id` = 4 LIMIT 1 [ RunTime:0.000297s ]
[2023-01-01T02:49:22+08:00][sql] SHOW FULL COLUMNS FROM `address` [ RunTime:0.000890s ]
[2023-01-01T02:49:22+08:00][sql] SELECT * FROM `address` WHERE  `id` = 1 LIMIT 1 [ RunTime:0.000226s ]
[2023-01-01T02:49:22+08:00][sql] SELECT * FROM `address` WHERE  `id` = 2 LIMIT 1 [ RunTime:0.000205s ]
[2023-01-01T02:49:36+08:00][sql] CONNECT:[ UseTime:0.000388s ] mysql:host=localhost;port=3316;dbname=coffee;charset=utf8
[2023-01-01T02:49:36+08:00][sql] SHOW FULL COLUMNS FROM `information` [ RunTime:0.001301s ]
[2023-01-01T02:49:36+08:00][sql] SELECT * FROM `information` WHERE  `id` = 17 LIMIT 1 [ RunTime:0.000315s ]
[2023-01-01T02:49:36+08:00][sql] SHOW FULL COLUMNS FROM `address` [ RunTime:0.000993s ]
[2023-01-01T02:49:36+08:00][sql] SELECT * FROM `address` WHERE  `id` = 1 LIMIT 1 [ RunTime:0.000277s ]
[2023-01-01T02:49:36+08:00][sql] SELECT * FROM `address` WHERE  `id` = 2 LIMIT 1 [ RunTime:0.000265s ]
[2023-01-01T02:50:00+08:00][sql] CONNECT:[ UseTime:0.000402s ] mysql:host=localhost;port=3316;dbname=coffee;charset=utf8
[2023-01-01T02:50:00+08:00][sql] SHOW FULL COLUMNS FROM `information` [ RunTime:0.001254s ]
[2023-01-01T02:50:00+08:00][sql] SELECT * FROM `information` ORDER BY `time` DESC LIMIT 1 [ RunTime:0.000375s ]
[2023-01-01T02:50:00+08:00][sql] SHOW FULL COLUMNS FROM `topic` [ RunTime:0.000944s ]
[2023-01-01T02:50:00+08:00][sql] SELECT * FROM `topic` [ RunTime:0.000232s ]
[2023-01-01T02:50:00+08:00][sql] SELECT * FROM `information` WHERE  `topic_id` = 3 [ RunTime:0.000712s ]
[2023-01-01T02:50:00+08:00][sql] SHOW FULL COLUMNS FROM `address` [ RunTime:0.000917s ]
[2023-01-01T02:50:00+08:00][sql] SELECT * FROM `address` WHERE  `id` = 1 LIMIT 1 [ RunTime:0.000274s ]
[2023-01-01T02:50:00+08:00][sql] SELECT * FROM `address` WHERE  `id` = 2 LIMIT 1 [ RunTime:0.000307s ]
[2023-01-01T05:09:31+08:00][sql] CONNECT:[ UseTime:0.000411s ] mysql:host=localhost;port=3316;dbname=coffee;charset=utf8
[2023-01-01T05:09:31+08:00][sql] SHOW FULL COLUMNS FROM `information` [ RunTime:0.001256s ]
[2023-01-01T05:09:31+08:00][sql] SELECT * FROM `information` WHERE  `id` = 18 LIMIT 1 [ RunTime:0.000315s ]
[2023-01-01T05:09:31+08:00][sql] SHOW FULL COLUMNS FROM `address` [ RunTime:0.000941s ]
[2023-01-01T05:09:31+08:00][sql] SELECT * FROM `address` WHERE  `id` = 1 LIMIT 1 [ RunTime:0.000304s ]
[2023-01-01T05:09:31+08:00][sql] SELECT * FROM `address` WHERE  `id` = 2 LIMIT 1 [ RunTime:0.000252s ]
[2023-01-01T05:10:44+08:00][sql] CONNECT:[ UseTime:0.000401s ] mysql:host=localhost;port=3316;dbname=coffee;charset=utf8
[2023-01-01T05:10:44+08:00][sql] SHOW FULL COLUMNS FROM `information` [ RunTime:0.001280s ]
[2023-01-01T05:10:44+08:00][sql] SELECT * FROM `information` WHERE  `id` = 18 LIMIT 1 [ RunTime:0.000346s ]
[2023-01-01T05:10:44+08:00][sql] SHOW FULL COLUMNS FROM `address` [ RunTime:0.000956s ]
[2023-01-01T05:10:44+08:00][sql] SELECT * FROM `address` WHERE  `id` = 1 LIMIT 1 [ RunTime:0.000264s ]
[2023-01-01T05:10:44+08:00][sql] SELECT * FROM `address` WHERE  `id` = 2 LIMIT 1 [ RunTime:0.000244s ]
[2023-01-01T07:26:27+08:00][sql] CONNECT:[ UseTime:0.002174s ] mysql:host=localhost;port=3316;dbname=coffee;charset=utf8
[2023-01-01T07:26:27+08:00][sql] SHOW FULL COLUMNS FROM `information` [ RunTime:0.001491s ]
[2023-01-01T07:26:27+08:00][sql] SELECT * FROM `information` WHERE  `id` = 3 LIMIT 1 [ RunTime:0.000271s ]
[2023-01-01T07:26:27+08:00][sql] SHOW FULL COLUMNS FROM `address` [ RunTime:0.000939s ]
[2023-01-01T07:26:27+08:00][sql] SELECT * FROM `address` WHERE  `id` = 1 LIMIT 1 [ RunTime:0.000250s ]
[2023-01-01T07:26:27+08:00][sql] SELECT * FROM `address` WHERE  `id` = 2 LIMIT 1 [ RunTime:0.000249s ]
[2023-01-01T07:35:02+08:00][sql] CONNECT:[ UseTime:0.000431s ] mysql:host=localhost;port=3316;dbname=coffee;charset=utf8
[2023-01-01T07:35:02+08:00][sql] SHOW FULL COLUMNS FROM `information` [ RunTime:0.001400s ]
[2023-01-01T07:35:02+08:00][sql] SELECT * FROM `information` WHERE  `id` = 3 LIMIT 1 [ RunTime:0.000318s ]
[2023-01-01T07:35:02+08:00][sql] SHOW FULL COLUMNS FROM `address` [ RunTime:0.000961s ]
[2023-01-01T07:35:02+08:00][sql] SELECT * FROM `address` WHERE  `id` = 1 LIMIT 1 [ RunTime:0.000279s ]
[2023-01-01T07:35:02+08:00][sql] SELECT * FROM `address` WHERE  `id` = 2 LIMIT 1 [ RunTime:0.000243s ]
[2023-01-01T09:06:16+08:00][sql] CONNECT:[ UseTime:0.000405s ] mysql:host=localhost;port=3316;dbname=coffee;charset=utf8
[2023-01-01T09:06:16+08:00][sql] SHOW FULL COLUMNS FROM `information` [ RunTime:0.001307s ]
[2023-01-01T09:06:16+08:00][sql] SELECT * FROM `information` WHERE  `id` = 12 LIMIT 1 [ RunTime:0.000312s ]
[2023-01-01T09:06:16+08:00][sql] SHOW FULL COLUMNS FROM `address` [ RunTime:0.000969s ]
[2023-01-01T09:06:16+08:00][sql] SELECT * FROM `address` WHERE  `id` = 1 LIMIT 1 [ RunTime:0.000243s ]
[2023-01-01T09:06:16+08:00][sql] SELECT * FROM `address` WHERE  `id` = 2 LIMIT 1 [ RunTime:0.000212s ]
[2023-01-01T09:12:08+08:00][sql] CONNECT:[ UseTime:0.000415s ] mysql:host=localhost;port=3316;dbname=coffee;charset=utf8
[2023-01-01T09:12:08+08:00][sql] SHOW FULL COLUMNS FROM `information` [ RunTime:0.001295s ]
[2023-01-01T09:12:08+08:00][sql] SELECT * FROM `information` WHERE  `id` = 12 LIMIT 1 [ RunTime:0.000285s ]
[2023-01-01T09:12:08+08:00][sql] SHOW FULL COLUMNS FROM `address` [ RunTime:0.000948s ]
[2023-01-01T09:12:08+08:00][sql] SELECT * FROM `address` WHERE  `id` = 1 LIMIT 1 [ RunTime:0.000262s ]
[2023-01-01T09:12:08+08:00][sql] SELECT * FROM `address` WHERE  `id` = 2 LIMIT 1 [ RunTime:0.000209s ]
[2023-01-01T13:41:49+08:00][sql] CONNECT:[ UseTime:0.000393s ] mysql:host=localhost;port=3316;dbname=coffee;charset=utf8
[2023-01-01T13:41:49+08:00][sql] SHOW FULL COLUMNS FROM `information` [ RunTime:0.001286s ]
[2023-01-01T13:41:49+08:00][sql] SELECT * FROM `information` ORDER BY `time` DESC LIMIT 1 [ RunTime:0.000328s ]
[2023-01-01T13:41:49+08:00][sql] SHOW FULL COLUMNS FROM `topic` [ RunTime:0.000892s ]
[2023-01-01T13:41:49+08:00][sql] SELECT * FROM `topic` [ RunTime:0.000228s ]
[2023-01-01T13:41:49+08:00][sql] SELECT * FROM `information` WHERE  `topic_id` = 2 [ RunTime:0.000401s ]
[2023-01-01T13:41:49+08:00][sql] SHOW FULL COLUMNS FROM `address` [ RunTime:0.000938s ]
[2023-01-01T13:41:49+08:00][sql] SELECT * FROM `address` WHERE  `id` = 1 LIMIT 1 [ RunTime:0.000289s ]
[2023-01-01T13:41:49+08:00][sql] SELECT * FROM `address` WHERE  `id` = 2 LIMIT 1 [ RunTime:0.000255s ]
[2023-01-01T13:48:39+08:00][sql] CONNECT:[ UseTime:0.000388s ] mysql:host=localhost;port=3316;dbname=coffee;charset=utf8
[2023-01-01T13:48:39+08:00][sql] SHOW FULL COLUMNS FROM `information` [ RunTime:0.001571s ]
[2023-01-01T13:48:39+08:00][sql] SELECT * FROM `information` ORDER BY `time` DESC LIMIT 1 [ RunTime:0.000386s ]
[2023-01-01T13:48:39+08:00][sql] SHOW FULL COLUMNS FROM `topic` [ RunTime:0.000939s ]
[2023-01-01T13:48:39+08:00][sql] SELECT * FROM `topic` [ RunTime:0.000250s ]
[2023-01-01T13:48:39+08:00][sql] SELECT * FROM `information` ORDER BY `time` DESC [ RunTime:0.000715s ]
[2023-01-01T13:48:39+08:00][sql] SHOW FULL COLUMNS FROM `address` [ RunTime:0.000958s ]
[2023-01-01T13:48:39+08:00][sql] SELECT * FROM `address` WHERE  `id` = 1 LIMIT 1 [ RunTime:0.000272s ]
[2023-01-01T13:48:39+08:00][sql] SELECT * FROM `address` WHERE  `id` = 2 LIMIT 1 [ RunTime:0.000231s ]
[2023-01-01T15:16:41+08:00][sql] CONNECT:[ UseTime:0.000410s ] mysql:host=localhost;port=3316;dbname=coffee;charset=utf8
[2023-01-01T15:16:41+08:00][sql] SHOW FULL COLUMNS FROM `information` [ RunTime:0.001372s ]
[2023-01-01T15:16:41+08:00][sql] SELECT * FROM `information` WHERE  `id` = 14 LIMIT 1 [ RunTime:0.000384s ]
[2023-01-01T15:16:41+08:00][sql] SHOW FULL COLUMNS FROM `address` [ RunTime:0.001000s ]
[2023-01-01T15:16:41+08:00][sql] SELECT * FROM `address` WHERE  `id` = 1 LIMIT 1 [ RunTime:0.000231s ]
[2023-01-01T15:16:41+08:00][sql] SELECT * FROM `address` WHERE  `id` = 2 LIMIT 1 [ RunTime:0.000208s ]
[2023-01-01T15:20:27+08:00][sql] CONNECT:[ UseTime:0.000435s ] mysql:host=localhost;port=3316;dbname=coffee;charset=utf8
[2023-01-01T15:20:27+08:00][sql] SHOW FULL COLUMNS FROM `information` [ RunTime:0.001301s ]
[2023-01-01T15:20:27+08:00][sql] SELECT * FROM `information` WHERE  `id` = 14 LIMIT 1 [ RunTime:0.000361s ]
[2023-01-01T15:20:27+08:00][sql] SHOW FULL COLUMNS FROM `address` [ RunTime:0.001002s ]
[2023-01-01T15:20:27+08:00][sql] SELECT * FROM `address` WHERE  `id` = 1 LIMIT 1 [ RunTime:0.000275s ]
[2023-01-01T15:20:27+08:00][sql] SELECT * FROM `address` WHERE  `id` = 2 LIMIT 1 [ RunTime:0.000253s ]
[2023-01-01T17:34:22+08:00][sql] CONNECT:[ UseTime:0.000405s ] mysql:host=localhost;port=3316;dbname=coffee;charset=utf8
[2023-01-01T17:34:22+08:00][sql] SHOW FULL COLUMNS FROM `information` [ RunTime:0.001325s ]
[2023-01-01T17:34:22+08:00][sql] SELECT * FROM `information` WHERE  `id` = 2 LIMIT 1 [ RunTime:0.000287s ]
[2023-01-01T17:34:22+08:00][sql] SHOW FULL COLUMNS FROM `address` [ RunTime:0.000923s ]
[2023-01-01T17:34:22+08:00][sql] SELECT * FROM `address` WHERE  `id` = 1 LIMIT 1 [ RunTime:0.000272s ]
[2023-01-01T17:34:22+08:00][sql] SELECT * FROM `address` WHERE  `id` = 2 LIMIT 1 [ RunTime:0.000212s ]
[2023-01-01T17:38:14+08:00][sql] CONNECT:[ UseTime:0.000484s ] mysql:host=localhost;port=3316;dbname=coffee;charset=utf8
[2023-01-01T17:38:14+08:00][sql] SHOW FULL COLUMNS FROM `information` [ RunTime:0.001826s ]
[2023-01-01T17:38:14+08:00][sql] SELECT * FROM `information` WHERE  `id` = 2 LIMIT 1 [ RunTime:0.000340s ]
[2023-01-01T17:38:14+08:00][sql] SHOW FULL COLUMNS FROM `address` [ RunTime:0.000990s ]
[2023-01-01T17:38:14+08:00][sql] SELECT * FROM `address` WHERE  `id` = 1 LIMIT 1 [ RunTime:0.000287s ]
[2023-01-01T17:38:14+08:00][sql] SELECT * FROM `address` WHERE  `id` = 2 LIMIT 1 [ RunTime:0.000286s ]
[2023-01-01T17:59:01+08:00][sql] CONNECT:[ UseTime:0.000479s ] mysql:host=localhost;port=3316;dbname=coffee;charset=utf8
[2023-01-01T17:59:01+08:00][sql] SHOW FULL COLUMNS FROM `information` [ RunTime:0.001959s ]
[2023-01-01T17:59:01+08:00][sql] SELECT * FROM `information` WHERE  `id` = 16 LIMIT 1 [ RunTime:0.000373s ]
[2023-01-01T17:59:01+08:00][sql] SHOW FULL COLUMNS FROM `address` [ RunTime:0.001482s ]
[2023-01-01T17:59:01+08:00][sql] SELECT * FROM `address` WHERE  `id` = 1 LIMIT 1 [ RunTime:0.000321s ]
[2023-01-01T17:59:01+08:00][sql] SELECT * FROM `address` WHERE  `id` = 2 LIMIT 1 [ RunTime:0.000336s ]
[2023-01-01T18:11:49+08:00][sql] CONNECT:[ UseTime:0.002192s ] mysql:host=localhost;port=3316;dbname=coffee;charset=utf8
[2023-01-01T18:11:49+08:00][sql] SHOW FULL COLUMNS FROM `information` [ RunTime:0.001256s ]
[2023-01-01T18:11:49+08:00][sql] SELECT * FROM `information` WHERE  `id` = 5 LIMIT 1 [ RunTime:0.000330s ]
[2023-01-01T18:11:49+08:00][sql] SHOW FULL COLUMNS FROM `address` [ RunTime:0.000942s ]
[2023-01-01T18:11:49+08:00][sql] SELECT * FROM `address` WHERE  `id` = 1 LIMIT 1 [ RunTime:0.000297s ]
[2023-01-01T18:11:49+08:00][sql] SELECT * FROM `address` WHERE  `id` = 2 LIMIT 1 [ RunTime:0.000250s ]
