[2023-01-09T00:09:37+08:00][sql] CONNECT:[ UseTime:0.000486s ] mysql:host=localhost;port=3316;dbname=coffee;charset=utf8
[2023-01-09T00:09:37+08:00][sql] SHOW FULL COLUMNS FROM `information` [ RunTime:0.001319s ]
[2023-01-09T00:09:37+08:00][sql] SELECT * FROM `information` WHERE  `id` = 17 LIMIT 1 [ RunTime:0.000325s ]
[2023-01-09T00:09:37+08:00][sql] SHOW FULL COLUMNS FROM `address` [ RunTime:0.000944s ]
[2023-01-09T00:09:37+08:00][sql] SELECT * FROM `address` WHERE  `id` = 1 LIMIT 1 [ RunTime:0.000618s ]
[2023-01-09T00:09:37+08:00][sql] SELECT * FROM `address` WHERE  `id` = 2 LIMIT 1 [ RunTime:0.000265s ]
[2023-01-09T00:09:56+08:00][sql] CONNECT:[ UseTime:0.000399s ] mysql:host=localhost;port=3316;dbname=coffee;charset=utf8
[2023-01-09T00:09:56+08:00][sql] SHOW FULL COLUMNS FROM `information` [ RunTime:0.001315s ]
[2023-01-09T00:09:56+08:00][sql] SELECT * FROM `information` ORDER BY `time` DESC LIMIT 1 [ RunTime:0.000344s ]
[2023-01-09T00:09:56+08:00][sql] SHOW FULL COLUMNS FROM `topic` [ RunTime:0.000917s ]
[2023-01-09T00:09:56+08:00][sql] SELECT * FROM `topic` [ RunTime:0.000240s ]
[2023-01-09T00:09:56+08:00][sql] SELECT * FROM `information` ORDER BY `time` DESC [ RunTime:0.000836s ]
[2023-01-09T00:09:56+08:00][sql] SHOW FULL COLUMNS FROM `address` [ RunTime:0.000919s ]
[2023-01-09T00:09:56+08:00][sql] SELECT * FROM `address` WHERE  `id` = 1 LIMIT 1 [ RunTime:0.000309s ]
[2023-01-09T00:09:56+08:00][sql] SELECT * FROM `address` WHERE  `id` = 2 LIMIT 1 [ RunTime:0.000254s ]
[2023-01-09T00:10:22+08:00][sql] CONNECT:[ UseTime:0.000369s ] mysql:host=localhost;port=3316;dbname=coffee;charset=utf8
[2023-01-09T00:10:22+08:00][sql] SHOW FULL COLUMNS FROM `information` [ RunTime:0.001252s ]
[2023-01-09T00:10:22+08:00][sql] SELECT * FROM `information` ORDER BY `time` DESC LIMIT 1 [ RunTime:0.000296s ]
[2023-01-09T00:10:22+08:00][sql] SHOW FULL COLUMNS FROM `topic` [ RunTime:0.000913s ]
[2023-01-09T00:10:22+08:00][sql] SELECT * FROM `topic` [ RunTime:0.000190s ]
[2023-01-09T00:10:22+08:00][sql] SELECT * FROM `information` WHERE  `topic_id` = 2 [ RunTime:0.000348s ]
[2023-01-09T00:10:22+08:00][sql] SHOW FULL COLUMNS FROM `address` [ RunTime:0.000901s ]
[2023-01-09T00:10:22+08:00][sql] SELECT * FROM `address` WHERE  `id` = 1 LIMIT 1 [ RunTime:0.000244s ]
[2023-01-09T00:10:22+08:00][sql] SELECT * FROM `address` WHERE  `id` = 2 LIMIT 1 [ RunTime:0.000205s ]
[2023-01-09T00:19:32+08:00][sql] CONNECT:[ UseTime:0.000395s ] mysql:host=localhost;port=3316;dbname=coffee;charset=utf8
[2023-01-09T00:19:32+08:00][sql] SHOW FULL COLUMNS FROM `information` [ RunTime:0.001474s ]
[2023-01-09T00:19:32+08:00][sql] SELECT * FROM `information` ORDER BY `time` DESC LIMIT 1 [ RunTime:0.000355s ]
[2023-01-09T00:19:32+08:00][sql] SHOW FULL COLUMNS FROM `topic` [ RunTime:0.001186s ]
[2023-01-09T00:19:32+08:00][sql] SELECT * FROM `topic` [ RunTime:0.000247s ]
[2023-01-09T00:19:32+08:00][sql] SELECT * FROM `information` ORDER BY `time` DESC [ RunTime:0.000858s ]
[2023-01-09T00:19:32+08:00][sql] SHOW FULL COLUMNS FROM `address` [ RunTime:0.003283s ]
[2023-01-09T00:19:32+08:00][sql] SELECT * FROM `address` WHERE  `id` = 1 LIMIT 1 [ RunTime:0.000293s ]
[2023-01-09T00:19:32+08:00][sql] SELECT * FROM `address` WHERE  `id` = 2 LIMIT 1 [ RunTime:0.000251s ]
[2023-01-09T04:05:15+08:00][sql] CONNECT:[ UseTime:0.000332s ] mysql:host=localhost;port=3316;dbname=coffee;charset=utf8
[2023-01-09T04:05:15+08:00][sql] SHOW FULL COLUMNS FROM `information` [ RunTime:0.001347s ]
[2023-01-09T04:05:15+08:00][sql] SELECT * FROM `information` WHERE  `id` = 19 LIMIT 1 [ RunTime:0.000301s ]
[2023-01-09T04:05:15+08:00][sql] SHOW FULL COLUMNS FROM `address` [ RunTime:0.000971s ]
[2023-01-09T04:05:15+08:00][sql] SELECT * FROM `address` WHERE  `id` = 1 LIMIT 1 [ RunTime:0.000237s ]
[2023-01-09T04:05:15+08:00][sql] SELECT * FROM `address` WHERE  `id` = 2 LIMIT 1 [ RunTime:0.000243s ]
[2023-01-09T04:10:23+08:00][sql] CONNECT:[ UseTime:0.000430s ] mysql:host=localhost;port=3316;dbname=coffee;charset=utf8
[2023-01-09T04:10:23+08:00][sql] SHOW FULL COLUMNS FROM `information` [ RunTime:0.001436s ]
[2023-01-09T04:10:23+08:00][sql] SELECT * FROM `information` WHERE  `id` = 19 LIMIT 1 [ RunTime:0.000289s ]
[2023-01-09T04:10:23+08:00][sql] SHOW FULL COLUMNS FROM `address` [ RunTime:0.001041s ]
[2023-01-09T04:10:23+08:00][sql] SELECT * FROM `address` WHERE  `id` = 1 LIMIT 1 [ RunTime:0.000255s ]
[2023-01-09T04:10:23+08:00][sql] SELECT * FROM `address` WHERE  `id` = 2 LIMIT 1 [ RunTime:0.000235s ]
[2023-01-09T09:31:13+08:00][sql] CONNECT:[ UseTime:0.000410s ] mysql:host=localhost;port=3316;dbname=coffee;charset=utf8
[2023-01-09T09:31:13+08:00][sql] SHOW FULL COLUMNS FROM `information` [ RunTime:0.002773s ]
[2023-01-09T09:31:13+08:00][sql] SELECT * FROM `information` WHERE  `id` = 13 LIMIT 1 [ RunTime:0.000335s ]
[2023-01-09T09:31:13+08:00][sql] SHOW FULL COLUMNS FROM `address` [ RunTime:0.001270s ]
[2023-01-09T09:31:13+08:00][sql] SELECT * FROM `address` WHERE  `id` = 1 LIMIT 1 [ RunTime:0.000417s ]
[2023-01-09T09:31:13+08:00][sql] SELECT * FROM `address` WHERE  `id` = 2 LIMIT 1 [ RunTime:0.001965s ]
[2023-01-09T10:21:29+08:00][sql] CONNECT:[ UseTime:0.000352s ] mysql:host=localhost;port=3316;dbname=coffee;charset=utf8
[2023-01-09T10:21:29+08:00][sql] SHOW FULL COLUMNS FROM `information` [ RunTime:0.001334s ]
[2023-01-09T10:21:29+08:00][sql] SELECT * FROM `information` WHERE  `id` = 19 LIMIT 1 [ RunTime:0.000292s ]
[2023-01-09T10:21:29+08:00][sql] SHOW FULL COLUMNS FROM `address` [ RunTime:0.000945s ]
[2023-01-09T10:21:29+08:00][sql] SELECT * FROM `address` WHERE  `id` = 1 LIMIT 1 [ RunTime:0.000270s ]
[2023-01-09T10:21:29+08:00][sql] SELECT * FROM `address` WHERE  `id` = 2 LIMIT 1 [ RunTime:0.000217s ]
[2023-01-09T10:30:32+08:00][sql] CONNECT:[ UseTime:0.000403s ] mysql:host=localhost;port=3316;dbname=coffee;charset=utf8
[2023-01-09T10:30:32+08:00][sql] SHOW FULL COLUMNS FROM `information` [ RunTime:0.001284s ]
[2023-01-09T10:30:32+08:00][sql] SELECT * FROM `information` WHERE  `id` = 19 LIMIT 1 [ RunTime:0.000318s ]
[2023-01-09T10:30:32+08:00][sql] SHOW FULL COLUMNS FROM `address` [ RunTime:0.000956s ]
[2023-01-09T10:30:32+08:00][sql] SELECT * FROM `address` WHERE  `id` = 1 LIMIT 1 [ RunTime:0.000287s ]
[2023-01-09T10:30:32+08:00][sql] SELECT * FROM `address` WHERE  `id` = 2 LIMIT 1 [ RunTime:0.000294s ]
[2023-01-09T22:08:54+08:00][sql] CONNECT:[ UseTime:0.000521s ] mysql:host=localhost;port=3316;dbname=coffee;charset=utf8
[2023-01-09T22:08:54+08:00][sql] SHOW FULL COLUMNS FROM `information` [ RunTime:0.001744s ]
[2023-01-09T22:08:54+08:00][sql] SELECT * FROM `information` ORDER BY `time` DESC LIMIT 1 [ RunTime:0.000979s ]
[2023-01-09T22:08:54+08:00][sql] SHOW FULL COLUMNS FROM `topic` [ RunTime:0.006656s ]
[2023-01-09T22:08:54+08:00][sql] SELECT * FROM `topic` [ RunTime:0.000673s ]
[2023-01-09T22:08:54+08:00][sql] SELECT * FROM `information` WHERE  `topic_id` = 3 [ RunTime:0.001929s ]
[2023-01-09T22:08:54+08:00][sql] SHOW FULL COLUMNS FROM `address` [ RunTime:0.001685s ]
[2023-01-09T22:08:54+08:00][sql] SELECT * FROM `address` WHERE  `id` = 1 LIMIT 1 [ RunTime:0.000472s ]
[2023-01-09T22:08:54+08:00][sql] SELECT * FROM `address` WHERE  `id` = 2 LIMIT 1 [ RunTime:0.000404s ]
[2023-01-09T22:18:28+08:00][sql] CONNECT:[ UseTime:0.000340s ] mysql:host=localhost;port=3316;dbname=coffee;charset=utf8
[2023-01-09T22:18:28+08:00][sql] SHOW FULL COLUMNS FROM `information` [ RunTime:0.001336s ]
[2023-01-09T22:18:28+08:00][sql] SELECT * FROM `information` WHERE  `id` = 2 LIMIT 1 [ RunTime:0.000281s ]
[2023-01-09T22:18:28+08:00][sql] SHOW FULL COLUMNS FROM `address` [ RunTime:0.000933s ]
[2023-01-09T22:18:28+08:00][sql] SELECT * FROM `address` WHERE  `id` = 1 LIMIT 1 [ RunTime:0.000250s ]
[2023-01-09T22:18:28+08:00][sql] SELECT * FROM `address` WHERE  `id` = 2 LIMIT 1 [ RunTime:0.000216s ]
[2023-01-09T22:18:52+08:00][sql] CONNECT:[ UseTime:0.000370s ] mysql:host=localhost;port=3316;dbname=coffee;charset=utf8
[2023-01-09T22:18:52+08:00][sql] SHOW FULL COLUMNS FROM `information` [ RunTime:0.001301s ]
[2023-01-09T22:18:52+08:00][sql] SELECT * FROM `information` WHERE  `id` = 2 LIMIT 1 [ RunTime:0.000304s ]
[2023-01-09T22:18:52+08:00][sql] SHOW FULL COLUMNS FROM `address` [ RunTime:0.000908s ]
[2023-01-09T22:18:52+08:00][sql] SELECT * FROM `address` WHERE  `id` = 1 LIMIT 1 [ RunTime:0.000242s ]
[2023-01-09T22:18:52+08:00][sql] SELECT * FROM `address` WHERE  `id` = 2 LIMIT 1 [ RunTime:0.000227s ]
