[2023-01-15T01:34:10+08:00][sql] CONNECT:[ UseTime:0.000445s ] mysql:host=localhost;port=3316;dbname=coffee;charset=utf8
[2023-01-15T01:34:10+08:00][sql] SHOW FULL COLUMNS FROM `information` [ RunTime:0.001311s ]
[2023-01-15T01:34:10+08:00][sql] SELECT * FROM `information` WHERE  `id` = 5 LIMIT 1 [ RunTime:0.000385s ]
[2023-01-15T01:34:10+08:00][sql] SHOW FULL COLUMNS FROM `address` [ RunTime:0.001013s ]
[2023-01-15T01:34:10+08:00][sql] SELECT * FROM `address` WHERE  `id` = 1 LIMIT 1 [ RunTime:0.000279s ]
[2023-01-15T01:34:10+08:00][sql] SELECT * FROM `address` WHERE  `id` = 2 LIMIT 1 [ RunTime:0.000298s ]
[2023-01-15T01:34:19+08:00][sql] CONNECT:[ UseTime:0.000407s ] mysql:host=localhost;port=3316;dbname=coffee;charset=utf8
[2023-01-15T01:34:19+08:00][sql] SHOW FULL COLUMNS FROM `information` [ RunTime:0.001408s ]
[2023-01-15T01:34:19+08:00][sql] SELECT * FROM `information` WHERE  `id` = 4 LIMIT 1 [ RunTime:0.000367s ]
[2023-01-15T01:34:19+08:00][sql] SHOW FULL COLUMNS FROM `address` [ RunTime:0.001015s ]
[2023-01-15T01:34:19+08:00][sql] SELECT * FROM `address` WHERE  `id` = 1 LIMIT 1 [ RunTime:0.000291s ]
[2023-01-15T01:34:19+08:00][sql] SELECT * FROM `address` WHERE  `id` = 2 LIMIT 1 [ RunTime:0.000250s ]
[2023-01-15T03:36:52+08:00][sql] CONNECT:[ UseTime:0.000378s ] mysql:host=localhost;port=3316;dbname=coffee;charset=utf8
[2023-01-15T03:36:52+08:00][sql] SHOW FULL COLUMNS FROM `information` [ RunTime:0.001289s ]
[2023-01-15T03:36:52+08:00][sql] SELECT * FROM `information` WHERE  `id` = 18 LIMIT 1 [ RunTime:0.000322s ]
[2023-01-15T03:36:52+08:00][sql] SHOW FULL COLUMNS FROM `address` [ RunTime:0.000953s ]
[2023-01-15T03:36:52+08:00][sql] SELECT * FROM `address` WHERE  `id` = 1 LIMIT 1 [ RunTime:0.000273s ]
[2023-01-15T03:36:52+08:00][sql] SELECT * FROM `address` WHERE  `id` = 2 LIMIT 1 [ RunTime:0.000278s ]
[2023-01-15T04:58:52+08:00][sql] CONNECT:[ UseTime:0.000397s ] mysql:host=localhost;port=3316;dbname=coffee;charset=utf8
[2023-01-15T04:58:52+08:00][sql] SHOW FULL COLUMNS FROM `information` [ RunTime:0.001444s ]
[2023-01-15T04:58:52+08:00][sql] SELECT * FROM `information` WHERE  `id` = 3 LIMIT 1 [ RunTime:0.000308s ]
[2023-01-15T04:58:52+08:00][sql] SHOW FULL COLUMNS FROM `address` [ RunTime:0.000954s ]
[2023-01-15T04:58:52+08:00][sql] SELECT * FROM `address` WHERE  `id` = 1 LIMIT 1 [ RunTime:0.000270s ]
[2023-01-15T04:58:52+08:00][sql] SELECT * FROM `address` WHERE  `id` = 2 LIMIT 1 [ RunTime:0.000286s ]
[2023-01-15T05:07:02+08:00][sql] CONNECT:[ UseTime:0.000378s ] mysql:host=localhost;port=3316;dbname=coffee;charset=utf8
[2023-01-15T05:07:02+08:00][sql] SHOW FULL COLUMNS FROM `information` [ RunTime:0.001297s ]
[2023-01-15T05:07:02+08:00][sql] SELECT * FROM `information` WHERE  `id` = 3 LIMIT 1 [ RunTime:0.000311s ]
[2023-01-15T05:07:02+08:00][sql] SHOW FULL COLUMNS FROM `address` [ RunTime:0.000918s ]
[2023-01-15T05:07:02+08:00][sql] SELECT * FROM `address` WHERE  `id` = 1 LIMIT 1 [ RunTime:0.000360s ]
[2023-01-15T05:07:02+08:00][sql] SELECT * FROM `address` WHERE  `id` = 2 LIMIT 1 [ RunTime:0.000230s ]
[2023-01-15T07:32:47+08:00][sql] CONNECT:[ UseTime:0.000430s ] mysql:host=localhost;port=3316;dbname=coffee;charset=utf8
[2023-01-15T07:32:47+08:00][sql] SHOW FULL COLUMNS FROM `information` [ RunTime:0.001357s ]
[2023-01-15T07:32:47+08:00][sql] SELECT * FROM `information` WHERE  `id` = 2 LIMIT 1 [ RunTime:0.000285s ]
[2023-01-15T07:32:47+08:00][sql] SHOW FULL COLUMNS FROM `address` [ RunTime:0.000977s ]
[2023-01-15T07:32:47+08:00][sql] SELECT * FROM `address` WHERE  `id` = 1 LIMIT 1 [ RunTime:0.000277s ]
[2023-01-15T07:32:47+08:00][sql] SELECT * FROM `address` WHERE  `id` = 2 LIMIT 1 [ RunTime:0.000211s ]
[2023-01-15T07:38:31+08:00][sql] CONNECT:[ UseTime:0.000401s ] mysql:host=localhost;port=3316;dbname=coffee;charset=utf8
[2023-01-15T07:38:31+08:00][sql] SHOW FULL COLUMNS FROM `information` [ RunTime:0.001251s ]
[2023-01-15T07:38:31+08:00][sql] SELECT * FROM `information` WHERE  `id` = 2 LIMIT 1 [ RunTime:0.000296s ]
[2023-01-15T07:38:31+08:00][sql] SHOW FULL COLUMNS FROM `address` [ RunTime:0.000876s ]
[2023-01-15T07:38:31+08:00][sql] SELECT * FROM `address` WHERE  `id` = 1 LIMIT 1 [ RunTime:0.000227s ]
[2023-01-15T07:38:31+08:00][sql] SELECT * FROM `address` WHERE  `id` = 2 LIMIT 1 [ RunTime:0.000201s ]
[2023-01-15T09:49:18+08:00][sql] CONNECT:[ UseTime:0.001490s ] mysql:host=localhost;port=3316;dbname=coffee;charset=utf8
[2023-01-15T09:49:18+08:00][sql] SHOW FULL COLUMNS FROM `information` [ RunTime:0.001307s ]
[2023-01-15T09:49:18+08:00][sql] SELECT * FROM `information` WHERE  `id` = 9 LIMIT 1 [ RunTime:0.000342s ]
[2023-01-15T09:49:18+08:00][sql] SHOW FULL COLUMNS FROM `address` [ RunTime:0.001106s ]
[2023-01-15T09:49:18+08:00][sql] SELECT * FROM `address` WHERE  `id` = 1 LIMIT 1 [ RunTime:0.000283s ]
[2023-01-15T09:49:18+08:00][sql] SELECT * FROM `address` WHERE  `id` = 2 LIMIT 1 [ RunTime:0.000259s ]
[2023-01-15T09:49:18+08:00][sql] CONNECT:[ UseTime:0.000357s ] mysql:host=localhost;port=3316;dbname=coffee;charset=utf8
[2023-01-15T09:49:18+08:00][sql] SHOW FULL COLUMNS FROM `information` [ RunTime:0.001325s ]
[2023-01-15T09:49:18+08:00][sql] SELECT * FROM `information` WHERE  `id` = 9 LIMIT 1 [ RunTime:0.000382s ]
[2023-01-15T09:49:18+08:00][sql] SHOW FULL COLUMNS FROM `address` [ RunTime:0.000966s ]
[2023-01-15T09:49:18+08:00][sql] SELECT * FROM `address` WHERE  `id` = 1 LIMIT 1 [ RunTime:0.000252s ]
[2023-01-15T09:49:18+08:00][sql] SELECT * FROM `address` WHERE  `id` = 2 LIMIT 1 [ RunTime:0.000215s ]
[2023-01-15T09:58:58+08:00][sql] CONNECT:[ UseTime:0.000380s ] mysql:host=localhost;port=3316;dbname=coffee;charset=utf8
[2023-01-15T09:58:58+08:00][sql] SHOW FULL COLUMNS FROM `information` [ RunTime:0.001382s ]
[2023-01-15T09:58:58+08:00][sql] SELECT * FROM `information` WHERE  `id` = 9 LIMIT 1 [ RunTime:0.000325s ]
[2023-01-15T09:58:58+08:00][sql] SHOW FULL COLUMNS FROM `address` [ RunTime:0.001013s ]
[2023-01-15T09:58:58+08:00][sql] SELECT * FROM `address` WHERE  `id` = 1 LIMIT 1 [ RunTime:0.000284s ]
[2023-01-15T09:58:58+08:00][sql] SELECT * FROM `address` WHERE  `id` = 2 LIMIT 1 [ RunTime:0.000305s ]
[2023-01-15T10:34:52+08:00][sql] CONNECT:[ UseTime:0.000413s ] mysql:host=localhost;port=3316;dbname=coffee;charset=utf8
[2023-01-15T10:34:52+08:00][sql] SHOW FULL COLUMNS FROM `information` [ RunTime:0.001267s ]
[2023-01-15T10:34:52+08:00][sql] SELECT * FROM `information` WHERE  `id` = 8 LIMIT 1 [ RunTime:0.000321s ]
[2023-01-15T10:34:52+08:00][sql] SHOW FULL COLUMNS FROM `address` [ RunTime:0.000959s ]
[2023-01-15T10:34:52+08:00][sql] SELECT * FROM `address` WHERE  `id` = 1 LIMIT 1 [ RunTime:0.000283s ]
[2023-01-15T10:34:52+08:00][sql] SELECT * FROM `address` WHERE  `id` = 2 LIMIT 1 [ RunTime:0.000254s ]
[2023-01-15T10:39:09+08:00][sql] CONNECT:[ UseTime:0.000363s ] mysql:host=localhost;port=3316;dbname=coffee;charset=utf8
[2023-01-15T10:39:09+08:00][sql] SHOW FULL COLUMNS FROM `information` [ RunTime:0.001304s ]
[2023-01-15T10:39:09+08:00][sql] SELECT * FROM `information` WHERE  `id` = 8 LIMIT 1 [ RunTime:0.000298s ]
[2023-01-15T10:39:09+08:00][sql] SHOW FULL COLUMNS FROM `address` [ RunTime:0.000965s ]
[2023-01-15T10:39:09+08:00][sql] SELECT * FROM `address` WHERE  `id` = 1 LIMIT 1 [ RunTime:0.000248s ]
[2023-01-15T10:39:09+08:00][sql] SELECT * FROM `address` WHERE  `id` = 2 LIMIT 1 [ RunTime:0.000262s ]
[2023-01-15T12:31:53+08:00][sql] CONNECT:[ UseTime:0.000471s ] mysql:host=localhost;port=3316;dbname=coffee;charset=utf8
[2023-01-15T12:31:53+08:00][sql] SHOW FULL COLUMNS FROM `information` [ RunTime:0.001256s ]
[2023-01-15T12:31:53+08:00][sql] SELECT * FROM `information` ORDER BY `time` DESC LIMIT 1 [ RunTime:0.000325s ]
[2023-01-15T12:31:53+08:00][sql] SHOW FULL COLUMNS FROM `topic` [ RunTime:0.000964s ]
[2023-01-15T12:31:53+08:00][sql] SELECT * FROM `topic` [ RunTime:0.000234s ]
[2023-01-15T12:31:53+08:00][sql] SELECT * FROM `information` ORDER BY `time` DESC [ RunTime:0.000832s ]
[2023-01-15T12:31:53+08:00][sql] SHOW FULL COLUMNS FROM `address` [ RunTime:0.000945s ]
[2023-01-15T12:31:53+08:00][sql] SELECT * FROM `address` WHERE  `id` = 1 LIMIT 1 [ RunTime:0.000287s ]
[2023-01-15T12:31:53+08:00][sql] SELECT * FROM `address` WHERE  `id` = 2 LIMIT 1 [ RunTime:0.000281s ]
[2023-01-15T12:40:12+08:00][sql] CONNECT:[ UseTime:0.000364s ] mysql:host=localhost;port=3316;dbname=coffee;charset=utf8
[2023-01-15T12:40:12+08:00][sql] SHOW FULL COLUMNS FROM `information` [ RunTime:0.001357s ]
[2023-01-15T12:40:12+08:00][sql] SELECT * FROM `information` ORDER BY `time` DESC LIMIT 1 [ RunTime:0.000326s ]
[2023-01-15T12:40:12+08:00][sql] SHOW FULL COLUMNS FROM `topic` [ RunTime:0.000928s ]
[2023-01-15T12:40:12+08:00][sql] SELECT * FROM `topic` [ RunTime:0.000248s ]
[2023-01-15T12:40:12+08:00][sql] SELECT * FROM `information` ORDER BY `time` DESC [ RunTime:0.000869s ]
[2023-01-15T12:40:12+08:00][sql] SHOW FULL COLUMNS FROM `address` [ RunTime:0.000919s ]
[2023-01-15T12:40:12+08:00][sql] SELECT * FROM `address` WHERE  `id` = 1 LIMIT 1 [ RunTime:0.000281s ]
[2023-01-15T12:40:12+08:00][sql] SELECT * FROM `address` WHERE  `id` = 2 LIMIT 1 [ RunTime:0.000286s ]
[2023-01-15T13:02:33+08:00][sql] CONNECT:[ UseTime:0.000456s ] mysql:host=localhost;port=3316;dbname=coffee;charset=utf8
[2023-01-15T13:02:33+08:00][sql] SHOW FULL COLUMNS FROM `information` [ RunTime:0.001875s ]
[2023-01-15T13:02:33+08:00][sql] SELECT * FROM `information` WHERE  `id` = 5 LIMIT 1 [ RunTime:0.000449s ]
[2023-01-15T13:02:33+08:00][sql] SHOW FULL COLUMNS FROM `address` [ RunTime:0.001359s ]
[2023-01-15T13:02:33+08:00][sql] SELECT * FROM `address` WHERE  `id` = 1 LIMIT 1 [ RunTime:0.000340s ]
[2023-01-15T13:02:33+08:00][sql] SELECT * FROM `address` WHERE  `id` = 2 LIMIT 1 [ RunTime:0.000290s ]
[2023-01-15T17:12:21+08:00][sql] CONNECT:[ UseTime:0.000471s ] mysql:host=localhost;port=3316;dbname=coffee;charset=utf8
[2023-01-15T17:12:21+08:00][sql] SHOW FULL COLUMNS FROM `information` [ RunTime:0.001325s ]
[2023-01-15T17:12:21+08:00][sql] SELECT * FROM `information` WHERE  `id` = 9 LIMIT 1 [ RunTime:0.000322s ]
[2023-01-15T17:12:21+08:00][sql] SHOW FULL COLUMNS FROM `address` [ RunTime:0.000979s ]
[2023-01-15T17:12:21+08:00][sql] SELECT * FROM `address` WHERE  `id` = 1 LIMIT 1 [ RunTime:0.000562s ]
[2023-01-15T17:12:21+08:00][sql] SELECT * FROM `address` WHERE  `id` = 2 LIMIT 1 [ RunTime:0.000315s ]
[2023-01-15T17:24:06+08:00][sql] CONNECT:[ UseTime:0.000397s ] mysql:host=localhost;port=3316;dbname=coffee;charset=utf8
[2023-01-15T17:24:06+08:00][sql] SHOW FULL COLUMNS FROM `information` [ RunTime:0.001223s ]
[2023-01-15T17:24:06+08:00][sql] SELECT * FROM `information` WHERE  `id` = 9 LIMIT 1 [ RunTime:0.000276s ]
[2023-01-15T17:24:06+08:00][sql] SHOW FULL COLUMNS FROM `address` [ RunTime:0.000952s ]
[2023-01-15T17:24:06+08:00][sql] SELECT * FROM `address` WHERE  `id` = 1 LIMIT 1 [ RunTime:0.000249s ]
[2023-01-15T17:24:06+08:00][sql] SELECT * FROM `address` WHERE  `id` = 2 LIMIT 1 [ RunTime:0.000192s ]
[2023-01-15T19:15:29+08:00][sql] CONNECT:[ UseTime:0.000405s ] mysql:host=localhost;port=3316;dbname=coffee;charset=utf8
[2023-01-15T19:15:29+08:00][sql] SHOW FULL COLUMNS FROM `information` [ RunTime:0.001344s ]
[2023-01-15T19:15:29+08:00][sql] SELECT * FROM `information` WHERE  `id` = 13 LIMIT 1 [ RunTime:0.000325s ]
[2023-01-15T19:15:29+08:00][sql] SHOW FULL COLUMNS FROM `address` [ RunTime:0.000935s ]
[2023-01-15T19:15:29+08:00][sql] SELECT * FROM `address` WHERE  `id` = 1 LIMIT 1 [ RunTime:0.000283s ]
[2023-01-15T19:15:29+08:00][sql] SELECT * FROM `address` WHERE  `id` = 2 LIMIT 1 [ RunTime:0.000258s ]
[2023-01-15T19:17:41+08:00][sql] CONNECT:[ UseTime:0.000441s ] mysql:host=localhost;port=3316;dbname=coffee;charset=utf8
[2023-01-15T19:17:41+08:00][sql] SHOW FULL COLUMNS FROM `information` [ RunTime:0.001319s ]
[2023-01-15T19:17:41+08:00][sql] SELECT * FROM `information` WHERE  `id` = 13 LIMIT 1 [ RunTime:0.000351s ]
[2023-01-15T19:17:41+08:00][sql] SHOW FULL COLUMNS FROM `address` [ RunTime:0.000995s ]
[2023-01-15T19:17:41+08:00][sql] SELECT * FROM `address` WHERE  `id` = 1 LIMIT 1 [ RunTime:0.000285s ]
[2023-01-15T19:17:41+08:00][sql] SELECT * FROM `address` WHERE  `id` = 2 LIMIT 1 [ RunTime:0.000247s ]
[2023-01-15T21:32:39+08:00][sql] CONNECT:[ UseTime:0.000480s ] mysql:host=localhost;port=3316;dbname=coffee;charset=utf8
[2023-01-15T21:32:39+08:00][sql] SHOW FULL COLUMNS FROM `information` [ RunTime:0.001347s ]
[2023-01-15T21:32:39+08:00][sql] SELECT * FROM `information` ORDER BY `time` DESC LIMIT 1 [ RunTime:0.000348s ]
[2023-01-15T21:32:39+08:00][sql] SHOW FULL COLUMNS FROM `topic` [ RunTime:0.000967s ]
[2023-01-15T21:32:39+08:00][sql] SELECT * FROM `topic` [ RunTime:0.000243s ]
[2023-01-15T21:32:39+08:00][sql] SELECT * FROM `information` WHERE  `topic_id` = 2 [ RunTime:0.000419s ]
[2023-01-15T21:32:39+08:00][sql] SHOW FULL COLUMNS FROM `address` [ RunTime:0.000991s ]
[2023-01-15T21:32:39+08:00][sql] SELECT * FROM `address` WHERE  `id` = 1 LIMIT 1 [ RunTime:0.000290s ]
[2023-01-15T21:32:39+08:00][sql] SELECT * FROM `address` WHERE  `id` = 2 LIMIT 1 [ RunTime:0.000247s ]
[2023-01-15T21:40:05+08:00][sql] CONNECT:[ UseTime:0.000391s ] mysql:host=localhost;port=3316;dbname=coffee;charset=utf8
[2023-01-15T21:40:05+08:00][sql] SHOW FULL COLUMNS FROM `information` [ RunTime:0.001390s ]
[2023-01-15T21:40:05+08:00][sql] SELECT * FROM `information` ORDER BY `time` DESC LIMIT 1 [ RunTime:0.000443s ]
[2023-01-15T21:40:05+08:00][sql] SHOW FULL COLUMNS FROM `topic` [ RunTime:0.000878s ]
[2023-01-15T21:40:05+08:00][sql] SELECT * FROM `topic` [ RunTime:0.000216s ]
[2023-01-15T21:40:05+08:00][sql] SELECT * FROM `information` WHERE  `topic_id` = 2 [ RunTime:0.000369s ]
[2023-01-15T21:40:05+08:00][sql] SHOW FULL COLUMNS FROM `address` [ RunTime:0.000932s ]
[2023-01-15T21:40:05+08:00][sql] SELECT * FROM `address` WHERE  `id` = 1 LIMIT 1 [ RunTime:0.000231s ]
[2023-01-15T21:40:05+08:00][sql] SELECT * FROM `address` WHERE  `id` = 2 LIMIT 1 [ RunTime:0.000229s ]
[2023-01-15T21:46:04+08:00][sql] CONNECT:[ UseTime:0.000409s ] mysql:host=localhost;port=3316;dbname=coffee;charset=utf8
[2023-01-15T21:46:04+08:00][sql] SHOW FULL COLUMNS FROM `information` [ RunTime:0.001311s ]
[2023-01-15T21:46:04+08:00][sql] SELECT * FROM `information` WHERE  `id` = 19 LIMIT 1 [ RunTime:0.000328s ]
[2023-01-15T21:46:04+08:00][sql] SHOW FULL COLUMNS FROM `address` [ RunTime:0.000949s ]
[2023-01-15T21:46:04+08:00][sql] SELECT * FROM `address` WHERE  `id` = 1 LIMIT 1 [ RunTime:0.000306s ]
[2023-01-15T21:46:04+08:00][sql] SELECT * FROM `address` WHERE  `id` = 2 LIMIT 1 [ RunTime:0.000269s ]
[2023-01-15T21:50:38+08:00][sql] CONNECT:[ UseTime:0.000401s ] mysql:host=localhost;port=3316;dbname=coffee;charset=utf8
[2023-01-15T21:50:38+08:00][sql] SHOW FULL COLUMNS FROM `information` [ RunTime:0.001324s ]
[2023-01-15T21:50:38+08:00][sql] SELECT * FROM `information` WHERE  `id` = 19 LIMIT 1 [ RunTime:0.000316s ]
[2023-01-15T21:50:38+08:00][sql] SHOW FULL COLUMNS FROM `address` [ RunTime:0.000908s ]
[2023-01-15T21:50:38+08:00][sql] SELECT * FROM `address` WHERE  `id` = 1 LIMIT 1 [ RunTime:0.000257s ]
[2023-01-15T21:50:38+08:00][sql] SELECT * FROM `address` WHERE  `id` = 2 LIMIT 1 [ RunTime:0.000219s ]
