[2023-01-21T00:29:15+08:00][sql] CONNECT:[ UseTime:0.000361s ] mysql:host=localhost;port=3316;dbname=coffee;charset=utf8
[2023-01-21T00:29:15+08:00][sql] SHOW FULL COLUMNS FROM `information` [ RunTime:0.001341s ]
[2023-01-21T00:29:15+08:00][sql] SELECT * FROM `information` WHERE  `id` = 17 LIMIT 1 [ RunTime:0.000298s ]
[2023-01-21T00:29:15+08:00][sql] SHOW FULL COLUMNS FROM `address` [ RunTime:0.000920s ]
[2023-01-21T00:29:15+08:00][sql] SELECT * FROM `address` WHERE  `id` = 1 LIMIT 1 [ RunTime:0.000241s ]
[2023-01-21T00:29:15+08:00][sql] SELECT * FROM `address` WHERE  `id` = 2 LIMIT 1 [ RunTime:0.000234s ]
[2023-01-21T00:30:53+08:00][sql] CONNECT:[ UseTime:0.000399s ] mysql:host=localhost;port=3316;dbname=coffee;charset=utf8
[2023-01-21T00:30:53+08:00][sql] SHOW FULL COLUMNS FROM `information` [ RunTime:0.001237s ]
[2023-01-21T00:30:53+08:00][sql] SELECT * FROM `information` WHERE  `id` = 17 LIMIT 1 [ RunTime:0.000339s ]
[2023-01-21T00:30:53+08:00][sql] SHOW FULL COLUMNS FROM `address` [ RunTime:0.000923s ]
[2023-01-21T00:30:53+08:00][sql] SELECT * FROM `address` WHERE  `id` = 1 LIMIT 1 [ RunTime:0.000245s ]
[2023-01-21T00:30:53+08:00][sql] SELECT * FROM `address` WHERE  `id` = 2 LIMIT 1 [ RunTime:0.000235s ]
[2023-01-21T00:42:38+08:00][sql] CONNECT:[ UseTime:0.000382s ] mysql:host=localhost;port=3316;dbname=coffee;charset=utf8
[2023-01-21T00:42:38+08:00][sql] SHOW FULL COLUMNS FROM `information` [ RunTime:0.001438s ]
[2023-01-21T00:42:38+08:00][sql] SELECT * FROM `information` ORDER BY `time` DESC LIMIT 1 [ RunTime:0.000324s ]
[2023-01-21T00:42:38+08:00][sql] SHOW FULL COLUMNS FROM `topic` [ RunTime:0.000953s ]
[2023-01-21T00:42:38+08:00][sql] SELECT * FROM `topic` [ RunTime:0.000248s ]
[2023-01-21T00:42:38+08:00][sql] SELECT * FROM `information` ORDER BY `time` DESC [ RunTime:0.000797s ]
[2023-01-21T00:42:38+08:00][sql] SHOW FULL COLUMNS FROM `address` [ RunTime:0.001058s ]
[2023-01-21T00:42:38+08:00][sql] SELECT * FROM `address` WHERE  `id` = 1 LIMIT 1 [ RunTime:0.000282s ]
[2023-01-21T00:42:38+08:00][sql] SELECT * FROM `address` WHERE  `id` = 2 LIMIT 1 [ RunTime:0.000251s ]
[2023-01-21T07:39:47+08:00][sql] CONNECT:[ UseTime:0.000446s ] mysql:host=localhost;port=3316;dbname=coffee;charset=utf8
[2023-01-21T07:39:47+08:00][sql] SHOW FULL COLUMNS FROM `information` [ RunTime:0.001769s ]
[2023-01-21T07:39:47+08:00][sql] SELECT * FROM `information` WHERE  `id` = 18 LIMIT 1 [ RunTime:0.000354s ]
[2023-01-21T07:39:47+08:00][sql] SHOW FULL COLUMNS FROM `address` [ RunTime:0.001299s ]
[2023-01-21T07:39:47+08:00][sql] SELECT * FROM `address` WHERE  `id` = 1 LIMIT 1 [ RunTime:0.000300s ]
[2023-01-21T07:39:47+08:00][sql] SELECT * FROM `address` WHERE  `id` = 2 LIMIT 1 [ RunTime:0.000262s ]
[2023-01-21T07:54:41+08:00][sql] CONNECT:[ UseTime:0.000385s ] mysql:host=localhost;port=3316;dbname=coffee;charset=utf8
[2023-01-21T07:54:41+08:00][sql] SHOW FULL COLUMNS FROM `information` [ RunTime:0.001277s ]
[2023-01-21T07:54:41+08:00][sql] SELECT * FROM `information` WHERE  `id` = 11 LIMIT 1 [ RunTime:0.000286s ]
[2023-01-21T07:54:41+08:00][sql] SHOW FULL COLUMNS FROM `address` [ RunTime:0.000935s ]
[2023-01-21T07:54:41+08:00][sql] SELECT * FROM `address` WHERE  `id` = 1 LIMIT 1 [ RunTime:0.000279s ]
[2023-01-21T07:54:41+08:00][sql] SELECT * FROM `address` WHERE  `id` = 2 LIMIT 1 [ RunTime:0.000216s ]
[2023-01-21T07:59:35+08:00][sql] CONNECT:[ UseTime:0.000364s ] mysql:host=localhost;port=3316;dbname=coffee;charset=utf8
[2023-01-21T07:59:35+08:00][sql] SHOW FULL COLUMNS FROM `information` [ RunTime:0.001296s ]
[2023-01-21T07:59:35+08:00][sql] SELECT * FROM `information` WHERE  `id` = 11 LIMIT 1 [ RunTime:0.000273s ]
[2023-01-21T07:59:35+08:00][sql] SHOW FULL COLUMNS FROM `address` [ RunTime:0.000941s ]
[2023-01-21T07:59:35+08:00][sql] SELECT * FROM `address` WHERE  `id` = 1 LIMIT 1 [ RunTime:0.000226s ]
[2023-01-21T07:59:35+08:00][sql] SELECT * FROM `address` WHERE  `id` = 2 LIMIT 1 [ RunTime:0.000222s ]
[2023-01-21T14:37:41+08:00][sql] CONNECT:[ UseTime:0.000339s ] mysql:host=localhost;port=3316;dbname=coffee;charset=utf8
[2023-01-21T14:37:41+08:00][sql] SHOW FULL COLUMNS FROM `information` [ RunTime:0.001305s ]
[2023-01-21T14:37:41+08:00][sql] SELECT * FROM `information` WHERE  `id` = 12 LIMIT 1 [ RunTime:0.000285s ]
[2023-01-21T14:37:41+08:00][sql] SHOW FULL COLUMNS FROM `address` [ RunTime:0.000926s ]
[2023-01-21T14:37:41+08:00][sql] SELECT * FROM `address` WHERE  `id` = 1 LIMIT 1 [ RunTime:0.000246s ]
[2023-01-21T14:37:41+08:00][sql] SELECT * FROM `address` WHERE  `id` = 2 LIMIT 1 [ RunTime:0.000217s ]
[2023-01-21T14:37:51+08:00][sql] CONNECT:[ UseTime:0.000376s ] mysql:host=localhost;port=3316;dbname=coffee;charset=utf8
[2023-01-21T14:37:51+08:00][sql] SHOW FULL COLUMNS FROM `information` [ RunTime:0.001283s ]
[2023-01-21T14:37:51+08:00][sql] SELECT * FROM `information` WHERE  `id` = 12 LIMIT 1 [ RunTime:0.000358s ]
[2023-01-21T14:37:51+08:00][sql] SHOW FULL COLUMNS FROM `address` [ RunTime:0.000955s ]
[2023-01-21T14:37:51+08:00][sql] SELECT * FROM `address` WHERE  `id` = 1 LIMIT 1 [ RunTime:0.000247s ]
[2023-01-21T14:37:51+08:00][sql] SELECT * FROM `address` WHERE  `id` = 2 LIMIT 1 [ RunTime:0.000209s ]
[2023-01-21T15:23:22+08:00][sql] CONNECT:[ UseTime:0.000401s ] mysql:host=localhost;port=3316;dbname=coffee;charset=utf8
[2023-01-21T15:23:22+08:00][sql] SHOW FULL COLUMNS FROM `information` [ RunTime:0.001391s ]
[2023-01-21T15:23:22+08:00][sql] SELECT * FROM `information` WHERE  `id` = 1 LIMIT 1 [ RunTime:0.000305s ]
[2023-01-21T15:23:22+08:00][sql] SHOW FULL COLUMNS FROM `address` [ RunTime:0.000905s ]
[2023-01-21T15:23:22+08:00][sql] SELECT * FROM `address` WHERE  `id` = 1 LIMIT 1 [ RunTime:0.000256s ]
[2023-01-21T15:23:22+08:00][sql] SELECT * FROM `address` WHERE  `id` = 2 LIMIT 1 [ RunTime:0.000258s ]
[2023-01-21T15:30:15+08:00][sql] CONNECT:[ UseTime:0.000362s ] mysql:host=localhost;port=3316;dbname=coffee;charset=utf8
[2023-01-21T15:30:15+08:00][sql] SHOW FULL COLUMNS FROM `information` [ RunTime:0.001266s ]
[2023-01-21T15:30:15+08:00][sql] SELECT * FROM `information` WHERE  `id` = 1 LIMIT 1 [ RunTime:0.000308s ]
[2023-01-21T15:30:15+08:00][sql] SHOW FULL COLUMNS FROM `address` [ RunTime:0.000925s ]
[2023-01-21T15:30:15+08:00][sql] SELECT * FROM `address` WHERE  `id` = 1 LIMIT 1 [ RunTime:0.000239s ]
[2023-01-21T15:30:15+08:00][sql] SELECT * FROM `address` WHERE  `id` = 2 LIMIT 1 [ RunTime:0.000237s ]
[2023-01-21T19:28:22+08:00][sql] CONNECT:[ UseTime:0.000435s ] mysql:host=localhost;port=3316;dbname=coffee;charset=utf8
[2023-01-21T19:28:22+08:00][sql] SHOW FULL COLUMNS FROM `information` [ RunTime:0.001338s ]
[2023-01-21T19:28:22+08:00][sql] SELECT * FROM `information` ORDER BY `time` DESC LIMIT 1 [ RunTime:0.000351s ]
[2023-01-21T19:28:22+08:00][sql] SHOW FULL COLUMNS FROM `topic` [ RunTime:0.000910s ]
[2023-01-21T19:28:22+08:00][sql] SELECT * FROM `topic` [ RunTime:0.000231s ]
[2023-01-21T19:28:22+08:00][sql] SELECT * FROM `information` ORDER BY `time` DESC [ RunTime:0.000860s ]
[2023-01-21T19:28:22+08:00][sql] SHOW FULL COLUMNS FROM `address` [ RunTime:0.000990s ]
[2023-01-21T19:28:22+08:00][sql] SELECT * FROM `address` WHERE  `id` = 1 LIMIT 1 [ RunTime:0.000355s ]
[2023-01-21T19:28:22+08:00][sql] SELECT * FROM `address` WHERE  `id` = 2 LIMIT 1 [ RunTime:0.000275s ]
[2023-01-21T19:33:32+08:00][sql] CONNECT:[ UseTime:0.000423s ] mysql:host=localhost;port=3316;dbname=coffee;charset=utf8
[2023-01-21T19:33:32+08:00][sql] SHOW FULL COLUMNS FROM `information` [ RunTime:0.001423s ]
[2023-01-21T19:33:32+08:00][sql] SELECT * FROM `information` ORDER BY `time` DESC LIMIT 1 [ RunTime:0.000295s ]
[2023-01-21T19:33:32+08:00][sql] SHOW FULL COLUMNS FROM `topic` [ RunTime:0.000844s ]
[2023-01-21T19:33:32+08:00][sql] SELECT * FROM `topic` [ RunTime:0.000196s ]
[2023-01-21T19:33:32+08:00][sql] SELECT * FROM `information` ORDER BY `time` DESC [ RunTime:0.000901s ]
[2023-01-21T19:33:32+08:00][sql] SHOW FULL COLUMNS FROM `address` [ RunTime:0.000942s ]
[2023-01-21T19:33:32+08:00][sql] SELECT * FROM `address` WHERE  `id` = 1 LIMIT 1 [ RunTime:0.000240s ]
[2023-01-21T19:33:32+08:00][sql] SELECT * FROM `address` WHERE  `id` = 2 LIMIT 1 [ RunTime:0.000199s ]
[2023-01-21T20:11:40+08:00][sql] CONNECT:[ UseTime:0.000377s ] mysql:host=localhost;port=3316;dbname=coffee;charset=utf8
[2023-01-21T20:11:40+08:00][sql] SHOW FULL COLUMNS FROM `information` [ RunTime:0.001274s ]
[2023-01-21T20:11:40+08:00][sql] SELECT * FROM `information` WHERE  `id` = 7 LIMIT 1 [ RunTime:0.000308s ]
[2023-01-21T20:11:40+08:00][sql] SHOW FULL COLUMNS FROM `address` [ RunTime:0.000887s ]
[2023-01-21T20:11:40+08:00][sql] SELECT * FROM `address` WHERE  `id` = 1 LIMIT 1 [ RunTime:0.000247s ]
[2023-01-21T20:11:40+08:00][sql] SELECT * FROM `address` WHERE  `id` = 2 LIMIT 1 [ RunTime:0.000211s ]
[2023-01-21T20:14:50+08:00][sql] CONNECT:[ UseTime:0.000387s ] mysql:host=localhost;port=3316;dbname=coffee;charset=utf8
[2023-01-21T20:14:50+08:00][sql] SHOW FULL COLUMNS FROM `information` [ RunTime:0.001304s ]
[2023-01-21T20:14:50+08:00][sql] SELECT * FROM `information` WHERE  `id` = 7 LIMIT 1 [ RunTime:0.000356s ]
[2023-01-21T20:14:50+08:00][sql] SHOW FULL COLUMNS FROM `address` [ RunTime:0.001050s ]
[2023-01-21T20:14:50+08:00][sql] SELECT * FROM `address` WHERE  `id` = 1 LIMIT 1 [ RunTime:0.000296s ]
[2023-01-21T20:14:50+08:00][sql] SELECT * FROM `address` WHERE  `id` = 2 LIMIT 1 [ RunTime:0.000278s ]
[2023-01-21T23:24:56+08:00][sql] CONNECT:[ UseTime:0.000397s ] mysql:host=localhost;port=3316;dbname=coffee;charset=utf8
[2023-01-21T23:24:56+08:00][sql] SHOW FULL COLUMNS FROM `information` [ RunTime:0.001272s ]
[2023-01-21T23:24:56+08:00][sql] SELECT * FROM `information` WHERE  `id` = 10 LIMIT 1 [ RunTime:0.000315s ]
[2023-01-21T23:24:56+08:00][sql] SHOW FULL COLUMNS FROM `address` [ RunTime:0.000928s ]
[2023-01-21T23:24:56+08:00][sql] SELECT * FROM `address` WHERE  `id` = 1 LIMIT 1 [ RunTime:0.000265s ]
[2023-01-21T23:24:56+08:00][sql] SELECT * FROM `address` WHERE  `id` = 2 LIMIT 1 [ RunTime:0.000252s ]
[2023-01-21T23:31:58+08:00][sql] CONNECT:[ UseTime:0.000392s ] mysql:host=localhost;port=3316;dbname=coffee;charset=utf8
[2023-01-21T23:31:58+08:00][sql] SHOW FULL COLUMNS FROM `information` [ RunTime:0.001279s ]
[2023-01-21T23:31:58+08:00][sql] SELECT * FROM `information` WHERE  `id` = 10 LIMIT 1 [ RunTime:0.000288s ]
[2023-01-21T23:31:58+08:00][sql] SHOW FULL COLUMNS FROM `address` [ RunTime:0.000936s ]
[2023-01-21T23:31:58+08:00][sql] SELECT * FROM `address` WHERE  `id` = 1 LIMIT 1 [ RunTime:0.000268s ]
[2023-01-21T23:31:58+08:00][sql] SELECT * FROM `address` WHERE  `id` = 2 LIMIT 1 [ RunTime:0.000215s ]
