[2023-01-22T04:42:41+08:00][sql] CONNECT:[ UseTime:0.000431s ] mysql:host=localhost;port=3316;dbname=coffee;charset=utf8
[2023-01-22T04:42:41+08:00][sql] SHOW FULL COLUMNS FROM `information` [ RunTime:0.001351s ]
[2023-01-22T04:42:41+08:00][sql] SELECT * FROM `information` WHERE  `id` = 6 LIMIT 1 [ RunTime:0.000324s ]
[2023-01-22T04:42:41+08:00][sql] SHOW FULL COLUMNS FROM `address` [ RunTime:0.000992s ]
[2023-01-22T04:42:41+08:00][sql] SELECT * FROM `address` WHERE  `id` = 1 LIMIT 1 [ RunTime:0.000297s ]
[2023-01-22T04:42:41+08:00][sql] SELECT * FROM `address` WHERE  `id` = 2 LIMIT 1 [ RunTime:0.000253s ]
[2023-01-22T04:46:38+08:00][sql] CONNECT:[ UseTime:0.000470s ] mysql:host=localhost;port=3316;dbname=coffee;charset=utf8
[2023-01-22T04:46:38+08:00][sql] SHOW FULL COLUMNS FROM `information` [ RunTime:0.001916s ]
[2023-01-22T04:46:38+08:00][sql] SELECT * FROM `information` WHERE  `id` = 16 LIMIT 1 [ RunTime:0.000402s ]
[2023-01-22T04:46:38+08:00][sql] SHOW FULL COLUMNS FROM `address` [ RunTime:0.001355s ]
[2023-01-22T04:46:38+08:00][sql] SELECT * FROM `address` WHERE  `id` = 1 LIMIT 1 [ RunTime:0.000288s ]
[2023-01-22T04:46:38+08:00][sql] SELECT * FROM `address` WHERE  `id` = 2 LIMIT 1 [ RunTime:0.000324s ]
[2023-01-22T04:50:38+08:00][sql] CONNECT:[ UseTime:0.000436s ] mysql:host=localhost;port=3316;dbname=coffee;charset=utf8
[2023-01-22T04:50:38+08:00][sql] SHOW FULL COLUMNS FROM `information` [ RunTime:0.001330s ]
[2023-01-22T04:50:38+08:00][sql] SELECT * FROM `information` WHERE  `id` = 5 LIMIT 1 [ RunTime:0.000283s ]
[2023-01-22T04:50:38+08:00][sql] SHOW FULL COLUMNS FROM `address` [ RunTime:0.000938s ]
[2023-01-22T04:50:38+08:00][sql] SELECT * FROM `address` WHERE  `id` = 1 LIMIT 1 [ RunTime:0.000282s ]
[2023-01-22T04:50:38+08:00][sql] SELECT * FROM `address` WHERE  `id` = 2 LIMIT 1 [ RunTime:0.000308s ]
[2023-01-22T04:54:39+08:00][sql] CONNECT:[ UseTime:0.000392s ] mysql:host=localhost;port=3316;dbname=coffee;charset=utf8
[2023-01-22T04:54:39+08:00][sql] SHOW FULL COLUMNS FROM `information` [ RunTime:0.001312s ]
[2023-01-22T04:54:39+08:00][sql] SELECT * FROM `information` WHERE  `id` = 4 LIMIT 1 [ RunTime:0.000354s ]
[2023-01-22T04:54:39+08:00][sql] SHOW FULL COLUMNS FROM `address` [ RunTime:0.000969s ]
[2023-01-22T04:54:39+08:00][sql] SELECT * FROM `address` WHERE  `id` = 1 LIMIT 1 [ RunTime:0.000282s ]
[2023-01-22T04:54:39+08:00][sql] SELECT * FROM `address` WHERE  `id` = 2 LIMIT 1 [ RunTime:0.000258s ]
[2023-01-22T04:55:01+08:00][sql] CONNECT:[ UseTime:0.000378s ] mysql:host=localhost;port=3316;dbname=coffee;charset=utf8
[2023-01-22T04:55:01+08:00][sql] SHOW FULL COLUMNS FROM `information` [ RunTime:0.001340s ]
[2023-01-22T04:55:01+08:00][sql] SELECT * FROM `information` WHERE  `id` = 16 LIMIT 1 [ RunTime:0.000284s ]
[2023-01-22T04:55:01+08:00][sql] SHOW FULL COLUMNS FROM `address` [ RunTime:0.000930s ]
[2023-01-22T04:55:01+08:00][sql] SELECT * FROM `address` WHERE  `id` = 1 LIMIT 1 [ RunTime:0.000261s ]
[2023-01-22T04:55:01+08:00][sql] SELECT * FROM `address` WHERE  `id` = 2 LIMIT 1 [ RunTime:0.000196s ]
[2023-01-22T05:01:16+08:00][sql] CONNECT:[ UseTime:0.000356s ] mysql:host=localhost;port=3316;dbname=coffee;charset=utf8
[2023-01-22T05:01:16+08:00][sql] SHOW FULL COLUMNS FROM `information` [ RunTime:0.001260s ]
[2023-01-22T05:01:16+08:00][sql] SELECT * FROM `information` WHERE  `id` = 5 LIMIT 1 [ RunTime:0.000275s ]
[2023-01-22T05:01:16+08:00][sql] SHOW FULL COLUMNS FROM `address` [ RunTime:0.000937s ]
[2023-01-22T05:01:16+08:00][sql] SELECT * FROM `address` WHERE  `id` = 1 LIMIT 1 [ RunTime:0.000290s ]
[2023-01-22T05:01:16+08:00][sql] SELECT * FROM `address` WHERE  `id` = 2 LIMIT 1 [ RunTime:0.000269s ]
[2023-01-22T05:02:39+08:00][sql] CONNECT:[ UseTime:0.000344s ] mysql:host=localhost;port=3316;dbname=coffee;charset=utf8
[2023-01-22T05:02:39+08:00][sql] SHOW FULL COLUMNS FROM `information` [ RunTime:0.001284s ]
[2023-01-22T05:02:39+08:00][sql] SELECT * FROM `information` WHERE  `id` = 7 LIMIT 1 [ RunTime:0.000303s ]
[2023-01-22T05:02:39+08:00][sql] SHOW FULL COLUMNS FROM `address` [ RunTime:0.000926s ]
[2023-01-22T05:02:39+08:00][sql] SELECT * FROM `address` WHERE  `id` = 1 LIMIT 1 [ RunTime:0.000285s ]
[2023-01-22T05:02:39+08:00][sql] SELECT * FROM `address` WHERE  `id` = 2 LIMIT 1 [ RunTime:0.000223s ]
[2023-01-22T05:34:39+08:00][sql] CONNECT:[ UseTime:0.000409s ] mysql:host=localhost;port=3316;dbname=coffee;charset=utf8
[2023-01-22T05:34:39+08:00][sql] SHOW FULL COLUMNS FROM `information` [ RunTime:0.001348s ]
[2023-01-22T05:34:39+08:00][sql] SELECT * FROM `information` WHERE  `id` = 18 LIMIT 1 [ RunTime:0.000306s ]
[2023-01-22T05:34:39+08:00][sql] SHOW FULL COLUMNS FROM `address` [ RunTime:0.000997s ]
[2023-01-22T05:34:39+08:00][sql] SELECT * FROM `address` WHERE  `id` = 1 LIMIT 1 [ RunTime:0.000349s ]
[2023-01-22T05:34:39+08:00][sql] SELECT * FROM `address` WHERE  `id` = 2 LIMIT 1 [ RunTime:0.000253s ]
[2023-01-22T05:37:07+08:00][sql] CONNECT:[ UseTime:0.000384s ] mysql:host=localhost;port=3316;dbname=coffee;charset=utf8
[2023-01-22T05:37:07+08:00][sql] SHOW FULL COLUMNS FROM `information` [ RunTime:0.001355s ]
[2023-01-22T05:37:07+08:00][sql] SELECT * FROM `information` WHERE  `id` = 18 LIMIT 1 [ RunTime:0.000288s ]
[2023-01-22T05:37:07+08:00][sql] SHOW FULL COLUMNS FROM `address` [ RunTime:0.001006s ]
[2023-01-22T05:37:07+08:00][sql] SELECT * FROM `address` WHERE  `id` = 1 LIMIT 1 [ RunTime:0.000303s ]
[2023-01-22T05:37:07+08:00][sql] SELECT * FROM `address` WHERE  `id` = 2 LIMIT 1 [ RunTime:0.000214s ]
[2023-01-22T05:38:39+08:00][sql] CONNECT:[ UseTime:0.000413s ] mysql:host=localhost;port=3316;dbname=coffee;charset=utf8
[2023-01-22T05:38:39+08:00][sql] SHOW FULL COLUMNS FROM `information` [ RunTime:0.001323s ]
[2023-01-22T05:38:39+08:00][sql] SELECT * FROM `information` WHERE  `id` = 3 LIMIT 1 [ RunTime:0.000334s ]
[2023-01-22T05:38:39+08:00][sql] SHOW FULL COLUMNS FROM `address` [ RunTime:0.001028s ]
[2023-01-22T05:38:39+08:00][sql] SELECT * FROM `address` WHERE  `id` = 1 LIMIT 1 [ RunTime:0.000312s ]
[2023-01-22T05:38:39+08:00][sql] SELECT * FROM `address` WHERE  `id` = 2 LIMIT 1 [ RunTime:0.000247s ]
[2023-01-22T05:41:24+08:00][sql] CONNECT:[ UseTime:0.000431s ] mysql:host=localhost;port=3316;dbname=coffee;charset=utf8
[2023-01-22T05:41:24+08:00][sql] SHOW FULL COLUMNS FROM `information` [ RunTime:0.002094s ]
[2023-01-22T05:41:24+08:00][sql] SELECT * FROM `information` WHERE  `id` = 3 LIMIT 1 [ RunTime:0.000350s ]
[2023-01-22T05:41:24+08:00][sql] SHOW FULL COLUMNS FROM `address` [ RunTime:0.000993s ]
[2023-01-22T05:41:24+08:00][sql] SELECT * FROM `address` WHERE  `id` = 1 LIMIT 1 [ RunTime:0.000291s ]
[2023-01-22T05:41:24+08:00][sql] SELECT * FROM `address` WHERE  `id` = 2 LIMIT 1 [ RunTime:0.000286s ]
[2023-01-22T05:54:44+08:00][sql] CONNECT:[ UseTime:0.000376s ] mysql:host=localhost;port=3316;dbname=coffee;charset=utf8
[2023-01-22T05:54:44+08:00][sql] SHOW FULL COLUMNS FROM `information` [ RunTime:0.001314s ]
[2023-01-22T05:54:44+08:00][sql] SELECT * FROM `information` WHERE  `id` = 8 LIMIT 1 [ RunTime:0.000326s ]
[2023-01-22T05:54:44+08:00][sql] SHOW FULL COLUMNS FROM `address` [ RunTime:0.000942s ]
[2023-01-22T05:54:44+08:00][sql] SELECT * FROM `address` WHERE  `id` = 1 LIMIT 1 [ RunTime:0.000279s ]
[2023-01-22T05:54:44+08:00][sql] SELECT * FROM `address` WHERE  `id` = 2 LIMIT 1 [ RunTime:0.000249s ]
[2023-01-22T05:58:47+08:00][sql] CONNECT:[ UseTime:0.000369s ] mysql:host=localhost;port=3316;dbname=coffee;charset=utf8
[2023-01-22T05:58:47+08:00][sql] SHOW FULL COLUMNS FROM `information` [ RunTime:0.001217s ]
[2023-01-22T05:58:47+08:00][sql] SELECT * FROM `information` WHERE  `id` = 19 LIMIT 1 [ RunTime:0.000290s ]
[2023-01-22T05:58:47+08:00][sql] SHOW FULL COLUMNS FROM `address` [ RunTime:0.000894s ]
[2023-01-22T05:58:47+08:00][sql] SELECT * FROM `address` WHERE  `id` = 1 LIMIT 1 [ RunTime:0.000246s ]
[2023-01-22T05:58:47+08:00][sql] SELECT * FROM `address` WHERE  `id` = 2 LIMIT 1 [ RunTime:0.000217s ]
[2023-01-22T08:30:02+08:00][sql] CONNECT:[ UseTime:0.000457s ] mysql:host=localhost;port=3316;dbname=coffee;charset=utf8
[2023-01-22T08:30:02+08:00][sql] SHOW FULL COLUMNS FROM `information` [ RunTime:0.001308s ]
[2023-01-22T08:30:02+08:00][sql] SELECT * FROM `information` WHERE  `id` = 11 LIMIT 1 [ RunTime:0.000342s ]
[2023-01-22T08:30:02+08:00][sql] SHOW FULL COLUMNS FROM `address` [ RunTime:0.000981s ]
[2023-01-22T08:30:02+08:00][sql] SELECT * FROM `address` WHERE  `id` = 1 LIMIT 1 [ RunTime:0.000276s ]
[2023-01-22T08:30:02+08:00][sql] SELECT * FROM `address` WHERE  `id` = 2 LIMIT 1 [ RunTime:0.000242s ]
[2023-01-22T08:34:03+08:00][sql] CONNECT:[ UseTime:0.000429s ] mysql:host=localhost;port=3316;dbname=coffee;charset=utf8
[2023-01-22T08:34:03+08:00][sql] SHOW FULL COLUMNS FROM `information` [ RunTime:0.001282s ]
[2023-01-22T08:34:03+08:00][sql] SELECT * FROM `information` WHERE  `id` = 11 LIMIT 1 [ RunTime:0.000346s ]
[2023-01-22T08:34:03+08:00][sql] SHOW FULL COLUMNS FROM `address` [ RunTime:0.000977s ]
[2023-01-22T08:34:03+08:00][sql] SELECT * FROM `address` WHERE  `id` = 1 LIMIT 1 [ RunTime:0.000280s ]
[2023-01-22T08:34:03+08:00][sql] SELECT * FROM `address` WHERE  `id` = 2 LIMIT 1 [ RunTime:0.000230s ]
[2023-01-22T09:20:06+08:00][sql] CONNECT:[ UseTime:0.000456s ] mysql:host=localhost;port=3316;dbname=coffee;charset=utf8
[2023-01-22T09:20:06+08:00][sql] SHOW FULL COLUMNS FROM `information` [ RunTime:0.001738s ]
[2023-01-22T09:20:06+08:00][sql] SELECT * FROM `information` WHERE  `id` = 2 LIMIT 1 [ RunTime:0.000366s ]
[2023-01-22T09:20:06+08:00][sql] SHOW FULL COLUMNS FROM `address` [ RunTime:0.001294s ]
[2023-01-22T09:20:06+08:00][sql] SELECT * FROM `address` WHERE  `id` = 1 LIMIT 1 [ RunTime:0.000341s ]
[2023-01-22T09:20:06+08:00][sql] SELECT * FROM `address` WHERE  `id` = 2 LIMIT 1 [ RunTime:0.000269s ]
[2023-01-22T09:28:31+08:00][sql] CONNECT:[ UseTime:0.000413s ] mysql:host=localhost;port=3316;dbname=coffee;charset=utf8
[2023-01-22T09:28:31+08:00][sql] SHOW FULL COLUMNS FROM `information` [ RunTime:0.001256s ]
[2023-01-22T09:28:31+08:00][sql] SELECT * FROM `information` WHERE  `id` = 2 LIMIT 1 [ RunTime:0.000297s ]
[2023-01-22T09:28:31+08:00][sql] SHOW FULL COLUMNS FROM `address` [ RunTime:0.000890s ]
[2023-01-22T09:28:31+08:00][sql] SELECT * FROM `address` WHERE  `id` = 1 LIMIT 1 [ RunTime:0.000269s ]
[2023-01-22T09:28:31+08:00][sql] SELECT * FROM `address` WHERE  `id` = 2 LIMIT 1 [ RunTime:0.000242s ]
[2023-01-22T15:09:51+08:00][sql] CONNECT:[ UseTime:0.000396s ] mysql:host=localhost;port=3316;dbname=coffee;charset=utf8
[2023-01-22T15:09:51+08:00][sql] SHOW FULL COLUMNS FROM `information` [ RunTime:0.001324s ]
[2023-01-22T15:09:51+08:00][sql] SELECT * FROM `information` WHERE  `id` = 7 LIMIT 1 [ RunTime:0.000283s ]
[2023-01-22T15:09:51+08:00][sql] SHOW FULL COLUMNS FROM `address` [ RunTime:0.000950s ]
[2023-01-22T15:09:51+08:00][sql] SELECT * FROM `address` WHERE  `id` = 1 LIMIT 1 [ RunTime:0.000248s ]
[2023-01-22T15:09:51+08:00][sql] SELECT * FROM `address` WHERE  `id` = 2 LIMIT 1 [ RunTime:0.000219s ]
[2023-01-22T15:28:51+08:00][sql] CONNECT:[ UseTime:0.000369s ] mysql:host=localhost;port=3316;dbname=coffee;charset=utf8
[2023-01-22T15:28:51+08:00][sql] SHOW FULL COLUMNS FROM `information` [ RunTime:0.001312s ]
[2023-01-22T15:28:51+08:00][sql] SELECT * FROM `information` WHERE  `id` = 19 LIMIT 1 [ RunTime:0.000280s ]
[2023-01-22T15:28:51+08:00][sql] SHOW FULL COLUMNS FROM `address` [ RunTime:0.000927s ]
[2023-01-22T15:28:51+08:00][sql] SELECT * FROM `address` WHERE  `id` = 1 LIMIT 1 [ RunTime:0.000248s ]
[2023-01-22T15:28:51+08:00][sql] SELECT * FROM `address` WHERE  `id` = 2 LIMIT 1 [ RunTime:0.000256s ]
[2023-01-22T18:14:56+08:00][sql] CONNECT:[ UseTime:0.000452s ] mysql:host=localhost;port=3316;dbname=coffee;charset=utf8
[2023-01-22T18:14:56+08:00][sql] SHOW FULL COLUMNS FROM `information` [ RunTime:0.001655s ]
[2023-01-22T18:14:56+08:00][sql] SELECT * FROM `information` WHERE  `id` = 9 LIMIT 1 [ RunTime:0.000347s ]
[2023-01-22T18:14:56+08:00][sql] SHOW FULL COLUMNS FROM `address` [ RunTime:0.001162s ]
[2023-01-22T18:14:56+08:00][sql] SELECT * FROM `address` WHERE  `id` = 1 LIMIT 1 [ RunTime:0.000270s ]
[2023-01-22T18:14:56+08:00][sql] SELECT * FROM `address` WHERE  `id` = 2 LIMIT 1 [ RunTime:0.000237s ]
[2023-01-22T18:18:09+08:00][sql] CONNECT:[ UseTime:0.000478s ] mysql:host=localhost;port=3316;dbname=coffee;charset=utf8
[2023-01-22T18:18:09+08:00][sql] SHOW FULL COLUMNS FROM `information` [ RunTime:0.001359s ]
[2023-01-22T18:18:09+08:00][sql] SELECT * FROM `information` WHERE  `id` = 9 LIMIT 1 [ RunTime:0.001514s ]
[2023-01-22T18:18:09+08:00][sql] SHOW FULL COLUMNS FROM `address` [ RunTime:0.001056s ]
[2023-01-22T18:18:09+08:00][sql] SELECT * FROM `address` WHERE  `id` = 1 LIMIT 1 [ RunTime:0.000246s ]
[2023-01-22T18:18:09+08:00][sql] SELECT * FROM `address` WHERE  `id` = 2 LIMIT 1 [ RunTime:0.000216s ]
