[2023-01-25T02:47:14+08:00][sql] CONNECT:[ UseTime:0.000490s ] mysql:host=localhost;port=3316;dbname=coffee;charset=utf8
[2023-01-25T02:47:14+08:00][sql] SHOW FULL COLUMNS FROM `information` [ RunTime:0.001868s ]
[2023-01-25T02:47:14+08:00][sql] SELECT * FROM `information` WHERE  `id` = 2 LIMIT 1 [ RunTime:0.000377s ]
[2023-01-25T02:47:14+08:00][sql] SHOW FULL COLUMNS FROM `address` [ RunTime:0.001340s ]
[2023-01-25T02:47:14+08:00][sql] SELECT * FROM `address` WHERE  `id` = 1 LIMIT 1 [ RunTime:0.000407s ]
[2023-01-25T02:47:14+08:00][sql] SELECT * FROM `address` WHERE  `id` = 2 LIMIT 1 [ RunTime:0.000283s ]
[2023-01-25T03:08:57+08:00][sql] CONNECT:[ UseTime:0.000473s ] mysql:host=localhost;port=3316;dbname=coffee;charset=utf8
[2023-01-25T03:08:57+08:00][sql] SHOW FULL COLUMNS FROM `information` [ RunTime:0.001859s ]
[2023-01-25T03:08:57+08:00][sql] SELECT * FROM `information` WHERE  `id` = 15 LIMIT 1 [ RunTime:0.000374s ]
[2023-01-25T03:08:57+08:00][sql] SHOW FULL COLUMNS FROM `address` [ RunTime:0.001363s ]
[2023-01-25T03:08:57+08:00][sql] SELECT * FROM `address` WHERE  `id` = 1 LIMIT 1 [ RunTime:0.000319s ]
[2023-01-25T03:08:57+08:00][sql] SELECT * FROM `address` WHERE  `id` = 2 LIMIT 1 [ RunTime:0.000290s ]
[2023-01-25T03:09:01+08:00][sql] CONNECT:[ UseTime:0.000359s ] mysql:host=localhost;port=3316;dbname=coffee;charset=utf8
[2023-01-25T03:09:01+08:00][sql] SHOW FULL COLUMNS FROM `information` [ RunTime:0.001275s ]
[2023-01-25T03:09:01+08:00][sql] SELECT * FROM `information` WHERE  `id` = 19 LIMIT 1 [ RunTime:0.000313s ]
[2023-01-25T03:09:01+08:00][sql] SHOW FULL COLUMNS FROM `address` [ RunTime:0.000984s ]
[2023-01-25T03:09:01+08:00][sql] SELECT * FROM `address` WHERE  `id` = 1 LIMIT 1 [ RunTime:0.000240s ]
[2023-01-25T03:09:01+08:00][sql] SELECT * FROM `address` WHERE  `id` = 2 LIMIT 1 [ RunTime:0.000209s ]
[2023-01-25T03:09:02+08:00][sql] CONNECT:[ UseTime:0.000376s ] mysql:host=localhost;port=3316;dbname=coffee;charset=utf8
[2023-01-25T03:09:02+08:00][sql] SHOW FULL COLUMNS FROM `information` [ RunTime:0.001255s ]
[2023-01-25T03:09:02+08:00][sql] SELECT * FROM `information` WHERE  `id` = 18 LIMIT 1 [ RunTime:0.000333s ]
[2023-01-25T03:09:02+08:00][sql] SHOW FULL COLUMNS FROM `address` [ RunTime:0.000952s ]
[2023-01-25T03:09:02+08:00][sql] SELECT * FROM `address` WHERE  `id` = 1 LIMIT 1 [ RunTime:0.000276s ]
[2023-01-25T03:09:02+08:00][sql] SELECT * FROM `address` WHERE  `id` = 2 LIMIT 1 [ RunTime:0.000263s ]
[2023-01-25T03:09:03+08:00][sql] CONNECT:[ UseTime:0.000388s ] mysql:host=localhost;port=3316;dbname=coffee;charset=utf8
[2023-01-25T03:09:03+08:00][sql] SHOW FULL COLUMNS FROM `information` [ RunTime:0.001250s ]
[2023-01-25T03:09:03+08:00][sql] SELECT * FROM `information` WHERE  `id` = 17 LIMIT 1 [ RunTime:0.000343s ]
[2023-01-25T03:09:03+08:00][sql] SHOW FULL COLUMNS FROM `address` [ RunTime:0.000946s ]
[2023-01-25T03:09:03+08:00][sql] SELECT * FROM `address` WHERE  `id` = 1 LIMIT 1 [ RunTime:0.000274s ]
[2023-01-25T03:09:03+08:00][sql] SELECT * FROM `address` WHERE  `id` = 2 LIMIT 1 [ RunTime:0.000244s ]
[2023-01-25T03:09:04+08:00][sql] CONNECT:[ UseTime:0.000414s ] mysql:host=localhost;port=3316;dbname=coffee;charset=utf8
[2023-01-25T03:09:04+08:00][sql] SHOW FULL COLUMNS FROM `information` [ RunTime:0.001323s ]
[2023-01-25T03:09:04+08:00][sql] SELECT * FROM `information` WHERE  `id` = 16 LIMIT 1 [ RunTime:0.000385s ]
[2023-01-25T03:09:04+08:00][sql] SHOW FULL COLUMNS FROM `address` [ RunTime:0.000957s ]
[2023-01-25T03:09:04+08:00][sql] SELECT * FROM `address` WHERE  `id` = 1 LIMIT 1 [ RunTime:0.000295s ]
[2023-01-25T03:09:04+08:00][sql] SELECT * FROM `address` WHERE  `id` = 2 LIMIT 1 [ RunTime:0.000257s ]
[2023-01-25T03:09:48+08:00][sql] CONNECT:[ UseTime:0.000378s ] mysql:host=localhost;port=3316;dbname=coffee;charset=utf8
[2023-01-25T03:09:48+08:00][sql] SHOW FULL COLUMNS FROM `information` [ RunTime:0.001464s ]
[2023-01-25T03:09:48+08:00][sql] SELECT * FROM `information` WHERE  `id` = 17 LIMIT 1 [ RunTime:0.000306s ]
[2023-01-25T03:09:48+08:00][sql] SHOW FULL COLUMNS FROM `address` [ RunTime:0.001000s ]
[2023-01-25T03:09:48+08:00][sql] SELECT * FROM `address` WHERE  `id` = 1 LIMIT 1 [ RunTime:0.000270s ]
[2023-01-25T03:09:48+08:00][sql] SELECT * FROM `address` WHERE  `id` = 2 LIMIT 1 [ RunTime:0.000216s ]
[2023-01-25T03:16:02+08:00][sql] CONNECT:[ UseTime:0.000473s ] mysql:host=localhost;port=3316;dbname=coffee;charset=utf8
[2023-01-25T03:16:02+08:00][sql] SHOW FULL COLUMNS FROM `information` [ RunTime:0.001262s ]
[2023-01-25T03:16:02+08:00][sql] SELECT * FROM `information` WHERE  `id` = 16 LIMIT 1 [ RunTime:0.000305s ]
[2023-01-25T03:16:02+08:00][sql] SHOW FULL COLUMNS FROM `address` [ RunTime:0.000923s ]
[2023-01-25T03:16:02+08:00][sql] SELECT * FROM `address` WHERE  `id` = 1 LIMIT 1 [ RunTime:0.000249s ]
[2023-01-25T03:16:02+08:00][sql] SELECT * FROM `address` WHERE  `id` = 2 LIMIT 1 [ RunTime:0.000229s ]
[2023-01-25T03:16:57+08:00][sql] CONNECT:[ UseTime:0.000410s ] mysql:host=localhost;port=3316;dbname=coffee;charset=utf8
[2023-01-25T03:16:57+08:00][sql] SHOW FULL COLUMNS FROM `information` [ RunTime:0.001261s ]
[2023-01-25T03:16:57+08:00][sql] SELECT * FROM `information` WHERE  `id` = 15 LIMIT 1 [ RunTime:0.000318s ]
[2023-01-25T03:16:57+08:00][sql] SHOW FULL COLUMNS FROM `address` [ RunTime:0.001058s ]
[2023-01-25T03:16:57+08:00][sql] SELECT * FROM `address` WHERE  `id` = 1 LIMIT 1 [ RunTime:0.000277s ]
[2023-01-25T03:16:57+08:00][sql] SELECT * FROM `address` WHERE  `id` = 2 LIMIT 1 [ RunTime:0.000307s ]
[2023-01-25T06:03:17+08:00][sql] CONNECT:[ UseTime:0.000420s ] mysql:host=localhost;port=3316;dbname=coffee;charset=utf8
[2023-01-25T06:03:17+08:00][sql] SHOW FULL COLUMNS FROM `information` [ RunTime:0.001353s ]
[2023-01-25T06:03:17+08:00][sql] SELECT * FROM `information` WHERE  `id` = 11 LIMIT 1 [ RunTime:0.000352s ]
[2023-01-25T06:03:17+08:00][sql] SHOW FULL COLUMNS FROM `address` [ RunTime:0.000947s ]
[2023-01-25T06:03:17+08:00][sql] SELECT * FROM `address` WHERE  `id` = 1 LIMIT 1 [ RunTime:0.000272s ]
[2023-01-25T06:03:17+08:00][sql] SELECT * FROM `address` WHERE  `id` = 2 LIMIT 1 [ RunTime:0.000243s ]
[2023-01-25T06:09:04+08:00][sql] CONNECT:[ UseTime:0.001893s ] mysql:host=localhost;port=3316;dbname=coffee;charset=utf8
[2023-01-25T06:09:04+08:00][sql] SHOW FULL COLUMNS FROM `information` [ RunTime:0.001343s ]
[2023-01-25T06:09:04+08:00][sql] SELECT * FROM `information` WHERE  `id` = 11 LIMIT 1 [ RunTime:0.000418s ]
[2023-01-25T06:09:04+08:00][sql] SHOW FULL COLUMNS FROM `address` [ RunTime:0.001101s ]
[2023-01-25T06:09:04+08:00][sql] SELECT * FROM `address` WHERE  `id` = 1 LIMIT 1 [ RunTime:0.000330s ]
[2023-01-25T06:09:04+08:00][sql] SELECT * FROM `address` WHERE  `id` = 2 LIMIT 1 [ RunTime:0.000290s ]
[2023-01-25T06:24:38+08:00][sql] CONNECT:[ UseTime:0.000419s ] mysql:host=localhost;port=3316;dbname=coffee;charset=utf8
[2023-01-25T06:24:38+08:00][sql] SHOW FULL COLUMNS FROM `information` [ RunTime:0.001284s ]
[2023-01-25T06:24:38+08:00][sql] SELECT * FROM `information` WHERE  `id` = 19 LIMIT 1 [ RunTime:0.000363s ]
[2023-01-25T06:24:38+08:00][sql] SHOW FULL COLUMNS FROM `address` [ RunTime:0.000960s ]
[2023-01-25T06:24:38+08:00][sql] SELECT * FROM `address` WHERE  `id` = 1 LIMIT 1 [ RunTime:0.000282s ]
[2023-01-25T06:24:38+08:00][sql] SELECT * FROM `address` WHERE  `id` = 2 LIMIT 1 [ RunTime:0.000250s ]
[2023-01-25T06:33:37+08:00][sql] CONNECT:[ UseTime:0.000401s ] mysql:host=localhost;port=3316;dbname=coffee;charset=utf8
[2023-01-25T06:33:37+08:00][sql] SHOW FULL COLUMNS FROM `information` [ RunTime:0.001263s ]
[2023-01-25T06:33:37+08:00][sql] SELECT * FROM `information` WHERE  `id` = 19 LIMIT 1 [ RunTime:0.000281s ]
[2023-01-25T06:33:37+08:00][sql] SHOW FULL COLUMNS FROM `address` [ RunTime:0.000935s ]
[2023-01-25T06:33:37+08:00][sql] SELECT * FROM `address` WHERE  `id` = 1 LIMIT 1 [ RunTime:0.000259s ]
[2023-01-25T06:33:37+08:00][sql] SELECT * FROM `address` WHERE  `id` = 2 LIMIT 1 [ RunTime:0.000218s ]
[2023-01-25T17:05:49+08:00][sql] CONNECT:[ UseTime:0.000432s ] mysql:host=localhost;port=3316;dbname=coffee;charset=utf8
[2023-01-25T17:05:49+08:00][sql] SHOW FULL COLUMNS FROM `information` [ RunTime:0.001301s ]
[2023-01-25T17:05:49+08:00][sql] SELECT * FROM `information` WHERE  `id` = 7 LIMIT 1 [ RunTime:0.000342s ]
[2023-01-25T17:05:49+08:00][sql] SHOW FULL COLUMNS FROM `address` [ RunTime:0.000949s ]
[2023-01-25T17:05:49+08:00][sql] SELECT * FROM `address` WHERE  `id` = 1 LIMIT 1 [ RunTime:0.000275s ]
[2023-01-25T17:05:49+08:00][sql] SELECT * FROM `address` WHERE  `id` = 2 LIMIT 1 [ RunTime:0.000252s ]
[2023-01-25T18:01:58+08:00][sql] CONNECT:[ UseTime:0.000397s ] mysql:host=localhost;port=3316;dbname=coffee;charset=utf8
[2023-01-25T18:01:58+08:00][sql] SHOW FULL COLUMNS FROM `information` [ RunTime:0.001360s ]
[2023-01-25T18:01:58+08:00][sql] SELECT * FROM `information` WHERE  `id` = 7 LIMIT 1 [ RunTime:0.000340s ]
[2023-01-25T18:01:58+08:00][sql] SHOW FULL COLUMNS FROM `address` [ RunTime:0.001105s ]
[2023-01-25T18:01:58+08:00][sql] SELECT * FROM `address` WHERE  `id` = 1 LIMIT 1 [ RunTime:0.000277s ]
[2023-01-25T18:01:58+08:00][sql] SELECT * FROM `address` WHERE  `id` = 2 LIMIT 1 [ RunTime:0.000244s ]
