[2023-03-05T00:16:15+08:00][sql] CONNECT:[ UseTime:0.000350s ] mysql:host=localhost;port=3316;dbname=coffee;charset=utf8
[2023-03-05T00:16:15+08:00][sql] SHOW FULL COLUMNS FROM `banner` [ RunTime:0.001245s ]
[2023-03-05T00:16:15+08:00][sql] SELECT * FROM `banner` [ RunTime:0.000261s ]
[2023-03-05T00:16:15+08:00][sql] SHOW FULL COLUMNS FROM `information` [ RunTime:0.001108s ]
[2023-03-05T00:16:15+08:00][sql] SELECT * FROM `information` ORDER BY `time` DESC LIMIT 1 [ RunTime:0.000288s ]
[2023-03-05T00:16:15+08:00][sql] SELECT * FROM `information` ORDER BY `time` DESC LIMIT 1,4 [ RunTime:0.000357s ]
[2023-03-05T00:16:15+08:00][sql] SHOW FULL COLUMNS FROM `course` [ RunTime:0.001064s ]
[2023-03-05T00:16:15+08:00][sql] SELECT `id`,`title` FROM `course` ORDER BY `sorting` ASC LIMIT 0,6 [ RunTime:0.000243s ]
[2023-03-05T00:16:15+08:00][sql] SHOW FULL COLUMNS FROM `teacher` [ RunTime:0.000901s ]
[2023-03-05T00:16:15+08:00][sql] SELECT * FROM `teacher` [ RunTime:0.000226s ]
[2023-03-05T00:16:15+08:00][sql] SHOW FULL COLUMNS FROM `address` [ RunTime:0.000883s ]
[2023-03-05T00:16:15+08:00][sql] SELECT * FROM `address` WHERE  `id` = 1 LIMIT 1 [ RunTime:0.000255s ]
[2023-03-05T00:16:15+08:00][sql] SELECT * FROM `address` WHERE  `id` = 2 LIMIT 1 [ RunTime:0.000216s ]
[2023-03-05T01:16:24+08:00][sql] CONNECT:[ UseTime:0.000384s ] mysql:host=localhost;port=3316;dbname=coffee;charset=utf8
[2023-03-05T01:16:24+08:00][sql] SHOW FULL COLUMNS FROM `banner` [ RunTime:0.001204s ]
[2023-03-05T01:16:24+08:00][sql] SELECT * FROM `banner` [ RunTime:0.000212s ]
[2023-03-05T01:16:24+08:00][sql] SHOW FULL COLUMNS FROM `information` [ RunTime:0.000972s ]
[2023-03-05T01:16:24+08:00][sql] SELECT * FROM `information` ORDER BY `time` DESC LIMIT 1 [ RunTime:0.000310s ]
[2023-03-05T01:16:24+08:00][sql] SELECT * FROM `information` ORDER BY `time` DESC LIMIT 1,4 [ RunTime:0.000327s ]
[2023-03-05T01:16:24+08:00][sql] SHOW FULL COLUMNS FROM `course` [ RunTime:0.001099s ]
[2023-03-05T01:16:24+08:00][sql] SELECT `id`,`title` FROM `course` ORDER BY `sorting` ASC LIMIT 0,6 [ RunTime:0.000264s ]
[2023-03-05T01:16:24+08:00][sql] SHOW FULL COLUMNS FROM `teacher` [ RunTime:0.000903s ]
[2023-03-05T01:16:24+08:00][sql] SELECT * FROM `teacher` [ RunTime:0.000219s ]
[2023-03-05T01:16:24+08:00][sql] SHOW FULL COLUMNS FROM `address` [ RunTime:0.000893s ]
[2023-03-05T01:16:24+08:00][sql] SELECT * FROM `address` WHERE  `id` = 1 LIMIT 1 [ RunTime:0.000241s ]
[2023-03-05T01:16:24+08:00][sql] SELECT * FROM `address` WHERE  `id` = 2 LIMIT 1 [ RunTime:0.000246s ]
[2023-03-05T01:16:24+08:00][sql] CONNECT:[ UseTime:0.000407s ] mysql:host=localhost;port=3316;dbname=coffee;charset=utf8
[2023-03-05T01:16:24+08:00][sql] SHOW FULL COLUMNS FROM `banner` [ RunTime:0.001247s ]
[2023-03-05T01:16:24+08:00][sql] SELECT * FROM `banner` [ RunTime:0.000238s ]
[2023-03-05T01:16:24+08:00][sql] SHOW FULL COLUMNS FROM `information` [ RunTime:0.001007s ]
[2023-03-05T01:16:24+08:00][sql] SELECT * FROM `information` ORDER BY `time` DESC LIMIT 1 [ RunTime:0.000279s ]
[2023-03-05T01:16:24+08:00][sql] SELECT * FROM `information` ORDER BY `time` DESC LIMIT 1,4 [ RunTime:0.000316s ]
[2023-03-05T01:16:24+08:00][sql] SHOW FULL COLUMNS FROM `course` [ RunTime:0.001023s ]
[2023-03-05T01:16:24+08:00][sql] SELECT `id`,`title` FROM `course` ORDER BY `sorting` ASC LIMIT 0,6 [ RunTime:0.000233s ]
[2023-03-05T01:16:24+08:00][sql] SHOW FULL COLUMNS FROM `teacher` [ RunTime:0.000882s ]
[2023-03-05T01:16:24+08:00][sql] SELECT * FROM `teacher` [ RunTime:0.000223s ]
[2023-03-05T01:16:24+08:00][sql] SHOW FULL COLUMNS FROM `address` [ RunTime:0.000955s ]
[2023-03-05T01:16:24+08:00][sql] SELECT * FROM `address` WHERE  `id` = 1 LIMIT 1 [ RunTime:0.000264s ]
[2023-03-05T01:16:24+08:00][sql] SELECT * FROM `address` WHERE  `id` = 2 LIMIT 1 [ RunTime:0.000229s ]
[2023-03-05T02:04:00+08:00][sql] CONNECT:[ UseTime:0.000477s ] mysql:host=localhost;port=3316;dbname=coffee;charset=utf8
[2023-03-05T02:04:00+08:00][sql] SHOW FULL COLUMNS FROM `banner` [ RunTime:0.001438s ]
[2023-03-05T02:04:00+08:00][sql] SELECT * FROM `banner` [ RunTime:0.000245s ]
[2023-03-05T02:04:00+08:00][sql] SHOW FULL COLUMNS FROM `information` [ RunTime:0.001792s ]
[2023-03-05T02:04:00+08:00][sql] SELECT * FROM `information` ORDER BY `time` DESC LIMIT 1 [ RunTime:0.000454s ]
[2023-03-05T02:04:00+08:00][sql] SELECT * FROM `information` ORDER BY `time` DESC LIMIT 1,4 [ RunTime:0.000579s ]
[2023-03-05T02:04:00+08:00][sql] SHOW FULL COLUMNS FROM `course` [ RunTime:0.001668s ]
[2023-03-05T02:04:00+08:00][sql] SELECT `id`,`title` FROM `course` ORDER BY `sorting` ASC LIMIT 0,6 [ RunTime:0.000395s ]
[2023-03-05T02:04:00+08:00][sql] SHOW FULL COLUMNS FROM `teacher` [ RunTime:0.001299s ]
[2023-03-05T02:04:00+08:00][sql] SELECT * FROM `teacher` [ RunTime:0.000376s ]
[2023-03-05T02:04:00+08:00][sql] SHOW FULL COLUMNS FROM `address` [ RunTime:0.001381s ]
[2023-03-05T02:04:00+08:00][sql] SELECT * FROM `address` WHERE  `id` = 1 LIMIT 1 [ RunTime:0.000426s ]
[2023-03-05T02:04:00+08:00][sql] SELECT * FROM `address` WHERE  `id` = 2 LIMIT 1 [ RunTime:0.000392s ]
[2023-03-05T02:58:44+08:00][sql] CONNECT:[ UseTime:0.000423s ] mysql:host=localhost;port=3316;dbname=coffee;charset=utf8
[2023-03-05T02:58:44+08:00][sql] SHOW FULL COLUMNS FROM `banner` [ RunTime:0.001238s ]
[2023-03-05T02:58:44+08:00][sql] SELECT * FROM `banner` [ RunTime:0.000255s ]
[2023-03-05T02:58:44+08:00][sql] SHOW FULL COLUMNS FROM `information` [ RunTime:0.000998s ]
[2023-03-05T02:58:44+08:00][sql] SELECT * FROM `information` ORDER BY `time` DESC LIMIT 1 [ RunTime:0.000316s ]
[2023-03-05T02:58:44+08:00][sql] SELECT * FROM `information` ORDER BY `time` DESC LIMIT 1,4 [ RunTime:0.000392s ]
[2023-03-05T02:58:44+08:00][sql] SHOW FULL COLUMNS FROM `course` [ RunTime:0.001116s ]
[2023-03-05T02:58:44+08:00][sql] SELECT `id`,`title` FROM `course` ORDER BY `sorting` ASC LIMIT 0,6 [ RunTime:0.000272s ]
[2023-03-05T02:58:44+08:00][sql] SHOW FULL COLUMNS FROM `teacher` [ RunTime:0.000980s ]
[2023-03-05T02:58:44+08:00][sql] SELECT * FROM `teacher` [ RunTime:0.000266s ]
[2023-03-05T02:58:44+08:00][sql] SHOW FULL COLUMNS FROM `address` [ RunTime:0.001009s ]
[2023-03-05T02:58:44+08:00][sql] SELECT * FROM `address` WHERE  `id` = 1 LIMIT 1 [ RunTime:0.000295s ]
[2023-03-05T02:58:44+08:00][sql] SELECT * FROM `address` WHERE  `id` = 2 LIMIT 1 [ RunTime:0.000248s ]
[2023-03-05T03:05:22+08:00][sql] CONNECT:[ UseTime:0.000444s ] mysql:host=localhost;port=3316;dbname=coffee;charset=utf8
[2023-03-05T03:05:22+08:00][sql] SHOW FULL COLUMNS FROM `banner` [ RunTime:0.001218s ]
[2023-03-05T03:05:22+08:00][sql] SELECT * FROM `banner` [ RunTime:0.000265s ]
[2023-03-05T03:05:22+08:00][sql] SHOW FULL COLUMNS FROM `information` [ RunTime:0.000998s ]
[2023-03-05T03:05:22+08:00][sql] SELECT * FROM `information` ORDER BY `time` DESC LIMIT 1 [ RunTime:0.000316s ]
[2023-03-05T03:05:22+08:00][sql] SELECT * FROM `information` ORDER BY `time` DESC LIMIT 1,4 [ RunTime:0.000387s ]
[2023-03-05T03:05:22+08:00][sql] SHOW FULL COLUMNS FROM `course` [ RunTime:0.001100s ]
[2023-03-05T03:05:22+08:00][sql] SELECT `id`,`title` FROM `course` ORDER BY `sorting` ASC LIMIT 0,6 [ RunTime:0.000268s ]
[2023-03-05T03:05:22+08:00][sql] SHOW FULL COLUMNS FROM `teacher` [ RunTime:0.000912s ]
[2023-03-05T03:05:22+08:00][sql] SELECT * FROM `teacher` [ RunTime:0.000266s ]
[2023-03-05T03:05:22+08:00][sql] SHOW FULL COLUMNS FROM `address` [ RunTime:0.000923s ]
[2023-03-05T03:05:22+08:00][sql] SELECT * FROM `address` WHERE  `id` = 1 LIMIT 1 [ RunTime:0.000291s ]
[2023-03-05T03:05:22+08:00][sql] SELECT * FROM `address` WHERE  `id` = 2 LIMIT 1 [ RunTime:0.000243s ]
[2023-03-05T04:07:53+08:00][sql] CONNECT:[ UseTime:0.000407s ] mysql:host=localhost;port=3316;dbname=coffee;charset=utf8
[2023-03-05T04:07:53+08:00][sql] SHOW FULL COLUMNS FROM `banner` [ RunTime:0.001262s ]
[2023-03-05T04:07:53+08:00][sql] SELECT * FROM `banner` [ RunTime:0.000263s ]
[2023-03-05T04:07:53+08:00][sql] SHOW FULL COLUMNS FROM `information` [ RunTime:0.001008s ]
[2023-03-05T04:07:53+08:00][sql] SELECT * FROM `information` ORDER BY `time` DESC LIMIT 1 [ RunTime:0.000328s ]
[2023-03-05T04:07:53+08:00][sql] SELECT * FROM `information` ORDER BY `time` DESC LIMIT 1,4 [ RunTime:0.000385s ]
[2023-03-05T04:07:53+08:00][sql] SHOW FULL COLUMNS FROM `course` [ RunTime:0.001084s ]
[2023-03-05T04:07:53+08:00][sql] SELECT `id`,`title` FROM `course` ORDER BY `sorting` ASC LIMIT 0,6 [ RunTime:0.000368s ]
[2023-03-05T04:07:53+08:00][sql] SHOW FULL COLUMNS FROM `teacher` [ RunTime:0.000945s ]
[2023-03-05T04:07:53+08:00][sql] SELECT * FROM `teacher` [ RunTime:0.000265s ]
[2023-03-05T04:07:53+08:00][sql] SHOW FULL COLUMNS FROM `address` [ RunTime:0.000936s ]
[2023-03-05T04:07:53+08:00][sql] SELECT * FROM `address` WHERE  `id` = 1 LIMIT 1 [ RunTime:0.000269s ]
[2023-03-05T04:07:53+08:00][sql] SELECT * FROM `address` WHERE  `id` = 2 LIMIT 1 [ RunTime:0.000264s ]
[2023-03-05T04:10:06+08:00][sql] CONNECT:[ UseTime:0.000415s ] mysql:host=localhost;port=3316;dbname=coffee;charset=utf8
[2023-03-05T04:10:06+08:00][sql] SHOW FULL COLUMNS FROM `banner` [ RunTime:0.001311s ]
[2023-03-05T04:10:06+08:00][sql] SELECT * FROM `banner` [ RunTime:0.000249s ]
[2023-03-05T04:10:06+08:00][sql] SHOW FULL COLUMNS FROM `information` [ RunTime:0.001009s ]
[2023-03-05T04:10:06+08:00][sql] SELECT * FROM `information` ORDER BY `time` DESC LIMIT 1 [ RunTime:0.000338s ]
[2023-03-05T04:10:06+08:00][sql] SELECT * FROM `information` ORDER BY `time` DESC LIMIT 1,4 [ RunTime:0.000395s ]
[2023-03-05T04:10:06+08:00][sql] SHOW FULL COLUMNS FROM `course` [ RunTime:0.001077s ]
[2023-03-05T04:10:06+08:00][sql] SELECT `id`,`title` FROM `course` ORDER BY `sorting` ASC LIMIT 0,6 [ RunTime:0.000265s ]
[2023-03-05T04:10:06+08:00][sql] SHOW FULL COLUMNS FROM `teacher` [ RunTime:0.000915s ]
[2023-03-05T04:10:06+08:00][sql] SELECT * FROM `teacher` [ RunTime:0.000274s ]
[2023-03-05T04:10:06+08:00][sql] SHOW FULL COLUMNS FROM `address` [ RunTime:0.000951s ]
[2023-03-05T04:10:06+08:00][sql] SELECT * FROM `address` WHERE  `id` = 1 LIMIT 1 [ RunTime:0.000294s ]
[2023-03-05T04:10:06+08:00][sql] SELECT * FROM `address` WHERE  `id` = 2 LIMIT 1 [ RunTime:0.000289s ]
[2023-03-05T04:19:51+08:00][sql] CONNECT:[ UseTime:0.000354s ] mysql:host=localhost;port=3316;dbname=coffee;charset=utf8
[2023-03-05T04:19:51+08:00][sql] SHOW FULL COLUMNS FROM `banner` [ RunTime:0.001190s ]
[2023-03-05T04:19:51+08:00][sql] SELECT * FROM `banner` [ RunTime:0.000224s ]
[2023-03-05T04:19:51+08:00][sql] SHOW FULL COLUMNS FROM `information` [ RunTime:0.001224s ]
[2023-03-05T04:19:51+08:00][sql] SELECT * FROM `information` ORDER BY `time` DESC LIMIT 1 [ RunTime:0.000357s ]
[2023-03-05T04:19:51+08:00][sql] SELECT * FROM `information` ORDER BY `time` DESC LIMIT 1,4 [ RunTime:0.000443s ]
[2023-03-05T04:19:51+08:00][sql] SHOW FULL COLUMNS FROM `course` [ RunTime:0.001559s ]
[2023-03-05T04:19:51+08:00][sql] SELECT `id`,`title` FROM `course` ORDER BY `sorting` ASC LIMIT 0,6 [ RunTime:0.000279s ]
[2023-03-05T04:19:51+08:00][sql] SHOW FULL COLUMNS FROM `teacher` [ RunTime:0.001216s ]
[2023-03-05T04:19:51+08:00][sql] SELECT * FROM `teacher` [ RunTime:0.000292s ]
[2023-03-05T04:19:51+08:00][sql] SHOW FULL COLUMNS FROM `address` [ RunTime:0.001250s ]
[2023-03-05T04:19:51+08:00][sql] SELECT * FROM `address` WHERE  `id` = 1 LIMIT 1 [ RunTime:0.000298s ]
[2023-03-05T04:19:51+08:00][sql] SELECT * FROM `address` WHERE  `id` = 2 LIMIT 1 [ RunTime:0.000218s ]
[2023-03-05T04:22:06+08:00][sql] CONNECT:[ UseTime:0.000399s ] mysql:host=localhost;port=3316;dbname=coffee;charset=utf8
[2023-03-05T04:22:06+08:00][sql] SHOW FULL COLUMNS FROM `banner` [ RunTime:0.001230s ]
[2023-03-05T04:22:06+08:00][sql] SELECT * FROM `banner` [ RunTime:0.000263s ]
[2023-03-05T04:22:06+08:00][sql] SHOW FULL COLUMNS FROM `information` [ RunTime:0.000965s ]
[2023-03-05T04:22:06+08:00][sql] SELECT * FROM `information` ORDER BY `time` DESC LIMIT 1 [ RunTime:0.000339s ]
[2023-03-05T04:22:06+08:00][sql] SELECT * FROM `information` ORDER BY `time` DESC LIMIT 1,4 [ RunTime:0.000388s ]
[2023-03-05T04:22:06+08:00][sql] SHOW FULL COLUMNS FROM `course` [ RunTime:0.001102s ]
[2023-03-05T04:22:06+08:00][sql] SELECT `id`,`title` FROM `course` ORDER BY `sorting` ASC LIMIT 0,6 [ RunTime:0.000266s ]
[2023-03-05T04:22:06+08:00][sql] SHOW FULL COLUMNS FROM `teacher` [ RunTime:0.000912s ]
[2023-03-05T04:22:06+08:00][sql] SELECT * FROM `teacher` [ RunTime:0.000264s ]
[2023-03-05T04:22:06+08:00][sql] SHOW FULL COLUMNS FROM `address` [ RunTime:0.000918s ]
[2023-03-05T04:22:06+08:00][sql] SELECT * FROM `address` WHERE  `id` = 1 LIMIT 1 [ RunTime:0.000290s ]
[2023-03-05T04:22:06+08:00][sql] SELECT * FROM `address` WHERE  `id` = 2 LIMIT 1 [ RunTime:0.000248s ]
[2023-03-05T04:34:10+08:00][sql] CONNECT:[ UseTime:0.000391s ] mysql:host=localhost;port=3316;dbname=coffee;charset=utf8
[2023-03-05T04:34:10+08:00][sql] SHOW FULL COLUMNS FROM `banner` [ RunTime:0.001196s ]
[2023-03-05T04:34:10+08:00][sql] SELECT * FROM `banner` [ RunTime:0.000236s ]
[2023-03-05T04:34:10+08:00][sql] SHOW FULL COLUMNS FROM `information` [ RunTime:0.001092s ]
[2023-03-05T04:34:10+08:00][sql] SELECT * FROM `information` ORDER BY `time` DESC LIMIT 1 [ RunTime:0.000280s ]
[2023-03-05T04:34:10+08:00][sql] SELECT * FROM `information` ORDER BY `time` DESC LIMIT 1,4 [ RunTime:0.000371s ]
[2023-03-05T04:34:10+08:00][sql] SHOW FULL COLUMNS FROM `course` [ RunTime:0.001345s ]
[2023-03-05T04:34:10+08:00][sql] SELECT `id`,`title` FROM `course` ORDER BY `sorting` ASC LIMIT 0,6 [ RunTime:0.000224s ]
[2023-03-05T04:34:10+08:00][sql] SHOW FULL COLUMNS FROM `teacher` [ RunTime:0.000888s ]
[2023-03-05T04:34:10+08:00][sql] SELECT * FROM `teacher` [ RunTime:0.000259s ]
[2023-03-05T04:34:10+08:00][sql] SHOW FULL COLUMNS FROM `address` [ RunTime:0.000894s ]
[2023-03-05T04:34:10+08:00][sql] SELECT * FROM `address` WHERE  `id` = 1 LIMIT 1 [ RunTime:0.000254s ]
[2023-03-05T04:34:10+08:00][sql] SELECT * FROM `address` WHERE  `id` = 2 LIMIT 1 [ RunTime:0.000206s ]
[2023-03-05T04:54:52+08:00][sql] CONNECT:[ UseTime:0.000386s ] mysql:host=localhost;port=3316;dbname=coffee;charset=utf8
[2023-03-05T04:54:52+08:00][sql] SHOW FULL COLUMNS FROM `banner` [ RunTime:0.001277s ]
[2023-03-05T04:54:52+08:00][sql] SELECT * FROM `banner` [ RunTime:0.000251s ]
[2023-03-05T04:54:52+08:00][sql] SHOW FULL COLUMNS FROM `information` [ RunTime:0.000985s ]
[2023-03-05T04:54:52+08:00][sql] SELECT * FROM `information` ORDER BY `time` DESC LIMIT 1 [ RunTime:0.000312s ]
[2023-03-05T04:54:52+08:00][sql] SELECT * FROM `information` ORDER BY `time` DESC LIMIT 1,4 [ RunTime:0.000396s ]
[2023-03-05T04:54:52+08:00][sql] SHOW FULL COLUMNS FROM `course` [ RunTime:0.001084s ]
[2023-03-05T04:54:52+08:00][sql] SELECT `id`,`title` FROM `course` ORDER BY `sorting` ASC LIMIT 0,6 [ RunTime:0.000269s ]
[2023-03-05T04:54:52+08:00][sql] SHOW FULL COLUMNS FROM `teacher` [ RunTime:0.000904s ]
[2023-03-05T04:54:52+08:00][sql] SELECT * FROM `teacher` [ RunTime:0.000285s ]
[2023-03-05T04:54:52+08:00][sql] SHOW FULL COLUMNS FROM `address` [ RunTime:0.000959s ]
[2023-03-05T04:54:52+08:00][sql] SELECT * FROM `address` WHERE  `id` = 1 LIMIT 1 [ RunTime:0.000275s ]
[2023-03-05T04:54:52+08:00][sql] SELECT * FROM `address` WHERE  `id` = 2 LIMIT 1 [ RunTime:0.000301s ]
[2023-03-05T05:17:04+08:00][sql] CONNECT:[ UseTime:0.000431s ] mysql:host=localhost;port=3316;dbname=coffee;charset=utf8
[2023-03-05T05:17:04+08:00][sql] SHOW FULL COLUMNS FROM `banner` [ RunTime:0.001211s ]
[2023-03-05T05:17:04+08:00][sql] SELECT * FROM `banner` [ RunTime:0.000250s ]
[2023-03-05T05:17:04+08:00][sql] SHOW FULL COLUMNS FROM `information` [ RunTime:0.001089s ]
[2023-03-05T05:17:04+08:00][sql] SELECT * FROM `information` ORDER BY `time` DESC LIMIT 1 [ RunTime:0.000366s ]
[2023-03-05T05:17:04+08:00][sql] SELECT * FROM `information` ORDER BY `time` DESC LIMIT 1,4 [ RunTime:0.000385s ]
[2023-03-05T05:17:04+08:00][sql] SHOW FULL COLUMNS FROM `course` [ RunTime:0.004830s ]
[2023-03-05T05:17:04+08:00][sql] SELECT `id`,`title` FROM `course` ORDER BY `sorting` ASC LIMIT 0,6 [ RunTime:0.000418s ]
[2023-03-05T05:17:04+08:00][sql] SHOW FULL COLUMNS FROM `teacher` [ RunTime:0.001345s ]
[2023-03-05T05:17:04+08:00][sql] SELECT * FROM `teacher` [ RunTime:0.000407s ]
[2023-03-05T05:17:04+08:00][sql] SHOW FULL COLUMNS FROM `address` [ RunTime:0.001325s ]
[2023-03-05T05:17:04+08:00][sql] SELECT * FROM `address` WHERE  `id` = 1 LIMIT 1 [ RunTime:0.000428s ]
[2023-03-05T05:17:04+08:00][sql] SELECT * FROM `address` WHERE  `id` = 2 LIMIT 1 [ RunTime:0.000384s ]
[2023-03-05T05:47:11+08:00][sql] CONNECT:[ UseTime:0.000393s ] mysql:host=localhost;port=3316;dbname=coffee;charset=utf8
[2023-03-05T05:47:11+08:00][sql] SHOW FULL COLUMNS FROM `banner` [ RunTime:0.001273s ]
[2023-03-05T05:47:11+08:00][sql] SELECT * FROM `banner` [ RunTime:0.000256s ]
[2023-03-05T05:47:11+08:00][sql] SHOW FULL COLUMNS FROM `information` [ RunTime:0.000960s ]
[2023-03-05T05:47:11+08:00][sql] SELECT * FROM `information` ORDER BY `time` DESC LIMIT 1 [ RunTime:0.000338s ]
[2023-03-05T05:47:11+08:00][sql] SELECT * FROM `information` ORDER BY `time` DESC LIMIT 1,4 [ RunTime:0.000386s ]
[2023-03-05T05:47:11+08:00][sql] SHOW FULL COLUMNS FROM `course` [ RunTime:0.001047s ]
[2023-03-05T05:47:11+08:00][sql] SELECT `id`,`title` FROM `course` ORDER BY `sorting` ASC LIMIT 0,6 [ RunTime:0.000328s ]
[2023-03-05T05:47:11+08:00][sql] SHOW FULL COLUMNS FROM `teacher` [ RunTime:0.000942s ]
[2023-03-05T05:47:11+08:00][sql] SELECT * FROM `teacher` [ RunTime:0.000281s ]
[2023-03-05T05:47:11+08:00][sql] SHOW FULL COLUMNS FROM `address` [ RunTime:0.000916s ]
[2023-03-05T05:47:11+08:00][sql] SELECT * FROM `address` WHERE  `id` = 1 LIMIT 1 [ RunTime:0.000274s ]
[2023-03-05T05:47:11+08:00][sql] SELECT * FROM `address` WHERE  `id` = 2 LIMIT 1 [ RunTime:0.000264s ]
[2023-03-05T05:51:45+08:00][sql] CONNECT:[ UseTime:0.000449s ] mysql:host=localhost;port=3316;dbname=coffee;charset=utf8
[2023-03-05T05:51:45+08:00][sql] SHOW FULL COLUMNS FROM `banner` [ RunTime:0.001399s ]
[2023-03-05T05:51:45+08:00][sql] SELECT * FROM `banner` [ RunTime:0.000244s ]
[2023-03-05T05:51:45+08:00][sql] SHOW FULL COLUMNS FROM `information` [ RunTime:0.001226s ]
[2023-03-05T05:51:45+08:00][sql] SELECT * FROM `information` ORDER BY `time` DESC LIMIT 1 [ RunTime:0.000376s ]
[2023-03-05T05:51:45+08:00][sql] SELECT * FROM `information` ORDER BY `time` DESC LIMIT 1,4 [ RunTime:0.000425s ]
[2023-03-05T05:51:45+08:00][sql] SHOW FULL COLUMNS FROM `course` [ RunTime:0.001396s ]
[2023-03-05T05:51:45+08:00][sql] SELECT `id`,`title` FROM `course` ORDER BY `sorting` ASC LIMIT 0,6 [ RunTime:0.000262s ]
[2023-03-05T05:51:45+08:00][sql] SHOW FULL COLUMNS FROM `teacher` [ RunTime:0.001177s ]
[2023-03-05T05:51:45+08:00][sql] SELECT * FROM `teacher` [ RunTime:0.000273s ]
[2023-03-05T05:51:45+08:00][sql] SHOW FULL COLUMNS FROM `address` [ RunTime:0.001157s ]
[2023-03-05T05:51:45+08:00][sql] SELECT * FROM `address` WHERE  `id` = 1 LIMIT 1 [ RunTime:0.000268s ]
[2023-03-05T05:51:45+08:00][sql] SELECT * FROM `address` WHERE  `id` = 2 LIMIT 1 [ RunTime:0.000237s ]
[2023-03-05T06:10:23+08:00][sql] CONNECT:[ UseTime:0.000463s ] mysql:host=localhost;port=3316;dbname=coffee;charset=utf8
[2023-03-05T06:10:23+08:00][sql] SHOW FULL COLUMNS FROM `banner` [ RunTime:0.001224s ]
[2023-03-05T06:10:23+08:00][sql] SELECT * FROM `banner` [ RunTime:0.000264s ]
[2023-03-05T06:10:23+08:00][sql] SHOW FULL COLUMNS FROM `information` [ RunTime:0.001071s ]
[2023-03-05T06:10:23+08:00][sql] SELECT * FROM `information` ORDER BY `time` DESC LIMIT 1 [ RunTime:0.000346s ]
[2023-03-05T06:10:23+08:00][sql] SELECT * FROM `information` ORDER BY `time` DESC LIMIT 1,4 [ RunTime:0.000409s ]
[2023-03-05T06:10:23+08:00][sql] SHOW FULL COLUMNS FROM `course` [ RunTime:0.001166s ]
[2023-03-05T06:10:23+08:00][sql] SELECT `id`,`title` FROM `course` ORDER BY `sorting` ASC LIMIT 0,6 [ RunTime:0.000286s ]
[2023-03-05T06:10:23+08:00][sql] SHOW FULL COLUMNS FROM `teacher` [ RunTime:0.000979s ]
[2023-03-05T06:10:23+08:00][sql] SELECT * FROM `teacher` [ RunTime:0.000270s ]
[2023-03-05T06:10:23+08:00][sql] SHOW FULL COLUMNS FROM `address` [ RunTime:0.000934s ]
[2023-03-05T06:10:23+08:00][sql] SELECT * FROM `address` WHERE  `id` = 1 LIMIT 1 [ RunTime:0.000279s ]
[2023-03-05T06:10:23+08:00][sql] SELECT * FROM `address` WHERE  `id` = 2 LIMIT 1 [ RunTime:0.000248s ]
[2023-03-05T07:48:18+08:00][sql] CONNECT:[ UseTime:0.006965s ] mysql:host=localhost;port=3316;dbname=coffee;charset=utf8
[2023-03-05T07:48:18+08:00][sql] SHOW FULL COLUMNS FROM `banner` [ RunTime:0.003892s ]
[2023-03-05T07:48:18+08:00][sql] SELECT * FROM `banner` [ RunTime:0.000450s ]
[2023-03-05T07:48:18+08:00][sql] SHOW FULL COLUMNS FROM `information` [ RunTime:0.001514s ]
[2023-03-05T07:48:18+08:00][sql] SELECT * FROM `information` ORDER BY `time` DESC LIMIT 1 [ RunTime:0.000398s ]
[2023-03-05T07:48:18+08:00][sql] SELECT * FROM `information` ORDER BY `time` DESC LIMIT 1,4 [ RunTime:0.000499s ]
[2023-03-05T07:48:18+08:00][sql] SHOW FULL COLUMNS FROM `course` [ RunTime:0.001618s ]
[2023-03-05T07:48:18+08:00][sql] SELECT `id`,`title` FROM `course` ORDER BY `sorting` ASC LIMIT 0,6 [ RunTime:0.000342s ]
[2023-03-05T07:48:18+08:00][sql] SHOW FULL COLUMNS FROM `teacher` [ RunTime:0.001304s ]
[2023-03-05T07:48:18+08:00][sql] SELECT * FROM `teacher` [ RunTime:0.000306s ]
[2023-03-05T07:48:18+08:00][sql] SHOW FULL COLUMNS FROM `address` [ RunTime:0.001318s ]
[2023-03-05T07:48:18+08:00][sql] SELECT * FROM `address` WHERE  `id` = 1 LIMIT 1 [ RunTime:0.000344s ]
[2023-03-05T07:48:18+08:00][sql] SELECT * FROM `address` WHERE  `id` = 2 LIMIT 1 [ RunTime:0.000459s ]
[2023-03-05T07:54:28+08:00][sql] CONNECT:[ UseTime:0.000416s ] mysql:host=localhost;port=3316;dbname=coffee;charset=utf8
[2023-03-05T07:54:28+08:00][sql] SHOW FULL COLUMNS FROM `banner` [ RunTime:0.001287s ]
[2023-03-05T07:54:28+08:00][sql] SELECT * FROM `banner` [ RunTime:0.000355s ]
[2023-03-05T07:54:28+08:00][sql] SHOW FULL COLUMNS FROM `information` [ RunTime:0.001146s ]
[2023-03-05T07:54:28+08:00][sql] SELECT * FROM `information` ORDER BY `time` DESC LIMIT 1 [ RunTime:0.000332s ]
[2023-03-05T07:54:28+08:00][sql] SELECT * FROM `information` ORDER BY `time` DESC LIMIT 1,4 [ RunTime:0.000387s ]
[2023-03-05T07:54:28+08:00][sql] SHOW FULL COLUMNS FROM `course` [ RunTime:0.001158s ]
[2023-03-05T07:54:28+08:00][sql] SELECT `id`,`title` FROM `course` ORDER BY `sorting` ASC LIMIT 0,6 [ RunTime:0.000279s ]
[2023-03-05T07:54:28+08:00][sql] SHOW FULL COLUMNS FROM `teacher` [ RunTime:0.000898s ]
[2023-03-05T07:54:28+08:00][sql] SELECT * FROM `teacher` [ RunTime:0.000276s ]
[2023-03-05T07:54:28+08:00][sql] SHOW FULL COLUMNS FROM `address` [ RunTime:0.000983s ]
[2023-03-05T07:54:28+08:00][sql] SELECT * FROM `address` WHERE  `id` = 1 LIMIT 1 [ RunTime:0.000290s ]
[2023-03-05T07:54:28+08:00][sql] SELECT * FROM `address` WHERE  `id` = 2 LIMIT 1 [ RunTime:0.000267s ]
[2023-03-05T08:24:59+08:00][sql] CONNECT:[ UseTime:0.000394s ] mysql:host=localhost;port=3316;dbname=coffee;charset=utf8
[2023-03-05T08:24:59+08:00][sql] SHOW FULL COLUMNS FROM `banner` [ RunTime:0.001230s ]
[2023-03-05T08:24:59+08:00][sql] SELECT * FROM `banner` [ RunTime:0.000280s ]
[2023-03-05T08:24:59+08:00][sql] SHOW FULL COLUMNS FROM `information` [ RunTime:0.001007s ]
[2023-03-05T08:24:59+08:00][sql] SELECT * FROM `information` ORDER BY `time` DESC LIMIT 1 [ RunTime:0.000321s ]
[2023-03-05T08:24:59+08:00][sql] SELECT * FROM `information` ORDER BY `time` DESC LIMIT 1,4 [ RunTime:0.000407s ]
[2023-03-05T08:24:59+08:00][sql] SHOW FULL COLUMNS FROM `course` [ RunTime:0.001096s ]
[2023-03-05T08:24:59+08:00][sql] SELECT `id`,`title` FROM `course` ORDER BY `sorting` ASC LIMIT 0,6 [ RunTime:0.000292s ]
[2023-03-05T08:24:59+08:00][sql] SHOW FULL COLUMNS FROM `teacher` [ RunTime:0.000937s ]
[2023-03-05T08:24:59+08:00][sql] SELECT * FROM `teacher` [ RunTime:0.000291s ]
[2023-03-05T08:24:59+08:00][sql] SHOW FULL COLUMNS FROM `address` [ RunTime:0.000935s ]
[2023-03-05T08:24:59+08:00][sql] SELECT * FROM `address` WHERE  `id` = 1 LIMIT 1 [ RunTime:0.000279s ]
[2023-03-05T08:24:59+08:00][sql] SELECT * FROM `address` WHERE  `id` = 2 LIMIT 1 [ RunTime:0.000246s ]
[2023-03-05T08:55:41+08:00][sql] CONNECT:[ UseTime:0.000427s ] mysql:host=localhost;port=3316;dbname=coffee;charset=utf8
[2023-03-05T08:55:41+08:00][sql] SHOW FULL COLUMNS FROM `banner` [ RunTime:0.001243s ]
[2023-03-05T08:55:41+08:00][sql] SELECT * FROM `banner` [ RunTime:0.000250s ]
[2023-03-05T08:55:41+08:00][sql] SHOW FULL COLUMNS FROM `information` [ RunTime:0.000988s ]
[2023-03-05T08:55:41+08:00][sql] SELECT * FROM `information` ORDER BY `time` DESC LIMIT 1 [ RunTime:0.000321s ]
[2023-03-05T08:55:41+08:00][sql] SELECT * FROM `information` ORDER BY `time` DESC LIMIT 1,4 [ RunTime:0.000388s ]
[2023-03-05T08:55:41+08:00][sql] SHOW FULL COLUMNS FROM `course` [ RunTime:0.001170s ]
[2023-03-05T08:55:41+08:00][sql] SELECT `id`,`title` FROM `course` ORDER BY `sorting` ASC LIMIT 0,6 [ RunTime:0.000310s ]
[2023-03-05T08:55:41+08:00][sql] SHOW FULL COLUMNS FROM `teacher` [ RunTime:0.000926s ]
[2023-03-05T08:55:41+08:00][sql] SELECT * FROM `teacher` [ RunTime:0.000266s ]
[2023-03-05T08:55:41+08:00][sql] SHOW FULL COLUMNS FROM `address` [ RunTime:0.000938s ]
[2023-03-05T08:55:41+08:00][sql] SELECT * FROM `address` WHERE  `id` = 1 LIMIT 1 [ RunTime:0.000278s ]
[2023-03-05T08:55:41+08:00][sql] SELECT * FROM `address` WHERE  `id` = 2 LIMIT 1 [ RunTime:0.000267s ]
[2023-03-05T09:00:17+08:00][sql] CONNECT:[ UseTime:0.000421s ] mysql:host=localhost;port=3316;dbname=coffee;charset=utf8
[2023-03-05T09:00:17+08:00][sql] SHOW FULL COLUMNS FROM `banner` [ RunTime:0.001218s ]
[2023-03-05T09:00:17+08:00][sql] SELECT * FROM `banner` [ RunTime:0.000249s ]
[2023-03-05T09:00:17+08:00][sql] SHOW FULL COLUMNS FROM `information` [ RunTime:0.000993s ]
[2023-03-05T09:00:17+08:00][sql] SELECT * FROM `information` ORDER BY `time` DESC LIMIT 1 [ RunTime:0.000329s ]
[2023-03-05T09:00:17+08:00][sql] SELECT * FROM `information` ORDER BY `time` DESC LIMIT 1,4 [ RunTime:0.000381s ]
[2023-03-05T09:00:17+08:00][sql] SHOW FULL COLUMNS FROM `course` [ RunTime:0.001133s ]
[2023-03-05T09:00:17+08:00][sql] SELECT `id`,`title` FROM `course` ORDER BY `sorting` ASC LIMIT 0,6 [ RunTime:0.000256s ]
[2023-03-05T09:00:17+08:00][sql] SHOW FULL COLUMNS FROM `teacher` [ RunTime:0.000991s ]
[2023-03-05T09:00:17+08:00][sql] SELECT * FROM `teacher` [ RunTime:0.000254s ]
[2023-03-05T09:00:17+08:00][sql] SHOW FULL COLUMNS FROM `address` [ RunTime:0.000915s ]
[2023-03-05T09:00:17+08:00][sql] SELECT * FROM `address` WHERE  `id` = 1 LIMIT 1 [ RunTime:0.000328s ]
[2023-03-05T09:00:17+08:00][sql] SELECT * FROM `address` WHERE  `id` = 2 LIMIT 1 [ RunTime:0.000247s ]
[2023-03-05T09:14:18+08:00][sql] CONNECT:[ UseTime:0.000396s ] mysql:host=localhost;port=3316;dbname=coffee;charset=utf8
[2023-03-05T09:14:18+08:00][sql] SHOW FULL COLUMNS FROM `banner` [ RunTime:0.001230s ]
[2023-03-05T09:14:18+08:00][sql] SELECT * FROM `banner` [ RunTime:0.000277s ]
[2023-03-05T09:14:18+08:00][sql] SHOW FULL COLUMNS FROM `information` [ RunTime:0.001031s ]
[2023-03-05T09:14:18+08:00][sql] SELECT * FROM `information` ORDER BY `time` DESC LIMIT 1 [ RunTime:0.000323s ]
[2023-03-05T09:14:18+08:00][sql] SELECT * FROM `information` ORDER BY `time` DESC LIMIT 1,4 [ RunTime:0.000428s ]
[2023-03-05T09:14:18+08:00][sql] SHOW FULL COLUMNS FROM `course` [ RunTime:0.001080s ]
[2023-03-05T09:14:18+08:00][sql] SELECT `id`,`title` FROM `course` ORDER BY `sorting` ASC LIMIT 0,6 [ RunTime:0.000256s ]
[2023-03-05T09:14:18+08:00][sql] SHOW FULL COLUMNS FROM `teacher` [ RunTime:0.000977s ]
[2023-03-05T09:14:18+08:00][sql] SELECT * FROM `teacher` [ RunTime:0.000290s ]
[2023-03-05T09:14:18+08:00][sql] SHOW FULL COLUMNS FROM `address` [ RunTime:0.000971s ]
[2023-03-05T09:14:18+08:00][sql] SELECT * FROM `address` WHERE  `id` = 1 LIMIT 1 [ RunTime:0.000281s ]
[2023-03-05T09:14:18+08:00][sql] SELECT * FROM `address` WHERE  `id` = 2 LIMIT 1 [ RunTime:0.000275s ]
[2023-03-05T09:18:29+08:00][sql] CONNECT:[ UseTime:0.000349s ] mysql:host=localhost;port=3316;dbname=coffee;charset=utf8
[2023-03-05T09:18:29+08:00][sql] SHOW FULL COLUMNS FROM `banner` [ RunTime:0.001278s ]
[2023-03-05T09:18:29+08:00][sql] SELECT * FROM `banner` [ RunTime:0.000526s ]
[2023-03-05T09:18:29+08:00][sql] SHOW FULL COLUMNS FROM `information` [ RunTime:0.001061s ]
[2023-03-05T09:18:29+08:00][sql] SELECT * FROM `information` ORDER BY `time` DESC LIMIT 1 [ RunTime:0.000282s ]
[2023-03-05T09:18:29+08:00][sql] SELECT * FROM `information` ORDER BY `time` DESC LIMIT 1,4 [ RunTime:0.000398s ]
[2023-03-05T09:18:29+08:00][sql] SHOW FULL COLUMNS FROM `course` [ RunTime:0.001053s ]
[2023-03-05T09:18:29+08:00][sql] SELECT `id`,`title` FROM `course` ORDER BY `sorting` ASC LIMIT 0,6 [ RunTime:0.000244s ]
[2023-03-05T09:18:29+08:00][sql] SHOW FULL COLUMNS FROM `teacher` [ RunTime:0.000887s ]
[2023-03-05T09:18:29+08:00][sql] SELECT * FROM `teacher` [ RunTime:0.000242s ]
[2023-03-05T09:18:29+08:00][sql] SHOW FULL COLUMNS FROM `address` [ RunTime:0.000923s ]
[2023-03-05T09:18:29+08:00][sql] SELECT * FROM `address` WHERE  `id` = 1 LIMIT 1 [ RunTime:0.000315s ]
[2023-03-05T09:18:29+08:00][sql] SELECT * FROM `address` WHERE  `id` = 2 LIMIT 1 [ RunTime:0.000215s ]
[2023-03-05T09:27:42+08:00][sql] CONNECT:[ UseTime:0.000456s ] mysql:host=localhost;port=3316;dbname=coffee;charset=utf8
[2023-03-05T09:27:42+08:00][sql] SHOW FULL COLUMNS FROM `banner` [ RunTime:0.001217s ]
[2023-03-05T09:27:42+08:00][sql] SELECT * FROM `banner` [ RunTime:0.000256s ]
[2023-03-05T09:27:42+08:00][sql] SHOW FULL COLUMNS FROM `information` [ RunTime:0.001099s ]
[2023-03-05T09:27:42+08:00][sql] SELECT * FROM `information` ORDER BY `time` DESC LIMIT 1 [ RunTime:0.000325s ]
[2023-03-05T09:27:42+08:00][sql] SELECT * FROM `information` ORDER BY `time` DESC LIMIT 1,4 [ RunTime:0.000478s ]
[2023-03-05T09:27:42+08:00][sql] SHOW FULL COLUMNS FROM `course` [ RunTime:0.001496s ]
[2023-03-05T09:27:42+08:00][sql] SELECT `id`,`title` FROM `course` ORDER BY `sorting` ASC LIMIT 0,6 [ RunTime:0.000306s ]
[2023-03-05T09:27:42+08:00][sql] SHOW FULL COLUMNS FROM `teacher` [ RunTime:0.001245s ]
[2023-03-05T09:27:42+08:00][sql] SELECT * FROM `teacher` [ RunTime:0.000288s ]
[2023-03-05T09:27:42+08:00][sql] SHOW FULL COLUMNS FROM `address` [ RunTime:0.001255s ]
[2023-03-05T09:27:42+08:00][sql] SELECT * FROM `address` WHERE  `id` = 1 LIMIT 1 [ RunTime:0.000312s ]
[2023-03-05T09:27:42+08:00][sql] SELECT * FROM `address` WHERE  `id` = 2 LIMIT 1 [ RunTime:0.000327s ]
[2023-03-05T09:42:05+08:00][sql] CONNECT:[ UseTime:0.000354s ] mysql:host=localhost;port=3316;dbname=coffee;charset=utf8
[2023-03-05T09:42:05+08:00][sql] SHOW FULL COLUMNS FROM `banner` [ RunTime:0.001732s ]
[2023-03-05T09:42:05+08:00][sql] SELECT * FROM `banner` [ RunTime:0.000278s ]
[2023-03-05T09:42:05+08:00][sql] SHOW FULL COLUMNS FROM `information` [ RunTime:0.001519s ]
[2023-03-05T09:42:05+08:00][sql] SELECT * FROM `information` ORDER BY `time` DESC LIMIT 1 [ RunTime:0.000389s ]
[2023-03-05T09:42:05+08:00][sql] SELECT * FROM `information` ORDER BY `time` DESC LIMIT 1,4 [ RunTime:0.000435s ]
[2023-03-05T09:42:05+08:00][sql] SHOW FULL COLUMNS FROM `course` [ RunTime:0.001314s ]
[2023-03-05T09:42:05+08:00][sql] SELECT `id`,`title` FROM `course` ORDER BY `sorting` ASC LIMIT 0,6 [ RunTime:0.000292s ]
[2023-03-05T09:42:05+08:00][sql] SHOW FULL COLUMNS FROM `teacher` [ RunTime:0.001163s ]
[2023-03-05T09:42:05+08:00][sql] SELECT * FROM `teacher` [ RunTime:0.000241s ]
[2023-03-05T09:42:05+08:00][sql] SHOW FULL COLUMNS FROM `address` [ RunTime:0.000878s ]
[2023-03-05T09:42:05+08:00][sql] SELECT * FROM `address` WHERE  `id` = 1 LIMIT 1 [ RunTime:0.000251s ]
[2023-03-05T09:42:05+08:00][sql] SELECT * FROM `address` WHERE  `id` = 2 LIMIT 1 [ RunTime:0.000215s ]
[2023-03-05T09:42:06+08:00][sql] CONNECT:[ UseTime:0.000409s ] mysql:host=localhost;port=3316;dbname=coffee;charset=utf8
[2023-03-05T09:42:06+08:00][sql] SHOW FULL COLUMNS FROM `banner` [ RunTime:0.001309s ]
[2023-03-05T09:42:06+08:00][sql] SELECT * FROM `banner` [ RunTime:0.000256s ]
[2023-03-05T09:42:06+08:00][sql] SHOW FULL COLUMNS FROM `information` [ RunTime:0.000988s ]
[2023-03-05T09:42:06+08:00][sql] SELECT * FROM `information` ORDER BY `time` DESC LIMIT 1 [ RunTime:0.000315s ]
[2023-03-05T09:42:06+08:00][sql] SELECT * FROM `information` ORDER BY `time` DESC LIMIT 1,4 [ RunTime:0.000391s ]
[2023-03-05T09:42:06+08:00][sql] SHOW FULL COLUMNS FROM `course` [ RunTime:0.001089s ]
[2023-03-05T09:42:06+08:00][sql] SELECT `id`,`title` FROM `course` ORDER BY `sorting` ASC LIMIT 0,6 [ RunTime:0.000266s ]
[2023-03-05T09:42:06+08:00][sql] SHOW FULL COLUMNS FROM `teacher` [ RunTime:0.000943s ]
[2023-03-05T09:42:06+08:00][sql] SELECT * FROM `teacher` [ RunTime:0.000263s ]
[2023-03-05T09:42:06+08:00][sql] SHOW FULL COLUMNS FROM `address` [ RunTime:0.000946s ]
[2023-03-05T09:42:06+08:00][sql] SELECT * FROM `address` WHERE  `id` = 1 LIMIT 1 [ RunTime:0.000283s ]
[2023-03-05T09:42:06+08:00][sql] SELECT * FROM `address` WHERE  `id` = 2 LIMIT 1 [ RunTime:0.000244s ]
[2023-03-05T10:26:15+08:00][sql] CONNECT:[ UseTime:0.000451s ] mysql:host=localhost;port=3316;dbname=coffee;charset=utf8
[2023-03-05T10:26:15+08:00][sql] SHOW FULL COLUMNS FROM `banner` [ RunTime:0.001225s ]
[2023-03-05T10:26:15+08:00][sql] SELECT * FROM `banner` [ RunTime:0.000261s ]
[2023-03-05T10:26:15+08:00][sql] SHOW FULL COLUMNS FROM `information` [ RunTime:0.001075s ]
[2023-03-05T10:26:15+08:00][sql] SELECT * FROM `information` ORDER BY `time` DESC LIMIT 1 [ RunTime:0.000325s ]
[2023-03-05T10:26:15+08:00][sql] SELECT * FROM `information` ORDER BY `time` DESC LIMIT 1,4 [ RunTime:0.000401s ]
[2023-03-05T10:26:15+08:00][sql] SHOW FULL COLUMNS FROM `course` [ RunTime:0.001163s ]
[2023-03-05T10:26:15+08:00][sql] SELECT `id`,`title` FROM `course` ORDER BY `sorting` ASC LIMIT 0,6 [ RunTime:0.000344s ]
[2023-03-05T10:26:15+08:00][sql] SHOW FULL COLUMNS FROM `teacher` [ RunTime:0.000970s ]
[2023-03-05T10:26:15+08:00][sql] SELECT * FROM `teacher` [ RunTime:0.000265s ]
[2023-03-05T10:26:15+08:00][sql] SHOW FULL COLUMNS FROM `address` [ RunTime:0.000916s ]
[2023-03-05T10:26:15+08:00][sql] SELECT * FROM `address` WHERE  `id` = 1 LIMIT 1 [ RunTime:0.000377s ]
[2023-03-05T10:26:15+08:00][sql] SELECT * FROM `address` WHERE  `id` = 2 LIMIT 1 [ RunTime:0.000246s ]
[2023-03-05T10:35:13+08:00][sql] CONNECT:[ UseTime:0.000397s ] mysql:host=localhost;port=3316;dbname=coffee;charset=utf8
[2023-03-05T10:35:13+08:00][sql] SHOW FULL COLUMNS FROM `banner` [ RunTime:0.001220s ]
[2023-03-05T10:35:13+08:00][sql] SELECT * FROM `banner` [ RunTime:0.000262s ]
[2023-03-05T10:35:13+08:00][sql] SHOW FULL COLUMNS FROM `information` [ RunTime:0.001019s ]
[2023-03-05T10:35:13+08:00][sql] SELECT * FROM `information` ORDER BY `time` DESC LIMIT 1 [ RunTime:0.000317s ]
[2023-03-05T10:35:13+08:00][sql] SELECT * FROM `information` ORDER BY `time` DESC LIMIT 1,4 [ RunTime:0.000404s ]
[2023-03-05T10:35:13+08:00][sql] SHOW FULL COLUMNS FROM `course` [ RunTime:0.001142s ]
[2023-03-05T10:35:13+08:00][sql] SELECT `id`,`title` FROM `course` ORDER BY `sorting` ASC LIMIT 0,6 [ RunTime:0.000279s ]
[2023-03-05T10:35:13+08:00][sql] SHOW FULL COLUMNS FROM `teacher` [ RunTime:0.000922s ]
[2023-03-05T10:35:13+08:00][sql] SELECT * FROM `teacher` [ RunTime:0.000355s ]
[2023-03-05T10:35:13+08:00][sql] SHOW FULL COLUMNS FROM `address` [ RunTime:0.000999s ]
[2023-03-05T10:35:13+08:00][sql] SELECT * FROM `address` WHERE  `id` = 1 LIMIT 1 [ RunTime:0.000275s ]
[2023-03-05T10:35:13+08:00][sql] SELECT * FROM `address` WHERE  `id` = 2 LIMIT 1 [ RunTime:0.000241s ]
[2023-03-05T12:34:29+08:00][sql] CONNECT:[ UseTime:0.000449s ] mysql:host=localhost;port=3316;dbname=coffee;charset=utf8
[2023-03-05T12:34:29+08:00][sql] SHOW FULL COLUMNS FROM `banner` [ RunTime:0.001593s ]
[2023-03-05T12:34:29+08:00][sql] SELECT * FROM `banner` [ RunTime:0.000305s ]
[2023-03-05T12:34:29+08:00][sql] SHOW FULL COLUMNS FROM `information` [ RunTime:0.001003s ]
[2023-03-05T12:34:29+08:00][sql] SELECT * FROM `information` ORDER BY `time` DESC LIMIT 1 [ RunTime:0.000330s ]
[2023-03-05T12:34:29+08:00][sql] SELECT * FROM `information` ORDER BY `time` DESC LIMIT 1,4 [ RunTime:0.000406s ]
[2023-03-05T12:34:29+08:00][sql] SHOW FULL COLUMNS FROM `course` [ RunTime:0.001057s ]
[2023-03-05T12:34:29+08:00][sql] SELECT `id`,`title` FROM `course` ORDER BY `sorting` ASC LIMIT 0,6 [ RunTime:0.000263s ]
[2023-03-05T12:34:29+08:00][sql] SHOW FULL COLUMNS FROM `teacher` [ RunTime:0.000910s ]
[2023-03-05T12:34:29+08:00][sql] SELECT * FROM `teacher` [ RunTime:0.000272s ]
[2023-03-05T12:34:29+08:00][sql] SHOW FULL COLUMNS FROM `address` [ RunTime:0.000930s ]
[2023-03-05T12:34:29+08:00][sql] SELECT * FROM `address` WHERE  `id` = 1 LIMIT 1 [ RunTime:0.000275s ]
[2023-03-05T12:34:29+08:00][sql] SELECT * FROM `address` WHERE  `id` = 2 LIMIT 1 [ RunTime:0.000248s ]
[2023-03-05T12:34:30+08:00][sql] CONNECT:[ UseTime:0.000444s ] mysql:host=localhost;port=3316;dbname=coffee;charset=utf8
[2023-03-05T12:34:30+08:00][sql] SHOW FULL COLUMNS FROM `banner` [ RunTime:0.001233s ]
[2023-03-05T12:34:30+08:00][sql] SELECT * FROM `banner` [ RunTime:0.000259s ]
[2023-03-05T12:34:30+08:00][sql] SHOW FULL COLUMNS FROM `information` [ RunTime:0.001265s ]
[2023-03-05T12:34:30+08:00][sql] SELECT * FROM `information` ORDER BY `time` DESC LIMIT 1 [ RunTime:0.000735s ]
[2023-03-05T12:34:30+08:00][sql] SELECT * FROM `information` ORDER BY `time` DESC LIMIT 1,4 [ RunTime:0.000342s ]
[2023-03-05T12:34:30+08:00][sql] SHOW FULL COLUMNS FROM `course` [ RunTime:0.001026s ]
[2023-03-05T12:34:30+08:00][sql] SELECT `id`,`title` FROM `course` ORDER BY `sorting` ASC LIMIT 0,6 [ RunTime:0.000265s ]
[2023-03-05T12:34:30+08:00][sql] SHOW FULL COLUMNS FROM `teacher` [ RunTime:0.000826s ]
[2023-03-05T12:34:30+08:00][sql] SELECT * FROM `teacher` [ RunTime:0.000306s ]
[2023-03-05T12:34:30+08:00][sql] SHOW FULL COLUMNS FROM `address` [ RunTime:0.000873s ]
[2023-03-05T12:34:30+08:00][sql] SELECT * FROM `address` WHERE  `id` = 1 LIMIT 1 [ RunTime:0.000244s ]
[2023-03-05T12:34:30+08:00][sql] SELECT * FROM `address` WHERE  `id` = 2 LIMIT 1 [ RunTime:0.000211s ]
[2023-03-05T12:36:06+08:00][sql] CONNECT:[ UseTime:0.000501s ] mysql:host=localhost;port=3316;dbname=coffee;charset=utf8
[2023-03-05T12:36:06+08:00][sql] SHOW FULL COLUMNS FROM `banner` [ RunTime:0.001735s ]
[2023-03-05T12:36:06+08:00][sql] SELECT * FROM `banner` [ RunTime:0.000316s ]
[2023-03-05T12:36:06+08:00][sql] SHOW FULL COLUMNS FROM `information` [ RunTime:0.001441s ]
[2023-03-05T12:36:06+08:00][sql] SELECT * FROM `information` ORDER BY `time` DESC LIMIT 1 [ RunTime:0.000428s ]
[2023-03-05T12:36:06+08:00][sql] SELECT * FROM `information` ORDER BY `time` DESC LIMIT 1,4 [ RunTime:0.000489s ]
[2023-03-05T12:36:06+08:00][sql] SHOW FULL COLUMNS FROM `course` [ RunTime:0.001976s ]
[2023-03-05T12:36:06+08:00][sql] SELECT `id`,`title` FROM `course` ORDER BY `sorting` ASC LIMIT 0,6 [ RunTime:0.000314s ]
[2023-03-05T12:36:06+08:00][sql] SHOW FULL COLUMNS FROM `teacher` [ RunTime:0.001264s ]
[2023-03-05T12:36:06+08:00][sql] SELECT * FROM `teacher` [ RunTime:0.000303s ]
[2023-03-05T12:36:06+08:00][sql] SHOW FULL COLUMNS FROM `address` [ RunTime:0.001196s ]
[2023-03-05T12:36:06+08:00][sql] SELECT * FROM `address` WHERE  `id` = 1 LIMIT 1 [ RunTime:0.000385s ]
[2023-03-05T12:36:06+08:00][sql] SELECT * FROM `address` WHERE  `id` = 2 LIMIT 1 [ RunTime:0.000265s ]
[2023-03-05T12:36:46+08:00][sql] CONNECT:[ UseTime:0.000459s ] mysql:host=localhost;port=3316;dbname=coffee;charset=utf8
[2023-03-05T12:36:46+08:00][sql] SHOW FULL COLUMNS FROM `banner` [ RunTime:0.001304s ]
[2023-03-05T12:36:46+08:00][sql] SELECT * FROM `banner` [ RunTime:0.000242s ]
[2023-03-05T12:36:46+08:00][sql] SHOW FULL COLUMNS FROM `information` [ RunTime:0.000961s ]
[2023-03-05T12:36:46+08:00][sql] SELECT * FROM `information` ORDER BY `time` DESC LIMIT 1 [ RunTime:0.000294s ]
[2023-03-05T12:36:46+08:00][sql] SELECT * FROM `information` ORDER BY `time` DESC LIMIT 1,4 [ RunTime:0.000342s ]
[2023-03-05T12:36:46+08:00][sql] SHOW FULL COLUMNS FROM `course` [ RunTime:0.001035s ]
[2023-03-05T12:36:46+08:00][sql] SELECT `id`,`title` FROM `course` ORDER BY `sorting` ASC LIMIT 0,6 [ RunTime:0.000226s ]
[2023-03-05T12:36:46+08:00][sql] SHOW FULL COLUMNS FROM `teacher` [ RunTime:0.000865s ]
[2023-03-05T12:36:46+08:00][sql] SELECT * FROM `teacher` [ RunTime:0.000227s ]
[2023-03-05T12:36:46+08:00][sql] SHOW FULL COLUMNS FROM `address` [ RunTime:0.000873s ]
[2023-03-05T12:36:46+08:00][sql] SELECT * FROM `address` WHERE  `id` = 1 LIMIT 1 [ RunTime:0.000256s ]
[2023-03-05T12:36:46+08:00][sql] SELECT * FROM `address` WHERE  `id` = 2 LIMIT 1 [ RunTime:0.000193s ]
[2023-03-05T12:50:36+08:00][sql] CONNECT:[ UseTime:0.000421s ] mysql:host=localhost;port=3316;dbname=coffee;charset=utf8
[2023-03-05T12:50:36+08:00][sql] SHOW FULL COLUMNS FROM `banner` [ RunTime:0.001292s ]
[2023-03-05T12:50:36+08:00][sql] SELECT * FROM `banner` [ RunTime:0.000261s ]
[2023-03-05T12:50:36+08:00][sql] SHOW FULL COLUMNS FROM `information` [ RunTime:0.001529s ]
[2023-03-05T12:50:36+08:00][sql] SELECT * FROM `information` ORDER BY `time` DESC LIMIT 1 [ RunTime:0.000292s ]
[2023-03-05T12:50:36+08:00][sql] SELECT * FROM `information` ORDER BY `time` DESC LIMIT 1,4 [ RunTime:0.000318s ]
[2023-03-05T12:50:36+08:00][sql] SHOW FULL COLUMNS FROM `course` [ RunTime:0.001067s ]
[2023-03-05T12:50:36+08:00][sql] SELECT `id`,`title` FROM `course` ORDER BY `sorting` ASC LIMIT 0,6 [ RunTime:0.000217s ]
[2023-03-05T12:50:36+08:00][sql] SHOW FULL COLUMNS FROM `teacher` [ RunTime:0.000911s ]
[2023-03-05T12:50:36+08:00][sql] SELECT * FROM `teacher` [ RunTime:0.000276s ]
[2023-03-05T12:50:36+08:00][sql] SHOW FULL COLUMNS FROM `address` [ RunTime:0.000993s ]
[2023-03-05T12:50:36+08:00][sql] SELECT * FROM `address` WHERE  `id` = 1 LIMIT 1 [ RunTime:0.000288s ]
[2023-03-05T12:50:36+08:00][sql] SELECT * FROM `address` WHERE  `id` = 2 LIMIT 1 [ RunTime:0.000205s ]
[2023-03-05T12:50:37+08:00][sql] CONNECT:[ UseTime:0.000454s ] mysql:host=localhost;port=3316;dbname=coffee;charset=utf8
[2023-03-05T12:50:37+08:00][sql] SHOW FULL COLUMNS FROM `banner` [ RunTime:0.001890s ]
[2023-03-05T12:50:37+08:00][sql] SELECT * FROM `banner` [ RunTime:0.000252s ]
[2023-03-05T12:50:37+08:00][sql] SHOW FULL COLUMNS FROM `information` [ RunTime:0.004258s ]
[2023-03-05T12:50:37+08:00][sql] SELECT * FROM `information` ORDER BY `time` DESC LIMIT 1 [ RunTime:0.000336s ]
[2023-03-05T12:50:37+08:00][sql] SELECT * FROM `information` ORDER BY `time` DESC LIMIT 1,4 [ RunTime:0.000394s ]
[2023-03-05T12:50:37+08:00][sql] SHOW FULL COLUMNS FROM `course` [ RunTime:0.001129s ]
[2023-03-05T12:50:37+08:00][sql] SELECT `id`,`title` FROM `course` ORDER BY `sorting` ASC LIMIT 0,6 [ RunTime:0.000285s ]
[2023-03-05T12:50:37+08:00][sql] SHOW FULL COLUMNS FROM `teacher` [ RunTime:0.000947s ]
[2023-03-05T12:50:37+08:00][sql] SELECT * FROM `teacher` [ RunTime:0.000257s ]
[2023-03-05T12:50:37+08:00][sql] SHOW FULL COLUMNS FROM `address` [ RunTime:0.000945s ]
[2023-03-05T12:50:37+08:00][sql] SELECT * FROM `address` WHERE  `id` = 1 LIMIT 1 [ RunTime:0.000380s ]
[2023-03-05T12:50:37+08:00][sql] SELECT * FROM `address` WHERE  `id` = 2 LIMIT 1 [ RunTime:0.000256s ]
[2023-03-05T13:13:05+08:00][sql] CONNECT:[ UseTime:0.000479s ] mysql:host=localhost;port=3316;dbname=coffee;charset=utf8
[2023-03-05T13:13:05+08:00][sql] SHOW FULL COLUMNS FROM `banner` [ RunTime:0.001671s ]
[2023-03-05T13:13:05+08:00][sql] SELECT * FROM `banner` [ RunTime:0.000283s ]
[2023-03-05T13:13:05+08:00][sql] SHOW FULL COLUMNS FROM `information` [ RunTime:0.001272s ]
[2023-03-05T13:13:05+08:00][sql] SELECT * FROM `information` ORDER BY `time` DESC LIMIT 1 [ RunTime:0.000350s ]
[2023-03-05T13:13:05+08:00][sql] SELECT * FROM `information` ORDER BY `time` DESC LIMIT 1,4 [ RunTime:0.000446s ]
[2023-03-05T13:13:05+08:00][sql] SHOW FULL COLUMNS FROM `course` [ RunTime:0.001490s ]
[2023-03-05T13:13:05+08:00][sql] SELECT `id`,`title` FROM `course` ORDER BY `sorting` ASC LIMIT 0,6 [ RunTime:0.000310s ]
[2023-03-05T13:13:05+08:00][sql] SHOW FULL COLUMNS FROM `teacher` [ RunTime:0.001141s ]
[2023-03-05T13:13:05+08:00][sql] SELECT * FROM `teacher` [ RunTime:0.000266s ]
[2023-03-05T13:13:05+08:00][sql] SHOW FULL COLUMNS FROM `address` [ RunTime:0.001180s ]
[2023-03-05T13:13:05+08:00][sql] SELECT * FROM `address` WHERE  `id` = 1 LIMIT 1 [ RunTime:0.000292s ]
[2023-03-05T13:13:05+08:00][sql] SELECT * FROM `address` WHERE  `id` = 2 LIMIT 1 [ RunTime:0.000228s ]
[2023-03-05T13:47:58+08:00][sql] CONNECT:[ UseTime:0.000419s ] mysql:host=localhost;port=3316;dbname=coffee;charset=utf8
[2023-03-05T13:47:58+08:00][sql] SHOW FULL COLUMNS FROM `banner` [ RunTime:0.001231s ]
[2023-03-05T13:47:58+08:00][sql] SELECT * FROM `banner` [ RunTime:0.000254s ]
[2023-03-05T13:47:58+08:00][sql] SHOW FULL COLUMNS FROM `information` [ RunTime:0.001108s ]
[2023-03-05T13:47:58+08:00][sql] SELECT * FROM `information` ORDER BY `time` DESC LIMIT 1 [ RunTime:0.000284s ]
[2023-03-05T13:47:58+08:00][sql] SELECT * FROM `information` ORDER BY `time` DESC LIMIT 1,4 [ RunTime:0.000415s ]
[2023-03-05T13:47:58+08:00][sql] SHOW FULL COLUMNS FROM `course` [ RunTime:0.001001s ]
[2023-03-05T13:47:58+08:00][sql] SELECT `id`,`title` FROM `course` ORDER BY `sorting` ASC LIMIT 0,6 [ RunTime:0.000254s ]
[2023-03-05T13:47:58+08:00][sql] SHOW FULL COLUMNS FROM `teacher` [ RunTime:0.000847s ]
[2023-03-05T13:47:58+08:00][sql] SELECT * FROM `teacher` [ RunTime:0.000278s ]
[2023-03-05T13:47:58+08:00][sql] SHOW FULL COLUMNS FROM `address` [ RunTime:0.000963s ]
[2023-03-05T13:47:58+08:00][sql] SELECT * FROM `address` WHERE  `id` = 1 LIMIT 1 [ RunTime:0.000229s ]
[2023-03-05T13:47:58+08:00][sql] SELECT * FROM `address` WHERE  `id` = 2 LIMIT 1 [ RunTime:0.000230s ]
[2023-03-05T13:54:33+08:00][sql] CONNECT:[ UseTime:0.000418s ] mysql:host=localhost;port=3316;dbname=coffee;charset=utf8
[2023-03-05T13:54:33+08:00][sql] SHOW FULL COLUMNS FROM `banner` [ RunTime:0.001325s ]
[2023-03-05T13:54:33+08:00][sql] SELECT * FROM `banner` [ RunTime:0.000247s ]
[2023-03-05T13:54:33+08:00][sql] SHOW FULL COLUMNS FROM `information` [ RunTime:0.000953s ]
[2023-03-05T13:54:33+08:00][sql] SELECT * FROM `information` ORDER BY `time` DESC LIMIT 1 [ RunTime:0.000330s ]
[2023-03-05T13:54:33+08:00][sql] SELECT * FROM `information` ORDER BY `time` DESC LIMIT 1,4 [ RunTime:0.000387s ]
[2023-03-05T13:54:33+08:00][sql] SHOW FULL COLUMNS FROM `course` [ RunTime:0.001122s ]
[2023-03-05T13:54:33+08:00][sql] SELECT `id`,`title` FROM `course` ORDER BY `sorting` ASC LIMIT 0,6 [ RunTime:0.000261s ]
[2023-03-05T13:54:33+08:00][sql] SHOW FULL COLUMNS FROM `teacher` [ RunTime:0.000950s ]
[2023-03-05T13:54:33+08:00][sql] SELECT * FROM `teacher` [ RunTime:0.000270s ]
[2023-03-05T13:54:33+08:00][sql] SHOW FULL COLUMNS FROM `address` [ RunTime:0.000972s ]
[2023-03-05T13:54:33+08:00][sql] SELECT * FROM `address` WHERE  `id` = 1 LIMIT 1 [ RunTime:0.000303s ]
[2023-03-05T13:54:33+08:00][sql] SELECT * FROM `address` WHERE  `id` = 2 LIMIT 1 [ RunTime:0.000256s ]
[2023-03-05T13:58:36+08:00][sql] CONNECT:[ UseTime:0.000433s ] mysql:host=localhost;port=3316;dbname=coffee;charset=utf8
[2023-03-05T13:58:36+08:00][sql] SHOW FULL COLUMNS FROM `banner` [ RunTime:0.001215s ]
[2023-03-05T13:58:36+08:00][sql] SELECT * FROM `banner` [ RunTime:0.000255s ]
[2023-03-05T13:58:36+08:00][sql] SHOW FULL COLUMNS FROM `information` [ RunTime:0.000985s ]
[2023-03-05T13:58:36+08:00][sql] SELECT * FROM `information` ORDER BY `time` DESC LIMIT 1 [ RunTime:0.000343s ]
[2023-03-05T13:58:36+08:00][sql] SELECT * FROM `information` ORDER BY `time` DESC LIMIT 1,4 [ RunTime:0.000415s ]
[2023-03-05T13:58:36+08:00][sql] SHOW FULL COLUMNS FROM `course` [ RunTime:0.001215s ]
[2023-03-05T13:58:36+08:00][sql] SELECT `id`,`title` FROM `course` ORDER BY `sorting` ASC LIMIT 0,6 [ RunTime:0.000264s ]
[2023-03-05T13:58:36+08:00][sql] SHOW FULL COLUMNS FROM `teacher` [ RunTime:0.000934s ]
[2023-03-05T13:58:36+08:00][sql] SELECT * FROM `teacher` [ RunTime:0.000263s ]
[2023-03-05T13:58:36+08:00][sql] SHOW FULL COLUMNS FROM `address` [ RunTime:0.000932s ]
[2023-03-05T13:58:36+08:00][sql] SELECT * FROM `address` WHERE  `id` = 1 LIMIT 1 [ RunTime:0.000285s ]
[2023-03-05T13:58:36+08:00][sql] SELECT * FROM `address` WHERE  `id` = 2 LIMIT 1 [ RunTime:0.000241s ]
[2023-03-05T13:58:53+08:00][sql] CONNECT:[ UseTime:0.000387s ] mysql:host=localhost;port=3316;dbname=coffee;charset=utf8
[2023-03-05T13:58:53+08:00][sql] SHOW FULL COLUMNS FROM `banner` [ RunTime:0.001234s ]
[2023-03-05T13:58:53+08:00][sql] SELECT * FROM `banner` [ RunTime:0.000216s ]
[2023-03-05T13:58:53+08:00][sql] SHOW FULL COLUMNS FROM `information` [ RunTime:0.000939s ]
[2023-03-05T13:58:53+08:00][sql] SELECT * FROM `information` ORDER BY `time` DESC LIMIT 1 [ RunTime:0.000275s ]
[2023-03-05T13:58:53+08:00][sql] SELECT * FROM `information` ORDER BY `time` DESC LIMIT 1,4 [ RunTime:0.000378s ]
[2023-03-05T13:58:53+08:00][sql] SHOW FULL COLUMNS FROM `course` [ RunTime:0.001036s ]
[2023-03-05T13:58:53+08:00][sql] SELECT `id`,`title` FROM `course` ORDER BY `sorting` ASC LIMIT 0,6 [ RunTime:0.000224s ]
[2023-03-05T13:58:53+08:00][sql] SHOW FULL COLUMNS FROM `teacher` [ RunTime:0.000872s ]
[2023-03-05T13:58:53+08:00][sql] SELECT * FROM `teacher` [ RunTime:0.000236s ]
[2023-03-05T13:58:53+08:00][sql] SHOW FULL COLUMNS FROM `address` [ RunTime:0.000949s ]
[2023-03-05T13:58:53+08:00][sql] SELECT * FROM `address` WHERE  `id` = 1 LIMIT 1 [ RunTime:0.000289s ]
[2023-03-05T13:58:53+08:00][sql] SELECT * FROM `address` WHERE  `id` = 2 LIMIT 1 [ RunTime:0.000208s ]
[2023-03-05T14:01:01+08:00][sql] CONNECT:[ UseTime:0.000397s ] mysql:host=localhost;port=3316;dbname=coffee;charset=utf8
[2023-03-05T14:01:01+08:00][sql] SHOW FULL COLUMNS FROM `banner` [ RunTime:0.001278s ]
[2023-03-05T14:01:01+08:00][sql] SELECT * FROM `banner` [ RunTime:0.000223s ]
[2023-03-05T14:01:01+08:00][sql] SHOW FULL COLUMNS FROM `information` [ RunTime:0.001023s ]
[2023-03-05T14:01:01+08:00][sql] SELECT * FROM `information` ORDER BY `time` DESC LIMIT 1 [ RunTime:0.000281s ]
[2023-03-05T14:01:01+08:00][sql] SELECT * FROM `information` ORDER BY `time` DESC LIMIT 1,4 [ RunTime:0.000329s ]
[2023-03-05T14:01:01+08:00][sql] SHOW FULL COLUMNS FROM `course` [ RunTime:0.001092s ]
[2023-03-05T14:01:01+08:00][sql] SELECT `id`,`title` FROM `course` ORDER BY `sorting` ASC LIMIT 0,6 [ RunTime:0.000229s ]
[2023-03-05T14:01:01+08:00][sql] SHOW FULL COLUMNS FROM `teacher` [ RunTime:0.000913s ]
[2023-03-05T14:01:01+08:00][sql] SELECT * FROM `teacher` [ RunTime:0.000238s ]
[2023-03-05T14:01:01+08:00][sql] SHOW FULL COLUMNS FROM `address` [ RunTime:0.000964s ]
[2023-03-05T14:01:01+08:00][sql] SELECT * FROM `address` WHERE  `id` = 1 LIMIT 1 [ RunTime:0.000361s ]
[2023-03-05T14:01:01+08:00][sql] SELECT * FROM `address` WHERE  `id` = 2 LIMIT 1 [ RunTime:0.000285s ]
[2023-03-05T14:53:32+08:00][sql] CONNECT:[ UseTime:0.000385s ] mysql:host=localhost;port=3316;dbname=coffee;charset=utf8
[2023-03-05T14:53:32+08:00][sql] SHOW FULL COLUMNS FROM `banner` [ RunTime:0.001369s ]
[2023-03-05T14:53:32+08:00][sql] SELECT * FROM `banner` [ RunTime:0.000213s ]
[2023-03-05T14:53:32+08:00][sql] SHOW FULL COLUMNS FROM `information` [ RunTime:0.000953s ]
[2023-03-05T14:53:32+08:00][sql] SELECT * FROM `information` ORDER BY `time` DESC LIMIT 1 [ RunTime:0.000278s ]
[2023-03-05T14:53:32+08:00][sql] SELECT * FROM `information` ORDER BY `time` DESC LIMIT 1,4 [ RunTime:0.000373s ]
[2023-03-05T14:53:32+08:00][sql] SHOW FULL COLUMNS FROM `course` [ RunTime:0.001146s ]
[2023-03-05T14:53:32+08:00][sql] SELECT `id`,`title` FROM `course` ORDER BY `sorting` ASC LIMIT 0,6 [ RunTime:0.000240s ]
[2023-03-05T14:53:32+08:00][sql] SHOW FULL COLUMNS FROM `teacher` [ RunTime:0.000908s ]
[2023-03-05T14:53:32+08:00][sql] SELECT * FROM `teacher` [ RunTime:0.000276s ]
[2023-03-05T14:53:32+08:00][sql] SHOW FULL COLUMNS FROM `address` [ RunTime:0.000919s ]
[2023-03-05T14:53:32+08:00][sql] SELECT * FROM `address` WHERE  `id` = 1 LIMIT 1 [ RunTime:0.000241s ]
[2023-03-05T14:53:32+08:00][sql] SELECT * FROM `address` WHERE  `id` = 2 LIMIT 1 [ RunTime:0.000215s ]
[2023-03-05T15:14:59+08:00][sql] CONNECT:[ UseTime:0.000389s ] mysql:host=localhost;port=3316;dbname=coffee;charset=utf8
[2023-03-05T15:14:59+08:00][sql] SHOW FULL COLUMNS FROM `banner` [ RunTime:0.001188s ]
[2023-03-05T15:14:59+08:00][sql] SELECT * FROM `banner` [ RunTime:0.000250s ]
[2023-03-05T15:14:59+08:00][sql] SHOW FULL COLUMNS FROM `information` [ RunTime:0.000901s ]
[2023-03-05T15:14:59+08:00][sql] SELECT * FROM `information` ORDER BY `time` DESC LIMIT 1 [ RunTime:0.000278s ]
[2023-03-05T15:14:59+08:00][sql] SELECT * FROM `information` ORDER BY `time` DESC LIMIT 1,4 [ RunTime:0.000318s ]
[2023-03-05T15:14:59+08:00][sql] SHOW FULL COLUMNS FROM `course` [ RunTime:0.001026s ]
[2023-03-05T15:14:59+08:00][sql] SELECT `id`,`title` FROM `course` ORDER BY `sorting` ASC LIMIT 0,6 [ RunTime:0.000227s ]
[2023-03-05T15:14:59+08:00][sql] SHOW FULL COLUMNS FROM `teacher` [ RunTime:0.000861s ]
[2023-03-05T15:14:59+08:00][sql] SELECT * FROM `teacher` [ RunTime:0.000224s ]
[2023-03-05T15:14:59+08:00][sql] SHOW FULL COLUMNS FROM `address` [ RunTime:0.000837s ]
[2023-03-05T15:14:59+08:00][sql] SELECT * FROM `address` WHERE  `id` = 1 LIMIT 1 [ RunTime:0.000249s ]
[2023-03-05T15:14:59+08:00][sql] SELECT * FROM `address` WHERE  `id` = 2 LIMIT 1 [ RunTime:0.000197s ]
[2023-03-05T15:17:32+08:00][sql] CONNECT:[ UseTime:0.000458s ] mysql:host=localhost;port=3316;dbname=coffee;charset=utf8
[2023-03-05T15:17:32+08:00][sql] SHOW FULL COLUMNS FROM `banner` [ RunTime:0.001925s ]
[2023-03-05T15:17:32+08:00][sql] SELECT * FROM `banner` [ RunTime:0.000267s ]
[2023-03-05T15:17:32+08:00][sql] SHOW FULL COLUMNS FROM `information` [ RunTime:0.001496s ]
[2023-03-05T15:17:32+08:00][sql] SELECT * FROM `information` ORDER BY `time` DESC LIMIT 1 [ RunTime:0.000399s ]
[2023-03-05T15:17:32+08:00][sql] SELECT * FROM `information` ORDER BY `time` DESC LIMIT 1,4 [ RunTime:0.000587s ]
[2023-03-05T15:17:32+08:00][sql] SHOW FULL COLUMNS FROM `course` [ RunTime:0.001584s ]
[2023-03-05T15:17:32+08:00][sql] SELECT `id`,`title` FROM `course` ORDER BY `sorting` ASC LIMIT 0,6 [ RunTime:0.000284s ]
[2023-03-05T15:17:32+08:00][sql] SHOW FULL COLUMNS FROM `teacher` [ RunTime:0.001384s ]
[2023-03-05T15:17:32+08:00][sql] SELECT * FROM `teacher` [ RunTime:0.000304s ]
[2023-03-05T15:17:32+08:00][sql] SHOW FULL COLUMNS FROM `address` [ RunTime:0.001355s ]
[2023-03-05T15:17:32+08:00][sql] SELECT * FROM `address` WHERE  `id` = 1 LIMIT 1 [ RunTime:0.000358s ]
[2023-03-05T15:17:32+08:00][sql] SELECT * FROM `address` WHERE  `id` = 2 LIMIT 1 [ RunTime:0.000267s ]
[2023-03-05T15:18:35+08:00][sql] CONNECT:[ UseTime:0.000390s ] mysql:host=localhost;port=3316;dbname=coffee;charset=utf8
[2023-03-05T15:18:35+08:00][sql] SHOW FULL COLUMNS FROM `banner` [ RunTime:0.001422s ]
[2023-03-05T15:18:35+08:00][sql] SELECT * FROM `banner` [ RunTime:0.000229s ]
[2023-03-05T15:18:35+08:00][sql] SHOW FULL COLUMNS FROM `information` [ RunTime:0.001152s ]
[2023-03-05T15:18:35+08:00][sql] SELECT * FROM `information` ORDER BY `time` DESC LIMIT 1 [ RunTime:0.000303s ]
[2023-03-05T15:18:35+08:00][sql] SELECT * FROM `information` ORDER BY `time` DESC LIMIT 1,4 [ RunTime:0.000341s ]
[2023-03-05T15:18:35+08:00][sql] SHOW FULL COLUMNS FROM `course` [ RunTime:0.001283s ]
[2023-03-05T15:18:35+08:00][sql] SELECT `id`,`title` FROM `course` ORDER BY `sorting` ASC LIMIT 0,6 [ RunTime:0.000229s ]
[2023-03-05T15:18:35+08:00][sql] SHOW FULL COLUMNS FROM `teacher` [ RunTime:0.000926s ]
[2023-03-05T15:18:35+08:00][sql] SELECT * FROM `teacher` [ RunTime:0.000229s ]
[2023-03-05T15:18:35+08:00][sql] SHOW FULL COLUMNS FROM `address` [ RunTime:0.000938s ]
[2023-03-05T15:18:35+08:00][sql] SELECT * FROM `address` WHERE  `id` = 1 LIMIT 1 [ RunTime:0.000311s ]
[2023-03-05T15:18:35+08:00][sql] SELECT * FROM `address` WHERE  `id` = 2 LIMIT 1 [ RunTime:0.000278s ]
[2023-03-05T15:43:04+08:00][sql] CONNECT:[ UseTime:0.000426s ] mysql:host=localhost;port=3316;dbname=coffee;charset=utf8
[2023-03-05T15:43:04+08:00][sql] SHOW FULL COLUMNS FROM `banner` [ RunTime:0.001214s ]
[2023-03-05T15:43:04+08:00][sql] SELECT * FROM `banner` [ RunTime:0.000218s ]
[2023-03-05T15:43:04+08:00][sql] SHOW FULL COLUMNS FROM `information` [ RunTime:0.000952s ]
[2023-03-05T15:43:04+08:00][sql] SELECT * FROM `information` ORDER BY `time` DESC LIMIT 1 [ RunTime:0.000281s ]
[2023-03-05T15:43:04+08:00][sql] SELECT * FROM `information` ORDER BY `time` DESC LIMIT 1,4 [ RunTime:0.000322s ]
[2023-03-05T15:43:04+08:00][sql] SHOW FULL COLUMNS FROM `course` [ RunTime:0.001036s ]
[2023-03-05T15:43:04+08:00][sql] SELECT `id`,`title` FROM `course` ORDER BY `sorting` ASC LIMIT 0,6 [ RunTime:0.000238s ]
[2023-03-05T15:43:04+08:00][sql] SHOW FULL COLUMNS FROM `teacher` [ RunTime:0.000881s ]
[2023-03-05T15:43:04+08:00][sql] SELECT * FROM `teacher` [ RunTime:0.000218s ]
[2023-03-05T15:43:04+08:00][sql] SHOW FULL COLUMNS FROM `address` [ RunTime:0.000926s ]
[2023-03-05T15:43:04+08:00][sql] SELECT * FROM `address` WHERE  `id` = 1 LIMIT 1 [ RunTime:0.000238s ]
[2023-03-05T15:43:04+08:00][sql] SELECT * FROM `address` WHERE  `id` = 2 LIMIT 1 [ RunTime:0.000228s ]
[2023-03-05T15:49:39+08:00][sql] CONNECT:[ UseTime:0.000404s ] mysql:host=localhost;port=3316;dbname=coffee;charset=utf8
[2023-03-05T15:49:39+08:00][sql] SHOW FULL COLUMNS FROM `banner` [ RunTime:0.001221s ]
[2023-03-05T15:49:39+08:00][sql] SELECT * FROM `banner` [ RunTime:0.000220s ]
[2023-03-05T15:49:39+08:00][sql] SHOW FULL COLUMNS FROM `information` [ RunTime:0.001030s ]
[2023-03-05T15:49:39+08:00][sql] SELECT * FROM `information` ORDER BY `time` DESC LIMIT 1 [ RunTime:0.000319s ]
[2023-03-05T15:49:39+08:00][sql] SELECT * FROM `information` ORDER BY `time` DESC LIMIT 1,4 [ RunTime:0.000324s ]
[2023-03-05T15:49:39+08:00][sql] SHOW FULL COLUMNS FROM `course` [ RunTime:0.001075s ]
[2023-03-05T15:49:39+08:00][sql] SELECT `id`,`title` FROM `course` ORDER BY `sorting` ASC LIMIT 0,6 [ RunTime:0.000249s ]
[2023-03-05T15:49:39+08:00][sql] SHOW FULL COLUMNS FROM `teacher` [ RunTime:0.000896s ]
[2023-03-05T15:49:39+08:00][sql] SELECT * FROM `teacher` [ RunTime:0.000241s ]
[2023-03-05T15:49:39+08:00][sql] SHOW FULL COLUMNS FROM `address` [ RunTime:0.000995s ]
[2023-03-05T15:49:39+08:00][sql] SELECT * FROM `address` WHERE  `id` = 1 LIMIT 1 [ RunTime:0.000255s ]
[2023-03-05T15:49:39+08:00][sql] SELECT * FROM `address` WHERE  `id` = 2 LIMIT 1 [ RunTime:0.000240s ]
[2023-03-05T15:58:39+08:00][sql] CONNECT:[ UseTime:0.000388s ] mysql:host=localhost;port=3316;dbname=coffee;charset=utf8
[2023-03-05T15:58:39+08:00][sql] SHOW FULL COLUMNS FROM `banner` [ RunTime:0.001199s ]
[2023-03-05T15:58:39+08:00][sql] SELECT * FROM `banner` [ RunTime:0.000228s ]
[2023-03-05T15:58:39+08:00][sql] SHOW FULL COLUMNS FROM `information` [ RunTime:0.000949s ]
[2023-03-05T15:58:39+08:00][sql] SELECT * FROM `information` ORDER BY `time` DESC LIMIT 1 [ RunTime:0.000278s ]
[2023-03-05T15:58:39+08:00][sql] SELECT * FROM `information` ORDER BY `time` DESC LIMIT 1,4 [ RunTime:0.000307s ]
[2023-03-05T15:58:39+08:00][sql] SHOW FULL COLUMNS FROM `course` [ RunTime:0.001012s ]
[2023-03-05T15:58:39+08:00][sql] SELECT `id`,`title` FROM `course` ORDER BY `sorting` ASC LIMIT 0,6 [ RunTime:0.000215s ]
[2023-03-05T15:58:39+08:00][sql] SHOW FULL COLUMNS FROM `teacher` [ RunTime:0.000892s ]
[2023-03-05T15:58:39+08:00][sql] SELECT * FROM `teacher` [ RunTime:0.000215s ]
[2023-03-05T15:58:39+08:00][sql] SHOW FULL COLUMNS FROM `address` [ RunTime:0.001040s ]
[2023-03-05T15:58:39+08:00][sql] SELECT * FROM `address` WHERE  `id` = 1 LIMIT 1 [ RunTime:0.000320s ]
[2023-03-05T15:58:39+08:00][sql] SELECT * FROM `address` WHERE  `id` = 2 LIMIT 1 [ RunTime:0.000264s ]
[2023-03-05T17:09:51+08:00][sql] CONNECT:[ UseTime:0.000401s ] mysql:host=localhost;port=3316;dbname=coffee;charset=utf8
[2023-03-05T17:09:51+08:00][sql] SHOW FULL COLUMNS FROM `banner` [ RunTime:0.001251s ]
[2023-03-05T17:09:51+08:00][sql] SELECT * FROM `banner` [ RunTime:0.000223s ]
[2023-03-05T17:09:51+08:00][sql] SHOW FULL COLUMNS FROM `information` [ RunTime:0.001087s ]
[2023-03-05T17:09:51+08:00][sql] SELECT * FROM `information` ORDER BY `time` DESC LIMIT 1 [ RunTime:0.000317s ]
[2023-03-05T17:09:51+08:00][sql] SELECT * FROM `information` ORDER BY `time` DESC LIMIT 1,4 [ RunTime:0.000377s ]
[2023-03-05T17:09:51+08:00][sql] SHOW FULL COLUMNS FROM `course` [ RunTime:0.001087s ]
[2023-03-05T17:09:51+08:00][sql] SELECT `id`,`title` FROM `course` ORDER BY `sorting` ASC LIMIT 0,6 [ RunTime:0.000265s ]
[2023-03-05T17:09:51+08:00][sql] SHOW FULL COLUMNS FROM `teacher` [ RunTime:0.000907s ]
[2023-03-05T17:09:51+08:00][sql] SELECT * FROM `teacher` [ RunTime:0.000254s ]
[2023-03-05T17:09:51+08:00][sql] SHOW FULL COLUMNS FROM `address` [ RunTime:0.000923s ]
[2023-03-05T17:09:51+08:00][sql] SELECT * FROM `address` WHERE  `id` = 1 LIMIT 1 [ RunTime:0.000286s ]
[2023-03-05T17:09:51+08:00][sql] SELECT * FROM `address` WHERE  `id` = 2 LIMIT 1 [ RunTime:0.000241s ]
[2023-03-05T17:13:30+08:00][sql] CONNECT:[ UseTime:0.000377s ] mysql:host=localhost;port=3316;dbname=coffee;charset=utf8
[2023-03-05T17:13:30+08:00][sql] SHOW FULL COLUMNS FROM `banner` [ RunTime:0.001202s ]
[2023-03-05T17:13:30+08:00][sql] SELECT * FROM `banner` [ RunTime:0.000288s ]
[2023-03-05T17:13:30+08:00][sql] SHOW FULL COLUMNS FROM `information` [ RunTime:0.000999s ]
[2023-03-05T17:13:30+08:00][sql] SELECT * FROM `information` ORDER BY `time` DESC LIMIT 1 [ RunTime:0.000323s ]
[2023-03-05T17:13:30+08:00][sql] SELECT * FROM `information` ORDER BY `time` DESC LIMIT 1,4 [ RunTime:0.000326s ]
[2023-03-05T17:13:30+08:00][sql] SHOW FULL COLUMNS FROM `course` [ RunTime:0.001104s ]
[2023-03-05T17:13:30+08:00][sql] SELECT `id`,`title` FROM `course` ORDER BY `sorting` ASC LIMIT 0,6 [ RunTime:0.000258s ]
[2023-03-05T17:13:30+08:00][sql] SHOW FULL COLUMNS FROM `teacher` [ RunTime:0.000884s ]
[2023-03-05T17:13:30+08:00][sql] SELECT * FROM `teacher` [ RunTime:0.000226s ]
[2023-03-05T17:13:30+08:00][sql] SHOW FULL COLUMNS FROM `address` [ RunTime:0.000894s ]
[2023-03-05T17:13:30+08:00][sql] SELECT * FROM `address` WHERE  `id` = 1 LIMIT 1 [ RunTime:0.000243s ]
[2023-03-05T17:13:30+08:00][sql] SELECT * FROM `address` WHERE  `id` = 2 LIMIT 1 [ RunTime:0.000230s ]
[2023-03-05T17:47:08+08:00][sql] CONNECT:[ UseTime:0.000437s ] mysql:host=localhost;port=3316;dbname=coffee;charset=utf8
[2023-03-05T17:47:08+08:00][sql] SHOW FULL COLUMNS FROM `banner` [ RunTime:0.001191s ]
[2023-03-05T17:47:08+08:00][sql] SELECT * FROM `banner` [ RunTime:0.000243s ]
[2023-03-05T17:47:08+08:00][sql] SHOW FULL COLUMNS FROM `information` [ RunTime:0.000983s ]
[2023-03-05T17:47:08+08:00][sql] SELECT * FROM `information` ORDER BY `time` DESC LIMIT 1 [ RunTime:0.000330s ]
[2023-03-05T17:47:08+08:00][sql] SELECT * FROM `information` ORDER BY `time` DESC LIMIT 1,4 [ RunTime:0.000383s ]
[2023-03-05T17:47:08+08:00][sql] SHOW FULL COLUMNS FROM `course` [ RunTime:0.001071s ]
[2023-03-05T17:47:08+08:00][sql] SELECT `id`,`title` FROM `course` ORDER BY `sorting` ASC LIMIT 0,6 [ RunTime:0.000274s ]
[2023-03-05T17:47:08+08:00][sql] SHOW FULL COLUMNS FROM `teacher` [ RunTime:0.001010s ]
[2023-03-05T17:47:08+08:00][sql] SELECT * FROM `teacher` [ RunTime:0.000259s ]
[2023-03-05T17:47:08+08:00][sql] SHOW FULL COLUMNS FROM `address` [ RunTime:0.000923s ]
[2023-03-05T17:47:08+08:00][sql] SELECT * FROM `address` WHERE  `id` = 1 LIMIT 1 [ RunTime:0.000279s ]
[2023-03-05T17:47:08+08:00][sql] SELECT * FROM `address` WHERE  `id` = 2 LIMIT 1 [ RunTime:0.000275s ]
[2023-03-05T18:01:43+08:00][sql] CONNECT:[ UseTime:0.000424s ] mysql:host=localhost;port=3316;dbname=coffee;charset=utf8
[2023-03-05T18:01:43+08:00][sql] SHOW FULL COLUMNS FROM `banner` [ RunTime:0.001276s ]
[2023-03-05T18:01:43+08:00][sql] SELECT * FROM `banner` [ RunTime:0.000261s ]
[2023-03-05T18:01:43+08:00][sql] SHOW FULL COLUMNS FROM `information` [ RunTime:0.000982s ]
[2023-03-05T18:01:43+08:00][sql] SELECT * FROM `information` ORDER BY `time` DESC LIMIT 1 [ RunTime:0.000308s ]
[2023-03-05T18:01:43+08:00][sql] SELECT * FROM `information` ORDER BY `time` DESC LIMIT 1,4 [ RunTime:0.000380s ]
[2023-03-05T18:01:43+08:00][sql] SHOW FULL COLUMNS FROM `course` [ RunTime:0.001144s ]
[2023-03-05T18:01:43+08:00][sql] SELECT `id`,`title` FROM `course` ORDER BY `sorting` ASC LIMIT 0,6 [ RunTime:0.000268s ]
[2023-03-05T18:01:43+08:00][sql] SHOW FULL COLUMNS FROM `teacher` [ RunTime:0.001030s ]
[2023-03-05T18:01:43+08:00][sql] SELECT * FROM `teacher` [ RunTime:0.000279s ]
[2023-03-05T18:01:43+08:00][sql] SHOW FULL COLUMNS FROM `address` [ RunTime:0.000963s ]
[2023-03-05T18:01:43+08:00][sql] SELECT * FROM `address` WHERE  `id` = 1 LIMIT 1 [ RunTime:0.000324s ]
[2023-03-05T18:01:43+08:00][sql] SELECT * FROM `address` WHERE  `id` = 2 LIMIT 1 [ RunTime:0.000242s ]
[2023-03-05T18:02:56+08:00][sql] CONNECT:[ UseTime:0.000490s ] mysql:host=localhost;port=3316;dbname=coffee;charset=utf8
[2023-03-05T18:02:56+08:00][sql] SHOW FULL COLUMNS FROM `banner` [ RunTime:0.001882s ]
[2023-03-05T18:02:56+08:00][sql] SELECT * FROM `banner` [ RunTime:0.000293s ]
[2023-03-05T18:02:56+08:00][sql] SHOW FULL COLUMNS FROM `information` [ RunTime:0.001649s ]
[2023-03-05T18:02:56+08:00][sql] SELECT * FROM `information` ORDER BY `time` DESC LIMIT 1 [ RunTime:0.000417s ]
[2023-03-05T18:02:56+08:00][sql] SELECT * FROM `information` ORDER BY `time` DESC LIMIT 1,4 [ RunTime:0.000508s ]
[2023-03-05T18:02:56+08:00][sql] SHOW FULL COLUMNS FROM `course` [ RunTime:0.001721s ]
[2023-03-05T18:02:56+08:00][sql] SELECT `id`,`title` FROM `course` ORDER BY `sorting` ASC LIMIT 0,6 [ RunTime:0.000297s ]
[2023-03-05T18:02:56+08:00][sql] SHOW FULL COLUMNS FROM `teacher` [ RunTime:0.001415s ]
[2023-03-05T18:02:56+08:00][sql] SELECT * FROM `teacher` [ RunTime:0.000271s ]
[2023-03-05T18:02:56+08:00][sql] SHOW FULL COLUMNS FROM `address` [ RunTime:0.000972s ]
[2023-03-05T18:02:56+08:00][sql] SELECT * FROM `address` WHERE  `id` = 1 LIMIT 1 [ RunTime:0.000292s ]
[2023-03-05T18:02:56+08:00][sql] SELECT * FROM `address` WHERE  `id` = 2 LIMIT 1 [ RunTime:0.000272s ]
[2023-03-05T18:36:00+08:00][sql] CONNECT:[ UseTime:0.000423s ] mysql:host=localhost;port=3316;dbname=coffee;charset=utf8
[2023-03-05T18:36:00+08:00][sql] SHOW FULL COLUMNS FROM `banner` [ RunTime:0.001271s ]
[2023-03-05T18:36:00+08:00][sql] SELECT * FROM `banner` [ RunTime:0.000376s ]
[2023-03-05T18:36:00+08:00][sql] SHOW FULL COLUMNS FROM `information` [ RunTime:0.001004s ]
[2023-03-05T18:36:00+08:00][sql] SELECT * FROM `information` ORDER BY `time` DESC LIMIT 1 [ RunTime:0.000322s ]
[2023-03-05T18:36:00+08:00][sql] SELECT * FROM `information` ORDER BY `time` DESC LIMIT 1,4 [ RunTime:0.000409s ]
[2023-03-05T18:36:00+08:00][sql] SHOW FULL COLUMNS FROM `course` [ RunTime:0.001140s ]
[2023-03-05T18:36:00+08:00][sql] SELECT `id`,`title` FROM `course` ORDER BY `sorting` ASC LIMIT 0,6 [ RunTime:0.000264s ]
[2023-03-05T18:36:00+08:00][sql] SHOW FULL COLUMNS FROM `teacher` [ RunTime:0.000970s ]
[2023-03-05T18:36:00+08:00][sql] SELECT * FROM `teacher` [ RunTime:0.000287s ]
[2023-03-05T18:36:00+08:00][sql] SHOW FULL COLUMNS FROM `address` [ RunTime:0.000966s ]
[2023-03-05T18:36:00+08:00][sql] SELECT * FROM `address` WHERE  `id` = 1 LIMIT 1 [ RunTime:0.000301s ]
[2023-03-05T18:36:00+08:00][sql] SELECT * FROM `address` WHERE  `id` = 2 LIMIT 1 [ RunTime:0.000267s ]
[2023-03-05T18:41:13+08:00][sql] CONNECT:[ UseTime:0.000448s ] mysql:host=localhost;port=3316;dbname=coffee;charset=utf8
[2023-03-05T18:41:13+08:00][sql] SHOW FULL COLUMNS FROM `banner` [ RunTime:0.001657s ]
[2023-03-05T18:41:13+08:00][sql] SELECT * FROM `banner` [ RunTime:0.000271s ]
[2023-03-05T18:41:13+08:00][sql] SHOW FULL COLUMNS FROM `information` [ RunTime:0.001446s ]
[2023-03-05T18:41:13+08:00][sql] SELECT * FROM `information` ORDER BY `time` DESC LIMIT 1 [ RunTime:0.000392s ]
[2023-03-05T18:41:13+08:00][sql] SELECT * FROM `information` ORDER BY `time` DESC LIMIT 1,4 [ RunTime:0.000501s ]
[2023-03-05T18:41:13+08:00][sql] SHOW FULL COLUMNS FROM `course` [ RunTime:0.001216s ]
[2023-03-05T18:41:13+08:00][sql] SELECT `id`,`title` FROM `course` ORDER BY `sorting` ASC LIMIT 0,6 [ RunTime:0.000312s ]
[2023-03-05T18:41:13+08:00][sql] SHOW FULL COLUMNS FROM `teacher` [ RunTime:0.000910s ]
[2023-03-05T18:41:13+08:00][sql] SELECT * FROM `teacher` [ RunTime:0.000250s ]
[2023-03-05T18:41:13+08:00][sql] SHOW FULL COLUMNS FROM `address` [ RunTime:0.000912s ]
[2023-03-05T18:41:13+08:00][sql] SELECT * FROM `address` WHERE  `id` = 1 LIMIT 1 [ RunTime:0.000245s ]
[2023-03-05T18:41:13+08:00][sql] SELECT * FROM `address` WHERE  `id` = 2 LIMIT 1 [ RunTime:0.000206s ]
[2023-03-05T18:41:29+08:00][sql] CONNECT:[ UseTime:0.000334s ] mysql:host=localhost;port=3316;dbname=coffee;charset=utf8
[2023-03-05T18:41:29+08:00][sql] SHOW FULL COLUMNS FROM `banner` [ RunTime:0.001245s ]
[2023-03-05T18:41:29+08:00][sql] SELECT * FROM `banner` [ RunTime:0.000212s ]
[2023-03-05T18:41:29+08:00][sql] SHOW FULL COLUMNS FROM `information` [ RunTime:0.000965s ]
[2023-03-05T18:41:29+08:00][sql] SELECT * FROM `information` ORDER BY `time` DESC LIMIT 1 [ RunTime:0.000309s ]
[2023-03-05T18:41:29+08:00][sql] SELECT * FROM `information` ORDER BY `time` DESC LIMIT 1,4 [ RunTime:0.000322s ]
[2023-03-05T18:41:29+08:00][sql] SHOW FULL COLUMNS FROM `course` [ RunTime:0.001034s ]
[2023-03-05T18:41:29+08:00][sql] SELECT `id`,`title` FROM `course` ORDER BY `sorting` ASC LIMIT 0,6 [ RunTime:0.000244s ]
[2023-03-05T18:41:29+08:00][sql] SHOW FULL COLUMNS FROM `teacher` [ RunTime:0.000891s ]
[2023-03-05T18:41:29+08:00][sql] SELECT * FROM `teacher` [ RunTime:0.000222s ]
[2023-03-05T18:41:29+08:00][sql] SHOW FULL COLUMNS FROM `address` [ RunTime:0.000900s ]
[2023-03-05T18:41:29+08:00][sql] SELECT * FROM `address` WHERE  `id` = 1 LIMIT 1 [ RunTime:0.000250s ]
[2023-03-05T18:41:29+08:00][sql] SELECT * FROM `address` WHERE  `id` = 2 LIMIT 1 [ RunTime:0.000219s ]
[2023-03-05T18:47:59+08:00][sql] CONNECT:[ UseTime:0.000430s ] mysql:host=localhost;port=3316;dbname=coffee;charset=utf8
[2023-03-05T18:47:59+08:00][sql] SHOW FULL COLUMNS FROM `banner` [ RunTime:0.001380s ]
[2023-03-05T18:47:59+08:00][sql] SELECT * FROM `banner` [ RunTime:0.000258s ]
[2023-03-05T18:47:59+08:00][sql] SHOW FULL COLUMNS FROM `information` [ RunTime:0.000996s ]
[2023-03-05T18:47:59+08:00][sql] SELECT * FROM `information` ORDER BY `time` DESC LIMIT 1 [ RunTime:0.000322s ]
[2023-03-05T18:47:59+08:00][sql] SELECT * FROM `information` ORDER BY `time` DESC LIMIT 1,4 [ RunTime:0.000406s ]
[2023-03-05T18:47:59+08:00][sql] SHOW FULL COLUMNS FROM `course` [ RunTime:0.001104s ]
[2023-03-05T18:47:59+08:00][sql] SELECT `id`,`title` FROM `course` ORDER BY `sorting` ASC LIMIT 0,6 [ RunTime:0.000370s ]
[2023-03-05T18:47:59+08:00][sql] SHOW FULL COLUMNS FROM `teacher` [ RunTime:0.000931s ]
[2023-03-05T18:47:59+08:00][sql] SELECT * FROM `teacher` [ RunTime:0.000285s ]
[2023-03-05T18:47:59+08:00][sql] SHOW FULL COLUMNS FROM `address` [ RunTime:0.000930s ]
[2023-03-05T18:47:59+08:00][sql] SELECT * FROM `address` WHERE  `id` = 1 LIMIT 1 [ RunTime:0.000313s ]
[2023-03-05T18:47:59+08:00][sql] SELECT * FROM `address` WHERE  `id` = 2 LIMIT 1 [ RunTime:0.000251s ]
[2023-03-05T18:49:02+08:00][sql] CONNECT:[ UseTime:0.000405s ] mysql:host=localhost;port=3316;dbname=coffee;charset=utf8
[2023-03-05T18:49:02+08:00][sql] SHOW FULL COLUMNS FROM `banner` [ RunTime:0.001217s ]
[2023-03-05T18:49:02+08:00][sql] SELECT * FROM `banner` [ RunTime:0.000247s ]
[2023-03-05T18:49:02+08:00][sql] SHOW FULL COLUMNS FROM `information` [ RunTime:0.001016s ]
[2023-03-05T18:49:02+08:00][sql] SELECT * FROM `information` ORDER BY `time` DESC LIMIT 1 [ RunTime:0.000371s ]
[2023-03-05T18:49:02+08:00][sql] SELECT * FROM `information` ORDER BY `time` DESC LIMIT 1,4 [ RunTime:0.000386s ]
[2023-03-05T18:49:02+08:00][sql] SHOW FULL COLUMNS FROM `course` [ RunTime:0.001071s ]
[2023-03-05T18:49:02+08:00][sql] SELECT `id`,`title` FROM `course` ORDER BY `sorting` ASC LIMIT 0,6 [ RunTime:0.000262s ]
[2023-03-05T18:49:02+08:00][sql] SHOW FULL COLUMNS FROM `teacher` [ RunTime:0.000875s ]
[2023-03-05T18:49:02+08:00][sql] SELECT * FROM `teacher` [ RunTime:0.000258s ]
[2023-03-05T18:49:02+08:00][sql] SHOW FULL COLUMNS FROM `address` [ RunTime:0.000951s ]
[2023-03-05T18:49:02+08:00][sql] SELECT * FROM `address` WHERE  `id` = 1 LIMIT 1 [ RunTime:0.000265s ]
[2023-03-05T18:49:02+08:00][sql] SELECT * FROM `address` WHERE  `id` = 2 LIMIT 1 [ RunTime:0.000292s ]
[2023-03-05T19:03:59+08:00][sql] CONNECT:[ UseTime:0.000452s ] mysql:host=localhost;port=3316;dbname=coffee;charset=utf8
[2023-03-05T19:03:59+08:00][sql] SHOW FULL COLUMNS FROM `banner` [ RunTime:0.001240s ]
[2023-03-05T19:03:59+08:00][sql] SELECT * FROM `banner` [ RunTime:0.000263s ]
[2023-03-05T19:03:59+08:00][sql] SHOW FULL COLUMNS FROM `information` [ RunTime:0.000991s ]
[2023-03-05T19:03:59+08:00][sql] SELECT * FROM `information` ORDER BY `time` DESC LIMIT 1 [ RunTime:0.000317s ]
[2023-03-05T19:03:59+08:00][sql] SELECT * FROM `information` ORDER BY `time` DESC LIMIT 1,4 [ RunTime:0.000380s ]
[2023-03-05T19:03:59+08:00][sql] SHOW FULL COLUMNS FROM `course` [ RunTime:0.001106s ]
[2023-03-05T19:03:59+08:00][sql] SELECT `id`,`title` FROM `course` ORDER BY `sorting` ASC LIMIT 0,6 [ RunTime:0.000285s ]
[2023-03-05T19:03:59+08:00][sql] SHOW FULL COLUMNS FROM `teacher` [ RunTime:0.000969s ]
[2023-03-05T19:03:59+08:00][sql] SELECT * FROM `teacher` [ RunTime:0.000264s ]
[2023-03-05T19:03:59+08:00][sql] SHOW FULL COLUMNS FROM `address` [ RunTime:0.000928s ]
[2023-03-05T19:03:59+08:00][sql] SELECT * FROM `address` WHERE  `id` = 1 LIMIT 1 [ RunTime:0.000320s ]
[2023-03-05T19:03:59+08:00][sql] SELECT * FROM `address` WHERE  `id` = 2 LIMIT 1 [ RunTime:0.000241s ]
[2023-03-05T19:05:06+08:00][sql] CONNECT:[ UseTime:0.000412s ] mysql:host=localhost;port=3316;dbname=coffee;charset=utf8
[2023-03-05T19:05:06+08:00][sql] SHOW FULL COLUMNS FROM `banner` [ RunTime:0.001268s ]
[2023-03-05T19:05:06+08:00][sql] SELECT * FROM `banner` [ RunTime:0.000225s ]
[2023-03-05T19:05:06+08:00][sql] SHOW FULL COLUMNS FROM `information` [ RunTime:0.001147s ]
[2023-03-05T19:05:06+08:00][sql] SELECT * FROM `information` ORDER BY `time` DESC LIMIT 1 [ RunTime:0.000285s ]
[2023-03-05T19:05:06+08:00][sql] SELECT * FROM `information` ORDER BY `time` DESC LIMIT 1,4 [ RunTime:0.000331s ]
[2023-03-05T19:05:06+08:00][sql] SHOW FULL COLUMNS FROM `course` [ RunTime:0.001045s ]
[2023-03-05T19:05:06+08:00][sql] SELECT `id`,`title` FROM `course` ORDER BY `sorting` ASC LIMIT 0,6 [ RunTime:0.000220s ]
[2023-03-05T19:05:06+08:00][sql] SHOW FULL COLUMNS FROM `teacher` [ RunTime:0.001101s ]
[2023-03-05T19:05:06+08:00][sql] SELECT * FROM `teacher` [ RunTime:0.000233s ]
[2023-03-05T19:05:06+08:00][sql] SHOW FULL COLUMNS FROM `address` [ RunTime:0.000882s ]
[2023-03-05T19:05:06+08:00][sql] SELECT * FROM `address` WHERE  `id` = 1 LIMIT 1 [ RunTime:0.000259s ]
[2023-03-05T19:05:06+08:00][sql] SELECT * FROM `address` WHERE  `id` = 2 LIMIT 1 [ RunTime:0.000222s ]
[2023-03-05T19:05:10+08:00][sql] CONNECT:[ UseTime:0.000450s ] mysql:host=localhost;port=3316;dbname=coffee;charset=utf8
[2023-03-05T19:05:10+08:00][sql] SHOW FULL COLUMNS FROM `banner` [ RunTime:0.001716s ]
[2023-03-05T19:05:10+08:00][sql] SELECT * FROM `banner` [ RunTime:0.000385s ]
[2023-03-05T19:05:10+08:00][sql] SHOW FULL COLUMNS FROM `information` [ RunTime:0.001347s ]
[2023-03-05T19:05:10+08:00][sql] SELECT * FROM `information` ORDER BY `time` DESC LIMIT 1 [ RunTime:0.000363s ]
[2023-03-05T19:05:10+08:00][sql] SELECT * FROM `information` ORDER BY `time` DESC LIMIT 1,4 [ RunTime:0.000525s ]
[2023-03-05T19:05:10+08:00][sql] SHOW FULL COLUMNS FROM `course` [ RunTime:0.002560s ]
[2023-03-05T19:05:10+08:00][sql] SELECT `id`,`title` FROM `course` ORDER BY `sorting` ASC LIMIT 0,6 [ RunTime:0.000271s ]
[2023-03-05T19:05:10+08:00][sql] SHOW FULL COLUMNS FROM `teacher` [ RunTime:0.001183s ]
[2023-03-05T19:05:10+08:00][sql] SELECT * FROM `teacher` [ RunTime:0.000294s ]
[2023-03-05T19:05:10+08:00][sql] SHOW FULL COLUMNS FROM `address` [ RunTime:0.001206s ]
[2023-03-05T19:05:10+08:00][sql] SELECT * FROM `address` WHERE  `id` = 1 LIMIT 1 [ RunTime:0.000314s ]
[2023-03-05T19:05:10+08:00][sql] SELECT * FROM `address` WHERE  `id` = 2 LIMIT 1 [ RunTime:0.000263s ]
[2023-03-05T19:38:19+08:00][sql] CONNECT:[ UseTime:0.000390s ] mysql:host=localhost;port=3316;dbname=coffee;charset=utf8
[2023-03-05T19:38:19+08:00][sql] SHOW FULL COLUMNS FROM `banner` [ RunTime:0.001227s ]
[2023-03-05T19:38:19+08:00][sql] SELECT * FROM `banner` [ RunTime:0.000230s ]
[2023-03-05T19:38:19+08:00][sql] SHOW FULL COLUMNS FROM `information` [ RunTime:0.001036s ]
[2023-03-05T19:38:19+08:00][sql] SELECT * FROM `information` ORDER BY `time` DESC LIMIT 1 [ RunTime:0.000316s ]
[2023-03-05T19:38:19+08:00][sql] SELECT * FROM `information` ORDER BY `time` DESC LIMIT 1,4 [ RunTime:0.000314s ]
[2023-03-05T19:38:19+08:00][sql] SHOW FULL COLUMNS FROM `course` [ RunTime:0.001121s ]
[2023-03-05T19:38:19+08:00][sql] SELECT `id`,`title` FROM `course` ORDER BY `sorting` ASC LIMIT 0,6 [ RunTime:0.000222s ]
[2023-03-05T19:38:19+08:00][sql] SHOW FULL COLUMNS FROM `teacher` [ RunTime:0.000865s ]
[2023-03-05T19:38:19+08:00][sql] SELECT * FROM `teacher` [ RunTime:0.000217s ]
[2023-03-05T19:38:19+08:00][sql] SHOW FULL COLUMNS FROM `address` [ RunTime:0.000841s ]
[2023-03-05T19:38:19+08:00][sql] SELECT * FROM `address` WHERE  `id` = 1 LIMIT 1 [ RunTime:0.000229s ]
[2023-03-05T19:38:19+08:00][sql] SELECT * FROM `address` WHERE  `id` = 2 LIMIT 1 [ RunTime:0.000204s ]
[2023-03-05T19:56:07+08:00][sql] CONNECT:[ UseTime:0.000438s ] mysql:host=localhost;port=3316;dbname=coffee;charset=utf8
[2023-03-05T19:56:07+08:00][sql] SHOW FULL COLUMNS FROM `banner` [ RunTime:0.001326s ]
[2023-03-05T19:56:07+08:00][sql] SELECT * FROM `banner` [ RunTime:0.000263s ]
[2023-03-05T19:56:07+08:00][sql] SHOW FULL COLUMNS FROM `information` [ RunTime:0.001023s ]
[2023-03-05T19:56:07+08:00][sql] SELECT * FROM `information` ORDER BY `time` DESC LIMIT 1 [ RunTime:0.000351s ]
[2023-03-05T19:56:07+08:00][sql] SELECT * FROM `information` ORDER BY `time` DESC LIMIT 1,4 [ RunTime:0.000406s ]
[2023-03-05T19:56:07+08:00][sql] SHOW FULL COLUMNS FROM `course` [ RunTime:0.001134s ]
[2023-03-05T19:56:07+08:00][sql] SELECT `id`,`title` FROM `course` ORDER BY `sorting` ASC LIMIT 0,6 [ RunTime:0.000259s ]
[2023-03-05T19:56:07+08:00][sql] SHOW FULL COLUMNS FROM `teacher` [ RunTime:0.000937s ]
[2023-03-05T19:56:07+08:00][sql] SELECT * FROM `teacher` [ RunTime:0.000294s ]
[2023-03-05T19:56:07+08:00][sql] SHOW FULL COLUMNS FROM `address` [ RunTime:0.000933s ]
[2023-03-05T19:56:07+08:00][sql] SELECT * FROM `address` WHERE  `id` = 1 LIMIT 1 [ RunTime:0.000275s ]
[2023-03-05T19:56:07+08:00][sql] SELECT * FROM `address` WHERE  `id` = 2 LIMIT 1 [ RunTime:0.000238s ]
[2023-03-05T19:58:35+08:00][sql] CONNECT:[ UseTime:0.000441s ] mysql:host=localhost;port=3316;dbname=coffee;charset=utf8
[2023-03-05T19:58:35+08:00][sql] SHOW FULL COLUMNS FROM `banner` [ RunTime:0.001251s ]
[2023-03-05T19:58:35+08:00][sql] SELECT * FROM `banner` [ RunTime:0.000315s ]
[2023-03-05T19:58:35+08:00][sql] SHOW FULL COLUMNS FROM `information` [ RunTime:0.001023s ]
[2023-03-05T19:58:35+08:00][sql] SELECT * FROM `information` ORDER BY `time` DESC LIMIT 1 [ RunTime:0.000339s ]
[2023-03-05T19:58:35+08:00][sql] SELECT * FROM `information` ORDER BY `time` DESC LIMIT 1,4 [ RunTime:0.000387s ]
[2023-03-05T19:58:35+08:00][sql] SHOW FULL COLUMNS FROM `course` [ RunTime:0.001147s ]
[2023-03-05T19:58:35+08:00][sql] SELECT `id`,`title` FROM `course` ORDER BY `sorting` ASC LIMIT 0,6 [ RunTime:0.000261s ]
[2023-03-05T19:58:35+08:00][sql] SHOW FULL COLUMNS FROM `teacher` [ RunTime:0.000954s ]
[2023-03-05T19:58:35+08:00][sql] SELECT * FROM `teacher` [ RunTime:0.000255s ]
[2023-03-05T19:58:35+08:00][sql] SHOW FULL COLUMNS FROM `address` [ RunTime:0.001034s ]
[2023-03-05T19:58:35+08:00][sql] SELECT * FROM `address` WHERE  `id` = 1 LIMIT 1 [ RunTime:0.000343s ]
[2023-03-05T19:58:35+08:00][sql] SELECT * FROM `address` WHERE  `id` = 2 LIMIT 1 [ RunTime:0.000243s ]
[2023-03-05T19:58:35+08:00][sql] CONNECT:[ UseTime:0.000369s ] mysql:host=localhost;port=3316;dbname=coffee;charset=utf8
[2023-03-05T19:58:35+08:00][sql] SHOW FULL COLUMNS FROM `banner` [ RunTime:0.001244s ]
[2023-03-05T19:58:35+08:00][sql] SELECT * FROM `banner` [ RunTime:0.000222s ]
[2023-03-05T19:58:35+08:00][sql] SHOW FULL COLUMNS FROM `information` [ RunTime:0.000929s ]
[2023-03-05T19:58:35+08:00][sql] SELECT * FROM `information` ORDER BY `time` DESC LIMIT 1 [ RunTime:0.000287s ]
[2023-03-05T19:58:35+08:00][sql] SELECT * FROM `information` ORDER BY `time` DESC LIMIT 1,4 [ RunTime:0.000308s ]
[2023-03-05T19:58:35+08:00][sql] SHOW FULL COLUMNS FROM `course` [ RunTime:0.001015s ]
[2023-03-05T19:58:35+08:00][sql] SELECT `id`,`title` FROM `course` ORDER BY `sorting` ASC LIMIT 0,6 [ RunTime:0.000232s ]
[2023-03-05T19:58:35+08:00][sql] SHOW FULL COLUMNS FROM `teacher` [ RunTime:0.000940s ]
[2023-03-05T19:58:35+08:00][sql] SELECT * FROM `teacher` [ RunTime:0.000225s ]
[2023-03-05T19:58:35+08:00][sql] SHOW FULL COLUMNS FROM `address` [ RunTime:0.000910s ]
[2023-03-05T19:58:35+08:00][sql] SELECT * FROM `address` WHERE  `id` = 1 LIMIT 1 [ RunTime:0.000227s ]
[2023-03-05T19:58:35+08:00][sql] SELECT * FROM `address` WHERE  `id` = 2 LIMIT 1 [ RunTime:0.000215s ]
[2023-03-05T19:59:49+08:00][sql] CONNECT:[ UseTime:0.000389s ] mysql:host=localhost;port=3316;dbname=coffee;charset=utf8
[2023-03-05T19:59:49+08:00][sql] SHOW FULL COLUMNS FROM `banner` [ RunTime:0.001243s ]
[2023-03-05T19:59:49+08:00][sql] SELECT * FROM `banner` [ RunTime:0.000259s ]
[2023-03-05T19:59:49+08:00][sql] SHOW FULL COLUMNS FROM `information` [ RunTime:0.000992s ]
[2023-03-05T19:59:49+08:00][sql] SELECT * FROM `information` ORDER BY `time` DESC LIMIT 1 [ RunTime:0.000319s ]
[2023-03-05T19:59:49+08:00][sql] SELECT * FROM `information` ORDER BY `time` DESC LIMIT 1,4 [ RunTime:0.000403s ]
[2023-03-05T19:59:49+08:00][sql] SHOW FULL COLUMNS FROM `course` [ RunTime:0.001081s ]
[2023-03-05T19:59:49+08:00][sql] SELECT `id`,`title` FROM `course` ORDER BY `sorting` ASC LIMIT 0,6 [ RunTime:0.000266s ]
[2023-03-05T19:59:49+08:00][sql] SHOW FULL COLUMNS FROM `teacher` [ RunTime:0.000943s ]
[2023-03-05T19:59:49+08:00][sql] SELECT * FROM `teacher` [ RunTime:0.000289s ]
[2023-03-05T19:59:49+08:00][sql] SHOW FULL COLUMNS FROM `address` [ RunTime:0.000910s ]
[2023-03-05T19:59:49+08:00][sql] SELECT * FROM `address` WHERE  `id` = 1 LIMIT 1 [ RunTime:0.000277s ]
[2023-03-05T19:59:49+08:00][sql] SELECT * FROM `address` WHERE  `id` = 2 LIMIT 1 [ RunTime:0.000243s ]
[2023-03-05T20:07:28+08:00][sql] CONNECT:[ UseTime:0.000474s ] mysql:host=localhost;port=3316;dbname=coffee;charset=utf8
[2023-03-05T20:07:28+08:00][sql] SHOW FULL COLUMNS FROM `banner` [ RunTime:0.001239s ]
[2023-03-05T20:07:28+08:00][sql] SELECT * FROM `banner` [ RunTime:0.000237s ]
[2023-03-05T20:07:28+08:00][sql] SHOW FULL COLUMNS FROM `information` [ RunTime:0.000996s ]
[2023-03-05T20:07:28+08:00][sql] SELECT * FROM `information` ORDER BY `time` DESC LIMIT 1 [ RunTime:0.000279s ]
[2023-03-05T20:07:28+08:00][sql] SELECT * FROM `information` ORDER BY `time` DESC LIMIT 1,4 [ RunTime:0.000315s ]
[2023-03-05T20:07:28+08:00][sql] SHOW FULL COLUMNS FROM `course` [ RunTime:0.001135s ]
[2023-03-05T20:07:28+08:00][sql] SELECT `id`,`title` FROM `course` ORDER BY `sorting` ASC LIMIT 0,6 [ RunTime:0.000284s ]
[2023-03-05T20:07:28+08:00][sql] SHOW FULL COLUMNS FROM `teacher` [ RunTime:0.000866s ]
[2023-03-05T20:07:28+08:00][sql] SELECT * FROM `teacher` [ RunTime:0.000258s ]
[2023-03-05T20:07:28+08:00][sql] SHOW FULL COLUMNS FROM `address` [ RunTime:0.000893s ]
[2023-03-05T20:07:28+08:00][sql] SELECT * FROM `address` WHERE  `id` = 1 LIMIT 1 [ RunTime:0.000252s ]
[2023-03-05T20:07:28+08:00][sql] SELECT * FROM `address` WHERE  `id` = 2 LIMIT 1 [ RunTime:0.000217s ]
[2023-03-05T20:23:25+08:00][sql] CONNECT:[ UseTime:0.000415s ] mysql:host=localhost;port=3316;dbname=coffee;charset=utf8
[2023-03-05T20:23:25+08:00][sql] SHOW FULL COLUMNS FROM `banner` [ RunTime:0.001325s ]
[2023-03-05T20:23:25+08:00][sql] SELECT * FROM `banner` [ RunTime:0.000268s ]
[2023-03-05T20:23:25+08:00][sql] SHOW FULL COLUMNS FROM `information` [ RunTime:0.001100s ]
[2023-03-05T20:23:25+08:00][sql] SELECT * FROM `information` ORDER BY `time` DESC LIMIT 1 [ RunTime:0.000543s ]
[2023-03-05T20:23:25+08:00][sql] SELECT * FROM `information` ORDER BY `time` DESC LIMIT 1,4 [ RunTime:0.000400s ]
[2023-03-05T20:23:25+08:00][sql] SHOW FULL COLUMNS FROM `course` [ RunTime:0.001119s ]
[2023-03-05T20:23:25+08:00][sql] SELECT `id`,`title` FROM `course` ORDER BY `sorting` ASC LIMIT 0,6 [ RunTime:0.000268s ]
[2023-03-05T20:23:25+08:00][sql] SHOW FULL COLUMNS FROM `teacher` [ RunTime:0.000905s ]
[2023-03-05T20:23:25+08:00][sql] SELECT * FROM `teacher` [ RunTime:0.000259s ]
[2023-03-05T20:23:25+08:00][sql] SHOW FULL COLUMNS FROM `address` [ RunTime:0.001064s ]
[2023-03-05T20:23:25+08:00][sql] SELECT * FROM `address` WHERE  `id` = 1 LIMIT 1 [ RunTime:0.000288s ]
[2023-03-05T20:23:25+08:00][sql] SELECT * FROM `address` WHERE  `id` = 2 LIMIT 1 [ RunTime:0.000248s ]
[2023-03-05T21:08:00+08:00][sql] CONNECT:[ UseTime:0.000450s ] mysql:host=localhost;port=3316;dbname=coffee;charset=utf8
[2023-03-05T21:08:00+08:00][sql] SHOW FULL COLUMNS FROM `banner` [ RunTime:0.001280s ]
[2023-03-05T21:08:00+08:00][sql] SELECT * FROM `banner` [ RunTime:0.000255s ]
[2023-03-05T21:08:00+08:00][sql] SHOW FULL COLUMNS FROM `information` [ RunTime:0.001022s ]
[2023-03-05T21:08:00+08:00][sql] SELECT * FROM `information` ORDER BY `time` DESC LIMIT 1 [ RunTime:0.000331s ]
[2023-03-05T21:08:00+08:00][sql] SELECT * FROM `information` ORDER BY `time` DESC LIMIT 1,4 [ RunTime:0.000411s ]
[2023-03-05T21:08:00+08:00][sql] SHOW FULL COLUMNS FROM `course` [ RunTime:0.001127s ]
[2023-03-05T21:08:00+08:00][sql] SELECT `id`,`title` FROM `course` ORDER BY `sorting` ASC LIMIT 0,6 [ RunTime:0.000267s ]
[2023-03-05T21:08:00+08:00][sql] SHOW FULL COLUMNS FROM `teacher` [ RunTime:0.000953s ]
[2023-03-05T21:08:00+08:00][sql] SELECT * FROM `teacher` [ RunTime:0.000288s ]
[2023-03-05T21:08:00+08:00][sql] SHOW FULL COLUMNS FROM `address` [ RunTime:0.000998s ]
[2023-03-05T21:08:00+08:00][sql] SELECT * FROM `address` WHERE  `id` = 1 LIMIT 1 [ RunTime:0.000282s ]
[2023-03-05T21:08:00+08:00][sql] SELECT * FROM `address` WHERE  `id` = 2 LIMIT 1 [ RunTime:0.000313s ]
[2023-03-05T22:03:25+08:00][sql] CONNECT:[ UseTime:0.000375s ] mysql:host=localhost;port=3316;dbname=coffee;charset=utf8
[2023-03-05T22:03:25+08:00][sql] SHOW FULL COLUMNS FROM `banner` [ RunTime:0.001268s ]
[2023-03-05T22:03:25+08:00][sql] SELECT * FROM `banner` [ RunTime:0.000215s ]
[2023-03-05T22:03:25+08:00][sql] SHOW FULL COLUMNS FROM `information` [ RunTime:0.000991s ]
[2023-03-05T22:03:25+08:00][sql] SELECT * FROM `information` ORDER BY `time` DESC LIMIT 1 [ RunTime:0.000298s ]
[2023-03-05T22:03:25+08:00][sql] SELECT * FROM `information` ORDER BY `time` DESC LIMIT 1,4 [ RunTime:0.000364s ]
[2023-03-05T22:03:25+08:00][sql] SHOW FULL COLUMNS FROM `course` [ RunTime:0.001084s ]
[2023-03-05T22:03:25+08:00][sql] SELECT `id`,`title` FROM `course` ORDER BY `sorting` ASC LIMIT 0,6 [ RunTime:0.000230s ]
[2023-03-05T22:03:25+08:00][sql] SHOW FULL COLUMNS FROM `teacher` [ RunTime:0.000971s ]
[2023-03-05T22:03:25+08:00][sql] SELECT * FROM `teacher` [ RunTime:0.000249s ]
[2023-03-05T22:03:25+08:00][sql] SHOW FULL COLUMNS FROM `address` [ RunTime:0.000938s ]
[2023-03-05T22:03:25+08:00][sql] SELECT * FROM `address` WHERE  `id` = 1 LIMIT 1 [ RunTime:0.000254s ]
[2023-03-05T22:03:25+08:00][sql] SELECT * FROM `address` WHERE  `id` = 2 LIMIT 1 [ RunTime:0.000233s ]
