[2023-03-14T00:05:01+08:00][sql] CONNECT:[ UseTime:0.000437s ] mysql:host=localhost;port=3316;dbname=coffee;charset=utf8
[2023-03-14T00:05:01+08:00][sql] SHOW FULL COLUMNS FROM `banner` [ RunTime:0.001401s ]
[2023-03-14T00:05:01+08:00][sql] SELECT * FROM `banner` [ RunTime:0.000249s ]
[2023-03-14T00:05:01+08:00][sql] SHOW FULL COLUMNS FROM `information` [ RunTime:0.001034s ]
[2023-03-14T00:05:01+08:00][sql] SELECT * FROM `information` ORDER BY `time` DESC LIMIT 1 [ RunTime:0.000329s ]
[2023-03-14T00:05:01+08:00][sql] SELECT * FROM `information` ORDER BY `time` DESC LIMIT 1,4 [ RunTime:0.000385s ]
[2023-03-14T00:05:01+08:00][sql] SHOW FULL COLUMNS FROM `course` [ RunTime:0.001058s ]
[2023-03-14T00:05:01+08:00][sql] SELECT `id`,`title` FROM `course` ORDER BY `sorting` ASC LIMIT 0,6 [ RunTime:0.000479s ]
[2023-03-14T00:05:01+08:00][sql] SHOW FULL COLUMNS FROM `teacher` [ RunTime:0.000914s ]
[2023-03-14T00:05:01+08:00][sql] SELECT * FROM `teacher` [ RunTime:0.000281s ]
[2023-03-14T00:05:01+08:00][sql] SHOW FULL COLUMNS FROM `address` [ RunTime:0.001351s ]
[2023-03-14T00:05:01+08:00][sql] SELECT * FROM `address` WHERE  `id` = 1 LIMIT 1 [ RunTime:0.000278s ]
[2023-03-14T00:05:01+08:00][sql] SELECT * FROM `address` WHERE  `id` = 2 LIMIT 1 [ RunTime:0.000239s ]
[2023-03-14T00:07:02+08:00][sql] CONNECT:[ UseTime:0.008960s ] mysql:host=localhost;port=3316;dbname=coffee;charset=utf8
[2023-03-14T00:07:02+08:00][sql] SHOW FULL COLUMNS FROM `banner` [ RunTime:0.001260s ]
[2023-03-14T00:07:02+08:00][sql] SELECT * FROM `banner` [ RunTime:0.000262s ]
[2023-03-14T00:07:02+08:00][sql] SHOW FULL COLUMNS FROM `information` [ RunTime:0.001016s ]
[2023-03-14T00:07:02+08:00][sql] SELECT * FROM `information` ORDER BY `time` DESC LIMIT 1 [ RunTime:0.000334s ]
[2023-03-14T00:07:02+08:00][sql] SELECT * FROM `information` ORDER BY `time` DESC LIMIT 1,4 [ RunTime:0.000411s ]
[2023-03-14T00:07:02+08:00][sql] SHOW FULL COLUMNS FROM `course` [ RunTime:0.001111s ]
[2023-03-14T00:07:02+08:00][sql] SELECT `id`,`title` FROM `course` ORDER BY `sorting` ASC LIMIT 0,6 [ RunTime:0.000268s ]
[2023-03-14T00:07:02+08:00][sql] SHOW FULL COLUMNS FROM `teacher` [ RunTime:0.000925s ]
[2023-03-14T00:07:02+08:00][sql] SELECT * FROM `teacher` [ RunTime:0.000352s ]
[2023-03-14T00:07:02+08:00][sql] SHOW FULL COLUMNS FROM `address` [ RunTime:0.000945s ]
[2023-03-14T00:07:02+08:00][sql] SELECT * FROM `address` WHERE  `id` = 1 LIMIT 1 [ RunTime:0.000276s ]
[2023-03-14T00:07:02+08:00][sql] SELECT * FROM `address` WHERE  `id` = 2 LIMIT 1 [ RunTime:0.000240s ]
[2023-03-14T00:36:03+08:00][sql] CONNECT:[ UseTime:0.000361s ] mysql:host=localhost;port=3316;dbname=coffee;charset=utf8
[2023-03-14T00:36:03+08:00][sql] SHOW FULL COLUMNS FROM `banner` [ RunTime:0.001220s ]
[2023-03-14T00:36:03+08:00][sql] SELECT * FROM `banner` [ RunTime:0.000234s ]
[2023-03-14T00:36:03+08:00][sql] SHOW FULL COLUMNS FROM `information` [ RunTime:0.000942s ]
[2023-03-14T00:36:03+08:00][sql] SELECT * FROM `information` ORDER BY `time` DESC LIMIT 1 [ RunTime:0.000325s ]
[2023-03-14T00:36:03+08:00][sql] SELECT * FROM `information` ORDER BY `time` DESC LIMIT 1,4 [ RunTime:0.000320s ]
[2023-03-14T00:36:03+08:00][sql] SHOW FULL COLUMNS FROM `course` [ RunTime:0.001045s ]
[2023-03-14T00:36:03+08:00][sql] SELECT `id`,`title` FROM `course` ORDER BY `sorting` ASC LIMIT 0,6 [ RunTime:0.000249s ]
[2023-03-14T00:36:03+08:00][sql] SHOW FULL COLUMNS FROM `teacher` [ RunTime:0.000883s ]
[2023-03-14T00:36:03+08:00][sql] SELECT * FROM `teacher` [ RunTime:0.000227s ]
[2023-03-14T00:36:03+08:00][sql] SHOW FULL COLUMNS FROM `address` [ RunTime:0.000953s ]
[2023-03-14T00:36:03+08:00][sql] SELECT * FROM `address` WHERE  `id` = 1 LIMIT 1 [ RunTime:0.000240s ]
[2023-03-14T00:36:03+08:00][sql] SELECT * FROM `address` WHERE  `id` = 2 LIMIT 1 [ RunTime:0.000239s ]
[2023-03-14T00:40:06+08:00][sql] CONNECT:[ UseTime:0.000376s ] mysql:host=localhost;port=3316;dbname=coffee;charset=utf8
[2023-03-14T00:40:06+08:00][sql] SHOW FULL COLUMNS FROM `banner` [ RunTime:0.001258s ]
[2023-03-14T00:40:06+08:00][sql] SELECT * FROM `banner` [ RunTime:0.000213s ]
[2023-03-14T00:40:06+08:00][sql] SHOW FULL COLUMNS FROM `information` [ RunTime:0.000992s ]
[2023-03-14T00:40:06+08:00][sql] SELECT * FROM `information` ORDER BY `time` DESC LIMIT 1 [ RunTime:0.000296s ]
[2023-03-14T00:40:06+08:00][sql] SELECT * FROM `information` ORDER BY `time` DESC LIMIT 1,4 [ RunTime:0.000314s ]
[2023-03-14T00:40:06+08:00][sql] SHOW FULL COLUMNS FROM `course` [ RunTime:0.001038s ]
[2023-03-14T00:40:06+08:00][sql] SELECT `id`,`title` FROM `course` ORDER BY `sorting` ASC LIMIT 0,6 [ RunTime:0.000257s ]
[2023-03-14T00:40:06+08:00][sql] SHOW FULL COLUMNS FROM `teacher` [ RunTime:0.000913s ]
[2023-03-14T00:40:06+08:00][sql] SELECT * FROM `teacher` [ RunTime:0.000221s ]
[2023-03-14T00:40:06+08:00][sql] SHOW FULL COLUMNS FROM `address` [ RunTime:0.000896s ]
[2023-03-14T00:40:06+08:00][sql] SELECT * FROM `address` WHERE  `id` = 1 LIMIT 1 [ RunTime:0.000237s ]
[2023-03-14T00:40:06+08:00][sql] SELECT * FROM `address` WHERE  `id` = 2 LIMIT 1 [ RunTime:0.000245s ]
[2023-03-14T00:54:03+08:00][sql] CONNECT:[ UseTime:0.000395s ] mysql:host=localhost;port=3316;dbname=coffee;charset=utf8
[2023-03-14T00:54:03+08:00][sql] SHOW FULL COLUMNS FROM `banner` [ RunTime:0.001346s ]
[2023-03-14T00:54:03+08:00][sql] SELECT * FROM `banner` [ RunTime:0.000220s ]
[2023-03-14T00:54:03+08:00][sql] SHOW FULL COLUMNS FROM `information` [ RunTime:0.000932s ]
[2023-03-14T00:54:03+08:00][sql] SELECT * FROM `information` ORDER BY `time` DESC LIMIT 1 [ RunTime:0.000327s ]
[2023-03-14T00:54:03+08:00][sql] SELECT * FROM `information` ORDER BY `time` DESC LIMIT 1,4 [ RunTime:0.000321s ]
[2023-03-14T00:54:03+08:00][sql] SHOW FULL COLUMNS FROM `course` [ RunTime:0.001052s ]
[2023-03-14T00:54:03+08:00][sql] SELECT `id`,`title` FROM `course` ORDER BY `sorting` ASC LIMIT 0,6 [ RunTime:0.000229s ]
[2023-03-14T00:54:03+08:00][sql] SHOW FULL COLUMNS FROM `teacher` [ RunTime:0.000895s ]
[2023-03-14T00:54:03+08:00][sql] SELECT * FROM `teacher` [ RunTime:0.000222s ]
[2023-03-14T00:54:03+08:00][sql] SHOW FULL COLUMNS FROM `address` [ RunTime:0.000920s ]
[2023-03-14T00:54:03+08:00][sql] SELECT * FROM `address` WHERE  `id` = 1 LIMIT 1 [ RunTime:0.000245s ]
[2023-03-14T00:54:03+08:00][sql] SELECT * FROM `address` WHERE  `id` = 2 LIMIT 1 [ RunTime:0.000287s ]
[2023-03-14T01:38:43+08:00][sql] CONNECT:[ UseTime:0.000450s ] mysql:host=localhost;port=3316;dbname=coffee;charset=utf8
[2023-03-14T01:38:43+08:00][sql] SHOW FULL COLUMNS FROM `banner` [ RunTime:0.001805s ]
[2023-03-14T01:38:43+08:00][sql] SELECT * FROM `banner` [ RunTime:0.000260s ]
[2023-03-14T01:38:43+08:00][sql] SHOW FULL COLUMNS FROM `information` [ RunTime:0.001460s ]
[2023-03-14T01:38:43+08:00][sql] SELECT * FROM `information` ORDER BY `time` DESC LIMIT 1 [ RunTime:0.000418s ]
[2023-03-14T01:38:43+08:00][sql] SELECT * FROM `information` ORDER BY `time` DESC LIMIT 1,4 [ RunTime:0.000454s ]
[2023-03-14T01:38:43+08:00][sql] SHOW FULL COLUMNS FROM `course` [ RunTime:0.001564s ]
[2023-03-14T01:38:43+08:00][sql] SELECT `id`,`title` FROM `course` ORDER BY `sorting` ASC LIMIT 0,6 [ RunTime:0.000300s ]
[2023-03-14T01:38:43+08:00][sql] SHOW FULL COLUMNS FROM `teacher` [ RunTime:0.001297s ]
[2023-03-14T01:38:43+08:00][sql] SELECT * FROM `teacher` [ RunTime:0.000274s ]
[2023-03-14T01:38:43+08:00][sql] SHOW FULL COLUMNS FROM `address` [ RunTime:0.000993s ]
[2023-03-14T01:38:43+08:00][sql] SELECT * FROM `address` WHERE  `id` = 1 LIMIT 1 [ RunTime:0.000351s ]
[2023-03-14T01:38:43+08:00][sql] SELECT * FROM `address` WHERE  `id` = 2 LIMIT 1 [ RunTime:0.000254s ]
[2023-03-14T01:41:31+08:00][sql] CONNECT:[ UseTime:0.000411s ] mysql:host=localhost;port=3316;dbname=coffee;charset=utf8
[2023-03-14T01:41:31+08:00][sql] SHOW FULL COLUMNS FROM `banner` [ RunTime:0.001219s ]
[2023-03-14T01:41:31+08:00][sql] SELECT * FROM `banner` [ RunTime:0.000236s ]
[2023-03-14T01:41:31+08:00][sql] SHOW FULL COLUMNS FROM `information` [ RunTime:0.000925s ]
[2023-03-14T01:41:31+08:00][sql] SELECT * FROM `information` ORDER BY `time` DESC LIMIT 1 [ RunTime:0.000302s ]
[2023-03-14T01:41:31+08:00][sql] SELECT * FROM `information` ORDER BY `time` DESC LIMIT 1,4 [ RunTime:0.000307s ]
[2023-03-14T01:41:31+08:00][sql] SHOW FULL COLUMNS FROM `course` [ RunTime:0.001016s ]
[2023-03-14T01:41:31+08:00][sql] SELECT `id`,`title` FROM `course` ORDER BY `sorting` ASC LIMIT 0,6 [ RunTime:0.000228s ]
[2023-03-14T01:41:31+08:00][sql] SHOW FULL COLUMNS FROM `teacher` [ RunTime:0.000835s ]
[2023-03-14T01:41:31+08:00][sql] SELECT * FROM `teacher` [ RunTime:0.000244s ]
[2023-03-14T01:41:31+08:00][sql] SHOW FULL COLUMNS FROM `address` [ RunTime:0.001047s ]
[2023-03-14T01:41:31+08:00][sql] SELECT * FROM `address` WHERE  `id` = 1 LIMIT 1 [ RunTime:0.000275s ]
[2023-03-14T01:41:31+08:00][sql] SELECT * FROM `address` WHERE  `id` = 2 LIMIT 1 [ RunTime:0.000252s ]
[2023-03-14T03:08:41+08:00][sql] CONNECT:[ UseTime:0.000416s ] mysql:host=localhost;port=3316;dbname=coffee;charset=utf8
[2023-03-14T03:08:41+08:00][sql] SHOW FULL COLUMNS FROM `banner` [ RunTime:0.001170s ]
[2023-03-14T03:08:41+08:00][sql] SELECT * FROM `banner` [ RunTime:0.000209s ]
[2023-03-14T03:08:41+08:00][sql] SHOW FULL COLUMNS FROM `information` [ RunTime:0.000929s ]
[2023-03-14T03:08:41+08:00][sql] SELECT * FROM `information` ORDER BY `time` DESC LIMIT 1 [ RunTime:0.000311s ]
[2023-03-14T03:08:41+08:00][sql] SELECT * FROM `information` ORDER BY `time` DESC LIMIT 1,4 [ RunTime:0.000307s ]
[2023-03-14T03:08:41+08:00][sql] SHOW FULL COLUMNS FROM `course` [ RunTime:0.000983s ]
[2023-03-14T03:08:41+08:00][sql] SELECT `id`,`title` FROM `course` ORDER BY `sorting` ASC LIMIT 0,6 [ RunTime:0.000225s ]
[2023-03-14T03:08:41+08:00][sql] SHOW FULL COLUMNS FROM `teacher` [ RunTime:0.000816s ]
[2023-03-14T03:08:41+08:00][sql] SELECT * FROM `teacher` [ RunTime:0.000281s ]
[2023-03-14T03:08:41+08:00][sql] SHOW FULL COLUMNS FROM `address` [ RunTime:0.000853s ]
[2023-03-14T03:08:41+08:00][sql] SELECT * FROM `address` WHERE  `id` = 1 LIMIT 1 [ RunTime:0.000232s ]
[2023-03-14T03:08:41+08:00][sql] SELECT * FROM `address` WHERE  `id` = 2 LIMIT 1 [ RunTime:0.000202s ]
[2023-03-14T04:33:57+08:00][sql] CONNECT:[ UseTime:0.000426s ] mysql:host=localhost;port=3316;dbname=coffee;charset=utf8
[2023-03-14T04:33:57+08:00][sql] SHOW FULL COLUMNS FROM `banner` [ RunTime:0.001228s ]
[2023-03-14T04:33:57+08:00][sql] SELECT * FROM `banner` [ RunTime:0.000251s ]
[2023-03-14T04:33:57+08:00][sql] SHOW FULL COLUMNS FROM `information` [ RunTime:0.001036s ]
[2023-03-14T04:33:57+08:00][sql] SELECT * FROM `information` ORDER BY `time` DESC LIMIT 1 [ RunTime:0.000327s ]
[2023-03-14T04:33:57+08:00][sql] SELECT * FROM `information` ORDER BY `time` DESC LIMIT 1,4 [ RunTime:0.000425s ]
[2023-03-14T04:33:57+08:00][sql] SHOW FULL COLUMNS FROM `course` [ RunTime:0.001094s ]
[2023-03-14T04:33:57+08:00][sql] SELECT `id`,`title` FROM `course` ORDER BY `sorting` ASC LIMIT 0,6 [ RunTime:0.000268s ]
[2023-03-14T04:33:57+08:00][sql] SHOW FULL COLUMNS FROM `teacher` [ RunTime:0.000913s ]
[2023-03-14T04:33:57+08:00][sql] SELECT * FROM `teacher` [ RunTime:0.000289s ]
[2023-03-14T04:33:57+08:00][sql] SHOW FULL COLUMNS FROM `address` [ RunTime:0.000925s ]
[2023-03-14T04:33:57+08:00][sql] SELECT * FROM `address` WHERE  `id` = 1 LIMIT 1 [ RunTime:0.000281s ]
[2023-03-14T04:33:57+08:00][sql] SELECT * FROM `address` WHERE  `id` = 2 LIMIT 1 [ RunTime:0.000249s ]
[2023-03-14T04:34:55+08:00][sql] CONNECT:[ UseTime:0.000445s ] mysql:host=localhost;port=3316;dbname=coffee;charset=utf8
[2023-03-14T04:34:55+08:00][sql] SHOW FULL COLUMNS FROM `banner` [ RunTime:0.001241s ]
[2023-03-14T04:34:55+08:00][sql] SELECT * FROM `banner` [ RunTime:0.000261s ]
[2023-03-14T04:34:55+08:00][sql] SHOW FULL COLUMNS FROM `information` [ RunTime:0.001002s ]
[2023-03-14T04:34:55+08:00][sql] SELECT * FROM `information` ORDER BY `time` DESC LIMIT 1 [ RunTime:0.000340s ]
[2023-03-14T04:34:55+08:00][sql] SELECT * FROM `information` ORDER BY `time` DESC LIMIT 1,4 [ RunTime:0.000392s ]
[2023-03-14T04:34:55+08:00][sql] SHOW FULL COLUMNS FROM `course` [ RunTime:0.001080s ]
[2023-03-14T04:34:55+08:00][sql] SELECT `id`,`title` FROM `course` ORDER BY `sorting` ASC LIMIT 0,6 [ RunTime:0.000280s ]
[2023-03-14T04:34:55+08:00][sql] SHOW FULL COLUMNS FROM `teacher` [ RunTime:0.000946s ]
[2023-03-14T04:34:55+08:00][sql] SELECT * FROM `teacher` [ RunTime:0.000289s ]
[2023-03-14T04:34:55+08:00][sql] SHOW FULL COLUMNS FROM `address` [ RunTime:0.001002s ]
[2023-03-14T04:34:55+08:00][sql] SELECT * FROM `address` WHERE  `id` = 1 LIMIT 1 [ RunTime:0.000288s ]
[2023-03-14T04:34:55+08:00][sql] SELECT * FROM `address` WHERE  `id` = 2 LIMIT 1 [ RunTime:0.000267s ]
[2023-03-14T05:05:41+08:00][sql] CONNECT:[ UseTime:0.007614s ] mysql:host=localhost;port=3316;dbname=coffee;charset=utf8
[2023-03-14T05:05:41+08:00][sql] SHOW FULL COLUMNS FROM `banner` [ RunTime:0.001692s ]
[2023-03-14T05:05:41+08:00][sql] SELECT * FROM `banner` [ RunTime:0.000282s ]
[2023-03-14T05:05:41+08:00][sql] SHOW FULL COLUMNS FROM `information` [ RunTime:0.001332s ]
[2023-03-14T05:05:41+08:00][sql] SELECT * FROM `information` ORDER BY `time` DESC LIMIT 1 [ RunTime:0.000389s ]
[2023-03-14T05:05:41+08:00][sql] SELECT * FROM `information` ORDER BY `time` DESC LIMIT 1,4 [ RunTime:0.000454s ]
[2023-03-14T05:05:41+08:00][sql] SHOW FULL COLUMNS FROM `course` [ RunTime:0.001381s ]
[2023-03-14T05:05:41+08:00][sql] SELECT `id`,`title` FROM `course` ORDER BY `sorting` ASC LIMIT 0,6 [ RunTime:0.000317s ]
[2023-03-14T05:05:41+08:00][sql] SHOW FULL COLUMNS FROM `teacher` [ RunTime:0.001182s ]
[2023-03-14T05:05:41+08:00][sql] SELECT * FROM `teacher` [ RunTime:0.000307s ]
[2023-03-14T05:05:41+08:00][sql] SHOW FULL COLUMNS FROM `address` [ RunTime:0.001180s ]
[2023-03-14T05:05:41+08:00][sql] SELECT * FROM `address` WHERE  `id` = 1 LIMIT 1 [ RunTime:0.005918s ]
[2023-03-14T05:05:41+08:00][sql] SELECT * FROM `address` WHERE  `id` = 2 LIMIT 1 [ RunTime:0.000286s ]
[2023-03-14T05:53:37+08:00][sql] CONNECT:[ UseTime:0.000466s ] mysql:host=localhost;port=3316;dbname=coffee;charset=utf8
[2023-03-14T05:53:37+08:00][sql] SHOW FULL COLUMNS FROM `banner` [ RunTime:0.001460s ]
[2023-03-14T05:53:37+08:00][sql] SELECT * FROM `banner` [ RunTime:0.000260s ]
[2023-03-14T05:53:37+08:00][sql] SHOW FULL COLUMNS FROM `information` [ RunTime:0.001186s ]
[2023-03-14T05:53:37+08:00][sql] SELECT * FROM `information` ORDER BY `time` DESC LIMIT 1 [ RunTime:0.000376s ]
[2023-03-14T05:53:37+08:00][sql] SELECT * FROM `information` ORDER BY `time` DESC LIMIT 1,4 [ RunTime:0.000382s ]
[2023-03-14T05:53:37+08:00][sql] SHOW FULL COLUMNS FROM `course` [ RunTime:0.001313s ]
[2023-03-14T05:53:37+08:00][sql] SELECT `id`,`title` FROM `course` ORDER BY `sorting` ASC LIMIT 0,6 [ RunTime:0.000266s ]
[2023-03-14T05:53:37+08:00][sql] SHOW FULL COLUMNS FROM `teacher` [ RunTime:0.001091s ]
[2023-03-14T05:53:37+08:00][sql] SELECT * FROM `teacher` [ RunTime:0.000285s ]
[2023-03-14T05:53:37+08:00][sql] SHOW FULL COLUMNS FROM `address` [ RunTime:0.001165s ]
[2023-03-14T05:53:37+08:00][sql] SELECT * FROM `address` WHERE  `id` = 1 LIMIT 1 [ RunTime:0.000333s ]
[2023-03-14T05:53:37+08:00][sql] SELECT * FROM `address` WHERE  `id` = 2 LIMIT 1 [ RunTime:0.000312s ]
[2023-03-14T05:55:36+08:00][sql] CONNECT:[ UseTime:0.000407s ] mysql:host=localhost;port=3316;dbname=coffee;charset=utf8
[2023-03-14T05:55:36+08:00][sql] SHOW FULL COLUMNS FROM `banner` [ RunTime:0.001237s ]
[2023-03-14T05:55:36+08:00][sql] SELECT * FROM `banner` [ RunTime:0.000220s ]
[2023-03-14T05:55:36+08:00][sql] SHOW FULL COLUMNS FROM `information` [ RunTime:0.000961s ]
[2023-03-14T05:55:36+08:00][sql] SELECT * FROM `information` ORDER BY `time` DESC LIMIT 1 [ RunTime:0.000292s ]
[2023-03-14T05:55:36+08:00][sql] SELECT * FROM `information` ORDER BY `time` DESC LIMIT 1,4 [ RunTime:0.000327s ]
[2023-03-14T05:55:36+08:00][sql] SHOW FULL COLUMNS FROM `course` [ RunTime:0.001100s ]
[2023-03-14T05:55:36+08:00][sql] SELECT `id`,`title` FROM `course` ORDER BY `sorting` ASC LIMIT 0,6 [ RunTime:0.000221s ]
[2023-03-14T05:55:36+08:00][sql] SHOW FULL COLUMNS FROM `teacher` [ RunTime:0.000881s ]
[2023-03-14T05:55:36+08:00][sql] SELECT * FROM `teacher` [ RunTime:0.000216s ]
[2023-03-14T05:55:36+08:00][sql] SHOW FULL COLUMNS FROM `address` [ RunTime:0.000884s ]
[2023-03-14T05:55:36+08:00][sql] SELECT * FROM `address` WHERE  `id` = 1 LIMIT 1 [ RunTime:0.000223s ]
[2023-03-14T05:55:36+08:00][sql] SELECT * FROM `address` WHERE  `id` = 2 LIMIT 1 [ RunTime:0.000200s ]
[2023-03-14T05:55:52+08:00][sql] CONNECT:[ UseTime:0.019264s ] mysql:host=localhost;port=3316;dbname=coffee;charset=utf8
[2023-03-14T05:55:52+08:00][sql] SHOW FULL COLUMNS FROM `banner` [ RunTime:0.001852s ]
[2023-03-14T05:55:52+08:00][sql] SELECT * FROM `banner` [ RunTime:0.000402s ]
[2023-03-14T05:55:52+08:00][sql] SHOW FULL COLUMNS FROM `information` [ RunTime:0.001455s ]
[2023-03-14T05:55:52+08:00][sql] SELECT * FROM `information` ORDER BY `time` DESC LIMIT 1 [ RunTime:0.000536s ]
[2023-03-14T05:55:52+08:00][sql] SELECT * FROM `information` ORDER BY `time` DESC LIMIT 1,4 [ RunTime:0.000537s ]
[2023-03-14T05:55:52+08:00][sql] SHOW FULL COLUMNS FROM `course` [ RunTime:0.002806s ]
[2023-03-14T05:55:52+08:00][sql] SELECT `id`,`title` FROM `course` ORDER BY `sorting` ASC LIMIT 0,6 [ RunTime:0.000415s ]
[2023-03-14T05:55:52+08:00][sql] SHOW FULL COLUMNS FROM `teacher` [ RunTime:0.002435s ]
[2023-03-14T05:55:52+08:00][sql] SELECT * FROM `teacher` [ RunTime:0.000414s ]
[2023-03-14T05:55:52+08:00][sql] SHOW FULL COLUMNS FROM `address` [ RunTime:0.002506s ]
[2023-03-14T05:55:52+08:00][sql] SELECT * FROM `address` WHERE  `id` = 1 LIMIT 1 [ RunTime:0.000431s ]
[2023-03-14T05:55:52+08:00][sql] SELECT * FROM `address` WHERE  `id` = 2 LIMIT 1 [ RunTime:0.000442s ]
[2023-03-14T05:55:52+08:00][sql] CONNECT:[ UseTime:0.000425s ] mysql:host=localhost;port=3316;dbname=coffee;charset=utf8
[2023-03-14T05:55:52+08:00][sql] SHOW FULL COLUMNS FROM `banner` [ RunTime:0.001261s ]
[2023-03-14T05:55:52+08:00][sql] SELECT * FROM `banner` [ RunTime:0.000300s ]
[2023-03-14T05:55:52+08:00][sql] SHOW FULL COLUMNS FROM `information` [ RunTime:0.000983s ]
[2023-03-14T05:55:52+08:00][sql] SELECT * FROM `information` ORDER BY `time` DESC LIMIT 1 [ RunTime:0.000328s ]
[2023-03-14T05:55:52+08:00][sql] SELECT * FROM `information` ORDER BY `time` DESC LIMIT 1,4 [ RunTime:0.000365s ]
[2023-03-14T05:55:52+08:00][sql] SHOW FULL COLUMNS FROM `course` [ RunTime:0.001122s ]
[2023-03-14T05:55:52+08:00][sql] SELECT `id`,`title` FROM `course` ORDER BY `sorting` ASC LIMIT 0,6 [ RunTime:0.000319s ]
[2023-03-14T05:55:52+08:00][sql] SHOW FULL COLUMNS FROM `teacher` [ RunTime:0.000922s ]
[2023-03-14T05:55:52+08:00][sql] SELECT * FROM `teacher` [ RunTime:0.000282s ]
[2023-03-14T05:55:52+08:00][sql] SHOW FULL COLUMNS FROM `address` [ RunTime:0.000949s ]
[2023-03-14T05:55:52+08:00][sql] SELECT * FROM `address` WHERE  `id` = 1 LIMIT 1 [ RunTime:0.000274s ]
[2023-03-14T05:55:52+08:00][sql] SELECT * FROM `address` WHERE  `id` = 2 LIMIT 1 [ RunTime:0.000257s ]
[2023-03-14T05:55:53+08:00][sql] CONNECT:[ UseTime:0.000399s ] mysql:host=localhost;port=3316;dbname=coffee;charset=utf8
[2023-03-14T05:55:53+08:00][sql] SHOW FULL COLUMNS FROM `banner` [ RunTime:0.001518s ]
[2023-03-14T05:55:53+08:00][sql] SELECT * FROM `banner` [ RunTime:0.000239s ]
[2023-03-14T05:55:53+08:00][sql] SHOW FULL COLUMNS FROM `information` [ RunTime:0.001202s ]
[2023-03-14T05:55:53+08:00][sql] SELECT * FROM `information` ORDER BY `time` DESC LIMIT 1 [ RunTime:0.000335s ]
[2023-03-14T05:55:53+08:00][sql] SELECT * FROM `information` ORDER BY `time` DESC LIMIT 1,4 [ RunTime:0.000367s ]
[2023-03-14T05:55:53+08:00][sql] SHOW FULL COLUMNS FROM `course` [ RunTime:0.001310s ]
[2023-03-14T05:55:53+08:00][sql] SELECT `id`,`title` FROM `course` ORDER BY `sorting` ASC LIMIT 0,6 [ RunTime:0.000240s ]
[2023-03-14T05:55:53+08:00][sql] SHOW FULL COLUMNS FROM `teacher` [ RunTime:0.001082s ]
[2023-03-14T05:55:53+08:00][sql] SELECT * FROM `teacher` [ RunTime:0.000268s ]
[2023-03-14T05:55:53+08:00][sql] SHOW FULL COLUMNS FROM `address` [ RunTime:0.001082s ]
[2023-03-14T05:55:53+08:00][sql] SELECT * FROM `address` WHERE  `id` = 1 LIMIT 1 [ RunTime:0.000264s ]
[2023-03-14T05:55:53+08:00][sql] SELECT * FROM `address` WHERE  `id` = 2 LIMIT 1 [ RunTime:0.000219s ]
[2023-03-14T06:21:05+08:00][sql] CONNECT:[ UseTime:0.000479s ] mysql:host=localhost;port=3316;dbname=coffee;charset=utf8
[2023-03-14T06:21:05+08:00][sql] SHOW FULL COLUMNS FROM `banner` [ RunTime:0.001780s ]
[2023-03-14T06:21:05+08:00][sql] SELECT * FROM `banner` [ RunTime:0.000306s ]
[2023-03-14T06:21:05+08:00][sql] SHOW FULL COLUMNS FROM `information` [ RunTime:0.001445s ]
[2023-03-14T06:21:05+08:00][sql] SELECT * FROM `information` ORDER BY `time` DESC LIMIT 1 [ RunTime:0.000434s ]
[2023-03-14T06:21:05+08:00][sql] SELECT * FROM `information` ORDER BY `time` DESC LIMIT 1,4 [ RunTime:0.000469s ]
[2023-03-14T06:21:05+08:00][sql] SHOW FULL COLUMNS FROM `course` [ RunTime:0.001560s ]
[2023-03-14T06:21:05+08:00][sql] SELECT `id`,`title` FROM `course` ORDER BY `sorting` ASC LIMIT 0,6 [ RunTime:0.000274s ]
[2023-03-14T06:21:05+08:00][sql] SHOW FULL COLUMNS FROM `teacher` [ RunTime:0.001265s ]
[2023-03-14T06:21:05+08:00][sql] SELECT * FROM `teacher` [ RunTime:0.000278s ]
[2023-03-14T06:21:05+08:00][sql] SHOW FULL COLUMNS FROM `address` [ RunTime:0.001323s ]
[2023-03-14T06:21:05+08:00][sql] SELECT * FROM `address` WHERE  `id` = 1 LIMIT 1 [ RunTime:0.000320s ]
[2023-03-14T06:21:05+08:00][sql] SELECT * FROM `address` WHERE  `id` = 2 LIMIT 1 [ RunTime:0.000266s ]
[2023-03-14T06:29:41+08:00][sql] CONNECT:[ UseTime:0.000430s ] mysql:host=localhost;port=3316;dbname=coffee;charset=utf8
[2023-03-14T06:29:41+08:00][sql] SHOW FULL COLUMNS FROM `banner` [ RunTime:0.001844s ]
[2023-03-14T06:29:41+08:00][sql] SELECT * FROM `banner` [ RunTime:0.000294s ]
[2023-03-14T06:29:41+08:00][sql] SHOW FULL COLUMNS FROM `information` [ RunTime:0.000968s ]
[2023-03-14T06:29:41+08:00][sql] SELECT * FROM `information` ORDER BY `time` DESC LIMIT 1 [ RunTime:0.000378s ]
[2023-03-14T06:29:41+08:00][sql] SELECT * FROM `information` ORDER BY `time` DESC LIMIT 1,4 [ RunTime:0.000400s ]
[2023-03-14T06:29:41+08:00][sql] SHOW FULL COLUMNS FROM `course` [ RunTime:0.001091s ]
[2023-03-14T06:29:41+08:00][sql] SELECT `id`,`title` FROM `course` ORDER BY `sorting` ASC LIMIT 0,6 [ RunTime:0.000259s ]
[2023-03-14T06:29:41+08:00][sql] SHOW FULL COLUMNS FROM `teacher` [ RunTime:0.000954s ]
[2023-03-14T06:29:41+08:00][sql] SELECT * FROM `teacher` [ RunTime:0.000254s ]
[2023-03-14T06:29:41+08:00][sql] SHOW FULL COLUMNS FROM `address` [ RunTime:0.000911s ]
[2023-03-14T06:29:41+08:00][sql] SELECT * FROM `address` WHERE  `id` = 1 LIMIT 1 [ RunTime:0.000302s ]
[2023-03-14T06:29:41+08:00][sql] SELECT * FROM `address` WHERE  `id` = 2 LIMIT 1 [ RunTime:0.000250s ]
[2023-03-14T06:35:29+08:00][sql] CONNECT:[ UseTime:0.000387s ] mysql:host=localhost;port=3316;dbname=coffee;charset=utf8
[2023-03-14T06:35:29+08:00][sql] SHOW FULL COLUMNS FROM `banner` [ RunTime:0.001358s ]
[2023-03-14T06:35:29+08:00][sql] SELECT * FROM `banner` [ RunTime:0.000259s ]
[2023-03-14T06:35:29+08:00][sql] SHOW FULL COLUMNS FROM `information` [ RunTime:0.001008s ]
[2023-03-14T06:35:29+08:00][sql] SELECT * FROM `information` ORDER BY `time` DESC LIMIT 1 [ RunTime:0.000327s ]
[2023-03-14T06:35:29+08:00][sql] SELECT * FROM `information` ORDER BY `time` DESC LIMIT 1,4 [ RunTime:0.000403s ]
[2023-03-14T06:35:29+08:00][sql] SHOW FULL COLUMNS FROM `course` [ RunTime:0.001130s ]
[2023-03-14T06:35:29+08:00][sql] SELECT `id`,`title` FROM `course` ORDER BY `sorting` ASC LIMIT 0,6 [ RunTime:0.000284s ]
[2023-03-14T06:35:29+08:00][sql] SHOW FULL COLUMNS FROM `teacher` [ RunTime:0.000918s ]
[2023-03-14T06:35:29+08:00][sql] SELECT * FROM `teacher` [ RunTime:0.000289s ]
[2023-03-14T06:35:29+08:00][sql] SHOW FULL COLUMNS FROM `address` [ RunTime:0.000916s ]
[2023-03-14T06:35:29+08:00][sql] SELECT * FROM `address` WHERE  `id` = 1 LIMIT 1 [ RunTime:0.000310s ]
[2023-03-14T06:35:29+08:00][sql] SELECT * FROM `address` WHERE  `id` = 2 LIMIT 1 [ RunTime:0.000244s ]
[2023-03-14T07:17:57+08:00][sql] CONNECT:[ UseTime:0.001507s ] mysql:host=localhost;port=3316;dbname=coffee;charset=utf8
[2023-03-14T07:17:57+08:00][sql] SHOW FULL COLUMNS FROM `banner` [ RunTime:0.001476s ]
[2023-03-14T07:17:57+08:00][sql] SELECT * FROM `banner` [ RunTime:0.000232s ]
[2023-03-14T07:17:57+08:00][sql] SHOW FULL COLUMNS FROM `information` [ RunTime:0.000977s ]
[2023-03-14T07:17:57+08:00][sql] SELECT * FROM `information` ORDER BY `time` DESC LIMIT 1 [ RunTime:0.000308s ]
[2023-03-14T07:17:57+08:00][sql] SELECT * FROM `information` ORDER BY `time` DESC LIMIT 1,4 [ RunTime:0.000453s ]
[2023-03-14T07:17:57+08:00][sql] SHOW FULL COLUMNS FROM `course` [ RunTime:0.001210s ]
[2023-03-14T07:17:57+08:00][sql] SELECT `id`,`title` FROM `course` ORDER BY `sorting` ASC LIMIT 0,6 [ RunTime:0.000243s ]
[2023-03-14T07:17:57+08:00][sql] SHOW FULL COLUMNS FROM `teacher` [ RunTime:0.000995s ]
[2023-03-14T07:17:57+08:00][sql] SELECT * FROM `teacher` [ RunTime:0.000234s ]
[2023-03-14T07:17:57+08:00][sql] SHOW FULL COLUMNS FROM `address` [ RunTime:0.001061s ]
[2023-03-14T07:17:57+08:00][sql] SELECT * FROM `address` WHERE  `id` = 1 LIMIT 1 [ RunTime:0.000257s ]
[2023-03-14T07:17:57+08:00][sql] SELECT * FROM `address` WHERE  `id` = 2 LIMIT 1 [ RunTime:0.000256s ]
[2023-03-14T07:28:37+08:00][sql] CONNECT:[ UseTime:0.000405s ] mysql:host=localhost;port=3316;dbname=coffee;charset=utf8
[2023-03-14T07:28:37+08:00][sql] SHOW FULL COLUMNS FROM `banner` [ RunTime:0.001423s ]
[2023-03-14T07:28:37+08:00][sql] SELECT * FROM `banner` [ RunTime:0.000573s ]
[2023-03-14T07:28:37+08:00][sql] SHOW FULL COLUMNS FROM `information` [ RunTime:0.001343s ]
[2023-03-14T07:28:37+08:00][sql] SELECT * FROM `information` ORDER BY `time` DESC LIMIT 1 [ RunTime:0.000330s ]
[2023-03-14T07:28:37+08:00][sql] SELECT * FROM `information` ORDER BY `time` DESC LIMIT 1,4 [ RunTime:0.001211s ]
[2023-03-14T07:28:37+08:00][sql] SHOW FULL COLUMNS FROM `course` [ RunTime:0.001289s ]
[2023-03-14T07:28:37+08:00][sql] SELECT `id`,`title` FROM `course` ORDER BY `sorting` ASC LIMIT 0,6 [ RunTime:0.000294s ]
[2023-03-14T07:28:37+08:00][sql] SHOW FULL COLUMNS FROM `teacher` [ RunTime:0.001757s ]
[2023-03-14T07:28:37+08:00][sql] SELECT * FROM `teacher` [ RunTime:0.000353s ]
[2023-03-14T07:28:37+08:00][sql] SHOW FULL COLUMNS FROM `address` [ RunTime:0.001082s ]
[2023-03-14T07:28:37+08:00][sql] SELECT * FROM `address` WHERE  `id` = 1 LIMIT 1 [ RunTime:0.000276s ]
[2023-03-14T07:28:37+08:00][sql] SELECT * FROM `address` WHERE  `id` = 2 LIMIT 1 [ RunTime:0.000258s ]
[2023-03-14T07:28:37+08:00][sql] CONNECT:[ UseTime:0.000392s ] mysql:host=localhost;port=3316;dbname=coffee;charset=utf8
[2023-03-14T07:28:37+08:00][sql] SHOW FULL COLUMNS FROM `banner` [ RunTime:0.001239s ]
[2023-03-14T07:28:37+08:00][sql] SELECT * FROM `banner` [ RunTime:0.000234s ]
[2023-03-14T07:28:37+08:00][sql] SHOW FULL COLUMNS FROM `information` [ RunTime:0.001118s ]
[2023-03-14T07:28:37+08:00][sql] SELECT * FROM `information` ORDER BY `time` DESC LIMIT 1 [ RunTime:0.000308s ]
[2023-03-14T07:28:37+08:00][sql] SELECT * FROM `information` ORDER BY `time` DESC LIMIT 1,4 [ RunTime:0.000317s ]
[2023-03-14T07:28:37+08:00][sql] SHOW FULL COLUMNS FROM `course` [ RunTime:0.001293s ]
[2023-03-14T07:28:37+08:00][sql] SELECT `id`,`title` FROM `course` ORDER BY `sorting` ASC LIMIT 0,6 [ RunTime:0.000229s ]
[2023-03-14T07:28:37+08:00][sql] SHOW FULL COLUMNS FROM `teacher` [ RunTime:0.000998s ]
[2023-03-14T07:28:37+08:00][sql] SELECT * FROM `teacher` [ RunTime:0.000251s ]
[2023-03-14T07:28:37+08:00][sql] SHOW FULL COLUMNS FROM `address` [ RunTime:0.000890s ]
[2023-03-14T07:28:37+08:00][sql] SELECT * FROM `address` WHERE  `id` = 1 LIMIT 1 [ RunTime:0.000247s ]
[2023-03-14T07:28:37+08:00][sql] SELECT * FROM `address` WHERE  `id` = 2 LIMIT 1 [ RunTime:0.000205s ]
[2023-03-14T07:44:37+08:00][sql] CONNECT:[ UseTime:0.000381s ] mysql:host=localhost;port=3316;dbname=coffee;charset=utf8
[2023-03-14T07:44:37+08:00][sql] SHOW FULL COLUMNS FROM `banner` [ RunTime:0.001213s ]
[2023-03-14T07:44:37+08:00][sql] SELECT * FROM `banner` [ RunTime:0.000258s ]
[2023-03-14T07:44:37+08:00][sql] SHOW FULL COLUMNS FROM `information` [ RunTime:0.000977s ]
[2023-03-14T07:44:37+08:00][sql] SELECT * FROM `information` ORDER BY `time` DESC LIMIT 1 [ RunTime:0.000338s ]
[2023-03-14T07:44:37+08:00][sql] SELECT * FROM `information` ORDER BY `time` DESC LIMIT 1,4 [ RunTime:0.000390s ]
[2023-03-14T07:44:37+08:00][sql] SHOW FULL COLUMNS FROM `course` [ RunTime:0.001068s ]
[2023-03-14T07:44:37+08:00][sql] SELECT `id`,`title` FROM `course` ORDER BY `sorting` ASC LIMIT 0,6 [ RunTime:0.000261s ]
[2023-03-14T07:44:37+08:00][sql] SHOW FULL COLUMNS FROM `teacher` [ RunTime:0.000897s ]
[2023-03-14T07:44:37+08:00][sql] SELECT * FROM `teacher` [ RunTime:0.000319s ]
[2023-03-14T07:44:37+08:00][sql] SHOW FULL COLUMNS FROM `address` [ RunTime:0.000966s ]
[2023-03-14T07:44:37+08:00][sql] SELECT * FROM `address` WHERE  `id` = 1 LIMIT 1 [ RunTime:0.000294s ]
[2023-03-14T07:44:37+08:00][sql] SELECT * FROM `address` WHERE  `id` = 2 LIMIT 1 [ RunTime:0.000252s ]
[2023-03-14T07:50:32+08:00][sql] CONNECT:[ UseTime:0.000469s ] mysql:host=localhost;port=3316;dbname=coffee;charset=utf8
[2023-03-14T07:50:32+08:00][sql] SHOW FULL COLUMNS FROM `banner` [ RunTime:0.001644s ]
[2023-03-14T07:50:32+08:00][sql] SELECT * FROM `banner` [ RunTime:0.000222s ]
[2023-03-14T07:50:32+08:00][sql] SHOW FULL COLUMNS FROM `information` [ RunTime:0.000886s ]
[2023-03-14T07:50:32+08:00][sql] SELECT * FROM `information` ORDER BY `time` DESC LIMIT 1 [ RunTime:0.000309s ]
[2023-03-14T07:50:32+08:00][sql] SELECT * FROM `information` ORDER BY `time` DESC LIMIT 1,4 [ RunTime:0.000319s ]
[2023-03-14T07:50:32+08:00][sql] SHOW FULL COLUMNS FROM `course` [ RunTime:0.001029s ]
[2023-03-14T07:50:32+08:00][sql] SELECT `id`,`title` FROM `course` ORDER BY `sorting` ASC LIMIT 0,6 [ RunTime:0.000308s ]
[2023-03-14T07:50:32+08:00][sql] SHOW FULL COLUMNS FROM `teacher` [ RunTime:0.001022s ]
[2023-03-14T07:50:32+08:00][sql] SELECT * FROM `teacher` [ RunTime:0.000271s ]
[2023-03-14T07:50:32+08:00][sql] SHOW FULL COLUMNS FROM `address` [ RunTime:0.000930s ]
[2023-03-14T07:50:32+08:00][sql] SELECT * FROM `address` WHERE  `id` = 1 LIMIT 1 [ RunTime:0.000276s ]
[2023-03-14T07:50:32+08:00][sql] SELECT * FROM `address` WHERE  `id` = 2 LIMIT 1 [ RunTime:0.000266s ]
[2023-03-14T08:03:13+08:00][sql] CONNECT:[ UseTime:0.000476s ] mysql:host=localhost;port=3316;dbname=coffee;charset=utf8
[2023-03-14T08:03:13+08:00][sql] SHOW FULL COLUMNS FROM `banner` [ RunTime:0.001258s ]
[2023-03-14T08:03:13+08:00][sql] SELECT * FROM `banner` [ RunTime:0.000255s ]
[2023-03-14T08:03:13+08:00][sql] SHOW FULL COLUMNS FROM `information` [ RunTime:0.000969s ]
[2023-03-14T08:03:13+08:00][sql] SELECT * FROM `information` ORDER BY `time` DESC LIMIT 1 [ RunTime:0.000347s ]
[2023-03-14T08:03:13+08:00][sql] SELECT * FROM `information` ORDER BY `time` DESC LIMIT 1,4 [ RunTime:0.000421s ]
[2023-03-14T08:03:13+08:00][sql] SHOW FULL COLUMNS FROM `course` [ RunTime:0.001094s ]
[2023-03-14T08:03:13+08:00][sql] SELECT `id`,`title` FROM `course` ORDER BY `sorting` ASC LIMIT 0,6 [ RunTime:0.000256s ]
[2023-03-14T08:03:13+08:00][sql] SHOW FULL COLUMNS FROM `teacher` [ RunTime:0.000905s ]
[2023-03-14T08:03:13+08:00][sql] SELECT * FROM `teacher` [ RunTime:0.000256s ]
[2023-03-14T08:03:13+08:00][sql] SHOW FULL COLUMNS FROM `address` [ RunTime:0.000918s ]
[2023-03-14T08:03:13+08:00][sql] SELECT * FROM `address` WHERE  `id` = 1 LIMIT 1 [ RunTime:0.000276s ]
[2023-03-14T08:03:13+08:00][sql] SELECT * FROM `address` WHERE  `id` = 2 LIMIT 1 [ RunTime:0.000246s ]
[2023-03-14T08:10:09+08:00][sql] CONNECT:[ UseTime:0.008947s ] mysql:host=localhost;port=3316;dbname=coffee;charset=utf8
[2023-03-14T08:10:09+08:00][sql] SHOW FULL COLUMNS FROM `banner` [ RunTime:0.001632s ]
[2023-03-14T08:10:09+08:00][sql] SELECT * FROM `banner` [ RunTime:0.000281s ]
[2023-03-14T08:10:09+08:00][sql] SHOW FULL COLUMNS FROM `information` [ RunTime:0.001411s ]
[2023-03-14T08:10:09+08:00][sql] SELECT * FROM `information` ORDER BY `time` DESC LIMIT 1 [ RunTime:0.000397s ]
[2023-03-14T08:10:09+08:00][sql] SELECT * FROM `information` ORDER BY `time` DESC LIMIT 1,4 [ RunTime:0.000441s ]
[2023-03-14T08:10:09+08:00][sql] SHOW FULL COLUMNS FROM `course` [ RunTime:0.001498s ]
[2023-03-14T08:10:09+08:00][sql] SELECT `id`,`title` FROM `course` ORDER BY `sorting` ASC LIMIT 0,6 [ RunTime:0.000291s ]
[2023-03-14T08:10:09+08:00][sql] SHOW FULL COLUMNS FROM `teacher` [ RunTime:0.001219s ]
[2023-03-14T08:10:09+08:00][sql] SELECT * FROM `teacher` [ RunTime:0.000408s ]
[2023-03-14T08:10:09+08:00][sql] SHOW FULL COLUMNS FROM `address` [ RunTime:0.001238s ]
[2023-03-14T08:10:09+08:00][sql] SELECT * FROM `address` WHERE  `id` = 1 LIMIT 1 [ RunTime:0.000380s ]
[2023-03-14T08:10:09+08:00][sql] SELECT * FROM `address` WHERE  `id` = 2 LIMIT 1 [ RunTime:0.000298s ]
[2023-03-14T08:10:09+08:00][sql] CONNECT:[ UseTime:0.007421s ] mysql:host=localhost;port=3316;dbname=coffee;charset=utf8
[2023-03-14T08:10:09+08:00][sql] SHOW FULL COLUMNS FROM `banner` [ RunTime:0.002014s ]
[2023-03-14T08:10:09+08:00][sql] SELECT * FROM `banner` [ RunTime:0.000319s ]
[2023-03-14T08:10:09+08:00][sql] SHOW FULL COLUMNS FROM `information` [ RunTime:0.001458s ]
[2023-03-14T08:10:09+08:00][sql] SELECT * FROM `information` ORDER BY `time` DESC LIMIT 1 [ RunTime:0.000458s ]
[2023-03-14T08:10:09+08:00][sql] SELECT * FROM `information` ORDER BY `time` DESC LIMIT 1,4 [ RunTime:0.000466s ]
[2023-03-14T08:10:09+08:00][sql] SHOW FULL COLUMNS FROM `course` [ RunTime:0.001536s ]
[2023-03-14T08:10:09+08:00][sql] SELECT `id`,`title` FROM `course` ORDER BY `sorting` ASC LIMIT 0,6 [ RunTime:0.000346s ]
[2023-03-14T08:10:09+08:00][sql] SHOW FULL COLUMNS FROM `teacher` [ RunTime:0.001436s ]
[2023-03-14T08:10:09+08:00][sql] SELECT * FROM `teacher` [ RunTime:0.000299s ]
[2023-03-14T08:10:09+08:00][sql] SHOW FULL COLUMNS FROM `address` [ RunTime:0.001233s ]
[2023-03-14T08:10:09+08:00][sql] SELECT * FROM `address` WHERE  `id` = 1 LIMIT 1 [ RunTime:0.000331s ]
[2023-03-14T08:10:09+08:00][sql] SELECT * FROM `address` WHERE  `id` = 2 LIMIT 1 [ RunTime:0.003735s ]
[2023-03-14T08:30:50+08:00][sql] CONNECT:[ UseTime:0.000407s ] mysql:host=localhost;port=3316;dbname=coffee;charset=utf8
[2023-03-14T08:30:50+08:00][sql] SHOW FULL COLUMNS FROM `banner` [ RunTime:0.001434s ]
[2023-03-14T08:30:50+08:00][sql] SELECT * FROM `banner` [ RunTime:0.000275s ]
[2023-03-14T08:30:50+08:00][sql] SHOW FULL COLUMNS FROM `information` [ RunTime:0.001006s ]
[2023-03-14T08:30:50+08:00][sql] SELECT * FROM `information` ORDER BY `time` DESC LIMIT 1 [ RunTime:0.000325s ]
[2023-03-14T08:30:50+08:00][sql] SELECT * FROM `information` ORDER BY `time` DESC LIMIT 1,4 [ RunTime:0.000396s ]
[2023-03-14T08:30:50+08:00][sql] SHOW FULL COLUMNS FROM `course` [ RunTime:0.001061s ]
[2023-03-14T08:30:50+08:00][sql] SELECT `id`,`title` FROM `course` ORDER BY `sorting` ASC LIMIT 0,6 [ RunTime:0.000285s ]
[2023-03-14T08:30:50+08:00][sql] SHOW FULL COLUMNS FROM `teacher` [ RunTime:0.000937s ]
[2023-03-14T08:30:50+08:00][sql] SELECT * FROM `teacher` [ RunTime:0.000313s ]
[2023-03-14T08:30:50+08:00][sql] SHOW FULL COLUMNS FROM `address` [ RunTime:0.000922s ]
[2023-03-14T08:30:50+08:00][sql] SELECT * FROM `address` WHERE  `id` = 1 LIMIT 1 [ RunTime:0.000276s ]
[2023-03-14T08:30:50+08:00][sql] SELECT * FROM `address` WHERE  `id` = 2 LIMIT 1 [ RunTime:0.000252s ]
[2023-03-14T09:10:16+08:00][sql] CONNECT:[ UseTime:0.000407s ] mysql:host=localhost;port=3316;dbname=coffee;charset=utf8
[2023-03-14T09:10:16+08:00][sql] SHOW FULL COLUMNS FROM `banner` [ RunTime:0.001219s ]
[2023-03-14T09:10:16+08:00][sql] SELECT * FROM `banner` [ RunTime:0.000257s ]
[2023-03-14T09:10:16+08:00][sql] SHOW FULL COLUMNS FROM `information` [ RunTime:0.000975s ]
[2023-03-14T09:10:16+08:00][sql] SELECT * FROM `information` ORDER BY `time` DESC LIMIT 1 [ RunTime:0.000330s ]
[2023-03-14T09:10:16+08:00][sql] SELECT * FROM `information` ORDER BY `time` DESC LIMIT 1,4 [ RunTime:0.000377s ]
[2023-03-14T09:10:16+08:00][sql] SHOW FULL COLUMNS FROM `course` [ RunTime:0.001115s ]
[2023-03-14T09:10:16+08:00][sql] SELECT `id`,`title` FROM `course` ORDER BY `sorting` ASC LIMIT 0,6 [ RunTime:0.000262s ]
[2023-03-14T09:10:16+08:00][sql] SHOW FULL COLUMNS FROM `teacher` [ RunTime:0.000927s ]
[2023-03-14T09:10:16+08:00][sql] SELECT * FROM `teacher` [ RunTime:0.000261s ]
[2023-03-14T09:10:16+08:00][sql] SHOW FULL COLUMNS FROM `address` [ RunTime:0.000914s ]
[2023-03-14T09:10:16+08:00][sql] SELECT * FROM `address` WHERE  `id` = 1 LIMIT 1 [ RunTime:0.000293s ]
[2023-03-14T09:10:16+08:00][sql] SELECT * FROM `address` WHERE  `id` = 2 LIMIT 1 [ RunTime:0.000246s ]
[2023-03-14T09:37:57+08:00][sql] CONNECT:[ UseTime:0.000481s ] mysql:host=localhost;port=3316;dbname=coffee;charset=utf8
[2023-03-14T09:37:57+08:00][sql] SHOW FULL COLUMNS FROM `banner` [ RunTime:0.001973s ]
[2023-03-14T09:37:57+08:00][sql] SELECT * FROM `banner` [ RunTime:0.000276s ]
[2023-03-14T09:37:57+08:00][sql] SHOW FULL COLUMNS FROM `information` [ RunTime:0.001446s ]
[2023-03-14T09:37:57+08:00][sql] SELECT * FROM `information` ORDER BY `time` DESC LIMIT 1 [ RunTime:0.000424s ]
[2023-03-14T09:37:57+08:00][sql] SELECT * FROM `information` ORDER BY `time` DESC LIMIT 1,4 [ RunTime:0.000471s ]
[2023-03-14T09:37:57+08:00][sql] SHOW FULL COLUMNS FROM `course` [ RunTime:0.001633s ]
[2023-03-14T09:37:57+08:00][sql] SELECT `id`,`title` FROM `course` ORDER BY `sorting` ASC LIMIT 0,6 [ RunTime:0.000294s ]
[2023-03-14T09:37:57+08:00][sql] SHOW FULL COLUMNS FROM `teacher` [ RunTime:0.001371s ]
[2023-03-14T09:37:57+08:00][sql] SELECT * FROM `teacher` [ RunTime:0.000305s ]
[2023-03-14T09:37:57+08:00][sql] SHOW FULL COLUMNS FROM `address` [ RunTime:0.000882s ]
[2023-03-14T09:37:57+08:00][sql] SELECT * FROM `address` WHERE  `id` = 1 LIMIT 1 [ RunTime:0.000247s ]
[2023-03-14T09:37:57+08:00][sql] SELECT * FROM `address` WHERE  `id` = 2 LIMIT 1 [ RunTime:0.000316s ]
[2023-03-14T09:58:10+08:00][sql] CONNECT:[ UseTime:0.000485s ] mysql:host=localhost;port=3316;dbname=coffee;charset=utf8
[2023-03-14T09:58:10+08:00][sql] SHOW FULL COLUMNS FROM `banner` [ RunTime:0.001399s ]
[2023-03-14T09:58:10+08:00][sql] SELECT * FROM `banner` [ RunTime:0.000266s ]
[2023-03-14T09:58:10+08:00][sql] SHOW FULL COLUMNS FROM `information` [ RunTime:0.001032s ]
[2023-03-14T09:58:10+08:00][sql] SELECT * FROM `information` ORDER BY `time` DESC LIMIT 1 [ RunTime:0.000332s ]
[2023-03-14T09:58:10+08:00][sql] SELECT * FROM `information` ORDER BY `time` DESC LIMIT 1,4 [ RunTime:0.000413s ]
[2023-03-14T09:58:10+08:00][sql] SHOW FULL COLUMNS FROM `course` [ RunTime:0.001089s ]
[2023-03-14T09:58:10+08:00][sql] SELECT `id`,`title` FROM `course` ORDER BY `sorting` ASC LIMIT 0,6 [ RunTime:0.000282s ]
[2023-03-14T09:58:10+08:00][sql] SHOW FULL COLUMNS FROM `teacher` [ RunTime:0.000937s ]
[2023-03-14T09:58:10+08:00][sql] SELECT * FROM `teacher` [ RunTime:0.000288s ]
[2023-03-14T09:58:10+08:00][sql] SHOW FULL COLUMNS FROM `address` [ RunTime:0.000941s ]
[2023-03-14T09:58:10+08:00][sql] SELECT * FROM `address` WHERE  `id` = 1 LIMIT 1 [ RunTime:0.000319s ]
[2023-03-14T09:58:10+08:00][sql] SELECT * FROM `address` WHERE  `id` = 2 LIMIT 1 [ RunTime:0.000252s ]
[2023-03-14T09:59:44+08:00][sql] CONNECT:[ UseTime:0.000416s ] mysql:host=localhost;port=3316;dbname=coffee;charset=utf8
[2023-03-14T09:59:44+08:00][sql] SHOW FULL COLUMNS FROM `banner` [ RunTime:0.001235s ]
[2023-03-14T09:59:44+08:00][sql] SELECT * FROM `banner` [ RunTime:0.000253s ]
[2023-03-14T09:59:44+08:00][sql] SHOW FULL COLUMNS FROM `information` [ RunTime:0.000997s ]
[2023-03-14T09:59:44+08:00][sql] SELECT * FROM `information` ORDER BY `time` DESC LIMIT 1 [ RunTime:0.000332s ]
[2023-03-14T09:59:44+08:00][sql] SELECT * FROM `information` ORDER BY `time` DESC LIMIT 1,4 [ RunTime:0.000371s ]
[2023-03-14T09:59:44+08:00][sql] SHOW FULL COLUMNS FROM `course` [ RunTime:0.001050s ]
[2023-03-14T09:59:44+08:00][sql] SELECT `id`,`title` FROM `course` ORDER BY `sorting` ASC LIMIT 0,6 [ RunTime:0.000275s ]
[2023-03-14T09:59:44+08:00][sql] SHOW FULL COLUMNS FROM `teacher` [ RunTime:0.000948s ]
[2023-03-14T09:59:44+08:00][sql] SELECT * FROM `teacher` [ RunTime:0.000266s ]
[2023-03-14T09:59:44+08:00][sql] SHOW FULL COLUMNS FROM `address` [ RunTime:0.000911s ]
[2023-03-14T09:59:44+08:00][sql] SELECT * FROM `address` WHERE  `id` = 1 LIMIT 1 [ RunTime:0.000281s ]
[2023-03-14T09:59:44+08:00][sql] SELECT * FROM `address` WHERE  `id` = 2 LIMIT 1 [ RunTime:0.000247s ]
[2023-03-14T10:15:32+08:00][sql] CONNECT:[ UseTime:0.000422s ] mysql:host=localhost;port=3316;dbname=coffee;charset=utf8
[2023-03-14T10:15:32+08:00][sql] SHOW FULL COLUMNS FROM `banner` [ RunTime:0.001252s ]
[2023-03-14T10:15:32+08:00][sql] SELECT * FROM `banner` [ RunTime:0.000251s ]
[2023-03-14T10:15:32+08:00][sql] SHOW FULL COLUMNS FROM `information` [ RunTime:0.000995s ]
[2023-03-14T10:15:32+08:00][sql] SELECT * FROM `information` ORDER BY `time` DESC LIMIT 1 [ RunTime:0.000329s ]
[2023-03-14T10:15:32+08:00][sql] SELECT * FROM `information` ORDER BY `time` DESC LIMIT 1,4 [ RunTime:0.000368s ]
[2023-03-14T10:15:32+08:00][sql] SHOW FULL COLUMNS FROM `course` [ RunTime:0.001036s ]
[2023-03-14T10:15:32+08:00][sql] SELECT `id`,`title` FROM `course` ORDER BY `sorting` ASC LIMIT 0,6 [ RunTime:0.000263s ]
[2023-03-14T10:15:32+08:00][sql] SHOW FULL COLUMNS FROM `teacher` [ RunTime:0.000920s ]
[2023-03-14T10:15:32+08:00][sql] SELECT * FROM `teacher` [ RunTime:0.000257s ]
[2023-03-14T10:15:32+08:00][sql] SHOW FULL COLUMNS FROM `address` [ RunTime:0.001096s ]
[2023-03-14T10:15:32+08:00][sql] SELECT * FROM `address` WHERE  `id` = 1 LIMIT 1 [ RunTime:0.000377s ]
[2023-03-14T10:15:32+08:00][sql] SELECT * FROM `address` WHERE  `id` = 2 LIMIT 1 [ RunTime:0.000244s ]
[2023-03-14T10:16:42+08:00][sql] CONNECT:[ UseTime:0.000402s ] mysql:host=localhost;port=3316;dbname=coffee;charset=utf8
[2023-03-14T10:16:42+08:00][sql] SHOW FULL COLUMNS FROM `banner` [ RunTime:0.001312s ]
[2023-03-14T10:16:42+08:00][sql] SELECT * FROM `banner` [ RunTime:0.000263s ]
[2023-03-14T10:16:42+08:00][sql] SHOW FULL COLUMNS FROM `information` [ RunTime:0.000988s ]
[2023-03-14T10:16:42+08:00][sql] SELECT * FROM `information` ORDER BY `time` DESC LIMIT 1 [ RunTime:0.000335s ]
[2023-03-14T10:16:42+08:00][sql] SELECT * FROM `information` ORDER BY `time` DESC LIMIT 1,4 [ RunTime:0.000403s ]
[2023-03-14T10:16:42+08:00][sql] SHOW FULL COLUMNS FROM `course` [ RunTime:0.001073s ]
[2023-03-14T10:16:42+08:00][sql] SELECT `id`,`title` FROM `course` ORDER BY `sorting` ASC LIMIT 0,6 [ RunTime:0.000276s ]
[2023-03-14T10:16:42+08:00][sql] SHOW FULL COLUMNS FROM `teacher` [ RunTime:0.000941s ]
[2023-03-14T10:16:42+08:00][sql] SELECT * FROM `teacher` [ RunTime:0.000314s ]
[2023-03-14T10:16:42+08:00][sql] SHOW FULL COLUMNS FROM `address` [ RunTime:0.000919s ]
[2023-03-14T10:16:42+08:00][sql] SELECT * FROM `address` WHERE  `id` = 1 LIMIT 1 [ RunTime:0.000284s ]
[2023-03-14T10:16:42+08:00][sql] SELECT * FROM `address` WHERE  `id` = 2 LIMIT 1 [ RunTime:0.000252s ]
[2023-03-14T10:40:33+08:00][sql] CONNECT:[ UseTime:0.000415s ] mysql:host=localhost;port=3316;dbname=coffee;charset=utf8
[2023-03-14T10:40:33+08:00][sql] SHOW FULL COLUMNS FROM `banner` [ RunTime:0.001226s ]
[2023-03-14T10:40:33+08:00][sql] SELECT * FROM `banner` [ RunTime:0.000321s ]
[2023-03-14T10:40:33+08:00][sql] SHOW FULL COLUMNS FROM `information` [ RunTime:0.001042s ]
[2023-03-14T10:40:33+08:00][sql] SELECT * FROM `information` ORDER BY `time` DESC LIMIT 1 [ RunTime:0.000325s ]
[2023-03-14T10:40:33+08:00][sql] SELECT * FROM `information` ORDER BY `time` DESC LIMIT 1,4 [ RunTime:0.000429s ]
[2023-03-14T10:40:33+08:00][sql] SHOW FULL COLUMNS FROM `course` [ RunTime:0.001148s ]
[2023-03-14T10:40:33+08:00][sql] SELECT `id`,`title` FROM `course` ORDER BY `sorting` ASC LIMIT 0,6 [ RunTime:0.000266s ]
[2023-03-14T10:40:33+08:00][sql] SHOW FULL COLUMNS FROM `teacher` [ RunTime:0.000900s ]
[2023-03-14T10:40:33+08:00][sql] SELECT * FROM `teacher` [ RunTime:0.000314s ]
[2023-03-14T10:40:33+08:00][sql] SHOW FULL COLUMNS FROM `address` [ RunTime:0.000939s ]
[2023-03-14T10:40:33+08:00][sql] SELECT * FROM `address` WHERE  `id` = 1 LIMIT 1 [ RunTime:0.000290s ]
[2023-03-14T10:40:33+08:00][sql] SELECT * FROM `address` WHERE  `id` = 2 LIMIT 1 [ RunTime:0.000246s ]
[2023-03-14T11:09:24+08:00][sql] CONNECT:[ UseTime:0.000409s ] mysql:host=localhost;port=3316;dbname=coffee;charset=utf8
[2023-03-14T11:09:24+08:00][sql] SHOW FULL COLUMNS FROM `banner` [ RunTime:0.001268s ]
[2023-03-14T11:09:24+08:00][sql] SELECT * FROM `banner` [ RunTime:0.000213s ]
[2023-03-14T11:09:24+08:00][sql] SHOW FULL COLUMNS FROM `information` [ RunTime:0.000962s ]
[2023-03-14T11:09:24+08:00][sql] SELECT * FROM `information` ORDER BY `time` DESC LIMIT 1 [ RunTime:0.000298s ]
[2023-03-14T11:09:24+08:00][sql] SELECT * FROM `information` ORDER BY `time` DESC LIMIT 1,4 [ RunTime:0.000364s ]
[2023-03-14T11:09:24+08:00][sql] SHOW FULL COLUMNS FROM `course` [ RunTime:0.001023s ]
[2023-03-14T11:09:24+08:00][sql] SELECT `id`,`title` FROM `course` ORDER BY `sorting` ASC LIMIT 0,6 [ RunTime:0.000250s ]
[2023-03-14T11:09:24+08:00][sql] SHOW FULL COLUMNS FROM `teacher` [ RunTime:0.000932s ]
[2023-03-14T11:09:24+08:00][sql] SELECT * FROM `teacher` [ RunTime:0.000221s ]
[2023-03-14T11:09:24+08:00][sql] SHOW FULL COLUMNS FROM `address` [ RunTime:0.000902s ]
[2023-03-14T11:09:24+08:00][sql] SELECT * FROM `address` WHERE  `id` = 1 LIMIT 1 [ RunTime:0.000249s ]
[2023-03-14T11:09:24+08:00][sql] SELECT * FROM `address` WHERE  `id` = 2 LIMIT 1 [ RunTime:0.000196s ]
[2023-03-14T11:18:27+08:00][sql] CONNECT:[ UseTime:0.000436s ] mysql:host=localhost;port=3316;dbname=coffee;charset=utf8
[2023-03-14T11:18:27+08:00][sql] SHOW FULL COLUMNS FROM `banner` [ RunTime:0.001426s ]
[2023-03-14T11:18:27+08:00][sql] SELECT * FROM `banner` [ RunTime:0.000256s ]
[2023-03-14T11:18:27+08:00][sql] SHOW FULL COLUMNS FROM `information` [ RunTime:0.001249s ]
[2023-03-14T11:18:27+08:00][sql] SELECT * FROM `information` ORDER BY `time` DESC LIMIT 1 [ RunTime:0.000344s ]
[2023-03-14T11:18:27+08:00][sql] SELECT * FROM `information` ORDER BY `time` DESC LIMIT 1,4 [ RunTime:0.000342s ]
[2023-03-14T11:18:27+08:00][sql] SHOW FULL COLUMNS FROM `course` [ RunTime:0.001238s ]
[2023-03-14T11:18:27+08:00][sql] SELECT `id`,`title` FROM `course` ORDER BY `sorting` ASC LIMIT 0,6 [ RunTime:0.000307s ]
[2023-03-14T11:18:27+08:00][sql] SHOW FULL COLUMNS FROM `teacher` [ RunTime:0.000958s ]
[2023-03-14T11:18:27+08:00][sql] SELECT * FROM `teacher` [ RunTime:0.000266s ]
[2023-03-14T11:18:27+08:00][sql] SHOW FULL COLUMNS FROM `address` [ RunTime:0.000989s ]
[2023-03-14T11:18:27+08:00][sql] SELECT * FROM `address` WHERE  `id` = 1 LIMIT 1 [ RunTime:0.000268s ]
[2023-03-14T11:18:27+08:00][sql] SELECT * FROM `address` WHERE  `id` = 2 LIMIT 1 [ RunTime:0.000315s ]
[2023-03-14T11:31:02+08:00][sql] CONNECT:[ UseTime:0.014068s ] mysql:host=localhost;port=3316;dbname=coffee;charset=utf8
[2023-03-14T11:31:02+08:00][sql] SHOW FULL COLUMNS FROM `banner` [ RunTime:0.002777s ]
[2023-03-14T11:31:02+08:00][sql] SELECT * FROM `banner` [ RunTime:0.000399s ]
[2023-03-14T11:31:02+08:00][sql] SHOW FULL COLUMNS FROM `information` [ RunTime:0.001606s ]
[2023-03-14T11:31:02+08:00][sql] SELECT * FROM `information` ORDER BY `time` DESC LIMIT 1 [ RunTime:0.000496s ]
[2023-03-14T11:31:02+08:00][sql] SELECT * FROM `information` ORDER BY `time` DESC LIMIT 1,4 [ RunTime:0.000557s ]
[2023-03-14T11:31:02+08:00][sql] SHOW FULL COLUMNS FROM `course` [ RunTime:0.001837s ]
[2023-03-14T11:31:02+08:00][sql] SELECT `id`,`title` FROM `course` ORDER BY `sorting` ASC LIMIT 0,6 [ RunTime:0.000401s ]
[2023-03-14T11:31:02+08:00][sql] SHOW FULL COLUMNS FROM `teacher` [ RunTime:0.001409s ]
[2023-03-14T11:31:02+08:00][sql] SELECT * FROM `teacher` [ RunTime:0.000384s ]
[2023-03-14T11:31:02+08:00][sql] SHOW FULL COLUMNS FROM `address` [ RunTime:0.001445s ]
[2023-03-14T11:31:02+08:00][sql] SELECT * FROM `address` WHERE  `id` = 1 LIMIT 1 [ RunTime:0.000426s ]
[2023-03-14T11:31:02+08:00][sql] SELECT * FROM `address` WHERE  `id` = 2 LIMIT 1 [ RunTime:0.000356s ]
[2023-03-14T11:35:40+08:00][sql] CONNECT:[ UseTime:0.000443s ] mysql:host=localhost;port=3316;dbname=coffee;charset=utf8
[2023-03-14T11:35:40+08:00][sql] SHOW FULL COLUMNS FROM `banner` [ RunTime:0.010495s ]
[2023-03-14T11:35:40+08:00][sql] SELECT * FROM `banner` [ RunTime:0.000747s ]
[2023-03-14T11:35:40+08:00][sql] SHOW FULL COLUMNS FROM `information` [ RunTime:0.001686s ]
[2023-03-14T11:35:40+08:00][sql] SELECT * FROM `information` ORDER BY `time` DESC LIMIT 1 [ RunTime:0.000501s ]
[2023-03-14T11:35:40+08:00][sql] SELECT * FROM `information` ORDER BY `time` DESC LIMIT 1,4 [ RunTime:0.000677s ]
[2023-03-14T11:35:40+08:00][sql] SHOW FULL COLUMNS FROM `course` [ RunTime:0.003103s ]
[2023-03-14T11:35:40+08:00][sql] SELECT `id`,`title` FROM `course` ORDER BY `sorting` ASC LIMIT 0,6 [ RunTime:0.000408s ]
[2023-03-14T11:35:40+08:00][sql] SHOW FULL COLUMNS FROM `teacher` [ RunTime:0.002270s ]
[2023-03-14T11:35:40+08:00][sql] SELECT * FROM `teacher` [ RunTime:0.000463s ]
[2023-03-14T11:35:40+08:00][sql] SHOW FULL COLUMNS FROM `address` [ RunTime:0.002449s ]
[2023-03-14T11:35:40+08:00][sql] SELECT * FROM `address` WHERE  `id` = 1 LIMIT 1 [ RunTime:0.000487s ]
[2023-03-14T11:35:40+08:00][sql] SELECT * FROM `address` WHERE  `id` = 2 LIMIT 1 [ RunTime:0.000375s ]
[2023-03-14T12:34:25+08:00][sql] CONNECT:[ UseTime:0.008783s ] mysql:host=localhost;port=3316;dbname=coffee;charset=utf8
[2023-03-14T12:34:25+08:00][sql] SHOW FULL COLUMNS FROM `banner` [ RunTime:0.001851s ]
[2023-03-14T12:34:25+08:00][sql] SELECT * FROM `banner` [ RunTime:0.000374s ]
[2023-03-14T12:34:25+08:00][sql] SHOW FULL COLUMNS FROM `information` [ RunTime:0.001770s ]
[2023-03-14T12:34:25+08:00][sql] SELECT * FROM `information` ORDER BY `time` DESC LIMIT 1 [ RunTime:0.000594s ]
[2023-03-14T12:34:25+08:00][sql] SELECT * FROM `information` ORDER BY `time` DESC LIMIT 1,4 [ RunTime:0.000523s ]
[2023-03-14T12:34:25+08:00][sql] SHOW FULL COLUMNS FROM `course` [ RunTime:0.002039s ]
[2023-03-14T12:34:25+08:00][sql] SELECT `id`,`title` FROM `course` ORDER BY `sorting` ASC LIMIT 0,6 [ RunTime:0.002676s ]
[2023-03-14T12:34:25+08:00][sql] SHOW FULL COLUMNS FROM `teacher` [ RunTime:0.002016s ]
[2023-03-14T12:34:25+08:00][sql] SELECT * FROM `teacher` [ RunTime:0.001233s ]
[2023-03-14T12:34:25+08:00][sql] SHOW FULL COLUMNS FROM `address` [ RunTime:0.002418s ]
[2023-03-14T12:34:25+08:00][sql] SELECT * FROM `address` WHERE  `id` = 1 LIMIT 1 [ RunTime:0.000448s ]
[2023-03-14T12:34:25+08:00][sql] SELECT * FROM `address` WHERE  `id` = 2 LIMIT 1 [ RunTime:0.000555s ]
[2023-03-14T13:32:03+08:00][sql] CONNECT:[ UseTime:0.000429s ] mysql:host=localhost;port=3316;dbname=coffee;charset=utf8
[2023-03-14T13:32:03+08:00][sql] SHOW FULL COLUMNS FROM `banner` [ RunTime:0.001335s ]
[2023-03-14T13:32:03+08:00][sql] SELECT * FROM `banner` [ RunTime:0.000245s ]
[2023-03-14T13:32:03+08:00][sql] SHOW FULL COLUMNS FROM `information` [ RunTime:0.001158s ]
[2023-03-14T13:32:03+08:00][sql] SELECT * FROM `information` ORDER BY `time` DESC LIMIT 1 [ RunTime:0.000370s ]
[2023-03-14T13:32:03+08:00][sql] SELECT * FROM `information` ORDER BY `time` DESC LIMIT 1,4 [ RunTime:0.000393s ]
[2023-03-14T13:32:03+08:00][sql] SHOW FULL COLUMNS FROM `course` [ RunTime:0.001202s ]
[2023-03-14T13:32:03+08:00][sql] SELECT `id`,`title` FROM `course` ORDER BY `sorting` ASC LIMIT 0,6 [ RunTime:0.000293s ]
[2023-03-14T13:32:03+08:00][sql] SHOW FULL COLUMNS FROM `teacher` [ RunTime:0.000897s ]
[2023-03-14T13:32:03+08:00][sql] SELECT * FROM `teacher` [ RunTime:0.000285s ]
[2023-03-14T13:32:03+08:00][sql] SHOW FULL COLUMNS FROM `address` [ RunTime:0.000988s ]
[2023-03-14T13:32:03+08:00][sql] SELECT * FROM `address` WHERE  `id` = 1 LIMIT 1 [ RunTime:0.000276s ]
[2023-03-14T13:32:03+08:00][sql] SELECT * FROM `address` WHERE  `id` = 2 LIMIT 1 [ RunTime:0.000256s ]
[2023-03-14T15:20:07+08:00][sql] CONNECT:[ UseTime:0.000419s ] mysql:host=localhost;port=3316;dbname=coffee;charset=utf8
[2023-03-14T15:20:07+08:00][sql] SHOW FULL COLUMNS FROM `banner` [ RunTime:0.001218s ]
[2023-03-14T15:20:07+08:00][sql] SELECT * FROM `banner` [ RunTime:0.000330s ]
[2023-03-14T15:20:07+08:00][sql] SHOW FULL COLUMNS FROM `information` [ RunTime:0.000953s ]
[2023-03-14T15:20:07+08:00][sql] SELECT * FROM `information` ORDER BY `time` DESC LIMIT 1 [ RunTime:0.000301s ]
[2023-03-14T15:20:07+08:00][sql] SELECT * FROM `information` ORDER BY `time` DESC LIMIT 1,4 [ RunTime:0.000328s ]
[2023-03-14T15:20:07+08:00][sql] SHOW FULL COLUMNS FROM `course` [ RunTime:0.001051s ]
[2023-03-14T15:20:07+08:00][sql] SELECT `id`,`title` FROM `course` ORDER BY `sorting` ASC LIMIT 0,6 [ RunTime:0.000230s ]
[2023-03-14T15:20:07+08:00][sql] SHOW FULL COLUMNS FROM `teacher` [ RunTime:0.000938s ]
[2023-03-14T15:20:07+08:00][sql] SELECT * FROM `teacher` [ RunTime:0.000255s ]
[2023-03-14T15:20:07+08:00][sql] SHOW FULL COLUMNS FROM `address` [ RunTime:0.000895s ]
[2023-03-14T15:20:07+08:00][sql] SELECT * FROM `address` WHERE  `id` = 1 LIMIT 1 [ RunTime:0.000243s ]
[2023-03-14T15:20:07+08:00][sql] SELECT * FROM `address` WHERE  `id` = 2 LIMIT 1 [ RunTime:0.000190s ]
[2023-03-14T15:26:37+08:00][sql] CONNECT:[ UseTime:0.017382s ] mysql:host=localhost;port=3316;dbname=coffee;charset=utf8
[2023-03-14T15:26:37+08:00][sql] SHOW FULL COLUMNS FROM `banner` [ RunTime:0.001879s ]
[2023-03-14T15:26:37+08:00][sql] SELECT * FROM `banner` [ RunTime:0.000435s ]
[2023-03-14T15:26:37+08:00][sql] SHOW FULL COLUMNS FROM `information` [ RunTime:0.001541s ]
[2023-03-14T15:26:37+08:00][sql] SELECT * FROM `information` ORDER BY `time` DESC LIMIT 1 [ RunTime:0.000511s ]
[2023-03-14T15:26:37+08:00][sql] SELECT * FROM `information` ORDER BY `time` DESC LIMIT 1,4 [ RunTime:0.000615s ]
[2023-03-14T15:26:37+08:00][sql] SHOW FULL COLUMNS FROM `course` [ RunTime:0.001735s ]
[2023-03-14T15:26:37+08:00][sql] SELECT `id`,`title` FROM `course` ORDER BY `sorting` ASC LIMIT 0,6 [ RunTime:0.000405s ]
[2023-03-14T15:26:37+08:00][sql] SHOW FULL COLUMNS FROM `teacher` [ RunTime:0.001522s ]
[2023-03-14T15:26:37+08:00][sql] SELECT * FROM `teacher` [ RunTime:0.000374s ]
[2023-03-14T15:26:37+08:00][sql] SHOW FULL COLUMNS FROM `address` [ RunTime:0.001357s ]
[2023-03-14T15:26:37+08:00][sql] SELECT * FROM `address` WHERE  `id` = 1 LIMIT 1 [ RunTime:0.000426s ]
[2023-03-14T15:26:37+08:00][sql] SELECT * FROM `address` WHERE  `id` = 2 LIMIT 1 [ RunTime:0.000378s ]
[2023-03-14T15:28:27+08:00][sql] CONNECT:[ UseTime:0.000388s ] mysql:host=localhost;port=3316;dbname=coffee;charset=utf8
[2023-03-14T15:28:27+08:00][sql] SHOW FULL COLUMNS FROM `banner` [ RunTime:0.001238s ]
[2023-03-14T15:28:27+08:00][sql] SELECT * FROM `banner` [ RunTime:0.000244s ]
[2023-03-14T15:28:27+08:00][sql] SHOW FULL COLUMNS FROM `information` [ RunTime:0.000955s ]
[2023-03-14T15:28:27+08:00][sql] SELECT * FROM `information` ORDER BY `time` DESC LIMIT 1 [ RunTime:0.000345s ]
[2023-03-14T15:28:27+08:00][sql] SELECT * FROM `information` ORDER BY `time` DESC LIMIT 1,4 [ RunTime:0.000326s ]
[2023-03-14T15:28:27+08:00][sql] SHOW FULL COLUMNS FROM `course` [ RunTime:0.001058s ]
[2023-03-14T15:28:27+08:00][sql] SELECT `id`,`title` FROM `course` ORDER BY `sorting` ASC LIMIT 0,6 [ RunTime:0.000245s ]
[2023-03-14T15:28:27+08:00][sql] SHOW FULL COLUMNS FROM `teacher` [ RunTime:0.000865s ]
[2023-03-14T15:28:27+08:00][sql] SELECT * FROM `teacher` [ RunTime:0.000223s ]
[2023-03-14T15:28:27+08:00][sql] SHOW FULL COLUMNS FROM `address` [ RunTime:0.000894s ]
[2023-03-14T15:28:27+08:00][sql] SELECT * FROM `address` WHERE  `id` = 1 LIMIT 1 [ RunTime:0.000240s ]
[2023-03-14T15:28:27+08:00][sql] SELECT * FROM `address` WHERE  `id` = 2 LIMIT 1 [ RunTime:0.000205s ]
[2023-03-14T15:32:21+08:00][sql] CONNECT:[ UseTime:0.000383s ] mysql:host=localhost;port=3316;dbname=coffee;charset=utf8
[2023-03-14T15:32:21+08:00][sql] SHOW FULL COLUMNS FROM `banner` [ RunTime:0.001230s ]
[2023-03-14T15:32:21+08:00][sql] SELECT * FROM `banner` [ RunTime:0.000245s ]
[2023-03-14T15:32:21+08:00][sql] SHOW FULL COLUMNS FROM `information` [ RunTime:0.000939s ]
[2023-03-14T15:32:21+08:00][sql] SELECT * FROM `information` ORDER BY `time` DESC LIMIT 1 [ RunTime:0.000340s ]
[2023-03-14T15:32:21+08:00][sql] SELECT * FROM `information` ORDER BY `time` DESC LIMIT 1,4 [ RunTime:0.000320s ]
[2023-03-14T15:32:21+08:00][sql] SHOW FULL COLUMNS FROM `course` [ RunTime:0.001085s ]
[2023-03-14T15:32:21+08:00][sql] SELECT `id`,`title` FROM `course` ORDER BY `sorting` ASC LIMIT 0,6 [ RunTime:0.000226s ]
[2023-03-14T15:32:21+08:00][sql] SHOW FULL COLUMNS FROM `teacher` [ RunTime:0.001014s ]
[2023-03-14T15:32:21+08:00][sql] SELECT * FROM `teacher` [ RunTime:0.000243s ]
[2023-03-14T15:32:21+08:00][sql] SHOW FULL COLUMNS FROM `address` [ RunTime:0.000908s ]
[2023-03-14T15:32:21+08:00][sql] SELECT * FROM `address` WHERE  `id` = 1 LIMIT 1 [ RunTime:0.000245s ]
[2023-03-14T15:32:21+08:00][sql] SELECT * FROM `address` WHERE  `id` = 2 LIMIT 1 [ RunTime:0.000232s ]
[2023-03-14T15:40:55+08:00][sql] CONNECT:[ UseTime:0.000407s ] mysql:host=localhost;port=3316;dbname=coffee;charset=utf8
[2023-03-14T15:40:55+08:00][sql] SHOW FULL COLUMNS FROM `banner` [ RunTime:0.001307s ]
[2023-03-14T15:40:55+08:00][sql] SELECT * FROM `banner` [ RunTime:0.000285s ]
[2023-03-14T15:40:55+08:00][sql] SHOW FULL COLUMNS FROM `information` [ RunTime:0.001024s ]
[2023-03-14T15:40:55+08:00][sql] SELECT * FROM `information` ORDER BY `time` DESC LIMIT 1 [ RunTime:0.000338s ]
[2023-03-14T15:40:55+08:00][sql] SELECT * FROM `information` ORDER BY `time` DESC LIMIT 1,4 [ RunTime:0.000385s ]
[2023-03-14T15:40:55+08:00][sql] SHOW FULL COLUMNS FROM `course` [ RunTime:0.001076s ]
[2023-03-14T15:40:55+08:00][sql] SELECT `id`,`title` FROM `course` ORDER BY `sorting` ASC LIMIT 0,6 [ RunTime:0.000275s ]
[2023-03-14T15:40:55+08:00][sql] SHOW FULL COLUMNS FROM `teacher` [ RunTime:0.000914s ]
[2023-03-14T15:40:55+08:00][sql] SELECT * FROM `teacher` [ RunTime:0.000275s ]
[2023-03-14T15:40:55+08:00][sql] SHOW FULL COLUMNS FROM `address` [ RunTime:0.000965s ]
[2023-03-14T15:40:55+08:00][sql] SELECT * FROM `address` WHERE  `id` = 1 LIMIT 1 [ RunTime:0.000281s ]
[2023-03-14T15:40:55+08:00][sql] SELECT * FROM `address` WHERE  `id` = 2 LIMIT 1 [ RunTime:0.000253s ]
[2023-03-14T15:49:09+08:00][sql] CONNECT:[ UseTime:0.000402s ] mysql:host=localhost;port=3316;dbname=coffee;charset=utf8
[2023-03-14T15:49:09+08:00][sql] SHOW FULL COLUMNS FROM `banner` [ RunTime:0.001210s ]
[2023-03-14T15:49:09+08:00][sql] SELECT * FROM `banner` [ RunTime:0.000218s ]
[2023-03-14T15:49:09+08:00][sql] SHOW FULL COLUMNS FROM `information` [ RunTime:0.000909s ]
[2023-03-14T15:49:09+08:00][sql] SELECT * FROM `information` ORDER BY `time` DESC LIMIT 1 [ RunTime:0.000289s ]
[2023-03-14T15:49:09+08:00][sql] SELECT * FROM `information` ORDER BY `time` DESC LIMIT 1,4 [ RunTime:0.000306s ]
[2023-03-14T15:49:09+08:00][sql] SHOW FULL COLUMNS FROM `course` [ RunTime:0.001015s ]
[2023-03-14T15:49:09+08:00][sql] SELECT `id`,`title` FROM `course` ORDER BY `sorting` ASC LIMIT 0,6 [ RunTime:0.000323s ]
[2023-03-14T15:49:09+08:00][sql] SHOW FULL COLUMNS FROM `teacher` [ RunTime:0.000847s ]
[2023-03-14T15:49:09+08:00][sql] SELECT * FROM `teacher` [ RunTime:0.000233s ]
[2023-03-14T15:49:09+08:00][sql] SHOW FULL COLUMNS FROM `address` [ RunTime:0.000884s ]
[2023-03-14T15:49:09+08:00][sql] SELECT * FROM `address` WHERE  `id` = 1 LIMIT 1 [ RunTime:0.000234s ]
[2023-03-14T15:49:09+08:00][sql] SELECT * FROM `address` WHERE  `id` = 2 LIMIT 1 [ RunTime:0.000224s ]
[2023-03-14T16:24:41+08:00][sql] CONNECT:[ UseTime:0.000427s ] mysql:host=localhost;port=3316;dbname=coffee;charset=utf8
[2023-03-14T16:24:41+08:00][sql] SHOW FULL COLUMNS FROM `banner` [ RunTime:0.001302s ]
[2023-03-14T16:24:41+08:00][sql] SELECT * FROM `banner` [ RunTime:0.000298s ]
[2023-03-14T16:24:41+08:00][sql] SHOW FULL COLUMNS FROM `information` [ RunTime:0.000988s ]
[2023-03-14T16:24:41+08:00][sql] SELECT * FROM `information` ORDER BY `time` DESC LIMIT 1 [ RunTime:0.000345s ]
[2023-03-14T16:24:41+08:00][sql] SELECT * FROM `information` ORDER BY `time` DESC LIMIT 1,4 [ RunTime:0.000371s ]
[2023-03-14T16:24:41+08:00][sql] SHOW FULL COLUMNS FROM `course` [ RunTime:0.001085s ]
[2023-03-14T16:24:41+08:00][sql] SELECT `id`,`title` FROM `course` ORDER BY `sorting` ASC LIMIT 0,6 [ RunTime:0.000305s ]
[2023-03-14T16:24:41+08:00][sql] SHOW FULL COLUMNS FROM `teacher` [ RunTime:0.000915s ]
[2023-03-14T16:24:41+08:00][sql] SELECT * FROM `teacher` [ RunTime:0.000257s ]
[2023-03-14T16:24:41+08:00][sql] SHOW FULL COLUMNS FROM `address` [ RunTime:0.000900s ]
[2023-03-14T16:24:41+08:00][sql] SELECT * FROM `address` WHERE  `id` = 1 LIMIT 1 [ RunTime:0.000273s ]
[2023-03-14T16:24:41+08:00][sql] SELECT * FROM `address` WHERE  `id` = 2 LIMIT 1 [ RunTime:0.000283s ]
[2023-03-14T17:01:33+08:00][sql] CONNECT:[ UseTime:0.000389s ] mysql:host=localhost;port=3316;dbname=coffee;charset=utf8
[2023-03-14T17:01:33+08:00][sql] SHOW FULL COLUMNS FROM `banner` [ RunTime:0.001252s ]
[2023-03-14T17:01:33+08:00][sql] SELECT * FROM `banner` [ RunTime:0.000238s ]
[2023-03-14T17:01:33+08:00][sql] SHOW FULL COLUMNS FROM `information` [ RunTime:0.000946s ]
[2023-03-14T17:01:33+08:00][sql] SELECT * FROM `information` ORDER BY `time` DESC LIMIT 1 [ RunTime:0.000329s ]
[2023-03-14T17:01:33+08:00][sql] SELECT * FROM `information` ORDER BY `time` DESC LIMIT 1,4 [ RunTime:0.000311s ]
[2023-03-14T17:01:33+08:00][sql] SHOW FULL COLUMNS FROM `course` [ RunTime:0.001019s ]
[2023-03-14T17:01:33+08:00][sql] SELECT `id`,`title` FROM `course` ORDER BY `sorting` ASC LIMIT 0,6 [ RunTime:0.000218s ]
[2023-03-14T17:01:33+08:00][sql] SHOW FULL COLUMNS FROM `teacher` [ RunTime:0.000839s ]
[2023-03-14T17:01:33+08:00][sql] SELECT * FROM `teacher` [ RunTime:0.000218s ]
[2023-03-14T17:01:33+08:00][sql] SHOW FULL COLUMNS FROM `address` [ RunTime:0.000855s ]
[2023-03-14T17:01:33+08:00][sql] SELECT * FROM `address` WHERE  `id` = 1 LIMIT 1 [ RunTime:0.000282s ]
[2023-03-14T17:01:33+08:00][sql] SELECT * FROM `address` WHERE  `id` = 2 LIMIT 1 [ RunTime:0.000227s ]
[2023-03-14T17:28:09+08:00][sql] CONNECT:[ UseTime:0.000415s ] mysql:host=localhost;port=3316;dbname=coffee;charset=utf8
[2023-03-14T17:28:09+08:00][sql] SHOW FULL COLUMNS FROM `banner` [ RunTime:0.001209s ]
[2023-03-14T17:28:09+08:00][sql] SELECT * FROM `banner` [ RunTime:0.000227s ]
[2023-03-14T17:28:09+08:00][sql] SHOW FULL COLUMNS FROM `information` [ RunTime:0.000977s ]
[2023-03-14T17:28:09+08:00][sql] SELECT * FROM `information` ORDER BY `time` DESC LIMIT 1 [ RunTime:0.000311s ]
[2023-03-14T17:28:09+08:00][sql] SELECT * FROM `information` ORDER BY `time` DESC LIMIT 1,4 [ RunTime:0.000313s ]
[2023-03-14T17:28:09+08:00][sql] SHOW FULL COLUMNS FROM `course` [ RunTime:0.001112s ]
[2023-03-14T17:28:09+08:00][sql] SELECT `id`,`title` FROM `course` ORDER BY `sorting` ASC LIMIT 0,6 [ RunTime:0.000227s ]
[2023-03-14T17:28:09+08:00][sql] SHOW FULL COLUMNS FROM `teacher` [ RunTime:0.001066s ]
[2023-03-14T17:28:09+08:00][sql] SELECT * FROM `teacher` [ RunTime:0.000232s ]
[2023-03-14T17:28:09+08:00][sql] SHOW FULL COLUMNS FROM `address` [ RunTime:0.000897s ]
[2023-03-14T17:28:09+08:00][sql] SELECT * FROM `address` WHERE  `id` = 1 LIMIT 1 [ RunTime:0.000235s ]
[2023-03-14T17:28:09+08:00][sql] SELECT * FROM `address` WHERE  `id` = 2 LIMIT 1 [ RunTime:0.000207s ]
[2023-03-14T18:53:49+08:00][sql] CONNECT:[ UseTime:0.000513s ] mysql:host=localhost;port=3316;dbname=coffee;charset=utf8
[2023-03-14T18:53:49+08:00][sql] SHOW FULL COLUMNS FROM `banner` [ RunTime:0.001234s ]
[2023-03-14T18:53:49+08:00][sql] SELECT * FROM `banner` [ RunTime:0.000259s ]
[2023-03-14T18:53:49+08:00][sql] SHOW FULL COLUMNS FROM `information` [ RunTime:0.001016s ]
[2023-03-14T18:53:49+08:00][sql] SELECT * FROM `information` ORDER BY `time` DESC LIMIT 1 [ RunTime:0.000329s ]
[2023-03-14T18:53:49+08:00][sql] SELECT * FROM `information` ORDER BY `time` DESC LIMIT 1,4 [ RunTime:0.000387s ]
[2023-03-14T18:53:49+08:00][sql] SHOW FULL COLUMNS FROM `course` [ RunTime:0.001080s ]
[2023-03-14T18:53:49+08:00][sql] SELECT `id`,`title` FROM `course` ORDER BY `sorting` ASC LIMIT 0,6 [ RunTime:0.000274s ]
[2023-03-14T18:53:49+08:00][sql] SHOW FULL COLUMNS FROM `teacher` [ RunTime:0.000949s ]
[2023-03-14T18:53:49+08:00][sql] SELECT * FROM `teacher` [ RunTime:0.000276s ]
[2023-03-14T18:53:49+08:00][sql] SHOW FULL COLUMNS FROM `address` [ RunTime:0.000968s ]
[2023-03-14T18:53:49+08:00][sql] SELECT * FROM `address` WHERE  `id` = 1 LIMIT 1 [ RunTime:0.000275s ]
[2023-03-14T18:53:49+08:00][sql] SELECT * FROM `address` WHERE  `id` = 2 LIMIT 1 [ RunTime:0.000240s ]
[2023-03-14T19:06:54+08:00][sql] CONNECT:[ UseTime:0.000452s ] mysql:host=localhost;port=3316;dbname=coffee;charset=utf8
[2023-03-14T19:06:54+08:00][sql] SHOW FULL COLUMNS FROM `banner` [ RunTime:0.001231s ]
[2023-03-14T19:06:54+08:00][sql] SELECT * FROM `banner` [ RunTime:0.000254s ]
[2023-03-14T19:06:54+08:00][sql] SHOW FULL COLUMNS FROM `information` [ RunTime:0.000989s ]
[2023-03-14T19:06:54+08:00][sql] SELECT * FROM `information` ORDER BY `time` DESC LIMIT 1 [ RunTime:0.000309s ]
[2023-03-14T19:06:54+08:00][sql] SELECT * FROM `information` ORDER BY `time` DESC LIMIT 1,4 [ RunTime:0.000342s ]
[2023-03-14T19:06:54+08:00][sql] SHOW FULL COLUMNS FROM `course` [ RunTime:0.001045s ]
[2023-03-14T19:06:54+08:00][sql] SELECT `id`,`title` FROM `course` ORDER BY `sorting` ASC LIMIT 0,6 [ RunTime:0.000250s ]
[2023-03-14T19:06:54+08:00][sql] SHOW FULL COLUMNS FROM `teacher` [ RunTime:0.000871s ]
[2023-03-14T19:06:54+08:00][sql] SELECT * FROM `teacher` [ RunTime:0.000230s ]
[2023-03-14T19:06:54+08:00][sql] SHOW FULL COLUMNS FROM `address` [ RunTime:0.000904s ]
[2023-03-14T19:06:54+08:00][sql] SELECT * FROM `address` WHERE  `id` = 1 LIMIT 1 [ RunTime:0.000251s ]
[2023-03-14T19:06:54+08:00][sql] SELECT * FROM `address` WHERE  `id` = 2 LIMIT 1 [ RunTime:0.000209s ]
[2023-03-14T19:31:02+08:00][sql] CONNECT:[ UseTime:0.000403s ] mysql:host=localhost;port=3316;dbname=coffee;charset=utf8
[2023-03-14T19:31:02+08:00][sql] SHOW FULL COLUMNS FROM `banner` [ RunTime:0.001252s ]
[2023-03-14T19:31:02+08:00][sql] SELECT * FROM `banner` [ RunTime:0.000214s ]
[2023-03-14T19:31:02+08:00][sql] SHOW FULL COLUMNS FROM `information` [ RunTime:0.000894s ]
[2023-03-14T19:31:02+08:00][sql] SELECT * FROM `information` ORDER BY `time` DESC LIMIT 1 [ RunTime:0.000304s ]
[2023-03-14T19:31:02+08:00][sql] SELECT * FROM `information` ORDER BY `time` DESC LIMIT 1,4 [ RunTime:0.000304s ]
[2023-03-14T19:31:02+08:00][sql] SHOW FULL COLUMNS FROM `course` [ RunTime:0.001070s ]
[2023-03-14T19:31:02+08:00][sql] SELECT `id`,`title` FROM `course` ORDER BY `sorting` ASC LIMIT 0,6 [ RunTime:0.000253s ]
[2023-03-14T19:31:02+08:00][sql] SHOW FULL COLUMNS FROM `teacher` [ RunTime:0.000895s ]
[2023-03-14T19:31:02+08:00][sql] SELECT * FROM `teacher` [ RunTime:0.000217s ]
[2023-03-14T19:31:02+08:00][sql] SHOW FULL COLUMNS FROM `address` [ RunTime:0.000902s ]
[2023-03-14T19:31:02+08:00][sql] SELECT * FROM `address` WHERE  `id` = 1 LIMIT 1 [ RunTime:0.000239s ]
[2023-03-14T19:31:02+08:00][sql] SELECT * FROM `address` WHERE  `id` = 2 LIMIT 1 [ RunTime:0.000247s ]
[2023-03-14T19:33:08+08:00][sql] CONNECT:[ UseTime:0.000453s ] mysql:host=localhost;port=3316;dbname=coffee;charset=utf8
[2023-03-14T19:33:08+08:00][sql] SHOW FULL COLUMNS FROM `banner` [ RunTime:0.001279s ]
[2023-03-14T19:33:08+08:00][sql] SELECT * FROM `banner` [ RunTime:0.000271s ]
[2023-03-14T19:33:08+08:00][sql] SHOW FULL COLUMNS FROM `information` [ RunTime:0.001019s ]
[2023-03-14T19:33:08+08:00][sql] SELECT * FROM `information` ORDER BY `time` DESC LIMIT 1 [ RunTime:0.000405s ]
[2023-03-14T19:33:08+08:00][sql] SELECT * FROM `information` ORDER BY `time` DESC LIMIT 1,4 [ RunTime:0.000407s ]
[2023-03-14T19:33:08+08:00][sql] SHOW FULL COLUMNS FROM `course` [ RunTime:0.001083s ]
[2023-03-14T19:33:08+08:00][sql] SELECT `id`,`title` FROM `course` ORDER BY `sorting` ASC LIMIT 0,6 [ RunTime:0.000255s ]
[2023-03-14T19:33:08+08:00][sql] SHOW FULL COLUMNS FROM `teacher` [ RunTime:0.000944s ]
[2023-03-14T19:33:08+08:00][sql] SELECT * FROM `teacher` [ RunTime:0.000286s ]
[2023-03-14T19:33:08+08:00][sql] SHOW FULL COLUMNS FROM `address` [ RunTime:0.000947s ]
[2023-03-14T19:33:08+08:00][sql] SELECT * FROM `address` WHERE  `id` = 1 LIMIT 1 [ RunTime:0.000283s ]
[2023-03-14T19:33:08+08:00][sql] SELECT * FROM `address` WHERE  `id` = 2 LIMIT 1 [ RunTime:0.000243s ]
[2023-03-14T19:34:26+08:00][sql] CONNECT:[ UseTime:0.000391s ] mysql:host=localhost;port=3316;dbname=coffee;charset=utf8
[2023-03-14T19:34:26+08:00][sql] SHOW FULL COLUMNS FROM `banner` [ RunTime:0.001299s ]
[2023-03-14T19:34:26+08:00][sql] SELECT * FROM `banner` [ RunTime:0.000232s ]
[2023-03-14T19:34:26+08:00][sql] SHOW FULL COLUMNS FROM `information` [ RunTime:0.000961s ]
[2023-03-14T19:34:26+08:00][sql] SELECT * FROM `information` ORDER BY `time` DESC LIMIT 1 [ RunTime:0.000359s ]
[2023-03-14T19:34:26+08:00][sql] SELECT * FROM `information` ORDER BY `time` DESC LIMIT 1,4 [ RunTime:0.000331s ]
[2023-03-14T19:34:26+08:00][sql] SHOW FULL COLUMNS FROM `course` [ RunTime:0.001070s ]
[2023-03-14T19:34:26+08:00][sql] SELECT `id`,`title` FROM `course` ORDER BY `sorting` ASC LIMIT 0,6 [ RunTime:0.000233s ]
[2023-03-14T19:34:26+08:00][sql] SHOW FULL COLUMNS FROM `teacher` [ RunTime:0.000905s ]
[2023-03-14T19:34:26+08:00][sql] SELECT * FROM `teacher` [ RunTime:0.000232s ]
[2023-03-14T19:34:26+08:00][sql] SHOW FULL COLUMNS FROM `address` [ RunTime:0.000905s ]
[2023-03-14T19:34:26+08:00][sql] SELECT * FROM `address` WHERE  `id` = 1 LIMIT 1 [ RunTime:0.000248s ]
[2023-03-14T19:34:26+08:00][sql] SELECT * FROM `address` WHERE  `id` = 2 LIMIT 1 [ RunTime:0.000220s ]
[2023-03-14T19:38:34+08:00][sql] CONNECT:[ UseTime:0.000441s ] mysql:host=localhost;port=3316;dbname=coffee;charset=utf8
[2023-03-14T19:38:34+08:00][sql] SHOW FULL COLUMNS FROM `banner` [ RunTime:0.001223s ]
[2023-03-14T19:38:34+08:00][sql] SELECT * FROM `banner` [ RunTime:0.000284s ]
[2023-03-14T19:38:34+08:00][sql] SHOW FULL COLUMNS FROM `information` [ RunTime:0.001231s ]
[2023-03-14T19:38:34+08:00][sql] SELECT * FROM `information` ORDER BY `time` DESC LIMIT 1 [ RunTime:0.000346s ]
[2023-03-14T19:38:34+08:00][sql] SELECT * FROM `information` ORDER BY `time` DESC LIMIT 1,4 [ RunTime:0.000382s ]
[2023-03-14T19:38:34+08:00][sql] SHOW FULL COLUMNS FROM `course` [ RunTime:0.001050s ]
[2023-03-14T19:38:34+08:00][sql] SELECT `id`,`title` FROM `course` ORDER BY `sorting` ASC LIMIT 0,6 [ RunTime:0.000270s ]
[2023-03-14T19:38:34+08:00][sql] SHOW FULL COLUMNS FROM `teacher` [ RunTime:0.000985s ]
[2023-03-14T19:38:34+08:00][sql] SELECT * FROM `teacher` [ RunTime:0.000265s ]
[2023-03-14T19:38:34+08:00][sql] SHOW FULL COLUMNS FROM `address` [ RunTime:0.000915s ]
[2023-03-14T19:38:34+08:00][sql] SELECT * FROM `address` WHERE  `id` = 1 LIMIT 1 [ RunTime:0.000278s ]
[2023-03-14T19:38:34+08:00][sql] SELECT * FROM `address` WHERE  `id` = 2 LIMIT 1 [ RunTime:0.000255s ]
[2023-03-14T20:37:34+08:00][sql] CONNECT:[ UseTime:0.001138s ] mysql:host=localhost;port=3316;dbname=coffee;charset=utf8
[2023-03-14T20:37:34+08:00][sql] SHOW FULL COLUMNS FROM `banner` [ RunTime:0.001207s ]
[2023-03-14T20:37:34+08:00][sql] SELECT * FROM `banner` [ RunTime:0.000249s ]
[2023-03-14T20:37:34+08:00][sql] SHOW FULL COLUMNS FROM `information` [ RunTime:0.001174s ]
[2023-03-14T20:37:34+08:00][sql] SELECT * FROM `information` ORDER BY `time` DESC LIMIT 1 [ RunTime:0.000349s ]
[2023-03-14T20:37:34+08:00][sql] SELECT * FROM `information` ORDER BY `time` DESC LIMIT 1,4 [ RunTime:0.000372s ]
[2023-03-14T20:37:34+08:00][sql] SHOW FULL COLUMNS FROM `course` [ RunTime:0.001086s ]
[2023-03-14T20:37:34+08:00][sql] SELECT `id`,`title` FROM `course` ORDER BY `sorting` ASC LIMIT 0,6 [ RunTime:0.000271s ]
[2023-03-14T20:37:34+08:00][sql] SHOW FULL COLUMNS FROM `teacher` [ RunTime:0.000936s ]
[2023-03-14T20:37:34+08:00][sql] SELECT * FROM `teacher` [ RunTime:0.000255s ]
[2023-03-14T20:37:34+08:00][sql] SHOW FULL COLUMNS FROM `address` [ RunTime:0.000906s ]
[2023-03-14T20:37:34+08:00][sql] SELECT * FROM `address` WHERE  `id` = 1 LIMIT 1 [ RunTime:0.000279s ]
[2023-03-14T20:37:34+08:00][sql] SELECT * FROM `address` WHERE  `id` = 2 LIMIT 1 [ RunTime:0.000254s ]
[2023-03-14T20:47:52+08:00][sql] CONNECT:[ UseTime:0.000435s ] mysql:host=localhost;port=3316;dbname=coffee;charset=utf8
[2023-03-14T20:47:52+08:00][sql] SHOW FULL COLUMNS FROM `banner` [ RunTime:0.001699s ]
[2023-03-14T20:47:52+08:00][sql] SELECT * FROM `banner` [ RunTime:0.000285s ]
[2023-03-14T20:47:52+08:00][sql] SHOW FULL COLUMNS FROM `information` [ RunTime:0.001375s ]
[2023-03-14T20:47:52+08:00][sql] SELECT * FROM `information` ORDER BY `time` DESC LIMIT 1 [ RunTime:0.000404s ]
[2023-03-14T20:47:52+08:00][sql] SELECT * FROM `information` ORDER BY `time` DESC LIMIT 1,4 [ RunTime:0.000419s ]
[2023-03-14T20:47:52+08:00][sql] SHOW FULL COLUMNS FROM `course` [ RunTime:0.001432s ]
[2023-03-14T20:47:52+08:00][sql] SELECT `id`,`title` FROM `course` ORDER BY `sorting` ASC LIMIT 0,6 [ RunTime:0.000318s ]
[2023-03-14T20:47:52+08:00][sql] SHOW FULL COLUMNS FROM `teacher` [ RunTime:0.001082s ]
[2023-03-14T20:47:52+08:00][sql] SELECT * FROM `teacher` [ RunTime:0.000276s ]
[2023-03-14T20:47:52+08:00][sql] SHOW FULL COLUMNS FROM `address` [ RunTime:0.001009s ]
[2023-03-14T20:47:52+08:00][sql] SELECT * FROM `address` WHERE  `id` = 1 LIMIT 1 [ RunTime:0.000293s ]
[2023-03-14T20:47:52+08:00][sql] SELECT * FROM `address` WHERE  `id` = 2 LIMIT 1 [ RunTime:0.000261s ]
[2023-03-14T20:51:30+08:00][sql] CONNECT:[ UseTime:0.000397s ] mysql:host=localhost;port=3316;dbname=coffee;charset=utf8
[2023-03-14T20:51:30+08:00][sql] SHOW FULL COLUMNS FROM `banner` [ RunTime:0.001327s ]
[2023-03-14T20:51:30+08:00][sql] SELECT * FROM `banner` [ RunTime:0.000246s ]
[2023-03-14T20:51:30+08:00][sql] SHOW FULL COLUMNS FROM `information` [ RunTime:0.001047s ]
[2023-03-14T20:51:30+08:00][sql] SELECT * FROM `information` ORDER BY `time` DESC LIMIT 1 [ RunTime:0.000340s ]
[2023-03-14T20:51:30+08:00][sql] SELECT * FROM `information` ORDER BY `time` DESC LIMIT 1,4 [ RunTime:0.000378s ]
[2023-03-14T20:51:30+08:00][sql] SHOW FULL COLUMNS FROM `course` [ RunTime:0.001147s ]
[2023-03-14T20:51:30+08:00][sql] SELECT `id`,`title` FROM `course` ORDER BY `sorting` ASC LIMIT 0,6 [ RunTime:0.000231s ]
[2023-03-14T20:51:30+08:00][sql] SHOW FULL COLUMNS FROM `teacher` [ RunTime:0.000908s ]
[2023-03-14T20:51:30+08:00][sql] SELECT * FROM `teacher` [ RunTime:0.000253s ]
[2023-03-14T20:51:30+08:00][sql] SHOW FULL COLUMNS FROM `address` [ RunTime:0.000953s ]
[2023-03-14T20:51:30+08:00][sql] SELECT * FROM `address` WHERE  `id` = 1 LIMIT 1 [ RunTime:0.000248s ]
[2023-03-14T20:51:30+08:00][sql] SELECT * FROM `address` WHERE  `id` = 2 LIMIT 1 [ RunTime:0.000222s ]
[2023-03-14T21:27:53+08:00][sql] CONNECT:[ UseTime:0.000400s ] mysql:host=localhost;port=3316;dbname=coffee;charset=utf8
[2023-03-14T21:27:53+08:00][sql] SHOW FULL COLUMNS FROM `banner` [ RunTime:0.001216s ]
[2023-03-14T21:27:53+08:00][sql] SELECT * FROM `banner` [ RunTime:0.000240s ]
[2023-03-14T21:27:53+08:00][sql] SHOW FULL COLUMNS FROM `information` [ RunTime:0.001026s ]
[2023-03-14T21:27:53+08:00][sql] SELECT * FROM `information` ORDER BY `time` DESC LIMIT 1 [ RunTime:0.000350s ]
[2023-03-14T21:27:53+08:00][sql] SELECT * FROM `information` ORDER BY `time` DESC LIMIT 1,4 [ RunTime:0.000434s ]
[2023-03-14T21:27:53+08:00][sql] SHOW FULL COLUMNS FROM `course` [ RunTime:0.001607s ]
[2023-03-14T21:27:53+08:00][sql] SELECT `id`,`title` FROM `course` ORDER BY `sorting` ASC LIMIT 0,6 [ RunTime:0.000295s ]
[2023-03-14T21:27:53+08:00][sql] SHOW FULL COLUMNS FROM `teacher` [ RunTime:0.001271s ]
[2023-03-14T21:27:53+08:00][sql] SELECT * FROM `teacher` [ RunTime:0.000299s ]
[2023-03-14T21:27:53+08:00][sql] SHOW FULL COLUMNS FROM `address` [ RunTime:0.001274s ]
[2023-03-14T21:27:53+08:00][sql] SELECT * FROM `address` WHERE  `id` = 1 LIMIT 1 [ RunTime:0.000313s ]
[2023-03-14T21:27:53+08:00][sql] SELECT * FROM `address` WHERE  `id` = 2 LIMIT 1 [ RunTime:0.000263s ]
[2023-03-14T21:37:38+08:00][sql] CONNECT:[ UseTime:0.000396s ] mysql:host=localhost;port=3316;dbname=coffee;charset=utf8
[2023-03-14T21:37:38+08:00][sql] SHOW FULL COLUMNS FROM `banner` [ RunTime:0.001278s ]
[2023-03-14T21:37:38+08:00][sql] SELECT * FROM `banner` [ RunTime:0.000293s ]
[2023-03-14T21:37:38+08:00][sql] SHOW FULL COLUMNS FROM `information` [ RunTime:0.001042s ]
[2023-03-14T21:37:38+08:00][sql] SELECT * FROM `information` ORDER BY `time` DESC LIMIT 1 [ RunTime:0.000359s ]
[2023-03-14T21:37:38+08:00][sql] SELECT * FROM `information` ORDER BY `time` DESC LIMIT 1,4 [ RunTime:0.000474s ]
[2023-03-14T21:37:38+08:00][sql] SHOW FULL COLUMNS FROM `course` [ RunTime:0.001613s ]
[2023-03-14T21:37:38+08:00][sql] SELECT `id`,`title` FROM `course` ORDER BY `sorting` ASC LIMIT 0,6 [ RunTime:0.000326s ]
[2023-03-14T21:37:38+08:00][sql] SHOW FULL COLUMNS FROM `teacher` [ RunTime:0.000909s ]
[2023-03-14T21:37:38+08:00][sql] SELECT * FROM `teacher` [ RunTime:0.000253s ]
[2023-03-14T21:37:38+08:00][sql] SHOW FULL COLUMNS FROM `address` [ RunTime:0.000952s ]
[2023-03-14T21:37:38+08:00][sql] SELECT * FROM `address` WHERE  `id` = 1 LIMIT 1 [ RunTime:0.000321s ]
[2023-03-14T21:37:38+08:00][sql] SELECT * FROM `address` WHERE  `id` = 2 LIMIT 1 [ RunTime:0.000271s ]
[2023-03-14T22:07:12+08:00][sql] CONNECT:[ UseTime:0.000450s ] mysql:host=localhost;port=3316;dbname=coffee;charset=utf8
[2023-03-14T22:07:12+08:00][sql] SHOW FULL COLUMNS FROM `banner` [ RunTime:0.001350s ]
[2023-03-14T22:07:12+08:00][sql] SELECT * FROM `banner` [ RunTime:0.000356s ]
[2023-03-14T22:07:12+08:00][sql] SHOW FULL COLUMNS FROM `information` [ RunTime:0.001035s ]
[2023-03-14T22:07:12+08:00][sql] SELECT * FROM `information` ORDER BY `time` DESC LIMIT 1 [ RunTime:0.000352s ]
[2023-03-14T22:07:12+08:00][sql] SELECT * FROM `information` ORDER BY `time` DESC LIMIT 1,4 [ RunTime:0.000578s ]
[2023-03-14T22:07:12+08:00][sql] SHOW FULL COLUMNS FROM `course` [ RunTime:0.001155s ]
[2023-03-14T22:07:12+08:00][sql] SELECT `id`,`title` FROM `course` ORDER BY `sorting` ASC LIMIT 0,6 [ RunTime:0.000260s ]
[2023-03-14T22:07:12+08:00][sql] SHOW FULL COLUMNS FROM `teacher` [ RunTime:0.000971s ]
[2023-03-14T22:07:12+08:00][sql] SELECT * FROM `teacher` [ RunTime:0.000261s ]
[2023-03-14T22:07:12+08:00][sql] SHOW FULL COLUMNS FROM `address` [ RunTime:0.000945s ]
[2023-03-14T22:07:12+08:00][sql] SELECT * FROM `address` WHERE  `id` = 1 LIMIT 1 [ RunTime:0.000361s ]
[2023-03-14T22:07:12+08:00][sql] SELECT * FROM `address` WHERE  `id` = 2 LIMIT 1 [ RunTime:0.000292s ]
[2023-03-14T22:30:26+08:00][sql] CONNECT:[ UseTime:0.000420s ] mysql:host=localhost;port=3316;dbname=coffee;charset=utf8
[2023-03-14T22:30:26+08:00][sql] SHOW FULL COLUMNS FROM `banner` [ RunTime:0.001270s ]
[2023-03-14T22:30:26+08:00][sql] SELECT * FROM `banner` [ RunTime:0.000269s ]
[2023-03-14T22:30:26+08:00][sql] SHOW FULL COLUMNS FROM `information` [ RunTime:0.000990s ]
[2023-03-14T22:30:26+08:00][sql] SELECT * FROM `information` ORDER BY `time` DESC LIMIT 1 [ RunTime:0.000321s ]
[2023-03-14T22:30:26+08:00][sql] SELECT * FROM `information` ORDER BY `time` DESC LIMIT 1,4 [ RunTime:0.000387s ]
[2023-03-14T22:30:26+08:00][sql] SHOW FULL COLUMNS FROM `course` [ RunTime:0.001249s ]
[2023-03-14T22:30:26+08:00][sql] SELECT `id`,`title` FROM `course` ORDER BY `sorting` ASC LIMIT 0,6 [ RunTime:0.000262s ]
[2023-03-14T22:30:26+08:00][sql] SHOW FULL COLUMNS FROM `teacher` [ RunTime:0.000970s ]
[2023-03-14T22:30:26+08:00][sql] SELECT * FROM `teacher` [ RunTime:0.000260s ]
[2023-03-14T22:30:26+08:00][sql] SHOW FULL COLUMNS FROM `address` [ RunTime:0.001102s ]
[2023-03-14T22:30:26+08:00][sql] SELECT * FROM `address` WHERE  `id` = 1 LIMIT 1 [ RunTime:0.000277s ]
[2023-03-14T22:30:26+08:00][sql] SELECT * FROM `address` WHERE  `id` = 2 LIMIT 1 [ RunTime:0.000246s ]
[2023-03-14T22:51:24+08:00][sql] CONNECT:[ UseTime:0.000477s ] mysql:host=localhost;port=3316;dbname=coffee;charset=utf8
[2023-03-14T22:51:24+08:00][sql] SHOW FULL COLUMNS FROM `banner` [ RunTime:0.001723s ]
[2023-03-14T22:51:24+08:00][sql] SELECT * FROM `banner` [ RunTime:0.000265s ]
[2023-03-14T22:51:24+08:00][sql] SHOW FULL COLUMNS FROM `information` [ RunTime:0.001371s ]
[2023-03-14T22:51:24+08:00][sql] SELECT * FROM `information` ORDER BY `time` DESC LIMIT 1 [ RunTime:0.000423s ]
[2023-03-14T22:51:24+08:00][sql] SELECT * FROM `information` ORDER BY `time` DESC LIMIT 1,4 [ RunTime:0.000507s ]
[2023-03-14T22:51:24+08:00][sql] SHOW FULL COLUMNS FROM `course` [ RunTime:0.001453s ]
[2023-03-14T22:51:24+08:00][sql] SELECT `id`,`title` FROM `course` ORDER BY `sorting` ASC LIMIT 0,6 [ RunTime:0.000367s ]
[2023-03-14T22:51:24+08:00][sql] SHOW FULL COLUMNS FROM `teacher` [ RunTime:0.001442s ]
[2023-03-14T22:51:24+08:00][sql] SELECT * FROM `teacher` [ RunTime:0.000488s ]
[2023-03-14T22:51:24+08:00][sql] SHOW FULL COLUMNS FROM `address` [ RunTime:0.001033s ]
[2023-03-14T22:51:24+08:00][sql] SELECT * FROM `address` WHERE  `id` = 1 LIMIT 1 [ RunTime:0.000320s ]
[2023-03-14T22:51:24+08:00][sql] SELECT * FROM `address` WHERE  `id` = 2 LIMIT 1 [ RunTime:0.000270s ]
[2023-03-14T22:54:56+08:00][sql] CONNECT:[ UseTime:0.000395s ] mysql:host=localhost;port=3316;dbname=coffee;charset=utf8
[2023-03-14T22:54:56+08:00][sql] SHOW FULL COLUMNS FROM `banner` [ RunTime:0.001367s ]
[2023-03-14T22:54:56+08:00][sql] SELECT * FROM `banner` [ RunTime:0.000260s ]
[2023-03-14T22:54:56+08:00][sql] SHOW FULL COLUMNS FROM `information` [ RunTime:0.000971s ]
[2023-03-14T22:54:56+08:00][sql] SELECT * FROM `information` ORDER BY `time` DESC LIMIT 1 [ RunTime:0.000326s ]
[2023-03-14T22:54:56+08:00][sql] SELECT * FROM `information` ORDER BY `time` DESC LIMIT 1,4 [ RunTime:0.000391s ]
[2023-03-14T22:54:56+08:00][sql] SHOW FULL COLUMNS FROM `course` [ RunTime:0.001109s ]
[2023-03-14T22:54:56+08:00][sql] SELECT `id`,`title` FROM `course` ORDER BY `sorting` ASC LIMIT 0,6 [ RunTime:0.000268s ]
[2023-03-14T22:54:56+08:00][sql] SHOW FULL COLUMNS FROM `teacher` [ RunTime:0.000910s ]
[2023-03-14T22:54:56+08:00][sql] SELECT * FROM `teacher` [ RunTime:0.000258s ]
[2023-03-14T22:54:56+08:00][sql] SHOW FULL COLUMNS FROM `address` [ RunTime:0.000887s ]
[2023-03-14T22:54:56+08:00][sql] SELECT * FROM `address` WHERE  `id` = 1 LIMIT 1 [ RunTime:0.000281s ]
[2023-03-14T22:54:56+08:00][sql] SELECT * FROM `address` WHERE  `id` = 2 LIMIT 1 [ RunTime:0.000245s ]
[2023-03-14T23:48:21+08:00][sql] CONNECT:[ UseTime:0.000416s ] mysql:host=localhost;port=3316;dbname=coffee;charset=utf8
[2023-03-14T23:48:21+08:00][sql] SHOW FULL COLUMNS FROM `banner` [ RunTime:0.001295s ]
[2023-03-14T23:48:21+08:00][sql] SELECT * FROM `banner` [ RunTime:0.000256s ]
[2023-03-14T23:48:21+08:00][sql] SHOW FULL COLUMNS FROM `information` [ RunTime:0.001008s ]
[2023-03-14T23:48:21+08:00][sql] SELECT * FROM `information` ORDER BY `time` DESC LIMIT 1 [ RunTime:0.000349s ]
[2023-03-14T23:48:21+08:00][sql] SELECT * FROM `information` ORDER BY `time` DESC LIMIT 1,4 [ RunTime:0.000409s ]
[2023-03-14T23:48:21+08:00][sql] SHOW FULL COLUMNS FROM `course` [ RunTime:0.001065s ]
[2023-03-14T23:48:21+08:00][sql] SELECT `id`,`title` FROM `course` ORDER BY `sorting` ASC LIMIT 0,6 [ RunTime:0.000264s ]
[2023-03-14T23:48:21+08:00][sql] SHOW FULL COLUMNS FROM `teacher` [ RunTime:0.000907s ]
[2023-03-14T23:48:21+08:00][sql] SELECT * FROM `teacher` [ RunTime:0.000298s ]
[2023-03-14T23:48:21+08:00][sql] SHOW FULL COLUMNS FROM `address` [ RunTime:0.000942s ]
[2023-03-14T23:48:21+08:00][sql] SELECT * FROM `address` WHERE  `id` = 1 LIMIT 1 [ RunTime:0.000276s ]
[2023-03-14T23:48:21+08:00][sql] SELECT * FROM `address` WHERE  `id` = 2 LIMIT 1 [ RunTime:0.000339s ]
