[2023-03-19T01:17:37+08:00][sql] CONNECT:[ UseTime:0.000433s ] mysql:host=localhost;port=3316;dbname=coffee;charset=utf8
[2023-03-19T01:17:37+08:00][sql] SHOW FULL COLUMNS FROM `banner` [ RunTime:0.001258s ]
[2023-03-19T01:17:37+08:00][sql] SELECT * FROM `banner` [ RunTime:0.000253s ]
[2023-03-19T01:17:37+08:00][sql] SHOW FULL COLUMNS FROM `information` [ RunTime:0.001098s ]
[2023-03-19T01:17:37+08:00][sql] SELECT * FROM `information` ORDER BY `time` DESC LIMIT 1 [ RunTime:0.000330s ]
[2023-03-19T01:17:37+08:00][sql] SELECT * FROM `information` ORDER BY `time` DESC LIMIT 1,4 [ RunTime:0.000424s ]
[2023-03-19T01:17:37+08:00][sql] SHOW FULL COLUMNS FROM `course` [ RunTime:0.001090s ]
[2023-03-19T01:17:37+08:00][sql] SELECT `id`,`title` FROM `course` ORDER BY `sorting` ASC LIMIT 0,6 [ RunTime:0.000262s ]
[2023-03-19T01:17:37+08:00][sql] SHOW FULL COLUMNS FROM `teacher` [ RunTime:0.000953s ]
[2023-03-19T01:17:37+08:00][sql] SELECT * FROM `teacher` [ RunTime:0.000296s ]
[2023-03-19T01:17:37+08:00][sql] SHOW FULL COLUMNS FROM `address` [ RunTime:0.000924s ]
[2023-03-19T01:17:37+08:00][sql] SELECT * FROM `address` WHERE  `id` = 1 LIMIT 1 [ RunTime:0.000288s ]
[2023-03-19T01:17:37+08:00][sql] SELECT * FROM `address` WHERE  `id` = 2 LIMIT 1 [ RunTime:0.000248s ]
[2023-03-19T01:17:37+08:00][sql] CONNECT:[ UseTime:0.000346s ] mysql:host=localhost;port=3316;dbname=coffee;charset=utf8
[2023-03-19T01:17:37+08:00][sql] SHOW FULL COLUMNS FROM `banner` [ RunTime:0.001256s ]
[2023-03-19T01:17:37+08:00][sql] SELECT * FROM `banner` [ RunTime:0.000214s ]
[2023-03-19T01:17:37+08:00][sql] SHOW FULL COLUMNS FROM `information` [ RunTime:0.000943s ]
[2023-03-19T01:17:37+08:00][sql] SELECT * FROM `information` ORDER BY `time` DESC LIMIT 1 [ RunTime:0.000293s ]
[2023-03-19T01:17:37+08:00][sql] SELECT * FROM `information` ORDER BY `time` DESC LIMIT 1,4 [ RunTime:0.000315s ]
[2023-03-19T01:17:37+08:00][sql] SHOW FULL COLUMNS FROM `course` [ RunTime:0.001058s ]
[2023-03-19T01:17:37+08:00][sql] SELECT `id`,`title` FROM `course` ORDER BY `sorting` ASC LIMIT 0,6 [ RunTime:0.000230s ]
[2023-03-19T01:17:37+08:00][sql] SHOW FULL COLUMNS FROM `teacher` [ RunTime:0.000956s ]
[2023-03-19T01:17:37+08:00][sql] SELECT * FROM `teacher` [ RunTime:0.000223s ]
[2023-03-19T01:17:37+08:00][sql] SHOW FULL COLUMNS FROM `address` [ RunTime:0.000938s ]
[2023-03-19T01:17:37+08:00][sql] SELECT * FROM `address` WHERE  `id` = 1 LIMIT 1 [ RunTime:0.000252s ]
[2023-03-19T01:17:37+08:00][sql] SELECT * FROM `address` WHERE  `id` = 2 LIMIT 1 [ RunTime:0.000214s ]
[2023-03-19T01:37:57+08:00][sql] CONNECT:[ UseTime:0.000400s ] mysql:host=localhost;port=3316;dbname=coffee;charset=utf8
[2023-03-19T01:37:57+08:00][sql] SHOW FULL COLUMNS FROM `banner` [ RunTime:0.001267s ]
[2023-03-19T01:37:57+08:00][sql] SELECT * FROM `banner` [ RunTime:0.000279s ]
[2023-03-19T01:37:57+08:00][sql] SHOW FULL COLUMNS FROM `information` [ RunTime:0.000960s ]
[2023-03-19T01:37:57+08:00][sql] SELECT * FROM `information` ORDER BY `time` DESC LIMIT 1 [ RunTime:0.000344s ]
[2023-03-19T01:37:57+08:00][sql] SELECT * FROM `information` ORDER BY `time` DESC LIMIT 1,4 [ RunTime:0.000369s ]
[2023-03-19T01:37:57+08:00][sql] SHOW FULL COLUMNS FROM `course` [ RunTime:0.001054s ]
[2023-03-19T01:37:57+08:00][sql] SELECT `id`,`title` FROM `course` ORDER BY `sorting` ASC LIMIT 0,6 [ RunTime:0.000276s ]
[2023-03-19T01:37:57+08:00][sql] SHOW FULL COLUMNS FROM `teacher` [ RunTime:0.000887s ]
[2023-03-19T01:37:57+08:00][sql] SELECT * FROM `teacher` [ RunTime:0.000267s ]
[2023-03-19T01:37:57+08:00][sql] SHOW FULL COLUMNS FROM `address` [ RunTime:0.000916s ]
[2023-03-19T01:37:57+08:00][sql] SELECT * FROM `address` WHERE  `id` = 1 LIMIT 1 [ RunTime:0.000284s ]
[2023-03-19T01:37:57+08:00][sql] SELECT * FROM `address` WHERE  `id` = 2 LIMIT 1 [ RunTime:0.000262s ]
[2023-03-19T01:37:57+08:00][sql] CONNECT:[ UseTime:0.000410s ] mysql:host=localhost;port=3316;dbname=coffee;charset=utf8
[2023-03-19T01:37:57+08:00][sql] SHOW FULL COLUMNS FROM `banner` [ RunTime:0.001250s ]
[2023-03-19T01:37:57+08:00][sql] SELECT * FROM `banner` [ RunTime:0.000259s ]
[2023-03-19T01:37:57+08:00][sql] SHOW FULL COLUMNS FROM `information` [ RunTime:0.001044s ]
[2023-03-19T01:37:57+08:00][sql] SELECT * FROM `information` ORDER BY `time` DESC LIMIT 1 [ RunTime:0.000340s ]
[2023-03-19T01:37:57+08:00][sql] SELECT * FROM `information` ORDER BY `time` DESC LIMIT 1,4 [ RunTime:0.000423s ]
[2023-03-19T01:37:57+08:00][sql] SHOW FULL COLUMNS FROM `course` [ RunTime:0.001057s ]
[2023-03-19T01:37:57+08:00][sql] SELECT `id`,`title` FROM `course` ORDER BY `sorting` ASC LIMIT 0,6 [ RunTime:0.000264s ]
[2023-03-19T01:37:57+08:00][sql] SHOW FULL COLUMNS FROM `teacher` [ RunTime:0.000904s ]
[2023-03-19T01:37:57+08:00][sql] SELECT * FROM `teacher` [ RunTime:0.000272s ]
[2023-03-19T01:37:57+08:00][sql] SHOW FULL COLUMNS FROM `address` [ RunTime:0.000956s ]
[2023-03-19T01:37:57+08:00][sql] SELECT * FROM `address` WHERE  `id` = 1 LIMIT 1 [ RunTime:0.000274s ]
[2023-03-19T01:37:57+08:00][sql] SELECT * FROM `address` WHERE  `id` = 2 LIMIT 1 [ RunTime:0.000246s ]
[2023-03-19T01:40:15+08:00][sql] CONNECT:[ UseTime:0.000403s ] mysql:host=localhost;port=3316;dbname=coffee;charset=utf8
[2023-03-19T01:40:15+08:00][sql] SHOW FULL COLUMNS FROM `banner` [ RunTime:0.001228s ]
[2023-03-19T01:40:15+08:00][sql] SELECT * FROM `banner` [ RunTime:0.000217s ]
[2023-03-19T01:40:15+08:00][sql] SHOW FULL COLUMNS FROM `information` [ RunTime:0.000948s ]
[2023-03-19T01:40:15+08:00][sql] SELECT * FROM `information` ORDER BY `time` DESC LIMIT 1 [ RunTime:0.000344s ]
[2023-03-19T01:40:15+08:00][sql] SELECT * FROM `information` ORDER BY `time` DESC LIMIT 1,4 [ RunTime:0.000357s ]
[2023-03-19T01:40:15+08:00][sql] SHOW FULL COLUMNS FROM `course` [ RunTime:0.001091s ]
[2023-03-19T01:40:15+08:00][sql] SELECT `id`,`title` FROM `course` ORDER BY `sorting` ASC LIMIT 0,6 [ RunTime:0.000232s ]
[2023-03-19T01:40:15+08:00][sql] SHOW FULL COLUMNS FROM `teacher` [ RunTime:0.000852s ]
[2023-03-19T01:40:15+08:00][sql] SELECT * FROM `teacher` [ RunTime:0.000229s ]
[2023-03-19T01:40:15+08:00][sql] SHOW FULL COLUMNS FROM `address` [ RunTime:0.000881s ]
[2023-03-19T01:40:15+08:00][sql] SELECT * FROM `address` WHERE  `id` = 1 LIMIT 1 [ RunTime:0.000252s ]
[2023-03-19T01:40:15+08:00][sql] SELECT * FROM `address` WHERE  `id` = 2 LIMIT 1 [ RunTime:0.000200s ]
[2023-03-19T01:40:15+08:00][sql] CONNECT:[ UseTime:0.000323s ] mysql:host=localhost;port=3316;dbname=coffee;charset=utf8
[2023-03-19T01:40:15+08:00][sql] SHOW FULL COLUMNS FROM `banner` [ RunTime:0.001225s ]
[2023-03-19T01:40:15+08:00][sql] SELECT * FROM `banner` [ RunTime:0.000253s ]
[2023-03-19T01:40:15+08:00][sql] SHOW FULL COLUMNS FROM `information` [ RunTime:0.000948s ]
[2023-03-19T01:40:15+08:00][sql] SELECT * FROM `information` ORDER BY `time` DESC LIMIT 1 [ RunTime:0.000304s ]
[2023-03-19T01:40:15+08:00][sql] SELECT * FROM `information` ORDER BY `time` DESC LIMIT 1,4 [ RunTime:0.000336s ]
[2023-03-19T01:40:15+08:00][sql] SHOW FULL COLUMNS FROM `course` [ RunTime:0.001088s ]
[2023-03-19T01:40:15+08:00][sql] SELECT `id`,`title` FROM `course` ORDER BY `sorting` ASC LIMIT 0,6 [ RunTime:0.000223s ]
[2023-03-19T01:40:15+08:00][sql] SHOW FULL COLUMNS FROM `teacher` [ RunTime:0.000920s ]
[2023-03-19T01:40:15+08:00][sql] SELECT * FROM `teacher` [ RunTime:0.000238s ]
[2023-03-19T01:40:15+08:00][sql] SHOW FULL COLUMNS FROM `address` [ RunTime:0.000955s ]
[2023-03-19T01:40:15+08:00][sql] SELECT * FROM `address` WHERE  `id` = 1 LIMIT 1 [ RunTime:0.000241s ]
[2023-03-19T01:40:15+08:00][sql] SELECT * FROM `address` WHERE  `id` = 2 LIMIT 1 [ RunTime:0.000242s ]
[2023-03-19T01:41:01+08:00][sql] CONNECT:[ UseTime:0.000408s ] mysql:host=localhost;port=3316;dbname=coffee;charset=utf8
[2023-03-19T01:41:01+08:00][sql] SHOW FULL COLUMNS FROM `banner` [ RunTime:0.001252s ]
[2023-03-19T01:41:01+08:00][sql] SELECT * FROM `banner` [ RunTime:0.000217s ]
[2023-03-19T01:41:01+08:00][sql] SHOW FULL COLUMNS FROM `information` [ RunTime:0.000973s ]
[2023-03-19T01:41:01+08:00][sql] SELECT * FROM `information` ORDER BY `time` DESC LIMIT 1 [ RunTime:0.000290s ]
[2023-03-19T01:41:01+08:00][sql] SELECT * FROM `information` ORDER BY `time` DESC LIMIT 1,4 [ RunTime:0.000351s ]
[2023-03-19T01:41:01+08:00][sql] SHOW FULL COLUMNS FROM `course` [ RunTime:0.001137s ]
[2023-03-19T01:41:01+08:00][sql] SELECT `id`,`title` FROM `course` ORDER BY `sorting` ASC LIMIT 0,6 [ RunTime:0.000224s ]
[2023-03-19T01:41:01+08:00][sql] SHOW FULL COLUMNS FROM `teacher` [ RunTime:0.000934s ]
[2023-03-19T01:41:01+08:00][sql] SELECT * FROM `teacher` [ RunTime:0.000223s ]
[2023-03-19T01:41:01+08:00][sql] SHOW FULL COLUMNS FROM `address` [ RunTime:0.000910s ]
[2023-03-19T01:41:01+08:00][sql] SELECT * FROM `address` WHERE  `id` = 1 LIMIT 1 [ RunTime:0.000288s ]
[2023-03-19T01:41:01+08:00][sql] SELECT * FROM `address` WHERE  `id` = 2 LIMIT 1 [ RunTime:0.000213s ]
[2023-03-19T01:41:01+08:00][sql] CONNECT:[ UseTime:0.000490s ] mysql:host=localhost;port=3316;dbname=coffee;charset=utf8
[2023-03-19T01:41:01+08:00][sql] SHOW FULL COLUMNS FROM `banner` [ RunTime:0.001898s ]
[2023-03-19T01:41:01+08:00][sql] SELECT * FROM `banner` [ RunTime:0.000281s ]
[2023-03-19T01:41:01+08:00][sql] SHOW FULL COLUMNS FROM `information` [ RunTime:0.001203s ]
[2023-03-19T01:41:01+08:00][sql] SELECT * FROM `information` ORDER BY `time` DESC LIMIT 1 [ RunTime:0.000296s ]
[2023-03-19T01:41:01+08:00][sql] SELECT * FROM `information` ORDER BY `time` DESC LIMIT 1,4 [ RunTime:0.000306s ]
[2023-03-19T01:41:01+08:00][sql] SHOW FULL COLUMNS FROM `course` [ RunTime:0.001028s ]
[2023-03-19T01:41:01+08:00][sql] SELECT `id`,`title` FROM `course` ORDER BY `sorting` ASC LIMIT 0,6 [ RunTime:0.000222s ]
[2023-03-19T01:41:01+08:00][sql] SHOW FULL COLUMNS FROM `teacher` [ RunTime:0.000855s ]
[2023-03-19T01:41:01+08:00][sql] SELECT * FROM `teacher` [ RunTime:0.000227s ]
[2023-03-19T01:41:01+08:00][sql] SHOW FULL COLUMNS FROM `address` [ RunTime:0.000901s ]
[2023-03-19T01:41:01+08:00][sql] SELECT * FROM `address` WHERE  `id` = 1 LIMIT 1 [ RunTime:0.000228s ]
[2023-03-19T01:41:01+08:00][sql] SELECT * FROM `address` WHERE  `id` = 2 LIMIT 1 [ RunTime:0.000211s ]
[2023-03-19T01:52:39+08:00][sql] CONNECT:[ UseTime:0.000470s ] mysql:host=localhost;port=3316;dbname=coffee;charset=utf8
[2023-03-19T01:52:39+08:00][sql] SHOW FULL COLUMNS FROM `banner` [ RunTime:0.001371s ]
[2023-03-19T01:52:39+08:00][sql] SELECT * FROM `banner` [ RunTime:0.000288s ]
[2023-03-19T01:52:39+08:00][sql] SHOW FULL COLUMNS FROM `information` [ RunTime:0.001690s ]
[2023-03-19T01:52:39+08:00][sql] SELECT * FROM `information` ORDER BY `time` DESC LIMIT 1 [ RunTime:0.000402s ]
[2023-03-19T01:52:39+08:00][sql] SELECT * FROM `information` ORDER BY `time` DESC LIMIT 1,4 [ RunTime:0.000403s ]
[2023-03-19T01:52:39+08:00][sql] SHOW FULL COLUMNS FROM `course` [ RunTime:0.001156s ]
[2023-03-19T01:52:39+08:00][sql] SELECT `id`,`title` FROM `course` ORDER BY `sorting` ASC LIMIT 0,6 [ RunTime:0.000290s ]
[2023-03-19T01:52:39+08:00][sql] SHOW FULL COLUMNS FROM `teacher` [ RunTime:0.000924s ]
[2023-03-19T01:52:39+08:00][sql] SELECT * FROM `teacher` [ RunTime:0.000265s ]
[2023-03-19T01:52:39+08:00][sql] SHOW FULL COLUMNS FROM `address` [ RunTime:0.000921s ]
[2023-03-19T01:52:39+08:00][sql] SELECT * FROM `address` WHERE  `id` = 1 LIMIT 1 [ RunTime:0.001752s ]
[2023-03-19T01:52:39+08:00][sql] SELECT * FROM `address` WHERE  `id` = 2 LIMIT 1 [ RunTime:0.000402s ]
[2023-03-19T02:18:15+08:00][sql] CONNECT:[ UseTime:0.000392s ] mysql:host=localhost;port=3316;dbname=coffee;charset=utf8
[2023-03-19T02:18:15+08:00][sql] SHOW FULL COLUMNS FROM `banner` [ RunTime:0.001179s ]
[2023-03-19T02:18:15+08:00][sql] SELECT * FROM `banner` [ RunTime:0.000242s ]
[2023-03-19T02:18:15+08:00][sql] SHOW FULL COLUMNS FROM `information` [ RunTime:0.000992s ]
[2023-03-19T02:18:15+08:00][sql] SELECT * FROM `information` ORDER BY `time` DESC LIMIT 1 [ RunTime:0.000357s ]
[2023-03-19T02:18:15+08:00][sql] SELECT * FROM `information` ORDER BY `time` DESC LIMIT 1,4 [ RunTime:0.000318s ]
[2023-03-19T02:18:15+08:00][sql] SHOW FULL COLUMNS FROM `course` [ RunTime:0.001038s ]
[2023-03-19T02:18:15+08:00][sql] SELECT `id`,`title` FROM `course` ORDER BY `sorting` ASC LIMIT 0,6 [ RunTime:0.000222s ]
[2023-03-19T02:18:15+08:00][sql] SHOW FULL COLUMNS FROM `teacher` [ RunTime:0.001073s ]
[2023-03-19T02:18:15+08:00][sql] SELECT * FROM `teacher` [ RunTime:0.000211s ]
[2023-03-19T02:18:15+08:00][sql] SHOW FULL COLUMNS FROM `address` [ RunTime:0.000927s ]
[2023-03-19T02:18:15+08:00][sql] SELECT * FROM `address` WHERE  `id` = 1 LIMIT 1 [ RunTime:0.000228s ]
[2023-03-19T02:18:15+08:00][sql] SELECT * FROM `address` WHERE  `id` = 2 LIMIT 1 [ RunTime:0.000241s ]
[2023-03-19T02:53:35+08:00][sql] CONNECT:[ UseTime:0.000419s ] mysql:host=localhost;port=3316;dbname=coffee;charset=utf8
[2023-03-19T02:53:35+08:00][sql] SHOW FULL COLUMNS FROM `banner` [ RunTime:0.001294s ]
[2023-03-19T02:53:35+08:00][sql] SELECT * FROM `banner` [ RunTime:0.000292s ]
[2023-03-19T02:53:35+08:00][sql] SHOW FULL COLUMNS FROM `information` [ RunTime:0.001038s ]
[2023-03-19T02:53:35+08:00][sql] SELECT * FROM `information` ORDER BY `time` DESC LIMIT 1 [ RunTime:0.000327s ]
[2023-03-19T02:53:35+08:00][sql] SELECT * FROM `information` ORDER BY `time` DESC LIMIT 1,4 [ RunTime:0.000371s ]
[2023-03-19T02:53:35+08:00][sql] SHOW FULL COLUMNS FROM `course` [ RunTime:0.001056s ]
[2023-03-19T02:53:35+08:00][sql] SELECT `id`,`title` FROM `course` ORDER BY `sorting` ASC LIMIT 0,6 [ RunTime:0.000259s ]
[2023-03-19T02:53:35+08:00][sql] SHOW FULL COLUMNS FROM `teacher` [ RunTime:0.001028s ]
[2023-03-19T02:53:35+08:00][sql] SELECT * FROM `teacher` [ RunTime:0.000258s ]
[2023-03-19T02:53:35+08:00][sql] SHOW FULL COLUMNS FROM `address` [ RunTime:0.000946s ]
[2023-03-19T02:53:35+08:00][sql] SELECT * FROM `address` WHERE  `id` = 1 LIMIT 1 [ RunTime:0.000273s ]
[2023-03-19T02:53:35+08:00][sql] SELECT * FROM `address` WHERE  `id` = 2 LIMIT 1 [ RunTime:0.000264s ]
[2023-03-19T03:30:29+08:00][sql] CONNECT:[ UseTime:0.000353s ] mysql:host=localhost;port=3316;dbname=coffee;charset=utf8
[2023-03-19T03:30:29+08:00][sql] SHOW FULL COLUMNS FROM `banner` [ RunTime:0.001391s ]
[2023-03-19T03:30:29+08:00][sql] SELECT * FROM `banner` [ RunTime:0.000247s ]
[2023-03-19T03:30:29+08:00][sql] SHOW FULL COLUMNS FROM `information` [ RunTime:0.000946s ]
[2023-03-19T03:30:29+08:00][sql] SELECT * FROM `information` ORDER BY `time` DESC LIMIT 1 [ RunTime:0.000298s ]
[2023-03-19T03:30:29+08:00][sql] SELECT * FROM `information` ORDER BY `time` DESC LIMIT 1,4 [ RunTime:0.000325s ]
[2023-03-19T03:30:29+08:00][sql] SHOW FULL COLUMNS FROM `course` [ RunTime:0.001068s ]
[2023-03-19T03:30:29+08:00][sql] SELECT `id`,`title` FROM `course` ORDER BY `sorting` ASC LIMIT 0,6 [ RunTime:0.000227s ]
[2023-03-19T03:30:29+08:00][sql] SHOW FULL COLUMNS FROM `teacher` [ RunTime:0.000877s ]
[2023-03-19T03:30:29+08:00][sql] SELECT * FROM `teacher` [ RunTime:0.000270s ]
[2023-03-19T03:30:29+08:00][sql] SHOW FULL COLUMNS FROM `address` [ RunTime:0.000937s ]
[2023-03-19T03:30:29+08:00][sql] SELECT * FROM `address` WHERE  `id` = 1 LIMIT 1 [ RunTime:0.000253s ]
[2023-03-19T03:30:29+08:00][sql] SELECT * FROM `address` WHERE  `id` = 2 LIMIT 1 [ RunTime:0.000214s ]
[2023-03-19T04:05:26+08:00][sql] CONNECT:[ UseTime:0.000384s ] mysql:host=localhost;port=3316;dbname=coffee;charset=utf8
[2023-03-19T04:05:26+08:00][sql] SHOW FULL COLUMNS FROM `banner` [ RunTime:0.001246s ]
[2023-03-19T04:05:26+08:00][sql] SELECT * FROM `banner` [ RunTime:0.000236s ]
[2023-03-19T04:05:26+08:00][sql] SHOW FULL COLUMNS FROM `information` [ RunTime:0.000943s ]
[2023-03-19T04:05:26+08:00][sql] SELECT * FROM `information` ORDER BY `time` DESC LIMIT 1 [ RunTime:0.000347s ]
[2023-03-19T04:05:26+08:00][sql] SELECT * FROM `information` ORDER BY `time` DESC LIMIT 1,4 [ RunTime:0.000326s ]
[2023-03-19T04:05:26+08:00][sql] SHOW FULL COLUMNS FROM `course` [ RunTime:0.001065s ]
[2023-03-19T04:05:26+08:00][sql] SELECT `id`,`title` FROM `course` ORDER BY `sorting` ASC LIMIT 0,6 [ RunTime:0.000251s ]
[2023-03-19T04:05:26+08:00][sql] SHOW FULL COLUMNS FROM `teacher` [ RunTime:0.000966s ]
[2023-03-19T04:05:26+08:00][sql] SELECT * FROM `teacher` [ RunTime:0.000220s ]
[2023-03-19T04:05:26+08:00][sql] SHOW FULL COLUMNS FROM `address` [ RunTime:0.000910s ]
[2023-03-19T04:05:26+08:00][sql] SELECT * FROM `address` WHERE  `id` = 1 LIMIT 1 [ RunTime:0.000259s ]
[2023-03-19T04:05:26+08:00][sql] SELECT * FROM `address` WHERE  `id` = 2 LIMIT 1 [ RunTime:0.000254s ]
[2023-03-19T05:01:40+08:00][sql] CONNECT:[ UseTime:0.000395s ] mysql:host=localhost;port=3316;dbname=coffee;charset=utf8
[2023-03-19T05:01:40+08:00][sql] SHOW FULL COLUMNS FROM `banner` [ RunTime:0.001231s ]
[2023-03-19T05:01:40+08:00][sql] SELECT * FROM `banner` [ RunTime:0.000221s ]
[2023-03-19T05:01:40+08:00][sql] SHOW FULL COLUMNS FROM `information` [ RunTime:0.000936s ]
[2023-03-19T05:01:40+08:00][sql] SELECT * FROM `information` ORDER BY `time` DESC LIMIT 1 [ RunTime:0.000293s ]
[2023-03-19T05:01:40+08:00][sql] SELECT * FROM `information` ORDER BY `time` DESC LIMIT 1,4 [ RunTime:0.000367s ]
[2023-03-19T05:01:40+08:00][sql] SHOW FULL COLUMNS FROM `course` [ RunTime:0.001116s ]
[2023-03-19T05:01:40+08:00][sql] SELECT `id`,`title` FROM `course` ORDER BY `sorting` ASC LIMIT 0,6 [ RunTime:0.000231s ]
[2023-03-19T05:01:40+08:00][sql] SHOW FULL COLUMNS FROM `teacher` [ RunTime:0.000856s ]
[2023-03-19T05:01:40+08:00][sql] SELECT * FROM `teacher` [ RunTime:0.000222s ]
[2023-03-19T05:01:40+08:00][sql] SHOW FULL COLUMNS FROM `address` [ RunTime:0.000847s ]
[2023-03-19T05:01:40+08:00][sql] SELECT * FROM `address` WHERE  `id` = 1 LIMIT 1 [ RunTime:0.000258s ]
[2023-03-19T05:01:40+08:00][sql] SELECT * FROM `address` WHERE  `id` = 2 LIMIT 1 [ RunTime:0.000219s ]
[2023-03-19T05:05:30+08:00][sql] CONNECT:[ UseTime:0.000483s ] mysql:host=localhost;port=3316;dbname=coffee;charset=utf8
[2023-03-19T05:05:30+08:00][sql] SHOW FULL COLUMNS FROM `banner` [ RunTime:0.001866s ]
[2023-03-19T05:05:30+08:00][sql] SELECT * FROM `banner` [ RunTime:0.000273s ]
[2023-03-19T05:05:30+08:00][sql] SHOW FULL COLUMNS FROM `information` [ RunTime:0.001448s ]
[2023-03-19T05:05:30+08:00][sql] SELECT * FROM `information` ORDER BY `time` DESC LIMIT 1 [ RunTime:0.000393s ]
[2023-03-19T05:05:30+08:00][sql] SELECT * FROM `information` ORDER BY `time` DESC LIMIT 1,4 [ RunTime:0.000496s ]
[2023-03-19T05:05:30+08:00][sql] SHOW FULL COLUMNS FROM `course` [ RunTime:0.001619s ]
[2023-03-19T05:05:30+08:00][sql] SELECT `id`,`title` FROM `course` ORDER BY `sorting` ASC LIMIT 0,6 [ RunTime:0.000310s ]
[2023-03-19T05:05:30+08:00][sql] SHOW FULL COLUMNS FROM `teacher` [ RunTime:0.001307s ]
[2023-03-19T05:05:30+08:00][sql] SELECT * FROM `teacher` [ RunTime:0.000296s ]
[2023-03-19T05:05:30+08:00][sql] SHOW FULL COLUMNS FROM `address` [ RunTime:0.001344s ]
[2023-03-19T05:05:30+08:00][sql] SELECT * FROM `address` WHERE  `id` = 1 LIMIT 1 [ RunTime:0.000299s ]
[2023-03-19T05:05:30+08:00][sql] SELECT * FROM `address` WHERE  `id` = 2 LIMIT 1 [ RunTime:0.000285s ]
[2023-03-19T05:15:56+08:00][sql] CONNECT:[ UseTime:0.000467s ] mysql:host=localhost;port=3316;dbname=coffee;charset=utf8
[2023-03-19T05:15:56+08:00][sql] SHOW FULL COLUMNS FROM `banner` [ RunTime:0.001182s ]
[2023-03-19T05:15:56+08:00][sql] SELECT * FROM `banner` [ RunTime:0.000219s ]
[2023-03-19T05:15:56+08:00][sql] SHOW FULL COLUMNS FROM `information` [ RunTime:0.000954s ]
[2023-03-19T05:15:56+08:00][sql] SELECT * FROM `information` ORDER BY `time` DESC LIMIT 1 [ RunTime:0.000291s ]
[2023-03-19T05:15:56+08:00][sql] SELECT * FROM `information` ORDER BY `time` DESC LIMIT 1,4 [ RunTime:0.000340s ]
[2023-03-19T05:15:56+08:00][sql] SHOW FULL COLUMNS FROM `course` [ RunTime:0.001078s ]
[2023-03-19T05:15:56+08:00][sql] SELECT `id`,`title` FROM `course` ORDER BY `sorting` ASC LIMIT 0,6 [ RunTime:0.000293s ]
[2023-03-19T05:15:56+08:00][sql] SHOW FULL COLUMNS FROM `teacher` [ RunTime:0.000946s ]
[2023-03-19T05:15:56+08:00][sql] SELECT * FROM `teacher` [ RunTime:0.000364s ]
[2023-03-19T05:15:56+08:00][sql] SHOW FULL COLUMNS FROM `address` [ RunTime:0.000972s ]
[2023-03-19T05:15:56+08:00][sql] SELECT * FROM `address` WHERE  `id` = 1 LIMIT 1 [ RunTime:0.000285s ]
[2023-03-19T05:15:56+08:00][sql] SELECT * FROM `address` WHERE  `id` = 2 LIMIT 1 [ RunTime:0.000265s ]
[2023-03-19T06:29:20+08:00][sql] CONNECT:[ UseTime:0.000385s ] mysql:host=localhost;port=3316;dbname=coffee;charset=utf8
[2023-03-19T06:29:20+08:00][sql] SHOW FULL COLUMNS FROM `banner` [ RunTime:0.001234s ]
[2023-03-19T06:29:20+08:00][sql] SELECT * FROM `banner` [ RunTime:0.000247s ]
[2023-03-19T06:29:20+08:00][sql] SHOW FULL COLUMNS FROM `information` [ RunTime:0.000980s ]
[2023-03-19T06:29:20+08:00][sql] SELECT * FROM `information` ORDER BY `time` DESC LIMIT 1 [ RunTime:0.000329s ]
[2023-03-19T06:29:20+08:00][sql] SELECT * FROM `information` ORDER BY `time` DESC LIMIT 1,4 [ RunTime:0.000381s ]
[2023-03-19T06:29:20+08:00][sql] SHOW FULL COLUMNS FROM `course` [ RunTime:0.001080s ]
[2023-03-19T06:29:20+08:00][sql] SELECT `id`,`title` FROM `course` ORDER BY `sorting` ASC LIMIT 0,6 [ RunTime:0.000263s ]
[2023-03-19T06:29:20+08:00][sql] SHOW FULL COLUMNS FROM `teacher` [ RunTime:0.000915s ]
[2023-03-19T06:29:20+08:00][sql] SELECT * FROM `teacher` [ RunTime:0.000256s ]
[2023-03-19T06:29:20+08:00][sql] SHOW FULL COLUMNS FROM `address` [ RunTime:0.000897s ]
[2023-03-19T06:29:20+08:00][sql] SELECT * FROM `address` WHERE  `id` = 1 LIMIT 1 [ RunTime:0.000284s ]
[2023-03-19T06:29:20+08:00][sql] SELECT * FROM `address` WHERE  `id` = 2 LIMIT 1 [ RunTime:0.000239s ]
[2023-03-19T06:30:45+08:00][sql] CONNECT:[ UseTime:0.000405s ] mysql:host=localhost;port=3316;dbname=coffee;charset=utf8
[2023-03-19T06:30:45+08:00][sql] SHOW FULL COLUMNS FROM `banner` [ RunTime:0.001265s ]
[2023-03-19T06:30:45+08:00][sql] SELECT * FROM `banner` [ RunTime:0.000298s ]
[2023-03-19T06:30:45+08:00][sql] SHOW FULL COLUMNS FROM `information` [ RunTime:0.001007s ]
[2023-03-19T06:30:45+08:00][sql] SELECT * FROM `information` ORDER BY `time` DESC LIMIT 1 [ RunTime:0.000328s ]
[2023-03-19T06:30:45+08:00][sql] SELECT * FROM `information` ORDER BY `time` DESC LIMIT 1,4 [ RunTime:0.000415s ]
[2023-03-19T06:30:45+08:00][sql] SHOW FULL COLUMNS FROM `course` [ RunTime:0.001126s ]
[2023-03-19T06:30:45+08:00][sql] SELECT `id`,`title` FROM `course` ORDER BY `sorting` ASC LIMIT 0,6 [ RunTime:0.000258s ]
[2023-03-19T06:30:45+08:00][sql] SHOW FULL COLUMNS FROM `teacher` [ RunTime:0.001025s ]
[2023-03-19T06:30:45+08:00][sql] SELECT * FROM `teacher` [ RunTime:0.000271s ]
[2023-03-19T06:30:45+08:00][sql] SHOW FULL COLUMNS FROM `address` [ RunTime:0.001016s ]
[2023-03-19T06:30:45+08:00][sql] SELECT * FROM `address` WHERE  `id` = 1 LIMIT 1 [ RunTime:0.000278s ]
[2023-03-19T06:30:45+08:00][sql] SELECT * FROM `address` WHERE  `id` = 2 LIMIT 1 [ RunTime:0.000256s ]
[2023-03-19T07:00:34+08:00][sql] CONNECT:[ UseTime:0.000509s ] mysql:host=localhost;port=3316;dbname=coffee;charset=utf8
[2023-03-19T07:00:34+08:00][sql] SHOW FULL COLUMNS FROM `banner` [ RunTime:0.001192s ]
[2023-03-19T07:00:34+08:00][sql] SELECT * FROM `banner` [ RunTime:0.000215s ]
[2023-03-19T07:00:34+08:00][sql] SHOW FULL COLUMNS FROM `information` [ RunTime:0.000913s ]
[2023-03-19T07:00:34+08:00][sql] SELECT * FROM `information` ORDER BY `time` DESC LIMIT 1 [ RunTime:0.000294s ]
[2023-03-19T07:00:34+08:00][sql] SELECT * FROM `information` ORDER BY `time` DESC LIMIT 1,4 [ RunTime:0.000305s ]
[2023-03-19T07:00:34+08:00][sql] SHOW FULL COLUMNS FROM `course` [ RunTime:0.000986s ]
[2023-03-19T07:00:34+08:00][sql] SELECT `id`,`title` FROM `course` ORDER BY `sorting` ASC LIMIT 0,6 [ RunTime:0.000224s ]
[2023-03-19T07:00:34+08:00][sql] SHOW FULL COLUMNS FROM `teacher` [ RunTime:0.000848s ]
[2023-03-19T07:00:34+08:00][sql] SELECT * FROM `teacher` [ RunTime:0.000214s ]
[2023-03-19T07:00:34+08:00][sql] SHOW FULL COLUMNS FROM `address` [ RunTime:0.000869s ]
[2023-03-19T07:00:34+08:00][sql] SELECT * FROM `address` WHERE  `id` = 1 LIMIT 1 [ RunTime:0.000219s ]
[2023-03-19T07:00:34+08:00][sql] SELECT * FROM `address` WHERE  `id` = 2 LIMIT 1 [ RunTime:0.000195s ]
[2023-03-19T07:14:14+08:00][sql] CONNECT:[ UseTime:0.000412s ] mysql:host=localhost;port=3316;dbname=coffee;charset=utf8
[2023-03-19T07:14:14+08:00][sql] SHOW FULL COLUMNS FROM `banner` [ RunTime:0.001209s ]
[2023-03-19T07:14:14+08:00][sql] SELECT * FROM `banner` [ RunTime:0.000245s ]
[2023-03-19T07:14:14+08:00][sql] SHOW FULL COLUMNS FROM `information` [ RunTime:0.000978s ]
[2023-03-19T07:14:14+08:00][sql] SELECT * FROM `information` ORDER BY `time` DESC LIMIT 1 [ RunTime:0.000341s ]
[2023-03-19T07:14:14+08:00][sql] SELECT * FROM `information` ORDER BY `time` DESC LIMIT 1,4 [ RunTime:0.000374s ]
[2023-03-19T07:14:14+08:00][sql] SHOW FULL COLUMNS FROM `course` [ RunTime:0.001088s ]
[2023-03-19T07:14:14+08:00][sql] SELECT `id`,`title` FROM `course` ORDER BY `sorting` ASC LIMIT 0,6 [ RunTime:0.000265s ]
[2023-03-19T07:14:14+08:00][sql] SHOW FULL COLUMNS FROM `teacher` [ RunTime:0.000913s ]
[2023-03-19T07:14:14+08:00][sql] SELECT * FROM `teacher` [ RunTime:0.000264s ]
[2023-03-19T07:14:14+08:00][sql] SHOW FULL COLUMNS FROM `address` [ RunTime:0.000920s ]
[2023-03-19T07:14:14+08:00][sql] SELECT * FROM `address` WHERE  `id` = 1 LIMIT 1 [ RunTime:0.000297s ]
[2023-03-19T07:14:14+08:00][sql] SELECT * FROM `address` WHERE  `id` = 2 LIMIT 1 [ RunTime:0.000292s ]
[2023-03-19T07:15:41+08:00][sql] CONNECT:[ UseTime:0.000398s ] mysql:host=localhost;port=3316;dbname=coffee;charset=utf8
[2023-03-19T07:15:41+08:00][sql] SHOW FULL COLUMNS FROM `banner` [ RunTime:0.001215s ]
[2023-03-19T07:15:41+08:00][sql] SELECT * FROM `banner` [ RunTime:0.000260s ]
[2023-03-19T07:15:41+08:00][sql] SHOW FULL COLUMNS FROM `information` [ RunTime:0.000992s ]
[2023-03-19T07:15:41+08:00][sql] SELECT * FROM `information` ORDER BY `time` DESC LIMIT 1 [ RunTime:0.000331s ]
[2023-03-19T07:15:41+08:00][sql] SELECT * FROM `information` ORDER BY `time` DESC LIMIT 1,4 [ RunTime:0.000396s ]
[2023-03-19T07:15:41+08:00][sql] SHOW FULL COLUMNS FROM `course` [ RunTime:0.001059s ]
[2023-03-19T07:15:41+08:00][sql] SELECT `id`,`title` FROM `course` ORDER BY `sorting` ASC LIMIT 0,6 [ RunTime:0.000262s ]
[2023-03-19T07:15:41+08:00][sql] SHOW FULL COLUMNS FROM `teacher` [ RunTime:0.000969s ]
[2023-03-19T07:15:41+08:00][sql] SELECT * FROM `teacher` [ RunTime:0.000281s ]
[2023-03-19T07:15:41+08:00][sql] SHOW FULL COLUMNS FROM `address` [ RunTime:0.001032s ]
[2023-03-19T07:15:41+08:00][sql] SELECT * FROM `address` WHERE  `id` = 1 LIMIT 1 [ RunTime:0.000284s ]
[2023-03-19T07:15:41+08:00][sql] SELECT * FROM `address` WHERE  `id` = 2 LIMIT 1 [ RunTime:0.000275s ]
[2023-03-19T07:22:39+08:00][sql] CONNECT:[ UseTime:0.000371s ] mysql:host=localhost;port=3316;dbname=coffee;charset=utf8
[2023-03-19T07:22:39+08:00][sql] SHOW FULL COLUMNS FROM `banner` [ RunTime:0.001253s ]
[2023-03-19T07:22:39+08:00][sql] SELECT * FROM `banner` [ RunTime:0.000211s ]
[2023-03-19T07:22:39+08:00][sql] SHOW FULL COLUMNS FROM `information` [ RunTime:0.000961s ]
[2023-03-19T07:22:39+08:00][sql] SELECT * FROM `information` ORDER BY `time` DESC LIMIT 1 [ RunTime:0.000316s ]
[2023-03-19T07:22:39+08:00][sql] SELECT * FROM `information` ORDER BY `time` DESC LIMIT 1,4 [ RunTime:0.000342s ]
[2023-03-19T07:22:39+08:00][sql] SHOW FULL COLUMNS FROM `course` [ RunTime:0.001103s ]
[2023-03-19T07:22:39+08:00][sql] SELECT `id`,`title` FROM `course` ORDER BY `sorting` ASC LIMIT 0,6 [ RunTime:0.000256s ]
[2023-03-19T07:22:39+08:00][sql] SHOW FULL COLUMNS FROM `teacher` [ RunTime:0.000885s ]
[2023-03-19T07:22:39+08:00][sql] SELECT * FROM `teacher` [ RunTime:0.000225s ]
[2023-03-19T07:22:39+08:00][sql] SHOW FULL COLUMNS FROM `address` [ RunTime:0.000905s ]
[2023-03-19T07:22:39+08:00][sql] SELECT * FROM `address` WHERE  `id` = 1 LIMIT 1 [ RunTime:0.000243s ]
[2023-03-19T07:22:39+08:00][sql] SELECT * FROM `address` WHERE  `id` = 2 LIMIT 1 [ RunTime:0.000241s ]
[2023-03-19T07:29:18+08:00][sql] CONNECT:[ UseTime:0.000437s ] mysql:host=localhost;port=3316;dbname=coffee;charset=utf8
[2023-03-19T07:29:18+08:00][sql] SHOW FULL COLUMNS FROM `banner` [ RunTime:0.001196s ]
[2023-03-19T07:29:18+08:00][sql] SELECT * FROM `banner` [ RunTime:0.000218s ]
[2023-03-19T07:29:18+08:00][sql] SHOW FULL COLUMNS FROM `information` [ RunTime:0.000987s ]
[2023-03-19T07:29:18+08:00][sql] SELECT * FROM `information` ORDER BY `time` DESC LIMIT 1 [ RunTime:0.000319s ]
[2023-03-19T07:29:18+08:00][sql] SELECT * FROM `information` ORDER BY `time` DESC LIMIT 1,4 [ RunTime:0.000328s ]
[2023-03-19T07:29:18+08:00][sql] SHOW FULL COLUMNS FROM `course` [ RunTime:0.001103s ]
[2023-03-19T07:29:18+08:00][sql] SELECT `id`,`title` FROM `course` ORDER BY `sorting` ASC LIMIT 0,6 [ RunTime:0.000222s ]
[2023-03-19T07:29:18+08:00][sql] SHOW FULL COLUMNS FROM `teacher` [ RunTime:0.000899s ]
[2023-03-19T07:29:18+08:00][sql] SELECT * FROM `teacher` [ RunTime:0.000227s ]
[2023-03-19T07:29:18+08:00][sql] SHOW FULL COLUMNS FROM `address` [ RunTime:0.000908s ]
[2023-03-19T07:29:18+08:00][sql] SELECT * FROM `address` WHERE  `id` = 1 LIMIT 1 [ RunTime:0.000247s ]
[2023-03-19T07:29:18+08:00][sql] SELECT * FROM `address` WHERE  `id` = 2 LIMIT 1 [ RunTime:0.000206s ]
[2023-03-19T07:35:19+08:00][sql] CONNECT:[ UseTime:0.000380s ] mysql:host=localhost;port=3316;dbname=coffee;charset=utf8
[2023-03-19T07:35:19+08:00][sql] SHOW FULL COLUMNS FROM `banner` [ RunTime:0.001258s ]
[2023-03-19T07:35:19+08:00][sql] SELECT * FROM `banner` [ RunTime:0.000208s ]
[2023-03-19T07:35:19+08:00][sql] SHOW FULL COLUMNS FROM `information` [ RunTime:0.000946s ]
[2023-03-19T07:35:19+08:00][sql] SELECT * FROM `information` ORDER BY `time` DESC LIMIT 1 [ RunTime:0.000293s ]
[2023-03-19T07:35:19+08:00][sql] SELECT * FROM `information` ORDER BY `time` DESC LIMIT 1,4 [ RunTime:0.000326s ]
[2023-03-19T07:35:19+08:00][sql] SHOW FULL COLUMNS FROM `course` [ RunTime:0.001060s ]
[2023-03-19T07:35:19+08:00][sql] SELECT `id`,`title` FROM `course` ORDER BY `sorting` ASC LIMIT 0,6 [ RunTime:0.000214s ]
[2023-03-19T07:35:19+08:00][sql] SHOW FULL COLUMNS FROM `teacher` [ RunTime:0.000860s ]
[2023-03-19T07:35:19+08:00][sql] SELECT * FROM `teacher` [ RunTime:0.000222s ]
[2023-03-19T07:35:19+08:00][sql] SHOW FULL COLUMNS FROM `address` [ RunTime:0.001078s ]
[2023-03-19T07:35:19+08:00][sql] SELECT * FROM `address` WHERE  `id` = 1 LIMIT 1 [ RunTime:0.000269s ]
[2023-03-19T07:35:19+08:00][sql] SELECT * FROM `address` WHERE  `id` = 2 LIMIT 1 [ RunTime:0.000219s ]
[2023-03-19T08:35:28+08:00][sql] CONNECT:[ UseTime:0.000456s ] mysql:host=localhost;port=3316;dbname=coffee;charset=utf8
[2023-03-19T08:35:28+08:00][sql] SHOW FULL COLUMNS FROM `banner` [ RunTime:0.001269s ]
[2023-03-19T08:35:28+08:00][sql] SELECT * FROM `banner` [ RunTime:0.000258s ]
[2023-03-19T08:35:28+08:00][sql] SHOW FULL COLUMNS FROM `information` [ RunTime:0.001041s ]
[2023-03-19T08:35:28+08:00][sql] SELECT * FROM `information` ORDER BY `time` DESC LIMIT 1 [ RunTime:0.000350s ]
[2023-03-19T08:35:28+08:00][sql] SELECT * FROM `information` ORDER BY `time` DESC LIMIT 1,4 [ RunTime:0.000399s ]
[2023-03-19T08:35:28+08:00][sql] SHOW FULL COLUMNS FROM `course` [ RunTime:0.001115s ]
[2023-03-19T08:35:28+08:00][sql] SELECT `id`,`title` FROM `course` ORDER BY `sorting` ASC LIMIT 0,6 [ RunTime:0.000323s ]
[2023-03-19T08:35:28+08:00][sql] SHOW FULL COLUMNS FROM `teacher` [ RunTime:0.001010s ]
[2023-03-19T08:35:28+08:00][sql] SELECT * FROM `teacher` [ RunTime:0.000296s ]
[2023-03-19T08:35:28+08:00][sql] SHOW FULL COLUMNS FROM `address` [ RunTime:0.001008s ]
[2023-03-19T08:35:28+08:00][sql] SELECT * FROM `address` WHERE  `id` = 1 LIMIT 1 [ RunTime:0.000295s ]
[2023-03-19T08:35:28+08:00][sql] SELECT * FROM `address` WHERE  `id` = 2 LIMIT 1 [ RunTime:0.000365s ]
[2023-03-19T08:54:05+08:00][sql] CONNECT:[ UseTime:0.000408s ] mysql:host=localhost;port=3316;dbname=coffee;charset=utf8
[2023-03-19T08:54:05+08:00][sql] SHOW FULL COLUMNS FROM `banner` [ RunTime:0.001213s ]
[2023-03-19T08:54:05+08:00][sql] SELECT * FROM `banner` [ RunTime:0.000269s ]
[2023-03-19T08:54:05+08:00][sql] SHOW FULL COLUMNS FROM `information` [ RunTime:0.000981s ]
[2023-03-19T08:54:05+08:00][sql] SELECT * FROM `information` ORDER BY `time` DESC LIMIT 1 [ RunTime:0.000346s ]
[2023-03-19T08:54:05+08:00][sql] SELECT * FROM `information` ORDER BY `time` DESC LIMIT 1,4 [ RunTime:0.000408s ]
[2023-03-19T08:54:05+08:00][sql] SHOW FULL COLUMNS FROM `course` [ RunTime:0.001102s ]
[2023-03-19T08:54:05+08:00][sql] SELECT `id`,`title` FROM `course` ORDER BY `sorting` ASC LIMIT 0,6 [ RunTime:0.000272s ]
[2023-03-19T08:54:05+08:00][sql] SHOW FULL COLUMNS FROM `teacher` [ RunTime:0.000898s ]
[2023-03-19T08:54:05+08:00][sql] SELECT * FROM `teacher` [ RunTime:0.000259s ]
[2023-03-19T08:54:05+08:00][sql] SHOW FULL COLUMNS FROM `address` [ RunTime:0.000999s ]
[2023-03-19T08:54:05+08:00][sql] SELECT * FROM `address` WHERE  `id` = 1 LIMIT 1 [ RunTime:0.000680s ]
[2023-03-19T08:54:05+08:00][sql] SELECT * FROM `address` WHERE  `id` = 2 LIMIT 1 [ RunTime:0.000232s ]
[2023-03-19T09:02:16+08:00][sql] CONNECT:[ UseTime:0.000379s ] mysql:host=localhost;port=3316;dbname=coffee;charset=utf8
[2023-03-19T09:02:16+08:00][sql] SHOW FULL COLUMNS FROM `banner` [ RunTime:0.001177s ]
[2023-03-19T09:02:16+08:00][sql] SELECT * FROM `banner` [ RunTime:0.000227s ]
[2023-03-19T09:02:16+08:00][sql] SHOW FULL COLUMNS FROM `information` [ RunTime:0.000952s ]
[2023-03-19T09:02:16+08:00][sql] SELECT * FROM `information` ORDER BY `time` DESC LIMIT 1 [ RunTime:0.000328s ]
[2023-03-19T09:02:16+08:00][sql] SELECT * FROM `information` ORDER BY `time` DESC LIMIT 1,4 [ RunTime:0.000395s ]
[2023-03-19T09:02:16+08:00][sql] SHOW FULL COLUMNS FROM `course` [ RunTime:0.001080s ]
[2023-03-19T09:02:16+08:00][sql] SELECT `id`,`title` FROM `course` ORDER BY `sorting` ASC LIMIT 0,6 [ RunTime:0.000273s ]
[2023-03-19T09:02:16+08:00][sql] SHOW FULL COLUMNS FROM `teacher` [ RunTime:0.000910s ]
[2023-03-19T09:02:16+08:00][sql] SELECT * FROM `teacher` [ RunTime:0.000255s ]
[2023-03-19T09:02:16+08:00][sql] SHOW FULL COLUMNS FROM `address` [ RunTime:0.000922s ]
[2023-03-19T09:02:16+08:00][sql] SELECT * FROM `address` WHERE  `id` = 1 LIMIT 1 [ RunTime:0.000268s ]
[2023-03-19T09:02:16+08:00][sql] SELECT * FROM `address` WHERE  `id` = 2 LIMIT 1 [ RunTime:0.000305s ]
[2023-03-19T09:15:10+08:00][sql] CONNECT:[ UseTime:0.000344s ] mysql:host=localhost;port=3316;dbname=coffee;charset=utf8
[2023-03-19T09:15:10+08:00][sql] SHOW FULL COLUMNS FROM `banner` [ RunTime:0.001248s ]
[2023-03-19T09:15:10+08:00][sql] SELECT * FROM `banner` [ RunTime:0.000226s ]
[2023-03-19T09:15:10+08:00][sql] SHOW FULL COLUMNS FROM `information` [ RunTime:0.000967s ]
[2023-03-19T09:15:10+08:00][sql] SELECT * FROM `information` ORDER BY `time` DESC LIMIT 1 [ RunTime:0.000301s ]
[2023-03-19T09:15:10+08:00][sql] SELECT * FROM `information` ORDER BY `time` DESC LIMIT 1,4 [ RunTime:0.000338s ]
[2023-03-19T09:15:10+08:00][sql] SHOW FULL COLUMNS FROM `course` [ RunTime:0.001132s ]
[2023-03-19T09:15:10+08:00][sql] SELECT `id`,`title` FROM `course` ORDER BY `sorting` ASC LIMIT 0,6 [ RunTime:0.000239s ]
[2023-03-19T09:15:10+08:00][sql] SHOW FULL COLUMNS FROM `teacher` [ RunTime:0.000918s ]
[2023-03-19T09:15:10+08:00][sql] SELECT * FROM `teacher` [ RunTime:0.000224s ]
[2023-03-19T09:15:10+08:00][sql] SHOW FULL COLUMNS FROM `address` [ RunTime:0.000908s ]
[2023-03-19T09:15:10+08:00][sql] SELECT * FROM `address` WHERE  `id` = 1 LIMIT 1 [ RunTime:0.000282s ]
[2023-03-19T09:15:10+08:00][sql] SELECT * FROM `address` WHERE  `id` = 2 LIMIT 1 [ RunTime:0.000211s ]
[2023-03-19T09:23:34+08:00][sql] CONNECT:[ UseTime:0.000385s ] mysql:host=localhost;port=3316;dbname=coffee;charset=utf8
[2023-03-19T09:23:34+08:00][sql] SHOW FULL COLUMNS FROM `banner` [ RunTime:0.001242s ]
[2023-03-19T09:23:34+08:00][sql] SELECT * FROM `banner` [ RunTime:0.000229s ]
[2023-03-19T09:23:34+08:00][sql] SHOW FULL COLUMNS FROM `information` [ RunTime:0.000906s ]
[2023-03-19T09:23:34+08:00][sql] SELECT * FROM `information` ORDER BY `time` DESC LIMIT 1 [ RunTime:0.000315s ]
[2023-03-19T09:23:34+08:00][sql] SELECT * FROM `information` ORDER BY `time` DESC LIMIT 1,4 [ RunTime:0.000313s ]
[2023-03-19T09:23:34+08:00][sql] SHOW FULL COLUMNS FROM `course` [ RunTime:0.000995s ]
[2023-03-19T09:23:34+08:00][sql] SELECT `id`,`title` FROM `course` ORDER BY `sorting` ASC LIMIT 0,6 [ RunTime:0.000217s ]
[2023-03-19T09:23:34+08:00][sql] SHOW FULL COLUMNS FROM `teacher` [ RunTime:0.000837s ]
[2023-03-19T09:23:34+08:00][sql] SELECT * FROM `teacher` [ RunTime:0.000222s ]
[2023-03-19T09:23:34+08:00][sql] SHOW FULL COLUMNS FROM `address` [ RunTime:0.000844s ]
[2023-03-19T09:23:34+08:00][sql] SELECT * FROM `address` WHERE  `id` = 1 LIMIT 1 [ RunTime:0.000271s ]
[2023-03-19T09:23:34+08:00][sql] SELECT * FROM `address` WHERE  `id` = 2 LIMIT 1 [ RunTime:0.000193s ]
[2023-03-19T09:35:17+08:00][sql] CONNECT:[ UseTime:0.000425s ] mysql:host=localhost;port=3316;dbname=coffee;charset=utf8
[2023-03-19T09:35:17+08:00][sql] SHOW FULL COLUMNS FROM `banner` [ RunTime:0.001275s ]
[2023-03-19T09:35:17+08:00][sql] SELECT * FROM `banner` [ RunTime:0.000247s ]
[2023-03-19T09:35:17+08:00][sql] SHOW FULL COLUMNS FROM `information` [ RunTime:0.001350s ]
[2023-03-19T09:35:17+08:00][sql] SELECT * FROM `information` ORDER BY `time` DESC LIMIT 1 [ RunTime:0.000409s ]
[2023-03-19T09:35:17+08:00][sql] SELECT * FROM `information` ORDER BY `time` DESC LIMIT 1,4 [ RunTime:0.000441s ]
[2023-03-19T09:35:17+08:00][sql] SHOW FULL COLUMNS FROM `course` [ RunTime:0.001275s ]
[2023-03-19T09:35:17+08:00][sql] SELECT `id`,`title` FROM `course` ORDER BY `sorting` ASC LIMIT 0,6 [ RunTime:0.000242s ]
[2023-03-19T09:35:17+08:00][sql] SHOW FULL COLUMNS FROM `teacher` [ RunTime:0.001039s ]
[2023-03-19T09:35:17+08:00][sql] SELECT * FROM `teacher` [ RunTime:0.000256s ]
[2023-03-19T09:35:17+08:00][sql] SHOW FULL COLUMNS FROM `address` [ RunTime:0.000885s ]
[2023-03-19T09:35:17+08:00][sql] SELECT * FROM `address` WHERE  `id` = 1 LIMIT 1 [ RunTime:0.000300s ]
[2023-03-19T09:35:17+08:00][sql] SELECT * FROM `address` WHERE  `id` = 2 LIMIT 1 [ RunTime:0.000242s ]
[2023-03-19T10:00:55+08:00][sql] CONNECT:[ UseTime:0.000393s ] mysql:host=localhost;port=3316;dbname=coffee;charset=utf8
[2023-03-19T10:00:55+08:00][sql] SHOW FULL COLUMNS FROM `banner` [ RunTime:0.001341s ]
[2023-03-19T10:00:55+08:00][sql] SELECT * FROM `banner` [ RunTime:0.000230s ]
[2023-03-19T10:00:55+08:00][sql] SHOW FULL COLUMNS FROM `information` [ RunTime:0.000945s ]
[2023-03-19T10:00:55+08:00][sql] SELECT * FROM `information` ORDER BY `time` DESC LIMIT 1 [ RunTime:0.000374s ]
[2023-03-19T10:00:55+08:00][sql] SELECT * FROM `information` ORDER BY `time` DESC LIMIT 1,4 [ RunTime:0.000319s ]
[2023-03-19T10:00:55+08:00][sql] SHOW FULL COLUMNS FROM `course` [ RunTime:0.001134s ]
[2023-03-19T10:00:55+08:00][sql] SELECT `id`,`title` FROM `course` ORDER BY `sorting` ASC LIMIT 0,6 [ RunTime:0.000240s ]
[2023-03-19T10:00:55+08:00][sql] SHOW FULL COLUMNS FROM `teacher` [ RunTime:0.000873s ]
[2023-03-19T10:00:55+08:00][sql] SELECT * FROM `teacher` [ RunTime:0.000275s ]
[2023-03-19T10:00:55+08:00][sql] SHOW FULL COLUMNS FROM `address` [ RunTime:0.000852s ]
[2023-03-19T10:00:55+08:00][sql] SELECT * FROM `address` WHERE  `id` = 1 LIMIT 1 [ RunTime:0.000272s ]
[2023-03-19T10:00:55+08:00][sql] SELECT * FROM `address` WHERE  `id` = 2 LIMIT 1 [ RunTime:0.000199s ]
[2023-03-19T10:01:17+08:00][sql] CONNECT:[ UseTime:0.000431s ] mysql:host=localhost;port=3316;dbname=coffee;charset=utf8
[2023-03-19T10:01:17+08:00][sql] SHOW FULL COLUMNS FROM `banner` [ RunTime:0.001249s ]
[2023-03-19T10:01:17+08:00][sql] SELECT * FROM `banner` [ RunTime:0.000253s ]
[2023-03-19T10:01:17+08:00][sql] SHOW FULL COLUMNS FROM `information` [ RunTime:0.001039s ]
[2023-03-19T10:01:17+08:00][sql] SELECT * FROM `information` ORDER BY `time` DESC LIMIT 1 [ RunTime:0.000338s ]
[2023-03-19T10:01:17+08:00][sql] SELECT * FROM `information` ORDER BY `time` DESC LIMIT 1,4 [ RunTime:0.000465s ]
[2023-03-19T10:01:17+08:00][sql] SHOW FULL COLUMNS FROM `course` [ RunTime:0.001098s ]
[2023-03-19T10:01:17+08:00][sql] SELECT `id`,`title` FROM `course` ORDER BY `sorting` ASC LIMIT 0,6 [ RunTime:0.000270s ]
[2023-03-19T10:01:17+08:00][sql] SHOW FULL COLUMNS FROM `teacher` [ RunTime:0.000915s ]
[2023-03-19T10:01:17+08:00][sql] SELECT * FROM `teacher` [ RunTime:0.000267s ]
[2023-03-19T10:01:17+08:00][sql] SHOW FULL COLUMNS FROM `address` [ RunTime:0.000936s ]
[2023-03-19T10:01:17+08:00][sql] SELECT * FROM `address` WHERE  `id` = 1 LIMIT 1 [ RunTime:0.000318s ]
[2023-03-19T10:01:17+08:00][sql] SELECT * FROM `address` WHERE  `id` = 2 LIMIT 1 [ RunTime:0.000277s ]
[2023-03-19T12:05:51+08:00][sql] CONNECT:[ UseTime:0.000387s ] mysql:host=localhost;port=3316;dbname=coffee;charset=utf8
[2023-03-19T12:05:51+08:00][sql] SHOW FULL COLUMNS FROM `banner` [ RunTime:0.001266s ]
[2023-03-19T12:05:51+08:00][sql] SELECT * FROM `banner` [ RunTime:0.000219s ]
[2023-03-19T12:05:51+08:00][sql] SHOW FULL COLUMNS FROM `information` [ RunTime:0.000963s ]
[2023-03-19T12:05:51+08:00][sql] SELECT * FROM `information` ORDER BY `time` DESC LIMIT 1 [ RunTime:0.000303s ]
[2023-03-19T12:05:51+08:00][sql] SELECT * FROM `information` ORDER BY `time` DESC LIMIT 1,4 [ RunTime:0.000325s ]
[2023-03-19T12:05:51+08:00][sql] SHOW FULL COLUMNS FROM `course` [ RunTime:0.001062s ]
[2023-03-19T12:05:51+08:00][sql] SELECT `id`,`title` FROM `course` ORDER BY `sorting` ASC LIMIT 0,6 [ RunTime:0.000241s ]
[2023-03-19T12:05:51+08:00][sql] SHOW FULL COLUMNS FROM `teacher` [ RunTime:0.000895s ]
[2023-03-19T12:05:51+08:00][sql] SELECT * FROM `teacher` [ RunTime:0.000225s ]
[2023-03-19T12:05:51+08:00][sql] SHOW FULL COLUMNS FROM `address` [ RunTime:0.000912s ]
[2023-03-19T12:05:51+08:00][sql] SELECT * FROM `address` WHERE  `id` = 1 LIMIT 1 [ RunTime:0.000239s ]
[2023-03-19T12:05:51+08:00][sql] SELECT * FROM `address` WHERE  `id` = 2 LIMIT 1 [ RunTime:0.000241s ]
[2023-03-19T12:47:43+08:00][sql] CONNECT:[ UseTime:0.000417s ] mysql:host=localhost;port=3316;dbname=coffee;charset=utf8
[2023-03-19T12:47:43+08:00][sql] SHOW FULL COLUMNS FROM `banner` [ RunTime:0.001224s ]
[2023-03-19T12:47:43+08:00][sql] SELECT * FROM `banner` [ RunTime:0.000255s ]
[2023-03-19T12:47:43+08:00][sql] SHOW FULL COLUMNS FROM `information` [ RunTime:0.001014s ]
[2023-03-19T12:47:43+08:00][sql] SELECT * FROM `information` ORDER BY `time` DESC LIMIT 1 [ RunTime:0.000331s ]
[2023-03-19T12:47:43+08:00][sql] SELECT * FROM `information` ORDER BY `time` DESC LIMIT 1,4 [ RunTime:0.000382s ]
[2023-03-19T12:47:43+08:00][sql] SHOW FULL COLUMNS FROM `course` [ RunTime:0.001081s ]
[2023-03-19T12:47:43+08:00][sql] SELECT `id`,`title` FROM `course` ORDER BY `sorting` ASC LIMIT 0,6 [ RunTime:0.000265s ]
[2023-03-19T12:47:43+08:00][sql] SHOW FULL COLUMNS FROM `teacher` [ RunTime:0.000880s ]
[2023-03-19T12:47:43+08:00][sql] SELECT * FROM `teacher` [ RunTime:0.000265s ]
[2023-03-19T12:47:43+08:00][sql] SHOW FULL COLUMNS FROM `address` [ RunTime:0.000921s ]
[2023-03-19T12:47:43+08:00][sql] SELECT * FROM `address` WHERE  `id` = 1 LIMIT 1 [ RunTime:0.000287s ]
[2023-03-19T12:47:43+08:00][sql] SELECT * FROM `address` WHERE  `id` = 2 LIMIT 1 [ RunTime:0.000271s ]
[2023-03-19T13:23:31+08:00][sql] CONNECT:[ UseTime:0.000418s ] mysql:host=localhost;port=3316;dbname=coffee;charset=utf8
[2023-03-19T13:23:31+08:00][sql] SHOW FULL COLUMNS FROM `banner` [ RunTime:0.001280s ]
[2023-03-19T13:23:31+08:00][sql] SELECT * FROM `banner` [ RunTime:0.001215s ]
[2023-03-19T13:23:31+08:00][sql] SHOW FULL COLUMNS FROM `information` [ RunTime:0.001077s ]
[2023-03-19T13:23:31+08:00][sql] SELECT * FROM `information` ORDER BY `time` DESC LIMIT 1 [ RunTime:0.000374s ]
[2023-03-19T13:23:31+08:00][sql] SELECT * FROM `information` ORDER BY `time` DESC LIMIT 1,4 [ RunTime:0.000374s ]
[2023-03-19T13:23:31+08:00][sql] SHOW FULL COLUMNS FROM `course` [ RunTime:0.001450s ]
[2023-03-19T13:23:31+08:00][sql] SELECT `id`,`title` FROM `course` ORDER BY `sorting` ASC LIMIT 0,6 [ RunTime:0.000318s ]
[2023-03-19T13:23:31+08:00][sql] SHOW FULL COLUMNS FROM `teacher` [ RunTime:0.000971s ]
[2023-03-19T13:23:31+08:00][sql] SELECT * FROM `teacher` [ RunTime:0.000290s ]
[2023-03-19T13:23:31+08:00][sql] SHOW FULL COLUMNS FROM `address` [ RunTime:0.000991s ]
[2023-03-19T13:23:31+08:00][sql] SELECT * FROM `address` WHERE  `id` = 1 LIMIT 1 [ RunTime:0.000297s ]
[2023-03-19T13:23:31+08:00][sql] SELECT * FROM `address` WHERE  `id` = 2 LIMIT 1 [ RunTime:0.000258s ]
[2023-03-19T13:24:08+08:00][sql] CONNECT:[ UseTime:0.000412s ] mysql:host=localhost;port=3316;dbname=coffee;charset=utf8
[2023-03-19T13:24:08+08:00][sql] SHOW FULL COLUMNS FROM `banner` [ RunTime:0.001266s ]
[2023-03-19T13:24:08+08:00][sql] SELECT * FROM `banner` [ RunTime:0.000265s ]
[2023-03-19T13:24:08+08:00][sql] SHOW FULL COLUMNS FROM `information` [ RunTime:0.000964s ]
[2023-03-19T13:24:08+08:00][sql] SELECT * FROM `information` ORDER BY `time` DESC LIMIT 1 [ RunTime:0.000334s ]
[2023-03-19T13:24:08+08:00][sql] SELECT * FROM `information` ORDER BY `time` DESC LIMIT 1,4 [ RunTime:0.000374s ]
[2023-03-19T13:24:08+08:00][sql] SHOW FULL COLUMNS FROM `course` [ RunTime:0.001148s ]
[2023-03-19T13:24:08+08:00][sql] SELECT `id`,`title` FROM `course` ORDER BY `sorting` ASC LIMIT 0,6 [ RunTime:0.000273s ]
[2023-03-19T13:24:08+08:00][sql] SHOW FULL COLUMNS FROM `teacher` [ RunTime:0.000899s ]
[2023-03-19T13:24:08+08:00][sql] SELECT * FROM `teacher` [ RunTime:0.000265s ]
[2023-03-19T13:24:08+08:00][sql] SHOW FULL COLUMNS FROM `address` [ RunTime:0.000916s ]
[2023-03-19T13:24:08+08:00][sql] SELECT * FROM `address` WHERE  `id` = 1 LIMIT 1 [ RunTime:0.000283s ]
[2023-03-19T13:24:08+08:00][sql] SELECT * FROM `address` WHERE  `id` = 2 LIMIT 1 [ RunTime:0.000253s ]
[2023-03-19T13:31:02+08:00][sql] CONNECT:[ UseTime:0.000378s ] mysql:host=localhost;port=3316;dbname=coffee;charset=utf8
[2023-03-19T13:31:02+08:00][sql] SHOW FULL COLUMNS FROM `banner` [ RunTime:0.001332s ]
[2023-03-19T13:31:02+08:00][sql] SELECT * FROM `banner` [ RunTime:0.000223s ]
[2023-03-19T13:31:02+08:00][sql] SHOW FULL COLUMNS FROM `information` [ RunTime:0.001223s ]
[2023-03-19T13:31:02+08:00][sql] SELECT * FROM `information` ORDER BY `time` DESC LIMIT 1 [ RunTime:0.000299s ]
[2023-03-19T13:31:02+08:00][sql] SELECT * FROM `information` ORDER BY `time` DESC LIMIT 1,4 [ RunTime:0.000363s ]
[2023-03-19T13:31:02+08:00][sql] SHOW FULL COLUMNS FROM `course` [ RunTime:0.001147s ]
[2023-03-19T13:31:02+08:00][sql] SELECT `id`,`title` FROM `course` ORDER BY `sorting` ASC LIMIT 0,6 [ RunTime:0.000225s ]
[2023-03-19T13:31:02+08:00][sql] SHOW FULL COLUMNS FROM `teacher` [ RunTime:0.000970s ]
[2023-03-19T13:31:02+08:00][sql] SELECT * FROM `teacher` [ RunTime:0.000222s ]
[2023-03-19T13:31:02+08:00][sql] SHOW FULL COLUMNS FROM `address` [ RunTime:0.000924s ]
[2023-03-19T13:31:02+08:00][sql] SELECT * FROM `address` WHERE  `id` = 1 LIMIT 1 [ RunTime:0.000259s ]
[2023-03-19T13:31:02+08:00][sql] SELECT * FROM `address` WHERE  `id` = 2 LIMIT 1 [ RunTime:0.000207s ]
[2023-03-19T14:22:26+08:00][sql] CONNECT:[ UseTime:0.000451s ] mysql:host=localhost;port=3316;dbname=coffee;charset=utf8
[2023-03-19T14:22:26+08:00][sql] SHOW FULL COLUMNS FROM `banner` [ RunTime:0.001316s ]
[2023-03-19T14:22:26+08:00][sql] SELECT * FROM `banner` [ RunTime:0.000231s ]
[2023-03-19T14:22:26+08:00][sql] SHOW FULL COLUMNS FROM `information` [ RunTime:0.000985s ]
[2023-03-19T14:22:26+08:00][sql] SELECT * FROM `information` ORDER BY `time` DESC LIMIT 1 [ RunTime:0.000302s ]
[2023-03-19T14:22:26+08:00][sql] SELECT * FROM `information` ORDER BY `time` DESC LIMIT 1,4 [ RunTime:0.000329s ]
[2023-03-19T14:22:26+08:00][sql] SHOW FULL COLUMNS FROM `course` [ RunTime:0.001142s ]
[2023-03-19T14:22:26+08:00][sql] SELECT `id`,`title` FROM `course` ORDER BY `sorting` ASC LIMIT 0,6 [ RunTime:0.000213s ]
[2023-03-19T14:22:26+08:00][sql] SHOW FULL COLUMNS FROM `teacher` [ RunTime:0.000969s ]
[2023-03-19T14:22:26+08:00][sql] SELECT * FROM `teacher` [ RunTime:0.000230s ]
[2023-03-19T14:22:26+08:00][sql] SHOW FULL COLUMNS FROM `address` [ RunTime:0.000984s ]
[2023-03-19T14:22:26+08:00][sql] SELECT * FROM `address` WHERE  `id` = 1 LIMIT 1 [ RunTime:0.000271s ]
[2023-03-19T14:22:26+08:00][sql] SELECT * FROM `address` WHERE  `id` = 2 LIMIT 1 [ RunTime:0.000191s ]
[2023-03-19T14:23:01+08:00][sql] CONNECT:[ UseTime:0.000563s ] mysql:host=localhost;port=3316;dbname=coffee;charset=utf8
[2023-03-19T14:23:01+08:00][sql] SHOW FULL COLUMNS FROM `banner` [ RunTime:0.001784s ]
[2023-03-19T14:23:01+08:00][sql] SELECT * FROM `banner` [ RunTime:0.000287s ]
[2023-03-19T14:23:01+08:00][sql] SHOW FULL COLUMNS FROM `information` [ RunTime:0.001824s ]
[2023-03-19T14:23:01+08:00][sql] SELECT * FROM `information` ORDER BY `time` DESC LIMIT 1 [ RunTime:0.006315s ]
[2023-03-19T14:23:01+08:00][sql] SELECT * FROM `information` ORDER BY `time` DESC LIMIT 1,4 [ RunTime:0.000550s ]
[2023-03-19T14:23:01+08:00][sql] SHOW FULL COLUMNS FROM `course` [ RunTime:0.001848s ]
[2023-03-19T14:23:01+08:00][sql] SELECT `id`,`title` FROM `course` ORDER BY `sorting` ASC LIMIT 0,6 [ RunTime:0.000363s ]
[2023-03-19T14:23:01+08:00][sql] SHOW FULL COLUMNS FROM `teacher` [ RunTime:0.001322s ]
[2023-03-19T14:23:01+08:00][sql] SELECT * FROM `teacher` [ RunTime:0.000304s ]
[2023-03-19T14:23:01+08:00][sql] SHOW FULL COLUMNS FROM `address` [ RunTime:0.001327s ]
[2023-03-19T14:23:01+08:00][sql] SELECT * FROM `address` WHERE  `id` = 1 LIMIT 1 [ RunTime:0.000339s ]
[2023-03-19T14:23:01+08:00][sql] SELECT * FROM `address` WHERE  `id` = 2 LIMIT 1 [ RunTime:0.000303s ]
[2023-03-19T14:39:36+08:00][sql] CONNECT:[ UseTime:0.000437s ] mysql:host=localhost;port=3316;dbname=coffee;charset=utf8
[2023-03-19T14:39:36+08:00][sql] SHOW FULL COLUMNS FROM `banner` [ RunTime:0.001281s ]
[2023-03-19T14:39:36+08:00][sql] SELECT * FROM `banner` [ RunTime:0.000253s ]
[2023-03-19T14:39:36+08:00][sql] SHOW FULL COLUMNS FROM `information` [ RunTime:0.000978s ]
[2023-03-19T14:39:36+08:00][sql] SELECT * FROM `information` ORDER BY `time` DESC LIMIT 1 [ RunTime:0.000489s ]
[2023-03-19T14:39:36+08:00][sql] SELECT * FROM `information` ORDER BY `time` DESC LIMIT 1,4 [ RunTime:0.000377s ]
[2023-03-19T14:39:36+08:00][sql] SHOW FULL COLUMNS FROM `course` [ RunTime:0.001109s ]
[2023-03-19T14:39:36+08:00][sql] SELECT `id`,`title` FROM `course` ORDER BY `sorting` ASC LIMIT 0,6 [ RunTime:0.000262s ]
[2023-03-19T14:39:36+08:00][sql] SHOW FULL COLUMNS FROM `teacher` [ RunTime:0.000977s ]
[2023-03-19T14:39:36+08:00][sql] SELECT * FROM `teacher` [ RunTime:0.000265s ]
[2023-03-19T14:39:36+08:00][sql] SHOW FULL COLUMNS FROM `address` [ RunTime:0.001106s ]
[2023-03-19T14:39:36+08:00][sql] SELECT * FROM `address` WHERE  `id` = 1 LIMIT 1 [ RunTime:0.000352s ]
[2023-03-19T14:39:36+08:00][sql] SELECT * FROM `address` WHERE  `id` = 2 LIMIT 1 [ RunTime:0.000258s ]
[2023-03-19T15:14:47+08:00][sql] CONNECT:[ UseTime:0.000409s ] mysql:host=localhost;port=3316;dbname=coffee;charset=utf8
[2023-03-19T15:14:47+08:00][sql] SHOW FULL COLUMNS FROM `banner` [ RunTime:0.001265s ]
[2023-03-19T15:14:47+08:00][sql] SELECT * FROM `banner` [ RunTime:0.000255s ]
[2023-03-19T15:14:47+08:00][sql] SHOW FULL COLUMNS FROM `information` [ RunTime:0.001054s ]
[2023-03-19T15:14:47+08:00][sql] SELECT * FROM `information` ORDER BY `time` DESC LIMIT 1 [ RunTime:0.000380s ]
[2023-03-19T15:14:47+08:00][sql] SELECT * FROM `information` ORDER BY `time` DESC LIMIT 1,4 [ RunTime:0.000393s ]
[2023-03-19T15:14:47+08:00][sql] SHOW FULL COLUMNS FROM `course` [ RunTime:0.001134s ]
[2023-03-19T15:14:47+08:00][sql] SELECT `id`,`title` FROM `course` ORDER BY `sorting` ASC LIMIT 0,6 [ RunTime:0.000267s ]
[2023-03-19T15:14:47+08:00][sql] SHOW FULL COLUMNS FROM `teacher` [ RunTime:0.000916s ]
[2023-03-19T15:14:47+08:00][sql] SELECT * FROM `teacher` [ RunTime:0.000291s ]
[2023-03-19T15:14:47+08:00][sql] SHOW FULL COLUMNS FROM `address` [ RunTime:0.000906s ]
[2023-03-19T15:14:47+08:00][sql] SELECT * FROM `address` WHERE  `id` = 1 LIMIT 1 [ RunTime:0.000275s ]
[2023-03-19T15:14:47+08:00][sql] SELECT * FROM `address` WHERE  `id` = 2 LIMIT 1 [ RunTime:0.000241s ]
[2023-03-19T15:16:06+08:00][sql] CONNECT:[ UseTime:0.000421s ] mysql:host=localhost;port=3316;dbname=coffee;charset=utf8
[2023-03-19T15:16:06+08:00][sql] SHOW FULL COLUMNS FROM `banner` [ RunTime:0.001322s ]
[2023-03-19T15:16:06+08:00][sql] SELECT * FROM `banner` [ RunTime:0.000232s ]
[2023-03-19T15:16:06+08:00][sql] SHOW FULL COLUMNS FROM `information` [ RunTime:0.000959s ]
[2023-03-19T15:16:06+08:00][sql] SELECT * FROM `information` ORDER BY `time` DESC LIMIT 1 [ RunTime:0.000311s ]
[2023-03-19T15:16:06+08:00][sql] SELECT * FROM `information` ORDER BY `time` DESC LIMIT 1,4 [ RunTime:0.000331s ]
[2023-03-19T15:16:06+08:00][sql] SHOW FULL COLUMNS FROM `course` [ RunTime:0.001096s ]
[2023-03-19T15:16:06+08:00][sql] SELECT `id`,`title` FROM `course` ORDER BY `sorting` ASC LIMIT 0,6 [ RunTime:0.000256s ]
[2023-03-19T15:16:06+08:00][sql] SHOW FULL COLUMNS FROM `teacher` [ RunTime:0.000876s ]
[2023-03-19T15:16:06+08:00][sql] SELECT * FROM `teacher` [ RunTime:0.000240s ]
[2023-03-19T15:16:06+08:00][sql] SHOW FULL COLUMNS FROM `address` [ RunTime:0.000913s ]
[2023-03-19T15:16:06+08:00][sql] SELECT * FROM `address` WHERE  `id` = 1 LIMIT 1 [ RunTime:0.000271s ]
[2023-03-19T15:16:06+08:00][sql] SELECT * FROM `address` WHERE  `id` = 2 LIMIT 1 [ RunTime:0.000222s ]
[2023-03-19T15:23:13+08:00][sql] CONNECT:[ UseTime:0.000492s ] mysql:host=localhost;port=3316;dbname=coffee;charset=utf8
[2023-03-19T15:23:13+08:00][sql] SHOW FULL COLUMNS FROM `banner` [ RunTime:0.001232s ]
[2023-03-19T15:23:13+08:00][sql] SELECT * FROM `banner` [ RunTime:0.000252s ]
[2023-03-19T15:23:13+08:00][sql] SHOW FULL COLUMNS FROM `information` [ RunTime:0.001021s ]
[2023-03-19T15:23:13+08:00][sql] SELECT * FROM `information` ORDER BY `time` DESC LIMIT 1 [ RunTime:0.000333s ]
[2023-03-19T15:23:13+08:00][sql] SELECT * FROM `information` ORDER BY `time` DESC LIMIT 1,4 [ RunTime:0.000383s ]
[2023-03-19T15:23:13+08:00][sql] SHOW FULL COLUMNS FROM `course` [ RunTime:0.001059s ]
[2023-03-19T15:23:13+08:00][sql] SELECT `id`,`title` FROM `course` ORDER BY `sorting` ASC LIMIT 0,6 [ RunTime:0.000266s ]
[2023-03-19T15:23:13+08:00][sql] SHOW FULL COLUMNS FROM `teacher` [ RunTime:0.000899s ]
[2023-03-19T15:23:13+08:00][sql] SELECT * FROM `teacher` [ RunTime:0.000334s ]
[2023-03-19T15:23:13+08:00][sql] SHOW FULL COLUMNS FROM `address` [ RunTime:0.000974s ]
[2023-03-19T15:23:13+08:00][sql] SELECT * FROM `address` WHERE  `id` = 1 LIMIT 1 [ RunTime:0.000314s ]
[2023-03-19T15:23:13+08:00][sql] SELECT * FROM `address` WHERE  `id` = 2 LIMIT 1 [ RunTime:0.000262s ]
[2023-03-19T15:33:06+08:00][sql] CONNECT:[ UseTime:0.000425s ] mysql:host=localhost;port=3316;dbname=coffee;charset=utf8
[2023-03-19T15:33:06+08:00][sql] SHOW FULL COLUMNS FROM `banner` [ RunTime:0.001444s ]
[2023-03-19T15:33:06+08:00][sql] SELECT * FROM `banner` [ RunTime:0.000275s ]
[2023-03-19T15:33:06+08:00][sql] SHOW FULL COLUMNS FROM `information` [ RunTime:0.001074s ]
[2023-03-19T15:33:06+08:00][sql] SELECT * FROM `information` ORDER BY `time` DESC LIMIT 1 [ RunTime:0.000318s ]
[2023-03-19T15:33:06+08:00][sql] SELECT * FROM `information` ORDER BY `time` DESC LIMIT 1,4 [ RunTime:0.000355s ]
[2023-03-19T15:33:06+08:00][sql] SHOW FULL COLUMNS FROM `course` [ RunTime:0.001148s ]
[2023-03-19T15:33:06+08:00][sql] SELECT `id`,`title` FROM `course` ORDER BY `sorting` ASC LIMIT 0,6 [ RunTime:0.000254s ]
[2023-03-19T15:33:06+08:00][sql] SHOW FULL COLUMNS FROM `teacher` [ RunTime:0.001039s ]
[2023-03-19T15:33:06+08:00][sql] SELECT * FROM `teacher` [ RunTime:0.000246s ]
[2023-03-19T15:33:06+08:00][sql] SHOW FULL COLUMNS FROM `address` [ RunTime:0.000872s ]
[2023-03-19T15:33:06+08:00][sql] SELECT * FROM `address` WHERE  `id` = 1 LIMIT 1 [ RunTime:0.000271s ]
[2023-03-19T15:33:06+08:00][sql] SELECT * FROM `address` WHERE  `id` = 2 LIMIT 1 [ RunTime:0.000222s ]
[2023-03-19T16:48:33+08:00][sql] CONNECT:[ UseTime:0.000511s ] mysql:host=localhost;port=3316;dbname=coffee;charset=utf8
[2023-03-19T16:48:33+08:00][sql] SHOW FULL COLUMNS FROM `banner` [ RunTime:0.001306s ]
[2023-03-19T16:48:33+08:00][sql] SELECT * FROM `banner` [ RunTime:0.000269s ]
[2023-03-19T16:48:33+08:00][sql] SHOW FULL COLUMNS FROM `information` [ RunTime:0.001018s ]
[2023-03-19T16:48:33+08:00][sql] SELECT * FROM `information` ORDER BY `time` DESC LIMIT 1 [ RunTime:0.000338s ]
[2023-03-19T16:48:33+08:00][sql] SELECT * FROM `information` ORDER BY `time` DESC LIMIT 1,4 [ RunTime:0.000390s ]
[2023-03-19T16:48:33+08:00][sql] SHOW FULL COLUMNS FROM `course` [ RunTime:0.001160s ]
[2023-03-19T16:48:33+08:00][sql] SELECT `id`,`title` FROM `course` ORDER BY `sorting` ASC LIMIT 0,6 [ RunTime:0.000278s ]
[2023-03-19T16:48:33+08:00][sql] SHOW FULL COLUMNS FROM `teacher` [ RunTime:0.000977s ]
[2023-03-19T16:48:33+08:00][sql] SELECT * FROM `teacher` [ RunTime:0.000267s ]
[2023-03-19T16:48:33+08:00][sql] SHOW FULL COLUMNS FROM `address` [ RunTime:0.000942s ]
[2023-03-19T16:48:33+08:00][sql] SELECT * FROM `address` WHERE  `id` = 1 LIMIT 1 [ RunTime:0.000277s ]
[2023-03-19T16:48:33+08:00][sql] SELECT * FROM `address` WHERE  `id` = 2 LIMIT 1 [ RunTime:0.000246s ]
[2023-03-19T16:55:40+08:00][sql] CONNECT:[ UseTime:0.000381s ] mysql:host=localhost;port=3316;dbname=coffee;charset=utf8
[2023-03-19T16:55:40+08:00][sql] SHOW FULL COLUMNS FROM `banner` [ RunTime:0.001195s ]
[2023-03-19T16:55:40+08:00][sql] SELECT * FROM `banner` [ RunTime:0.000260s ]
[2023-03-19T16:55:40+08:00][sql] SHOW FULL COLUMNS FROM `information` [ RunTime:0.001043s ]
[2023-03-19T16:55:40+08:00][sql] SELECT * FROM `information` ORDER BY `time` DESC LIMIT 1 [ RunTime:0.000299s ]
[2023-03-19T16:55:40+08:00][sql] SELECT * FROM `information` ORDER BY `time` DESC LIMIT 1,4 [ RunTime:0.000307s ]
[2023-03-19T16:55:40+08:00][sql] SHOW FULL COLUMNS FROM `course` [ RunTime:0.001071s ]
[2023-03-19T16:55:40+08:00][sql] SELECT `id`,`title` FROM `course` ORDER BY `sorting` ASC LIMIT 0,6 [ RunTime:0.000310s ]
[2023-03-19T16:55:40+08:00][sql] SHOW FULL COLUMNS FROM `teacher` [ RunTime:0.000966s ]
[2023-03-19T16:55:40+08:00][sql] SELECT * FROM `teacher` [ RunTime:0.000264s ]
[2023-03-19T16:55:40+08:00][sql] SHOW FULL COLUMNS FROM `address` [ RunTime:0.000996s ]
[2023-03-19T16:55:40+08:00][sql] SELECT * FROM `address` WHERE  `id` = 1 LIMIT 1 [ RunTime:0.000292s ]
[2023-03-19T16:55:40+08:00][sql] SELECT * FROM `address` WHERE  `id` = 2 LIMIT 1 [ RunTime:0.000296s ]
[2023-03-19T16:56:35+08:00][sql] CONNECT:[ UseTime:0.000382s ] mysql:host=localhost;port=3316;dbname=coffee;charset=utf8
[2023-03-19T16:56:35+08:00][sql] SHOW FULL COLUMNS FROM `banner` [ RunTime:0.001261s ]
[2023-03-19T16:56:35+08:00][sql] SELECT * FROM `banner` [ RunTime:0.000258s ]
[2023-03-19T16:56:35+08:00][sql] SHOW FULL COLUMNS FROM `information` [ RunTime:0.001021s ]
[2023-03-19T16:56:35+08:00][sql] SELECT * FROM `information` ORDER BY `time` DESC LIMIT 1 [ RunTime:0.000352s ]
[2023-03-19T16:56:35+08:00][sql] SELECT * FROM `information` ORDER BY `time` DESC LIMIT 1,4 [ RunTime:0.000397s ]
[2023-03-19T16:56:35+08:00][sql] SHOW FULL COLUMNS FROM `course` [ RunTime:0.001085s ]
[2023-03-19T16:56:35+08:00][sql] SELECT `id`,`title` FROM `course` ORDER BY `sorting` ASC LIMIT 0,6 [ RunTime:0.000269s ]
[2023-03-19T16:56:35+08:00][sql] SHOW FULL COLUMNS FROM `teacher` [ RunTime:0.000924s ]
[2023-03-19T16:56:35+08:00][sql] SELECT * FROM `teacher` [ RunTime:0.000259s ]
[2023-03-19T16:56:35+08:00][sql] SHOW FULL COLUMNS FROM `address` [ RunTime:0.000942s ]
[2023-03-19T16:56:35+08:00][sql] SELECT * FROM `address` WHERE  `id` = 1 LIMIT 1 [ RunTime:0.000280s ]
[2023-03-19T16:56:35+08:00][sql] SELECT * FROM `address` WHERE  `id` = 2 LIMIT 1 [ RunTime:0.000254s ]
[2023-03-19T17:24:08+08:00][sql] CONNECT:[ UseTime:0.000397s ] mysql:host=localhost;port=3316;dbname=coffee;charset=utf8
[2023-03-19T17:24:08+08:00][sql] SHOW FULL COLUMNS FROM `banner` [ RunTime:0.001230s ]
[2023-03-19T17:24:08+08:00][sql] SELECT * FROM `banner` [ RunTime:0.000217s ]
[2023-03-19T17:24:08+08:00][sql] SHOW FULL COLUMNS FROM `information` [ RunTime:0.001013s ]
[2023-03-19T17:24:08+08:00][sql] SELECT * FROM `information` ORDER BY `time` DESC LIMIT 1 [ RunTime:0.000309s ]
[2023-03-19T17:24:08+08:00][sql] SELECT * FROM `information` ORDER BY `time` DESC LIMIT 1,4 [ RunTime:0.000324s ]
[2023-03-19T17:24:08+08:00][sql] SHOW FULL COLUMNS FROM `course` [ RunTime:0.001066s ]
[2023-03-19T17:24:08+08:00][sql] SELECT `id`,`title` FROM `course` ORDER BY `sorting` ASC LIMIT 0,6 [ RunTime:0.000286s ]
[2023-03-19T17:24:08+08:00][sql] SHOW FULL COLUMNS FROM `teacher` [ RunTime:0.000913s ]
[2023-03-19T17:24:08+08:00][sql] SELECT * FROM `teacher` [ RunTime:0.000218s ]
[2023-03-19T17:24:08+08:00][sql] SHOW FULL COLUMNS FROM `address` [ RunTime:0.001005s ]
[2023-03-19T17:24:08+08:00][sql] SELECT * FROM `address` WHERE  `id` = 1 LIMIT 1 [ RunTime:0.000265s ]
[2023-03-19T17:24:08+08:00][sql] SELECT * FROM `address` WHERE  `id` = 2 LIMIT 1 [ RunTime:0.000216s ]
[2023-03-19T17:24:09+08:00][sql] CONNECT:[ UseTime:0.000417s ] mysql:host=localhost;port=3316;dbname=coffee;charset=utf8
[2023-03-19T17:24:09+08:00][sql] SHOW FULL COLUMNS FROM `banner` [ RunTime:0.001230s ]
[2023-03-19T17:24:09+08:00][sql] SELECT * FROM `banner` [ RunTime:0.000301s ]
[2023-03-19T17:24:09+08:00][sql] SHOW FULL COLUMNS FROM `information` [ RunTime:0.001330s ]
[2023-03-19T17:24:09+08:00][sql] SELECT * FROM `information` ORDER BY `time` DESC LIMIT 1 [ RunTime:0.000344s ]
[2023-03-19T17:24:09+08:00][sql] SELECT * FROM `information` ORDER BY `time` DESC LIMIT 1,4 [ RunTime:0.000376s ]
[2023-03-19T17:24:09+08:00][sql] SHOW FULL COLUMNS FROM `course` [ RunTime:0.001098s ]
[2023-03-19T17:24:09+08:00][sql] SELECT `id`,`title` FROM `course` ORDER BY `sorting` ASC LIMIT 0,6 [ RunTime:0.000268s ]
[2023-03-19T17:24:09+08:00][sql] SHOW FULL COLUMNS FROM `teacher` [ RunTime:0.000920s ]
[2023-03-19T17:24:09+08:00][sql] SELECT * FROM `teacher` [ RunTime:0.000252s ]
[2023-03-19T17:24:09+08:00][sql] SHOW FULL COLUMNS FROM `address` [ RunTime:0.000950s ]
[2023-03-19T17:24:09+08:00][sql] SELECT * FROM `address` WHERE  `id` = 1 LIMIT 1 [ RunTime:0.000279s ]
[2023-03-19T17:24:09+08:00][sql] SELECT * FROM `address` WHERE  `id` = 2 LIMIT 1 [ RunTime:0.000256s ]
[2023-03-19T17:28:32+08:00][sql] CONNECT:[ UseTime:0.000404s ] mysql:host=localhost;port=3316;dbname=coffee;charset=utf8
[2023-03-19T17:28:32+08:00][sql] SHOW FULL COLUMNS FROM `banner` [ RunTime:0.001302s ]
[2023-03-19T17:28:32+08:00][sql] SELECT * FROM `banner` [ RunTime:0.000303s ]
[2023-03-19T17:28:32+08:00][sql] SHOW FULL COLUMNS FROM `information` [ RunTime:0.001221s ]
[2023-03-19T17:28:32+08:00][sql] SELECT * FROM `information` ORDER BY `time` DESC LIMIT 1 [ RunTime:0.000401s ]
[2023-03-19T17:28:32+08:00][sql] SELECT * FROM `information` ORDER BY `time` DESC LIMIT 1,4 [ RunTime:0.000418s ]
[2023-03-19T17:28:32+08:00][sql] SHOW FULL COLUMNS FROM `course` [ RunTime:0.001019s ]
[2023-03-19T17:28:32+08:00][sql] SELECT `id`,`title` FROM `course` ORDER BY `sorting` ASC LIMIT 0,6 [ RunTime:0.000236s ]
[2023-03-19T17:28:32+08:00][sql] SHOW FULL COLUMNS FROM `teacher` [ RunTime:0.000894s ]
[2023-03-19T17:28:32+08:00][sql] SELECT * FROM `teacher` [ RunTime:0.000231s ]
[2023-03-19T17:28:32+08:00][sql] SHOW FULL COLUMNS FROM `address` [ RunTime:0.000837s ]
[2023-03-19T17:28:32+08:00][sql] SELECT * FROM `address` WHERE  `id` = 1 LIMIT 1 [ RunTime:0.000227s ]
[2023-03-19T17:28:32+08:00][sql] SELECT * FROM `address` WHERE  `id` = 2 LIMIT 1 [ RunTime:0.000205s ]
[2023-03-19T17:57:46+08:00][sql] CONNECT:[ UseTime:0.000407s ] mysql:host=localhost;port=3316;dbname=coffee;charset=utf8
[2023-03-19T17:57:46+08:00][sql] SHOW FULL COLUMNS FROM `banner` [ RunTime:0.001239s ]
[2023-03-19T17:57:46+08:00][sql] SELECT * FROM `banner` [ RunTime:0.000219s ]
[2023-03-19T17:57:46+08:00][sql] SHOW FULL COLUMNS FROM `information` [ RunTime:0.000964s ]
[2023-03-19T17:57:46+08:00][sql] SELECT * FROM `information` ORDER BY `time` DESC LIMIT 1 [ RunTime:0.000287s ]
[2023-03-19T17:57:46+08:00][sql] SELECT * FROM `information` ORDER BY `time` DESC LIMIT 1,4 [ RunTime:0.000336s ]
[2023-03-19T17:57:46+08:00][sql] SHOW FULL COLUMNS FROM `course` [ RunTime:0.001093s ]
[2023-03-19T17:57:46+08:00][sql] SELECT `id`,`title` FROM `course` ORDER BY `sorting` ASC LIMIT 0,6 [ RunTime:0.000239s ]
[2023-03-19T17:57:46+08:00][sql] SHOW FULL COLUMNS FROM `teacher` [ RunTime:0.000964s ]
[2023-03-19T17:57:46+08:00][sql] SELECT * FROM `teacher` [ RunTime:0.000238s ]
[2023-03-19T17:57:46+08:00][sql] SHOW FULL COLUMNS FROM `address` [ RunTime:0.000972s ]
[2023-03-19T17:57:46+08:00][sql] SELECT * FROM `address` WHERE  `id` = 1 LIMIT 1 [ RunTime:0.000247s ]
[2023-03-19T17:57:46+08:00][sql] SELECT * FROM `address` WHERE  `id` = 2 LIMIT 1 [ RunTime:0.000210s ]
[2023-03-19T18:23:34+08:00][sql] CONNECT:[ UseTime:0.006815s ] mysql:host=localhost;port=3316;dbname=coffee;charset=utf8
[2023-03-19T18:23:34+08:00][sql] SHOW FULL COLUMNS FROM `banner` [ RunTime:0.001839s ]
[2023-03-19T18:23:34+08:00][sql] SELECT * FROM `banner` [ RunTime:0.000278s ]
[2023-03-19T18:23:34+08:00][sql] SHOW FULL COLUMNS FROM `information` [ RunTime:0.001668s ]
[2023-03-19T18:23:34+08:00][sql] SELECT * FROM `information` ORDER BY `time` DESC LIMIT 1 [ RunTime:0.000401s ]
[2023-03-19T18:23:34+08:00][sql] SELECT * FROM `information` ORDER BY `time` DESC LIMIT 1,4 [ RunTime:0.000441s ]
[2023-03-19T18:23:34+08:00][sql] SHOW FULL COLUMNS FROM `course` [ RunTime:0.001836s ]
[2023-03-19T18:23:34+08:00][sql] SELECT `id`,`title` FROM `course` ORDER BY `sorting` ASC LIMIT 0,6 [ RunTime:0.000293s ]
[2023-03-19T18:23:34+08:00][sql] SHOW FULL COLUMNS FROM `teacher` [ RunTime:0.001373s ]
[2023-03-19T18:23:34+08:00][sql] SELECT * FROM `teacher` [ RunTime:0.000285s ]
[2023-03-19T18:23:34+08:00][sql] SHOW FULL COLUMNS FROM `address` [ RunTime:0.001384s ]
[2023-03-19T18:23:34+08:00][sql] SELECT * FROM `address` WHERE  `id` = 1 LIMIT 1 [ RunTime:0.000308s ]
[2023-03-19T18:23:34+08:00][sql] SELECT * FROM `address` WHERE  `id` = 2 LIMIT 1 [ RunTime:0.000365s ]
[2023-03-19T18:44:16+08:00][sql] CONNECT:[ UseTime:0.000418s ] mysql:host=localhost;port=3316;dbname=coffee;charset=utf8
[2023-03-19T18:44:16+08:00][sql] SHOW FULL COLUMNS FROM `banner` [ RunTime:0.001229s ]
[2023-03-19T18:44:16+08:00][sql] SELECT * FROM `banner` [ RunTime:0.000250s ]
[2023-03-19T18:44:16+08:00][sql] SHOW FULL COLUMNS FROM `information` [ RunTime:0.001000s ]
[2023-03-19T18:44:16+08:00][sql] SELECT * FROM `information` ORDER BY `time` DESC LIMIT 1 [ RunTime:0.000325s ]
[2023-03-19T18:44:16+08:00][sql] SELECT * FROM `information` ORDER BY `time` DESC LIMIT 1,4 [ RunTime:0.000393s ]
[2023-03-19T18:44:16+08:00][sql] SHOW FULL COLUMNS FROM `course` [ RunTime:0.001078s ]
[2023-03-19T18:44:16+08:00][sql] SELECT `id`,`title` FROM `course` ORDER BY `sorting` ASC LIMIT 0,6 [ RunTime:0.000260s ]
[2023-03-19T18:44:16+08:00][sql] SHOW FULL COLUMNS FROM `teacher` [ RunTime:0.000899s ]
[2023-03-19T18:44:16+08:00][sql] SELECT * FROM `teacher` [ RunTime:0.000263s ]
[2023-03-19T18:44:16+08:00][sql] SHOW FULL COLUMNS FROM `address` [ RunTime:0.000940s ]
[2023-03-19T18:44:16+08:00][sql] SELECT * FROM `address` WHERE  `id` = 1 LIMIT 1 [ RunTime:0.000274s ]
[2023-03-19T18:44:16+08:00][sql] SELECT * FROM `address` WHERE  `id` = 2 LIMIT 1 [ RunTime:0.000241s ]
[2023-03-19T18:47:58+08:00][sql] CONNECT:[ UseTime:0.000421s ] mysql:host=localhost;port=3316;dbname=coffee;charset=utf8
[2023-03-19T18:47:58+08:00][sql] SHOW FULL COLUMNS FROM `banner` [ RunTime:0.001265s ]
[2023-03-19T18:47:58+08:00][sql] SELECT * FROM `banner` [ RunTime:0.000222s ]
[2023-03-19T18:47:58+08:00][sql] SHOW FULL COLUMNS FROM `information` [ RunTime:0.001204s ]
[2023-03-19T18:47:58+08:00][sql] SELECT * FROM `information` ORDER BY `time` DESC LIMIT 1 [ RunTime:0.000373s ]
[2023-03-19T18:47:58+08:00][sql] SELECT * FROM `information` ORDER BY `time` DESC LIMIT 1,4 [ RunTime:0.000327s ]
[2023-03-19T18:47:58+08:00][sql] SHOW FULL COLUMNS FROM `course` [ RunTime:0.001049s ]
[2023-03-19T18:47:58+08:00][sql] SELECT `id`,`title` FROM `course` ORDER BY `sorting` ASC LIMIT 0,6 [ RunTime:0.000215s ]
[2023-03-19T18:47:58+08:00][sql] SHOW FULL COLUMNS FROM `teacher` [ RunTime:0.000937s ]
[2023-03-19T18:47:58+08:00][sql] SELECT * FROM `teacher` [ RunTime:0.000252s ]
[2023-03-19T18:47:58+08:00][sql] SHOW FULL COLUMNS FROM `address` [ RunTime:0.000929s ]
[2023-03-19T18:47:58+08:00][sql] SELECT * FROM `address` WHERE  `id` = 1 LIMIT 1 [ RunTime:0.000241s ]
[2023-03-19T18:47:58+08:00][sql] SELECT * FROM `address` WHERE  `id` = 2 LIMIT 1 [ RunTime:0.000203s ]
[2023-03-19T19:28:35+08:00][sql] CONNECT:[ UseTime:0.000450s ] mysql:host=localhost;port=3316;dbname=coffee;charset=utf8
[2023-03-19T19:28:35+08:00][sql] SHOW FULL COLUMNS FROM `banner` [ RunTime:0.001614s ]
[2023-03-19T19:28:35+08:00][sql] SELECT * FROM `banner` [ RunTime:0.000320s ]
[2023-03-19T19:28:35+08:00][sql] SHOW FULL COLUMNS FROM `information` [ RunTime:0.001290s ]
[2023-03-19T19:28:35+08:00][sql] SELECT * FROM `information` ORDER BY `time` DESC LIMIT 1 [ RunTime:0.000390s ]
[2023-03-19T19:28:35+08:00][sql] SELECT * FROM `information` ORDER BY `time` DESC LIMIT 1,4 [ RunTime:0.000383s ]
[2023-03-19T19:28:35+08:00][sql] SHOW FULL COLUMNS FROM `course` [ RunTime:0.007284s ]
[2023-03-19T19:28:35+08:00][sql] SELECT `id`,`title` FROM `course` ORDER BY `sorting` ASC LIMIT 0,6 [ RunTime:0.000470s ]
[2023-03-19T19:28:35+08:00][sql] SHOW FULL COLUMNS FROM `teacher` [ RunTime:0.001332s ]
[2023-03-19T19:28:35+08:00][sql] SELECT * FROM `teacher` [ RunTime:0.001912s ]
[2023-03-19T19:28:35+08:00][sql] SHOW FULL COLUMNS FROM `address` [ RunTime:0.001372s ]
[2023-03-19T19:28:35+08:00][sql] SELECT * FROM `address` WHERE  `id` = 1 LIMIT 1 [ RunTime:0.000346s ]
[2023-03-19T19:28:35+08:00][sql] SELECT * FROM `address` WHERE  `id` = 2 LIMIT 1 [ RunTime:0.000257s ]
[2023-03-19T20:53:31+08:00][sql] CONNECT:[ UseTime:0.000472s ] mysql:host=localhost;port=3316;dbname=coffee;charset=utf8
[2023-03-19T20:53:31+08:00][sql] SHOW FULL COLUMNS FROM `banner` [ RunTime:0.001242s ]
[2023-03-19T20:53:31+08:00][sql] SELECT * FROM `banner` [ RunTime:0.000214s ]
[2023-03-19T20:53:31+08:00][sql] SHOW FULL COLUMNS FROM `information` [ RunTime:0.000987s ]
[2023-03-19T20:53:31+08:00][sql] SELECT * FROM `information` ORDER BY `time` DESC LIMIT 1 [ RunTime:0.000297s ]
[2023-03-19T20:53:31+08:00][sql] SELECT * FROM `information` ORDER BY `time` DESC LIMIT 1,4 [ RunTime:0.000379s ]
[2023-03-19T20:53:31+08:00][sql] SHOW FULL COLUMNS FROM `course` [ RunTime:0.001298s ]
[2023-03-19T20:53:31+08:00][sql] SELECT `id`,`title` FROM `course` ORDER BY `sorting` ASC LIMIT 0,6 [ RunTime:0.000238s ]
[2023-03-19T20:53:31+08:00][sql] SHOW FULL COLUMNS FROM `teacher` [ RunTime:0.000901s ]
[2023-03-19T20:53:31+08:00][sql] SELECT * FROM `teacher` [ RunTime:0.000330s ]
[2023-03-19T20:53:31+08:00][sql] SHOW FULL COLUMNS FROM `address` [ RunTime:0.000933s ]
[2023-03-19T20:53:31+08:00][sql] SELECT * FROM `address` WHERE  `id` = 1 LIMIT 1 [ RunTime:0.000238s ]
[2023-03-19T20:53:31+08:00][sql] SELECT * FROM `address` WHERE  `id` = 2 LIMIT 1 [ RunTime:0.000203s ]
[2023-03-19T21:56:52+08:00][sql] CONNECT:[ UseTime:0.000443s ] mysql:host=localhost;port=3316;dbname=coffee;charset=utf8
[2023-03-19T21:56:52+08:00][sql] SHOW FULL COLUMNS FROM `banner` [ RunTime:0.001351s ]
[2023-03-19T21:56:52+08:00][sql] SELECT * FROM `banner` [ RunTime:0.000257s ]
[2023-03-19T21:56:52+08:00][sql] SHOW FULL COLUMNS FROM `information` [ RunTime:0.001088s ]
[2023-03-19T21:56:52+08:00][sql] SELECT * FROM `information` ORDER BY `time` DESC LIMIT 1 [ RunTime:0.000361s ]
[2023-03-19T21:56:52+08:00][sql] SELECT * FROM `information` ORDER BY `time` DESC LIMIT 1,4 [ RunTime:0.000395s ]
[2023-03-19T21:56:52+08:00][sql] SHOW FULL COLUMNS FROM `course` [ RunTime:0.001108s ]
[2023-03-19T21:56:52+08:00][sql] SELECT `id`,`title` FROM `course` ORDER BY `sorting` ASC LIMIT 0,6 [ RunTime:0.000300s ]
[2023-03-19T21:56:52+08:00][sql] SHOW FULL COLUMNS FROM `teacher` [ RunTime:0.001025s ]
[2023-03-19T21:56:52+08:00][sql] SELECT * FROM `teacher` [ RunTime:0.000281s ]
[2023-03-19T21:56:52+08:00][sql] SHOW FULL COLUMNS FROM `address` [ RunTime:0.001111s ]
[2023-03-19T21:56:52+08:00][sql] SELECT * FROM `address` WHERE  `id` = 1 LIMIT 1 [ RunTime:0.000281s ]
[2023-03-19T21:56:52+08:00][sql] SELECT * FROM `address` WHERE  `id` = 2 LIMIT 1 [ RunTime:0.000240s ]
[2023-03-19T22:30:11+08:00][sql] CONNECT:[ UseTime:0.000488s ] mysql:host=localhost;port=3316;dbname=coffee;charset=utf8
[2023-03-19T22:30:11+08:00][sql] SHOW FULL COLUMNS FROM `banner` [ RunTime:0.001657s ]
[2023-03-19T22:30:11+08:00][sql] SELECT * FROM `banner` [ RunTime:0.000249s ]
[2023-03-19T22:30:11+08:00][sql] SHOW FULL COLUMNS FROM `information` [ RunTime:0.001097s ]
[2023-03-19T22:30:11+08:00][sql] SELECT * FROM `information` ORDER BY `time` DESC LIMIT 1 [ RunTime:0.000338s ]
[2023-03-19T22:30:11+08:00][sql] SELECT * FROM `information` ORDER BY `time` DESC LIMIT 1,4 [ RunTime:0.000420s ]
[2023-03-19T22:30:11+08:00][sql] SHOW FULL COLUMNS FROM `course` [ RunTime:0.001143s ]
[2023-03-19T22:30:11+08:00][sql] SELECT `id`,`title` FROM `course` ORDER BY `sorting` ASC LIMIT 0,6 [ RunTime:0.000265s ]
[2023-03-19T22:30:11+08:00][sql] SHOW FULL COLUMNS FROM `teacher` [ RunTime:0.000894s ]
[2023-03-19T22:30:11+08:00][sql] SELECT * FROM `teacher` [ RunTime:0.000269s ]
[2023-03-19T22:30:11+08:00][sql] SHOW FULL COLUMNS FROM `address` [ RunTime:0.001069s ]
[2023-03-19T22:30:11+08:00][sql] SELECT * FROM `address` WHERE  `id` = 1 LIMIT 1 [ RunTime:0.000288s ]
[2023-03-19T22:30:11+08:00][sql] SELECT * FROM `address` WHERE  `id` = 2 LIMIT 1 [ RunTime:0.000253s ]
[2023-03-19T22:31:24+08:00][sql] CONNECT:[ UseTime:0.000441s ] mysql:host=localhost;port=3316;dbname=coffee;charset=utf8
[2023-03-19T22:31:24+08:00][sql] SHOW FULL COLUMNS FROM `banner` [ RunTime:0.001267s ]
[2023-03-19T22:31:24+08:00][sql] SELECT * FROM `banner` [ RunTime:0.000249s ]
[2023-03-19T22:31:24+08:00][sql] SHOW FULL COLUMNS FROM `information` [ RunTime:0.000972s ]
[2023-03-19T22:31:24+08:00][sql] SELECT * FROM `information` ORDER BY `time` DESC LIMIT 1 [ RunTime:0.000358s ]
[2023-03-19T22:31:24+08:00][sql] SELECT * FROM `information` ORDER BY `time` DESC LIMIT 1,4 [ RunTime:0.000425s ]
[2023-03-19T22:31:24+08:00][sql] SHOW FULL COLUMNS FROM `course` [ RunTime:0.001159s ]
[2023-03-19T22:31:24+08:00][sql] SELECT `id`,`title` FROM `course` ORDER BY `sorting` ASC LIMIT 0,6 [ RunTime:0.000273s ]
[2023-03-19T22:31:24+08:00][sql] SHOW FULL COLUMNS FROM `teacher` [ RunTime:0.000984s ]
[2023-03-19T22:31:24+08:00][sql] SELECT * FROM `teacher` [ RunTime:0.000290s ]
[2023-03-19T22:31:24+08:00][sql] SHOW FULL COLUMNS FROM `address` [ RunTime:0.000939s ]
[2023-03-19T22:31:24+08:00][sql] SELECT * FROM `address` WHERE  `id` = 1 LIMIT 1 [ RunTime:0.000284s ]
[2023-03-19T22:31:24+08:00][sql] SELECT * FROM `address` WHERE  `id` = 2 LIMIT 1 [ RunTime:0.000271s ]
[2023-03-19T22:31:24+08:00][sql] CONNECT:[ UseTime:0.000389s ] mysql:host=localhost;port=3316;dbname=coffee;charset=utf8
[2023-03-19T22:31:24+08:00][sql] SHOW FULL COLUMNS FROM `banner` [ RunTime:0.001269s ]
[2023-03-19T22:31:24+08:00][sql] SELECT * FROM `banner` [ RunTime:0.000263s ]
[2023-03-19T22:31:24+08:00][sql] SHOW FULL COLUMNS FROM `information` [ RunTime:0.001059s ]
[2023-03-19T22:31:24+08:00][sql] SELECT * FROM `information` ORDER BY `time` DESC LIMIT 1 [ RunTime:0.000331s ]
[2023-03-19T22:31:24+08:00][sql] SELECT * FROM `information` ORDER BY `time` DESC LIMIT 1,4 [ RunTime:0.000420s ]
[2023-03-19T22:31:24+08:00][sql] SHOW FULL COLUMNS FROM `course` [ RunTime:0.001134s ]
[2023-03-19T22:31:24+08:00][sql] SELECT `id`,`title` FROM `course` ORDER BY `sorting` ASC LIMIT 0,6 [ RunTime:0.000356s ]
[2023-03-19T22:31:24+08:00][sql] SHOW FULL COLUMNS FROM `teacher` [ RunTime:0.000950s ]
[2023-03-19T22:31:24+08:00][sql] SELECT * FROM `teacher` [ RunTime:0.000260s ]
[2023-03-19T22:31:24+08:00][sql] SHOW FULL COLUMNS FROM `address` [ RunTime:0.000899s ]
[2023-03-19T22:31:24+08:00][sql] SELECT * FROM `address` WHERE  `id` = 1 LIMIT 1 [ RunTime:0.000304s ]
[2023-03-19T22:31:24+08:00][sql] SELECT * FROM `address` WHERE  `id` = 2 LIMIT 1 [ RunTime:0.000243s ]
[2023-03-19T22:33:41+08:00][sql] CONNECT:[ UseTime:0.000381s ] mysql:host=localhost;port=3316;dbname=coffee;charset=utf8
[2023-03-19T22:33:41+08:00][sql] SHOW FULL COLUMNS FROM `banner` [ RunTime:0.001325s ]
[2023-03-19T22:33:41+08:00][sql] SELECT * FROM `banner` [ RunTime:0.000219s ]
[2023-03-19T22:33:41+08:00][sql] SHOW FULL COLUMNS FROM `information` [ RunTime:0.001189s ]
[2023-03-19T22:33:41+08:00][sql] SELECT * FROM `information` ORDER BY `time` DESC LIMIT 1 [ RunTime:0.000309s ]
[2023-03-19T22:33:41+08:00][sql] SELECT * FROM `information` ORDER BY `time` DESC LIMIT 1,4 [ RunTime:0.000378s ]
[2023-03-19T22:33:41+08:00][sql] SHOW FULL COLUMNS FROM `course` [ RunTime:0.001495s ]
[2023-03-19T22:33:41+08:00][sql] SELECT `id`,`title` FROM `course` ORDER BY `sorting` ASC LIMIT 0,6 [ RunTime:0.000260s ]
[2023-03-19T22:33:41+08:00][sql] SHOW FULL COLUMNS FROM `teacher` [ RunTime:0.000953s ]
[2023-03-19T22:33:41+08:00][sql] SELECT * FROM `teacher` [ RunTime:0.000212s ]
[2023-03-19T22:33:41+08:00][sql] SHOW FULL COLUMNS FROM `address` [ RunTime:0.000916s ]
[2023-03-19T22:33:41+08:00][sql] SELECT * FROM `address` WHERE  `id` = 1 LIMIT 1 [ RunTime:0.000359s ]
[2023-03-19T22:33:41+08:00][sql] SELECT * FROM `address` WHERE  `id` = 2 LIMIT 1 [ RunTime:0.000285s ]
[2023-03-19T22:33:42+08:00][sql] CONNECT:[ UseTime:0.000459s ] mysql:host=localhost;port=3316;dbname=coffee;charset=utf8
[2023-03-19T22:33:42+08:00][sql] SHOW FULL COLUMNS FROM `banner` [ RunTime:0.001204s ]
[2023-03-19T22:33:42+08:00][sql] SELECT * FROM `banner` [ RunTime:0.000246s ]
[2023-03-19T22:33:42+08:00][sql] SHOW FULL COLUMNS FROM `information` [ RunTime:0.000984s ]
[2023-03-19T22:33:42+08:00][sql] SELECT * FROM `information` ORDER BY `time` DESC LIMIT 1 [ RunTime:0.000328s ]
[2023-03-19T22:33:42+08:00][sql] SELECT * FROM `information` ORDER BY `time` DESC LIMIT 1,4 [ RunTime:0.000435s ]
[2023-03-19T22:33:42+08:00][sql] SHOW FULL COLUMNS FROM `course` [ RunTime:0.001099s ]
[2023-03-19T22:33:42+08:00][sql] SELECT `id`,`title` FROM `course` ORDER BY `sorting` ASC LIMIT 0,6 [ RunTime:0.000268s ]
[2023-03-19T22:33:42+08:00][sql] SHOW FULL COLUMNS FROM `teacher` [ RunTime:0.000974s ]
[2023-03-19T22:33:42+08:00][sql] SELECT * FROM `teacher` [ RunTime:0.000265s ]
[2023-03-19T22:33:42+08:00][sql] SHOW FULL COLUMNS FROM `address` [ RunTime:0.000935s ]
[2023-03-19T22:33:42+08:00][sql] SELECT * FROM `address` WHERE  `id` = 1 LIMIT 1 [ RunTime:0.000280s ]
[2023-03-19T22:33:42+08:00][sql] SELECT * FROM `address` WHERE  `id` = 2 LIMIT 1 [ RunTime:0.000301s ]
[2023-03-19T22:41:52+08:00][sql] CONNECT:[ UseTime:0.000451s ] mysql:host=localhost;port=3316;dbname=coffee;charset=utf8
[2023-03-19T22:41:52+08:00][sql] SHOW FULL COLUMNS FROM `banner` [ RunTime:0.001302s ]
[2023-03-19T22:41:52+08:00][sql] SELECT * FROM `banner` [ RunTime:0.000248s ]
[2023-03-19T22:41:52+08:00][sql] SHOW FULL COLUMNS FROM `information` [ RunTime:0.001026s ]
[2023-03-19T22:41:52+08:00][sql] SELECT * FROM `information` ORDER BY `time` DESC LIMIT 1 [ RunTime:0.000350s ]
[2023-03-19T22:41:52+08:00][sql] SELECT * FROM `information` ORDER BY `time` DESC LIMIT 1,4 [ RunTime:0.000372s ]
[2023-03-19T22:41:52+08:00][sql] SHOW FULL COLUMNS FROM `course` [ RunTime:0.001085s ]
[2023-03-19T22:41:52+08:00][sql] SELECT `id`,`title` FROM `course` ORDER BY `sorting` ASC LIMIT 0,6 [ RunTime:0.000297s ]
[2023-03-19T22:41:52+08:00][sql] SHOW FULL COLUMNS FROM `teacher` [ RunTime:0.000938s ]
[2023-03-19T22:41:52+08:00][sql] SELECT * FROM `teacher` [ RunTime:0.000257s ]
[2023-03-19T22:41:52+08:00][sql] SHOW FULL COLUMNS FROM `address` [ RunTime:0.000910s ]
[2023-03-19T22:41:52+08:00][sql] SELECT * FROM `address` WHERE  `id` = 1 LIMIT 1 [ RunTime:0.000272s ]
[2023-03-19T22:41:52+08:00][sql] SELECT * FROM `address` WHERE  `id` = 2 LIMIT 1 [ RunTime:0.000252s ]
[2023-03-19T22:43:25+08:00][sql] CONNECT:[ UseTime:0.000428s ] mysql:host=localhost;port=3316;dbname=coffee;charset=utf8
[2023-03-19T22:43:25+08:00][sql] SHOW FULL COLUMNS FROM `banner` [ RunTime:0.001233s ]
[2023-03-19T22:43:25+08:00][sql] SELECT * FROM `banner` [ RunTime:0.000216s ]
[2023-03-19T22:43:25+08:00][sql] SHOW FULL COLUMNS FROM `information` [ RunTime:0.000973s ]
[2023-03-19T22:43:25+08:00][sql] SELECT * FROM `information` ORDER BY `time` DESC LIMIT 1 [ RunTime:0.000346s ]
[2023-03-19T22:43:25+08:00][sql] SELECT * FROM `information` ORDER BY `time` DESC LIMIT 1,4 [ RunTime:0.000329s ]
[2023-03-19T22:43:25+08:00][sql] SHOW FULL COLUMNS FROM `course` [ RunTime:0.001112s ]
[2023-03-19T22:43:25+08:00][sql] SELECT `id`,`title` FROM `course` ORDER BY `sorting` ASC LIMIT 0,6 [ RunTime:0.000244s ]
[2023-03-19T22:43:25+08:00][sql] SHOW FULL COLUMNS FROM `teacher` [ RunTime:0.000882s ]
[2023-03-19T22:43:25+08:00][sql] SELECT * FROM `teacher` [ RunTime:0.000229s ]
[2023-03-19T22:43:25+08:00][sql] SHOW FULL COLUMNS FROM `address` [ RunTime:0.001075s ]
[2023-03-19T22:43:25+08:00][sql] SELECT * FROM `address` WHERE  `id` = 1 LIMIT 1 [ RunTime:0.000279s ]
[2023-03-19T22:43:25+08:00][sql] SELECT * FROM `address` WHERE  `id` = 2 LIMIT 1 [ RunTime:0.000253s ]
[2023-03-19T22:47:05+08:00][sql] CONNECT:[ UseTime:0.000647s ] mysql:host=localhost;port=3316;dbname=coffee;charset=utf8
[2023-03-19T22:47:05+08:00][sql] SHOW FULL COLUMNS FROM `banner` [ RunTime:0.001719s ]
[2023-03-19T22:47:05+08:00][sql] SELECT * FROM `banner` [ RunTime:0.000285s ]
[2023-03-19T22:47:05+08:00][sql] SHOW FULL COLUMNS FROM `information` [ RunTime:0.001334s ]
[2023-03-19T22:47:05+08:00][sql] SELECT * FROM `information` ORDER BY `time` DESC LIMIT 1 [ RunTime:0.000419s ]
[2023-03-19T22:47:05+08:00][sql] SELECT * FROM `information` ORDER BY `time` DESC LIMIT 1,4 [ RunTime:0.000439s ]
[2023-03-19T22:47:05+08:00][sql] SHOW FULL COLUMNS FROM `course` [ RunTime:0.001497s ]
[2023-03-19T22:47:05+08:00][sql] SELECT `id`,`title` FROM `course` ORDER BY `sorting` ASC LIMIT 0,6 [ RunTime:0.000305s ]
[2023-03-19T22:47:05+08:00][sql] SHOW FULL COLUMNS FROM `teacher` [ RunTime:0.001220s ]
[2023-03-19T22:47:05+08:00][sql] SELECT * FROM `teacher` [ RunTime:0.000343s ]
[2023-03-19T22:47:05+08:00][sql] SHOW FULL COLUMNS FROM `address` [ RunTime:0.001321s ]
[2023-03-19T22:47:05+08:00][sql] SELECT * FROM `address` WHERE  `id` = 1 LIMIT 1 [ RunTime:0.014418s ]
[2023-03-19T22:47:05+08:00][sql] SELECT * FROM `address` WHERE  `id` = 2 LIMIT 1 [ RunTime:0.000455s ]
[2023-03-19T23:16:38+08:00][sql] CONNECT:[ UseTime:0.000406s ] mysql:host=localhost;port=3316;dbname=coffee;charset=utf8
[2023-03-19T23:16:38+08:00][sql] SHOW FULL COLUMNS FROM `banner` [ RunTime:0.001215s ]
[2023-03-19T23:16:38+08:00][sql] SELECT * FROM `banner` [ RunTime:0.000280s ]
[2023-03-19T23:16:38+08:00][sql] SHOW FULL COLUMNS FROM `information` [ RunTime:0.001009s ]
[2023-03-19T23:16:38+08:00][sql] SELECT * FROM `information` ORDER BY `time` DESC LIMIT 1 [ RunTime:0.000342s ]
[2023-03-19T23:16:38+08:00][sql] SELECT * FROM `information` ORDER BY `time` DESC LIMIT 1,4 [ RunTime:0.000380s ]
[2023-03-19T23:16:38+08:00][sql] SHOW FULL COLUMNS FROM `course` [ RunTime:0.001078s ]
[2023-03-19T23:16:38+08:00][sql] SELECT `id`,`title` FROM `course` ORDER BY `sorting` ASC LIMIT 0,6 [ RunTime:0.000274s ]
[2023-03-19T23:16:38+08:00][sql] SHOW FULL COLUMNS FROM `teacher` [ RunTime:0.000947s ]
[2023-03-19T23:16:38+08:00][sql] SELECT * FROM `teacher` [ RunTime:0.000270s ]
[2023-03-19T23:16:38+08:00][sql] SHOW FULL COLUMNS FROM `address` [ RunTime:0.000924s ]
[2023-03-19T23:16:38+08:00][sql] SELECT * FROM `address` WHERE  `id` = 1 LIMIT 1 [ RunTime:0.000273s ]
[2023-03-19T23:16:38+08:00][sql] SELECT * FROM `address` WHERE  `id` = 2 LIMIT 1 [ RunTime:0.000242s ]
[2023-03-19T23:51:48+08:00][sql] CONNECT:[ UseTime:0.000383s ] mysql:host=localhost;port=3316;dbname=coffee;charset=utf8
[2023-03-19T23:51:48+08:00][sql] SHOW FULL COLUMNS FROM `banner` [ RunTime:0.001326s ]
[2023-03-19T23:51:48+08:00][sql] SELECT * FROM `banner` [ RunTime:0.000228s ]
[2023-03-19T23:51:48+08:00][sql] SHOW FULL COLUMNS FROM `information` [ RunTime:0.000985s ]
[2023-03-19T23:51:48+08:00][sql] SELECT * FROM `information` ORDER BY `time` DESC LIMIT 1 [ RunTime:0.000345s ]
[2023-03-19T23:51:48+08:00][sql] SELECT * FROM `information` ORDER BY `time` DESC LIMIT 1,4 [ RunTime:0.000305s ]
[2023-03-19T23:51:48+08:00][sql] SHOW FULL COLUMNS FROM `course` [ RunTime:0.001006s ]
[2023-03-19T23:51:48+08:00][sql] SELECT `id`,`title` FROM `course` ORDER BY `sorting` ASC LIMIT 0,6 [ RunTime:0.000216s ]
[2023-03-19T23:51:48+08:00][sql] SHOW FULL COLUMNS FROM `teacher` [ RunTime:0.000855s ]
[2023-03-19T23:51:48+08:00][sql] SELECT * FROM `teacher` [ RunTime:0.000259s ]
[2023-03-19T23:51:48+08:00][sql] SHOW FULL COLUMNS FROM `address` [ RunTime:0.001016s ]
[2023-03-19T23:51:48+08:00][sql] SELECT * FROM `address` WHERE  `id` = 1 LIMIT 1 [ RunTime:0.000278s ]
[2023-03-19T23:51:48+08:00][sql] SELECT * FROM `address` WHERE  `id` = 2 LIMIT 1 [ RunTime:0.000241s ]
