[2023-02-12T00:00:28+08:00][sql] CONNECT:[ UseTime:0.000422s ] mysql:host=localhost;port=3316;dbname=coffee;charset=utf8
[2023-02-12T00:00:28+08:00][sql] SHOW FULL COLUMNS FROM `banner` [ RunTime:0.001207s ]
[2023-02-12T00:00:28+08:00][sql] SELECT * FROM `banner` [ RunTime:0.000229s ]
[2023-02-12T00:00:28+08:00][sql] SHOW FULL COLUMNS FROM `information` [ RunTime:0.000986s ]
[2023-02-12T00:00:28+08:00][sql] SELECT * FROM `information` ORDER BY `time` DESC LIMIT 1 [ RunTime:0.000355s ]
[2023-02-12T00:00:28+08:00][sql] SELECT * FROM `information` ORDER BY `time` DESC LIMIT 1,4 [ RunTime:0.000340s ]
[2023-02-12T00:00:28+08:00][sql] SHOW FULL COLUMNS FROM `course` [ RunTime:0.001050s ]
[2023-02-12T00:00:28+08:00][sql] SELECT `id`,`title` FROM `course` ORDER BY `sorting` ASC LIMIT 0,6 [ RunTime:0.000265s ]
[2023-02-12T00:00:28+08:00][sql] SHOW FULL COLUMNS FROM `teacher` [ RunTime:0.000943s ]
[2023-02-12T00:00:28+08:00][sql] SELECT * FROM `teacher` [ RunTime:0.000230s ]
[2023-02-12T00:00:28+08:00][sql] SHOW FULL COLUMNS FROM `address` [ RunTime:0.000910s ]
[2023-02-12T00:00:28+08:00][sql] SELECT * FROM `address` WHERE  `id` = 1 LIMIT 1 [ RunTime:0.000247s ]
[2023-02-12T00:00:28+08:00][sql] SELECT * FROM `address` WHERE  `id` = 2 LIMIT 1 [ RunTime:0.000230s ]
[2023-02-12T00:04:12+08:00][sql] CONNECT:[ UseTime:0.000438s ] mysql:host=localhost;port=3316;dbname=coffee;charset=utf8
[2023-02-12T00:04:12+08:00][sql] SHOW FULL COLUMNS FROM `banner` [ RunTime:0.001736s ]
[2023-02-12T00:04:12+08:00][sql] SELECT * FROM `banner` [ RunTime:0.000284s ]
[2023-02-12T00:04:12+08:00][sql] SHOW FULL COLUMNS FROM `information` [ RunTime:0.002718s ]
[2023-02-12T00:04:12+08:00][sql] SELECT * FROM `information` ORDER BY `time` DESC LIMIT 1 [ RunTime:0.000500s ]
[2023-02-12T00:04:12+08:00][sql] SELECT * FROM `information` ORDER BY `time` DESC LIMIT 1,4 [ RunTime:0.000461s ]
[2023-02-12T00:04:12+08:00][sql] SHOW FULL COLUMNS FROM `course` [ RunTime:0.001687s ]
[2023-02-12T00:04:12+08:00][sql] SELECT `id`,`title` FROM `course` ORDER BY `sorting` ASC LIMIT 0,6 [ RunTime:0.000280s ]
[2023-02-12T00:04:12+08:00][sql] SHOW FULL COLUMNS FROM `teacher` [ RunTime:0.001302s ]
[2023-02-12T00:04:12+08:00][sql] SELECT * FROM `teacher` [ RunTime:0.000303s ]
[2023-02-12T00:04:12+08:00][sql] SHOW FULL COLUMNS FROM `address` [ RunTime:0.001390s ]
[2023-02-12T00:04:12+08:00][sql] SELECT * FROM `address` WHERE  `id` = 1 LIMIT 1 [ RunTime:0.000308s ]
[2023-02-12T00:04:12+08:00][sql] SELECT * FROM `address` WHERE  `id` = 2 LIMIT 1 [ RunTime:0.000348s ]
[2023-02-12T00:04:12+08:00][sql] CONNECT:[ UseTime:0.000488s ] mysql:host=localhost;port=3316;dbname=coffee;charset=utf8
[2023-02-12T00:04:12+08:00][sql] SHOW FULL COLUMNS FROM `banner` [ RunTime:0.001632s ]
[2023-02-12T00:04:12+08:00][sql] SELECT * FROM `banner` [ RunTime:0.000259s ]
[2023-02-12T00:04:12+08:00][sql] SHOW FULL COLUMNS FROM `information` [ RunTime:0.001407s ]
[2023-02-12T00:04:12+08:00][sql] SELECT * FROM `information` ORDER BY `time` DESC LIMIT 1 [ RunTime:0.000407s ]
[2023-02-12T00:04:12+08:00][sql] SELECT * FROM `information` ORDER BY `time` DESC LIMIT 1,4 [ RunTime:0.000459s ]
[2023-02-12T00:04:12+08:00][sql] SHOW FULL COLUMNS FROM `course` [ RunTime:0.001703s ]
[2023-02-12T00:04:12+08:00][sql] SELECT `id`,`title` FROM `course` ORDER BY `sorting` ASC LIMIT 0,6 [ RunTime:0.000311s ]
[2023-02-12T00:04:12+08:00][sql] SHOW FULL COLUMNS FROM `teacher` [ RunTime:0.000987s ]
[2023-02-12T00:04:12+08:00][sql] SELECT * FROM `teacher` [ RunTime:0.000271s ]
[2023-02-12T00:04:12+08:00][sql] SHOW FULL COLUMNS FROM `address` [ RunTime:0.000941s ]
[2023-02-12T00:04:12+08:00][sql] SELECT * FROM `address` WHERE  `id` = 1 LIMIT 1 [ RunTime:0.000291s ]
[2023-02-12T00:04:12+08:00][sql] SELECT * FROM `address` WHERE  `id` = 2 LIMIT 1 [ RunTime:0.000269s ]
[2023-02-12T00:44:37+08:00][sql] CONNECT:[ UseTime:0.001701s ] mysql:host=localhost;port=3316;dbname=coffee;charset=utf8
[2023-02-12T00:44:37+08:00][sql] SHOW FULL COLUMNS FROM `banner` [ RunTime:0.001694s ]
[2023-02-12T00:44:37+08:00][sql] SELECT * FROM `banner` [ RunTime:0.000293s ]
[2023-02-12T00:44:37+08:00][sql] SHOW FULL COLUMNS FROM `information` [ RunTime:0.001416s ]
[2023-02-12T00:44:37+08:00][sql] SELECT * FROM `information` ORDER BY `time` DESC LIMIT 1 [ RunTime:0.000404s ]
[2023-02-12T00:44:37+08:00][sql] SELECT * FROM `information` ORDER BY `time` DESC LIMIT 1,4 [ RunTime:0.000558s ]
[2023-02-12T00:44:37+08:00][sql] SHOW FULL COLUMNS FROM `course` [ RunTime:0.001550s ]
[2023-02-12T00:44:37+08:00][sql] SELECT `id`,`title` FROM `course` ORDER BY `sorting` ASC LIMIT 0,6 [ RunTime:0.000352s ]
[2023-02-12T00:44:37+08:00][sql] SHOW FULL COLUMNS FROM `teacher` [ RunTime:0.001288s ]
[2023-02-12T00:44:37+08:00][sql] SELECT * FROM `teacher` [ RunTime:0.000318s ]
[2023-02-12T00:44:37+08:00][sql] SHOW FULL COLUMNS FROM `address` [ RunTime:0.001259s ]
[2023-02-12T00:44:37+08:00][sql] SELECT * FROM `address` WHERE  `id` = 1 LIMIT 1 [ RunTime:0.000323s ]
[2023-02-12T00:44:37+08:00][sql] SELECT * FROM `address` WHERE  `id` = 2 LIMIT 1 [ RunTime:0.000280s ]
[2023-02-12T01:09:34+08:00][sql] CONNECT:[ UseTime:0.000433s ] mysql:host=localhost;port=3316;dbname=coffee;charset=utf8
[2023-02-12T01:09:34+08:00][sql] SHOW FULL COLUMNS FROM `banner` [ RunTime:0.001346s ]
[2023-02-12T01:09:34+08:00][sql] SELECT * FROM `banner` [ RunTime:0.000316s ]
[2023-02-12T01:09:34+08:00][sql] SHOW FULL COLUMNS FROM `information` [ RunTime:0.001078s ]
[2023-02-12T01:09:34+08:00][sql] SELECT * FROM `information` ORDER BY `time` DESC LIMIT 1 [ RunTime:0.000318s ]
[2023-02-12T01:09:34+08:00][sql] SELECT * FROM `information` ORDER BY `time` DESC LIMIT 1,4 [ RunTime:0.000422s ]
[2023-02-12T01:09:34+08:00][sql] SHOW FULL COLUMNS FROM `course` [ RunTime:0.001155s ]
[2023-02-12T01:09:34+08:00][sql] SELECT `id`,`title` FROM `course` ORDER BY `sorting` ASC LIMIT 0,6 [ RunTime:0.000262s ]
[2023-02-12T01:09:34+08:00][sql] SHOW FULL COLUMNS FROM `teacher` [ RunTime:0.001085s ]
[2023-02-12T01:09:34+08:00][sql] SELECT * FROM `teacher` [ RunTime:0.000295s ]
[2023-02-12T01:09:34+08:00][sql] SHOW FULL COLUMNS FROM `address` [ RunTime:0.001060s ]
[2023-02-12T01:09:34+08:00][sql] SELECT * FROM `address` WHERE  `id` = 1 LIMIT 1 [ RunTime:0.000279s ]
[2023-02-12T01:09:34+08:00][sql] SELECT * FROM `address` WHERE  `id` = 2 LIMIT 1 [ RunTime:0.000581s ]
[2023-02-12T01:18:31+08:00][sql] CONNECT:[ UseTime:0.000409s ] mysql:host=localhost;port=3316;dbname=coffee;charset=utf8
[2023-02-12T01:18:31+08:00][sql] SHOW FULL COLUMNS FROM `banner` [ RunTime:0.001239s ]
[2023-02-12T01:18:31+08:00][sql] SELECT * FROM `banner` [ RunTime:0.000256s ]
[2023-02-12T01:18:31+08:00][sql] SHOW FULL COLUMNS FROM `information` [ RunTime:0.000970s ]
[2023-02-12T01:18:31+08:00][sql] SELECT * FROM `information` ORDER BY `time` DESC LIMIT 1 [ RunTime:0.000323s ]
[2023-02-12T01:18:31+08:00][sql] SELECT * FROM `information` ORDER BY `time` DESC LIMIT 1,4 [ RunTime:0.000414s ]
[2023-02-12T01:18:31+08:00][sql] SHOW FULL COLUMNS FROM `course` [ RunTime:0.001107s ]
[2023-02-12T01:18:31+08:00][sql] SELECT `id`,`title` FROM `course` ORDER BY `sorting` ASC LIMIT 0,6 [ RunTime:0.000271s ]
[2023-02-12T01:18:31+08:00][sql] SHOW FULL COLUMNS FROM `teacher` [ RunTime:0.000900s ]
[2023-02-12T01:18:31+08:00][sql] SELECT * FROM `teacher` [ RunTime:0.000271s ]
[2023-02-12T01:18:31+08:00][sql] SHOW FULL COLUMNS FROM `address` [ RunTime:0.000923s ]
[2023-02-12T01:18:31+08:00][sql] SELECT * FROM `address` WHERE  `id` = 1 LIMIT 1 [ RunTime:0.000277s ]
[2023-02-12T01:18:31+08:00][sql] SELECT * FROM `address` WHERE  `id` = 2 LIMIT 1 [ RunTime:0.000276s ]
[2023-02-12T01:18:31+08:00][sql] CONNECT:[ UseTime:0.000378s ] mysql:host=localhost;port=3316;dbname=coffee;charset=utf8
[2023-02-12T01:18:31+08:00][sql] SHOW FULL COLUMNS FROM `banner` [ RunTime:0.001203s ]
[2023-02-12T01:18:31+08:00][sql] SELECT * FROM `banner` [ RunTime:0.000247s ]
[2023-02-12T01:18:31+08:00][sql] SHOW FULL COLUMNS FROM `information` [ RunTime:0.000966s ]
[2023-02-12T01:18:31+08:00][sql] SELECT * FROM `information` ORDER BY `time` DESC LIMIT 1 [ RunTime:0.000305s ]
[2023-02-12T01:18:31+08:00][sql] SELECT * FROM `information` ORDER BY `time` DESC LIMIT 1,4 [ RunTime:0.000402s ]
[2023-02-12T01:18:31+08:00][sql] SHOW FULL COLUMNS FROM `course` [ RunTime:0.001066s ]
[2023-02-12T01:18:31+08:00][sql] SELECT `id`,`title` FROM `course` ORDER BY `sorting` ASC LIMIT 0,6 [ RunTime:0.000264s ]
[2023-02-12T01:18:31+08:00][sql] SHOW FULL COLUMNS FROM `teacher` [ RunTime:0.000921s ]
[2023-02-12T01:18:31+08:00][sql] SELECT * FROM `teacher` [ RunTime:0.000287s ]
[2023-02-12T01:18:31+08:00][sql] SHOW FULL COLUMNS FROM `address` [ RunTime:0.000909s ]
[2023-02-12T01:18:31+08:00][sql] SELECT * FROM `address` WHERE  `id` = 1 LIMIT 1 [ RunTime:0.000283s ]
[2023-02-12T01:18:31+08:00][sql] SELECT * FROM `address` WHERE  `id` = 2 LIMIT 1 [ RunTime:0.000238s ]
[2023-02-12T01:33:53+08:00][sql] CONNECT:[ UseTime:0.000406s ] mysql:host=localhost;port=3316;dbname=coffee;charset=utf8
[2023-02-12T01:33:53+08:00][sql] SHOW FULL COLUMNS FROM `banner` [ RunTime:0.001229s ]
[2023-02-12T01:33:53+08:00][sql] SELECT * FROM `banner` [ RunTime:0.000345s ]
[2023-02-12T01:33:53+08:00][sql] SHOW FULL COLUMNS FROM `information` [ RunTime:0.001117s ]
[2023-02-12T01:33:53+08:00][sql] SELECT * FROM `information` ORDER BY `time` DESC LIMIT 1 [ RunTime:0.000331s ]
[2023-02-12T01:33:53+08:00][sql] SELECT * FROM `information` ORDER BY `time` DESC LIMIT 1,4 [ RunTime:0.000438s ]
[2023-02-12T01:33:53+08:00][sql] SHOW FULL COLUMNS FROM `course` [ RunTime:0.001245s ]
[2023-02-12T01:33:53+08:00][sql] SELECT `id`,`title` FROM `course` ORDER BY `sorting` ASC LIMIT 0,6 [ RunTime:0.000273s ]
[2023-02-12T01:33:53+08:00][sql] SHOW FULL COLUMNS FROM `teacher` [ RunTime:0.001283s ]
[2023-02-12T01:33:53+08:00][sql] SELECT * FROM `teacher` [ RunTime:0.000276s ]
[2023-02-12T01:33:53+08:00][sql] SHOW FULL COLUMNS FROM `address` [ RunTime:0.001043s ]
[2023-02-12T01:33:53+08:00][sql] SELECT * FROM `address` WHERE  `id` = 1 LIMIT 1 [ RunTime:0.000300s ]
[2023-02-12T01:33:53+08:00][sql] SELECT * FROM `address` WHERE  `id` = 2 LIMIT 1 [ RunTime:0.000252s ]
[2023-02-12T01:52:46+08:00][sql] CONNECT:[ UseTime:0.000483s ] mysql:host=localhost;port=3316;dbname=coffee;charset=utf8
[2023-02-12T01:52:46+08:00][sql] SHOW FULL COLUMNS FROM `banner` [ RunTime:0.001271s ]
[2023-02-12T01:52:46+08:00][sql] SELECT * FROM `banner` [ RunTime:0.000264s ]
[2023-02-12T01:52:46+08:00][sql] SHOW FULL COLUMNS FROM `information` [ RunTime:0.001054s ]
[2023-02-12T01:52:46+08:00][sql] SELECT * FROM `information` ORDER BY `time` DESC LIMIT 1 [ RunTime:0.000342s ]
[2023-02-12T01:52:46+08:00][sql] SELECT * FROM `information` ORDER BY `time` DESC LIMIT 1,4 [ RunTime:0.000392s ]
[2023-02-12T01:52:46+08:00][sql] SHOW FULL COLUMNS FROM `course` [ RunTime:0.001088s ]
[2023-02-12T01:52:46+08:00][sql] SELECT `id`,`title` FROM `course` ORDER BY `sorting` ASC LIMIT 0,6 [ RunTime:0.000283s ]
[2023-02-12T01:52:46+08:00][sql] SHOW FULL COLUMNS FROM `teacher` [ RunTime:0.000949s ]
[2023-02-12T01:52:46+08:00][sql] SELECT * FROM `teacher` [ RunTime:0.000259s ]
[2023-02-12T01:52:46+08:00][sql] SHOW FULL COLUMNS FROM `address` [ RunTime:0.001010s ]
[2023-02-12T01:52:46+08:00][sql] SELECT * FROM `address` WHERE  `id` = 1 LIMIT 1 [ RunTime:0.000281s ]
[2023-02-12T01:52:46+08:00][sql] SELECT * FROM `address` WHERE  `id` = 2 LIMIT 1 [ RunTime:0.000296s ]
[2023-02-12T02:01:06+08:00][sql] CONNECT:[ UseTime:0.002783s ] mysql:host=localhost;port=3316;dbname=coffee;charset=utf8
[2023-02-12T02:01:06+08:00][sql] SHOW FULL COLUMNS FROM `banner` [ RunTime:0.001715s ]
[2023-02-12T02:01:06+08:00][sql] SELECT * FROM `banner` [ RunTime:0.000338s ]
[2023-02-12T02:01:06+08:00][sql] SHOW FULL COLUMNS FROM `information` [ RunTime:0.001508s ]
[2023-02-12T02:01:06+08:00][sql] SELECT * FROM `information` ORDER BY `time` DESC LIMIT 1 [ RunTime:0.000403s ]
[2023-02-12T02:01:06+08:00][sql] SELECT * FROM `information` ORDER BY `time` DESC LIMIT 1,4 [ RunTime:0.000519s ]
[2023-02-12T02:01:06+08:00][sql] SHOW FULL COLUMNS FROM `course` [ RunTime:0.001690s ]
[2023-02-12T02:01:06+08:00][sql] SELECT `id`,`title` FROM `course` ORDER BY `sorting` ASC LIMIT 0,6 [ RunTime:0.000310s ]
[2023-02-12T02:01:06+08:00][sql] SHOW FULL COLUMNS FROM `teacher` [ RunTime:0.001252s ]
[2023-02-12T02:01:06+08:00][sql] SELECT * FROM `teacher` [ RunTime:0.000353s ]
[2023-02-12T02:01:06+08:00][sql] SHOW FULL COLUMNS FROM `address` [ RunTime:0.001249s ]
[2023-02-12T02:01:06+08:00][sql] SELECT * FROM `address` WHERE  `id` = 1 LIMIT 1 [ RunTime:0.000438s ]
[2023-02-12T02:01:06+08:00][sql] SELECT * FROM `address` WHERE  `id` = 2 LIMIT 1 [ RunTime:0.000269s ]
[2023-02-12T02:33:08+08:00][sql] CONNECT:[ UseTime:0.009002s ] mysql:host=localhost;port=3316;dbname=coffee;charset=utf8
[2023-02-12T02:33:08+08:00][sql] SHOW FULL COLUMNS FROM `banner` [ RunTime:0.001846s ]
[2023-02-12T02:33:08+08:00][sql] SELECT * FROM `banner` [ RunTime:0.000357s ]
[2023-02-12T02:33:08+08:00][sql] SHOW FULL COLUMNS FROM `information` [ RunTime:0.001569s ]
[2023-02-12T02:33:08+08:00][sql] SELECT * FROM `information` ORDER BY `time` DESC LIMIT 1 [ RunTime:0.000485s ]
[2023-02-12T02:33:08+08:00][sql] SELECT * FROM `information` ORDER BY `time` DESC LIMIT 1,4 [ RunTime:0.000571s ]
[2023-02-12T02:33:08+08:00][sql] SHOW FULL COLUMNS FROM `course` [ RunTime:0.001655s ]
[2023-02-12T02:33:08+08:00][sql] SELECT `id`,`title` FROM `course` ORDER BY `sorting` ASC LIMIT 0,6 [ RunTime:0.000392s ]
[2023-02-12T02:33:08+08:00][sql] SHOW FULL COLUMNS FROM `teacher` [ RunTime:0.001372s ]
[2023-02-12T02:33:08+08:00][sql] SELECT * FROM `teacher` [ RunTime:0.000432s ]
[2023-02-12T02:33:08+08:00][sql] SHOW FULL COLUMNS FROM `address` [ RunTime:0.001394s ]
[2023-02-12T02:33:08+08:00][sql] SELECT * FROM `address` WHERE  `id` = 1 LIMIT 1 [ RunTime:0.000417s ]
[2023-02-12T02:33:08+08:00][sql] SELECT * FROM `address` WHERE  `id` = 2 LIMIT 1 [ RunTime:0.000397s ]
[2023-02-12T03:19:27+08:00][sql] CONNECT:[ UseTime:0.000438s ] mysql:host=localhost;port=3316;dbname=coffee;charset=utf8
[2023-02-12T03:19:27+08:00][sql] SHOW FULL COLUMNS FROM `banner` [ RunTime:0.001250s ]
[2023-02-12T03:19:27+08:00][sql] SELECT * FROM `banner` [ RunTime:0.000269s ]
[2023-02-12T03:19:27+08:00][sql] SHOW FULL COLUMNS FROM `information` [ RunTime:0.001015s ]
[2023-02-12T03:19:27+08:00][sql] SELECT * FROM `information` ORDER BY `time` DESC LIMIT 1 [ RunTime:0.000326s ]
[2023-02-12T03:19:27+08:00][sql] SELECT * FROM `information` ORDER BY `time` DESC LIMIT 1,4 [ RunTime:0.000384s ]
[2023-02-12T03:19:27+08:00][sql] SHOW FULL COLUMNS FROM `course` [ RunTime:0.001062s ]
[2023-02-12T03:19:27+08:00][sql] SELECT `id`,`title` FROM `course` ORDER BY `sorting` ASC LIMIT 0,6 [ RunTime:0.000322s ]
[2023-02-12T03:19:27+08:00][sql] SHOW FULL COLUMNS FROM `teacher` [ RunTime:0.000918s ]
[2023-02-12T03:19:27+08:00][sql] SELECT * FROM `teacher` [ RunTime:0.000255s ]
[2023-02-12T03:19:27+08:00][sql] SHOW FULL COLUMNS FROM `address` [ RunTime:0.000912s ]
[2023-02-12T03:19:27+08:00][sql] SELECT * FROM `address` WHERE  `id` = 1 LIMIT 1 [ RunTime:0.000301s ]
[2023-02-12T03:19:27+08:00][sql] SELECT * FROM `address` WHERE  `id` = 2 LIMIT 1 [ RunTime:0.000252s ]
[2023-02-12T04:55:06+08:00][sql] CONNECT:[ UseTime:0.000407s ] mysql:host=localhost;port=3316;dbname=coffee;charset=utf8
[2023-02-12T04:55:06+08:00][sql] SHOW FULL COLUMNS FROM `banner` [ RunTime:0.001213s ]
[2023-02-12T04:55:06+08:00][sql] SELECT * FROM `banner` [ RunTime:0.000258s ]
[2023-02-12T04:55:06+08:00][sql] SHOW FULL COLUMNS FROM `information` [ RunTime:0.000961s ]
[2023-02-12T04:55:06+08:00][sql] SELECT * FROM `information` ORDER BY `time` DESC LIMIT 1 [ RunTime:0.000333s ]
[2023-02-12T04:55:06+08:00][sql] SELECT * FROM `information` ORDER BY `time` DESC LIMIT 1,4 [ RunTime:0.000387s ]
[2023-02-12T04:55:06+08:00][sql] SHOW FULL COLUMNS FROM `course` [ RunTime:0.001058s ]
[2023-02-12T04:55:06+08:00][sql] SELECT `id`,`title` FROM `course` ORDER BY `sorting` ASC LIMIT 0,6 [ RunTime:0.000255s ]
[2023-02-12T04:55:06+08:00][sql] SHOW FULL COLUMNS FROM `teacher` [ RunTime:0.000904s ]
[2023-02-12T04:55:06+08:00][sql] SELECT * FROM `teacher` [ RunTime:0.000272s ]
[2023-02-12T04:55:06+08:00][sql] SHOW FULL COLUMNS FROM `address` [ RunTime:0.000925s ]
[2023-02-12T04:55:06+08:00][sql] SELECT * FROM `address` WHERE  `id` = 1 LIMIT 1 [ RunTime:0.000285s ]
[2023-02-12T04:55:06+08:00][sql] SELECT * FROM `address` WHERE  `id` = 2 LIMIT 1 [ RunTime:0.000270s ]
[2023-02-12T05:45:11+08:00][sql] CONNECT:[ UseTime:0.000438s ] mysql:host=localhost;port=3316;dbname=coffee;charset=utf8
[2023-02-12T05:45:11+08:00][sql] SHOW FULL COLUMNS FROM `banner` [ RunTime:0.001613s ]
[2023-02-12T05:45:11+08:00][sql] SELECT * FROM `banner` [ RunTime:0.000264s ]
[2023-02-12T05:45:11+08:00][sql] SHOW FULL COLUMNS FROM `information` [ RunTime:0.001377s ]
[2023-02-12T05:45:11+08:00][sql] SELECT * FROM `information` ORDER BY `time` DESC LIMIT 1 [ RunTime:0.000356s ]
[2023-02-12T05:45:11+08:00][sql] SELECT * FROM `information` ORDER BY `time` DESC LIMIT 1,4 [ RunTime:0.000445s ]
[2023-02-12T05:45:11+08:00][sql] SHOW FULL COLUMNS FROM `course` [ RunTime:0.001473s ]
[2023-02-12T05:45:11+08:00][sql] SELECT `id`,`title` FROM `course` ORDER BY `sorting` ASC LIMIT 0,6 [ RunTime:0.000284s ]
[2023-02-12T05:45:11+08:00][sql] SHOW FULL COLUMNS FROM `teacher` [ RunTime:0.001252s ]
[2023-02-12T05:45:11+08:00][sql] SELECT * FROM `teacher` [ RunTime:0.000269s ]
[2023-02-12T05:45:11+08:00][sql] SHOW FULL COLUMNS FROM `address` [ RunTime:0.001253s ]
[2023-02-12T05:45:11+08:00][sql] SELECT * FROM `address` WHERE  `id` = 1 LIMIT 1 [ RunTime:0.000294s ]
[2023-02-12T05:45:11+08:00][sql] SELECT * FROM `address` WHERE  `id` = 2 LIMIT 1 [ RunTime:0.000231s ]
[2023-02-12T05:45:33+08:00][sql] CONNECT:[ UseTime:0.000360s ] mysql:host=localhost;port=3316;dbname=coffee;charset=utf8
[2023-02-12T05:45:33+08:00][sql] SHOW FULL COLUMNS FROM `banner` [ RunTime:0.001216s ]
[2023-02-12T05:45:33+08:00][sql] SELECT * FROM `banner` [ RunTime:0.000212s ]
[2023-02-12T05:45:33+08:00][sql] SHOW FULL COLUMNS FROM `information` [ RunTime:0.000960s ]
[2023-02-12T05:45:33+08:00][sql] SELECT * FROM `information` ORDER BY `time` DESC LIMIT 1 [ RunTime:0.000308s ]
[2023-02-12T05:45:33+08:00][sql] SELECT * FROM `information` ORDER BY `time` DESC LIMIT 1,4 [ RunTime:0.000364s ]
[2023-02-12T05:45:33+08:00][sql] SHOW FULL COLUMNS FROM `course` [ RunTime:0.001051s ]
[2023-02-12T05:45:33+08:00][sql] SELECT `id`,`title` FROM `course` ORDER BY `sorting` ASC LIMIT 0,6 [ RunTime:0.000225s ]
[2023-02-12T05:45:33+08:00][sql] SHOW FULL COLUMNS FROM `teacher` [ RunTime:0.000873s ]
[2023-02-12T05:45:33+08:00][sql] SELECT * FROM `teacher` [ RunTime:0.000249s ]
[2023-02-12T05:45:33+08:00][sql] SHOW FULL COLUMNS FROM `address` [ RunTime:0.000930s ]
[2023-02-12T05:45:33+08:00][sql] SELECT * FROM `address` WHERE  `id` = 1 LIMIT 1 [ RunTime:0.000254s ]
[2023-02-12T05:45:33+08:00][sql] SELECT * FROM `address` WHERE  `id` = 2 LIMIT 1 [ RunTime:0.000238s ]
[2023-02-12T06:30:27+08:00][sql] CONNECT:[ UseTime:0.000493s ] mysql:host=localhost;port=3316;dbname=coffee;charset=utf8
[2023-02-12T06:30:27+08:00][sql] SHOW FULL COLUMNS FROM `banner` [ RunTime:0.001319s ]
[2023-02-12T06:30:27+08:00][sql] SELECT * FROM `banner` [ RunTime:0.000257s ]
[2023-02-12T06:30:27+08:00][sql] SHOW FULL COLUMNS FROM `information` [ RunTime:0.001001s ]
[2023-02-12T06:30:27+08:00][sql] SELECT * FROM `information` ORDER BY `time` DESC LIMIT 1 [ RunTime:0.000359s ]
[2023-02-12T06:30:27+08:00][sql] SELECT * FROM `information` ORDER BY `time` DESC LIMIT 1,4 [ RunTime:0.000387s ]
[2023-02-12T06:30:27+08:00][sql] SHOW FULL COLUMNS FROM `course` [ RunTime:0.001078s ]
[2023-02-12T06:30:27+08:00][sql] SELECT `id`,`title` FROM `course` ORDER BY `sorting` ASC LIMIT 0,6 [ RunTime:0.000336s ]
[2023-02-12T06:30:27+08:00][sql] SHOW FULL COLUMNS FROM `teacher` [ RunTime:0.001024s ]
[2023-02-12T06:30:27+08:00][sql] SELECT * FROM `teacher` [ RunTime:0.000257s ]
[2023-02-12T06:30:27+08:00][sql] SHOW FULL COLUMNS FROM `address` [ RunTime:0.000951s ]
[2023-02-12T06:30:27+08:00][sql] SELECT * FROM `address` WHERE  `id` = 1 LIMIT 1 [ RunTime:0.000307s ]
[2023-02-12T06:30:27+08:00][sql] SELECT * FROM `address` WHERE  `id` = 2 LIMIT 1 [ RunTime:0.000247s ]
[2023-02-12T06:34:48+08:00][sql] CONNECT:[ UseTime:0.000401s ] mysql:host=localhost;port=3316;dbname=coffee;charset=utf8
[2023-02-12T06:34:48+08:00][sql] SHOW FULL COLUMNS FROM `banner` [ RunTime:0.001187s ]
[2023-02-12T06:34:48+08:00][sql] SELECT * FROM `banner` [ RunTime:0.000241s ]
[2023-02-12T06:34:48+08:00][sql] SHOW FULL COLUMNS FROM `information` [ RunTime:0.000964s ]
[2023-02-12T06:34:48+08:00][sql] SELECT * FROM `information` ORDER BY `time` DESC LIMIT 1 [ RunTime:0.000285s ]
[2023-02-12T06:34:48+08:00][sql] SELECT * FROM `information` ORDER BY `time` DESC LIMIT 1,4 [ RunTime:0.000353s ]
[2023-02-12T06:34:48+08:00][sql] SHOW FULL COLUMNS FROM `course` [ RunTime:0.001035s ]
[2023-02-12T06:34:48+08:00][sql] SELECT `id`,`title` FROM `course` ORDER BY `sorting` ASC LIMIT 0,6 [ RunTime:0.000222s ]
[2023-02-12T06:34:48+08:00][sql] SHOW FULL COLUMNS FROM `teacher` [ RunTime:0.000909s ]
[2023-02-12T06:34:48+08:00][sql] SELECT * FROM `teacher` [ RunTime:0.000230s ]
[2023-02-12T06:34:48+08:00][sql] SHOW FULL COLUMNS FROM `address` [ RunTime:0.000921s ]
[2023-02-12T06:34:48+08:00][sql] SELECT * FROM `address` WHERE  `id` = 1 LIMIT 1 [ RunTime:0.000256s ]
[2023-02-12T06:34:48+08:00][sql] SELECT * FROM `address` WHERE  `id` = 2 LIMIT 1 [ RunTime:0.000203s ]
[2023-02-12T07:19:30+08:00][sql] CONNECT:[ UseTime:0.000439s ] mysql:host=localhost;port=3316;dbname=coffee;charset=utf8
[2023-02-12T07:19:30+08:00][sql] SHOW FULL COLUMNS FROM `banner` [ RunTime:0.001293s ]
[2023-02-12T07:19:30+08:00][sql] SELECT * FROM `banner` [ RunTime:0.000254s ]
[2023-02-12T07:19:30+08:00][sql] SHOW FULL COLUMNS FROM `information` [ RunTime:0.001160s ]
[2023-02-12T07:19:30+08:00][sql] SELECT * FROM `information` ORDER BY `time` DESC LIMIT 1 [ RunTime:0.000342s ]
[2023-02-12T07:19:30+08:00][sql] SELECT * FROM `information` ORDER BY `time` DESC LIMIT 1,4 [ RunTime:0.000388s ]
[2023-02-12T07:19:30+08:00][sql] SHOW FULL COLUMNS FROM `course` [ RunTime:0.001081s ]
[2023-02-12T07:19:30+08:00][sql] SELECT `id`,`title` FROM `course` ORDER BY `sorting` ASC LIMIT 0,6 [ RunTime:0.000281s ]
[2023-02-12T07:19:30+08:00][sql] SHOW FULL COLUMNS FROM `teacher` [ RunTime:0.000927s ]
[2023-02-12T07:19:30+08:00][sql] SELECT * FROM `teacher` [ RunTime:0.000285s ]
[2023-02-12T07:19:30+08:00][sql] SHOW FULL COLUMNS FROM `address` [ RunTime:0.000917s ]
[2023-02-12T07:19:30+08:00][sql] SELECT * FROM `address` WHERE  `id` = 1 LIMIT 1 [ RunTime:0.000281s ]
[2023-02-12T07:19:30+08:00][sql] SELECT * FROM `address` WHERE  `id` = 2 LIMIT 1 [ RunTime:0.000258s ]
[2023-02-12T07:20:57+08:00][sql] CONNECT:[ UseTime:0.000371s ] mysql:host=localhost;port=3316;dbname=coffee;charset=utf8
[2023-02-12T07:20:57+08:00][sql] SHOW FULL COLUMNS FROM `banner` [ RunTime:0.001255s ]
[2023-02-12T07:20:57+08:00][sql] SELECT * FROM `banner` [ RunTime:0.000278s ]
[2023-02-12T07:20:57+08:00][sql] SHOW FULL COLUMNS FROM `information` [ RunTime:0.000961s ]
[2023-02-12T07:20:57+08:00][sql] SELECT * FROM `information` ORDER BY `time` DESC LIMIT 1 [ RunTime:0.000283s ]
[2023-02-12T07:20:57+08:00][sql] SELECT * FROM `information` ORDER BY `time` DESC LIMIT 1,4 [ RunTime:0.000312s ]
[2023-02-12T07:20:57+08:00][sql] SHOW FULL COLUMNS FROM `course` [ RunTime:0.001048s ]
[2023-02-12T07:20:57+08:00][sql] SELECT `id`,`title` FROM `course` ORDER BY `sorting` ASC LIMIT 0,6 [ RunTime:0.000222s ]
[2023-02-12T07:20:57+08:00][sql] SHOW FULL COLUMNS FROM `teacher` [ RunTime:0.000883s ]
[2023-02-12T07:20:57+08:00][sql] SELECT * FROM `teacher` [ RunTime:0.000305s ]
[2023-02-12T07:20:57+08:00][sql] SHOW FULL COLUMNS FROM `address` [ RunTime:0.001072s ]
[2023-02-12T07:20:57+08:00][sql] SELECT * FROM `address` WHERE  `id` = 1 LIMIT 1 [ RunTime:0.000297s ]
[2023-02-12T07:20:57+08:00][sql] SELECT * FROM `address` WHERE  `id` = 2 LIMIT 1 [ RunTime:0.000238s ]
[2023-02-12T07:39:29+08:00][sql] CONNECT:[ UseTime:0.000411s ] mysql:host=localhost;port=3316;dbname=coffee;charset=utf8
[2023-02-12T07:39:29+08:00][sql] SHOW FULL COLUMNS FROM `banner` [ RunTime:0.001234s ]
[2023-02-12T07:39:29+08:00][sql] SELECT * FROM `banner` [ RunTime:0.000262s ]
[2023-02-12T07:39:29+08:00][sql] SHOW FULL COLUMNS FROM `information` [ RunTime:0.000973s ]
[2023-02-12T07:39:29+08:00][sql] SELECT * FROM `information` ORDER BY `time` DESC LIMIT 1 [ RunTime:0.000318s ]
[2023-02-12T07:39:29+08:00][sql] SELECT * FROM `information` ORDER BY `time` DESC LIMIT 1,4 [ RunTime:0.000407s ]
[2023-02-12T07:39:29+08:00][sql] SHOW FULL COLUMNS FROM `course` [ RunTime:0.001257s ]
[2023-02-12T07:39:29+08:00][sql] SELECT `id`,`title` FROM `course` ORDER BY `sorting` ASC LIMIT 0,6 [ RunTime:0.000290s ]
[2023-02-12T07:39:29+08:00][sql] SHOW FULL COLUMNS FROM `teacher` [ RunTime:0.000944s ]
[2023-02-12T07:39:29+08:00][sql] SELECT * FROM `teacher` [ RunTime:0.000262s ]
[2023-02-12T07:39:29+08:00][sql] SHOW FULL COLUMNS FROM `address` [ RunTime:0.000925s ]
[2023-02-12T07:39:29+08:00][sql] SELECT * FROM `address` WHERE  `id` = 1 LIMIT 1 [ RunTime:0.000302s ]
[2023-02-12T07:39:29+08:00][sql] SELECT * FROM `address` WHERE  `id` = 2 LIMIT 1 [ RunTime:0.000255s ]
[2023-02-12T08:33:05+08:00][sql] CONNECT:[ UseTime:0.000485s ] mysql:host=localhost;port=3316;dbname=coffee;charset=utf8
[2023-02-12T08:33:05+08:00][sql] SHOW FULL COLUMNS FROM `banner` [ RunTime:0.002816s ]
[2023-02-12T08:33:05+08:00][sql] SELECT * FROM `banner` [ RunTime:0.000226s ]
[2023-02-12T08:33:05+08:00][sql] SHOW FULL COLUMNS FROM `information` [ RunTime:0.000991s ]
[2023-02-12T08:33:05+08:00][sql] SELECT * FROM `information` ORDER BY `time` DESC LIMIT 1 [ RunTime:0.000287s ]
[2023-02-12T08:33:05+08:00][sql] SELECT * FROM `information` ORDER BY `time` DESC LIMIT 1,4 [ RunTime:0.000341s ]
[2023-02-12T08:33:05+08:00][sql] SHOW FULL COLUMNS FROM `course` [ RunTime:0.001112s ]
[2023-02-12T08:33:05+08:00][sql] SELECT `id`,`title` FROM `course` ORDER BY `sorting` ASC LIMIT 0,6 [ RunTime:0.000234s ]
[2023-02-12T08:33:05+08:00][sql] SHOW FULL COLUMNS FROM `teacher` [ RunTime:0.000860s ]
[2023-02-12T08:33:05+08:00][sql] SELECT * FROM `teacher` [ RunTime:0.000229s ]
[2023-02-12T08:33:05+08:00][sql] SHOW FULL COLUMNS FROM `address` [ RunTime:0.000905s ]
[2023-02-12T08:33:05+08:00][sql] SELECT * FROM `address` WHERE  `id` = 1 LIMIT 1 [ RunTime:0.000243s ]
[2023-02-12T08:33:05+08:00][sql] SELECT * FROM `address` WHERE  `id` = 2 LIMIT 1 [ RunTime:0.000257s ]
[2023-02-12T08:33:11+08:00][sql] CONNECT:[ UseTime:0.000439s ] mysql:host=localhost;port=3316;dbname=coffee;charset=utf8
[2023-02-12T08:33:11+08:00][sql] SHOW FULL COLUMNS FROM `banner` [ RunTime:0.001250s ]
[2023-02-12T08:33:11+08:00][sql] SELECT * FROM `banner` [ RunTime:0.000266s ]
[2023-02-12T08:33:11+08:00][sql] SHOW FULL COLUMNS FROM `information` [ RunTime:0.001028s ]
[2023-02-12T08:33:11+08:00][sql] SELECT * FROM `information` ORDER BY `time` DESC LIMIT 1 [ RunTime:0.000342s ]
[2023-02-12T08:33:11+08:00][sql] SELECT * FROM `information` ORDER BY `time` DESC LIMIT 1,4 [ RunTime:0.000385s ]
[2023-02-12T08:33:11+08:00][sql] SHOW FULL COLUMNS FROM `course` [ RunTime:0.001090s ]
[2023-02-12T08:33:11+08:00][sql] SELECT `id`,`title` FROM `course` ORDER BY `sorting` ASC LIMIT 0,6 [ RunTime:0.000266s ]
[2023-02-12T08:33:11+08:00][sql] SHOW FULL COLUMNS FROM `teacher` [ RunTime:0.000905s ]
[2023-02-12T08:33:11+08:00][sql] SELECT * FROM `teacher` [ RunTime:0.000268s ]
[2023-02-12T08:33:11+08:00][sql] SHOW FULL COLUMNS FROM `address` [ RunTime:0.000923s ]
[2023-02-12T08:33:11+08:00][sql] SELECT * FROM `address` WHERE  `id` = 1 LIMIT 1 [ RunTime:0.000302s ]
[2023-02-12T08:33:11+08:00][sql] SELECT * FROM `address` WHERE  `id` = 2 LIMIT 1 [ RunTime:0.000249s ]
[2023-02-12T08:39:07+08:00][sql] CONNECT:[ UseTime:0.000450s ] mysql:host=localhost;port=3316;dbname=coffee;charset=utf8
[2023-02-12T08:39:07+08:00][sql] SHOW FULL COLUMNS FROM `banner` [ RunTime:0.001445s ]
[2023-02-12T08:39:07+08:00][sql] SELECT * FROM `banner` [ RunTime:0.000254s ]
[2023-02-12T08:39:07+08:00][sql] SHOW FULL COLUMNS FROM `information` [ RunTime:0.000978s ]
[2023-02-12T08:39:07+08:00][sql] SELECT * FROM `information` ORDER BY `time` DESC LIMIT 1 [ RunTime:0.000332s ]
[2023-02-12T08:39:07+08:00][sql] SELECT * FROM `information` ORDER BY `time` DESC LIMIT 1,4 [ RunTime:0.000380s ]
[2023-02-12T08:39:07+08:00][sql] SHOW FULL COLUMNS FROM `course` [ RunTime:0.001109s ]
[2023-02-12T08:39:07+08:00][sql] SELECT `id`,`title` FROM `course` ORDER BY `sorting` ASC LIMIT 0,6 [ RunTime:0.000301s ]
[2023-02-12T08:39:07+08:00][sql] SHOW FULL COLUMNS FROM `teacher` [ RunTime:0.000934s ]
[2023-02-12T08:39:07+08:00][sql] SELECT * FROM `teacher` [ RunTime:0.000264s ]
[2023-02-12T08:39:07+08:00][sql] SHOW FULL COLUMNS FROM `address` [ RunTime:0.001106s ]
[2023-02-12T08:39:07+08:00][sql] SELECT * FROM `address` WHERE  `id` = 1 LIMIT 1 [ RunTime:0.000414s ]
[2023-02-12T08:39:07+08:00][sql] SELECT * FROM `address` WHERE  `id` = 2 LIMIT 1 [ RunTime:0.000371s ]
[2023-02-12T08:43:20+08:00][sql] CONNECT:[ UseTime:0.000432s ] mysql:host=localhost;port=3316;dbname=coffee;charset=utf8
[2023-02-12T08:43:20+08:00][sql] SHOW FULL COLUMNS FROM `banner` [ RunTime:0.001253s ]
[2023-02-12T08:43:20+08:00][sql] SELECT * FROM `banner` [ RunTime:0.000233s ]
[2023-02-12T08:43:20+08:00][sql] SHOW FULL COLUMNS FROM `information` [ RunTime:0.001001s ]
[2023-02-12T08:43:20+08:00][sql] SELECT * FROM `information` ORDER BY `time` DESC LIMIT 1 [ RunTime:0.000296s ]
[2023-02-12T08:43:20+08:00][sql] SELECT * FROM `information` ORDER BY `time` DESC LIMIT 1,4 [ RunTime:0.000332s ]
[2023-02-12T08:43:20+08:00][sql] SHOW FULL COLUMNS FROM `course` [ RunTime:0.001085s ]
[2023-02-12T08:43:20+08:00][sql] SELECT `id`,`title` FROM `course` ORDER BY `sorting` ASC LIMIT 0,6 [ RunTime:0.000240s ]
[2023-02-12T08:43:20+08:00][sql] SHOW FULL COLUMNS FROM `teacher` [ RunTime:0.000890s ]
[2023-02-12T08:43:20+08:00][sql] SELECT * FROM `teacher` [ RunTime:0.000237s ]
[2023-02-12T08:43:20+08:00][sql] SHOW FULL COLUMNS FROM `address` [ RunTime:0.000915s ]
[2023-02-12T08:43:20+08:00][sql] SELECT * FROM `address` WHERE  `id` = 1 LIMIT 1 [ RunTime:0.000244s ]
[2023-02-12T08:43:20+08:00][sql] SELECT * FROM `address` WHERE  `id` = 2 LIMIT 1 [ RunTime:0.000225s ]
[2023-02-12T08:45:02+08:00][sql] CONNECT:[ UseTime:0.000870s ] mysql:host=localhost;port=3316;dbname=coffee;charset=utf8
[2023-02-12T08:45:02+08:00][sql] SHOW FULL COLUMNS FROM `banner` [ RunTime:0.001894s ]
[2023-02-12T08:45:02+08:00][sql] SELECT * FROM `banner` [ RunTime:0.000315s ]
[2023-02-12T08:45:02+08:00][sql] SHOW FULL COLUMNS FROM `information` [ RunTime:0.002426s ]
[2023-02-12T08:45:02+08:00][sql] SELECT * FROM `information` ORDER BY `time` DESC LIMIT 1 [ RunTime:0.000895s ]
[2023-02-12T08:45:02+08:00][sql] SELECT * FROM `information` ORDER BY `time` DESC LIMIT 1,4 [ RunTime:0.001068s ]
[2023-02-12T08:45:02+08:00][sql] SHOW FULL COLUMNS FROM `course` [ RunTime:0.002180s ]
[2023-02-12T08:45:02+08:00][sql] SELECT `id`,`title` FROM `course` ORDER BY `sorting` ASC LIMIT 0,6 [ RunTime:0.000630s ]
[2023-02-12T08:45:02+08:00][sql] SHOW FULL COLUMNS FROM `teacher` [ RunTime:0.001872s ]
[2023-02-12T08:45:02+08:00][sql] SELECT * FROM `teacher` [ RunTime:0.000514s ]
[2023-02-12T08:45:02+08:00][sql] SHOW FULL COLUMNS FROM `address` [ RunTime:0.001969s ]
[2023-02-12T08:45:02+08:00][sql] SELECT * FROM `address` WHERE  `id` = 1 LIMIT 1 [ RunTime:0.000680s ]
[2023-02-12T08:45:02+08:00][sql] SELECT * FROM `address` WHERE  `id` = 2 LIMIT 1 [ RunTime:0.000438s ]
[2023-02-12T08:54:02+08:00][sql] CONNECT:[ UseTime:0.000554s ] mysql:host=localhost;port=3316;dbname=coffee;charset=utf8
[2023-02-12T08:54:02+08:00][sql] SHOW FULL COLUMNS FROM `banner` [ RunTime:0.001289s ]
[2023-02-12T08:54:02+08:00][sql] SELECT * FROM `banner` [ RunTime:0.000337s ]
[2023-02-12T08:54:02+08:00][sql] SHOW FULL COLUMNS FROM `information` [ RunTime:0.001006s ]
[2023-02-12T08:54:02+08:00][sql] SELECT * FROM `information` ORDER BY `time` DESC LIMIT 1 [ RunTime:0.000346s ]
[2023-02-12T08:54:02+08:00][sql] SELECT * FROM `information` ORDER BY `time` DESC LIMIT 1,4 [ RunTime:0.000398s ]
[2023-02-12T08:54:02+08:00][sql] SHOW FULL COLUMNS FROM `course` [ RunTime:0.001114s ]
[2023-02-12T08:54:02+08:00][sql] SELECT `id`,`title` FROM `course` ORDER BY `sorting` ASC LIMIT 0,6 [ RunTime:0.000299s ]
[2023-02-12T08:54:02+08:00][sql] SHOW FULL COLUMNS FROM `teacher` [ RunTime:0.000935s ]
[2023-02-12T08:54:02+08:00][sql] SELECT * FROM `teacher` [ RunTime:0.000263s ]
[2023-02-12T08:54:02+08:00][sql] SHOW FULL COLUMNS FROM `address` [ RunTime:0.001084s ]
[2023-02-12T08:54:02+08:00][sql] SELECT * FROM `address` WHERE  `id` = 1 LIMIT 1 [ RunTime:0.000318s ]
[2023-02-12T08:54:02+08:00][sql] SELECT * FROM `address` WHERE  `id` = 2 LIMIT 1 [ RunTime:0.000267s ]
[2023-02-12T09:03:19+08:00][sql] CONNECT:[ UseTime:0.000448s ] mysql:host=localhost;port=3316;dbname=coffee;charset=utf8
[2023-02-12T09:03:19+08:00][sql] SHOW FULL COLUMNS FROM `banner` [ RunTime:0.001207s ]
[2023-02-12T09:03:19+08:00][sql] SELECT * FROM `banner` [ RunTime:0.000263s ]
[2023-02-12T09:03:19+08:00][sql] SHOW FULL COLUMNS FROM `information` [ RunTime:0.001050s ]
[2023-02-12T09:03:19+08:00][sql] SELECT * FROM `information` ORDER BY `time` DESC LIMIT 1 [ RunTime:0.000368s ]
[2023-02-12T09:03:19+08:00][sql] SELECT * FROM `information` ORDER BY `time` DESC LIMIT 1,4 [ RunTime:0.000489s ]
[2023-02-12T09:03:19+08:00][sql] SHOW FULL COLUMNS FROM `course` [ RunTime:0.001109s ]
[2023-02-12T09:03:19+08:00][sql] SELECT `id`,`title` FROM `course` ORDER BY `sorting` ASC LIMIT 0,6 [ RunTime:0.000255s ]
[2023-02-12T09:03:19+08:00][sql] SHOW FULL COLUMNS FROM `teacher` [ RunTime:0.000944s ]
[2023-02-12T09:03:19+08:00][sql] SELECT * FROM `teacher` [ RunTime:0.000342s ]
[2023-02-12T09:03:19+08:00][sql] SHOW FULL COLUMNS FROM `address` [ RunTime:0.000936s ]
[2023-02-12T09:03:19+08:00][sql] SELECT * FROM `address` WHERE  `id` = 1 LIMIT 1 [ RunTime:0.000288s ]
[2023-02-12T09:03:19+08:00][sql] SELECT * FROM `address` WHERE  `id` = 2 LIMIT 1 [ RunTime:0.000240s ]
[2023-02-12T09:34:22+08:00][sql] CONNECT:[ UseTime:0.000372s ] mysql:host=localhost;port=3316;dbname=coffee;charset=utf8
[2023-02-12T09:34:22+08:00][sql] SHOW FULL COLUMNS FROM `banner` [ RunTime:0.001507s ]
[2023-02-12T09:34:22+08:00][sql] SELECT * FROM `banner` [ RunTime:0.000217s ]
[2023-02-12T09:34:22+08:00][sql] SHOW FULL COLUMNS FROM `information` [ RunTime:0.001121s ]
[2023-02-12T09:34:22+08:00][sql] SELECT * FROM `information` ORDER BY `time` DESC LIMIT 1 [ RunTime:0.000293s ]
[2023-02-12T09:34:22+08:00][sql] SELECT * FROM `information` ORDER BY `time` DESC LIMIT 1,4 [ RunTime:0.000455s ]
[2023-02-12T09:34:22+08:00][sql] SHOW FULL COLUMNS FROM `course` [ RunTime:0.001176s ]
[2023-02-12T09:34:22+08:00][sql] SELECT `id`,`title` FROM `course` ORDER BY `sorting` ASC LIMIT 0,6 [ RunTime:0.000237s ]
[2023-02-12T09:34:22+08:00][sql] SHOW FULL COLUMNS FROM `teacher` [ RunTime:0.000901s ]
[2023-02-12T09:34:22+08:00][sql] SELECT * FROM `teacher` [ RunTime:0.000242s ]
[2023-02-12T09:34:22+08:00][sql] SHOW FULL COLUMNS FROM `address` [ RunTime:0.000897s ]
[2023-02-12T09:34:22+08:00][sql] SELECT * FROM `address` WHERE  `id` = 1 LIMIT 1 [ RunTime:0.000236s ]
[2023-02-12T09:34:22+08:00][sql] SELECT * FROM `address` WHERE  `id` = 2 LIMIT 1 [ RunTime:0.000195s ]
[2023-02-12T09:55:13+08:00][sql] CONNECT:[ UseTime:0.006609s ] mysql:host=localhost;port=3316;dbname=coffee;charset=utf8
[2023-02-12T09:55:13+08:00][sql] SHOW FULL COLUMNS FROM `banner` [ RunTime:0.003385s ]
[2023-02-12T09:55:13+08:00][sql] SELECT * FROM `banner` [ RunTime:0.000402s ]
[2023-02-12T09:55:13+08:00][sql] SHOW FULL COLUMNS FROM `information` [ RunTime:0.007149s ]
[2023-02-12T09:55:13+08:00][sql] SELECT * FROM `information` ORDER BY `time` DESC LIMIT 1 [ RunTime:0.001595s ]
[2023-02-12T09:55:13+08:00][sql] SELECT * FROM `information` ORDER BY `time` DESC LIMIT 1,4 [ RunTime:0.000472s ]
[2023-02-12T09:55:13+08:00][sql] SHOW FULL COLUMNS FROM `course` [ RunTime:0.002195s ]
[2023-02-12T09:55:13+08:00][sql] SELECT `id`,`title` FROM `course` ORDER BY `sorting` ASC LIMIT 0,6 [ RunTime:0.000320s ]
[2023-02-12T09:55:13+08:00][sql] SHOW FULL COLUMNS FROM `teacher` [ RunTime:0.001214s ]
[2023-02-12T09:55:13+08:00][sql] SELECT * FROM `teacher` [ RunTime:0.000294s ]
[2023-02-12T09:55:13+08:00][sql] SHOW FULL COLUMNS FROM `address` [ RunTime:0.001436s ]
[2023-02-12T09:55:13+08:00][sql] SELECT * FROM `address` WHERE  `id` = 1 LIMIT 1 [ RunTime:0.000382s ]
[2023-02-12T09:55:13+08:00][sql] SELECT * FROM `address` WHERE  `id` = 2 LIMIT 1 [ RunTime:0.000271s ]
[2023-02-12T10:05:39+08:00][sql] CONNECT:[ UseTime:0.006903s ] mysql:host=localhost;port=3316;dbname=coffee;charset=utf8
[2023-02-12T10:05:39+08:00][sql] SHOW FULL COLUMNS FROM `banner` [ RunTime:0.003822s ]
[2023-02-12T10:05:39+08:00][sql] SELECT * FROM `banner` [ RunTime:0.000408s ]
[2023-02-12T10:05:39+08:00][sql] SHOW FULL COLUMNS FROM `information` [ RunTime:0.001693s ]
[2023-02-12T10:05:39+08:00][sql] SELECT * FROM `information` ORDER BY `time` DESC LIMIT 1 [ RunTime:0.000471s ]
[2023-02-12T10:05:39+08:00][sql] SELECT * FROM `information` ORDER BY `time` DESC LIMIT 1,4 [ RunTime:0.000673s ]
[2023-02-12T10:05:39+08:00][sql] SHOW FULL COLUMNS FROM `course` [ RunTime:0.001647s ]
[2023-02-12T10:05:39+08:00][sql] SELECT `id`,`title` FROM `course` ORDER BY `sorting` ASC LIMIT 0,6 [ RunTime:0.000382s ]
[2023-02-12T10:05:39+08:00][sql] SHOW FULL COLUMNS FROM `teacher` [ RunTime:0.001419s ]
[2023-02-12T10:05:39+08:00][sql] SELECT * FROM `teacher` [ RunTime:0.000399s ]
[2023-02-12T10:05:39+08:00][sql] SHOW FULL COLUMNS FROM `address` [ RunTime:0.001378s ]
[2023-02-12T10:05:39+08:00][sql] SELECT * FROM `address` WHERE  `id` = 1 LIMIT 1 [ RunTime:0.000428s ]
[2023-02-12T10:05:39+08:00][sql] SELECT * FROM `address` WHERE  `id` = 2 LIMIT 1 [ RunTime:0.000395s ]
[2023-02-12T10:14:42+08:00][sql] CONNECT:[ UseTime:0.000400s ] mysql:host=localhost;port=3316;dbname=coffee;charset=utf8
[2023-02-12T10:14:42+08:00][sql] SHOW FULL COLUMNS FROM `banner` [ RunTime:0.001226s ]
[2023-02-12T10:14:42+08:00][sql] SELECT * FROM `banner` [ RunTime:0.000231s ]
[2023-02-12T10:14:42+08:00][sql] SHOW FULL COLUMNS FROM `information` [ RunTime:0.000959s ]
[2023-02-12T10:14:42+08:00][sql] SELECT * FROM `information` ORDER BY `time` DESC LIMIT 1 [ RunTime:0.000276s ]
[2023-02-12T10:14:42+08:00][sql] SELECT * FROM `information` ORDER BY `time` DESC LIMIT 1,4 [ RunTime:0.000334s ]
[2023-02-12T10:14:42+08:00][sql] SHOW FULL COLUMNS FROM `course` [ RunTime:0.001064s ]
[2023-02-12T10:14:42+08:00][sql] SELECT `id`,`title` FROM `course` ORDER BY `sorting` ASC LIMIT 0,6 [ RunTime:0.000226s ]
[2023-02-12T10:14:42+08:00][sql] SHOW FULL COLUMNS FROM `teacher` [ RunTime:0.000877s ]
[2023-02-12T10:14:42+08:00][sql] SELECT * FROM `teacher` [ RunTime:0.000272s ]
[2023-02-12T10:14:42+08:00][sql] SHOW FULL COLUMNS FROM `address` [ RunTime:0.000924s ]
[2023-02-12T10:14:42+08:00][sql] SELECT * FROM `address` WHERE  `id` = 1 LIMIT 1 [ RunTime:0.000245s ]
[2023-02-12T10:14:42+08:00][sql] SELECT * FROM `address` WHERE  `id` = 2 LIMIT 1 [ RunTime:0.000221s ]
[2023-02-12T11:40:45+08:00][sql] CONNECT:[ UseTime:0.000425s ] mysql:host=localhost;port=3316;dbname=coffee;charset=utf8
[2023-02-12T11:40:45+08:00][sql] SHOW FULL COLUMNS FROM `banner` [ RunTime:0.003050s ]
[2023-02-12T11:40:45+08:00][sql] SELECT * FROM `banner` [ RunTime:0.000264s ]
[2023-02-12T11:40:45+08:00][sql] SHOW FULL COLUMNS FROM `information` [ RunTime:0.001068s ]
[2023-02-12T11:40:45+08:00][sql] SELECT * FROM `information` ORDER BY `time` DESC LIMIT 1 [ RunTime:0.000310s ]
[2023-02-12T11:40:45+08:00][sql] SELECT * FROM `information` ORDER BY `time` DESC LIMIT 1,4 [ RunTime:0.000400s ]
[2023-02-12T11:40:45+08:00][sql] SHOW FULL COLUMNS FROM `course` [ RunTime:0.001236s ]
[2023-02-12T11:40:45+08:00][sql] SELECT `id`,`title` FROM `course` ORDER BY `sorting` ASC LIMIT 0,6 [ RunTime:0.000267s ]
[2023-02-12T11:40:45+08:00][sql] SHOW FULL COLUMNS FROM `teacher` [ RunTime:0.002223s ]
[2023-02-12T11:40:45+08:00][sql] SELECT * FROM `teacher` [ RunTime:0.000299s ]
[2023-02-12T11:40:45+08:00][sql] SHOW FULL COLUMNS FROM `address` [ RunTime:0.001225s ]
[2023-02-12T11:40:45+08:00][sql] SELECT * FROM `address` WHERE  `id` = 1 LIMIT 1 [ RunTime:0.000374s ]
[2023-02-12T11:40:45+08:00][sql] SELECT * FROM `address` WHERE  `id` = 2 LIMIT 1 [ RunTime:0.000429s ]
[2023-02-12T11:47:59+08:00][sql] CONNECT:[ UseTime:0.000433s ] mysql:host=localhost;port=3316;dbname=coffee;charset=utf8
[2023-02-12T11:47:59+08:00][sql] SHOW FULL COLUMNS FROM `banner` [ RunTime:0.001270s ]
[2023-02-12T11:47:59+08:00][sql] SELECT * FROM `banner` [ RunTime:0.000254s ]
[2023-02-12T11:47:59+08:00][sql] SHOW FULL COLUMNS FROM `information` [ RunTime:0.001035s ]
[2023-02-12T11:47:59+08:00][sql] SELECT * FROM `information` ORDER BY `time` DESC LIMIT 1 [ RunTime:0.000327s ]
[2023-02-12T11:47:59+08:00][sql] SELECT * FROM `information` ORDER BY `time` DESC LIMIT 1,4 [ RunTime:0.000401s ]
[2023-02-12T11:47:59+08:00][sql] SHOW FULL COLUMNS FROM `course` [ RunTime:0.001089s ]
[2023-02-12T11:47:59+08:00][sql] SELECT `id`,`title` FROM `course` ORDER BY `sorting` ASC LIMIT 0,6 [ RunTime:0.000268s ]
[2023-02-12T11:47:59+08:00][sql] SHOW FULL COLUMNS FROM `teacher` [ RunTime:0.000901s ]
[2023-02-12T11:47:59+08:00][sql] SELECT * FROM `teacher` [ RunTime:0.000267s ]
[2023-02-12T11:47:59+08:00][sql] SHOW FULL COLUMNS FROM `address` [ RunTime:0.000920s ]
[2023-02-12T11:47:59+08:00][sql] SELECT * FROM `address` WHERE  `id` = 1 LIMIT 1 [ RunTime:0.000328s ]
[2023-02-12T11:47:59+08:00][sql] SELECT * FROM `address` WHERE  `id` = 2 LIMIT 1 [ RunTime:0.000253s ]
[2023-02-12T11:52:12+08:00][sql] CONNECT:[ UseTime:0.000384s ] mysql:host=localhost;port=3316;dbname=coffee;charset=utf8
[2023-02-12T11:52:12+08:00][sql] SHOW FULL COLUMNS FROM `banner` [ RunTime:0.001234s ]
[2023-02-12T11:52:12+08:00][sql] SELECT * FROM `banner` [ RunTime:0.000212s ]
[2023-02-12T11:52:12+08:00][sql] SHOW FULL COLUMNS FROM `information` [ RunTime:0.000970s ]
[2023-02-12T11:52:12+08:00][sql] SELECT * FROM `information` ORDER BY `time` DESC LIMIT 1 [ RunTime:0.000327s ]
[2023-02-12T11:52:12+08:00][sql] SELECT * FROM `information` ORDER BY `time` DESC LIMIT 1,4 [ RunTime:0.000338s ]
[2023-02-12T11:52:12+08:00][sql] SHOW FULL COLUMNS FROM `course` [ RunTime:0.001251s ]
[2023-02-12T11:52:12+08:00][sql] SELECT `id`,`title` FROM `course` ORDER BY `sorting` ASC LIMIT 0,6 [ RunTime:0.000254s ]
[2023-02-12T11:52:12+08:00][sql] SHOW FULL COLUMNS FROM `teacher` [ RunTime:0.001055s ]
[2023-02-12T11:52:12+08:00][sql] SELECT * FROM `teacher` [ RunTime:0.000279s ]
[2023-02-12T11:52:12+08:00][sql] SHOW FULL COLUMNS FROM `address` [ RunTime:0.001215s ]
[2023-02-12T11:52:12+08:00][sql] SELECT * FROM `address` WHERE  `id` = 1 LIMIT 1 [ RunTime:0.000304s ]
[2023-02-12T11:52:12+08:00][sql] SELECT * FROM `address` WHERE  `id` = 2 LIMIT 1 [ RunTime:0.000293s ]
[2023-02-12T11:52:39+08:00][sql] CONNECT:[ UseTime:0.002994s ] mysql:host=localhost;port=3316;dbname=coffee;charset=utf8
[2023-02-12T11:52:39+08:00][sql] SHOW FULL COLUMNS FROM `banner` [ RunTime:0.002983s ]
[2023-02-12T11:52:39+08:00][sql] SELECT * FROM `banner` [ RunTime:0.000328s ]
[2023-02-12T11:52:39+08:00][sql] SHOW FULL COLUMNS FROM `information` [ RunTime:0.001070s ]
[2023-02-12T11:52:39+08:00][sql] SELECT * FROM `information` ORDER BY `time` DESC LIMIT 1 [ RunTime:0.001024s ]
[2023-02-12T11:52:39+08:00][sql] SELECT * FROM `information` ORDER BY `time` DESC LIMIT 1,4 [ RunTime:0.000382s ]
[2023-02-12T11:52:39+08:00][sql] SHOW FULL COLUMNS FROM `course` [ RunTime:0.001083s ]
[2023-02-12T11:52:39+08:00][sql] SELECT `id`,`title` FROM `course` ORDER BY `sorting` ASC LIMIT 0,6 [ RunTime:0.000286s ]
[2023-02-12T11:52:39+08:00][sql] SHOW FULL COLUMNS FROM `teacher` [ RunTime:0.000982s ]
[2023-02-12T11:52:39+08:00][sql] SELECT * FROM `teacher` [ RunTime:0.000264s ]
[2023-02-12T11:52:39+08:00][sql] SHOW FULL COLUMNS FROM `address` [ RunTime:0.000981s ]
[2023-02-12T11:52:39+08:00][sql] SELECT * FROM `address` WHERE  `id` = 1 LIMIT 1 [ RunTime:0.000442s ]
[2023-02-12T11:52:39+08:00][sql] SELECT * FROM `address` WHERE  `id` = 2 LIMIT 1 [ RunTime:0.000257s ]
[2023-02-12T11:52:55+08:00][sql] CONNECT:[ UseTime:0.000371s ] mysql:host=localhost;port=3316;dbname=coffee;charset=utf8
[2023-02-12T11:52:55+08:00][sql] SHOW FULL COLUMNS FROM `banner` [ RunTime:0.001260s ]
[2023-02-12T11:52:55+08:00][sql] SELECT * FROM `banner` [ RunTime:0.000226s ]
[2023-02-12T11:52:55+08:00][sql] SHOW FULL COLUMNS FROM `information` [ RunTime:0.001069s ]
[2023-02-12T11:52:55+08:00][sql] SELECT * FROM `information` ORDER BY `time` DESC LIMIT 1 [ RunTime:0.000293s ]
[2023-02-12T11:52:55+08:00][sql] SELECT * FROM `information` ORDER BY `time` DESC LIMIT 1,4 [ RunTime:0.000336s ]
[2023-02-12T11:52:55+08:00][sql] SHOW FULL COLUMNS FROM `course` [ RunTime:0.001047s ]
[2023-02-12T11:52:55+08:00][sql] SELECT `id`,`title` FROM `course` ORDER BY `sorting` ASC LIMIT 0,6 [ RunTime:0.000228s ]
[2023-02-12T11:52:55+08:00][sql] SHOW FULL COLUMNS FROM `teacher` [ RunTime:0.000885s ]
[2023-02-12T11:52:55+08:00][sql] SELECT * FROM `teacher` [ RunTime:0.000268s ]
[2023-02-12T11:52:55+08:00][sql] SHOW FULL COLUMNS FROM `address` [ RunTime:0.001055s ]
[2023-02-12T11:52:55+08:00][sql] SELECT * FROM `address` WHERE  `id` = 1 LIMIT 1 [ RunTime:0.000252s ]
[2023-02-12T11:52:55+08:00][sql] SELECT * FROM `address` WHERE  `id` = 2 LIMIT 1 [ RunTime:0.000251s ]
[2023-02-12T11:52:55+08:00][sql] CONNECT:[ UseTime:0.000420s ] mysql:host=localhost;port=3316;dbname=coffee;charset=utf8
[2023-02-12T11:52:55+08:00][sql] SHOW FULL COLUMNS FROM `banner` [ RunTime:0.001309s ]
[2023-02-12T11:52:55+08:00][sql] SELECT * FROM `banner` [ RunTime:0.000297s ]
[2023-02-12T11:52:55+08:00][sql] SHOW FULL COLUMNS FROM `information` [ RunTime:0.000973s ]
[2023-02-12T11:52:55+08:00][sql] SELECT * FROM `information` ORDER BY `time` DESC LIMIT 1 [ RunTime:0.000314s ]
[2023-02-12T11:52:55+08:00][sql] SELECT * FROM `information` ORDER BY `time` DESC LIMIT 1,4 [ RunTime:0.000404s ]
[2023-02-12T11:52:55+08:00][sql] SHOW FULL COLUMNS FROM `course` [ RunTime:0.001176s ]
[2023-02-12T11:52:55+08:00][sql] SELECT `id`,`title` FROM `course` ORDER BY `sorting` ASC LIMIT 0,6 [ RunTime:0.000281s ]
[2023-02-12T11:52:55+08:00][sql] SHOW FULL COLUMNS FROM `teacher` [ RunTime:0.001024s ]
[2023-02-12T11:52:55+08:00][sql] SELECT * FROM `teacher` [ RunTime:0.000285s ]
[2023-02-12T11:52:55+08:00][sql] SHOW FULL COLUMNS FROM `address` [ RunTime:0.001032s ]
[2023-02-12T11:52:55+08:00][sql] SELECT * FROM `address` WHERE  `id` = 1 LIMIT 1 [ RunTime:0.000298s ]
[2023-02-12T11:52:55+08:00][sql] SELECT * FROM `address` WHERE  `id` = 2 LIMIT 1 [ RunTime:0.000274s ]
[2023-02-12T11:53:04+08:00][sql] CONNECT:[ UseTime:0.000414s ] mysql:host=localhost;port=3316;dbname=coffee;charset=utf8
[2023-02-12T11:53:04+08:00][sql] SHOW FULL COLUMNS FROM `banner` [ RunTime:0.001326s ]
[2023-02-12T11:53:04+08:00][sql] SELECT * FROM `banner` [ RunTime:0.000359s ]
[2023-02-12T11:53:04+08:00][sql] SHOW FULL COLUMNS FROM `information` [ RunTime:0.001035s ]
[2023-02-12T11:53:04+08:00][sql] SELECT * FROM `information` ORDER BY `time` DESC LIMIT 1 [ RunTime:0.000311s ]
[2023-02-12T11:53:04+08:00][sql] SELECT * FROM `information` ORDER BY `time` DESC LIMIT 1,4 [ RunTime:0.000389s ]
[2023-02-12T11:53:04+08:00][sql] SHOW FULL COLUMNS FROM `course` [ RunTime:0.001193s ]
[2023-02-12T11:53:04+08:00][sql] SELECT `id`,`title` FROM `course` ORDER BY `sorting` ASC LIMIT 0,6 [ RunTime:0.000266s ]
[2023-02-12T11:53:04+08:00][sql] SHOW FULL COLUMNS FROM `teacher` [ RunTime:0.001260s ]
[2023-02-12T11:53:04+08:00][sql] SELECT * FROM `teacher` [ RunTime:0.000308s ]
[2023-02-12T11:53:04+08:00][sql] SHOW FULL COLUMNS FROM `address` [ RunTime:0.000929s ]
[2023-02-12T11:53:04+08:00][sql] SELECT * FROM `address` WHERE  `id` = 1 LIMIT 1 [ RunTime:0.000280s ]
[2023-02-12T11:53:04+08:00][sql] SELECT * FROM `address` WHERE  `id` = 2 LIMIT 1 [ RunTime:0.000243s ]
[2023-02-12T11:53:04+08:00][sql] CONNECT:[ UseTime:0.000457s ] mysql:host=localhost;port=3316;dbname=coffee;charset=utf8
[2023-02-12T11:53:04+08:00][sql] SHOW FULL COLUMNS FROM `banner` [ RunTime:0.001315s ]
[2023-02-12T11:53:04+08:00][sql] SELECT * FROM `banner` [ RunTime:0.000238s ]
[2023-02-12T11:53:04+08:00][sql] SHOW FULL COLUMNS FROM `information` [ RunTime:0.000943s ]
[2023-02-12T11:53:04+08:00][sql] SELECT * FROM `information` ORDER BY `time` DESC LIMIT 1 [ RunTime:0.000335s ]
[2023-02-12T11:53:04+08:00][sql] SELECT * FROM `information` ORDER BY `time` DESC LIMIT 1,4 [ RunTime:0.000343s ]
[2023-02-12T11:53:04+08:00][sql] SHOW FULL COLUMNS FROM `course` [ RunTime:0.001136s ]
[2023-02-12T11:53:04+08:00][sql] SELECT `id`,`title` FROM `course` ORDER BY `sorting` ASC LIMIT 0,6 [ RunTime:0.000232s ]
[2023-02-12T11:53:04+08:00][sql] SHOW FULL COLUMNS FROM `teacher` [ RunTime:0.001040s ]
[2023-02-12T11:53:04+08:00][sql] SELECT * FROM `teacher` [ RunTime:0.000234s ]
[2023-02-12T11:53:04+08:00][sql] SHOW FULL COLUMNS FROM `address` [ RunTime:0.001049s ]
[2023-02-12T11:53:04+08:00][sql] SELECT * FROM `address` WHERE  `id` = 1 LIMIT 1 [ RunTime:0.000234s ]
[2023-02-12T11:53:04+08:00][sql] SELECT * FROM `address` WHERE  `id` = 2 LIMIT 1 [ RunTime:0.000195s ]
[2023-02-12T11:53:09+08:00][sql] CONNECT:[ UseTime:0.000392s ] mysql:host=localhost;port=3316;dbname=coffee;charset=utf8
[2023-02-12T11:53:09+08:00][sql] SHOW FULL COLUMNS FROM `banner` [ RunTime:0.001366s ]
[2023-02-12T11:53:09+08:00][sql] SELECT * FROM `banner` [ RunTime:0.000277s ]
[2023-02-12T11:53:09+08:00][sql] SHOW FULL COLUMNS FROM `information` [ RunTime:0.000989s ]
[2023-02-12T11:53:09+08:00][sql] SELECT * FROM `information` ORDER BY `time` DESC LIMIT 1 [ RunTime:0.000290s ]
[2023-02-12T11:53:09+08:00][sql] SELECT * FROM `information` ORDER BY `time` DESC LIMIT 1,4 [ RunTime:0.000325s ]
[2023-02-12T11:53:09+08:00][sql] SHOW FULL COLUMNS FROM `course` [ RunTime:0.001047s ]
[2023-02-12T11:53:09+08:00][sql] SELECT `id`,`title` FROM `course` ORDER BY `sorting` ASC LIMIT 0,6 [ RunTime:0.000231s ]
[2023-02-12T11:53:09+08:00][sql] SHOW FULL COLUMNS FROM `teacher` [ RunTime:0.000868s ]
[2023-02-12T11:53:09+08:00][sql] SELECT * FROM `teacher` [ RunTime:0.000226s ]
[2023-02-12T11:53:09+08:00][sql] SHOW FULL COLUMNS FROM `address` [ RunTime:0.000871s ]
[2023-02-12T11:53:09+08:00][sql] SELECT * FROM `address` WHERE  `id` = 1 LIMIT 1 [ RunTime:0.000243s ]
[2023-02-12T11:53:09+08:00][sql] SELECT * FROM `address` WHERE  `id` = 2 LIMIT 1 [ RunTime:0.000198s ]
[2023-02-12T11:53:09+08:00][sql] CONNECT:[ UseTime:0.000393s ] mysql:host=localhost;port=3316;dbname=coffee;charset=utf8
[2023-02-12T11:53:09+08:00][sql] SHOW FULL COLUMNS FROM `banner` [ RunTime:0.001288s ]
[2023-02-12T11:53:09+08:00][sql] SELECT * FROM `banner` [ RunTime:0.000293s ]
[2023-02-12T11:53:09+08:00][sql] SHOW FULL COLUMNS FROM `information` [ RunTime:0.000974s ]
[2023-02-12T11:53:09+08:00][sql] SELECT * FROM `information` ORDER BY `time` DESC LIMIT 1 [ RunTime:0.000313s ]
[2023-02-12T11:53:09+08:00][sql] SELECT * FROM `information` ORDER BY `time` DESC LIMIT 1,4 [ RunTime:0.000395s ]
[2023-02-12T11:53:09+08:00][sql] SHOW FULL COLUMNS FROM `course` [ RunTime:0.001089s ]
[2023-02-12T11:53:09+08:00][sql] SELECT `id`,`title` FROM `course` ORDER BY `sorting` ASC LIMIT 0,6 [ RunTime:0.000264s ]
[2023-02-12T11:53:09+08:00][sql] SHOW FULL COLUMNS FROM `teacher` [ RunTime:0.000932s ]
[2023-02-12T11:53:09+08:00][sql] SELECT * FROM `teacher` [ RunTime:0.000471s ]
[2023-02-12T11:53:09+08:00][sql] SHOW FULL COLUMNS FROM `address` [ RunTime:0.000984s ]
[2023-02-12T11:53:09+08:00][sql] SELECT * FROM `address` WHERE  `id` = 1 LIMIT 1 [ RunTime:0.000273s ]
[2023-02-12T11:53:09+08:00][sql] SELECT * FROM `address` WHERE  `id` = 2 LIMIT 1 [ RunTime:0.000323s ]
[2023-02-12T11:59:06+08:00][sql] CONNECT:[ UseTime:0.005154s ] mysql:host=localhost;port=3316;dbname=coffee;charset=utf8
[2023-02-12T11:59:06+08:00][sql] SHOW FULL COLUMNS FROM `banner` [ RunTime:0.002762s ]
[2023-02-12T11:59:06+08:00][sql] SELECT * FROM `banner` [ RunTime:0.000486s ]
[2023-02-12T11:59:06+08:00][sql] SHOW FULL COLUMNS FROM `information` [ RunTime:0.002563s ]
[2023-02-12T11:59:06+08:00][sql] SELECT * FROM `information` ORDER BY `time` DESC LIMIT 1 [ RunTime:0.000545s ]
[2023-02-12T11:59:06+08:00][sql] SELECT * FROM `information` ORDER BY `time` DESC LIMIT 1,4 [ RunTime:0.000589s ]
[2023-02-12T11:59:06+08:00][sql] SHOW FULL COLUMNS FROM `course` [ RunTime:0.001849s ]
[2023-02-12T11:59:06+08:00][sql] SELECT `id`,`title` FROM `course` ORDER BY `sorting` ASC LIMIT 0,6 [ RunTime:0.000635s ]
[2023-02-12T11:59:06+08:00][sql] SHOW FULL COLUMNS FROM `teacher` [ RunTime:0.001765s ]
[2023-02-12T11:59:06+08:00][sql] SELECT * FROM `teacher` [ RunTime:0.000531s ]
[2023-02-12T11:59:06+08:00][sql] SHOW FULL COLUMNS FROM `address` [ RunTime:0.001672s ]
[2023-02-12T11:59:06+08:00][sql] SELECT * FROM `address` WHERE  `id` = 1 LIMIT 1 [ RunTime:0.000467s ]
[2023-02-12T11:59:06+08:00][sql] SELECT * FROM `address` WHERE  `id` = 2 LIMIT 1 [ RunTime:0.000378s ]
[2023-02-12T12:05:38+08:00][sql] CONNECT:[ UseTime:0.000406s ] mysql:host=localhost;port=3316;dbname=coffee;charset=utf8
[2023-02-12T12:05:38+08:00][sql] SHOW FULL COLUMNS FROM `banner` [ RunTime:0.001362s ]
[2023-02-12T12:05:38+08:00][sql] SELECT * FROM `banner` [ RunTime:0.000225s ]
[2023-02-12T12:05:38+08:00][sql] SHOW FULL COLUMNS FROM `information` [ RunTime:0.000967s ]
[2023-02-12T12:05:38+08:00][sql] SELECT * FROM `information` ORDER BY `time` DESC LIMIT 1 [ RunTime:0.000289s ]
[2023-02-12T12:05:38+08:00][sql] SELECT * FROM `information` ORDER BY `time` DESC LIMIT 1,4 [ RunTime:0.000354s ]
[2023-02-12T12:05:38+08:00][sql] SHOW FULL COLUMNS FROM `course` [ RunTime:0.001197s ]
[2023-02-12T12:05:38+08:00][sql] SELECT `id`,`title` FROM `course` ORDER BY `sorting` ASC LIMIT 0,6 [ RunTime:0.000225s ]
[2023-02-12T12:05:38+08:00][sql] SHOW FULL COLUMNS FROM `teacher` [ RunTime:0.000941s ]
[2023-02-12T12:05:38+08:00][sql] SELECT * FROM `teacher` [ RunTime:0.000228s ]
[2023-02-12T12:05:38+08:00][sql] SHOW FULL COLUMNS FROM `address` [ RunTime:0.000892s ]
[2023-02-12T12:05:38+08:00][sql] SELECT * FROM `address` WHERE  `id` = 1 LIMIT 1 [ RunTime:0.000269s ]
[2023-02-12T12:05:38+08:00][sql] SELECT * FROM `address` WHERE  `id` = 2 LIMIT 1 [ RunTime:0.000209s ]
[2023-02-12T12:26:38+08:00][sql] CONNECT:[ UseTime:0.000414s ] mysql:host=localhost;port=3316;dbname=coffee;charset=utf8
[2023-02-12T12:26:38+08:00][sql] SHOW FULL COLUMNS FROM `banner` [ RunTime:0.001251s ]
[2023-02-12T12:26:38+08:00][sql] SELECT * FROM `banner` [ RunTime:0.000227s ]
[2023-02-12T12:26:38+08:00][sql] SHOW FULL COLUMNS FROM `information` [ RunTime:0.000955s ]
[2023-02-12T12:26:38+08:00][sql] SELECT * FROM `information` ORDER BY `time` DESC LIMIT 1 [ RunTime:0.000309s ]
[2023-02-12T12:26:38+08:00][sql] SELECT * FROM `information` ORDER BY `time` DESC LIMIT 1,4 [ RunTime:0.000334s ]
[2023-02-12T12:26:38+08:00][sql] SHOW FULL COLUMNS FROM `course` [ RunTime:0.001067s ]
[2023-02-12T12:26:38+08:00][sql] SELECT `id`,`title` FROM `course` ORDER BY `sorting` ASC LIMIT 0,6 [ RunTime:0.000251s ]
[2023-02-12T12:26:38+08:00][sql] SHOW FULL COLUMNS FROM `teacher` [ RunTime:0.000893s ]
[2023-02-12T12:26:38+08:00][sql] SELECT * FROM `teacher` [ RunTime:0.000290s ]
[2023-02-12T12:26:38+08:00][sql] SHOW FULL COLUMNS FROM `address` [ RunTime:0.000946s ]
[2023-02-12T12:26:38+08:00][sql] SELECT * FROM `address` WHERE  `id` = 1 LIMIT 1 [ RunTime:0.000285s ]
[2023-02-12T12:26:38+08:00][sql] SELECT * FROM `address` WHERE  `id` = 2 LIMIT 1 [ RunTime:0.000258s ]
[2023-02-12T12:34:00+08:00][sql] CONNECT:[ UseTime:0.000408s ] mysql:host=localhost;port=3316;dbname=coffee;charset=utf8
[2023-02-12T12:34:00+08:00][sql] SHOW FULL COLUMNS FROM `banner` [ RunTime:0.001304s ]
[2023-02-12T12:34:00+08:00][sql] SELECT * FROM `banner` [ RunTime:0.000256s ]
[2023-02-12T12:34:00+08:00][sql] SHOW FULL COLUMNS FROM `information` [ RunTime:0.001005s ]
[2023-02-12T12:34:00+08:00][sql] SELECT * FROM `information` ORDER BY `time` DESC LIMIT 1 [ RunTime:0.000314s ]
[2023-02-12T12:34:00+08:00][sql] SELECT * FROM `information` ORDER BY `time` DESC LIMIT 1,4 [ RunTime:0.000419s ]
[2023-02-12T12:34:00+08:00][sql] SHOW FULL COLUMNS FROM `course` [ RunTime:0.001235s ]
[2023-02-12T12:34:00+08:00][sql] SELECT `id`,`title` FROM `course` ORDER BY `sorting` ASC LIMIT 0,6 [ RunTime:0.000279s ]
[2023-02-12T12:34:00+08:00][sql] SHOW FULL COLUMNS FROM `teacher` [ RunTime:0.000916s ]
[2023-02-12T12:34:00+08:00][sql] SELECT * FROM `teacher` [ RunTime:0.000271s ]
[2023-02-12T12:34:00+08:00][sql] SHOW FULL COLUMNS FROM `address` [ RunTime:0.001000s ]
[2023-02-12T12:34:00+08:00][sql] SELECT * FROM `address` WHERE  `id` = 1 LIMIT 1 [ RunTime:0.000285s ]
[2023-02-12T12:34:00+08:00][sql] SELECT * FROM `address` WHERE  `id` = 2 LIMIT 1 [ RunTime:0.000287s ]
[2023-02-12T12:46:18+08:00][sql] CONNECT:[ UseTime:0.000394s ] mysql:host=localhost;port=3316;dbname=coffee;charset=utf8
[2023-02-12T12:46:18+08:00][sql] SHOW FULL COLUMNS FROM `banner` [ RunTime:0.001246s ]
[2023-02-12T12:46:18+08:00][sql] SELECT * FROM `banner` [ RunTime:0.000291s ]
[2023-02-12T12:46:18+08:00][sql] SHOW FULL COLUMNS FROM `information` [ RunTime:0.001110s ]
[2023-02-12T12:46:18+08:00][sql] SELECT * FROM `information` ORDER BY `time` DESC LIMIT 1 [ RunTime:0.000342s ]
[2023-02-12T12:46:18+08:00][sql] SELECT * FROM `information` ORDER BY `time` DESC LIMIT 1,4 [ RunTime:0.000400s ]
[2023-02-12T12:46:18+08:00][sql] SHOW FULL COLUMNS FROM `course` [ RunTime:0.001180s ]
[2023-02-12T12:46:18+08:00][sql] SELECT `id`,`title` FROM `course` ORDER BY `sorting` ASC LIMIT 0,6 [ RunTime:0.000274s ]
[2023-02-12T12:46:18+08:00][sql] SHOW FULL COLUMNS FROM `teacher` [ RunTime:0.000930s ]
[2023-02-12T12:46:18+08:00][sql] SELECT * FROM `teacher` [ RunTime:0.000392s ]
[2023-02-12T12:46:18+08:00][sql] SHOW FULL COLUMNS FROM `address` [ RunTime:0.000959s ]
[2023-02-12T12:46:18+08:00][sql] SELECT * FROM `address` WHERE  `id` = 1 LIMIT 1 [ RunTime:0.000293s ]
[2023-02-12T12:46:18+08:00][sql] SELECT * FROM `address` WHERE  `id` = 2 LIMIT 1 [ RunTime:0.000239s ]
[2023-02-12T13:13:22+08:00][sql] CONNECT:[ UseTime:0.000425s ] mysql:host=localhost;port=3316;dbname=coffee;charset=utf8
[2023-02-12T13:13:22+08:00][sql] SHOW FULL COLUMNS FROM `banner` [ RunTime:0.001288s ]
[2023-02-12T13:13:22+08:00][sql] SELECT * FROM `banner` [ RunTime:0.000230s ]
[2023-02-12T13:13:22+08:00][sql] SHOW FULL COLUMNS FROM `information` [ RunTime:0.001025s ]
[2023-02-12T13:13:22+08:00][sql] SELECT * FROM `information` ORDER BY `time` DESC LIMIT 1 [ RunTime:0.000279s ]
[2023-02-12T13:13:22+08:00][sql] SELECT * FROM `information` ORDER BY `time` DESC LIMIT 1,4 [ RunTime:0.000347s ]
[2023-02-12T13:13:22+08:00][sql] SHOW FULL COLUMNS FROM `course` [ RunTime:0.001097s ]
[2023-02-12T13:13:22+08:00][sql] SELECT `id`,`title` FROM `course` ORDER BY `sorting` ASC LIMIT 0,6 [ RunTime:0.000231s ]
[2023-02-12T13:13:22+08:00][sql] SHOW FULL COLUMNS FROM `teacher` [ RunTime:0.000913s ]
[2023-02-12T13:13:22+08:00][sql] SELECT * FROM `teacher` [ RunTime:0.000224s ]
[2023-02-12T13:13:22+08:00][sql] SHOW FULL COLUMNS FROM `address` [ RunTime:0.001018s ]
[2023-02-12T13:13:22+08:00][sql] SELECT * FROM `address` WHERE  `id` = 1 LIMIT 1 [ RunTime:0.000243s ]
[2023-02-12T13:13:22+08:00][sql] SELECT * FROM `address` WHERE  `id` = 2 LIMIT 1 [ RunTime:0.000209s ]
[2023-02-12T13:16:13+08:00][sql] CONNECT:[ UseTime:0.000445s ] mysql:host=localhost;port=3316;dbname=coffee;charset=utf8
[2023-02-12T13:16:13+08:00][sql] SHOW FULL COLUMNS FROM `banner` [ RunTime:0.001250s ]
[2023-02-12T13:16:13+08:00][sql] SELECT * FROM `banner` [ RunTime:0.000262s ]
[2023-02-12T13:16:13+08:00][sql] SHOW FULL COLUMNS FROM `information` [ RunTime:0.001024s ]
[2023-02-12T13:16:13+08:00][sql] SELECT * FROM `information` ORDER BY `time` DESC LIMIT 1 [ RunTime:0.000321s ]
[2023-02-12T13:16:13+08:00][sql] SELECT * FROM `information` ORDER BY `time` DESC LIMIT 1,4 [ RunTime:0.000403s ]
[2023-02-12T13:16:13+08:00][sql] SHOW FULL COLUMNS FROM `course` [ RunTime:0.001081s ]
[2023-02-12T13:16:13+08:00][sql] SELECT `id`,`title` FROM `course` ORDER BY `sorting` ASC LIMIT 0,6 [ RunTime:0.000269s ]
[2023-02-12T13:16:13+08:00][sql] SHOW FULL COLUMNS FROM `teacher` [ RunTime:0.000907s ]
[2023-02-12T13:16:13+08:00][sql] SELECT * FROM `teacher` [ RunTime:0.000274s ]
[2023-02-12T13:16:13+08:00][sql] SHOW FULL COLUMNS FROM `address` [ RunTime:0.000913s ]
[2023-02-12T13:16:13+08:00][sql] SELECT * FROM `address` WHERE  `id` = 1 LIMIT 1 [ RunTime:0.000270s ]
[2023-02-12T13:16:13+08:00][sql] SELECT * FROM `address` WHERE  `id` = 2 LIMIT 1 [ RunTime:0.000245s ]
[2023-02-12T13:51:25+08:00][sql] CONNECT:[ UseTime:0.000472s ] mysql:host=localhost;port=3316;dbname=coffee;charset=utf8
[2023-02-12T13:51:25+08:00][sql] SHOW FULL COLUMNS FROM `banner` [ RunTime:0.001569s ]
[2023-02-12T13:51:25+08:00][sql] SELECT * FROM `banner` [ RunTime:0.000259s ]
[2023-02-12T13:51:25+08:00][sql] SHOW FULL COLUMNS FROM `information` [ RunTime:0.001186s ]
[2023-02-12T13:51:25+08:00][sql] SELECT * FROM `information` ORDER BY `time` DESC LIMIT 1 [ RunTime:0.000356s ]
[2023-02-12T13:51:25+08:00][sql] SELECT * FROM `information` ORDER BY `time` DESC LIMIT 1,4 [ RunTime:0.000388s ]
[2023-02-12T13:51:25+08:00][sql] SHOW FULL COLUMNS FROM `course` [ RunTime:0.001349s ]
[2023-02-12T13:51:25+08:00][sql] SELECT `id`,`title` FROM `course` ORDER BY `sorting` ASC LIMIT 0,6 [ RunTime:0.000575s ]
[2023-02-12T13:51:25+08:00][sql] SHOW FULL COLUMNS FROM `teacher` [ RunTime:0.001187s ]
[2023-02-12T13:51:25+08:00][sql] SELECT * FROM `teacher` [ RunTime:0.000273s ]
[2023-02-12T13:51:25+08:00][sql] SHOW FULL COLUMNS FROM `address` [ RunTime:0.001128s ]
[2023-02-12T13:51:25+08:00][sql] SELECT * FROM `address` WHERE  `id` = 1 LIMIT 1 [ RunTime:0.000289s ]
[2023-02-12T13:51:25+08:00][sql] SELECT * FROM `address` WHERE  `id` = 2 LIMIT 1 [ RunTime:0.000264s ]
[2023-02-12T14:12:16+08:00][sql] CONNECT:[ UseTime:0.002379s ] mysql:host=localhost;port=3316;dbname=coffee;charset=utf8
[2023-02-12T14:12:16+08:00][sql] SHOW FULL COLUMNS FROM `banner` [ RunTime:0.001320s ]
[2023-02-12T14:12:16+08:00][sql] SELECT * FROM `banner` [ RunTime:0.000259s ]
[2023-02-12T14:12:16+08:00][sql] SHOW FULL COLUMNS FROM `information` [ RunTime:0.000988s ]
[2023-02-12T14:12:16+08:00][sql] SELECT * FROM `information` ORDER BY `time` DESC LIMIT 1 [ RunTime:0.000362s ]
[2023-02-12T14:12:16+08:00][sql] SELECT * FROM `information` ORDER BY `time` DESC LIMIT 1,4 [ RunTime:0.000376s ]
[2023-02-12T14:12:16+08:00][sql] SHOW FULL COLUMNS FROM `course` [ RunTime:0.001106s ]
[2023-02-12T14:12:16+08:00][sql] SELECT `id`,`title` FROM `course` ORDER BY `sorting` ASC LIMIT 0,6 [ RunTime:0.000293s ]
[2023-02-12T14:12:16+08:00][sql] SHOW FULL COLUMNS FROM `teacher` [ RunTime:0.001047s ]
[2023-02-12T14:12:16+08:00][sql] SELECT * FROM `teacher` [ RunTime:0.000263s ]
[2023-02-12T14:12:16+08:00][sql] SHOW FULL COLUMNS FROM `address` [ RunTime:0.000942s ]
[2023-02-12T14:12:16+08:00][sql] SELECT * FROM `address` WHERE  `id` = 1 LIMIT 1 [ RunTime:0.000315s ]
[2023-02-12T14:12:16+08:00][sql] SELECT * FROM `address` WHERE  `id` = 2 LIMIT 1 [ RunTime:0.000294s ]
[2023-02-12T14:45:17+08:00][sql] CONNECT:[ UseTime:0.000396s ] mysql:host=localhost;port=3316;dbname=coffee;charset=utf8
[2023-02-12T14:45:17+08:00][sql] SHOW FULL COLUMNS FROM `banner` [ RunTime:0.001192s ]
[2023-02-12T14:45:17+08:00][sql] SELECT * FROM `banner` [ RunTime:0.000233s ]
[2023-02-12T14:45:17+08:00][sql] SHOW FULL COLUMNS FROM `information` [ RunTime:0.000917s ]
[2023-02-12T14:45:17+08:00][sql] SELECT * FROM `information` ORDER BY `time` DESC LIMIT 1 [ RunTime:0.000307s ]
[2023-02-12T14:45:17+08:00][sql] SELECT * FROM `information` ORDER BY `time` DESC LIMIT 1,4 [ RunTime:0.000329s ]
[2023-02-12T14:45:17+08:00][sql] SHOW FULL COLUMNS FROM `course` [ RunTime:0.001038s ]
[2023-02-12T14:45:17+08:00][sql] SELECT `id`,`title` FROM `course` ORDER BY `sorting` ASC LIMIT 0,6 [ RunTime:0.000218s ]
[2023-02-12T14:45:17+08:00][sql] SHOW FULL COLUMNS FROM `teacher` [ RunTime:0.000828s ]
[2023-02-12T14:45:17+08:00][sql] SELECT * FROM `teacher` [ RunTime:0.000227s ]
[2023-02-12T14:45:17+08:00][sql] SHOW FULL COLUMNS FROM `address` [ RunTime:0.000845s ]
[2023-02-12T14:45:17+08:00][sql] SELECT * FROM `address` WHERE  `id` = 1 LIMIT 1 [ RunTime:0.000238s ]
[2023-02-12T14:45:17+08:00][sql] SELECT * FROM `address` WHERE  `id` = 2 LIMIT 1 [ RunTime:0.000196s ]
[2023-02-12T14:50:54+08:00][sql] CONNECT:[ UseTime:0.000428s ] mysql:host=localhost;port=3316;dbname=coffee;charset=utf8
[2023-02-12T14:50:54+08:00][sql] SHOW FULL COLUMNS FROM `banner` [ RunTime:0.001280s ]
[2023-02-12T14:50:54+08:00][sql] SELECT * FROM `banner` [ RunTime:0.000219s ]
[2023-02-12T14:50:54+08:00][sql] SHOW FULL COLUMNS FROM `information` [ RunTime:0.001314s ]
[2023-02-12T14:50:54+08:00][sql] SELECT * FROM `information` ORDER BY `time` DESC LIMIT 1 [ RunTime:0.000295s ]
[2023-02-12T14:50:54+08:00][sql] SELECT * FROM `information` ORDER BY `time` DESC LIMIT 1,4 [ RunTime:0.000354s ]
[2023-02-12T14:50:54+08:00][sql] SHOW FULL COLUMNS FROM `course` [ RunTime:0.001034s ]
[2023-02-12T14:50:54+08:00][sql] SELECT `id`,`title` FROM `course` ORDER BY `sorting` ASC LIMIT 0,6 [ RunTime:0.000213s ]
[2023-02-12T14:50:54+08:00][sql] SHOW FULL COLUMNS FROM `teacher` [ RunTime:0.000853s ]
[2023-02-12T14:50:54+08:00][sql] SELECT * FROM `teacher` [ RunTime:0.000254s ]
[2023-02-12T14:50:54+08:00][sql] SHOW FULL COLUMNS FROM `address` [ RunTime:0.000953s ]
[2023-02-12T14:50:54+08:00][sql] SELECT * FROM `address` WHERE  `id` = 1 LIMIT 1 [ RunTime:0.000303s ]
[2023-02-12T14:50:54+08:00][sql] SELECT * FROM `address` WHERE  `id` = 2 LIMIT 1 [ RunTime:0.000257s ]
[2023-02-12T15:38:17+08:00][sql] CONNECT:[ UseTime:0.000444s ] mysql:host=localhost;port=3316;dbname=coffee;charset=utf8
[2023-02-12T15:38:17+08:00][sql] SHOW FULL COLUMNS FROM `banner` [ RunTime:0.001374s ]
[2023-02-12T15:38:17+08:00][sql] SELECT * FROM `banner` [ RunTime:0.000260s ]
[2023-02-12T15:38:17+08:00][sql] SHOW FULL COLUMNS FROM `information` [ RunTime:0.001011s ]
[2023-02-12T15:38:17+08:00][sql] SELECT * FROM `information` ORDER BY `time` DESC LIMIT 1 [ RunTime:0.000357s ]
[2023-02-12T15:38:17+08:00][sql] SELECT * FROM `information` ORDER BY `time` DESC LIMIT 1,4 [ RunTime:0.000409s ]
[2023-02-12T15:38:17+08:00][sql] SHOW FULL COLUMNS FROM `course` [ RunTime:0.001134s ]
[2023-02-12T15:38:17+08:00][sql] SELECT `id`,`title` FROM `course` ORDER BY `sorting` ASC LIMIT 0,6 [ RunTime:0.000272s ]
[2023-02-12T15:38:17+08:00][sql] SHOW FULL COLUMNS FROM `teacher` [ RunTime:0.000940s ]
[2023-02-12T15:38:17+08:00][sql] SELECT * FROM `teacher` [ RunTime:0.000280s ]
[2023-02-12T15:38:17+08:00][sql] SHOW FULL COLUMNS FROM `address` [ RunTime:0.000981s ]
[2023-02-12T15:38:17+08:00][sql] SELECT * FROM `address` WHERE  `id` = 1 LIMIT 1 [ RunTime:0.000287s ]
[2023-02-12T15:38:17+08:00][sql] SELECT * FROM `address` WHERE  `id` = 2 LIMIT 1 [ RunTime:0.000262s ]
[2023-02-12T15:52:41+08:00][sql] CONNECT:[ UseTime:0.015289s ] mysql:host=localhost;port=3316;dbname=coffee;charset=utf8
[2023-02-12T15:52:41+08:00][sql] SHOW FULL COLUMNS FROM `banner` [ RunTime:0.001656s ]
[2023-02-12T15:52:41+08:00][sql] SELECT * FROM `banner` [ RunTime:0.000296s ]
[2023-02-12T15:52:41+08:00][sql] SHOW FULL COLUMNS FROM `information` [ RunTime:0.001362s ]
[2023-02-12T15:52:41+08:00][sql] SELECT * FROM `information` ORDER BY `time` DESC LIMIT 1 [ RunTime:0.000401s ]
[2023-02-12T15:52:41+08:00][sql] SELECT * FROM `information` ORDER BY `time` DESC LIMIT 1,4 [ RunTime:0.000525s ]
[2023-02-12T15:52:41+08:00][sql] SHOW FULL COLUMNS FROM `course` [ RunTime:0.001449s ]
[2023-02-12T15:52:41+08:00][sql] SELECT `id`,`title` FROM `course` ORDER BY `sorting` ASC LIMIT 0,6 [ RunTime:0.000330s ]
[2023-02-12T15:52:41+08:00][sql] SHOW FULL COLUMNS FROM `teacher` [ RunTime:0.001167s ]
[2023-02-12T15:52:41+08:00][sql] SELECT * FROM `teacher` [ RunTime:0.000299s ]
[2023-02-12T15:52:41+08:00][sql] SHOW FULL COLUMNS FROM `address` [ RunTime:0.001164s ]
[2023-02-12T15:52:41+08:00][sql] SELECT * FROM `address` WHERE  `id` = 1 LIMIT 1 [ RunTime:0.000318s ]
[2023-02-12T15:52:41+08:00][sql] SELECT * FROM `address` WHERE  `id` = 2 LIMIT 1 [ RunTime:0.000265s ]
[2023-02-12T16:54:52+08:00][sql] CONNECT:[ UseTime:0.000413s ] mysql:host=localhost;port=3316;dbname=coffee;charset=utf8
[2023-02-12T16:54:52+08:00][sql] SHOW FULL COLUMNS FROM `banner` [ RunTime:0.001269s ]
[2023-02-12T16:54:52+08:00][sql] SELECT * FROM `banner` [ RunTime:0.000261s ]
[2023-02-12T16:54:52+08:00][sql] SHOW FULL COLUMNS FROM `information` [ RunTime:0.000986s ]
[2023-02-12T16:54:52+08:00][sql] SELECT * FROM `information` ORDER BY `time` DESC LIMIT 1 [ RunTime:0.000321s ]
[2023-02-12T16:54:52+08:00][sql] SELECT * FROM `information` ORDER BY `time` DESC LIMIT 1,4 [ RunTime:0.000422s ]
[2023-02-12T16:54:52+08:00][sql] SHOW FULL COLUMNS FROM `course` [ RunTime:0.001156s ]
[2023-02-12T16:54:52+08:00][sql] SELECT `id`,`title` FROM `course` ORDER BY `sorting` ASC LIMIT 0,6 [ RunTime:0.000265s ]
[2023-02-12T16:54:52+08:00][sql] SHOW FULL COLUMNS FROM `teacher` [ RunTime:0.000915s ]
[2023-02-12T16:54:52+08:00][sql] SELECT * FROM `teacher` [ RunTime:0.000285s ]
[2023-02-12T16:54:52+08:00][sql] SHOW FULL COLUMNS FROM `address` [ RunTime:0.000905s ]
[2023-02-12T16:54:52+08:00][sql] SELECT * FROM `address` WHERE  `id` = 1 LIMIT 1 [ RunTime:0.000309s ]
[2023-02-12T16:54:52+08:00][sql] SELECT * FROM `address` WHERE  `id` = 2 LIMIT 1 [ RunTime:0.000243s ]
[2023-02-12T17:52:05+08:00][sql] CONNECT:[ UseTime:0.000382s ] mysql:host=localhost;port=3316;dbname=coffee;charset=utf8
[2023-02-12T17:52:05+08:00][sql] SHOW FULL COLUMNS FROM `banner` [ RunTime:0.001181s ]
[2023-02-12T17:52:05+08:00][sql] SELECT * FROM `banner` [ RunTime:0.000294s ]
[2023-02-12T17:52:05+08:00][sql] SHOW FULL COLUMNS FROM `information` [ RunTime:0.001039s ]
[2023-02-12T17:52:05+08:00][sql] SELECT * FROM `information` ORDER BY `time` DESC LIMIT 1 [ RunTime:0.000384s ]
[2023-02-12T17:52:05+08:00][sql] SELECT * FROM `information` ORDER BY `time` DESC LIMIT 1,4 [ RunTime:0.000390s ]
[2023-02-12T17:52:05+08:00][sql] SHOW FULL COLUMNS FROM `course` [ RunTime:0.001061s ]
[2023-02-12T17:52:05+08:00][sql] SELECT `id`,`title` FROM `course` ORDER BY `sorting` ASC LIMIT 0,6 [ RunTime:0.000282s ]
[2023-02-12T17:52:05+08:00][sql] SHOW FULL COLUMNS FROM `teacher` [ RunTime:0.000922s ]
[2023-02-12T17:52:05+08:00][sql] SELECT * FROM `teacher` [ RunTime:0.000260s ]
[2023-02-12T17:52:05+08:00][sql] SHOW FULL COLUMNS FROM `address` [ RunTime:0.000916s ]
[2023-02-12T17:52:05+08:00][sql] SELECT * FROM `address` WHERE  `id` = 1 LIMIT 1 [ RunTime:0.000277s ]
[2023-02-12T17:52:05+08:00][sql] SELECT * FROM `address` WHERE  `id` = 2 LIMIT 1 [ RunTime:0.000259s ]
[2023-02-12T17:52:21+08:00][sql] CONNECT:[ UseTime:0.000432s ] mysql:host=localhost;port=3316;dbname=coffee;charset=utf8
[2023-02-12T17:52:21+08:00][sql] SHOW FULL COLUMNS FROM `banner` [ RunTime:0.001303s ]
[2023-02-12T17:52:21+08:00][sql] SELECT * FROM `banner` [ RunTime:0.000326s ]
[2023-02-12T17:52:21+08:00][sql] SHOW FULL COLUMNS FROM `information` [ RunTime:0.001068s ]
[2023-02-12T17:52:21+08:00][sql] SELECT * FROM `information` ORDER BY `time` DESC LIMIT 1 [ RunTime:0.000403s ]
[2023-02-12T17:52:21+08:00][sql] SELECT * FROM `information` ORDER BY `time` DESC LIMIT 1,4 [ RunTime:0.000455s ]
[2023-02-12T17:52:21+08:00][sql] SHOW FULL COLUMNS FROM `course` [ RunTime:0.001149s ]
[2023-02-12T17:52:21+08:00][sql] SELECT `id`,`title` FROM `course` ORDER BY `sorting` ASC LIMIT 0,6 [ RunTime:0.000285s ]
[2023-02-12T17:52:21+08:00][sql] SHOW FULL COLUMNS FROM `teacher` [ RunTime:0.000936s ]
[2023-02-12T17:52:21+08:00][sql] SELECT * FROM `teacher` [ RunTime:0.000288s ]
[2023-02-12T17:52:21+08:00][sql] SHOW FULL COLUMNS FROM `address` [ RunTime:0.000944s ]
[2023-02-12T17:52:21+08:00][sql] SELECT * FROM `address` WHERE  `id` = 1 LIMIT 1 [ RunTime:0.000902s ]
[2023-02-12T17:52:21+08:00][sql] SELECT * FROM `address` WHERE  `id` = 2 LIMIT 1 [ RunTime:0.000241s ]
[2023-02-12T18:22:02+08:00][sql] CONNECT:[ UseTime:0.000395s ] mysql:host=localhost;port=3316;dbname=coffee;charset=utf8
[2023-02-12T18:22:02+08:00][sql] SHOW FULL COLUMNS FROM `banner` [ RunTime:0.001288s ]
[2023-02-12T18:22:02+08:00][sql] SELECT * FROM `banner` [ RunTime:0.000218s ]
[2023-02-12T18:22:02+08:00][sql] SHOW FULL COLUMNS FROM `information` [ RunTime:0.001032s ]
[2023-02-12T18:22:02+08:00][sql] SELECT * FROM `information` ORDER BY `time` DESC LIMIT 1 [ RunTime:0.000295s ]
[2023-02-12T18:22:02+08:00][sql] SELECT * FROM `information` ORDER BY `time` DESC LIMIT 1,4 [ RunTime:0.000344s ]
[2023-02-12T18:22:02+08:00][sql] SHOW FULL COLUMNS FROM `course` [ RunTime:0.001049s ]
[2023-02-12T18:22:02+08:00][sql] SELECT `id`,`title` FROM `course` ORDER BY `sorting` ASC LIMIT 0,6 [ RunTime:0.000215s ]
[2023-02-12T18:22:02+08:00][sql] SHOW FULL COLUMNS FROM `teacher` [ RunTime:0.000976s ]
[2023-02-12T18:22:02+08:00][sql] SELECT * FROM `teacher` [ RunTime:0.000234s ]
[2023-02-12T18:22:02+08:00][sql] SHOW FULL COLUMNS FROM `address` [ RunTime:0.000868s ]
[2023-02-12T18:22:02+08:00][sql] SELECT * FROM `address` WHERE  `id` = 1 LIMIT 1 [ RunTime:0.000236s ]
[2023-02-12T18:22:02+08:00][sql] SELECT * FROM `address` WHERE  `id` = 2 LIMIT 1 [ RunTime:0.000237s ]
[2023-02-12T18:25:10+08:00][sql] CONNECT:[ UseTime:0.000461s ] mysql:host=localhost;port=3316;dbname=coffee;charset=utf8
[2023-02-12T18:25:10+08:00][sql] SHOW FULL COLUMNS FROM `banner` [ RunTime:0.001203s ]
[2023-02-12T18:25:10+08:00][sql] SELECT * FROM `banner` [ RunTime:0.000242s ]
[2023-02-12T18:25:10+08:00][sql] SHOW FULL COLUMNS FROM `information` [ RunTime:0.000996s ]
[2023-02-12T18:25:10+08:00][sql] SELECT * FROM `information` ORDER BY `time` DESC LIMIT 1 [ RunTime:0.000318s ]
[2023-02-12T18:25:10+08:00][sql] SELECT * FROM `information` ORDER BY `time` DESC LIMIT 1,4 [ RunTime:0.000389s ]
[2023-02-12T18:25:10+08:00][sql] SHOW FULL COLUMNS FROM `course` [ RunTime:0.001067s ]
[2023-02-12T18:25:10+08:00][sql] SELECT `id`,`title` FROM `course` ORDER BY `sorting` ASC LIMIT 0,6 [ RunTime:0.000257s ]
[2023-02-12T18:25:10+08:00][sql] SHOW FULL COLUMNS FROM `teacher` [ RunTime:0.000908s ]
[2023-02-12T18:25:10+08:00][sql] SELECT * FROM `teacher` [ RunTime:0.000280s ]
[2023-02-12T18:25:10+08:00][sql] SHOW FULL COLUMNS FROM `address` [ RunTime:0.000962s ]
[2023-02-12T18:25:10+08:00][sql] SELECT * FROM `address` WHERE  `id` = 1 LIMIT 1 [ RunTime:0.000270s ]
[2023-02-12T18:25:10+08:00][sql] SELECT * FROM `address` WHERE  `id` = 2 LIMIT 1 [ RunTime:0.000240s ]
[2023-02-12T18:46:26+08:00][sql] CONNECT:[ UseTime:0.000420s ] mysql:host=localhost;port=3316;dbname=coffee;charset=utf8
[2023-02-12T18:46:26+08:00][sql] SHOW FULL COLUMNS FROM `banner` [ RunTime:0.001270s ]
[2023-02-12T18:46:26+08:00][sql] SELECT * FROM `banner` [ RunTime:0.000258s ]
[2023-02-12T18:46:26+08:00][sql] SHOW FULL COLUMNS FROM `information` [ RunTime:0.001017s ]
[2023-02-12T18:46:26+08:00][sql] SELECT * FROM `information` ORDER BY `time` DESC LIMIT 1 [ RunTime:0.000337s ]
[2023-02-12T18:46:26+08:00][sql] SELECT * FROM `information` ORDER BY `time` DESC LIMIT 1,4 [ RunTime:0.000388s ]
[2023-02-12T18:46:26+08:00][sql] SHOW FULL COLUMNS FROM `course` [ RunTime:0.001098s ]
[2023-02-12T18:46:26+08:00][sql] SELECT `id`,`title` FROM `course` ORDER BY `sorting` ASC LIMIT 0,6 [ RunTime:0.000291s ]
[2023-02-12T18:46:26+08:00][sql] SHOW FULL COLUMNS FROM `teacher` [ RunTime:0.000911s ]
[2023-02-12T18:46:26+08:00][sql] SELECT * FROM `teacher` [ RunTime:0.000262s ]
[2023-02-12T18:46:26+08:00][sql] SHOW FULL COLUMNS FROM `address` [ RunTime:0.000925s ]
[2023-02-12T18:46:26+08:00][sql] SELECT * FROM `address` WHERE  `id` = 1 LIMIT 1 [ RunTime:0.000542s ]
[2023-02-12T18:46:26+08:00][sql] SELECT * FROM `address` WHERE  `id` = 2 LIMIT 1 [ RunTime:0.000250s ]
[2023-02-12T18:50:32+08:00][sql] CONNECT:[ UseTime:0.000433s ] mysql:host=localhost;port=3316;dbname=coffee;charset=utf8
[2023-02-12T18:50:32+08:00][sql] SHOW FULL COLUMNS FROM `banner` [ RunTime:0.001274s ]
[2023-02-12T18:50:32+08:00][sql] SELECT * FROM `banner` [ RunTime:0.000224s ]
[2023-02-12T18:50:32+08:00][sql] SHOW FULL COLUMNS FROM `information` [ RunTime:0.001326s ]
[2023-02-12T18:50:32+08:00][sql] SELECT * FROM `information` ORDER BY `time` DESC LIMIT 1 [ RunTime:0.000345s ]
[2023-02-12T18:50:32+08:00][sql] SELECT * FROM `information` ORDER BY `time` DESC LIMIT 1,4 [ RunTime:0.000347s ]
[2023-02-12T18:50:32+08:00][sql] SHOW FULL COLUMNS FROM `course` [ RunTime:0.001091s ]
[2023-02-12T18:50:32+08:00][sql] SELECT `id`,`title` FROM `course` ORDER BY `sorting` ASC LIMIT 0,6 [ RunTime:0.000213s ]
[2023-02-12T18:50:32+08:00][sql] SHOW FULL COLUMNS FROM `teacher` [ RunTime:0.000849s ]
[2023-02-12T18:50:32+08:00][sql] SELECT * FROM `teacher` [ RunTime:0.000239s ]
[2023-02-12T18:50:32+08:00][sql] SHOW FULL COLUMNS FROM `address` [ RunTime:0.000877s ]
[2023-02-12T18:50:32+08:00][sql] SELECT * FROM `address` WHERE  `id` = 1 LIMIT 1 [ RunTime:0.000236s ]
[2023-02-12T18:50:32+08:00][sql] SELECT * FROM `address` WHERE  `id` = 2 LIMIT 1 [ RunTime:0.000225s ]
[2023-02-12T19:13:50+08:00][sql] CONNECT:[ UseTime:0.000442s ] mysql:host=localhost;port=3316;dbname=coffee;charset=utf8
[2023-02-12T19:13:50+08:00][sql] SHOW FULL COLUMNS FROM `banner` [ RunTime:0.001273s ]
[2023-02-12T19:13:50+08:00][sql] SELECT * FROM `banner` [ RunTime:0.000256s ]
[2023-02-12T19:13:50+08:00][sql] SHOW FULL COLUMNS FROM `information` [ RunTime:0.001013s ]
[2023-02-12T19:13:50+08:00][sql] SELECT * FROM `information` ORDER BY `time` DESC LIMIT 1 [ RunTime:0.000327s ]
[2023-02-12T19:13:50+08:00][sql] SELECT * FROM `information` ORDER BY `time` DESC LIMIT 1,4 [ RunTime:0.000376s ]
[2023-02-12T19:13:50+08:00][sql] SHOW FULL COLUMNS FROM `course` [ RunTime:0.001067s ]
[2023-02-12T19:13:50+08:00][sql] SELECT `id`,`title` FROM `course` ORDER BY `sorting` ASC LIMIT 0,6 [ RunTime:0.000266s ]
[2023-02-12T19:13:50+08:00][sql] SHOW FULL COLUMNS FROM `teacher` [ RunTime:0.000900s ]
[2023-02-12T19:13:50+08:00][sql] SELECT * FROM `teacher` [ RunTime:0.000272s ]
[2023-02-12T19:13:50+08:00][sql] SHOW FULL COLUMNS FROM `address` [ RunTime:0.000935s ]
[2023-02-12T19:13:50+08:00][sql] SELECT * FROM `address` WHERE  `id` = 1 LIMIT 1 [ RunTime:0.000272s ]
[2023-02-12T19:13:50+08:00][sql] SELECT * FROM `address` WHERE  `id` = 2 LIMIT 1 [ RunTime:0.000241s ]
[2023-02-12T19:27:21+08:00][sql] CONNECT:[ UseTime:0.002089s ] mysql:host=localhost;port=3316;dbname=coffee;charset=utf8
[2023-02-12T19:27:21+08:00][sql] SHOW FULL COLUMNS FROM `banner` [ RunTime:0.001220s ]
[2023-02-12T19:27:21+08:00][sql] SELECT * FROM `banner` [ RunTime:0.000237s ]
[2023-02-12T19:27:21+08:00][sql] SHOW FULL COLUMNS FROM `information` [ RunTime:0.000969s ]
[2023-02-12T19:27:21+08:00][sql] SELECT * FROM `information` ORDER BY `time` DESC LIMIT 1 [ RunTime:0.000281s ]
[2023-02-12T19:27:21+08:00][sql] SELECT * FROM `information` ORDER BY `time` DESC LIMIT 1,4 [ RunTime:0.000353s ]
[2023-02-12T19:27:21+08:00][sql] SHOW FULL COLUMNS FROM `course` [ RunTime:0.001048s ]
[2023-02-12T19:27:21+08:00][sql] SELECT `id`,`title` FROM `course` ORDER BY `sorting` ASC LIMIT 0,6 [ RunTime:0.000241s ]
[2023-02-12T19:27:21+08:00][sql] SHOW FULL COLUMNS FROM `teacher` [ RunTime:0.000926s ]
[2023-02-12T19:27:21+08:00][sql] SELECT * FROM `teacher` [ RunTime:0.000239s ]
[2023-02-12T19:27:21+08:00][sql] SHOW FULL COLUMNS FROM `address` [ RunTime:0.000912s ]
[2023-02-12T19:27:21+08:00][sql] SELECT * FROM `address` WHERE  `id` = 1 LIMIT 1 [ RunTime:0.000250s ]
[2023-02-12T19:27:21+08:00][sql] SELECT * FROM `address` WHERE  `id` = 2 LIMIT 1 [ RunTime:0.000208s ]
[2023-02-12T19:49:13+08:00][sql] CONNECT:[ UseTime:0.000402s ] mysql:host=localhost;port=3316;dbname=coffee;charset=utf8
[2023-02-12T19:49:13+08:00][sql] SHOW FULL COLUMNS FROM `banner` [ RunTime:0.001271s ]
[2023-02-12T19:49:13+08:00][sql] SELECT * FROM `banner` [ RunTime:0.000219s ]
[2023-02-12T19:49:13+08:00][sql] SHOW FULL COLUMNS FROM `information` [ RunTime:0.000973s ]
[2023-02-12T19:49:13+08:00][sql] SELECT * FROM `information` ORDER BY `time` DESC LIMIT 1 [ RunTime:0.000296s ]
[2023-02-12T19:49:13+08:00][sql] SELECT * FROM `information` ORDER BY `time` DESC LIMIT 1,4 [ RunTime:0.000341s ]
[2023-02-12T19:49:13+08:00][sql] SHOW FULL COLUMNS FROM `course` [ RunTime:0.001006s ]
[2023-02-12T19:49:13+08:00][sql] SELECT `id`,`title` FROM `course` ORDER BY `sorting` ASC LIMIT 0,6 [ RunTime:0.000221s ]
[2023-02-12T19:49:13+08:00][sql] SHOW FULL COLUMNS FROM `teacher` [ RunTime:0.000835s ]
[2023-02-12T19:49:13+08:00][sql] SELECT * FROM `teacher` [ RunTime:0.000219s ]
[2023-02-12T19:49:13+08:00][sql] SHOW FULL COLUMNS FROM `address` [ RunTime:0.000877s ]
[2023-02-12T19:49:13+08:00][sql] SELECT * FROM `address` WHERE  `id` = 1 LIMIT 1 [ RunTime:0.000231s ]
[2023-02-12T19:49:13+08:00][sql] SELECT * FROM `address` WHERE  `id` = 2 LIMIT 1 [ RunTime:0.000232s ]
[2023-02-12T19:56:00+08:00][sql] CONNECT:[ UseTime:0.000447s ] mysql:host=localhost;port=3316;dbname=coffee;charset=utf8
[2023-02-12T19:56:00+08:00][sql] SHOW FULL COLUMNS FROM `banner` [ RunTime:0.001679s ]
[2023-02-12T19:56:00+08:00][sql] SELECT * FROM `banner` [ RunTime:0.000292s ]
[2023-02-12T19:56:00+08:00][sql] SHOW FULL COLUMNS FROM `information` [ RunTime:0.001467s ]
[2023-02-12T19:56:00+08:00][sql] SELECT * FROM `information` ORDER BY `time` DESC LIMIT 1 [ RunTime:0.000417s ]
[2023-02-12T19:56:00+08:00][sql] SELECT * FROM `information` ORDER BY `time` DESC LIMIT 1,4 [ RunTime:0.000470s ]
[2023-02-12T19:56:00+08:00][sql] SHOW FULL COLUMNS FROM `course` [ RunTime:0.001224s ]
[2023-02-12T19:56:00+08:00][sql] SELECT `id`,`title` FROM `course` ORDER BY `sorting` ASC LIMIT 0,6 [ RunTime:0.000271s ]
[2023-02-12T19:56:00+08:00][sql] SHOW FULL COLUMNS FROM `teacher` [ RunTime:0.000963s ]
[2023-02-12T19:56:00+08:00][sql] SELECT * FROM `teacher` [ RunTime:0.000272s ]
[2023-02-12T19:56:00+08:00][sql] SHOW FULL COLUMNS FROM `address` [ RunTime:0.000950s ]
[2023-02-12T19:56:00+08:00][sql] SELECT * FROM `address` WHERE  `id` = 1 LIMIT 1 [ RunTime:0.000596s ]
[2023-02-12T19:56:00+08:00][sql] SELECT * FROM `address` WHERE  `id` = 2 LIMIT 1 [ RunTime:0.000263s ]
[2023-02-12T20:24:05+08:00][sql] CONNECT:[ UseTime:0.007046s ] mysql:host=localhost;port=3316;dbname=coffee;charset=utf8
[2023-02-12T20:24:05+08:00][sql] SHOW FULL COLUMNS FROM `banner` [ RunTime:0.003269s ]
[2023-02-12T20:24:05+08:00][sql] SELECT * FROM `banner` [ RunTime:0.014482s ]
[2023-02-12T20:24:05+08:00][sql] SHOW FULL COLUMNS FROM `information` [ RunTime:0.001955s ]
[2023-02-12T20:24:05+08:00][sql] SELECT * FROM `information` ORDER BY `time` DESC LIMIT 1 [ RunTime:0.000497s ]
[2023-02-12T20:24:05+08:00][sql] SELECT * FROM `information` ORDER BY `time` DESC LIMIT 1,4 [ RunTime:0.000724s ]
[2023-02-12T20:24:05+08:00][sql] SHOW FULL COLUMNS FROM `course` [ RunTime:0.001660s ]
[2023-02-12T20:24:05+08:00][sql] SELECT `id`,`title` FROM `course` ORDER BY `sorting` ASC LIMIT 0,6 [ RunTime:0.000493s ]
[2023-02-12T20:24:05+08:00][sql] SHOW FULL COLUMNS FROM `teacher` [ RunTime:0.001547s ]
[2023-02-12T20:24:05+08:00][sql] SELECT * FROM `teacher` [ RunTime:0.000447s ]
[2023-02-12T20:24:05+08:00][sql] SHOW FULL COLUMNS FROM `address` [ RunTime:0.001435s ]
[2023-02-12T20:24:05+08:00][sql] SELECT * FROM `address` WHERE  `id` = 1 LIMIT 1 [ RunTime:0.000423s ]
[2023-02-12T20:24:05+08:00][sql] SELECT * FROM `address` WHERE  `id` = 2 LIMIT 1 [ RunTime:0.000397s ]
[2023-02-12T20:43:10+08:00][sql] CONNECT:[ UseTime:0.000385s ] mysql:host=localhost;port=3316;dbname=coffee;charset=utf8
[2023-02-12T20:43:10+08:00][sql] SHOW FULL COLUMNS FROM `banner` [ RunTime:0.001303s ]
[2023-02-12T20:43:10+08:00][sql] SELECT * FROM `banner` [ RunTime:0.000280s ]
[2023-02-12T20:43:10+08:00][sql] SHOW FULL COLUMNS FROM `information` [ RunTime:0.001009s ]
[2023-02-12T20:43:10+08:00][sql] SELECT * FROM `information` ORDER BY `time` DESC LIMIT 1 [ RunTime:0.000334s ]
[2023-02-12T20:43:10+08:00][sql] SELECT * FROM `information` ORDER BY `time` DESC LIMIT 1,4 [ RunTime:0.000374s ]
[2023-02-12T20:43:10+08:00][sql] SHOW FULL COLUMNS FROM `course` [ RunTime:0.001130s ]
[2023-02-12T20:43:10+08:00][sql] SELECT `id`,`title` FROM `course` ORDER BY `sorting` ASC LIMIT 0,6 [ RunTime:0.000339s ]
[2023-02-12T20:43:10+08:00][sql] SHOW FULL COLUMNS FROM `teacher` [ RunTime:0.000983s ]
[2023-02-12T20:43:10+08:00][sql] SELECT * FROM `teacher` [ RunTime:0.000300s ]
[2023-02-12T20:43:10+08:00][sql] SHOW FULL COLUMNS FROM `address` [ RunTime:0.001016s ]
[2023-02-12T20:43:10+08:00][sql] SELECT * FROM `address` WHERE  `id` = 1 LIMIT 1 [ RunTime:0.000291s ]
[2023-02-12T20:43:10+08:00][sql] SELECT * FROM `address` WHERE  `id` = 2 LIMIT 1 [ RunTime:0.000249s ]
[2023-02-12T21:04:12+08:00][sql] CONNECT:[ UseTime:0.000419s ] mysql:host=localhost;port=3316;dbname=coffee;charset=utf8
[2023-02-12T21:04:12+08:00][sql] SHOW FULL COLUMNS FROM `banner` [ RunTime:0.001352s ]
[2023-02-12T21:04:12+08:00][sql] SELECT * FROM `banner` [ RunTime:0.000283s ]
[2023-02-12T21:04:12+08:00][sql] SHOW FULL COLUMNS FROM `information` [ RunTime:0.001148s ]
[2023-02-12T21:04:12+08:00][sql] SELECT * FROM `information` ORDER BY `time` DESC LIMIT 1 [ RunTime:0.000369s ]
[2023-02-12T21:04:12+08:00][sql] SELECT * FROM `information` ORDER BY `time` DESC LIMIT 1,4 [ RunTime:0.000386s ]
[2023-02-12T21:04:12+08:00][sql] SHOW FULL COLUMNS FROM `course` [ RunTime:0.001064s ]
[2023-02-12T21:04:12+08:00][sql] SELECT `id`,`title` FROM `course` ORDER BY `sorting` ASC LIMIT 0,6 [ RunTime:0.000314s ]
[2023-02-12T21:04:12+08:00][sql] SHOW FULL COLUMNS FROM `teacher` [ RunTime:0.000946s ]
[2023-02-12T21:04:12+08:00][sql] SELECT * FROM `teacher` [ RunTime:0.000260s ]
[2023-02-12T21:04:12+08:00][sql] SHOW FULL COLUMNS FROM `address` [ RunTime:0.000918s ]
[2023-02-12T21:04:12+08:00][sql] SELECT * FROM `address` WHERE  `id` = 1 LIMIT 1 [ RunTime:0.000272s ]
[2023-02-12T21:04:12+08:00][sql] SELECT * FROM `address` WHERE  `id` = 2 LIMIT 1 [ RunTime:0.000275s ]
[2023-02-12T21:04:12+08:00][sql] CONNECT:[ UseTime:0.000417s ] mysql:host=localhost;port=3316;dbname=coffee;charset=utf8
[2023-02-12T21:04:12+08:00][sql] SHOW FULL COLUMNS FROM `banner` [ RunTime:0.001252s ]
[2023-02-12T21:04:12+08:00][sql] SELECT * FROM `banner` [ RunTime:0.000262s ]
[2023-02-12T21:04:12+08:00][sql] SHOW FULL COLUMNS FROM `information` [ RunTime:0.001005s ]
[2023-02-12T21:04:12+08:00][sql] SELECT * FROM `information` ORDER BY `time` DESC LIMIT 1 [ RunTime:0.000333s ]
[2023-02-12T21:04:12+08:00][sql] SELECT * FROM `information` ORDER BY `time` DESC LIMIT 1,4 [ RunTime:0.000431s ]
[2023-02-12T21:04:12+08:00][sql] SHOW FULL COLUMNS FROM `course` [ RunTime:0.001124s ]
[2023-02-12T21:04:12+08:00][sql] SELECT `id`,`title` FROM `course` ORDER BY `sorting` ASC LIMIT 0,6 [ RunTime:0.000274s ]
[2023-02-12T21:04:12+08:00][sql] SHOW FULL COLUMNS FROM `teacher` [ RunTime:0.000936s ]
[2023-02-12T21:04:12+08:00][sql] SELECT * FROM `teacher` [ RunTime:0.000265s ]
[2023-02-12T21:04:12+08:00][sql] SHOW FULL COLUMNS FROM `address` [ RunTime:0.000941s ]
[2023-02-12T21:04:12+08:00][sql] SELECT * FROM `address` WHERE  `id` = 1 LIMIT 1 [ RunTime:0.000298s ]
[2023-02-12T21:04:12+08:00][sql] SELECT * FROM `address` WHERE  `id` = 2 LIMIT 1 [ RunTime:0.000245s ]
[2023-02-12T21:42:06+08:00][sql] CONNECT:[ UseTime:0.000419s ] mysql:host=localhost;port=3316;dbname=coffee;charset=utf8
[2023-02-12T21:42:06+08:00][sql] SHOW FULL COLUMNS FROM `banner` [ RunTime:0.001228s ]
[2023-02-12T21:42:06+08:00][sql] SELECT * FROM `banner` [ RunTime:0.000252s ]
[2023-02-12T21:42:06+08:00][sql] SHOW FULL COLUMNS FROM `information` [ RunTime:0.000997s ]
[2023-02-12T21:42:06+08:00][sql] SELECT * FROM `information` ORDER BY `time` DESC LIMIT 1 [ RunTime:0.000367s ]
[2023-02-12T21:42:06+08:00][sql] SELECT * FROM `information` ORDER BY `time` DESC LIMIT 1,4 [ RunTime:0.000408s ]
[2023-02-12T21:42:06+08:00][sql] SHOW FULL COLUMNS FROM `course` [ RunTime:0.001069s ]
[2023-02-12T21:42:06+08:00][sql] SELECT `id`,`title` FROM `course` ORDER BY `sorting` ASC LIMIT 0,6 [ RunTime:0.000258s ]
[2023-02-12T21:42:06+08:00][sql] SHOW FULL COLUMNS FROM `teacher` [ RunTime:0.000914s ]
[2023-02-12T21:42:06+08:00][sql] SELECT * FROM `teacher` [ RunTime:0.000270s ]
[2023-02-12T21:42:06+08:00][sql] SHOW FULL COLUMNS FROM `address` [ RunTime:0.000899s ]
[2023-02-12T21:42:06+08:00][sql] SELECT * FROM `address` WHERE  `id` = 1 LIMIT 1 [ RunTime:0.000286s ]
[2023-02-12T21:42:06+08:00][sql] SELECT * FROM `address` WHERE  `id` = 2 LIMIT 1 [ RunTime:0.000248s ]
[2023-02-12T22:37:37+08:00][sql] CONNECT:[ UseTime:0.000463s ] mysql:host=localhost;port=3316;dbname=coffee;charset=utf8
[2023-02-12T22:37:37+08:00][sql] SHOW FULL COLUMNS FROM `banner` [ RunTime:0.001250s ]
[2023-02-12T22:37:37+08:00][sql] SELECT * FROM `banner` [ RunTime:0.000238s ]
[2023-02-12T22:37:37+08:00][sql] SHOW FULL COLUMNS FROM `information` [ RunTime:0.001022s ]
[2023-02-12T22:37:37+08:00][sql] SELECT * FROM `information` ORDER BY `time` DESC LIMIT 1 [ RunTime:0.000284s ]
[2023-02-12T22:37:37+08:00][sql] SELECT * FROM `information` ORDER BY `time` DESC LIMIT 1,4 [ RunTime:0.000332s ]
[2023-02-12T22:37:37+08:00][sql] SHOW FULL COLUMNS FROM `course` [ RunTime:0.001149s ]
[2023-02-12T22:37:37+08:00][sql] SELECT `id`,`title` FROM `course` ORDER BY `sorting` ASC LIMIT 0,6 [ RunTime:0.000240s ]
[2023-02-12T22:37:37+08:00][sql] SHOW FULL COLUMNS FROM `teacher` [ RunTime:0.000941s ]
[2023-02-12T22:37:37+08:00][sql] SELECT * FROM `teacher` [ RunTime:0.000234s ]
[2023-02-12T22:37:37+08:00][sql] SHOW FULL COLUMNS FROM `address` [ RunTime:0.001101s ]
[2023-02-12T22:37:37+08:00][sql] SELECT * FROM `address` WHERE  `id` = 1 LIMIT 1 [ RunTime:0.000263s ]
[2023-02-12T22:37:37+08:00][sql] SELECT * FROM `address` WHERE  `id` = 2 LIMIT 1 [ RunTime:0.000228s ]
[2023-02-12T22:38:12+08:00][sql] CONNECT:[ UseTime:0.000458s ] mysql:host=localhost;port=3316;dbname=coffee;charset=utf8
[2023-02-12T22:38:12+08:00][sql] SHOW FULL COLUMNS FROM `banner` [ RunTime:0.001282s ]
[2023-02-12T22:38:12+08:00][sql] SELECT * FROM `banner` [ RunTime:0.000263s ]
[2023-02-12T22:38:12+08:00][sql] SHOW FULL COLUMNS FROM `information` [ RunTime:0.001063s ]
[2023-02-12T22:38:12+08:00][sql] SELECT * FROM `information` ORDER BY `time` DESC LIMIT 1 [ RunTime:0.000326s ]
[2023-02-12T22:38:12+08:00][sql] SELECT * FROM `information` ORDER BY `time` DESC LIMIT 1,4 [ RunTime:0.000411s ]
[2023-02-12T22:38:12+08:00][sql] SHOW FULL COLUMNS FROM `course` [ RunTime:0.001253s ]
[2023-02-12T22:38:12+08:00][sql] SELECT `id`,`title` FROM `course` ORDER BY `sorting` ASC LIMIT 0,6 [ RunTime:0.000278s ]
[2023-02-12T22:38:12+08:00][sql] SHOW FULL COLUMNS FROM `teacher` [ RunTime:0.000931s ]
[2023-02-12T22:38:12+08:00][sql] SELECT * FROM `teacher` [ RunTime:0.000310s ]
[2023-02-12T22:38:12+08:00][sql] SHOW FULL COLUMNS FROM `address` [ RunTime:0.000981s ]
[2023-02-12T22:38:12+08:00][sql] SELECT * FROM `address` WHERE  `id` = 1 LIMIT 1 [ RunTime:0.000282s ]
[2023-02-12T22:38:12+08:00][sql] SELECT * FROM `address` WHERE  `id` = 2 LIMIT 1 [ RunTime:0.000268s ]
[2023-02-12T23:24:24+08:00][sql] CONNECT:[ UseTime:0.000405s ] mysql:host=localhost;port=3316;dbname=coffee;charset=utf8
[2023-02-12T23:24:24+08:00][sql] SHOW FULL COLUMNS FROM `banner` [ RunTime:0.001383s ]
[2023-02-12T23:24:24+08:00][sql] SELECT * FROM `banner` [ RunTime:0.000299s ]
[2023-02-12T23:24:24+08:00][sql] SHOW FULL COLUMNS FROM `information` [ RunTime:0.022110s ]
[2023-02-12T23:24:24+08:00][sql] SELECT * FROM `information` ORDER BY `time` DESC LIMIT 1 [ RunTime:0.000530s ]
[2023-02-12T23:24:24+08:00][sql] SELECT * FROM `information` ORDER BY `time` DESC LIMIT 1,4 [ RunTime:0.000406s ]
[2023-02-12T23:24:24+08:00][sql] SHOW FULL COLUMNS FROM `course` [ RunTime:0.001304s ]
[2023-02-12T23:24:24+08:00][sql] SELECT `id`,`title` FROM `course` ORDER BY `sorting` ASC LIMIT 0,6 [ RunTime:0.000312s ]
[2023-02-12T23:24:24+08:00][sql] SHOW FULL COLUMNS FROM `teacher` [ RunTime:0.001264s ]
[2023-02-12T23:24:24+08:00][sql] SELECT * FROM `teacher` [ RunTime:0.000283s ]
[2023-02-12T23:24:24+08:00][sql] SHOW FULL COLUMNS FROM `address` [ RunTime:0.000964s ]
[2023-02-12T23:24:24+08:00][sql] SELECT * FROM `address` WHERE  `id` = 1 LIMIT 1 [ RunTime:0.000287s ]
[2023-02-12T23:24:24+08:00][sql] SELECT * FROM `address` WHERE  `id` = 2 LIMIT 1 [ RunTime:0.000250s ]
[2023-02-12T23:32:39+08:00][sql] CONNECT:[ UseTime:0.000442s ] mysql:host=localhost;port=3316;dbname=coffee;charset=utf8
[2023-02-12T23:32:39+08:00][sql] SHOW FULL COLUMNS FROM `banner` [ RunTime:0.001252s ]
[2023-02-12T23:32:39+08:00][sql] SELECT * FROM `banner` [ RunTime:0.000253s ]
[2023-02-12T23:32:39+08:00][sql] SHOW FULL COLUMNS FROM `information` [ RunTime:0.001498s ]
[2023-02-12T23:32:39+08:00][sql] SELECT * FROM `information` ORDER BY `time` DESC LIMIT 1 [ RunTime:0.000380s ]
[2023-02-12T23:32:39+08:00][sql] SELECT * FROM `information` ORDER BY `time` DESC LIMIT 1,4 [ RunTime:0.000619s ]
[2023-02-12T23:32:39+08:00][sql] SHOW FULL COLUMNS FROM `course` [ RunTime:0.001437s ]
[2023-02-12T23:32:39+08:00][sql] SELECT `id`,`title` FROM `course` ORDER BY `sorting` ASC LIMIT 0,6 [ RunTime:0.000344s ]
[2023-02-12T23:32:39+08:00][sql] SHOW FULL COLUMNS FROM `teacher` [ RunTime:0.001058s ]
[2023-02-12T23:32:39+08:00][sql] SELECT * FROM `teacher` [ RunTime:0.000293s ]
[2023-02-12T23:32:39+08:00][sql] SHOW FULL COLUMNS FROM `address` [ RunTime:0.000938s ]
[2023-02-12T23:32:39+08:00][sql] SELECT * FROM `address` WHERE  `id` = 1 LIMIT 1 [ RunTime:0.000287s ]
[2023-02-12T23:32:39+08:00][sql] SELECT * FROM `address` WHERE  `id` = 2 LIMIT 1 [ RunTime:0.000252s ]
[2023-02-12T23:51:39+08:00][sql] CONNECT:[ UseTime:0.000348s ] mysql:host=localhost;port=3316;dbname=coffee;charset=utf8
[2023-02-12T23:51:39+08:00][sql] SHOW FULL COLUMNS FROM `banner` [ RunTime:0.001272s ]
[2023-02-12T23:51:39+08:00][sql] SELECT * FROM `banner` [ RunTime:0.000220s ]
[2023-02-12T23:51:39+08:00][sql] SHOW FULL COLUMNS FROM `information` [ RunTime:0.000913s ]
[2023-02-12T23:51:39+08:00][sql] SELECT * FROM `information` ORDER BY `time` DESC LIMIT 1 [ RunTime:0.000293s ]
[2023-02-12T23:51:39+08:00][sql] SELECT * FROM `information` ORDER BY `time` DESC LIMIT 1,4 [ RunTime:0.000319s ]
[2023-02-12T23:51:39+08:00][sql] SHOW FULL COLUMNS FROM `course` [ RunTime:0.001027s ]
[2023-02-12T23:51:39+08:00][sql] SELECT `id`,`title` FROM `course` ORDER BY `sorting` ASC LIMIT 0,6 [ RunTime:0.000218s ]
[2023-02-12T23:51:39+08:00][sql] SHOW FULL COLUMNS FROM `teacher` [ RunTime:0.000858s ]
[2023-02-12T23:51:39+08:00][sql] SELECT * FROM `teacher` [ RunTime:0.000281s ]
[2023-02-12T23:51:39+08:00][sql] SHOW FULL COLUMNS FROM `address` [ RunTime:0.000910s ]
[2023-02-12T23:51:39+08:00][sql] SELECT * FROM `address` WHERE  `id` = 1 LIMIT 1 [ RunTime:0.000231s ]
[2023-02-12T23:51:39+08:00][sql] SELECT * FROM `address` WHERE  `id` = 2 LIMIT 1 [ RunTime:0.000190s ]
