[2023-02-21T00:11:36+08:00][sql] CONNECT:[ UseTime:0.000377s ] mysql:host=localhost;port=3316;dbname=coffee;charset=utf8
[2023-02-21T00:11:36+08:00][sql] SHOW FULL COLUMNS FROM `banner` [ RunTime:0.001763s ]
[2023-02-21T00:11:36+08:00][sql] SELECT * FROM `banner` [ RunTime:0.000337s ]
[2023-02-21T00:11:36+08:00][sql] SHOW FULL COLUMNS FROM `information` [ RunTime:0.001428s ]
[2023-02-21T00:11:36+08:00][sql] SELECT * FROM `information` ORDER BY `time` DESC LIMIT 1 [ RunTime:0.000381s ]
[2023-02-21T00:11:36+08:00][sql] SELECT * FROM `information` ORDER BY `time` DESC LIMIT 1,4 [ RunTime:0.000446s ]
[2023-02-21T00:11:36+08:00][sql] SHOW FULL COLUMNS FROM `course` [ RunTime:0.001074s ]
[2023-02-21T00:11:36+08:00][sql] SELECT `id`,`title` FROM `course` ORDER BY `sorting` ASC LIMIT 0,6 [ RunTime:0.000285s ]
[2023-02-21T00:11:36+08:00][sql] SHOW FULL COLUMNS FROM `teacher` [ RunTime:0.000896s ]
[2023-02-21T00:11:36+08:00][sql] SELECT * FROM `teacher` [ RunTime:0.000231s ]
[2023-02-21T00:11:36+08:00][sql] SHOW FULL COLUMNS FROM `address` [ RunTime:0.001119s ]
[2023-02-21T00:11:36+08:00][sql] SELECT * FROM `address` WHERE  `id` = 1 LIMIT 1 [ RunTime:0.000366s ]
[2023-02-21T00:11:36+08:00][sql] SELECT * FROM `address` WHERE  `id` = 2 LIMIT 1 [ RunTime:0.000288s ]
[2023-02-21T00:36:38+08:00][sql] CONNECT:[ UseTime:0.000413s ] mysql:host=localhost;port=3316;dbname=coffee;charset=utf8
[2023-02-21T00:36:38+08:00][sql] SHOW FULL COLUMNS FROM `banner` [ RunTime:0.001261s ]
[2023-02-21T00:36:38+08:00][sql] SELECT * FROM `banner` [ RunTime:0.000249s ]
[2023-02-21T00:36:38+08:00][sql] SHOW FULL COLUMNS FROM `information` [ RunTime:0.000970s ]
[2023-02-21T00:36:38+08:00][sql] SELECT * FROM `information` ORDER BY `time` DESC LIMIT 1 [ RunTime:0.000356s ]
[2023-02-21T00:36:38+08:00][sql] SELECT * FROM `information` ORDER BY `time` DESC LIMIT 1,4 [ RunTime:0.000460s ]
[2023-02-21T00:36:38+08:00][sql] SHOW FULL COLUMNS FROM `course` [ RunTime:0.001064s ]
[2023-02-21T00:36:38+08:00][sql] SELECT `id`,`title` FROM `course` ORDER BY `sorting` ASC LIMIT 0,6 [ RunTime:0.000258s ]
[2023-02-21T00:36:38+08:00][sql] SHOW FULL COLUMNS FROM `teacher` [ RunTime:0.000926s ]
[2023-02-21T00:36:38+08:00][sql] SELECT * FROM `teacher` [ RunTime:0.000288s ]
[2023-02-21T00:36:38+08:00][sql] SHOW FULL COLUMNS FROM `address` [ RunTime:0.000974s ]
[2023-02-21T00:36:38+08:00][sql] SELECT * FROM `address` WHERE  `id` = 1 LIMIT 1 [ RunTime:0.000278s ]
[2023-02-21T00:36:38+08:00][sql] SELECT * FROM `address` WHERE  `id` = 2 LIMIT 1 [ RunTime:0.000260s ]
[2023-02-21T01:02:58+08:00][sql] CONNECT:[ UseTime:0.000413s ] mysql:host=localhost;port=3316;dbname=coffee;charset=utf8
[2023-02-21T01:02:58+08:00][sql] SHOW FULL COLUMNS FROM `banner` [ RunTime:0.001371s ]
[2023-02-21T01:02:58+08:00][sql] SELECT * FROM `banner` [ RunTime:0.000252s ]
[2023-02-21T01:02:58+08:00][sql] SHOW FULL COLUMNS FROM `information` [ RunTime:0.000968s ]
[2023-02-21T01:02:58+08:00][sql] SELECT * FROM `information` ORDER BY `time` DESC LIMIT 1 [ RunTime:0.000275s ]
[2023-02-21T01:02:58+08:00][sql] SELECT * FROM `information` ORDER BY `time` DESC LIMIT 1,4 [ RunTime:0.000370s ]
[2023-02-21T01:02:58+08:00][sql] SHOW FULL COLUMNS FROM `course` [ RunTime:0.001258s ]
[2023-02-21T01:02:58+08:00][sql] SELECT `id`,`title` FROM `course` ORDER BY `sorting` ASC LIMIT 0,6 [ RunTime:0.000250s ]
[2023-02-21T01:02:58+08:00][sql] SHOW FULL COLUMNS FROM `teacher` [ RunTime:0.000919s ]
[2023-02-21T01:02:58+08:00][sql] SELECT * FROM `teacher` [ RunTime:0.000235s ]
[2023-02-21T01:02:58+08:00][sql] SHOW FULL COLUMNS FROM `address` [ RunTime:0.000909s ]
[2023-02-21T01:02:58+08:00][sql] SELECT * FROM `address` WHERE  `id` = 1 LIMIT 1 [ RunTime:0.000281s ]
[2023-02-21T01:02:58+08:00][sql] SELECT * FROM `address` WHERE  `id` = 2 LIMIT 1 [ RunTime:0.000280s ]
[2023-02-21T02:13:08+08:00][sql] CONNECT:[ UseTime:0.000393s ] mysql:host=localhost;port=3316;dbname=coffee;charset=utf8
[2023-02-21T02:13:08+08:00][sql] SHOW FULL COLUMNS FROM `banner` [ RunTime:0.001247s ]
[2023-02-21T02:13:08+08:00][sql] SELECT * FROM `banner` [ RunTime:0.000247s ]
[2023-02-21T02:13:08+08:00][sql] SHOW FULL COLUMNS FROM `information` [ RunTime:0.000970s ]
[2023-02-21T02:13:08+08:00][sql] SELECT * FROM `information` ORDER BY `time` DESC LIMIT 1 [ RunTime:0.000370s ]
[2023-02-21T02:13:08+08:00][sql] SELECT * FROM `information` ORDER BY `time` DESC LIMIT 1,4 [ RunTime:0.000392s ]
[2023-02-21T02:13:08+08:00][sql] SHOW FULL COLUMNS FROM `course` [ RunTime:0.001061s ]
[2023-02-21T02:13:08+08:00][sql] SELECT `id`,`title` FROM `course` ORDER BY `sorting` ASC LIMIT 0,6 [ RunTime:0.000259s ]
[2023-02-21T02:13:08+08:00][sql] SHOW FULL COLUMNS FROM `teacher` [ RunTime:0.000901s ]
[2023-02-21T02:13:08+08:00][sql] SELECT * FROM `teacher` [ RunTime:0.000257s ]
[2023-02-21T02:13:08+08:00][sql] SHOW FULL COLUMNS FROM `address` [ RunTime:0.000945s ]
[2023-02-21T02:13:08+08:00][sql] SELECT * FROM `address` WHERE  `id` = 1 LIMIT 1 [ RunTime:0.000280s ]
[2023-02-21T02:13:08+08:00][sql] SELECT * FROM `address` WHERE  `id` = 2 LIMIT 1 [ RunTime:0.000259s ]
[2023-02-21T02:35:53+08:00][sql] CONNECT:[ UseTime:0.000389s ] mysql:host=localhost;port=3316;dbname=coffee;charset=utf8
[2023-02-21T02:35:53+08:00][sql] SHOW FULL COLUMNS FROM `banner` [ RunTime:0.001207s ]
[2023-02-21T02:35:53+08:00][sql] SELECT * FROM `banner` [ RunTime:0.000272s ]
[2023-02-21T02:35:53+08:00][sql] SHOW FULL COLUMNS FROM `information` [ RunTime:0.001141s ]
[2023-02-21T02:35:53+08:00][sql] SELECT * FROM `information` ORDER BY `time` DESC LIMIT 1 [ RunTime:0.000338s ]
[2023-02-21T02:35:53+08:00][sql] SELECT * FROM `information` ORDER BY `time` DESC LIMIT 1,4 [ RunTime:0.000407s ]
[2023-02-21T02:35:53+08:00][sql] SHOW FULL COLUMNS FROM `course` [ RunTime:0.001103s ]
[2023-02-21T02:35:53+08:00][sql] SELECT `id`,`title` FROM `course` ORDER BY `sorting` ASC LIMIT 0,6 [ RunTime:0.000612s ]
[2023-02-21T02:35:53+08:00][sql] SHOW FULL COLUMNS FROM `teacher` [ RunTime:0.002008s ]
[2023-02-21T02:35:53+08:00][sql] SELECT * FROM `teacher` [ RunTime:0.000276s ]
[2023-02-21T02:35:53+08:00][sql] SHOW FULL COLUMNS FROM `address` [ RunTime:0.001113s ]
[2023-02-21T02:35:53+08:00][sql] SELECT * FROM `address` WHERE  `id` = 1 LIMIT 1 [ RunTime:0.000574s ]
[2023-02-21T02:35:53+08:00][sql] SELECT * FROM `address` WHERE  `id` = 2 LIMIT 1 [ RunTime:0.000305s ]
[2023-02-21T02:42:34+08:00][sql] CONNECT:[ UseTime:0.000383s ] mysql:host=localhost;port=3316;dbname=coffee;charset=utf8
[2023-02-21T02:42:34+08:00][sql] SHOW FULL COLUMNS FROM `banner` [ RunTime:0.001239s ]
[2023-02-21T02:42:34+08:00][sql] SELECT * FROM `banner` [ RunTime:0.000234s ]
[2023-02-21T02:42:34+08:00][sql] SHOW FULL COLUMNS FROM `information` [ RunTime:0.000941s ]
[2023-02-21T02:42:34+08:00][sql] SELECT * FROM `information` ORDER BY `time` DESC LIMIT 1 [ RunTime:0.000302s ]
[2023-02-21T02:42:34+08:00][sql] SELECT * FROM `information` ORDER BY `time` DESC LIMIT 1,4 [ RunTime:0.000428s ]
[2023-02-21T02:42:34+08:00][sql] SHOW FULL COLUMNS FROM `course` [ RunTime:0.001164s ]
[2023-02-21T02:42:34+08:00][sql] SELECT `id`,`title` FROM `course` ORDER BY `sorting` ASC LIMIT 0,6 [ RunTime:0.000271s ]
[2023-02-21T02:42:34+08:00][sql] SHOW FULL COLUMNS FROM `teacher` [ RunTime:0.000919s ]
[2023-02-21T02:42:34+08:00][sql] SELECT * FROM `teacher` [ RunTime:0.000262s ]
[2023-02-21T02:42:34+08:00][sql] SHOW FULL COLUMNS FROM `address` [ RunTime:0.000948s ]
[2023-02-21T02:42:34+08:00][sql] SELECT * FROM `address` WHERE  `id` = 1 LIMIT 1 [ RunTime:0.000301s ]
[2023-02-21T02:42:34+08:00][sql] SELECT * FROM `address` WHERE  `id` = 2 LIMIT 1 [ RunTime:0.000242s ]
[2023-02-21T02:44:36+08:00][sql] CONNECT:[ UseTime:0.000406s ] mysql:host=localhost;port=3316;dbname=coffee;charset=utf8
[2023-02-21T02:44:36+08:00][sql] SHOW FULL COLUMNS FROM `banner` [ RunTime:0.001226s ]
[2023-02-21T02:44:36+08:00][sql] SELECT * FROM `banner` [ RunTime:0.000247s ]
[2023-02-21T02:44:36+08:00][sql] SHOW FULL COLUMNS FROM `information` [ RunTime:0.000972s ]
[2023-02-21T02:44:36+08:00][sql] SELECT * FROM `information` ORDER BY `time` DESC LIMIT 1 [ RunTime:0.001039s ]
[2023-02-21T02:44:36+08:00][sql] SELECT * FROM `information` ORDER BY `time` DESC LIMIT 1,4 [ RunTime:0.000395s ]
[2023-02-21T02:44:36+08:00][sql] SHOW FULL COLUMNS FROM `course` [ RunTime:0.001074s ]
[2023-02-21T02:44:36+08:00][sql] SELECT `id`,`title` FROM `course` ORDER BY `sorting` ASC LIMIT 0,6 [ RunTime:0.000296s ]
[2023-02-21T02:44:36+08:00][sql] SHOW FULL COLUMNS FROM `teacher` [ RunTime:0.000913s ]
[2023-02-21T02:44:36+08:00][sql] SELECT * FROM `teacher` [ RunTime:0.000256s ]
[2023-02-21T02:44:36+08:00][sql] SHOW FULL COLUMNS FROM `address` [ RunTime:0.000902s ]
[2023-02-21T02:44:36+08:00][sql] SELECT * FROM `address` WHERE  `id` = 1 LIMIT 1 [ RunTime:0.000469s ]
[2023-02-21T02:44:36+08:00][sql] SELECT * FROM `address` WHERE  `id` = 2 LIMIT 1 [ RunTime:0.000244s ]
[2023-02-21T02:54:33+08:00][sql] CONNECT:[ UseTime:0.000494s ] mysql:host=localhost;port=3316;dbname=coffee;charset=utf8
[2023-02-21T02:54:33+08:00][sql] SHOW FULL COLUMNS FROM `banner` [ RunTime:0.001320s ]
[2023-02-21T02:54:33+08:00][sql] SELECT * FROM `banner` [ RunTime:0.000245s ]
[2023-02-21T02:54:33+08:00][sql] SHOW FULL COLUMNS FROM `information` [ RunTime:0.001021s ]
[2023-02-21T02:54:33+08:00][sql] SELECT * FROM `information` ORDER BY `time` DESC LIMIT 1 [ RunTime:0.000320s ]
[2023-02-21T02:54:33+08:00][sql] SELECT * FROM `information` ORDER BY `time` DESC LIMIT 1,4 [ RunTime:0.000401s ]
[2023-02-21T02:54:33+08:00][sql] SHOW FULL COLUMNS FROM `course` [ RunTime:0.001127s ]
[2023-02-21T02:54:33+08:00][sql] SELECT `id`,`title` FROM `course` ORDER BY `sorting` ASC LIMIT 0,6 [ RunTime:0.000262s ]
[2023-02-21T02:54:33+08:00][sql] SHOW FULL COLUMNS FROM `teacher` [ RunTime:0.000934s ]
[2023-02-21T02:54:33+08:00][sql] SELECT * FROM `teacher` [ RunTime:0.000282s ]
[2023-02-21T02:54:33+08:00][sql] SHOW FULL COLUMNS FROM `address` [ RunTime:0.000921s ]
[2023-02-21T02:54:33+08:00][sql] SELECT * FROM `address` WHERE  `id` = 1 LIMIT 1 [ RunTime:0.000275s ]
[2023-02-21T02:54:33+08:00][sql] SELECT * FROM `address` WHERE  `id` = 2 LIMIT 1 [ RunTime:0.000254s ]
[2023-02-21T04:40:27+08:00][sql] CONNECT:[ UseTime:0.013345s ] mysql:host=localhost;port=3316;dbname=coffee;charset=utf8
[2023-02-21T04:40:27+08:00][sql] SHOW FULL COLUMNS FROM `banner` [ RunTime:0.001604s ]
[2023-02-21T04:40:27+08:00][sql] SELECT * FROM `banner` [ RunTime:0.000299s ]
[2023-02-21T04:40:27+08:00][sql] SHOW FULL COLUMNS FROM `information` [ RunTime:0.001295s ]
[2023-02-21T04:40:27+08:00][sql] SELECT * FROM `information` ORDER BY `time` DESC LIMIT 1 [ RunTime:0.000407s ]
[2023-02-21T04:40:27+08:00][sql] SELECT * FROM `information` ORDER BY `time` DESC LIMIT 1,4 [ RunTime:0.000479s ]
[2023-02-21T04:40:27+08:00][sql] SHOW FULL COLUMNS FROM `course` [ RunTime:0.001447s ]
[2023-02-21T04:40:27+08:00][sql] SELECT `id`,`title` FROM `course` ORDER BY `sorting` ASC LIMIT 0,6 [ RunTime:0.000329s ]
[2023-02-21T04:40:27+08:00][sql] SHOW FULL COLUMNS FROM `teacher` [ RunTime:0.001239s ]
[2023-02-21T04:40:27+08:00][sql] SELECT * FROM `teacher` [ RunTime:0.000314s ]
[2023-02-21T04:40:27+08:00][sql] SHOW FULL COLUMNS FROM `address` [ RunTime:0.001204s ]
[2023-02-21T04:40:27+08:00][sql] SELECT * FROM `address` WHERE  `id` = 1 LIMIT 1 [ RunTime:0.001479s ]
[2023-02-21T04:40:27+08:00][sql] SELECT * FROM `address` WHERE  `id` = 2 LIMIT 1 [ RunTime:0.000292s ]
[2023-02-21T04:44:48+08:00][sql] CONNECT:[ UseTime:0.000447s ] mysql:host=localhost;port=3316;dbname=coffee;charset=utf8
[2023-02-21T04:44:48+08:00][sql] SHOW FULL COLUMNS FROM `banner` [ RunTime:0.001260s ]
[2023-02-21T04:44:48+08:00][sql] SELECT * FROM `banner` [ RunTime:0.000252s ]
[2023-02-21T04:44:48+08:00][sql] SHOW FULL COLUMNS FROM `information` [ RunTime:0.000976s ]
[2023-02-21T04:44:48+08:00][sql] SELECT * FROM `information` ORDER BY `time` DESC LIMIT 1 [ RunTime:0.000319s ]
[2023-02-21T04:44:48+08:00][sql] SELECT * FROM `information` ORDER BY `time` DESC LIMIT 1,4 [ RunTime:0.000394s ]
[2023-02-21T04:44:48+08:00][sql] SHOW FULL COLUMNS FROM `course` [ RunTime:0.001076s ]
[2023-02-21T04:44:48+08:00][sql] SELECT `id`,`title` FROM `course` ORDER BY `sorting` ASC LIMIT 0,6 [ RunTime:0.000256s ]
[2023-02-21T04:44:48+08:00][sql] SHOW FULL COLUMNS FROM `teacher` [ RunTime:0.000928s ]
[2023-02-21T04:44:48+08:00][sql] SELECT * FROM `teacher` [ RunTime:0.000285s ]
[2023-02-21T04:44:48+08:00][sql] SHOW FULL COLUMNS FROM `address` [ RunTime:0.000936s ]
[2023-02-21T04:44:48+08:00][sql] SELECT * FROM `address` WHERE  `id` = 1 LIMIT 1 [ RunTime:0.000277s ]
[2023-02-21T04:44:48+08:00][sql] SELECT * FROM `address` WHERE  `id` = 2 LIMIT 1 [ RunTime:0.000245s ]
[2023-02-21T05:01:38+08:00][sql] CONNECT:[ UseTime:0.000384s ] mysql:host=localhost;port=3316;dbname=coffee;charset=utf8
[2023-02-21T05:01:38+08:00][sql] SHOW FULL COLUMNS FROM `banner` [ RunTime:0.001227s ]
[2023-02-21T05:01:38+08:00][sql] SELECT * FROM `banner` [ RunTime:0.000263s ]
[2023-02-21T05:01:38+08:00][sql] SHOW FULL COLUMNS FROM `information` [ RunTime:0.000989s ]
[2023-02-21T05:01:38+08:00][sql] SELECT * FROM `information` ORDER BY `time` DESC LIMIT 1 [ RunTime:0.000316s ]
[2023-02-21T05:01:38+08:00][sql] SELECT * FROM `information` ORDER BY `time` DESC LIMIT 1,4 [ RunTime:0.000394s ]
[2023-02-21T05:01:38+08:00][sql] SHOW FULL COLUMNS FROM `course` [ RunTime:0.001069s ]
[2023-02-21T05:01:38+08:00][sql] SELECT `id`,`title` FROM `course` ORDER BY `sorting` ASC LIMIT 0,6 [ RunTime:0.000298s ]
[2023-02-21T05:01:38+08:00][sql] SHOW FULL COLUMNS FROM `teacher` [ RunTime:0.000888s ]
[2023-02-21T05:01:38+08:00][sql] SELECT * FROM `teacher` [ RunTime:0.000255s ]
[2023-02-21T05:01:38+08:00][sql] SHOW FULL COLUMNS FROM `address` [ RunTime:0.000957s ]
[2023-02-21T05:01:38+08:00][sql] SELECT * FROM `address` WHERE  `id` = 1 LIMIT 1 [ RunTime:0.000291s ]
[2023-02-21T05:01:38+08:00][sql] SELECT * FROM `address` WHERE  `id` = 2 LIMIT 1 [ RunTime:0.000267s ]
[2023-02-21T06:08:25+08:00][sql] CONNECT:[ UseTime:0.000427s ] mysql:host=localhost;port=3316;dbname=coffee;charset=utf8
[2023-02-21T06:08:25+08:00][sql] SHOW FULL COLUMNS FROM `banner` [ RunTime:0.001209s ]
[2023-02-21T06:08:25+08:00][sql] SELECT * FROM `banner` [ RunTime:0.000257s ]
[2023-02-21T06:08:25+08:00][sql] SHOW FULL COLUMNS FROM `information` [ RunTime:0.000971s ]
[2023-02-21T06:08:25+08:00][sql] SELECT * FROM `information` ORDER BY `time` DESC LIMIT 1 [ RunTime:0.000320s ]
[2023-02-21T06:08:25+08:00][sql] SELECT * FROM `information` ORDER BY `time` DESC LIMIT 1,4 [ RunTime:0.000379s ]
[2023-02-21T06:08:25+08:00][sql] SHOW FULL COLUMNS FROM `course` [ RunTime:0.001104s ]
[2023-02-21T06:08:25+08:00][sql] SELECT `id`,`title` FROM `course` ORDER BY `sorting` ASC LIMIT 0,6 [ RunTime:0.000293s ]
[2023-02-21T06:08:25+08:00][sql] SHOW FULL COLUMNS FROM `teacher` [ RunTime:0.000895s ]
[2023-02-21T06:08:25+08:00][sql] SELECT * FROM `teacher` [ RunTime:0.000251s ]
[2023-02-21T06:08:25+08:00][sql] SHOW FULL COLUMNS FROM `address` [ RunTime:0.000887s ]
[2023-02-21T06:08:25+08:00][sql] SELECT * FROM `address` WHERE  `id` = 1 LIMIT 1 [ RunTime:0.000270s ]
[2023-02-21T06:08:25+08:00][sql] SELECT * FROM `address` WHERE  `id` = 2 LIMIT 1 [ RunTime:0.000250s ]
[2023-02-21T06:35:00+08:00][sql] CONNECT:[ UseTime:0.000515s ] mysql:host=localhost;port=3316;dbname=coffee;charset=utf8
[2023-02-21T06:35:00+08:00][sql] SHOW FULL COLUMNS FROM `banner` [ RunTime:0.001318s ]
[2023-02-21T06:35:00+08:00][sql] SELECT * FROM `banner` [ RunTime:0.000253s ]
[2023-02-21T06:35:00+08:00][sql] SHOW FULL COLUMNS FROM `information` [ RunTime:0.001037s ]
[2023-02-21T06:35:00+08:00][sql] SELECT * FROM `information` ORDER BY `time` DESC LIMIT 1 [ RunTime:0.000344s ]
[2023-02-21T06:35:00+08:00][sql] SELECT * FROM `information` ORDER BY `time` DESC LIMIT 1,4 [ RunTime:0.000484s ]
[2023-02-21T06:35:00+08:00][sql] SHOW FULL COLUMNS FROM `course` [ RunTime:0.001125s ]
[2023-02-21T06:35:00+08:00][sql] SELECT `id`,`title` FROM `course` ORDER BY `sorting` ASC LIMIT 0,6 [ RunTime:0.000280s ]
[2023-02-21T06:35:00+08:00][sql] SHOW FULL COLUMNS FROM `teacher` [ RunTime:0.000970s ]
[2023-02-21T06:35:00+08:00][sql] SELECT * FROM `teacher` [ RunTime:0.000342s ]
[2023-02-21T06:35:00+08:00][sql] SHOW FULL COLUMNS FROM `address` [ RunTime:0.000932s ]
[2023-02-21T06:35:00+08:00][sql] SELECT * FROM `address` WHERE  `id` = 1 LIMIT 1 [ RunTime:0.000296s ]
[2023-02-21T06:35:00+08:00][sql] SELECT * FROM `address` WHERE  `id` = 2 LIMIT 1 [ RunTime:0.000240s ]
[2023-02-21T06:35:08+08:00][sql] CONNECT:[ UseTime:0.000469s ] mysql:host=localhost;port=3316;dbname=coffee;charset=utf8
[2023-02-21T06:35:08+08:00][sql] SHOW FULL COLUMNS FROM `banner` [ RunTime:0.001593s ]
[2023-02-21T06:35:08+08:00][sql] SELECT * FROM `banner` [ RunTime:0.000260s ]
[2023-02-21T06:35:08+08:00][sql] SHOW FULL COLUMNS FROM `information` [ RunTime:0.001004s ]
[2023-02-21T06:35:08+08:00][sql] SELECT * FROM `information` ORDER BY `time` DESC LIMIT 1 [ RunTime:0.000313s ]
[2023-02-21T06:35:08+08:00][sql] SELECT * FROM `information` ORDER BY `time` DESC LIMIT 1,4 [ RunTime:0.000315s ]
[2023-02-21T06:35:08+08:00][sql] SHOW FULL COLUMNS FROM `course` [ RunTime:0.001056s ]
[2023-02-21T06:35:08+08:00][sql] SELECT `id`,`title` FROM `course` ORDER BY `sorting` ASC LIMIT 0,6 [ RunTime:0.000275s ]
[2023-02-21T06:35:08+08:00][sql] SHOW FULL COLUMNS FROM `teacher` [ RunTime:0.001025s ]
[2023-02-21T06:35:08+08:00][sql] SELECT * FROM `teacher` [ RunTime:0.000267s ]
[2023-02-21T06:35:08+08:00][sql] SHOW FULL COLUMNS FROM `address` [ RunTime:0.000956s ]
[2023-02-21T06:35:08+08:00][sql] SELECT * FROM `address` WHERE  `id` = 1 LIMIT 1 [ RunTime:0.000297s ]
[2023-02-21T06:35:08+08:00][sql] SELECT * FROM `address` WHERE  `id` = 2 LIMIT 1 [ RunTime:0.000260s ]
[2023-02-21T06:48:49+08:00][sql] CONNECT:[ UseTime:0.000425s ] mysql:host=localhost;port=3316;dbname=coffee;charset=utf8
[2023-02-21T06:48:49+08:00][sql] SHOW FULL COLUMNS FROM `banner` [ RunTime:0.001228s ]
[2023-02-21T06:48:49+08:00][sql] SELECT * FROM `banner` [ RunTime:0.000256s ]
[2023-02-21T06:48:49+08:00][sql] SHOW FULL COLUMNS FROM `information` [ RunTime:0.000980s ]
[2023-02-21T06:48:49+08:00][sql] SELECT * FROM `information` ORDER BY `time` DESC LIMIT 1 [ RunTime:0.000321s ]
[2023-02-21T06:48:49+08:00][sql] SELECT * FROM `information` ORDER BY `time` DESC LIMIT 1,4 [ RunTime:0.000411s ]
[2023-02-21T06:48:49+08:00][sql] SHOW FULL COLUMNS FROM `course` [ RunTime:0.001069s ]
[2023-02-21T06:48:49+08:00][sql] SELECT `id`,`title` FROM `course` ORDER BY `sorting` ASC LIMIT 0,6 [ RunTime:0.000270s ]
[2023-02-21T06:48:49+08:00][sql] SHOW FULL COLUMNS FROM `teacher` [ RunTime:0.000903s ]
[2023-02-21T06:48:49+08:00][sql] SELECT * FROM `teacher` [ RunTime:0.000277s ]
[2023-02-21T06:48:49+08:00][sql] SHOW FULL COLUMNS FROM `address` [ RunTime:0.000944s ]
[2023-02-21T06:48:49+08:00][sql] SELECT * FROM `address` WHERE  `id` = 1 LIMIT 1 [ RunTime:0.000276s ]
[2023-02-21T06:48:49+08:00][sql] SELECT * FROM `address` WHERE  `id` = 2 LIMIT 1 [ RunTime:0.000249s ]
[2023-02-21T06:58:36+08:00][sql] CONNECT:[ UseTime:0.000393s ] mysql:host=localhost;port=3316;dbname=coffee;charset=utf8
[2023-02-21T06:58:36+08:00][sql] SHOW FULL COLUMNS FROM `banner` [ RunTime:0.001263s ]
[2023-02-21T06:58:36+08:00][sql] SELECT * FROM `banner` [ RunTime:0.000265s ]
[2023-02-21T06:58:36+08:00][sql] SHOW FULL COLUMNS FROM `information` [ RunTime:0.001087s ]
[2023-02-21T06:58:36+08:00][sql] SELECT * FROM `information` ORDER BY `time` DESC LIMIT 1 [ RunTime:0.000275s ]
[2023-02-21T06:58:36+08:00][sql] SELECT * FROM `information` ORDER BY `time` DESC LIMIT 1,4 [ RunTime:0.000365s ]
[2023-02-21T06:58:36+08:00][sql] SHOW FULL COLUMNS FROM `course` [ RunTime:0.001215s ]
[2023-02-21T06:58:36+08:00][sql] SELECT `id`,`title` FROM `course` ORDER BY `sorting` ASC LIMIT 0,6 [ RunTime:0.000241s ]
[2023-02-21T06:58:36+08:00][sql] SHOW FULL COLUMNS FROM `teacher` [ RunTime:0.000992s ]
[2023-02-21T06:58:36+08:00][sql] SELECT * FROM `teacher` [ RunTime:0.000257s ]
[2023-02-21T06:58:36+08:00][sql] SHOW FULL COLUMNS FROM `address` [ RunTime:0.001075s ]
[2023-02-21T06:58:36+08:00][sql] SELECT * FROM `address` WHERE  `id` = 1 LIMIT 1 [ RunTime:0.000313s ]
[2023-02-21T06:58:36+08:00][sql] SELECT * FROM `address` WHERE  `id` = 2 LIMIT 1 [ RunTime:0.000304s ]
[2023-02-21T07:08:37+08:00][sql] CONNECT:[ UseTime:0.000459s ] mysql:host=localhost;port=3316;dbname=coffee;charset=utf8
[2023-02-21T07:08:37+08:00][sql] SHOW FULL COLUMNS FROM `banner` [ RunTime:0.001551s ]
[2023-02-21T07:08:37+08:00][sql] SELECT * FROM `banner` [ RunTime:0.000285s ]
[2023-02-21T07:08:37+08:00][sql] SHOW FULL COLUMNS FROM `information` [ RunTime:0.001070s ]
[2023-02-21T07:08:37+08:00][sql] SELECT * FROM `information` ORDER BY `time` DESC LIMIT 1 [ RunTime:0.000325s ]
[2023-02-21T07:08:37+08:00][sql] SELECT * FROM `information` ORDER BY `time` DESC LIMIT 1,4 [ RunTime:0.000394s ]
[2023-02-21T07:08:37+08:00][sql] SHOW FULL COLUMNS FROM `course` [ RunTime:0.001107s ]
[2023-02-21T07:08:37+08:00][sql] SELECT `id`,`title` FROM `course` ORDER BY `sorting` ASC LIMIT 0,6 [ RunTime:0.000307s ]
[2023-02-21T07:08:37+08:00][sql] SHOW FULL COLUMNS FROM `teacher` [ RunTime:0.000922s ]
[2023-02-21T07:08:37+08:00][sql] SELECT * FROM `teacher` [ RunTime:0.000259s ]
[2023-02-21T07:08:37+08:00][sql] SHOW FULL COLUMNS FROM `address` [ RunTime:0.000949s ]
[2023-02-21T07:08:37+08:00][sql] SELECT * FROM `address` WHERE  `id` = 1 LIMIT 1 [ RunTime:0.000306s ]
[2023-02-21T07:08:37+08:00][sql] SELECT * FROM `address` WHERE  `id` = 2 LIMIT 1 [ RunTime:0.000294s ]
[2023-02-21T07:30:24+08:00][sql] CONNECT:[ UseTime:0.000429s ] mysql:host=localhost;port=3316;dbname=coffee;charset=utf8
[2023-02-21T07:30:24+08:00][sql] SHOW FULL COLUMNS FROM `banner` [ RunTime:0.001490s ]
[2023-02-21T07:30:24+08:00][sql] SELECT * FROM `banner` [ RunTime:0.000281s ]
[2023-02-21T07:30:24+08:00][sql] SHOW FULL COLUMNS FROM `information` [ RunTime:0.001070s ]
[2023-02-21T07:30:24+08:00][sql] SELECT * FROM `information` ORDER BY `time` DESC LIMIT 1 [ RunTime:0.000309s ]
[2023-02-21T07:30:24+08:00][sql] SELECT * FROM `information` ORDER BY `time` DESC LIMIT 1,4 [ RunTime:0.000370s ]
[2023-02-21T07:30:24+08:00][sql] SHOW FULL COLUMNS FROM `course` [ RunTime:0.001129s ]
[2023-02-21T07:30:24+08:00][sql] SELECT `id`,`title` FROM `course` ORDER BY `sorting` ASC LIMIT 0,6 [ RunTime:0.000224s ]
[2023-02-21T07:30:24+08:00][sql] SHOW FULL COLUMNS FROM `teacher` [ RunTime:0.000827s ]
[2023-02-21T07:30:24+08:00][sql] SELECT * FROM `teacher` [ RunTime:0.000262s ]
[2023-02-21T07:30:24+08:00][sql] SHOW FULL COLUMNS FROM `address` [ RunTime:0.001066s ]
[2023-02-21T07:30:24+08:00][sql] SELECT * FROM `address` WHERE  `id` = 1 LIMIT 1 [ RunTime:0.000297s ]
[2023-02-21T07:30:24+08:00][sql] SELECT * FROM `address` WHERE  `id` = 2 LIMIT 1 [ RunTime:0.000274s ]
[2023-02-21T08:06:07+08:00][sql] CONNECT:[ UseTime:0.000423s ] mysql:host=localhost;port=3316;dbname=coffee;charset=utf8
[2023-02-21T08:06:07+08:00][sql] SHOW FULL COLUMNS FROM `banner` [ RunTime:0.001374s ]
[2023-02-21T08:06:07+08:00][sql] SELECT * FROM `banner` [ RunTime:0.000286s ]
[2023-02-21T08:06:07+08:00][sql] SHOW FULL COLUMNS FROM `information` [ RunTime:0.001090s ]
[2023-02-21T08:06:07+08:00][sql] SELECT * FROM `information` ORDER BY `time` DESC LIMIT 1 [ RunTime:0.000300s ]
[2023-02-21T08:06:07+08:00][sql] SELECT * FROM `information` ORDER BY `time` DESC LIMIT 1,4 [ RunTime:0.000439s ]
[2023-02-21T08:06:07+08:00][sql] SHOW FULL COLUMNS FROM `course` [ RunTime:0.001045s ]
[2023-02-21T08:06:07+08:00][sql] SELECT `id`,`title` FROM `course` ORDER BY `sorting` ASC LIMIT 0,6 [ RunTime:0.000310s ]
[2023-02-21T08:06:07+08:00][sql] SHOW FULL COLUMNS FROM `teacher` [ RunTime:0.000906s ]
[2023-02-21T08:06:07+08:00][sql] SELECT * FROM `teacher` [ RunTime:0.000281s ]
[2023-02-21T08:06:07+08:00][sql] SHOW FULL COLUMNS FROM `address` [ RunTime:0.001060s ]
[2023-02-21T08:06:07+08:00][sql] SELECT * FROM `address` WHERE  `id` = 1 LIMIT 1 [ RunTime:0.000361s ]
[2023-02-21T08:06:07+08:00][sql] SELECT * FROM `address` WHERE  `id` = 2 LIMIT 1 [ RunTime:0.000222s ]
[2023-02-21T08:07:17+08:00][sql] CONNECT:[ UseTime:0.000404s ] mysql:host=localhost;port=3316;dbname=coffee;charset=utf8
[2023-02-21T08:07:17+08:00][sql] SHOW FULL COLUMNS FROM `banner` [ RunTime:0.004601s ]
[2023-02-21T08:07:17+08:00][sql] SELECT * FROM `banner` [ RunTime:0.000285s ]
[2023-02-21T08:07:17+08:00][sql] SHOW FULL COLUMNS FROM `information` [ RunTime:0.001032s ]
[2023-02-21T08:07:17+08:00][sql] SELECT * FROM `information` ORDER BY `time` DESC LIMIT 1 [ RunTime:0.000320s ]
[2023-02-21T08:07:17+08:00][sql] SELECT * FROM `information` ORDER BY `time` DESC LIMIT 1,4 [ RunTime:0.000383s ]
[2023-02-21T08:07:17+08:00][sql] SHOW FULL COLUMNS FROM `course` [ RunTime:0.001059s ]
[2023-02-21T08:07:17+08:00][sql] SELECT `id`,`title` FROM `course` ORDER BY `sorting` ASC LIMIT 0,6 [ RunTime:0.000262s ]
[2023-02-21T08:07:17+08:00][sql] SHOW FULL COLUMNS FROM `teacher` [ RunTime:0.000906s ]
[2023-02-21T08:07:17+08:00][sql] SELECT * FROM `teacher` [ RunTime:0.000260s ]
[2023-02-21T08:07:17+08:00][sql] SHOW FULL COLUMNS FROM `address` [ RunTime:0.000951s ]
[2023-02-21T08:07:17+08:00][sql] SELECT * FROM `address` WHERE  `id` = 1 LIMIT 1 [ RunTime:0.000275s ]
[2023-02-21T08:07:17+08:00][sql] SELECT * FROM `address` WHERE  `id` = 2 LIMIT 1 [ RunTime:0.000264s ]
[2023-02-21T08:14:07+08:00][sql] CONNECT:[ UseTime:0.000424s ] mysql:host=localhost;port=3316;dbname=coffee;charset=utf8
[2023-02-21T08:14:07+08:00][sql] SHOW FULL COLUMNS FROM `banner` [ RunTime:0.001889s ]
[2023-02-21T08:14:07+08:00][sql] SELECT * FROM `banner` [ RunTime:0.000299s ]
[2023-02-21T08:14:07+08:00][sql] SHOW FULL COLUMNS FROM `information` [ RunTime:0.001385s ]
[2023-02-21T08:14:07+08:00][sql] SELECT * FROM `information` ORDER BY `time` DESC LIMIT 1 [ RunTime:0.000450s ]
[2023-02-21T08:14:07+08:00][sql] SELECT * FROM `information` ORDER BY `time` DESC LIMIT 1,4 [ RunTime:0.000522s ]
[2023-02-21T08:14:07+08:00][sql] SHOW FULL COLUMNS FROM `course` [ RunTime:0.001666s ]
[2023-02-21T08:14:07+08:00][sql] SELECT `id`,`title` FROM `course` ORDER BY `sorting` ASC LIMIT 0,6 [ RunTime:0.000309s ]
[2023-02-21T08:14:07+08:00][sql] SHOW FULL COLUMNS FROM `teacher` [ RunTime:0.001700s ]
[2023-02-21T08:14:07+08:00][sql] SELECT * FROM `teacher` [ RunTime:0.006658s ]
[2023-02-21T08:14:07+08:00][sql] SHOW FULL COLUMNS FROM `address` [ RunTime:0.003133s ]
[2023-02-21T08:14:07+08:00][sql] SELECT * FROM `address` WHERE  `id` = 1 LIMIT 1 [ RunTime:0.000501s ]
[2023-02-21T08:14:07+08:00][sql] SELECT * FROM `address` WHERE  `id` = 2 LIMIT 1 [ RunTime:0.000447s ]
[2023-02-21T09:17:17+08:00][sql] CONNECT:[ UseTime:0.000395s ] mysql:host=localhost;port=3316;dbname=coffee;charset=utf8
[2023-02-21T09:17:17+08:00][sql] SHOW FULL COLUMNS FROM `banner` [ RunTime:0.001275s ]
[2023-02-21T09:17:17+08:00][sql] SELECT * FROM `banner` [ RunTime:0.000268s ]
[2023-02-21T09:17:17+08:00][sql] SHOW FULL COLUMNS FROM `information` [ RunTime:0.001017s ]
[2023-02-21T09:17:17+08:00][sql] SELECT * FROM `information` ORDER BY `time` DESC LIMIT 1 [ RunTime:0.000357s ]
[2023-02-21T09:17:17+08:00][sql] SELECT * FROM `information` ORDER BY `time` DESC LIMIT 1,4 [ RunTime:0.000390s ]
[2023-02-21T09:17:17+08:00][sql] SHOW FULL COLUMNS FROM `course` [ RunTime:0.001093s ]
[2023-02-21T09:17:17+08:00][sql] SELECT `id`,`title` FROM `course` ORDER BY `sorting` ASC LIMIT 0,6 [ RunTime:0.000265s ]
[2023-02-21T09:17:17+08:00][sql] SHOW FULL COLUMNS FROM `teacher` [ RunTime:0.000910s ]
[2023-02-21T09:17:17+08:00][sql] SELECT * FROM `teacher` [ RunTime:0.000279s ]
[2023-02-21T09:17:17+08:00][sql] SHOW FULL COLUMNS FROM `address` [ RunTime:0.000936s ]
[2023-02-21T09:17:17+08:00][sql] SELECT * FROM `address` WHERE  `id` = 1 LIMIT 1 [ RunTime:0.000329s ]
[2023-02-21T09:17:17+08:00][sql] SELECT * FROM `address` WHERE  `id` = 2 LIMIT 1 [ RunTime:0.000243s ]
[2023-02-21T09:54:44+08:00][sql] CONNECT:[ UseTime:0.000392s ] mysql:host=localhost;port=3316;dbname=coffee;charset=utf8
[2023-02-21T09:54:44+08:00][sql] SHOW FULL COLUMNS FROM `banner` [ RunTime:0.001368s ]
[2023-02-21T09:54:44+08:00][sql] SELECT * FROM `banner` [ RunTime:0.000291s ]
[2023-02-21T09:54:44+08:00][sql] SHOW FULL COLUMNS FROM `information` [ RunTime:0.000952s ]
[2023-02-21T09:54:44+08:00][sql] SELECT * FROM `information` ORDER BY `time` DESC LIMIT 1 [ RunTime:0.000309s ]
[2023-02-21T09:54:44+08:00][sql] SELECT * FROM `information` ORDER BY `time` DESC LIMIT 1,4 [ RunTime:0.000364s ]
[2023-02-21T09:54:44+08:00][sql] SHOW FULL COLUMNS FROM `course` [ RunTime:0.001102s ]
[2023-02-21T09:54:44+08:00][sql] SELECT `id`,`title` FROM `course` ORDER BY `sorting` ASC LIMIT 0,6 [ RunTime:0.000250s ]
[2023-02-21T09:54:44+08:00][sql] SHOW FULL COLUMNS FROM `teacher` [ RunTime:0.000895s ]
[2023-02-21T09:54:44+08:00][sql] SELECT * FROM `teacher` [ RunTime:0.000227s ]
[2023-02-21T09:54:44+08:00][sql] SHOW FULL COLUMNS FROM `address` [ RunTime:0.000902s ]
[2023-02-21T09:54:44+08:00][sql] SELECT * FROM `address` WHERE  `id` = 1 LIMIT 1 [ RunTime:0.000252s ]
[2023-02-21T09:54:44+08:00][sql] SELECT * FROM `address` WHERE  `id` = 2 LIMIT 1 [ RunTime:0.000242s ]
[2023-02-21T10:00:44+08:00][sql] CONNECT:[ UseTime:0.000389s ] mysql:host=localhost;port=3316;dbname=coffee;charset=utf8
[2023-02-21T10:00:44+08:00][sql] SHOW FULL COLUMNS FROM `banner` [ RunTime:0.001332s ]
[2023-02-21T10:00:44+08:00][sql] SELECT * FROM `banner` [ RunTime:0.000236s ]
[2023-02-21T10:00:44+08:00][sql] SHOW FULL COLUMNS FROM `information` [ RunTime:0.001032s ]
[2023-02-21T10:00:44+08:00][sql] SELECT * FROM `information` ORDER BY `time` DESC LIMIT 1 [ RunTime:0.000404s ]
[2023-02-21T10:00:44+08:00][sql] SELECT * FROM `information` ORDER BY `time` DESC LIMIT 1,4 [ RunTime:0.000318s ]
[2023-02-21T10:00:44+08:00][sql] SHOW FULL COLUMNS FROM `course` [ RunTime:0.001138s ]
[2023-02-21T10:00:44+08:00][sql] SELECT `id`,`title` FROM `course` ORDER BY `sorting` ASC LIMIT 0,6 [ RunTime:0.000223s ]
[2023-02-21T10:00:44+08:00][sql] SHOW FULL COLUMNS FROM `teacher` [ RunTime:0.001006s ]
[2023-02-21T10:00:44+08:00][sql] SELECT * FROM `teacher` [ RunTime:0.000232s ]
[2023-02-21T10:00:44+08:00][sql] SHOW FULL COLUMNS FROM `address` [ RunTime:0.001046s ]
[2023-02-21T10:00:44+08:00][sql] SELECT * FROM `address` WHERE  `id` = 1 LIMIT 1 [ RunTime:0.000237s ]
[2023-02-21T10:00:44+08:00][sql] SELECT * FROM `address` WHERE  `id` = 2 LIMIT 1 [ RunTime:0.000199s ]
[2023-02-21T10:02:34+08:00][sql] CONNECT:[ UseTime:0.000400s ] mysql:host=localhost;port=3316;dbname=coffee;charset=utf8
[2023-02-21T10:02:34+08:00][sql] SHOW FULL COLUMNS FROM `banner` [ RunTime:0.001205s ]
[2023-02-21T10:02:34+08:00][sql] SELECT * FROM `banner` [ RunTime:0.000226s ]
[2023-02-21T10:02:34+08:00][sql] SHOW FULL COLUMNS FROM `information` [ RunTime:0.000983s ]
[2023-02-21T10:02:34+08:00][sql] SELECT * FROM `information` ORDER BY `time` DESC LIMIT 1 [ RunTime:0.000286s ]
[2023-02-21T10:02:34+08:00][sql] SELECT * FROM `information` ORDER BY `time` DESC LIMIT 1,4 [ RunTime:0.000345s ]
[2023-02-21T10:02:34+08:00][sql] SHOW FULL COLUMNS FROM `course` [ RunTime:0.001118s ]
[2023-02-21T10:02:34+08:00][sql] SELECT `id`,`title` FROM `course` ORDER BY `sorting` ASC LIMIT 0,6 [ RunTime:0.000237s ]
[2023-02-21T10:02:34+08:00][sql] SHOW FULL COLUMNS FROM `teacher` [ RunTime:0.000935s ]
[2023-02-21T10:02:34+08:00][sql] SELECT * FROM `teacher` [ RunTime:0.000257s ]
[2023-02-21T10:02:34+08:00][sql] SHOW FULL COLUMNS FROM `address` [ RunTime:0.000971s ]
[2023-02-21T10:02:34+08:00][sql] SELECT * FROM `address` WHERE  `id` = 1 LIMIT 1 [ RunTime:0.000270s ]
[2023-02-21T10:02:34+08:00][sql] SELECT * FROM `address` WHERE  `id` = 2 LIMIT 1 [ RunTime:0.000228s ]
[2023-02-21T10:21:22+08:00][sql] CONNECT:[ UseTime:0.000409s ] mysql:host=localhost;port=3316;dbname=coffee;charset=utf8
[2023-02-21T10:21:22+08:00][sql] SHOW FULL COLUMNS FROM `banner` [ RunTime:0.001211s ]
[2023-02-21T10:21:22+08:00][sql] SELECT * FROM `banner` [ RunTime:0.000227s ]
[2023-02-21T10:21:22+08:00][sql] SHOW FULL COLUMNS FROM `information` [ RunTime:0.000969s ]
[2023-02-21T10:21:22+08:00][sql] SELECT * FROM `information` ORDER BY `time` DESC LIMIT 1 [ RunTime:0.000294s ]
[2023-02-21T10:21:22+08:00][sql] SELECT * FROM `information` ORDER BY `time` DESC LIMIT 1,4 [ RunTime:0.000330s ]
[2023-02-21T10:21:22+08:00][sql] SHOW FULL COLUMNS FROM `course` [ RunTime:0.001062s ]
[2023-02-21T10:21:22+08:00][sql] SELECT `id`,`title` FROM `course` ORDER BY `sorting` ASC LIMIT 0,6 [ RunTime:0.000234s ]
[2023-02-21T10:21:22+08:00][sql] SHOW FULL COLUMNS FROM `teacher` [ RunTime:0.000869s ]
[2023-02-21T10:21:22+08:00][sql] SELECT * FROM `teacher` [ RunTime:0.000266s ]
[2023-02-21T10:21:22+08:00][sql] SHOW FULL COLUMNS FROM `address` [ RunTime:0.000946s ]
[2023-02-21T10:21:22+08:00][sql] SELECT * FROM `address` WHERE  `id` = 1 LIMIT 1 [ RunTime:0.000257s ]
[2023-02-21T10:21:22+08:00][sql] SELECT * FROM `address` WHERE  `id` = 2 LIMIT 1 [ RunTime:0.000212s ]
[2023-02-21T10:22:59+08:00][sql] CONNECT:[ UseTime:0.000395s ] mysql:host=localhost;port=3316;dbname=coffee;charset=utf8
[2023-02-21T10:22:59+08:00][sql] SHOW FULL COLUMNS FROM `banner` [ RunTime:0.001256s ]
[2023-02-21T10:22:59+08:00][sql] SELECT * FROM `banner` [ RunTime:0.000213s ]
[2023-02-21T10:22:59+08:00][sql] SHOW FULL COLUMNS FROM `information` [ RunTime:0.000981s ]
[2023-02-21T10:22:59+08:00][sql] SELECT * FROM `information` ORDER BY `time` DESC LIMIT 1 [ RunTime:0.000280s ]
[2023-02-21T10:22:59+08:00][sql] SELECT * FROM `information` ORDER BY `time` DESC LIMIT 1,4 [ RunTime:0.000331s ]
[2023-02-21T10:22:59+08:00][sql] SHOW FULL COLUMNS FROM `course` [ RunTime:0.001073s ]
[2023-02-21T10:22:59+08:00][sql] SELECT `id`,`title` FROM `course` ORDER BY `sorting` ASC LIMIT 0,6 [ RunTime:0.000233s ]
[2023-02-21T10:22:59+08:00][sql] SHOW FULL COLUMNS FROM `teacher` [ RunTime:0.000896s ]
[2023-02-21T10:22:59+08:00][sql] SELECT * FROM `teacher` [ RunTime:0.000221s ]
[2023-02-21T10:22:59+08:00][sql] SHOW FULL COLUMNS FROM `address` [ RunTime:0.000923s ]
[2023-02-21T10:22:59+08:00][sql] SELECT * FROM `address` WHERE  `id` = 1 LIMIT 1 [ RunTime:0.000243s ]
[2023-02-21T10:22:59+08:00][sql] SELECT * FROM `address` WHERE  `id` = 2 LIMIT 1 [ RunTime:0.000222s ]
[2023-02-21T10:39:54+08:00][sql] CONNECT:[ UseTime:0.000401s ] mysql:host=localhost;port=3316;dbname=coffee;charset=utf8
[2023-02-21T10:39:54+08:00][sql] SHOW FULL COLUMNS FROM `banner` [ RunTime:0.001186s ]
[2023-02-21T10:39:54+08:00][sql] SELECT * FROM `banner` [ RunTime:0.000213s ]
[2023-02-21T10:39:54+08:00][sql] SHOW FULL COLUMNS FROM `information` [ RunTime:0.001331s ]
[2023-02-21T10:39:54+08:00][sql] SELECT * FROM `information` ORDER BY `time` DESC LIMIT 1 [ RunTime:0.000399s ]
[2023-02-21T10:39:54+08:00][sql] SELECT * FROM `information` ORDER BY `time` DESC LIMIT 1,4 [ RunTime:0.000459s ]
[2023-02-21T10:39:54+08:00][sql] SHOW FULL COLUMNS FROM `course` [ RunTime:0.001207s ]
[2023-02-21T10:39:54+08:00][sql] SELECT `id`,`title` FROM `course` ORDER BY `sorting` ASC LIMIT 0,6 [ RunTime:0.000217s ]
[2023-02-21T10:39:54+08:00][sql] SHOW FULL COLUMNS FROM `teacher` [ RunTime:0.000847s ]
[2023-02-21T10:39:54+08:00][sql] SELECT * FROM `teacher` [ RunTime:0.000220s ]
[2023-02-21T10:39:54+08:00][sql] SHOW FULL COLUMNS FROM `address` [ RunTime:0.000865s ]
[2023-02-21T10:39:54+08:00][sql] SELECT * FROM `address` WHERE  `id` = 1 LIMIT 1 [ RunTime:0.000240s ]
[2023-02-21T10:39:54+08:00][sql] SELECT * FROM `address` WHERE  `id` = 2 LIMIT 1 [ RunTime:0.000202s ]
[2023-02-21T10:45:45+08:00][sql] CONNECT:[ UseTime:0.000398s ] mysql:host=localhost;port=3316;dbname=coffee;charset=utf8
[2023-02-21T10:45:45+08:00][sql] SHOW FULL COLUMNS FROM `banner` [ RunTime:0.001246s ]
[2023-02-21T10:45:45+08:00][sql] SELECT * FROM `banner` [ RunTime:0.000230s ]
[2023-02-21T10:45:45+08:00][sql] SHOW FULL COLUMNS FROM `information` [ RunTime:0.000975s ]
[2023-02-21T10:45:45+08:00][sql] SELECT * FROM `information` ORDER BY `time` DESC LIMIT 1 [ RunTime:0.000296s ]
[2023-02-21T10:45:45+08:00][sql] SELECT * FROM `information` ORDER BY `time` DESC LIMIT 1,4 [ RunTime:0.000326s ]
[2023-02-21T10:45:45+08:00][sql] SHOW FULL COLUMNS FROM `course` [ RunTime:0.001109s ]
[2023-02-21T10:45:45+08:00][sql] SELECT `id`,`title` FROM `course` ORDER BY `sorting` ASC LIMIT 0,6 [ RunTime:0.000237s ]
[2023-02-21T10:45:45+08:00][sql] SHOW FULL COLUMNS FROM `teacher` [ RunTime:0.000878s ]
[2023-02-21T10:45:45+08:00][sql] SELECT * FROM `teacher` [ RunTime:0.000251s ]
[2023-02-21T10:45:45+08:00][sql] SHOW FULL COLUMNS FROM `address` [ RunTime:0.000908s ]
[2023-02-21T10:45:45+08:00][sql] SELECT * FROM `address` WHERE  `id` = 1 LIMIT 1 [ RunTime:0.000244s ]
[2023-02-21T10:45:45+08:00][sql] SELECT * FROM `address` WHERE  `id` = 2 LIMIT 1 [ RunTime:0.000204s ]
[2023-02-21T10:49:11+08:00][sql] CONNECT:[ UseTime:0.000450s ] mysql:host=localhost;port=3316;dbname=coffee;charset=utf8
[2023-02-21T10:49:11+08:00][sql] SHOW FULL COLUMNS FROM `banner` [ RunTime:0.001317s ]
[2023-02-21T10:49:11+08:00][sql] SELECT * FROM `banner` [ RunTime:0.000293s ]
[2023-02-21T10:49:11+08:00][sql] SHOW FULL COLUMNS FROM `information` [ RunTime:0.001088s ]
[2023-02-21T10:49:11+08:00][sql] SELECT * FROM `information` ORDER BY `time` DESC LIMIT 1 [ RunTime:0.000342s ]
[2023-02-21T10:49:11+08:00][sql] SELECT * FROM `information` ORDER BY `time` DESC LIMIT 1,4 [ RunTime:0.000419s ]
[2023-02-21T10:49:11+08:00][sql] SHOW FULL COLUMNS FROM `course` [ RunTime:0.001144s ]
[2023-02-21T10:49:11+08:00][sql] SELECT `id`,`title` FROM `course` ORDER BY `sorting` ASC LIMIT 0,6 [ RunTime:0.000263s ]
[2023-02-21T10:49:11+08:00][sql] SHOW FULL COLUMNS FROM `teacher` [ RunTime:0.000972s ]
[2023-02-21T10:49:11+08:00][sql] SELECT * FROM `teacher` [ RunTime:0.000257s ]
[2023-02-21T10:49:11+08:00][sql] SHOW FULL COLUMNS FROM `address` [ RunTime:0.000962s ]
[2023-02-21T10:49:11+08:00][sql] SELECT * FROM `address` WHERE  `id` = 1 LIMIT 1 [ RunTime:0.000288s ]
[2023-02-21T10:49:11+08:00][sql] SELECT * FROM `address` WHERE  `id` = 2 LIMIT 1 [ RunTime:0.000252s ]
[2023-02-21T11:13:34+08:00][sql] CONNECT:[ UseTime:0.000416s ] mysql:host=localhost;port=3316;dbname=coffee;charset=utf8
[2023-02-21T11:13:34+08:00][sql] SHOW FULL COLUMNS FROM `banner` [ RunTime:0.001242s ]
[2023-02-21T11:13:34+08:00][sql] SELECT * FROM `banner` [ RunTime:0.000249s ]
[2023-02-21T11:13:34+08:00][sql] SHOW FULL COLUMNS FROM `information` [ RunTime:0.001010s ]
[2023-02-21T11:13:34+08:00][sql] SELECT * FROM `information` ORDER BY `time` DESC LIMIT 1 [ RunTime:0.000329s ]
[2023-02-21T11:13:34+08:00][sql] SELECT * FROM `information` ORDER BY `time` DESC LIMIT 1,4 [ RunTime:0.000389s ]
[2023-02-21T11:13:34+08:00][sql] SHOW FULL COLUMNS FROM `course` [ RunTime:0.001091s ]
[2023-02-21T11:13:34+08:00][sql] SELECT `id`,`title` FROM `course` ORDER BY `sorting` ASC LIMIT 0,6 [ RunTime:0.000292s ]
[2023-02-21T11:13:34+08:00][sql] SHOW FULL COLUMNS FROM `teacher` [ RunTime:0.000929s ]
[2023-02-21T11:13:34+08:00][sql] SELECT * FROM `teacher` [ RunTime:0.000271s ]
[2023-02-21T11:13:34+08:00][sql] SHOW FULL COLUMNS FROM `address` [ RunTime:0.001125s ]
[2023-02-21T11:13:34+08:00][sql] SELECT * FROM `address` WHERE  `id` = 1 LIMIT 1 [ RunTime:0.000277s ]
[2023-02-21T11:13:34+08:00][sql] SELECT * FROM `address` WHERE  `id` = 2 LIMIT 1 [ RunTime:0.000254s ]
[2023-02-21T11:44:46+08:00][sql] CONNECT:[ UseTime:0.000404s ] mysql:host=localhost;port=3316;dbname=coffee;charset=utf8
[2023-02-21T11:44:46+08:00][sql] SHOW FULL COLUMNS FROM `banner` [ RunTime:0.001219s ]
[2023-02-21T11:44:46+08:00][sql] SELECT * FROM `banner` [ RunTime:0.000267s ]
[2023-02-21T11:44:46+08:00][sql] SHOW FULL COLUMNS FROM `information` [ RunTime:0.001008s ]
[2023-02-21T11:44:46+08:00][sql] SELECT * FROM `information` ORDER BY `time` DESC LIMIT 1 [ RunTime:0.000312s ]
[2023-02-21T11:44:46+08:00][sql] SELECT * FROM `information` ORDER BY `time` DESC LIMIT 1,4 [ RunTime:0.000412s ]
[2023-02-21T11:44:46+08:00][sql] SHOW FULL COLUMNS FROM `course` [ RunTime:0.001168s ]
[2023-02-21T11:44:46+08:00][sql] SELECT `id`,`title` FROM `course` ORDER BY `sorting` ASC LIMIT 0,6 [ RunTime:0.000268s ]
[2023-02-21T11:44:46+08:00][sql] SHOW FULL COLUMNS FROM `teacher` [ RunTime:0.000933s ]
[2023-02-21T11:44:46+08:00][sql] SELECT * FROM `teacher` [ RunTime:0.000538s ]
[2023-02-21T11:44:46+08:00][sql] SHOW FULL COLUMNS FROM `address` [ RunTime:0.000920s ]
[2023-02-21T11:44:46+08:00][sql] SELECT * FROM `address` WHERE  `id` = 1 LIMIT 1 [ RunTime:0.000283s ]
[2023-02-21T11:44:46+08:00][sql] SELECT * FROM `address` WHERE  `id` = 2 LIMIT 1 [ RunTime:0.000266s ]
[2023-02-21T11:50:49+08:00][sql] CONNECT:[ UseTime:0.000490s ] mysql:host=localhost;port=3316;dbname=coffee;charset=utf8
[2023-02-21T11:50:49+08:00][sql] SHOW FULL COLUMNS FROM `banner` [ RunTime:0.001691s ]
[2023-02-21T11:50:49+08:00][sql] SELECT * FROM `banner` [ RunTime:0.000283s ]
[2023-02-21T11:50:49+08:00][sql] SHOW FULL COLUMNS FROM `information` [ RunTime:0.001316s ]
[2023-02-21T11:50:49+08:00][sql] SELECT * FROM `information` ORDER BY `time` DESC LIMIT 1 [ RunTime:0.000406s ]
[2023-02-21T11:50:49+08:00][sql] SELECT * FROM `information` ORDER BY `time` DESC LIMIT 1,4 [ RunTime:0.000433s ]
[2023-02-21T11:50:49+08:00][sql] SHOW FULL COLUMNS FROM `course` [ RunTime:0.001491s ]
[2023-02-21T11:50:49+08:00][sql] SELECT `id`,`title` FROM `course` ORDER BY `sorting` ASC LIMIT 0,6 [ RunTime:0.000298s ]
[2023-02-21T11:50:49+08:00][sql] SHOW FULL COLUMNS FROM `teacher` [ RunTime:0.001189s ]
[2023-02-21T11:50:49+08:00][sql] SELECT * FROM `teacher` [ RunTime:0.000284s ]
[2023-02-21T11:50:49+08:00][sql] SHOW FULL COLUMNS FROM `address` [ RunTime:0.001166s ]
[2023-02-21T11:50:49+08:00][sql] SELECT * FROM `address` WHERE  `id` = 1 LIMIT 1 [ RunTime:0.000427s ]
[2023-02-21T11:50:49+08:00][sql] SELECT * FROM `address` WHERE  `id` = 2 LIMIT 1 [ RunTime:0.000262s ]
[2023-02-21T11:55:10+08:00][sql] CONNECT:[ UseTime:0.000431s ] mysql:host=localhost;port=3316;dbname=coffee;charset=utf8
[2023-02-21T11:55:10+08:00][sql] SHOW FULL COLUMNS FROM `banner` [ RunTime:0.001244s ]
[2023-02-21T11:55:10+08:00][sql] SELECT * FROM `banner` [ RunTime:0.000284s ]
[2023-02-21T11:55:10+08:00][sql] SHOW FULL COLUMNS FROM `information` [ RunTime:0.001005s ]
[2023-02-21T11:55:10+08:00][sql] SELECT * FROM `information` ORDER BY `time` DESC LIMIT 1 [ RunTime:0.000313s ]
[2023-02-21T11:55:10+08:00][sql] SELECT * FROM `information` ORDER BY `time` DESC LIMIT 1,4 [ RunTime:0.000402s ]
[2023-02-21T11:55:10+08:00][sql] SHOW FULL COLUMNS FROM `course` [ RunTime:0.001156s ]
[2023-02-21T11:55:10+08:00][sql] SELECT `id`,`title` FROM `course` ORDER BY `sorting` ASC LIMIT 0,6 [ RunTime:0.000272s ]
[2023-02-21T11:55:10+08:00][sql] SHOW FULL COLUMNS FROM `teacher` [ RunTime:0.001006s ]
[2023-02-21T11:55:10+08:00][sql] SELECT * FROM `teacher` [ RunTime:0.000270s ]
[2023-02-21T11:55:10+08:00][sql] SHOW FULL COLUMNS FROM `address` [ RunTime:0.001010s ]
[2023-02-21T11:55:10+08:00][sql] SELECT * FROM `address` WHERE  `id` = 1 LIMIT 1 [ RunTime:0.000354s ]
[2023-02-21T11:55:10+08:00][sql] SELECT * FROM `address` WHERE  `id` = 2 LIMIT 1 [ RunTime:0.000275s ]
[2023-02-21T12:05:42+08:00][sql] CONNECT:[ UseTime:0.000453s ] mysql:host=localhost;port=3316;dbname=coffee;charset=utf8
[2023-02-21T12:05:42+08:00][sql] SHOW FULL COLUMNS FROM `banner` [ RunTime:0.001595s ]
[2023-02-21T12:05:42+08:00][sql] SELECT * FROM `banner` [ RunTime:0.000241s ]
[2023-02-21T12:05:42+08:00][sql] SHOW FULL COLUMNS FROM `information` [ RunTime:0.000942s ]
[2023-02-21T12:05:42+08:00][sql] SELECT * FROM `information` ORDER BY `time` DESC LIMIT 1 [ RunTime:0.000327s ]
[2023-02-21T12:05:42+08:00][sql] SELECT * FROM `information` ORDER BY `time` DESC LIMIT 1,4 [ RunTime:0.000473s ]
[2023-02-21T12:05:42+08:00][sql] SHOW FULL COLUMNS FROM `course` [ RunTime:0.001622s ]
[2023-02-21T12:05:42+08:00][sql] SELECT `id`,`title` FROM `course` ORDER BY `sorting` ASC LIMIT 0,6 [ RunTime:0.000284s ]
[2023-02-21T12:05:42+08:00][sql] SHOW FULL COLUMNS FROM `teacher` [ RunTime:0.001346s ]
[2023-02-21T12:05:42+08:00][sql] SELECT * FROM `teacher` [ RunTime:0.000375s ]
[2023-02-21T12:05:42+08:00][sql] SHOW FULL COLUMNS FROM `address` [ RunTime:0.001375s ]
[2023-02-21T12:05:42+08:00][sql] SELECT * FROM `address` WHERE  `id` = 1 LIMIT 1 [ RunTime:0.000455s ]
[2023-02-21T12:05:42+08:00][sql] SELECT * FROM `address` WHERE  `id` = 2 LIMIT 1 [ RunTime:0.000495s ]
[2023-02-21T12:41:19+08:00][sql] CONNECT:[ UseTime:0.000408s ] mysql:host=localhost;port=3316;dbname=coffee;charset=utf8
[2023-02-21T12:41:19+08:00][sql] SHOW FULL COLUMNS FROM `banner` [ RunTime:0.001195s ]
[2023-02-21T12:41:19+08:00][sql] SELECT * FROM `banner` [ RunTime:0.000257s ]
[2023-02-21T12:41:19+08:00][sql] SHOW FULL COLUMNS FROM `information` [ RunTime:0.000939s ]
[2023-02-21T12:41:19+08:00][sql] SELECT * FROM `information` ORDER BY `time` DESC LIMIT 1 [ RunTime:0.000308s ]
[2023-02-21T12:41:19+08:00][sql] SELECT * FROM `information` ORDER BY `time` DESC LIMIT 1,4 [ RunTime:0.000314s ]
[2023-02-21T12:41:19+08:00][sql] SHOW FULL COLUMNS FROM `course` [ RunTime:0.001137s ]
[2023-02-21T12:41:19+08:00][sql] SELECT `id`,`title` FROM `course` ORDER BY `sorting` ASC LIMIT 0,6 [ RunTime:0.000258s ]
[2023-02-21T12:41:19+08:00][sql] SHOW FULL COLUMNS FROM `teacher` [ RunTime:0.000951s ]
[2023-02-21T12:41:19+08:00][sql] SELECT * FROM `teacher` [ RunTime:0.000225s ]
[2023-02-21T12:41:19+08:00][sql] SHOW FULL COLUMNS FROM `address` [ RunTime:0.001007s ]
[2023-02-21T12:41:19+08:00][sql] SELECT * FROM `address` WHERE  `id` = 1 LIMIT 1 [ RunTime:0.000231s ]
[2023-02-21T12:41:19+08:00][sql] SELECT * FROM `address` WHERE  `id` = 2 LIMIT 1 [ RunTime:0.000227s ]
[2023-02-21T12:53:04+08:00][sql] CONNECT:[ UseTime:0.000589s ] mysql:host=localhost;port=3316;dbname=coffee;charset=utf8
[2023-02-21T12:53:04+08:00][sql] SHOW FULL COLUMNS FROM `banner` [ RunTime:0.008558s ]
[2023-02-21T12:53:04+08:00][sql] SELECT * FROM `banner` [ RunTime:0.000378s ]
[2023-02-21T12:53:04+08:00][sql] SHOW FULL COLUMNS FROM `information` [ RunTime:0.001575s ]
[2023-02-21T12:53:04+08:00][sql] SELECT * FROM `information` ORDER BY `time` DESC LIMIT 1 [ RunTime:0.000493s ]
[2023-02-21T12:53:04+08:00][sql] SELECT * FROM `information` ORDER BY `time` DESC LIMIT 1,4 [ RunTime:0.000704s ]
[2023-02-21T12:53:04+08:00][sql] SHOW FULL COLUMNS FROM `course` [ RunTime:0.001731s ]
[2023-02-21T12:53:04+08:00][sql] SELECT `id`,`title` FROM `course` ORDER BY `sorting` ASC LIMIT 0,6 [ RunTime:0.000435s ]
[2023-02-21T12:53:04+08:00][sql] SHOW FULL COLUMNS FROM `teacher` [ RunTime:0.001409s ]
[2023-02-21T12:53:04+08:00][sql] SELECT * FROM `teacher` [ RunTime:0.000398s ]
[2023-02-21T12:53:04+08:00][sql] SHOW FULL COLUMNS FROM `address` [ RunTime:0.001701s ]
[2023-02-21T12:53:04+08:00][sql] SELECT * FROM `address` WHERE  `id` = 1 LIMIT 1 [ RunTime:0.000424s ]
[2023-02-21T12:53:04+08:00][sql] SELECT * FROM `address` WHERE  `id` = 2 LIMIT 1 [ RunTime:0.000385s ]
[2023-02-21T12:53:37+08:00][sql] CONNECT:[ UseTime:0.000456s ] mysql:host=localhost;port=3316;dbname=coffee;charset=utf8
[2023-02-21T12:53:37+08:00][sql] SHOW FULL COLUMNS FROM `banner` [ RunTime:0.001713s ]
[2023-02-21T12:53:37+08:00][sql] SELECT * FROM `banner` [ RunTime:0.000279s ]
[2023-02-21T12:53:37+08:00][sql] SHOW FULL COLUMNS FROM `information` [ RunTime:0.001352s ]
[2023-02-21T12:53:37+08:00][sql] SELECT * FROM `information` ORDER BY `time` DESC LIMIT 1 [ RunTime:0.000382s ]
[2023-02-21T12:53:37+08:00][sql] SELECT * FROM `information` ORDER BY `time` DESC LIMIT 1,4 [ RunTime:0.000460s ]
[2023-02-21T12:53:37+08:00][sql] SHOW FULL COLUMNS FROM `course` [ RunTime:0.001518s ]
[2023-02-21T12:53:37+08:00][sql] SELECT `id`,`title` FROM `course` ORDER BY `sorting` ASC LIMIT 0,6 [ RunTime:0.000278s ]
[2023-02-21T12:53:37+08:00][sql] SHOW FULL COLUMNS FROM `teacher` [ RunTime:0.001249s ]
[2023-02-21T12:53:37+08:00][sql] SELECT * FROM `teacher` [ RunTime:0.000292s ]
[2023-02-21T12:53:37+08:00][sql] SHOW FULL COLUMNS FROM `address` [ RunTime:0.001265s ]
[2023-02-21T12:53:37+08:00][sql] SELECT * FROM `address` WHERE  `id` = 1 LIMIT 1 [ RunTime:0.000280s ]
[2023-02-21T12:53:37+08:00][sql] SELECT * FROM `address` WHERE  `id` = 2 LIMIT 1 [ RunTime:0.000281s ]
[2023-02-21T12:53:49+08:00][sql] CONNECT:[ UseTime:0.000401s ] mysql:host=localhost;port=3316;dbname=coffee;charset=utf8
[2023-02-21T12:53:49+08:00][sql] SHOW FULL COLUMNS FROM `banner` [ RunTime:0.001146s ]
[2023-02-21T12:53:49+08:00][sql] SELECT * FROM `banner` [ RunTime:0.000247s ]
[2023-02-21T12:53:49+08:00][sql] SHOW FULL COLUMNS FROM `information` [ RunTime:0.000953s ]
[2023-02-21T12:53:49+08:00][sql] SELECT * FROM `information` ORDER BY `time` DESC LIMIT 1 [ RunTime:0.000283s ]
[2023-02-21T12:53:49+08:00][sql] SELECT * FROM `information` ORDER BY `time` DESC LIMIT 1,4 [ RunTime:0.000390s ]
[2023-02-21T12:53:49+08:00][sql] SHOW FULL COLUMNS FROM `course` [ RunTime:0.001032s ]
[2023-02-21T12:53:49+08:00][sql] SELECT `id`,`title` FROM `course` ORDER BY `sorting` ASC LIMIT 0,6 [ RunTime:0.000218s ]
[2023-02-21T12:53:49+08:00][sql] SHOW FULL COLUMNS FROM `teacher` [ RunTime:0.000841s ]
[2023-02-21T12:53:49+08:00][sql] SELECT * FROM `teacher` [ RunTime:0.000217s ]
[2023-02-21T12:53:49+08:00][sql] SHOW FULL COLUMNS FROM `address` [ RunTime:0.000841s ]
[2023-02-21T12:53:49+08:00][sql] SELECT * FROM `address` WHERE  `id` = 1 LIMIT 1 [ RunTime:0.000242s ]
[2023-02-21T12:53:49+08:00][sql] SELECT * FROM `address` WHERE  `id` = 2 LIMIT 1 [ RunTime:0.000245s ]
[2023-02-21T13:04:54+08:00][sql] CONNECT:[ UseTime:0.000409s ] mysql:host=localhost;port=3316;dbname=coffee;charset=utf8
[2023-02-21T13:04:54+08:00][sql] SHOW FULL COLUMNS FROM `banner` [ RunTime:0.001256s ]
[2023-02-21T13:04:54+08:00][sql] SELECT * FROM `banner` [ RunTime:0.000268s ]
[2023-02-21T13:04:54+08:00][sql] SHOW FULL COLUMNS FROM `information` [ RunTime:0.001012s ]
[2023-02-21T13:04:54+08:00][sql] SELECT * FROM `information` ORDER BY `time` DESC LIMIT 1 [ RunTime:0.000371s ]
[2023-02-21T13:04:54+08:00][sql] SELECT * FROM `information` ORDER BY `time` DESC LIMIT 1,4 [ RunTime:0.000397s ]
[2023-02-21T13:04:54+08:00][sql] SHOW FULL COLUMNS FROM `course` [ RunTime:0.001070s ]
[2023-02-21T13:04:54+08:00][sql] SELECT `id`,`title` FROM `course` ORDER BY `sorting` ASC LIMIT 0,6 [ RunTime:0.000271s ]
[2023-02-21T13:04:54+08:00][sql] SHOW FULL COLUMNS FROM `teacher` [ RunTime:0.000950s ]
[2023-02-21T13:04:54+08:00][sql] SELECT * FROM `teacher` [ RunTime:0.000264s ]
[2023-02-21T13:04:54+08:00][sql] SHOW FULL COLUMNS FROM `address` [ RunTime:0.000915s ]
[2023-02-21T13:04:54+08:00][sql] SELECT * FROM `address` WHERE  `id` = 1 LIMIT 1 [ RunTime:0.000281s ]
[2023-02-21T13:04:54+08:00][sql] SELECT * FROM `address` WHERE  `id` = 2 LIMIT 1 [ RunTime:0.000261s ]
[2023-02-21T13:05:16+08:00][sql] CONNECT:[ UseTime:0.014701s ] mysql:host=localhost;port=3316;dbname=coffee;charset=utf8
[2023-02-21T13:05:16+08:00][sql] SHOW FULL COLUMNS FROM `banner` [ RunTime:0.002814s ]
[2023-02-21T13:05:16+08:00][sql] SELECT * FROM `banner` [ RunTime:0.000443s ]
[2023-02-21T13:05:16+08:00][sql] SHOW FULL COLUMNS FROM `information` [ RunTime:0.001473s ]
[2023-02-21T13:05:16+08:00][sql] SELECT * FROM `information` ORDER BY `time` DESC LIMIT 1 [ RunTime:0.000525s ]
[2023-02-21T13:05:16+08:00][sql] SELECT * FROM `information` ORDER BY `time` DESC LIMIT 1,4 [ RunTime:0.000623s ]
[2023-02-21T13:05:16+08:00][sql] SHOW FULL COLUMNS FROM `course` [ RunTime:0.001629s ]
[2023-02-21T13:05:16+08:00][sql] SELECT `id`,`title` FROM `course` ORDER BY `sorting` ASC LIMIT 0,6 [ RunTime:0.000395s ]
[2023-02-21T13:05:16+08:00][sql] SHOW FULL COLUMNS FROM `teacher` [ RunTime:0.001347s ]
[2023-02-21T13:05:16+08:00][sql] SELECT * FROM `teacher` [ RunTime:0.000400s ]
[2023-02-21T13:05:16+08:00][sql] SHOW FULL COLUMNS FROM `address` [ RunTime:0.001631s ]
[2023-02-21T13:05:16+08:00][sql] SELECT * FROM `address` WHERE  `id` = 1 LIMIT 1 [ RunTime:0.000406s ]
[2023-02-21T13:05:16+08:00][sql] SELECT * FROM `address` WHERE  `id` = 2 LIMIT 1 [ RunTime:0.000389s ]
[2023-02-21T13:12:41+08:00][sql] CONNECT:[ UseTime:0.000436s ] mysql:host=localhost;port=3316;dbname=coffee;charset=utf8
[2023-02-21T13:12:41+08:00][sql] SHOW FULL COLUMNS FROM `banner` [ RunTime:0.001363s ]
[2023-02-21T13:12:41+08:00][sql] SELECT * FROM `banner` [ RunTime:0.000245s ]
[2023-02-21T13:12:41+08:00][sql] SHOW FULL COLUMNS FROM `information` [ RunTime:0.000928s ]
[2023-02-21T13:12:41+08:00][sql] SELECT * FROM `information` ORDER BY `time` DESC LIMIT 1 [ RunTime:0.000295s ]
[2023-02-21T13:12:41+08:00][sql] SELECT * FROM `information` ORDER BY `time` DESC LIMIT 1,4 [ RunTime:0.000432s ]
[2023-02-21T13:12:41+08:00][sql] SHOW FULL COLUMNS FROM `course` [ RunTime:0.001136s ]
[2023-02-21T13:12:41+08:00][sql] SELECT `id`,`title` FROM `course` ORDER BY `sorting` ASC LIMIT 0,6 [ RunTime:0.000285s ]
[2023-02-21T13:12:41+08:00][sql] SHOW FULL COLUMNS FROM `teacher` [ RunTime:0.000924s ]
[2023-02-21T13:12:41+08:00][sql] SELECT * FROM `teacher` [ RunTime:0.000271s ]
[2023-02-21T13:12:41+08:00][sql] SHOW FULL COLUMNS FROM `address` [ RunTime:0.000962s ]
[2023-02-21T13:12:41+08:00][sql] SELECT * FROM `address` WHERE  `id` = 1 LIMIT 1 [ RunTime:0.000286s ]
[2023-02-21T13:12:41+08:00][sql] SELECT * FROM `address` WHERE  `id` = 2 LIMIT 1 [ RunTime:0.000265s ]
[2023-02-21T13:13:38+08:00][sql] CONNECT:[ UseTime:0.000426s ] mysql:host=localhost;port=3316;dbname=coffee;charset=utf8
[2023-02-21T13:13:38+08:00][sql] SHOW FULL COLUMNS FROM `banner` [ RunTime:0.001343s ]
[2023-02-21T13:13:38+08:00][sql] SELECT * FROM `banner` [ RunTime:0.000408s ]
[2023-02-21T13:13:38+08:00][sql] SHOW FULL COLUMNS FROM `information` [ RunTime:0.001521s ]
[2023-02-21T13:13:38+08:00][sql] SELECT * FROM `information` ORDER BY `time` DESC LIMIT 1 [ RunTime:0.000320s ]
[2023-02-21T13:13:38+08:00][sql] SELECT * FROM `information` ORDER BY `time` DESC LIMIT 1,4 [ RunTime:0.000384s ]
[2023-02-21T13:13:38+08:00][sql] SHOW FULL COLUMNS FROM `course` [ RunTime:0.001197s ]
[2023-02-21T13:13:38+08:00][sql] SELECT `id`,`title` FROM `course` ORDER BY `sorting` ASC LIMIT 0,6 [ RunTime:0.000272s ]
[2023-02-21T13:13:38+08:00][sql] SHOW FULL COLUMNS FROM `teacher` [ RunTime:0.000935s ]
[2023-02-21T13:13:38+08:00][sql] SELECT * FROM `teacher` [ RunTime:0.000257s ]
[2023-02-21T13:13:38+08:00][sql] SHOW FULL COLUMNS FROM `address` [ RunTime:0.000910s ]
[2023-02-21T13:13:38+08:00][sql] SELECT * FROM `address` WHERE  `id` = 1 LIMIT 1 [ RunTime:0.000298s ]
[2023-02-21T13:13:38+08:00][sql] SELECT * FROM `address` WHERE  `id` = 2 LIMIT 1 [ RunTime:0.000245s ]
[2023-02-21T13:30:32+08:00][sql] CONNECT:[ UseTime:0.000419s ] mysql:host=localhost;port=3316;dbname=coffee;charset=utf8
[2023-02-21T13:30:32+08:00][sql] SHOW FULL COLUMNS FROM `banner` [ RunTime:0.001214s ]
[2023-02-21T13:30:32+08:00][sql] SELECT * FROM `banner` [ RunTime:0.000246s ]
[2023-02-21T13:30:32+08:00][sql] SHOW FULL COLUMNS FROM `information` [ RunTime:0.001005s ]
[2023-02-21T13:30:32+08:00][sql] SELECT * FROM `information` ORDER BY `time` DESC LIMIT 1 [ RunTime:0.000319s ]
[2023-02-21T13:30:32+08:00][sql] SELECT * FROM `information` ORDER BY `time` DESC LIMIT 1,4 [ RunTime:0.000386s ]
[2023-02-21T13:30:32+08:00][sql] SHOW FULL COLUMNS FROM `course` [ RunTime:0.001066s ]
[2023-02-21T13:30:32+08:00][sql] SELECT `id`,`title` FROM `course` ORDER BY `sorting` ASC LIMIT 0,6 [ RunTime:0.000258s ]
[2023-02-21T13:30:32+08:00][sql] SHOW FULL COLUMNS FROM `teacher` [ RunTime:0.000948s ]
[2023-02-21T13:30:32+08:00][sql] SELECT * FROM `teacher` [ RunTime:0.000279s ]
[2023-02-21T13:30:32+08:00][sql] SHOW FULL COLUMNS FROM `address` [ RunTime:0.000939s ]
[2023-02-21T13:30:32+08:00][sql] SELECT * FROM `address` WHERE  `id` = 1 LIMIT 1 [ RunTime:0.000302s ]
[2023-02-21T13:30:32+08:00][sql] SELECT * FROM `address` WHERE  `id` = 2 LIMIT 1 [ RunTime:0.000255s ]
[2023-02-21T13:57:44+08:00][sql] CONNECT:[ UseTime:0.000422s ] mysql:host=localhost;port=3316;dbname=coffee;charset=utf8
[2023-02-21T13:57:44+08:00][sql] SHOW FULL COLUMNS FROM `banner` [ RunTime:0.001228s ]
[2023-02-21T13:57:44+08:00][sql] SELECT * FROM `banner` [ RunTime:0.000258s ]
[2023-02-21T13:57:44+08:00][sql] SHOW FULL COLUMNS FROM `information` [ RunTime:0.000967s ]
[2023-02-21T13:57:44+08:00][sql] SELECT * FROM `information` ORDER BY `time` DESC LIMIT 1 [ RunTime:0.000322s ]
[2023-02-21T13:57:44+08:00][sql] SELECT * FROM `information` ORDER BY `time` DESC LIMIT 1,4 [ RunTime:0.000403s ]
[2023-02-21T13:57:44+08:00][sql] SHOW FULL COLUMNS FROM `course` [ RunTime:0.001078s ]
[2023-02-21T13:57:44+08:00][sql] SELECT `id`,`title` FROM `course` ORDER BY `sorting` ASC LIMIT 0,6 [ RunTime:0.000255s ]
[2023-02-21T13:57:44+08:00][sql] SHOW FULL COLUMNS FROM `teacher` [ RunTime:0.000899s ]
[2023-02-21T13:57:44+08:00][sql] SELECT * FROM `teacher` [ RunTime:0.000262s ]
[2023-02-21T13:57:44+08:00][sql] SHOW FULL COLUMNS FROM `address` [ RunTime:0.000948s ]
[2023-02-21T13:57:44+08:00][sql] SELECT * FROM `address` WHERE  `id` = 1 LIMIT 1 [ RunTime:0.000289s ]
[2023-02-21T13:57:44+08:00][sql] SELECT * FROM `address` WHERE  `id` = 2 LIMIT 1 [ RunTime:0.000250s ]
[2023-02-21T14:19:40+08:00][sql] CONNECT:[ UseTime:0.000416s ] mysql:host=localhost;port=3316;dbname=coffee;charset=utf8
[2023-02-21T14:19:40+08:00][sql] SHOW FULL COLUMNS FROM `banner` [ RunTime:0.001222s ]
[2023-02-21T14:19:40+08:00][sql] SELECT * FROM `banner` [ RunTime:0.000296s ]
[2023-02-21T14:19:40+08:00][sql] SHOW FULL COLUMNS FROM `information` [ RunTime:0.001016s ]
[2023-02-21T14:19:40+08:00][sql] SELECT * FROM `information` ORDER BY `time` DESC LIMIT 1 [ RunTime:0.000329s ]
[2023-02-21T14:19:40+08:00][sql] SELECT * FROM `information` ORDER BY `time` DESC LIMIT 1,4 [ RunTime:0.000408s ]
[2023-02-21T14:19:40+08:00][sql] SHOW FULL COLUMNS FROM `course` [ RunTime:0.001104s ]
[2023-02-21T14:19:40+08:00][sql] SELECT `id`,`title` FROM `course` ORDER BY `sorting` ASC LIMIT 0,6 [ RunTime:0.000268s ]
[2023-02-21T14:19:40+08:00][sql] SHOW FULL COLUMNS FROM `teacher` [ RunTime:0.001462s ]
[2023-02-21T14:19:40+08:00][sql] SELECT * FROM `teacher` [ RunTime:0.000273s ]
[2023-02-21T14:19:40+08:00][sql] SHOW FULL COLUMNS FROM `address` [ RunTime:0.001126s ]
[2023-02-21T14:19:40+08:00][sql] SELECT * FROM `address` WHERE  `id` = 1 LIMIT 1 [ RunTime:0.000288s ]
[2023-02-21T14:19:40+08:00][sql] SELECT * FROM `address` WHERE  `id` = 2 LIMIT 1 [ RunTime:0.000257s ]
[2023-02-21T14:32:10+08:00][sql] CONNECT:[ UseTime:0.000426s ] mysql:host=localhost;port=3316;dbname=coffee;charset=utf8
[2023-02-21T14:32:10+08:00][sql] SHOW FULL COLUMNS FROM `banner` [ RunTime:0.001224s ]
[2023-02-21T14:32:10+08:00][sql] SELECT * FROM `banner` [ RunTime:0.000265s ]
[2023-02-21T14:32:10+08:00][sql] SHOW FULL COLUMNS FROM `information` [ RunTime:0.001028s ]
[2023-02-21T14:32:10+08:00][sql] SELECT * FROM `information` ORDER BY `time` DESC LIMIT 1 [ RunTime:0.000329s ]
[2023-02-21T14:32:10+08:00][sql] SELECT * FROM `information` ORDER BY `time` DESC LIMIT 1,4 [ RunTime:0.000380s ]
[2023-02-21T14:32:10+08:00][sql] SHOW FULL COLUMNS FROM `course` [ RunTime:0.001086s ]
[2023-02-21T14:32:10+08:00][sql] SELECT `id`,`title` FROM `course` ORDER BY `sorting` ASC LIMIT 0,6 [ RunTime:0.000265s ]
[2023-02-21T14:32:10+08:00][sql] SHOW FULL COLUMNS FROM `teacher` [ RunTime:0.000911s ]
[2023-02-21T14:32:10+08:00][sql] SELECT * FROM `teacher` [ RunTime:0.000258s ]
[2023-02-21T14:32:10+08:00][sql] SHOW FULL COLUMNS FROM `address` [ RunTime:0.001002s ]
[2023-02-21T14:32:10+08:00][sql] SELECT * FROM `address` WHERE  `id` = 1 LIMIT 1 [ RunTime:0.000324s ]
[2023-02-21T14:32:10+08:00][sql] SELECT * FROM `address` WHERE  `id` = 2 LIMIT 1 [ RunTime:0.000255s ]
[2023-02-21T14:38:35+08:00][sql] CONNECT:[ UseTime:0.000437s ] mysql:host=localhost;port=3316;dbname=coffee;charset=utf8
[2023-02-21T14:38:35+08:00][sql] SHOW FULL COLUMNS FROM `banner` [ RunTime:0.001252s ]
[2023-02-21T14:38:35+08:00][sql] SELECT * FROM `banner` [ RunTime:0.000272s ]
[2023-02-21T14:38:35+08:00][sql] SHOW FULL COLUMNS FROM `information` [ RunTime:0.001099s ]
[2023-02-21T14:38:35+08:00][sql] SELECT * FROM `information` ORDER BY `time` DESC LIMIT 1 [ RunTime:0.000335s ]
[2023-02-21T14:38:35+08:00][sql] SELECT * FROM `information` ORDER BY `time` DESC LIMIT 1,4 [ RunTime:0.000455s ]
[2023-02-21T14:38:35+08:00][sql] SHOW FULL COLUMNS FROM `course` [ RunTime:0.001636s ]
[2023-02-21T14:38:35+08:00][sql] SELECT `id`,`title` FROM `course` ORDER BY `sorting` ASC LIMIT 0,6 [ RunTime:0.000390s ]
[2023-02-21T14:38:35+08:00][sql] SHOW FULL COLUMNS FROM `teacher` [ RunTime:0.001006s ]
[2023-02-21T14:38:35+08:00][sql] SELECT * FROM `teacher` [ RunTime:0.000257s ]
[2023-02-21T14:38:35+08:00][sql] SHOW FULL COLUMNS FROM `address` [ RunTime:0.000891s ]
[2023-02-21T14:38:35+08:00][sql] SELECT * FROM `address` WHERE  `id` = 1 LIMIT 1 [ RunTime:0.000250s ]
[2023-02-21T14:38:35+08:00][sql] SELECT * FROM `address` WHERE  `id` = 2 LIMIT 1 [ RunTime:0.000203s ]
[2023-02-21T15:02:11+08:00][sql] CONNECT:[ UseTime:0.000429s ] mysql:host=localhost;port=3316;dbname=coffee;charset=utf8
[2023-02-21T15:02:11+08:00][sql] SHOW FULL COLUMNS FROM `banner` [ RunTime:0.001233s ]
[2023-02-21T15:02:11+08:00][sql] SELECT * FROM `banner` [ RunTime:0.000245s ]
[2023-02-21T15:02:11+08:00][sql] SHOW FULL COLUMNS FROM `information` [ RunTime:0.002354s ]
[2023-02-21T15:02:11+08:00][sql] SELECT * FROM `information` ORDER BY `time` DESC LIMIT 1 [ RunTime:0.000533s ]
[2023-02-21T15:02:11+08:00][sql] SELECT * FROM `information` ORDER BY `time` DESC LIMIT 1,4 [ RunTime:0.000415s ]
[2023-02-21T15:02:11+08:00][sql] SHOW FULL COLUMNS FROM `course` [ RunTime:0.001677s ]
[2023-02-21T15:02:11+08:00][sql] SELECT `id`,`title` FROM `course` ORDER BY `sorting` ASC LIMIT 0,6 [ RunTime:0.000353s ]
[2023-02-21T15:02:11+08:00][sql] SHOW FULL COLUMNS FROM `teacher` [ RunTime:0.001291s ]
[2023-02-21T15:02:11+08:00][sql] SELECT * FROM `teacher` [ RunTime:0.000314s ]
[2023-02-21T15:02:11+08:00][sql] SHOW FULL COLUMNS FROM `address` [ RunTime:0.001357s ]
[2023-02-21T15:02:11+08:00][sql] SELECT * FROM `address` WHERE  `id` = 1 LIMIT 1 [ RunTime:0.000323s ]
[2023-02-21T15:02:11+08:00][sql] SELECT * FROM `address` WHERE  `id` = 2 LIMIT 1 [ RunTime:0.000290s ]
[2023-02-21T15:17:38+08:00][sql] CONNECT:[ UseTime:0.000374s ] mysql:host=localhost;port=3316;dbname=coffee;charset=utf8
[2023-02-21T15:17:38+08:00][sql] SHOW FULL COLUMNS FROM `banner` [ RunTime:0.001223s ]
[2023-02-21T15:17:38+08:00][sql] SELECT * FROM `banner` [ RunTime:0.000207s ]
[2023-02-21T15:17:38+08:00][sql] SHOW FULL COLUMNS FROM `information` [ RunTime:0.001005s ]
[2023-02-21T15:17:38+08:00][sql] SELECT * FROM `information` ORDER BY `time` DESC LIMIT 1 [ RunTime:0.000271s ]
[2023-02-21T15:17:38+08:00][sql] SELECT * FROM `information` ORDER BY `time` DESC LIMIT 1,4 [ RunTime:0.000332s ]
[2023-02-21T15:17:38+08:00][sql] SHOW FULL COLUMNS FROM `course` [ RunTime:0.000993s ]
[2023-02-21T15:17:38+08:00][sql] SELECT `id`,`title` FROM `course` ORDER BY `sorting` ASC LIMIT 0,6 [ RunTime:0.000212s ]
[2023-02-21T15:17:38+08:00][sql] SHOW FULL COLUMNS FROM `teacher` [ RunTime:0.000853s ]
[2023-02-21T15:17:38+08:00][sql] SELECT * FROM `teacher` [ RunTime:0.000218s ]
[2023-02-21T15:17:38+08:00][sql] SHOW FULL COLUMNS FROM `address` [ RunTime:0.000860s ]
[2023-02-21T15:17:38+08:00][sql] SELECT * FROM `address` WHERE  `id` = 1 LIMIT 1 [ RunTime:0.000253s ]
[2023-02-21T15:17:38+08:00][sql] SELECT * FROM `address` WHERE  `id` = 2 LIMIT 1 [ RunTime:0.000211s ]
[2023-02-21T15:21:24+08:00][sql] CONNECT:[ UseTime:0.000359s ] mysql:host=localhost;port=3316;dbname=coffee;charset=utf8
[2023-02-21T15:21:24+08:00][sql] SHOW FULL COLUMNS FROM `banner` [ RunTime:0.001209s ]
[2023-02-21T15:21:24+08:00][sql] SELECT * FROM `banner` [ RunTime:0.000221s ]
[2023-02-21T15:21:24+08:00][sql] SHOW FULL COLUMNS FROM `information` [ RunTime:0.000935s ]
[2023-02-21T15:21:24+08:00][sql] SELECT * FROM `information` ORDER BY `time` DESC LIMIT 1 [ RunTime:0.000293s ]
[2023-02-21T15:21:24+08:00][sql] SELECT * FROM `information` ORDER BY `time` DESC LIMIT 1,4 [ RunTime:0.000400s ]
[2023-02-21T15:21:24+08:00][sql] SHOW FULL COLUMNS FROM `course` [ RunTime:0.001080s ]
[2023-02-21T15:21:24+08:00][sql] SELECT `id`,`title` FROM `course` ORDER BY `sorting` ASC LIMIT 0,6 [ RunTime:0.000230s ]
[2023-02-21T15:21:24+08:00][sql] SHOW FULL COLUMNS FROM `teacher` [ RunTime:0.000851s ]
[2023-02-21T15:21:24+08:00][sql] SELECT * FROM `teacher` [ RunTime:0.000236s ]
[2023-02-21T15:21:24+08:00][sql] SHOW FULL COLUMNS FROM `address` [ RunTime:0.000852s ]
[2023-02-21T15:21:24+08:00][sql] SELECT * FROM `address` WHERE  `id` = 1 LIMIT 1 [ RunTime:0.000230s ]
[2023-02-21T15:21:24+08:00][sql] SELECT * FROM `address` WHERE  `id` = 2 LIMIT 1 [ RunTime:0.000251s ]
[2023-02-21T16:53:50+08:00][sql] CONNECT:[ UseTime:0.000489s ] mysql:host=localhost;port=3316;dbname=coffee;charset=utf8
[2023-02-21T16:53:50+08:00][sql] SHOW FULL COLUMNS FROM `banner` [ RunTime:0.001448s ]
[2023-02-21T16:53:50+08:00][sql] SELECT * FROM `banner` [ RunTime:0.000287s ]
[2023-02-21T16:53:50+08:00][sql] SHOW FULL COLUMNS FROM `information` [ RunTime:0.001083s ]
[2023-02-21T16:53:50+08:00][sql] SELECT * FROM `information` ORDER BY `time` DESC LIMIT 1 [ RunTime:0.000289s ]
[2023-02-21T16:53:50+08:00][sql] SELECT * FROM `information` ORDER BY `time` DESC LIMIT 1,4 [ RunTime:0.000372s ]
[2023-02-21T16:53:50+08:00][sql] SHOW FULL COLUMNS FROM `course` [ RunTime:0.001107s ]
[2023-02-21T16:53:50+08:00][sql] SELECT `id`,`title` FROM `course` ORDER BY `sorting` ASC LIMIT 0,6 [ RunTime:0.000234s ]
[2023-02-21T16:53:50+08:00][sql] SHOW FULL COLUMNS FROM `teacher` [ RunTime:0.000928s ]
[2023-02-21T16:53:50+08:00][sql] SELECT * FROM `teacher` [ RunTime:0.000231s ]
[2023-02-21T16:53:50+08:00][sql] SHOW FULL COLUMNS FROM `address` [ RunTime:0.001039s ]
[2023-02-21T16:53:50+08:00][sql] SELECT * FROM `address` WHERE  `id` = 1 LIMIT 1 [ RunTime:0.000261s ]
[2023-02-21T16:53:50+08:00][sql] SELECT * FROM `address` WHERE  `id` = 2 LIMIT 1 [ RunTime:0.000238s ]
[2023-02-21T16:56:33+08:00][sql] CONNECT:[ UseTime:0.000364s ] mysql:host=localhost;port=3316;dbname=coffee;charset=utf8
[2023-02-21T16:56:33+08:00][sql] SHOW FULL COLUMNS FROM `banner` [ RunTime:0.001237s ]
[2023-02-21T16:56:33+08:00][sql] SELECT * FROM `banner` [ RunTime:0.000228s ]
[2023-02-21T16:56:33+08:00][sql] SHOW FULL COLUMNS FROM `information` [ RunTime:0.000952s ]
[2023-02-21T16:56:33+08:00][sql] SELECT * FROM `information` ORDER BY `time` DESC LIMIT 1 [ RunTime:0.000323s ]
[2023-02-21T16:56:33+08:00][sql] SELECT * FROM `information` ORDER BY `time` DESC LIMIT 1,4 [ RunTime:0.000323s ]
[2023-02-21T16:56:33+08:00][sql] SHOW FULL COLUMNS FROM `course` [ RunTime:0.001016s ]
[2023-02-21T16:56:33+08:00][sql] SELECT `id`,`title` FROM `course` ORDER BY `sorting` ASC LIMIT 0,6 [ RunTime:0.000218s ]
[2023-02-21T16:56:33+08:00][sql] SHOW FULL COLUMNS FROM `teacher` [ RunTime:0.000825s ]
[2023-02-21T16:56:33+08:00][sql] SELECT * FROM `teacher` [ RunTime:0.000251s ]
[2023-02-21T16:56:33+08:00][sql] SHOW FULL COLUMNS FROM `address` [ RunTime:0.000889s ]
[2023-02-21T16:56:33+08:00][sql] SELECT * FROM `address` WHERE  `id` = 1 LIMIT 1 [ RunTime:0.000235s ]
[2023-02-21T16:56:33+08:00][sql] SELECT * FROM `address` WHERE  `id` = 2 LIMIT 1 [ RunTime:0.000191s ]
[2023-02-21T17:08:50+08:00][sql] CONNECT:[ UseTime:0.000457s ] mysql:host=localhost;port=3316;dbname=coffee;charset=utf8
[2023-02-21T17:08:50+08:00][sql] SHOW FULL COLUMNS FROM `banner` [ RunTime:0.001390s ]
[2023-02-21T17:08:50+08:00][sql] SELECT * FROM `banner` [ RunTime:0.000264s ]
[2023-02-21T17:08:50+08:00][sql] SHOW FULL COLUMNS FROM `information` [ RunTime:0.000945s ]
[2023-02-21T17:08:50+08:00][sql] SELECT * FROM `information` ORDER BY `time` DESC LIMIT 1 [ RunTime:0.000322s ]
[2023-02-21T17:08:50+08:00][sql] SELECT * FROM `information` ORDER BY `time` DESC LIMIT 1,4 [ RunTime:0.000388s ]
[2023-02-21T17:08:50+08:00][sql] SHOW FULL COLUMNS FROM `course` [ RunTime:0.001081s ]
[2023-02-21T17:08:50+08:00][sql] SELECT `id`,`title` FROM `course` ORDER BY `sorting` ASC LIMIT 0,6 [ RunTime:0.000265s ]
[2023-02-21T17:08:50+08:00][sql] SHOW FULL COLUMNS FROM `teacher` [ RunTime:0.000890s ]
[2023-02-21T17:08:50+08:00][sql] SELECT * FROM `teacher` [ RunTime:0.000274s ]
[2023-02-21T17:08:50+08:00][sql] SHOW FULL COLUMNS FROM `address` [ RunTime:0.000953s ]
[2023-02-21T17:08:50+08:00][sql] SELECT * FROM `address` WHERE  `id` = 1 LIMIT 1 [ RunTime:0.000288s ]
[2023-02-21T17:08:50+08:00][sql] SELECT * FROM `address` WHERE  `id` = 2 LIMIT 1 [ RunTime:0.000280s ]
[2023-02-21T17:31:32+08:00][sql] CONNECT:[ UseTime:0.000373s ] mysql:host=localhost;port=3316;dbname=coffee;charset=utf8
[2023-02-21T17:31:32+08:00][sql] SHOW FULL COLUMNS FROM `banner` [ RunTime:0.001257s ]
[2023-02-21T17:31:32+08:00][sql] SELECT * FROM `banner` [ RunTime:0.000272s ]
[2023-02-21T17:31:32+08:00][sql] SHOW FULL COLUMNS FROM `information` [ RunTime:0.001158s ]
[2023-02-21T17:31:32+08:00][sql] SELECT * FROM `information` ORDER BY `time` DESC LIMIT 1 [ RunTime:0.000640s ]
[2023-02-21T17:31:32+08:00][sql] SELECT * FROM `information` ORDER BY `time` DESC LIMIT 1,4 [ RunTime:0.000423s ]
[2023-02-21T17:31:32+08:00][sql] SHOW FULL COLUMNS FROM `course` [ RunTime:0.001106s ]
[2023-02-21T17:31:32+08:00][sql] SELECT `id`,`title` FROM `course` ORDER BY `sorting` ASC LIMIT 0,6 [ RunTime:0.000256s ]
[2023-02-21T17:31:32+08:00][sql] SHOW FULL COLUMNS FROM `teacher` [ RunTime:0.000928s ]
[2023-02-21T17:31:32+08:00][sql] SELECT * FROM `teacher` [ RunTime:0.000256s ]
[2023-02-21T17:31:32+08:00][sql] SHOW FULL COLUMNS FROM `address` [ RunTime:0.000915s ]
[2023-02-21T17:31:32+08:00][sql] SELECT * FROM `address` WHERE  `id` = 1 LIMIT 1 [ RunTime:0.000286s ]
[2023-02-21T17:31:32+08:00][sql] SELECT * FROM `address` WHERE  `id` = 2 LIMIT 1 [ RunTime:0.000260s ]
[2023-02-21T17:56:38+08:00][sql] CONNECT:[ UseTime:0.000471s ] mysql:host=localhost;port=3316;dbname=coffee;charset=utf8
[2023-02-21T17:56:38+08:00][sql] SHOW FULL COLUMNS FROM `banner` [ RunTime:0.001829s ]
[2023-02-21T17:56:38+08:00][sql] SELECT * FROM `banner` [ RunTime:0.000269s ]
[2023-02-21T17:56:38+08:00][sql] SHOW FULL COLUMNS FROM `information` [ RunTime:0.001408s ]
[2023-02-21T17:56:38+08:00][sql] SELECT * FROM `information` ORDER BY `time` DESC LIMIT 1 [ RunTime:0.000375s ]
[2023-02-21T17:56:38+08:00][sql] SELECT * FROM `information` ORDER BY `time` DESC LIMIT 1,4 [ RunTime:0.000494s ]
[2023-02-21T17:56:38+08:00][sql] SHOW FULL COLUMNS FROM `course` [ RunTime:0.001596s ]
[2023-02-21T17:56:38+08:00][sql] SELECT `id`,`title` FROM `course` ORDER BY `sorting` ASC LIMIT 0,6 [ RunTime:0.000304s ]
[2023-02-21T17:56:38+08:00][sql] SHOW FULL COLUMNS FROM `teacher` [ RunTime:0.000922s ]
[2023-02-21T17:56:38+08:00][sql] SELECT * FROM `teacher` [ RunTime:0.000234s ]
[2023-02-21T17:56:38+08:00][sql] SHOW FULL COLUMNS FROM `address` [ RunTime:0.000945s ]
[2023-02-21T17:56:38+08:00][sql] SELECT * FROM `address` WHERE  `id` = 1 LIMIT 1 [ RunTime:0.000243s ]
[2023-02-21T17:56:38+08:00][sql] SELECT * FROM `address` WHERE  `id` = 2 LIMIT 1 [ RunTime:0.000212s ]
[2023-02-21T18:05:43+08:00][sql] CONNECT:[ UseTime:0.000395s ] mysql:host=localhost;port=3316;dbname=coffee;charset=utf8
[2023-02-21T18:05:43+08:00][sql] SHOW FULL COLUMNS FROM `banner` [ RunTime:0.001194s ]
[2023-02-21T18:05:43+08:00][sql] SELECT * FROM `banner` [ RunTime:0.000244s ]
[2023-02-21T18:05:43+08:00][sql] SHOW FULL COLUMNS FROM `information` [ RunTime:0.000910s ]
[2023-02-21T18:05:43+08:00][sql] SELECT * FROM `information` ORDER BY `time` DESC LIMIT 1 [ RunTime:0.000308s ]
[2023-02-21T18:05:43+08:00][sql] SELECT * FROM `information` ORDER BY `time` DESC LIMIT 1,4 [ RunTime:0.000318s ]
[2023-02-21T18:05:43+08:00][sql] SHOW FULL COLUMNS FROM `course` [ RunTime:0.001012s ]
[2023-02-21T18:05:43+08:00][sql] SELECT `id`,`title` FROM `course` ORDER BY `sorting` ASC LIMIT 0,6 [ RunTime:0.000226s ]
[2023-02-21T18:05:43+08:00][sql] SHOW FULL COLUMNS FROM `teacher` [ RunTime:0.000853s ]
[2023-02-21T18:05:43+08:00][sql] SELECT * FROM `teacher` [ RunTime:0.000234s ]
[2023-02-21T18:05:43+08:00][sql] SHOW FULL COLUMNS FROM `address` [ RunTime:0.000892s ]
[2023-02-21T18:05:43+08:00][sql] SELECT * FROM `address` WHERE  `id` = 1 LIMIT 1 [ RunTime:0.000238s ]
[2023-02-21T18:05:43+08:00][sql] SELECT * FROM `address` WHERE  `id` = 2 LIMIT 1 [ RunTime:0.000226s ]
[2023-02-21T18:11:36+08:00][sql] CONNECT:[ UseTime:0.006697s ] mysql:host=localhost;port=3316;dbname=coffee;charset=utf8
[2023-02-21T18:11:36+08:00][sql] SHOW FULL COLUMNS FROM `banner` [ RunTime:0.001713s ]
[2023-02-21T18:11:36+08:00][sql] SELECT * FROM `banner` [ RunTime:0.000303s ]
[2023-02-21T18:11:36+08:00][sql] SHOW FULL COLUMNS FROM `information` [ RunTime:0.001538s ]
[2023-02-21T18:11:36+08:00][sql] SELECT * FROM `information` ORDER BY `time` DESC LIMIT 1 [ RunTime:0.000362s ]
[2023-02-21T18:11:36+08:00][sql] SELECT * FROM `information` ORDER BY `time` DESC LIMIT 1,4 [ RunTime:0.000463s ]
[2023-02-21T18:11:36+08:00][sql] SHOW FULL COLUMNS FROM `course` [ RunTime:0.001504s ]
[2023-02-21T18:11:36+08:00][sql] SELECT `id`,`title` FROM `course` ORDER BY `sorting` ASC LIMIT 0,6 [ RunTime:0.000288s ]
[2023-02-21T18:11:36+08:00][sql] SHOW FULL COLUMNS FROM `teacher` [ RunTime:0.001282s ]
[2023-02-21T18:11:36+08:00][sql] SELECT * FROM `teacher` [ RunTime:0.000359s ]
[2023-02-21T18:11:36+08:00][sql] SHOW FULL COLUMNS FROM `address` [ RunTime:0.001470s ]
[2023-02-21T18:11:36+08:00][sql] SELECT * FROM `address` WHERE  `id` = 1 LIMIT 1 [ RunTime:0.000460s ]
[2023-02-21T18:11:36+08:00][sql] SELECT * FROM `address` WHERE  `id` = 2 LIMIT 1 [ RunTime:0.000265s ]
[2023-02-21T18:11:38+08:00][sql] CONNECT:[ UseTime:0.000392s ] mysql:host=localhost;port=3316;dbname=coffee;charset=utf8
[2023-02-21T18:11:38+08:00][sql] SHOW FULL COLUMNS FROM `banner` [ RunTime:0.001270s ]
[2023-02-21T18:11:38+08:00][sql] SELECT * FROM `banner` [ RunTime:0.000248s ]
[2023-02-21T18:11:38+08:00][sql] SHOW FULL COLUMNS FROM `information` [ RunTime:0.001002s ]
[2023-02-21T18:11:38+08:00][sql] SELECT * FROM `information` ORDER BY `time` DESC LIMIT 1 [ RunTime:0.000344s ]
[2023-02-21T18:11:38+08:00][sql] SELECT * FROM `information` ORDER BY `time` DESC LIMIT 1,4 [ RunTime:0.000385s ]
[2023-02-21T18:11:38+08:00][sql] SHOW FULL COLUMNS FROM `course` [ RunTime:0.001100s ]
[2023-02-21T18:11:38+08:00][sql] SELECT `id`,`title` FROM `course` ORDER BY `sorting` ASC LIMIT 0,6 [ RunTime:0.000282s ]
[2023-02-21T18:11:38+08:00][sql] SHOW FULL COLUMNS FROM `teacher` [ RunTime:0.000898s ]
[2023-02-21T18:11:38+08:00][sql] SELECT * FROM `teacher` [ RunTime:0.000258s ]
[2023-02-21T18:11:38+08:00][sql] SHOW FULL COLUMNS FROM `address` [ RunTime:0.000927s ]
[2023-02-21T18:11:38+08:00][sql] SELECT * FROM `address` WHERE  `id` = 1 LIMIT 1 [ RunTime:0.000313s ]
[2023-02-21T18:11:38+08:00][sql] SELECT * FROM `address` WHERE  `id` = 2 LIMIT 1 [ RunTime:0.000269s ]
[2023-02-21T18:15:48+08:00][sql] CONNECT:[ UseTime:0.000527s ] mysql:host=localhost;port=3316;dbname=coffee;charset=utf8
[2023-02-21T18:15:48+08:00][sql] SHOW FULL COLUMNS FROM `banner` [ RunTime:0.001450s ]
[2023-02-21T18:15:48+08:00][sql] SELECT * FROM `banner` [ RunTime:0.000276s ]
[2023-02-21T18:15:48+08:00][sql] SHOW FULL COLUMNS FROM `information` [ RunTime:0.001061s ]
[2023-02-21T18:15:48+08:00][sql] SELECT * FROM `information` ORDER BY `time` DESC LIMIT 1 [ RunTime:0.000347s ]
[2023-02-21T18:15:48+08:00][sql] SELECT * FROM `information` ORDER BY `time` DESC LIMIT 1,4 [ RunTime:0.000389s ]
[2023-02-21T18:15:48+08:00][sql] SHOW FULL COLUMNS FROM `course` [ RunTime:0.001124s ]
[2023-02-21T18:15:48+08:00][sql] SELECT `id`,`title` FROM `course` ORDER BY `sorting` ASC LIMIT 0,6 [ RunTime:0.000298s ]
[2023-02-21T18:15:48+08:00][sql] SHOW FULL COLUMNS FROM `teacher` [ RunTime:0.000980s ]
[2023-02-21T18:15:48+08:00][sql] SELECT * FROM `teacher` [ RunTime:0.000278s ]
[2023-02-21T18:15:48+08:00][sql] SHOW FULL COLUMNS FROM `address` [ RunTime:0.000939s ]
[2023-02-21T18:15:48+08:00][sql] SELECT * FROM `address` WHERE  `id` = 1 LIMIT 1 [ RunTime:0.000289s ]
[2023-02-21T18:15:48+08:00][sql] SELECT * FROM `address` WHERE  `id` = 2 LIMIT 1 [ RunTime:0.000258s ]
[2023-02-21T18:20:23+08:00][sql] CONNECT:[ UseTime:0.000402s ] mysql:host=localhost;port=3316;dbname=coffee;charset=utf8
[2023-02-21T18:20:23+08:00][sql] SHOW FULL COLUMNS FROM `banner` [ RunTime:0.001264s ]
[2023-02-21T18:20:23+08:00][sql] SELECT * FROM `banner` [ RunTime:0.000268s ]
[2023-02-21T18:20:23+08:00][sql] SHOW FULL COLUMNS FROM `information` [ RunTime:0.000999s ]
[2023-02-21T18:20:23+08:00][sql] SELECT * FROM `information` ORDER BY `time` DESC LIMIT 1 [ RunTime:0.000344s ]
[2023-02-21T18:20:23+08:00][sql] SELECT * FROM `information` ORDER BY `time` DESC LIMIT 1,4 [ RunTime:0.000401s ]
[2023-02-21T18:20:23+08:00][sql] SHOW FULL COLUMNS FROM `course` [ RunTime:0.001197s ]
[2023-02-21T18:20:23+08:00][sql] SELECT `id`,`title` FROM `course` ORDER BY `sorting` ASC LIMIT 0,6 [ RunTime:0.000272s ]
[2023-02-21T18:20:23+08:00][sql] SHOW FULL COLUMNS FROM `teacher` [ RunTime:0.000891s ]
[2023-02-21T18:20:23+08:00][sql] SELECT * FROM `teacher` [ RunTime:0.000269s ]
[2023-02-21T18:20:23+08:00][sql] SHOW FULL COLUMNS FROM `address` [ RunTime:0.000933s ]
[2023-02-21T18:20:23+08:00][sql] SELECT * FROM `address` WHERE  `id` = 1 LIMIT 1 [ RunTime:0.000273s ]
[2023-02-21T18:20:23+08:00][sql] SELECT * FROM `address` WHERE  `id` = 2 LIMIT 1 [ RunTime:0.000245s ]
[2023-02-21T18:20:24+08:00][sql] CONNECT:[ UseTime:0.000404s ] mysql:host=localhost;port=3316;dbname=coffee;charset=utf8
[2023-02-21T18:20:24+08:00][sql] SHOW FULL COLUMNS FROM `banner` [ RunTime:0.001242s ]
[2023-02-21T18:20:24+08:00][sql] SELECT * FROM `banner` [ RunTime:0.000253s ]
[2023-02-21T18:20:24+08:00][sql] SHOW FULL COLUMNS FROM `information` [ RunTime:0.001078s ]
[2023-02-21T18:20:24+08:00][sql] SELECT * FROM `information` ORDER BY `time` DESC LIMIT 1 [ RunTime:0.000342s ]
[2023-02-21T18:20:24+08:00][sql] SELECT * FROM `information` ORDER BY `time` DESC LIMIT 1,4 [ RunTime:0.000395s ]
[2023-02-21T18:20:24+08:00][sql] SHOW FULL COLUMNS FROM `course` [ RunTime:0.001086s ]
[2023-02-21T18:20:24+08:00][sql] SELECT `id`,`title` FROM `course` ORDER BY `sorting` ASC LIMIT 0,6 [ RunTime:0.000285s ]
[2023-02-21T18:20:24+08:00][sql] SHOW FULL COLUMNS FROM `teacher` [ RunTime:0.000952s ]
[2023-02-21T18:20:24+08:00][sql] SELECT * FROM `teacher` [ RunTime:0.000321s ]
[2023-02-21T18:20:24+08:00][sql] SHOW FULL COLUMNS FROM `address` [ RunTime:0.000981s ]
[2023-02-21T18:20:24+08:00][sql] SELECT * FROM `address` WHERE  `id` = 1 LIMIT 1 [ RunTime:0.000304s ]
[2023-02-21T18:20:24+08:00][sql] SELECT * FROM `address` WHERE  `id` = 2 LIMIT 1 [ RunTime:0.000239s ]
[2023-02-21T18:25:17+08:00][sql] CONNECT:[ UseTime:0.000388s ] mysql:host=localhost;port=3316;dbname=coffee;charset=utf8
[2023-02-21T18:25:17+08:00][sql] SHOW FULL COLUMNS FROM `banner` [ RunTime:0.001283s ]
[2023-02-21T18:25:17+08:00][sql] SELECT * FROM `banner` [ RunTime:0.000289s ]
[2023-02-21T18:25:17+08:00][sql] SHOW FULL COLUMNS FROM `information` [ RunTime:0.000988s ]
[2023-02-21T18:25:17+08:00][sql] SELECT * FROM `information` ORDER BY `time` DESC LIMIT 1 [ RunTime:0.000334s ]
[2023-02-21T18:25:17+08:00][sql] SELECT * FROM `information` ORDER BY `time` DESC LIMIT 1,4 [ RunTime:0.000387s ]
[2023-02-21T18:25:17+08:00][sql] SHOW FULL COLUMNS FROM `course` [ RunTime:0.001157s ]
[2023-02-21T18:25:17+08:00][sql] SELECT `id`,`title` FROM `course` ORDER BY `sorting` ASC LIMIT 0,6 [ RunTime:0.000262s ]
[2023-02-21T18:25:17+08:00][sql] SHOW FULL COLUMNS FROM `teacher` [ RunTime:0.000933s ]
[2023-02-21T18:25:17+08:00][sql] SELECT * FROM `teacher` [ RunTime:0.000270s ]
[2023-02-21T18:25:17+08:00][sql] SHOW FULL COLUMNS FROM `address` [ RunTime:0.000910s ]
[2023-02-21T18:25:17+08:00][sql] SELECT * FROM `address` WHERE  `id` = 1 LIMIT 1 [ RunTime:0.000328s ]
[2023-02-21T18:25:17+08:00][sql] SELECT * FROM `address` WHERE  `id` = 2 LIMIT 1 [ RunTime:0.000253s ]
[2023-02-21T18:46:47+08:00][sql] CONNECT:[ UseTime:0.000404s ] mysql:host=localhost;port=3316;dbname=coffee;charset=utf8
[2023-02-21T18:46:47+08:00][sql] SHOW FULL COLUMNS FROM `banner` [ RunTime:0.001260s ]
[2023-02-21T18:46:47+08:00][sql] SELECT * FROM `banner` [ RunTime:0.000267s ]
[2023-02-21T18:46:47+08:00][sql] SHOW FULL COLUMNS FROM `information` [ RunTime:0.001008s ]
[2023-02-21T18:46:47+08:00][sql] SELECT * FROM `information` ORDER BY `time` DESC LIMIT 1 [ RunTime:0.000334s ]
[2023-02-21T18:46:47+08:00][sql] SELECT * FROM `information` ORDER BY `time` DESC LIMIT 1,4 [ RunTime:0.000391s ]
[2023-02-21T18:46:47+08:00][sql] SHOW FULL COLUMNS FROM `course` [ RunTime:0.001103s ]
[2023-02-21T18:46:47+08:00][sql] SELECT `id`,`title` FROM `course` ORDER BY `sorting` ASC LIMIT 0,6 [ RunTime:0.000296s ]
[2023-02-21T18:46:47+08:00][sql] SHOW FULL COLUMNS FROM `teacher` [ RunTime:0.000921s ]
[2023-02-21T18:46:47+08:00][sql] SELECT * FROM `teacher` [ RunTime:0.000252s ]
[2023-02-21T18:46:47+08:00][sql] SHOW FULL COLUMNS FROM `address` [ RunTime:0.000937s ]
[2023-02-21T18:46:47+08:00][sql] SELECT * FROM `address` WHERE  `id` = 1 LIMIT 1 [ RunTime:0.000287s ]
[2023-02-21T18:46:47+08:00][sql] SELECT * FROM `address` WHERE  `id` = 2 LIMIT 1 [ RunTime:0.000236s ]
[2023-02-21T18:52:42+08:00][sql] CONNECT:[ UseTime:0.000447s ] mysql:host=localhost;port=3316;dbname=coffee;charset=utf8
[2023-02-21T18:52:42+08:00][sql] SHOW FULL COLUMNS FROM `banner` [ RunTime:0.001660s ]
[2023-02-21T18:52:42+08:00][sql] SELECT * FROM `banner` [ RunTime:0.000258s ]
[2023-02-21T18:52:42+08:00][sql] SHOW FULL COLUMNS FROM `information` [ RunTime:0.001284s ]
[2023-02-21T18:52:42+08:00][sql] SELECT * FROM `information` ORDER BY `time` DESC LIMIT 1 [ RunTime:0.000390s ]
[2023-02-21T18:52:42+08:00][sql] SELECT * FROM `information` ORDER BY `time` DESC LIMIT 1,4 [ RunTime:0.000424s ]
[2023-02-21T18:52:42+08:00][sql] SHOW FULL COLUMNS FROM `course` [ RunTime:0.001456s ]
[2023-02-21T18:52:42+08:00][sql] SELECT `id`,`title` FROM `course` ORDER BY `sorting` ASC LIMIT 0,6 [ RunTime:0.000277s ]
[2023-02-21T18:52:42+08:00][sql] SHOW FULL COLUMNS FROM `teacher` [ RunTime:0.001415s ]
[2023-02-21T18:52:42+08:00][sql] SELECT * FROM `teacher` [ RunTime:0.000294s ]
[2023-02-21T18:52:42+08:00][sql] SHOW FULL COLUMNS FROM `address` [ RunTime:0.001282s ]
[2023-02-21T18:52:42+08:00][sql] SELECT * FROM `address` WHERE  `id` = 1 LIMIT 1 [ RunTime:0.000285s ]
[2023-02-21T18:52:42+08:00][sql] SELECT * FROM `address` WHERE  `id` = 2 LIMIT 1 [ RunTime:0.000255s ]
[2023-02-21T19:50:31+08:00][sql] CONNECT:[ UseTime:0.000413s ] mysql:host=localhost;port=3316;dbname=coffee;charset=utf8
[2023-02-21T19:50:31+08:00][sql] SHOW FULL COLUMNS FROM `banner` [ RunTime:0.001345s ]
[2023-02-21T19:50:31+08:00][sql] SELECT * FROM `banner` [ RunTime:0.000269s ]
[2023-02-21T19:50:31+08:00][sql] SHOW FULL COLUMNS FROM `information` [ RunTime:0.001131s ]
[2023-02-21T19:50:31+08:00][sql] SELECT * FROM `information` ORDER BY `time` DESC LIMIT 1 [ RunTime:0.000340s ]
[2023-02-21T19:50:31+08:00][sql] SELECT * FROM `information` ORDER BY `time` DESC LIMIT 1,4 [ RunTime:0.000453s ]
[2023-02-21T19:50:31+08:00][sql] SHOW FULL COLUMNS FROM `course` [ RunTime:0.001195s ]
[2023-02-21T19:50:31+08:00][sql] SELECT `id`,`title` FROM `course` ORDER BY `sorting` ASC LIMIT 0,6 [ RunTime:0.000270s ]
[2023-02-21T19:50:31+08:00][sql] SHOW FULL COLUMNS FROM `teacher` [ RunTime:0.000977s ]
[2023-02-21T19:50:31+08:00][sql] SELECT * FROM `teacher` [ RunTime:0.000288s ]
[2023-02-21T19:50:31+08:00][sql] SHOW FULL COLUMNS FROM `address` [ RunTime:0.000981s ]
[2023-02-21T19:50:31+08:00][sql] SELECT * FROM `address` WHERE  `id` = 1 LIMIT 1 [ RunTime:0.000339s ]
[2023-02-21T19:50:31+08:00][sql] SELECT * FROM `address` WHERE  `id` = 2 LIMIT 1 [ RunTime:0.000266s ]
[2023-02-21T19:51:17+08:00][sql] CONNECT:[ UseTime:0.000621s ] mysql:host=localhost;port=3316;dbname=coffee;charset=utf8
[2023-02-21T19:51:17+08:00][sql] SHOW FULL COLUMNS FROM `banner` [ RunTime:0.001405s ]
[2023-02-21T19:51:17+08:00][sql] SELECT * FROM `banner` [ RunTime:0.000214s ]
[2023-02-21T19:51:17+08:00][sql] SHOW FULL COLUMNS FROM `information` [ RunTime:0.000944s ]
[2023-02-21T19:51:17+08:00][sql] SELECT * FROM `information` ORDER BY `time` DESC LIMIT 1 [ RunTime:0.000278s ]
[2023-02-21T19:51:17+08:00][sql] SELECT * FROM `information` ORDER BY `time` DESC LIMIT 1,4 [ RunTime:0.000341s ]
[2023-02-21T19:51:17+08:00][sql] SHOW FULL COLUMNS FROM `course` [ RunTime:0.001108s ]
[2023-02-21T19:51:17+08:00][sql] SELECT `id`,`title` FROM `course` ORDER BY `sorting` ASC LIMIT 0,6 [ RunTime:0.000229s ]
[2023-02-21T19:51:17+08:00][sql] SHOW FULL COLUMNS FROM `teacher` [ RunTime:0.000910s ]
[2023-02-21T19:51:17+08:00][sql] SELECT * FROM `teacher` [ RunTime:0.000250s ]
[2023-02-21T19:51:17+08:00][sql] SHOW FULL COLUMNS FROM `address` [ RunTime:0.000904s ]
[2023-02-21T19:51:17+08:00][sql] SELECT * FROM `address` WHERE  `id` = 1 LIMIT 1 [ RunTime:0.000241s ]
[2023-02-21T19:51:17+08:00][sql] SELECT * FROM `address` WHERE  `id` = 2 LIMIT 1 [ RunTime:0.000210s ]
[2023-02-21T20:50:09+08:00][sql] CONNECT:[ UseTime:0.000450s ] mysql:host=localhost;port=3316;dbname=coffee;charset=utf8
[2023-02-21T20:50:09+08:00][sql] SHOW FULL COLUMNS FROM `banner` [ RunTime:0.001233s ]
[2023-02-21T20:50:09+08:00][sql] SELECT * FROM `banner` [ RunTime:0.000314s ]
[2023-02-21T20:50:09+08:00][sql] SHOW FULL COLUMNS FROM `information` [ RunTime:0.000995s ]
[2023-02-21T20:50:09+08:00][sql] SELECT * FROM `information` ORDER BY `time` DESC LIMIT 1 [ RunTime:0.000385s ]
[2023-02-21T20:50:09+08:00][sql] SELECT * FROM `information` ORDER BY `time` DESC LIMIT 1,4 [ RunTime:0.000430s ]
[2023-02-21T20:50:09+08:00][sql] SHOW FULL COLUMNS FROM `course` [ RunTime:0.001212s ]
[2023-02-21T20:50:09+08:00][sql] SELECT `id`,`title` FROM `course` ORDER BY `sorting` ASC LIMIT 0,6 [ RunTime:0.000370s ]
[2023-02-21T20:50:09+08:00][sql] SHOW FULL COLUMNS FROM `teacher` [ RunTime:0.001059s ]
[2023-02-21T20:50:09+08:00][sql] SELECT * FROM `teacher` [ RunTime:0.000292s ]
[2023-02-21T20:50:09+08:00][sql] SHOW FULL COLUMNS FROM `address` [ RunTime:0.001167s ]
[2023-02-21T20:50:09+08:00][sql] SELECT * FROM `address` WHERE  `id` = 1 LIMIT 1 [ RunTime:0.000299s ]
[2023-02-21T20:50:09+08:00][sql] SELECT * FROM `address` WHERE  `id` = 2 LIMIT 1 [ RunTime:0.000249s ]
[2023-02-21T20:51:28+08:00][sql] CONNECT:[ UseTime:0.000514s ] mysql:host=localhost;port=3316;dbname=coffee;charset=utf8
[2023-02-21T20:51:28+08:00][sql] SHOW FULL COLUMNS FROM `banner` [ RunTime:0.001256s ]
[2023-02-21T20:51:28+08:00][sql] SELECT * FROM `banner` [ RunTime:0.000259s ]
[2023-02-21T20:51:28+08:00][sql] SHOW FULL COLUMNS FROM `information` [ RunTime:0.001063s ]
[2023-02-21T20:51:28+08:00][sql] SELECT * FROM `information` ORDER BY `time` DESC LIMIT 1 [ RunTime:0.000326s ]
[2023-02-21T20:51:28+08:00][sql] SELECT * FROM `information` ORDER BY `time` DESC LIMIT 1,4 [ RunTime:0.000398s ]
[2023-02-21T20:51:28+08:00][sql] SHOW FULL COLUMNS FROM `course` [ RunTime:0.001125s ]
[2023-02-21T20:51:28+08:00][sql] SELECT `id`,`title` FROM `course` ORDER BY `sorting` ASC LIMIT 0,6 [ RunTime:0.000344s ]
[2023-02-21T20:51:28+08:00][sql] SHOW FULL COLUMNS FROM `teacher` [ RunTime:0.000925s ]
[2023-02-21T20:51:28+08:00][sql] SELECT * FROM `teacher` [ RunTime:0.000509s ]
[2023-02-21T20:51:28+08:00][sql] SHOW FULL COLUMNS FROM `address` [ RunTime:0.000975s ]
[2023-02-21T20:51:28+08:00][sql] SELECT * FROM `address` WHERE  `id` = 1 LIMIT 1 [ RunTime:0.000286s ]
[2023-02-21T20:51:28+08:00][sql] SELECT * FROM `address` WHERE  `id` = 2 LIMIT 1 [ RunTime:0.000270s ]
[2023-02-21T21:11:16+08:00][sql] CONNECT:[ UseTime:0.000434s ] mysql:host=localhost;port=3316;dbname=coffee;charset=utf8
[2023-02-21T21:11:16+08:00][sql] SHOW FULL COLUMNS FROM `banner` [ RunTime:0.001258s ]
[2023-02-21T21:11:16+08:00][sql] SELECT * FROM `banner` [ RunTime:0.000286s ]
[2023-02-21T21:11:16+08:00][sql] SHOW FULL COLUMNS FROM `information` [ RunTime:0.001020s ]
[2023-02-21T21:11:16+08:00][sql] SELECT * FROM `information` ORDER BY `time` DESC LIMIT 1 [ RunTime:0.000335s ]
[2023-02-21T21:11:16+08:00][sql] SELECT * FROM `information` ORDER BY `time` DESC LIMIT 1,4 [ RunTime:0.000396s ]
[2023-02-21T21:11:16+08:00][sql] SHOW FULL COLUMNS FROM `course` [ RunTime:0.001160s ]
[2023-02-21T21:11:16+08:00][sql] SELECT `id`,`title` FROM `course` ORDER BY `sorting` ASC LIMIT 0,6 [ RunTime:0.000297s ]
[2023-02-21T21:11:16+08:00][sql] SHOW FULL COLUMNS FROM `teacher` [ RunTime:0.000941s ]
[2023-02-21T21:11:16+08:00][sql] SELECT * FROM `teacher` [ RunTime:0.000267s ]
[2023-02-21T21:11:16+08:00][sql] SHOW FULL COLUMNS FROM `address` [ RunTime:0.001011s ]
[2023-02-21T21:11:16+08:00][sql] SELECT * FROM `address` WHERE  `id` = 1 LIMIT 1 [ RunTime:0.000353s ]
[2023-02-21T21:11:16+08:00][sql] SELECT * FROM `address` WHERE  `id` = 2 LIMIT 1 [ RunTime:0.000286s ]
[2023-02-21T22:54:33+08:00][sql] CONNECT:[ UseTime:0.000438s ] mysql:host=localhost;port=3316;dbname=coffee;charset=utf8
[2023-02-21T22:54:33+08:00][sql] SHOW FULL COLUMNS FROM `banner` [ RunTime:0.001464s ]
[2023-02-21T22:54:33+08:00][sql] SELECT * FROM `banner` [ RunTime:0.000272s ]
[2023-02-21T22:54:33+08:00][sql] SHOW FULL COLUMNS FROM `information` [ RunTime:0.001044s ]
[2023-02-21T22:54:33+08:00][sql] SELECT * FROM `information` ORDER BY `time` DESC LIMIT 1 [ RunTime:0.000342s ]
[2023-02-21T22:54:33+08:00][sql] SELECT * FROM `information` ORDER BY `time` DESC LIMIT 1,4 [ RunTime:0.000410s ]
[2023-02-21T22:54:33+08:00][sql] SHOW FULL COLUMNS FROM `course` [ RunTime:0.001113s ]
[2023-02-21T22:54:33+08:00][sql] SELECT `id`,`title` FROM `course` ORDER BY `sorting` ASC LIMIT 0,6 [ RunTime:0.000267s ]
[2023-02-21T22:54:33+08:00][sql] SHOW FULL COLUMNS FROM `teacher` [ RunTime:0.000951s ]
[2023-02-21T22:54:33+08:00][sql] SELECT * FROM `teacher` [ RunTime:0.000270s ]
[2023-02-21T22:54:33+08:00][sql] SHOW FULL COLUMNS FROM `address` [ RunTime:0.000949s ]
[2023-02-21T22:54:33+08:00][sql] SELECT * FROM `address` WHERE  `id` = 1 LIMIT 1 [ RunTime:0.000289s ]
[2023-02-21T22:54:33+08:00][sql] SELECT * FROM `address` WHERE  `id` = 2 LIMIT 1 [ RunTime:0.000260s ]
[2023-02-21T23:05:31+08:00][sql] CONNECT:[ UseTime:0.000414s ] mysql:host=localhost;port=3316;dbname=coffee;charset=utf8
[2023-02-21T23:05:31+08:00][sql] SHOW FULL COLUMNS FROM `banner` [ RunTime:0.001245s ]
[2023-02-21T23:05:31+08:00][sql] SELECT * FROM `banner` [ RunTime:0.000273s ]
[2023-02-21T23:05:31+08:00][sql] SHOW FULL COLUMNS FROM `information` [ RunTime:0.000979s ]
[2023-02-21T23:05:31+08:00][sql] SELECT * FROM `information` ORDER BY `time` DESC LIMIT 1 [ RunTime:0.000357s ]
[2023-02-21T23:05:31+08:00][sql] SELECT * FROM `information` ORDER BY `time` DESC LIMIT 1,4 [ RunTime:0.000416s ]
[2023-02-21T23:05:31+08:00][sql] SHOW FULL COLUMNS FROM `course` [ RunTime:0.001069s ]
[2023-02-21T23:05:31+08:00][sql] SELECT `id`,`title` FROM `course` ORDER BY `sorting` ASC LIMIT 0,6 [ RunTime:0.000255s ]
[2023-02-21T23:05:31+08:00][sql] SHOW FULL COLUMNS FROM `teacher` [ RunTime:0.000932s ]
[2023-02-21T23:05:31+08:00][sql] SELECT * FROM `teacher` [ RunTime:0.000289s ]
[2023-02-21T23:05:31+08:00][sql] SHOW FULL COLUMNS FROM `address` [ RunTime:0.000940s ]
[2023-02-21T23:05:31+08:00][sql] SELECT * FROM `address` WHERE  `id` = 1 LIMIT 1 [ RunTime:0.000285s ]
[2023-02-21T23:05:31+08:00][sql] SELECT * FROM `address` WHERE  `id` = 2 LIMIT 1 [ RunTime:0.000240s ]
[2023-02-21T23:06:55+08:00][sql] CONNECT:[ UseTime:0.000449s ] mysql:host=localhost;port=3316;dbname=coffee;charset=utf8
[2023-02-21T23:06:55+08:00][sql] SHOW FULL COLUMNS FROM `banner` [ RunTime:0.001247s ]
[2023-02-21T23:06:55+08:00][sql] SELECT * FROM `banner` [ RunTime:0.000296s ]
[2023-02-21T23:06:55+08:00][sql] SHOW FULL COLUMNS FROM `information` [ RunTime:0.001041s ]
[2023-02-21T23:06:55+08:00][sql] SELECT * FROM `information` ORDER BY `time` DESC LIMIT 1 [ RunTime:0.000337s ]
[2023-02-21T23:06:55+08:00][sql] SELECT * FROM `information` ORDER BY `time` DESC LIMIT 1,4 [ RunTime:0.000382s ]
[2023-02-21T23:06:55+08:00][sql] SHOW FULL COLUMNS FROM `course` [ RunTime:0.001097s ]
[2023-02-21T23:06:55+08:00][sql] SELECT `id`,`title` FROM `course` ORDER BY `sorting` ASC LIMIT 0,6 [ RunTime:0.000270s ]
[2023-02-21T23:06:55+08:00][sql] SHOW FULL COLUMNS FROM `teacher` [ RunTime:0.000951s ]
[2023-02-21T23:06:55+08:00][sql] SELECT * FROM `teacher` [ RunTime:0.000258s ]
[2023-02-21T23:06:55+08:00][sql] SHOW FULL COLUMNS FROM `address` [ RunTime:0.000965s ]
[2023-02-21T23:06:55+08:00][sql] SELECT * FROM `address` WHERE  `id` = 1 LIMIT 1 [ RunTime:0.000288s ]
[2023-02-21T23:06:55+08:00][sql] SELECT * FROM `address` WHERE  `id` = 2 LIMIT 1 [ RunTime:0.000242s ]
