[2023-02-23T00:15:33+08:00][sql] CONNECT:[ UseTime:0.000420s ] mysql:host=localhost;port=3316;dbname=coffee;charset=utf8
[2023-02-23T00:15:33+08:00][sql] SHOW FULL COLUMNS FROM `banner` [ RunTime:0.001259s ]
[2023-02-23T00:15:33+08:00][sql] SELECT * FROM `banner` [ RunTime:0.000261s ]
[2023-02-23T00:15:33+08:00][sql] SHOW FULL COLUMNS FROM `information` [ RunTime:0.001033s ]
[2023-02-23T00:15:33+08:00][sql] SELECT * FROM `information` ORDER BY `time` DESC LIMIT 1 [ RunTime:0.000327s ]
[2023-02-23T00:15:33+08:00][sql] SELECT * FROM `information` ORDER BY `time` DESC LIMIT 1,4 [ RunTime:0.000412s ]
[2023-02-23T00:15:33+08:00][sql] SHOW FULL COLUMNS FROM `course` [ RunTime:0.001105s ]
[2023-02-23T00:15:33+08:00][sql] SELECT `id`,`title` FROM `course` ORDER BY `sorting` ASC LIMIT 0,6 [ RunTime:0.000294s ]
[2023-02-23T00:15:33+08:00][sql] SHOW FULL COLUMNS FROM `teacher` [ RunTime:0.000910s ]
[2023-02-23T00:15:33+08:00][sql] SELECT * FROM `teacher` [ RunTime:0.000264s ]
[2023-02-23T00:15:33+08:00][sql] SHOW FULL COLUMNS FROM `address` [ RunTime:0.001035s ]
[2023-02-23T00:15:33+08:00][sql] SELECT * FROM `address` WHERE  `id` = 1 LIMIT 1 [ RunTime:0.000337s ]
[2023-02-23T00:15:33+08:00][sql] SELECT * FROM `address` WHERE  `id` = 2 LIMIT 1 [ RunTime:0.000294s ]
[2023-02-23T00:15:33+08:00][sql] CONNECT:[ UseTime:0.000352s ] mysql:host=localhost;port=3316;dbname=coffee;charset=utf8
[2023-02-23T00:15:33+08:00][sql] SHOW FULL COLUMNS FROM `banner` [ RunTime:0.001212s ]
[2023-02-23T00:15:33+08:00][sql] SELECT * FROM `banner` [ RunTime:0.000214s ]
[2023-02-23T00:15:33+08:00][sql] SHOW FULL COLUMNS FROM `information` [ RunTime:0.000912s ]
[2023-02-23T00:15:33+08:00][sql] SELECT * FROM `information` ORDER BY `time` DESC LIMIT 1 [ RunTime:0.000311s ]
[2023-02-23T00:15:33+08:00][sql] SELECT * FROM `information` ORDER BY `time` DESC LIMIT 1,4 [ RunTime:0.000330s ]
[2023-02-23T00:15:33+08:00][sql] SHOW FULL COLUMNS FROM `course` [ RunTime:0.001094s ]
[2023-02-23T00:15:33+08:00][sql] SELECT `id`,`title` FROM `course` ORDER BY `sorting` ASC LIMIT 0,6 [ RunTime:0.000236s ]
[2023-02-23T00:15:33+08:00][sql] SHOW FULL COLUMNS FROM `teacher` [ RunTime:0.000872s ]
[2023-02-23T00:15:33+08:00][sql] SELECT * FROM `teacher` [ RunTime:0.000229s ]
[2023-02-23T00:15:33+08:00][sql] SHOW FULL COLUMNS FROM `address` [ RunTime:0.000861s ]
[2023-02-23T00:15:33+08:00][sql] SELECT * FROM `address` WHERE  `id` = 1 LIMIT 1 [ RunTime:0.000256s ]
[2023-02-23T00:15:33+08:00][sql] SELECT * FROM `address` WHERE  `id` = 2 LIMIT 1 [ RunTime:0.000195s ]
[2023-02-23T00:29:57+08:00][sql] CONNECT:[ UseTime:0.000450s ] mysql:host=localhost;port=3316;dbname=coffee;charset=utf8
[2023-02-23T00:29:57+08:00][sql] SHOW FULL COLUMNS FROM `banner` [ RunTime:0.001276s ]
[2023-02-23T00:29:57+08:00][sql] SELECT * FROM `banner` [ RunTime:0.000255s ]
[2023-02-23T00:29:57+08:00][sql] SHOW FULL COLUMNS FROM `information` [ RunTime:0.001066s ]
[2023-02-23T00:29:57+08:00][sql] SELECT * FROM `information` ORDER BY `time` DESC LIMIT 1 [ RunTime:0.000330s ]
[2023-02-23T00:29:57+08:00][sql] SELECT * FROM `information` ORDER BY `time` DESC LIMIT 1,4 [ RunTime:0.000397s ]
[2023-02-23T00:29:57+08:00][sql] SHOW FULL COLUMNS FROM `course` [ RunTime:0.001071s ]
[2023-02-23T00:29:57+08:00][sql] SELECT `id`,`title` FROM `course` ORDER BY `sorting` ASC LIMIT 0,6 [ RunTime:0.000299s ]
[2023-02-23T00:29:57+08:00][sql] SHOW FULL COLUMNS FROM `teacher` [ RunTime:0.000934s ]
[2023-02-23T00:29:57+08:00][sql] SELECT * FROM `teacher` [ RunTime:0.000337s ]
[2023-02-23T00:29:57+08:00][sql] SHOW FULL COLUMNS FROM `address` [ RunTime:0.001007s ]
[2023-02-23T00:29:57+08:00][sql] SELECT * FROM `address` WHERE  `id` = 1 LIMIT 1 [ RunTime:0.000276s ]
[2023-02-23T00:29:57+08:00][sql] SELECT * FROM `address` WHERE  `id` = 2 LIMIT 1 [ RunTime:0.000261s ]
[2023-02-23T00:51:18+08:00][sql] CONNECT:[ UseTime:0.000388s ] mysql:host=localhost;port=3316;dbname=coffee;charset=utf8
[2023-02-23T00:51:18+08:00][sql] SHOW FULL COLUMNS FROM `banner` [ RunTime:0.001198s ]
[2023-02-23T00:51:18+08:00][sql] SELECT * FROM `banner` [ RunTime:0.000227s ]
[2023-02-23T00:51:18+08:00][sql] SHOW FULL COLUMNS FROM `information` [ RunTime:0.001042s ]
[2023-02-23T00:51:18+08:00][sql] SELECT * FROM `information` ORDER BY `time` DESC LIMIT 1 [ RunTime:0.000284s ]
[2023-02-23T00:51:18+08:00][sql] SELECT * FROM `information` ORDER BY `time` DESC LIMIT 1,4 [ RunTime:0.000376s ]
[2023-02-23T00:51:18+08:00][sql] SHOW FULL COLUMNS FROM `course` [ RunTime:0.001164s ]
[2023-02-23T00:51:18+08:00][sql] SELECT `id`,`title` FROM `course` ORDER BY `sorting` ASC LIMIT 0,6 [ RunTime:0.000244s ]
[2023-02-23T00:51:18+08:00][sql] SHOW FULL COLUMNS FROM `teacher` [ RunTime:0.000984s ]
[2023-02-23T00:51:18+08:00][sql] SELECT * FROM `teacher` [ RunTime:0.000237s ]
[2023-02-23T00:51:18+08:00][sql] SHOW FULL COLUMNS FROM `address` [ RunTime:0.000917s ]
[2023-02-23T00:51:18+08:00][sql] SELECT * FROM `address` WHERE  `id` = 1 LIMIT 1 [ RunTime:0.000274s ]
[2023-02-23T00:51:18+08:00][sql] SELECT * FROM `address` WHERE  `id` = 2 LIMIT 1 [ RunTime:0.000208s ]
[2023-02-23T01:03:19+08:00][sql] CONNECT:[ UseTime:0.000382s ] mysql:host=localhost;port=3316;dbname=coffee;charset=utf8
[2023-02-23T01:03:19+08:00][sql] SHOW FULL COLUMNS FROM `banner` [ RunTime:0.001203s ]
[2023-02-23T01:03:19+08:00][sql] SELECT * FROM `banner` [ RunTime:0.000229s ]
[2023-02-23T01:03:19+08:00][sql] SHOW FULL COLUMNS FROM `information` [ RunTime:0.000988s ]
[2023-02-23T01:03:19+08:00][sql] SELECT * FROM `information` ORDER BY `time` DESC LIMIT 1 [ RunTime:0.000284s ]
[2023-02-23T01:03:19+08:00][sql] SELECT * FROM `information` ORDER BY `time` DESC LIMIT 1,4 [ RunTime:0.000365s ]
[2023-02-23T01:03:19+08:00][sql] SHOW FULL COLUMNS FROM `course` [ RunTime:0.001044s ]
[2023-02-23T01:03:19+08:00][sql] SELECT `id`,`title` FROM `course` ORDER BY `sorting` ASC LIMIT 0,6 [ RunTime:0.000226s ]
[2023-02-23T01:03:19+08:00][sql] SHOW FULL COLUMNS FROM `teacher` [ RunTime:0.000893s ]
[2023-02-23T01:03:19+08:00][sql] SELECT * FROM `teacher` [ RunTime:0.000233s ]
[2023-02-23T01:03:19+08:00][sql] SHOW FULL COLUMNS FROM `address` [ RunTime:0.000911s ]
[2023-02-23T01:03:19+08:00][sql] SELECT * FROM `address` WHERE  `id` = 1 LIMIT 1 [ RunTime:0.000265s ]
[2023-02-23T01:03:19+08:00][sql] SELECT * FROM `address` WHERE  `id` = 2 LIMIT 1 [ RunTime:0.000217s ]
[2023-02-23T01:06:14+08:00][sql] CONNECT:[ UseTime:0.000428s ] mysql:host=localhost;port=3316;dbname=coffee;charset=utf8
[2023-02-23T01:06:14+08:00][sql] SHOW FULL COLUMNS FROM `banner` [ RunTime:0.001279s ]
[2023-02-23T01:06:14+08:00][sql] SELECT * FROM `banner` [ RunTime:0.001242s ]
[2023-02-23T01:06:14+08:00][sql] SHOW FULL COLUMNS FROM `information` [ RunTime:0.001065s ]
[2023-02-23T01:06:14+08:00][sql] SELECT * FROM `information` ORDER BY `time` DESC LIMIT 1 [ RunTime:0.000336s ]
[2023-02-23T01:06:14+08:00][sql] SELECT * FROM `information` ORDER BY `time` DESC LIMIT 1,4 [ RunTime:0.000402s ]
[2023-02-23T01:06:14+08:00][sql] SHOW FULL COLUMNS FROM `course` [ RunTime:0.001131s ]
[2023-02-23T01:06:14+08:00][sql] SELECT `id`,`title` FROM `course` ORDER BY `sorting` ASC LIMIT 0,6 [ RunTime:0.000265s ]
[2023-02-23T01:06:14+08:00][sql] SHOW FULL COLUMNS FROM `teacher` [ RunTime:0.000996s ]
[2023-02-23T01:06:14+08:00][sql] SELECT * FROM `teacher` [ RunTime:0.000296s ]
[2023-02-23T01:06:14+08:00][sql] SHOW FULL COLUMNS FROM `address` [ RunTime:0.001016s ]
[2023-02-23T01:06:14+08:00][sql] SELECT * FROM `address` WHERE  `id` = 1 LIMIT 1 [ RunTime:0.000288s ]
[2023-02-23T01:06:14+08:00][sql] SELECT * FROM `address` WHERE  `id` = 2 LIMIT 1 [ RunTime:0.000250s ]
[2023-02-23T01:36:44+08:00][sql] CONNECT:[ UseTime:0.001190s ] mysql:host=localhost;port=3316;dbname=coffee;charset=utf8
[2023-02-23T01:36:44+08:00][sql] SHOW FULL COLUMNS FROM `banner` [ RunTime:0.002345s ]
[2023-02-23T01:36:44+08:00][sql] SELECT * FROM `banner` [ RunTime:0.001060s ]
[2023-02-23T01:36:44+08:00][sql] SHOW FULL COLUMNS FROM `information` [ RunTime:0.001491s ]
[2023-02-23T01:36:44+08:00][sql] SELECT * FROM `information` ORDER BY `time` DESC LIMIT 1 [ RunTime:0.000457s ]
[2023-02-23T01:36:44+08:00][sql] SELECT * FROM `information` ORDER BY `time` DESC LIMIT 1,4 [ RunTime:0.000477s ]
[2023-02-23T01:36:44+08:00][sql] SHOW FULL COLUMNS FROM `course` [ RunTime:0.001494s ]
[2023-02-23T01:36:44+08:00][sql] SELECT `id`,`title` FROM `course` ORDER BY `sorting` ASC LIMIT 0,6 [ RunTime:0.000291s ]
[2023-02-23T01:36:44+08:00][sql] SHOW FULL COLUMNS FROM `teacher` [ RunTime:0.001186s ]
[2023-02-23T01:36:44+08:00][sql] SELECT * FROM `teacher` [ RunTime:0.000283s ]
[2023-02-23T01:36:44+08:00][sql] SHOW FULL COLUMNS FROM `address` [ RunTime:0.001294s ]
[2023-02-23T01:36:44+08:00][sql] SELECT * FROM `address` WHERE  `id` = 1 LIMIT 1 [ RunTime:0.000325s ]
[2023-02-23T01:36:44+08:00][sql] SELECT * FROM `address` WHERE  `id` = 2 LIMIT 1 [ RunTime:0.000275s ]
[2023-02-23T01:36:45+08:00][sql] CONNECT:[ UseTime:0.011773s ] mysql:host=localhost;port=3316;dbname=coffee;charset=utf8
[2023-02-23T01:36:45+08:00][sql] SHOW FULL COLUMNS FROM `banner` [ RunTime:0.001611s ]
[2023-02-23T01:36:45+08:00][sql] SELECT * FROM `banner` [ RunTime:0.000387s ]
[2023-02-23T01:36:45+08:00][sql] SHOW FULL COLUMNS FROM `information` [ RunTime:0.002608s ]
[2023-02-23T01:36:45+08:00][sql] SELECT * FROM `information` ORDER BY `time` DESC LIMIT 1 [ RunTime:0.000421s ]
[2023-02-23T01:36:45+08:00][sql] SELECT * FROM `information` ORDER BY `time` DESC LIMIT 1,4 [ RunTime:0.002076s ]
[2023-02-23T01:36:45+08:00][sql] SHOW FULL COLUMNS FROM `course` [ RunTime:0.001548s ]
[2023-02-23T01:36:45+08:00][sql] SELECT `id`,`title` FROM `course` ORDER BY `sorting` ASC LIMIT 0,6 [ RunTime:0.000304s ]
[2023-02-23T01:36:45+08:00][sql] SHOW FULL COLUMNS FROM `teacher` [ RunTime:0.001200s ]
[2023-02-23T01:36:45+08:00][sql] SELECT * FROM `teacher` [ RunTime:0.000349s ]
[2023-02-23T01:36:45+08:00][sql] SHOW FULL COLUMNS FROM `address` [ RunTime:0.001177s ]
[2023-02-23T01:36:45+08:00][sql] SELECT * FROM `address` WHERE  `id` = 1 LIMIT 1 [ RunTime:0.000304s ]
[2023-02-23T01:36:45+08:00][sql] SELECT * FROM `address` WHERE  `id` = 2 LIMIT 1 [ RunTime:0.000271s ]
[2023-02-23T01:39:51+08:00][sql] CONNECT:[ UseTime:0.000435s ] mysql:host=localhost;port=3316;dbname=coffee;charset=utf8
[2023-02-23T01:39:51+08:00][sql] SHOW FULL COLUMNS FROM `banner` [ RunTime:0.001378s ]
[2023-02-23T01:39:51+08:00][sql] SELECT * FROM `banner` [ RunTime:0.000264s ]
[2023-02-23T01:39:51+08:00][sql] SHOW FULL COLUMNS FROM `information` [ RunTime:0.000928s ]
[2023-02-23T01:39:51+08:00][sql] SELECT * FROM `information` ORDER BY `time` DESC LIMIT 1 [ RunTime:0.000324s ]
[2023-02-23T01:39:51+08:00][sql] SELECT * FROM `information` ORDER BY `time` DESC LIMIT 1,4 [ RunTime:0.000394s ]
[2023-02-23T01:39:51+08:00][sql] SHOW FULL COLUMNS FROM `course` [ RunTime:0.001078s ]
[2023-02-23T01:39:51+08:00][sql] SELECT `id`,`title` FROM `course` ORDER BY `sorting` ASC LIMIT 0,6 [ RunTime:0.000267s ]
[2023-02-23T01:39:51+08:00][sql] SHOW FULL COLUMNS FROM `teacher` [ RunTime:0.000957s ]
[2023-02-23T01:39:51+08:00][sql] SELECT * FROM `teacher` [ RunTime:0.000263s ]
[2023-02-23T01:39:51+08:00][sql] SHOW FULL COLUMNS FROM `address` [ RunTime:0.000946s ]
[2023-02-23T01:39:51+08:00][sql] SELECT * FROM `address` WHERE  `id` = 1 LIMIT 1 [ RunTime:0.000275s ]
[2023-02-23T01:39:51+08:00][sql] SELECT * FROM `address` WHERE  `id` = 2 LIMIT 1 [ RunTime:0.000324s ]
[2023-02-23T01:39:51+08:00][sql] CONNECT:[ UseTime:0.000438s ] mysql:host=localhost;port=3316;dbname=coffee;charset=utf8
[2023-02-23T01:39:51+08:00][sql] SHOW FULL COLUMNS FROM `banner` [ RunTime:0.001627s ]
[2023-02-23T01:39:51+08:00][sql] SELECT * FROM `banner` [ RunTime:0.000220s ]
[2023-02-23T01:39:51+08:00][sql] SHOW FULL COLUMNS FROM `information` [ RunTime:0.000968s ]
[2023-02-23T01:39:51+08:00][sql] SELECT * FROM `information` ORDER BY `time` DESC LIMIT 1 [ RunTime:0.000335s ]
[2023-02-23T01:39:51+08:00][sql] SELECT * FROM `information` ORDER BY `time` DESC LIMIT 1,4 [ RunTime:0.000384s ]
[2023-02-23T01:39:51+08:00][sql] SHOW FULL COLUMNS FROM `course` [ RunTime:0.001105s ]
[2023-02-23T01:39:51+08:00][sql] SELECT `id`,`title` FROM `course` ORDER BY `sorting` ASC LIMIT 0,6 [ RunTime:0.000278s ]
[2023-02-23T01:39:51+08:00][sql] SHOW FULL COLUMNS FROM `teacher` [ RunTime:0.000954s ]
[2023-02-23T01:39:51+08:00][sql] SELECT * FROM `teacher` [ RunTime:0.000261s ]
[2023-02-23T01:39:51+08:00][sql] SHOW FULL COLUMNS FROM `address` [ RunTime:0.000911s ]
[2023-02-23T01:39:51+08:00][sql] SELECT * FROM `address` WHERE  `id` = 1 LIMIT 1 [ RunTime:0.000277s ]
[2023-02-23T01:39:51+08:00][sql] SELECT * FROM `address` WHERE  `id` = 2 LIMIT 1 [ RunTime:0.000262s ]
[2023-02-23T01:48:33+08:00][sql] CONNECT:[ UseTime:0.000488s ] mysql:host=localhost;port=3316;dbname=coffee;charset=utf8
[2023-02-23T01:48:33+08:00][sql] SHOW FULL COLUMNS FROM `banner` [ RunTime:0.001616s ]
[2023-02-23T01:48:33+08:00][sql] SELECT * FROM `banner` [ RunTime:0.000312s ]
[2023-02-23T01:48:33+08:00][sql] SHOW FULL COLUMNS FROM `information` [ RunTime:0.001330s ]
[2023-02-23T01:48:33+08:00][sql] SELECT * FROM `information` ORDER BY `time` DESC LIMIT 1 [ RunTime:0.000385s ]
[2023-02-23T01:48:33+08:00][sql] SELECT * FROM `information` ORDER BY `time` DESC LIMIT 1,4 [ RunTime:0.000466s ]
[2023-02-23T01:48:33+08:00][sql] SHOW FULL COLUMNS FROM `course` [ RunTime:0.001456s ]
[2023-02-23T01:48:33+08:00][sql] SELECT `id`,`title` FROM `course` ORDER BY `sorting` ASC LIMIT 0,6 [ RunTime:0.000300s ]
[2023-02-23T01:48:33+08:00][sql] SHOW FULL COLUMNS FROM `teacher` [ RunTime:0.001206s ]
[2023-02-23T01:48:33+08:00][sql] SELECT * FROM `teacher` [ RunTime:0.000433s ]
[2023-02-23T01:48:33+08:00][sql] SHOW FULL COLUMNS FROM `address` [ RunTime:0.001217s ]
[2023-02-23T01:48:33+08:00][sql] SELECT * FROM `address` WHERE  `id` = 1 LIMIT 1 [ RunTime:0.004626s ]
[2023-02-23T01:48:33+08:00][sql] SELECT * FROM `address` WHERE  `id` = 2 LIMIT 1 [ RunTime:0.004613s ]
[2023-02-23T02:14:18+08:00][sql] CONNECT:[ UseTime:0.000413s ] mysql:host=localhost;port=3316;dbname=coffee;charset=utf8
[2023-02-23T02:14:18+08:00][sql] SHOW FULL COLUMNS FROM `banner` [ RunTime:0.001222s ]
[2023-02-23T02:14:18+08:00][sql] SELECT * FROM `banner` [ RunTime:0.000246s ]
[2023-02-23T02:14:18+08:00][sql] SHOW FULL COLUMNS FROM `information` [ RunTime:0.000997s ]
[2023-02-23T02:14:18+08:00][sql] SELECT * FROM `information` ORDER BY `time` DESC LIMIT 1 [ RunTime:0.000334s ]
[2023-02-23T02:14:18+08:00][sql] SELECT * FROM `information` ORDER BY `time` DESC LIMIT 1,4 [ RunTime:0.000381s ]
[2023-02-23T02:14:18+08:00][sql] SHOW FULL COLUMNS FROM `course` [ RunTime:0.001047s ]
[2023-02-23T02:14:18+08:00][sql] SELECT `id`,`title` FROM `course` ORDER BY `sorting` ASC LIMIT 0,6 [ RunTime:0.000257s ]
[2023-02-23T02:14:18+08:00][sql] SHOW FULL COLUMNS FROM `teacher` [ RunTime:0.000954s ]
[2023-02-23T02:14:18+08:00][sql] SELECT * FROM `teacher` [ RunTime:0.000264s ]
[2023-02-23T02:14:18+08:00][sql] SHOW FULL COLUMNS FROM `address` [ RunTime:0.000929s ]
[2023-02-23T02:14:18+08:00][sql] SELECT * FROM `address` WHERE  `id` = 1 LIMIT 1 [ RunTime:0.000327s ]
[2023-02-23T02:14:18+08:00][sql] SELECT * FROM `address` WHERE  `id` = 2 LIMIT 1 [ RunTime:0.000254s ]
[2023-02-23T02:51:31+08:00][sql] CONNECT:[ UseTime:0.000413s ] mysql:host=localhost;port=3316;dbname=coffee;charset=utf8
[2023-02-23T02:51:31+08:00][sql] SHOW FULL COLUMNS FROM `banner` [ RunTime:0.001277s ]
[2023-02-23T02:51:31+08:00][sql] SELECT * FROM `banner` [ RunTime:0.000214s ]
[2023-02-23T02:51:31+08:00][sql] SHOW FULL COLUMNS FROM `information` [ RunTime:0.001003s ]
[2023-02-23T02:51:31+08:00][sql] SELECT * FROM `information` ORDER BY `time` DESC LIMIT 1 [ RunTime:0.000275s ]
[2023-02-23T02:51:31+08:00][sql] SELECT * FROM `information` ORDER BY `time` DESC LIMIT 1,4 [ RunTime:0.000325s ]
[2023-02-23T02:51:31+08:00][sql] SHOW FULL COLUMNS FROM `course` [ RunTime:0.001099s ]
[2023-02-23T02:51:31+08:00][sql] SELECT `id`,`title` FROM `course` ORDER BY `sorting` ASC LIMIT 0,6 [ RunTime:0.000229s ]
[2023-02-23T02:51:31+08:00][sql] SHOW FULL COLUMNS FROM `teacher` [ RunTime:0.000898s ]
[2023-02-23T02:51:31+08:00][sql] SELECT * FROM `teacher` [ RunTime:0.000223s ]
[2023-02-23T02:51:31+08:00][sql] SHOW FULL COLUMNS FROM `address` [ RunTime:0.000977s ]
[2023-02-23T02:51:31+08:00][sql] SELECT * FROM `address` WHERE  `id` = 1 LIMIT 1 [ RunTime:0.000292s ]
[2023-02-23T02:51:31+08:00][sql] SELECT * FROM `address` WHERE  `id` = 2 LIMIT 1 [ RunTime:0.000224s ]
[2023-02-23T02:51:33+08:00][sql] CONNECT:[ UseTime:0.000360s ] mysql:host=localhost;port=3316;dbname=coffee;charset=utf8
[2023-02-23T02:51:33+08:00][sql] SHOW FULL COLUMNS FROM `banner` [ RunTime:0.001219s ]
[2023-02-23T02:51:33+08:00][sql] SELECT * FROM `banner` [ RunTime:0.000214s ]
[2023-02-23T02:51:33+08:00][sql] SHOW FULL COLUMNS FROM `information` [ RunTime:0.000961s ]
[2023-02-23T02:51:33+08:00][sql] SELECT * FROM `information` ORDER BY `time` DESC LIMIT 1 [ RunTime:0.000302s ]
[2023-02-23T02:51:33+08:00][sql] SELECT * FROM `information` ORDER BY `time` DESC LIMIT 1,4 [ RunTime:0.000335s ]
[2023-02-23T02:51:33+08:00][sql] SHOW FULL COLUMNS FROM `course` [ RunTime:0.001054s ]
[2023-02-23T02:51:33+08:00][sql] SELECT `id`,`title` FROM `course` ORDER BY `sorting` ASC LIMIT 0,6 [ RunTime:0.000254s ]
[2023-02-23T02:51:33+08:00][sql] SHOW FULL COLUMNS FROM `teacher` [ RunTime:0.000962s ]
[2023-02-23T02:51:33+08:00][sql] SELECT * FROM `teacher` [ RunTime:0.000227s ]
[2023-02-23T02:51:33+08:00][sql] SHOW FULL COLUMNS FROM `address` [ RunTime:0.000923s ]
[2023-02-23T02:51:33+08:00][sql] SELECT * FROM `address` WHERE  `id` = 1 LIMIT 1 [ RunTime:0.000245s ]
[2023-02-23T02:51:33+08:00][sql] SELECT * FROM `address` WHERE  `id` = 2 LIMIT 1 [ RunTime:0.000235s ]
[2023-02-23T02:51:34+08:00][sql] CONNECT:[ UseTime:0.000411s ] mysql:host=localhost;port=3316;dbname=coffee;charset=utf8
[2023-02-23T02:51:34+08:00][sql] SHOW FULL COLUMNS FROM `banner` [ RunTime:0.001296s ]
[2023-02-23T02:51:34+08:00][sql] SELECT * FROM `banner` [ RunTime:0.000257s ]
[2023-02-23T02:51:34+08:00][sql] SHOW FULL COLUMNS FROM `information` [ RunTime:0.001020s ]
[2023-02-23T02:51:34+08:00][sql] SELECT * FROM `information` ORDER BY `time` DESC LIMIT 1 [ RunTime:0.000297s ]
[2023-02-23T02:51:34+08:00][sql] SELECT * FROM `information` ORDER BY `time` DESC LIMIT 1,4 [ RunTime:0.000321s ]
[2023-02-23T02:51:34+08:00][sql] SHOW FULL COLUMNS FROM `course` [ RunTime:0.001163s ]
[2023-02-23T02:51:34+08:00][sql] SELECT `id`,`title` FROM `course` ORDER BY `sorting` ASC LIMIT 0,6 [ RunTime:0.000357s ]
[2023-02-23T02:51:34+08:00][sql] SHOW FULL COLUMNS FROM `teacher` [ RunTime:0.001380s ]
[2023-02-23T02:51:34+08:00][sql] SELECT * FROM `teacher` [ RunTime:0.000288s ]
[2023-02-23T02:51:34+08:00][sql] SHOW FULL COLUMNS FROM `address` [ RunTime:0.001233s ]
[2023-02-23T02:51:34+08:00][sql] SELECT * FROM `address` WHERE  `id` = 1 LIMIT 1 [ RunTime:0.000305s ]
[2023-02-23T02:51:34+08:00][sql] SELECT * FROM `address` WHERE  `id` = 2 LIMIT 1 [ RunTime:0.000274s ]
[2023-02-23T02:51:39+08:00][sql] CONNECT:[ UseTime:0.000476s ] mysql:host=localhost;port=3316;dbname=coffee;charset=utf8
[2023-02-23T02:51:39+08:00][sql] SHOW FULL COLUMNS FROM `banner` [ RunTime:0.001280s ]
[2023-02-23T02:51:39+08:00][sql] SELECT * FROM `banner` [ RunTime:0.000252s ]
[2023-02-23T02:51:39+08:00][sql] SHOW FULL COLUMNS FROM `information` [ RunTime:0.000983s ]
[2023-02-23T02:51:39+08:00][sql] SELECT * FROM `information` ORDER BY `time` DESC LIMIT 1 [ RunTime:0.000347s ]
[2023-02-23T02:51:39+08:00][sql] SELECT * FROM `information` ORDER BY `time` DESC LIMIT 1,4 [ RunTime:0.000376s ]
[2023-02-23T02:51:39+08:00][sql] SHOW FULL COLUMNS FROM `course` [ RunTime:0.001164s ]
[2023-02-23T02:51:39+08:00][sql] SELECT `id`,`title` FROM `course` ORDER BY `sorting` ASC LIMIT 0,6 [ RunTime:0.000256s ]
[2023-02-23T02:51:39+08:00][sql] SHOW FULL COLUMNS FROM `teacher` [ RunTime:0.000910s ]
[2023-02-23T02:51:39+08:00][sql] SELECT * FROM `teacher` [ RunTime:0.000263s ]
[2023-02-23T02:51:39+08:00][sql] SHOW FULL COLUMNS FROM `address` [ RunTime:0.000948s ]
[2023-02-23T02:51:39+08:00][sql] SELECT * FROM `address` WHERE  `id` = 1 LIMIT 1 [ RunTime:0.000279s ]
[2023-02-23T02:51:39+08:00][sql] SELECT * FROM `address` WHERE  `id` = 2 LIMIT 1 [ RunTime:0.000264s ]
[2023-02-23T02:51:43+08:00][sql] CONNECT:[ UseTime:0.001164s ] mysql:host=localhost;port=3316;dbname=coffee;charset=utf8
[2023-02-23T02:51:43+08:00][sql] SHOW FULL COLUMNS FROM `banner` [ RunTime:0.002485s ]
[2023-02-23T02:51:43+08:00][sql] SELECT * FROM `banner` [ RunTime:0.000277s ]
[2023-02-23T02:51:43+08:00][sql] SHOW FULL COLUMNS FROM `information` [ RunTime:0.001128s ]
[2023-02-23T02:51:43+08:00][sql] SELECT * FROM `information` ORDER BY `time` DESC LIMIT 1 [ RunTime:0.000426s ]
[2023-02-23T02:51:43+08:00][sql] SELECT * FROM `information` ORDER BY `time` DESC LIMIT 1,4 [ RunTime:0.000386s ]
[2023-02-23T02:51:43+08:00][sql] SHOW FULL COLUMNS FROM `course` [ RunTime:0.001143s ]
[2023-02-23T02:51:43+08:00][sql] SELECT `id`,`title` FROM `course` ORDER BY `sorting` ASC LIMIT 0,6 [ RunTime:0.000283s ]
[2023-02-23T02:51:43+08:00][sql] SHOW FULL COLUMNS FROM `teacher` [ RunTime:0.000928s ]
[2023-02-23T02:51:43+08:00][sql] SELECT * FROM `teacher` [ RunTime:0.000263s ]
[2023-02-23T02:51:43+08:00][sql] SHOW FULL COLUMNS FROM `address` [ RunTime:0.000957s ]
[2023-02-23T02:51:43+08:00][sql] SELECT * FROM `address` WHERE  `id` = 1 LIMIT 1 [ RunTime:0.000325s ]
[2023-02-23T02:51:43+08:00][sql] SELECT * FROM `address` WHERE  `id` = 2 LIMIT 1 [ RunTime:0.000244s ]
[2023-02-23T02:51:48+08:00][sql] CONNECT:[ UseTime:0.000378s ] mysql:host=localhost;port=3316;dbname=coffee;charset=utf8
[2023-02-23T02:51:48+08:00][sql] SHOW FULL COLUMNS FROM `banner` [ RunTime:0.001178s ]
[2023-02-23T02:51:48+08:00][sql] SELECT * FROM `banner` [ RunTime:0.000240s ]
[2023-02-23T02:51:48+08:00][sql] SHOW FULL COLUMNS FROM `information` [ RunTime:0.001003s ]
[2023-02-23T02:51:48+08:00][sql] SELECT * FROM `information` ORDER BY `time` DESC LIMIT 1 [ RunTime:0.000316s ]
[2023-02-23T02:51:48+08:00][sql] SELECT * FROM `information` ORDER BY `time` DESC LIMIT 1,4 [ RunTime:0.000344s ]
[2023-02-23T02:51:48+08:00][sql] SHOW FULL COLUMNS FROM `course` [ RunTime:0.001081s ]
[2023-02-23T02:51:48+08:00][sql] SELECT `id`,`title` FROM `course` ORDER BY `sorting` ASC LIMIT 0,6 [ RunTime:0.000246s ]
[2023-02-23T02:51:48+08:00][sql] SHOW FULL COLUMNS FROM `teacher` [ RunTime:0.000878s ]
[2023-02-23T02:51:48+08:00][sql] SELECT * FROM `teacher` [ RunTime:0.000225s ]
[2023-02-23T02:51:48+08:00][sql] SHOW FULL COLUMNS FROM `address` [ RunTime:0.000906s ]
[2023-02-23T02:51:48+08:00][sql] SELECT * FROM `address` WHERE  `id` = 1 LIMIT 1 [ RunTime:0.000275s ]
[2023-02-23T02:51:48+08:00][sql] SELECT * FROM `address` WHERE  `id` = 2 LIMIT 1 [ RunTime:0.000197s ]
[2023-02-23T04:08:20+08:00][sql] CONNECT:[ UseTime:0.010748s ] mysql:host=localhost;port=3316;dbname=coffee;charset=utf8
[2023-02-23T04:08:20+08:00][sql] SHOW FULL COLUMNS FROM `banner` [ RunTime:0.003906s ]
[2023-02-23T04:08:20+08:00][sql] SELECT * FROM `banner` [ RunTime:0.000416s ]
[2023-02-23T04:08:20+08:00][sql] SHOW FULL COLUMNS FROM `information` [ RunTime:0.001607s ]
[2023-02-23T04:08:20+08:00][sql] SELECT * FROM `information` ORDER BY `time` DESC LIMIT 1 [ RunTime:0.000479s ]
[2023-02-23T04:08:20+08:00][sql] SELECT * FROM `information` ORDER BY `time` DESC LIMIT 1,4 [ RunTime:0.000612s ]
[2023-02-23T04:08:20+08:00][sql] SHOW FULL COLUMNS FROM `course` [ RunTime:0.001802s ]
[2023-02-23T04:08:20+08:00][sql] SELECT `id`,`title` FROM `course` ORDER BY `sorting` ASC LIMIT 0,6 [ RunTime:0.000507s ]
[2023-02-23T04:08:20+08:00][sql] SHOW FULL COLUMNS FROM `teacher` [ RunTime:0.001809s ]
[2023-02-23T04:08:20+08:00][sql] SELECT * FROM `teacher` [ RunTime:0.000401s ]
[2023-02-23T04:08:20+08:00][sql] SHOW FULL COLUMNS FROM `address` [ RunTime:0.001494s ]
[2023-02-23T04:08:20+08:00][sql] SELECT * FROM `address` WHERE  `id` = 1 LIMIT 1 [ RunTime:0.000444s ]
[2023-02-23T04:08:20+08:00][sql] SELECT * FROM `address` WHERE  `id` = 2 LIMIT 1 [ RunTime:0.000418s ]
[2023-02-23T04:12:20+08:00][sql] CONNECT:[ UseTime:0.006657s ] mysql:host=localhost;port=3316;dbname=coffee;charset=utf8
[2023-02-23T04:12:20+08:00][sql] SHOW FULL COLUMNS FROM `banner` [ RunTime:0.001359s ]
[2023-02-23T04:12:20+08:00][sql] SELECT * FROM `banner` [ RunTime:0.000466s ]
[2023-02-23T04:12:20+08:00][sql] SHOW FULL COLUMNS FROM `information` [ RunTime:0.002358s ]
[2023-02-23T04:12:20+08:00][sql] SELECT * FROM `information` ORDER BY `time` DESC LIMIT 1 [ RunTime:0.000351s ]
[2023-02-23T04:12:20+08:00][sql] SELECT * FROM `information` ORDER BY `time` DESC LIMIT 1,4 [ RunTime:0.000397s ]
[2023-02-23T04:12:20+08:00][sql] SHOW FULL COLUMNS FROM `course` [ RunTime:0.001235s ]
[2023-02-23T04:12:20+08:00][sql] SELECT `id`,`title` FROM `course` ORDER BY `sorting` ASC LIMIT 0,6 [ RunTime:0.000302s ]
[2023-02-23T04:12:20+08:00][sql] SHOW FULL COLUMNS FROM `teacher` [ RunTime:0.001028s ]
[2023-02-23T04:12:20+08:00][sql] SELECT * FROM `teacher` [ RunTime:0.000280s ]
[2023-02-23T04:12:20+08:00][sql] SHOW FULL COLUMNS FROM `address` [ RunTime:0.001018s ]
[2023-02-23T04:12:20+08:00][sql] SELECT * FROM `address` WHERE  `id` = 1 LIMIT 1 [ RunTime:0.001205s ]
[2023-02-23T04:12:20+08:00][sql] SELECT * FROM `address` WHERE  `id` = 2 LIMIT 1 [ RunTime:0.000264s ]
[2023-02-23T04:19:01+08:00][sql] CONNECT:[ UseTime:0.006915s ] mysql:host=localhost;port=3316;dbname=coffee;charset=utf8
[2023-02-23T04:19:01+08:00][sql] SHOW FULL COLUMNS FROM `banner` [ RunTime:0.001622s ]
[2023-02-23T04:19:01+08:00][sql] SELECT * FROM `banner` [ RunTime:0.000291s ]
[2023-02-23T04:19:01+08:00][sql] SHOW FULL COLUMNS FROM `information` [ RunTime:0.001336s ]
[2023-02-23T04:19:01+08:00][sql] SELECT * FROM `information` ORDER BY `time` DESC LIMIT 1 [ RunTime:0.000374s ]
[2023-02-23T04:19:01+08:00][sql] SELECT * FROM `information` ORDER BY `time` DESC LIMIT 1,4 [ RunTime:0.000431s ]
[2023-02-23T04:19:01+08:00][sql] SHOW FULL COLUMNS FROM `course` [ RunTime:0.001469s ]
[2023-02-23T04:19:01+08:00][sql] SELECT `id`,`title` FROM `course` ORDER BY `sorting` ASC LIMIT 0,6 [ RunTime:0.000284s ]
[2023-02-23T04:19:01+08:00][sql] SHOW FULL COLUMNS FROM `teacher` [ RunTime:0.001247s ]
[2023-02-23T04:19:01+08:00][sql] SELECT * FROM `teacher` [ RunTime:0.000290s ]
[2023-02-23T04:19:01+08:00][sql] SHOW FULL COLUMNS FROM `address` [ RunTime:0.001215s ]
[2023-02-23T04:19:01+08:00][sql] SELECT * FROM `address` WHERE  `id` = 1 LIMIT 1 [ RunTime:0.000317s ]
[2023-02-23T04:19:01+08:00][sql] SELECT * FROM `address` WHERE  `id` = 2 LIMIT 1 [ RunTime:0.000264s ]
[2023-02-23T04:26:47+08:00][sql] CONNECT:[ UseTime:0.000416s ] mysql:host=localhost;port=3316;dbname=coffee;charset=utf8
[2023-02-23T04:26:47+08:00][sql] SHOW FULL COLUMNS FROM `banner` [ RunTime:0.001212s ]
[2023-02-23T04:26:47+08:00][sql] SELECT * FROM `banner` [ RunTime:0.000302s ]
[2023-02-23T04:26:47+08:00][sql] SHOW FULL COLUMNS FROM `information` [ RunTime:0.001050s ]
[2023-02-23T04:26:47+08:00][sql] SELECT * FROM `information` ORDER BY `time` DESC LIMIT 1 [ RunTime:0.000328s ]
[2023-02-23T04:26:47+08:00][sql] SELECT * FROM `information` ORDER BY `time` DESC LIMIT 1,4 [ RunTime:0.000419s ]
[2023-02-23T04:26:47+08:00][sql] SHOW FULL COLUMNS FROM `course` [ RunTime:0.001171s ]
[2023-02-23T04:26:47+08:00][sql] SELECT `id`,`title` FROM `course` ORDER BY `sorting` ASC LIMIT 0,6 [ RunTime:0.000270s ]
[2023-02-23T04:26:47+08:00][sql] SHOW FULL COLUMNS FROM `teacher` [ RunTime:0.000960s ]
[2023-02-23T04:26:47+08:00][sql] SELECT * FROM `teacher` [ RunTime:0.000289s ]
[2023-02-23T04:26:47+08:00][sql] SHOW FULL COLUMNS FROM `address` [ RunTime:0.000933s ]
[2023-02-23T04:26:47+08:00][sql] SELECT * FROM `address` WHERE  `id` = 1 LIMIT 1 [ RunTime:0.000283s ]
[2023-02-23T04:26:47+08:00][sql] SELECT * FROM `address` WHERE  `id` = 2 LIMIT 1 [ RunTime:0.000300s ]
[2023-02-23T04:51:54+08:00][sql] CONNECT:[ UseTime:0.007428s ] mysql:host=localhost;port=3316;dbname=coffee;charset=utf8
[2023-02-23T04:51:54+08:00][sql] SHOW FULL COLUMNS FROM `banner` [ RunTime:0.003166s ]
[2023-02-23T04:51:54+08:00][sql] SELECT * FROM `banner` [ RunTime:0.000293s ]
[2023-02-23T04:51:54+08:00][sql] SHOW FULL COLUMNS FROM `information` [ RunTime:0.001460s ]
[2023-02-23T04:51:54+08:00][sql] SELECT * FROM `information` ORDER BY `time` DESC LIMIT 1 [ RunTime:0.000458s ]
[2023-02-23T04:51:54+08:00][sql] SELECT * FROM `information` ORDER BY `time` DESC LIMIT 1,4 [ RunTime:0.000453s ]
[2023-02-23T04:51:54+08:00][sql] SHOW FULL COLUMNS FROM `course` [ RunTime:0.001530s ]
[2023-02-23T04:51:54+08:00][sql] SELECT `id`,`title` FROM `course` ORDER BY `sorting` ASC LIMIT 0,6 [ RunTime:0.000326s ]
[2023-02-23T04:51:54+08:00][sql] SHOW FULL COLUMNS FROM `teacher` [ RunTime:0.001215s ]
[2023-02-23T04:51:54+08:00][sql] SELECT * FROM `teacher` [ RunTime:0.000288s ]
[2023-02-23T04:51:54+08:00][sql] SHOW FULL COLUMNS FROM `address` [ RunTime:0.001236s ]
[2023-02-23T04:51:54+08:00][sql] SELECT * FROM `address` WHERE  `id` = 1 LIMIT 1 [ RunTime:0.000318s ]
[2023-02-23T04:51:54+08:00][sql] SELECT * FROM `address` WHERE  `id` = 2 LIMIT 1 [ RunTime:0.000265s ]
[2023-02-23T04:55:16+08:00][sql] CONNECT:[ UseTime:0.000377s ] mysql:host=localhost;port=3316;dbname=coffee;charset=utf8
[2023-02-23T04:55:16+08:00][sql] SHOW FULL COLUMNS FROM `banner` [ RunTime:0.001507s ]
[2023-02-23T04:55:16+08:00][sql] SELECT * FROM `banner` [ RunTime:0.000270s ]
[2023-02-23T04:55:16+08:00][sql] SHOW FULL COLUMNS FROM `information` [ RunTime:0.001078s ]
[2023-02-23T04:55:16+08:00][sql] SELECT * FROM `information` ORDER BY `time` DESC LIMIT 1 [ RunTime:0.000290s ]
[2023-02-23T04:55:16+08:00][sql] SELECT * FROM `information` ORDER BY `time` DESC LIMIT 1,4 [ RunTime:0.000356s ]
[2023-02-23T04:55:16+08:00][sql] SHOW FULL COLUMNS FROM `course` [ RunTime:0.001055s ]
[2023-02-23T04:55:16+08:00][sql] SELECT `id`,`title` FROM `course` ORDER BY `sorting` ASC LIMIT 0,6 [ RunTime:0.000267s ]
[2023-02-23T04:55:16+08:00][sql] SHOW FULL COLUMNS FROM `teacher` [ RunTime:0.001285s ]
[2023-02-23T04:55:16+08:00][sql] SELECT * FROM `teacher` [ RunTime:0.000302s ]
[2023-02-23T04:55:16+08:00][sql] SHOW FULL COLUMNS FROM `address` [ RunTime:0.001276s ]
[2023-02-23T04:55:16+08:00][sql] SELECT * FROM `address` WHERE  `id` = 1 LIMIT 1 [ RunTime:0.000297s ]
[2023-02-23T04:55:16+08:00][sql] SELECT * FROM `address` WHERE  `id` = 2 LIMIT 1 [ RunTime:0.000283s ]
[2023-02-23T05:28:11+08:00][sql] CONNECT:[ UseTime:0.000352s ] mysql:host=localhost;port=3316;dbname=coffee;charset=utf8
[2023-02-23T05:28:11+08:00][sql] SHOW FULL COLUMNS FROM `banner` [ RunTime:0.001173s ]
[2023-02-23T05:28:11+08:00][sql] SELECT * FROM `banner` [ RunTime:0.000225s ]
[2023-02-23T05:28:11+08:00][sql] SHOW FULL COLUMNS FROM `information` [ RunTime:0.000990s ]
[2023-02-23T05:28:11+08:00][sql] SELECT * FROM `information` ORDER BY `time` DESC LIMIT 1 [ RunTime:0.000290s ]
[2023-02-23T05:28:11+08:00][sql] SELECT * FROM `information` ORDER BY `time` DESC LIMIT 1,4 [ RunTime:0.000346s ]
[2023-02-23T05:28:11+08:00][sql] SHOW FULL COLUMNS FROM `course` [ RunTime:0.001076s ]
[2023-02-23T05:28:11+08:00][sql] SELECT `id`,`title` FROM `course` ORDER BY `sorting` ASC LIMIT 0,6 [ RunTime:0.000229s ]
[2023-02-23T05:28:11+08:00][sql] SHOW FULL COLUMNS FROM `teacher` [ RunTime:0.000919s ]
[2023-02-23T05:28:11+08:00][sql] SELECT * FROM `teacher` [ RunTime:0.000218s ]
[2023-02-23T05:28:11+08:00][sql] SHOW FULL COLUMNS FROM `address` [ RunTime:0.000880s ]
[2023-02-23T05:28:11+08:00][sql] SELECT * FROM `address` WHERE  `id` = 1 LIMIT 1 [ RunTime:0.000260s ]
[2023-02-23T05:28:11+08:00][sql] SELECT * FROM `address` WHERE  `id` = 2 LIMIT 1 [ RunTime:0.000213s ]
[2023-02-23T05:30:46+08:00][sql] CONNECT:[ UseTime:0.000420s ] mysql:host=localhost;port=3316;dbname=coffee;charset=utf8
[2023-02-23T05:30:46+08:00][sql] SHOW FULL COLUMNS FROM `banner` [ RunTime:0.001308s ]
[2023-02-23T05:30:46+08:00][sql] SELECT * FROM `banner` [ RunTime:0.000287s ]
[2023-02-23T05:30:46+08:00][sql] SHOW FULL COLUMNS FROM `information` [ RunTime:0.001024s ]
[2023-02-23T05:30:46+08:00][sql] SELECT * FROM `information` ORDER BY `time` DESC LIMIT 1 [ RunTime:0.000336s ]
[2023-02-23T05:30:46+08:00][sql] SELECT * FROM `information` ORDER BY `time` DESC LIMIT 1,4 [ RunTime:0.000397s ]
[2023-02-23T05:30:46+08:00][sql] SHOW FULL COLUMNS FROM `course` [ RunTime:0.001083s ]
[2023-02-23T05:30:46+08:00][sql] SELECT `id`,`title` FROM `course` ORDER BY `sorting` ASC LIMIT 0,6 [ RunTime:0.000277s ]
[2023-02-23T05:30:46+08:00][sql] SHOW FULL COLUMNS FROM `teacher` [ RunTime:0.000909s ]
[2023-02-23T05:30:46+08:00][sql] SELECT * FROM `teacher` [ RunTime:0.000266s ]
[2023-02-23T05:30:46+08:00][sql] SHOW FULL COLUMNS FROM `address` [ RunTime:0.000932s ]
[2023-02-23T05:30:46+08:00][sql] SELECT * FROM `address` WHERE  `id` = 1 LIMIT 1 [ RunTime:0.000295s ]
[2023-02-23T05:30:46+08:00][sql] SELECT * FROM `address` WHERE  `id` = 2 LIMIT 1 [ RunTime:0.000251s ]
[2023-02-23T06:14:53+08:00][sql] CONNECT:[ UseTime:0.000403s ] mysql:host=localhost;port=3316;dbname=coffee;charset=utf8
[2023-02-23T06:14:53+08:00][sql] SHOW FULL COLUMNS FROM `banner` [ RunTime:0.001246s ]
[2023-02-23T06:14:53+08:00][sql] SELECT * FROM `banner` [ RunTime:0.000289s ]
[2023-02-23T06:14:53+08:00][sql] SHOW FULL COLUMNS FROM `information` [ RunTime:0.001021s ]
[2023-02-23T06:14:53+08:00][sql] SELECT * FROM `information` ORDER BY `time` DESC LIMIT 1 [ RunTime:0.000323s ]
[2023-02-23T06:14:53+08:00][sql] SELECT * FROM `information` ORDER BY `time` DESC LIMIT 1,4 [ RunTime:0.000405s ]
[2023-02-23T06:14:53+08:00][sql] SHOW FULL COLUMNS FROM `course` [ RunTime:0.001323s ]
[2023-02-23T06:14:53+08:00][sql] SELECT `id`,`title` FROM `course` ORDER BY `sorting` ASC LIMIT 0,6 [ RunTime:0.001120s ]
[2023-02-23T06:14:53+08:00][sql] SHOW FULL COLUMNS FROM `teacher` [ RunTime:0.000896s ]
[2023-02-23T06:14:53+08:00][sql] SELECT * FROM `teacher` [ RunTime:0.000259s ]
[2023-02-23T06:14:53+08:00][sql] SHOW FULL COLUMNS FROM `address` [ RunTime:0.001245s ]
[2023-02-23T06:14:53+08:00][sql] SELECT * FROM `address` WHERE  `id` = 1 LIMIT 1 [ RunTime:0.000299s ]
[2023-02-23T06:14:53+08:00][sql] SELECT * FROM `address` WHERE  `id` = 2 LIMIT 1 [ RunTime:0.000249s ]
[2023-02-23T06:37:04+08:00][sql] CONNECT:[ UseTime:0.000386s ] mysql:host=localhost;port=3316;dbname=coffee;charset=utf8
[2023-02-23T06:37:04+08:00][sql] SHOW FULL COLUMNS FROM `banner` [ RunTime:0.001233s ]
[2023-02-23T06:37:04+08:00][sql] SELECT * FROM `banner` [ RunTime:0.000248s ]
[2023-02-23T06:37:04+08:00][sql] SHOW FULL COLUMNS FROM `information` [ RunTime:0.000963s ]
[2023-02-23T06:37:04+08:00][sql] SELECT * FROM `information` ORDER BY `time` DESC LIMIT 1 [ RunTime:0.000321s ]
[2023-02-23T06:37:04+08:00][sql] SELECT * FROM `information` ORDER BY `time` DESC LIMIT 1,4 [ RunTime:0.000387s ]
[2023-02-23T06:37:04+08:00][sql] SHOW FULL COLUMNS FROM `course` [ RunTime:0.001072s ]
[2023-02-23T06:37:04+08:00][sql] SELECT `id`,`title` FROM `course` ORDER BY `sorting` ASC LIMIT 0,6 [ RunTime:0.000267s ]
[2023-02-23T06:37:04+08:00][sql] SHOW FULL COLUMNS FROM `teacher` [ RunTime:0.000939s ]
[2023-02-23T06:37:04+08:00][sql] SELECT * FROM `teacher` [ RunTime:0.000255s ]
[2023-02-23T06:37:04+08:00][sql] SHOW FULL COLUMNS FROM `address` [ RunTime:0.000914s ]
[2023-02-23T06:37:04+08:00][sql] SELECT * FROM `address` WHERE  `id` = 1 LIMIT 1 [ RunTime:0.000294s ]
[2023-02-23T06:37:04+08:00][sql] SELECT * FROM `address` WHERE  `id` = 2 LIMIT 1 [ RunTime:0.000282s ]
[2023-02-23T06:42:26+08:00][sql] CONNECT:[ UseTime:0.000448s ] mysql:host=localhost;port=3316;dbname=coffee;charset=utf8
[2023-02-23T06:42:26+08:00][sql] SHOW FULL COLUMNS FROM `banner` [ RunTime:0.001194s ]
[2023-02-23T06:42:26+08:00][sql] SELECT * FROM `banner` [ RunTime:0.000218s ]
[2023-02-23T06:42:26+08:00][sql] SHOW FULL COLUMNS FROM `information` [ RunTime:0.000917s ]
[2023-02-23T06:42:26+08:00][sql] SELECT * FROM `information` ORDER BY `time` DESC LIMIT 1 [ RunTime:0.000280s ]
[2023-02-23T06:42:26+08:00][sql] SELECT * FROM `information` ORDER BY `time` DESC LIMIT 1,4 [ RunTime:0.000318s ]
[2023-02-23T06:42:26+08:00][sql] SHOW FULL COLUMNS FROM `course` [ RunTime:0.001002s ]
[2023-02-23T06:42:26+08:00][sql] SELECT `id`,`title` FROM `course` ORDER BY `sorting` ASC LIMIT 0,6 [ RunTime:0.000215s ]
[2023-02-23T06:42:26+08:00][sql] SHOW FULL COLUMNS FROM `teacher` [ RunTime:0.000869s ]
[2023-02-23T06:42:26+08:00][sql] SELECT * FROM `teacher` [ RunTime:0.000234s ]
[2023-02-23T06:42:26+08:00][sql] SHOW FULL COLUMNS FROM `address` [ RunTime:0.000837s ]
[2023-02-23T06:42:26+08:00][sql] SELECT * FROM `address` WHERE  `id` = 1 LIMIT 1 [ RunTime:0.000270s ]
[2023-02-23T06:42:26+08:00][sql] SELECT * FROM `address` WHERE  `id` = 2 LIMIT 1 [ RunTime:0.000218s ]
[2023-02-23T06:56:22+08:00][sql] CONNECT:[ UseTime:0.000372s ] mysql:host=localhost;port=3316;dbname=coffee;charset=utf8
[2023-02-23T06:56:22+08:00][sql] SHOW FULL COLUMNS FROM `banner` [ RunTime:0.001205s ]
[2023-02-23T06:56:22+08:00][sql] SELECT * FROM `banner` [ RunTime:0.000232s ]
[2023-02-23T06:56:22+08:00][sql] SHOW FULL COLUMNS FROM `information` [ RunTime:0.000986s ]
[2023-02-23T06:56:22+08:00][sql] SELECT * FROM `information` ORDER BY `time` DESC LIMIT 1 [ RunTime:0.000294s ]
[2023-02-23T06:56:22+08:00][sql] SELECT * FROM `information` ORDER BY `time` DESC LIMIT 1,4 [ RunTime:0.000335s ]
[2023-02-23T06:56:22+08:00][sql] SHOW FULL COLUMNS FROM `course` [ RunTime:0.001025s ]
[2023-02-23T06:56:22+08:00][sql] SELECT `id`,`title` FROM `course` ORDER BY `sorting` ASC LIMIT 0,6 [ RunTime:0.000220s ]
[2023-02-23T06:56:22+08:00][sql] SHOW FULL COLUMNS FROM `teacher` [ RunTime:0.000882s ]
[2023-02-23T06:56:22+08:00][sql] SELECT * FROM `teacher` [ RunTime:0.000209s ]
[2023-02-23T06:56:22+08:00][sql] SHOW FULL COLUMNS FROM `address` [ RunTime:0.000901s ]
[2023-02-23T06:56:22+08:00][sql] SELECT * FROM `address` WHERE  `id` = 1 LIMIT 1 [ RunTime:0.000249s ]
[2023-02-23T06:56:22+08:00][sql] SELECT * FROM `address` WHERE  `id` = 2 LIMIT 1 [ RunTime:0.000204s ]
[2023-02-23T08:04:33+08:00][sql] CONNECT:[ UseTime:0.000428s ] mysql:host=localhost;port=3316;dbname=coffee;charset=utf8
[2023-02-23T08:04:33+08:00][sql] SHOW FULL COLUMNS FROM `banner` [ RunTime:0.001224s ]
[2023-02-23T08:04:33+08:00][sql] SELECT * FROM `banner` [ RunTime:0.000291s ]
[2023-02-23T08:04:33+08:00][sql] SHOW FULL COLUMNS FROM `information` [ RunTime:0.000963s ]
[2023-02-23T08:04:33+08:00][sql] SELECT * FROM `information` ORDER BY `time` DESC LIMIT 1 [ RunTime:0.000316s ]
[2023-02-23T08:04:33+08:00][sql] SELECT * FROM `information` ORDER BY `time` DESC LIMIT 1,4 [ RunTime:0.001746s ]
[2023-02-23T08:04:33+08:00][sql] SHOW FULL COLUMNS FROM `course` [ RunTime:0.001074s ]
[2023-02-23T08:04:33+08:00][sql] SELECT `id`,`title` FROM `course` ORDER BY `sorting` ASC LIMIT 0,6 [ RunTime:0.000277s ]
[2023-02-23T08:04:33+08:00][sql] SHOW FULL COLUMNS FROM `teacher` [ RunTime:0.000903s ]
[2023-02-23T08:04:33+08:00][sql] SELECT * FROM `teacher` [ RunTime:0.000284s ]
[2023-02-23T08:04:33+08:00][sql] SHOW FULL COLUMNS FROM `address` [ RunTime:0.000905s ]
[2023-02-23T08:04:33+08:00][sql] SELECT * FROM `address` WHERE  `id` = 1 LIMIT 1 [ RunTime:0.000270s ]
[2023-02-23T08:04:33+08:00][sql] SELECT * FROM `address` WHERE  `id` = 2 LIMIT 1 [ RunTime:0.000269s ]
[2023-02-23T08:04:34+08:00][sql] CONNECT:[ UseTime:0.000425s ] mysql:host=localhost;port=3316;dbname=coffee;charset=utf8
[2023-02-23T08:04:34+08:00][sql] SHOW FULL COLUMNS FROM `banner` [ RunTime:0.001218s ]
[2023-02-23T08:04:34+08:00][sql] SELECT * FROM `banner` [ RunTime:0.000734s ]
[2023-02-23T08:04:34+08:00][sql] SHOW FULL COLUMNS FROM `information` [ RunTime:0.001058s ]
[2023-02-23T08:04:34+08:00][sql] SELECT * FROM `information` ORDER BY `time` DESC LIMIT 1 [ RunTime:0.000327s ]
[2023-02-23T08:04:34+08:00][sql] SELECT * FROM `information` ORDER BY `time` DESC LIMIT 1,4 [ RunTime:0.000384s ]
[2023-02-23T08:04:34+08:00][sql] SHOW FULL COLUMNS FROM `course` [ RunTime:0.001075s ]
[2023-02-23T08:04:34+08:00][sql] SELECT `id`,`title` FROM `course` ORDER BY `sorting` ASC LIMIT 0,6 [ RunTime:0.000265s ]
[2023-02-23T08:04:34+08:00][sql] SHOW FULL COLUMNS FROM `teacher` [ RunTime:0.000912s ]
[2023-02-23T08:04:34+08:00][sql] SELECT * FROM `teacher` [ RunTime:0.000264s ]
[2023-02-23T08:04:34+08:00][sql] SHOW FULL COLUMNS FROM `address` [ RunTime:0.000920s ]
[2023-02-23T08:04:34+08:00][sql] SELECT * FROM `address` WHERE  `id` = 1 LIMIT 1 [ RunTime:0.000294s ]
[2023-02-23T08:04:34+08:00][sql] SELECT * FROM `address` WHERE  `id` = 2 LIMIT 1 [ RunTime:0.000260s ]
[2023-02-23T08:04:38+08:00][sql] CONNECT:[ UseTime:0.007314s ] mysql:host=localhost;port=3316;dbname=coffee;charset=utf8
[2023-02-23T08:04:38+08:00][sql] SHOW FULL COLUMNS FROM `banner` [ RunTime:0.001677s ]
[2023-02-23T08:04:38+08:00][sql] SELECT * FROM `banner` [ RunTime:0.000804s ]
[2023-02-23T08:04:38+08:00][sql] SHOW FULL COLUMNS FROM `information` [ RunTime:0.001368s ]
[2023-02-23T08:04:38+08:00][sql] SELECT * FROM `information` ORDER BY `time` DESC LIMIT 1 [ RunTime:0.000390s ]
[2023-02-23T08:04:38+08:00][sql] SELECT * FROM `information` ORDER BY `time` DESC LIMIT 1,4 [ RunTime:0.000468s ]
[2023-02-23T08:04:38+08:00][sql] SHOW FULL COLUMNS FROM `course` [ RunTime:0.001523s ]
[2023-02-23T08:04:38+08:00][sql] SELECT `id`,`title` FROM `course` ORDER BY `sorting` ASC LIMIT 0,6 [ RunTime:0.000310s ]
[2023-02-23T08:04:38+08:00][sql] SHOW FULL COLUMNS FROM `teacher` [ RunTime:0.001538s ]
[2023-02-23T08:04:38+08:00][sql] SELECT * FROM `teacher` [ RunTime:0.000350s ]
[2023-02-23T08:04:38+08:00][sql] SHOW FULL COLUMNS FROM `address` [ RunTime:0.001283s ]
[2023-02-23T08:04:38+08:00][sql] SELECT * FROM `address` WHERE  `id` = 1 LIMIT 1 [ RunTime:0.000335s ]
[2023-02-23T08:04:38+08:00][sql] SELECT * FROM `address` WHERE  `id` = 2 LIMIT 1 [ RunTime:0.000271s ]
[2023-02-23T08:06:32+08:00][sql] CONNECT:[ UseTime:0.013284s ] mysql:host=localhost;port=3316;dbname=coffee;charset=utf8
[2023-02-23T08:06:32+08:00][sql] SHOW FULL COLUMNS FROM `banner` [ RunTime:0.010139s ]
[2023-02-23T08:06:32+08:00][sql] SELECT * FROM `banner` [ RunTime:0.000384s ]
[2023-02-23T08:06:32+08:00][sql] SHOW FULL COLUMNS FROM `information` [ RunTime:0.001588s ]
[2023-02-23T08:06:32+08:00][sql] SELECT * FROM `information` ORDER BY `time` DESC LIMIT 1 [ RunTime:0.000484s ]
[2023-02-23T08:06:32+08:00][sql] SELECT * FROM `information` ORDER BY `time` DESC LIMIT 1,4 [ RunTime:0.000658s ]
[2023-02-23T08:06:32+08:00][sql] SHOW FULL COLUMNS FROM `course` [ RunTime:0.001659s ]
[2023-02-23T08:06:32+08:00][sql] SELECT `id`,`title` FROM `course` ORDER BY `sorting` ASC LIMIT 0,6 [ RunTime:0.000396s ]
[2023-02-23T08:06:32+08:00][sql] SHOW FULL COLUMNS FROM `teacher` [ RunTime:0.001415s ]
[2023-02-23T08:06:32+08:00][sql] SELECT * FROM `teacher` [ RunTime:0.000394s ]
[2023-02-23T08:06:32+08:00][sql] SHOW FULL COLUMNS FROM `address` [ RunTime:0.001500s ]
[2023-02-23T08:06:32+08:00][sql] SELECT * FROM `address` WHERE  `id` = 1 LIMIT 1 [ RunTime:0.000416s ]
[2023-02-23T08:06:32+08:00][sql] SELECT * FROM `address` WHERE  `id` = 2 LIMIT 1 [ RunTime:0.000391s ]
[2023-02-23T08:09:40+08:00][sql] CONNECT:[ UseTime:0.000379s ] mysql:host=localhost;port=3316;dbname=coffee;charset=utf8
[2023-02-23T08:09:40+08:00][sql] SHOW FULL COLUMNS FROM `banner` [ RunTime:0.001248s ]
[2023-02-23T08:09:40+08:00][sql] SELECT * FROM `banner` [ RunTime:0.000219s ]
[2023-02-23T08:09:40+08:00][sql] SHOW FULL COLUMNS FROM `information` [ RunTime:0.000994s ]
[2023-02-23T08:09:40+08:00][sql] SELECT * FROM `information` ORDER BY `time` DESC LIMIT 1 [ RunTime:0.000310s ]
[2023-02-23T08:09:40+08:00][sql] SELECT * FROM `information` ORDER BY `time` DESC LIMIT 1,4 [ RunTime:0.000354s ]
[2023-02-23T08:09:40+08:00][sql] SHOW FULL COLUMNS FROM `course` [ RunTime:0.001043s ]
[2023-02-23T08:09:40+08:00][sql] SELECT `id`,`title` FROM `course` ORDER BY `sorting` ASC LIMIT 0,6 [ RunTime:0.000254s ]
[2023-02-23T08:09:40+08:00][sql] SHOW FULL COLUMNS FROM `teacher` [ RunTime:0.000898s ]
[2023-02-23T08:09:40+08:00][sql] SELECT * FROM `teacher` [ RunTime:0.000230s ]
[2023-02-23T08:09:40+08:00][sql] SHOW FULL COLUMNS FROM `address` [ RunTime:0.000978s ]
[2023-02-23T08:09:40+08:00][sql] SELECT * FROM `address` WHERE  `id` = 1 LIMIT 1 [ RunTime:0.000242s ]
[2023-02-23T08:09:40+08:00][sql] SELECT * FROM `address` WHERE  `id` = 2 LIMIT 1 [ RunTime:0.000242s ]
[2023-02-23T08:09:42+08:00][sql] CONNECT:[ UseTime:0.000481s ] mysql:host=localhost;port=3316;dbname=coffee;charset=utf8
[2023-02-23T08:09:42+08:00][sql] SHOW FULL COLUMNS FROM `banner` [ RunTime:0.001661s ]
[2023-02-23T08:09:42+08:00][sql] SELECT * FROM `banner` [ RunTime:0.000269s ]
[2023-02-23T08:09:42+08:00][sql] SHOW FULL COLUMNS FROM `information` [ RunTime:0.001261s ]
[2023-02-23T08:09:42+08:00][sql] SELECT * FROM `information` ORDER BY `time` DESC LIMIT 1 [ RunTime:0.000389s ]
[2023-02-23T08:09:42+08:00][sql] SELECT * FROM `information` ORDER BY `time` DESC LIMIT 1,4 [ RunTime:0.000443s ]
[2023-02-23T08:09:42+08:00][sql] SHOW FULL COLUMNS FROM `course` [ RunTime:0.001418s ]
[2023-02-23T08:09:42+08:00][sql] SELECT `id`,`title` FROM `course` ORDER BY `sorting` ASC LIMIT 0,6 [ RunTime:0.000273s ]
[2023-02-23T08:09:42+08:00][sql] SHOW FULL COLUMNS FROM `teacher` [ RunTime:0.001188s ]
[2023-02-23T08:09:42+08:00][sql] SELECT * FROM `teacher` [ RunTime:0.000276s ]
[2023-02-23T08:09:42+08:00][sql] SHOW FULL COLUMNS FROM `address` [ RunTime:0.000864s ]
[2023-02-23T08:09:42+08:00][sql] SELECT * FROM `address` WHERE  `id` = 1 LIMIT 1 [ RunTime:0.000240s ]
[2023-02-23T08:09:42+08:00][sql] SELECT * FROM `address` WHERE  `id` = 2 LIMIT 1 [ RunTime:0.000200s ]
[2023-02-23T08:28:01+08:00][sql] CONNECT:[ UseTime:0.000437s ] mysql:host=localhost;port=3316;dbname=coffee;charset=utf8
[2023-02-23T08:28:01+08:00][sql] SHOW FULL COLUMNS FROM `banner` [ RunTime:0.001880s ]
[2023-02-23T08:28:01+08:00][sql] SELECT * FROM `banner` [ RunTime:0.000365s ]
[2023-02-23T08:28:01+08:00][sql] SHOW FULL COLUMNS FROM `information` [ RunTime:0.001077s ]
[2023-02-23T08:28:01+08:00][sql] SELECT * FROM `information` ORDER BY `time` DESC LIMIT 1 [ RunTime:0.000315s ]
[2023-02-23T08:28:01+08:00][sql] SELECT * FROM `information` ORDER BY `time` DESC LIMIT 1,4 [ RunTime:0.000415s ]
[2023-02-23T08:28:01+08:00][sql] SHOW FULL COLUMNS FROM `course` [ RunTime:0.001078s ]
[2023-02-23T08:28:01+08:00][sql] SELECT `id`,`title` FROM `course` ORDER BY `sorting` ASC LIMIT 0,6 [ RunTime:0.000257s ]
[2023-02-23T08:28:01+08:00][sql] SHOW FULL COLUMNS FROM `teacher` [ RunTime:0.000912s ]
[2023-02-23T08:28:01+08:00][sql] SELECT * FROM `teacher` [ RunTime:0.000330s ]
[2023-02-23T08:28:01+08:00][sql] SHOW FULL COLUMNS FROM `address` [ RunTime:0.000946s ]
[2023-02-23T08:28:01+08:00][sql] SELECT * FROM `address` WHERE  `id` = 1 LIMIT 1 [ RunTime:0.000279s ]
[2023-02-23T08:28:01+08:00][sql] SELECT * FROM `address` WHERE  `id` = 2 LIMIT 1 [ RunTime:0.000296s ]
[2023-02-23T08:55:20+08:00][sql] CONNECT:[ UseTime:0.008583s ] mysql:host=localhost;port=3316;dbname=coffee;charset=utf8
[2023-02-23T08:55:20+08:00][sql] SHOW FULL COLUMNS FROM `banner` [ RunTime:0.001862s ]
[2023-02-23T08:55:20+08:00][sql] SELECT * FROM `banner` [ RunTime:0.000430s ]
[2023-02-23T08:55:20+08:00][sql] SHOW FULL COLUMNS FROM `information` [ RunTime:0.001559s ]
[2023-02-23T08:55:20+08:00][sql] SELECT * FROM `information` ORDER BY `time` DESC LIMIT 1 [ RunTime:0.000469s ]
[2023-02-23T08:55:20+08:00][sql] SELECT * FROM `information` ORDER BY `time` DESC LIMIT 1,4 [ RunTime:0.000599s ]
[2023-02-23T08:55:20+08:00][sql] SHOW FULL COLUMNS FROM `course` [ RunTime:0.001850s ]
[2023-02-23T08:55:20+08:00][sql] SELECT `id`,`title` FROM `course` ORDER BY `sorting` ASC LIMIT 0,6 [ RunTime:0.000268s ]
[2023-02-23T08:55:20+08:00][sql] SHOW FULL COLUMNS FROM `teacher` [ RunTime:0.000942s ]
[2023-02-23T08:55:20+08:00][sql] SELECT * FROM `teacher` [ RunTime:0.000279s ]
[2023-02-23T08:55:20+08:00][sql] SHOW FULL COLUMNS FROM `address` [ RunTime:0.000976s ]
[2023-02-23T08:55:20+08:00][sql] SELECT * FROM `address` WHERE  `id` = 1 LIMIT 1 [ RunTime:0.000274s ]
[2023-02-23T08:55:20+08:00][sql] SELECT * FROM `address` WHERE  `id` = 2 LIMIT 1 [ RunTime:0.000241s ]
[2023-02-23T08:55:24+08:00][sql] CONNECT:[ UseTime:0.000403s ] mysql:host=localhost;port=3316;dbname=coffee;charset=utf8
[2023-02-23T08:55:24+08:00][sql] SHOW FULL COLUMNS FROM `banner` [ RunTime:0.001210s ]
[2023-02-23T08:55:24+08:00][sql] SELECT * FROM `banner` [ RunTime:0.000245s ]
[2023-02-23T08:55:24+08:00][sql] SHOW FULL COLUMNS FROM `information` [ RunTime:0.000993s ]
[2023-02-23T08:55:24+08:00][sql] SELECT * FROM `information` ORDER BY `time` DESC LIMIT 1 [ RunTime:0.000278s ]
[2023-02-23T08:55:24+08:00][sql] SELECT * FROM `information` ORDER BY `time` DESC LIMIT 1,4 [ RunTime:0.000338s ]
[2023-02-23T08:55:24+08:00][sql] SHOW FULL COLUMNS FROM `course` [ RunTime:0.001102s ]
[2023-02-23T08:55:24+08:00][sql] SELECT `id`,`title` FROM `course` ORDER BY `sorting` ASC LIMIT 0,6 [ RunTime:0.000255s ]
[2023-02-23T08:55:24+08:00][sql] SHOW FULL COLUMNS FROM `teacher` [ RunTime:0.000879s ]
[2023-02-23T08:55:24+08:00][sql] SELECT * FROM `teacher` [ RunTime:0.000220s ]
[2023-02-23T08:55:24+08:00][sql] SHOW FULL COLUMNS FROM `address` [ RunTime:0.001011s ]
[2023-02-23T08:55:24+08:00][sql] SELECT * FROM `address` WHERE  `id` = 1 LIMIT 1 [ RunTime:0.000282s ]
[2023-02-23T08:55:24+08:00][sql] SELECT * FROM `address` WHERE  `id` = 2 LIMIT 1 [ RunTime:0.000241s ]
[2023-02-23T08:59:27+08:00][sql] CONNECT:[ UseTime:0.000417s ] mysql:host=localhost;port=3316;dbname=coffee;charset=utf8
[2023-02-23T08:59:27+08:00][sql] SHOW FULL COLUMNS FROM `banner` [ RunTime:0.001252s ]
[2023-02-23T08:59:27+08:00][sql] SELECT * FROM `banner` [ RunTime:0.000273s ]
[2023-02-23T08:59:27+08:00][sql] SHOW FULL COLUMNS FROM `information` [ RunTime:0.001003s ]
[2023-02-23T08:59:27+08:00][sql] SELECT * FROM `information` ORDER BY `time` DESC LIMIT 1 [ RunTime:0.000316s ]
[2023-02-23T08:59:27+08:00][sql] SELECT * FROM `information` ORDER BY `time` DESC LIMIT 1,4 [ RunTime:0.000371s ]
[2023-02-23T08:59:27+08:00][sql] SHOW FULL COLUMNS FROM `course` [ RunTime:0.001101s ]
[2023-02-23T08:59:27+08:00][sql] SELECT `id`,`title` FROM `course` ORDER BY `sorting` ASC LIMIT 0,6 [ RunTime:0.000254s ]
[2023-02-23T08:59:27+08:00][sql] SHOW FULL COLUMNS FROM `teacher` [ RunTime:0.000932s ]
[2023-02-23T08:59:27+08:00][sql] SELECT * FROM `teacher` [ RunTime:0.000326s ]
[2023-02-23T08:59:27+08:00][sql] SHOW FULL COLUMNS FROM `address` [ RunTime:0.000968s ]
[2023-02-23T08:59:27+08:00][sql] SELECT * FROM `address` WHERE  `id` = 1 LIMIT 1 [ RunTime:0.000303s ]
[2023-02-23T08:59:27+08:00][sql] SELECT * FROM `address` WHERE  `id` = 2 LIMIT 1 [ RunTime:0.000255s ]
[2023-02-23T09:16:33+08:00][sql] CONNECT:[ UseTime:0.000520s ] mysql:host=localhost;port=3316;dbname=coffee;charset=utf8
[2023-02-23T09:16:33+08:00][sql] SHOW FULL COLUMNS FROM `banner` [ RunTime:0.001834s ]
[2023-02-23T09:16:33+08:00][sql] SELECT * FROM `banner` [ RunTime:0.000390s ]
[2023-02-23T09:16:33+08:00][sql] SHOW FULL COLUMNS FROM `information` [ RunTime:0.001490s ]
[2023-02-23T09:16:33+08:00][sql] SELECT * FROM `information` ORDER BY `time` DESC LIMIT 1 [ RunTime:0.000414s ]
[2023-02-23T09:16:33+08:00][sql] SELECT * FROM `information` ORDER BY `time` DESC LIMIT 1,4 [ RunTime:0.000555s ]
[2023-02-23T09:16:33+08:00][sql] SHOW FULL COLUMNS FROM `course` [ RunTime:0.001574s ]
[2023-02-23T09:16:33+08:00][sql] SELECT `id`,`title` FROM `course` ORDER BY `sorting` ASC LIMIT 0,6 [ RunTime:0.000327s ]
[2023-02-23T09:16:33+08:00][sql] SHOW FULL COLUMNS FROM `teacher` [ RunTime:0.001376s ]
[2023-02-23T09:16:33+08:00][sql] SELECT * FROM `teacher` [ RunTime:0.000292s ]
[2023-02-23T09:16:33+08:00][sql] SHOW FULL COLUMNS FROM `address` [ RunTime:0.001356s ]
[2023-02-23T09:16:33+08:00][sql] SELECT * FROM `address` WHERE  `id` = 1 LIMIT 1 [ RunTime:0.000309s ]
[2023-02-23T09:16:33+08:00][sql] SELECT * FROM `address` WHERE  `id` = 2 LIMIT 1 [ RunTime:0.000278s ]
[2023-02-23T09:42:12+08:00][sql] CONNECT:[ UseTime:0.000426s ] mysql:host=localhost;port=3316;dbname=coffee;charset=utf8
[2023-02-23T09:42:12+08:00][sql] SHOW FULL COLUMNS FROM `banner` [ RunTime:0.001256s ]
[2023-02-23T09:42:12+08:00][sql] SELECT * FROM `banner` [ RunTime:0.000256s ]
[2023-02-23T09:42:12+08:00][sql] SHOW FULL COLUMNS FROM `information` [ RunTime:0.001025s ]
[2023-02-23T09:42:12+08:00][sql] SELECT * FROM `information` ORDER BY `time` DESC LIMIT 1 [ RunTime:0.000326s ]
[2023-02-23T09:42:12+08:00][sql] SELECT * FROM `information` ORDER BY `time` DESC LIMIT 1,4 [ RunTime:0.000402s ]
[2023-02-23T09:42:12+08:00][sql] SHOW FULL COLUMNS FROM `course` [ RunTime:0.001064s ]
[2023-02-23T09:42:12+08:00][sql] SELECT `id`,`title` FROM `course` ORDER BY `sorting` ASC LIMIT 0,6 [ RunTime:0.000264s ]
[2023-02-23T09:42:12+08:00][sql] SHOW FULL COLUMNS FROM `teacher` [ RunTime:0.000987s ]
[2023-02-23T09:42:12+08:00][sql] SELECT * FROM `teacher` [ RunTime:0.000253s ]
[2023-02-23T09:42:12+08:00][sql] SHOW FULL COLUMNS FROM `address` [ RunTime:0.000901s ]
[2023-02-23T09:42:12+08:00][sql] SELECT * FROM `address` WHERE  `id` = 1 LIMIT 1 [ RunTime:0.000278s ]
[2023-02-23T09:42:12+08:00][sql] SELECT * FROM `address` WHERE  `id` = 2 LIMIT 1 [ RunTime:0.000245s ]
[2023-02-23T09:49:12+08:00][sql] CONNECT:[ UseTime:0.000475s ] mysql:host=localhost;port=3316;dbname=coffee;charset=utf8
[2023-02-23T09:49:12+08:00][sql] SHOW FULL COLUMNS FROM `banner` [ RunTime:0.001371s ]
[2023-02-23T09:49:12+08:00][sql] SELECT * FROM `banner` [ RunTime:0.000267s ]
[2023-02-23T09:49:12+08:00][sql] SHOW FULL COLUMNS FROM `information` [ RunTime:0.001035s ]
[2023-02-23T09:49:12+08:00][sql] SELECT * FROM `information` ORDER BY `time` DESC LIMIT 1 [ RunTime:0.000339s ]
[2023-02-23T09:49:12+08:00][sql] SELECT * FROM `information` ORDER BY `time` DESC LIMIT 1,4 [ RunTime:0.000359s ]
[2023-02-23T09:49:12+08:00][sql] SHOW FULL COLUMNS FROM `course` [ RunTime:0.001008s ]
[2023-02-23T09:49:12+08:00][sql] SELECT `id`,`title` FROM `course` ORDER BY `sorting` ASC LIMIT 0,6 [ RunTime:0.000268s ]
[2023-02-23T09:49:12+08:00][sql] SHOW FULL COLUMNS FROM `teacher` [ RunTime:0.000826s ]
[2023-02-23T09:49:12+08:00][sql] SELECT * FROM `teacher` [ RunTime:0.000231s ]
[2023-02-23T09:49:12+08:00][sql] SHOW FULL COLUMNS FROM `address` [ RunTime:0.000846s ]
[2023-02-23T09:49:12+08:00][sql] SELECT * FROM `address` WHERE  `id` = 1 LIMIT 1 [ RunTime:0.000241s ]
[2023-02-23T09:49:12+08:00][sql] SELECT * FROM `address` WHERE  `id` = 2 LIMIT 1 [ RunTime:0.000223s ]
[2023-02-23T10:48:34+08:00][sql] CONNECT:[ UseTime:0.000466s ] mysql:host=localhost;port=3316;dbname=coffee;charset=utf8
[2023-02-23T10:48:34+08:00][sql] SHOW FULL COLUMNS FROM `banner` [ RunTime:0.001494s ]
[2023-02-23T10:48:34+08:00][sql] SELECT * FROM `banner` [ RunTime:0.000287s ]
[2023-02-23T10:48:34+08:00][sql] SHOW FULL COLUMNS FROM `information` [ RunTime:0.000998s ]
[2023-02-23T10:48:34+08:00][sql] SELECT * FROM `information` ORDER BY `time` DESC LIMIT 1 [ RunTime:0.000321s ]
[2023-02-23T10:48:34+08:00][sql] SELECT * FROM `information` ORDER BY `time` DESC LIMIT 1,4 [ RunTime:0.001312s ]
[2023-02-23T10:48:34+08:00][sql] SHOW FULL COLUMNS FROM `course` [ RunTime:0.001205s ]
[2023-02-23T10:48:34+08:00][sql] SELECT `id`,`title` FROM `course` ORDER BY `sorting` ASC LIMIT 0,6 [ RunTime:0.000299s ]
[2023-02-23T10:48:34+08:00][sql] SHOW FULL COLUMNS FROM `teacher` [ RunTime:0.000929s ]
[2023-02-23T10:48:34+08:00][sql] SELECT * FROM `teacher` [ RunTime:0.000268s ]
[2023-02-23T10:48:34+08:00][sql] SHOW FULL COLUMNS FROM `address` [ RunTime:0.000972s ]
[2023-02-23T10:48:34+08:00][sql] SELECT * FROM `address` WHERE  `id` = 1 LIMIT 1 [ RunTime:0.000297s ]
[2023-02-23T10:48:34+08:00][sql] SELECT * FROM `address` WHERE  `id` = 2 LIMIT 1 [ RunTime:0.000272s ]
[2023-02-23T10:48:34+08:00][sql] CONNECT:[ UseTime:0.000421s ] mysql:host=localhost;port=3316;dbname=coffee;charset=utf8
[2023-02-23T10:48:34+08:00][sql] SHOW FULL COLUMNS FROM `banner` [ RunTime:0.001314s ]
[2023-02-23T10:48:34+08:00][sql] SELECT * FROM `banner` [ RunTime:0.000228s ]
[2023-02-23T10:48:34+08:00][sql] SHOW FULL COLUMNS FROM `information` [ RunTime:0.000957s ]
[2023-02-23T10:48:34+08:00][sql] SELECT * FROM `information` ORDER BY `time` DESC LIMIT 1 [ RunTime:0.000277s ]
[2023-02-23T10:48:34+08:00][sql] SELECT * FROM `information` ORDER BY `time` DESC LIMIT 1,4 [ RunTime:0.000307s ]
[2023-02-23T10:48:34+08:00][sql] SHOW FULL COLUMNS FROM `course` [ RunTime:0.001071s ]
[2023-02-23T10:48:34+08:00][sql] SELECT `id`,`title` FROM `course` ORDER BY `sorting` ASC LIMIT 0,6 [ RunTime:0.000257s ]
[2023-02-23T10:48:34+08:00][sql] SHOW FULL COLUMNS FROM `teacher` [ RunTime:0.000844s ]
[2023-02-23T10:48:34+08:00][sql] SELECT * FROM `teacher` [ RunTime:0.000214s ]
[2023-02-23T10:48:34+08:00][sql] SHOW FULL COLUMNS FROM `address` [ RunTime:0.000854s ]
[2023-02-23T10:48:34+08:00][sql] SELECT * FROM `address` WHERE  `id` = 1 LIMIT 1 [ RunTime:0.000227s ]
[2023-02-23T10:48:34+08:00][sql] SELECT * FROM `address` WHERE  `id` = 2 LIMIT 1 [ RunTime:0.000205s ]
[2023-02-23T10:53:42+08:00][sql] CONNECT:[ UseTime:0.000409s ] mysql:host=localhost;port=3316;dbname=coffee;charset=utf8
[2023-02-23T10:53:42+08:00][sql] SHOW FULL COLUMNS FROM `banner` [ RunTime:0.002074s ]
[2023-02-23T10:53:42+08:00][sql] SELECT * FROM `banner` [ RunTime:0.000312s ]
[2023-02-23T10:53:42+08:00][sql] SHOW FULL COLUMNS FROM `information` [ RunTime:0.001200s ]
[2023-02-23T10:53:42+08:00][sql] SELECT * FROM `information` ORDER BY `time` DESC LIMIT 1 [ RunTime:0.000408s ]
[2023-02-23T10:53:42+08:00][sql] SELECT * FROM `information` ORDER BY `time` DESC LIMIT 1,4 [ RunTime:0.000382s ]
[2023-02-23T10:53:42+08:00][sql] SHOW FULL COLUMNS FROM `course` [ RunTime:0.001386s ]
[2023-02-23T10:53:42+08:00][sql] SELECT `id`,`title` FROM `course` ORDER BY `sorting` ASC LIMIT 0,6 [ RunTime:0.000337s ]
[2023-02-23T10:53:42+08:00][sql] SHOW FULL COLUMNS FROM `teacher` [ RunTime:0.001088s ]
[2023-02-23T10:53:42+08:00][sql] SELECT * FROM `teacher` [ RunTime:0.000517s ]
[2023-02-23T10:53:42+08:00][sql] SHOW FULL COLUMNS FROM `address` [ RunTime:0.001209s ]
[2023-02-23T10:53:42+08:00][sql] SELECT * FROM `address` WHERE  `id` = 1 LIMIT 1 [ RunTime:0.000321s ]
[2023-02-23T10:53:42+08:00][sql] SELECT * FROM `address` WHERE  `id` = 2 LIMIT 1 [ RunTime:0.000257s ]
[2023-02-23T11:05:05+08:00][sql] CONNECT:[ UseTime:0.000405s ] mysql:host=localhost;port=3316;dbname=coffee;charset=utf8
[2023-02-23T11:05:05+08:00][sql] SHOW FULL COLUMNS FROM `banner` [ RunTime:0.001193s ]
[2023-02-23T11:05:05+08:00][sql] SELECT * FROM `banner` [ RunTime:0.000244s ]
[2023-02-23T11:05:05+08:00][sql] SHOW FULL COLUMNS FROM `information` [ RunTime:0.000959s ]
[2023-02-23T11:05:05+08:00][sql] SELECT * FROM `information` ORDER BY `time` DESC LIMIT 1 [ RunTime:0.000313s ]
[2023-02-23T11:05:05+08:00][sql] SELECT * FROM `information` ORDER BY `time` DESC LIMIT 1,4 [ RunTime:0.000380s ]
[2023-02-23T11:05:05+08:00][sql] SHOW FULL COLUMNS FROM `course` [ RunTime:0.001068s ]
[2023-02-23T11:05:05+08:00][sql] SELECT `id`,`title` FROM `course` ORDER BY `sorting` ASC LIMIT 0,6 [ RunTime:0.000262s ]
[2023-02-23T11:05:05+08:00][sql] SHOW FULL COLUMNS FROM `teacher` [ RunTime:0.000904s ]
[2023-02-23T11:05:05+08:00][sql] SELECT * FROM `teacher` [ RunTime:0.000255s ]
[2023-02-23T11:05:05+08:00][sql] SHOW FULL COLUMNS FROM `address` [ RunTime:0.000909s ]
[2023-02-23T11:05:05+08:00][sql] SELECT * FROM `address` WHERE  `id` = 1 LIMIT 1 [ RunTime:0.000269s ]
[2023-02-23T11:05:05+08:00][sql] SELECT * FROM `address` WHERE  `id` = 2 LIMIT 1 [ RunTime:0.000242s ]
[2023-02-23T11:09:32+08:00][sql] CONNECT:[ UseTime:0.000394s ] mysql:host=localhost;port=3316;dbname=coffee;charset=utf8
[2023-02-23T11:09:32+08:00][sql] SHOW FULL COLUMNS FROM `banner` [ RunTime:0.001221s ]
[2023-02-23T11:09:32+08:00][sql] SELECT * FROM `banner` [ RunTime:0.000296s ]
[2023-02-23T11:09:32+08:00][sql] SHOW FULL COLUMNS FROM `information` [ RunTime:0.001023s ]
[2023-02-23T11:09:32+08:00][sql] SELECT * FROM `information` ORDER BY `time` DESC LIMIT 1 [ RunTime:0.000328s ]
[2023-02-23T11:09:32+08:00][sql] SELECT * FROM `information` ORDER BY `time` DESC LIMIT 1,4 [ RunTime:0.000373s ]
[2023-02-23T11:09:32+08:00][sql] SHOW FULL COLUMNS FROM `course` [ RunTime:0.001126s ]
[2023-02-23T11:09:32+08:00][sql] SELECT `id`,`title` FROM `course` ORDER BY `sorting` ASC LIMIT 0,6 [ RunTime:0.000270s ]
[2023-02-23T11:09:32+08:00][sql] SHOW FULL COLUMNS FROM `teacher` [ RunTime:0.000912s ]
[2023-02-23T11:09:32+08:00][sql] SELECT * FROM `teacher` [ RunTime:0.000277s ]
[2023-02-23T11:09:32+08:00][sql] SHOW FULL COLUMNS FROM `address` [ RunTime:0.000931s ]
[2023-02-23T11:09:32+08:00][sql] SELECT * FROM `address` WHERE  `id` = 1 LIMIT 1 [ RunTime:0.000279s ]
[2023-02-23T11:09:32+08:00][sql] SELECT * FROM `address` WHERE  `id` = 2 LIMIT 1 [ RunTime:0.000240s ]
[2023-02-23T11:19:13+08:00][sql] CONNECT:[ UseTime:0.000420s ] mysql:host=localhost;port=3316;dbname=coffee;charset=utf8
[2023-02-23T11:19:13+08:00][sql] SHOW FULL COLUMNS FROM `banner` [ RunTime:0.001289s ]
[2023-02-23T11:19:13+08:00][sql] SELECT * FROM `banner` [ RunTime:0.000274s ]
[2023-02-23T11:19:13+08:00][sql] SHOW FULL COLUMNS FROM `information` [ RunTime:0.000988s ]
[2023-02-23T11:19:13+08:00][sql] SELECT * FROM `information` ORDER BY `time` DESC LIMIT 1 [ RunTime:0.000331s ]
[2023-02-23T11:19:13+08:00][sql] SELECT * FROM `information` ORDER BY `time` DESC LIMIT 1,4 [ RunTime:0.000396s ]
[2023-02-23T11:19:13+08:00][sql] SHOW FULL COLUMNS FROM `course` [ RunTime:0.001110s ]
[2023-02-23T11:19:13+08:00][sql] SELECT `id`,`title` FROM `course` ORDER BY `sorting` ASC LIMIT 0,6 [ RunTime:0.000283s ]
[2023-02-23T11:19:13+08:00][sql] SHOW FULL COLUMNS FROM `teacher` [ RunTime:0.000932s ]
[2023-02-23T11:19:13+08:00][sql] SELECT * FROM `teacher` [ RunTime:0.000304s ]
[2023-02-23T11:19:13+08:00][sql] SHOW FULL COLUMNS FROM `address` [ RunTime:0.000903s ]
[2023-02-23T11:19:13+08:00][sql] SELECT * FROM `address` WHERE  `id` = 1 LIMIT 1 [ RunTime:0.000268s ]
[2023-02-23T11:19:13+08:00][sql] SELECT * FROM `address` WHERE  `id` = 2 LIMIT 1 [ RunTime:0.000261s ]
[2023-02-23T11:27:08+08:00][sql] CONNECT:[ UseTime:0.000378s ] mysql:host=localhost;port=3316;dbname=coffee;charset=utf8
[2023-02-23T11:27:08+08:00][sql] SHOW FULL COLUMNS FROM `banner` [ RunTime:0.001298s ]
[2023-02-23T11:27:08+08:00][sql] SELECT * FROM `banner` [ RunTime:0.000231s ]
[2023-02-23T11:27:08+08:00][sql] SHOW FULL COLUMNS FROM `information` [ RunTime:0.000959s ]
[2023-02-23T11:27:08+08:00][sql] SELECT * FROM `information` ORDER BY `time` DESC LIMIT 1 [ RunTime:0.000288s ]
[2023-02-23T11:27:08+08:00][sql] SELECT * FROM `information` ORDER BY `time` DESC LIMIT 1,4 [ RunTime:0.000344s ]
[2023-02-23T11:27:08+08:00][sql] SHOW FULL COLUMNS FROM `course` [ RunTime:0.001269s ]
[2023-02-23T11:27:08+08:00][sql] SELECT `id`,`title` FROM `course` ORDER BY `sorting` ASC LIMIT 0,6 [ RunTime:0.000267s ]
[2023-02-23T11:27:08+08:00][sql] SHOW FULL COLUMNS FROM `teacher` [ RunTime:0.001001s ]
[2023-02-23T11:27:08+08:00][sql] SELECT * FROM `teacher` [ RunTime:0.000236s ]
[2023-02-23T11:27:08+08:00][sql] SHOW FULL COLUMNS FROM `address` [ RunTime:0.000906s ]
[2023-02-23T11:27:08+08:00][sql] SELECT * FROM `address` WHERE  `id` = 1 LIMIT 1 [ RunTime:0.000289s ]
[2023-02-23T11:27:08+08:00][sql] SELECT * FROM `address` WHERE  `id` = 2 LIMIT 1 [ RunTime:0.000249s ]
[2023-02-23T12:57:13+08:00][sql] CONNECT:[ UseTime:0.000402s ] mysql:host=localhost;port=3316;dbname=coffee;charset=utf8
[2023-02-23T12:57:13+08:00][sql] SHOW FULL COLUMNS FROM `banner` [ RunTime:0.001280s ]
[2023-02-23T12:57:13+08:00][sql] SELECT * FROM `banner` [ RunTime:0.000230s ]
[2023-02-23T12:57:13+08:00][sql] SHOW FULL COLUMNS FROM `information` [ RunTime:0.000970s ]
[2023-02-23T12:57:13+08:00][sql] SELECT * FROM `information` ORDER BY `time` DESC LIMIT 1 [ RunTime:0.000295s ]
[2023-02-23T12:57:13+08:00][sql] SELECT * FROM `information` ORDER BY `time` DESC LIMIT 1,4 [ RunTime:0.000380s ]
[2023-02-23T12:57:13+08:00][sql] SHOW FULL COLUMNS FROM `course` [ RunTime:0.001051s ]
[2023-02-23T12:57:13+08:00][sql] SELECT `id`,`title` FROM `course` ORDER BY `sorting` ASC LIMIT 0,6 [ RunTime:0.000228s ]
[2023-02-23T12:57:13+08:00][sql] SHOW FULL COLUMNS FROM `teacher` [ RunTime:0.000908s ]
[2023-02-23T12:57:13+08:00][sql] SELECT * FROM `teacher` [ RunTime:0.000234s ]
[2023-02-23T12:57:13+08:00][sql] SHOW FULL COLUMNS FROM `address` [ RunTime:0.000894s ]
[2023-02-23T12:57:13+08:00][sql] SELECT * FROM `address` WHERE  `id` = 1 LIMIT 1 [ RunTime:0.000280s ]
[2023-02-23T12:57:13+08:00][sql] SELECT * FROM `address` WHERE  `id` = 2 LIMIT 1 [ RunTime:0.000220s ]
[2023-02-23T14:01:45+08:00][sql] CONNECT:[ UseTime:0.000452s ] mysql:host=localhost;port=3316;dbname=coffee;charset=utf8
[2023-02-23T14:01:45+08:00][sql] SHOW FULL COLUMNS FROM `banner` [ RunTime:0.001435s ]
[2023-02-23T14:01:45+08:00][sql] SELECT * FROM `banner` [ RunTime:0.000295s ]
[2023-02-23T14:01:45+08:00][sql] SHOW FULL COLUMNS FROM `information` [ RunTime:0.001146s ]
[2023-02-23T14:01:45+08:00][sql] SELECT * FROM `information` ORDER BY `time` DESC LIMIT 1 [ RunTime:0.000334s ]
[2023-02-23T14:01:45+08:00][sql] SELECT * FROM `information` ORDER BY `time` DESC LIMIT 1,4 [ RunTime:0.000427s ]
[2023-02-23T14:01:45+08:00][sql] SHOW FULL COLUMNS FROM `course` [ RunTime:0.001127s ]
[2023-02-23T14:01:45+08:00][sql] SELECT `id`,`title` FROM `course` ORDER BY `sorting` ASC LIMIT 0,6 [ RunTime:0.000263s ]
[2023-02-23T14:01:45+08:00][sql] SHOW FULL COLUMNS FROM `teacher` [ RunTime:0.000921s ]
[2023-02-23T14:01:45+08:00][sql] SELECT * FROM `teacher` [ RunTime:0.000312s ]
[2023-02-23T14:01:45+08:00][sql] SHOW FULL COLUMNS FROM `address` [ RunTime:0.001045s ]
[2023-02-23T14:01:45+08:00][sql] SELECT * FROM `address` WHERE  `id` = 1 LIMIT 1 [ RunTime:0.000274s ]
[2023-02-23T14:01:45+08:00][sql] SELECT * FROM `address` WHERE  `id` = 2 LIMIT 1 [ RunTime:0.000271s ]
[2023-02-23T14:02:39+08:00][sql] CONNECT:[ UseTime:0.000446s ] mysql:host=localhost;port=3316;dbname=coffee;charset=utf8
[2023-02-23T14:02:39+08:00][sql] SHOW FULL COLUMNS FROM `banner` [ RunTime:0.001204s ]
[2023-02-23T14:02:39+08:00][sql] SELECT * FROM `banner` [ RunTime:0.000230s ]
[2023-02-23T14:02:39+08:00][sql] SHOW FULL COLUMNS FROM `information` [ RunTime:0.001029s ]
[2023-02-23T14:02:39+08:00][sql] SELECT * FROM `information` ORDER BY `time` DESC LIMIT 1 [ RunTime:0.000284s ]
[2023-02-23T14:02:39+08:00][sql] SELECT * FROM `information` ORDER BY `time` DESC LIMIT 1,4 [ RunTime:0.000336s ]
[2023-02-23T14:02:39+08:00][sql] SHOW FULL COLUMNS FROM `course` [ RunTime:0.001044s ]
[2023-02-23T14:02:39+08:00][sql] SELECT `id`,`title` FROM `course` ORDER BY `sorting` ASC LIMIT 0,6 [ RunTime:0.000244s ]
[2023-02-23T14:02:39+08:00][sql] SHOW FULL COLUMNS FROM `teacher` [ RunTime:0.000849s ]
[2023-02-23T14:02:39+08:00][sql] SELECT * FROM `teacher` [ RunTime:0.000235s ]
[2023-02-23T14:02:39+08:00][sql] SHOW FULL COLUMNS FROM `address` [ RunTime:0.000949s ]
[2023-02-23T14:02:39+08:00][sql] SELECT * FROM `address` WHERE  `id` = 1 LIMIT 1 [ RunTime:0.000247s ]
[2023-02-23T14:02:39+08:00][sql] SELECT * FROM `address` WHERE  `id` = 2 LIMIT 1 [ RunTime:0.000195s ]
[2023-02-23T14:11:58+08:00][sql] CONNECT:[ UseTime:0.000449s ] mysql:host=localhost;port=3316;dbname=coffee;charset=utf8
[2023-02-23T14:11:58+08:00][sql] SHOW FULL COLUMNS FROM `banner` [ RunTime:0.001254s ]
[2023-02-23T14:11:58+08:00][sql] SELECT * FROM `banner` [ RunTime:0.000264s ]
[2023-02-23T14:11:58+08:00][sql] SHOW FULL COLUMNS FROM `information` [ RunTime:0.000989s ]
[2023-02-23T14:11:58+08:00][sql] SELECT * FROM `information` ORDER BY `time` DESC LIMIT 1 [ RunTime:0.000326s ]
[2023-02-23T14:11:58+08:00][sql] SELECT * FROM `information` ORDER BY `time` DESC LIMIT 1,4 [ RunTime:0.000407s ]
[2023-02-23T14:11:58+08:00][sql] SHOW FULL COLUMNS FROM `course` [ RunTime:0.001080s ]
[2023-02-23T14:11:58+08:00][sql] SELECT `id`,`title` FROM `course` ORDER BY `sorting` ASC LIMIT 0,6 [ RunTime:0.000264s ]
[2023-02-23T14:11:58+08:00][sql] SHOW FULL COLUMNS FROM `teacher` [ RunTime:0.000927s ]
[2023-02-23T14:11:58+08:00][sql] SELECT * FROM `teacher` [ RunTime:0.000290s ]
[2023-02-23T14:11:58+08:00][sql] SHOW FULL COLUMNS FROM `address` [ RunTime:0.000946s ]
[2023-02-23T14:11:58+08:00][sql] SELECT * FROM `address` WHERE  `id` = 1 LIMIT 1 [ RunTime:0.000284s ]
[2023-02-23T14:11:58+08:00][sql] SELECT * FROM `address` WHERE  `id` = 2 LIMIT 1 [ RunTime:0.000242s ]
[2023-02-23T14:30:23+08:00][sql] CONNECT:[ UseTime:0.000401s ] mysql:host=localhost;port=3316;dbname=coffee;charset=utf8
[2023-02-23T14:30:23+08:00][sql] SHOW FULL COLUMNS FROM `banner` [ RunTime:0.001244s ]
[2023-02-23T14:30:23+08:00][sql] SELECT * FROM `banner` [ RunTime:0.000244s ]
[2023-02-23T14:30:23+08:00][sql] SHOW FULL COLUMNS FROM `information` [ RunTime:0.000978s ]
[2023-02-23T14:30:23+08:00][sql] SELECT * FROM `information` ORDER BY `time` DESC LIMIT 1 [ RunTime:0.000276s ]
[2023-02-23T14:30:23+08:00][sql] SELECT * FROM `information` ORDER BY `time` DESC LIMIT 1,4 [ RunTime:0.000384s ]
[2023-02-23T14:30:23+08:00][sql] SHOW FULL COLUMNS FROM `course` [ RunTime:0.001146s ]
[2023-02-23T14:30:23+08:00][sql] SELECT `id`,`title` FROM `course` ORDER BY `sorting` ASC LIMIT 0,6 [ RunTime:0.000227s ]
[2023-02-23T14:30:23+08:00][sql] SHOW FULL COLUMNS FROM `teacher` [ RunTime:0.000925s ]
[2023-02-23T14:30:23+08:00][sql] SELECT * FROM `teacher` [ RunTime:0.000302s ]
[2023-02-23T14:30:23+08:00][sql] SHOW FULL COLUMNS FROM `address` [ RunTime:0.001037s ]
[2023-02-23T14:30:23+08:00][sql] SELECT * FROM `address` WHERE  `id` = 1 LIMIT 1 [ RunTime:0.000255s ]
[2023-02-23T14:30:23+08:00][sql] SELECT * FROM `address` WHERE  `id` = 2 LIMIT 1 [ RunTime:0.000266s ]
[2023-02-23T14:47:19+08:00][sql] CONNECT:[ UseTime:0.000384s ] mysql:host=localhost;port=3316;dbname=coffee;charset=utf8
[2023-02-23T14:47:19+08:00][sql] SHOW FULL COLUMNS FROM `banner` [ RunTime:0.001181s ]
[2023-02-23T14:47:19+08:00][sql] SELECT * FROM `banner` [ RunTime:0.000233s ]
[2023-02-23T14:47:19+08:00][sql] SHOW FULL COLUMNS FROM `information` [ RunTime:0.000952s ]
[2023-02-23T14:47:19+08:00][sql] SELECT * FROM `information` ORDER BY `time` DESC LIMIT 1 [ RunTime:0.000281s ]
[2023-02-23T14:47:19+08:00][sql] SELECT * FROM `information` ORDER BY `time` DESC LIMIT 1,4 [ RunTime:0.000325s ]
[2023-02-23T14:47:19+08:00][sql] SHOW FULL COLUMNS FROM `course` [ RunTime:0.001099s ]
[2023-02-23T14:47:19+08:00][sql] SELECT `id`,`title` FROM `course` ORDER BY `sorting` ASC LIMIT 0,6 [ RunTime:0.000227s ]
[2023-02-23T14:47:19+08:00][sql] SHOW FULL COLUMNS FROM `teacher` [ RunTime:0.000855s ]
[2023-02-23T14:47:19+08:00][sql] SELECT * FROM `teacher` [ RunTime:0.000260s ]
[2023-02-23T14:47:19+08:00][sql] SHOW FULL COLUMNS FROM `address` [ RunTime:0.000946s ]
[2023-02-23T14:47:19+08:00][sql] SELECT * FROM `address` WHERE  `id` = 1 LIMIT 1 [ RunTime:0.000229s ]
[2023-02-23T14:47:19+08:00][sql] SELECT * FROM `address` WHERE  `id` = 2 LIMIT 1 [ RunTime:0.000193s ]
[2023-02-23T15:32:15+08:00][sql] CONNECT:[ UseTime:0.000438s ] mysql:host=localhost;port=3316;dbname=coffee;charset=utf8
[2023-02-23T15:32:15+08:00][sql] SHOW FULL COLUMNS FROM `banner` [ RunTime:0.001353s ]
[2023-02-23T15:32:15+08:00][sql] SELECT * FROM `banner` [ RunTime:0.000228s ]
[2023-02-23T15:32:15+08:00][sql] SHOW FULL COLUMNS FROM `information` [ RunTime:0.001023s ]
[2023-02-23T15:32:15+08:00][sql] SELECT * FROM `information` ORDER BY `time` DESC LIMIT 1 [ RunTime:0.000289s ]
[2023-02-23T15:32:15+08:00][sql] SELECT * FROM `information` ORDER BY `time` DESC LIMIT 1,4 [ RunTime:0.000330s ]
[2023-02-23T15:32:15+08:00][sql] SHOW FULL COLUMNS FROM `course` [ RunTime:0.001033s ]
[2023-02-23T15:32:15+08:00][sql] SELECT `id`,`title` FROM `course` ORDER BY `sorting` ASC LIMIT 0,6 [ RunTime:0.000210s ]
[2023-02-23T15:32:15+08:00][sql] SHOW FULL COLUMNS FROM `teacher` [ RunTime:0.000970s ]
[2023-02-23T15:32:15+08:00][sql] SELECT * FROM `teacher` [ RunTime:0.000283s ]
[2023-02-23T15:32:15+08:00][sql] SHOW FULL COLUMNS FROM `address` [ RunTime:0.001242s ]
[2023-02-23T15:32:15+08:00][sql] SELECT * FROM `address` WHERE  `id` = 1 LIMIT 1 [ RunTime:0.000281s ]
[2023-02-23T15:32:15+08:00][sql] SELECT * FROM `address` WHERE  `id` = 2 LIMIT 1 [ RunTime:0.000271s ]
[2023-02-23T16:09:39+08:00][sql] CONNECT:[ UseTime:0.000410s ] mysql:host=localhost;port=3316;dbname=coffee;charset=utf8
[2023-02-23T16:09:39+08:00][sql] SHOW FULL COLUMNS FROM `banner` [ RunTime:0.001187s ]
[2023-02-23T16:09:39+08:00][sql] SELECT * FROM `banner` [ RunTime:0.000279s ]
[2023-02-23T16:09:39+08:00][sql] SHOW FULL COLUMNS FROM `information` [ RunTime:0.000976s ]
[2023-02-23T16:09:39+08:00][sql] SELECT * FROM `information` ORDER BY `time` DESC LIMIT 1 [ RunTime:0.000310s ]
[2023-02-23T16:09:39+08:00][sql] SELECT * FROM `information` ORDER BY `time` DESC LIMIT 1,4 [ RunTime:0.000441s ]
[2023-02-23T16:09:39+08:00][sql] SHOW FULL COLUMNS FROM `course` [ RunTime:0.001058s ]
[2023-02-23T16:09:39+08:00][sql] SELECT `id`,`title` FROM `course` ORDER BY `sorting` ASC LIMIT 0,6 [ RunTime:0.000253s ]
[2023-02-23T16:09:39+08:00][sql] SHOW FULL COLUMNS FROM `teacher` [ RunTime:0.000899s ]
[2023-02-23T16:09:39+08:00][sql] SELECT * FROM `teacher` [ RunTime:0.000255s ]
[2023-02-23T16:09:39+08:00][sql] SHOW FULL COLUMNS FROM `address` [ RunTime:0.000962s ]
[2023-02-23T16:09:39+08:00][sql] SELECT * FROM `address` WHERE  `id` = 1 LIMIT 1 [ RunTime:0.000280s ]
[2023-02-23T16:09:39+08:00][sql] SELECT * FROM `address` WHERE  `id` = 2 LIMIT 1 [ RunTime:0.000269s ]
[2023-02-23T16:18:51+08:00][sql] CONNECT:[ UseTime:0.001504s ] mysql:host=localhost;port=3316;dbname=coffee;charset=utf8
[2023-02-23T16:18:51+08:00][sql] SHOW FULL COLUMNS FROM `banner` [ RunTime:0.001234s ]
[2023-02-23T16:18:51+08:00][sql] SELECT * FROM `banner` [ RunTime:0.000277s ]
[2023-02-23T16:18:51+08:00][sql] SHOW FULL COLUMNS FROM `information` [ RunTime:0.001069s ]
[2023-02-23T16:18:51+08:00][sql] SELECT * FROM `information` ORDER BY `time` DESC LIMIT 1 [ RunTime:0.000325s ]
[2023-02-23T16:18:51+08:00][sql] SELECT * FROM `information` ORDER BY `time` DESC LIMIT 1,4 [ RunTime:0.000404s ]
[2023-02-23T16:18:51+08:00][sql] SHOW FULL COLUMNS FROM `course` [ RunTime:0.001083s ]
[2023-02-23T16:18:51+08:00][sql] SELECT `id`,`title` FROM `course` ORDER BY `sorting` ASC LIMIT 0,6 [ RunTime:0.000263s ]
[2023-02-23T16:18:51+08:00][sql] SHOW FULL COLUMNS FROM `teacher` [ RunTime:0.000938s ]
[2023-02-23T16:18:51+08:00][sql] SELECT * FROM `teacher` [ RunTime:0.000284s ]
[2023-02-23T16:18:51+08:00][sql] SHOW FULL COLUMNS FROM `address` [ RunTime:0.000922s ]
[2023-02-23T16:18:51+08:00][sql] SELECT * FROM `address` WHERE  `id` = 1 LIMIT 1 [ RunTime:0.000274s ]
[2023-02-23T16:18:51+08:00][sql] SELECT * FROM `address` WHERE  `id` = 2 LIMIT 1 [ RunTime:0.000262s ]
[2023-02-23T17:56:29+08:00][sql] CONNECT:[ UseTime:0.003091s ] mysql:host=localhost;port=3316;dbname=coffee;charset=utf8
[2023-02-23T17:56:29+08:00][sql] SHOW FULL COLUMNS FROM `banner` [ RunTime:0.003305s ]
[2023-02-23T17:56:29+08:00][sql] SELECT * FROM `banner` [ RunTime:0.000287s ]
[2023-02-23T17:56:29+08:00][sql] SHOW FULL COLUMNS FROM `information` [ RunTime:0.001764s ]
[2023-02-23T17:56:29+08:00][sql] SELECT * FROM `information` ORDER BY `time` DESC LIMIT 1 [ RunTime:0.000431s ]
[2023-02-23T17:56:29+08:00][sql] SELECT * FROM `information` ORDER BY `time` DESC LIMIT 1,4 [ RunTime:0.000446s ]
[2023-02-23T17:56:29+08:00][sql] SHOW FULL COLUMNS FROM `course` [ RunTime:0.001505s ]
[2023-02-23T17:56:29+08:00][sql] SELECT `id`,`title` FROM `course` ORDER BY `sorting` ASC LIMIT 0,6 [ RunTime:0.000303s ]
[2023-02-23T17:56:29+08:00][sql] SHOW FULL COLUMNS FROM `teacher` [ RunTime:0.001674s ]
[2023-02-23T17:56:29+08:00][sql] SELECT * FROM `teacher` [ RunTime:0.000327s ]
[2023-02-23T17:56:29+08:00][sql] SHOW FULL COLUMNS FROM `address` [ RunTime:0.001218s ]
[2023-02-23T17:56:29+08:00][sql] SELECT * FROM `address` WHERE  `id` = 1 LIMIT 1 [ RunTime:0.000309s ]
[2023-02-23T17:56:29+08:00][sql] SELECT * FROM `address` WHERE  `id` = 2 LIMIT 1 [ RunTime:0.000319s ]
[2023-02-23T17:56:38+08:00][sql] CONNECT:[ UseTime:0.000377s ] mysql:host=localhost;port=3316;dbname=coffee;charset=utf8
[2023-02-23T17:56:38+08:00][sql] SHOW FULL COLUMNS FROM `banner` [ RunTime:0.001250s ]
[2023-02-23T17:56:38+08:00][sql] SELECT * FROM `banner` [ RunTime:0.000238s ]
[2023-02-23T17:56:38+08:00][sql] SHOW FULL COLUMNS FROM `information` [ RunTime:0.001036s ]
[2023-02-23T17:56:38+08:00][sql] SELECT * FROM `information` ORDER BY `time` DESC LIMIT 1 [ RunTime:0.000287s ]
[2023-02-23T17:56:38+08:00][sql] SELECT * FROM `information` ORDER BY `time` DESC LIMIT 1,4 [ RunTime:0.000362s ]
[2023-02-23T17:56:38+08:00][sql] SHOW FULL COLUMNS FROM `course` [ RunTime:0.001088s ]
[2023-02-23T17:56:38+08:00][sql] SELECT `id`,`title` FROM `course` ORDER BY `sorting` ASC LIMIT 0,6 [ RunTime:0.000237s ]
[2023-02-23T17:56:38+08:00][sql] SHOW FULL COLUMNS FROM `teacher` [ RunTime:0.000880s ]
[2023-02-23T17:56:38+08:00][sql] SELECT * FROM `teacher` [ RunTime:0.000267s ]
[2023-02-23T17:56:38+08:00][sql] SHOW FULL COLUMNS FROM `address` [ RunTime:0.000922s ]
[2023-02-23T17:56:38+08:00][sql] SELECT * FROM `address` WHERE  `id` = 1 LIMIT 1 [ RunTime:0.000255s ]
[2023-02-23T17:56:38+08:00][sql] SELECT * FROM `address` WHERE  `id` = 2 LIMIT 1 [ RunTime:0.000221s ]
[2023-02-23T18:39:20+08:00][sql] CONNECT:[ UseTime:0.000375s ] mysql:host=localhost;port=3316;dbname=coffee;charset=utf8
[2023-02-23T18:39:20+08:00][sql] SHOW FULL COLUMNS FROM `banner` [ RunTime:0.001215s ]
[2023-02-23T18:39:20+08:00][sql] SELECT * FROM `banner` [ RunTime:0.000226s ]
[2023-02-23T18:39:20+08:00][sql] SHOW FULL COLUMNS FROM `information` [ RunTime:0.001005s ]
[2023-02-23T18:39:20+08:00][sql] SELECT * FROM `information` ORDER BY `time` DESC LIMIT 1 [ RunTime:0.000314s ]
[2023-02-23T18:39:20+08:00][sql] SELECT * FROM `information` ORDER BY `time` DESC LIMIT 1,4 [ RunTime:0.000371s ]
[2023-02-23T18:39:20+08:00][sql] SHOW FULL COLUMNS FROM `course` [ RunTime:0.001231s ]
[2023-02-23T18:39:20+08:00][sql] SELECT `id`,`title` FROM `course` ORDER BY `sorting` ASC LIMIT 0,6 [ RunTime:0.000268s ]
[2023-02-23T18:39:20+08:00][sql] SHOW FULL COLUMNS FROM `teacher` [ RunTime:0.000972s ]
[2023-02-23T18:39:20+08:00][sql] SELECT * FROM `teacher` [ RunTime:0.000258s ]
[2023-02-23T18:39:20+08:00][sql] SHOW FULL COLUMNS FROM `address` [ RunTime:0.000982s ]
[2023-02-23T18:39:20+08:00][sql] SELECT * FROM `address` WHERE  `id` = 1 LIMIT 1 [ RunTime:0.000270s ]
[2023-02-23T18:39:20+08:00][sql] SELECT * FROM `address` WHERE  `id` = 2 LIMIT 1 [ RunTime:0.000280s ]
[2023-02-23T18:49:54+08:00][sql] CONNECT:[ UseTime:0.000495s ] mysql:host=localhost;port=3316;dbname=coffee;charset=utf8
[2023-02-23T18:49:54+08:00][sql] SHOW FULL COLUMNS FROM `banner` [ RunTime:0.001895s ]
[2023-02-23T18:49:54+08:00][sql] SELECT * FROM `banner` [ RunTime:0.000300s ]
[2023-02-23T18:49:54+08:00][sql] SHOW FULL COLUMNS FROM `information` [ RunTime:0.001570s ]
[2023-02-23T18:49:54+08:00][sql] SELECT * FROM `information` ORDER BY `time` DESC LIMIT 1 [ RunTime:0.000370s ]
[2023-02-23T18:49:54+08:00][sql] SELECT * FROM `information` ORDER BY `time` DESC LIMIT 1,4 [ RunTime:0.000435s ]
[2023-02-23T18:49:54+08:00][sql] SHOW FULL COLUMNS FROM `course` [ RunTime:0.001163s ]
[2023-02-23T18:49:54+08:00][sql] SELECT `id`,`title` FROM `course` ORDER BY `sorting` ASC LIMIT 0,6 [ RunTime:0.000279s ]
[2023-02-23T18:49:54+08:00][sql] SHOW FULL COLUMNS FROM `teacher` [ RunTime:0.000900s ]
[2023-02-23T18:49:54+08:00][sql] SELECT * FROM `teacher` [ RunTime:0.000272s ]
[2023-02-23T18:49:54+08:00][sql] SHOW FULL COLUMNS FROM `address` [ RunTime:0.000969s ]
[2023-02-23T18:49:54+08:00][sql] SELECT * FROM `address` WHERE  `id` = 1 LIMIT 1 [ RunTime:0.000296s ]
[2023-02-23T18:49:54+08:00][sql] SELECT * FROM `address` WHERE  `id` = 2 LIMIT 1 [ RunTime:0.000293s ]
[2023-02-23T18:50:11+08:00][sql] CONNECT:[ UseTime:0.000433s ] mysql:host=localhost;port=3316;dbname=coffee;charset=utf8
[2023-02-23T18:50:11+08:00][sql] SHOW FULL COLUMNS FROM `banner` [ RunTime:0.001236s ]
[2023-02-23T18:50:11+08:00][sql] SELECT * FROM `banner` [ RunTime:0.000253s ]
[2023-02-23T18:50:11+08:00][sql] SHOW FULL COLUMNS FROM `information` [ RunTime:0.001116s ]
[2023-02-23T18:50:11+08:00][sql] SELECT * FROM `information` ORDER BY `time` DESC LIMIT 1 [ RunTime:0.000353s ]
[2023-02-23T18:50:11+08:00][sql] SELECT * FROM `information` ORDER BY `time` DESC LIMIT 1,4 [ RunTime:0.000481s ]
[2023-02-23T18:50:11+08:00][sql] SHOW FULL COLUMNS FROM `course` [ RunTime:0.001068s ]
[2023-02-23T18:50:11+08:00][sql] SELECT `id`,`title` FROM `course` ORDER BY `sorting` ASC LIMIT 0,6 [ RunTime:0.000320s ]
[2023-02-23T18:50:11+08:00][sql] SHOW FULL COLUMNS FROM `teacher` [ RunTime:0.000964s ]
[2023-02-23T18:50:11+08:00][sql] SELECT * FROM `teacher` [ RunTime:0.000265s ]
[2023-02-23T18:50:11+08:00][sql] SHOW FULL COLUMNS FROM `address` [ RunTime:0.000995s ]
[2023-02-23T18:50:11+08:00][sql] SELECT * FROM `address` WHERE  `id` = 1 LIMIT 1 [ RunTime:0.000305s ]
[2023-02-23T18:50:11+08:00][sql] SELECT * FROM `address` WHERE  `id` = 2 LIMIT 1 [ RunTime:0.000246s ]
[2023-02-23T18:57:19+08:00][sql] CONNECT:[ UseTime:0.000475s ] mysql:host=localhost;port=3316;dbname=coffee;charset=utf8
[2023-02-23T18:57:19+08:00][sql] SHOW FULL COLUMNS FROM `banner` [ RunTime:0.001289s ]
[2023-02-23T18:57:19+08:00][sql] SELECT * FROM `banner` [ RunTime:0.000287s ]
[2023-02-23T18:57:19+08:00][sql] SHOW FULL COLUMNS FROM `information` [ RunTime:0.001174s ]
[2023-02-23T18:57:19+08:00][sql] SELECT * FROM `information` ORDER BY `time` DESC LIMIT 1 [ RunTime:0.000341s ]
[2023-02-23T18:57:19+08:00][sql] SELECT * FROM `information` ORDER BY `time` DESC LIMIT 1,4 [ RunTime:0.000598s ]
[2023-02-23T18:57:19+08:00][sql] SHOW FULL COLUMNS FROM `course` [ RunTime:0.001196s ]
[2023-02-23T18:57:19+08:00][sql] SELECT `id`,`title` FROM `course` ORDER BY `sorting` ASC LIMIT 0,6 [ RunTime:0.000275s ]
[2023-02-23T18:57:19+08:00][sql] SHOW FULL COLUMNS FROM `teacher` [ RunTime:0.001000s ]
[2023-02-23T18:57:19+08:00][sql] SELECT * FROM `teacher` [ RunTime:0.000288s ]
[2023-02-23T18:57:19+08:00][sql] SHOW FULL COLUMNS FROM `address` [ RunTime:0.000970s ]
[2023-02-23T18:57:19+08:00][sql] SELECT * FROM `address` WHERE  `id` = 1 LIMIT 1 [ RunTime:0.000279s ]
[2023-02-23T18:57:19+08:00][sql] SELECT * FROM `address` WHERE  `id` = 2 LIMIT 1 [ RunTime:0.000261s ]
[2023-02-23T19:01:33+08:00][sql] CONNECT:[ UseTime:0.000427s ] mysql:host=localhost;port=3316;dbname=coffee;charset=utf8
[2023-02-23T19:01:33+08:00][sql] SHOW FULL COLUMNS FROM `banner` [ RunTime:0.001243s ]
[2023-02-23T19:01:33+08:00][sql] SELECT * FROM `banner` [ RunTime:0.000248s ]
[2023-02-23T19:01:33+08:00][sql] SHOW FULL COLUMNS FROM `information` [ RunTime:0.001863s ]
[2023-02-23T19:01:33+08:00][sql] SELECT * FROM `information` ORDER BY `time` DESC LIMIT 1 [ RunTime:0.000412s ]
[2023-02-23T19:01:33+08:00][sql] SELECT * FROM `information` ORDER BY `time` DESC LIMIT 1,4 [ RunTime:0.000470s ]
[2023-02-23T19:01:33+08:00][sql] SHOW FULL COLUMNS FROM `course` [ RunTime:0.001218s ]
[2023-02-23T19:01:33+08:00][sql] SELECT `id`,`title` FROM `course` ORDER BY `sorting` ASC LIMIT 0,6 [ RunTime:0.000285s ]
[2023-02-23T19:01:33+08:00][sql] SHOW FULL COLUMNS FROM `teacher` [ RunTime:0.001396s ]
[2023-02-23T19:01:33+08:00][sql] SELECT * FROM `teacher` [ RunTime:0.000261s ]
[2023-02-23T19:01:33+08:00][sql] SHOW FULL COLUMNS FROM `address` [ RunTime:0.001121s ]
[2023-02-23T19:01:33+08:00][sql] SELECT * FROM `address` WHERE  `id` = 1 LIMIT 1 [ RunTime:0.000280s ]
[2023-02-23T19:01:33+08:00][sql] SELECT * FROM `address` WHERE  `id` = 2 LIMIT 1 [ RunTime:0.000404s ]
[2023-02-23T19:50:18+08:00][sql] CONNECT:[ UseTime:0.000447s ] mysql:host=localhost;port=3316;dbname=coffee;charset=utf8
[2023-02-23T19:50:18+08:00][sql] SHOW FULL COLUMNS FROM `banner` [ RunTime:0.001276s ]
[2023-02-23T19:50:18+08:00][sql] SELECT * FROM `banner` [ RunTime:0.000260s ]
[2023-02-23T19:50:18+08:00][sql] SHOW FULL COLUMNS FROM `information` [ RunTime:0.001079s ]
[2023-02-23T19:50:18+08:00][sql] SELECT * FROM `information` ORDER BY `time` DESC LIMIT 1 [ RunTime:0.000339s ]
[2023-02-23T19:50:18+08:00][sql] SELECT * FROM `information` ORDER BY `time` DESC LIMIT 1,4 [ RunTime:0.000401s ]
[2023-02-23T19:50:18+08:00][sql] SHOW FULL COLUMNS FROM `course` [ RunTime:0.001154s ]
[2023-02-23T19:50:18+08:00][sql] SELECT `id`,`title` FROM `course` ORDER BY `sorting` ASC LIMIT 0,6 [ RunTime:0.000266s ]
[2023-02-23T19:50:18+08:00][sql] SHOW FULL COLUMNS FROM `teacher` [ RunTime:0.000931s ]
[2023-02-23T19:50:18+08:00][sql] SELECT * FROM `teacher` [ RunTime:0.000276s ]
[2023-02-23T19:50:18+08:00][sql] SHOW FULL COLUMNS FROM `address` [ RunTime:0.001022s ]
[2023-02-23T19:50:18+08:00][sql] SELECT * FROM `address` WHERE  `id` = 1 LIMIT 1 [ RunTime:0.000319s ]
[2023-02-23T19:50:18+08:00][sql] SELECT * FROM `address` WHERE  `id` = 2 LIMIT 1 [ RunTime:0.000258s ]
[2023-02-23T19:50:20+08:00][sql] CONNECT:[ UseTime:0.000477s ] mysql:host=localhost;port=3316;dbname=coffee;charset=utf8
[2023-02-23T19:50:20+08:00][sql] SHOW FULL COLUMNS FROM `banner` [ RunTime:0.001413s ]
[2023-02-23T19:50:20+08:00][sql] SELECT * FROM `banner` [ RunTime:0.000260s ]
[2023-02-23T19:50:20+08:00][sql] SHOW FULL COLUMNS FROM `information` [ RunTime:0.001185s ]
[2023-02-23T19:50:20+08:00][sql] SELECT * FROM `information` ORDER BY `time` DESC LIMIT 1 [ RunTime:0.000338s ]
[2023-02-23T19:50:20+08:00][sql] SELECT * FROM `information` ORDER BY `time` DESC LIMIT 1,4 [ RunTime:0.000425s ]
[2023-02-23T19:50:20+08:00][sql] SHOW FULL COLUMNS FROM `course` [ RunTime:0.001034s ]
[2023-02-23T19:50:20+08:00][sql] SELECT `id`,`title` FROM `course` ORDER BY `sorting` ASC LIMIT 0,6 [ RunTime:0.000283s ]
[2023-02-23T19:50:20+08:00][sql] SHOW FULL COLUMNS FROM `teacher` [ RunTime:0.000850s ]
[2023-02-23T19:50:20+08:00][sql] SELECT * FROM `teacher` [ RunTime:0.000281s ]
[2023-02-23T19:50:20+08:00][sql] SHOW FULL COLUMNS FROM `address` [ RunTime:0.000926s ]
[2023-02-23T19:50:20+08:00][sql] SELECT * FROM `address` WHERE  `id` = 1 LIMIT 1 [ RunTime:0.000332s ]
[2023-02-23T19:50:20+08:00][sql] SELECT * FROM `address` WHERE  `id` = 2 LIMIT 1 [ RunTime:0.000216s ]
[2023-02-23T19:53:40+08:00][sql] CONNECT:[ UseTime:0.000445s ] mysql:host=localhost;port=3316;dbname=coffee;charset=utf8
[2023-02-23T19:53:40+08:00][sql] SHOW FULL COLUMNS FROM `banner` [ RunTime:0.001347s ]
[2023-02-23T19:53:40+08:00][sql] SELECT * FROM `banner` [ RunTime:0.000288s ]
[2023-02-23T19:53:40+08:00][sql] SHOW FULL COLUMNS FROM `information` [ RunTime:0.001527s ]
[2023-02-23T19:53:40+08:00][sql] SELECT * FROM `information` ORDER BY `time` DESC LIMIT 1 [ RunTime:0.000346s ]
[2023-02-23T19:53:40+08:00][sql] SELECT * FROM `information` ORDER BY `time` DESC LIMIT 1,4 [ RunTime:0.000341s ]
[2023-02-23T19:53:40+08:00][sql] SHOW FULL COLUMNS FROM `course` [ RunTime:0.001123s ]
[2023-02-23T19:53:40+08:00][sql] SELECT `id`,`title` FROM `course` ORDER BY `sorting` ASC LIMIT 0,6 [ RunTime:0.000246s ]
[2023-02-23T19:53:40+08:00][sql] SHOW FULL COLUMNS FROM `teacher` [ RunTime:0.000986s ]
[2023-02-23T19:53:40+08:00][sql] SELECT * FROM `teacher` [ RunTime:0.000262s ]
[2023-02-23T19:53:40+08:00][sql] SHOW FULL COLUMNS FROM `address` [ RunTime:0.001063s ]
[2023-02-23T19:53:40+08:00][sql] SELECT * FROM `address` WHERE  `id` = 1 LIMIT 1 [ RunTime:0.000288s ]
[2023-02-23T19:53:40+08:00][sql] SELECT * FROM `address` WHERE  `id` = 2 LIMIT 1 [ RunTime:0.000249s ]
[2023-02-23T21:04:34+08:00][sql] CONNECT:[ UseTime:0.000452s ] mysql:host=localhost;port=3316;dbname=coffee;charset=utf8
[2023-02-23T21:04:34+08:00][sql] SHOW FULL COLUMNS FROM `banner` [ RunTime:0.001382s ]
[2023-02-23T21:04:34+08:00][sql] SELECT * FROM `banner` [ RunTime:0.000276s ]
[2023-02-23T21:04:34+08:00][sql] SHOW FULL COLUMNS FROM `information` [ RunTime:0.001035s ]
[2023-02-23T21:04:34+08:00][sql] SELECT * FROM `information` ORDER BY `time` DESC LIMIT 1 [ RunTime:0.000335s ]
[2023-02-23T21:04:34+08:00][sql] SELECT * FROM `information` ORDER BY `time` DESC LIMIT 1,4 [ RunTime:0.000405s ]
[2023-02-23T21:04:34+08:00][sql] SHOW FULL COLUMNS FROM `course` [ RunTime:0.001262s ]
[2023-02-23T21:04:34+08:00][sql] SELECT `id`,`title` FROM `course` ORDER BY `sorting` ASC LIMIT 0,6 [ RunTime:0.000261s ]
[2023-02-23T21:04:34+08:00][sql] SHOW FULL COLUMNS FROM `teacher` [ RunTime:0.000936s ]
[2023-02-23T21:04:34+08:00][sql] SELECT * FROM `teacher` [ RunTime:0.000283s ]
[2023-02-23T21:04:34+08:00][sql] SHOW FULL COLUMNS FROM `address` [ RunTime:0.000930s ]
[2023-02-23T21:04:34+08:00][sql] SELECT * FROM `address` WHERE  `id` = 1 LIMIT 1 [ RunTime:0.000331s ]
[2023-02-23T21:04:34+08:00][sql] SELECT * FROM `address` WHERE  `id` = 2 LIMIT 1 [ RunTime:0.000257s ]
[2023-02-23T21:54:32+08:00][sql] CONNECT:[ UseTime:0.000474s ] mysql:host=localhost;port=3316;dbname=coffee;charset=utf8
[2023-02-23T21:54:32+08:00][sql] SHOW FULL COLUMNS FROM `banner` [ RunTime:0.001286s ]
[2023-02-23T21:54:32+08:00][sql] SELECT * FROM `banner` [ RunTime:0.000264s ]
[2023-02-23T21:54:32+08:00][sql] SHOW FULL COLUMNS FROM `information` [ RunTime:0.001114s ]
[2023-02-23T21:54:32+08:00][sql] SELECT * FROM `information` ORDER BY `time` DESC LIMIT 1 [ RunTime:0.000319s ]
[2023-02-23T21:54:32+08:00][sql] SELECT * FROM `information` ORDER BY `time` DESC LIMIT 1,4 [ RunTime:0.000419s ]
[2023-02-23T21:54:32+08:00][sql] SHOW FULL COLUMNS FROM `course` [ RunTime:0.001261s ]
[2023-02-23T21:54:32+08:00][sql] SELECT `id`,`title` FROM `course` ORDER BY `sorting` ASC LIMIT 0,6 [ RunTime:0.000326s ]
[2023-02-23T21:54:32+08:00][sql] SHOW FULL COLUMNS FROM `teacher` [ RunTime:0.000936s ]
[2023-02-23T21:54:32+08:00][sql] SELECT * FROM `teacher` [ RunTime:0.000287s ]
[2023-02-23T21:54:32+08:00][sql] SHOW FULL COLUMNS FROM `address` [ RunTime:0.000935s ]
[2023-02-23T21:54:32+08:00][sql] SELECT * FROM `address` WHERE  `id` = 1 LIMIT 1 [ RunTime:0.000280s ]
[2023-02-23T21:54:32+08:00][sql] SELECT * FROM `address` WHERE  `id` = 2 LIMIT 1 [ RunTime:0.000261s ]
[2023-02-23T22:49:55+08:00][sql] CONNECT:[ UseTime:0.000457s ] mysql:host=localhost;port=3316;dbname=coffee;charset=utf8
[2023-02-23T22:49:55+08:00][sql] SHOW FULL COLUMNS FROM `banner` [ RunTime:0.001323s ]
[2023-02-23T22:49:55+08:00][sql] SELECT * FROM `banner` [ RunTime:0.000342s ]
[2023-02-23T22:49:55+08:00][sql] SHOW FULL COLUMNS FROM `information` [ RunTime:0.001044s ]
[2023-02-23T22:49:55+08:00][sql] SELECT * FROM `information` ORDER BY `time` DESC LIMIT 1 [ RunTime:0.000288s ]
[2023-02-23T22:49:55+08:00][sql] SELECT * FROM `information` ORDER BY `time` DESC LIMIT 1,4 [ RunTime:0.000358s ]
[2023-02-23T22:49:55+08:00][sql] SHOW FULL COLUMNS FROM `course` [ RunTime:0.001153s ]
[2023-02-23T22:49:55+08:00][sql] SELECT `id`,`title` FROM `course` ORDER BY `sorting` ASC LIMIT 0,6 [ RunTime:0.000231s ]
[2023-02-23T22:49:55+08:00][sql] SHOW FULL COLUMNS FROM `teacher` [ RunTime:0.001022s ]
[2023-02-23T22:49:55+08:00][sql] SELECT * FROM `teacher` [ RunTime:0.000590s ]
[2023-02-23T22:49:55+08:00][sql] SHOW FULL COLUMNS FROM `address` [ RunTime:0.000917s ]
[2023-02-23T22:49:55+08:00][sql] SELECT * FROM `address` WHERE  `id` = 1 LIMIT 1 [ RunTime:0.000410s ]
[2023-02-23T22:49:55+08:00][sql] SELECT * FROM `address` WHERE  `id` = 2 LIMIT 1 [ RunTime:0.000252s ]
[2023-02-23T22:59:50+08:00][sql] CONNECT:[ UseTime:0.000387s ] mysql:host=localhost;port=3316;dbname=coffee;charset=utf8
[2023-02-23T22:59:50+08:00][sql] SHOW FULL COLUMNS FROM `banner` [ RunTime:0.001371s ]
[2023-02-23T22:59:50+08:00][sql] SELECT * FROM `banner` [ RunTime:0.000254s ]
[2023-02-23T22:59:50+08:00][sql] SHOW FULL COLUMNS FROM `information` [ RunTime:0.001066s ]
[2023-02-23T22:59:50+08:00][sql] SELECT * FROM `information` ORDER BY `time` DESC LIMIT 1 [ RunTime:0.000331s ]
[2023-02-23T22:59:50+08:00][sql] SELECT * FROM `information` ORDER BY `time` DESC LIMIT 1,4 [ RunTime:0.000387s ]
[2023-02-23T22:59:50+08:00][sql] SHOW FULL COLUMNS FROM `course` [ RunTime:0.001109s ]
[2023-02-23T22:59:50+08:00][sql] SELECT `id`,`title` FROM `course` ORDER BY `sorting` ASC LIMIT 0,6 [ RunTime:0.000277s ]
[2023-02-23T22:59:50+08:00][sql] SHOW FULL COLUMNS FROM `teacher` [ RunTime:0.000951s ]
[2023-02-23T22:59:50+08:00][sql] SELECT * FROM `teacher` [ RunTime:0.000261s ]
[2023-02-23T22:59:50+08:00][sql] SHOW FULL COLUMNS FROM `address` [ RunTime:0.000932s ]
[2023-02-23T22:59:50+08:00][sql] SELECT * FROM `address` WHERE  `id` = 1 LIMIT 1 [ RunTime:0.000282s ]
[2023-02-23T22:59:50+08:00][sql] SELECT * FROM `address` WHERE  `id` = 2 LIMIT 1 [ RunTime:0.000417s ]
[2023-02-23T23:00:05+08:00][sql] CONNECT:[ UseTime:0.000357s ] mysql:host=localhost;port=3316;dbname=coffee;charset=utf8
[2023-02-23T23:00:05+08:00][sql] SHOW FULL COLUMNS FROM `banner` [ RunTime:0.001255s ]
[2023-02-23T23:00:05+08:00][sql] SELECT * FROM `banner` [ RunTime:0.000229s ]
[2023-02-23T23:00:05+08:00][sql] SHOW FULL COLUMNS FROM `information` [ RunTime:0.001092s ]
[2023-02-23T23:00:05+08:00][sql] SELECT * FROM `information` ORDER BY `time` DESC LIMIT 1 [ RunTime:0.000338s ]
[2023-02-23T23:00:05+08:00][sql] SELECT * FROM `information` ORDER BY `time` DESC LIMIT 1,4 [ RunTime:0.000365s ]
[2023-02-23T23:00:05+08:00][sql] SHOW FULL COLUMNS FROM `course` [ RunTime:0.001229s ]
[2023-02-23T23:00:05+08:00][sql] SELECT `id`,`title` FROM `course` ORDER BY `sorting` ASC LIMIT 0,6 [ RunTime:0.000314s ]
[2023-02-23T23:00:05+08:00][sql] SHOW FULL COLUMNS FROM `teacher` [ RunTime:0.001286s ]
[2023-02-23T23:00:05+08:00][sql] SELECT * FROM `teacher` [ RunTime:0.000328s ]
[2023-02-23T23:00:05+08:00][sql] SHOW FULL COLUMNS FROM `address` [ RunTime:0.001386s ]
[2023-02-23T23:00:05+08:00][sql] SELECT * FROM `address` WHERE  `id` = 1 LIMIT 1 [ RunTime:0.000340s ]
[2023-02-23T23:00:05+08:00][sql] SELECT * FROM `address` WHERE  `id` = 2 LIMIT 1 [ RunTime:0.000313s ]
