[2023-03-04T06:04:58+08:00][sql] CONNECT:[ UseTime:0.000391s ] mysql:host=localhost;port=3316;dbname=coffee;charset=utf8
[2023-03-04T06:04:58+08:00][sql] SHOW FULL COLUMNS FROM `teacher` [ RunTime:0.001337s ]
[2023-03-04T06:04:58+08:00][sql] SELECT `teacher_name`,`teacher_title`,`teacher_avatar`,`detail` FROM `teacher` WHERE  `id` = 1 LIMIT 1 [ RunTime:0.000236s ]
[2023-03-04T06:04:58+08:00][sql] SHOW FULL COLUMNS FROM `course` [ RunTime:0.001160s ]
[2023-03-04T06:04:58+08:00][sql] SELECT * FROM `course` WHERE  `about_instructor` LIKE '%1%' [ RunTime:0.000404s ]
[2023-03-04T06:04:58+08:00][sql] SHOW FULL COLUMNS FROM `address` [ RunTime:0.000880s ]
[2023-03-04T06:04:58+08:00][sql] SELECT * FROM `address` WHERE  `id` = 1 LIMIT 1 [ RunTime:0.000252s ]
[2023-03-04T06:04:58+08:00][sql] SELECT * FROM `address` WHERE  `id` = 2 LIMIT 1 [ RunTime:0.000258s ]
[2023-03-04T06:04:59+08:00][sql] CONNECT:[ UseTime:0.000476s ] mysql:host=localhost;port=3316;dbname=coffee;charset=utf8
[2023-03-04T06:04:59+08:00][sql] SHOW FULL COLUMNS FROM `teacher` [ RunTime:0.001289s ]
[2023-03-04T06:04:59+08:00][sql] SELECT `teacher_name`,`teacher_title`,`teacher_avatar`,`detail` FROM `teacher` WHERE  `id` = 1 LIMIT 1 [ RunTime:0.000284s ]
[2023-03-04T06:04:59+08:00][sql] SHOW FULL COLUMNS FROM `course` [ RunTime:0.001068s ]
[2023-03-04T06:04:59+08:00][sql] SELECT * FROM `course` WHERE  `about_instructor` LIKE '%1%' [ RunTime:0.000444s ]
[2023-03-04T06:04:59+08:00][sql] SHOW FULL COLUMNS FROM `address` [ RunTime:0.000946s ]
[2023-03-04T06:04:59+08:00][sql] SELECT * FROM `address` WHERE  `id` = 1 LIMIT 1 [ RunTime:0.000274s ]
[2023-03-04T06:04:59+08:00][sql] SELECT * FROM `address` WHERE  `id` = 2 LIMIT 1 [ RunTime:0.000266s ]
[2023-03-04T06:08:18+08:00][sql] CONNECT:[ UseTime:0.000383s ] mysql:host=localhost;port=3316;dbname=coffee;charset=utf8
[2023-03-04T06:08:18+08:00][sql] SHOW FULL COLUMNS FROM `teacher` [ RunTime:0.001213s ]
[2023-03-04T06:08:18+08:00][sql] SELECT `teacher_name`,`teacher_title`,`teacher_avatar`,`detail` FROM `teacher` WHERE  `id` = 1 LIMIT 1 [ RunTime:0.000288s ]
[2023-03-04T06:08:18+08:00][sql] SHOW FULL COLUMNS FROM `course` [ RunTime:0.001038s ]
[2023-03-04T06:08:18+08:00][sql] SELECT * FROM `course` WHERE  `about_instructor` LIKE '%1%' [ RunTime:0.000396s ]
[2023-03-04T06:08:18+08:00][sql] SHOW FULL COLUMNS FROM `address` [ RunTime:0.000915s ]
[2023-03-04T06:08:18+08:00][sql] SELECT * FROM `address` WHERE  `id` = 1 LIMIT 1 [ RunTime:0.000279s ]
[2023-03-04T06:08:18+08:00][sql] SELECT * FROM `address` WHERE  `id` = 2 LIMIT 1 [ RunTime:0.000210s ]
[2023-03-04T06:08:19+08:00][sql] CONNECT:[ UseTime:0.000480s ] mysql:host=localhost;port=3316;dbname=coffee;charset=utf8
[2023-03-04T06:08:19+08:00][sql] SHOW FULL COLUMNS FROM `teacher` [ RunTime:0.001417s ]
[2023-03-04T06:08:19+08:00][sql] SELECT `teacher_name`,`teacher_title`,`teacher_avatar`,`detail` FROM `teacher` WHERE  `id` = 1 LIMIT 1 [ RunTime:0.000338s ]
[2023-03-04T06:08:19+08:00][sql] SHOW FULL COLUMNS FROM `course` [ RunTime:0.001301s ]
[2023-03-04T06:08:19+08:00][sql] SELECT * FROM `course` WHERE  `about_instructor` LIKE '%1%' [ RunTime:0.000388s ]
[2023-03-04T06:08:19+08:00][sql] SHOW FULL COLUMNS FROM `address` [ RunTime:0.001002s ]
[2023-03-04T06:08:19+08:00][sql] SELECT * FROM `address` WHERE  `id` = 1 LIMIT 1 [ RunTime:0.000273s ]
[2023-03-04T06:08:19+08:00][sql] SELECT * FROM `address` WHERE  `id` = 2 LIMIT 1 [ RunTime:0.000239s ]
[2023-03-04T06:51:11+08:00][sql] CONNECT:[ UseTime:0.000453s ] mysql:host=localhost;port=3316;dbname=coffee;charset=utf8
[2023-03-04T06:51:11+08:00][sql] SHOW FULL COLUMNS FROM `teacher` [ RunTime:0.001314s ]
[2023-03-04T06:51:11+08:00][sql] SELECT `teacher_name`,`teacher_title`,`teacher_avatar`,`detail` FROM `teacher` WHERE  `id` = 2 LIMIT 1 [ RunTime:0.000282s ]
[2023-03-04T06:51:11+08:00][sql] SHOW FULL COLUMNS FROM `course` [ RunTime:0.001113s ]
[2023-03-04T06:51:11+08:00][sql] SELECT * FROM `course` WHERE  `about_instructor` LIKE '%2%' [ RunTime:0.000472s ]
[2023-03-04T06:51:11+08:00][sql] SHOW FULL COLUMNS FROM `address` [ RunTime:0.000981s ]
[2023-03-04T06:51:11+08:00][sql] SELECT * FROM `address` WHERE  `id` = 1 LIMIT 1 [ RunTime:0.000301s ]
[2023-03-04T06:51:11+08:00][sql] SELECT * FROM `address` WHERE  `id` = 2 LIMIT 1 [ RunTime:0.000258s ]
[2023-03-04T07:58:09+08:00][sql] CONNECT:[ UseTime:0.007067s ] mysql:host=localhost;port=3316;dbname=coffee;charset=utf8
[2023-03-04T07:58:09+08:00][sql] SHOW FULL COLUMNS FROM `teacher` [ RunTime:0.002497s ]
[2023-03-04T07:58:09+08:00][sql] SELECT `teacher_name`,`teacher_title`,`teacher_avatar`,`detail` FROM `teacher` WHERE  `id` = 2 LIMIT 1 [ RunTime:0.000391s ]
[2023-03-04T07:58:09+08:00][sql] SHOW FULL COLUMNS FROM `course` [ RunTime:0.001485s ]
[2023-03-04T07:58:09+08:00][sql] SELECT * FROM `course` WHERE  `about_instructor` LIKE '%2%' [ RunTime:0.000999s ]
[2023-03-04T07:58:09+08:00][sql] SHOW FULL COLUMNS FROM `address` [ RunTime:0.000981s ]
[2023-03-04T07:58:09+08:00][sql] SELECT * FROM `address` WHERE  `id` = 1 LIMIT 1 [ RunTime:0.000295s ]
[2023-03-04T07:58:09+08:00][sql] SELECT * FROM `address` WHERE  `id` = 2 LIMIT 1 [ RunTime:0.000263s ]
[2023-03-04T13:43:08+08:00][sql] CONNECT:[ UseTime:0.000482s ] mysql:host=localhost;port=3316;dbname=coffee;charset=utf8
[2023-03-04T13:43:08+08:00][sql] SHOW FULL COLUMNS FROM `teacher` [ RunTime:0.001484s ]
[2023-03-04T13:43:08+08:00][sql] SELECT `id`,`teacher_name`,`teacher_avatar`,`Introduction` FROM `teacher` [ RunTime:0.000248s ]
[2023-03-04T13:43:08+08:00][sql] SHOW FULL COLUMNS FROM `address` [ RunTime:0.001684s ]
[2023-03-04T13:43:08+08:00][sql] SELECT * FROM `address` WHERE  `id` = 1 LIMIT 1 [ RunTime:0.000316s ]
[2023-03-04T13:43:08+08:00][sql] SELECT * FROM `address` WHERE  `id` = 2 LIMIT 1 [ RunTime:0.000299s ]
[2023-03-04T13:51:02+08:00][sql] CONNECT:[ UseTime:0.000526s ] mysql:host=localhost;port=3316;dbname=coffee;charset=utf8
[2023-03-04T13:51:02+08:00][sql] SHOW FULL COLUMNS FROM `teacher` [ RunTime:0.001730s ]
[2023-03-04T13:51:02+08:00][sql] SELECT `id`,`teacher_name`,`teacher_avatar`,`Introduction` FROM `teacher` [ RunTime:0.000310s ]
[2023-03-04T13:51:02+08:00][sql] SHOW FULL COLUMNS FROM `address` [ RunTime:0.001404s ]
[2023-03-04T13:51:02+08:00][sql] SELECT * FROM `address` WHERE  `id` = 1 LIMIT 1 [ RunTime:0.000338s ]
[2023-03-04T13:51:02+08:00][sql] SELECT * FROM `address` WHERE  `id` = 2 LIMIT 1 [ RunTime:0.000269s ]
[2023-03-04T14:28:08+08:00][sql] CONNECT:[ UseTime:0.000422s ] mysql:host=localhost;port=3316;dbname=coffee;charset=utf8
[2023-03-04T14:28:08+08:00][sql] SHOW FULL COLUMNS FROM `teacher` [ RunTime:0.001268s ]
[2023-03-04T14:28:08+08:00][sql] SELECT `id`,`teacher_name`,`teacher_avatar`,`Introduction` FROM `teacher` [ RunTime:0.000279s ]
[2023-03-04T14:28:08+08:00][sql] SHOW FULL COLUMNS FROM `address` [ RunTime:0.000963s ]
[2023-03-04T14:28:08+08:00][sql] SELECT * FROM `address` WHERE  `id` = 1 LIMIT 1 [ RunTime:0.000307s ]
[2023-03-04T14:28:08+08:00][sql] SELECT * FROM `address` WHERE  `id` = 2 LIMIT 1 [ RunTime:0.000243s ]
