[2023-03-07T10:01:31+08:00][sql] CONNECT:[ UseTime:0.008181s ] mysql:host=localhost;port=3316;dbname=coffee;charset=utf8
[2023-03-07T10:01:31+08:00][sql] SHOW FULL COLUMNS FROM `teacher` [ RunTime:0.001898s ]
[2023-03-07T10:01:31+08:00][sql] SELECT `teacher_name`,`teacher_title`,`teacher_avatar`,`detail` FROM `teacher` WHERE  `id` = 1 LIMIT 1 [ RunTime:0.000507s ]
[2023-03-07T10:01:31+08:00][sql] SHOW FULL COLUMNS FROM `course` [ RunTime:0.001622s ]
[2023-03-07T10:01:31+08:00][sql] SELECT * FROM `course` WHERE  `about_instructor` LIKE '%1%' [ RunTime:0.000607s ]
[2023-03-07T10:01:31+08:00][sql] SHOW FULL COLUMNS FROM `address` [ RunTime:0.001559s ]
[2023-03-07T10:01:31+08:00][sql] SELECT * FROM `address` WHERE  `id` = 1 LIMIT 1 [ RunTime:0.000414s ]
[2023-03-07T10:01:31+08:00][sql] SELECT * FROM `address` WHERE  `id` = 2 LIMIT 1 [ RunTime:0.000400s ]
[2023-03-07T10:03:17+08:00][sql] CONNECT:[ UseTime:0.000443s ] mysql:host=localhost;port=3316;dbname=coffee;charset=utf8
[2023-03-07T10:03:17+08:00][sql] SHOW FULL COLUMNS FROM `teacher` [ RunTime:0.001230s ]
[2023-03-07T10:03:17+08:00][sql] SELECT `teacher_name`,`teacher_title`,`teacher_avatar`,`detail` FROM `teacher` WHERE  `id` = 1 LIMIT 1 [ RunTime:0.000311s ]
[2023-03-07T10:03:17+08:00][sql] SHOW FULL COLUMNS FROM `course` [ RunTime:0.001133s ]
[2023-03-07T10:03:17+08:00][sql] SELECT * FROM `course` WHERE  `about_instructor` LIKE '%1%' [ RunTime:0.000439s ]
[2023-03-07T10:03:17+08:00][sql] SHOW FULL COLUMNS FROM `address` [ RunTime:0.001008s ]
[2023-03-07T10:03:17+08:00][sql] SELECT * FROM `address` WHERE  `id` = 1 LIMIT 1 [ RunTime:0.000286s ]
[2023-03-07T10:03:17+08:00][sql] SELECT * FROM `address` WHERE  `id` = 2 LIMIT 1 [ RunTime:0.000242s ]
[2023-03-07T10:07:08+08:00][sql] CONNECT:[ UseTime:0.000413s ] mysql:host=localhost;port=3316;dbname=coffee;charset=utf8
[2023-03-07T10:07:08+08:00][sql] SHOW FULL COLUMNS FROM `teacher` [ RunTime:0.001283s ]
[2023-03-07T10:07:08+08:00][sql] SELECT `teacher_name`,`teacher_title`,`teacher_avatar`,`detail` FROM `teacher` WHERE  `id` = 1 LIMIT 1 [ RunTime:0.000283s ]
[2023-03-07T10:07:08+08:00][sql] SHOW FULL COLUMNS FROM `course` [ RunTime:0.001092s ]
[2023-03-07T10:07:08+08:00][sql] SELECT * FROM `course` WHERE  `about_instructor` LIKE '%1%' [ RunTime:0.000459s ]
[2023-03-07T10:07:08+08:00][sql] SHOW FULL COLUMNS FROM `address` [ RunTime:0.000963s ]
[2023-03-07T10:07:08+08:00][sql] SELECT * FROM `address` WHERE  `id` = 1 LIMIT 1 [ RunTime:0.000270s ]
[2023-03-07T10:07:08+08:00][sql] SELECT * FROM `address` WHERE  `id` = 2 LIMIT 1 [ RunTime:0.000266s ]
[2023-03-07T10:22:07+08:00][sql] CONNECT:[ UseTime:0.000401s ] mysql:host=localhost;port=3316;dbname=coffee;charset=utf8
[2023-03-07T10:22:07+08:00][sql] SHOW FULL COLUMNS FROM `teacher` [ RunTime:0.001322s ]
[2023-03-07T10:22:07+08:00][sql] SELECT `teacher_name`,`teacher_title`,`teacher_avatar`,`detail` FROM `teacher` WHERE  `id` = 1 LIMIT 1 [ RunTime:0.000249s ]
[2023-03-07T10:22:07+08:00][sql] SHOW FULL COLUMNS FROM `course` [ RunTime:0.001253s ]
[2023-03-07T10:22:07+08:00][sql] SELECT * FROM `course` WHERE  `about_instructor` LIKE '%1%' [ RunTime:0.000497s ]
[2023-03-07T10:22:07+08:00][sql] SHOW FULL COLUMNS FROM `address` [ RunTime:0.001139s ]
[2023-03-07T10:22:07+08:00][sql] SELECT * FROM `address` WHERE  `id` = 1 LIMIT 1 [ RunTime:0.000240s ]
[2023-03-07T10:22:07+08:00][sql] SELECT * FROM `address` WHERE  `id` = 2 LIMIT 1 [ RunTime:0.000210s ]
