[2023-03-08T06:18:18+08:00][sql] CONNECT:[ UseTime:0.000357s ] mysql:host=localhost;port=3316;dbname=coffee;charset=utf8
[2023-03-08T06:18:18+08:00][sql] SHOW FULL COLUMNS FROM `teacher` [ RunTime:0.001201s ]
[2023-03-08T06:18:18+08:00][sql] SELECT `teacher_name`,`teacher_title`,`teacher_avatar`,`detail` FROM `teacher` WHERE  `id` = 2 LIMIT 1 [ RunTime:0.000265s ]
[2023-03-08T06:18:18+08:00][sql] SHOW FULL COLUMNS FROM `course` [ RunTime:0.001018s ]
[2023-03-08T06:18:18+08:00][sql] SELECT * FROM `course` WHERE  `about_instructor` LIKE '%2%' [ RunTime:0.000334s ]
[2023-03-08T06:18:18+08:00][sql] SHOW FULL COLUMNS FROM `address` [ RunTime:0.000881s ]
[2023-03-08T06:18:18+08:00][sql] SELECT * FROM `address` WHERE  `id` = 1 LIMIT 1 [ RunTime:0.000230s ]
[2023-03-08T06:18:18+08:00][sql] SELECT * FROM `address` WHERE  `id` = 2 LIMIT 1 [ RunTime:0.000198s ]
[2023-03-08T06:18:39+08:00][sql] CONNECT:[ UseTime:0.008319s ] mysql:host=localhost;port=3316;dbname=coffee;charset=utf8
[2023-03-08T06:18:39+08:00][sql] SHOW FULL COLUMNS FROM `teacher` [ RunTime:0.001875s ]
[2023-03-08T06:18:39+08:00][sql] SELECT `teacher_name`,`teacher_title`,`teacher_avatar`,`detail` FROM `teacher` WHERE  `id` = 1 LIMIT 1 [ RunTime:0.000535s ]
[2023-03-08T06:18:39+08:00][sql] SHOW FULL COLUMNS FROM `course` [ RunTime:0.001688s ]
[2023-03-08T06:18:39+08:00][sql] SELECT * FROM `course` WHERE  `about_instructor` LIKE '%1%' [ RunTime:0.000639s ]
[2023-03-08T06:18:39+08:00][sql] SHOW FULL COLUMNS FROM `address` [ RunTime:0.001549s ]
[2023-03-08T06:18:39+08:00][sql] SELECT * FROM `address` WHERE  `id` = 1 LIMIT 1 [ RunTime:0.000457s ]
[2023-03-08T06:18:39+08:00][sql] SELECT * FROM `address` WHERE  `id` = 2 LIMIT 1 [ RunTime:0.000420s ]
[2023-03-08T06:18:48+08:00][sql] CONNECT:[ UseTime:0.000502s ] mysql:host=localhost;port=3316;dbname=coffee;charset=utf8
[2023-03-08T06:18:48+08:00][sql] SHOW FULL COLUMNS FROM `teacher` [ RunTime:0.001276s ]
[2023-03-08T06:18:48+08:00][sql] SELECT `id`,`teacher_name`,`teacher_avatar`,`Introduction` FROM `teacher` [ RunTime:0.000252s ]
[2023-03-08T06:18:48+08:00][sql] SHOW FULL COLUMNS FROM `address` [ RunTime:0.001029s ]
[2023-03-08T06:18:48+08:00][sql] SELECT * FROM `address` WHERE  `id` = 1 LIMIT 1 [ RunTime:0.000304s ]
[2023-03-08T06:18:48+08:00][sql] SELECT * FROM `address` WHERE  `id` = 2 LIMIT 1 [ RunTime:0.000246s ]
[2023-03-08T06:19:01+08:00][sql] CONNECT:[ UseTime:0.000538s ] mysql:host=localhost;port=3316;dbname=coffee;charset=utf8
[2023-03-08T06:19:01+08:00][sql] SHOW FULL COLUMNS FROM `teacher` [ RunTime:0.002017s ]
[2023-03-08T06:19:01+08:00][sql] SELECT `teacher_name`,`teacher_title`,`teacher_avatar`,`detail` FROM `teacher` WHERE  `id` = 3 LIMIT 1 [ RunTime:0.000295s ]
[2023-03-08T06:19:01+08:00][sql] SHOW FULL COLUMNS FROM `course` [ RunTime:0.001073s ]
[2023-03-08T06:19:01+08:00][sql] SELECT * FROM `course` WHERE  `about_instructor` LIKE '%3%' [ RunTime:0.000361s ]
[2023-03-08T06:19:01+08:00][sql] SHOW FULL COLUMNS FROM `address` [ RunTime:0.001468s ]
[2023-03-08T06:19:01+08:00][sql] SELECT * FROM `address` WHERE  `id` = 1 LIMIT 1 [ RunTime:0.000468s ]
[2023-03-08T06:19:01+08:00][sql] SELECT * FROM `address` WHERE  `id` = 2 LIMIT 1 [ RunTime:0.000886s ]
[2023-03-08T06:21:23+08:00][sql] CONNECT:[ UseTime:0.000386s ] mysql:host=localhost;port=3316;dbname=coffee;charset=utf8
[2023-03-08T06:21:23+08:00][sql] SHOW FULL COLUMNS FROM `teacher` [ RunTime:0.001237s ]
[2023-03-08T06:21:23+08:00][sql] SELECT `teacher_name`,`teacher_title`,`teacher_avatar`,`detail` FROM `teacher` WHERE  `id` = 3 LIMIT 1 [ RunTime:0.000267s ]
[2023-03-08T06:21:23+08:00][sql] SHOW FULL COLUMNS FROM `course` [ RunTime:0.001054s ]
[2023-03-08T06:21:23+08:00][sql] SELECT * FROM `course` WHERE  `about_instructor` LIKE '%3%' [ RunTime:0.000300s ]
[2023-03-08T06:21:23+08:00][sql] SHOW FULL COLUMNS FROM `address` [ RunTime:0.000964s ]
[2023-03-08T06:21:23+08:00][sql] SELECT * FROM `address` WHERE  `id` = 1 LIMIT 1 [ RunTime:0.000275s ]
[2023-03-08T06:21:23+08:00][sql] SELECT * FROM `address` WHERE  `id` = 2 LIMIT 1 [ RunTime:0.000225s ]
[2023-03-08T06:22:10+08:00][sql] CONNECT:[ UseTime:0.000455s ] mysql:host=localhost;port=3316;dbname=coffee;charset=utf8
[2023-03-08T06:22:10+08:00][sql] SHOW FULL COLUMNS FROM `teacher` [ RunTime:0.001740s ]
[2023-03-08T06:22:10+08:00][sql] SELECT `teacher_name`,`teacher_title`,`teacher_avatar`,`detail` FROM `teacher` WHERE  `id` = 2 LIMIT 1 [ RunTime:0.000316s ]
[2023-03-08T06:22:10+08:00][sql] SHOW FULL COLUMNS FROM `course` [ RunTime:0.001388s ]
[2023-03-08T06:22:10+08:00][sql] SELECT * FROM `course` WHERE  `about_instructor` LIKE '%2%' [ RunTime:0.000400s ]
[2023-03-08T06:22:10+08:00][sql] SHOW FULL COLUMNS FROM `address` [ RunTime:0.001064s ]
[2023-03-08T06:22:10+08:00][sql] SELECT * FROM `address` WHERE  `id` = 1 LIMIT 1 [ RunTime:0.000270s ]
[2023-03-08T06:22:10+08:00][sql] SELECT * FROM `address` WHERE  `id` = 2 LIMIT 1 [ RunTime:0.000216s ]
[2023-03-08T06:25:07+08:00][sql] CONNECT:[ UseTime:0.000375s ] mysql:host=localhost;port=3316;dbname=coffee;charset=utf8
[2023-03-08T06:25:07+08:00][sql] SHOW FULL COLUMNS FROM `teacher` [ RunTime:0.001262s ]
[2023-03-08T06:25:07+08:00][sql] SELECT `teacher_name`,`teacher_title`,`teacher_avatar`,`detail` FROM `teacher` WHERE  `id` = 1 LIMIT 1 [ RunTime:0.000287s ]
[2023-03-08T06:25:07+08:00][sql] SHOW FULL COLUMNS FROM `course` [ RunTime:0.001047s ]
[2023-03-08T06:25:07+08:00][sql] SELECT * FROM `course` WHERE  `about_instructor` LIKE '%1%' [ RunTime:0.000432s ]
[2023-03-08T06:25:07+08:00][sql] SHOW FULL COLUMNS FROM `address` [ RunTime:0.000990s ]
[2023-03-08T06:25:07+08:00][sql] SELECT * FROM `address` WHERE  `id` = 1 LIMIT 1 [ RunTime:0.000299s ]
[2023-03-08T06:25:07+08:00][sql] SELECT * FROM `address` WHERE  `id` = 2 LIMIT 1 [ RunTime:0.000251s ]
[2023-03-08T09:57:29+08:00][sql] CONNECT:[ UseTime:0.001739s ] mysql:host=localhost;port=3316;dbname=coffee;charset=utf8
[2023-03-08T09:57:29+08:00][sql] SHOW FULL COLUMNS FROM `teacher` [ RunTime:0.001865s ]
[2023-03-08T09:57:29+08:00][sql] SELECT `teacher_name`,`teacher_title`,`teacher_avatar`,`detail` FROM `teacher` WHERE  `id` = 2 LIMIT 1 [ RunTime:0.000404s ]
[2023-03-08T09:57:29+08:00][sql] SHOW FULL COLUMNS FROM `course` [ RunTime:0.001744s ]
[2023-03-08T09:57:29+08:00][sql] SELECT * FROM `course` WHERE  `about_instructor` LIKE '%2%' [ RunTime:0.000492s ]
[2023-03-08T09:57:29+08:00][sql] SHOW FULL COLUMNS FROM `address` [ RunTime:0.001443s ]
[2023-03-08T09:57:29+08:00][sql] SELECT * FROM `address` WHERE  `id` = 1 LIMIT 1 [ RunTime:0.000324s ]
[2023-03-08T09:57:29+08:00][sql] SELECT * FROM `address` WHERE  `id` = 2 LIMIT 1 [ RunTime:0.000300s ]
[2023-03-08T09:57:29+08:00][sql] CONNECT:[ UseTime:0.020361s ] mysql:host=localhost;port=3316;dbname=coffee;charset=utf8
[2023-03-08T09:57:29+08:00][sql] SHOW FULL COLUMNS FROM `teacher` [ RunTime:0.002908s ]
[2023-03-08T09:57:29+08:00][sql] SELECT `teacher_name`,`teacher_title`,`teacher_avatar`,`detail` FROM `teacher` WHERE  `id` = 3 LIMIT 1 [ RunTime:0.000392s ]
[2023-03-08T09:57:29+08:00][sql] SHOW FULL COLUMNS FROM `course` [ RunTime:0.003002s ]
[2023-03-08T09:57:29+08:00][sql] SELECT * FROM `course` WHERE  `about_instructor` LIKE '%3%' [ RunTime:0.000424s ]
[2023-03-08T09:57:29+08:00][sql] SHOW FULL COLUMNS FROM `address` [ RunTime:0.001527s ]
[2023-03-08T09:57:29+08:00][sql] SELECT * FROM `address` WHERE  `id` = 1 LIMIT 1 [ RunTime:0.000315s ]
[2023-03-08T09:57:29+08:00][sql] SELECT * FROM `address` WHERE  `id` = 2 LIMIT 1 [ RunTime:0.000633s ]
[2023-03-08T09:57:29+08:00][sql] CONNECT:[ UseTime:0.006160s ] mysql:host=localhost;port=3316;dbname=coffee;charset=utf8
[2023-03-08T09:57:29+08:00][sql] SHOW FULL COLUMNS FROM `teacher` [ RunTime:0.011236s ]
[2023-03-08T09:57:29+08:00][sql] SELECT `teacher_name`,`teacher_title`,`teacher_avatar`,`detail` FROM `teacher` WHERE  `id` = 1 LIMIT 1 [ RunTime:0.009071s ]
[2023-03-08T09:57:29+08:00][sql] SHOW FULL COLUMNS FROM `course` [ RunTime:0.016541s ]
[2023-03-08T09:57:29+08:00][sql] SELECT * FROM `course` WHERE  `about_instructor` LIKE '%1%' [ RunTime:0.009817s ]
[2023-03-08T09:57:29+08:00][sql] SHOW FULL COLUMNS FROM `address` [ RunTime:0.001623s ]
[2023-03-08T09:57:29+08:00][sql] SELECT * FROM `address` WHERE  `id` = 1 LIMIT 1 [ RunTime:0.000459s ]
[2023-03-08T09:57:29+08:00][sql] SELECT * FROM `address` WHERE  `id` = 2 LIMIT 1 [ RunTime:0.000293s ]
[2023-03-08T09:57:29+08:00][sql] CONNECT:[ UseTime:0.007851s ] mysql:host=localhost;port=3316;dbname=coffee;charset=utf8
[2023-03-08T09:57:29+08:00][sql] SHOW FULL COLUMNS FROM `teacher` [ RunTime:0.001712s ]
[2023-03-08T09:57:29+08:00][sql] SELECT `id`,`teacher_name`,`teacher_avatar`,`Introduction` FROM `teacher` [ RunTime:0.001157s ]
[2023-03-08T09:57:29+08:00][sql] SHOW FULL COLUMNS FROM `address` [ RunTime:0.002471s ]
[2023-03-08T09:57:29+08:00][sql] SELECT * FROM `address` WHERE  `id` = 1 LIMIT 1 [ RunTime:0.000405s ]
[2023-03-08T09:57:29+08:00][sql] SELECT * FROM `address` WHERE  `id` = 2 LIMIT 1 [ RunTime:0.000672s ]
[2023-03-08T12:44:47+08:00][sql] CONNECT:[ UseTime:0.000376s ] mysql:host=localhost;port=3316;dbname=coffee;charset=utf8
[2023-03-08T12:44:47+08:00][sql] SHOW FULL COLUMNS FROM `teacher` [ RunTime:0.001241s ]
[2023-03-08T12:44:47+08:00][sql] SELECT `teacher_name`,`teacher_title`,`teacher_avatar`,`detail` FROM `teacher` WHERE  `id` = 1 LIMIT 1 [ RunTime:0.000282s ]
[2023-03-08T12:44:47+08:00][sql] SHOW FULL COLUMNS FROM `course` [ RunTime:0.001092s ]
[2023-03-08T12:44:47+08:00][sql] SELECT * FROM `course` WHERE  `about_instructor` LIKE '%1%' [ RunTime:0.000421s ]
[2023-03-08T12:44:47+08:00][sql] SHOW FULL COLUMNS FROM `address` [ RunTime:0.000929s ]
[2023-03-08T12:44:47+08:00][sql] SELECT * FROM `address` WHERE  `id` = 1 LIMIT 1 [ RunTime:0.000238s ]
[2023-03-08T12:44:47+08:00][sql] SELECT * FROM `address` WHERE  `id` = 2 LIMIT 1 [ RunTime:0.000231s ]
[2023-03-08T14:25:52+08:00][sql] CONNECT:[ UseTime:0.000397s ] mysql:host=localhost;port=3316;dbname=coffee;charset=utf8
[2023-03-08T14:25:52+08:00][sql] SHOW FULL COLUMNS FROM `teacher` [ RunTime:0.001245s ]
[2023-03-08T14:25:52+08:00][sql] SELECT `id`,`teacher_name`,`teacher_avatar`,`Introduction` FROM `teacher` [ RunTime:0.000234s ]
[2023-03-08T14:25:52+08:00][sql] SHOW FULL COLUMNS FROM `address` [ RunTime:0.000940s ]
[2023-03-08T14:25:52+08:00][sql] SELECT * FROM `address` WHERE  `id` = 1 LIMIT 1 [ RunTime:0.000247s ]
[2023-03-08T14:25:52+08:00][sql] SELECT * FROM `address` WHERE  `id` = 2 LIMIT 1 [ RunTime:0.000220s ]
[2023-03-08T18:05:20+08:00][sql] CONNECT:[ UseTime:0.000404s ] mysql:host=localhost;port=3316;dbname=coffee;charset=utf8
[2023-03-08T18:05:20+08:00][sql] SHOW FULL COLUMNS FROM `teacher` [ RunTime:0.001227s ]
[2023-03-08T18:05:20+08:00][sql] SELECT `teacher_name`,`teacher_title`,`teacher_avatar`,`detail` FROM `teacher` WHERE  `id` = 1 LIMIT 1 [ RunTime:0.000243s ]
[2023-03-08T18:05:20+08:00][sql] SHOW FULL COLUMNS FROM `course` [ RunTime:0.001091s ]
[2023-03-08T18:05:20+08:00][sql] SELECT * FROM `course` WHERE  `about_instructor` LIKE '%1%' [ RunTime:0.000409s ]
[2023-03-08T18:05:20+08:00][sql] SHOW FULL COLUMNS FROM `address` [ RunTime:0.000900s ]
[2023-03-08T18:05:20+08:00][sql] SELECT * FROM `address` WHERE  `id` = 1 LIMIT 1 [ RunTime:0.000255s ]
[2023-03-08T18:05:20+08:00][sql] SELECT * FROM `address` WHERE  `id` = 2 LIMIT 1 [ RunTime:0.000197s ]
