[2023-03-16T05:48:24+08:00][sql] CONNECT:[ UseTime:0.000378s ] mysql:host=localhost;port=3316;dbname=coffee;charset=utf8
[2023-03-16T05:48:24+08:00][sql] SHOW FULL COLUMNS FROM `teacher` [ RunTime:0.001257s ]
[2023-03-16T05:48:24+08:00][sql] SELECT `id`,`teacher_name`,`teacher_avatar`,`Introduction` FROM `teacher` [ RunTime:0.000234s ]
[2023-03-16T05:48:24+08:00][sql] SHOW FULL COLUMNS FROM `address` [ RunTime:0.001041s ]
[2023-03-16T05:48:24+08:00][sql] SELECT * FROM `address` WHERE  `id` = 1 LIMIT 1 [ RunTime:0.000279s ]
[2023-03-16T05:48:24+08:00][sql] SELECT * FROM `address` WHERE  `id` = 2 LIMIT 1 [ RunTime:0.000285s ]
[2023-03-16T08:19:44+08:00][sql] CONNECT:[ UseTime:0.000401s ] mysql:host=localhost;port=3316;dbname=coffee;charset=utf8
[2023-03-16T08:19:44+08:00][sql] SHOW FULL COLUMNS FROM `teacher` [ RunTime:0.001469s ]
[2023-03-16T08:19:44+08:00][sql] SELECT `teacher_name`,`teacher_title`,`teacher_avatar`,`detail` FROM `teacher` WHERE  `id` = 1 LIMIT 1 [ RunTime:0.000279s ]
[2023-03-16T08:19:44+08:00][sql] SHOW FULL COLUMNS FROM `course` [ RunTime:0.001139s ]
[2023-03-16T08:19:44+08:00][sql] SELECT * FROM `course` WHERE  `about_instructor` LIKE '%1%' [ RunTime:0.000434s ]
[2023-03-16T08:19:44+08:00][sql] SHOW FULL COLUMNS FROM `address` [ RunTime:0.001074s ]
[2023-03-16T08:19:44+08:00][sql] SELECT * FROM `address` WHERE  `id` = 1 LIMIT 1 [ RunTime:0.000324s ]
[2023-03-16T08:19:44+08:00][sql] SELECT * FROM `address` WHERE  `id` = 2 LIMIT 1 [ RunTime:0.000254s ]
[2023-03-16T14:30:01+08:00][sql] CONNECT:[ UseTime:0.007238s ] mysql:host=localhost;port=3316;dbname=coffee;charset=utf8
[2023-03-16T14:30:01+08:00][sql] SHOW FULL COLUMNS FROM `teacher` [ RunTime:0.006907s ]
[2023-03-16T14:30:01+08:00][sql] SELECT `teacher_name`,`teacher_title`,`teacher_avatar`,`detail` FROM `teacher` WHERE  `id` = 1 LIMIT 1 [ RunTime:0.000605s ]
[2023-03-16T14:30:01+08:00][sql] SHOW FULL COLUMNS FROM `course` [ RunTime:0.002012s ]
[2023-03-16T14:30:01+08:00][sql] SELECT * FROM `course` WHERE  `about_instructor` LIKE '%1%' [ RunTime:0.000770s ]
[2023-03-16T14:30:01+08:00][sql] SHOW FULL COLUMNS FROM `address` [ RunTime:0.001680s ]
[2023-03-16T14:30:01+08:00][sql] SELECT * FROM `address` WHERE  `id` = 1 LIMIT 1 [ RunTime:0.000507s ]
[2023-03-16T14:30:01+08:00][sql] SELECT * FROM `address` WHERE  `id` = 2 LIMIT 1 [ RunTime:0.000422s ]
