[2023-03-17T02:52:26+08:00][sql] CONNECT:[ UseTime:0.000425s ] mysql:host=localhost;port=3316;dbname=coffee;charset=utf8
[2023-03-17T02:52:26+08:00][sql] SHOW FULL COLUMNS FROM `teacher` [ RunTime:0.001334s ]
[2023-03-17T02:52:26+08:00][sql] SELECT `teacher_name`,`teacher_title`,`teacher_avatar`,`detail` FROM `teacher` WHERE  `id` = 1 LIMIT 1 [ RunTime:0.000281s ]
[2023-03-17T02:52:26+08:00][sql] SHOW FULL COLUMNS FROM `course` [ RunTime:0.001148s ]
[2023-03-17T02:52:26+08:00][sql] SELECT * FROM `course` WHERE  `about_instructor` LIKE '%1%' [ RunTime:0.000457s ]
[2023-03-17T02:52:26+08:00][sql] SHOW FULL COLUMNS FROM `address` [ RunTime:0.000954s ]
[2023-03-17T02:52:26+08:00][sql] SELECT * FROM `address` WHERE  `id` = 1 LIMIT 1 [ RunTime:0.000273s ]
[2023-03-17T02:52:26+08:00][sql] SELECT * FROM `address` WHERE  `id` = 2 LIMIT 1 [ RunTime:0.000266s ]
[2023-03-17T08:07:58+08:00][sql] CONNECT:[ UseTime:0.000488s ] mysql:host=localhost;port=3316;dbname=coffee;charset=utf8
[2023-03-17T08:07:58+08:00][sql] SHOW FULL COLUMNS FROM `teacher` [ RunTime:0.001290s ]
[2023-03-17T08:07:58+08:00][sql] SELECT `teacher_name`,`teacher_title`,`teacher_avatar`,`detail` FROM `teacher` WHERE  `id` = 1 LIMIT 1 [ RunTime:0.000286s ]
[2023-03-17T08:07:58+08:00][sql] SHOW FULL COLUMNS FROM `course` [ RunTime:0.001218s ]
[2023-03-17T08:07:58+08:00][sql] SELECT * FROM `course` WHERE  `about_instructor` LIKE '%1%' [ RunTime:0.000449s ]
[2023-03-17T08:07:58+08:00][sql] SHOW FULL COLUMNS FROM `address` [ RunTime:0.000988s ]
[2023-03-17T08:07:58+08:00][sql] SELECT * FROM `address` WHERE  `id` = 1 LIMIT 1 [ RunTime:0.000283s ]
[2023-03-17T08:07:58+08:00][sql] SELECT * FROM `address` WHERE  `id` = 2 LIMIT 1 [ RunTime:0.000386s ]
[2023-03-17T16:56:44+08:00][sql] CONNECT:[ UseTime:0.035126s ] mysql:host=localhost;port=3316;dbname=coffee;charset=utf8
[2023-03-17T16:56:44+08:00][sql] SHOW FULL COLUMNS FROM `teacher` [ RunTime:0.004638s ]
[2023-03-17T16:56:44+08:00][sql] SELECT `teacher_name`,`teacher_title`,`teacher_avatar`,`detail` FROM `teacher` WHERE  `id` = 1 LIMIT 1 [ RunTime:0.000446s ]
[2023-03-17T16:56:44+08:00][sql] SHOW FULL COLUMNS FROM `course` [ RunTime:0.001803s ]
[2023-03-17T16:56:44+08:00][sql] SELECT * FROM `course` WHERE  `about_instructor` LIKE '%1%' [ RunTime:0.000662s ]
[2023-03-17T16:56:44+08:00][sql] SHOW FULL COLUMNS FROM `address` [ RunTime:0.001590s ]
[2023-03-17T16:56:44+08:00][sql] SELECT * FROM `address` WHERE  `id` = 1 LIMIT 1 [ RunTime:0.000432s ]
[2023-03-17T16:56:44+08:00][sql] SELECT * FROM `address` WHERE  `id` = 2 LIMIT 1 [ RunTime:0.000433s ]
[2023-03-17T16:59:51+08:00][sql] CONNECT:[ UseTime:0.000513s ] mysql:host=localhost;port=3316;dbname=coffee;charset=utf8
[2023-03-17T16:59:51+08:00][sql] SHOW FULL COLUMNS FROM `teacher` [ RunTime:0.001271s ]
[2023-03-17T16:59:51+08:00][sql] SELECT `teacher_name`,`teacher_title`,`teacher_avatar`,`detail` FROM `teacher` WHERE  `id` = 1 LIMIT 1 [ RunTime:0.000271s ]
[2023-03-17T16:59:51+08:00][sql] SHOW FULL COLUMNS FROM `course` [ RunTime:0.001055s ]
[2023-03-17T16:59:51+08:00][sql] SELECT * FROM `course` WHERE  `about_instructor` LIKE '%1%' [ RunTime:0.000410s ]
[2023-03-17T16:59:51+08:00][sql] SHOW FULL COLUMNS FROM `address` [ RunTime:0.000939s ]
[2023-03-17T16:59:51+08:00][sql] SELECT * FROM `address` WHERE  `id` = 1 LIMIT 1 [ RunTime:0.000280s ]
[2023-03-17T16:59:51+08:00][sql] SELECT * FROM `address` WHERE  `id` = 2 LIMIT 1 [ RunTime:0.000205s ]
[2023-03-17T17:10:11+08:00][sql] CONNECT:[ UseTime:0.000412s ] mysql:host=localhost;port=3316;dbname=coffee;charset=utf8
[2023-03-17T17:10:11+08:00][sql] SHOW FULL COLUMNS FROM `teacher` [ RunTime:0.001239s ]
[2023-03-17T17:10:11+08:00][sql] SELECT `teacher_name`,`teacher_title`,`teacher_avatar`,`detail` FROM `teacher` WHERE  `id` = 1 LIMIT 1 [ RunTime:0.000253s ]
[2023-03-17T17:10:11+08:00][sql] SHOW FULL COLUMNS FROM `course` [ RunTime:0.001103s ]
[2023-03-17T17:10:11+08:00][sql] SELECT * FROM `course` WHERE  `about_instructor` LIKE '%1%' [ RunTime:0.000417s ]
[2023-03-17T17:10:11+08:00][sql] SHOW FULL COLUMNS FROM `address` [ RunTime:0.000958s ]
[2023-03-17T17:10:11+08:00][sql] SELECT * FROM `address` WHERE  `id` = 1 LIMIT 1 [ RunTime:0.000277s ]
[2023-03-17T17:10:11+08:00][sql] SELECT * FROM `address` WHERE  `id` = 2 LIMIT 1 [ RunTime:0.000211s ]
