[2023-03-23T14:54:59+08:00][sql] CONNECT:[ UseTime:0.000461s ] mysql:host=localhost;port=3316;dbname=coffee;charset=utf8
[2023-03-23T14:54:59+08:00][sql] SHOW FULL COLUMNS FROM `teacher` [ RunTime:0.001267s ]
[2023-03-23T14:54:59+08:00][sql] SELECT `teacher_name`,`teacher_title`,`teacher_avatar`,`detail` FROM `teacher` WHERE  `id` = 1 LIMIT 1 [ RunTime:0.000284s ]
[2023-03-23T14:54:59+08:00][sql] SHOW FULL COLUMNS FROM `course` [ RunTime:0.001146s ]
[2023-03-23T14:54:59+08:00][sql] SELECT * FROM `course` WHERE  `about_instructor` LIKE '%1%' [ RunTime:0.000927s ]
[2023-03-23T14:54:59+08:00][sql] SHOW FULL COLUMNS FROM `address` [ RunTime:0.001145s ]
[2023-03-23T14:54:59+08:00][sql] SELECT * FROM `address` WHERE  `id` = 1 LIMIT 1 [ RunTime:0.000302s ]
[2023-03-23T14:54:59+08:00][sql] SELECT * FROM `address` WHERE  `id` = 2 LIMIT 1 [ RunTime:0.000259s ]
[2023-03-23T14:56:34+08:00][sql] CONNECT:[ UseTime:0.000354s ] mysql:host=localhost;port=3316;dbname=coffee;charset=utf8
[2023-03-23T14:56:34+08:00][sql] SHOW FULL COLUMNS FROM `teacher` [ RunTime:0.001363s ]
[2023-03-23T14:56:34+08:00][sql] SELECT `teacher_name`,`teacher_title`,`teacher_avatar`,`detail` FROM `teacher` WHERE  `id` = 1 LIMIT 1 [ RunTime:0.000281s ]
[2023-03-23T14:56:34+08:00][sql] SHOW FULL COLUMNS FROM `course` [ RunTime:0.001079s ]
[2023-03-23T14:56:34+08:00][sql] SELECT * FROM `course` WHERE  `about_instructor` LIKE '%1%' [ RunTime:0.000389s ]
[2023-03-23T14:56:34+08:00][sql] SHOW FULL COLUMNS FROM `address` [ RunTime:0.000912s ]
[2023-03-23T14:56:34+08:00][sql] SELECT * FROM `address` WHERE  `id` = 1 LIMIT 1 [ RunTime:0.000243s ]
[2023-03-23T14:56:34+08:00][sql] SELECT * FROM `address` WHERE  `id` = 2 LIMIT 1 [ RunTime:0.000218s ]
[2023-03-23T14:56:37+08:00][sql] CONNECT:[ UseTime:0.000401s ] mysql:host=localhost;port=3316;dbname=coffee;charset=utf8
[2023-03-23T14:56:37+08:00][sql] SHOW FULL COLUMNS FROM `teacher` [ RunTime:0.001266s ]
[2023-03-23T14:56:37+08:00][sql] SELECT `teacher_name`,`teacher_title`,`teacher_avatar`,`detail` FROM `teacher` WHERE  `id` = 1 LIMIT 1 [ RunTime:0.000272s ]
[2023-03-23T14:56:37+08:00][sql] SHOW FULL COLUMNS FROM `course` [ RunTime:0.001070s ]
[2023-03-23T14:56:37+08:00][sql] SELECT * FROM `course` WHERE  `about_instructor` LIKE '%1%' [ RunTime:0.000373s ]
[2023-03-23T14:56:37+08:00][sql] SHOW FULL COLUMNS FROM `address` [ RunTime:0.000909s ]
[2023-03-23T14:56:37+08:00][sql] SELECT * FROM `address` WHERE  `id` = 1 LIMIT 1 [ RunTime:0.000229s ]
[2023-03-23T14:56:37+08:00][sql] SELECT * FROM `address` WHERE  `id` = 2 LIMIT 1 [ RunTime:0.000205s ]
[2023-03-23T16:15:42+08:00][sql] CONNECT:[ UseTime:0.000369s ] mysql:host=localhost;port=3316;dbname=coffee;charset=utf8
[2023-03-23T16:15:42+08:00][sql] SHOW FULL COLUMNS FROM `teacher` [ RunTime:0.001415s ]
[2023-03-23T16:15:42+08:00][sql] SELECT `teacher_name`,`teacher_title`,`teacher_avatar`,`detail` FROM `teacher` WHERE  `id` = 1 LIMIT 1 [ RunTime:0.000281s ]
[2023-03-23T16:15:42+08:00][sql] SHOW FULL COLUMNS FROM `course` [ RunTime:0.001204s ]
[2023-03-23T16:15:42+08:00][sql] SELECT * FROM `course` WHERE  `about_instructor` LIKE '%1%' [ RunTime:0.000409s ]
[2023-03-23T16:15:42+08:00][sql] SHOW FULL COLUMNS FROM `address` [ RunTime:0.000925s ]
[2023-03-23T16:15:42+08:00][sql] SELECT * FROM `address` WHERE  `id` = 1 LIMIT 1 [ RunTime:0.000235s ]
[2023-03-23T16:15:42+08:00][sql] SELECT * FROM `address` WHERE  `id` = 2 LIMIT 1 [ RunTime:0.000241s ]
[2023-03-23T17:40:40+08:00][sql] CONNECT:[ UseTime:0.000366s ] mysql:host=localhost;port=3316;dbname=coffee;charset=utf8
[2023-03-23T17:40:40+08:00][sql] SHOW FULL COLUMNS FROM `teacher` [ RunTime:0.001232s ]
[2023-03-23T17:40:40+08:00][sql] SELECT `teacher_name`,`teacher_title`,`teacher_avatar`,`detail` FROM `teacher` WHERE  `id` = 2 LIMIT 1 [ RunTime:0.000241s ]
[2023-03-23T17:40:40+08:00][sql] SHOW FULL COLUMNS FROM `course` [ RunTime:0.001025s ]
[2023-03-23T17:40:40+08:00][sql] SELECT * FROM `course` WHERE  `about_instructor` LIKE '%2%' [ RunTime:0.000331s ]
[2023-03-23T17:40:40+08:00][sql] SHOW FULL COLUMNS FROM `address` [ RunTime:0.000955s ]
[2023-03-23T17:40:40+08:00][sql] SELECT * FROM `address` WHERE  `id` = 1 LIMIT 1 [ RunTime:0.000229s ]
[2023-03-23T17:40:40+08:00][sql] SELECT * FROM `address` WHERE  `id` = 2 LIMIT 1 [ RunTime:0.000292s ]
[2023-03-23T18:01:02+08:00][sql] CONNECT:[ UseTime:0.000382s ] mysql:host=localhost;port=3316;dbname=coffee;charset=utf8
[2023-03-23T18:01:02+08:00][sql] SHOW FULL COLUMNS FROM `teacher` [ RunTime:0.001310s ]
[2023-03-23T18:01:02+08:00][sql] SELECT `teacher_name`,`teacher_title`,`teacher_avatar`,`detail` FROM `teacher` WHERE  `id` = 1 LIMIT 1 [ RunTime:0.000286s ]
[2023-03-23T18:01:02+08:00][sql] SHOW FULL COLUMNS FROM `course` [ RunTime:0.001091s ]
[2023-03-23T18:01:02+08:00][sql] SELECT * FROM `course` WHERE  `about_instructor` LIKE '%1%' [ RunTime:0.000449s ]
[2023-03-23T18:01:02+08:00][sql] SHOW FULL COLUMNS FROM `address` [ RunTime:0.000945s ]
[2023-03-23T18:01:02+08:00][sql] SELECT * FROM `address` WHERE  `id` = 1 LIMIT 1 [ RunTime:0.000271s ]
[2023-03-23T18:01:02+08:00][sql] SELECT * FROM `address` WHERE  `id` = 2 LIMIT 1 [ RunTime:0.000252s ]
[2023-03-23T18:02:56+08:00][sql] CONNECT:[ UseTime:0.000445s ] mysql:host=localhost;port=3316;dbname=coffee;charset=utf8
[2023-03-23T18:02:56+08:00][sql] SHOW FULL COLUMNS FROM `teacher` [ RunTime:0.001263s ]
[2023-03-23T18:02:56+08:00][sql] SELECT `teacher_name`,`teacher_title`,`teacher_avatar`,`detail` FROM `teacher` WHERE  `id` = 1 LIMIT 1 [ RunTime:0.000323s ]
[2023-03-23T18:02:56+08:00][sql] SHOW FULL COLUMNS FROM `course` [ RunTime:0.001106s ]
[2023-03-23T18:02:56+08:00][sql] SELECT * FROM `course` WHERE  `about_instructor` LIKE '%1%' [ RunTime:0.000443s ]
[2023-03-23T18:02:56+08:00][sql] SHOW FULL COLUMNS FROM `address` [ RunTime:0.000945s ]
[2023-03-23T18:02:56+08:00][sql] SELECT * FROM `address` WHERE  `id` = 1 LIMIT 1 [ RunTime:0.000291s ]
[2023-03-23T18:02:56+08:00][sql] SELECT * FROM `address` WHERE  `id` = 2 LIMIT 1 [ RunTime:0.000290s ]
[2023-03-23T18:04:04+08:00][sql] CONNECT:[ UseTime:0.000437s ] mysql:host=localhost;port=3316;dbname=coffee;charset=utf8
[2023-03-23T18:04:04+08:00][sql] SHOW FULL COLUMNS FROM `teacher` [ RunTime:0.001277s ]
[2023-03-23T18:04:04+08:00][sql] SELECT `teacher_name`,`teacher_title`,`teacher_avatar`,`detail` FROM `teacher` WHERE  `id` = 1 LIMIT 1 [ RunTime:0.000292s ]
[2023-03-23T18:04:04+08:00][sql] SHOW FULL COLUMNS FROM `course` [ RunTime:0.001165s ]
[2023-03-23T18:04:04+08:00][sql] SELECT * FROM `course` WHERE  `about_instructor` LIKE '%1%' [ RunTime:0.000437s ]
[2023-03-23T18:04:04+08:00][sql] SHOW FULL COLUMNS FROM `address` [ RunTime:0.001020s ]
[2023-03-23T18:04:04+08:00][sql] SELECT * FROM `address` WHERE  `id` = 1 LIMIT 1 [ RunTime:0.000293s ]
[2023-03-23T18:04:04+08:00][sql] SELECT * FROM `address` WHERE  `id` = 2 LIMIT 1 [ RunTime:0.000247s ]
[2023-03-23T18:05:03+08:00][sql] CONNECT:[ UseTime:0.000334s ] mysql:host=localhost;port=3316;dbname=coffee;charset=utf8
[2023-03-23T18:05:03+08:00][sql] SHOW FULL COLUMNS FROM `teacher` [ RunTime:0.001407s ]
[2023-03-23T18:05:03+08:00][sql] SELECT `teacher_name`,`teacher_title`,`teacher_avatar`,`detail` FROM `teacher` WHERE  `id` = 1 LIMIT 1 [ RunTime:0.000257s ]
[2023-03-23T18:05:03+08:00][sql] SHOW FULL COLUMNS FROM `course` [ RunTime:0.001110s ]
[2023-03-23T18:05:03+08:00][sql] SELECT * FROM `course` WHERE  `about_instructor` LIKE '%1%' [ RunTime:0.000439s ]
[2023-03-23T18:05:03+08:00][sql] SHOW FULL COLUMNS FROM `address` [ RunTime:0.000940s ]
[2023-03-23T18:05:03+08:00][sql] SELECT * FROM `address` WHERE  `id` = 1 LIMIT 1 [ RunTime:0.000237s ]
[2023-03-23T18:05:03+08:00][sql] SELECT * FROM `address` WHERE  `id` = 2 LIMIT 1 [ RunTime:0.000280s ]
[2023-03-23T19:17:08+08:00][sql] CONNECT:[ UseTime:0.000438s ] mysql:host=localhost;port=3316;dbname=coffee;charset=utf8
[2023-03-23T19:17:08+08:00][sql] SHOW FULL COLUMNS FROM `teacher` [ RunTime:0.001192s ]
[2023-03-23T19:17:08+08:00][sql] SELECT `teacher_name`,`teacher_title`,`teacher_avatar`,`detail` FROM `teacher` WHERE  `id` = 1 LIMIT 1 [ RunTime:0.000230s ]
[2023-03-23T19:17:08+08:00][sql] SHOW FULL COLUMNS FROM `course` [ RunTime:0.001042s ]
[2023-03-23T19:17:08+08:00][sql] SELECT * FROM `course` WHERE  `about_instructor` LIKE '%1%' [ RunTime:0.000362s ]
[2023-03-23T19:17:08+08:00][sql] SHOW FULL COLUMNS FROM `address` [ RunTime:0.000904s ]
[2023-03-23T19:17:08+08:00][sql] SELECT * FROM `address` WHERE  `id` = 1 LIMIT 1 [ RunTime:0.000230s ]
[2023-03-23T19:17:08+08:00][sql] SELECT * FROM `address` WHERE  `id` = 2 LIMIT 1 [ RunTime:0.000195s ]
[2023-03-23T19:18:08+08:00][sql] CONNECT:[ UseTime:0.000432s ] mysql:host=localhost;port=3316;dbname=coffee;charset=utf8
[2023-03-23T19:18:08+08:00][sql] SHOW FULL COLUMNS FROM `teacher` [ RunTime:0.001255s ]
[2023-03-23T19:18:08+08:00][sql] SELECT `teacher_name`,`teacher_title`,`teacher_avatar`,`detail` FROM `teacher` WHERE  `id` = 1 LIMIT 1 [ RunTime:0.000311s ]
[2023-03-23T19:18:08+08:00][sql] SHOW FULL COLUMNS FROM `course` [ RunTime:0.001377s ]
[2023-03-23T19:18:08+08:00][sql] SELECT * FROM `course` WHERE  `about_instructor` LIKE '%1%' [ RunTime:0.000397s ]
[2023-03-23T19:18:08+08:00][sql] SHOW FULL COLUMNS FROM `address` [ RunTime:0.001110s ]
[2023-03-23T19:18:08+08:00][sql] SELECT * FROM `address` WHERE  `id` = 1 LIMIT 1 [ RunTime:0.000260s ]
[2023-03-23T19:18:08+08:00][sql] SELECT * FROM `address` WHERE  `id` = 2 LIMIT 1 [ RunTime:0.000245s ]
[2023-03-23T19:39:56+08:00][sql] CONNECT:[ UseTime:0.000565s ] mysql:host=localhost;port=3316;dbname=coffee;charset=utf8
[2023-03-23T19:39:56+08:00][sql] SHOW FULL COLUMNS FROM `teacher` [ RunTime:0.001427s ]
[2023-03-23T19:39:56+08:00][sql] SELECT `teacher_name`,`teacher_title`,`teacher_avatar`,`detail` FROM `teacher` WHERE  `id` = 1 LIMIT 1 [ RunTime:0.000337s ]
[2023-03-23T19:39:56+08:00][sql] SHOW FULL COLUMNS FROM `course` [ RunTime:0.001169s ]
[2023-03-23T19:39:56+08:00][sql] SELECT * FROM `course` WHERE  `about_instructor` LIKE '%1%' [ RunTime:0.000456s ]
[2023-03-23T19:39:56+08:00][sql] SHOW FULL COLUMNS FROM `address` [ RunTime:0.000994s ]
[2023-03-23T19:39:56+08:00][sql] SELECT * FROM `address` WHERE  `id` = 1 LIMIT 1 [ RunTime:0.000275s ]
[2023-03-23T19:39:56+08:00][sql] SELECT * FROM `address` WHERE  `id` = 2 LIMIT 1 [ RunTime:0.000244s ]
[2023-03-23T19:40:07+08:00][sql] CONNECT:[ UseTime:0.000425s ] mysql:host=localhost;port=3316;dbname=coffee;charset=utf8
[2023-03-23T19:40:07+08:00][sql] SHOW FULL COLUMNS FROM `teacher` [ RunTime:0.001246s ]
[2023-03-23T19:40:07+08:00][sql] SELECT `id`,`teacher_name`,`teacher_avatar`,`Introduction` FROM `teacher` [ RunTime:0.000231s ]
[2023-03-23T19:40:07+08:00][sql] SHOW FULL COLUMNS FROM `address` [ RunTime:0.000981s ]
[2023-03-23T19:40:07+08:00][sql] SELECT * FROM `address` WHERE  `id` = 1 LIMIT 1 [ RunTime:0.000260s ]
[2023-03-23T19:40:07+08:00][sql] SELECT * FROM `address` WHERE  `id` = 2 LIMIT 1 [ RunTime:0.000278s ]
[2023-03-23T19:40:11+08:00][sql] CONNECT:[ UseTime:0.001146s ] mysql:host=localhost;port=3316;dbname=coffee;charset=utf8
[2023-03-23T19:40:11+08:00][sql] SHOW FULL COLUMNS FROM `teacher` [ RunTime:0.009291s ]
[2023-03-23T19:40:11+08:00][sql] SELECT `teacher_name`,`teacher_title`,`teacher_avatar`,`detail` FROM `teacher` WHERE  `id` = 1 LIMIT 1 [ RunTime:0.002766s ]
[2023-03-23T19:40:11+08:00][sql] SHOW FULL COLUMNS FROM `course` [ RunTime:0.001962s ]
[2023-03-23T19:40:11+08:00][sql] SELECT * FROM `course` WHERE  `about_instructor` LIKE '%1%' [ RunTime:0.000759s ]
[2023-03-23T19:40:11+08:00][sql] SHOW FULL COLUMNS FROM `address` [ RunTime:0.001093s ]
[2023-03-23T19:40:11+08:00][sql] SELECT * FROM `address` WHERE  `id` = 1 LIMIT 1 [ RunTime:0.000257s ]
[2023-03-23T19:40:11+08:00][sql] SELECT * FROM `address` WHERE  `id` = 2 LIMIT 1 [ RunTime:0.000242s ]
[2023-03-23T19:41:07+08:00][sql] CONNECT:[ UseTime:0.000495s ] mysql:host=localhost;port=3316;dbname=coffee;charset=utf8
[2023-03-23T19:41:07+08:00][sql] SHOW FULL COLUMNS FROM `teacher` [ RunTime:0.001882s ]
[2023-03-23T19:41:07+08:00][sql] SELECT `id`,`teacher_name`,`teacher_avatar`,`Introduction` FROM `teacher` [ RunTime:0.000395s ]
[2023-03-23T19:41:07+08:00][sql] SHOW FULL COLUMNS FROM `address` [ RunTime:0.001119s ]
[2023-03-23T19:41:07+08:00][sql] SELECT * FROM `address` WHERE  `id` = 1 LIMIT 1 [ RunTime:0.000284s ]
[2023-03-23T19:41:07+08:00][sql] SELECT * FROM `address` WHERE  `id` = 2 LIMIT 1 [ RunTime:0.000292s ]
[2023-03-23T19:41:07+08:00][sql] CONNECT:[ UseTime:0.000422s ] mysql:host=localhost;port=3316;dbname=coffee;charset=utf8
[2023-03-23T19:41:07+08:00][sql] SHOW FULL COLUMNS FROM `teacher` [ RunTime:0.001286s ]
[2023-03-23T19:41:07+08:00][sql] SELECT `teacher_name`,`teacher_title`,`teacher_avatar`,`detail` FROM `teacher` WHERE  `id` = 1 LIMIT 1 [ RunTime:0.000253s ]
[2023-03-23T19:41:07+08:00][sql] SHOW FULL COLUMNS FROM `course` [ RunTime:0.001049s ]
[2023-03-23T19:41:07+08:00][sql] SELECT * FROM `course` WHERE  `about_instructor` LIKE '%1%' [ RunTime:0.000402s ]
[2023-03-23T19:41:07+08:00][sql] SHOW FULL COLUMNS FROM `address` [ RunTime:0.000947s ]
[2023-03-23T19:41:07+08:00][sql] SELECT * FROM `address` WHERE  `id` = 1 LIMIT 1 [ RunTime:0.000237s ]
[2023-03-23T19:41:07+08:00][sql] SELECT * FROM `address` WHERE  `id` = 2 LIMIT 1 [ RunTime:0.000242s ]
[2023-03-23T19:48:11+08:00][sql] CONNECT:[ UseTime:0.000403s ] mysql:host=localhost;port=3316;dbname=coffee;charset=utf8
[2023-03-23T19:48:11+08:00][sql] SHOW FULL COLUMNS FROM `teacher` [ RunTime:0.001235s ]
[2023-03-23T19:48:11+08:00][sql] SELECT `teacher_name`,`teacher_title`,`teacher_avatar`,`detail` FROM `teacher` WHERE  `id` = 1 LIMIT 1 [ RunTime:0.000281s ]
[2023-03-23T19:48:11+08:00][sql] SHOW FULL COLUMNS FROM `course` [ RunTime:0.001127s ]
[2023-03-23T19:48:11+08:00][sql] SELECT * FROM `course` WHERE  `about_instructor` LIKE '%1%' [ RunTime:0.001037s ]
[2023-03-23T19:48:11+08:00][sql] SHOW FULL COLUMNS FROM `address` [ RunTime:0.000967s ]
[2023-03-23T19:48:11+08:00][sql] SELECT * FROM `address` WHERE  `id` = 1 LIMIT 1 [ RunTime:0.000279s ]
[2023-03-23T19:48:11+08:00][sql] SELECT * FROM `address` WHERE  `id` = 2 LIMIT 1 [ RunTime:0.000274s ]
[2023-03-23T21:15:02+08:00][sql] CONNECT:[ UseTime:0.008293s ] mysql:host=localhost;port=3316;dbname=coffee;charset=utf8
[2023-03-23T21:15:02+08:00][sql] SHOW FULL COLUMNS FROM `teacher` [ RunTime:0.001850s ]
[2023-03-23T21:15:02+08:00][sql] SELECT `teacher_name`,`teacher_title`,`teacher_avatar`,`detail` FROM `teacher` WHERE  `id` = 1 LIMIT 1 [ RunTime:0.000368s ]
[2023-03-23T21:15:02+08:00][sql] SHOW FULL COLUMNS FROM `course` [ RunTime:0.001677s ]
[2023-03-23T21:15:02+08:00][sql] SELECT * FROM `course` WHERE  `about_instructor` LIKE '%1%' [ RunTime:0.000569s ]
[2023-03-23T21:15:02+08:00][sql] SHOW FULL COLUMNS FROM `address` [ RunTime:0.001591s ]
[2023-03-23T21:15:02+08:00][sql] SELECT * FROM `address` WHERE  `id` = 1 LIMIT 1 [ RunTime:0.000431s ]
[2023-03-23T21:15:02+08:00][sql] SELECT * FROM `address` WHERE  `id` = 2 LIMIT 1 [ RunTime:0.000285s ]
[2023-03-23T22:17:50+08:00][sql] CONNECT:[ UseTime:0.000473s ] mysql:host=localhost;port=3316;dbname=coffee;charset=utf8
[2023-03-23T22:17:50+08:00][sql] SHOW FULL COLUMNS FROM `teacher` [ RunTime:0.001561s ]
[2023-03-23T22:17:50+08:00][sql] SELECT `id`,`teacher_name`,`teacher_avatar`,`Introduction` FROM `teacher` [ RunTime:0.000263s ]
[2023-03-23T22:17:50+08:00][sql] SHOW FULL COLUMNS FROM `address` [ RunTime:0.001148s ]
[2023-03-23T22:17:50+08:00][sql] SELECT * FROM `address` WHERE  `id` = 1 LIMIT 1 [ RunTime:0.000287s ]
[2023-03-23T22:17:50+08:00][sql] SELECT * FROM `address` WHERE  `id` = 2 LIMIT 1 [ RunTime:0.000373s ]
