[2023-01-11T03:11:54+08:00][sql] CONNECT:[ UseTime:0.000382s ] mysql:host=localhost;port=3316;dbname=coffee;charset=utf8
[2023-01-11T03:11:54+08:00][sql] SHOW FULL COLUMNS FROM `teacher` [ RunTime:0.001317s ]
[2023-01-11T03:11:54+08:00][sql] SELECT `teacher_name`,`teacher_title`,`teacher_avatar`,`detail` FROM `teacher` WHERE  `id` = 2 LIMIT 1 [ RunTime:0.000250s ]
[2023-01-11T03:11:54+08:00][sql] SHOW FULL COLUMNS FROM `course` [ RunTime:0.001091s ]
[2023-01-11T03:11:54+08:00][sql] SELECT * FROM `course` WHERE  `about_instructor` LIKE '%2%' [ RunTime:0.000396s ]
[2023-01-11T03:11:54+08:00][sql] SHOW FULL COLUMNS FROM `address` [ RunTime:0.000945s ]
[2023-01-11T03:11:54+08:00][sql] SELECT * FROM `address` WHERE  `id` = 1 LIMIT 1 [ RunTime:0.000244s ]
[2023-01-11T03:11:54+08:00][sql] SELECT * FROM `address` WHERE  `id` = 2 LIMIT 1 [ RunTime:0.000271s ]
[2023-01-11T03:23:48+08:00][sql] CONNECT:[ UseTime:0.000463s ] mysql:host=localhost;port=3316;dbname=coffee;charset=utf8
[2023-01-11T03:23:48+08:00][sql] SHOW FULL COLUMNS FROM `teacher` [ RunTime:0.001369s ]
[2023-01-11T03:23:48+08:00][sql] SELECT `teacher_name`,`teacher_title`,`teacher_avatar`,`detail` FROM `teacher` WHERE  `id` = 2 LIMIT 1 [ RunTime:0.000274s ]
[2023-01-11T03:23:48+08:00][sql] SHOW FULL COLUMNS FROM `course` [ RunTime:0.001392s ]
[2023-01-11T03:23:48+08:00][sql] SELECT * FROM `course` WHERE  `about_instructor` LIKE '%2%' [ RunTime:0.000357s ]
[2023-01-11T03:23:48+08:00][sql] SHOW FULL COLUMNS FROM `address` [ RunTime:0.000946s ]
[2023-01-11T03:23:48+08:00][sql] SELECT * FROM `address` WHERE  `id` = 1 LIMIT 1 [ RunTime:0.000248s ]
[2023-01-11T03:23:48+08:00][sql] SELECT * FROM `address` WHERE  `id` = 2 LIMIT 1 [ RunTime:0.000207s ]
[2023-01-11T06:49:09+08:00][sql] CONNECT:[ UseTime:0.000428s ] mysql:host=localhost;port=3316;dbname=coffee;charset=utf8
[2023-01-11T06:49:09+08:00][sql] SHOW FULL COLUMNS FROM `teacher` [ RunTime:0.001240s ]
[2023-01-11T06:49:09+08:00][sql] SELECT `id`,`teacher_name`,`teacher_avatar`,`Introduction` FROM `teacher` [ RunTime:0.000254s ]
[2023-01-11T06:49:09+08:00][sql] SHOW FULL COLUMNS FROM `address` [ RunTime:0.001045s ]
[2023-01-11T06:49:09+08:00][sql] SELECT * FROM `address` WHERE  `id` = 1 LIMIT 1 [ RunTime:0.000305s ]
[2023-01-11T06:49:09+08:00][sql] SELECT * FROM `address` WHERE  `id` = 2 LIMIT 1 [ RunTime:0.000490s ]
[2023-01-11T06:51:03+08:00][sql] CONNECT:[ UseTime:0.000495s ] mysql:host=localhost;port=3316;dbname=coffee;charset=utf8
[2023-01-11T06:51:03+08:00][sql] SHOW FULL COLUMNS FROM `teacher` [ RunTime:0.001702s ]
[2023-01-11T06:51:03+08:00][sql] SELECT `id`,`teacher_name`,`teacher_avatar`,`Introduction` FROM `teacher` [ RunTime:0.006307s ]
[2023-01-11T06:51:03+08:00][sql] SHOW FULL COLUMNS FROM `address` [ RunTime:0.001231s ]
[2023-01-11T06:51:03+08:00][sql] SELECT * FROM `address` WHERE  `id` = 1 LIMIT 1 [ RunTime:0.000360s ]
[2023-01-11T06:51:03+08:00][sql] SELECT * FROM `address` WHERE  `id` = 2 LIMIT 1 [ RunTime:0.000258s ]
[2023-01-11T16:42:14+08:00][sql] CONNECT:[ UseTime:0.000414s ] mysql:host=localhost;port=3316;dbname=coffee;charset=utf8
[2023-01-11T16:42:14+08:00][sql] SHOW FULL COLUMNS FROM `teacher` [ RunTime:0.001271s ]
[2023-01-11T16:42:14+08:00][sql] SELECT `teacher_name`,`teacher_title`,`teacher_avatar`,`detail` FROM `teacher` WHERE  `id` = 2 LIMIT 1 [ RunTime:0.000289s ]
[2023-01-11T16:42:14+08:00][sql] SHOW FULL COLUMNS FROM `course` [ RunTime:0.001126s ]
[2023-01-11T16:42:14+08:00][sql] SELECT * FROM `course` WHERE  `about_instructor` LIKE '%2%' [ RunTime:0.000432s ]
[2023-01-11T16:42:14+08:00][sql] SHOW FULL COLUMNS FROM `address` [ RunTime:0.000957s ]
[2023-01-11T16:42:14+08:00][sql] SELECT * FROM `address` WHERE  `id` = 1 LIMIT 1 [ RunTime:0.000272s ]
[2023-01-11T16:42:14+08:00][sql] SELECT * FROM `address` WHERE  `id` = 2 LIMIT 1 [ RunTime:0.000248s ]
[2023-01-11T20:02:13+08:00][sql] CONNECT:[ UseTime:0.000434s ] mysql:host=localhost;port=3316;dbname=coffee;charset=utf8
[2023-01-11T20:02:13+08:00][sql] SHOW FULL COLUMNS FROM `teacher` [ RunTime:0.001255s ]
[2023-01-11T20:02:13+08:00][sql] SELECT `teacher_name`,`teacher_title`,`teacher_avatar`,`detail` FROM `teacher` WHERE  `id` = 2 LIMIT 1 [ RunTime:0.000300s ]
[2023-01-11T20:02:13+08:00][sql] SHOW FULL COLUMNS FROM `course` [ RunTime:0.001082s ]
[2023-01-11T20:02:13+08:00][sql] SELECT * FROM `course` WHERE  `about_instructor` LIKE '%2%' [ RunTime:0.000393s ]
[2023-01-11T20:02:13+08:00][sql] SHOW FULL COLUMNS FROM `address` [ RunTime:0.000989s ]
[2023-01-11T20:02:13+08:00][sql] SELECT * FROM `address` WHERE  `id` = 1 LIMIT 1 [ RunTime:0.000274s ]
[2023-01-11T20:02:13+08:00][sql] SELECT * FROM `address` WHERE  `id` = 2 LIMIT 1 [ RunTime:0.000263s ]
[2023-01-11T20:10:57+08:00][sql] CONNECT:[ UseTime:0.000440s ] mysql:host=localhost;port=3316;dbname=coffee;charset=utf8
[2023-01-11T20:10:57+08:00][sql] SHOW FULL COLUMNS FROM `teacher` [ RunTime:0.001719s ]
[2023-01-11T20:10:57+08:00][sql] SELECT `teacher_name`,`teacher_title`,`teacher_avatar`,`detail` FROM `teacher` WHERE  `id` = 2 LIMIT 1 [ RunTime:0.000296s ]
[2023-01-11T20:10:57+08:00][sql] SHOW FULL COLUMNS FROM `course` [ RunTime:0.001617s ]
[2023-01-11T20:10:57+08:00][sql] SELECT * FROM `course` WHERE  `about_instructor` LIKE '%2%' [ RunTime:0.000468s ]
[2023-01-11T20:10:57+08:00][sql] SHOW FULL COLUMNS FROM `address` [ RunTime:0.001366s ]
[2023-01-11T20:10:57+08:00][sql] SELECT * FROM `address` WHERE  `id` = 1 LIMIT 1 [ RunTime:0.000289s ]
[2023-01-11T20:10:57+08:00][sql] SELECT * FROM `address` WHERE  `id` = 2 LIMIT 1 [ RunTime:0.000311s ]
