[2023-04-24T00:16:38+08:00][sql] CONNECT:[ UseTime:0.000403s ] mysql:host=localhost;port=3316;dbname=coffee;charset=utf8
[2023-04-24T00:16:38+08:00][sql] SHOW FULL COLUMNS FROM `banner` [ RunTime:0.001296s ]
[2023-04-24T00:16:38+08:00][sql] SELECT * FROM `banner` [ RunTime:0.000235s ]
[2023-04-24T00:16:38+08:00][sql] SHOW FULL COLUMNS FROM `information` [ RunTime:0.000955s ]
[2023-04-24T00:16:38+08:00][sql] SELECT * FROM `information` ORDER BY `time` DESC LIMIT 1 [ RunTime:0.000381s ]
[2023-04-24T00:16:38+08:00][sql] SELECT * FROM `information` ORDER BY `time` DESC LIMIT 1,4 [ RunTime:0.000318s ]
[2023-04-24T00:16:38+08:00][sql] SHOW FULL COLUMNS FROM `course` [ RunTime:0.001016s ]
[2023-04-24T00:16:38+08:00][sql] SELECT `id`,`title` FROM `course` ORDER BY `sorting` ASC LIMIT 0,6 [ RunTime:0.000280s ]
[2023-04-24T00:16:38+08:00][sql] SHOW FULL COLUMNS FROM `teacher` [ RunTime:0.001218s ]
[2023-04-24T00:16:38+08:00][sql] SELECT * FROM `teacher` [ RunTime:0.000258s ]
[2023-04-24T00:16:38+08:00][sql] SHOW FULL COLUMNS FROM `address` [ RunTime:0.001246s ]
[2023-04-24T00:16:38+08:00][sql] SELECT * FROM `address` WHERE  `id` = 1 LIMIT 1 [ RunTime:0.000287s ]
[2023-04-24T00:16:38+08:00][sql] SELECT * FROM `address` WHERE  `id` = 2 LIMIT 1 [ RunTime:0.000241s ]
[2023-04-24T00:32:01+08:00][sql] CONNECT:[ UseTime:0.000383s ] mysql:host=localhost;port=3316;dbname=coffee;charset=utf8
[2023-04-24T00:32:01+08:00][sql] SHOW FULL COLUMNS FROM `banner` [ RunTime:0.001305s ]
[2023-04-24T00:32:01+08:00][sql] SELECT * FROM `banner` [ RunTime:0.000230s ]
[2023-04-24T00:32:01+08:00][sql] SHOW FULL COLUMNS FROM `information` [ RunTime:0.000906s ]
[2023-04-24T00:32:01+08:00][sql] SELECT * FROM `information` ORDER BY `time` DESC LIMIT 1 [ RunTime:0.000343s ]
[2023-04-24T00:32:01+08:00][sql] SELECT * FROM `information` ORDER BY `time` DESC LIMIT 1,4 [ RunTime:0.000354s ]
[2023-04-24T00:32:01+08:00][sql] SHOW FULL COLUMNS FROM `course` [ RunTime:0.001137s ]
[2023-04-24T00:32:01+08:00][sql] SELECT `id`,`title` FROM `course` ORDER BY `sorting` ASC LIMIT 0,6 [ RunTime:0.000218s ]
[2023-04-24T00:32:01+08:00][sql] SHOW FULL COLUMNS FROM `teacher` [ RunTime:0.001600s ]
[2023-04-24T00:32:01+08:00][sql] SELECT * FROM `teacher` [ RunTime:0.000225s ]
[2023-04-24T00:32:01+08:00][sql] SHOW FULL COLUMNS FROM `address` [ RunTime:0.001038s ]
[2023-04-24T00:32:01+08:00][sql] SELECT * FROM `address` WHERE  `id` = 1 LIMIT 1 [ RunTime:0.000249s ]
[2023-04-24T00:32:01+08:00][sql] SELECT * FROM `address` WHERE  `id` = 2 LIMIT 1 [ RunTime:0.000262s ]
[2023-04-24T00:44:47+08:00][sql] CONNECT:[ UseTime:0.000428s ] mysql:host=localhost;port=3316;dbname=coffee;charset=utf8
[2023-04-24T00:44:47+08:00][sql] SHOW FULL COLUMNS FROM `banner` [ RunTime:0.001280s ]
[2023-04-24T00:44:47+08:00][sql] SELECT * FROM `banner` [ RunTime:0.000256s ]
[2023-04-24T00:44:47+08:00][sql] SHOW FULL COLUMNS FROM `information` [ RunTime:0.000992s ]
[2023-04-24T00:44:47+08:00][sql] SELECT * FROM `information` ORDER BY `time` DESC LIMIT 1 [ RunTime:0.000333s ]
[2023-04-24T00:44:47+08:00][sql] SELECT * FROM `information` ORDER BY `time` DESC LIMIT 1,4 [ RunTime:0.000396s ]
[2023-04-24T00:44:47+08:00][sql] SHOW FULL COLUMNS FROM `course` [ RunTime:0.001116s ]
[2023-04-24T00:44:47+08:00][sql] SELECT `id`,`title` FROM `course` ORDER BY `sorting` ASC LIMIT 0,6 [ RunTime:0.000268s ]
[2023-04-24T00:44:47+08:00][sql] SHOW FULL COLUMNS FROM `teacher` [ RunTime:0.000930s ]
[2023-04-24T00:44:47+08:00][sql] SELECT * FROM `teacher` [ RunTime:0.000270s ]
[2023-04-24T00:44:47+08:00][sql] SHOW FULL COLUMNS FROM `address` [ RunTime:0.000893s ]
[2023-04-24T00:44:47+08:00][sql] SELECT * FROM `address` WHERE  `id` = 1 LIMIT 1 [ RunTime:0.000277s ]
[2023-04-24T00:44:47+08:00][sql] SELECT * FROM `address` WHERE  `id` = 2 LIMIT 1 [ RunTime:0.000243s ]
[2023-04-24T01:03:58+08:00][sql] CONNECT:[ UseTime:0.000373s ] mysql:host=localhost;port=3316;dbname=coffee;charset=utf8
[2023-04-24T01:03:58+08:00][sql] SHOW FULL COLUMNS FROM `banner` [ RunTime:0.001319s ]
[2023-04-24T01:03:58+08:00][sql] SELECT * FROM `banner` [ RunTime:0.000213s ]
[2023-04-24T01:03:58+08:00][sql] SHOW FULL COLUMNS FROM `information` [ RunTime:0.000993s ]
[2023-04-24T01:03:58+08:00][sql] SELECT * FROM `information` ORDER BY `time` DESC LIMIT 1 [ RunTime:0.000290s ]
[2023-04-24T01:03:58+08:00][sql] SELECT * FROM `information` ORDER BY `time` DESC LIMIT 1,4 [ RunTime:0.000321s ]
[2023-04-24T01:03:58+08:00][sql] SHOW FULL COLUMNS FROM `course` [ RunTime:0.001063s ]
[2023-04-24T01:03:58+08:00][sql] SELECT `id`,`title` FROM `course` ORDER BY `sorting` ASC LIMIT 0,6 [ RunTime:0.000222s ]
[2023-04-24T01:03:58+08:00][sql] SHOW FULL COLUMNS FROM `teacher` [ RunTime:0.000883s ]
[2023-04-24T01:03:58+08:00][sql] SELECT * FROM `teacher` [ RunTime:0.000222s ]
[2023-04-24T01:03:58+08:00][sql] SHOW FULL COLUMNS FROM `address` [ RunTime:0.000923s ]
[2023-04-24T01:03:58+08:00][sql] SELECT * FROM `address` WHERE  `id` = 1 LIMIT 1 [ RunTime:0.000310s ]
[2023-04-24T01:03:58+08:00][sql] SELECT * FROM `address` WHERE  `id` = 2 LIMIT 1 [ RunTime:0.000219s ]
[2023-04-24T01:18:52+08:00][sql] CONNECT:[ UseTime:0.000449s ] mysql:host=localhost;port=3316;dbname=coffee;charset=utf8
[2023-04-24T01:18:52+08:00][sql] SHOW FULL COLUMNS FROM `banner` [ RunTime:0.001307s ]
[2023-04-24T01:18:52+08:00][sql] SELECT * FROM `banner` [ RunTime:0.000252s ]
[2023-04-24T01:18:52+08:00][sql] SHOW FULL COLUMNS FROM `information` [ RunTime:0.001044s ]
[2023-04-24T01:18:52+08:00][sql] SELECT * FROM `information` ORDER BY `time` DESC LIMIT 1 [ RunTime:0.000336s ]
[2023-04-24T01:18:52+08:00][sql] SELECT * FROM `information` ORDER BY `time` DESC LIMIT 1,4 [ RunTime:0.000378s ]
[2023-04-24T01:18:52+08:00][sql] SHOW FULL COLUMNS FROM `course` [ RunTime:0.001195s ]
[2023-04-24T01:18:52+08:00][sql] SELECT `id`,`title` FROM `course` ORDER BY `sorting` ASC LIMIT 0,6 [ RunTime:0.000261s ]
[2023-04-24T01:18:52+08:00][sql] SHOW FULL COLUMNS FROM `teacher` [ RunTime:0.000937s ]
[2023-04-24T01:18:52+08:00][sql] SELECT * FROM `teacher` [ RunTime:0.000269s ]
[2023-04-24T01:18:52+08:00][sql] SHOW FULL COLUMNS FROM `address` [ RunTime:0.000922s ]
[2023-04-24T01:18:52+08:00][sql] SELECT * FROM `address` WHERE  `id` = 1 LIMIT 1 [ RunTime:0.000290s ]
[2023-04-24T01:18:52+08:00][sql] SELECT * FROM `address` WHERE  `id` = 2 LIMIT 1 [ RunTime:0.000240s ]
[2023-04-24T01:22:51+08:00][sql] CONNECT:[ UseTime:0.000427s ] mysql:host=localhost;port=3316;dbname=coffee;charset=utf8
[2023-04-24T01:22:51+08:00][sql] SHOW FULL COLUMNS FROM `banner` [ RunTime:0.001788s ]
[2023-04-24T01:22:51+08:00][sql] SELECT * FROM `banner` [ RunTime:0.000286s ]
[2023-04-24T01:22:51+08:00][sql] SHOW FULL COLUMNS FROM `information` [ RunTime:0.001005s ]
[2023-04-24T01:22:51+08:00][sql] SELECT * FROM `information` ORDER BY `time` DESC LIMIT 1 [ RunTime:0.000324s ]
[2023-04-24T01:22:51+08:00][sql] SELECT * FROM `information` ORDER BY `time` DESC LIMIT 1,4 [ RunTime:0.000328s ]
[2023-04-24T01:22:51+08:00][sql] SHOW FULL COLUMNS FROM `course` [ RunTime:0.001191s ]
[2023-04-24T01:22:51+08:00][sql] SELECT `id`,`title` FROM `course` ORDER BY `sorting` ASC LIMIT 0,6 [ RunTime:0.000253s ]
[2023-04-24T01:22:51+08:00][sql] SHOW FULL COLUMNS FROM `teacher` [ RunTime:0.000907s ]
[2023-04-24T01:22:51+08:00][sql] SELECT * FROM `teacher` [ RunTime:0.000271s ]
[2023-04-24T01:22:51+08:00][sql] SHOW FULL COLUMNS FROM `address` [ RunTime:0.000991s ]
[2023-04-24T01:22:51+08:00][sql] SELECT * FROM `address` WHERE  `id` = 1 LIMIT 1 [ RunTime:0.000641s ]
[2023-04-24T01:22:51+08:00][sql] SELECT * FROM `address` WHERE  `id` = 2 LIMIT 1 [ RunTime:0.000238s ]
[2023-04-24T01:49:20+08:00][sql] CONNECT:[ UseTime:0.000418s ] mysql:host=localhost;port=3316;dbname=coffee;charset=utf8
[2023-04-24T01:49:20+08:00][sql] SHOW FULL COLUMNS FROM `banner` [ RunTime:0.001219s ]
[2023-04-24T01:49:20+08:00][sql] SELECT * FROM `banner` [ RunTime:0.000281s ]
[2023-04-24T01:49:20+08:00][sql] SHOW FULL COLUMNS FROM `information` [ RunTime:0.000956s ]
[2023-04-24T01:49:20+08:00][sql] SELECT * FROM `information` ORDER BY `time` DESC LIMIT 1 [ RunTime:0.000328s ]
[2023-04-24T01:49:20+08:00][sql] SELECT * FROM `information` ORDER BY `time` DESC LIMIT 1,4 [ RunTime:0.000388s ]
[2023-04-24T01:49:20+08:00][sql] SHOW FULL COLUMNS FROM `course` [ RunTime:0.001109s ]
[2023-04-24T01:49:20+08:00][sql] SELECT `id`,`title` FROM `course` ORDER BY `sorting` ASC LIMIT 0,6 [ RunTime:0.000260s ]
[2023-04-24T01:49:20+08:00][sql] SHOW FULL COLUMNS FROM `teacher` [ RunTime:0.000970s ]
[2023-04-24T01:49:20+08:00][sql] SELECT * FROM `teacher` [ RunTime:0.000258s ]
[2023-04-24T01:49:20+08:00][sql] SHOW FULL COLUMNS FROM `address` [ RunTime:0.000884s ]
[2023-04-24T01:49:20+08:00][sql] SELECT * FROM `address` WHERE  `id` = 1 LIMIT 1 [ RunTime:0.000280s ]
[2023-04-24T01:49:20+08:00][sql] SELECT * FROM `address` WHERE  `id` = 2 LIMIT 1 [ RunTime:0.000246s ]
[2023-04-24T01:49:20+08:00][sql] CONNECT:[ UseTime:0.000410s ] mysql:host=localhost;port=3316;dbname=coffee;charset=utf8
[2023-04-24T01:49:20+08:00][sql] SHOW FULL COLUMNS FROM `banner` [ RunTime:0.001250s ]
[2023-04-24T01:49:20+08:00][sql] SELECT * FROM `banner` [ RunTime:0.000251s ]
[2023-04-24T01:49:20+08:00][sql] SHOW FULL COLUMNS FROM `information` [ RunTime:0.000969s ]
[2023-04-24T01:49:20+08:00][sql] SELECT * FROM `information` ORDER BY `time` DESC LIMIT 1 [ RunTime:0.000377s ]
[2023-04-24T01:49:20+08:00][sql] SELECT * FROM `information` ORDER BY `time` DESC LIMIT 1,4 [ RunTime:0.000390s ]
[2023-04-24T01:49:20+08:00][sql] SHOW FULL COLUMNS FROM `course` [ RunTime:0.001052s ]
[2023-04-24T01:49:20+08:00][sql] SELECT `id`,`title` FROM `course` ORDER BY `sorting` ASC LIMIT 0,6 [ RunTime:0.000282s ]
[2023-04-24T01:49:20+08:00][sql] SHOW FULL COLUMNS FROM `teacher` [ RunTime:0.000958s ]
[2023-04-24T01:49:20+08:00][sql] SELECT * FROM `teacher` [ RunTime:0.000262s ]
[2023-04-24T01:49:20+08:00][sql] SHOW FULL COLUMNS FROM `address` [ RunTime:0.000945s ]
[2023-04-24T01:49:20+08:00][sql] SELECT * FROM `address` WHERE  `id` = 1 LIMIT 1 [ RunTime:0.000279s ]
[2023-04-24T01:49:20+08:00][sql] SELECT * FROM `address` WHERE  `id` = 2 LIMIT 1 [ RunTime:0.000255s ]
[2023-04-24T01:54:25+08:00][sql] CONNECT:[ UseTime:0.000408s ] mysql:host=localhost;port=3316;dbname=coffee;charset=utf8
[2023-04-24T01:54:25+08:00][sql] SHOW FULL COLUMNS FROM `banner` [ RunTime:0.001254s ]
[2023-04-24T01:54:25+08:00][sql] SELECT * FROM `banner` [ RunTime:0.000218s ]
[2023-04-24T01:54:25+08:00][sql] SHOW FULL COLUMNS FROM `information` [ RunTime:0.000916s ]
[2023-04-24T01:54:25+08:00][sql] SELECT * FROM `information` ORDER BY `time` DESC LIMIT 1 [ RunTime:0.000306s ]
[2023-04-24T01:54:25+08:00][sql] SELECT * FROM `information` ORDER BY `time` DESC LIMIT 1,4 [ RunTime:0.000320s ]
[2023-04-24T01:54:25+08:00][sql] SHOW FULL COLUMNS FROM `course` [ RunTime:0.001066s ]
[2023-04-24T01:54:25+08:00][sql] SELECT `id`,`title` FROM `course` ORDER BY `sorting` ASC LIMIT 0,6 [ RunTime:0.000226s ]
[2023-04-24T01:54:25+08:00][sql] SHOW FULL COLUMNS FROM `teacher` [ RunTime:0.000841s ]
[2023-04-24T01:54:25+08:00][sql] SELECT * FROM `teacher` [ RunTime:0.000232s ]
[2023-04-24T01:54:25+08:00][sql] SHOW FULL COLUMNS FROM `address` [ RunTime:0.000843s ]
[2023-04-24T01:54:25+08:00][sql] SELECT * FROM `address` WHERE  `id` = 1 LIMIT 1 [ RunTime:0.000222s ]
[2023-04-24T01:54:25+08:00][sql] SELECT * FROM `address` WHERE  `id` = 2 LIMIT 1 [ RunTime:0.000199s ]
[2023-04-24T01:54:25+08:00][sql] CONNECT:[ UseTime:0.000327s ] mysql:host=localhost;port=3316;dbname=coffee;charset=utf8
[2023-04-24T01:54:25+08:00][sql] SHOW FULL COLUMNS FROM `banner` [ RunTime:0.001173s ]
[2023-04-24T01:54:25+08:00][sql] SELECT * FROM `banner` [ RunTime:0.000216s ]
[2023-04-24T01:54:25+08:00][sql] SHOW FULL COLUMNS FROM `information` [ RunTime:0.000975s ]
[2023-04-24T01:54:25+08:00][sql] SELECT * FROM `information` ORDER BY `time` DESC LIMIT 1 [ RunTime:0.000280s ]
[2023-04-24T01:54:25+08:00][sql] SELECT * FROM `information` ORDER BY `time` DESC LIMIT 1,4 [ RunTime:0.000355s ]
[2023-04-24T01:54:25+08:00][sql] SHOW FULL COLUMNS FROM `course` [ RunTime:0.001045s ]
[2023-04-24T01:54:25+08:00][sql] SELECT `id`,`title` FROM `course` ORDER BY `sorting` ASC LIMIT 0,6 [ RunTime:0.000222s ]
[2023-04-24T01:54:25+08:00][sql] SHOW FULL COLUMNS FROM `teacher` [ RunTime:0.000915s ]
[2023-04-24T01:54:25+08:00][sql] SELECT * FROM `teacher` [ RunTime:0.000228s ]
[2023-04-24T01:54:25+08:00][sql] SHOW FULL COLUMNS FROM `address` [ RunTime:0.000892s ]
[2023-04-24T01:54:25+08:00][sql] SELECT * FROM `address` WHERE  `id` = 1 LIMIT 1 [ RunTime:0.000274s ]
[2023-04-24T01:54:25+08:00][sql] SELECT * FROM `address` WHERE  `id` = 2 LIMIT 1 [ RunTime:0.000207s ]
[2023-04-24T01:56:08+08:00][sql] CONNECT:[ UseTime:0.000368s ] mysql:host=localhost;port=3316;dbname=coffee;charset=utf8
[2023-04-24T01:56:08+08:00][sql] SHOW FULL COLUMNS FROM `banner` [ RunTime:0.001213s ]
[2023-04-24T01:56:08+08:00][sql] SELECT * FROM `banner` [ RunTime:0.000218s ]
[2023-04-24T01:56:08+08:00][sql] SHOW FULL COLUMNS FROM `information` [ RunTime:0.000969s ]
[2023-04-24T01:56:08+08:00][sql] SELECT * FROM `information` ORDER BY `time` DESC LIMIT 1 [ RunTime:0.000334s ]
[2023-04-24T01:56:08+08:00][sql] SELECT * FROM `information` ORDER BY `time` DESC LIMIT 1,4 [ RunTime:0.000325s ]
[2023-04-24T01:56:08+08:00][sql] SHOW FULL COLUMNS FROM `course` [ RunTime:0.001077s ]
[2023-04-24T01:56:08+08:00][sql] SELECT `id`,`title` FROM `course` ORDER BY `sorting` ASC LIMIT 0,6 [ RunTime:0.000265s ]
[2023-04-24T01:56:08+08:00][sql] SHOW FULL COLUMNS FROM `teacher` [ RunTime:0.000923s ]
[2023-04-24T01:56:08+08:00][sql] SELECT * FROM `teacher` [ RunTime:0.000263s ]
[2023-04-24T01:56:08+08:00][sql] SHOW FULL COLUMNS FROM `address` [ RunTime:0.000912s ]
[2023-04-24T01:56:08+08:00][sql] SELECT * FROM `address` WHERE  `id` = 1 LIMIT 1 [ RunTime:0.000243s ]
[2023-04-24T01:56:08+08:00][sql] SELECT * FROM `address` WHERE  `id` = 2 LIMIT 1 [ RunTime:0.000232s ]
[2023-04-24T01:56:08+08:00][sql] CONNECT:[ UseTime:0.000396s ] mysql:host=localhost;port=3316;dbname=coffee;charset=utf8
[2023-04-24T01:56:08+08:00][sql] SHOW FULL COLUMNS FROM `banner` [ RunTime:0.001265s ]
[2023-04-24T01:56:08+08:00][sql] SELECT * FROM `banner` [ RunTime:0.000255s ]
[2023-04-24T01:56:08+08:00][sql] SHOW FULL COLUMNS FROM `information` [ RunTime:0.000976s ]
[2023-04-24T01:56:08+08:00][sql] SELECT * FROM `information` ORDER BY `time` DESC LIMIT 1 [ RunTime:0.000361s ]
[2023-04-24T01:56:08+08:00][sql] SELECT * FROM `information` ORDER BY `time` DESC LIMIT 1,4 [ RunTime:0.000379s ]
[2023-04-24T01:56:08+08:00][sql] SHOW FULL COLUMNS FROM `course` [ RunTime:0.001076s ]
[2023-04-24T01:56:08+08:00][sql] SELECT `id`,`title` FROM `course` ORDER BY `sorting` ASC LIMIT 0,6 [ RunTime:0.000271s ]
[2023-04-24T01:56:08+08:00][sql] SHOW FULL COLUMNS FROM `teacher` [ RunTime:0.000873s ]
[2023-04-24T01:56:08+08:00][sql] SELECT * FROM `teacher` [ RunTime:0.000285s ]
[2023-04-24T01:56:08+08:00][sql] SHOW FULL COLUMNS FROM `address` [ RunTime:0.000931s ]
[2023-04-24T01:56:08+08:00][sql] SELECT * FROM `address` WHERE  `id` = 1 LIMIT 1 [ RunTime:0.000280s ]
[2023-04-24T01:56:08+08:00][sql] SELECT * FROM `address` WHERE  `id` = 2 LIMIT 1 [ RunTime:0.000265s ]
[2023-04-24T02:11:22+08:00][sql] CONNECT:[ UseTime:0.000424s ] mysql:host=localhost;port=3316;dbname=coffee;charset=utf8
[2023-04-24T02:11:22+08:00][sql] SHOW FULL COLUMNS FROM `banner` [ RunTime:0.001315s ]
[2023-04-24T02:11:22+08:00][sql] SELECT * FROM `banner` [ RunTime:0.000253s ]
[2023-04-24T02:11:22+08:00][sql] SHOW FULL COLUMNS FROM `information` [ RunTime:0.001018s ]
[2023-04-24T02:11:22+08:00][sql] SELECT * FROM `information` ORDER BY `time` DESC LIMIT 1 [ RunTime:0.000333s ]
[2023-04-24T02:11:22+08:00][sql] SELECT * FROM `information` ORDER BY `time` DESC LIMIT 1,4 [ RunTime:0.000400s ]
[2023-04-24T02:11:22+08:00][sql] SHOW FULL COLUMNS FROM `course` [ RunTime:0.001350s ]
[2023-04-24T02:11:22+08:00][sql] SELECT `id`,`title` FROM `course` ORDER BY `sorting` ASC LIMIT 0,6 [ RunTime:0.000233s ]
[2023-04-24T02:11:22+08:00][sql] SHOW FULL COLUMNS FROM `teacher` [ RunTime:0.000943s ]
[2023-04-24T02:11:22+08:00][sql] SELECT * FROM `teacher` [ RunTime:0.000274s ]
[2023-04-24T02:11:22+08:00][sql] SHOW FULL COLUMNS FROM `address` [ RunTime:0.000973s ]
[2023-04-24T02:11:22+08:00][sql] SELECT * FROM `address` WHERE  `id` = 1 LIMIT 1 [ RunTime:0.000320s ]
[2023-04-24T02:11:22+08:00][sql] SELECT * FROM `address` WHERE  `id` = 2 LIMIT 1 [ RunTime:0.000237s ]
[2023-04-24T02:11:22+08:00][sql] CONNECT:[ UseTime:0.000417s ] mysql:host=localhost;port=3316;dbname=coffee;charset=utf8
[2023-04-24T02:11:22+08:00][sql] SHOW FULL COLUMNS FROM `banner` [ RunTime:0.001233s ]
[2023-04-24T02:11:22+08:00][sql] SELECT * FROM `banner` [ RunTime:0.000212s ]
[2023-04-24T02:11:22+08:00][sql] SHOW FULL COLUMNS FROM `information` [ RunTime:0.000970s ]
[2023-04-24T02:11:22+08:00][sql] SELECT * FROM `information` ORDER BY `time` DESC LIMIT 1 [ RunTime:0.000300s ]
[2023-04-24T02:11:22+08:00][sql] SELECT * FROM `information` ORDER BY `time` DESC LIMIT 1,4 [ RunTime:0.000321s ]
[2023-04-24T02:11:22+08:00][sql] SHOW FULL COLUMNS FROM `course` [ RunTime:0.001042s ]
[2023-04-24T02:11:22+08:00][sql] SELECT `id`,`title` FROM `course` ORDER BY `sorting` ASC LIMIT 0,6 [ RunTime:0.000232s ]
[2023-04-24T02:11:22+08:00][sql] SHOW FULL COLUMNS FROM `teacher` [ RunTime:0.000901s ]
[2023-04-24T02:11:22+08:00][sql] SELECT * FROM `teacher` [ RunTime:0.000296s ]
[2023-04-24T02:11:22+08:00][sql] SHOW FULL COLUMNS FROM `address` [ RunTime:0.000945s ]
[2023-04-24T02:11:22+08:00][sql] SELECT * FROM `address` WHERE  `id` = 1 LIMIT 1 [ RunTime:0.000259s ]
[2023-04-24T02:11:22+08:00][sql] SELECT * FROM `address` WHERE  `id` = 2 LIMIT 1 [ RunTime:0.000222s ]
[2023-04-24T02:23:51+08:00][sql] CONNECT:[ UseTime:0.000381s ] mysql:host=localhost;port=3316;dbname=coffee;charset=utf8
[2023-04-24T02:23:51+08:00][sql] SHOW FULL COLUMNS FROM `banner` [ RunTime:0.001228s ]
[2023-04-24T02:23:51+08:00][sql] SELECT * FROM `banner` [ RunTime:0.000258s ]
[2023-04-24T02:23:51+08:00][sql] SHOW FULL COLUMNS FROM `information` [ RunTime:0.000965s ]
[2023-04-24T02:23:51+08:00][sql] SELECT * FROM `information` ORDER BY `time` DESC LIMIT 1 [ RunTime:0.000294s ]
[2023-04-24T02:23:51+08:00][sql] SELECT * FROM `information` ORDER BY `time` DESC LIMIT 1,4 [ RunTime:0.000489s ]
[2023-04-24T02:23:51+08:00][sql] SHOW FULL COLUMNS FROM `course` [ RunTime:0.001129s ]
[2023-04-24T02:23:51+08:00][sql] SELECT `id`,`title` FROM `course` ORDER BY `sorting` ASC LIMIT 0,6 [ RunTime:0.000238s ]
[2023-04-24T02:23:51+08:00][sql] SHOW FULL COLUMNS FROM `teacher` [ RunTime:0.000935s ]
[2023-04-24T02:23:51+08:00][sql] SELECT * FROM `teacher` [ RunTime:0.000222s ]
[2023-04-24T02:23:51+08:00][sql] SHOW FULL COLUMNS FROM `address` [ RunTime:0.000902s ]
[2023-04-24T02:23:51+08:00][sql] SELECT * FROM `address` WHERE  `id` = 1 LIMIT 1 [ RunTime:0.000268s ]
[2023-04-24T02:23:51+08:00][sql] SELECT * FROM `address` WHERE  `id` = 2 LIMIT 1 [ RunTime:0.000220s ]
[2023-04-24T02:28:21+08:00][sql] CONNECT:[ UseTime:0.000371s ] mysql:host=localhost;port=3316;dbname=coffee;charset=utf8
[2023-04-24T02:28:21+08:00][sql] SHOW FULL COLUMNS FROM `banner` [ RunTime:0.001242s ]
[2023-04-24T02:28:21+08:00][sql] SELECT * FROM `banner` [ RunTime:0.000216s ]
[2023-04-24T02:28:21+08:00][sql] SHOW FULL COLUMNS FROM `information` [ RunTime:0.000933s ]
[2023-04-24T02:28:21+08:00][sql] SELECT * FROM `information` ORDER BY `time` DESC LIMIT 1 [ RunTime:0.000325s ]
[2023-04-24T02:28:21+08:00][sql] SELECT * FROM `information` ORDER BY `time` DESC LIMIT 1,4 [ RunTime:0.000342s ]
[2023-04-24T02:28:21+08:00][sql] SHOW FULL COLUMNS FROM `course` [ RunTime:0.001100s ]
[2023-04-24T02:28:21+08:00][sql] SELECT `id`,`title` FROM `course` ORDER BY `sorting` ASC LIMIT 0,6 [ RunTime:0.000270s ]
[2023-04-24T02:28:21+08:00][sql] SHOW FULL COLUMNS FROM `teacher` [ RunTime:0.000915s ]
[2023-04-24T02:28:21+08:00][sql] SELECT * FROM `teacher` [ RunTime:0.000258s ]
[2023-04-24T02:28:21+08:00][sql] SHOW FULL COLUMNS FROM `address` [ RunTime:0.000928s ]
[2023-04-24T02:28:21+08:00][sql] SELECT * FROM `address` WHERE  `id` = 1 LIMIT 1 [ RunTime:0.000289s ]
[2023-04-24T02:28:21+08:00][sql] SELECT * FROM `address` WHERE  `id` = 2 LIMIT 1 [ RunTime:0.000240s ]
[2023-04-24T02:58:33+08:00][sql] CONNECT:[ UseTime:0.000389s ] mysql:host=localhost;port=3316;dbname=coffee;charset=utf8
[2023-04-24T02:58:33+08:00][sql] SHOW FULL COLUMNS FROM `banner` [ RunTime:0.001264s ]
[2023-04-24T02:58:33+08:00][sql] SELECT * FROM `banner` [ RunTime:0.000218s ]
[2023-04-24T02:58:33+08:00][sql] SHOW FULL COLUMNS FROM `information` [ RunTime:0.000950s ]
[2023-04-24T02:58:33+08:00][sql] SELECT * FROM `information` ORDER BY `time` DESC LIMIT 1 [ RunTime:0.000285s ]
[2023-04-24T02:58:33+08:00][sql] SELECT * FROM `information` ORDER BY `time` DESC LIMIT 1,4 [ RunTime:0.000353s ]
[2023-04-24T02:58:33+08:00][sql] SHOW FULL COLUMNS FROM `course` [ RunTime:0.001110s ]
[2023-04-24T02:58:33+08:00][sql] SELECT `id`,`title` FROM `course` ORDER BY `sorting` ASC LIMIT 0,6 [ RunTime:0.000226s ]
[2023-04-24T02:58:33+08:00][sql] SHOW FULL COLUMNS FROM `teacher` [ RunTime:0.000872s ]
[2023-04-24T02:58:33+08:00][sql] SELECT * FROM `teacher` [ RunTime:0.000223s ]
[2023-04-24T02:58:33+08:00][sql] SHOW FULL COLUMNS FROM `address` [ RunTime:0.000888s ]
[2023-04-24T02:58:33+08:00][sql] SELECT * FROM `address` WHERE  `id` = 1 LIMIT 1 [ RunTime:0.000290s ]
[2023-04-24T02:58:33+08:00][sql] SELECT * FROM `address` WHERE  `id` = 2 LIMIT 1 [ RunTime:0.000208s ]
[2023-04-24T04:08:45+08:00][sql] CONNECT:[ UseTime:0.013568s ] mysql:host=localhost;port=3316;dbname=coffee;charset=utf8
[2023-04-24T04:08:45+08:00][sql] SHOW FULL COLUMNS FROM `banner` [ RunTime:0.003008s ]
[2023-04-24T04:08:45+08:00][sql] SELECT * FROM `banner` [ RunTime:0.000394s ]
[2023-04-24T04:08:45+08:00][sql] SHOW FULL COLUMNS FROM `information` [ RunTime:0.001567s ]
[2023-04-24T04:08:45+08:00][sql] SELECT * FROM `information` ORDER BY `time` DESC LIMIT 1 [ RunTime:0.000485s ]
[2023-04-24T04:08:45+08:00][sql] SELECT * FROM `information` ORDER BY `time` DESC LIMIT 1,4 [ RunTime:0.000554s ]
[2023-04-24T04:08:45+08:00][sql] SHOW FULL COLUMNS FROM `course` [ RunTime:0.001810s ]
[2023-04-24T04:08:45+08:00][sql] SELECT `id`,`title` FROM `course` ORDER BY `sorting` ASC LIMIT 0,6 [ RunTime:0.000299s ]
[2023-04-24T04:08:45+08:00][sql] SHOW FULL COLUMNS FROM `teacher` [ RunTime:0.001305s ]
[2023-04-24T04:08:45+08:00][sql] SELECT * FROM `teacher` [ RunTime:0.000278s ]
[2023-04-24T04:08:45+08:00][sql] SHOW FULL COLUMNS FROM `address` [ RunTime:0.001383s ]
[2023-04-24T04:08:45+08:00][sql] SELECT * FROM `address` WHERE  `id` = 1 LIMIT 1 [ RunTime:0.000313s ]
[2023-04-24T04:08:45+08:00][sql] SELECT * FROM `address` WHERE  `id` = 2 LIMIT 1 [ RunTime:0.000272s ]
[2023-04-24T05:38:15+08:00][sql] CONNECT:[ UseTime:0.000390s ] mysql:host=localhost;port=3316;dbname=coffee;charset=utf8
[2023-04-24T05:38:15+08:00][sql] SHOW FULL COLUMNS FROM `banner` [ RunTime:0.001247s ]
[2023-04-24T05:38:15+08:00][sql] SELECT * FROM `banner` [ RunTime:0.000219s ]
[2023-04-24T05:38:15+08:00][sql] SHOW FULL COLUMNS FROM `information` [ RunTime:0.000911s ]
[2023-04-24T05:38:15+08:00][sql] SELECT * FROM `information` ORDER BY `time` DESC LIMIT 1 [ RunTime:0.000299s ]
[2023-04-24T05:38:15+08:00][sql] SELECT * FROM `information` ORDER BY `time` DESC LIMIT 1,4 [ RunTime:0.000314s ]
[2023-04-24T05:38:15+08:00][sql] SHOW FULL COLUMNS FROM `course` [ RunTime:0.001123s ]
[2023-04-24T05:38:15+08:00][sql] SELECT `id`,`title` FROM `course` ORDER BY `sorting` ASC LIMIT 0,6 [ RunTime:0.000242s ]
[2023-04-24T05:38:15+08:00][sql] SHOW FULL COLUMNS FROM `teacher` [ RunTime:0.000887s ]
[2023-04-24T05:38:15+08:00][sql] SELECT * FROM `teacher` [ RunTime:0.000228s ]
[2023-04-24T05:38:15+08:00][sql] SHOW FULL COLUMNS FROM `address` [ RunTime:0.000902s ]
[2023-04-24T05:38:15+08:00][sql] SELECT * FROM `address` WHERE  `id` = 1 LIMIT 1 [ RunTime:0.000232s ]
[2023-04-24T05:38:15+08:00][sql] SELECT * FROM `address` WHERE  `id` = 2 LIMIT 1 [ RunTime:0.000205s ]
[2023-04-24T05:45:56+08:00][sql] CONNECT:[ UseTime:0.000424s ] mysql:host=localhost;port=3316;dbname=coffee;charset=utf8
[2023-04-24T05:45:56+08:00][sql] SHOW FULL COLUMNS FROM `banner` [ RunTime:0.001240s ]
[2023-04-24T05:45:56+08:00][sql] SELECT * FROM `banner` [ RunTime:0.000219s ]
[2023-04-24T05:45:56+08:00][sql] SHOW FULL COLUMNS FROM `information` [ RunTime:0.001011s ]
[2023-04-24T05:45:56+08:00][sql] SELECT * FROM `information` ORDER BY `time` DESC LIMIT 1 [ RunTime:0.000320s ]
[2023-04-24T05:45:56+08:00][sql] SELECT * FROM `information` ORDER BY `time` DESC LIMIT 1,4 [ RunTime:0.000323s ]
[2023-04-24T05:45:56+08:00][sql] SHOW FULL COLUMNS FROM `course` [ RunTime:0.001047s ]
[2023-04-24T05:45:56+08:00][sql] SELECT `id`,`title` FROM `course` ORDER BY `sorting` ASC LIMIT 0,6 [ RunTime:0.000241s ]
[2023-04-24T05:45:56+08:00][sql] SHOW FULL COLUMNS FROM `teacher` [ RunTime:0.000869s ]
[2023-04-24T05:45:56+08:00][sql] SELECT * FROM `teacher` [ RunTime:0.000220s ]
[2023-04-24T05:45:56+08:00][sql] SHOW FULL COLUMNS FROM `address` [ RunTime:0.000909s ]
[2023-04-24T05:45:56+08:00][sql] SELECT * FROM `address` WHERE  `id` = 1 LIMIT 1 [ RunTime:0.000244s ]
[2023-04-24T05:45:56+08:00][sql] SELECT * FROM `address` WHERE  `id` = 2 LIMIT 1 [ RunTime:0.000206s ]
[2023-04-24T05:46:34+08:00][sql] CONNECT:[ UseTime:0.000419s ] mysql:host=localhost;port=3316;dbname=coffee;charset=utf8
[2023-04-24T05:46:34+08:00][sql] SHOW FULL COLUMNS FROM `banner` [ RunTime:0.001272s ]
[2023-04-24T05:46:34+08:00][sql] SELECT * FROM `banner` [ RunTime:0.000269s ]
[2023-04-24T05:46:34+08:00][sql] SHOW FULL COLUMNS FROM `information` [ RunTime:0.000998s ]
[2023-04-24T05:46:34+08:00][sql] SELECT * FROM `information` ORDER BY `time` DESC LIMIT 1 [ RunTime:0.000331s ]
[2023-04-24T05:46:34+08:00][sql] SELECT * FROM `information` ORDER BY `time` DESC LIMIT 1,4 [ RunTime:0.000406s ]
[2023-04-24T05:46:34+08:00][sql] SHOW FULL COLUMNS FROM `course` [ RunTime:0.001096s ]
[2023-04-24T05:46:34+08:00][sql] SELECT `id`,`title` FROM `course` ORDER BY `sorting` ASC LIMIT 0,6 [ RunTime:0.000263s ]
[2023-04-24T05:46:34+08:00][sql] SHOW FULL COLUMNS FROM `teacher` [ RunTime:0.000974s ]
[2023-04-24T05:46:34+08:00][sql] SELECT * FROM `teacher` [ RunTime:0.000284s ]
[2023-04-24T05:46:34+08:00][sql] SHOW FULL COLUMNS FROM `address` [ RunTime:0.000937s ]
[2023-04-24T05:46:34+08:00][sql] SELECT * FROM `address` WHERE  `id` = 1 LIMIT 1 [ RunTime:0.000277s ]
[2023-04-24T05:46:34+08:00][sql] SELECT * FROM `address` WHERE  `id` = 2 LIMIT 1 [ RunTime:0.000258s ]
[2023-04-24T05:50:35+08:00][sql] CONNECT:[ UseTime:0.000466s ] mysql:host=localhost;port=3316;dbname=coffee;charset=utf8
[2023-04-24T05:50:35+08:00][sql] SHOW FULL COLUMNS FROM `banner` [ RunTime:0.002357s ]
[2023-04-24T05:50:35+08:00][sql] SELECT * FROM `banner` [ RunTime:0.000442s ]
[2023-04-24T05:50:35+08:00][sql] SHOW FULL COLUMNS FROM `information` [ RunTime:0.001048s ]
[2023-04-24T05:50:35+08:00][sql] SELECT * FROM `information` ORDER BY `time` DESC LIMIT 1 [ RunTime:0.000348s ]
[2023-04-24T05:50:35+08:00][sql] SELECT * FROM `information` ORDER BY `time` DESC LIMIT 1,4 [ RunTime:0.000379s ]
[2023-04-24T05:50:35+08:00][sql] SHOW FULL COLUMNS FROM `course` [ RunTime:0.001085s ]
[2023-04-24T05:50:35+08:00][sql] SELECT `id`,`title` FROM `course` ORDER BY `sorting` ASC LIMIT 0,6 [ RunTime:0.000265s ]
[2023-04-24T05:50:35+08:00][sql] SHOW FULL COLUMNS FROM `teacher` [ RunTime:0.000911s ]
[2023-04-24T05:50:35+08:00][sql] SELECT * FROM `teacher` [ RunTime:0.000262s ]
[2023-04-24T05:50:35+08:00][sql] SHOW FULL COLUMNS FROM `address` [ RunTime:0.000942s ]
[2023-04-24T05:50:35+08:00][sql] SELECT * FROM `address` WHERE  `id` = 1 LIMIT 1 [ RunTime:0.000273s ]
[2023-04-24T05:50:35+08:00][sql] SELECT * FROM `address` WHERE  `id` = 2 LIMIT 1 [ RunTime:0.000241s ]
[2023-04-24T05:50:36+08:00][sql] CONNECT:[ UseTime:0.000494s ] mysql:host=localhost;port=3316;dbname=coffee;charset=utf8
[2023-04-24T05:50:36+08:00][sql] SHOW FULL COLUMNS FROM `banner` [ RunTime:0.001604s ]
[2023-04-24T05:50:36+08:00][sql] SELECT * FROM `banner` [ RunTime:0.000602s ]
[2023-04-24T05:50:36+08:00][sql] SHOW FULL COLUMNS FROM `information` [ RunTime:0.002339s ]
[2023-04-24T05:50:36+08:00][sql] SELECT * FROM `information` ORDER BY `time` DESC LIMIT 1 [ RunTime:0.000389s ]
[2023-04-24T05:50:36+08:00][sql] SELECT * FROM `information` ORDER BY `time` DESC LIMIT 1,4 [ RunTime:0.000413s ]
[2023-04-24T05:50:36+08:00][sql] SHOW FULL COLUMNS FROM `course` [ RunTime:0.001415s ]
[2023-04-24T05:50:36+08:00][sql] SELECT `id`,`title` FROM `course` ORDER BY `sorting` ASC LIMIT 0,6 [ RunTime:0.000277s ]
[2023-04-24T05:50:36+08:00][sql] SHOW FULL COLUMNS FROM `teacher` [ RunTime:0.001449s ]
[2023-04-24T05:50:36+08:00][sql] SELECT * FROM `teacher` [ RunTime:0.000283s ]
[2023-04-24T05:50:36+08:00][sql] SHOW FULL COLUMNS FROM `address` [ RunTime:0.001179s ]
[2023-04-24T05:50:36+08:00][sql] SELECT * FROM `address` WHERE  `id` = 1 LIMIT 1 [ RunTime:0.000298s ]
[2023-04-24T05:50:36+08:00][sql] SELECT * FROM `address` WHERE  `id` = 2 LIMIT 1 [ RunTime:0.000275s ]
[2023-04-24T05:53:55+08:00][sql] CONNECT:[ UseTime:0.000399s ] mysql:host=localhost;port=3316;dbname=coffee;charset=utf8
[2023-04-24T05:53:55+08:00][sql] SHOW FULL COLUMNS FROM `banner` [ RunTime:0.001233s ]
[2023-04-24T05:53:55+08:00][sql] SELECT * FROM `banner` [ RunTime:0.000312s ]
[2023-04-24T05:53:55+08:00][sql] SHOW FULL COLUMNS FROM `information` [ RunTime:0.001057s ]
[2023-04-24T05:53:55+08:00][sql] SELECT * FROM `information` ORDER BY `time` DESC LIMIT 1 [ RunTime:0.000333s ]
[2023-04-24T05:53:55+08:00][sql] SELECT * FROM `information` ORDER BY `time` DESC LIMIT 1,4 [ RunTime:0.000386s ]
[2023-04-24T05:53:55+08:00][sql] SHOW FULL COLUMNS FROM `course` [ RunTime:0.001077s ]
[2023-04-24T05:53:55+08:00][sql] SELECT `id`,`title` FROM `course` ORDER BY `sorting` ASC LIMIT 0,6 [ RunTime:0.000264s ]
[2023-04-24T05:53:55+08:00][sql] SHOW FULL COLUMNS FROM `teacher` [ RunTime:0.000925s ]
[2023-04-24T05:53:55+08:00][sql] SELECT * FROM `teacher` [ RunTime:0.000269s ]
[2023-04-24T05:53:55+08:00][sql] SHOW FULL COLUMNS FROM `address` [ RunTime:0.000902s ]
[2023-04-24T05:53:55+08:00][sql] SELECT * FROM `address` WHERE  `id` = 1 LIMIT 1 [ RunTime:0.000273s ]
[2023-04-24T05:53:55+08:00][sql] SELECT * FROM `address` WHERE  `id` = 2 LIMIT 1 [ RunTime:0.000240s ]
[2023-04-24T05:53:55+08:00][sql] CONNECT:[ UseTime:0.000401s ] mysql:host=localhost;port=3316;dbname=coffee;charset=utf8
[2023-04-24T05:53:55+08:00][sql] SHOW FULL COLUMNS FROM `banner` [ RunTime:0.001327s ]
[2023-04-24T05:53:55+08:00][sql] SELECT * FROM `banner` [ RunTime:0.000255s ]
[2023-04-24T05:53:55+08:00][sql] SHOW FULL COLUMNS FROM `information` [ RunTime:0.000995s ]
[2023-04-24T05:53:55+08:00][sql] SELECT * FROM `information` ORDER BY `time` DESC LIMIT 1 [ RunTime:0.000331s ]
[2023-04-24T05:53:55+08:00][sql] SELECT * FROM `information` ORDER BY `time` DESC LIMIT 1,4 [ RunTime:0.000365s ]
[2023-04-24T05:53:55+08:00][sql] SHOW FULL COLUMNS FROM `course` [ RunTime:0.001045s ]
[2023-04-24T05:53:55+08:00][sql] SELECT `id`,`title` FROM `course` ORDER BY `sorting` ASC LIMIT 0,6 [ RunTime:0.000266s ]
[2023-04-24T05:53:55+08:00][sql] SHOW FULL COLUMNS FROM `teacher` [ RunTime:0.000981s ]
[2023-04-24T05:53:55+08:00][sql] SELECT * FROM `teacher` [ RunTime:0.000261s ]
[2023-04-24T05:53:55+08:00][sql] SHOW FULL COLUMNS FROM `address` [ RunTime:0.000923s ]
[2023-04-24T05:53:55+08:00][sql] SELECT * FROM `address` WHERE  `id` = 1 LIMIT 1 [ RunTime:0.000292s ]
[2023-04-24T05:53:55+08:00][sql] SELECT * FROM `address` WHERE  `id` = 2 LIMIT 1 [ RunTime:0.000250s ]
[2023-04-24T06:03:35+08:00][sql] CONNECT:[ UseTime:0.000373s ] mysql:host=localhost;port=3316;dbname=coffee;charset=utf8
[2023-04-24T06:03:35+08:00][sql] SHOW FULL COLUMNS FROM `banner` [ RunTime:0.001245s ]
[2023-04-24T06:03:35+08:00][sql] SELECT * FROM `banner` [ RunTime:0.000326s ]
[2023-04-24T06:03:35+08:00][sql] SHOW FULL COLUMNS FROM `information` [ RunTime:0.000981s ]
[2023-04-24T06:03:35+08:00][sql] SELECT * FROM `information` ORDER BY `time` DESC LIMIT 1 [ RunTime:0.000360s ]
[2023-04-24T06:03:35+08:00][sql] SELECT * FROM `information` ORDER BY `time` DESC LIMIT 1,4 [ RunTime:0.000394s ]
[2023-04-24T06:03:35+08:00][sql] SHOW FULL COLUMNS FROM `course` [ RunTime:0.001066s ]
[2023-04-24T06:03:35+08:00][sql] SELECT `id`,`title` FROM `course` ORDER BY `sorting` ASC LIMIT 0,6 [ RunTime:0.000302s ]
[2023-04-24T06:03:35+08:00][sql] SHOW FULL COLUMNS FROM `teacher` [ RunTime:0.000918s ]
[2023-04-24T06:03:35+08:00][sql] SELECT * FROM `teacher` [ RunTime:0.000255s ]
[2023-04-24T06:03:35+08:00][sql] SHOW FULL COLUMNS FROM `address` [ RunTime:0.000955s ]
[2023-04-24T06:03:35+08:00][sql] SELECT * FROM `address` WHERE  `id` = 1 LIMIT 1 [ RunTime:0.000303s ]
[2023-04-24T06:03:35+08:00][sql] SELECT * FROM `address` WHERE  `id` = 2 LIMIT 1 [ RunTime:0.000258s ]
[2023-04-24T06:49:59+08:00][sql] CONNECT:[ UseTime:0.000500s ] mysql:host=localhost;port=3316;dbname=coffee;charset=utf8
[2023-04-24T06:49:59+08:00][sql] SHOW FULL COLUMNS FROM `banner` [ RunTime:0.001226s ]
[2023-04-24T06:49:59+08:00][sql] SELECT * FROM `banner` [ RunTime:0.000254s ]
[2023-04-24T06:49:59+08:00][sql] SHOW FULL COLUMNS FROM `information` [ RunTime:0.000986s ]
[2023-04-24T06:49:59+08:00][sql] SELECT * FROM `information` ORDER BY `time` DESC LIMIT 1 [ RunTime:0.000335s ]
[2023-04-24T06:49:59+08:00][sql] SELECT * FROM `information` ORDER BY `time` DESC LIMIT 1,4 [ RunTime:0.000403s ]
[2023-04-24T06:49:59+08:00][sql] SHOW FULL COLUMNS FROM `course` [ RunTime:0.001091s ]
[2023-04-24T06:49:59+08:00][sql] SELECT `id`,`title` FROM `course` ORDER BY `sorting` ASC LIMIT 0,6 [ RunTime:0.000272s ]
[2023-04-24T06:49:59+08:00][sql] SHOW FULL COLUMNS FROM `teacher` [ RunTime:0.000912s ]
[2023-04-24T06:49:59+08:00][sql] SELECT * FROM `teacher` [ RunTime:0.000372s ]
[2023-04-24T06:49:59+08:00][sql] SHOW FULL COLUMNS FROM `address` [ RunTime:0.000994s ]
[2023-04-24T06:49:59+08:00][sql] SELECT * FROM `address` WHERE  `id` = 1 LIMIT 1 [ RunTime:0.000291s ]
[2023-04-24T06:49:59+08:00][sql] SELECT * FROM `address` WHERE  `id` = 2 LIMIT 1 [ RunTime:0.000277s ]
[2023-04-24T07:26:15+08:00][sql] CONNECT:[ UseTime:0.000382s ] mysql:host=localhost;port=3316;dbname=coffee;charset=utf8
[2023-04-24T07:26:15+08:00][sql] SHOW FULL COLUMNS FROM `banner` [ RunTime:0.001234s ]
[2023-04-24T07:26:15+08:00][sql] SELECT * FROM `banner` [ RunTime:0.000252s ]
[2023-04-24T07:26:15+08:00][sql] SHOW FULL COLUMNS FROM `information` [ RunTime:0.000980s ]
[2023-04-24T07:26:15+08:00][sql] SELECT * FROM `information` ORDER BY `time` DESC LIMIT 1 [ RunTime:0.000342s ]
[2023-04-24T07:26:15+08:00][sql] SELECT * FROM `information` ORDER BY `time` DESC LIMIT 1,4 [ RunTime:0.000372s ]
[2023-04-24T07:26:15+08:00][sql] SHOW FULL COLUMNS FROM `course` [ RunTime:0.001092s ]
[2023-04-24T07:26:15+08:00][sql] SELECT `id`,`title` FROM `course` ORDER BY `sorting` ASC LIMIT 0,6 [ RunTime:0.000265s ]
[2023-04-24T07:26:15+08:00][sql] SHOW FULL COLUMNS FROM `teacher` [ RunTime:0.000926s ]
[2023-04-24T07:26:15+08:00][sql] SELECT * FROM `teacher` [ RunTime:0.000255s ]
[2023-04-24T07:26:15+08:00][sql] SHOW FULL COLUMNS FROM `address` [ RunTime:0.000909s ]
[2023-04-24T07:26:15+08:00][sql] SELECT * FROM `address` WHERE  `id` = 1 LIMIT 1 [ RunTime:0.000301s ]
[2023-04-24T07:26:15+08:00][sql] SELECT * FROM `address` WHERE  `id` = 2 LIMIT 1 [ RunTime:0.000247s ]
[2023-04-24T07:31:37+08:00][sql] CONNECT:[ UseTime:0.000373s ] mysql:host=localhost;port=3316;dbname=coffee;charset=utf8
[2023-04-24T07:31:37+08:00][sql] SHOW FULL COLUMNS FROM `banner` [ RunTime:0.001224s ]
[2023-04-24T07:31:37+08:00][sql] SELECT * FROM `banner` [ RunTime:0.000308s ]
[2023-04-24T07:31:37+08:00][sql] SHOW FULL COLUMNS FROM `information` [ RunTime:0.001044s ]
[2023-04-24T07:31:37+08:00][sql] SELECT * FROM `information` ORDER BY `time` DESC LIMIT 1 [ RunTime:0.000329s ]
[2023-04-24T07:31:37+08:00][sql] SELECT * FROM `information` ORDER BY `time` DESC LIMIT 1,4 [ RunTime:0.000389s ]
[2023-04-24T07:31:37+08:00][sql] SHOW FULL COLUMNS FROM `course` [ RunTime:0.001103s ]
[2023-04-24T07:31:37+08:00][sql] SELECT `id`,`title` FROM `course` ORDER BY `sorting` ASC LIMIT 0,6 [ RunTime:0.000285s ]
[2023-04-24T07:31:37+08:00][sql] SHOW FULL COLUMNS FROM `teacher` [ RunTime:0.000911s ]
[2023-04-24T07:31:37+08:00][sql] SELECT * FROM `teacher` [ RunTime:0.000283s ]
[2023-04-24T07:31:37+08:00][sql] SHOW FULL COLUMNS FROM `address` [ RunTime:0.000895s ]
[2023-04-24T07:31:37+08:00][sql] SELECT * FROM `address` WHERE  `id` = 1 LIMIT 1 [ RunTime:0.000300s ]
[2023-04-24T07:31:37+08:00][sql] SELECT * FROM `address` WHERE  `id` = 2 LIMIT 1 [ RunTime:0.000243s ]
[2023-04-24T07:45:27+08:00][sql] CONNECT:[ UseTime:0.000399s ] mysql:host=localhost;port=3316;dbname=coffee;charset=utf8
[2023-04-24T07:45:27+08:00][sql] SHOW FULL COLUMNS FROM `banner` [ RunTime:0.001344s ]
[2023-04-24T07:45:27+08:00][sql] SELECT * FROM `banner` [ RunTime:0.000245s ]
[2023-04-24T07:45:27+08:00][sql] SHOW FULL COLUMNS FROM `information` [ RunTime:0.000998s ]
[2023-04-24T07:45:27+08:00][sql] SELECT * FROM `information` ORDER BY `time` DESC LIMIT 1 [ RunTime:0.000296s ]
[2023-04-24T07:45:27+08:00][sql] SELECT * FROM `information` ORDER BY `time` DESC LIMIT 1,4 [ RunTime:0.000348s ]
[2023-04-24T07:45:27+08:00][sql] SHOW FULL COLUMNS FROM `course` [ RunTime:0.001220s ]
[2023-04-24T07:45:27+08:00][sql] SELECT `id`,`title` FROM `course` ORDER BY `sorting` ASC LIMIT 0,6 [ RunTime:0.000272s ]
[2023-04-24T07:45:27+08:00][sql] SHOW FULL COLUMNS FROM `teacher` [ RunTime:0.000835s ]
[2023-04-24T07:45:27+08:00][sql] SELECT * FROM `teacher` [ RunTime:0.000227s ]
[2023-04-24T07:45:27+08:00][sql] SHOW FULL COLUMNS FROM `address` [ RunTime:0.000932s ]
[2023-04-24T07:45:27+08:00][sql] SELECT * FROM `address` WHERE  `id` = 1 LIMIT 1 [ RunTime:0.000239s ]
[2023-04-24T07:45:27+08:00][sql] SELECT * FROM `address` WHERE  `id` = 2 LIMIT 1 [ RunTime:0.000199s ]
[2023-04-24T07:52:55+08:00][sql] CONNECT:[ UseTime:0.000402s ] mysql:host=localhost;port=3316;dbname=coffee;charset=utf8
[2023-04-24T07:52:55+08:00][sql] SHOW FULL COLUMNS FROM `banner` [ RunTime:0.001265s ]
[2023-04-24T07:52:55+08:00][sql] SELECT * FROM `banner` [ RunTime:0.000215s ]
[2023-04-24T07:52:55+08:00][sql] SHOW FULL COLUMNS FROM `information` [ RunTime:0.000979s ]
[2023-04-24T07:52:55+08:00][sql] SELECT * FROM `information` ORDER BY `time` DESC LIMIT 1 [ RunTime:0.000296s ]
[2023-04-24T07:52:55+08:00][sql] SELECT * FROM `information` ORDER BY `time` DESC LIMIT 1,4 [ RunTime:0.000312s ]
[2023-04-24T07:52:55+08:00][sql] SHOW FULL COLUMNS FROM `course` [ RunTime:0.001082s ]
[2023-04-24T07:52:55+08:00][sql] SELECT `id`,`title` FROM `course` ORDER BY `sorting` ASC LIMIT 0,6 [ RunTime:0.000240s ]
[2023-04-24T07:52:55+08:00][sql] SHOW FULL COLUMNS FROM `teacher` [ RunTime:0.000895s ]
[2023-04-24T07:52:55+08:00][sql] SELECT * FROM `teacher` [ RunTime:0.000221s ]
[2023-04-24T07:52:55+08:00][sql] SHOW FULL COLUMNS FROM `address` [ RunTime:0.000915s ]
[2023-04-24T07:52:55+08:00][sql] SELECT * FROM `address` WHERE  `id` = 1 LIMIT 1 [ RunTime:0.000245s ]
[2023-04-24T07:52:55+08:00][sql] SELECT * FROM `address` WHERE  `id` = 2 LIMIT 1 [ RunTime:0.000233s ]
[2023-04-24T08:18:39+08:00][sql] CONNECT:[ UseTime:0.000339s ] mysql:host=localhost;port=3316;dbname=coffee;charset=utf8
[2023-04-24T08:18:39+08:00][sql] SHOW FULL COLUMNS FROM `banner` [ RunTime:0.001209s ]
[2023-04-24T08:18:39+08:00][sql] SELECT * FROM `banner` [ RunTime:0.000243s ]
[2023-04-24T08:18:39+08:00][sql] SHOW FULL COLUMNS FROM `information` [ RunTime:0.000960s ]
[2023-04-24T08:18:39+08:00][sql] SELECT * FROM `information` ORDER BY `time` DESC LIMIT 1 [ RunTime:0.000309s ]
[2023-04-24T08:18:39+08:00][sql] SELECT * FROM `information` ORDER BY `time` DESC LIMIT 1,4 [ RunTime:0.000330s ]
[2023-04-24T08:18:39+08:00][sql] SHOW FULL COLUMNS FROM `course` [ RunTime:0.001100s ]
[2023-04-24T08:18:39+08:00][sql] SELECT `id`,`title` FROM `course` ORDER BY `sorting` ASC LIMIT 0,6 [ RunTime:0.000310s ]
[2023-04-24T08:18:39+08:00][sql] SHOW FULL COLUMNS FROM `teacher` [ RunTime:0.000932s ]
[2023-04-24T08:18:39+08:00][sql] SELECT * FROM `teacher` [ RunTime:0.000303s ]
[2023-04-24T08:18:39+08:00][sql] SHOW FULL COLUMNS FROM `address` [ RunTime:0.001030s ]
[2023-04-24T08:18:39+08:00][sql] SELECT * FROM `address` WHERE  `id` = 1 LIMIT 1 [ RunTime:0.000319s ]
[2023-04-24T08:18:39+08:00][sql] SELECT * FROM `address` WHERE  `id` = 2 LIMIT 1 [ RunTime:0.000240s ]
[2023-04-24T08:20:27+08:00][sql] CONNECT:[ UseTime:0.000361s ] mysql:host=localhost;port=3316;dbname=coffee;charset=utf8
[2023-04-24T08:20:27+08:00][sql] SHOW FULL COLUMNS FROM `banner` [ RunTime:0.001196s ]
[2023-04-24T08:20:27+08:00][sql] SELECT * FROM `banner` [ RunTime:0.000219s ]
[2023-04-24T08:20:27+08:00][sql] SHOW FULL COLUMNS FROM `information` [ RunTime:0.000909s ]
[2023-04-24T08:20:27+08:00][sql] SELECT * FROM `information` ORDER BY `time` DESC LIMIT 1 [ RunTime:0.000279s ]
[2023-04-24T08:20:27+08:00][sql] SELECT * FROM `information` ORDER BY `time` DESC LIMIT 1,4 [ RunTime:0.000327s ]
[2023-04-24T08:20:27+08:00][sql] SHOW FULL COLUMNS FROM `course` [ RunTime:0.000994s ]
[2023-04-24T08:20:27+08:00][sql] SELECT `id`,`title` FROM `course` ORDER BY `sorting` ASC LIMIT 0,6 [ RunTime:0.000220s ]
[2023-04-24T08:20:27+08:00][sql] SHOW FULL COLUMNS FROM `teacher` [ RunTime:0.000984s ]
[2023-04-24T08:20:27+08:00][sql] SELECT * FROM `teacher` [ RunTime:0.000220s ]
[2023-04-24T08:20:27+08:00][sql] SHOW FULL COLUMNS FROM `address` [ RunTime:0.000889s ]
[2023-04-24T08:20:27+08:00][sql] SELECT * FROM `address` WHERE  `id` = 1 LIMIT 1 [ RunTime:0.000229s ]
[2023-04-24T08:20:27+08:00][sql] SELECT * FROM `address` WHERE  `id` = 2 LIMIT 1 [ RunTime:0.000195s ]
[2023-04-24T08:36:33+08:00][sql] CONNECT:[ UseTime:0.000453s ] mysql:host=localhost;port=3316;dbname=coffee;charset=utf8
[2023-04-24T08:36:33+08:00][sql] SHOW FULL COLUMNS FROM `banner` [ RunTime:0.001258s ]
[2023-04-24T08:36:33+08:00][sql] SELECT * FROM `banner` [ RunTime:0.000236s ]
[2023-04-24T08:36:33+08:00][sql] SHOW FULL COLUMNS FROM `information` [ RunTime:0.000930s ]
[2023-04-24T08:36:33+08:00][sql] SELECT * FROM `information` ORDER BY `time` DESC LIMIT 1 [ RunTime:0.000327s ]
[2023-04-24T08:36:33+08:00][sql] SELECT * FROM `information` ORDER BY `time` DESC LIMIT 1,4 [ RunTime:0.000354s ]
[2023-04-24T08:36:33+08:00][sql] SHOW FULL COLUMNS FROM `course` [ RunTime:0.001066s ]
[2023-04-24T08:36:33+08:00][sql] SELECT `id`,`title` FROM `course` ORDER BY `sorting` ASC LIMIT 0,6 [ RunTime:0.000232s ]
[2023-04-24T08:36:33+08:00][sql] SHOW FULL COLUMNS FROM `teacher` [ RunTime:0.000900s ]
[2023-04-24T08:36:33+08:00][sql] SELECT * FROM `teacher` [ RunTime:0.000237s ]
[2023-04-24T08:36:33+08:00][sql] SHOW FULL COLUMNS FROM `address` [ RunTime:0.000876s ]
[2023-04-24T08:36:33+08:00][sql] SELECT * FROM `address` WHERE  `id` = 1 LIMIT 1 [ RunTime:0.000245s ]
[2023-04-24T08:36:33+08:00][sql] SELECT * FROM `address` WHERE  `id` = 2 LIMIT 1 [ RunTime:0.000203s ]
[2023-04-24T08:44:43+08:00][sql] CONNECT:[ UseTime:0.000390s ] mysql:host=localhost;port=3316;dbname=coffee;charset=utf8
[2023-04-24T08:44:43+08:00][sql] SHOW FULL COLUMNS FROM `banner` [ RunTime:0.001235s ]
[2023-04-24T08:44:43+08:00][sql] SELECT * FROM `banner` [ RunTime:0.000257s ]
[2023-04-24T08:44:43+08:00][sql] SHOW FULL COLUMNS FROM `information` [ RunTime:0.000987s ]
[2023-04-24T08:44:43+08:00][sql] SELECT * FROM `information` ORDER BY `time` DESC LIMIT 1 [ RunTime:0.000446s ]
[2023-04-24T08:44:43+08:00][sql] SELECT * FROM `information` ORDER BY `time` DESC LIMIT 1,4 [ RunTime:0.000383s ]
[2023-04-24T08:44:43+08:00][sql] SHOW FULL COLUMNS FROM `course` [ RunTime:0.001102s ]
[2023-04-24T08:44:43+08:00][sql] SELECT `id`,`title` FROM `course` ORDER BY `sorting` ASC LIMIT 0,6 [ RunTime:0.000296s ]
[2023-04-24T08:44:43+08:00][sql] SHOW FULL COLUMNS FROM `teacher` [ RunTime:0.000945s ]
[2023-04-24T08:44:43+08:00][sql] SELECT * FROM `teacher` [ RunTime:0.000265s ]
[2023-04-24T08:44:43+08:00][sql] SHOW FULL COLUMNS FROM `address` [ RunTime:0.000949s ]
[2023-04-24T08:44:43+08:00][sql] SELECT * FROM `address` WHERE  `id` = 1 LIMIT 1 [ RunTime:0.000394s ]
[2023-04-24T08:44:43+08:00][sql] SELECT * FROM `address` WHERE  `id` = 2 LIMIT 1 [ RunTime:0.000267s ]
[2023-04-24T09:36:35+08:00][sql] CONNECT:[ UseTime:0.000370s ] mysql:host=localhost;port=3316;dbname=coffee;charset=utf8
[2023-04-24T09:36:35+08:00][sql] SHOW FULL COLUMNS FROM `banner` [ RunTime:0.001192s ]
[2023-04-24T09:36:35+08:00][sql] SELECT * FROM `banner` [ RunTime:0.000268s ]
[2023-04-24T09:36:35+08:00][sql] SHOW FULL COLUMNS FROM `information` [ RunTime:0.000942s ]
[2023-04-24T09:36:35+08:00][sql] SELECT * FROM `information` ORDER BY `time` DESC LIMIT 1 [ RunTime:0.000349s ]
[2023-04-24T09:36:35+08:00][sql] SELECT * FROM `information` ORDER BY `time` DESC LIMIT 1,4 [ RunTime:0.000369s ]
[2023-04-24T09:36:35+08:00][sql] SHOW FULL COLUMNS FROM `course` [ RunTime:0.001054s ]
[2023-04-24T09:36:35+08:00][sql] SELECT `id`,`title` FROM `course` ORDER BY `sorting` ASC LIMIT 0,6 [ RunTime:0.000279s ]
[2023-04-24T09:36:35+08:00][sql] SHOW FULL COLUMNS FROM `teacher` [ RunTime:0.000893s ]
[2023-04-24T09:36:35+08:00][sql] SELECT * FROM `teacher` [ RunTime:0.000260s ]
[2023-04-24T09:36:35+08:00][sql] SHOW FULL COLUMNS FROM `address` [ RunTime:0.000908s ]
[2023-04-24T09:36:35+08:00][sql] SELECT * FROM `address` WHERE  `id` = 1 LIMIT 1 [ RunTime:0.000267s ]
[2023-04-24T09:36:35+08:00][sql] SELECT * FROM `address` WHERE  `id` = 2 LIMIT 1 [ RunTime:0.000263s ]
[2023-04-24T09:51:13+08:00][sql] CONNECT:[ UseTime:0.000428s ] mysql:host=localhost;port=3316;dbname=coffee;charset=utf8
[2023-04-24T09:51:13+08:00][sql] SHOW FULL COLUMNS FROM `banner` [ RunTime:0.001272s ]
[2023-04-24T09:51:13+08:00][sql] SELECT * FROM `banner` [ RunTime:0.000226s ]
[2023-04-24T09:51:13+08:00][sql] SHOW FULL COLUMNS FROM `information` [ RunTime:0.001002s ]
[2023-04-24T09:51:13+08:00][sql] SELECT * FROM `information` ORDER BY `time` DESC LIMIT 1 [ RunTime:0.000291s ]
[2023-04-24T09:51:13+08:00][sql] SELECT * FROM `information` ORDER BY `time` DESC LIMIT 1,4 [ RunTime:0.000340s ]
[2023-04-24T09:51:13+08:00][sql] SHOW FULL COLUMNS FROM `course` [ RunTime:0.001117s ]
[2023-04-24T09:51:13+08:00][sql] SELECT `id`,`title` FROM `course` ORDER BY `sorting` ASC LIMIT 0,6 [ RunTime:0.000248s ]
[2023-04-24T09:51:13+08:00][sql] SHOW FULL COLUMNS FROM `teacher` [ RunTime:0.000894s ]
[2023-04-24T09:51:13+08:00][sql] SELECT * FROM `teacher` [ RunTime:0.000240s ]
[2023-04-24T09:51:13+08:00][sql] SHOW FULL COLUMNS FROM `address` [ RunTime:0.000917s ]
[2023-04-24T09:51:13+08:00][sql] SELECT * FROM `address` WHERE  `id` = 1 LIMIT 1 [ RunTime:0.000254s ]
[2023-04-24T09:51:13+08:00][sql] SELECT * FROM `address` WHERE  `id` = 2 LIMIT 1 [ RunTime:0.000208s ]
[2023-04-24T10:11:51+08:00][sql] CONNECT:[ UseTime:0.000463s ] mysql:host=localhost;port=3316;dbname=coffee;charset=utf8
[2023-04-24T10:11:51+08:00][sql] SHOW FULL COLUMNS FROM `banner` [ RunTime:0.001282s ]
[2023-04-24T10:11:51+08:00][sql] SELECT * FROM `banner` [ RunTime:0.000305s ]
[2023-04-24T10:11:51+08:00][sql] SHOW FULL COLUMNS FROM `information` [ RunTime:0.001004s ]
[2023-04-24T10:11:51+08:00][sql] SELECT * FROM `information` ORDER BY `time` DESC LIMIT 1 [ RunTime:0.000332s ]
[2023-04-24T10:11:51+08:00][sql] SELECT * FROM `information` ORDER BY `time` DESC LIMIT 1,4 [ RunTime:0.000390s ]
[2023-04-24T10:11:51+08:00][sql] SHOW FULL COLUMNS FROM `course` [ RunTime:0.001113s ]
[2023-04-24T10:11:51+08:00][sql] SELECT `id`,`title` FROM `course` ORDER BY `sorting` ASC LIMIT 0,6 [ RunTime:0.000262s ]
[2023-04-24T10:11:51+08:00][sql] SHOW FULL COLUMNS FROM `teacher` [ RunTime:0.000934s ]
[2023-04-24T10:11:51+08:00][sql] SELECT * FROM `teacher` [ RunTime:0.000303s ]
[2023-04-24T10:11:51+08:00][sql] SHOW FULL COLUMNS FROM `address` [ RunTime:0.000949s ]
[2023-04-24T10:11:51+08:00][sql] SELECT * FROM `address` WHERE  `id` = 1 LIMIT 1 [ RunTime:0.000278s ]
[2023-04-24T10:11:51+08:00][sql] SELECT * FROM `address` WHERE  `id` = 2 LIMIT 1 [ RunTime:0.000254s ]
[2023-04-24T10:20:28+08:00][sql] CONNECT:[ UseTime:0.000423s ] mysql:host=localhost;port=3316;dbname=coffee;charset=utf8
[2023-04-24T10:20:28+08:00][sql] SHOW FULL COLUMNS FROM `banner` [ RunTime:0.001206s ]
[2023-04-24T10:20:28+08:00][sql] SELECT * FROM `banner` [ RunTime:0.000220s ]
[2023-04-24T10:20:28+08:00][sql] SHOW FULL COLUMNS FROM `information` [ RunTime:0.000935s ]
[2023-04-24T10:20:28+08:00][sql] SELECT * FROM `information` ORDER BY `time` DESC LIMIT 1 [ RunTime:0.000309s ]
[2023-04-24T10:20:28+08:00][sql] SELECT * FROM `information` ORDER BY `time` DESC LIMIT 1,4 [ RunTime:0.000315s ]
[2023-04-24T10:20:28+08:00][sql] SHOW FULL COLUMNS FROM `course` [ RunTime:0.001054s ]
[2023-04-24T10:20:28+08:00][sql] SELECT `id`,`title` FROM `course` ORDER BY `sorting` ASC LIMIT 0,6 [ RunTime:0.000210s ]
[2023-04-24T10:20:28+08:00][sql] SHOW FULL COLUMNS FROM `teacher` [ RunTime:0.000862s ]
[2023-04-24T10:20:28+08:00][sql] SELECT * FROM `teacher` [ RunTime:0.000237s ]
[2023-04-24T10:20:28+08:00][sql] SHOW FULL COLUMNS FROM `address` [ RunTime:0.000838s ]
[2023-04-24T10:20:28+08:00][sql] SELECT * FROM `address` WHERE  `id` = 1 LIMIT 1 [ RunTime:0.000233s ]
[2023-04-24T10:20:28+08:00][sql] SELECT * FROM `address` WHERE  `id` = 2 LIMIT 1 [ RunTime:0.000198s ]
[2023-04-24T10:23:58+08:00][sql] CONNECT:[ UseTime:0.000506s ] mysql:host=localhost;port=3316;dbname=coffee;charset=utf8
[2023-04-24T10:23:58+08:00][sql] SHOW FULL COLUMNS FROM `banner` [ RunTime:0.001707s ]
[2023-04-24T10:23:58+08:00][sql] SELECT * FROM `banner` [ RunTime:0.000369s ]
[2023-04-24T10:23:58+08:00][sql] SHOW FULL COLUMNS FROM `information` [ RunTime:0.001350s ]
[2023-04-24T10:23:58+08:00][sql] SELECT * FROM `information` ORDER BY `time` DESC LIMIT 1 [ RunTime:0.000429s ]
[2023-04-24T10:23:58+08:00][sql] SELECT * FROM `information` ORDER BY `time` DESC LIMIT 1,4 [ RunTime:0.000465s ]
[2023-04-24T10:23:58+08:00][sql] SHOW FULL COLUMNS FROM `course` [ RunTime:0.001645s ]
[2023-04-24T10:23:58+08:00][sql] SELECT `id`,`title` FROM `course` ORDER BY `sorting` ASC LIMIT 0,6 [ RunTime:0.000296s ]
[2023-04-24T10:23:58+08:00][sql] SHOW FULL COLUMNS FROM `teacher` [ RunTime:0.001272s ]
[2023-04-24T10:23:58+08:00][sql] SELECT * FROM `teacher` [ RunTime:0.000300s ]
[2023-04-24T10:23:58+08:00][sql] SHOW FULL COLUMNS FROM `address` [ RunTime:0.001316s ]
[2023-04-24T10:23:58+08:00][sql] SELECT * FROM `address` WHERE  `id` = 1 LIMIT 1 [ RunTime:0.000326s ]
[2023-04-24T10:23:58+08:00][sql] SELECT * FROM `address` WHERE  `id` = 2 LIMIT 1 [ RunTime:0.000261s ]
[2023-04-24T11:05:31+08:00][sql] CONNECT:[ UseTime:0.000394s ] mysql:host=localhost;port=3316;dbname=coffee;charset=utf8
[2023-04-24T11:05:31+08:00][sql] SHOW FULL COLUMNS FROM `banner` [ RunTime:0.001235s ]
[2023-04-24T11:05:31+08:00][sql] SELECT * FROM `banner` [ RunTime:0.000216s ]
[2023-04-24T11:05:31+08:00][sql] SHOW FULL COLUMNS FROM `information` [ RunTime:0.000915s ]
[2023-04-24T11:05:31+08:00][sql] SELECT * FROM `information` ORDER BY `time` DESC LIMIT 1 [ RunTime:0.000283s ]
[2023-04-24T11:05:31+08:00][sql] SELECT * FROM `information` ORDER BY `time` DESC LIMIT 1,4 [ RunTime:0.000346s ]
[2023-04-24T11:05:31+08:00][sql] SHOW FULL COLUMNS FROM `course` [ RunTime:0.001018s ]
[2023-04-24T11:05:31+08:00][sql] SELECT `id`,`title` FROM `course` ORDER BY `sorting` ASC LIMIT 0,6 [ RunTime:0.000280s ]
[2023-04-24T11:05:31+08:00][sql] SHOW FULL COLUMNS FROM `teacher` [ RunTime:0.000902s ]
[2023-04-24T11:05:31+08:00][sql] SELECT * FROM `teacher` [ RunTime:0.000207s ]
[2023-04-24T11:05:31+08:00][sql] SHOW FULL COLUMNS FROM `address` [ RunTime:0.000901s ]
[2023-04-24T11:05:31+08:00][sql] SELECT * FROM `address` WHERE  `id` = 1 LIMIT 1 [ RunTime:0.000274s ]
[2023-04-24T11:05:31+08:00][sql] SELECT * FROM `address` WHERE  `id` = 2 LIMIT 1 [ RunTime:0.000211s ]
[2023-04-24T11:05:31+08:00][sql] CONNECT:[ UseTime:0.000418s ] mysql:host=localhost;port=3316;dbname=coffee;charset=utf8
[2023-04-24T11:05:31+08:00][sql] SHOW FULL COLUMNS FROM `banner` [ RunTime:0.001384s ]
[2023-04-24T11:05:31+08:00][sql] SELECT * FROM `banner` [ RunTime:0.000267s ]
[2023-04-24T11:05:31+08:00][sql] SHOW FULL COLUMNS FROM `information` [ RunTime:0.001152s ]
[2023-04-24T11:05:31+08:00][sql] SELECT * FROM `information` ORDER BY `time` DESC LIMIT 1 [ RunTime:0.000420s ]
[2023-04-24T11:05:31+08:00][sql] SELECT * FROM `information` ORDER BY `time` DESC LIMIT 1,4 [ RunTime:0.000388s ]
[2023-04-24T11:05:31+08:00][sql] SHOW FULL COLUMNS FROM `course` [ RunTime:0.001101s ]
[2023-04-24T11:05:31+08:00][sql] SELECT `id`,`title` FROM `course` ORDER BY `sorting` ASC LIMIT 0,6 [ RunTime:0.000264s ]
[2023-04-24T11:05:31+08:00][sql] SHOW FULL COLUMNS FROM `teacher` [ RunTime:0.000931s ]
[2023-04-24T11:05:31+08:00][sql] SELECT * FROM `teacher` [ RunTime:0.000262s ]
[2023-04-24T11:05:31+08:00][sql] SHOW FULL COLUMNS FROM `address` [ RunTime:0.000949s ]
[2023-04-24T11:05:31+08:00][sql] SELECT * FROM `address` WHERE  `id` = 1 LIMIT 1 [ RunTime:0.000285s ]
[2023-04-24T11:05:31+08:00][sql] SELECT * FROM `address` WHERE  `id` = 2 LIMIT 1 [ RunTime:0.000244s ]
[2023-04-24T11:33:45+08:00][sql] CONNECT:[ UseTime:0.000461s ] mysql:host=localhost;port=3316;dbname=coffee;charset=utf8
[2023-04-24T11:33:45+08:00][sql] SHOW FULL COLUMNS FROM `banner` [ RunTime:0.001209s ]
[2023-04-24T11:33:45+08:00][sql] SELECT * FROM `banner` [ RunTime:0.000240s ]
[2023-04-24T11:33:45+08:00][sql] SHOW FULL COLUMNS FROM `information` [ RunTime:0.000978s ]
[2023-04-24T11:33:45+08:00][sql] SELECT * FROM `information` ORDER BY `time` DESC LIMIT 1 [ RunTime:0.000320s ]
[2023-04-24T11:33:45+08:00][sql] SELECT * FROM `information` ORDER BY `time` DESC LIMIT 1,4 [ RunTime:0.000406s ]
[2023-04-24T11:33:45+08:00][sql] SHOW FULL COLUMNS FROM `course` [ RunTime:0.001157s ]
[2023-04-24T11:33:45+08:00][sql] SELECT `id`,`title` FROM `course` ORDER BY `sorting` ASC LIMIT 0,6 [ RunTime:0.000260s ]
[2023-04-24T11:33:45+08:00][sql] SHOW FULL COLUMNS FROM `teacher` [ RunTime:0.000919s ]
[2023-04-24T11:33:45+08:00][sql] SELECT * FROM `teacher` [ RunTime:0.000269s ]
[2023-04-24T11:33:45+08:00][sql] SHOW FULL COLUMNS FROM `address` [ RunTime:0.000995s ]
[2023-04-24T11:33:45+08:00][sql] SELECT * FROM `address` WHERE  `id` = 1 LIMIT 1 [ RunTime:0.000317s ]
[2023-04-24T11:33:45+08:00][sql] SELECT * FROM `address` WHERE  `id` = 2 LIMIT 1 [ RunTime:0.000246s ]
[2023-04-24T12:31:22+08:00][sql] CONNECT:[ UseTime:0.000399s ] mysql:host=localhost;port=3316;dbname=coffee;charset=utf8
[2023-04-24T12:31:22+08:00][sql] SHOW FULL COLUMNS FROM `banner` [ RunTime:0.001221s ]
[2023-04-24T12:31:22+08:00][sql] SELECT * FROM `banner` [ RunTime:0.000217s ]
[2023-04-24T12:31:22+08:00][sql] SHOW FULL COLUMNS FROM `information` [ RunTime:0.000992s ]
[2023-04-24T12:31:22+08:00][sql] SELECT * FROM `information` ORDER BY `time` DESC LIMIT 1 [ RunTime:0.000315s ]
[2023-04-24T12:31:22+08:00][sql] SELECT * FROM `information` ORDER BY `time` DESC LIMIT 1,4 [ RunTime:0.000329s ]
[2023-04-24T12:31:22+08:00][sql] SHOW FULL COLUMNS FROM `course` [ RunTime:0.001091s ]
[2023-04-24T12:31:22+08:00][sql] SELECT `id`,`title` FROM `course` ORDER BY `sorting` ASC LIMIT 0,6 [ RunTime:0.000236s ]
[2023-04-24T12:31:22+08:00][sql] SHOW FULL COLUMNS FROM `teacher` [ RunTime:0.000902s ]
[2023-04-24T12:31:22+08:00][sql] SELECT * FROM `teacher` [ RunTime:0.000251s ]
[2023-04-24T12:31:22+08:00][sql] SHOW FULL COLUMNS FROM `address` [ RunTime:0.000903s ]
[2023-04-24T12:31:22+08:00][sql] SELECT * FROM `address` WHERE  `id` = 1 LIMIT 1 [ RunTime:0.000243s ]
[2023-04-24T12:31:22+08:00][sql] SELECT * FROM `address` WHERE  `id` = 2 LIMIT 1 [ RunTime:0.000220s ]
[2023-04-24T13:01:44+08:00][sql] CONNECT:[ UseTime:0.000416s ] mysql:host=localhost;port=3316;dbname=coffee;charset=utf8
[2023-04-24T13:01:44+08:00][sql] SHOW FULL COLUMNS FROM `banner` [ RunTime:0.001285s ]
[2023-04-24T13:01:44+08:00][sql] SELECT * FROM `banner` [ RunTime:0.000218s ]
[2023-04-24T13:01:44+08:00][sql] SHOW FULL COLUMNS FROM `information` [ RunTime:0.001017s ]
[2023-04-24T13:01:44+08:00][sql] SELECT * FROM `information` ORDER BY `time` DESC LIMIT 1 [ RunTime:0.000333s ]
[2023-04-24T13:01:44+08:00][sql] SELECT * FROM `information` ORDER BY `time` DESC LIMIT 1,4 [ RunTime:0.000334s ]
[2023-04-24T13:01:44+08:00][sql] SHOW FULL COLUMNS FROM `course` [ RunTime:0.001072s ]
[2023-04-24T13:01:44+08:00][sql] SELECT `id`,`title` FROM `course` ORDER BY `sorting` ASC LIMIT 0,6 [ RunTime:0.000246s ]
[2023-04-24T13:01:44+08:00][sql] SHOW FULL COLUMNS FROM `teacher` [ RunTime:0.000905s ]
[2023-04-24T13:01:44+08:00][sql] SELECT * FROM `teacher` [ RunTime:0.000219s ]
[2023-04-24T13:01:44+08:00][sql] SHOW FULL COLUMNS FROM `address` [ RunTime:0.000904s ]
[2023-04-24T13:01:44+08:00][sql] SELECT * FROM `address` WHERE  `id` = 1 LIMIT 1 [ RunTime:0.000250s ]
[2023-04-24T13:01:44+08:00][sql] SELECT * FROM `address` WHERE  `id` = 2 LIMIT 1 [ RunTime:0.000216s ]
[2023-04-24T13:19:38+08:00][sql] CONNECT:[ UseTime:0.000394s ] mysql:host=localhost;port=3316;dbname=coffee;charset=utf8
[2023-04-24T13:19:38+08:00][sql] SHOW FULL COLUMNS FROM `banner` [ RunTime:0.001166s ]
[2023-04-24T13:19:38+08:00][sql] SELECT * FROM `banner` [ RunTime:0.000219s ]
[2023-04-24T13:19:38+08:00][sql] SHOW FULL COLUMNS FROM `information` [ RunTime:0.001013s ]
[2023-04-24T13:19:38+08:00][sql] SELECT * FROM `information` ORDER BY `time` DESC LIMIT 1 [ RunTime:0.000283s ]
[2023-04-24T13:19:38+08:00][sql] SELECT * FROM `information` ORDER BY `time` DESC LIMIT 1,4 [ RunTime:0.000306s ]
[2023-04-24T13:19:38+08:00][sql] SHOW FULL COLUMNS FROM `course` [ RunTime:0.001053s ]
[2023-04-24T13:19:38+08:00][sql] SELECT `id`,`title` FROM `course` ORDER BY `sorting` ASC LIMIT 0,6 [ RunTime:0.000243s ]
[2023-04-24T13:19:38+08:00][sql] SHOW FULL COLUMNS FROM `teacher` [ RunTime:0.000903s ]
[2023-04-24T13:19:38+08:00][sql] SELECT * FROM `teacher` [ RunTime:0.000271s ]
[2023-04-24T13:19:38+08:00][sql] SHOW FULL COLUMNS FROM `address` [ RunTime:0.000947s ]
[2023-04-24T13:19:38+08:00][sql] SELECT * FROM `address` WHERE  `id` = 1 LIMIT 1 [ RunTime:0.000275s ]
[2023-04-24T13:19:38+08:00][sql] SELECT * FROM `address` WHERE  `id` = 2 LIMIT 1 [ RunTime:0.000246s ]
[2023-04-24T13:41:53+08:00][sql] CONNECT:[ UseTime:0.001537s ] mysql:host=localhost;port=3316;dbname=coffee;charset=utf8
[2023-04-24T13:41:53+08:00][sql] SHOW FULL COLUMNS FROM `banner` [ RunTime:0.001174s ]
[2023-04-24T13:41:53+08:00][sql] SELECT * FROM `banner` [ RunTime:0.000223s ]
[2023-04-24T13:41:53+08:00][sql] SHOW FULL COLUMNS FROM `information` [ RunTime:0.000940s ]
[2023-04-24T13:41:53+08:00][sql] SELECT * FROM `information` ORDER BY `time` DESC LIMIT 1 [ RunTime:0.000283s ]
[2023-04-24T13:41:53+08:00][sql] SELECT * FROM `information` ORDER BY `time` DESC LIMIT 1,4 [ RunTime:0.000314s ]
[2023-04-24T13:41:53+08:00][sql] SHOW FULL COLUMNS FROM `course` [ RunTime:0.001114s ]
[2023-04-24T13:41:53+08:00][sql] SELECT `id`,`title` FROM `course` ORDER BY `sorting` ASC LIMIT 0,6 [ RunTime:0.000225s ]
[2023-04-24T13:41:53+08:00][sql] SHOW FULL COLUMNS FROM `teacher` [ RunTime:0.000900s ]
[2023-04-24T13:41:53+08:00][sql] SELECT * FROM `teacher` [ RunTime:0.000235s ]
[2023-04-24T13:41:53+08:00][sql] SHOW FULL COLUMNS FROM `address` [ RunTime:0.000877s ]
[2023-04-24T13:41:53+08:00][sql] SELECT * FROM `address` WHERE  `id` = 1 LIMIT 1 [ RunTime:0.000246s ]
[2023-04-24T13:41:53+08:00][sql] SELECT * FROM `address` WHERE  `id` = 2 LIMIT 1 [ RunTime:0.000198s ]
[2023-04-24T14:17:58+08:00][sql] CONNECT:[ UseTime:0.000731s ] mysql:host=localhost;port=3316;dbname=coffee;charset=utf8
[2023-04-24T14:17:58+08:00][sql] SHOW FULL COLUMNS FROM `banner` [ RunTime:0.006077s ]
[2023-04-24T14:17:58+08:00][sql] SELECT * FROM `banner` [ RunTime:0.000430s ]
[2023-04-24T14:17:58+08:00][sql] SHOW FULL COLUMNS FROM `information` [ RunTime:0.001711s ]
[2023-04-24T14:17:58+08:00][sql] SELECT * FROM `information` ORDER BY `time` DESC LIMIT 1 [ RunTime:0.000520s ]
[2023-04-24T14:17:58+08:00][sql] SELECT * FROM `information` ORDER BY `time` DESC LIMIT 1,4 [ RunTime:0.000569s ]
[2023-04-24T14:17:58+08:00][sql] SHOW FULL COLUMNS FROM `course` [ RunTime:0.001709s ]
[2023-04-24T14:17:58+08:00][sql] SELECT `id`,`title` FROM `course` ORDER BY `sorting` ASC LIMIT 0,6 [ RunTime:0.000414s ]
[2023-04-24T14:17:58+08:00][sql] SHOW FULL COLUMNS FROM `teacher` [ RunTime:0.001376s ]
[2023-04-24T14:17:58+08:00][sql] SELECT * FROM `teacher` [ RunTime:0.000376s ]
[2023-04-24T14:17:58+08:00][sql] SHOW FULL COLUMNS FROM `address` [ RunTime:0.001477s ]
[2023-04-24T14:17:58+08:00][sql] SELECT * FROM `address` WHERE  `id` = 1 LIMIT 1 [ RunTime:0.000410s ]
[2023-04-24T14:17:58+08:00][sql] SELECT * FROM `address` WHERE  `id` = 2 LIMIT 1 [ RunTime:0.000477s ]
[2023-04-24T14:23:43+08:00][sql] CONNECT:[ UseTime:0.000410s ] mysql:host=localhost;port=3316;dbname=coffee;charset=utf8
[2023-04-24T14:23:43+08:00][sql] SHOW FULL COLUMNS FROM `banner` [ RunTime:0.001506s ]
[2023-04-24T14:23:43+08:00][sql] SELECT * FROM `banner` [ RunTime:0.000242s ]
[2023-04-24T14:23:43+08:00][sql] SHOW FULL COLUMNS FROM `information` [ RunTime:0.001138s ]
[2023-04-24T14:23:43+08:00][sql] SELECT * FROM `information` ORDER BY `time` DESC LIMIT 1 [ RunTime:0.000314s ]
[2023-04-24T14:23:43+08:00][sql] SELECT * FROM `information` ORDER BY `time` DESC LIMIT 1,4 [ RunTime:0.000416s ]
[2023-04-24T14:23:43+08:00][sql] SHOW FULL COLUMNS FROM `course` [ RunTime:0.001172s ]
[2023-04-24T14:23:43+08:00][sql] SELECT `id`,`title` FROM `course` ORDER BY `sorting` ASC LIMIT 0,6 [ RunTime:0.000230s ]
[2023-04-24T14:23:43+08:00][sql] SHOW FULL COLUMNS FROM `teacher` [ RunTime:0.001013s ]
[2023-04-24T14:23:43+08:00][sql] SELECT * FROM `teacher` [ RunTime:0.000222s ]
[2023-04-24T14:23:43+08:00][sql] SHOW FULL COLUMNS FROM `address` [ RunTime:0.001059s ]
[2023-04-24T14:23:43+08:00][sql] SELECT * FROM `address` WHERE  `id` = 1 LIMIT 1 [ RunTime:0.000274s ]
[2023-04-24T14:23:43+08:00][sql] SELECT * FROM `address` WHERE  `id` = 2 LIMIT 1 [ RunTime:0.000256s ]
[2023-04-24T14:23:44+08:00][sql] CONNECT:[ UseTime:0.001182s ] mysql:host=localhost;port=3316;dbname=coffee;charset=utf8
[2023-04-24T14:23:44+08:00][sql] SHOW FULL COLUMNS FROM `banner` [ RunTime:0.001702s ]
[2023-04-24T14:23:44+08:00][sql] SELECT * FROM `banner` [ RunTime:0.000285s ]
[2023-04-24T14:23:44+08:00][sql] SHOW FULL COLUMNS FROM `information` [ RunTime:0.001314s ]
[2023-04-24T14:23:44+08:00][sql] SELECT * FROM `information` ORDER BY `time` DESC LIMIT 1 [ RunTime:0.000402s ]
[2023-04-24T14:23:44+08:00][sql] SELECT * FROM `information` ORDER BY `time` DESC LIMIT 1,4 [ RunTime:0.000442s ]
[2023-04-24T14:23:44+08:00][sql] SHOW FULL COLUMNS FROM `course` [ RunTime:0.002478s ]
[2023-04-24T14:23:44+08:00][sql] SELECT `id`,`title` FROM `course` ORDER BY `sorting` ASC LIMIT 0,6 [ RunTime:0.000282s ]
[2023-04-24T14:23:44+08:00][sql] SHOW FULL COLUMNS FROM `teacher` [ RunTime:0.001284s ]
[2023-04-24T14:23:44+08:00][sql] SELECT * FROM `teacher` [ RunTime:0.000283s ]
[2023-04-24T14:23:44+08:00][sql] SHOW FULL COLUMNS FROM `address` [ RunTime:0.000975s ]
[2023-04-24T14:23:44+08:00][sql] SELECT * FROM `address` WHERE  `id` = 1 LIMIT 1 [ RunTime:0.000287s ]
[2023-04-24T14:23:44+08:00][sql] SELECT * FROM `address` WHERE  `id` = 2 LIMIT 1 [ RunTime:0.000276s ]
[2023-04-24T14:23:45+08:00][sql] CONNECT:[ UseTime:0.000400s ] mysql:host=localhost;port=3316;dbname=coffee;charset=utf8
[2023-04-24T14:23:45+08:00][sql] SHOW FULL COLUMNS FROM `banner` [ RunTime:0.001224s ]
[2023-04-24T14:23:45+08:00][sql] SELECT * FROM `banner` [ RunTime:0.000247s ]
[2023-04-24T14:23:45+08:00][sql] SHOW FULL COLUMNS FROM `information` [ RunTime:0.000909s ]
[2023-04-24T14:23:45+08:00][sql] SELECT * FROM `information` ORDER BY `time` DESC LIMIT 1 [ RunTime:0.000303s ]
[2023-04-24T14:23:45+08:00][sql] SELECT * FROM `information` ORDER BY `time` DESC LIMIT 1,4 [ RunTime:0.000358s ]
[2023-04-24T14:23:45+08:00][sql] SHOW FULL COLUMNS FROM `course` [ RunTime:0.001143s ]
[2023-04-24T14:23:45+08:00][sql] SELECT `id`,`title` FROM `course` ORDER BY `sorting` ASC LIMIT 0,6 [ RunTime:0.000215s ]
[2023-04-24T14:23:45+08:00][sql] SHOW FULL COLUMNS FROM `teacher` [ RunTime:0.000823s ]
[2023-04-24T14:23:45+08:00][sql] SELECT * FROM `teacher` [ RunTime:0.000230s ]
[2023-04-24T14:23:45+08:00][sql] SHOW FULL COLUMNS FROM `address` [ RunTime:0.000884s ]
[2023-04-24T14:23:45+08:00][sql] SELECT * FROM `address` WHERE  `id` = 1 LIMIT 1 [ RunTime:0.000234s ]
[2023-04-24T14:23:45+08:00][sql] SELECT * FROM `address` WHERE  `id` = 2 LIMIT 1 [ RunTime:0.000204s ]
[2023-04-24T14:36:13+08:00][sql] CONNECT:[ UseTime:0.000398s ] mysql:host=localhost;port=3316;dbname=coffee;charset=utf8
[2023-04-24T14:36:13+08:00][sql] SHOW FULL COLUMNS FROM `banner` [ RunTime:0.001299s ]
[2023-04-24T14:36:13+08:00][sql] SELECT * FROM `banner` [ RunTime:0.000267s ]
[2023-04-24T14:36:13+08:00][sql] SHOW FULL COLUMNS FROM `information` [ RunTime:0.001032s ]
[2023-04-24T14:36:13+08:00][sql] SELECT * FROM `information` ORDER BY `time` DESC LIMIT 1 [ RunTime:0.000338s ]
[2023-04-24T14:36:13+08:00][sql] SELECT * FROM `information` ORDER BY `time` DESC LIMIT 1,4 [ RunTime:0.000401s ]
[2023-04-24T14:36:13+08:00][sql] SHOW FULL COLUMNS FROM `course` [ RunTime:0.001147s ]
[2023-04-24T14:36:13+08:00][sql] SELECT `id`,`title` FROM `course` ORDER BY `sorting` ASC LIMIT 0,6 [ RunTime:0.000276s ]
[2023-04-24T14:36:13+08:00][sql] SHOW FULL COLUMNS FROM `teacher` [ RunTime:0.000934s ]
[2023-04-24T14:36:13+08:00][sql] SELECT * FROM `teacher` [ RunTime:0.000287s ]
[2023-04-24T14:36:13+08:00][sql] SHOW FULL COLUMNS FROM `address` [ RunTime:0.000943s ]
[2023-04-24T14:36:13+08:00][sql] SELECT * FROM `address` WHERE  `id` = 1 LIMIT 1 [ RunTime:0.000276s ]
[2023-04-24T14:36:13+08:00][sql] SELECT * FROM `address` WHERE  `id` = 2 LIMIT 1 [ RunTime:0.000253s ]
[2023-04-24T14:51:02+08:00][sql] CONNECT:[ UseTime:0.000425s ] mysql:host=localhost;port=3316;dbname=coffee;charset=utf8
[2023-04-24T14:51:02+08:00][sql] SHOW FULL COLUMNS FROM `banner` [ RunTime:0.001246s ]
[2023-04-24T14:51:02+08:00][sql] SELECT * FROM `banner` [ RunTime:0.000253s ]
[2023-04-24T14:51:02+08:00][sql] SHOW FULL COLUMNS FROM `information` [ RunTime:0.000999s ]
[2023-04-24T14:51:02+08:00][sql] SELECT * FROM `information` ORDER BY `time` DESC LIMIT 1 [ RunTime:0.000355s ]
[2023-04-24T14:51:02+08:00][sql] SELECT * FROM `information` ORDER BY `time` DESC LIMIT 1,4 [ RunTime:0.000399s ]
[2023-04-24T14:51:02+08:00][sql] SHOW FULL COLUMNS FROM `course` [ RunTime:0.001060s ]
[2023-04-24T14:51:02+08:00][sql] SELECT `id`,`title` FROM `course` ORDER BY `sorting` ASC LIMIT 0,6 [ RunTime:0.000309s ]
[2023-04-24T14:51:02+08:00][sql] SHOW FULL COLUMNS FROM `teacher` [ RunTime:0.000949s ]
[2023-04-24T14:51:02+08:00][sql] SELECT * FROM `teacher` [ RunTime:0.000275s ]
[2023-04-24T14:51:02+08:00][sql] SHOW FULL COLUMNS FROM `address` [ RunTime:0.000952s ]
[2023-04-24T14:51:02+08:00][sql] SELECT * FROM `address` WHERE  `id` = 1 LIMIT 1 [ RunTime:0.000284s ]
[2023-04-24T14:51:02+08:00][sql] SELECT * FROM `address` WHERE  `id` = 2 LIMIT 1 [ RunTime:0.000286s ]
[2023-04-24T15:01:41+08:00][sql] CONNECT:[ UseTime:0.000409s ] mysql:host=localhost;port=3316;dbname=coffee;charset=utf8
[2023-04-24T15:01:41+08:00][sql] SHOW FULL COLUMNS FROM `banner` [ RunTime:0.001351s ]
[2023-04-24T15:01:41+08:00][sql] SELECT * FROM `banner` [ RunTime:0.000215s ]
[2023-04-24T15:01:41+08:00][sql] SHOW FULL COLUMNS FROM `information` [ RunTime:0.000966s ]
[2023-04-24T15:01:41+08:00][sql] SELECT * FROM `information` ORDER BY `time` DESC LIMIT 1 [ RunTime:0.000293s ]
[2023-04-24T15:01:41+08:00][sql] SELECT * FROM `information` ORDER BY `time` DESC LIMIT 1,4 [ RunTime:0.000350s ]
[2023-04-24T15:01:41+08:00][sql] SHOW FULL COLUMNS FROM `course` [ RunTime:0.001030s ]
[2023-04-24T15:01:41+08:00][sql] SELECT `id`,`title` FROM `course` ORDER BY `sorting` ASC LIMIT 0,6 [ RunTime:0.000221s ]
[2023-04-24T15:01:41+08:00][sql] SHOW FULL COLUMNS FROM `teacher` [ RunTime:0.000918s ]
[2023-04-24T15:01:41+08:00][sql] SELECT * FROM `teacher` [ RunTime:0.000232s ]
[2023-04-24T15:01:41+08:00][sql] SHOW FULL COLUMNS FROM `address` [ RunTime:0.000897s ]
[2023-04-24T15:01:41+08:00][sql] SELECT * FROM `address` WHERE  `id` = 1 LIMIT 1 [ RunTime:0.000241s ]
[2023-04-24T15:01:41+08:00][sql] SELECT * FROM `address` WHERE  `id` = 2 LIMIT 1 [ RunTime:0.000214s ]
[2023-04-24T15:16:14+08:00][sql] CONNECT:[ UseTime:0.000419s ] mysql:host=localhost;port=3316;dbname=coffee;charset=utf8
[2023-04-24T15:16:14+08:00][sql] SHOW FULL COLUMNS FROM `banner` [ RunTime:0.001258s ]
[2023-04-24T15:16:14+08:00][sql] SELECT * FROM `banner` [ RunTime:0.000258s ]
[2023-04-24T15:16:14+08:00][sql] SHOW FULL COLUMNS FROM `information` [ RunTime:0.001000s ]
[2023-04-24T15:16:14+08:00][sql] SELECT * FROM `information` ORDER BY `time` DESC LIMIT 1 [ RunTime:0.000352s ]
[2023-04-24T15:16:14+08:00][sql] SELECT * FROM `information` ORDER BY `time` DESC LIMIT 1,4 [ RunTime:0.000419s ]
[2023-04-24T15:16:14+08:00][sql] SHOW FULL COLUMNS FROM `course` [ RunTime:0.001083s ]
[2023-04-24T15:16:14+08:00][sql] SELECT `id`,`title` FROM `course` ORDER BY `sorting` ASC LIMIT 0,6 [ RunTime:0.000297s ]
[2023-04-24T15:16:14+08:00][sql] SHOW FULL COLUMNS FROM `teacher` [ RunTime:0.000956s ]
[2023-04-24T15:16:14+08:00][sql] SELECT * FROM `teacher` [ RunTime:0.000268s ]
[2023-04-24T15:16:14+08:00][sql] SHOW FULL COLUMNS FROM `address` [ RunTime:0.000981s ]
[2023-04-24T15:16:14+08:00][sql] SELECT * FROM `address` WHERE  `id` = 1 LIMIT 1 [ RunTime:0.000282s ]
[2023-04-24T15:16:14+08:00][sql] SELECT * FROM `address` WHERE  `id` = 2 LIMIT 1 [ RunTime:0.000257s ]
[2023-04-24T15:32:35+08:00][sql] CONNECT:[ UseTime:0.000430s ] mysql:host=localhost;port=3316;dbname=coffee;charset=utf8
[2023-04-24T15:32:35+08:00][sql] SHOW FULL COLUMNS FROM `banner` [ RunTime:0.001287s ]
[2023-04-24T15:32:35+08:00][sql] SELECT * FROM `banner` [ RunTime:0.000251s ]
[2023-04-24T15:32:35+08:00][sql] SHOW FULL COLUMNS FROM `information` [ RunTime:0.001036s ]
[2023-04-24T15:32:35+08:00][sql] SELECT * FROM `information` ORDER BY `time` DESC LIMIT 1 [ RunTime:0.000375s ]
[2023-04-24T15:32:35+08:00][sql] SELECT * FROM `information` ORDER BY `time` DESC LIMIT 1,4 [ RunTime:0.000424s ]
[2023-04-24T15:32:35+08:00][sql] SHOW FULL COLUMNS FROM `course` [ RunTime:0.001086s ]
[2023-04-24T15:32:35+08:00][sql] SELECT `id`,`title` FROM `course` ORDER BY `sorting` ASC LIMIT 0,6 [ RunTime:0.000277s ]
[2023-04-24T15:32:35+08:00][sql] SHOW FULL COLUMNS FROM `teacher` [ RunTime:0.000904s ]
[2023-04-24T15:32:35+08:00][sql] SELECT * FROM `teacher` [ RunTime:0.000264s ]
[2023-04-24T15:32:35+08:00][sql] SHOW FULL COLUMNS FROM `address` [ RunTime:0.000951s ]
[2023-04-24T15:32:35+08:00][sql] SELECT * FROM `address` WHERE  `id` = 1 LIMIT 1 [ RunTime:0.000324s ]
[2023-04-24T15:32:35+08:00][sql] SELECT * FROM `address` WHERE  `id` = 2 LIMIT 1 [ RunTime:0.000255s ]
[2023-04-24T15:32:36+08:00][sql] CONNECT:[ UseTime:0.000403s ] mysql:host=localhost;port=3316;dbname=coffee;charset=utf8
[2023-04-24T15:32:36+08:00][sql] SHOW FULL COLUMNS FROM `banner` [ RunTime:0.001322s ]
[2023-04-24T15:32:36+08:00][sql] SELECT * FROM `banner` [ RunTime:0.000223s ]
[2023-04-24T15:32:36+08:00][sql] SHOW FULL COLUMNS FROM `information` [ RunTime:0.000934s ]
[2023-04-24T15:32:36+08:00][sql] SELECT * FROM `information` ORDER BY `time` DESC LIMIT 1 [ RunTime:0.000297s ]
[2023-04-24T15:32:36+08:00][sql] SELECT * FROM `information` ORDER BY `time` DESC LIMIT 1,4 [ RunTime:0.000394s ]
[2023-04-24T15:32:36+08:00][sql] SHOW FULL COLUMNS FROM `course` [ RunTime:0.001079s ]
[2023-04-24T15:32:36+08:00][sql] SELECT `id`,`title` FROM `course` ORDER BY `sorting` ASC LIMIT 0,6 [ RunTime:0.000262s ]
[2023-04-24T15:32:36+08:00][sql] SHOW FULL COLUMNS FROM `teacher` [ RunTime:0.000893s ]
[2023-04-24T15:32:36+08:00][sql] SELECT * FROM `teacher` [ RunTime:0.000291s ]
[2023-04-24T15:32:36+08:00][sql] SHOW FULL COLUMNS FROM `address` [ RunTime:0.000943s ]
[2023-04-24T15:32:36+08:00][sql] SELECT * FROM `address` WHERE  `id` = 1 LIMIT 1 [ RunTime:0.000284s ]
[2023-04-24T15:32:36+08:00][sql] SELECT * FROM `address` WHERE  `id` = 2 LIMIT 1 [ RunTime:0.000257s ]
[2023-04-24T16:01:18+08:00][sql] CONNECT:[ UseTime:0.001909s ] mysql:host=localhost;port=3316;dbname=coffee;charset=utf8
[2023-04-24T16:01:18+08:00][sql] SHOW FULL COLUMNS FROM `banner` [ RunTime:0.001589s ]
[2023-04-24T16:01:18+08:00][sql] SELECT * FROM `banner` [ RunTime:0.000248s ]
[2023-04-24T16:01:18+08:00][sql] SHOW FULL COLUMNS FROM `information` [ RunTime:0.001196s ]
[2023-04-24T16:01:18+08:00][sql] SELECT * FROM `information` ORDER BY `time` DESC LIMIT 1 [ RunTime:0.000406s ]
[2023-04-24T16:01:18+08:00][sql] SELECT * FROM `information` ORDER BY `time` DESC LIMIT 1,4 [ RunTime:0.000400s ]
[2023-04-24T16:01:18+08:00][sql] SHOW FULL COLUMNS FROM `course` [ RunTime:0.001359s ]
[2023-04-24T16:01:18+08:00][sql] SELECT `id`,`title` FROM `course` ORDER BY `sorting` ASC LIMIT 0,6 [ RunTime:0.000274s ]
[2023-04-24T16:01:18+08:00][sql] SHOW FULL COLUMNS FROM `teacher` [ RunTime:0.001610s ]
[2023-04-24T16:01:18+08:00][sql] SELECT * FROM `teacher` [ RunTime:0.000267s ]
[2023-04-24T16:01:18+08:00][sql] SHOW FULL COLUMNS FROM `address` [ RunTime:0.001222s ]
[2023-04-24T16:01:18+08:00][sql] SELECT * FROM `address` WHERE  `id` = 1 LIMIT 1 [ RunTime:0.000333s ]
[2023-04-24T16:01:18+08:00][sql] SELECT * FROM `address` WHERE  `id` = 2 LIMIT 1 [ RunTime:0.000246s ]
[2023-04-24T16:04:34+08:00][sql] CONNECT:[ UseTime:0.000465s ] mysql:host=localhost;port=3316;dbname=coffee;charset=utf8
[2023-04-24T16:04:34+08:00][sql] SHOW FULL COLUMNS FROM `banner` [ RunTime:0.001610s ]
[2023-04-24T16:04:34+08:00][sql] SELECT * FROM `banner` [ RunTime:0.000269s ]
[2023-04-24T16:04:34+08:00][sql] SHOW FULL COLUMNS FROM `information` [ RunTime:0.001237s ]
[2023-04-24T16:04:34+08:00][sql] SELECT * FROM `information` ORDER BY `time` DESC LIMIT 1 [ RunTime:0.000351s ]
[2023-04-24T16:04:34+08:00][sql] SELECT * FROM `information` ORDER BY `time` DESC LIMIT 1,4 [ RunTime:0.000397s ]
[2023-04-24T16:04:34+08:00][sql] SHOW FULL COLUMNS FROM `course` [ RunTime:0.001360s ]
[2023-04-24T16:04:34+08:00][sql] SELECT `id`,`title` FROM `course` ORDER BY `sorting` ASC LIMIT 0,6 [ RunTime:0.000288s ]
[2023-04-24T16:04:34+08:00][sql] SHOW FULL COLUMNS FROM `teacher` [ RunTime:0.001189s ]
[2023-04-24T16:04:34+08:00][sql] SELECT * FROM `teacher` [ RunTime:0.000268s ]
[2023-04-24T16:04:34+08:00][sql] SHOW FULL COLUMNS FROM `address` [ RunTime:0.001189s ]
[2023-04-24T16:04:34+08:00][sql] SELECT * FROM `address` WHERE  `id` = 1 LIMIT 1 [ RunTime:0.000274s ]
[2023-04-24T16:04:34+08:00][sql] SELECT * FROM `address` WHERE  `id` = 2 LIMIT 1 [ RunTime:0.000240s ]
[2023-04-24T16:15:05+08:00][sql] CONNECT:[ UseTime:0.000710s ] mysql:host=localhost;port=3316;dbname=coffee;charset=utf8
[2023-04-24T16:15:05+08:00][sql] SHOW FULL COLUMNS FROM `banner` [ RunTime:0.001274s ]
[2023-04-24T16:15:05+08:00][sql] SELECT * FROM `banner` [ RunTime:0.000268s ]
[2023-04-24T16:15:05+08:00][sql] SHOW FULL COLUMNS FROM `information` [ RunTime:0.001004s ]
[2023-04-24T16:15:05+08:00][sql] SELECT * FROM `information` ORDER BY `time` DESC LIMIT 1 [ RunTime:0.000388s ]
[2023-04-24T16:15:05+08:00][sql] SELECT * FROM `information` ORDER BY `time` DESC LIMIT 1,4 [ RunTime:0.000379s ]
[2023-04-24T16:15:05+08:00][sql] SHOW FULL COLUMNS FROM `course` [ RunTime:0.001064s ]
[2023-04-24T16:15:05+08:00][sql] SELECT `id`,`title` FROM `course` ORDER BY `sorting` ASC LIMIT 0,6 [ RunTime:0.000271s ]
[2023-04-24T16:15:05+08:00][sql] SHOW FULL COLUMNS FROM `teacher` [ RunTime:0.000924s ]
[2023-04-24T16:15:05+08:00][sql] SELECT * FROM `teacher` [ RunTime:0.000303s ]
[2023-04-24T16:15:05+08:00][sql] SHOW FULL COLUMNS FROM `address` [ RunTime:0.000978s ]
[2023-04-24T16:15:05+08:00][sql] SELECT * FROM `address` WHERE  `id` = 1 LIMIT 1 [ RunTime:0.000281s ]
[2023-04-24T16:15:05+08:00][sql] SELECT * FROM `address` WHERE  `id` = 2 LIMIT 1 [ RunTime:0.000241s ]
[2023-04-24T16:45:40+08:00][sql] CONNECT:[ UseTime:0.000415s ] mysql:host=localhost;port=3316;dbname=coffee;charset=utf8
[2023-04-24T16:45:40+08:00][sql] SHOW FULL COLUMNS FROM `banner` [ RunTime:0.001352s ]
[2023-04-24T16:45:40+08:00][sql] SELECT * FROM `banner` [ RunTime:0.000224s ]
[2023-04-24T16:45:40+08:00][sql] SHOW FULL COLUMNS FROM `information` [ RunTime:0.001057s ]
[2023-04-24T16:45:40+08:00][sql] SELECT * FROM `information` ORDER BY `time` DESC LIMIT 1 [ RunTime:0.000308s ]
[2023-04-24T16:45:40+08:00][sql] SELECT * FROM `information` ORDER BY `time` DESC LIMIT 1,4 [ RunTime:0.000470s ]
[2023-04-24T16:45:40+08:00][sql] SHOW FULL COLUMNS FROM `course` [ RunTime:0.001219s ]
[2023-04-24T16:45:40+08:00][sql] SELECT `id`,`title` FROM `course` ORDER BY `sorting` ASC LIMIT 0,6 [ RunTime:0.000219s ]
[2023-04-24T16:45:40+08:00][sql] SHOW FULL COLUMNS FROM `teacher` [ RunTime:0.001068s ]
[2023-04-24T16:45:40+08:00][sql] SELECT * FROM `teacher` [ RunTime:0.000229s ]
[2023-04-24T16:45:40+08:00][sql] SHOW FULL COLUMNS FROM `address` [ RunTime:0.001041s ]
[2023-04-24T16:45:40+08:00][sql] SELECT * FROM `address` WHERE  `id` = 1 LIMIT 1 [ RunTime:0.000232s ]
[2023-04-24T16:45:40+08:00][sql] SELECT * FROM `address` WHERE  `id` = 2 LIMIT 1 [ RunTime:0.000227s ]
[2023-04-24T17:07:38+08:00][sql] CONNECT:[ UseTime:0.000410s ] mysql:host=localhost;port=3316;dbname=coffee;charset=utf8
[2023-04-24T17:07:38+08:00][sql] SHOW FULL COLUMNS FROM `banner` [ RunTime:0.001229s ]
[2023-04-24T17:07:38+08:00][sql] SELECT * FROM `banner` [ RunTime:0.000266s ]
[2023-04-24T17:07:38+08:00][sql] SHOW FULL COLUMNS FROM `information` [ RunTime:0.000912s ]
[2023-04-24T17:07:38+08:00][sql] SELECT * FROM `information` ORDER BY `time` DESC LIMIT 1 [ RunTime:0.000305s ]
[2023-04-24T17:07:38+08:00][sql] SELECT * FROM `information` ORDER BY `time` DESC LIMIT 1,4 [ RunTime:0.000312s ]
[2023-04-24T17:07:38+08:00][sql] SHOW FULL COLUMNS FROM `course` [ RunTime:0.001043s ]
[2023-04-24T17:07:38+08:00][sql] SELECT `id`,`title` FROM `course` ORDER BY `sorting` ASC LIMIT 0,6 [ RunTime:0.000231s ]
[2023-04-24T17:07:38+08:00][sql] SHOW FULL COLUMNS FROM `teacher` [ RunTime:0.000962s ]
[2023-04-24T17:07:38+08:00][sql] SELECT * FROM `teacher` [ RunTime:0.000280s ]
[2023-04-24T17:07:38+08:00][sql] SHOW FULL COLUMNS FROM `address` [ RunTime:0.001085s ]
[2023-04-24T17:07:38+08:00][sql] SELECT * FROM `address` WHERE  `id` = 1 LIMIT 1 [ RunTime:0.000293s ]
[2023-04-24T17:07:38+08:00][sql] SELECT * FROM `address` WHERE  `id` = 2 LIMIT 1 [ RunTime:0.000249s ]
[2023-04-24T17:22:54+08:00][sql] CONNECT:[ UseTime:0.000457s ] mysql:host=localhost;port=3316;dbname=coffee;charset=utf8
[2023-04-24T17:22:54+08:00][sql] SHOW FULL COLUMNS FROM `banner` [ RunTime:0.001254s ]
[2023-04-24T17:22:54+08:00][sql] SELECT * FROM `banner` [ RunTime:0.000267s ]
[2023-04-24T17:22:54+08:00][sql] SHOW FULL COLUMNS FROM `information` [ RunTime:0.001010s ]
[2023-04-24T17:22:54+08:00][sql] SELECT * FROM `information` ORDER BY `time` DESC LIMIT 1 [ RunTime:0.000344s ]
[2023-04-24T17:22:54+08:00][sql] SELECT * FROM `information` ORDER BY `time` DESC LIMIT 1,4 [ RunTime:0.000384s ]
[2023-04-24T17:22:54+08:00][sql] SHOW FULL COLUMNS FROM `course` [ RunTime:0.001156s ]
[2023-04-24T17:22:54+08:00][sql] SELECT `id`,`title` FROM `course` ORDER BY `sorting` ASC LIMIT 0,6 [ RunTime:0.000255s ]
[2023-04-24T17:22:54+08:00][sql] SHOW FULL COLUMNS FROM `teacher` [ RunTime:0.000919s ]
[2023-04-24T17:22:54+08:00][sql] SELECT * FROM `teacher` [ RunTime:0.000267s ]
[2023-04-24T17:22:54+08:00][sql] SHOW FULL COLUMNS FROM `address` [ RunTime:0.001012s ]
[2023-04-24T17:22:54+08:00][sql] SELECT * FROM `address` WHERE  `id` = 1 LIMIT 1 [ RunTime:0.000298s ]
[2023-04-24T17:22:54+08:00][sql] SELECT * FROM `address` WHERE  `id` = 2 LIMIT 1 [ RunTime:0.000253s ]
[2023-04-24T17:30:36+08:00][sql] CONNECT:[ UseTime:0.000443s ] mysql:host=localhost;port=3316;dbname=coffee;charset=utf8
[2023-04-24T17:30:36+08:00][sql] SHOW FULL COLUMNS FROM `banner` [ RunTime:0.001726s ]
[2023-04-24T17:30:36+08:00][sql] SELECT * FROM `banner` [ RunTime:0.010152s ]
[2023-04-24T17:30:36+08:00][sql] SHOW FULL COLUMNS FROM `information` [ RunTime:0.002128s ]
[2023-04-24T17:30:36+08:00][sql] SELECT * FROM `information` ORDER BY `time` DESC LIMIT 1 [ RunTime:0.001871s ]
[2023-04-24T17:30:36+08:00][sql] SELECT * FROM `information` ORDER BY `time` DESC LIMIT 1,4 [ RunTime:0.000744s ]
[2023-04-24T17:30:36+08:00][sql] SHOW FULL COLUMNS FROM `course` [ RunTime:0.001932s ]
[2023-04-24T17:30:36+08:00][sql] SELECT `id`,`title` FROM `course` ORDER BY `sorting` ASC LIMIT 0,6 [ RunTime:0.000408s ]
[2023-04-24T17:30:36+08:00][sql] SHOW FULL COLUMNS FROM `teacher` [ RunTime:0.001463s ]
[2023-04-24T17:30:36+08:00][sql] SELECT * FROM `teacher` [ RunTime:0.000318s ]
[2023-04-24T17:30:36+08:00][sql] SHOW FULL COLUMNS FROM `address` [ RunTime:0.003684s ]
[2023-04-24T17:30:36+08:00][sql] SELECT * FROM `address` WHERE  `id` = 1 LIMIT 1 [ RunTime:0.000512s ]
[2023-04-24T17:30:36+08:00][sql] SELECT * FROM `address` WHERE  `id` = 2 LIMIT 1 [ RunTime:0.000353s ]
[2023-04-24T17:58:11+08:00][sql] CONNECT:[ UseTime:0.000380s ] mysql:host=localhost;port=3316;dbname=coffee;charset=utf8
[2023-04-24T17:58:11+08:00][sql] SHOW FULL COLUMNS FROM `banner` [ RunTime:0.001302s ]
[2023-04-24T17:58:11+08:00][sql] SELECT * FROM `banner` [ RunTime:0.000217s ]
[2023-04-24T17:58:11+08:00][sql] SHOW FULL COLUMNS FROM `information` [ RunTime:0.001041s ]
[2023-04-24T17:58:11+08:00][sql] SELECT * FROM `information` ORDER BY `time` DESC LIMIT 1 [ RunTime:0.000308s ]
[2023-04-24T17:58:11+08:00][sql] SELECT * FROM `information` ORDER BY `time` DESC LIMIT 1,4 [ RunTime:0.000327s ]
[2023-04-24T17:58:11+08:00][sql] SHOW FULL COLUMNS FROM `course` [ RunTime:0.001025s ]
[2023-04-24T17:58:11+08:00][sql] SELECT `id`,`title` FROM `course` ORDER BY `sorting` ASC LIMIT 0,6 [ RunTime:0.000220s ]
[2023-04-24T17:58:11+08:00][sql] SHOW FULL COLUMNS FROM `teacher` [ RunTime:0.000892s ]
[2023-04-24T17:58:11+08:00][sql] SELECT * FROM `teacher` [ RunTime:0.000229s ]
[2023-04-24T17:58:11+08:00][sql] SHOW FULL COLUMNS FROM `address` [ RunTime:0.000834s ]
[2023-04-24T17:58:11+08:00][sql] SELECT * FROM `address` WHERE  `id` = 1 LIMIT 1 [ RunTime:0.000243s ]
[2023-04-24T17:58:11+08:00][sql] SELECT * FROM `address` WHERE  `id` = 2 LIMIT 1 [ RunTime:0.000194s ]
[2023-04-24T19:34:33+08:00][sql] CONNECT:[ UseTime:0.000434s ] mysql:host=localhost;port=3316;dbname=coffee;charset=utf8
[2023-04-24T19:34:33+08:00][sql] SHOW FULL COLUMNS FROM `banner` [ RunTime:0.001247s ]
[2023-04-24T19:34:33+08:00][sql] SELECT * FROM `banner` [ RunTime:0.000251s ]
[2023-04-24T19:34:33+08:00][sql] SHOW FULL COLUMNS FROM `information` [ RunTime:0.000993s ]
[2023-04-24T19:34:33+08:00][sql] SELECT * FROM `information` ORDER BY `time` DESC LIMIT 1 [ RunTime:0.000325s ]
[2023-04-24T19:34:33+08:00][sql] SELECT * FROM `information` ORDER BY `time` DESC LIMIT 1,4 [ RunTime:0.000384s ]
[2023-04-24T19:34:33+08:00][sql] SHOW FULL COLUMNS FROM `course` [ RunTime:0.001147s ]
[2023-04-24T19:34:33+08:00][sql] SELECT `id`,`title` FROM `course` ORDER BY `sorting` ASC LIMIT 0,6 [ RunTime:0.000222s ]
[2023-04-24T19:34:33+08:00][sql] SHOW FULL COLUMNS FROM `teacher` [ RunTime:0.000885s ]
[2023-04-24T19:34:33+08:00][sql] SELECT * FROM `teacher` [ RunTime:0.000220s ]
[2023-04-24T19:34:33+08:00][sql] SHOW FULL COLUMNS FROM `address` [ RunTime:0.000935s ]
[2023-04-24T19:34:33+08:00][sql] SELECT * FROM `address` WHERE  `id` = 1 LIMIT 1 [ RunTime:0.000291s ]
[2023-04-24T19:34:33+08:00][sql] SELECT * FROM `address` WHERE  `id` = 2 LIMIT 1 [ RunTime:0.000212s ]
[2023-04-24T20:33:16+08:00][sql] CONNECT:[ UseTime:0.014960s ] mysql:host=localhost;port=3316;dbname=coffee;charset=utf8
[2023-04-24T20:33:16+08:00][sql] SHOW FULL COLUMNS FROM `banner` [ RunTime:0.004396s ]
[2023-04-24T20:33:16+08:00][sql] SELECT * FROM `banner` [ RunTime:0.000412s ]
[2023-04-24T20:33:16+08:00][sql] SHOW FULL COLUMNS FROM `information` [ RunTime:0.001860s ]
[2023-04-24T20:33:16+08:00][sql] SELECT * FROM `information` ORDER BY `time` DESC LIMIT 1 [ RunTime:0.001216s ]
[2023-04-24T20:33:16+08:00][sql] SELECT * FROM `information` ORDER BY `time` DESC LIMIT 1,4 [ RunTime:0.000595s ]
[2023-04-24T20:33:16+08:00][sql] SHOW FULL COLUMNS FROM `course` [ RunTime:0.002382s ]
[2023-04-24T20:33:16+08:00][sql] SELECT `id`,`title` FROM `course` ORDER BY `sorting` ASC LIMIT 0,6 [ RunTime:0.000410s ]
[2023-04-24T20:33:16+08:00][sql] SHOW FULL COLUMNS FROM `teacher` [ RunTime:0.001752s ]
[2023-04-24T20:33:16+08:00][sql] SELECT * FROM `teacher` [ RunTime:0.000428s ]
[2023-04-24T20:33:16+08:00][sql] SHOW FULL COLUMNS FROM `address` [ RunTime:0.001711s ]
[2023-04-24T20:33:16+08:00][sql] SELECT * FROM `address` WHERE  `id` = 1 LIMIT 1 [ RunTime:0.000438s ]
[2023-04-24T20:33:16+08:00][sql] SELECT * FROM `address` WHERE  `id` = 2 LIMIT 1 [ RunTime:0.000541s ]
[2023-04-24T21:04:54+08:00][sql] CONNECT:[ UseTime:0.000429s ] mysql:host=localhost;port=3316;dbname=coffee;charset=utf8
[2023-04-24T21:04:54+08:00][sql] SHOW FULL COLUMNS FROM `banner` [ RunTime:0.001199s ]
[2023-04-24T21:04:54+08:00][sql] SELECT * FROM `banner` [ RunTime:0.000207s ]
[2023-04-24T21:04:54+08:00][sql] SHOW FULL COLUMNS FROM `information` [ RunTime:0.000976s ]
[2023-04-24T21:04:54+08:00][sql] SELECT * FROM `information` ORDER BY `time` DESC LIMIT 1 [ RunTime:0.000348s ]
[2023-04-24T21:04:54+08:00][sql] SELECT * FROM `information` ORDER BY `time` DESC LIMIT 1,4 [ RunTime:0.000350s ]
[2023-04-24T21:04:54+08:00][sql] SHOW FULL COLUMNS FROM `course` [ RunTime:0.001094s ]
[2023-04-24T21:04:54+08:00][sql] SELECT `id`,`title` FROM `course` ORDER BY `sorting` ASC LIMIT 0,6 [ RunTime:0.000239s ]
[2023-04-24T21:04:54+08:00][sql] SHOW FULL COLUMNS FROM `teacher` [ RunTime:0.000843s ]
[2023-04-24T21:04:54+08:00][sql] SELECT * FROM `teacher` [ RunTime:0.000230s ]
[2023-04-24T21:04:54+08:00][sql] SHOW FULL COLUMNS FROM `address` [ RunTime:0.000854s ]
[2023-04-24T21:04:54+08:00][sql] SELECT * FROM `address` WHERE  `id` = 1 LIMIT 1 [ RunTime:0.000252s ]
[2023-04-24T21:04:54+08:00][sql] SELECT * FROM `address` WHERE  `id` = 2 LIMIT 1 [ RunTime:0.000201s ]
[2023-04-24T21:12:16+08:00][sql] CONNECT:[ UseTime:0.000409s ] mysql:host=localhost;port=3316;dbname=coffee;charset=utf8
[2023-04-24T21:12:16+08:00][sql] SHOW FULL COLUMNS FROM `banner` [ RunTime:0.001316s ]
[2023-04-24T21:12:16+08:00][sql] SELECT * FROM `banner` [ RunTime:0.000222s ]
[2023-04-24T21:12:16+08:00][sql] SHOW FULL COLUMNS FROM `information` [ RunTime:0.001054s ]
[2023-04-24T21:12:16+08:00][sql] SELECT * FROM `information` ORDER BY `time` DESC LIMIT 1 [ RunTime:0.000304s ]
[2023-04-24T21:12:16+08:00][sql] SELECT * FROM `information` ORDER BY `time` DESC LIMIT 1,4 [ RunTime:0.000366s ]
[2023-04-24T21:12:16+08:00][sql] SHOW FULL COLUMNS FROM `course` [ RunTime:0.001157s ]
[2023-04-24T21:12:16+08:00][sql] SELECT `id`,`title` FROM `course` ORDER BY `sorting` ASC LIMIT 0,6 [ RunTime:0.000265s ]
[2023-04-24T21:12:16+08:00][sql] SHOW FULL COLUMNS FROM `teacher` [ RunTime:0.000917s ]
[2023-04-24T21:12:16+08:00][sql] SELECT * FROM `teacher` [ RunTime:0.000265s ]
[2023-04-24T21:12:16+08:00][sql] SHOW FULL COLUMNS FROM `address` [ RunTime:0.000913s ]
[2023-04-24T21:12:16+08:00][sql] SELECT * FROM `address` WHERE  `id` = 1 LIMIT 1 [ RunTime:0.000279s ]
[2023-04-24T21:12:16+08:00][sql] SELECT * FROM `address` WHERE  `id` = 2 LIMIT 1 [ RunTime:0.000227s ]
[2023-04-24T21:38:58+08:00][sql] CONNECT:[ UseTime:0.000426s ] mysql:host=localhost;port=3316;dbname=coffee;charset=utf8
[2023-04-24T21:38:58+08:00][sql] SHOW FULL COLUMNS FROM `banner` [ RunTime:0.001425s ]
[2023-04-24T21:38:58+08:00][sql] SELECT * FROM `banner` [ RunTime:0.000252s ]
[2023-04-24T21:38:58+08:00][sql] SHOW FULL COLUMNS FROM `information` [ RunTime:0.001004s ]
[2023-04-24T21:38:58+08:00][sql] SELECT * FROM `information` ORDER BY `time` DESC LIMIT 1 [ RunTime:0.000334s ]
[2023-04-24T21:38:58+08:00][sql] SELECT * FROM `information` ORDER BY `time` DESC LIMIT 1,4 [ RunTime:0.000387s ]
[2023-04-24T21:38:58+08:00][sql] SHOW FULL COLUMNS FROM `course` [ RunTime:0.001107s ]
[2023-04-24T21:38:58+08:00][sql] SELECT `id`,`title` FROM `course` ORDER BY `sorting` ASC LIMIT 0,6 [ RunTime:0.000366s ]
[2023-04-24T21:38:58+08:00][sql] SHOW FULL COLUMNS FROM `teacher` [ RunTime:0.000929s ]
[2023-04-24T21:38:58+08:00][sql] SELECT * FROM `teacher` [ RunTime:0.000267s ]
[2023-04-24T21:38:58+08:00][sql] SHOW FULL COLUMNS FROM `address` [ RunTime:0.001075s ]
[2023-04-24T21:38:58+08:00][sql] SELECT * FROM `address` WHERE  `id` = 1 LIMIT 1 [ RunTime:0.000293s ]
[2023-04-24T21:38:58+08:00][sql] SELECT * FROM `address` WHERE  `id` = 2 LIMIT 1 [ RunTime:0.000253s ]
[2023-04-24T22:04:14+08:00][sql] CONNECT:[ UseTime:0.000439s ] mysql:host=localhost;port=3316;dbname=coffee;charset=utf8
[2023-04-24T22:04:14+08:00][sql] SHOW FULL COLUMNS FROM `banner` [ RunTime:0.001582s ]
[2023-04-24T22:04:14+08:00][sql] SELECT * FROM `banner` [ RunTime:0.000250s ]
[2023-04-24T22:04:14+08:00][sql] SHOW FULL COLUMNS FROM `information` [ RunTime:0.001074s ]
[2023-04-24T22:04:14+08:00][sql] SELECT * FROM `information` ORDER BY `time` DESC LIMIT 1 [ RunTime:0.000330s ]
[2023-04-24T22:04:14+08:00][sql] SELECT * FROM `information` ORDER BY `time` DESC LIMIT 1,4 [ RunTime:0.000385s ]
[2023-04-24T22:04:14+08:00][sql] SHOW FULL COLUMNS FROM `course` [ RunTime:0.001134s ]
[2023-04-24T22:04:14+08:00][sql] SELECT `id`,`title` FROM `course` ORDER BY `sorting` ASC LIMIT 0,6 [ RunTime:0.000258s ]
[2023-04-24T22:04:14+08:00][sql] SHOW FULL COLUMNS FROM `teacher` [ RunTime:0.000924s ]
[2023-04-24T22:04:14+08:00][sql] SELECT * FROM `teacher` [ RunTime:0.000270s ]
[2023-04-24T22:04:14+08:00][sql] SHOW FULL COLUMNS FROM `address` [ RunTime:0.000934s ]
[2023-04-24T22:04:14+08:00][sql] SELECT * FROM `address` WHERE  `id` = 1 LIMIT 1 [ RunTime:0.000278s ]
[2023-04-24T22:04:14+08:00][sql] SELECT * FROM `address` WHERE  `id` = 2 LIMIT 1 [ RunTime:0.000259s ]
[2023-04-24T22:04:25+08:00][sql] CONNECT:[ UseTime:0.000401s ] mysql:host=localhost;port=3316;dbname=coffee;charset=utf8
[2023-04-24T22:04:25+08:00][sql] SHOW FULL COLUMNS FROM `banner` [ RunTime:0.001280s ]
[2023-04-24T22:04:25+08:00][sql] SELECT * FROM `banner` [ RunTime:0.000251s ]
[2023-04-24T22:04:25+08:00][sql] SHOW FULL COLUMNS FROM `information` [ RunTime:0.001013s ]
[2023-04-24T22:04:25+08:00][sql] SELECT * FROM `information` ORDER BY `time` DESC LIMIT 1 [ RunTime:0.000323s ]
[2023-04-24T22:04:25+08:00][sql] SELECT * FROM `information` ORDER BY `time` DESC LIMIT 1,4 [ RunTime:0.000323s ]
[2023-04-24T22:04:25+08:00][sql] SHOW FULL COLUMNS FROM `course` [ RunTime:0.001063s ]
[2023-04-24T22:04:25+08:00][sql] SELECT `id`,`title` FROM `course` ORDER BY `sorting` ASC LIMIT 0,6 [ RunTime:0.000234s ]
[2023-04-24T22:04:25+08:00][sql] SHOW FULL COLUMNS FROM `teacher` [ RunTime:0.000992s ]
[2023-04-24T22:04:25+08:00][sql] SELECT * FROM `teacher` [ RunTime:0.000299s ]
[2023-04-24T22:04:25+08:00][sql] SHOW FULL COLUMNS FROM `address` [ RunTime:0.001394s ]
[2023-04-24T22:04:25+08:00][sql] SELECT * FROM `address` WHERE  `id` = 1 LIMIT 1 [ RunTime:0.000347s ]
[2023-04-24T22:04:25+08:00][sql] SELECT * FROM `address` WHERE  `id` = 2 LIMIT 1 [ RunTime:0.000331s ]
[2023-04-24T22:18:25+08:00][sql] CONNECT:[ UseTime:0.001368s ] mysql:host=localhost;port=3316;dbname=coffee;charset=utf8
[2023-04-24T22:18:25+08:00][sql] SHOW FULL COLUMNS FROM `banner` [ RunTime:0.001967s ]
[2023-04-24T22:18:25+08:00][sql] SELECT * FROM `banner` [ RunTime:0.000287s ]
[2023-04-24T22:18:25+08:00][sql] SHOW FULL COLUMNS FROM `information` [ RunTime:0.001300s ]
[2023-04-24T22:18:25+08:00][sql] SELECT * FROM `information` ORDER BY `time` DESC LIMIT 1 [ RunTime:0.000313s ]
[2023-04-24T22:18:25+08:00][sql] SELECT * FROM `information` ORDER BY `time` DESC LIMIT 1,4 [ RunTime:0.000318s ]
[2023-04-24T22:18:25+08:00][sql] SHOW FULL COLUMNS FROM `course` [ RunTime:0.001110s ]
[2023-04-24T22:18:25+08:00][sql] SELECT `id`,`title` FROM `course` ORDER BY `sorting` ASC LIMIT 0,6 [ RunTime:0.000250s ]
[2023-04-24T22:18:25+08:00][sql] SHOW FULL COLUMNS FROM `teacher` [ RunTime:0.000873s ]
[2023-04-24T22:18:25+08:00][sql] SELECT * FROM `teacher` [ RunTime:0.000260s ]
[2023-04-24T22:18:25+08:00][sql] SHOW FULL COLUMNS FROM `address` [ RunTime:0.000884s ]
[2023-04-24T22:18:25+08:00][sql] SELECT * FROM `address` WHERE  `id` = 1 LIMIT 1 [ RunTime:0.000280s ]
[2023-04-24T22:18:25+08:00][sql] SELECT * FROM `address` WHERE  `id` = 2 LIMIT 1 [ RunTime:0.000210s ]
[2023-04-24T22:22:50+08:00][sql] CONNECT:[ UseTime:0.000429s ] mysql:host=localhost;port=3316;dbname=coffee;charset=utf8
[2023-04-24T22:22:50+08:00][sql] SHOW FULL COLUMNS FROM `banner` [ RunTime:0.001297s ]
[2023-04-24T22:22:50+08:00][sql] SELECT * FROM `banner` [ RunTime:0.000237s ]
[2023-04-24T22:22:50+08:00][sql] SHOW FULL COLUMNS FROM `information` [ RunTime:0.001052s ]
[2023-04-24T22:22:50+08:00][sql] SELECT * FROM `information` ORDER BY `time` DESC LIMIT 1 [ RunTime:0.000307s ]
[2023-04-24T22:22:50+08:00][sql] SELECT * FROM `information` ORDER BY `time` DESC LIMIT 1,4 [ RunTime:0.000344s ]
[2023-04-24T22:22:50+08:00][sql] SHOW FULL COLUMNS FROM `course` [ RunTime:0.001064s ]
[2023-04-24T22:22:50+08:00][sql] SELECT `id`,`title` FROM `course` ORDER BY `sorting` ASC LIMIT 0,6 [ RunTime:0.000218s ]
[2023-04-24T22:22:50+08:00][sql] SHOW FULL COLUMNS FROM `teacher` [ RunTime:0.000858s ]
[2023-04-24T22:22:50+08:00][sql] SELECT * FROM `teacher` [ RunTime:0.000214s ]
[2023-04-24T22:22:50+08:00][sql] SHOW FULL COLUMNS FROM `address` [ RunTime:0.000941s ]
[2023-04-24T22:22:50+08:00][sql] SELECT * FROM `address` WHERE  `id` = 1 LIMIT 1 [ RunTime:0.000254s ]
[2023-04-24T22:22:50+08:00][sql] SELECT * FROM `address` WHERE  `id` = 2 LIMIT 1 [ RunTime:0.000219s ]
[2023-04-24T22:27:48+08:00][sql] CONNECT:[ UseTime:0.000453s ] mysql:host=localhost;port=3316;dbname=coffee;charset=utf8
[2023-04-24T22:27:48+08:00][sql] SHOW FULL COLUMNS FROM `banner` [ RunTime:0.001574s ]
[2023-04-24T22:27:48+08:00][sql] SELECT * FROM `banner` [ RunTime:0.000231s ]
[2023-04-24T22:27:48+08:00][sql] SHOW FULL COLUMNS FROM `information` [ RunTime:0.000958s ]
[2023-04-24T22:27:48+08:00][sql] SELECT * FROM `information` ORDER BY `time` DESC LIMIT 1 [ RunTime:0.000345s ]
[2023-04-24T22:27:48+08:00][sql] SELECT * FROM `information` ORDER BY `time` DESC LIMIT 1,4 [ RunTime:0.000335s ]
[2023-04-24T22:27:48+08:00][sql] SHOW FULL COLUMNS FROM `course` [ RunTime:0.001338s ]
[2023-04-24T22:27:48+08:00][sql] SELECT `id`,`title` FROM `course` ORDER BY `sorting` ASC LIMIT 0,6 [ RunTime:0.000248s ]
[2023-04-24T22:27:48+08:00][sql] SHOW FULL COLUMNS FROM `teacher` [ RunTime:0.001113s ]
[2023-04-24T22:27:48+08:00][sql] SELECT * FROM `teacher` [ RunTime:0.000273s ]
[2023-04-24T22:27:48+08:00][sql] SHOW FULL COLUMNS FROM `address` [ RunTime:0.001139s ]
[2023-04-24T22:27:48+08:00][sql] SELECT * FROM `address` WHERE  `id` = 1 LIMIT 1 [ RunTime:0.000252s ]
[2023-04-24T22:27:48+08:00][sql] SELECT * FROM `address` WHERE  `id` = 2 LIMIT 1 [ RunTime:0.000288s ]
[2023-04-24T23:11:22+08:00][sql] CONNECT:[ UseTime:0.000389s ] mysql:host=localhost;port=3316;dbname=coffee;charset=utf8
[2023-04-24T23:11:22+08:00][sql] SHOW FULL COLUMNS FROM `banner` [ RunTime:0.001238s ]
[2023-04-24T23:11:22+08:00][sql] SELECT * FROM `banner` [ RunTime:0.000237s ]
[2023-04-24T23:11:22+08:00][sql] SHOW FULL COLUMNS FROM `information` [ RunTime:0.000925s ]
[2023-04-24T23:11:22+08:00][sql] SELECT * FROM `information` ORDER BY `time` DESC LIMIT 1 [ RunTime:0.000368s ]
[2023-04-24T23:11:22+08:00][sql] SELECT * FROM `information` ORDER BY `time` DESC LIMIT 1,4 [ RunTime:0.000401s ]
[2023-04-24T23:11:22+08:00][sql] SHOW FULL COLUMNS FROM `course` [ RunTime:0.001101s ]
[2023-04-24T23:11:22+08:00][sql] SELECT `id`,`title` FROM `course` ORDER BY `sorting` ASC LIMIT 0,6 [ RunTime:0.000221s ]
[2023-04-24T23:11:22+08:00][sql] SHOW FULL COLUMNS FROM `teacher` [ RunTime:0.000883s ]
[2023-04-24T23:11:22+08:00][sql] SELECT * FROM `teacher` [ RunTime:0.000219s ]
[2023-04-24T23:11:22+08:00][sql] SHOW FULL COLUMNS FROM `address` [ RunTime:0.000909s ]
[2023-04-24T23:11:22+08:00][sql] SELECT * FROM `address` WHERE  `id` = 1 LIMIT 1 [ RunTime:0.000265s ]
[2023-04-24T23:11:22+08:00][sql] SELECT * FROM `address` WHERE  `id` = 2 LIMIT 1 [ RunTime:0.000210s ]
[2023-04-24T23:50:10+08:00][sql] CONNECT:[ UseTime:0.000428s ] mysql:host=localhost;port=3316;dbname=coffee;charset=utf8
[2023-04-24T23:50:10+08:00][sql] SHOW FULL COLUMNS FROM `banner` [ RunTime:0.001307s ]
[2023-04-24T23:50:10+08:00][sql] SELECT * FROM `banner` [ RunTime:0.000302s ]
[2023-04-24T23:50:10+08:00][sql] SHOW FULL COLUMNS FROM `information` [ RunTime:0.001024s ]
[2023-04-24T23:50:10+08:00][sql] SELECT * FROM `information` ORDER BY `time` DESC LIMIT 1 [ RunTime:0.000334s ]
[2023-04-24T23:50:10+08:00][sql] SELECT * FROM `information` ORDER BY `time` DESC LIMIT 1,4 [ RunTime:0.000413s ]
[2023-04-24T23:50:10+08:00][sql] SHOW FULL COLUMNS FROM `course` [ RunTime:0.001168s ]
[2023-04-24T23:50:10+08:00][sql] SELECT `id`,`title` FROM `course` ORDER BY `sorting` ASC LIMIT 0,6 [ RunTime:0.000270s ]
[2023-04-24T23:50:10+08:00][sql] SHOW FULL COLUMNS FROM `teacher` [ RunTime:0.000916s ]
[2023-04-24T23:50:10+08:00][sql] SELECT * FROM `teacher` [ RunTime:0.000254s ]
[2023-04-24T23:50:10+08:00][sql] SHOW FULL COLUMNS FROM `address` [ RunTime:0.000940s ]
[2023-04-24T23:50:10+08:00][sql] SELECT * FROM `address` WHERE  `id` = 1 LIMIT 1 [ RunTime:0.000268s ]
[2023-04-24T23:50:10+08:00][sql] SELECT * FROM `address` WHERE  `id` = 2 LIMIT 1 [ RunTime:0.000240s ]
