[2023-03-06T00:26:34+08:00][sql] CONNECT:[ UseTime:0.000411s ] mysql:host=localhost;port=3316;dbname=coffee;charset=utf8
[2023-03-06T00:26:34+08:00][sql] SHOW FULL COLUMNS FROM `course` [ RunTime:0.001469s ]
[2023-03-06T00:26:34+08:00][sql] SELECT `id`,`title`,`price`,`days`,`time` FROM `course` WHERE  `is_time` = 1 ORDER BY `sorting` ASC [ RunTime:0.000812s ]
[2023-03-06T00:26:34+08:00][sql] SELECT `id`,`title` FROM `course` WHERE  `status` = 1 [ RunTime:0.000246s ]
[2023-03-06T00:26:34+08:00][sql] SELECT `id`,`title` FROM `course` WHERE  `status` = 2 [ RunTime:0.000377s ]
[2023-03-06T00:26:34+08:00][sql] SHOW FULL COLUMNS FROM `address` [ RunTime:0.000940s ]
[2023-03-06T00:26:34+08:00][sql] SELECT * FROM `address` WHERE  `id` = 1 LIMIT 1 [ RunTime:0.000281s ]
[2023-03-06T00:26:34+08:00][sql] SELECT * FROM `address` WHERE  `id` = 2 LIMIT 1 [ RunTime:0.000290s ]
[2023-03-06T04:23:31+08:00][sql] CONNECT:[ UseTime:0.000392s ] mysql:host=localhost;port=3316;dbname=coffee;charset=utf8
[2023-03-06T04:23:31+08:00][sql] SHOW FULL COLUMNS FROM `course` [ RunTime:0.001373s ]
[2023-03-06T04:23:31+08:00][sql] SELECT * FROM `course` WHERE  `id` = 3 LIMIT 1 [ RunTime:0.000763s ]
[2023-03-06T04:23:31+08:00][sql] SHOW FULL COLUMNS FROM `teacher` [ RunTime:0.000951s ]
[2023-03-06T04:23:31+08:00][sql] SELECT `teacher_name`,`teacher_title`,`teacher_avatar` FROM `teacher` WHERE  `id` = 1 LIMIT 1 [ RunTime:0.000236s ]
[2023-03-06T04:23:31+08:00][sql] SHOW FULL COLUMNS FROM `address` [ RunTime:0.000921s ]
[2023-03-06T04:23:31+08:00][sql] SELECT * FROM `address` WHERE  `id` = 1 LIMIT 1 [ RunTime:0.000280s ]
[2023-03-06T04:23:31+08:00][sql] SELECT * FROM `address` WHERE  `id` = 2 LIMIT 1 [ RunTime:0.000221s ]
[2023-03-06T05:10:22+08:00][sql] CONNECT:[ UseTime:0.000422s ] mysql:host=localhost;port=3316;dbname=coffee;charset=utf8
[2023-03-06T05:10:22+08:00][sql] SHOW FULL COLUMNS FROM `course` [ RunTime:0.001383s ]
[2023-03-06T05:10:22+08:00][sql] SELECT * FROM `course` WHERE  `id` = 1 LIMIT 1 [ RunTime:0.001446s ]
[2023-03-06T05:10:22+08:00][sql] SHOW FULL COLUMNS FROM `teacher` [ RunTime:0.000996s ]
[2023-03-06T05:10:22+08:00][sql] SELECT `teacher_name`,`teacher_title`,`teacher_avatar` FROM `teacher` WHERE  `id` = 1 LIMIT 1 [ RunTime:0.000259s ]
[2023-03-06T05:10:22+08:00][sql] SELECT `teacher_name`,`teacher_title`,`teacher_avatar` FROM `teacher` WHERE  `id` = 2 LIMIT 1 [ RunTime:0.000228s ]
[2023-03-06T05:10:22+08:00][sql] SHOW FULL COLUMNS FROM `address` [ RunTime:0.000975s ]
[2023-03-06T05:10:22+08:00][sql] SELECT * FROM `address` WHERE  `id` = 1 LIMIT 1 [ RunTime:0.000295s ]
[2023-03-06T05:10:22+08:00][sql] SELECT * FROM `address` WHERE  `id` = 2 LIMIT 1 [ RunTime:0.000251s ]
[2023-03-06T05:10:25+08:00][sql] CONNECT:[ UseTime:0.000348s ] mysql:host=localhost;port=3316;dbname=coffee;charset=utf8
[2023-03-06T05:10:25+08:00][sql] SHOW FULL COLUMNS FROM `course` [ RunTime:0.001378s ]
[2023-03-06T05:10:25+08:00][sql] SELECT * FROM `course` WHERE  `id` = 1 LIMIT 1 [ RunTime:0.000744s ]
[2023-03-06T05:10:25+08:00][sql] SHOW FULL COLUMNS FROM `teacher` [ RunTime:0.000875s ]
[2023-03-06T05:10:25+08:00][sql] SELECT `teacher_name`,`teacher_title`,`teacher_avatar` FROM `teacher` WHERE  `id` = 1 LIMIT 1 [ RunTime:0.000225s ]
[2023-03-06T05:10:25+08:00][sql] SELECT `teacher_name`,`teacher_title`,`teacher_avatar` FROM `teacher` WHERE  `id` = 2 LIMIT 1 [ RunTime:0.000205s ]
[2023-03-06T05:10:25+08:00][sql] SHOW FULL COLUMNS FROM `address` [ RunTime:0.000944s ]
[2023-03-06T05:10:25+08:00][sql] SELECT * FROM `address` WHERE  `id` = 1 LIMIT 1 [ RunTime:0.000234s ]
[2023-03-06T05:10:25+08:00][sql] SELECT * FROM `address` WHERE  `id` = 2 LIMIT 1 [ RunTime:0.000213s ]
[2023-03-06T05:10:43+08:00][sql] CONNECT:[ UseTime:0.000400s ] mysql:host=localhost;port=3316;dbname=coffee;charset=utf8
[2023-03-06T05:10:43+08:00][sql] SHOW FULL COLUMNS FROM `course` [ RunTime:0.001485s ]
[2023-03-06T05:10:43+08:00][sql] SELECT `id`,`title`,`price`,`days`,`time` FROM `course` WHERE  `is_time` = 1 ORDER BY `sorting` ASC [ RunTime:0.000807s ]
[2023-03-06T05:10:43+08:00][sql] SELECT `id`,`title` FROM `course` WHERE  `status` = 1 [ RunTime:0.000249s ]
[2023-03-06T05:10:43+08:00][sql] SELECT `id`,`title` FROM `course` WHERE  `status` = 2 [ RunTime:0.000287s ]
[2023-03-06T05:10:43+08:00][sql] SHOW FULL COLUMNS FROM `address` [ RunTime:0.001025s ]
[2023-03-06T05:10:43+08:00][sql] SELECT * FROM `address` WHERE  `id` = 1 LIMIT 1 [ RunTime:0.000290s ]
[2023-03-06T05:10:43+08:00][sql] SELECT * FROM `address` WHERE  `id` = 2 LIMIT 1 [ RunTime:0.000250s ]
[2023-03-06T05:59:13+08:00][sql] CONNECT:[ UseTime:0.000365s ] mysql:host=localhost;port=3316;dbname=coffee;charset=utf8
[2023-03-06T05:59:13+08:00][sql] SHOW FULL COLUMNS FROM `course` [ RunTime:0.001372s ]
[2023-03-06T05:59:13+08:00][sql] SELECT * FROM `course` WHERE  `id` = 3 LIMIT 1 [ RunTime:0.000304s ]
[2023-03-06T05:59:13+08:00][sql] SHOW FULL COLUMNS FROM `teacher` [ RunTime:0.000920s ]
[2023-03-06T05:59:13+08:00][sql] SELECT `teacher_name`,`teacher_title`,`teacher_avatar` FROM `teacher` WHERE  `id` = 1 LIMIT 1 [ RunTime:0.000228s ]
[2023-03-06T05:59:13+08:00][sql] SHOW FULL COLUMNS FROM `address` [ RunTime:0.000964s ]
[2023-03-06T05:59:13+08:00][sql] SELECT * FROM `address` WHERE  `id` = 1 LIMIT 1 [ RunTime:0.000269s ]
[2023-03-06T05:59:13+08:00][sql] SELECT * FROM `address` WHERE  `id` = 2 LIMIT 1 [ RunTime:0.000222s ]
[2023-03-06T09:37:42+08:00][sql] CONNECT:[ UseTime:0.007168s ] mysql:host=localhost;port=3316;dbname=coffee;charset=utf8
[2023-03-06T09:37:42+08:00][sql] SHOW FULL COLUMNS FROM `course` [ RunTime:0.003234s ]
[2023-03-06T09:37:42+08:00][sql] SELECT * FROM `course` WHERE  `id` = 2 LIMIT 1 [ RunTime:0.001238s ]
[2023-03-06T09:37:42+08:00][sql] SHOW FULL COLUMNS FROM `teacher` [ RunTime:0.001465s ]
[2023-03-06T09:37:42+08:00][sql] SELECT `teacher_name`,`teacher_title`,`teacher_avatar` FROM `teacher` WHERE  `id` = 3 LIMIT 1 [ RunTime:0.000375s ]
[2023-03-06T09:37:42+08:00][sql] SHOW FULL COLUMNS FROM `address` [ RunTime:0.001473s ]
[2023-03-06T09:37:42+08:00][sql] SELECT * FROM `address` WHERE  `id` = 1 LIMIT 1 [ RunTime:0.000437s ]
[2023-03-06T09:37:42+08:00][sql] SELECT * FROM `address` WHERE  `id` = 2 LIMIT 1 [ RunTime:0.000367s ]
[2023-03-06T10:13:02+08:00][sql] CONNECT:[ UseTime:0.000442s ] mysql:host=localhost;port=3316;dbname=coffee;charset=utf8
[2023-03-06T10:13:02+08:00][sql] SHOW FULL COLUMNS FROM `course` [ RunTime:0.001626s ]
[2023-03-06T10:13:02+08:00][sql] SELECT * FROM `course` WHERE  `id` = 7 LIMIT 1 [ RunTime:0.000374s ]
[2023-03-06T10:13:02+08:00][sql] SHOW FULL COLUMNS FROM `teacher` [ RunTime:0.001657s ]
[2023-03-06T10:13:02+08:00][sql] SELECT `teacher_name`,`teacher_title`,`teacher_avatar` FROM `teacher` WHERE  `id` = 1 LIMIT 1 [ RunTime:0.000285s ]
[2023-03-06T10:13:02+08:00][sql] SHOW FULL COLUMNS FROM `address` [ RunTime:0.001096s ]
[2023-03-06T10:13:02+08:00][sql] SELECT * FROM `address` WHERE  `id` = 1 LIMIT 1 [ RunTime:0.000273s ]
[2023-03-06T10:13:02+08:00][sql] SELECT * FROM `address` WHERE  `id` = 2 LIMIT 1 [ RunTime:0.001858s ]
[2023-03-06T13:19:15+08:00][sql] CONNECT:[ UseTime:0.000531s ] mysql:host=localhost;port=3316;dbname=coffee;charset=utf8
[2023-03-06T13:19:15+08:00][sql] SHOW FULL COLUMNS FROM `course` [ RunTime:0.001421s ]
[2023-03-06T13:19:15+08:00][sql] SELECT * FROM `course` WHERE  `id` = 6 LIMIT 1 [ RunTime:0.000348s ]
[2023-03-06T13:19:15+08:00][sql] SHOW FULL COLUMNS FROM `teacher` [ RunTime:0.000941s ]
[2023-03-06T13:19:15+08:00][sql] SELECT `teacher_name`,`teacher_title`,`teacher_avatar` FROM `teacher` WHERE  `id` = 1 LIMIT 1 [ RunTime:0.000270s ]
[2023-03-06T13:19:15+08:00][sql] SHOW FULL COLUMNS FROM `address` [ RunTime:0.000912s ]
[2023-03-06T13:19:15+08:00][sql] SELECT * FROM `address` WHERE  `id` = 1 LIMIT 1 [ RunTime:0.000264s ]
[2023-03-06T13:19:15+08:00][sql] SELECT * FROM `address` WHERE  `id` = 2 LIMIT 1 [ RunTime:0.000252s ]
