[2023-03-11T04:15:27+08:00][sql] CONNECT:[ UseTime:0.000397s ] mysql:host=localhost;port=3316;dbname=coffee;charset=utf8
[2023-03-11T04:15:27+08:00][sql] SHOW FULL COLUMNS FROM `course` [ RunTime:0.001406s ]
[2023-03-11T04:15:27+08:00][sql] SELECT * FROM `course` WHERE  `id` = 3 LIMIT 1 [ RunTime:0.000951s ]
[2023-03-11T04:15:27+08:00][sql] SHOW FULL COLUMNS FROM `teacher` [ RunTime:0.000959s ]
[2023-03-11T04:15:27+08:00][sql] SELECT `teacher_name`,`teacher_title`,`teacher_avatar` FROM `teacher` WHERE  `id` = 1 LIMIT 1 [ RunTime:0.000258s ]
[2023-03-11T04:15:27+08:00][sql] SHOW FULL COLUMNS FROM `address` [ RunTime:0.000886s ]
[2023-03-11T04:15:27+08:00][sql] SELECT * FROM `address` WHERE  `id` = 1 LIMIT 1 [ RunTime:0.000273s ]
[2023-03-11T04:15:27+08:00][sql] SELECT * FROM `address` WHERE  `id` = 2 LIMIT 1 [ RunTime:0.000244s ]
[2023-03-11T09:00:46+08:00][sql] CONNECT:[ UseTime:0.000375s ] mysql:host=localhost;port=3316;dbname=coffee;charset=utf8
[2023-03-11T09:00:46+08:00][sql] SHOW FULL COLUMNS FROM `course` [ RunTime:0.001482s ]
[2023-03-11T09:00:46+08:00][sql] SELECT `id`,`title`,`price`,`days`,`time` FROM `course` WHERE  `is_time` = 1 ORDER BY `sorting` ASC [ RunTime:0.000767s ]
[2023-03-11T09:00:46+08:00][sql] SELECT `id`,`title` FROM `course` WHERE  `status` = 1 [ RunTime:0.000251s ]
[2023-03-11T09:00:46+08:00][sql] SELECT `id`,`title` FROM `course` WHERE  `status` = 2 [ RunTime:0.000201s ]
[2023-03-11T09:00:46+08:00][sql] SHOW FULL COLUMNS FROM `address` [ RunTime:0.000932s ]
[2023-03-11T09:00:46+08:00][sql] SELECT * FROM `address` WHERE  `id` = 1 LIMIT 1 [ RunTime:0.000255s ]
[2023-03-11T09:00:46+08:00][sql] SELECT * FROM `address` WHERE  `id` = 2 LIMIT 1 [ RunTime:0.000282s ]
[2023-03-11T15:28:47+08:00][sql] CONNECT:[ UseTime:0.000450s ] mysql:host=localhost;port=3316;dbname=coffee;charset=utf8
[2023-03-11T15:28:47+08:00][sql] SHOW FULL COLUMNS FROM `course` [ RunTime:0.004016s ]
[2023-03-11T15:28:47+08:00][sql] SELECT * FROM `course` WHERE  `id` = 2 LIMIT 1 [ RunTime:0.000983s ]
[2023-03-11T15:28:47+08:00][sql] SHOW FULL COLUMNS FROM `teacher` [ RunTime:0.001114s ]
[2023-03-11T15:28:47+08:00][sql] SELECT `teacher_name`,`teacher_title`,`teacher_avatar` FROM `teacher` WHERE  `id` = 3 LIMIT 1 [ RunTime:0.000269s ]
[2023-03-11T15:28:47+08:00][sql] SHOW FULL COLUMNS FROM `address` [ RunTime:0.000875s ]
[2023-03-11T15:28:47+08:00][sql] SELECT * FROM `address` WHERE  `id` = 1 LIMIT 1 [ RunTime:0.000248s ]
[2023-03-11T15:28:47+08:00][sql] SELECT * FROM `address` WHERE  `id` = 2 LIMIT 1 [ RunTime:0.000202s ]
[2023-03-11T17:34:34+08:00][sql] CONNECT:[ UseTime:0.001456s ] mysql:host=localhost;port=3316;dbname=coffee;charset=utf8
[2023-03-11T17:34:34+08:00][sql] SHOW FULL COLUMNS FROM `course` [ RunTime:0.001445s ]
[2023-03-11T17:34:34+08:00][sql] SELECT `id`,`title`,`price`,`days`,`time` FROM `course` WHERE  `is_time` = 1 ORDER BY `sorting` ASC [ RunTime:0.000776s ]
[2023-03-11T17:34:34+08:00][sql] SELECT `id`,`title` FROM `course` WHERE  `status` = 1 [ RunTime:0.000259s ]
[2023-03-11T17:34:34+08:00][sql] SELECT `id`,`title` FROM `course` WHERE  `status` = 2 [ RunTime:0.000334s ]
[2023-03-11T17:34:34+08:00][sql] SHOW FULL COLUMNS FROM `address` [ RunTime:0.000953s ]
[2023-03-11T17:34:34+08:00][sql] SELECT * FROM `address` WHERE  `id` = 1 LIMIT 1 [ RunTime:0.000323s ]
[2023-03-11T17:34:34+08:00][sql] SELECT * FROM `address` WHERE  `id` = 2 LIMIT 1 [ RunTime:0.000288s ]
