[2023-03-13T08:03:42+08:00][sql] CONNECT:[ UseTime:0.000418s ] mysql:host=localhost;port=3316;dbname=coffee;charset=utf8
[2023-03-13T08:03:42+08:00][sql] SHOW FULL COLUMNS FROM `course` [ RunTime:0.001421s ]
[2023-03-13T08:03:42+08:00][sql] SELECT * FROM `course` WHERE  `id` = 4 LIMIT 1 [ RunTime:0.000295s ]
[2023-03-13T08:03:42+08:00][sql] SHOW FULL COLUMNS FROM `teacher` [ RunTime:0.000874s ]
[2023-03-13T08:03:42+08:00][sql] SELECT `teacher_name`,`teacher_title`,`teacher_avatar` FROM `teacher` WHERE  `id` = 2 LIMIT 1 [ RunTime:0.000212s ]
[2023-03-13T08:03:42+08:00][sql] SHOW FULL COLUMNS FROM `address` [ RunTime:0.000892s ]
[2023-03-13T08:03:42+08:00][sql] SELECT * FROM `address` WHERE  `id` = 1 LIMIT 1 [ RunTime:0.000244s ]
[2023-03-13T08:03:42+08:00][sql] SELECT * FROM `address` WHERE  `id` = 2 LIMIT 1 [ RunTime:0.000204s ]
[2023-03-13T11:24:41+08:00][sql] CONNECT:[ UseTime:0.000469s ] mysql:host=localhost;port=3316;dbname=coffee;charset=utf8
[2023-03-13T11:24:41+08:00][sql] SHOW FULL COLUMNS FROM `course` [ RunTime:0.001456s ]
[2023-03-13T11:24:41+08:00][sql] SELECT * FROM `course` WHERE  `id` = 7 LIMIT 1 [ RunTime:0.000343s ]
[2023-03-13T11:24:41+08:00][sql] SHOW FULL COLUMNS FROM `teacher` [ RunTime:0.000937s ]
[2023-03-13T11:24:41+08:00][sql] SELECT `teacher_name`,`teacher_title`,`teacher_avatar` FROM `teacher` WHERE  `id` = 1 LIMIT 1 [ RunTime:0.000257s ]
[2023-03-13T11:24:41+08:00][sql] SHOW FULL COLUMNS FROM `address` [ RunTime:0.001573s ]
[2023-03-13T11:24:41+08:00][sql] SELECT * FROM `address` WHERE  `id` = 1 LIMIT 1 [ RunTime:0.001407s ]
[2023-03-13T11:24:41+08:00][sql] SELECT * FROM `address` WHERE  `id` = 2 LIMIT 1 [ RunTime:0.000272s ]
[2023-03-13T11:31:06+08:00][sql] CONNECT:[ UseTime:0.000449s ] mysql:host=localhost;port=3316;dbname=coffee;charset=utf8
[2023-03-13T11:31:06+08:00][sql] SHOW FULL COLUMNS FROM `course` [ RunTime:0.002072s ]
[2023-03-13T11:31:06+08:00][sql] SELECT * FROM `course` WHERE  `id` = 7 LIMIT 1 [ RunTime:0.000350s ]
[2023-03-13T11:31:06+08:00][sql] SHOW FULL COLUMNS FROM `teacher` [ RunTime:0.001381s ]
[2023-03-13T11:31:06+08:00][sql] SELECT `teacher_name`,`teacher_title`,`teacher_avatar` FROM `teacher` WHERE  `id` = 1 LIMIT 1 [ RunTime:0.000279s ]
[2023-03-13T11:31:06+08:00][sql] SHOW FULL COLUMNS FROM `address` [ RunTime:0.001316s ]
[2023-03-13T11:31:06+08:00][sql] SELECT * FROM `address` WHERE  `id` = 1 LIMIT 1 [ RunTime:0.000318s ]
[2023-03-13T11:31:06+08:00][sql] SELECT * FROM `address` WHERE  `id` = 2 LIMIT 1 [ RunTime:0.000313s ]
[2023-03-13T15:36:20+08:00][sql] CONNECT:[ UseTime:0.000405s ] mysql:host=localhost;port=3316;dbname=coffee;charset=utf8
[2023-03-13T15:36:20+08:00][sql] SHOW FULL COLUMNS FROM `course` [ RunTime:0.001559s ]
[2023-03-13T15:36:20+08:00][sql] SELECT * FROM `course` WHERE  `id` = 2 LIMIT 1 [ RunTime:0.000307s ]
[2023-03-13T15:36:20+08:00][sql] SHOW FULL COLUMNS FROM `teacher` [ RunTime:0.000881s ]
[2023-03-13T15:36:20+08:00][sql] SELECT `teacher_name`,`teacher_title`,`teacher_avatar` FROM `teacher` WHERE  `id` = 3 LIMIT 1 [ RunTime:0.000256s ]
[2023-03-13T15:36:20+08:00][sql] SHOW FULL COLUMNS FROM `address` [ RunTime:0.000979s ]
[2023-03-13T15:36:20+08:00][sql] SELECT * FROM `address` WHERE  `id` = 1 LIMIT 1 [ RunTime:0.000321s ]
[2023-03-13T15:36:20+08:00][sql] SELECT * FROM `address` WHERE  `id` = 2 LIMIT 1 [ RunTime:0.000269s ]
[2023-03-13T20:02:04+08:00][sql] CONNECT:[ UseTime:0.000524s ] mysql:host=localhost;port=3316;dbname=coffee;charset=utf8
[2023-03-13T20:02:04+08:00][sql] SHOW FULL COLUMNS FROM `course` [ RunTime:0.001572s ]
[2023-03-13T20:02:04+08:00][sql] SELECT * FROM `course` WHERE  `id` = 7 LIMIT 1 [ RunTime:0.000325s ]
[2023-03-13T20:02:04+08:00][sql] SHOW FULL COLUMNS FROM `teacher` [ RunTime:0.001119s ]
[2023-03-13T20:02:04+08:00][sql] SELECT `teacher_name`,`teacher_title`,`teacher_avatar` FROM `teacher` WHERE  `id` = 1 LIMIT 1 [ RunTime:0.000264s ]
[2023-03-13T20:02:04+08:00][sql] SHOW FULL COLUMNS FROM `address` [ RunTime:0.001109s ]
[2023-03-13T20:02:04+08:00][sql] SELECT * FROM `address` WHERE  `id` = 1 LIMIT 1 [ RunTime:0.000319s ]
[2023-03-13T20:02:04+08:00][sql] SELECT * FROM `address` WHERE  `id` = 2 LIMIT 1 [ RunTime:0.000282s ]
