[2023-05-02T00:17:27+08:00][sql] CONNECT:[ UseTime:0.000454s ] mysql:host=localhost;port=3316;dbname=coffee;charset=utf8
[2023-05-02T00:17:27+08:00][sql] SHOW FULL COLUMNS FROM `course` [ RunTime:0.001484s ]
[2023-05-02T00:17:27+08:00][sql] SELECT * FROM `course` WHERE  `id` = 4 LIMIT 1 [ RunTime:0.000381s ]
[2023-05-02T00:17:27+08:00][sql] SHOW FULL COLUMNS FROM `teacher` [ RunTime:0.000940s ]
[2023-05-02T00:17:27+08:00][sql] SELECT `teacher_name`,`teacher_title`,`teacher_avatar` FROM `teacher` WHERE  `id` = 2 LIMIT 1 [ RunTime:0.000260s ]
[2023-05-02T00:17:27+08:00][sql] SHOW FULL COLUMNS FROM `address` [ RunTime:0.001014s ]
[2023-05-02T00:17:27+08:00][sql] SELECT * FROM `address` WHERE  `id` = 1 LIMIT 1 [ RunTime:0.000280s ]
[2023-05-02T00:17:27+08:00][sql] SELECT * FROM `address` WHERE  `id` = 2 LIMIT 1 [ RunTime:0.000254s ]
[2023-05-02T02:31:32+08:00][sql] CONNECT:[ UseTime:0.000426s ] mysql:host=localhost;port=3316;dbname=coffee;charset=utf8
[2023-05-02T02:31:32+08:00][sql] SHOW FULL COLUMNS FROM `course` [ RunTime:0.001417s ]
[2023-05-02T02:31:32+08:00][sql] SELECT * FROM `course` WHERE  `id` = 4 LIMIT 1 [ RunTime:0.000362s ]
[2023-05-02T02:31:32+08:00][sql] SHOW FULL COLUMNS FROM `teacher` [ RunTime:0.000928s ]
[2023-05-02T02:31:32+08:00][sql] SELECT `teacher_name`,`teacher_title`,`teacher_avatar` FROM `teacher` WHERE  `id` = 2 LIMIT 1 [ RunTime:0.000276s ]
[2023-05-02T02:31:32+08:00][sql] SHOW FULL COLUMNS FROM `address` [ RunTime:0.001401s ]
[2023-05-02T02:31:32+08:00][sql] SELECT * FROM `address` WHERE  `id` = 1 LIMIT 1 [ RunTime:0.000341s ]
[2023-05-02T02:31:32+08:00][sql] SELECT * FROM `address` WHERE  `id` = 2 LIMIT 1 [ RunTime:0.000254s ]
[2023-05-02T13:18:51+08:00][sql] CONNECT:[ UseTime:0.000413s ] mysql:host=localhost;port=3316;dbname=coffee;charset=utf8
[2023-05-02T13:18:51+08:00][sql] SHOW FULL COLUMNS FROM `course` [ RunTime:0.001642s ]
[2023-05-02T13:18:51+08:00][sql] SELECT * FROM `course` WHERE  `id` = 7 LIMIT 1 [ RunTime:0.000739s ]
[2023-05-02T13:18:51+08:00][sql] SHOW FULL COLUMNS FROM `teacher` [ RunTime:0.000947s ]
[2023-05-02T13:18:51+08:00][sql] SELECT `teacher_name`,`teacher_title`,`teacher_avatar` FROM `teacher` WHERE  `id` = 1 LIMIT 1 [ RunTime:0.000267s ]
[2023-05-02T13:18:51+08:00][sql] SHOW FULL COLUMNS FROM `address` [ RunTime:0.000975s ]
[2023-05-02T13:18:51+08:00][sql] SELECT * FROM `address` WHERE  `id` = 1 LIMIT 1 [ RunTime:0.000358s ]
[2023-05-02T13:18:51+08:00][sql] SELECT * FROM `address` WHERE  `id` = 2 LIMIT 1 [ RunTime:0.000276s ]
[2023-05-02T17:55:09+08:00][sql] CONNECT:[ UseTime:0.000447s ] mysql:host=localhost;port=3316;dbname=coffee;charset=utf8
[2023-05-02T17:55:09+08:00][sql] SHOW FULL COLUMNS FROM `course` [ RunTime:0.001457s ]
[2023-05-02T17:55:09+08:00][sql] SELECT `id`,`title`,`price`,`days`,`time` FROM `course` WHERE  `is_time` = 1 ORDER BY `sorting` ASC [ RunTime:0.000798s ]
[2023-05-02T17:55:09+08:00][sql] SELECT `id`,`title` FROM `course` WHERE  `status` = 1 [ RunTime:0.000273s ]
[2023-05-02T17:55:09+08:00][sql] SELECT `id`,`title` FROM `course` WHERE  `status` = 2 [ RunTime:0.000230s ]
[2023-05-02T17:55:09+08:00][sql] SHOW FULL COLUMNS FROM `address` [ RunTime:0.000967s ]
[2023-05-02T17:55:09+08:00][sql] SELECT * FROM `address` WHERE  `id` = 1 LIMIT 1 [ RunTime:0.000275s ]
[2023-05-02T17:55:09+08:00][sql] SELECT * FROM `address` WHERE  `id` = 2 LIMIT 1 [ RunTime:0.000287s ]
[2023-05-02T19:12:56+08:00][sql] CONNECT:[ UseTime:0.000487s ] mysql:host=localhost;port=3316;dbname=coffee;charset=utf8
[2023-05-02T19:12:56+08:00][sql] SHOW FULL COLUMNS FROM `course` [ RunTime:0.001407s ]
[2023-05-02T19:12:56+08:00][sql] SELECT * FROM `course` WHERE  `id` = 1 LIMIT 1 [ RunTime:0.000350s ]
[2023-05-02T19:12:56+08:00][sql] SHOW FULL COLUMNS FROM `teacher` [ RunTime:0.001105s ]
[2023-05-02T19:12:56+08:00][sql] SELECT `teacher_name`,`teacher_title`,`teacher_avatar` FROM `teacher` WHERE  `id` = 1 LIMIT 1 [ RunTime:0.000277s ]
[2023-05-02T19:12:56+08:00][sql] SELECT `teacher_name`,`teacher_title`,`teacher_avatar` FROM `teacher` WHERE  `id` = 2 LIMIT 1 [ RunTime:0.000247s ]
[2023-05-02T19:12:56+08:00][sql] SHOW FULL COLUMNS FROM `address` [ RunTime:0.001025s ]
[2023-05-02T19:12:56+08:00][sql] SELECT * FROM `address` WHERE  `id` = 1 LIMIT 1 [ RunTime:0.000315s ]
[2023-05-02T19:12:56+08:00][sql] SELECT * FROM `address` WHERE  `id` = 2 LIMIT 1 [ RunTime:0.000249s ]
[2023-05-02T19:27:36+08:00][sql] CONNECT:[ UseTime:0.000405s ] mysql:host=localhost;port=3316;dbname=coffee;charset=utf8
[2023-05-02T19:27:36+08:00][sql] SHOW FULL COLUMNS FROM `course` [ RunTime:0.001425s ]
[2023-05-02T19:27:36+08:00][sql] SELECT * FROM `course` WHERE  `id` = 5 LIMIT 1 [ RunTime:0.000342s ]
[2023-05-02T19:27:36+08:00][sql] SHOW FULL COLUMNS FROM `teacher` [ RunTime:0.000952s ]
[2023-05-02T19:27:36+08:00][sql] SELECT `teacher_name`,`teacher_title`,`teacher_avatar` FROM `teacher` WHERE  `id` = 1 LIMIT 1 [ RunTime:0.000259s ]
[2023-05-02T19:27:36+08:00][sql] SELECT `teacher_name`,`teacher_title`,`teacher_avatar` FROM `teacher` WHERE  `id` = 2 LIMIT 1 [ RunTime:0.000302s ]
[2023-05-02T19:27:36+08:00][sql] SHOW FULL COLUMNS FROM `address` [ RunTime:0.000951s ]
[2023-05-02T19:27:36+08:00][sql] SELECT * FROM `address` WHERE  `id` = 1 LIMIT 1 [ RunTime:0.000279s ]
[2023-05-02T19:27:36+08:00][sql] SELECT * FROM `address` WHERE  `id` = 2 LIMIT 1 [ RunTime:0.000275s ]
[2023-05-02T21:25:57+08:00][sql] CONNECT:[ UseTime:0.000457s ] mysql:host=localhost;port=3316;dbname=coffee;charset=utf8
[2023-05-02T21:25:57+08:00][sql] SHOW FULL COLUMNS FROM `course` [ RunTime:0.001501s ]
[2023-05-02T21:25:57+08:00][sql] SELECT * FROM `course` WHERE  `id` = 2 LIMIT 1 [ RunTime:0.000305s ]
[2023-05-02T21:25:57+08:00][sql] SHOW FULL COLUMNS FROM `teacher` [ RunTime:0.000933s ]
[2023-05-02T21:25:57+08:00][sql] SELECT `teacher_name`,`teacher_title`,`teacher_avatar` FROM `teacher` WHERE  `id` = 3 LIMIT 1 [ RunTime:0.000322s ]
[2023-05-02T21:25:57+08:00][sql] SHOW FULL COLUMNS FROM `address` [ RunTime:0.001769s ]
[2023-05-02T21:25:57+08:00][sql] SELECT * FROM `address` WHERE  `id` = 1 LIMIT 1 [ RunTime:0.000378s ]
[2023-05-02T21:25:57+08:00][sql] SELECT * FROM `address` WHERE  `id` = 2 LIMIT 1 [ RunTime:0.000277s ]
[2023-05-02T21:35:10+08:00][sql] CONNECT:[ UseTime:0.000442s ] mysql:host=localhost;port=3316;dbname=coffee;charset=utf8
[2023-05-02T21:35:10+08:00][sql] SHOW FULL COLUMNS FROM `course` [ RunTime:0.001439s ]
[2023-05-02T21:35:10+08:00][sql] SELECT * FROM `course` WHERE  `id` = 2 LIMIT 1 [ RunTime:0.000373s ]
[2023-05-02T21:35:10+08:00][sql] SHOW FULL COLUMNS FROM `teacher` [ RunTime:0.001020s ]
[2023-05-02T21:35:10+08:00][sql] SELECT `teacher_name`,`teacher_title`,`teacher_avatar` FROM `teacher` WHERE  `id` = 3 LIMIT 1 [ RunTime:0.000294s ]
[2023-05-02T21:35:10+08:00][sql] SHOW FULL COLUMNS FROM `address` [ RunTime:0.000995s ]
[2023-05-02T21:35:10+08:00][sql] SELECT * FROM `address` WHERE  `id` = 1 LIMIT 1 [ RunTime:0.000282s ]
[2023-05-02T21:35:10+08:00][sql] SELECT * FROM `address` WHERE  `id` = 2 LIMIT 1 [ RunTime:0.000266s ]
[2023-05-02T22:26:54+08:00][sql] CONNECT:[ UseTime:0.000422s ] mysql:host=localhost;port=3316;dbname=coffee;charset=utf8
[2023-05-02T22:26:54+08:00][sql] SHOW FULL COLUMNS FROM `course` [ RunTime:0.003123s ]
[2023-05-02T22:26:54+08:00][sql] SELECT * FROM `course` WHERE  `id` = 1 LIMIT 1 [ RunTime:0.001021s ]
[2023-05-02T22:26:54+08:00][sql] SHOW FULL COLUMNS FROM `teacher` [ RunTime:0.001028s ]
[2023-05-02T22:26:54+08:00][sql] SELECT `teacher_name`,`teacher_title`,`teacher_avatar` FROM `teacher` WHERE  `id` = 1 LIMIT 1 [ RunTime:0.000230s ]
[2023-05-02T22:26:54+08:00][sql] SELECT `teacher_name`,`teacher_title`,`teacher_avatar` FROM `teacher` WHERE  `id` = 2 LIMIT 1 [ RunTime:0.000191s ]
[2023-05-02T22:26:54+08:00][sql] SHOW FULL COLUMNS FROM `address` [ RunTime:0.000991s ]
[2023-05-02T22:26:54+08:00][sql] SELECT * FROM `address` WHERE  `id` = 1 LIMIT 1 [ RunTime:0.000222s ]
[2023-05-02T22:26:54+08:00][sql] SELECT * FROM `address` WHERE  `id` = 2 LIMIT 1 [ RunTime:0.000207s ]
