[2023-05-07T04:44:45+08:00][sql] CONNECT:[ UseTime:0.000369s ] mysql:host=localhost;port=3316;dbname=coffee;charset=utf8
[2023-05-07T04:44:45+08:00][sql] SHOW FULL COLUMNS FROM `course` [ RunTime:0.001434s ]
[2023-05-07T04:44:45+08:00][sql] SELECT * FROM `course` WHERE  `id` = 5 LIMIT 1 [ RunTime:0.000305s ]
[2023-05-07T04:44:45+08:00][sql] SHOW FULL COLUMNS FROM `teacher` [ RunTime:0.000890s ]
[2023-05-07T04:44:45+08:00][sql] SELECT `teacher_name`,`teacher_title`,`teacher_avatar` FROM `teacher` WHERE  `id` = 1 LIMIT 1 [ RunTime:0.000261s ]
[2023-05-07T04:44:45+08:00][sql] SELECT `teacher_name`,`teacher_title`,`teacher_avatar` FROM `teacher` WHERE  `id` = 2 LIMIT 1 [ RunTime:0.000667s ]
[2023-05-07T04:44:45+08:00][sql] SHOW FULL COLUMNS FROM `address` [ RunTime:0.000884s ]
[2023-05-07T04:44:45+08:00][sql] SELECT * FROM `address` WHERE  `id` = 1 LIMIT 1 [ RunTime:0.000256s ]
[2023-05-07T04:44:45+08:00][sql] SELECT * FROM `address` WHERE  `id` = 2 LIMIT 1 [ RunTime:0.000208s ]
[2023-05-07T08:01:41+08:00][sql] CONNECT:[ UseTime:0.000500s ] mysql:host=localhost;port=3316;dbname=coffee;charset=utf8
[2023-05-07T08:01:41+08:00][sql] SHOW FULL COLUMNS FROM `course` [ RunTime:0.001411s ]
[2023-05-07T08:01:41+08:00][sql] SELECT * FROM `course` WHERE  `id` = 6 LIMIT 1 [ RunTime:0.000801s ]
[2023-05-07T08:01:41+08:00][sql] SHOW FULL COLUMNS FROM `teacher` [ RunTime:0.000936s ]
[2023-05-07T08:01:41+08:00][sql] SELECT `teacher_name`,`teacher_title`,`teacher_avatar` FROM `teacher` WHERE  `id` = 1 LIMIT 1 [ RunTime:0.000340s ]
[2023-05-07T08:01:41+08:00][sql] SHOW FULL COLUMNS FROM `address` [ RunTime:0.000992s ]
[2023-05-07T08:01:41+08:00][sql] SELECT * FROM `address` WHERE  `id` = 1 LIMIT 1 [ RunTime:0.000276s ]
[2023-05-07T08:01:41+08:00][sql] SELECT * FROM `address` WHERE  `id` = 2 LIMIT 1 [ RunTime:0.000250s ]
[2023-05-07T08:09:05+08:00][sql] CONNECT:[ UseTime:0.000428s ] mysql:host=localhost;port=3316;dbname=coffee;charset=utf8
[2023-05-07T08:09:05+08:00][sql] SHOW FULL COLUMNS FROM `course` [ RunTime:0.001423s ]
[2023-05-07T08:09:05+08:00][sql] SELECT * FROM `course` WHERE  `id` = 6 LIMIT 1 [ RunTime:0.000318s ]
[2023-05-07T08:09:05+08:00][sql] SHOW FULL COLUMNS FROM `teacher` [ RunTime:0.000915s ]
[2023-05-07T08:09:05+08:00][sql] SELECT `teacher_name`,`teacher_title`,`teacher_avatar` FROM `teacher` WHERE  `id` = 1 LIMIT 1 [ RunTime:0.000243s ]
[2023-05-07T08:09:05+08:00][sql] SHOW FULL COLUMNS FROM `address` [ RunTime:0.000923s ]
[2023-05-07T08:09:05+08:00][sql] SELECT * FROM `address` WHERE  `id` = 1 LIMIT 1 [ RunTime:0.000237s ]
[2023-05-07T08:09:05+08:00][sql] SELECT * FROM `address` WHERE  `id` = 2 LIMIT 1 [ RunTime:0.000239s ]
[2023-05-07T10:41:17+08:00][sql] CONNECT:[ UseTime:0.000391s ] mysql:host=localhost;port=3316;dbname=coffee;charset=utf8
[2023-05-07T10:41:17+08:00][sql] SHOW FULL COLUMNS FROM `course` [ RunTime:0.001506s ]
[2023-05-07T10:41:17+08:00][sql] SELECT * FROM `course` WHERE  `id` = 1 LIMIT 1 [ RunTime:0.000804s ]
[2023-05-07T10:41:17+08:00][sql] SHOW FULL COLUMNS FROM `teacher` [ RunTime:0.000923s ]
[2023-05-07T10:41:17+08:00][sql] SELECT `teacher_name`,`teacher_title`,`teacher_avatar` FROM `teacher` WHERE  `id` = 1 LIMIT 1 [ RunTime:0.000250s ]
[2023-05-07T10:41:17+08:00][sql] SELECT `teacher_name`,`teacher_title`,`teacher_avatar` FROM `teacher` WHERE  `id` = 2 LIMIT 1 [ RunTime:0.000223s ]
[2023-05-07T10:41:17+08:00][sql] SHOW FULL COLUMNS FROM `address` [ RunTime:0.000960s ]
[2023-05-07T10:41:17+08:00][sql] SELECT * FROM `address` WHERE  `id` = 1 LIMIT 1 [ RunTime:0.000276s ]
[2023-05-07T10:41:17+08:00][sql] SELECT * FROM `address` WHERE  `id` = 2 LIMIT 1 [ RunTime:0.000237s ]
[2023-05-07T10:48:46+08:00][sql] CONNECT:[ UseTime:0.000412s ] mysql:host=localhost;port=3316;dbname=coffee;charset=utf8
[2023-05-07T10:48:46+08:00][sql] SHOW FULL COLUMNS FROM `course` [ RunTime:0.001454s ]
[2023-05-07T10:48:46+08:00][sql] SELECT * FROM `course` WHERE  `id` = 1 LIMIT 1 [ RunTime:0.000967s ]
[2023-05-07T10:48:46+08:00][sql] SHOW FULL COLUMNS FROM `teacher` [ RunTime:0.000942s ]
[2023-05-07T10:48:46+08:00][sql] SELECT `teacher_name`,`teacher_title`,`teacher_avatar` FROM `teacher` WHERE  `id` = 1 LIMIT 1 [ RunTime:0.000265s ]
[2023-05-07T10:48:46+08:00][sql] SELECT `teacher_name`,`teacher_title`,`teacher_avatar` FROM `teacher` WHERE  `id` = 2 LIMIT 1 [ RunTime:0.000231s ]
[2023-05-07T10:48:46+08:00][sql] SHOW FULL COLUMNS FROM `address` [ RunTime:0.000932s ]
[2023-05-07T10:48:46+08:00][sql] SELECT * FROM `address` WHERE  `id` = 1 LIMIT 1 [ RunTime:0.000422s ]
[2023-05-07T10:48:46+08:00][sql] SELECT * FROM `address` WHERE  `id` = 2 LIMIT 1 [ RunTime:0.000255s ]
[2023-05-07T11:48:04+08:00][sql] CONNECT:[ UseTime:0.000367s ] mysql:host=localhost;port=3316;dbname=coffee;charset=utf8
[2023-05-07T11:48:04+08:00][sql] SHOW FULL COLUMNS FROM `course` [ RunTime:0.001361s ]
[2023-05-07T11:48:04+08:00][sql] SELECT * FROM `course` WHERE  `id` = 2 LIMIT 1 [ RunTime:0.000777s ]
[2023-05-07T11:48:04+08:00][sql] SHOW FULL COLUMNS FROM `teacher` [ RunTime:0.000875s ]
[2023-05-07T11:48:04+08:00][sql] SELECT `teacher_name`,`teacher_title`,`teacher_avatar` FROM `teacher` WHERE  `id` = 3 LIMIT 1 [ RunTime:0.000253s ]
[2023-05-07T11:48:04+08:00][sql] SHOW FULL COLUMNS FROM `address` [ RunTime:0.000868s ]
[2023-05-07T11:48:04+08:00][sql] SELECT * FROM `address` WHERE  `id` = 1 LIMIT 1 [ RunTime:0.000228s ]
[2023-05-07T11:48:04+08:00][sql] SELECT * FROM `address` WHERE  `id` = 2 LIMIT 1 [ RunTime:0.000201s ]
[2023-05-07T12:39:00+08:00][sql] CONNECT:[ UseTime:0.000351s ] mysql:host=localhost;port=3316;dbname=coffee;charset=utf8
[2023-05-07T12:39:00+08:00][sql] SHOW FULL COLUMNS FROM `course` [ RunTime:0.001464s ]
[2023-05-07T12:39:00+08:00][sql] SELECT `id`,`title`,`price`,`days`,`time` FROM `course` WHERE  `is_time` = 1 ORDER BY `sorting` ASC [ RunTime:0.000749s ]
[2023-05-07T12:39:00+08:00][sql] SELECT `id`,`title` FROM `course` WHERE  `status` = 1 [ RunTime:0.000236s ]
[2023-05-07T12:39:00+08:00][sql] SELECT `id`,`title` FROM `course` WHERE  `status` = 2 [ RunTime:0.000207s ]
[2023-05-07T12:39:00+08:00][sql] SHOW FULL COLUMNS FROM `address` [ RunTime:0.000934s ]
[2023-05-07T12:39:00+08:00][sql] SELECT * FROM `address` WHERE  `id` = 1 LIMIT 1 [ RunTime:0.000242s ]
[2023-05-07T12:39:00+08:00][sql] SELECT * FROM `address` WHERE  `id` = 2 LIMIT 1 [ RunTime:0.000250s ]
[2023-05-07T15:33:40+08:00][sql] CONNECT:[ UseTime:0.000438s ] mysql:host=localhost;port=3316;dbname=coffee;charset=utf8
[2023-05-07T15:33:40+08:00][sql] SHOW FULL COLUMNS FROM `course` [ RunTime:0.001443s ]
[2023-05-07T15:33:40+08:00][sql] SELECT * FROM `course` WHERE  `id` = 2 LIMIT 1 [ RunTime:0.000825s ]
[2023-05-07T15:33:40+08:00][sql] SHOW FULL COLUMNS FROM `teacher` [ RunTime:0.000923s ]
[2023-05-07T15:33:40+08:00][sql] SELECT `teacher_name`,`teacher_title`,`teacher_avatar` FROM `teacher` WHERE  `id` = 3 LIMIT 1 [ RunTime:0.000255s ]
[2023-05-07T15:33:40+08:00][sql] SHOW FULL COLUMNS FROM `address` [ RunTime:0.000917s ]
[2023-05-07T15:33:40+08:00][sql] SELECT * FROM `address` WHERE  `id` = 1 LIMIT 1 [ RunTime:0.000266s ]
[2023-05-07T15:33:40+08:00][sql] SELECT * FROM `address` WHERE  `id` = 2 LIMIT 1 [ RunTime:0.000257s ]
[2023-05-07T17:02:45+08:00][sql] CONNECT:[ UseTime:0.000423s ] mysql:host=localhost;port=3316;dbname=coffee;charset=utf8
[2023-05-07T17:02:45+08:00][sql] SHOW FULL COLUMNS FROM `course` [ RunTime:0.001426s ]
[2023-05-07T17:02:45+08:00][sql] SELECT * FROM `course` WHERE  `id` = 4 LIMIT 1 [ RunTime:0.000802s ]
[2023-05-07T17:02:45+08:00][sql] SHOW FULL COLUMNS FROM `teacher` [ RunTime:0.000964s ]
[2023-05-07T17:02:45+08:00][sql] SELECT `teacher_name`,`teacher_title`,`teacher_avatar` FROM `teacher` WHERE  `id` = 2 LIMIT 1 [ RunTime:0.000258s ]
[2023-05-07T17:02:45+08:00][sql] SHOW FULL COLUMNS FROM `address` [ RunTime:0.000920s ]
[2023-05-07T17:02:45+08:00][sql] SELECT * FROM `address` WHERE  `id` = 1 LIMIT 1 [ RunTime:0.000266s ]
[2023-05-07T17:02:45+08:00][sql] SELECT * FROM `address` WHERE  `id` = 2 LIMIT 1 [ RunTime:0.000264s ]
[2023-05-07T17:45:43+08:00][sql] CONNECT:[ UseTime:0.000385s ] mysql:host=localhost;port=3316;dbname=coffee;charset=utf8
[2023-05-07T17:45:43+08:00][sql] SHOW FULL COLUMNS FROM `course` [ RunTime:0.001440s ]
[2023-05-07T17:45:43+08:00][sql] SELECT * FROM `course` WHERE  `id` = 4 LIMIT 1 [ RunTime:0.000783s ]
[2023-05-07T17:45:43+08:00][sql] SHOW FULL COLUMNS FROM `teacher` [ RunTime:0.000958s ]
[2023-05-07T17:45:43+08:00][sql] SELECT `teacher_name`,`teacher_title`,`teacher_avatar` FROM `teacher` WHERE  `id` = 2 LIMIT 1 [ RunTime:0.000220s ]
[2023-05-07T17:45:43+08:00][sql] SHOW FULL COLUMNS FROM `address` [ RunTime:0.000906s ]
[2023-05-07T17:45:43+08:00][sql] SELECT * FROM `address` WHERE  `id` = 1 LIMIT 1 [ RunTime:0.000247s ]
[2023-05-07T17:45:43+08:00][sql] SELECT * FROM `address` WHERE  `id` = 2 LIMIT 1 [ RunTime:0.000224s ]
[2023-05-07T23:34:07+08:00][sql] CONNECT:[ UseTime:0.000499s ] mysql:host=localhost;port=3316;dbname=coffee;charset=utf8
[2023-05-07T23:34:07+08:00][sql] SHOW FULL COLUMNS FROM `course` [ RunTime:0.001877s ]
[2023-05-07T23:34:07+08:00][sql] SELECT * FROM `course` WHERE  `id` = 4 LIMIT 1 [ RunTime:0.000537s ]
[2023-05-07T23:34:07+08:00][sql] SHOW FULL COLUMNS FROM `teacher` [ RunTime:0.001372s ]
[2023-05-07T23:34:07+08:00][sql] SELECT `teacher_name`,`teacher_title`,`teacher_avatar` FROM `teacher` WHERE  `id` = 2 LIMIT 1 [ RunTime:0.000295s ]
[2023-05-07T23:34:07+08:00][sql] SHOW FULL COLUMNS FROM `address` [ RunTime:0.001216s ]
[2023-05-07T23:34:07+08:00][sql] SELECT * FROM `address` WHERE  `id` = 1 LIMIT 1 [ RunTime:0.000308s ]
[2023-05-07T23:34:07+08:00][sql] SELECT * FROM `address` WHERE  `id` = 2 LIMIT 1 [ RunTime:0.000287s ]
[2023-05-07T23:38:29+08:00][sql] CONNECT:[ UseTime:0.000399s ] mysql:host=localhost;port=3316;dbname=coffee;charset=utf8
[2023-05-07T23:38:29+08:00][sql] SHOW FULL COLUMNS FROM `course` [ RunTime:0.001474s ]
[2023-05-07T23:38:29+08:00][sql] SELECT * FROM `course` WHERE  `id` = 4 LIMIT 1 [ RunTime:0.000813s ]
[2023-05-07T23:38:29+08:00][sql] SHOW FULL COLUMNS FROM `teacher` [ RunTime:0.000915s ]
[2023-05-07T23:38:29+08:00][sql] SELECT `teacher_name`,`teacher_title`,`teacher_avatar` FROM `teacher` WHERE  `id` = 2 LIMIT 1 [ RunTime:0.000225s ]
[2023-05-07T23:38:29+08:00][sql] SHOW FULL COLUMNS FROM `address` [ RunTime:0.000906s ]
[2023-05-07T23:38:29+08:00][sql] SELECT * FROM `address` WHERE  `id` = 1 LIMIT 1 [ RunTime:0.000234s ]
[2023-05-07T23:38:29+08:00][sql] SELECT * FROM `address` WHERE  `id` = 2 LIMIT 1 [ RunTime:0.000235s ]
