[2023-05-10T00:18:38+08:00][sql] CONNECT:[ UseTime:0.000476s ] mysql:host=localhost;port=3316;dbname=coffee;charset=utf8
[2023-05-10T00:18:38+08:00][sql] SHOW FULL COLUMNS FROM `course` [ RunTime:0.001949s ]
[2023-05-10T00:18:38+08:00][sql] SELECT * FROM `course` WHERE  `id` = 3 LIMIT 1 [ RunTime:0.000859s ]
[2023-05-10T00:18:38+08:00][sql] SHOW FULL COLUMNS FROM `teacher` [ RunTime:0.001375s ]
[2023-05-10T00:18:38+08:00][sql] SELECT `teacher_name`,`teacher_title`,`teacher_avatar` FROM `teacher` WHERE  `id` = 1 LIMIT 1 [ RunTime:0.000320s ]
[2023-05-10T00:18:38+08:00][sql] SHOW FULL COLUMNS FROM `address` [ RunTime:0.001300s ]
[2023-05-10T00:18:38+08:00][sql] SELECT * FROM `address` WHERE  `id` = 1 LIMIT 1 [ RunTime:0.000302s ]
[2023-05-10T00:18:38+08:00][sql] SELECT * FROM `address` WHERE  `id` = 2 LIMIT 1 [ RunTime:0.000238s ]
[2023-05-10T00:24:06+08:00][sql] CONNECT:[ UseTime:0.000467s ] mysql:host=localhost;port=3316;dbname=coffee;charset=utf8
[2023-05-10T00:24:06+08:00][sql] SHOW FULL COLUMNS FROM `course` [ RunTime:0.002048s ]
[2023-05-10T00:24:06+08:00][sql] SELECT * FROM `course` WHERE  `id` = 3 LIMIT 1 [ RunTime:0.000314s ]
[2023-05-10T00:24:06+08:00][sql] SHOW FULL COLUMNS FROM `teacher` [ RunTime:0.000873s ]
[2023-05-10T00:24:06+08:00][sql] SELECT `teacher_name`,`teacher_title`,`teacher_avatar` FROM `teacher` WHERE  `id` = 1 LIMIT 1 [ RunTime:0.000245s ]
[2023-05-10T00:24:06+08:00][sql] SHOW FULL COLUMNS FROM `address` [ RunTime:0.001076s ]
[2023-05-10T00:24:06+08:00][sql] SELECT * FROM `address` WHERE  `id` = 1 LIMIT 1 [ RunTime:0.000272s ]
[2023-05-10T00:24:06+08:00][sql] SELECT * FROM `address` WHERE  `id` = 2 LIMIT 1 [ RunTime:0.000248s ]
[2023-05-10T03:55:56+08:00][sql] CONNECT:[ UseTime:0.000434s ] mysql:host=localhost;port=3316;dbname=coffee;charset=utf8
[2023-05-10T03:55:56+08:00][sql] SHOW FULL COLUMNS FROM `course` [ RunTime:0.001429s ]
[2023-05-10T03:55:56+08:00][sql] SELECT `id`,`title`,`price`,`days`,`time` FROM `course` WHERE  `is_time` = 1 ORDER BY `sorting` ASC [ RunTime:0.000789s ]
[2023-05-10T03:55:56+08:00][sql] SELECT `id`,`title` FROM `course` WHERE  `status` = 1 [ RunTime:0.000266s ]
[2023-05-10T03:55:56+08:00][sql] SELECT `id`,`title` FROM `course` WHERE  `status` = 2 [ RunTime:0.000240s ]
[2023-05-10T03:55:56+08:00][sql] SHOW FULL COLUMNS FROM `address` [ RunTime:0.000945s ]
[2023-05-10T03:55:56+08:00][sql] SELECT * FROM `address` WHERE  `id` = 1 LIMIT 1 [ RunTime:0.000272s ]
[2023-05-10T03:55:56+08:00][sql] SELECT * FROM `address` WHERE  `id` = 2 LIMIT 1 [ RunTime:0.000272s ]
[2023-05-10T04:02:39+08:00][sql] CONNECT:[ UseTime:0.000414s ] mysql:host=localhost;port=3316;dbname=coffee;charset=utf8
[2023-05-10T04:02:39+08:00][sql] SHOW FULL COLUMNS FROM `course` [ RunTime:0.001419s ]
[2023-05-10T04:02:39+08:00][sql] SELECT `id`,`title`,`price`,`days`,`time` FROM `course` WHERE  `is_time` = 1 ORDER BY `sorting` ASC [ RunTime:0.000756s ]
[2023-05-10T04:02:39+08:00][sql] SELECT `id`,`title` FROM `course` WHERE  `status` = 1 [ RunTime:0.000229s ]
[2023-05-10T04:02:39+08:00][sql] SELECT `id`,`title` FROM `course` WHERE  `status` = 2 [ RunTime:0.000198s ]
[2023-05-10T04:02:39+08:00][sql] SHOW FULL COLUMNS FROM `address` [ RunTime:0.000933s ]
[2023-05-10T04:02:39+08:00][sql] SELECT * FROM `address` WHERE  `id` = 1 LIMIT 1 [ RunTime:0.000243s ]
[2023-05-10T04:02:39+08:00][sql] SELECT * FROM `address` WHERE  `id` = 2 LIMIT 1 [ RunTime:0.000229s ]
[2023-05-10T04:03:56+08:00][sql] CONNECT:[ UseTime:0.000398s ] mysql:host=localhost;port=3316;dbname=coffee;charset=utf8
[2023-05-10T04:03:56+08:00][sql] SHOW FULL COLUMNS FROM `course` [ RunTime:0.001455s ]
[2023-05-10T04:03:56+08:00][sql] SELECT * FROM `course` WHERE  `id` = 6 LIMIT 1 [ RunTime:0.000337s ]
[2023-05-10T04:03:56+08:00][sql] SHOW FULL COLUMNS FROM `teacher` [ RunTime:0.000940s ]
[2023-05-10T04:03:56+08:00][sql] SELECT `teacher_name`,`teacher_title`,`teacher_avatar` FROM `teacher` WHERE  `id` = 1 LIMIT 1 [ RunTime:0.000299s ]
[2023-05-10T04:03:56+08:00][sql] SHOW FULL COLUMNS FROM `address` [ RunTime:0.001003s ]
[2023-05-10T04:03:56+08:00][sql] SELECT * FROM `address` WHERE  `id` = 1 LIMIT 1 [ RunTime:0.000278s ]
[2023-05-10T04:03:56+08:00][sql] SELECT * FROM `address` WHERE  `id` = 2 LIMIT 1 [ RunTime:0.000237s ]
[2023-05-10T04:04:59+08:00][sql] CONNECT:[ UseTime:0.000402s ] mysql:host=localhost;port=3316;dbname=coffee;charset=utf8
[2023-05-10T04:04:59+08:00][sql] SHOW FULL COLUMNS FROM `course` [ RunTime:0.001324s ]
[2023-05-10T04:04:59+08:00][sql] SELECT `id`,`title`,`price`,`days`,`time` FROM `course` WHERE  `is_time` = 1 ORDER BY `sorting` ASC [ RunTime:0.000731s ]
[2023-05-10T04:04:59+08:00][sql] SELECT `id`,`title` FROM `course` WHERE  `status` = 1 [ RunTime:0.000237s ]
[2023-05-10T04:04:59+08:00][sql] SELECT `id`,`title` FROM `course` WHERE  `status` = 2 [ RunTime:0.000196s ]
[2023-05-10T04:04:59+08:00][sql] SHOW FULL COLUMNS FROM `address` [ RunTime:0.000874s ]
[2023-05-10T04:04:59+08:00][sql] SELECT * FROM `address` WHERE  `id` = 1 LIMIT 1 [ RunTime:0.000246s ]
[2023-05-10T04:04:59+08:00][sql] SELECT * FROM `address` WHERE  `id` = 2 LIMIT 1 [ RunTime:0.000203s ]
[2023-05-10T04:07:57+08:00][sql] CONNECT:[ UseTime:0.000447s ] mysql:host=localhost;port=3316;dbname=coffee;charset=utf8
[2023-05-10T04:07:57+08:00][sql] SHOW FULL COLUMNS FROM `course` [ RunTime:0.001471s ]
[2023-05-10T04:07:57+08:00][sql] SELECT * FROM `course` WHERE  `id` = 3 LIMIT 1 [ RunTime:0.000820s ]
[2023-05-10T04:07:57+08:00][sql] SHOW FULL COLUMNS FROM `teacher` [ RunTime:0.000960s ]
[2023-05-10T04:07:57+08:00][sql] SELECT `teacher_name`,`teacher_title`,`teacher_avatar` FROM `teacher` WHERE  `id` = 1 LIMIT 1 [ RunTime:0.000272s ]
[2023-05-10T04:07:57+08:00][sql] SHOW FULL COLUMNS FROM `address` [ RunTime:0.000964s ]
[2023-05-10T04:07:57+08:00][sql] SELECT * FROM `address` WHERE  `id` = 1 LIMIT 1 [ RunTime:0.000296s ]
[2023-05-10T04:07:57+08:00][sql] SELECT * FROM `address` WHERE  `id` = 2 LIMIT 1 [ RunTime:0.000253s ]
[2023-05-10T04:11:56+08:00][sql] CONNECT:[ UseTime:0.000423s ] mysql:host=localhost;port=3316;dbname=coffee;charset=utf8
[2023-05-10T04:11:56+08:00][sql] SHOW FULL COLUMNS FROM `course` [ RunTime:0.001952s ]
[2023-05-10T04:11:56+08:00][sql] SELECT * FROM `course` WHERE  `id` = 2 LIMIT 1 [ RunTime:0.000978s ]
[2023-05-10T04:11:56+08:00][sql] SHOW FULL COLUMNS FROM `teacher` [ RunTime:0.001310s ]
[2023-05-10T04:11:56+08:00][sql] SELECT `teacher_name`,`teacher_title`,`teacher_avatar` FROM `teacher` WHERE  `id` = 3 LIMIT 1 [ RunTime:0.000450s ]
[2023-05-10T04:11:56+08:00][sql] SHOW FULL COLUMNS FROM `address` [ RunTime:0.001630s ]
[2023-05-10T04:11:56+08:00][sql] SELECT * FROM `address` WHERE  `id` = 1 LIMIT 1 [ RunTime:0.000358s ]
[2023-05-10T04:11:56+08:00][sql] SELECT * FROM `address` WHERE  `id` = 2 LIMIT 1 [ RunTime:0.000259s ]
[2023-05-10T04:56:04+08:00][sql] CONNECT:[ UseTime:0.000414s ] mysql:host=localhost;port=3316;dbname=coffee;charset=utf8
[2023-05-10T04:56:04+08:00][sql] SHOW FULL COLUMNS FROM `course` [ RunTime:0.001362s ]
[2023-05-10T04:56:04+08:00][sql] SELECT * FROM `course` WHERE  `id` = 4 LIMIT 1 [ RunTime:0.000769s ]
[2023-05-10T04:56:04+08:00][sql] SHOW FULL COLUMNS FROM `teacher` [ RunTime:0.000910s ]
[2023-05-10T04:56:04+08:00][sql] SELECT `teacher_name`,`teacher_title`,`teacher_avatar` FROM `teacher` WHERE  `id` = 2 LIMIT 1 [ RunTime:0.000219s ]
[2023-05-10T04:56:04+08:00][sql] SHOW FULL COLUMNS FROM `address` [ RunTime:0.000902s ]
[2023-05-10T04:56:04+08:00][sql] SELECT * FROM `address` WHERE  `id` = 1 LIMIT 1 [ RunTime:0.000256s ]
[2023-05-10T04:56:04+08:00][sql] SELECT * FROM `address` WHERE  `id` = 2 LIMIT 1 [ RunTime:0.000221s ]
[2023-05-10T09:24:19+08:00][sql] CONNECT:[ UseTime:0.000410s ] mysql:host=localhost;port=3316;dbname=coffee;charset=utf8
[2023-05-10T09:24:19+08:00][sql] SHOW FULL COLUMNS FROM `course` [ RunTime:0.001473s ]
[2023-05-10T09:24:19+08:00][sql] SELECT `id`,`title`,`price`,`days`,`time` FROM `course` WHERE  `is_time` = 1 ORDER BY `sorting` ASC [ RunTime:0.000308s ]
[2023-05-10T09:24:19+08:00][sql] SELECT `id`,`title` FROM `course` WHERE  `status` = 1 [ RunTime:0.000234s ]
[2023-05-10T09:24:19+08:00][sql] SELECT `id`,`title` FROM `course` WHERE  `status` = 2 [ RunTime:0.000206s ]
[2023-05-10T09:24:19+08:00][sql] SHOW FULL COLUMNS FROM `address` [ RunTime:0.000946s ]
[2023-05-10T09:24:19+08:00][sql] SELECT * FROM `address` WHERE  `id` = 1 LIMIT 1 [ RunTime:0.000241s ]
[2023-05-10T09:24:19+08:00][sql] SELECT * FROM `address` WHERE  `id` = 2 LIMIT 1 [ RunTime:0.000224s ]
[2023-05-10T09:36:20+08:00][sql] CONNECT:[ UseTime:0.000417s ] mysql:host=localhost;port=3316;dbname=coffee;charset=utf8
[2023-05-10T09:36:20+08:00][sql] SHOW FULL COLUMNS FROM `course` [ RunTime:0.001499s ]
[2023-05-10T09:36:20+08:00][sql] SELECT * FROM `course` WHERE  `id` = 1 LIMIT 1 [ RunTime:0.000329s ]
[2023-05-10T09:36:20+08:00][sql] SHOW FULL COLUMNS FROM `teacher` [ RunTime:0.001192s ]
[2023-05-10T09:36:20+08:00][sql] SELECT `teacher_name`,`teacher_title`,`teacher_avatar` FROM `teacher` WHERE  `id` = 1 LIMIT 1 [ RunTime:0.000268s ]
[2023-05-10T09:36:20+08:00][sql] SELECT `teacher_name`,`teacher_title`,`teacher_avatar` FROM `teacher` WHERE  `id` = 2 LIMIT 1 [ RunTime:0.000234s ]
[2023-05-10T09:36:20+08:00][sql] SHOW FULL COLUMNS FROM `address` [ RunTime:0.000957s ]
[2023-05-10T09:36:20+08:00][sql] SELECT * FROM `address` WHERE  `id` = 1 LIMIT 1 [ RunTime:0.000274s ]
[2023-05-10T09:36:20+08:00][sql] SELECT * FROM `address` WHERE  `id` = 2 LIMIT 1 [ RunTime:0.000239s ]
[2023-05-10T09:42:43+08:00][sql] CONNECT:[ UseTime:0.000442s ] mysql:host=localhost;port=3316;dbname=coffee;charset=utf8
[2023-05-10T09:42:43+08:00][sql] SHOW FULL COLUMNS FROM `course` [ RunTime:0.001491s ]
[2023-05-10T09:42:43+08:00][sql] SELECT * FROM `course` WHERE  `id` = 1 LIMIT 1 [ RunTime:0.000336s ]
[2023-05-10T09:42:43+08:00][sql] SHOW FULL COLUMNS FROM `teacher` [ RunTime:0.000944s ]
[2023-05-10T09:42:43+08:00][sql] SELECT `teacher_name`,`teacher_title`,`teacher_avatar` FROM `teacher` WHERE  `id` = 1 LIMIT 1 [ RunTime:0.000274s ]
[2023-05-10T09:42:43+08:00][sql] SELECT `teacher_name`,`teacher_title`,`teacher_avatar` FROM `teacher` WHERE  `id` = 2 LIMIT 1 [ RunTime:0.000226s ]
[2023-05-10T09:42:43+08:00][sql] SHOW FULL COLUMNS FROM `address` [ RunTime:0.000941s ]
[2023-05-10T09:42:43+08:00][sql] SELECT * FROM `address` WHERE  `id` = 1 LIMIT 1 [ RunTime:0.000294s ]
[2023-05-10T09:42:43+08:00][sql] SELECT * FROM `address` WHERE  `id` = 2 LIMIT 1 [ RunTime:0.000372s ]
[2023-05-10T20:48:49+08:00][sql] CONNECT:[ UseTime:0.000457s ] mysql:host=localhost;port=3316;dbname=coffee;charset=utf8
[2023-05-10T20:48:49+08:00][sql] SHOW FULL COLUMNS FROM `course` [ RunTime:0.001382s ]
[2023-05-10T20:48:49+08:00][sql] SELECT * FROM `course` WHERE  `id` = 6 LIMIT 1 [ RunTime:0.000330s ]
[2023-05-10T20:48:49+08:00][sql] SHOW FULL COLUMNS FROM `teacher` [ RunTime:0.000826s ]
[2023-05-10T20:48:49+08:00][sql] SELECT `teacher_name`,`teacher_title`,`teacher_avatar` FROM `teacher` WHERE  `id` = 1 LIMIT 1 [ RunTime:0.000223s ]
[2023-05-10T20:48:49+08:00][sql] SHOW FULL COLUMNS FROM `address` [ RunTime:0.000918s ]
[2023-05-10T20:48:49+08:00][sql] SELECT * FROM `address` WHERE  `id` = 1 LIMIT 1 [ RunTime:0.000268s ]
[2023-05-10T20:48:49+08:00][sql] SELECT * FROM `address` WHERE  `id` = 2 LIMIT 1 [ RunTime:0.000212s ]
[2023-05-10T20:51:12+08:00][sql] CONNECT:[ UseTime:0.000421s ] mysql:host=localhost;port=3316;dbname=coffee;charset=utf8
[2023-05-10T20:51:12+08:00][sql] SHOW FULL COLUMNS FROM `course` [ RunTime:0.001517s ]
[2023-05-10T20:51:12+08:00][sql] SELECT * FROM `course` WHERE  `id` = 6 LIMIT 1 [ RunTime:0.000403s ]
[2023-05-10T20:51:12+08:00][sql] SHOW FULL COLUMNS FROM `teacher` [ RunTime:0.001003s ]
[2023-05-10T20:51:12+08:00][sql] SELECT `teacher_name`,`teacher_title`,`teacher_avatar` FROM `teacher` WHERE  `id` = 1 LIMIT 1 [ RunTime:0.000304s ]
[2023-05-10T20:51:12+08:00][sql] SHOW FULL COLUMNS FROM `address` [ RunTime:0.001038s ]
[2023-05-10T20:51:12+08:00][sql] SELECT * FROM `address` WHERE  `id` = 1 LIMIT 1 [ RunTime:0.000274s ]
[2023-05-10T20:51:12+08:00][sql] SELECT * FROM `address` WHERE  `id` = 2 LIMIT 1 [ RunTime:0.000262s ]
