[2023-05-13T00:09:29+08:00][sql] CONNECT:[ UseTime:0.000418s ] mysql:host=localhost;port=3316;dbname=coffee;charset=utf8
[2023-05-13T00:09:29+08:00][sql] SHOW FULL COLUMNS FROM `course` [ RunTime:0.001385s ]
[2023-05-13T00:09:29+08:00][sql] SELECT * FROM `course` WHERE  `id` = 7 LIMIT 1 [ RunTime:0.000935s ]
[2023-05-13T00:09:29+08:00][sql] SHOW FULL COLUMNS FROM `teacher` [ RunTime:0.000880s ]
[2023-05-13T00:09:29+08:00][sql] SELECT `teacher_name`,`teacher_title`,`teacher_avatar` FROM `teacher` WHERE  `id` = 1 LIMIT 1 [ RunTime:0.000207s ]
[2023-05-13T00:09:29+08:00][sql] SHOW FULL COLUMNS FROM `address` [ RunTime:0.000919s ]
[2023-05-13T00:09:29+08:00][sql] SELECT * FROM `address` WHERE  `id` = 1 LIMIT 1 [ RunTime:0.000265s ]
[2023-05-13T00:09:29+08:00][sql] SELECT * FROM `address` WHERE  `id` = 2 LIMIT 1 [ RunTime:0.000285s ]
[2023-05-13T00:54:46+08:00][sql] CONNECT:[ UseTime:0.000345s ] mysql:host=localhost;port=3316;dbname=coffee;charset=utf8
[2023-05-13T00:54:46+08:00][sql] SHOW FULL COLUMNS FROM `course` [ RunTime:0.001445s ]
[2023-05-13T00:54:46+08:00][sql] SELECT * FROM `course` WHERE  `id` = 5 LIMIT 1 [ RunTime:0.000331s ]
[2023-05-13T00:54:46+08:00][sql] SHOW FULL COLUMNS FROM `teacher` [ RunTime:0.001068s ]
[2023-05-13T00:54:46+08:00][sql] SELECT `teacher_name`,`teacher_title`,`teacher_avatar` FROM `teacher` WHERE  `id` = 1 LIMIT 1 [ RunTime:0.000243s ]
[2023-05-13T00:54:46+08:00][sql] SELECT `teacher_name`,`teacher_title`,`teacher_avatar` FROM `teacher` WHERE  `id` = 2 LIMIT 1 [ RunTime:0.000217s ]
[2023-05-13T00:54:46+08:00][sql] SHOW FULL COLUMNS FROM `address` [ RunTime:0.000899s ]
[2023-05-13T00:54:46+08:00][sql] SELECT * FROM `address` WHERE  `id` = 1 LIMIT 1 [ RunTime:0.000258s ]
[2023-05-13T00:54:46+08:00][sql] SELECT * FROM `address` WHERE  `id` = 2 LIMIT 1 [ RunTime:0.000210s ]
[2023-05-13T12:06:25+08:00][sql] CONNECT:[ UseTime:0.000366s ] mysql:host=localhost;port=3316;dbname=coffee;charset=utf8
[2023-05-13T12:06:25+08:00][sql] SHOW FULL COLUMNS FROM `course` [ RunTime:0.001393s ]
[2023-05-13T12:06:25+08:00][sql] SELECT * FROM `course` WHERE  `id` = 1 LIMIT 1 [ RunTime:0.000331s ]
[2023-05-13T12:06:25+08:00][sql] SHOW FULL COLUMNS FROM `teacher` [ RunTime:0.000937s ]
[2023-05-13T12:06:25+08:00][sql] SELECT `teacher_name`,`teacher_title`,`teacher_avatar` FROM `teacher` WHERE  `id` = 1 LIMIT 1 [ RunTime:0.000279s ]
[2023-05-13T12:06:25+08:00][sql] SELECT `teacher_name`,`teacher_title`,`teacher_avatar` FROM `teacher` WHERE  `id` = 2 LIMIT 1 [ RunTime:0.000228s ]
[2023-05-13T12:06:25+08:00][sql] SHOW FULL COLUMNS FROM `address` [ RunTime:0.000903s ]
[2023-05-13T12:06:25+08:00][sql] SELECT * FROM `address` WHERE  `id` = 1 LIMIT 1 [ RunTime:0.000265s ]
[2023-05-13T12:06:25+08:00][sql] SELECT * FROM `address` WHERE  `id` = 2 LIMIT 1 [ RunTime:0.000261s ]
[2023-05-13T15:40:20+08:00][sql] CONNECT:[ UseTime:0.000446s ] mysql:host=localhost;port=3316;dbname=coffee;charset=utf8
[2023-05-13T15:40:20+08:00][sql] SHOW FULL COLUMNS FROM `course` [ RunTime:0.002017s ]
[2023-05-13T15:40:20+08:00][sql] SELECT * FROM `course` WHERE  `id` = 2 LIMIT 1 [ RunTime:0.000862s ]
[2023-05-13T15:40:20+08:00][sql] SHOW FULL COLUMNS FROM `teacher` [ RunTime:0.001251s ]
[2023-05-13T15:40:20+08:00][sql] SELECT `teacher_name`,`teacher_title`,`teacher_avatar` FROM `teacher` WHERE  `id` = 3 LIMIT 1 [ RunTime:0.000320s ]
[2023-05-13T15:40:20+08:00][sql] SHOW FULL COLUMNS FROM `address` [ RunTime:0.000915s ]
[2023-05-13T15:40:20+08:00][sql] SELECT * FROM `address` WHERE  `id` = 1 LIMIT 1 [ RunTime:0.000271s ]
[2023-05-13T15:40:20+08:00][sql] SELECT * FROM `address` WHERE  `id` = 2 LIMIT 1 [ RunTime:0.000252s ]
[2023-05-13T19:29:57+08:00][sql] CONNECT:[ UseTime:0.000456s ] mysql:host=localhost;port=3316;dbname=coffee;charset=utf8
[2023-05-13T19:29:57+08:00][sql] SHOW FULL COLUMNS FROM `course` [ RunTime:0.003296s ]
[2023-05-13T19:29:57+08:00][sql] SELECT * FROM `course` WHERE  `id` = 1 LIMIT 1 [ RunTime:0.000363s ]
[2023-05-13T19:29:57+08:00][sql] SHOW FULL COLUMNS FROM `teacher` [ RunTime:0.000951s ]
[2023-05-13T19:29:57+08:00][sql] SELECT `teacher_name`,`teacher_title`,`teacher_avatar` FROM `teacher` WHERE  `id` = 1 LIMIT 1 [ RunTime:0.000307s ]
[2023-05-13T19:29:57+08:00][sql] SELECT `teacher_name`,`teacher_title`,`teacher_avatar` FROM `teacher` WHERE  `id` = 2 LIMIT 1 [ RunTime:0.000246s ]
[2023-05-13T19:29:57+08:00][sql] SHOW FULL COLUMNS FROM `address` [ RunTime:0.000973s ]
[2023-05-13T19:29:57+08:00][sql] SELECT * FROM `address` WHERE  `id` = 1 LIMIT 1 [ RunTime:0.000300s ]
[2023-05-13T19:29:57+08:00][sql] SELECT * FROM `address` WHERE  `id` = 2 LIMIT 1 [ RunTime:0.000259s ]
[2023-05-13T21:43:56+08:00][sql] CONNECT:[ UseTime:0.000533s ] mysql:host=localhost;port=3316;dbname=coffee;charset=utf8
[2023-05-13T21:43:56+08:00][sql] SHOW FULL COLUMNS FROM `course` [ RunTime:0.001532s ]
[2023-05-13T21:43:56+08:00][sql] SELECT * FROM `course` WHERE  `id` = 3 LIMIT 1 [ RunTime:0.000299s ]
[2023-05-13T21:43:56+08:00][sql] SHOW FULL COLUMNS FROM `teacher` [ RunTime:0.000942s ]
[2023-05-13T21:43:56+08:00][sql] SELECT `teacher_name`,`teacher_title`,`teacher_avatar` FROM `teacher` WHERE  `id` = 1 LIMIT 1 [ RunTime:0.000230s ]
[2023-05-13T21:43:56+08:00][sql] SHOW FULL COLUMNS FROM `address` [ RunTime:0.000928s ]
[2023-05-13T21:43:56+08:00][sql] SELECT * FROM `address` WHERE  `id` = 1 LIMIT 1 [ RunTime:0.000240s ]
[2023-05-13T21:43:56+08:00][sql] SELECT * FROM `address` WHERE  `id` = 2 LIMIT 1 [ RunTime:0.000217s ]
