[2023-05-15T00:35:52+08:00][sql] CONNECT:[ UseTime:0.000442s ] mysql:host=localhost;port=3316;dbname=coffee;charset=utf8
[2023-05-15T00:35:52+08:00][sql] SHOW FULL COLUMNS FROM `course` [ RunTime:0.001499s ]
[2023-05-15T00:35:52+08:00][sql] SELECT * FROM `course` WHERE  `id` = 1 LIMIT 1 [ RunTime:0.000894s ]
[2023-05-15T00:35:52+08:00][sql] SHOW FULL COLUMNS FROM `teacher` [ RunTime:0.000910s ]
[2023-05-15T00:35:52+08:00][sql] SELECT `teacher_name`,`teacher_title`,`teacher_avatar` FROM `teacher` WHERE  `id` = 1 LIMIT 1 [ RunTime:0.000278s ]
[2023-05-15T00:35:52+08:00][sql] SELECT `teacher_name`,`teacher_title`,`teacher_avatar` FROM `teacher` WHERE  `id` = 2 LIMIT 1 [ RunTime:0.000184s ]
[2023-05-15T00:35:52+08:00][sql] SHOW FULL COLUMNS FROM `address` [ RunTime:0.000922s ]
[2023-05-15T00:35:52+08:00][sql] SELECT * FROM `address` WHERE  `id` = 1 LIMIT 1 [ RunTime:0.000266s ]
[2023-05-15T00:35:52+08:00][sql] SELECT * FROM `address` WHERE  `id` = 2 LIMIT 1 [ RunTime:0.000203s ]
[2023-05-15T00:36:58+08:00][sql] CONNECT:[ UseTime:0.000398s ] mysql:host=localhost;port=3316;dbname=coffee;charset=utf8
[2023-05-15T00:36:58+08:00][sql] SHOW FULL COLUMNS FROM `course` [ RunTime:0.001395s ]
[2023-05-15T00:36:58+08:00][sql] SELECT * FROM `course` WHERE  `id` = 2 LIMIT 1 [ RunTime:0.000344s ]
[2023-05-15T00:36:58+08:00][sql] SHOW FULL COLUMNS FROM `teacher` [ RunTime:0.001105s ]
[2023-05-15T00:36:58+08:00][sql] SELECT `teacher_name`,`teacher_title`,`teacher_avatar` FROM `teacher` WHERE  `id` = 3 LIMIT 1 [ RunTime:0.000273s ]
[2023-05-15T00:36:58+08:00][sql] SHOW FULL COLUMNS FROM `address` [ RunTime:0.000950s ]
[2023-05-15T00:36:58+08:00][sql] SELECT * FROM `address` WHERE  `id` = 1 LIMIT 1 [ RunTime:0.000344s ]
[2023-05-15T00:36:58+08:00][sql] SELECT * FROM `address` WHERE  `id` = 2 LIMIT 1 [ RunTime:0.000278s ]
[2023-05-15T00:37:05+08:00][sql] CONNECT:[ UseTime:0.000403s ] mysql:host=localhost;port=3316;dbname=coffee;charset=utf8
[2023-05-15T00:37:05+08:00][sql] SHOW FULL COLUMNS FROM `course` [ RunTime:0.001426s ]
[2023-05-15T00:37:05+08:00][sql] SELECT * FROM `course` WHERE  `id` = 7 LIMIT 1 [ RunTime:0.000781s ]
[2023-05-15T00:37:05+08:00][sql] SHOW FULL COLUMNS FROM `teacher` [ RunTime:0.000945s ]
[2023-05-15T00:37:05+08:00][sql] SELECT `teacher_name`,`teacher_title`,`teacher_avatar` FROM `teacher` WHERE  `id` = 1 LIMIT 1 [ RunTime:0.000287s ]
[2023-05-15T00:37:05+08:00][sql] SHOW FULL COLUMNS FROM `address` [ RunTime:0.000996s ]
[2023-05-15T00:37:05+08:00][sql] SELECT * FROM `address` WHERE  `id` = 1 LIMIT 1 [ RunTime:0.000321s ]
[2023-05-15T00:37:05+08:00][sql] SELECT * FROM `address` WHERE  `id` = 2 LIMIT 1 [ RunTime:0.000271s ]
[2023-05-15T00:37:57+08:00][sql] CONNECT:[ UseTime:0.000403s ] mysql:host=localhost;port=3316;dbname=coffee;charset=utf8
[2023-05-15T00:37:57+08:00][sql] SHOW FULL COLUMNS FROM `course` [ RunTime:0.001355s ]
[2023-05-15T00:37:57+08:00][sql] SELECT * FROM `course` WHERE  `id` = 2 LIMIT 1 [ RunTime:0.000299s ]
[2023-05-15T00:37:57+08:00][sql] SHOW FULL COLUMNS FROM `teacher` [ RunTime:0.000902s ]
[2023-05-15T00:37:57+08:00][sql] SELECT `teacher_name`,`teacher_title`,`teacher_avatar` FROM `teacher` WHERE  `id` = 3 LIMIT 1 [ RunTime:0.000264s ]
[2023-05-15T00:37:57+08:00][sql] SHOW FULL COLUMNS FROM `address` [ RunTime:0.000865s ]
[2023-05-15T00:37:57+08:00][sql] SELECT * FROM `address` WHERE  `id` = 1 LIMIT 1 [ RunTime:0.000234s ]
[2023-05-15T00:37:57+08:00][sql] SELECT * FROM `address` WHERE  `id` = 2 LIMIT 1 [ RunTime:0.000233s ]
[2023-05-15T00:38:05+08:00][sql] CONNECT:[ UseTime:0.000437s ] mysql:host=localhost;port=3316;dbname=coffee;charset=utf8
[2023-05-15T00:38:05+08:00][sql] SHOW FULL COLUMNS FROM `course` [ RunTime:0.001355s ]
[2023-05-15T00:38:05+08:00][sql] SELECT * FROM `course` WHERE  `id` = 7 LIMIT 1 [ RunTime:0.000306s ]
[2023-05-15T00:38:05+08:00][sql] SHOW FULL COLUMNS FROM `teacher` [ RunTime:0.000869s ]
[2023-05-15T00:38:05+08:00][sql] SELECT `teacher_name`,`teacher_title`,`teacher_avatar` FROM `teacher` WHERE  `id` = 1 LIMIT 1 [ RunTime:0.000222s ]
[2023-05-15T00:38:05+08:00][sql] SHOW FULL COLUMNS FROM `address` [ RunTime:0.000899s ]
[2023-05-15T00:38:05+08:00][sql] SELECT * FROM `address` WHERE  `id` = 1 LIMIT 1 [ RunTime:0.000264s ]
[2023-05-15T00:38:05+08:00][sql] SELECT * FROM `address` WHERE  `id` = 2 LIMIT 1 [ RunTime:0.000255s ]
[2023-05-15T02:19:29+08:00][sql] CONNECT:[ UseTime:0.000407s ] mysql:host=localhost;port=3316;dbname=coffee;charset=utf8
[2023-05-15T02:19:29+08:00][sql] SHOW FULL COLUMNS FROM `course` [ RunTime:0.001493s ]
[2023-05-15T02:19:29+08:00][sql] SELECT * FROM `course` WHERE  `id` = 2 LIMIT 1 [ RunTime:0.000776s ]
[2023-05-15T02:19:29+08:00][sql] SHOW FULL COLUMNS FROM `teacher` [ RunTime:0.000992s ]
[2023-05-15T02:19:29+08:00][sql] SELECT `teacher_name`,`teacher_title`,`teacher_avatar` FROM `teacher` WHERE  `id` = 3 LIMIT 1 [ RunTime:0.000281s ]
[2023-05-15T02:19:29+08:00][sql] SHOW FULL COLUMNS FROM `address` [ RunTime:0.000946s ]
[2023-05-15T02:19:29+08:00][sql] SELECT * FROM `address` WHERE  `id` = 1 LIMIT 1 [ RunTime:0.000270s ]
[2023-05-15T02:19:29+08:00][sql] SELECT * FROM `address` WHERE  `id` = 2 LIMIT 1 [ RunTime:0.000258s ]
[2023-05-15T02:55:11+08:00][sql] CONNECT:[ UseTime:0.000390s ] mysql:host=localhost;port=3316;dbname=coffee;charset=utf8
[2023-05-15T02:55:11+08:00][sql] SHOW FULL COLUMNS FROM `course` [ RunTime:0.001327s ]
[2023-05-15T02:55:11+08:00][sql] SELECT * FROM `course` WHERE  `id` = 7 LIMIT 1 [ RunTime:0.000746s ]
[2023-05-15T02:55:11+08:00][sql] SHOW FULL COLUMNS FROM `teacher` [ RunTime:0.000962s ]
[2023-05-15T02:55:11+08:00][sql] SELECT `teacher_name`,`teacher_title`,`teacher_avatar` FROM `teacher` WHERE  `id` = 1 LIMIT 1 [ RunTime:0.000215s ]
[2023-05-15T02:55:11+08:00][sql] SHOW FULL COLUMNS FROM `address` [ RunTime:0.000864s ]
[2023-05-15T02:55:11+08:00][sql] SELECT * FROM `address` WHERE  `id` = 1 LIMIT 1 [ RunTime:0.000240s ]
[2023-05-15T02:55:11+08:00][sql] SELECT * FROM `address` WHERE  `id` = 2 LIMIT 1 [ RunTime:0.000192s ]
[2023-05-15T09:42:47+08:00][sql] CONNECT:[ UseTime:0.000570s ] mysql:host=localhost;port=3316;dbname=coffee;charset=utf8
[2023-05-15T09:42:47+08:00][sql] SHOW FULL COLUMNS FROM `course` [ RunTime:0.001406s ]
[2023-05-15T09:42:47+08:00][sql] SELECT * FROM `course` WHERE  `id` = 5 LIMIT 1 [ RunTime:0.000348s ]
[2023-05-15T09:42:47+08:00][sql] SHOW FULL COLUMNS FROM `teacher` [ RunTime:0.000966s ]
[2023-05-15T09:42:47+08:00][sql] SELECT `teacher_name`,`teacher_title`,`teacher_avatar` FROM `teacher` WHERE  `id` = 1 LIMIT 1 [ RunTime:0.000259s ]
[2023-05-15T09:42:47+08:00][sql] SELECT `teacher_name`,`teacher_title`,`teacher_avatar` FROM `teacher` WHERE  `id` = 2 LIMIT 1 [ RunTime:0.000713s ]
[2023-05-15T09:42:47+08:00][sql] SHOW FULL COLUMNS FROM `address` [ RunTime:0.000949s ]
[2023-05-15T09:42:47+08:00][sql] SELECT * FROM `address` WHERE  `id` = 1 LIMIT 1 [ RunTime:0.000260s ]
[2023-05-15T09:42:47+08:00][sql] SELECT * FROM `address` WHERE  `id` = 2 LIMIT 1 [ RunTime:0.000257s ]
[2023-05-15T11:20:21+08:00][sql] CONNECT:[ UseTime:0.000417s ] mysql:host=localhost;port=3316;dbname=coffee;charset=utf8
[2023-05-15T11:20:21+08:00][sql] SHOW FULL COLUMNS FROM `course` [ RunTime:0.001501s ]
[2023-05-15T11:20:21+08:00][sql] SELECT `id`,`title`,`price`,`days`,`time` FROM `course` WHERE  `is_time` = 1 ORDER BY `sorting` ASC [ RunTime:0.000803s ]
[2023-05-15T11:20:21+08:00][sql] SELECT `id`,`title` FROM `course` WHERE  `status` = 1 [ RunTime:0.000281s ]
[2023-05-15T11:20:21+08:00][sql] SELECT `id`,`title` FROM `course` WHERE  `status` = 2 [ RunTime:0.000236s ]
[2023-05-15T11:20:21+08:00][sql] SHOW FULL COLUMNS FROM `address` [ RunTime:0.000974s ]
[2023-05-15T11:20:21+08:00][sql] SELECT * FROM `address` WHERE  `id` = 1 LIMIT 1 [ RunTime:0.000276s ]
[2023-05-15T11:20:21+08:00][sql] SELECT * FROM `address` WHERE  `id` = 2 LIMIT 1 [ RunTime:0.000255s ]
[2023-05-15T11:48:19+08:00][sql] CONNECT:[ UseTime:0.000426s ] mysql:host=localhost;port=3316;dbname=coffee;charset=utf8
[2023-05-15T11:48:19+08:00][sql] SHOW FULL COLUMNS FROM `course` [ RunTime:0.001435s ]
[2023-05-15T11:48:19+08:00][sql] SELECT `id`,`title`,`price`,`days`,`time` FROM `course` WHERE  `is_time` = 1 ORDER BY `sorting` ASC [ RunTime:0.000309s ]
[2023-05-15T11:48:19+08:00][sql] SELECT `id`,`title` FROM `course` WHERE  `status` = 1 [ RunTime:0.000312s ]
[2023-05-15T11:48:19+08:00][sql] SELECT `id`,`title` FROM `course` WHERE  `status` = 2 [ RunTime:0.000244s ]
[2023-05-15T11:48:19+08:00][sql] SHOW FULL COLUMNS FROM `address` [ RunTime:0.001009s ]
[2023-05-15T11:48:19+08:00][sql] SELECT * FROM `address` WHERE  `id` = 1 LIMIT 1 [ RunTime:0.000286s ]
[2023-05-15T11:48:19+08:00][sql] SELECT * FROM `address` WHERE  `id` = 2 LIMIT 1 [ RunTime:0.000321s ]
[2023-05-15T13:55:56+08:00][sql] CONNECT:[ UseTime:0.000378s ] mysql:host=localhost;port=3316;dbname=coffee;charset=utf8
[2023-05-15T13:55:56+08:00][sql] SHOW FULL COLUMNS FROM `course` [ RunTime:0.001432s ]
[2023-05-15T13:55:56+08:00][sql] SELECT `id`,`title`,`price`,`days`,`time` FROM `course` WHERE  `is_time` = 1 ORDER BY `sorting` ASC [ RunTime:0.000344s ]
[2023-05-15T13:55:56+08:00][sql] SELECT `id`,`title` FROM `course` WHERE  `status` = 1 [ RunTime:0.000297s ]
[2023-05-15T13:55:56+08:00][sql] SELECT `id`,`title` FROM `course` WHERE  `status` = 2 [ RunTime:0.000328s ]
[2023-05-15T13:55:56+08:00][sql] SHOW FULL COLUMNS FROM `address` [ RunTime:0.000927s ]
[2023-05-15T13:55:56+08:00][sql] SELECT * FROM `address` WHERE  `id` = 1 LIMIT 1 [ RunTime:0.000283s ]
[2023-05-15T13:55:56+08:00][sql] SELECT * FROM `address` WHERE  `id` = 2 LIMIT 1 [ RunTime:0.000244s ]
[2023-05-15T14:00:08+08:00][sql] CONNECT:[ UseTime:0.000437s ] mysql:host=localhost;port=3316;dbname=coffee;charset=utf8
[2023-05-15T14:00:08+08:00][sql] SHOW FULL COLUMNS FROM `course` [ RunTime:0.001444s ]
[2023-05-15T14:00:08+08:00][sql] SELECT * FROM `course` WHERE  `id` = 1 LIMIT 1 [ RunTime:0.000378s ]
[2023-05-15T14:00:08+08:00][sql] SHOW FULL COLUMNS FROM `teacher` [ RunTime:0.000928s ]
[2023-05-15T14:00:08+08:00][sql] SELECT `teacher_name`,`teacher_title`,`teacher_avatar` FROM `teacher` WHERE  `id` = 1 LIMIT 1 [ RunTime:0.000257s ]
[2023-05-15T14:00:08+08:00][sql] SELECT `teacher_name`,`teacher_title`,`teacher_avatar` FROM `teacher` WHERE  `id` = 2 LIMIT 1 [ RunTime:0.000227s ]
[2023-05-15T14:00:08+08:00][sql] SHOW FULL COLUMNS FROM `address` [ RunTime:0.000940s ]
[2023-05-15T14:00:08+08:00][sql] SELECT * FROM `address` WHERE  `id` = 1 LIMIT 1 [ RunTime:0.000277s ]
[2023-05-15T14:00:08+08:00][sql] SELECT * FROM `address` WHERE  `id` = 2 LIMIT 1 [ RunTime:0.000257s ]
[2023-05-15T14:15:29+08:00][sql] CONNECT:[ UseTime:0.000410s ] mysql:host=localhost;port=3316;dbname=coffee;charset=utf8
[2023-05-15T14:15:29+08:00][sql] SHOW FULL COLUMNS FROM `course` [ RunTime:0.001390s ]
[2023-05-15T14:15:29+08:00][sql] SELECT * FROM `course` WHERE  `id` = 5 LIMIT 1 [ RunTime:0.000307s ]
[2023-05-15T14:15:29+08:00][sql] SHOW FULL COLUMNS FROM `teacher` [ RunTime:0.000907s ]
[2023-05-15T14:15:29+08:00][sql] SELECT `teacher_name`,`teacher_title`,`teacher_avatar` FROM `teacher` WHERE  `id` = 1 LIMIT 1 [ RunTime:0.000228s ]
[2023-05-15T14:15:29+08:00][sql] SELECT `teacher_name`,`teacher_title`,`teacher_avatar` FROM `teacher` WHERE  `id` = 2 LIMIT 1 [ RunTime:0.000194s ]
[2023-05-15T14:15:29+08:00][sql] SHOW FULL COLUMNS FROM `address` [ RunTime:0.000903s ]
[2023-05-15T14:15:29+08:00][sql] SELECT * FROM `address` WHERE  `id` = 1 LIMIT 1 [ RunTime:0.000283s ]
[2023-05-15T14:15:29+08:00][sql] SELECT * FROM `address` WHERE  `id` = 2 LIMIT 1 [ RunTime:0.000214s ]
[2023-05-15T14:17:11+08:00][sql] CONNECT:[ UseTime:0.000386s ] mysql:host=localhost;port=3316;dbname=coffee;charset=utf8
[2023-05-15T14:17:11+08:00][sql] SHOW FULL COLUMNS FROM `course` [ RunTime:0.001445s ]
[2023-05-15T14:17:11+08:00][sql] SELECT `id`,`title`,`price`,`days`,`time` FROM `course` WHERE  `is_time` = 1 ORDER BY `sorting` ASC [ RunTime:0.000320s ]
[2023-05-15T14:17:11+08:00][sql] SELECT `id`,`title` FROM `course` WHERE  `status` = 1 [ RunTime:0.000261s ]
[2023-05-15T14:17:11+08:00][sql] SELECT `id`,`title` FROM `course` WHERE  `status` = 2 [ RunTime:0.000239s ]
[2023-05-15T14:17:11+08:00][sql] SHOW FULL COLUMNS FROM `address` [ RunTime:0.001005s ]
[2023-05-15T14:17:11+08:00][sql] SELECT * FROM `address` WHERE  `id` = 1 LIMIT 1 [ RunTime:0.000270s ]
[2023-05-15T14:17:11+08:00][sql] SELECT * FROM `address` WHERE  `id` = 2 LIMIT 1 [ RunTime:0.000245s ]
[2023-05-15T14:55:06+08:00][sql] CONNECT:[ UseTime:0.000376s ] mysql:host=localhost;port=3316;dbname=coffee;charset=utf8
[2023-05-15T14:55:06+08:00][sql] SHOW FULL COLUMNS FROM `course` [ RunTime:0.001442s ]
[2023-05-15T14:55:06+08:00][sql] SELECT * FROM `course` WHERE  `id` = 1 LIMIT 1 [ RunTime:0.000346s ]
[2023-05-15T14:55:06+08:00][sql] SHOW FULL COLUMNS FROM `teacher` [ RunTime:0.000930s ]
[2023-05-15T14:55:06+08:00][sql] SELECT `teacher_name`,`teacher_title`,`teacher_avatar` FROM `teacher` WHERE  `id` = 1 LIMIT 1 [ RunTime:0.000227s ]
[2023-05-15T14:55:06+08:00][sql] SELECT `teacher_name`,`teacher_title`,`teacher_avatar` FROM `teacher` WHERE  `id` = 2 LIMIT 1 [ RunTime:0.000219s ]
[2023-05-15T14:55:06+08:00][sql] SHOW FULL COLUMNS FROM `address` [ RunTime:0.000906s ]
[2023-05-15T14:55:06+08:00][sql] SELECT * FROM `address` WHERE  `id` = 1 LIMIT 1 [ RunTime:0.000268s ]
[2023-05-15T14:55:06+08:00][sql] SELECT * FROM `address` WHERE  `id` = 2 LIMIT 1 [ RunTime:0.000211s ]
[2023-05-15T17:17:55+08:00][sql] CONNECT:[ UseTime:0.000435s ] mysql:host=localhost;port=3316;dbname=coffee;charset=utf8
[2023-05-15T17:17:55+08:00][sql] SHOW FULL COLUMNS FROM `course` [ RunTime:0.001462s ]
[2023-05-15T17:17:55+08:00][sql] SELECT `id`,`title`,`price`,`days`,`time` FROM `course` WHERE  `is_time` = 1 ORDER BY `sorting` ASC [ RunTime:0.001039s ]
[2023-05-15T17:17:55+08:00][sql] SELECT `id`,`title` FROM `course` WHERE  `status` = 1 [ RunTime:0.000270s ]
[2023-05-15T17:17:55+08:00][sql] SELECT `id`,`title` FROM `course` WHERE  `status` = 2 [ RunTime:0.000217s ]
[2023-05-15T17:17:55+08:00][sql] SHOW FULL COLUMNS FROM `address` [ RunTime:0.001324s ]
[2023-05-15T17:17:55+08:00][sql] SELECT * FROM `address` WHERE  `id` = 1 LIMIT 1 [ RunTime:0.000853s ]
[2023-05-15T17:17:55+08:00][sql] SELECT * FROM `address` WHERE  `id` = 2 LIMIT 1 [ RunTime:0.000268s ]
[2023-05-15T20:19:22+08:00][sql] CONNECT:[ UseTime:0.000450s ] mysql:host=localhost;port=3316;dbname=coffee;charset=utf8
[2023-05-15T20:19:22+08:00][sql] SHOW FULL COLUMNS FROM `course` [ RunTime:0.001426s ]
[2023-05-15T20:19:22+08:00][sql] SELECT `id`,`title`,`price`,`days`,`time` FROM `course` WHERE  `is_time` = 1 ORDER BY `sorting` ASC [ RunTime:0.000294s ]
[2023-05-15T20:19:22+08:00][sql] SELECT `id`,`title` FROM `course` WHERE  `status` = 1 [ RunTime:0.000227s ]
[2023-05-15T20:19:22+08:00][sql] SELECT `id`,`title` FROM `course` WHERE  `status` = 2 [ RunTime:0.000186s ]
[2023-05-15T20:19:22+08:00][sql] SHOW FULL COLUMNS FROM `address` [ RunTime:0.001025s ]
[2023-05-15T20:19:22+08:00][sql] SELECT * FROM `address` WHERE  `id` = 1 LIMIT 1 [ RunTime:0.000290s ]
[2023-05-15T20:19:22+08:00][sql] SELECT * FROM `address` WHERE  `id` = 2 LIMIT 1 [ RunTime:0.000254s ]
[2023-05-15T20:19:27+08:00][sql] CONNECT:[ UseTime:0.000397s ] mysql:host=localhost;port=3316;dbname=coffee;charset=utf8
[2023-05-15T20:19:27+08:00][sql] SHOW FULL COLUMNS FROM `course` [ RunTime:0.001496s ]
[2023-05-15T20:19:27+08:00][sql] SELECT * FROM `course` WHERE  `id` = 2 LIMIT 1 [ RunTime:0.001079s ]
[2023-05-15T20:19:27+08:00][sql] SHOW FULL COLUMNS FROM `teacher` [ RunTime:0.001037s ]
[2023-05-15T20:19:27+08:00][sql] SELECT `teacher_name`,`teacher_title`,`teacher_avatar` FROM `teacher` WHERE  `id` = 3 LIMIT 1 [ RunTime:0.000241s ]
[2023-05-15T20:19:27+08:00][sql] SHOW FULL COLUMNS FROM `address` [ RunTime:0.000931s ]
[2023-05-15T20:19:27+08:00][sql] SELECT * FROM `address` WHERE  `id` = 1 LIMIT 1 [ RunTime:0.000258s ]
[2023-05-15T20:19:27+08:00][sql] SELECT * FROM `address` WHERE  `id` = 2 LIMIT 1 [ RunTime:0.000209s ]
[2023-05-15T20:19:43+08:00][sql] CONNECT:[ UseTime:0.000402s ] mysql:host=localhost;port=3316;dbname=coffee;charset=utf8
[2023-05-15T20:19:43+08:00][sql] SHOW FULL COLUMNS FROM `course` [ RunTime:0.001426s ]
[2023-05-15T20:19:43+08:00][sql] SELECT `id`,`title`,`price`,`days`,`time` FROM `course` WHERE  `is_time` = 1 ORDER BY `sorting` ASC [ RunTime:0.001003s ]
[2023-05-15T20:19:43+08:00][sql] SELECT `id`,`title` FROM `course` WHERE  `status` = 1 [ RunTime:0.000272s ]
[2023-05-15T20:19:43+08:00][sql] SELECT `id`,`title` FROM `course` WHERE  `status` = 2 [ RunTime:0.000236s ]
[2023-05-15T20:19:43+08:00][sql] SHOW FULL COLUMNS FROM `address` [ RunTime:0.000995s ]
[2023-05-15T20:19:43+08:00][sql] SELECT * FROM `address` WHERE  `id` = 1 LIMIT 1 [ RunTime:0.000298s ]
[2023-05-15T20:19:43+08:00][sql] SELECT * FROM `address` WHERE  `id` = 2 LIMIT 1 [ RunTime:0.000243s ]
[2023-05-15T20:20:21+08:00][sql] CONNECT:[ UseTime:0.000447s ] mysql:host=localhost;port=3316;dbname=coffee;charset=utf8
[2023-05-15T20:20:21+08:00][sql] SHOW FULL COLUMNS FROM `course` [ RunTime:0.001457s ]
[2023-05-15T20:20:21+08:00][sql] SELECT `id`,`title`,`price`,`days`,`time` FROM `course` WHERE  `is_time` = 1 ORDER BY `sorting` ASC [ RunTime:0.000292s ]
[2023-05-15T20:20:21+08:00][sql] SELECT `id`,`title` FROM `course` WHERE  `status` = 1 [ RunTime:0.000215s ]
[2023-05-15T20:20:21+08:00][sql] SELECT `id`,`title` FROM `course` WHERE  `status` = 2 [ RunTime:0.000190s ]
[2023-05-15T20:20:21+08:00][sql] SHOW FULL COLUMNS FROM `address` [ RunTime:0.000890s ]
[2023-05-15T20:20:21+08:00][sql] SELECT * FROM `address` WHERE  `id` = 1 LIMIT 1 [ RunTime:0.000232s ]
[2023-05-15T20:20:21+08:00][sql] SELECT * FROM `address` WHERE  `id` = 2 LIMIT 1 [ RunTime:0.000249s ]
[2023-05-15T20:20:27+08:00][sql] CONNECT:[ UseTime:0.000416s ] mysql:host=localhost;port=3316;dbname=coffee;charset=utf8
[2023-05-15T20:20:27+08:00][sql] SHOW FULL COLUMNS FROM `course` [ RunTime:0.001465s ]
[2023-05-15T20:20:27+08:00][sql] SELECT * FROM `course` WHERE  `id` = 2 LIMIT 1 [ RunTime:0.000349s ]
[2023-05-15T20:20:27+08:00][sql] SHOW FULL COLUMNS FROM `teacher` [ RunTime:0.000940s ]
[2023-05-15T20:20:27+08:00][sql] SELECT `teacher_name`,`teacher_title`,`teacher_avatar` FROM `teacher` WHERE  `id` = 3 LIMIT 1 [ RunTime:0.000285s ]
[2023-05-15T20:20:27+08:00][sql] SHOW FULL COLUMNS FROM `address` [ RunTime:0.000999s ]
[2023-05-15T20:20:27+08:00][sql] SELECT * FROM `address` WHERE  `id` = 1 LIMIT 1 [ RunTime:0.000286s ]
[2023-05-15T20:20:27+08:00][sql] SELECT * FROM `address` WHERE  `id` = 2 LIMIT 1 [ RunTime:0.000249s ]
[2023-05-15T21:47:00+08:00][sql] CONNECT:[ UseTime:0.000448s ] mysql:host=localhost;port=3316;dbname=coffee;charset=utf8
[2023-05-15T21:47:00+08:00][sql] SHOW FULL COLUMNS FROM `course` [ RunTime:0.001421s ]
[2023-05-15T21:47:00+08:00][sql] SELECT * FROM `course` WHERE  `id` = 5 LIMIT 1 [ RunTime:0.000356s ]
[2023-05-15T21:47:00+08:00][sql] SHOW FULL COLUMNS FROM `teacher` [ RunTime:0.000980s ]
[2023-05-15T21:47:00+08:00][sql] SELECT `teacher_name`,`teacher_title`,`teacher_avatar` FROM `teacher` WHERE  `id` = 1 LIMIT 1 [ RunTime:0.000289s ]
[2023-05-15T21:47:00+08:00][sql] SELECT `teacher_name`,`teacher_title`,`teacher_avatar` FROM `teacher` WHERE  `id` = 2 LIMIT 1 [ RunTime:0.000822s ]
[2023-05-15T21:47:00+08:00][sql] SHOW FULL COLUMNS FROM `address` [ RunTime:0.001127s ]
[2023-05-15T21:47:00+08:00][sql] SELECT * FROM `address` WHERE  `id` = 1 LIMIT 1 [ RunTime:0.000280s ]
[2023-05-15T21:47:00+08:00][sql] SELECT * FROM `address` WHERE  `id` = 2 LIMIT 1 [ RunTime:0.000270s ]
