[2023-05-17T07:18:16+08:00][sql] CONNECT:[ UseTime:0.000400s ] mysql:host=localhost;port=3316;dbname=coffee;charset=utf8
[2023-05-17T07:18:16+08:00][sql] SHOW FULL COLUMNS FROM `course` [ RunTime:0.001428s ]
[2023-05-17T07:18:16+08:00][sql] SELECT * FROM `course` WHERE  `id` = 3 LIMIT 1 [ RunTime:0.000309s ]
[2023-05-17T07:18:16+08:00][sql] SHOW FULL COLUMNS FROM `teacher` [ RunTime:0.000932s ]
[2023-05-17T07:18:16+08:00][sql] SELECT `teacher_name`,`teacher_title`,`teacher_avatar` FROM `teacher` WHERE  `id` = 1 LIMIT 1 [ RunTime:0.000218s ]
[2023-05-17T07:18:16+08:00][sql] SHOW FULL COLUMNS FROM `address` [ RunTime:0.000912s ]
[2023-05-17T07:18:16+08:00][sql] SELECT * FROM `address` WHERE  `id` = 1 LIMIT 1 [ RunTime:0.000287s ]
[2023-05-17T07:18:16+08:00][sql] SELECT * FROM `address` WHERE  `id` = 2 LIMIT 1 [ RunTime:0.000254s ]
[2023-05-17T07:18:19+08:00][sql] CONNECT:[ UseTime:0.000420s ] mysql:host=localhost;port=3316;dbname=coffee;charset=utf8
[2023-05-17T07:18:19+08:00][sql] SHOW FULL COLUMNS FROM `course` [ RunTime:0.001427s ]
[2023-05-17T07:18:19+08:00][sql] SELECT * FROM `course` WHERE  `id` = 3 LIMIT 1 [ RunTime:0.000794s ]
[2023-05-17T07:18:19+08:00][sql] SHOW FULL COLUMNS FROM `teacher` [ RunTime:0.001035s ]
[2023-05-17T07:18:19+08:00][sql] SELECT `teacher_name`,`teacher_title`,`teacher_avatar` FROM `teacher` WHERE  `id` = 1 LIMIT 1 [ RunTime:0.000253s ]
[2023-05-17T07:18:19+08:00][sql] SHOW FULL COLUMNS FROM `address` [ RunTime:0.000923s ]
[2023-05-17T07:18:19+08:00][sql] SELECT * FROM `address` WHERE  `id` = 1 LIMIT 1 [ RunTime:0.000289s ]
[2023-05-17T07:18:19+08:00][sql] SELECT * FROM `address` WHERE  `id` = 2 LIMIT 1 [ RunTime:0.000271s ]
[2023-05-17T10:00:31+08:00][sql] CONNECT:[ UseTime:0.000436s ] mysql:host=localhost;port=3316;dbname=coffee;charset=utf8
[2023-05-17T10:00:31+08:00][sql] SHOW FULL COLUMNS FROM `course` [ RunTime:0.001444s ]
[2023-05-17T10:00:31+08:00][sql] SELECT * FROM `course` WHERE  `id` = 6 LIMIT 1 [ RunTime:0.000360s ]
[2023-05-17T10:00:31+08:00][sql] SHOW FULL COLUMNS FROM `teacher` [ RunTime:0.000994s ]
[2023-05-17T10:00:31+08:00][sql] SELECT `teacher_name`,`teacher_title`,`teacher_avatar` FROM `teacher` WHERE  `id` = 1 LIMIT 1 [ RunTime:0.000266s ]
[2023-05-17T10:00:31+08:00][sql] SHOW FULL COLUMNS FROM `address` [ RunTime:0.000928s ]
[2023-05-17T10:00:31+08:00][sql] SELECT * FROM `address` WHERE  `id` = 1 LIMIT 1 [ RunTime:0.000287s ]
[2023-05-17T10:00:31+08:00][sql] SELECT * FROM `address` WHERE  `id` = 2 LIMIT 1 [ RunTime:0.000247s ]
[2023-05-17T10:33:45+08:00][sql] CONNECT:[ UseTime:0.000427s ] mysql:host=localhost;port=3316;dbname=coffee;charset=utf8
[2023-05-17T10:33:45+08:00][sql] SHOW FULL COLUMNS FROM `course` [ RunTime:0.001370s ]
[2023-05-17T10:33:45+08:00][sql] SELECT * FROM `course` WHERE  `id` = 6 LIMIT 1 [ RunTime:0.000804s ]
[2023-05-17T10:33:45+08:00][sql] SHOW FULL COLUMNS FROM `teacher` [ RunTime:0.000939s ]
[2023-05-17T10:33:45+08:00][sql] SELECT `teacher_name`,`teacher_title`,`teacher_avatar` FROM `teacher` WHERE  `id` = 1 LIMIT 1 [ RunTime:0.000268s ]
[2023-05-17T10:33:45+08:00][sql] SHOW FULL COLUMNS FROM `address` [ RunTime:0.000967s ]
[2023-05-17T10:33:45+08:00][sql] SELECT * FROM `address` WHERE  `id` = 1 LIMIT 1 [ RunTime:0.000276s ]
[2023-05-17T10:33:45+08:00][sql] SELECT * FROM `address` WHERE  `id` = 2 LIMIT 1 [ RunTime:0.000253s ]
[2023-05-17T10:33:50+08:00][sql] CONNECT:[ UseTime:0.000447s ] mysql:host=localhost;port=3316;dbname=coffee;charset=utf8
[2023-05-17T10:33:50+08:00][sql] SHOW FULL COLUMNS FROM `course` [ RunTime:0.001519s ]
[2023-05-17T10:33:50+08:00][sql] SELECT `id`,`title`,`price`,`days`,`time` FROM `course` WHERE  `is_time` = 1 ORDER BY `sorting` ASC [ RunTime:0.000828s ]
[2023-05-17T10:33:50+08:00][sql] SELECT `id`,`title` FROM `course` WHERE  `status` = 1 [ RunTime:0.000254s ]
[2023-05-17T10:33:50+08:00][sql] SELECT `id`,`title` FROM `course` WHERE  `status` = 2 [ RunTime:0.000225s ]
[2023-05-17T10:33:50+08:00][sql] SHOW FULL COLUMNS FROM `address` [ RunTime:0.000990s ]
[2023-05-17T10:33:50+08:00][sql] SELECT * FROM `address` WHERE  `id` = 1 LIMIT 1 [ RunTime:0.000286s ]
[2023-05-17T10:33:50+08:00][sql] SELECT * FROM `address` WHERE  `id` = 2 LIMIT 1 [ RunTime:0.000245s ]
[2023-05-17T10:33:52+08:00][sql] CONNECT:[ UseTime:0.000386s ] mysql:host=localhost;port=3316;dbname=coffee;charset=utf8
[2023-05-17T10:33:52+08:00][sql] SHOW FULL COLUMNS FROM `course` [ RunTime:0.001513s ]
[2023-05-17T10:33:52+08:00][sql] SELECT * FROM `course` WHERE  `id` = 1 LIMIT 1 [ RunTime:0.003190s ]
[2023-05-17T10:33:52+08:00][sql] SHOW FULL COLUMNS FROM `teacher` [ RunTime:0.001171s ]
[2023-05-17T10:33:52+08:00][sql] SELECT `teacher_name`,`teacher_title`,`teacher_avatar` FROM `teacher` WHERE  `id` = 1 LIMIT 1 [ RunTime:0.000270s ]
[2023-05-17T10:33:52+08:00][sql] SELECT `teacher_name`,`teacher_title`,`teacher_avatar` FROM `teacher` WHERE  `id` = 2 LIMIT 1 [ RunTime:0.000280s ]
[2023-05-17T10:33:52+08:00][sql] SHOW FULL COLUMNS FROM `address` [ RunTime:0.001015s ]
[2023-05-17T10:33:52+08:00][sql] SELECT * FROM `address` WHERE  `id` = 1 LIMIT 1 [ RunTime:0.000280s ]
[2023-05-17T10:33:52+08:00][sql] SELECT * FROM `address` WHERE  `id` = 2 LIMIT 1 [ RunTime:0.000246s ]
[2023-05-17T10:39:04+08:00][sql] CONNECT:[ UseTime:0.000460s ] mysql:host=localhost;port=3316;dbname=coffee;charset=utf8
[2023-05-17T10:39:04+08:00][sql] SHOW FULL COLUMNS FROM `course` [ RunTime:0.001506s ]
[2023-05-17T10:39:04+08:00][sql] SELECT * FROM `course` WHERE  `id` = 6 LIMIT 1 [ RunTime:0.000901s ]
[2023-05-17T10:39:04+08:00][sql] SHOW FULL COLUMNS FROM `teacher` [ RunTime:0.000940s ]
[2023-05-17T10:39:04+08:00][sql] SELECT `teacher_name`,`teacher_title`,`teacher_avatar` FROM `teacher` WHERE  `id` = 1 LIMIT 1 [ RunTime:0.000258s ]
[2023-05-17T10:39:04+08:00][sql] SHOW FULL COLUMNS FROM `address` [ RunTime:0.000935s ]
[2023-05-17T10:39:04+08:00][sql] SELECT * FROM `address` WHERE  `id` = 1 LIMIT 1 [ RunTime:0.000275s ]
[2023-05-17T10:39:04+08:00][sql] SELECT * FROM `address` WHERE  `id` = 2 LIMIT 1 [ RunTime:0.000303s ]
[2023-05-17T10:39:08+08:00][sql] CONNECT:[ UseTime:0.000410s ] mysql:host=localhost;port=3316;dbname=coffee;charset=utf8
[2023-05-17T10:39:08+08:00][sql] SHOW FULL COLUMNS FROM `course` [ RunTime:0.001389s ]
[2023-05-17T10:39:08+08:00][sql] SELECT `id`,`title`,`price`,`days`,`time` FROM `course` WHERE  `is_time` = 1 ORDER BY `sorting` ASC [ RunTime:0.000770s ]
[2023-05-17T10:39:08+08:00][sql] SELECT `id`,`title` FROM `course` WHERE  `status` = 1 [ RunTime:0.000287s ]
[2023-05-17T10:39:08+08:00][sql] SELECT `id`,`title` FROM `course` WHERE  `status` = 2 [ RunTime:0.000235s ]
[2023-05-17T10:39:08+08:00][sql] SHOW FULL COLUMNS FROM `address` [ RunTime:0.000926s ]
[2023-05-17T10:39:08+08:00][sql] SELECT * FROM `address` WHERE  `id` = 1 LIMIT 1 [ RunTime:0.000272s ]
[2023-05-17T10:39:08+08:00][sql] SELECT * FROM `address` WHERE  `id` = 2 LIMIT 1 [ RunTime:0.000255s ]
[2023-05-17T10:39:12+08:00][sql] CONNECT:[ UseTime:0.000433s ] mysql:host=localhost;port=3316;dbname=coffee;charset=utf8
[2023-05-17T10:39:12+08:00][sql] SHOW FULL COLUMNS FROM `course` [ RunTime:0.001339s ]
[2023-05-17T10:39:12+08:00][sql] SELECT * FROM `course` WHERE  `id` = 5 LIMIT 1 [ RunTime:0.000778s ]
[2023-05-17T10:39:12+08:00][sql] SHOW FULL COLUMNS FROM `teacher` [ RunTime:0.000900s ]
[2023-05-17T10:39:12+08:00][sql] SELECT `teacher_name`,`teacher_title`,`teacher_avatar` FROM `teacher` WHERE  `id` = 1 LIMIT 1 [ RunTime:0.000224s ]
[2023-05-17T10:39:12+08:00][sql] SELECT `teacher_name`,`teacher_title`,`teacher_avatar` FROM `teacher` WHERE  `id` = 2 LIMIT 1 [ RunTime:0.000184s ]
[2023-05-17T10:39:12+08:00][sql] SHOW FULL COLUMNS FROM `address` [ RunTime:0.000852s ]
[2023-05-17T10:39:12+08:00][sql] SELECT * FROM `address` WHERE  `id` = 1 LIMIT 1 [ RunTime:0.000221s ]
[2023-05-17T10:39:12+08:00][sql] SELECT * FROM `address` WHERE  `id` = 2 LIMIT 1 [ RunTime:0.000211s ]
[2023-05-17T10:39:27+08:00][sql] CONNECT:[ UseTime:0.000440s ] mysql:host=localhost;port=3316;dbname=coffee;charset=utf8
[2023-05-17T10:39:27+08:00][sql] SHOW FULL COLUMNS FROM `course` [ RunTime:0.001682s ]
[2023-05-17T10:39:27+08:00][sql] SELECT * FROM `course` WHERE  `id` = 6 LIMIT 1 [ RunTime:0.000847s ]
[2023-05-17T10:39:27+08:00][sql] SHOW FULL COLUMNS FROM `teacher` [ RunTime:0.001107s ]
[2023-05-17T10:39:27+08:00][sql] SELECT `teacher_name`,`teacher_title`,`teacher_avatar` FROM `teacher` WHERE  `id` = 1 LIMIT 1 [ RunTime:0.000241s ]
[2023-05-17T10:39:27+08:00][sql] SHOW FULL COLUMNS FROM `address` [ RunTime:0.001037s ]
[2023-05-17T10:39:27+08:00][sql] SELECT * FROM `address` WHERE  `id` = 1 LIMIT 1 [ RunTime:0.000250s ]
[2023-05-17T10:39:27+08:00][sql] SELECT * FROM `address` WHERE  `id` = 2 LIMIT 1 [ RunTime:0.000206s ]
[2023-05-17T10:39:32+08:00][sql] CONNECT:[ UseTime:0.000368s ] mysql:host=localhost;port=3316;dbname=coffee;charset=utf8
[2023-05-17T10:39:32+08:00][sql] SHOW FULL COLUMNS FROM `course` [ RunTime:0.001442s ]
[2023-05-17T10:39:32+08:00][sql] SELECT * FROM `course` WHERE  `id` = 6 LIMIT 1 [ RunTime:0.000765s ]
[2023-05-17T10:39:32+08:00][sql] SHOW FULL COLUMNS FROM `teacher` [ RunTime:0.000906s ]
[2023-05-17T10:39:32+08:00][sql] SELECT `teacher_name`,`teacher_title`,`teacher_avatar` FROM `teacher` WHERE  `id` = 1 LIMIT 1 [ RunTime:0.000233s ]
[2023-05-17T10:39:32+08:00][sql] SHOW FULL COLUMNS FROM `address` [ RunTime:0.000909s ]
[2023-05-17T10:39:32+08:00][sql] SELECT * FROM `address` WHERE  `id` = 1 LIMIT 1 [ RunTime:0.000243s ]
[2023-05-17T10:39:32+08:00][sql] SELECT * FROM `address` WHERE  `id` = 2 LIMIT 1 [ RunTime:0.000224s ]
[2023-05-17T10:39:34+08:00][sql] CONNECT:[ UseTime:0.000510s ] mysql:host=localhost;port=3316;dbname=coffee;charset=utf8
[2023-05-17T10:39:34+08:00][sql] SHOW FULL COLUMNS FROM `course` [ RunTime:0.002026s ]
[2023-05-17T10:39:34+08:00][sql] SELECT `id`,`title`,`price`,`days`,`time` FROM `course` WHERE  `is_time` = 1 ORDER BY `sorting` ASC [ RunTime:0.000872s ]
[2023-05-17T10:39:34+08:00][sql] SELECT `id`,`title` FROM `course` WHERE  `status` = 1 [ RunTime:0.000250s ]
[2023-05-17T10:39:34+08:00][sql] SELECT `id`,`title` FROM `course` WHERE  `status` = 2 [ RunTime:0.000223s ]
[2023-05-17T10:39:34+08:00][sql] SHOW FULL COLUMNS FROM `address` [ RunTime:0.001312s ]
[2023-05-17T10:39:34+08:00][sql] SELECT * FROM `address` WHERE  `id` = 1 LIMIT 1 [ RunTime:0.000311s ]
[2023-05-17T10:39:34+08:00][sql] SELECT * FROM `address` WHERE  `id` = 2 LIMIT 1 [ RunTime:0.000239s ]
[2023-05-17T10:39:42+08:00][sql] CONNECT:[ UseTime:0.001321s ] mysql:host=localhost;port=3316;dbname=coffee;charset=utf8
[2023-05-17T10:39:42+08:00][sql] SHOW FULL COLUMNS FROM `course` [ RunTime:0.001471s ]
[2023-05-17T10:39:42+08:00][sql] SELECT * FROM `course` WHERE  `id` = 1 LIMIT 1 [ RunTime:0.001038s ]
[2023-05-17T10:39:42+08:00][sql] SHOW FULL COLUMNS FROM `teacher` [ RunTime:0.001960s ]
[2023-05-17T10:39:42+08:00][sql] SELECT `teacher_name`,`teacher_title`,`teacher_avatar` FROM `teacher` WHERE  `id` = 1 LIMIT 1 [ RunTime:0.000280s ]
[2023-05-17T10:39:42+08:00][sql] SELECT `teacher_name`,`teacher_title`,`teacher_avatar` FROM `teacher` WHERE  `id` = 2 LIMIT 1 [ RunTime:0.000232s ]
[2023-05-17T10:39:42+08:00][sql] SHOW FULL COLUMNS FROM `address` [ RunTime:0.000960s ]
[2023-05-17T10:39:42+08:00][sql] SELECT * FROM `address` WHERE  `id` = 1 LIMIT 1 [ RunTime:0.000276s ]
[2023-05-17T10:39:42+08:00][sql] SELECT * FROM `address` WHERE  `id` = 2 LIMIT 1 [ RunTime:0.000337s ]
[2023-05-17T12:20:14+08:00][sql] CONNECT:[ UseTime:0.000391s ] mysql:host=localhost;port=3316;dbname=coffee;charset=utf8
[2023-05-17T12:20:14+08:00][sql] SHOW FULL COLUMNS FROM `course` [ RunTime:0.001393s ]
[2023-05-17T12:20:14+08:00][sql] SELECT * FROM `course` WHERE  `id` = 1 LIMIT 1 [ RunTime:0.000310s ]
[2023-05-17T12:20:14+08:00][sql] SHOW FULL COLUMNS FROM `teacher` [ RunTime:0.000907s ]
[2023-05-17T12:20:14+08:00][sql] SELECT `teacher_name`,`teacher_title`,`teacher_avatar` FROM `teacher` WHERE  `id` = 1 LIMIT 1 [ RunTime:0.000221s ]
[2023-05-17T12:20:14+08:00][sql] SELECT `teacher_name`,`teacher_title`,`teacher_avatar` FROM `teacher` WHERE  `id` = 2 LIMIT 1 [ RunTime:0.000225s ]
[2023-05-17T12:20:14+08:00][sql] SHOW FULL COLUMNS FROM `address` [ RunTime:0.000896s ]
[2023-05-17T12:20:14+08:00][sql] SELECT * FROM `address` WHERE  `id` = 1 LIMIT 1 [ RunTime:0.000231s ]
[2023-05-17T12:20:14+08:00][sql] SELECT * FROM `address` WHERE  `id` = 2 LIMIT 1 [ RunTime:0.000206s ]
[2023-05-17T13:50:15+08:00][sql] CONNECT:[ UseTime:0.000413s ] mysql:host=localhost;port=3316;dbname=coffee;charset=utf8
[2023-05-17T13:50:15+08:00][sql] SHOW FULL COLUMNS FROM `course` [ RunTime:0.001388s ]
[2023-05-17T13:50:15+08:00][sql] SELECT * FROM `course` WHERE  `id` = 4 LIMIT 1 [ RunTime:0.000282s ]
[2023-05-17T13:50:15+08:00][sql] SHOW FULL COLUMNS FROM `teacher` [ RunTime:0.000917s ]
[2023-05-17T13:50:15+08:00][sql] SELECT `teacher_name`,`teacher_title`,`teacher_avatar` FROM `teacher` WHERE  `id` = 2 LIMIT 1 [ RunTime:0.000213s ]
[2023-05-17T13:50:15+08:00][sql] SHOW FULL COLUMNS FROM `address` [ RunTime:0.001523s ]
[2023-05-17T13:50:15+08:00][sql] SELECT * FROM `address` WHERE  `id` = 1 LIMIT 1 [ RunTime:0.000283s ]
[2023-05-17T13:50:15+08:00][sql] SELECT * FROM `address` WHERE  `id` = 2 LIMIT 1 [ RunTime:0.000474s ]
[2023-05-17T13:58:22+08:00][sql] CONNECT:[ UseTime:0.000438s ] mysql:host=localhost;port=3316;dbname=coffee;charset=utf8
[2023-05-17T13:58:22+08:00][sql] SHOW FULL COLUMNS FROM `course` [ RunTime:0.001539s ]
[2023-05-17T13:58:22+08:00][sql] SELECT * FROM `course` WHERE  `id` = 1 LIMIT 1 [ RunTime:0.002995s ]
[2023-05-17T13:58:22+08:00][sql] SHOW FULL COLUMNS FROM `teacher` [ RunTime:0.001111s ]
[2023-05-17T13:58:22+08:00][sql] SELECT `teacher_name`,`teacher_title`,`teacher_avatar` FROM `teacher` WHERE  `id` = 1 LIMIT 1 [ RunTime:0.000281s ]
[2023-05-17T13:58:22+08:00][sql] SELECT `teacher_name`,`teacher_title`,`teacher_avatar` FROM `teacher` WHERE  `id` = 2 LIMIT 1 [ RunTime:0.000231s ]
[2023-05-17T13:58:22+08:00][sql] SHOW FULL COLUMNS FROM `address` [ RunTime:0.000940s ]
[2023-05-17T13:58:22+08:00][sql] SELECT * FROM `address` WHERE  `id` = 1 LIMIT 1 [ RunTime:0.000303s ]
[2023-05-17T13:58:22+08:00][sql] SELECT * FROM `address` WHERE  `id` = 2 LIMIT 1 [ RunTime:0.000248s ]
[2023-05-17T15:47:46+08:00][sql] CONNECT:[ UseTime:0.000401s ] mysql:host=localhost;port=3316;dbname=coffee;charset=utf8
[2023-05-17T15:47:46+08:00][sql] SHOW FULL COLUMNS FROM `course` [ RunTime:0.001409s ]
[2023-05-17T15:47:46+08:00][sql] SELECT `id`,`title`,`price`,`days`,`time` FROM `course` WHERE  `is_time` = 1 ORDER BY `sorting` ASC [ RunTime:0.000766s ]
[2023-05-17T15:47:46+08:00][sql] SELECT `id`,`title` FROM `course` WHERE  `status` = 1 [ RunTime:0.000273s ]
[2023-05-17T15:47:46+08:00][sql] SELECT `id`,`title` FROM `course` WHERE  `status` = 2 [ RunTime:0.000191s ]
[2023-05-17T15:47:46+08:00][sql] SHOW FULL COLUMNS FROM `address` [ RunTime:0.000929s ]
[2023-05-17T15:47:46+08:00][sql] SELECT * FROM `address` WHERE  `id` = 1 LIMIT 1 [ RunTime:0.000244s ]
[2023-05-17T15:47:46+08:00][sql] SELECT * FROM `address` WHERE  `id` = 2 LIMIT 1 [ RunTime:0.000236s ]
[2023-05-17T17:29:46+08:00][sql] CONNECT:[ UseTime:0.000409s ] mysql:host=localhost;port=3316;dbname=coffee;charset=utf8
[2023-05-17T17:29:46+08:00][sql] SHOW FULL COLUMNS FROM `course` [ RunTime:0.001597s ]
[2023-05-17T17:29:46+08:00][sql] SELECT * FROM `course` WHERE  `id` = 4 LIMIT 1 [ RunTime:0.000363s ]
[2023-05-17T17:29:46+08:00][sql] SHOW FULL COLUMNS FROM `teacher` [ RunTime:0.002110s ]
[2023-05-17T17:29:46+08:00][sql] SELECT `teacher_name`,`teacher_title`,`teacher_avatar` FROM `teacher` WHERE  `id` = 2 LIMIT 1 [ RunTime:0.000235s ]
[2023-05-17T17:29:46+08:00][sql] SHOW FULL COLUMNS FROM `address` [ RunTime:0.000988s ]
[2023-05-17T17:29:46+08:00][sql] SELECT * FROM `address` WHERE  `id` = 1 LIMIT 1 [ RunTime:0.000266s ]
[2023-05-17T17:29:46+08:00][sql] SELECT * FROM `address` WHERE  `id` = 2 LIMIT 1 [ RunTime:0.000215s ]
[2023-05-17T17:53:02+08:00][sql] CONNECT:[ UseTime:0.000456s ] mysql:host=localhost;port=3316;dbname=coffee;charset=utf8
[2023-05-17T17:53:02+08:00][sql] SHOW FULL COLUMNS FROM `course` [ RunTime:0.001392s ]
[2023-05-17T17:53:02+08:00][sql] SELECT * FROM `course` WHERE  `id` = 6 LIMIT 1 [ RunTime:0.000816s ]
[2023-05-17T17:53:02+08:00][sql] SHOW FULL COLUMNS FROM `teacher` [ RunTime:0.000986s ]
[2023-05-17T17:53:02+08:00][sql] SELECT `teacher_name`,`teacher_title`,`teacher_avatar` FROM `teacher` WHERE  `id` = 1 LIMIT 1 [ RunTime:0.000267s ]
[2023-05-17T17:53:02+08:00][sql] SHOW FULL COLUMNS FROM `address` [ RunTime:0.000906s ]
[2023-05-17T17:53:02+08:00][sql] SELECT * FROM `address` WHERE  `id` = 1 LIMIT 1 [ RunTime:0.000291s ]
[2023-05-17T17:53:02+08:00][sql] SELECT * FROM `address` WHERE  `id` = 2 LIMIT 1 [ RunTime:0.000249s ]
[2023-05-17T17:53:51+08:00][sql] CONNECT:[ UseTime:0.000375s ] mysql:host=localhost;port=3316;dbname=coffee;charset=utf8
[2023-05-17T17:53:51+08:00][sql] SHOW FULL COLUMNS FROM `course` [ RunTime:0.001414s ]
[2023-05-17T17:53:51+08:00][sql] SELECT * FROM `course` WHERE  `id` = 7 LIMIT 1 [ RunTime:0.000280s ]
[2023-05-17T17:53:51+08:00][sql] SHOW FULL COLUMNS FROM `teacher` [ RunTime:0.000898s ]
[2023-05-17T17:53:51+08:00][sql] SELECT `teacher_name`,`teacher_title`,`teacher_avatar` FROM `teacher` WHERE  `id` = 1 LIMIT 1 [ RunTime:0.000229s ]
[2023-05-17T17:53:51+08:00][sql] SHOW FULL COLUMNS FROM `address` [ RunTime:0.000904s ]
[2023-05-17T17:53:51+08:00][sql] SELECT * FROM `address` WHERE  `id` = 1 LIMIT 1 [ RunTime:0.000238s ]
[2023-05-17T17:53:51+08:00][sql] SELECT * FROM `address` WHERE  `id` = 2 LIMIT 1 [ RunTime:0.000216s ]
[2023-05-17T17:55:54+08:00][sql] CONNECT:[ UseTime:0.000403s ] mysql:host=localhost;port=3316;dbname=coffee;charset=utf8
[2023-05-17T17:55:54+08:00][sql] SHOW FULL COLUMNS FROM `course` [ RunTime:0.001394s ]
[2023-05-17T17:55:54+08:00][sql] SELECT `id`,`title`,`price`,`days`,`time` FROM `course` WHERE  `is_time` = 1 ORDER BY `sorting` ASC [ RunTime:0.000360s ]
[2023-05-17T17:55:54+08:00][sql] SELECT `id`,`title` FROM `course` WHERE  `status` = 1 [ RunTime:0.000252s ]
[2023-05-17T17:55:54+08:00][sql] SELECT `id`,`title` FROM `course` WHERE  `status` = 2 [ RunTime:0.000228s ]
[2023-05-17T17:55:54+08:00][sql] SHOW FULL COLUMNS FROM `address` [ RunTime:0.000976s ]
[2023-05-17T17:55:54+08:00][sql] SELECT * FROM `address` WHERE  `id` = 1 LIMIT 1 [ RunTime:0.000308s ]
[2023-05-17T17:55:54+08:00][sql] SELECT * FROM `address` WHERE  `id` = 2 LIMIT 1 [ RunTime:0.000331s ]
[2023-05-17T17:56:09+08:00][sql] CONNECT:[ UseTime:0.000377s ] mysql:host=localhost;port=3316;dbname=coffee;charset=utf8
[2023-05-17T17:56:09+08:00][sql] SHOW FULL COLUMNS FROM `course` [ RunTime:0.001521s ]
[2023-05-17T17:56:09+08:00][sql] SELECT * FROM `course` WHERE  `id` = 7 LIMIT 1 [ RunTime:0.000787s ]
[2023-05-17T17:56:09+08:00][sql] SHOW FULL COLUMNS FROM `teacher` [ RunTime:0.000923s ]
[2023-05-17T17:56:09+08:00][sql] SELECT `teacher_name`,`teacher_title`,`teacher_avatar` FROM `teacher` WHERE  `id` = 1 LIMIT 1 [ RunTime:0.000241s ]
[2023-05-17T17:56:09+08:00][sql] SHOW FULL COLUMNS FROM `address` [ RunTime:0.000896s ]
[2023-05-17T17:56:09+08:00][sql] SELECT * FROM `address` WHERE  `id` = 1 LIMIT 1 [ RunTime:0.000241s ]
[2023-05-17T17:56:09+08:00][sql] SELECT * FROM `address` WHERE  `id` = 2 LIMIT 1 [ RunTime:0.000224s ]
[2023-05-17T17:59:10+08:00][sql] CONNECT:[ UseTime:0.000382s ] mysql:host=localhost;port=3316;dbname=coffee;charset=utf8
[2023-05-17T17:59:10+08:00][sql] SHOW FULL COLUMNS FROM `course` [ RunTime:0.001449s ]
[2023-05-17T17:59:10+08:00][sql] SELECT * FROM `course` WHERE  `id` = 7 LIMIT 1 [ RunTime:0.000314s ]
[2023-05-17T17:59:10+08:00][sql] SHOW FULL COLUMNS FROM `teacher` [ RunTime:0.000940s ]
[2023-05-17T17:59:10+08:00][sql] SELECT `teacher_name`,`teacher_title`,`teacher_avatar` FROM `teacher` WHERE  `id` = 1 LIMIT 1 [ RunTime:0.000233s ]
[2023-05-17T17:59:10+08:00][sql] SHOW FULL COLUMNS FROM `address` [ RunTime:0.000886s ]
[2023-05-17T17:59:10+08:00][sql] SELECT * FROM `address` WHERE  `id` = 1 LIMIT 1 [ RunTime:0.000235s ]
[2023-05-17T17:59:10+08:00][sql] SELECT * FROM `address` WHERE  `id` = 2 LIMIT 1 [ RunTime:0.000276s ]
[2023-05-17T17:59:28+08:00][sql] CONNECT:[ UseTime:0.000435s ] mysql:host=localhost;port=3316;dbname=coffee;charset=utf8
[2023-05-17T17:59:28+08:00][sql] SHOW FULL COLUMNS FROM `course` [ RunTime:0.002075s ]
[2023-05-17T17:59:28+08:00][sql] SELECT * FROM `course` WHERE  `id` = 6 LIMIT 1 [ RunTime:0.000926s ]
[2023-05-17T17:59:28+08:00][sql] SHOW FULL COLUMNS FROM `teacher` [ RunTime:0.001274s ]
[2023-05-17T17:59:28+08:00][sql] SELECT `teacher_name`,`teacher_title`,`teacher_avatar` FROM `teacher` WHERE  `id` = 1 LIMIT 1 [ RunTime:0.000241s ]
[2023-05-17T17:59:28+08:00][sql] SHOW FULL COLUMNS FROM `address` [ RunTime:0.001059s ]
[2023-05-17T17:59:28+08:00][sql] SELECT * FROM `address` WHERE  `id` = 1 LIMIT 1 [ RunTime:0.000286s ]
[2023-05-17T17:59:28+08:00][sql] SELECT * FROM `address` WHERE  `id` = 2 LIMIT 1 [ RunTime:0.000282s ]
[2023-05-17T18:48:47+08:00][sql] CONNECT:[ UseTime:0.000377s ] mysql:host=localhost;port=3316;dbname=coffee;charset=utf8
[2023-05-17T18:48:47+08:00][sql] SHOW FULL COLUMNS FROM `course` [ RunTime:0.001355s ]
[2023-05-17T18:48:47+08:00][sql] SELECT `id`,`title`,`price`,`days`,`time` FROM `course` WHERE  `is_time` = 1 ORDER BY `sorting` ASC [ RunTime:0.000746s ]
[2023-05-17T18:48:47+08:00][sql] SELECT `id`,`title` FROM `course` WHERE  `status` = 1 [ RunTime:0.000221s ]
[2023-05-17T18:48:47+08:00][sql] SELECT `id`,`title` FROM `course` WHERE  `status` = 2 [ RunTime:0.000216s ]
[2023-05-17T18:48:47+08:00][sql] SHOW FULL COLUMNS FROM `address` [ RunTime:0.000919s ]
[2023-05-17T18:48:47+08:00][sql] SELECT * FROM `address` WHERE  `id` = 1 LIMIT 1 [ RunTime:0.000254s ]
[2023-05-17T18:48:47+08:00][sql] SELECT * FROM `address` WHERE  `id` = 2 LIMIT 1 [ RunTime:0.000218s ]
[2023-05-17T18:53:42+08:00][sql] CONNECT:[ UseTime:0.000515s ] mysql:host=localhost;port=3316;dbname=coffee;charset=utf8
[2023-05-17T18:53:42+08:00][sql] SHOW FULL COLUMNS FROM `course` [ RunTime:0.001387s ]
[2023-05-17T18:53:42+08:00][sql] SELECT * FROM `course` WHERE  `id` = 4 LIMIT 1 [ RunTime:0.000356s ]
[2023-05-17T18:53:42+08:00][sql] SHOW FULL COLUMNS FROM `teacher` [ RunTime:0.001009s ]
[2023-05-17T18:53:42+08:00][sql] SELECT `teacher_name`,`teacher_title`,`teacher_avatar` FROM `teacher` WHERE  `id` = 2 LIMIT 1 [ RunTime:0.000289s ]
[2023-05-17T18:53:42+08:00][sql] SHOW FULL COLUMNS FROM `address` [ RunTime:0.000951s ]
[2023-05-17T18:53:42+08:00][sql] SELECT * FROM `address` WHERE  `id` = 1 LIMIT 1 [ RunTime:0.000301s ]
[2023-05-17T18:53:42+08:00][sql] SELECT * FROM `address` WHERE  `id` = 2 LIMIT 1 [ RunTime:0.000308s ]
[2023-05-17T19:00:35+08:00][sql] CONNECT:[ UseTime:0.000393s ] mysql:host=localhost;port=3316;dbname=coffee;charset=utf8
[2023-05-17T19:00:35+08:00][sql] SHOW FULL COLUMNS FROM `course` [ RunTime:0.001347s ]
[2023-05-17T19:00:35+08:00][sql] SELECT * FROM `course` WHERE  `id` = 4 LIMIT 1 [ RunTime:0.000323s ]
[2023-05-17T19:00:35+08:00][sql] SHOW FULL COLUMNS FROM `teacher` [ RunTime:0.000945s ]
[2023-05-17T19:00:35+08:00][sql] SELECT `teacher_name`,`teacher_title`,`teacher_avatar` FROM `teacher` WHERE  `id` = 2 LIMIT 1 [ RunTime:0.000270s ]
[2023-05-17T19:00:35+08:00][sql] SHOW FULL COLUMNS FROM `address` [ RunTime:0.000915s ]
[2023-05-17T19:00:35+08:00][sql] SELECT * FROM `address` WHERE  `id` = 1 LIMIT 1 [ RunTime:0.000342s ]
[2023-05-17T19:00:35+08:00][sql] SELECT * FROM `address` WHERE  `id` = 2 LIMIT 1 [ RunTime:0.000319s ]
[2023-05-17T21:57:22+08:00][sql] CONNECT:[ UseTime:0.000446s ] mysql:host=localhost;port=3316;dbname=coffee;charset=utf8
[2023-05-17T21:57:22+08:00][sql] SHOW FULL COLUMNS FROM `course` [ RunTime:0.001537s ]
[2023-05-17T21:57:22+08:00][sql] SELECT * FROM `course` WHERE  `id` = 1 LIMIT 1 [ RunTime:0.000357s ]
[2023-05-17T21:57:22+08:00][sql] SHOW FULL COLUMNS FROM `teacher` [ RunTime:0.000952s ]
[2023-05-17T21:57:22+08:00][sql] SELECT `teacher_name`,`teacher_title`,`teacher_avatar` FROM `teacher` WHERE  `id` = 1 LIMIT 1 [ RunTime:0.008713s ]
[2023-05-17T21:57:22+08:00][sql] SELECT `teacher_name`,`teacher_title`,`teacher_avatar` FROM `teacher` WHERE  `id` = 2 LIMIT 1 [ RunTime:0.000258s ]
[2023-05-17T21:57:22+08:00][sql] SHOW FULL COLUMNS FROM `address` [ RunTime:0.001229s ]
[2023-05-17T21:57:22+08:00][sql] SELECT * FROM `address` WHERE  `id` = 1 LIMIT 1 [ RunTime:0.000324s ]
[2023-05-17T21:57:22+08:00][sql] SELECT * FROM `address` WHERE  `id` = 2 LIMIT 1 [ RunTime:0.000269s ]
[2023-05-17T21:57:23+08:00][sql] CONNECT:[ UseTime:0.000389s ] mysql:host=localhost;port=3316;dbname=coffee;charset=utf8
[2023-05-17T21:57:23+08:00][sql] SHOW FULL COLUMNS FROM `course` [ RunTime:0.001501s ]
[2023-05-17T21:57:23+08:00][sql] SELECT * FROM `course` WHERE  `id` = 2 LIMIT 1 [ RunTime:0.000816s ]
[2023-05-17T21:57:23+08:00][sql] SHOW FULL COLUMNS FROM `teacher` [ RunTime:0.000952s ]
[2023-05-17T21:57:23+08:00][sql] SELECT `teacher_name`,`teacher_title`,`teacher_avatar` FROM `teacher` WHERE  `id` = 3 LIMIT 1 [ RunTime:0.000259s ]
[2023-05-17T21:57:23+08:00][sql] SHOW FULL COLUMNS FROM `address` [ RunTime:0.000917s ]
[2023-05-17T21:57:23+08:00][sql] SELECT * FROM `address` WHERE  `id` = 1 LIMIT 1 [ RunTime:0.000297s ]
[2023-05-17T21:57:23+08:00][sql] SELECT * FROM `address` WHERE  `id` = 2 LIMIT 1 [ RunTime:0.000236s ]
[2023-05-17T21:57:24+08:00][sql] CONNECT:[ UseTime:0.000468s ] mysql:host=localhost;port=3316;dbname=coffee;charset=utf8
[2023-05-17T21:57:24+08:00][sql] SHOW FULL COLUMNS FROM `course` [ RunTime:0.001405s ]
[2023-05-17T21:57:24+08:00][sql] SELECT * FROM `course` WHERE  `id` = 6 LIMIT 1 [ RunTime:0.000833s ]
[2023-05-17T21:57:24+08:00][sql] SHOW FULL COLUMNS FROM `teacher` [ RunTime:0.000951s ]
[2023-05-17T21:57:24+08:00][sql] SELECT `teacher_name`,`teacher_title`,`teacher_avatar` FROM `teacher` WHERE  `id` = 1 LIMIT 1 [ RunTime:0.000262s ]
[2023-05-17T21:57:24+08:00][sql] SHOW FULL COLUMNS FROM `address` [ RunTime:0.000988s ]
[2023-05-17T21:57:24+08:00][sql] SELECT * FROM `address` WHERE  `id` = 1 LIMIT 1 [ RunTime:0.000469s ]
[2023-05-17T21:57:24+08:00][sql] SELECT * FROM `address` WHERE  `id` = 2 LIMIT 1 [ RunTime:0.000269s ]
[2023-05-17T21:57:30+08:00][sql] CONNECT:[ UseTime:0.000398s ] mysql:host=localhost;port=3316;dbname=coffee;charset=utf8
[2023-05-17T21:57:30+08:00][sql] SHOW FULL COLUMNS FROM `course` [ RunTime:0.001413s ]
[2023-05-17T21:57:30+08:00][sql] SELECT * FROM `course` WHERE  `id` = 5 LIMIT 1 [ RunTime:0.000335s ]
[2023-05-17T21:57:30+08:00][sql] SHOW FULL COLUMNS FROM `teacher` [ RunTime:0.001009s ]
[2023-05-17T21:57:30+08:00][sql] SELECT `teacher_name`,`teacher_title`,`teacher_avatar` FROM `teacher` WHERE  `id` = 1 LIMIT 1 [ RunTime:0.000254s ]
[2023-05-17T21:57:30+08:00][sql] SELECT `teacher_name`,`teacher_title`,`teacher_avatar` FROM `teacher` WHERE  `id` = 2 LIMIT 1 [ RunTime:0.000247s ]
[2023-05-17T21:57:30+08:00][sql] SHOW FULL COLUMNS FROM `address` [ RunTime:0.000999s ]
[2023-05-17T21:57:30+08:00][sql] SELECT * FROM `address` WHERE  `id` = 1 LIMIT 1 [ RunTime:0.000281s ]
[2023-05-17T21:57:30+08:00][sql] SELECT * FROM `address` WHERE  `id` = 2 LIMIT 1 [ RunTime:0.000269s ]
[2023-05-17T21:58:53+08:00][sql] CONNECT:[ UseTime:0.000374s ] mysql:host=localhost;port=3316;dbname=coffee;charset=utf8
[2023-05-17T21:58:53+08:00][sql] SHOW FULL COLUMNS FROM `course` [ RunTime:0.001511s ]
[2023-05-17T21:58:53+08:00][sql] SELECT * FROM `course` WHERE  `id` = 1 LIMIT 1 [ RunTime:0.000308s ]
[2023-05-17T21:58:53+08:00][sql] SHOW FULL COLUMNS FROM `teacher` [ RunTime:0.000989s ]
[2023-05-17T21:58:53+08:00][sql] SELECT `teacher_name`,`teacher_title`,`teacher_avatar` FROM `teacher` WHERE  `id` = 1 LIMIT 1 [ RunTime:0.000226s ]
[2023-05-17T21:58:53+08:00][sql] SELECT `teacher_name`,`teacher_title`,`teacher_avatar` FROM `teacher` WHERE  `id` = 2 LIMIT 1 [ RunTime:0.000213s ]
[2023-05-17T21:58:53+08:00][sql] SHOW FULL COLUMNS FROM `address` [ RunTime:0.000881s ]
[2023-05-17T21:58:53+08:00][sql] SELECT * FROM `address` WHERE  `id` = 1 LIMIT 1 [ RunTime:0.000230s ]
[2023-05-17T21:58:53+08:00][sql] SELECT * FROM `address` WHERE  `id` = 2 LIMIT 1 [ RunTime:0.000204s ]
[2023-05-17T22:07:04+08:00][sql] CONNECT:[ UseTime:0.000473s ] mysql:host=localhost;port=3316;dbname=coffee;charset=utf8
[2023-05-17T22:07:04+08:00][sql] SHOW FULL COLUMNS FROM `course` [ RunTime:0.001446s ]
[2023-05-17T22:07:04+08:00][sql] SELECT * FROM `course` WHERE  `id` = 2 LIMIT 1 [ RunTime:0.000310s ]
[2023-05-17T22:07:04+08:00][sql] SHOW FULL COLUMNS FROM `teacher` [ RunTime:0.000945s ]
[2023-05-17T22:07:04+08:00][sql] SELECT `teacher_name`,`teacher_title`,`teacher_avatar` FROM `teacher` WHERE  `id` = 3 LIMIT 1 [ RunTime:0.000222s ]
[2023-05-17T22:07:04+08:00][sql] SHOW FULL COLUMNS FROM `address` [ RunTime:0.000895s ]
[2023-05-17T22:07:04+08:00][sql] SELECT * FROM `address` WHERE  `id` = 1 LIMIT 1 [ RunTime:0.000242s ]
[2023-05-17T22:07:04+08:00][sql] SELECT * FROM `address` WHERE  `id` = 2 LIMIT 1 [ RunTime:0.000214s ]
