[2023-05-24T00:35:20+08:00][sql] CONNECT:[ UseTime:0.000397s ] mysql:host=localhost;port=3316;dbname=coffee;charset=utf8
[2023-05-24T00:35:20+08:00][sql] SHOW FULL COLUMNS FROM `course` [ RunTime:0.001402s ]
[2023-05-24T00:35:20+08:00][sql] SELECT * FROM `course` WHERE  `id` = 5 LIMIT 1 [ RunTime:0.000813s ]
[2023-05-24T00:35:20+08:00][sql] SHOW FULL COLUMNS FROM `teacher` [ RunTime:0.000950s ]
[2023-05-24T00:35:20+08:00][sql] SELECT `teacher_name`,`teacher_title`,`teacher_avatar` FROM `teacher` WHERE  `id` = 1 LIMIT 1 [ RunTime:0.000269s ]
[2023-05-24T00:35:20+08:00][sql] SELECT `teacher_name`,`teacher_title`,`teacher_avatar` FROM `teacher` WHERE  `id` = 2 LIMIT 1 [ RunTime:0.000238s ]
[2023-05-24T00:35:20+08:00][sql] SHOW FULL COLUMNS FROM `address` [ RunTime:0.000916s ]
[2023-05-24T00:35:20+08:00][sql] SELECT * FROM `address` WHERE  `id` = 1 LIMIT 1 [ RunTime:0.000267s ]
[2023-05-24T00:35:20+08:00][sql] SELECT * FROM `address` WHERE  `id` = 2 LIMIT 1 [ RunTime:0.000246s ]
[2023-05-24T02:40:40+08:00][sql] CONNECT:[ UseTime:0.000388s ] mysql:host=localhost;port=3316;dbname=coffee;charset=utf8
[2023-05-24T02:40:40+08:00][sql] SHOW FULL COLUMNS FROM `course` [ RunTime:0.001207s ]
[2023-05-24T02:40:40+08:00][sql] SELECT * FROM `course` WHERE  `id` = 1 LIMIT 1 [ RunTime:0.000798s ]
[2023-05-24T02:40:40+08:00][sql] SHOW FULL COLUMNS FROM `teacher` [ RunTime:0.000954s ]
[2023-05-24T02:40:40+08:00][sql] SELECT `teacher_name`,`teacher_title`,`teacher_avatar` FROM `teacher` WHERE  `id` = 1 LIMIT 1 [ RunTime:0.000723s ]
[2023-05-24T02:40:40+08:00][sql] SELECT `teacher_name`,`teacher_title`,`teacher_avatar` FROM `teacher` WHERE  `id` = 2 LIMIT 1 [ RunTime:0.000239s ]
[2023-05-24T02:40:40+08:00][sql] SHOW FULL COLUMNS FROM `address` [ RunTime:0.000948s ]
[2023-05-24T02:40:40+08:00][sql] SELECT * FROM `address` WHERE  `id` = 1 LIMIT 1 [ RunTime:0.000283s ]
[2023-05-24T02:40:40+08:00][sql] SELECT * FROM `address` WHERE  `id` = 2 LIMIT 1 [ RunTime:0.000270s ]
[2023-05-24T02:40:40+08:00][sql] CONNECT:[ UseTime:0.000552s ] mysql:host=localhost;port=3316;dbname=coffee;charset=utf8
[2023-05-24T02:40:40+08:00][sql] SHOW FULL COLUMNS FROM `course` [ RunTime:0.001575s ]
[2023-05-24T02:40:40+08:00][sql] SELECT * FROM `course` WHERE  `id` = 2 LIMIT 1 [ RunTime:0.000937s ]
[2023-05-24T02:40:40+08:00][sql] SHOW FULL COLUMNS FROM `teacher` [ RunTime:0.001156s ]
[2023-05-24T02:40:40+08:00][sql] SELECT `teacher_name`,`teacher_title`,`teacher_avatar` FROM `teacher` WHERE  `id` = 3 LIMIT 1 [ RunTime:0.000276s ]
[2023-05-24T02:40:40+08:00][sql] SHOW FULL COLUMNS FROM `address` [ RunTime:0.000999s ]
[2023-05-24T02:40:40+08:00][sql] SELECT * FROM `address` WHERE  `id` = 1 LIMIT 1 [ RunTime:0.000238s ]
[2023-05-24T02:40:40+08:00][sql] SELECT * FROM `address` WHERE  `id` = 2 LIMIT 1 [ RunTime:0.000295s ]
[2023-05-24T02:40:40+08:00][sql] CONNECT:[ UseTime:0.000465s ] mysql:host=localhost;port=3316;dbname=coffee;charset=utf8
[2023-05-24T02:40:40+08:00][sql] SHOW FULL COLUMNS FROM `course` [ RunTime:0.001362s ]
[2023-05-24T02:40:40+08:00][sql] SELECT * FROM `course` WHERE  `id` = 4 LIMIT 1 [ RunTime:0.000799s ]
[2023-05-24T02:40:40+08:00][sql] SHOW FULL COLUMNS FROM `teacher` [ RunTime:0.001148s ]
[2023-05-24T02:40:40+08:00][sql] SELECT `teacher_name`,`teacher_title`,`teacher_avatar` FROM `teacher` WHERE  `id` = 2 LIMIT 1 [ RunTime:0.000311s ]
[2023-05-24T02:40:40+08:00][sql] SHOW FULL COLUMNS FROM `address` [ RunTime:0.000933s ]
[2023-05-24T02:40:40+08:00][sql] SELECT * FROM `address` WHERE  `id` = 1 LIMIT 1 [ RunTime:0.000239s ]
[2023-05-24T02:40:40+08:00][sql] SELECT * FROM `address` WHERE  `id` = 2 LIMIT 1 [ RunTime:0.000210s ]
[2023-05-24T02:40:40+08:00][sql] CONNECT:[ UseTime:0.000255s ] mysql:host=localhost;port=3316;dbname=coffee;charset=utf8
[2023-05-24T02:40:40+08:00][sql] SHOW FULL COLUMNS FROM `course` [ RunTime:0.001188s ]
[2023-05-24T02:40:40+08:00][sql] SELECT * FROM `course` WHERE  `id` = 6 LIMIT 1 [ RunTime:0.000790s ]
[2023-05-24T02:40:40+08:00][sql] SHOW FULL COLUMNS FROM `teacher` [ RunTime:0.000893s ]
[2023-05-24T02:40:40+08:00][sql] SELECT `teacher_name`,`teacher_title`,`teacher_avatar` FROM `teacher` WHERE  `id` = 1 LIMIT 1 [ RunTime:0.000227s ]
[2023-05-24T02:40:40+08:00][sql] SHOW FULL COLUMNS FROM `address` [ RunTime:0.000905s ]
[2023-05-24T02:40:40+08:00][sql] SELECT * FROM `address` WHERE  `id` = 1 LIMIT 1 [ RunTime:0.000271s ]
[2023-05-24T02:40:40+08:00][sql] SELECT * FROM `address` WHERE  `id` = 2 LIMIT 1 [ RunTime:0.000216s ]
[2023-05-24T02:40:40+08:00][sql] CONNECT:[ UseTime:0.000363s ] mysql:host=localhost;port=3316;dbname=coffee;charset=utf8
[2023-05-24T02:40:40+08:00][sql] SHOW FULL COLUMNS FROM `course` [ RunTime:0.001595s ]
[2023-05-24T02:40:40+08:00][sql] SELECT * FROM `course` WHERE  `id` = 5 LIMIT 1 [ RunTime:0.000767s ]
[2023-05-24T02:40:40+08:00][sql] SHOW FULL COLUMNS FROM `teacher` [ RunTime:0.001036s ]
[2023-05-24T02:40:40+08:00][sql] SELECT `teacher_name`,`teacher_title`,`teacher_avatar` FROM `teacher` WHERE  `id` = 1 LIMIT 1 [ RunTime:0.000220s ]
[2023-05-24T02:40:40+08:00][sql] SELECT `teacher_name`,`teacher_title`,`teacher_avatar` FROM `teacher` WHERE  `id` = 2 LIMIT 1 [ RunTime:0.000256s ]
[2023-05-24T02:40:40+08:00][sql] SHOW FULL COLUMNS FROM `address` [ RunTime:0.000985s ]
[2023-05-24T02:40:40+08:00][sql] SELECT * FROM `address` WHERE  `id` = 1 LIMIT 1 [ RunTime:0.000270s ]
[2023-05-24T02:40:40+08:00][sql] SELECT * FROM `address` WHERE  `id` = 2 LIMIT 1 [ RunTime:0.000271s ]
[2023-05-24T02:48:32+08:00][sql] CONNECT:[ UseTime:0.000375s ] mysql:host=localhost;port=3316;dbname=coffee;charset=utf8
[2023-05-24T02:48:32+08:00][sql] SHOW FULL COLUMNS FROM `course` [ RunTime:0.001342s ]
[2023-05-24T02:48:32+08:00][sql] SELECT * FROM `course` WHERE  `id` = 1 LIMIT 1 [ RunTime:0.000318s ]
[2023-05-24T02:48:32+08:00][sql] SHOW FULL COLUMNS FROM `teacher` [ RunTime:0.000830s ]
[2023-05-24T02:48:32+08:00][sql] SELECT `teacher_name`,`teacher_title`,`teacher_avatar` FROM `teacher` WHERE  `id` = 1 LIMIT 1 [ RunTime:0.000221s ]
[2023-05-24T02:48:32+08:00][sql] SELECT `teacher_name`,`teacher_title`,`teacher_avatar` FROM `teacher` WHERE  `id` = 2 LIMIT 1 [ RunTime:0.000189s ]
[2023-05-24T02:48:32+08:00][sql] SHOW FULL COLUMNS FROM `address` [ RunTime:0.000887s ]
[2023-05-24T02:48:32+08:00][sql] SELECT * FROM `address` WHERE  `id` = 1 LIMIT 1 [ RunTime:0.000223s ]
[2023-05-24T02:48:32+08:00][sql] SELECT * FROM `address` WHERE  `id` = 2 LIMIT 1 [ RunTime:0.000210s ]
[2023-05-24T07:18:49+08:00][sql] CONNECT:[ UseTime:0.000441s ] mysql:host=localhost;port=3316;dbname=coffee;charset=utf8
[2023-05-24T07:18:49+08:00][sql] SHOW FULL COLUMNS FROM `course` [ RunTime:0.001476s ]
[2023-05-24T07:18:49+08:00][sql] SELECT * FROM `course` WHERE  `id` = 2 LIMIT 1 [ RunTime:0.000819s ]
[2023-05-24T07:18:49+08:00][sql] SHOW FULL COLUMNS FROM `teacher` [ RunTime:0.000978s ]
[2023-05-24T07:18:49+08:00][sql] SELECT `teacher_name`,`teacher_title`,`teacher_avatar` FROM `teacher` WHERE  `id` = 3 LIMIT 1 [ RunTime:0.000272s ]
[2023-05-24T07:18:49+08:00][sql] SHOW FULL COLUMNS FROM `address` [ RunTime:0.000937s ]
[2023-05-24T07:18:49+08:00][sql] SELECT * FROM `address` WHERE  `id` = 1 LIMIT 1 [ RunTime:0.000640s ]
[2023-05-24T07:18:49+08:00][sql] SELECT * FROM `address` WHERE  `id` = 2 LIMIT 1 [ RunTime:0.000254s ]
[2023-05-24T07:19:20+08:00][sql] CONNECT:[ UseTime:0.000359s ] mysql:host=localhost;port=3316;dbname=coffee;charset=utf8
[2023-05-24T07:19:20+08:00][sql] SHOW FULL COLUMNS FROM `course` [ RunTime:0.001467s ]
[2023-05-24T07:19:20+08:00][sql] SELECT * FROM `course` WHERE  `id` = 1 LIMIT 1 [ RunTime:0.000392s ]
[2023-05-24T07:19:20+08:00][sql] SHOW FULL COLUMNS FROM `teacher` [ RunTime:0.000912s ]
[2023-05-24T07:19:20+08:00][sql] SELECT `teacher_name`,`teacher_title`,`teacher_avatar` FROM `teacher` WHERE  `id` = 1 LIMIT 1 [ RunTime:0.000311s ]
[2023-05-24T07:19:20+08:00][sql] SELECT `teacher_name`,`teacher_title`,`teacher_avatar` FROM `teacher` WHERE  `id` = 2 LIMIT 1 [ RunTime:0.000251s ]
[2023-05-24T07:19:20+08:00][sql] SHOW FULL COLUMNS FROM `address` [ RunTime:0.000975s ]
[2023-05-24T07:19:20+08:00][sql] SELECT * FROM `address` WHERE  `id` = 1 LIMIT 1 [ RunTime:0.000299s ]
[2023-05-24T07:19:20+08:00][sql] SELECT * FROM `address` WHERE  `id` = 2 LIMIT 1 [ RunTime:0.000259s ]
[2023-05-24T07:19:20+08:00][sql] CONNECT:[ UseTime:0.000798s ] mysql:host=localhost;port=3316;dbname=coffee;charset=utf8
[2023-05-24T07:19:20+08:00][sql] SHOW FULL COLUMNS FROM `course` [ RunTime:0.001417s ]
[2023-05-24T07:19:20+08:00][sql] SELECT * FROM `course` WHERE  `id` = 2 LIMIT 1 [ RunTime:0.000368s ]
[2023-05-24T07:19:20+08:00][sql] SHOW FULL COLUMNS FROM `teacher` [ RunTime:0.001086s ]
[2023-05-24T07:19:20+08:00][sql] SELECT `teacher_name`,`teacher_title`,`teacher_avatar` FROM `teacher` WHERE  `id` = 3 LIMIT 1 [ RunTime:0.000272s ]
[2023-05-24T07:19:20+08:00][sql] SHOW FULL COLUMNS FROM `address` [ RunTime:0.001242s ]
[2023-05-24T07:19:20+08:00][sql] SELECT * FROM `address` WHERE  `id` = 1 LIMIT 1 [ RunTime:0.000295s ]
[2023-05-24T07:19:20+08:00][sql] SELECT * FROM `address` WHERE  `id` = 2 LIMIT 1 [ RunTime:0.000258s ]
[2023-05-24T07:19:20+08:00][sql] CONNECT:[ UseTime:0.000338s ] mysql:host=localhost;port=3316;dbname=coffee;charset=utf8
[2023-05-24T07:19:20+08:00][sql] SHOW FULL COLUMNS FROM `course` [ RunTime:0.001328s ]
[2023-05-24T07:19:20+08:00][sql] SELECT * FROM `course` WHERE  `id` = 4 LIMIT 1 [ RunTime:0.000313s ]
[2023-05-24T07:19:20+08:00][sql] SHOW FULL COLUMNS FROM `teacher` [ RunTime:0.000928s ]
[2023-05-24T07:19:20+08:00][sql] SELECT `teacher_name`,`teacher_title`,`teacher_avatar` FROM `teacher` WHERE  `id` = 2 LIMIT 1 [ RunTime:0.000272s ]
[2023-05-24T07:19:20+08:00][sql] SHOW FULL COLUMNS FROM `address` [ RunTime:0.000931s ]
[2023-05-24T07:19:20+08:00][sql] SELECT * FROM `address` WHERE  `id` = 1 LIMIT 1 [ RunTime:0.000345s ]
[2023-05-24T07:19:20+08:00][sql] SELECT * FROM `address` WHERE  `id` = 2 LIMIT 1 [ RunTime:0.000284s ]
[2023-05-24T07:19:20+08:00][sql] CONNECT:[ UseTime:0.001053s ] mysql:host=localhost;port=3316;dbname=coffee;charset=utf8
[2023-05-24T07:19:20+08:00][sql] SHOW FULL COLUMNS FROM `course` [ RunTime:0.002016s ]
[2023-05-24T07:19:20+08:00][sql] SELECT * FROM `course` WHERE  `id` = 5 LIMIT 1 [ RunTime:0.000411s ]
[2023-05-24T07:19:20+08:00][sql] SHOW FULL COLUMNS FROM `teacher` [ RunTime:0.001349s ]
[2023-05-24T07:19:20+08:00][sql] SELECT `teacher_name`,`teacher_title`,`teacher_avatar` FROM `teacher` WHERE  `id` = 1 LIMIT 1 [ RunTime:0.000295s ]
[2023-05-24T07:19:20+08:00][sql] SELECT `teacher_name`,`teacher_title`,`teacher_avatar` FROM `teacher` WHERE  `id` = 2 LIMIT 1 [ RunTime:0.000308s ]
[2023-05-24T07:19:20+08:00][sql] SHOW FULL COLUMNS FROM `address` [ RunTime:0.001440s ]
[2023-05-24T07:19:20+08:00][sql] SELECT * FROM `address` WHERE  `id` = 1 LIMIT 1 [ RunTime:0.000320s ]
[2023-05-24T07:19:20+08:00][sql] SELECT * FROM `address` WHERE  `id` = 2 LIMIT 1 [ RunTime:0.000300s ]
[2023-05-24T07:19:20+08:00][sql] CONNECT:[ UseTime:0.000342s ] mysql:host=localhost;port=3316;dbname=coffee;charset=utf8
[2023-05-24T07:19:20+08:00][sql] SHOW FULL COLUMNS FROM `course` [ RunTime:0.001362s ]
[2023-05-24T07:19:20+08:00][sql] SELECT * FROM `course` WHERE  `id` = 6 LIMIT 1 [ RunTime:0.000302s ]
[2023-05-24T07:19:20+08:00][sql] SHOW FULL COLUMNS FROM `teacher` [ RunTime:0.000858s ]
[2023-05-24T07:19:20+08:00][sql] SELECT `teacher_name`,`teacher_title`,`teacher_avatar` FROM `teacher` WHERE  `id` = 1 LIMIT 1 [ RunTime:0.000244s ]
[2023-05-24T07:19:20+08:00][sql] SHOW FULL COLUMNS FROM `address` [ RunTime:0.000869s ]
[2023-05-24T07:19:20+08:00][sql] SELECT * FROM `address` WHERE  `id` = 1 LIMIT 1 [ RunTime:0.000227s ]
[2023-05-24T07:19:20+08:00][sql] SELECT * FROM `address` WHERE  `id` = 2 LIMIT 1 [ RunTime:0.000215s ]
[2023-05-24T07:19:47+08:00][sql] CONNECT:[ UseTime:0.000392s ] mysql:host=localhost;port=3316;dbname=coffee;charset=utf8
[2023-05-24T07:19:47+08:00][sql] SHOW FULL COLUMNS FROM `course` [ RunTime:0.001407s ]
[2023-05-24T07:19:47+08:00][sql] SELECT * FROM `course` WHERE  `id` = 2 LIMIT 1 [ RunTime:0.000351s ]
[2023-05-24T07:19:47+08:00][sql] SHOW FULL COLUMNS FROM `teacher` [ RunTime:0.000929s ]
[2023-05-24T07:19:47+08:00][sql] SELECT `teacher_name`,`teacher_title`,`teacher_avatar` FROM `teacher` WHERE  `id` = 3 LIMIT 1 [ RunTime:0.000277s ]
[2023-05-24T07:19:47+08:00][sql] SHOW FULL COLUMNS FROM `address` [ RunTime:0.000918s ]
[2023-05-24T07:19:47+08:00][sql] SELECT * FROM `address` WHERE  `id` = 1 LIMIT 1 [ RunTime:0.000261s ]
[2023-05-24T07:19:47+08:00][sql] SELECT * FROM `address` WHERE  `id` = 2 LIMIT 1 [ RunTime:0.000239s ]
[2023-05-24T07:27:00+08:00][sql] CONNECT:[ UseTime:0.000386s ] mysql:host=localhost;port=3316;dbname=coffee;charset=utf8
[2023-05-24T07:27:00+08:00][sql] SHOW FULL COLUMNS FROM `course` [ RunTime:0.001403s ]
[2023-05-24T07:27:00+08:00][sql] SELECT * FROM `course` WHERE  `id` = 2 LIMIT 1 [ RunTime:0.000330s ]
[2023-05-24T07:27:00+08:00][sql] SHOW FULL COLUMNS FROM `teacher` [ RunTime:0.000924s ]
[2023-05-24T07:27:00+08:00][sql] SELECT `teacher_name`,`teacher_title`,`teacher_avatar` FROM `teacher` WHERE  `id` = 3 LIMIT 1 [ RunTime:0.000287s ]
[2023-05-24T07:27:00+08:00][sql] SHOW FULL COLUMNS FROM `address` [ RunTime:0.001029s ]
[2023-05-24T07:27:00+08:00][sql] SELECT * FROM `address` WHERE  `id` = 1 LIMIT 1 [ RunTime:0.000281s ]
[2023-05-24T07:27:00+08:00][sql] SELECT * FROM `address` WHERE  `id` = 2 LIMIT 1 [ RunTime:0.000251s ]
[2023-05-24T07:29:06+08:00][sql] CONNECT:[ UseTime:0.000442s ] mysql:host=localhost;port=3316;dbname=coffee;charset=utf8
[2023-05-24T07:29:06+08:00][sql] SHOW FULL COLUMNS FROM `course` [ RunTime:0.001417s ]
[2023-05-24T07:29:06+08:00][sql] SELECT * FROM `course` WHERE  `id` = 6 LIMIT 1 [ RunTime:0.000342s ]
[2023-05-24T07:29:06+08:00][sql] SHOW FULL COLUMNS FROM `teacher` [ RunTime:0.000958s ]
[2023-05-24T07:29:06+08:00][sql] SELECT `teacher_name`,`teacher_title`,`teacher_avatar` FROM `teacher` WHERE  `id` = 1 LIMIT 1 [ RunTime:0.000276s ]
[2023-05-24T07:29:06+08:00][sql] SHOW FULL COLUMNS FROM `address` [ RunTime:0.001002s ]
[2023-05-24T07:29:06+08:00][sql] SELECT * FROM `address` WHERE  `id` = 1 LIMIT 1 [ RunTime:0.000283s ]
[2023-05-24T07:29:06+08:00][sql] SELECT * FROM `address` WHERE  `id` = 2 LIMIT 1 [ RunTime:0.000250s ]
[2023-05-24T07:40:22+08:00][sql] CONNECT:[ UseTime:0.000363s ] mysql:host=localhost;port=3316;dbname=coffee;charset=utf8
[2023-05-24T07:40:22+08:00][sql] SHOW FULL COLUMNS FROM `course` [ RunTime:0.001377s ]
[2023-05-24T07:40:22+08:00][sql] SELECT * FROM `course` WHERE  `id` = 4 LIMIT 1 [ RunTime:0.000294s ]
[2023-05-24T07:40:22+08:00][sql] SHOW FULL COLUMNS FROM `teacher` [ RunTime:0.000855s ]
[2023-05-24T07:40:22+08:00][sql] SELECT `teacher_name`,`teacher_title`,`teacher_avatar` FROM `teacher` WHERE  `id` = 2 LIMIT 1 [ RunTime:0.000207s ]
[2023-05-24T07:40:22+08:00][sql] SHOW FULL COLUMNS FROM `address` [ RunTime:0.000874s ]
[2023-05-24T07:40:22+08:00][sql] SELECT * FROM `address` WHERE  `id` = 1 LIMIT 1 [ RunTime:0.000275s ]
[2023-05-24T07:40:22+08:00][sql] SELECT * FROM `address` WHERE  `id` = 2 LIMIT 1 [ RunTime:0.000225s ]
[2023-05-24T09:18:41+08:00][sql] CONNECT:[ UseTime:0.000402s ] mysql:host=localhost;port=3316;dbname=coffee;charset=utf8
[2023-05-24T09:18:41+08:00][sql] SHOW FULL COLUMNS FROM `course` [ RunTime:0.001406s ]
[2023-05-24T09:18:41+08:00][sql] SELECT * FROM `course` WHERE  `id` = 2 LIMIT 1 [ RunTime:0.000324s ]
[2023-05-24T09:18:41+08:00][sql] SHOW FULL COLUMNS FROM `teacher` [ RunTime:0.000890s ]
[2023-05-24T09:18:41+08:00][sql] SELECT `teacher_name`,`teacher_title`,`teacher_avatar` FROM `teacher` WHERE  `id` = 3 LIMIT 1 [ RunTime:0.000265s ]
[2023-05-24T09:18:41+08:00][sql] SHOW FULL COLUMNS FROM `address` [ RunTime:0.000913s ]
[2023-05-24T09:18:41+08:00][sql] SELECT * FROM `address` WHERE  `id` = 1 LIMIT 1 [ RunTime:0.000291s ]
[2023-05-24T09:18:41+08:00][sql] SELECT * FROM `address` WHERE  `id` = 2 LIMIT 1 [ RunTime:0.000247s ]
[2023-05-24T14:01:12+08:00][sql] CONNECT:[ UseTime:0.000419s ] mysql:host=localhost;port=3316;dbname=coffee;charset=utf8
[2023-05-24T14:01:12+08:00][sql] SHOW FULL COLUMNS FROM `course` [ RunTime:0.001391s ]
[2023-05-24T14:01:12+08:00][sql] SELECT * FROM `course` WHERE  `id` = 7 LIMIT 1 [ RunTime:0.000303s ]
[2023-05-24T14:01:12+08:00][sql] SHOW FULL COLUMNS FROM `teacher` [ RunTime:0.000841s ]
[2023-05-24T14:01:12+08:00][sql] SELECT `teacher_name`,`teacher_title`,`teacher_avatar` FROM `teacher` WHERE  `id` = 1 LIMIT 1 [ RunTime:0.000215s ]
[2023-05-24T14:01:12+08:00][sql] SHOW FULL COLUMNS FROM `address` [ RunTime:0.000859s ]
[2023-05-24T14:01:12+08:00][sql] SELECT * FROM `address` WHERE  `id` = 1 LIMIT 1 [ RunTime:0.000231s ]
[2023-05-24T14:01:12+08:00][sql] SELECT * FROM `address` WHERE  `id` = 2 LIMIT 1 [ RunTime:0.000193s ]
[2023-05-24T14:08:52+08:00][sql] CONNECT:[ UseTime:0.000433s ] mysql:host=localhost;port=3316;dbname=coffee;charset=utf8
[2023-05-24T14:08:52+08:00][sql] SHOW FULL COLUMNS FROM `course` [ RunTime:0.001555s ]
[2023-05-24T14:08:52+08:00][sql] SELECT * FROM `course` WHERE  `id` = 5 LIMIT 1 [ RunTime:0.000313s ]
[2023-05-24T14:08:52+08:00][sql] SHOW FULL COLUMNS FROM `teacher` [ RunTime:0.000963s ]
[2023-05-24T14:08:52+08:00][sql] SELECT `teacher_name`,`teacher_title`,`teacher_avatar` FROM `teacher` WHERE  `id` = 1 LIMIT 1 [ RunTime:0.000335s ]
[2023-05-24T14:08:52+08:00][sql] SELECT `teacher_name`,`teacher_title`,`teacher_avatar` FROM `teacher` WHERE  `id` = 2 LIMIT 1 [ RunTime:0.000225s ]
[2023-05-24T14:08:52+08:00][sql] SHOW FULL COLUMNS FROM `address` [ RunTime:0.000976s ]
[2023-05-24T14:08:52+08:00][sql] SELECT * FROM `address` WHERE  `id` = 1 LIMIT 1 [ RunTime:0.000297s ]
[2023-05-24T14:08:52+08:00][sql] SELECT * FROM `address` WHERE  `id` = 2 LIMIT 1 [ RunTime:0.000258s ]
[2023-05-24T14:11:34+08:00][sql] CONNECT:[ UseTime:0.000382s ] mysql:host=localhost;port=3316;dbname=coffee;charset=utf8
[2023-05-24T14:11:34+08:00][sql] SHOW FULL COLUMNS FROM `course` [ RunTime:0.001504s ]
[2023-05-24T14:11:34+08:00][sql] SELECT * FROM `course` WHERE  `id` = 7 LIMIT 1 [ RunTime:0.000284s ]
[2023-05-24T14:11:34+08:00][sql] SHOW FULL COLUMNS FROM `teacher` [ RunTime:0.000931s ]
[2023-05-24T14:11:34+08:00][sql] SELECT `teacher_name`,`teacher_title`,`teacher_avatar` FROM `teacher` WHERE  `id` = 1 LIMIT 1 [ RunTime:0.000236s ]
[2023-05-24T14:11:34+08:00][sql] SHOW FULL COLUMNS FROM `address` [ RunTime:0.000900s ]
[2023-05-24T14:11:34+08:00][sql] SELECT * FROM `address` WHERE  `id` = 1 LIMIT 1 [ RunTime:0.000240s ]
[2023-05-24T14:11:34+08:00][sql] SELECT * FROM `address` WHERE  `id` = 2 LIMIT 1 [ RunTime:0.000209s ]
[2023-05-24T15:00:14+08:00][sql] CONNECT:[ UseTime:0.000450s ] mysql:host=localhost;port=3316;dbname=coffee;charset=utf8
[2023-05-24T15:00:14+08:00][sql] SHOW FULL COLUMNS FROM `course` [ RunTime:0.001542s ]
[2023-05-24T15:00:14+08:00][sql] SELECT * FROM `course` WHERE  `id` = 5 LIMIT 1 [ RunTime:0.000340s ]
[2023-05-24T15:00:14+08:00][sql] SHOW FULL COLUMNS FROM `teacher` [ RunTime:0.000994s ]
[2023-05-24T15:00:14+08:00][sql] SELECT `teacher_name`,`teacher_title`,`teacher_avatar` FROM `teacher` WHERE  `id` = 1 LIMIT 1 [ RunTime:0.000291s ]
[2023-05-24T15:00:14+08:00][sql] SELECT `teacher_name`,`teacher_title`,`teacher_avatar` FROM `teacher` WHERE  `id` = 2 LIMIT 1 [ RunTime:0.000215s ]
[2023-05-24T15:00:14+08:00][sql] SHOW FULL COLUMNS FROM `address` [ RunTime:0.000965s ]
[2023-05-24T15:00:14+08:00][sql] SELECT * FROM `address` WHERE  `id` = 1 LIMIT 1 [ RunTime:0.000240s ]
[2023-05-24T15:00:14+08:00][sql] SELECT * FROM `address` WHERE  `id` = 2 LIMIT 1 [ RunTime:0.000225s ]
[2023-05-24T16:04:33+08:00][sql] CONNECT:[ UseTime:0.000502s ] mysql:host=localhost;port=3316;dbname=coffee;charset=utf8
[2023-05-24T16:04:33+08:00][sql] SHOW FULL COLUMNS FROM `course` [ RunTime:0.001896s ]
[2023-05-24T16:04:33+08:00][sql] SELECT * FROM `course` WHERE  `id` = 1 LIMIT 1 [ RunTime:0.000466s ]
[2023-05-24T16:04:33+08:00][sql] SHOW FULL COLUMNS FROM `teacher` [ RunTime:0.001208s ]
[2023-05-24T16:04:33+08:00][sql] SELECT `teacher_name`,`teacher_title`,`teacher_avatar` FROM `teacher` WHERE  `id` = 1 LIMIT 1 [ RunTime:0.000256s ]
[2023-05-24T16:04:33+08:00][sql] SELECT `teacher_name`,`teacher_title`,`teacher_avatar` FROM `teacher` WHERE  `id` = 2 LIMIT 1 [ RunTime:0.000216s ]
[2023-05-24T16:04:33+08:00][sql] SHOW FULL COLUMNS FROM `address` [ RunTime:0.001219s ]
[2023-05-24T16:04:33+08:00][sql] SELECT * FROM `address` WHERE  `id` = 1 LIMIT 1 [ RunTime:0.000850s ]
[2023-05-24T16:04:33+08:00][sql] SELECT * FROM `address` WHERE  `id` = 2 LIMIT 1 [ RunTime:0.000533s ]
[2023-05-24T16:07:57+08:00][sql] CONNECT:[ UseTime:0.000407s ] mysql:host=localhost;port=3316;dbname=coffee;charset=utf8
[2023-05-24T16:07:57+08:00][sql] SHOW FULL COLUMNS FROM `course` [ RunTime:0.001923s ]
[2023-05-24T16:07:57+08:00][sql] SELECT `id`,`title`,`price`,`days`,`time` FROM `course` WHERE  `is_time` = 1 ORDER BY `sorting` ASC [ RunTime:0.000332s ]
[2023-05-24T16:07:57+08:00][sql] SELECT `id`,`title` FROM `course` WHERE  `status` = 1 [ RunTime:0.000225s ]
[2023-05-24T16:07:57+08:00][sql] SELECT `id`,`title` FROM `course` WHERE  `status` = 2 [ RunTime:0.000241s ]
[2023-05-24T16:07:57+08:00][sql] SHOW FULL COLUMNS FROM `address` [ RunTime:0.001317s ]
[2023-05-24T16:07:57+08:00][sql] SELECT * FROM `address` WHERE  `id` = 1 LIMIT 1 [ RunTime:0.000239s ]
[2023-05-24T16:07:57+08:00][sql] SELECT * FROM `address` WHERE  `id` = 2 LIMIT 1 [ RunTime:0.000217s ]
[2023-05-24T16:27:08+08:00][sql] CONNECT:[ UseTime:0.000436s ] mysql:host=localhost;port=3316;dbname=coffee;charset=utf8
[2023-05-24T16:27:08+08:00][sql] SHOW FULL COLUMNS FROM `course` [ RunTime:0.001403s ]
[2023-05-24T16:27:08+08:00][sql] SELECT * FROM `course` WHERE  `id` = 7 LIMIT 1 [ RunTime:0.000298s ]
[2023-05-24T16:27:08+08:00][sql] SHOW FULL COLUMNS FROM `teacher` [ RunTime:0.000971s ]
[2023-05-24T16:27:08+08:00][sql] SELECT `teacher_name`,`teacher_title`,`teacher_avatar` FROM `teacher` WHERE  `id` = 1 LIMIT 1 [ RunTime:0.000231s ]
[2023-05-24T16:27:08+08:00][sql] SHOW FULL COLUMNS FROM `address` [ RunTime:0.000997s ]
[2023-05-24T16:27:08+08:00][sql] SELECT * FROM `address` WHERE  `id` = 1 LIMIT 1 [ RunTime:0.000247s ]
[2023-05-24T16:27:08+08:00][sql] SELECT * FROM `address` WHERE  `id` = 2 LIMIT 1 [ RunTime:0.000235s ]
[2023-05-24T23:33:20+08:00][sql] CONNECT:[ UseTime:0.000400s ] mysql:host=localhost;port=3316;dbname=coffee;charset=utf8
[2023-05-24T23:33:20+08:00][sql] SHOW FULL COLUMNS FROM `course` [ RunTime:0.001435s ]
[2023-05-24T23:33:20+08:00][sql] SELECT * FROM `course` WHERE  `id` = 5 LIMIT 1 [ RunTime:0.000323s ]
[2023-05-24T23:33:20+08:00][sql] SHOW FULL COLUMNS FROM `teacher` [ RunTime:0.000911s ]
[2023-05-24T23:33:20+08:00][sql] SELECT `teacher_name`,`teacher_title`,`teacher_avatar` FROM `teacher` WHERE  `id` = 1 LIMIT 1 [ RunTime:0.000227s ]
[2023-05-24T23:33:20+08:00][sql] SELECT `teacher_name`,`teacher_title`,`teacher_avatar` FROM `teacher` WHERE  `id` = 2 LIMIT 1 [ RunTime:0.000204s ]
[2023-05-24T23:33:20+08:00][sql] SHOW FULL COLUMNS FROM `address` [ RunTime:0.000946s ]
[2023-05-24T23:33:20+08:00][sql] SELECT * FROM `address` WHERE  `id` = 1 LIMIT 1 [ RunTime:0.000261s ]
[2023-05-24T23:33:20+08:00][sql] SELECT * FROM `address` WHERE  `id` = 2 LIMIT 1 [ RunTime:0.000214s ]
